cycle	Zbar1	Gbar1	VP1	VG1	h21	Zbar2	Gbar2	VP2	VG2	h22	h2b	h2b_denom	h2w	Qst	Fst
20000	0.409768	0.423553	3.92059	1.86772	0.476386	-1.73597	0.2692	4.13969	2.00116	0.483409	0.00517461	2.3021	0.479993	0.00153792	0.000394074
20001	0.429622	0.384196	3.67997	1.96548	0.534103	-1.70135	0.301239	4.29711	1.92602	0.448213	0.0015155	2.27052	0.487836	0.000442138	0.000618796
20002	0.344458	0.353669	4.21147	1.92706	0.457574	-1.51016	0.439114	3.90169	2.03652	0.52196	0.00212255	1.7198	0.488538	0.000460506	0.000840622
20003	0.353819	0.307474	4.39342	2.01775	0.459265	-1.51306	0.499675	4.11315	2.08126	0.506001	0.0105994	1.74262	0.481863	0.00224913	0.00107103
20004	0.211502	0.239953	4.071	1.90892	0.468907	-1.4329	0.548814	4.23068	1.94308	0.459283	0.0352784	1.35203	0.464003	0.00615621	0.00134418
20005	0.301634	0.295322	3.76159	1.94234	0.516361	-1.3781	0.568011	3.86933	1.96992	0.509111	0.0263547	1.41075	0.512685	0.00473159	0.00163267
20006	0.36356	0.300406	3.78729	1.90223	0.502266	-1.41845	0.573649	3.83502	1.98439	0.517439	0.0235113	1.58778	0.5099	0.0047819	0.00182902
20007	0.297852	0.288208	3.95341	1.96904	0.498061	-1.27373	0.618516	3.80254	1.86429	0.490274	0.0441739	1.23493	0.494243	0.00706867	0.00210073
20008	0.286658	0.268958	3.86245	1.83475	0.475022	-1.45115	0.573784	3.72782	1.78816	0.47968	0.0307679	1.50999	0.47731	0.00637421	0.00230968
20009	0.302975	0.295518	3.92604	1.86465	0.474945	-1.39063	0.63407	3.86813	1.8211	0.470797	0.0399601	1.43415	0.472886	0.00771821	0.00258025
20010	0.318028	0.313997	3.99737	1.9411	0.485594	-1.34247	0.651599	3.80266	1.65414	0.434997	0.0413365	1.37862	0.460927	0.00786697	0.00291537
20011	0.3029	0.327723	3.88694	2.00736	0.516436	-1.22954	0.808116	4.09748	1.73599	0.423672	0.0982704	1.17419	0.468831	0.015186	0.00316609
20012	0.345006	0.330848	3.93267	2.07554	0.527769	-1.20299	0.829358	3.87023	1.88587	0.487277	0.103707	1.19815	0.507685	0.0154488	0.00352942
20013	0.241389	0.284211	3.99201	2.03512	0.509799	-1.02172	0.912411	3.91867	2.00279	0.511089	0.24735	0.797726	0.510438	0.023862	0.00380651
20014	0.257951	0.265712	3.69099	1.87276	0.507388	-0.985029	1.03019	4.13557	1.99473	0.482335	0.378273	0.7725	0.49415	0.0364207	0.00408981
20015	0.283668	0.261659	3.72551	1.79967	0.483068	-0.991857	1.07297	3.98369	1.94953	0.489378	0.404568	0.813482	0.486328	0.0420653	0.00439355
20016	0.208336	0.216298	3.95785	1.95564	0.494116	-0.962415	1.05611	4.19898	2.00313	0.477051	0.51456	0.685329	0.485332	0.0426608	0.00472763
20017	0.0949352	0.198332	3.97775	2.01067	0.50548	-0.830433	1.17392	3.91823	2.14633	0.547782	1.11148	0.428153	0.526471	0.0541654	0.00498914
20018	0.198473	0.203339	4.26933	1.98648	0.465292	-0.857374	1.1892	3.86287	1.86707	0.483338	0.87182	0.557407	0.473864	0.0593412	0.00527126
20019	0.300746	0.364258	3.72609	1.85957	0.499066	-0.776404	1.17483	3.99712	1.88566	0.471755	0.566278	0.580126	0.484931	0.042035	0.00554042
20020	0.36374	0.398666	3.80155	1.94192	0.510823	-0.687189	1.26949	4.28411	1.98998	0.464503	0.686622	0.552226	0.486281	0.0460212	0.00576221
20021	0.215003	0.260198	3.97969	2.04397	0.513599	-0.664624	1.34132	3.80965	2.03609	0.534455	1.5106	0.386871	0.523799	0.0668628	0.00603559
20022	0.253578	0.225647	3.76122	2.0278	0.539133	-0.586542	1.37891	4.19743	2.06832	0.492759	1.88441	0.352901	0.514675	0.0751156	0.0064091
20023	0.150381	0.216095	3.87439	1.94964	0.503212	-0.720779	1.33957	4.02724	2.04902	0.50879	1.66314	0.37946	0.506055	0.0731756	0.00645759
20024	0.0991143	0.154537	3.99558	2.12422	0.531642	-0.65937	1.37371	4.28732	1.84676	0.430749	2.58368	0.28765	0.479418	0.0856101	0.00670137
20025	0.0906924	0.185655	3.75833	2.06751	0.550113	-0.58244	1.39451	3.76743	1.68456	0.447138	3.22515	0.226553	0.498564	0.0887698	0.00700131
20026	0.252816	0.17609	3.91902	2.10823	0.537949	-0.601053	1.39592	3.59493	1.72389	0.479535	2.04087	0.364545	0.510002	0.0885236	0.00725892
20027	0.200725	0.203701	4.15241	2.04199	0.491761	-0.462109	1.49867	3.83191	1.75805	0.458791	3.8169	0.219674	0.475938	0.0994072	0.00745852
20028	0.18062	0.218407	3.76884	1.8813	0.499173	-0.56087	1.50924	3.88465	1.80835	0.465512	3.03061	0.274904	0.482088	0.101492	0.00769665
20029	0.304288	0.278307	3.86788	1.69212	0.43748	-0.51535	1.51779	3.64481	1.79806	0.493319	2.28685	0.335903	0.464571	0.0991813	0.00804591
20030	0.292258	0.252833	4.06614	1.85773	0.456879	-0.325278	1.61917	3.66747	1.80588	0.492404	4.89542	0.190675	0.473726	0.113048	0.00820827
20031	0.286703	0.285002	3.91294	1.91621	0.489709	-0.289177	1.72778	3.70424	1.69275	0.456976	6.27676	0.165819	0.473791	0.12608	0.00860017
20032	0.195263	0.198012	3.8548	1.84782	0.479354	-0.229825	1.74433	3.59698	1.7266	0.480013	13.2325	0.09035	0.479672	0.143338	0.00907124
20033	0.120238	0.176476	4.04953	1.98269	0.489609	-0.355809	1.72222	3.88082	1.71101	0.440888	10.5433	0.11331	0.465767	0.139265	0.00938708
20034	0.141016	0.142308	3.98885	1.99872	0.501076	-0.230025	1.77531	3.70055	1.75212	0.473475	19.37	0.0688357	0.487793	0.150981	0.00973888
20035	0.0888046	0.103243	3.98064	1.89654	0.476442	-0.160418	1.83794	3.74187	1.73012	0.462368	48.4478	0.0310559	0.469623	0.171869	0.00995306
20036	0.148108	0.175465	3.83084	1.81799	0.474568	-0.242721	1.81221	3.67349	1.69692	0.461938	17.5382	0.0763736	0.468385	0.160112	0.0101344
20037	0.217429	0.184535	3.79237	1.88733	0.497665	-0.0849151	1.90605	3.56304	1.67589	0.470353	32.4204	0.0457059	0.484435	0.172209	0.0105208
20038	0.204845	0.22659	4.03588	2.01912	0.500291	-0.0889109	1.89166	3.77132	1.81713	0.481828	32.1286	0.0431462	0.491372	0.153092	0.0105909
20039	0.217121	0.211384	3.96168	1.91726	0.483953	-0.165844	1.83514	3.80923	1.82231	0.478392	17.9773	0.0733313	0.481227	0.149914	0.0108158
20040	0.242811	0.24452	3.82762	1.88483	0.492428	-0.15636	1.84944	3.72252	1.78225	0.478775	16.1655	0.0796691	0.485697	0.149435	0.0111676
20041	0.245809	0.25227	3.86876	1.94235	0.50206	-0.0560851	1.93546	3.60785	1.80881	0.501355	31.0856	0.0455701	0.50172	0.158895	0.01162
20042	0.221423	0.245844	3.87649	1.8133	0.467769	-0.0191756	1.94434	3.66761	1.85254	0.50511	49.836	0.0289437	0.485923	0.164466	0.0117032
20043	0.336175	0.29206	3.67926	1.81986	0.494626	-0.0233324	1.91834	3.86768	1.95455	0.505354	20.4633	0.0646227	0.500124	0.14913	0.0120893
20044	0.269045	0.328284	3.77482	1.7474	0.46291	-0.191516	1.83698	4.16597	1.95157	0.468454	10.7307	0.106058	0.465819	0.133384	0.0125078
20045	0.346259	0.299322	3.79014	1.88126	0.496356	-0.142549	1.86269	3.88152	2.07904	0.535624	10.2292	0.119467	0.516224	0.133723	0.012717
20046	0.320026	0.277728	3.80811	1.92299	0.504971	-0.0612385	1.87656	4.03384	1.91019	0.473542	17.5854	0.0726813	0.488804	0.142957	0.0128374
20047	0.34323	0.321193	3.72282	1.88814	0.507178	0.0331105	1.96183	3.85474	1.91332	0.496357	27.9876	0.0480872	0.501673	0.150459	0.0131234
20048	0.335387	0.284987	3.77497	1.74628	0.462593	-0.0235423	1.96894	3.75159	1.91754	0.511127	22.0112	0.0644151	0.486785	0.162192	0.0135261
20049	0.284754	0.302908	3.90448	1.76783	0.45277	0.00876459	2.03121	3.51089	1.77714	0.506179	39.2153	0.0380851	0.478057	0.174071	0.0138134
20050	0.336389	0.289188	4.08199	1.87483	0.459293	-0.00730054	1.99646	3.88533	1.8935	0.487346	24.6759	0.0590612	0.472973	0.162107	0.0140504
20051	0.2538	0.306692	3.61013	1.7648	0.488848	0.00280114	2.03549	3.98545	1.87602	0.470718	47.4398	0.0315003	0.479335	0.170349	0.0141096
20052	0.362544	0.338328	3.55113	1.80472	0.50821	0.0592337	2.00914	4.02824	1.84021	0.456828	30.3446	0.0459986	0.480902	0.16077	0.0143346
20053	0.328476	0.337001	3.87334	1.85059	0.477776	-0.0363421	1.95554	3.79605	1.90843	0.502742	19.6831	0.0665459	0.490133	0.148438	0.0145622
20054	0.311014	0.296351	4.07264	2.03072	0.498626	-0.111355	1.92194	3.72069	1.84022	0.49459	14.8128	0.0891976	0.496699	0.145847	0.0147181
20055	0.271925	0.275526	3.76504	1.84855	0.490976	-0.0351688	1.95772	3.91135	1.83265	0.468548	30.0063	0.0471534	0.479548	0.161267	0.0148159
20056	0.308584	0.321143	3.89202	1.84575	0.474241	-0.0994431	1.94341	3.52733	1.69725	0.481171	15.8076	0.0832429	0.477536	0.156683	0.0148411
20057	0.282262	0.348528	3.9132	1.89429	0.484077	0.0576439	2.00455	3.80215	1.74007	0.457654	54.3552	0.0252266	0.471055	0.158772	0.0150188
20058	0.38058	0.373923	3.73464	1.87909	0.503153	-0.104508	1.98952	3.94257	1.74378	0.442294	11.0924	0.117655	0.471899	0.152691	0.0154809
20059	0.373866	0.420093	3.92221	1.89169	0.482301	-0.00450335	1.99801	3.71678	1.90853	0.51349	17.3916	0.0715815	0.497476	0.140803	0.0156942
20060	0.435015	0.412763	3.93576	1.8234	0.463291	-0.115819	1.92235	3.90452	1.883	0.482261	7.5106	0.151709	0.472738	0.133289	0.0158394
20061	0.352417	0.467624	4.06736	1.83244	0.450523	-0.0155907	1.98699	3.72255	1.84018	0.494332	17.0456	0.0677148	0.471458	0.13586	0.0160741
20062	0.346554	0.422635	3.89179	1.82733	0.469535	0.0192894	2.00364	3.6324	1.77223	0.487896	23.3383	0.0535509	0.478399	0.147986	0.0163039
20063	0.374236	0.426851	3.95555	1.68834	0.426827	-0.0601269	2.04391	3.41188	1.70756	0.500475	13.8594	0.0943357	0.460933	0.161495	0.0165273
20064	0.395729	0.415147	3.8296	1.85863	0.485332	0.199479	2.15607	3.89688	1.75216	0.44963	78.6934	0.019257	0.467326	0.173519	0.0168882
20065	0.41879	0.393248	3.7222	1.7726	0.476224	0.319518	2.23178	3.86096	1.6855	0.436551	342.994	0.00492748	0.456024	0.196458	0.0171276
20066	0.352986	0.379107	4.0393	1.94096	0.48052	0.249063	2.2502	3.6932	1.76029	0.47663	324.163	0.00540007	0.478662	0.191326	0.0174363
20067	0.505725	0.544128	3.93205	1.9716	0.501418	0.181159	2.29587	3.77591	1.78291	0.472179	29.1297	0.0526714	0.487095	0.169732	0.0178104
20068	0.513144	0.552638	3.93835	1.90452	0.483582	0.2691	2.29211	3.84821	1.98853	0.516742	50.8042	0.0297787	0.49997	0.162762	0.0180616
20069	0.424075	0.438435	4.1447	1.79006	0.431892	0.420578	2.36136	4.01826	1.86684	0.46459	302284.0	6.11616e-06	0.447987	0.201859	0.018026
20070	0.456857	0.461285	3.4941	1.67675	0.479881	0.392061	2.42741	3.91578	1.81547	0.463629	920.711	0.00209928	0.471293	0.216836	0.0183486
20071	0.491635	0.527689	3.73308	1.87116	0.501237	0.416503	2.43235	3.75573	1.75622	0.467611	642.666	0.00282241	0.484373	0.200096	0.018698
20072	0.504031	0.554556	3.91689	1.88767	0.481932	0.555691	2.50056	4.09824	1.90679	0.46527	1419.02	0.00133435	0.473413	0.199762	0.018825
20073	0.684857	0.611621	3.85968	1.81685	0.470727	0.490388	2.4687	4.1317	1.93749	0.468933	91.1931	0.018909	0.469799	0.186836	0.018974
20074	0.62016	0.622938	3.54956	1.75908	0.495577	0.514828	2.50126	4.01726	1.98982	0.495318	317.991	0.00554745	0.49544	0.19054	0.0191558
20075	0.51585	0.518645	3.66606	1.75414	0.47848	0.512509	2.46808	4.00186	1.86272	0.465465	340560.0	5.5795e-06	0.471688	0.208116	0.0195071
20076	0.609097	0.568856	3.82312	1.6944	0.443198	0.476014	2.51666	3.97936	1.87821	0.471988	214.214	0.00885554	0.457881	0.209875	0.0198214
20077	0.531994	0.520204	3.71918	1.73002	0.465161	0.501353	2.51355	3.90233	1.80171	0.461701	4232.35	0.000469412	0.463389	0.219608	0.020254
20078	0.498667	0.546697	3.93839	1.74567	0.443244	0.675315	2.58542	4.18885	1.85978	0.443984	133.198	0.0156023	0.443626	0.223811	0.020598
20079	0.434381	0.502223	4.0494	1.96193	0.484498	0.518051	2.54943	3.72243	1.87036	0.502455	598.673	0.00350029	0.493099	0.214788	0.0208496
20080	0.442523	0.565963	3.73893	2.01037	0.537685	0.638421	2.61845	4.12622	2.04754	0.496226	109.775	0.0191879	0.515935	0.206139	0.0212491
20081	0.535829	0.663944	4.07652	1.96286	0.481504	0.610406	2.62887	3.68452	1.91611	0.520041	694.186	0.0027809	0.499799	0.199335	0.0212015
20082	0.671748	0.678119	4.07084	1.90645	0.468317	0.507762	2.58601	3.80774	1.79938	0.472559	135.362	0.0134456	0.470367	0.197228	0.0212687
20083	0.708081	0.65201	3.73578	1.81942	0.487027	0.588934	2.58588	4.06709	1.97678	0.486044	263.443	0.00709803	0.486515	0.197697	0.0214631
20084	0.685568	0.70212	3.63604	1.9768	0.543668	0.585283	2.62534	4.05475	1.98962	0.49069	367.778	0.00502855	0.515737	0.189133	0.0217341
20085	0.707588	0.70862	3.82602	1.89279	0.494717	0.607718	2.60589	3.82746	1.97538	0.516108	360.894	0.00498708	0.505414	0.188812	0.0219233
20086	0.738331	0.734698	3.739	1.88997	0.505475	0.619691	2.64175	4.05084	2.02394	0.499635	258.379	0.00703778	0.502438	0.188587	0.0222602
20087	0.788512	0.804863	3.7459	1.84009	0.491228	0.687654	2.7577	4.02291	1.7654	0.438835	374.9	0.00508615	0.464098	0.209212	0.0223975
20088	0.765697	0.781284	3.96876	1.8357	0.462538	0.787118	2.73695	4.19782	1.84413	0.439306	8335.48	0.00022942	0.450596	0.206329	0.0226075
20089	0.749217	0.748033	3.79058	1.91316	0.504713	0.658538	2.73547	3.71917	1.72888	0.464856	480.363	0.00411137	0.484974	0.213384	0.0227877
20090	0.713457	0.67136	4.11032	2.00342	0.487412	0.717481	2.70341	3.85659	1.85889	0.482004	255078.0	8.09402e-06	0.484794	0.210989	0.0230767
20091	0.704168	0.649766	3.70024	1.97681	0.534238	0.703307	2.67878	4.01667	1.87009	0.465582	5.56267e+06	3.70048e-07	0.498502	0.211158	0.0234695
20092	0.624604	0.677683	4.0366	2.09159	0.518156	0.684862	2.70512	4.11138	2.04894	0.498358	1132.04	0.00181551	0.508166	0.198917	0.0236724
20093	0.617333	0.591557	4.25812	2.14322	0.503327	0.805248	2.79296	4.12556	2.04568	0.495855	137.239	0.0176559	0.49965	0.224428	0.0238292
20094	0.604858	0.600014	4.08348	2.08662	0.51099	0.750744	2.75363	3.9075	1.93467	0.495116	217.924	0.0106415	0.503228	0.223897	0.0240286
20095	0.603804	0.571799	3.87246	1.90967	0.493142	0.784492	2.75165	4.10971	1.89976	0.462262	145.544	0.0163241	0.477243	0.237803	0.0242205
20096	0.435658	0.490694	4.12321	1.97987	0.480177	0.701125	2.72487	3.90406	1.80159	0.461466	70.8296	0.0352364	0.471077	0.248215	0.0241792
20097	0.431277	0.441761	4.26535	2.04028	0.478339	0.692495	2.65726	3.99127	1.78128	0.446294	71.9343	0.0341174	0.462848	0.243148	0.0240954
20098	0.426372	0.432107	4.2065	2.09233	0.497403	0.659478	2.66213	3.77708	1.85417	0.490901	91.5197	0.0271691	0.494327	0.239651	0.0244372
20099	0.446858	0.466712	3.87936	1.95403	0.503699	0.613303	2.61612	3.89464	1.88186	0.483194	166.761	0.013852	0.493426	0.231508	0.0247425
20100	0.449288	0.468792	4.19741	2.05377	0.489296	0.61031	2.6244	3.88334	1.80438	0.464645	179.213	0.012964	0.477449	0.231504	0.0248754
20101	0.523294	0.478128	3.69485	1.84269	0.498719	0.639323	2.64066	3.91253	1.83605	0.469275	347.373	0.0067313	0.483576	0.241256	0.0253045
20102	0.43251	0.401487	4.21961	1.9547	0.463241	0.64219	2.65031	3.86376	1.88618	0.488172	115.026	0.021983	0.475157	0.247744	0.0253907
20103	0.384682	0.362314	3.83319	1.82302	0.475589	0.670678	2.61406	3.87404	1.8295	0.472246	61.9896	0.0408968	0.473909	0.25773	0.0253053
20104	0.420995	0.400521	3.9142	1.76095	0.449887	0.602568	2.56862	3.93133	1.83575	0.466954	142.58	0.0164843	0.458439	0.246363	0.0252837
20105	0.276379	0.348719	3.95445	1.8414	0.465651	0.597111	2.62076	3.66166	1.98515	0.542145	50.1816	0.0514347	0.502428	0.252296	0.0252708
20106	0.289685	0.342365	3.98863	1.84112	0.461591	0.621028	2.56812	4.38519	1.94198	0.442851	45.1233	0.054894	0.451777	0.246727	0.0254717
20107	0.297842	0.291303	4.0782	2.04308	0.500976	0.613509	2.57934	3.73744	1.75444	0.469424	52.5375	0.0498228	0.485888	0.256403	0.0257797
20108	0.288635	0.316184	4.00924	2.11878	0.528474	0.573795	2.55329	4.03341	1.7773	0.440646	61.5453	0.0406582	0.484428	0.243166	0.0260439
20109	0.221338	0.300139	4.36195	2.0715	0.474903	0.567686	2.57157	3.82366	1.91909	0.501897	43.0103	0.0599786	0.487512	0.244362	0.0263468
20110	0.266963	0.260752	3.8158	2.00131	0.524481	0.504408	2.49152	3.99938	1.89967	0.474993	88.2642	0.0281899	0.499156	0.241892	0.0267466
20111	0.313034	0.235702	4.02686	1.80551	0.448368	0.529494	2.55536	3.94599	2.03187	0.514919	114.839	0.0234275	0.481306	0.259658	0.0269788
20112	0.248389	0.29845	4.19847	1.88078	0.447968	0.609359	2.52611	3.83045	1.93518	0.505211	38.085	0.0651499	0.475278	0.24544	0.0273122
20113	0.295414	0.268267	3.79941	1.84756	0.486276	0.573925	2.55657	3.91244	1.82099	0.465437	67.5058	0.0387844	0.475704	0.26309	0.0275418
20114	0.153277	0.230888	3.62413	1.69167	0.466778	0.611273	2.63827	3.83318	1.89237	0.493682	27.6291	0.10488	0.480607	0.287982	0.0276415
20115	0.36149	0.284054	3.36562	1.55179	0.461071	0.625092	2.64629	3.8955	1.87643	0.48169	80.3059	0.034743	0.472133	0.289334	0.0280087
20116	0.172598	0.278228	3.39104	1.67622	0.49431	0.637253	2.62779	4.18358	2.03365	0.486103	25.569	0.107952	0.489777	0.271241	0.0283084
20117	0.306762	0.274703	3.83047	1.85069	0.483149	0.677446	2.62048	3.9378	1.9444	0.493779	40.0464	0.0687035	0.488538	0.266145	0.0287061
20118	0.148891	0.26777	3.75343	1.74988	0.466209	0.608172	2.61983	3.8535	1.8007	0.46729	26.2264	0.105469	0.466756	0.280431	0.0289912
20119	0.203203	0.277757	3.92184	1.76335	0.449624	0.65801	2.6542	4.10115	1.83073	0.446393	27.3025	0.103425	0.447973	0.282141	0.0290157
20120	0.394494	0.2903	4.03122	1.8127	0.449666	0.638085	2.61579	3.78493	1.77004	0.467654	91.1397	0.0296683	0.458377	0.274072	0.0293029
20121	0.209026	0.253477	3.76478	1.82886	0.485781	0.612605	2.58049	3.8533	1.80527	0.468501	33.246	0.081438	0.47704	0.271506	0.0295779
20122	0.309068	0.238488	3.64733	1.66488	0.456464	0.621806	2.60046	3.83369	1.80992	0.47211	57.041	0.0489027	0.464482	0.286522	0.0298173
20123	0.293176	0.268863	3.94894	1.81841	0.46048	0.566296	2.58241	3.6953	1.77013	0.479023	71.7547	0.0372973	0.469444	0.271708	0.0301367
20124	0.209905	0.210235	3.71373	1.74931	0.471038	0.641699	2.66411	3.6374	1.89415	0.520743	32.2961	0.0932229	0.495632	0.292475	0.0303188
20125	0.270597	0.238941	3.93609	1.91687	0.486998	0.65343	2.66866	4.05261	1.91262	0.471948	40.2803	0.0732806	0.479363	0.278287	0.0306113
20126	0.126557	0.12732	3.95701	1.84416	0.46605	0.681358	2.62965	3.60656	1.86022	0.515788	20.343	0.153902	0.489766	0.297159	0.0305195
20127	0.131115	0.151987	3.8318	1.84779	0.482224	0.638128	2.55399	4.03542	1.93835	0.480335	22.4445	0.128531	0.481255	0.275972	0.0308351
20128	0.202667	0.20023	3.9202	1.81629	0.463317	0.589511	2.58632	3.94016	2.02206	0.513192	38.0455	0.0748242	0.488318	0.270612	0.0309139
20129	0.0772941	0.144993	3.61639	1.75915	0.486438	0.63363	2.64855	3.92192	1.91573	0.488467	20.2507	0.154755	0.487493	0.299036	0.0312353
20130	0.129317	0.147417	4.07187	1.8826	0.462342	0.66518	2.71251	4.19436	1.99472	0.475573	22.914	0.143574	0.469055	0.297978	0.0314225
20131	0.0648943	0.0505596	3.87083	1.79944	0.464873	0.70188	2.73537	3.81902	1.96737	0.51515	17.7652	0.202875	0.489842	0.323704	0.0317252
20132	-0.0409993	0.0123451	3.63782	1.84304	0.506633	0.629878	2.63342	4.03576	1.97484	0.489336	15.2642	0.225038	0.497536	0.310385	0.0320717
20133	-0.00934934	0.0245759	3.94856	1.83059	0.463609	0.724368	2.67564	4.27555	2.08165	0.486872	13.0551	0.269171	0.475703	0.310029	0.0324521
20134	0.0212076	-0.00859926	3.91942	1.82016	0.464396	0.750654	2.74039	4.00739	2.10002	0.524037	14.2023	0.266046	0.494547	0.325312	0.0325736
20135	-0.0240277	-0.0135157	4.01798	1.85935	0.462759	0.661616	2.68369	4.39957	2.02315	0.459852	15.475	0.235054	0.46124	0.319115	0.0328356
20136	-0.00966257	-0.0480302	4.02554	2.0174	0.50115	0.597117	2.66703	4.05194	1.9395	0.478658	20.0215	0.184091	0.489868	0.31786	0.0330117
20137	-0.0281481	0.00615724	4.08628	2.12235	0.519385	0.6587	2.70841	4.07811	1.8414	0.451534	15.4786	0.23588	0.485494	0.315439	0.0332617
20138	-0.0293477	0.00319142	3.96856	1.91602	0.4828	0.738462	2.73613	4.06555	1.88492	0.463631	12.6693	0.294766	0.4731	0.329535	0.0334541
20139	-0.0604171	-0.00532096	3.94271	2.0251	0.513632	0.696005	2.71022	3.79649	1.8241	0.480469	12.888	0.286087	0.497364	0.323951	0.0337077
20140	0.0365773	0.0264233	3.77213	1.84152	0.488192	0.7647	2.7234	4.27497	1.82633	0.427214	13.7198	0.265081	0.455798	0.331561	0.0340051
20141	-0.0344901	-0.0324523	3.55616	1.74582	0.490927	0.698513	2.72438	3.79119	1.87318	0.494088	14.1451	0.268647	0.492558	0.344381	0.0342002
20142	-0.0720096	-0.0428074	3.93836	1.80373	0.457989	0.686481	2.74807	3.93154	1.8977	0.482687	13.5388	0.287654	0.470327	0.344839	0.034852
20143	-0.111352	-0.0812131	3.63882	1.92708	0.52959	0.877013	2.82471	3.88619	1.96329	0.505195	8.64438	0.488433	0.516992	0.351878	0.0351185
20144	-0.0178874	-0.0398371	4.02794	2.00729	0.498342	0.764943	2.79499	3.70669	1.84525	0.497816	13.1135	0.306412	0.49809	0.342862	0.0350822
20145	0.0705684	0.00324976	3.80424	1.96188	0.515708	0.793585	2.79557	3.88799	1.88578	0.485028	14.9153	0.261377	0.500201	0.336369	0.0354751
20146	0.026164	0.0187282	4.20008	1.9822	0.471942	0.817648	2.83407	4.0754	1.96367	0.481834	12.6525	0.313223	0.476813	0.334412	0.0354026
20147	-0.0305974	-0.030561	4.20473	2.02834	0.482394	0.758634	2.81291	3.83687	1.83735	0.478868	12.9804	0.311443	0.480712	0.343467	0.0356639
20148	0.0545778	-0.00132714	4.16686	2.08609	0.500639	0.767993	2.77633	4.23313	2.08623	0.492835	15.159	0.254481	0.496706	0.316251	0.0357091
20149	0.0553992	-0.00809687	3.99401	2.15118	0.538602	0.730577	2.72853	4.07348	2.03721	0.500116	16.4283	0.227933	0.51917	0.309029	0.0360116
20150	-0.101397	-0.111111	4.20371	2.11592	0.503346	0.758073	2.68677	3.89875	1.95957	0.502614	10.5974	0.369344	0.502994	0.324524	0.0362789
20151	-0.0720972	-0.102785	3.74189	2.0259	0.541411	0.731163	2.7381	3.87732	1.9317	0.498207	12.5082	0.322613	0.519425	0.33778	0.0365188
20152	-0.108491	-0.150605	4.0467	2.01439	0.497785	0.693393	2.76072	3.78926	1.81324	0.478522	13.1813	0.321509	0.48847	0.356446	0.0367793
20153	-0.187939	-0.18107	3.7525	1.94461	0.518218	0.651849	2.7194	4.16074	1.88596	0.453275	11.9289	0.352622	0.484072	0.354559	0.0371431
20154	-0.0709546	-0.147738	3.79521	2.05033	0.54024	0.75457	2.75059	3.69153	2.02275	0.547943	12.3264	0.340745	0.544039	0.340307	0.0373616
20155	-0.118862	-0.158805	3.84404	1.91852	0.49909	0.725296	2.7517	3.95225	1.91157	0.483666	11.8875	0.356302	0.491271	0.35617	0.0377344
20156	-0.159792	-0.156012	4.03228	2.04646	0.50752	0.886353	2.76925	4.03227	1.85347	0.459658	7.81891	0.54721	0.483589	0.354348	0.0379491
20157	-0.149023	-0.140564	4.08224	2.0782	0.509083	0.845568	2.81628	3.91073	1.86596	0.47714	8.83826	0.494605	0.493454	0.356683	0.0378514
20158	-0.112618	-0.135845	3.99329	1.90564	0.477211	0.852308	2.85091	4.12945	2.13239	0.516386	9.58105	0.46554	0.497127	0.355907	0.038157
20159	-0.125495	-0.13292	4.06331	1.97823	0.486852	0.832762	2.80132	3.94504	1.99728	0.506275	9.37619	0.459129	0.49642	0.351364	0.038511
20160	-0.116524	-0.143638	4.15938	2.12145	0.510041	0.793984	2.80722	3.81868	1.88855	0.494555	10.5034	0.414513	0.502629	0.351969	0.0390102
20161	-0.0966525	-0.113161	3.86043	1.91031	0.494844	0.766219	2.7916	3.78313	1.84682	0.488171	11.3326	0.372273	0.491541	0.359681	0.0391091
20162	-0.0448004	-0.132292	4.23521	1.98795	0.469387	0.822181	2.8161	3.78549	1.87018	0.49404	11.5651	0.375828	0.481022	0.360439	0.0394666
20163	-0.0110779	-0.111048	3.92338	1.96917	0.501907	0.7679	2.80781	3.67601	1.85958	0.505868	14.0403	0.303403	0.503823	0.357565	0.0398247
20164	-0.191887	-0.153743	3.9502	1.92153	0.486439	0.826112	2.84166	3.82291	1.71554	0.448751	8.65796	0.518161	0.467904	0.381588	0.0397415
20165	-0.187287	-0.20761	3.92604	1.94137	0.494486	0.817887	2.85182	4.05217	1.86702	0.460745	9.264	0.505187	0.477349	0.380708	0.040369
20166	-0.171899	-0.20411	3.84699	1.89432	0.492417	0.755212	2.82684	4.04565	2.01256	0.497462	10.6879	0.429768	0.495003	0.370334	0.0408184
20167	-0.129351	-0.243775	3.94407	2.04844	0.519372	0.794886	2.80837	3.85783	1.93304	0.501069	10.9055	0.427108	0.510322	0.369176	0.0411632
20168	-0.270706	-0.245035	3.93715	1.81043	0.459832	0.856276	2.85479	3.8758	1.88313	0.485869	7.56555	0.635044	0.472748	0.394199	0.0412752
20169	-0.309418	-0.256933	4.16214	1.91994	0.461287	0.868751	2.84848	3.63948	1.87124	0.51415	6.94743	0.694041	0.485948	0.388843	0.0413311
20170	-0.12554	-0.224429	3.96544	1.80718	0.455732	0.758317	2.77986	3.69671	1.74981	0.473341	11.5537	0.390602	0.464228	0.388262	0.0417359
20171	-0.232719	-0.214155	3.59619	1.84567	0.513229	0.801658	2.77536	3.78135	1.82529	0.482708	8.35301	0.534968	0.497586	0.378475	0.0418881
20172	-0.182112	-0.213085	3.97598	1.85106	0.46556	0.785344	2.76966	3.73734	1.86009	0.497704	9.50542	0.467985	0.481135	0.374855	0.0423268
20173	-0.203333	-0.216755	3.83458	1.92479	0.501955	0.796698	2.7106	3.98548	1.96938	0.494138	8.56888	0.500031	0.497971	0.355014	0.042609
20174	-0.121633	-0.1839	4.03821	1.91653	0.474598	0.746057	2.73848	4.06259	2.04458	0.503271	11.3434	0.376443	0.488978	0.350345	0.0429307
20175	-0.178419	-0.173404	4.25548	1.95288	0.45891	0.724589	2.73389	4.08031	1.94708	0.477188	10.3656	0.407712	0.467857	0.351531	0.0430617
20176	-0.267802	-0.192386	3.72764	1.88824	0.506551	0.645022	2.69313	4.05595	2.00306	0.493857	9.99249	0.416624	0.499936	0.348616	0.043443
20177	-0.129656	-0.185979	3.8529	1.95285	0.506853	0.785125	2.72879	3.88699	1.90101	0.489068	10.1525	0.418412	0.497922	0.355422	0.0437897
20178	-0.15028	-0.0898562	3.95865	2.00076	0.505416	0.71031	2.72661	4.50111	2.09873	0.466269	10.7107	0.370308	0.484587	0.326141	0.0440166
20179	-0.0710437	-0.121069	3.95397	1.99896	0.505558	0.70433	2.71577	4.02948	2.09281	0.519375	13.3859	0.300602	0.512532	0.329734	0.0440708
20180	-0.10066	-0.0894706	3.90308	1.9325	0.495123	0.646176	2.62441	3.9945	2.16704	0.542506	13.2047	0.278882	0.519089	0.310044	0.0444182
20181	-0.0983392	-0.0206057	3.89633	1.84638	0.473876	0.657001	2.62449	3.79983	1.84676	0.486013	12.263	0.28527	0.479868	0.321507	0.0446209
20182	0.0433682	-0.0394519	4.12365	1.96938	0.477582	0.624823	2.61445	4.09338	1.80304	0.440477	20.8323	0.169045	0.459098	0.318331	0.0448082
20183	-0.134801	-0.0768383	3.7303	1.95978	0.525367	0.602497	2.63662	3.98197	1.9064	0.478757	13.5445	0.271804	0.501301	0.322652	0.0450058
20184	-0.0625177	-0.0478494	3.92749	2.03697	0.518645	0.67707	2.64068	3.75394	1.83276	0.488224	13.2145	0.273495	0.503778	0.318431	0.0454185
20185	-0.101881	-0.132209	4.01696	1.93099	0.480708	0.678585	2.68874	3.95712	1.82099	0.460179	13.0642	0.304563	0.470521	0.346621	0.0458102
20186	-0.158582	-0.121553	4.00357	1.96114	0.489848	0.665727	2.65655	3.91	1.8997	0.485857	11.3584	0.339743	0.487876	0.333334	0.0459143
20187	-0.154319	-0.111331	3.96055	2.09801	0.529726	0.653306	2.60866	3.80696	1.9238	0.505337	11.3427	0.326129	0.517773	0.315126	0.0464635
20188	-0.196618	-0.191783	3.87411	2.02166	0.52184	0.656396	2.65668	4.57608	2.01106	0.439471	11.1509	0.363816	0.477234	0.334773	0.0465331
20189	-0.196772	-0.214612	3.76935	2.05702	0.545722	0.735502	2.68988	3.76899	1.99291	0.528765	9.70633	0.434567	0.537244	0.342545	0.0466784
20190	-0.234672	-0.155505	4.01169	1.80263	0.449344	0.673455	2.66269	3.98654	1.86666	0.468241	9.63048	0.412347	0.458762	0.351238	0.0470047
20191	-0.118064	-0.145063	3.73017	1.9341	0.518502	0.607447	2.69373	3.93415	1.90514	0.484258	15.3102	0.263183	0.500924	0.344273	0.0472371
20192	-0.0704565	-0.102001	3.94629	1.91409	0.485035	0.80594	2.73533	3.83973	1.83295	0.477365	10.4814	0.384036	0.481252	0.349546	0.0473813
20193	-0.156647	-0.122868	3.87486	1.76696	0.456006	0.808769	2.75987	4.12836	1.85014	0.448154	8.91624	0.466014	0.451956	0.36494	0.0479156
20194	-0.182665	-0.111546	3.76732	1.85249	0.491725	0.727889	2.74317	3.8918	1.92734	0.495231	9.82912	0.414554	0.493507	0.350344	0.0480713
20195	-0.17568	-0.181099	3.73181	1.87019	0.501147	0.769045	2.75152	3.92123	1.92335	0.490497	9.6361	0.446253	0.49569	0.36186	0.0481747
20196	-0.147067	-0.184972	3.95312	1.91505	0.48444	0.662426	2.72204	3.94132	1.98565	0.503803	12.8964	0.327639	0.494107	0.351444	0.0482268
20197	-0.151853	-0.210514	3.93783	1.98065	0.502981	0.584206	2.64033	3.71645	1.74456	0.469416	15.001	0.270892	0.486683	0.353043	0.0482276
20198	-0.302235	-0.221987	3.91543	1.80516	0.461039	0.652459	2.62639	3.93957	1.92219	0.487917	8.90155	0.45572	0.474519	0.352517	0.0484843
20199	-0.151283	-0.14242	3.85316	1.74329	0.452432	0.674241	2.68566	3.94395	1.9763	0.501098	11.7361	0.340745	0.477048	0.349733	0.0485309
20200	-0.155912	-0.151512	3.80849	1.85829	0.487934	0.65208	2.67833	3.70426	1.8989	0.512626	12.2662	0.326425	0.500109	0.347732	0.0486487
20201	-0.0741575	-0.102857	3.79839	1.98076	0.521475	0.687809	2.62883	3.68482	1.69519	0.460047	12.8526	0.290296	0.491227	0.336759	0.048905
20202	-0.0760247	-0.0429076	4.02944	1.91167	0.474427	0.824763	2.75433	3.63694	1.70607	0.469095	9.64301	0.405709	0.471897	0.35106	0.0488544
20203	-0.0565672	-0.0246378	3.84849	1.88774	0.490516	0.745893	2.76736	3.69951	1.75584	0.474615	12.1055	0.321972	0.482723	0.348589	0.0487916
20204	0.0331804	0.0202875	3.33764	1.73805	0.520743	0.672476	2.70964	3.9519	1.72084	0.435446	17.6967	0.20435	0.4745	0.343409	0.0488007
20205	0.0368947	0.066733	3.85573	1.92911	0.500324	0.673236	2.66657	3.59609	1.72588	0.479933	16.6922	0.202465	0.490483	0.316265	0.0488369
20206	-0.0023709	0.00535796	3.70713	1.84519	0.49774	0.698687	2.71303	3.94512	1.8323	0.464447	14.9171	0.245741	0.480576	0.332735	0.0489152
20207	0.0030475	-0.00419911	3.61877	1.69301	0.467841	0.705793	2.70571	3.96673	1.88306	0.474714	14.8701	0.246926	0.471435	0.339343	0.0493735
20208	0.0652902	0.0326001	3.79983	1.90695	0.501851	0.781208	2.75425	3.75163	1.83608	0.48941	14.4523	0.256269	0.49567	0.331099	0.0495544
20209	0.0694417	0.0860434	3.92289	1.8331	0.467282	0.813671	2.78301	3.63432	1.83089	0.503776	13.1322	0.276938	0.484832	0.331793	0.0494738
20210	0.103362	0.0674205	3.67222	1.83217	0.498927	0.742726	2.80559	3.89163	1.84314	0.473616	18.3411	0.204393	0.485904	0.337859	0.0496535
20211	0.123632	0.115414	3.85132	1.87465	0.486755	0.823512	2.79605	4.12211	1.78521	0.433081	14.67	0.244916	0.459006	0.329355	0.0499672
20212	0.217904	0.190235	3.90238	1.97384	0.505805	0.745248	2.8211	3.66803	1.93998	0.528889	24.889	0.139046	0.51699	0.30668	0.0500905
20213	0.106075	0.116143	3.73901	1.8446	0.49334	0.839855	2.84363	4.03382	2.08471	0.516807	13.8163	0.269217	0.505519	0.321367	0.0502633
20214	0.0721211	0.119486	4.13107	1.87181	0.453104	0.885784	2.87685	4.07413	1.90194	0.466834	11.4841	0.331024	0.459921	0.335076	0.0505615
20215	0.139868	0.136803	4.07046	1.85939	0.456801	0.889205	2.86389	4.11438	2.07839	0.505152	13.2448	0.280753	0.481107	0.320834	0.050715
20216	0.11469	0.124014	4.13203	1.79842	0.43524	0.839915	2.83376	3.87411	2.01538	0.520218	13.9609	0.262976	0.47636	0.325039	0.0511867
20217	0.120579	0.105567	3.90079	1.8035	0.462341	0.699429	2.74696	4.18425	1.9865	0.474758	20.8225	0.167534	0.468767	0.31528	0.051533
20218	0.171826	0.13582	3.7954	1.79341	0.472522	0.781754	2.81343	4.11314	1.93096	0.469462	19.2725	0.186007	0.47093	0.32501	0.0517015
20219	0.177308	0.0834346	3.82015	1.85476	0.48552	0.821358	2.85557	3.75633	1.9007	0.505999	18.5264	0.2074	0.495673	0.338549	0.0523526
20220	0.0449082	0.0850306	3.94576	1.87826	0.476021	0.831815	2.83565	3.91802	1.90293	0.485687	12.2184	0.309611	0.480837	0.333548	0.052556
20221	0.095177	0.125958	3.74135	1.90267	0.508551	0.835407	2.87036	4.26963	2.06564	0.483798	13.7455	0.27397	0.495358	0.32191	0.0528073
20222	0.350732	0.222076	3.82486	1.81832	0.475396	0.956052	2.97376	3.99913	2.07974	0.520048	20.6647	0.183206	0.498219	0.326987	0.0531517
20223	0.28087	0.212303	4.19936	2.00115	0.476536	0.927588	2.93461	4.02282	1.99362	0.495579	17.7192	0.209122	0.485853	0.316951	0.0538028
20224	0.267976	0.252536	3.82452	1.84775	0.483132	0.897976	2.93162	3.94365	1.95189	0.494946	18.0839	0.19845	0.489129	0.320876	0.0538435
20225	0.342957	0.312339	3.7477	1.9582	0.522507	0.830353	2.90284	3.82161	1.94202	0.508169	28.2489	0.118778	0.515268	0.300876	0.0539775
20226	0.191136	0.239057	3.86282	1.80051	0.466114	0.895642	2.88319	3.75644	1.83116	0.487473	14.0863	0.248164	0.476644	0.325019	0.0543097
20227	0.172807	0.189044	4.05143	1.93682	0.478058	0.954424	2.94518	4.07396	1.93484	0.47493	12.434	0.305463	0.47649	0.329196	0.0542991
20228	0.105931	0.05814	3.8046	1.83704	0.482848	0.776982	2.84185	4.01992	1.96087	0.487789	17.2083	0.225155	0.485386	0.337898	0.0542251
20229	-0.0640605	0.00332448	4.18163	1.79373	0.428954	0.879561	2.84737	3.90565	1.92229	0.492182	9.08403	0.44521	0.459489	0.352518	0.0545405
20230	-0.000793338	-0.0274032	4.17581	1.96474	0.470506	0.841722	2.85817	3.98044	1.83268	0.460421	11.7303	0.354916	0.465584	0.354191	0.0548914
20231	-0.029002	-0.0506888	4.2142	1.928	0.4575	0.856461	2.83326	4.20454	1.86244	0.44296	10.6081	0.392022	0.450238	0.354355	0.0551247
20232	-0.119923	-0.119777	3.86211	1.93275	0.500439	0.784329	2.816	3.67878	1.87097	0.508584	10.5406	0.408836	0.504413	0.361738	0.0552778
20233	-0.179379	-0.13426	4.48911	2.08486	0.464427	0.802306	2.7698	3.96203	1.86011	0.469484	8.7512	0.481852	0.466798	0.348415	0.0554805
20234	-0.0988628	-0.116361	3.65534	1.99146	0.544808	0.741169	2.72384	3.8646	1.88726	0.488346	11.4316	0.352827	0.515791	0.342191	0.0555883
20235	-0.134122	-0.132069	4.0043	2.06669	0.516116	0.682922	2.73873	4.10309	2.09791	0.511301	12.3456	0.333781	0.513679	0.331095	0.0557865
20236	-0.142349	-0.123662	4.02837	1.95497	0.485301	0.753949	2.71306	3.99217	1.90887	0.478153	10.0168	0.401675	0.481743	0.342504	0.0556897
20237	-0.095984	-0.0924433	3.99839	1.90459	0.476338	0.721552	2.72165	4.20053	1.88284	0.448239	11.8485	0.334183	0.461942	0.343395	0.0559879
20238	0.0191185	-0.016995	3.69024	1.95134	0.528785	0.74307	2.75598	3.86463	1.86584	0.482799	14.6715	0.262053	0.505261	0.335043	0.056491
20239	-0.0394496	0.0100422	4.08867	2.04573	0.500342	0.787556	2.73069	4.05085	1.84699	0.455951	10.8225	0.341969	0.478249	0.322312	0.0571655
20240	-0.0653495	-0.0454616	4.08663	1.99965	0.489314	0.72233	2.69926	3.75474	1.82563	0.486219	12.1422	0.310219	0.487832	0.330027	0.0574268
20241	0.0923853	0.0122404	4.17593	1.96614	0.470827	0.79174	2.74119	3.76643	1.78562	0.47409	15.2263	0.244548	0.472374	0.331771	0.0579016
20242	0.0590702	-0.00339128	3.94909	2.0533	0.519943	0.675257	2.77599	3.83549	1.89793	0.494834	20.3456	0.189843	0.507572	0.328414	0.058482
20243	0.0295969	0.016621	3.90031	2.02727	0.519772	0.768758	2.77634	3.81254	1.85437	0.486388	13.9396	0.273179	0.50327	0.329202	0.0585919
20244	0.0301903	0.0312364	3.84731	2.12009	0.551059	0.684806	2.78897	3.85968	1.80317	0.467182	17.7473	0.214261	0.509053	0.326535	0.0587569
20245	0.0450792	0.0320125	4.28856	2.01319	0.469432	0.850415	2.87818	3.70533	1.82941	0.493725	12.4902	0.324283	0.480692	0.345248	0.059245
20246	0.00268149	-0.000439422	3.80768	1.79066	0.470276	0.936788	2.85361	4.17311	1.84458	0.442016	9.33532	0.436277	0.455499	0.359164	0.0593901
20247	-0.0199174	-0.0551138	3.81782	1.98803	0.520725	0.793794	2.88142	3.93395	1.88377	0.47885	13.0235	0.331063	0.499473	0.35777	0.0596402
20248	0.0303181	0.0125242	4.21928	2.11743	0.501846	0.87262	2.9568	3.7561	1.83762	0.489235	12.2186	0.354736	0.495907	0.354102	0.0598757
20249	-0.000211831	-0.031989	3.74724	2.06092	0.549984	0.971098	2.99919	4.06529	1.83517	0.451424	9.73882	0.471721	0.498698	0.371015	0.0599818
20250	0.0290183	0.0321484	3.84415	1.96121	0.51018	0.894349	2.97101	4.07631	1.86373	0.45721	11.5344	0.374399	0.482919	0.360939	0.0601808
20251	-0.0224583	0.0210092	3.78599	1.98363	0.523939	0.827245	2.89369	4.12931	1.87893	0.455024	11.4299	0.360998	0.487987	0.348275	0.0602384
20252	-0.0456606	-0.016656	4.00545	1.92505	0.480608	0.943311	2.91036	4.15708	1.91331	0.460254	8.75956	0.489032	0.470242	0.358272	0.0604132
20253	-0.0226384	-0.0218581	3.84731	1.91654	0.49815	0.967714	2.94808	3.85376	1.80637	0.468729	8.99322	0.490399	0.483428	0.3721	0.0606278
20254	0.093322	0.0395185	3.87435	1.91085	0.493204	0.90873	2.95486	3.70827	1.86018	0.501629	12.7829	0.332445	0.497325	0.360506	0.0607723
20255	0.105448	0.0965751	3.98746	1.90044	0.476604	0.855228	2.91257	3.9256	2.0192	0.514368	14.1057	0.281085	0.495338	0.336001	0.0612145
20256	0.177242	0.154869	3.88263	1.93778	0.49909	0.912618	2.96657	4.01545	2.08045	0.518112	14.619	0.270389	0.508761	0.329806	0.0615581
20257	0.230349	0.20905	3.70482	1.87264	0.505459	0.978986	2.96919	4.05419	1.93996	0.478507	13.5932	0.280228	0.491376	0.333246	0.0615887
20258	0.228361	0.202569	3.60448	1.8187	0.504565	1.00268	2.95953	3.83451	2.04798	0.534093	12.6771	0.299786	0.519785	0.329613	0.0620359
20259	0.365231	0.312174	3.87907	1.72846	0.445586	0.895536	2.91196	3.91995	2.03193	0.518355	24.0338	0.140612	0.482162	0.310141	0.062374
20260	0.403939	0.375926	3.87075	1.91315	0.494257	0.987261	2.93705	4.21741	2.14759	0.509218	19.2771	0.170133	0.502058	0.287764	0.0627419
20261	0.397211	0.37639	4.05621	2.04586	0.504378	0.884837	2.93865	3.91528	2.00795	0.512849	27.6103	0.118889	0.508538	0.288296	0.0629683
20262	0.374781	0.386976	4.00047	2.12494	0.531172	0.914508	2.91464	3.91009	2.03872	0.521401	21.9327	0.145653	0.526342	0.27736	0.0629905
20263	0.255104	0.320847	3.8969	1.96897	0.505266	1.00066	2.90782	4.06541	1.94553	0.478556	12.0399	0.277928	0.491629	0.299536	0.0630584
20264	0.322705	0.318718	3.93078	1.85304	0.471418	0.878973	2.88154	3.78945	1.98309	0.523318	21.226	0.154717	0.496893	0.299844	0.0630551
20265	0.326397	0.287867	3.97865	1.85871	0.467171	0.953669	2.90419	3.73249	2.03928	0.54636	17.3968	0.196735	0.505502	0.305187	0.0635137
20266	0.233951	0.218305	4.14723	2.14221	0.51654	0.906538	3.00755	3.73049	1.8116	0.485619	17.198	0.226187	0.501897	0.329836	0.0639174
20267	0.122965	0.1356	4.1167	2.05778	0.499861	0.987242	2.98005	3.74781	1.87844	0.501209	10.8316	0.373488	0.500503	0.339556	0.0640935
20268	0.244261	0.22561	4.001	1.82113	0.455169	1.0787	3.05006	3.97803	1.83258	0.460675	11.4573	0.348141	0.457914	0.353222	0.0639979
20269	0.233376	0.182788	4.04204	1.92278	0.475696	1.00198	3.04292	3.91855	1.87964	0.479679	13.8474	0.295375	0.477656	0.34985	0.0640031
20270	0.205898	0.200391	4.04301	1.99419	0.493243	0.998543	3.01352	3.87018	1.90306	0.491722	12.5956	0.314143	0.492499	0.336826	0.0643008
20271	0.260103	0.191688	3.90139	1.93262	0.495367	0.982079	2.96691	3.75105	1.87519	0.499911	14.7758	0.260624	0.497595	0.335952	0.0644758
20272	0.233827	0.199473	3.86567	2.01036	0.520054	0.983132	3.00566	3.88487	1.86184	0.479254	14.0255	0.280729	0.499603	0.337164	0.0649173
20273	0.152579	0.275717	4.01652	2.05084	0.510601	0.92923	2.94858	4.11279	1.97802	0.480944	11.8441	0.301593	0.495597	0.307256	0.0653145
20274	0.269946	0.22144	4.12226	2.03148	0.492806	0.975669	2.91427	4.35552	1.92531	0.442039	14.5596	0.249022	0.466724	0.314311	0.0655683
20275	0.133343	0.127043	4.0837	2.00228	0.490312	0.880052	2.92736	3.81893	1.85868	0.486701	14.0641	0.278787	0.488567	0.336877	0.0656512
20276	-0.0101135	0.0392284	3.75072	1.86702	0.497775	0.868848	2.87273	3.96348	1.9905	0.50221	10.3922	0.386287	0.500054	0.342361	0.0655147
20277	0.0100158	0.0470586	3.71782	1.88267	0.506391	0.83863	2.84404	3.73285	1.98931	0.53292	11.394	0.3433	0.519682	0.335709	0.0656692
20278	0.0966728	0.0535156	4.01127	2.12967	0.530921	0.871807	2.85941	4.18093	2.08468	0.498616	13.1035	0.300416	0.514434	0.318463	0.0654421
20279	0.0825033	0.0236938	3.9138	2.0016	0.511422	0.849463	2.82288	4.48697	2.23682	0.498515	13.3205	0.294113	0.504528	0.316192	0.0656755
20280	0.0724623	0.0359803	3.96009	2.03893	0.51487	0.899518	2.88082	4.08966	2.03632	0.497919	11.8316	0.342011	0.506258	0.331875	0.0659504
20281	0.0555705	0.00409331	4.13502	1.9465	0.470736	0.912245	2.90364	3.66224	2.05178	0.560253	11.4559	0.366946	0.51278	0.344671	0.0663543
20282	0.0998114	0.0533838	3.93502	1.95509	0.496844	0.894878	2.87233	3.93523	2.08216	0.529109	12.571	0.316065	0.512977	0.329902	0.0662905
20283	0.220267	0.130238	4.04342	1.94066	0.479955	0.894656	2.87431	3.73208	1.8247	0.488924	16.5567	0.2274	0.48426	0.333422	0.0664198
20284	0.272154	0.179631	3.97481	1.97759	0.49753	0.906267	2.93777	4.00406	1.80249	0.450165	18.919	0.20105	0.473761	0.334829	0.066673
20285	0.301866	0.248376	4.1902	1.96536	0.469038	0.920846	2.93711	3.82818	1.87037	0.48858	18.8688	0.191568	0.478368	0.320384	0.0669608
20286	0.171098	0.215036	4.30056	1.98995	0.46272	0.93812	2.93124	3.77378	1.81947	0.482134	12.5403	0.294161	0.471794	0.326337	0.0675475
20287	0.159147	0.130543	4.28434	2.04094	0.476373	0.885603	2.87674	3.99995	1.92562	0.48141	14.2904	0.26387	0.478805	0.322292	0.0679999
20288	0.15733	0.0892254	3.9059	1.92628	0.493173	0.802259	2.82582	3.86565	1.86394	0.482181	18.0052	0.207966	0.487705	0.330751	0.0683077
20289	0.13448	0.0434305	3.69786	1.85745	0.502304	0.963517	2.84103	3.95685	1.90881	0.482406	11.3874	0.343651	0.492018	0.34201	0.0689905
20290	0.0564763	0.0425612	3.89453	1.86276	0.478302	0.815907	2.8171	3.86467	1.95394	0.505589	13.3477	0.288367	0.491893	0.335322	0.0695301
20291	0.13923	0.0255292	3.73762	1.82731	0.488896	0.775179	2.77256	3.87825	1.94226	0.500809	18.6587	0.202216	0.494962	0.333651	0.0698291
20292	0.0243489	0.0364323	3.66376	1.94358	0.530488	0.647977	2.7167	3.82364	2.01437	0.526819	18.4717	0.194456	0.528614	0.312237	0.0705787
20293	0.115711	0.0774874	3.91625	1.90552	0.486567	0.699133	2.72573	3.99092	1.90007	0.476099	20.6039	0.170191	0.481283	0.315513	0.0710859
20294	0.226701	0.146717	3.78983	1.89026	0.498771	0.641215	2.69998	3.76868	1.95524	0.518812	37.9411	0.0859112	0.508763	0.297767	0.0714785
20295	0.118801	0.128427	3.94918	1.88727	0.47789	0.661575	2.68689	4.09657	2.04656	0.49958	22.2189	0.147302	0.488934	0.293884	0.0716057
20296	0.0792783	0.139292	4.13091	2.01343	0.487405	0.548689	2.62528	3.75425	1.9903	0.530146	28.0474	0.110173	0.507755	0.278547	0.0714626
20297	0.044977	0.0601392	4.16791	1.96496	0.471449	0.657561	2.60484	4.07644	1.94262	0.476548	17.2561	0.187629	0.47397	0.293035	0.0711416
20298	0.123938	0.142733	4.00341	1.92378	0.480535	0.533317	2.57171	4.21701	2.04164	0.484144	35.2042	0.0837957	0.482386	0.271215	0.0715403
20299	0.19805	0.18852	4.26839	1.91953	0.449709	0.581525	2.56776	3.99931	1.96321	0.490886	38.4949	0.0735267	0.469628	0.267221	0.0711982
20300	0.179234	0.179614	4.0387	2.00229	0.495775	0.590582	2.58533	3.66517	1.83122	0.499628	34.2032	0.0846039	0.497608	0.274108	0.0716048
20301	0.105332	0.0967893	4.10865	2.03934	0.496353	0.639412	2.63959	3.77106	1.7884	0.474245	22.668	0.14262	0.485772	0.297019	0.0719871
20302	0.0207421	0.0813394	4.37743	2.10719	0.481376	0.495992	2.59186	3.83954	1.80344	0.469702	27.9051	0.112931	0.475921	0.287304	0.0721639
20303	0.0699412	0.0755307	4.05672	1.97125	0.485922	0.581889	2.61699	4.13217	1.98319	0.479939	24.6442	0.131045	0.482903	0.290047	0.0724843
20304	-0.0138267	0.0247694	3.65259	1.72301	0.471723	0.570681	2.63299	4.06853	1.78058	0.437646	19.9117	0.170825	0.453767	0.326899	0.0725577
20305	-0.00506146	0.0430357	3.84681	1.91918	0.498901	0.642111	2.66354	3.88576	1.78558	0.459519	16.3957	0.209416	0.479111	0.316765	0.0728667
20306	0.0851559	0.0815415	4.26214	2.0931	0.491091	0.670773	2.67535	4.06467	1.84781	0.454602	19.6177	0.171474	0.473279	0.299233	0.0729683
20307	0.1283	0.0870821	4.25132	2.18026	0.512843	0.624652	2.71332	3.80295	1.7532	0.461011	27.9955	0.123182	0.48837	0.304871	0.0733765
20308	0.119452	0.105185	4.17824	1.88899	0.452102	0.628982	2.66417	3.58506	1.71077	0.477196	25.2231	0.12981	0.46369	0.312719	0.0740514
20309	0.128603	0.134929	3.85607	2.06402	0.535264	0.633501	2.62902	3.52775	1.88215	0.533528	24.4016	0.127461	0.534434	0.282785	0.074397
20310	0.166014	0.148749	4.19524	2.15442	0.51354	0.7042	2.67597	4.27571	1.92201	0.449518	22.0507	0.144822	0.481225	0.281553	0.0747176
20311	0.207129	0.20996	3.94695	1.93241	0.489596	0.670697	2.73167	3.71348	1.98326	0.53407	29.5914	0.107448	0.511155	0.288865	0.0747738
20312	0.305071	0.209066	3.70583	1.84673	0.498333	0.754071	2.69011	3.80676	1.86761	0.490605	30.5335	0.1008	0.494417	0.293046	0.0748002
20313	0.191875	0.165975	3.9436	1.86789	0.47365	0.725635	2.68847	4.13786	1.95642	0.472811	22.3341	0.14245	0.47322	0.293868	0.0745229
20314	0.156668	0.116522	4.06342	1.93505	0.476212	0.71186	2.65438	3.67871	1.88467	0.512317	20.8953	0.154119	0.493368	0.296645	0.0745623
20315	0.0760566	0.0354261	3.65491	1.82024	0.498026	0.497909	2.65036	3.35414	1.82037	0.542725	38.4238	0.0889799	0.519416	0.319631	0.0749856
20316	-0.0186661	-0.0657252	3.87749	1.85744	0.479032	0.679221	2.67845	3.73993	1.95242	0.522047	15.4615	0.243523	0.500151	0.330832	0.0750504
20317	0.0413259	0.0780118	3.99614	2.07848	0.520122	0.79604	2.87762	3.62667	1.92097	0.529679	13.7604	0.284797	0.524669	0.328938	0.0753596
20318	0.106887	0.0628148	3.71201	1.77905	0.479268	0.956242	2.87433	3.93959	2.00912	0.509981	10.9573	0.360701	0.495081	0.342938	0.0755355
20319	0.0900112	0.038911	3.97646	1.98856	0.500082	0.746433	2.81867	3.72876	1.98095	0.531264	17.9329	0.215445	0.515172	0.327458	0.0758493
20320	0.00180312	0.0855632	4.03065	2.01616	0.500208	0.856093	2.82254	4.21073	2.08889	0.496086	10.2644	0.364906	0.498102	0.313393	0.0758341
20321	0.0525179	0.0635934	3.77572	2.01043	0.532463	0.779541	2.80855	4.4714	2.07355	0.463737	14.2552	0.264281	0.495201	0.315757	0.0758457
20322	0.101221	0.0834942	4.04118	1.92436	0.476189	0.84162	2.83817	3.88141	2.09691	0.540244	13.8424	0.274096	0.507571	0.320649	0.0759707
20323	0.137079	0.0598312	3.7345	1.90734	0.510735	0.987401	2.97825	3.99558	1.98739	0.497397	11.7795	0.361523	0.50384	0.353581	0.076457
20324	0.0588481	0.0626035	4.16823	1.94352	0.466271	0.911936	2.98352	4.02525	1.9455	0.483323	11.7234	0.363879	0.474648	0.354308	0.076611
20325	0.0253169	0.0485458	3.9522	1.86823	0.472706	1.0037	2.96294	3.93682	1.90037	0.482717	8.87324	0.478613	0.477701	0.360505	0.077119
20326	0.102182	0.115011	4.20689	1.90899	0.453779	1.06246	3.09392	3.88023	1.85838	0.478936	9.62317	0.46107	0.465849	0.370737	0.0773299
20327	0.197898	0.182205	3.77307	1.89954	0.503446	0.999507	3.0993	4.17922	1.9366	0.463389	13.2427	0.321288	0.482395	0.356844	0.0774121
20328	0.155556	0.165147	3.82908	1.91239	0.499437	1.01779	3.07633	3.85764	1.92532	0.499092	11.3995	0.371726	0.499264	0.355821	0.0771498
20329	0.20586	0.171438	3.86647	1.82301	0.471492	1.03634	3.06336	4.15775	2.02674	0.48746	12.126	0.344847	0.479766	0.352069	0.0774802
20330	0.265707	0.248663	3.67101	1.79926	0.490126	1.05655	3.14985	4.28072	2.03924	0.476378	13.4578	0.312715	0.482725	0.354199	0.0781407
20331	0.296526	0.187398	3.63578	1.74501	0.479954	1.20117	3.19024	4.1898	2.01766	0.481565	11.0182	0.409188	0.480816	0.37477	0.0775887
20332	0.100059	0.1234	3.53991	1.6333	0.461396	1.20434	3.19587	3.9972	1.93981	0.485293	7.74129	0.60972	0.474069	0.397889	0.077663
20333	0.0286962	0.0521763	3.68869	1.68515	0.456844	1.29096	3.24647	4.3016	1.89169	0.439764	6.40396	0.796657	0.447649	0.416407	0.0775177
20334	0.084187	0.112762	3.62218	1.75583	0.484743	1.31259	3.23318	3.91717	1.91135	0.487941	6.45278	0.754483	0.486405	0.399085	0.0776815
20335	0.118501	0.106222	3.9352	1.8297	0.464958	1.27641	3.26296	4.04232	2.10068	0.519672	7.43232	0.670382	0.492682	0.388065	0.0782844
20336	0.0770686	0.167328	3.9973	1.97687	0.49455	1.23692	3.21381	3.8876	1.90859	0.490942	6.89903	0.672633	0.492771	0.374008	0.0785671
20337	0.12948	0.151393	3.90632	1.91225	0.489527	1.18761	3.18443	3.77612	1.88566	0.499364	8.21638	0.559815	0.494362	0.377278	0.0783415
20338	0.00771301	0.0493402	3.90397	1.8358	0.470239	1.22921	3.19983	4.04773	1.91037	0.47196	6.65225	0.746031	0.471115	0.398573	0.0783294
20339	0.0289942	0.0501526	4.12517	1.92896	0.467608	1.16056	3.17286	4.00677	1.81152	0.452113	7.61561	0.640218	0.459973	0.394698	0.0787953
20340	-0.0119796	-0.0230645	4.10868	1.99014	0.484375	1.17203	3.1201	3.89946	1.88697	0.483905	7.0473	0.700941	0.484146	0.38926	0.0790061
20341	-0.0875536	-0.0288872	3.72466	1.95336	0.524439	1.11513	3.10815	3.41531	1.94242	0.568741	6.80355	0.723226	0.54563	0.387192	0.0794793
20342	-0.0088866	0.0114098	3.45752	1.8271	0.528441	1.16884	3.18171	4.24092	2.05767	0.485196	7.24621	0.693521	0.504618	0.392884	0.0796825
20343	-0.0374882	-0.020013	3.463	1.89006	0.545786	1.21054	3.19136	4.08508	1.89877	0.464805	6.62115	0.778787	0.501959	0.405054	0.079924
20344	-0.0275726	-0.00791596	3.72255	1.85249	0.497641	1.15622	3.11556	3.80595	1.87638	0.493013	6.96186	0.700681	0.495302	0.395558	0.0800989
20345	-0.0274382	-0.0470609	3.87923	1.8961	0.488782	1.20321	3.14169	4.47467	2.19731	0.491054	6.71388	0.757246	0.489999	0.383217	0.0801139
20346	0.0261347	-0.0637201	3.9109	1.84746	0.472386	1.16265	3.16142	4.00359	2.10165	0.524941	8.05285	0.645829	0.498971	0.397156	0.0802866
20347	-0.114162	-0.050991	4.04907	1.91379	0.47265	1.25917	3.21217	4.12804	2.01456	0.488019	5.64578	0.943026	0.480409	0.40405	0.0807537
20348	-0.0354933	-0.0790706	4.09779	1.75705	0.428781	1.14761	3.16584	4.29245	1.98299	0.461972	7.52247	0.699867	0.445762	0.413209	0.0811233
20349	-0.127768	-0.109831	3.9926	1.87455	0.469506	1.1023	3.11026	3.82758	1.86382	0.486946	6.85288	0.75654	0.478042	0.409598	0.0815298
20350	0.0176766	0.00198958	3.68695	2.05014	0.556053	1.09202	3.18856	4.08028	1.91282	0.468797	8.79759	0.577102	0.510216	0.390575	0.0816127
20351	0.0426692	0.0287061	3.87635	1.95958	0.505521	1.13143	3.13889	3.88114	1.84037	0.474184	8.16034	0.5927	0.489843	0.389024	0.0821476
20352	0.119594	0.162679	3.70131	1.7799	0.480882	1.1009	3.11168	4.06907	2.02678	0.498095	9.03112	0.481482	0.489896	0.363637	0.0822615
20353	0.152423	0.186324	3.87637	1.90076	0.490345	1.18255	3.15236	4.13122	1.95372	0.472915	8.29031	0.530582	0.481353	0.363414	0.0823637
20354	0.151528	0.230149	3.64658	1.89542	0.519779	1.25276	3.19779	3.9867	1.87941	0.471421	7.26219	0.606351	0.494523	0.368509	0.082556
20355	0.189446	0.219038	3.97369	1.86447	0.469204	1.32952	3.26856	4.03431	1.84509	0.45735	7.1548	0.649886	0.463232	0.385389	0.0830516
20356	0.169532	0.135092	3.69624	1.93687	0.524011	1.36847	3.29843	3.845	1.96476	0.510991	6.96148	0.718721	0.517373	0.390805	0.082948
20357	0.163859	0.171159	3.99657	1.93108	0.483183	1.34173	3.28286	4.08833	2.05067	0.501592	6.97911	0.693692	0.492492	0.378205	0.0834931
20358	0.395213	0.356118	3.68314	1.85698	0.504184	1.42432	3.40435	4.17487	1.93541	0.463586	8.77356	0.52953	0.482615	0.379972	0.0839694
20359	0.352838	0.411502	3.90763	1.92111	0.491632	1.44523	3.36198	3.82347	1.91865	0.50181	7.29498	0.596665	0.496666	0.361866	0.0841636
20360	0.391463	0.382659	3.94399	1.91844	0.486422	1.33144	3.3835	3.96827	1.8967	0.477966	10.1918	0.441779	0.482181	0.371221	0.0842221
20361	0.378182	0.380082	3.88356	1.92919	0.496759	1.49025	3.41889	4.42772	2.07754	0.469213	7.46703	0.618342	0.482084	0.365669	0.084495
20362	0.234992	0.278955	3.55605	1.78477	0.501896	1.48035	3.46845	3.96437	2.16395	0.545851	6.55933	0.775452	0.525067	0.39187	0.0848721
20363	0.310218	0.268051	3.64776	1.76666	0.484315	1.46941	3.45739	4.00366	1.90755	0.476451	7.56986	0.671868	0.4802	0.409144	0.0847906
20364	0.373312	0.298707	3.60742	1.92171	0.53271	1.477	3.44698	3.72006	1.88472	0.506637	8.13673	0.609066	0.519473	0.394418	0.0850984
20365	0.293812	0.324534	3.65964	1.81286	0.495365	1.43836	3.46008	3.99239	1.83695	0.460111	7.50513	0.654993	0.476972	0.402547	0.0855646
20366	0.309152	0.351945	3.93634	2.06521	0.524652	1.47443	3.44115	3.92793	1.88884	0.480875	7.02802	0.678937	0.502787	0.376435	0.0859758
20367	0.289273	0.322363	4.32724	2.03651	0.470625	1.4437	3.43726	3.77157	1.88743	0.500436	7.28043	0.666349	0.484508	0.382136	0.0861695
20368	0.284395	0.334258	4.01881	1.99033	0.495255	1.4416	3.39534	3.6948	1.77009	0.479075	6.99731	0.66956	0.487505	0.383957	0.0864598
20369	0.292629	0.314156	3.93625	1.98777	0.504992	1.414	3.38468	3.90178	1.85751	0.476066	7.4977	0.628736	0.490593	0.380143	0.0866817
20370	0.321415	0.338651	4.09654	1.92603	0.47016	1.36754	3.36577	4.08273	2.01587	0.493756	8.37311	0.547193	0.481938	0.367667	0.0867596
20371	0.341489	0.338433	3.90094	1.81428	0.465086	1.34246	3.43605	3.93366	1.91326	0.486383	9.57656	0.500976	0.475779	0.391676	0.087194
20372	0.356512	0.384912	3.72698	1.79819	0.48248	1.41317	3.42899	3.5298	1.77164	0.501909	8.29926	0.558266	0.49193	0.393668	0.0875952
20373	0.380819	0.30885	3.76248	1.76126	0.468112	1.37408	3.39275	3.82077	1.84877	0.483875	9.64001	0.493279	0.476054	0.397206	0.0875275
20374	0.345932	0.312443	3.86682	1.73788	0.449433	1.38823	3.46393	3.61954	1.78451	0.493022	9.14216	0.543192	0.470508	0.413581	0.0878776
20375	0.375026	0.354809	3.63481	1.8129	0.49876	1.49296	3.45078	3.89896	1.82893	0.469082	7.66934	0.624893	0.483401	0.396977	0.0876332
20376	0.313455	0.358147	3.74471	1.85942	0.496545	1.48952	3.5084	3.79557	1.82466	0.480734	7.17508	0.691564	0.488586	0.40255	0.0878003
20377	0.367802	0.399933	4.03577	1.87376	0.464287	1.48116	3.47225	3.6077	1.8103	0.501788	7.6149	0.619779	0.481987	0.390563	0.0881005
20378	0.452184	0.407257	3.69791	1.7841	0.482461	1.50881	3.47487	3.6999	1.69893	0.459182	8.42868	0.55823	0.470818	0.403262	0.0887697
20379	0.346696	0.367577	3.70865	1.86637	0.503249	1.41858	3.44587	3.69873	1.64607	0.445036	8.24751	0.57447	0.474181	0.40291	0.0889624
20380	0.328981	0.317977	3.99807	1.81038	0.452814	1.51677	3.44055	3.73908	1.69462	0.453218	6.91104	0.705425	0.453009	0.410313	0.0891892
20381	0.186902	0.235567	3.71981	1.71907	0.462138	1.37607	3.44288	3.5773	1.68381	0.470695	7.27438	0.707059	0.466333	0.430564	0.0895085
20382	0.307787	0.2875	3.80871	1.95146	0.512369	1.40888	3.44344	3.84188	1.89577	0.493448	8.215	0.606205	0.502867	0.393034	0.0898044
20383	0.275334	0.284887	4.37379	2.05109	0.46895	1.4554	3.43038	3.71974	1.89061	0.508263	7.10498	0.696283	0.487018	0.385691	0.0898842
20384	0.291503	0.315673	4.17722	2.01243	0.481763	1.44727	3.41979	4.15658	1.86217	0.448006	7.2134	0.667893	0.464926	0.383486	0.0900593
20385	0.30198	0.259306	3.99484	2.02477	0.506847	1.44741	3.42114	3.67791	1.71618	0.466618	7.61971	0.656007	0.487563	0.400632	0.090356
20386	0.269676	0.251545	4.08676	1.94599	0.476169	1.33278	3.41649	3.54076	1.70275	0.4809	8.86294	0.5651	0.478365	0.407116	0.0905182
20387	0.186187	0.208652	3.95774	1.93305	0.488423	1.37811	3.36533	3.93818	1.74589	0.443324	7.01397	0.710342	0.465929	0.403868	0.0904965
20388	0.197658	0.253364	3.92068	1.93184	0.492731	1.43045	3.40987	3.84602	1.7814	0.463178	6.55597	0.759882	0.478097	0.401609	0.0907509
20389	0.237032	0.237681	3.90248	1.87631	0.480799	1.38585	3.42451	4.04111	1.8414	0.455668	7.69507	0.659898	0.468014	0.405923	0.0912713
20390	0.22998	0.212501	4.02503	1.98846	0.494024	1.4382	3.40249	3.96317	1.90464	0.480586	6.97081	0.729901	0.487357	0.395329	0.0911836
20391	0.262813	0.236319	4.18738	1.92339	0.45933	1.32165	3.3873	3.72641	2.06909	0.555249	8.85593	0.560566	0.504496	0.383485	0.0914692
20392	0.274662	0.266615	3.98476	1.81071	0.454409	1.42377	3.38849	3.85368	1.86234	0.483262	7.38093	0.660223	0.468594	0.398925	0.0915601
20393	0.316522	0.272046	3.55227	1.68503	0.474354	1.41472	3.40556	4.02138	1.96361	0.488293	8.14143	0.60302	0.481755	0.402312	0.0921332
20394	0.234389	0.231043	3.94397	1.85156	0.469467	1.28047	3.27798	3.8503	1.78926	0.464706	8.4839	0.547145	0.467115	0.389425	0.0926453
20395	0.238458	0.248023	3.86165	1.89632	0.491064	1.33404	3.27553	4.18573	2.00328	0.478598	7.63633	0.600146	0.48458	0.37024	0.0926164
20396	0.272043	0.236711	3.82505	1.96284	0.513155	1.15723	3.21629	4.28808	2.08373	0.485936	11.3301	0.391781	0.498769	0.35432	0.0927863
20397	0.286934	0.18956	3.65588	1.91255	0.523143	1.25239	3.33121	3.89257	1.93456	0.496988	10.589	0.466049	0.509655	0.39088	0.0930256
20398	0.166508	0.202507	3.91015	1.85333	0.47398	1.39035	3.34361	3.80449	1.89889	0.499118	6.58743	0.74889	0.486377	0.396757	0.0934282
20399	0.196682	0.183757	4.15555	1.93009	0.464461	1.38705	3.37566	3.76054	1.86279	0.495351	7.19017	0.708486	0.479135	0.401869	0.0937979
20400	0.167495	0.150248	4.05711	1.79415	0.442225	1.29421	3.22473	4.06635	1.91526	0.471001	7.44584	0.634745	0.456629	0.389267	0.0939401
20401	0.119187	0.188494	3.83785	1.93167	0.503323	1.17987	3.19113	3.80836	1.91748	0.503494	8.0138	0.56252	0.503408	0.369429	0.0945811
20402	0.0759735	0.125466	4.19948	2.01446	0.479692	1.19403	3.16485	3.99931	2.02576	0.506528	7.38995	0.625028	0.492782	0.363829	0.0946068
20403	0.172242	0.205281	3.80057	1.76426	0.464208	1.10925	3.11704	3.97039	1.88431	0.47459	9.65659	0.438992	0.469513	0.36758	0.0946395
20404	0.228155	0.166764	3.74097	1.90202	0.508429	1.2176	3.16842	3.69861	1.91448	0.517621	9.20317	0.489503	0.512999	0.371265	0.0953362
20405	0.133602	0.109869	4.11742	1.8905	0.459147	1.14549	3.17807	3.99769	1.90928	0.477596	9.19402	0.511955	0.468235	0.382593	0.0955521
20406	0.118684	0.143679	3.88487	1.91755	0.493595	1.1516	3.16149	3.64284	1.86459	0.511852	8.53604	0.533455	0.50243	0.375892	0.096023
20407	0.14005	0.135108	3.97473	2.08977	0.525764	1.18438	3.14222	3.67164	1.91686	0.522073	8.29131	0.545312	0.523991	0.360824	0.0961963
20408	0.226007	0.218242	4.09967	2.01918	0.492523	1.04966	3.10096	4.05472	1.87737	0.463009	12.2495	0.339201	0.477847	0.347869	0.0966937
20409	0.217532	0.130643	4.14073	1.97361	0.476632	1.13824	3.16409	3.97468	1.91889	0.482779	10.8551	0.423848	0.479642	0.371581	0.0966895
20410	0.0725689	0.103658	4.19158	1.85114	0.441633	1.19398	3.23218	4.15326	2.00654	0.483123	7.78297	0.628786	0.462283	0.388235	0.0968051
20411	0.0319189	0.113196	3.85119	1.79074	0.464984	1.14424	3.14628	3.67335	1.97881	0.538694	7.43554	0.618624	0.500968	0.379048	0.0970868
20412	0.163662	0.137873	3.8988	1.79413	0.460176	1.09595	3.15917	3.99456	1.99263	0.498836	10.5023	0.434583	0.47974	0.376147	0.0972484
20413	0.131068	0.0903399	3.71019	1.81414	0.488963	1.19871	3.18831	3.954	1.92814	0.487643	8.41982	0.569932	0.488282	0.39079	0.097605
20414	0.124767	0.182803	3.6476	1.8168	0.498081	1.08622	3.13549	3.94976	1.97924	0.501103	9.43138	0.462201	0.499652	0.364863	0.0978599
20415	0.164068	0.214152	3.78266	1.91762	0.50695	1.08234	3.09021	4.06098	2.10816	0.519125	9.80973	0.421608	0.513254	0.339467	0.098049
20416	0.225225	0.209208	3.7985	1.81117	0.476812	1.09255	3.08573	3.97977	1.94192	0.487949	10.9995	0.376127	0.48251	0.355441	0.0984198
20417	0.315857	0.325395	3.88953	1.92303	0.494412	1.05947	3.07469	4.0068	1.95709	0.488443	13.6696	0.276477	0.491383	0.32762	0.0985185
20418	0.264761	0.27361	3.83525	1.97652	0.515357	1.10471	3.1036	3.85463	1.83832	0.476911	11.3518	0.352758	0.496086	0.34431	0.0986373
20419	0.19676	0.220325	3.93153	2.06087	0.52419	1.06219	3.06637	3.89372	1.86946	0.480121	10.8149	0.374482	0.502262	0.340143	0.0990344
20420	0.371021	0.341822	3.90396	1.97553	0.506033	1.14544	3.09128	4.06069	1.82552	0.449559	12.605	0.299861	0.47724	0.332197	0.0992635
20421	0.351854	0.31876	3.98892	1.97601	0.495376	1.04455	3.02487	3.93677	1.93653	0.491908	15.2618	0.239914	0.493653	0.318873	0.0994479
20422	0.371021	0.33193	3.87216	1.91285	0.494001	0.980499	2.99895	3.77752	1.79838	0.476075	19.1486	0.185732	0.485149	0.324047	0.099713
20423	0.31429	0.343592	3.63936	1.80491	0.495943	0.987976	3.01007	3.58357	1.78995	0.499489	15.6661	0.226926	0.497702	0.330974	0.09933
20424	0.303664	0.289703	4.02032	1.87877	0.467319	0.922359	2.98247	3.95455	1.74424	0.441072	18.9428	0.191392	0.454303	0.333597	0.0998418
20425	0.294952	0.27059	4.04151	1.88012	0.465203	0.964981	2.97708	3.51578	1.74259	0.495648	16.3165	0.22447	0.479367	0.33588	0.100024
20426	0.240739	0.21669	4.0344	1.96769	0.487729	0.971711	2.97061	3.81096	1.94941	0.511528	14.1939	0.26716	0.499289	0.326271	0.100056
20427	0.190572	0.248197	3.77057	1.96705	0.521685	0.993143	3.00662	3.62897	1.96522	0.541537	11.8128	0.32206	0.531421	0.32614	0.1002
20428	0.196735	0.195669	4.04108	1.89686	0.469395	0.948473	2.92177	4.06473	1.98448	0.488221	13.1508	0.282555	0.478836	0.323829	0.100073
20429	0.318338	0.30726	3.98636	1.99448	0.500327	1.00073	2.96205	3.8499	2.0245	0.525858	15.1353	0.232829	0.51287	0.304895	0.100586
20430	0.30216	0.279881	3.91855	1.90269	0.485559	0.954077	2.96739	3.81424	1.80403	0.472972	16.9948	0.212498	0.479351	0.327677	0.101079
20431	0.284025	0.32996	3.83	1.79945	0.469829	0.914154	2.93571	4.04113	1.72895	0.427839	17.1005	0.198531	0.448271	0.324933	0.101309
20432	0.196197	0.268481	3.61956	1.7476	0.482821	0.817603	2.87231	3.6544	1.83848	0.503086	17.558	0.193073	0.493002	0.321064	0.101893
20433	0.321842	0.304846	3.62396	1.77639	0.490178	0.897993	2.84152	3.87871	1.84851	0.476578	19.3847	0.165975	0.483147	0.307484	0.102378
20434	0.279129	0.300025	3.79646	1.80271	0.474841	0.820952	2.84533	3.73145	1.74246	0.466966	22.0682	0.146786	0.470937	0.3137	0.102826
20435	0.412201	0.393755	3.77345	1.87629	0.497233	0.880548	2.86137	3.89093	1.86143	0.478403	27.7601	0.109674	0.487674	0.289511	0.103085
20436	0.308531	0.365374	3.90535	1.85974	0.476205	0.814443	2.88011	4.16823	2.07611	0.498079	24.7078	0.127974	0.487498	0.286676	0.103038
20437	0.395366	0.364573	4.00955	1.77292	0.442175	0.962701	2.98127	4.10348	1.89423	0.461614	21.2729	0.160935	0.452007	0.318346	0.103238
20438	0.39668	0.391318	3.95391	1.79998	0.455241	1.15295	3.04254	3.89452	1.77035	0.454574	12.2895	0.285974	0.45491	0.32995	0.103929
20439	0.453767	0.423651	3.56121	1.88417	0.529081	1.05144	3.03094	3.72626	1.78539	0.479137	19.0305	0.178607	0.503543	0.316642	0.104478
20440	0.335837	0.392422	4.18676	2.06784	0.493899	0.991627	3.04056	3.67084	1.79891	0.490053	16.3062	0.215031	0.492102	0.312063	0.104544
20441	0.400971	0.421274	4.16525	2.13997	0.513767	1.14592	3.05701	3.63487	1.71518	0.471868	12.5186	0.277471	0.494242	0.310694	0.104732
20442	0.381231	0.427026	3.87651	2.0091	0.518275	1.05536	3.04649	4.02205	1.91251	0.475507	15.0984	0.227228	0.496497	0.304416	0.104913
20443	0.517318	0.469346	3.80782	1.92109	0.504512	1.06684	3.04747	3.91313	1.78624	0.456473	22.0112	0.150985	0.480165	0.309601	0.105209
20444	0.477772	0.516009	3.69924	1.88299	0.50902	1.03574	3.01976	3.83424	1.97261	0.514473	20.1357	0.155663	0.511795	0.289104	0.105905
20445	0.487354	0.487481	4.04578	1.96525	0.485753	0.974153	3.00445	4.01146	1.86024	0.463732	26.7334	0.118487	0.474789	0.292893	0.106115
20446	0.431375	0.458753	4.1211	1.99596	0.484327	0.999451	2.95348	3.57383	1.7534	0.490622	19.2856	0.161355	0.487251	0.29338	0.1061
20447	0.408108	0.506326	3.81457	1.82221	0.477698	0.896498	2.90993	3.67715	1.66945	0.454008	24.221	0.119262	0.46607	0.292714	0.106213
20448	0.566786	0.527288	3.77718	1.69093	0.447671	0.903521	2.87476	3.90067	1.67121	0.428443	48.5984	0.0566953	0.437902	0.290759	0.106391
20449	0.393774	0.438471	3.54917	1.73009	0.487463	0.841158	2.80694	3.85116	1.83874	0.477452	28.0269	0.100076	0.482253	0.282206	0.106553
20450	0.560052	0.431884	3.92235	1.91052	0.487087	0.813753	2.78385	4.00813	1.79169	0.447014	85.9442	0.0321822	0.466834	0.272055	0.106906
20451	0.450189	0.44416	3.93251	1.88244	0.478686	0.683602	2.69319	3.76176	1.86652	0.496183	92.8415	0.0272407	0.48724	0.25232	0.106901
20452	0.292934	0.371444	3.8976	1.87739	0.481679	0.596028	2.66677	3.55969	1.83796	0.516327	57.3498	0.0459332	0.498218	0.261822	0.107453
20453	0.390995	0.404557	3.99177	1.91589	0.479961	0.642513	2.6184	4.07707	1.96379	0.481666	77.4742	0.0316305	0.480822	0.240108	0.107402
20454	0.355265	0.371648	3.96841	1.94038	0.488957	0.628197	2.61753	3.65925	1.79129	0.489524	67.7117	0.037246	0.489229	0.252664	0.107502
20455	0.434845	0.46706	4.00995	1.96001	0.488785	0.655702	2.61072	4.11627	1.95398	0.474695	94.2085	0.0243888	0.481648	0.227001	0.107694
20456	0.320246	0.377067	4.14586	1.9573	0.47211	0.556541	2.49984	3.9157	1.82803	0.466846	80.7048	0.0279177	0.469553	0.22944	0.107881
20457	0.454256	0.408165	4.20089	2.0306	0.483373	0.538075	2.43221	4.07081	1.78307	0.438013	583.126	0.00351276	0.46105	0.211787	0.108146
20458	0.445943	0.382341	3.98957	2.10587	0.527843	0.426188	2.45807	3.75638	1.78046	0.473982	11040.7	0.000195126	0.501723	0.217102	0.108436
20459	0.377245	0.408005	4.05571	2.03094	0.50076	0.445142	2.47272	3.74675	1.7207	0.459251	924.742	0.00230498	0.480828	0.221317	0.108415
20460	0.399344	0.398461	4.03006	2.04962	0.508583	0.59374	2.52159	3.86867	1.85685	0.47997	119.284	0.0188948	0.494569	0.223976	0.108997
20461	0.387751	0.350689	3.91063	1.8407	0.470692	0.508035	2.5754	3.95497	1.9315	0.488373	342.082	0.00723413	0.479582	0.247088	0.1093
20462	0.425364	0.387388	3.77413	1.89173	0.501235	0.596684	2.58178	3.85759	1.83325	0.475232	164.064	0.0146752	0.488092	0.244337	0.109364
20463	0.310637	0.365245	3.75362	1.78095	0.474463	0.561778	2.61067	3.74654	1.75796	0.469224	79.9402	0.0315357	0.471846	0.26273	0.109487
20464	0.37879	0.379492	3.97801	1.79066	0.450139	0.575223	2.62735	3.68378	1.7109	0.464443	130.951	0.019293	0.457016	0.265213	0.109595
20465	0.382499	0.377592	3.65968	1.75901	0.480646	0.640613	2.70815	3.86904	1.76148	0.455275	81.5261	0.0333114	0.467608	0.278447	0.109261
20466	0.426436	0.386764	3.79002	1.77603	0.468606	0.6517	2.66677	3.87496	1.89821	0.489866	102.445	0.0253719	0.479354	0.261385	0.109945
20467	0.356172	0.330573	3.61942	1.76891	0.488728	0.689973	2.70514	3.42387	1.77663	0.518895	50.6052	0.0557114	0.503393	0.28458	0.110107
20468	0.315726	0.315115	3.69973	1.87569	0.506982	0.555216	2.59545	3.8734	1.90813	0.492624	90.6617	0.0286776	0.499638	0.255805	0.110593
20469	0.443565	0.374958	3.73677	1.77848	0.47594	0.583637	2.63434	3.95072	1.97517	0.499951	260.179	0.00981017	0.488279	0.25382	0.110422
20470	0.360607	0.393149	4.05549	1.93515	0.477168	0.696899	2.67116	3.79601	1.86871	0.492283	45.8857	0.0565462	0.484476	0.254414	0.111214
20471	0.477854	0.370639	3.69293	1.64889	0.4465	0.700866	2.65931	4.1747	1.98782	0.47616	105.32	0.0248672	0.462238	0.264845	0.111401
20472	0.356919	0.392129	3.81297	1.76433	0.462718	0.58187	2.63506	3.95031	2.093	0.529833	99.4159	0.0253014	0.496869	0.245973	0.111528
20473	0.457052	0.409956	4.09687	1.83264	0.447326	0.581824	2.59844	3.94146	1.97547	0.501204	307.647	0.00778402	0.473744	0.239302	0.111739
20474	0.442246	0.465262	3.97734	1.71889	0.432169	0.585326	2.65051	3.90602	1.78025	0.455769	233.26	0.010236	0.443862	0.254481	0.111664
20475	0.468723	0.480311	4.06427	1.89889	0.467214	0.709533	2.68847	4.03805	1.92142	0.475829	84.0833	0.0289947	0.471508	0.241988	0.112022
20476	0.439537	0.457939	3.74472	1.87383	0.500393	0.616686	2.68334	3.73072	1.80758	0.484513	157.811	0.0156908	0.492468	0.251765	0.112192
20477	0.488741	0.470784	4.01086	1.87366	0.467146	0.698922	2.73161	4.35082	1.87767	0.431567	115.703	0.0220882	0.448633	0.254179	0.112499
20478	0.501089	0.559669	3.59895	1.82231	0.506344	0.785615	2.81637	3.89403	1.74094	0.44708	62.9075	0.0404775	0.475545	0.263343	0.112945
20479	0.458382	0.480604	3.99931	1.97133	0.492917	0.799171	2.7935	3.71514	1.90047	0.511546	46.0618	0.0580685	0.501889	0.25683	0.113051
20480	0.459705	0.469006	4.23793	2.02114	0.476918	0.710128	2.77592	3.81943	1.8569	0.486173	84.8621	0.0313559	0.481305	0.255536	0.11323
20481	0.486097	0.473411	3.85905	1.91204	0.495469	0.711919	2.71328	3.91073	1.91274	0.489101	98.3813	0.0254979	0.492264	0.247041	0.113289
20482	0.371795	0.440251	3.94766	1.91695	0.485593	0.752059	2.76338	3.6408	1.82287	0.500678	37.323	0.0723004	0.49283	0.265222	0.113814
20483	0.474064	0.454469	3.88175	1.91487	0.493301	0.808122	2.80327	3.86781	1.94089	0.501807	49.4366	0.0557974	0.497546	0.263559	0.113494
20484	0.549773	0.534021	3.74186	1.83174	0.489527	0.796639	2.83716	3.8002	1.90361	0.500924	87.04	0.0304714	0.49527	0.262099	0.113938
20485	0.570964	0.534376	3.99704	1.85868	0.465015	0.870847	2.82889	4.42453	2.10227	0.47514	58.5437	0.0449647	0.470335	0.249508	0.113888
20486	0.624676	0.583718	3.77309	1.93185	0.512007	0.862299	2.78332	3.89883	1.83205	0.469898	85.6861	0.0282323	0.490607	0.243295	0.114365
20487	0.778319	0.714822	3.50364	1.84405	0.526323	0.867548	2.87825	3.88913	1.95055	0.50154	587.849	0.00398096	0.513285	0.235774	0.114371
20488	0.626795	0.700028	3.96988	1.93289	0.48689	0.98968	2.924	4.07381	1.9328	0.474446	37.5594	0.0658428	0.480587	0.24244	0.114367
20489	0.801005	0.723899	3.85341	1.89987	0.493034	0.853817	2.86101	4.04266	2.01719	0.498975	1637.57	0.00139453	0.496076	0.225793	0.114759
20490	0.711447	0.735335	3.6225	1.82223	0.503032	0.754829	2.81672	3.98613	1.95727	0.491019	2301.89	0.000940997	0.496738	0.222818	0.11498
20491	0.652241	0.70158	3.81044	1.80889	0.474719	0.943498	2.79108	3.86551	1.94856	0.50409	51.4673	0.0424153	0.48951	0.225188	0.115274
20492	0.822902	0.768432	3.86867	1.74427	0.450871	0.882667	2.91623	3.86998	1.87668	0.484933	1291.49	0.00178593	0.467905	0.241652	0.11519
20493	0.767006	0.769534	3.83052	1.77493	0.463365	1.01662	2.97885	4.13635	2.02727	0.490111	78.3368	0.0311544	0.477252	0.243054	0.115793
20494	0.760457	0.782864	3.65831	1.87275	0.511917	0.977463	3.0393	3.97485	1.89471	0.476674	108.119	0.0235458	0.493564	0.252632	0.11586
20495	0.867784	0.743012	3.68199	1.69338	0.45991	0.913144	2.95436	3.60472	1.95506	0.54236	2376.68	0.00102876	0.500698	0.251074	0.116158
20496	0.688373	0.645594	3.72314	1.83699	0.493399	0.934896	2.94607	3.6821	1.91634	0.520448	87.0803	0.0303868	0.506848	0.260724	0.116127
20497	0.528928	0.587651	3.87708	1.89969	0.48998	0.872582	2.94316	3.96369	1.92457	0.485551	46.9815	0.0590488	0.487741	0.266266	0.116711
20498	0.460217	0.454789	3.7736	1.80499	0.47832	0.972097	2.93575	3.97515	1.85922	0.467711	23.491	0.131011	0.472878	0.295854	0.116856
20499	0.430988	0.42961	3.6136	1.84424	0.510362	0.942427	2.92842	3.6012	1.97915	0.54958	23.8714	0.130785	0.529937	0.290017	0.116813
20500	0.448058	0.413459	3.92559	1.8683	0.475928	0.978981	2.95805	3.99702	2.02426	0.506443	22.9706	0.14094	0.491323	0.293816	0.116894
