cycle	Zbar1	Gbar1	VP1	VG1	h21	Zbar2	Gbar2	VP2	VG2	h22	h2b	h2b_denom	h2w	Qst	Fst
20000	0.199348	0.274365	3.84084	2.07848	0.541152	-1.97556	0.0408216	4.06236	2.24265	0.552057	0.0115307	2.36511	0.546758	0.00314721	0.000349887
20001	0.203301	0.263106	3.88545	1.9525	0.502517	-1.80587	0.143627	4.05102	2.05127	0.50636	0.00353629	2.01839	0.504478	0.000891012	0.000667722
20002	0.282147	0.306741	4.15186	2.06567	0.49753	-1.69604	0.204181	3.7487	1.74537	0.465594	0.00268796	1.95661	0.482377	0.000689877	0.000890833
20003	0.291134	0.307109	4.00115	1.90231	0.47544	-1.72982	0.27405	4.12626	1.86894	0.452937	0.00026759	2.04213	0.464016	7.24812e-05	0.00112715
20004	0.376773	0.262828	3.75414	1.83964	0.490028	-1.54667	0.354918	3.7689	1.83748	0.487538	0.00229226	1.84982	0.488781	0.000576529	0.0014275
20005	0.292545	0.294748	3.84953	1.85167	0.481013	-1.69817	0.308601	3.79083	1.84958	0.487909	4.84217e-05	1.98148	0.484434	1.29677e-05	0.00169012
20006	0.42224	0.3591	3.9306	1.94143	0.493928	-1.56984	0.347317	4.16472	1.94509	0.46704	3.49877e-05	1.98419	0.480095	8.93551e-06	0.00192342
20007	0.435543	0.38605	3.68189	1.79442	0.487363	-1.63411	0.43676	3.7084	1.89866	0.51199	0.000600343	2.14172	0.499721	0.000174135	0.00219624
20008	0.443671	0.41089	4.09701	1.89244	0.461908	-1.55822	0.462764	3.67309	1.8226	0.496203	0.00067147	2.00378	0.47812	0.000181143	0.00239087
20009	0.306714	0.346514	4.06217	2.00611	0.493851	-1.49141	0.477786	3.5965	1.8335	0.509803	0.00532976	1.61663	0.501342	0.00112132	0.00269333
20010	0.330358	0.344818	3.91897	1.89846	0.484428	-1.52335	0.503052	3.80584	1.79031	0.470411	0.00728646	1.71812	0.477522	0.00169489	0.00292809
20011	0.339096	0.404339	3.88687	1.92948	0.496411	-1.47628	0.55177	3.7693	1.7788	0.471918	0.00659542	1.6478	0.484353	0.00146394	0.00308797
20012	0.660837	0.616602	4.0996	1.9367	0.472411	-1.19904	0.803656	3.55178	1.77707	0.500334	0.010115	1.72957	0.485373	0.002351	0.00329178
20013	0.680369	0.67448	4.00078	1.96228	0.490475	-1.10586	0.87055	3.74519	1.85588	0.495535	0.0120489	1.59531	0.492922	0.00251208	0.00350193
20014	0.617548	0.637138	3.9205	1.84108	0.469605	-1.15256	0.834593	3.62805	1.73709	0.478794	0.0124434	1.56664	0.474021	0.002718	0.00376273
20015	0.574589	0.570047	3.92314	1.87753	0.478578	-1.11176	0.883943	3.73647	1.86169	0.498248	0.0346477	1.42189	0.488174	0.00654777	0.00413937
20016	0.615333	0.571062	3.76283	1.89075	0.502481	-1.07792	0.906225	3.63206	1.68134	0.462916	0.0391804	1.43355	0.483048	0.00780447	0.00450352
20017	0.493466	0.511593	3.84292	2.00552	0.521874	-1.12009	0.915074	3.50207	1.79452	0.512417	0.0625284	1.30178	0.517365	0.010602	0.00486821
20018	0.513108	0.508825	3.89112	1.89155	0.48612	-1.00133	0.940556	3.86392	1.97026	0.509911	0.0812686	1.14676	0.497974	0.0119284	0.00516923
20019	0.427491	0.403352	3.87719	1.83112	0.472279	-1.00206	0.961596	3.93077	1.97747	0.503074	0.152493	1.0218	0.487782	0.0200559	0.0054333
20020	0.402049	0.37364	3.92784	1.95621	0.498037	-1.01133	0.972473	3.55658	1.81692	0.510862	0.179513	0.998819	0.504132	0.0232201	0.00561002
20021	0.263953	0.353971	3.89528	1.85298	0.4757	-0.878998	1.06224	3.9834	1.87463	0.47061	0.384009	0.653168	0.473127	0.0325645	0.00590101
20022	0.335125	0.318458	3.94317	1.87786	0.476232	-0.854021	1.17749	3.85912	1.71953	0.445576	0.521847	0.707034	0.461069	0.0488037	0.006204
20023	0.367827	0.366585	4.03588	1.85326	0.459195	-0.723007	1.2555	4.00972	1.82692	0.455623	0.664059	0.594959	0.457415	0.0509675	0.00654907
20024	0.341273	0.302047	3.74997	1.82978	0.487944	-0.704249	1.28644	3.97344	1.83142	0.460914	0.886475	0.546558	0.474038	0.0620909	0.00690358
20025	0.398601	0.319719	3.72195	1.94727	0.523185	-0.782303	1.27902	4.20144	2.0534	0.488738	0.659902	0.697268	0.504919	0.054405	0.00704619
20026	0.285789	0.272807	3.92726	2.04803	0.52149	-0.644053	1.36376	3.85052	1.84988	0.480425	1.37656	0.432303	0.50116	0.0709538	0.00733513
20027	0.340034	0.259253	4.10693	2.03407	0.495277	-0.660911	1.41897	3.79883	1.92073	0.505609	1.34241	0.500945	0.500242	0.0783943	0.00760771
20028	0.140912	0.239321	4.11922	2.07795	0.504453	-0.558871	1.45538	4.17913	1.89082	0.452444	3.01982	0.244848	0.478261	0.0852531	0.0078377
20029	0.28239	0.279953	3.7218	1.92978	0.518508	-0.567481	1.45717	3.62884	1.81856	0.50114	1.91871	0.36114	0.509934	0.0846487	0.00803077
20030	0.177566	0.240885	3.86014	1.8765	0.486122	-0.488869	1.44756	4.02128	1.96657	0.48904	3.27842	0.222068	0.487611	0.086564	0.00806525
20031	0.247166	0.204704	3.84051	1.86276	0.485031	-0.534431	1.42655	3.94921	1.94119	0.49154	2.44382	0.305447	0.488331	0.0893901	0.00836578
20032	0.164219	0.220797	3.88115	1.91258	0.492788	-0.497855	1.49922	3.90629	1.95597	0.500721	3.72854	0.219171	0.496768	0.0955729	0.00852577
20033	0.123231	0.187492	3.84874	1.74842	0.454285	-0.501781	1.51208	3.65432	1.90438	0.521132	4.49147	0.19532	0.486842	0.107256	0.00882267
20034	0.134991	0.182622	4.05036	1.92311	0.474799	-0.380847	1.55962	3.62297	1.86704	0.515335	7.12595	0.133044	0.493938	0.111216	0.00905781
20035	0.206058	0.230948	3.8337	1.83027	0.477416	-0.355551	1.62628	3.88141	1.8358	0.472971	6.17286	0.157702	0.47518	0.117259	0.00934448
20036	0.135991	0.165681	4.00464	1.89481	0.473154	-0.469424	1.57129	3.63348	1.71363	0.471623	5.39042	0.183263	0.472426	0.120455	0.00949502
20037	0.173542	0.181304	3.98385	2.04417	0.513113	-0.421705	1.5907	3.99916	1.95241	0.488205	5.60628	0.17716	0.500635	0.110573	0.00964373
20038	0.215446	0.193673	3.87621	2.04203	0.52681	-0.382528	1.60685	3.72857	1.83159	0.491232	5.58505	0.178786	0.509366	0.114224	0.00988942
20039	0.139108	0.180993	3.94038	2.00955	0.509989	-0.331186	1.69421	3.59978	1.8666	0.518531	10.353	0.110588	0.514067	0.128739	0.0102121
20040	0.232301	0.161802	4.03365	1.93298	0.479215	-0.247823	1.74502	4.38142	1.97103	0.44986	10.8736	0.115259	0.463931	0.138371	0.0103551
20041	0.185887	0.165982	3.96881	1.92822	0.485843	-0.258384	1.73809	3.82914	1.8935	0.494497	12.5219	0.0986884	0.490092	0.139235	0.0105724
20042	0.160966	0.174978	4.10948	1.99199	0.484732	-0.186282	1.81114	3.85565	1.98104	0.513801	22.2009	0.0602907	0.498803	0.144226	0.0109062
20043	0.133837	0.121799	4.00105	1.91531	0.478703	-0.294434	1.76224	4.29922	2.10315	0.489193	14.6717	0.0917082	0.484136	0.143469	0.0110703
20044	0.104578	0.136632	3.94335	1.9461	0.493514	-0.210862	1.80622	4.18803	2.11942	0.506065	28.0148	0.0497512	0.499978	0.146393	0.011258
20045	0.124959	0.161563	3.87398	1.98267	0.51179	-0.107382	1.88156	3.98375	2.07826	0.521685	54.8029	0.026991	0.516807	0.154131	0.0112897
20046	0.129658	0.119971	3.78238	1.84461	0.487685	-0.135143	1.86561	4.33199	1.89195	0.436739	43.4579	0.0350599	0.460487	0.169424	0.0116772
20047	0.209804	0.183687	3.83983	1.89544	0.493626	-0.105621	1.86276	3.99585	1.92304	0.481259	28.3365	0.0497463	0.487319	0.155886	0.0119065
20048	0.0629116	0.142907	4.05215	1.86558	0.460394	-0.0814739	1.8741	4.11523	2.00013	0.486031	143.762	0.0104236	0.473311	0.162422	0.012241
20049	0.0918111	0.153323	4.13905	2.04628	0.494384	-0.042137	1.97996	3.76848	1.98133	0.525763	185.966	0.00897105	0.509338	0.171645	0.0124003
20050	0.10714	0.0630658	3.6149	1.99648	0.552291	-0.156801	1.96665	3.7479	2.06901	0.552047	52.0154	0.0348324	0.552167	0.182299	0.0125244
20051	0.0949848	0.13925	4.22635	1.98883	0.470578	-0.0181798	2.01705	3.92348	2.12765	0.542288	275.345	0.00640312	0.5051	0.17645	0.0127201
20052	0.179459	0.231053	3.77364	1.88674	0.499979	0.0975458	2.08665	4.7656	2.244	0.470874	513.159	0.00335493	0.483736	0.172524	0.0128692
20053	0.264503	0.266118	3.89175	1.94393	0.499501	0.0669296	2.08189	4.16152	2.11327	0.507813	84.4637	0.0195175	0.503796	0.168926	0.0130498
20054	0.197187	0.213908	3.88896	1.82592	0.469514	0.183548	2.14129	3.89581	1.80535	0.463408	19968.9	9.30147e-05	0.466458	0.203745	0.0132839
20055	0.248239	0.184246	3.91128	1.8944	0.484342	0.197701	2.17946	3.84832	1.91245	0.496956	1558.65	0.00127703	0.490598	0.207331	0.0135687
20056	0.182737	0.172559	4.02495	1.96205	0.487472	0.276469	2.27721	3.62641	1.9561	0.539403	504.173	0.00439291	0.512085	0.220439	0.0138687
20057	0.124414	0.137297	4.15407	2.13148	0.513106	0.248413	2.28893	3.90466	1.81031	0.463628	301.094	0.00768788	0.489132	0.227063	0.0142579
20058	0.0321462	0.0488054	3.89902	2.0101	0.515538	0.303549	2.34539	3.81887	1.93244	0.506024	71.6035	0.0368298	0.510831	0.25072	0.0144178
20059	-0.0304279	0.034364	4.41468	2.04176	0.462494	0.376052	2.37144	4.19317	1.91615	0.456969	33.0571	0.0826131	0.459803	0.256601	0.014869
20060	-0.0761871	-0.0116027	3.79565	2.04653	0.539177	0.273263	2.37809	3.85066	1.90202	0.493946	46.7641	0.0610578	0.516399	0.265649	0.0150165
20061	0.120419	0.0582869	3.92866	2.04136	0.519606	0.326888	2.37346	3.82276	2.00391	0.524205	125.737	0.0213145	0.521874	0.248922	0.0151817
20062	-0.0679245	-0.0082038	3.67623	1.91946	0.522126	0.36531	2.35247	3.91772	2.1106	0.538732	29.691	0.0938462	0.530693	0.256988	0.0153721
20063	0.111211	-0.00991726	4.06925	1.95306	0.479955	0.298087	2.34116	4.14404	2.15089	0.519033	158.281	0.0174612	0.499672	0.251996	0.015793
20064	0.0129526	-0.0301304	4.15562	2.0335	0.489338	0.350066	2.37458	3.85745	2.0059	0.520007	50.8832	0.0568228	0.504102	0.263661	0.0161332
20065	-0.0989252	-0.0480511	3.93328	1.97067	0.501024	0.447799	2.45726	3.87782	1.84224	0.475072	20.9984	0.149454	0.48814	0.291655	0.0164088
20066	-0.126355	-0.0457924	3.7811	1.93504	0.511765	0.497421	2.50199	4.19672	2.02105	0.481579	16.6828	0.194548	0.495886	0.290986	0.0167058
20067	0.0476371	0.0301397	4.37057	2.10348	0.481282	0.495212	2.54953	4.04449	1.94327	0.480474	31.6855	0.100162	0.480893	0.281776	0.016974
20068	0.062352	0.029703	3.97163	2.20655	0.555578	0.489386	2.50271	4.03663	2.08199	0.515773	33.5371	0.091179	0.535514	0.262916	0.0173544
20069	0.116099	0.061619	3.96943	2.03661	0.513073	0.556578	2.5583	3.85814	1.95526	0.506788	32.1272	0.097011	0.509975	0.280874	0.0176538
20070	-0.0263209	0.00121374	3.67418	1.91688	0.521718	0.577761	2.56482	3.69188	1.89783	0.514054	18.01	0.182457	0.517877	0.301151	0.0179087
20071	0.0116962	-0.0310681	4.24086	2.10751	0.496954	0.604855	2.56906	4.13812	1.98991	0.480873	19.2152	0.175919	0.489012	0.292136	0.0178993
20072	-0.0281255	-0.00269977	4.27096	2.08623	0.488468	0.643321	2.61688	3.90606	1.95624	0.500821	15.2209	0.22542	0.494369	0.298046	0.018263
20073	-0.01111	0.036485	3.93797	2.06452	0.52426	0.782288	2.73947	4.1972	2.10073	0.500508	11.6066	0.31474	0.512005	0.304945	0.0186588
20074	0.06908	0.0427101	4.1606	1.95019	0.468729	0.696478	2.69086	3.83858	2.00257	0.521694	17.8156	0.196814	0.494146	0.307362	0.0187859
20075	-0.0402607	0.0261736	3.92228	1.9138	0.487931	0.663834	2.66635	3.92432	1.85384	0.472396	14.0606	0.247875	0.480162	0.31636	0.0191948
20076	0.0432509	0.0647081	4.18931	1.87027	0.446437	0.772616	2.72226	4.30201	2.12209	0.49328	13.2762	0.265987	0.47017	0.306749	0.0195515
20077	0.146315	0.142509	3.76035	1.897	0.504476	0.539057	2.61647	3.66609	1.9504	0.53201	39.6799	0.0771231	0.518068	0.284642	0.0198298
20078	0.13484	0.116371	3.95779	1.946	0.491687	0.657904	2.67397	4.0926	1.93368	0.472482	23.9087	0.136798	0.481924	0.296628	0.0200295
20079	0.0844521	0.116215	4.19338	1.89821	0.452668	0.674772	2.67262	3.97451	1.98193	0.498661	18.7536	0.174239	0.475048	0.296409	0.0203482
20080	0.220976	0.174054	4.08604	2.11406	0.517387	0.686747	2.68144	3.74935	1.94381	0.51844	28.9799	0.108471	0.517891	0.279293	0.0204173
20081	0.110588	0.119762	4.19135	1.95088	0.465454	0.606139	2.67792	3.6762	1.96485	0.534479	26.6488	0.122786	0.497707	0.294792	0.020831
20082	0.237907	0.129233	4.07685	2.04256	0.501014	0.674121	2.65984	3.89821	1.9812	0.508232	33.6552	0.0951412	0.504542	0.284736	0.0211878
20083	0.10447	0.0909794	4.13711	1.99087	0.481223	0.511597	2.59938	3.88943	1.86553	0.47964	37.9607	0.0828764	0.480456	0.289825	0.0211306
20084	0.101137	0.133901	3.98219	1.96295	0.492931	0.67692	2.60423	3.9094	2.0159	0.515654	18.4075	0.165763	0.504188	0.277263	0.0212489
20085	0.176489	0.20187	4.07654	2.02616	0.49703	0.631639	2.61448	3.96908	1.91601	0.482734	28.0974	0.10358	0.489977	0.269707	0.0214329
20086	0.194622	0.223381	4.3289	2.00493	0.46315	0.653889	2.58259	4.06403	1.99988	0.492092	26.3878	0.105463	0.477164	0.257953	0.0216816
20087	0.159204	0.233973	3.81386	1.95994	0.513898	0.59377	2.62867	3.94574	1.92964	0.489044	30.3661	0.0944239	0.50126	0.269417	0.0218445
20088	0.286185	0.259076	4.00965	2.05731	0.513089	0.639456	2.64481	3.9567	2.00941	0.507849	45.6067	0.0624001	0.510486	0.259299	0.0221626
20089	0.198029	0.259154	4.02859	2.02245	0.502025	0.724818	2.72441	3.9182	1.95138	0.498028	21.9002	0.138753	0.500054	0.276691	0.0222953
20090	0.208976	0.220916	4.22429	2.05174	0.485702	0.683724	2.68892	3.77618	1.87197	0.49573	27.0249	0.112693	0.490435	0.279687	0.0227104
20091	0.194584	0.159785	4.23115	2.1044	0.49736	0.690737	2.65978	3.87643	1.93091	0.498115	25.3892	0.123084	0.497721	0.279228	0.0231107
20092	0.12548	0.0778643	3.88049	2.0871	0.537845	0.723742	2.72244	3.97539	1.89935	0.477776	19.5403	0.178958	0.507448	0.304985	0.0234845
20093	0.206372	0.126665	4.26129	2.15167	0.504935	0.727375	2.73052	3.94565	2.00371	0.507828	24.9777	0.135722	0.506326	0.28983	0.0236088
20094	0.12848	0.0995896	3.9052	2.10356	0.538658	0.816155	2.75914	4.11483	2.02155	0.491284	14.9572	0.236448	0.514352	0.300152	0.023817
20095	0.0817558	0.145345	4.01045	2.00753	0.500575	0.858143	2.83736	3.88418	1.92037	0.494407	12.0226	0.301389	0.49754	0.315761	0.0243044
20096	0.0323916	0.0844502	4.01012	1.93515	0.482565	0.837645	2.83778	3.88413	1.80901	0.465745	11.691	0.324217	0.474289	0.336179	0.0245601
20097	0.0658521	0.0842915	3.84528	1.82697	0.47512	0.901372	2.94425	3.79983	1.76257	0.463855	11.7167	0.349047	0.469521	0.363038	0.0248187
20098	0.00459583	0.0240503	3.79796	1.92983	0.508122	0.956262	3.00382	3.56677	1.90629	0.534457	9.80386	0.452834	0.520877	0.366663	0.0252254
20099	0.0724184	0.0537959	3.73168	1.94633	0.521568	1.15121	3.04769	3.99441	1.92505	0.481935	7.70185	0.581898	0.501078	0.366734	0.0254415
20100	0.120198	0.127913	3.99228	1.97761	0.495359	1.13264	3.10418	4.03429	1.94737	0.482703	8.64187	0.512515	0.488998	0.360818	0.0254863
20101	0.1266	0.121401	3.86903	1.91526	0.495024	1.01305	3.02295	3.82617	1.99954	0.522594	10.7141	0.392893	0.508732	0.349767	0.0256166
20102	0.0278052	0.0507018	3.87286	1.85133	0.478028	1.04215	3.02366	3.76612	1.8361	0.48753	8.59018	0.514451	0.482713	0.374816	0.0259039
20103	0.045333	0.0138311	3.68528	1.94616	0.528091	0.966207	2.99839	4.04864	1.90135	0.469625	10.5041	0.424004	0.497485	0.36672	0.0259358
20104	0.0391793	0.029792	4.09523	2.01476	0.491977	0.947385	2.97533	3.98587	1.92173	0.482135	10.5187	0.412419	0.487123	0.355374	0.0261242
20105	-0.04792	0.00272825	4.19471	2.06947	0.493354	1.04605	2.98192	4.0972	2.10623	0.514065	7.4162	0.59839	0.503587	0.347108	0.0263228
20106	-0.0272877	0.0595619	3.67167	2.02789	0.552307	1.01983	3.02392	4.17033	1.89688	0.454851	8.01447	0.548224	0.50048	0.358984	0.0265712
20107	-0.00984772	0.00614862	4.22573	2.07168	0.490255	1.03657	2.97901	3.95633	1.82894	0.462283	8.07121	0.547496	0.47673	0.361726	0.0266787
20108	0.0129526	0.00594429	4.00272	2.07321	0.517951	0.942419	2.99938	3.81019	1.87946	0.493272	10.3722	0.431954	0.505916	0.36185	0.0267345
20109	-0.0850682	-0.00607214	4.12846	1.95892	0.474491	1.00714	3.00014	3.9415	1.91963	0.487029	7.5758	0.596459	0.480615	0.368212	0.0272208
20110	-0.0466077	-0.0409243	4.24914	2.02119	0.475669	0.968469	2.98476	3.99606	1.88466	0.471629	8.88485	0.51519	0.473711	0.369586	0.0272403
20111	-0.0894669	-0.0470886	3.85352	2.04375	0.530359	0.918811	2.97354	4.01189	1.88633	0.470185	8.97496	0.508313	0.499666	0.367368	0.0272876
20112	-0.08235	-0.062233	3.98118	2.17704	0.546834	1.03886	3.02194	3.97113	1.96517	0.494863	7.56662	0.62856	0.520881	0.364832	0.027567
20113	0.0388408	-0.00394281	3.82833	1.99105	0.520085	1.07282	3.05865	3.83768	1.8158	0.473151	8.77321	0.534553	0.496589	0.381291	0.0277717
20114	0.13249	0.0830672	3.9979	2.04932	0.512599	1.04025	2.98839	3.60738	1.82204	0.505088	10.2435	0.412014	0.509037	0.352901	0.0278444
20115	0.0532277	0.0989577	3.87105	2.10347	0.543386	0.976859	2.95057	3.69499	1.82763	0.494623	9.53199	0.426548	0.519572	0.340977	0.0279794
20116	0.110862	0.114793	4.39308	2.22789	0.507137	0.912239	2.90496	3.80116	1.84357	0.485002	12.1223	0.321102	0.496869	0.32353	0.027988
20117	0.18237	0.101775	4.02626	2.13872	0.531193	0.997266	2.88443	3.96392	1.89546	0.478178	11.6604	0.332028	0.504893	0.324364	0.0283106
20118	0.180871	0.159633	4.36366	2.18377	0.500445	0.824384	2.86614	3.90547	1.9192	0.491415	17.689	0.207054	0.49618	0.308702	0.0286863
20119	0.166269	0.175873	4.01601	2.1396	0.532767	0.927352	2.93794	3.81938	1.93869	0.507592	13.1705	0.289624	0.520495	0.318752	0.0289582
20120	0.146818	0.140671	4.12544	2.09573	0.508003	0.910418	2.93769	4.01405	1.93137	0.481152	13.4171	0.291543	0.494761	0.327011	0.0290385
20121	0.0919064	0.0982904	4.13098	2.02973	0.491344	1.00921	2.99312	4.07058	2.01582	0.495216	9.95914	0.420722	0.493266	0.341289	0.029413
20122	0.0971664	0.0463444	4.10914	2.13141	0.518701	0.931529	2.95096	3.9063	1.98934	0.509265	12.119	0.34808	0.514103	0.33867	0.0296506
20123	0.112466	0.100598	3.82056	1.94208	0.508324	0.876772	2.91376	4.10893	1.94654	0.473734	13.5473	0.292082	0.4904	0.337326	0.0299577
20124	0.125735	0.118212	4.06414	2.01562	0.495953	0.90301	2.91715	4.18463	1.97147	0.471122	12.9669	0.302079	0.483356	0.329516	0.0302598
20125	0.0866909	0.0424671	3.97951	1.92821	0.484536	1.02445	2.95059	3.9196	1.85596	0.473508	9.61706	0.439697	0.479064	0.358563	0.0303875
20126	0.112595	0.0263535	3.73571	1.9246	0.515191	1.07864	2.99625	3.94354	1.8702	0.474244	9.45124	0.466621	0.494163	0.367636	0.0307862
20127	0.0618573	0.0323676	4.29372	2.02229	0.470987	0.932145	2.98004	4.09519	1.92234	0.469413	11.4718	0.3787	0.470219	0.355232	0.0310403
20128	0.0793874	0.0556314	4.1152	1.92313	0.467324	0.965809	2.92949	3.98745	2.01767	0.506006	10.5112	0.392871	0.48636	0.343921	0.0312775
20129	0.0147234	0.0515827	4.04269	1.81832	0.44978	0.968714	2.9724	3.91184	1.97277	0.504308	9.37392	0.455049	0.476595	0.360149	0.0313847
20130	0.10252	0.0556467	3.90721	1.87501	0.479886	0.893273	2.93997	4.0951	2.01476	0.491992	13.3047	0.312645	0.486081	0.348517	0.0316731
20131	0.0669081	0.0892977	4.02606	1.96529	0.488142	0.861402	2.88298	3.79878	1.86734	0.491564	12.3644	0.315611	0.489803	0.337463	0.0320618
20132	0.234643	0.173853	3.75226	1.92188	0.512192	0.889173	2.92515	3.41905	1.7719	0.518243	17.6691	0.214205	0.515077	0.338877	0.0322956
20133	0.223534	0.20812	3.71467	1.79104	0.482154	0.962153	2.93945	4.00726	1.93396	0.482612	13.6744	0.272779	0.482392	0.333748	0.0323979
20134	0.245469	0.249295	4.04916	1.8738	0.462762	0.803523	2.88555	3.91467	1.99251	0.508985	22.3164	0.155712	0.485483	0.31016	0.0325394
20135	0.217809	0.2197	3.91172	1.97785	0.505622	0.886688	2.86373	3.79746	1.8005	0.474133	15.6257	0.223699	0.490111	0.316377	0.0328028
20136	0.167506	0.144702	3.85049	2.03461	0.528402	0.75278	2.84277	3.71329	1.91693	0.516236	21.2513	0.171273	0.52243	0.315435	0.0329225
20137	0.13771	0.140242	4.00851	1.95633	0.488045	0.826211	2.77987	3.96962	1.99581	0.502771	14.6987	0.237017	0.495372	0.306024	0.0334813
20138	0.0551888	0.0834324	4.08811	1.96377	0.480362	0.967079	2.90702	3.98728	1.80029	0.451508	9.58777	0.415772	0.466115	0.346315	0.0336999
20139	0.085784	0.0487944	3.91682	1.82736	0.466541	0.888833	2.92763	3.75816	1.80834	0.481177	12.8514	0.322444	0.473707	0.363125	0.0337695
20140	-0.0453891	-0.0109237	3.85836	1.99247	0.516403	0.820709	2.87564	3.97216	1.88107	0.473563	11.1078	0.375063	0.494672	0.34982	0.0342147
20141	0.0287289	0.00313715	3.83062	1.85268	0.483649	0.828459	2.84894	3.65899	1.98952	0.543735	12.6626	0.319784	0.513004	0.345214	0.0347693
20142	-0.00262744	-0.00855963	3.98306	1.97458	0.495745	0.813452	2.82154	3.80737	1.8317	0.481094	12.0265	0.332993	0.488585	0.344835	0.0349082
20143	-0.104592	-0.0291957	3.87244	1.88189	0.485969	0.821173	2.81938	4.06054	1.94704	0.479504	9.46789	0.428521	0.48266	0.346436	0.035492
20144	-0.056751	0.0118608	4.01608	2.05114	0.510733	0.854519	2.81742	3.81226	1.91086	0.501241	9.47859	0.415206	0.506111	0.331958	0.03564
20145	-0.0626953	0.00476754	4.1259	1.91868	0.465034	0.779851	2.81792	3.88067	1.98175	0.510673	11.1481	0.354942	0.487154	0.336648	0.0358323
20146	-0.000452245	0.028907	3.84081	1.86	0.484271	0.773722	2.75041	3.78308	1.90072	0.502427	12.3577	0.299673	0.493281	0.330033	0.0358286
20147	0.084857	0.0421696	4.23505	2.06776	0.48825	0.787398	2.7528	4.05711	1.88911	0.46563	14.8866	0.246782	0.477183	0.317153	0.0361794
20148	0.0920943	0.0974439	3.94743	1.92982	0.488881	0.765884	2.78972	3.75207	2.08576	0.555896	15.9658	0.226996	0.521538	0.311052	0.0366325
20149	0.0295124	0.042551	4.02321	1.95389	0.485654	0.887741	2.86706	3.86406	2.07164	0.536132	10.8313	0.368278	0.510383	0.331417	0.036571
20150	-0.0658108	-0.0564054	3.88285	1.92326	0.49532	0.84065	2.85324	4.08269	1.9898	0.487374	10.3034	0.410836	0.491247	0.351135	0.0368102
20151	0.012539	-0.00887213	3.92073	1.99153	0.507948	0.900714	2.90181	3.98571	2.05781	0.516297	10.7397	0.394428	0.512157	0.343537	0.0371956
20152	0.123186	0.0715435	4.13345	1.92492	0.465692	0.879446	2.92398	3.88433	1.95668	0.503737	14.2262	0.285965	0.484124	0.34396	0.037208
20153	0.0870301	0.125304	4.0079	1.99538	0.497862	0.925449	2.90281	4.05566	2.0538	0.506404	10.9746	0.351473	0.502158	0.322741	0.0372917
20154	0.0561165	0.120748	3.67323	1.84161	0.501359	0.965366	2.92845	3.82461	1.88585	0.493082	9.53532	0.413367	0.497137	0.345973	0.0373193
20155	0.0202029	0.0798064	3.8857	1.8248	0.469621	0.94069	2.90394	3.6758	1.93474	0.526347	9.41318	0.423648	0.497196	0.346675	0.0374162
20156	0.0620882	0.110551	3.99136	1.88629	0.472593	0.917186	2.92652	4.26039	1.94192	0.455808	10.8449	0.365596	0.463927	0.341284	0.0375025
20157	-0.0130125	0.0485831	4.06798	1.92901	0.474192	0.904726	2.8643	4.14649	2.06083	0.497007	9.41326	0.421122	0.485709	0.332009	0.0377442
20158	0.0356003	0.105324	3.91102	1.88552	0.482106	0.906807	2.84016	3.96552	1.97873	0.498985	9.85421	0.3795	0.490603	0.326201	0.0380069
20159	0.176899	0.147198	3.9473	1.76389	0.44686	0.905143	2.86421	4.32269	2.00325	0.463428	13.9197	0.26517	0.45552	0.328926	0.0383889
20160	0.110601	0.132032	3.82932	1.69455	0.442518	0.937522	2.89718	3.96182	1.88613	0.476075	11.1817	0.3419	0.459582	0.348156	0.0387725
20161	0.0372912	0.0816708	3.77197	2.0053	0.531632	0.948147	2.95159	3.87066	1.82388	0.471205	9.92753	0.414829	0.501029	0.349811	0.0390913
20162	0.0380131	0.036297	4.29114	2.03815	0.474968	0.954828	2.93393	3.71922	1.87377	0.503808	9.989	0.420275	0.488358	0.349318	0.0395245
20163	0.00545453	0.0587445	3.94055	2.10487	0.534156	0.853738	2.88221	3.81643	1.87011	0.490016	11.0785	0.359793	0.512439	0.334058	0.0397332
20164	0.0343343	0.054194	3.68759	1.93358	0.524348	0.827353	2.83682	4.14196	1.98841	0.480066	12.3124	0.31444	0.500922	0.330571	0.0400161
20165	0.0322751	-0.00653129	3.86587	2.01053	0.520072	0.755504	2.80963	4.0344	2.09242	0.518644	15.1623	0.26153	0.519343	0.325909	0.0401839
20166	0.113886	0.0612962	3.85341	2.06095	0.534837	0.862025	2.83362	3.89347	1.91398	0.491587	13.7317	0.279856	0.5131	0.32598	0.0405219
20167	0.0633539	0.0875001	3.83798	1.90452	0.49623	0.781139	2.78211	3.78803	1.92887	0.509203	14.093	0.257608	0.502674	0.321467	0.0407678
20168	-0.0778042	0.00309162	4.16239	1.95043	0.468585	0.940335	2.8447	3.89529	1.91228	0.490921	7.78956	0.518304	0.479383	0.343345	0.0410905
20169	0.0414223	-0.00977687	4.22583	1.95584	0.46283	0.905394	2.85876	3.75599	1.80493	0.480547	11.0236	0.373223	0.471167	0.353701	0.0413661
20170	0.0542033	-0.00363646	3.81541	1.79535	0.470554	0.798946	2.77325	3.74415	1.87952	0.50199	13.9028	0.277321	0.486123	0.344195	0.041472
20171	0.0202079	0.0572653	3.63603	1.91004	0.525309	0.836213	2.80066	4.0246	1.88122	0.467431	11.3029	0.332932	0.494902	0.33179	0.0417117
20172	0.0743648	0.108601	3.88833	1.86081	0.478562	0.79829	2.81307	3.92841	1.96155	0.499323	13.9565	0.262034	0.488996	0.323694	0.0420257
20173	0.0877095	0.0779865	3.67067	1.72414	0.469709	0.766235	2.80156	3.9563	1.98578	0.50193	16.1119	0.230198	0.486423	0.333385	0.04215
20174	0.0487139	0.0497433	3.76762	1.78448	0.473636	0.809007	2.83267	3.91065	2.02234	0.517138	13.398	0.289023	0.495792	0.337247	0.0422269
20175	0.0163021	0.0131428	4.17673	1.99431	0.477482	0.734066	2.82055	3.91172	1.97116	0.503911	15.2984	0.257593	0.490263	0.332057	0.0422652
20176	0.0801032	0.0312531	3.85027	1.88158	0.488688	0.793654	2.77271	4.04553	1.99905	0.494138	14.7609	0.254578	0.491481	0.326334	0.0425831
20177	-0.0693711	-0.0188278	3.94136	1.86836	0.474038	0.726996	2.76166	3.71796	2.1202	0.570259	12.1903	0.317101	0.520746	0.326519	0.0428168
20178	-0.0237204	-0.017563	4.21962	1.81756	0.430741	0.726783	2.78578	4.0775	2.13831	0.524419	13.9524	0.281628	0.476777	0.331952	0.042906
20179	-0.179883	-0.0963556	3.81716	1.93119	0.505924	0.931091	2.89488	3.95591	1.94821	0.49248	7.24924	0.617132	0.499082	0.36584	0.0432137
20180	-0.228405	-0.200824	3.96931	1.99451	0.502482	0.914062	2.90155	3.97177	2.00609	0.505086	7.37397	0.652615	0.503785	0.375686	0.0434523
20181	-0.230063	-0.182242	3.70919	2.02796	0.546738	0.847751	2.86277	3.73681	1.94922	0.521627	7.98161	0.580841	0.534136	0.368338	0.0433748
20182	-0.203944	-0.15869	3.97278	1.94342	0.489183	0.819735	2.84174	4.02474	1.82169	0.452622	8.5909	0.52396	0.470784	0.374242	0.043584
20183	-0.189018	-0.20664	3.7904	1.85133	0.488427	0.772944	2.81138	3.40919	1.67866	0.492393	9.84302	0.462685	0.490305	0.392244	0.0434088
20184	-0.224794	-0.245095	4.03189	2.00258	0.496685	0.791873	2.78951	4.00321	1.74339	0.435499	8.90937	0.516806	0.466201	0.380762	0.0433782
20185	-0.211453	-0.210283	3.66175	1.90097	0.519143	0.7879	2.77282	3.884	1.80592	0.464964	8.91045	0.499353	0.491256	0.375179	0.0432501
20186	-0.239775	-0.241704	4.07395	1.91506	0.470074	0.80735	2.7764	3.74115	1.84465	0.49307	8.3075	0.548235	0.481082	0.377334	0.0434116
20187	-0.207948	-0.261825	3.87658	1.74057	0.448996	0.850407	2.8338	3.72742	1.77425	0.475999	8.55528	0.560058	0.462233	0.405452	0.0432592
20188	-0.353148	-0.339579	3.97886	1.80591	0.453875	1.00147	2.89779	3.57884	1.80592	0.50461	5.71146	0.9175	0.4779	0.420557	0.0436232
20189	-0.368529	-0.367734	3.94158	1.71533	0.435188	0.935381	2.96009	4.14947	2.09004	0.503687	6.51366	0.850091	0.470318	0.421268	0.0438329
20190	-0.408276	-0.422872	3.89659	1.83961	0.472107	0.968213	2.95949	3.78849	1.96899	0.519729	6.03802	0.947361	0.495583	0.429006	0.0438337
20191	-0.432931	-0.411323	3.66694	1.81524	0.495028	0.893264	2.90857	3.85542	1.98169	0.514002	6.26663	0.879397	0.504753	0.420646	0.0442206
20192	-0.378659	-0.39477	3.88718	1.97731	0.508674	0.819236	2.89217	4.30776	2.15921	0.501237	7.52912	0.717477	0.504764	0.395145	0.0445078
20193	-0.329321	-0.341585	3.97173	1.91657	0.482553	0.948154	2.94968	4.33604	2.01107	0.463803	6.63776	0.815971	0.472767	0.40823	0.0448503
20194	-0.380513	-0.339756	3.81631	1.7677	0.463196	0.877958	2.9544	4.11197	2.07112	0.503681	6.85178	0.791874	0.484193	0.414193	0.04519
20195	-0.353491	-0.332583	3.96109	2.08687	0.526843	0.976764	3.03006	4.07564	1.98797	0.487769	6.38988	0.884789	0.507028	0.409709	0.0454279
20196	-0.32338	-0.325941	4.51946	2.05474	0.454642	1.09608	2.96681	3.90661	2.08469	0.53363	5.38112	1.00743	0.491264	0.395822	0.0456868
20197	-0.392715	-0.359477	4.37625	2.15338	0.49206	0.990876	2.96572	3.9615	2.04033	0.51504	5.7759	0.957162	0.502979	0.397397	0.0460853
20198	-0.427217	-0.388599	3.85892	2.0203	0.523541	0.959874	2.93695	4.26486	2.153	0.504824	5.74801	0.962011	0.513715	0.398617	0.0462528
20199	-0.306574	-0.376656	3.81066	1.76679	0.463644	0.948205	2.93639	4.22109	2.21075	0.523739	6.97139	0.787235	0.495227	0.408366	0.0463944
20200	-0.393615	-0.358364	3.65412	1.77163	0.484831	0.929264	2.90293	4.36391	2.15403	0.493601	6.07772	0.875004	0.489605	0.403939	0.0464166
20201	-0.330942	-0.37819	3.96324	1.89551	0.478272	0.911844	2.96971	4.0977	2.15985	0.527089	7.25694	0.772258	0.503087	0.408743	0.0469564
20202	-0.445654	-0.390096	3.70675	1.95372	0.52707	0.919481	2.93516	4.26144	2.00664	0.470884	5.93332	0.931797	0.497021	0.411192	0.0473407
20203	-0.345849	-0.377914	3.65957	1.944	0.531211	0.966469	2.92384	4.08112	1.96247	0.480865	6.33011	0.861089	0.504667	0.411076	0.0473307
20204	-0.324148	-0.402941	3.64095	1.83903	0.505095	0.900429	2.97788	3.37986	1.87924	0.556013	7.62206	0.749794	0.529607	0.434671	0.0477099
20205	-0.425265	-0.395584	4.09573	1.9299	0.471198	0.963948	2.94214	3.6818	1.8548	0.503775	5.7725	0.964956	0.48662	0.424047	0.048068
20206	-0.454619	-0.42961	4.34411	2.00458	0.461448	0.983234	2.94741	4.00808	1.95086	0.486731	5.51618	1.03371	0.473581	0.418996	0.0483555
20207	-0.45179	-0.439734	3.63241	1.83808	0.506022	1.01555	3.00153	4.12574	2.01548	0.488513	5.50014	1.07655	0.49671	0.434599	0.0482929
20208	-0.381968	-0.38768	3.78937	1.73733	0.458476	0.99791	3.00662	3.89063	1.96359	0.504697	6.05091	0.952032	0.481892	0.437779	0.048696
20209	-0.360383	-0.40598	4.32032	1.78768	0.413785	1.03047	3.02763	3.81336	1.87645	0.492072	6.09455	0.967233	0.450488	0.445923	0.0487577
20210	-0.350417	-0.322119	3.93739	1.83798	0.4668	0.978054	3.01968	4.00723	1.99363	0.497508	6.32786	0.882418	0.482289	0.421637	0.0489994
20211	-0.273874	-0.311953	3.92977	1.82752	0.465046	0.911271	2.96151	4.10455	2.03893	0.496748	7.62906	0.702284	0.481242	0.409402	0.049313
20212	-0.319768	-0.278098	3.7525	1.9086	0.50862	0.97441	2.92144	4.02108	1.9985	0.497005	6.11204	0.837449	0.502612	0.395901	0.0498428
20213	-0.20989	-0.28808	3.69757	1.78542	0.482863	0.886529	2.8707	3.7439	1.83078	0.489002	8.30012	0.601067	0.485952	0.408336	0.0497983
20214	-0.228948	-0.315151	3.77481	1.84646	0.489154	0.931519	2.89546	4.04262	1.96987	0.487275	7.65437	0.673341	0.488183	0.403197	0.050104
20215	-0.314588	-0.339589	3.6371	1.76552	0.48542	0.998387	2.97392	4.10098	2.08151	0.507563	6.36888	0.861951	0.497155	0.416519	0.0505746
20216	-0.324418	-0.34417	3.70096	1.75188	0.473358	0.974303	2.99623	4.08653	1.97992	0.4845	6.61552	0.843339	0.479205	0.42788	0.0504223
20217	-0.278928	-0.32054	3.94595	1.96836	0.498831	1.0494	2.94741	4.03471	2.02882	0.502843	6.0526	0.882225	0.500859	0.400578	0.0502092
20218	-0.300051	-0.281945	3.62651	1.79603	0.495252	0.957153	2.94701	3.94263	2.04943	0.519814	6.59648	0.79028	0.508046	0.404109	0.0505931
20219	-0.198901	-0.25945	3.88849	1.96521	0.505392	0.947394	2.9155	3.98232	1.87247	0.470195	7.6715	0.656996	0.487584	0.396498	0.0509001
20220	-0.263386	-0.20391	3.99184	1.89263	0.474124	0.9748	2.98012	3.76841	1.90555	0.505664	6.61275	0.766553	0.48944	0.400347	0.0513715
20221	-0.237222	-0.276579	4.35054	2.01392	0.462913	1.08441	3.03617	4.13101	1.98965	0.481639	6.28284	0.873358	0.472034	0.406749	0.051759
20222	-0.250361	-0.267349	3.88935	2.00099	0.51448	0.982634	2.9158	3.79549	1.89734	0.499894	6.66488	0.760138	0.507276	0.393983	0.0518076
20223	-0.248313	-0.260799	3.8104	1.97895	0.519355	0.937698	2.93984	3.70909	1.90165	0.512701	7.28276	0.703311	0.516073	0.397694	0.0517049
20224	-0.231295	-0.275595	4.05477	1.9087	0.470728	0.897595	2.98586	4.00637	2.05999	0.514179	8.3468	0.637197	0.492323	0.401341	0.0520024
20225	-0.319413	-0.25337	4.10974	2.04045	0.49649	1.02027	3.02099	3.76777	1.97513	0.524218	5.97378	0.897373	0.509752	0.400416	0.0520988
20226	-0.240221	-0.25585	4.00149	1.95901	0.489571	1.01963	2.99982	3.63184	1.83748	0.505937	6.67797	0.793609	0.497358	0.411184	0.052517
20227	-0.203621	-0.231189	3.82973	1.84557	0.481905	0.940141	2.99177	3.91344	1.84889	0.472447	7.94031	0.654095	0.477125	0.41289	0.0525312
20228	-0.299211	-0.298077	4.02465	1.95893	0.486733	0.852538	2.91939	3.87993	1.80813	0.466022	7.80392	0.663263	0.476567	0.407358	0.0525534
20229	-0.461477	-0.318747	3.991	1.80378	0.451962	0.968901	2.92692	4.07931	1.97964	0.485288	5.14879	1.02299	0.468807	0.410528	0.052777
20230	-0.272304	-0.286491	4.03259	1.89937	0.471005	1.00883	2.96594	3.9166	2.00308	0.511434	6.44511	0.820646	0.490925	0.404056	0.0529066
20231	-0.273279	-0.291504	4.10645	2.02187	0.492364	0.82336	2.89942	4.22287	1.97647	0.46804	8.46652	0.601309	0.480032	0.389111	0.053404
20232	-0.334425	-0.270518	3.86147	1.95817	0.507106	0.928439	2.91049	3.9829	1.93217	0.485117	6.34479	0.797413	0.495941	0.394152	0.0535132
20233	-0.384952	-0.297812	3.94037	2.00967	0.510021	0.999853	2.92857	4.02652	1.9588	0.486474	5.42817	0.958843	0.49812	0.396169	0.0536445
20234	-0.271882	-0.301332	3.98713	1.84985	0.463955	0.912584	2.90093	4.07396	1.91158	0.46922	7.3092	0.701479	0.466616	0.405433	0.0538286
20235	-0.261448	-0.268252	3.98417	1.87468	0.470531	0.912117	2.89277	4.03736	1.85011	0.458247	7.25508	0.688627	0.464348	0.40155	0.0541259
20236	-0.234972	-0.261498	4.07502	1.86202	0.456936	0.92237	2.92725	3.74405	1.84035	0.491541	7.59131	0.66972	0.473506	0.40721	0.0542945
20237	-0.144878	-0.201199	3.92983	1.84758	0.470144	0.973721	2.9359	4.17693	1.95475	0.467987	7.86514	0.625632	0.469032	0.392978	0.0545861
20238	-0.274045	-0.195754	3.85831	1.74921	0.453362	0.84721	2.93105	3.828	1.84041	0.480776	7.77666	0.628606	0.467015	0.405206	0.0545735
20239	-0.174571	-0.0829533	3.88933	1.91646	0.492747	0.910815	2.94974	3.83713	1.94898	0.507925	7.80707	0.58903	0.500285	0.373094	0.0550151
20240	-0.156208	-0.114108	4.0555	1.99995	0.493146	0.985087	2.91879	3.75935	1.7985	0.478408	7.06184	0.651278	0.486056	0.377222	0.0555129
20241	-0.0631272	-0.106375	4.05354	2.06011	0.508227	0.848335	2.86619	3.90939	1.81376	0.463949	10.6362	0.415382	0.486489	0.363271	0.0558567
20242	-0.189426	-0.124985	4.24215	2.12777	0.501579	0.899905	2.88819	3.47257	1.84437	0.531125	7.65121	0.593321	0.514878	0.363754	0.0559559
20243	-0.12638	-0.173482	3.92924	1.97976	0.503854	0.95029	2.91567	3.8472	1.76302	0.45826	8.23214	0.579609	0.481297	0.389401	0.0562188
20244	-0.229388	-0.170974	3.96267	1.92159	0.484923	0.859132	2.85331	3.84835	1.76906	0.459694	7.71918	0.592437	0.472493	0.382665	0.0561363
20245	-0.154225	-0.170046	3.99211	1.96457	0.492113	0.791326	2.89558	3.71846	1.82716	0.491375	10.5116	0.447034	0.491757	0.382699	0.0563265
20246	-0.120941	-0.15092	3.90945	2.01351	0.515037	0.86165	2.85109	3.79522	1.86791	0.492173	9.33421	0.482743	0.503774	0.36739	0.056482
20247	-0.174707	-0.157924	4.26161	2.03252	0.476938	0.838396	2.79339	3.85601	1.88195	0.488055	8.48643	0.513189	0.482219	0.35756	0.0567393
20248	-0.148671	-0.199784	3.81836	1.97962	0.518446	0.782573	2.78088	4.20348	1.87449	0.445937	10.2447	0.433608	0.480451	0.365717	0.0571104
20249	-0.297821	-0.231115	4.15164	1.98941	0.479187	0.824027	2.81284	3.93565	1.87564	0.476577	7.36223	0.629271	0.477917	0.374853	0.0573256
20250	-0.272745	-0.247428	4.29514	2.11329	0.49202	0.864925	2.90961	3.8019	1.81562	0.477555	7.70062	0.647147	0.485228	0.388199	0.0574325
20251	-0.363657	-0.32854	3.97182	2.01398	0.507068	0.878333	2.92872	4.20688	1.97742	0.470045	6.8781	0.771269	0.488024	0.399352	0.0574221
20252	-0.223042	-0.304498	4.29539	2.00968	0.46787	0.959181	2.90254	4.13481	1.95038	0.471697	7.35886	0.698826	0.469747	0.393803	0.0576443
20253	-0.33176	-0.318419	3.83573	1.9313	0.503502	0.892334	2.85631	4.16512	1.9951	0.479003	6.72642	0.749203	0.490749	0.391009	0.057925
20254	-0.373861	-0.348722	4.10146	1.94486	0.474186	0.865393	2.84983	3.74777	1.9116	0.510064	6.66173	0.767875	0.491317	0.398877	0.0581133
20255	-0.374048	-0.422138	3.81779	1.85457	0.48577	0.78103	2.804	3.88289	2.03223	0.523382	7.80087	0.667103	0.504735	0.401118	0.0585461
20256	-0.524781	-0.493647	4.07755	1.98689	0.487275	0.730982	2.74082	3.87612	1.89857	0.489812	6.63421	0.788471	0.488512	0.40244	0.0591806
20257	-0.383647	-0.440859	4.09347	1.98606	0.485179	0.693475	2.67032	4.14846	1.84219	0.444065	8.34299	0.580095	0.464485	0.387414	0.0599262
20258	-0.452626	-0.429537	4.02948	2.10375	0.52209	0.80309	2.77397	4.03672	1.92535	0.47696	6.50833	0.788411	0.499504	0.38916	0.0601091
20259	-0.446612	-0.453643	4.28838	2.07272	0.483335	0.817683	2.8042	3.58679	1.83937	0.512818	6.63995	0.79922	0.496763	0.404263	0.0609175
20260	-0.530762	-0.518989	3.65142	1.92025	0.525892	0.673806	2.71492	3.71173	1.88352	0.50745	7.20762	0.725491	0.516595	0.407477	0.0609813
20261	-0.427043	-0.470445	3.9772	1.85975	0.467602	0.549397	2.66095	3.82345	1.81081	0.473608	10.2846	0.476717	0.470546	0.400548	0.0612069
20262	-0.49328	-0.470877	4.37394	1.93404	0.442173	0.686063	2.68754	4.23539	1.95265	0.461032	7.1723	0.695425	0.451451	0.390977	0.0613824
20263	-0.457424	-0.460364	3.9698	1.92714	0.48545	0.802734	2.67474	4.19671	1.96879	0.469127	6.18948	0.793999	0.477062	0.386891	0.0615762
20264	-0.413767	-0.453452	3.93767	1.93715	0.491954	0.574977	2.63997	3.92108	1.88793	0.481482	9.78839	0.488807	0.486729	0.384897	0.0618691
20265	-0.551424	-0.520271	4.24668	2.09176	0.492564	0.667267	2.59805	3.66871	1.79688	0.489785	6.54717	0.742605	0.491276	0.38479	0.0621829
20266	-0.407955	-0.468528	4.33928	2.10051	0.484069	0.52599	2.56519	4.10845	1.94316	0.472967	10.5514	0.436127	0.47867	0.362769	0.0626219
20267	-0.592168	-0.51322	3.98486	2.02271	0.507599	0.57117	2.61587	3.97984	1.84134	0.462667	7.23477	0.676677	0.485147	0.387929	0.0626782
20268	-0.55068	-0.591694	4.01564	2.10454	0.524086	0.652231	2.66243	3.92936	1.93085	0.491391	7.31814	0.723497	0.507916	0.396265	0.0631804
20269	-0.572307	-0.553994	3.74915	1.93472	0.516042	0.798222	2.71194	3.77765	1.95282	0.516939	5.67857	0.939176	0.516492	0.406977	0.0633067
20270	-0.557278	-0.52394	3.95215	2.05318	0.519511	0.690344	2.69133	3.87512	1.91563	0.494342	6.64156	0.77828	0.50705	0.394499	0.0635944
20271	-0.535904	-0.563784	3.91614	2.03391	0.519367	0.746807	2.7051	3.91955	1.85924	0.47435	6.49443	0.822673	0.496849	0.407064	0.0639429
20272	-0.509638	-0.543323	3.80445	1.93838	0.509504	0.727854	2.69755	3.52859	1.78656	0.506311	6.85864	0.765693	0.507968	0.413585	0.0643094
20273	-0.49359	-0.535335	4.0862	2.00093	0.489681	0.575464	2.61418	4.11763	1.90245	0.462026	8.67939	0.571438	0.475801	0.388615	0.0644668
20274	-0.487717	-0.505271	3.96467	2.0179	0.508971	0.610685	2.59211	4.08252	2.08492	0.510696	7.95185	0.603243	0.509846	0.369036	0.0648496
20275	-0.535367	-0.511745	3.82298	1.96849	0.514912	0.711599	2.63589	4.17296	2.0465	0.490418	6.37177	0.777463	0.502129	0.381656	0.0650404
20276	-0.426283	-0.45315	3.9916	2.0392	0.510873	0.491437	2.58049	3.80068	1.9526	0.51375	10.9271	0.421105	0.512276	0.365746	0.0653549
20277	-0.389075	-0.406474	4.1361	2.06231	0.498611	0.575989	2.52029	3.88141	2.00809	0.51736	9.19735	0.465674	0.507688	0.344853	0.0654969
20278	-0.481684	-0.444956	3.96252	1.91934	0.484374	0.519668	2.50138	3.86368	1.88473	0.487807	8.65745	0.501353	0.486069	0.363375	0.0655876
20279	-0.533581	-0.438785	3.93276	1.8399	0.467838	0.534055	2.57603	3.70707	1.788	0.48232	7.97396	0.569924	0.474865	0.385239	0.0658929
20280	-0.453612	-0.497493	3.91637	1.91312	0.488494	0.584094	2.60091	3.72163	2.04852	0.550435	8.91511	0.538417	0.518675	0.377381	0.0661667
20281	-0.386277	-0.396258	3.72557	1.9582	0.52561	0.61583	2.58422	4.2144	1.93819	0.459897	8.84595	0.50211	0.490731	0.36316	0.0666595
20282	-0.545751	-0.475907	3.85309	1.92113	0.498594	0.59	2.60797	3.7813	1.84328	0.487473	7.37275	0.644965	0.493086	0.387221	0.0667466
20283	-0.482011	-0.491016	3.88346	1.93228	0.497567	0.617965	2.63499	3.84984	1.87505	0.487046	8.07631	0.604974	0.492329	0.390976	0.0669913
20284	-0.468873	-0.504616	4.3489	1.93102	0.444024	0.596602	2.52409	3.90132	1.8298	0.46902	8.08031	0.567619	0.455844	0.378915	0.0673265
20285	-0.434876	-0.450121	4.04879	2.07103	0.511519	0.530255	2.5747	3.66165	1.82296	0.497852	9.8226	0.465739	0.505029	0.370161	0.0673722
20286	-0.374219	-0.440789	4.14259	2.10025	0.50699	0.543141	2.57083	3.94354	1.95433	0.495577	10.7776	0.420774	0.501424	0.358775	0.067669
20287	-0.412134	-0.456074	4.13	2.01499	0.48789	0.49448	2.53694	3.84122	1.84294	0.479781	10.8986	0.410974	0.483982	0.367405	0.0684292
20288	-0.449449	-0.413546	3.82835	1.87645	0.490145	0.514853	2.54928	4.00169	1.83061	0.457459	9.44032	0.46494	0.47344	0.371978	0.0685374
20289	-0.435896	-0.395827	3.58969	1.76586	0.491925	0.538947	2.49835	3.80983	1.8764	0.492516	8.81417	0.47516	0.492229	0.36517	0.0687591
20290	-0.381426	-0.332251	3.97083	2.02757	0.510616	0.419726	2.42848	3.93852	1.94153	0.492959	11.8746	0.320922	0.501824	0.324462	0.0688657
20291	-0.286067	-0.323451	3.77582	1.94921	0.516234	0.509507	2.49105	3.80545	1.94351	0.510717	12.5153	0.316469	0.513465	0.337305	0.0690051
20292	-0.363993	-0.310344	4.03427	2.09438	0.519148	0.47841	2.51208	3.83685	1.89081	0.492802	11.2255	0.354821	0.506305	0.333325	0.0689599
20293	-0.287397	-0.314334	3.84845	1.9939	0.518106	0.485953	2.52439	3.91245	1.90353	0.486532	13.474	0.299035	0.502189	0.340874	0.0690795
20294	-0.363496	-0.337512	3.7809	1.95271	0.516467	0.654024	2.63312	3.7235	1.94083	0.521239	8.52338	0.517673	0.518835	0.361799	0.0691221
20295	-0.454963	-0.388892	4.08681	1.85629	0.454214	0.738546	2.74674	3.82421	1.92602	0.503639	6.90239	0.712232	0.478106	0.394016	0.0695483
20296	-0.475248	-0.435786	3.94588	1.85772	0.470801	0.750995	2.74756	3.78414	1.83329	0.484465	6.7393	0.751836	0.47749	0.407134	0.0698304
20297	-0.525356	-0.491719	4.21036	1.89106	0.449145	0.726428	2.78653	3.93559	2.02878	0.515497	6.85845	0.783481	0.481202	0.406796	0.0700212
20298	-0.467116	-0.420306	3.84327	1.86701	0.485786	0.843525	2.84097	3.89854	1.92702	0.494294	6.19166	0.858891	0.490071	0.412174	0.0705629
20299	-0.440487	-0.395669	3.90572	1.74893	0.447786	0.823573	2.86283	3.69241	1.78763	0.484137	6.6451	0.798923	0.465451	0.428882	0.0708758
20300	-0.358062	-0.410147	4.02143	1.70919	0.425019	0.911778	2.91117	4.11314	1.99415	0.484824	6.84106	0.806247	0.455259	0.426951	0.0711018
20301	-0.352529	-0.372273	3.75355	1.81007	0.482227	0.871258	2.81881	4.15265	2.01587	0.485442	6.7993	0.748828	0.483916	0.399661	0.0715841
20302	-0.416353	-0.423966	3.94049	1.88797	0.47912	0.713511	2.81327	3.87133	1.96845	0.50847	8.20908	0.638297	0.493665	0.404657	0.0718869
20303	-0.42669	-0.44248	4.23198	1.87109	0.44213	0.828366	2.79649	4.23546	2.01871	0.476622	6.66018	0.787583	0.459383	0.40284	0.0720261
20304	-0.403527	-0.387699	3.93197	1.92387	0.489289	0.900209	2.80969	4.14424	2.14341	0.517201	6.01468	0.849863	0.503612	0.386014	0.0723217
20305	-0.382031	-0.374662	3.96049	1.92411	0.485827	0.840326	2.7858	3.87148	1.78236	0.460382	6.68506	0.747078	0.473249	0.40265	0.072028
20306	-0.31988	-0.400526	3.97538	1.93181	0.485942	0.763584	2.77189	3.93636	1.96677	0.499643	8.57337	0.586948	0.492759	0.392356	0.0722711
20307	-0.439216	-0.411278	4.30918	2.04418	0.474379	0.884378	2.83809	3.86234	1.89131	0.489679	6.02681	0.875951	0.481611	0.401574	0.0726843
20308	-0.423961	-0.409352	3.76097	1.85948	0.494416	0.903114	2.89629	4.17203	2.01324	0.482556	6.20469	0.880564	0.488179	0.413748	0.0726898
20309	-0.368791	-0.397978	3.48004	1.9139	0.549964	1.01526	2.97715	4.09802	2.08967	0.509923	5.94669	0.957803	0.52831	0.415783	0.0729557
20310	-0.310072	-0.32726	3.97243	1.85937	0.468069	1.19168	3.11013	4.34564	2.07097	0.476564	5.23917	1.12763	0.472507	0.429205	0.0730694
20311	-0.398658	-0.344298	3.97728	1.9042	0.47877	1.06279	3.09608	3.96176	1.95826	0.494291	5.54171	1.06792	0.486515	0.433905	0.0733346
20312	-0.308324	-0.297012	3.80881	1.87149	0.491359	1.17899	3.13425	3.83213	1.94682	0.508025	5.3223	1.10606	0.499718	0.435426	0.0738124
20313	-0.297161	-0.300475	3.78995	1.93655	0.510969	1.12672	3.13371	4.06779	1.94532	0.478225	5.81703	1.01371	0.494018	0.431789	0.0741603
20314	-0.223798	-0.269947	3.86851	1.97101	0.509501	1.15829	3.19255	3.96194	1.94182	0.49012	6.27632	0.955087	0.499695	0.433871	0.0744609
20315	-0.26987	-0.206537	4.00671	1.96215	0.489716	1.07124	3.11643	4.06296	1.99953	0.492136	6.13937	0.899286	0.490934	0.410779	0.0744962
20316	-0.237711	-0.217807	3.92244	1.92581	0.490971	1.0518	3.05821	3.73913	1.93604	0.517777	6.45419	0.831422	0.504053	0.410069	0.074491
20317	-0.199727	-0.21164	3.69786	1.86218	0.503584	1.03394	3.06231	3.73262	1.90232	0.509646	7.0428	0.760971	0.506629	0.415952	0.0746427
20318	-0.175274	-0.172607	3.99099	1.80813	0.453053	1.06362	3.14136	3.802	1.87962	0.494378	7.15533	0.767425	0.473215	0.426897	0.0746705
20319	-0.25327	-0.244877	3.77018	1.95193	0.517729	1.01802	3.08246	4.11951	1.99837	0.485098	6.85025	0.808084	0.500691	0.412112	0.0748174
20320	-0.141259	-0.273679	3.77656	1.91973	0.508326	1.0183	3.11277	3.8479	1.95982	0.509323	8.52914	0.672285	0.508829	0.425081	0.0752775
20321	-0.228097	-0.251986	3.89994	1.90968	0.489668	1.05127	3.12656	4.08295	1.88956	0.462794	6.97378	0.818392	0.475923	0.429056	0.0754689
20322	-0.18524	-0.172612	4.0677	2.04885	0.503688	1.12949	3.12198	3.95935	1.93377	0.488407	6.27953	0.864261	0.496151	0.405362	0.0756474
20323	-0.178058	-0.168428	4.36304	2.23696	0.512707	1.01948	3.09644	4.1767	1.90575	0.456281	7.43279	0.717049	0.48511	0.391572	0.0760874
20324	-0.0321416	-0.123327	4.25735	2.04643	0.480681	1.11066	3.1041	4.01231	1.8427	0.459262	7.97574	0.652996	0.470289	0.401165	0.076249
20325	-0.0821558	-0.0677291	3.95551	1.99024	0.503157	1.08961	3.0959	3.8021	1.83197	0.481831	7.28939	0.686514	0.492705	0.395755	0.0764585
20326	-0.00541935	-0.0588829	4.46785	1.98104	0.443399	1.03164	3.04197	4.29874	2.03663	0.473773	8.94042	0.537742	0.458293	0.374457	0.0765083
20327	-0.0405952	-0.0622702	3.74827	1.96489	0.524213	0.952831	3.02286	4.22867	1.94152	0.459133	9.6444	0.493448	0.489713	0.378663	0.076978
20328	-0.127865	-0.0903436	3.81907	1.80016	0.47136	0.960503	3.03168	3.95084	1.8797	0.475772	8.22852	0.592272	0.473603	0.398504	0.0771368
20329	-0.134313	-0.109498	3.80956	2.01509	0.528956	1.10068	3.02301	3.85607	1.85261	0.480439	6.43369	0.762597	0.50455	0.388224	0.0776317
20330	-0.0185225	-0.0625809	4.11289	1.87885	0.45682	0.957361	3.01547	3.87219	1.94086	0.50123	9.94843	0.476174	0.478356	0.382872	0.0779282
20331	-0.0296804	-0.0487721	4.43819	2.03231	0.457913	0.977511	3.0153	3.76021	1.62972	0.433412	9.25495	0.507217	0.446676	0.390712	0.0780782
20332	-0.108705	-0.070029	4.0003	1.97974	0.494898	0.911379	3.02844	3.68534	1.7312	0.469753	9.2262	0.520285	0.482841	0.39287	0.0780109
20333	-0.0763158	-0.0266144	4.19382	2.03864	0.486105	1.06869	3.0631	3.85526	1.84975	0.479799	7.28146	0.655522	0.483085	0.380451	0.0785612
20334	-0.0729027	-0.0438609	4.13632	2.06056	0.498164	1.14684	3.12945	3.82699	1.81552	0.474401	6.76843	0.743887	0.486744	0.393871	0.0786901
20335	-0.0360201	-0.0279659	3.92248	1.97014	0.502269	1.17241	3.15248	4.20895	1.91109	0.454053	6.9268	0.73015	0.477312	0.394627	0.0788846
20336	-0.016031	-0.0549895	3.77337	1.89992	0.503508	1.09037	3.16379	4.18466	1.94996	0.465979	8.46359	0.612065	0.483774	0.402314	0.0792078
20337	-0.129722	-0.106118	3.83585	1.94153	0.506153	1.16278	3.22848	3.82784	1.86515	0.487259	6.65618	0.835279	0.496716	0.422176	0.0794584
20338	-0.049103	-0.109212	4.08865	1.90257	0.465329	1.30737	3.27816	3.95216	1.85171	0.46853	6.236	0.920003	0.466902	0.433256	0.0799286
20339	-0.109132	-0.0672156	4.05542	1.99981	0.493121	1.12297	3.18496	3.90633	1.9868	0.50861	6.96718	0.759032	0.500721	0.398891	0.0800178
20340	-0.022543	-0.0821245	3.96868	1.95702	0.493115	1.095	3.12669	3.86328	2.06002	0.53323	8.24446	0.624451	0.512902	0.390662	0.0805176
20341	0.0356245	0.0358112	4.12485	2.05746	0.498796	1.10333	3.09952	3.89022	1.8813	0.483596	8.2337	0.569992	0.491419	0.373458	0.0806821
20342	0.0553617	0.0234526	3.51315	1.92532	0.548033	1.16836	3.09332	3.92188	2.03899	0.5199	7.60762	0.619383	0.533194	0.372885	0.0809267
20343	0.00845237	-0.0104247	3.65157	1.77828	0.486992	1.07693	3.04161	4.0213	2.01922	0.502131	8.15914	0.570826	0.494926	0.380242	0.0809133
20344	-0.0094919	-0.0121041	3.70529	1.82796	0.493338	1.02292	2.98058	3.98122	1.84032	0.46225	8.40266	0.532937	0.477236	0.379147	0.0814625
20345	-0.0897856	-0.0423198	3.71493	1.7562	0.472742	1.01679	2.99283	3.68336	1.80776	0.490791	7.52313	0.612256	0.481728	0.39266	0.0819247
20346	0.0162503	-0.00582204	3.87144	1.91763	0.495326	0.963637	2.99308	3.92108	1.74823	0.445853	10.02	0.448771	0.470432	0.380279	0.0823031
20347	0.0306697	0.0253671	4.01845	1.87665	0.467009	0.93546	2.97865	3.60375	1.84026	0.51065	10.654	0.409323	0.487643	0.369851	0.0826328
20348	0.011056	0.0208376	4.12497	1.86199	0.451394	1.00859	3.00636	3.99743	1.89111	0.473081	8.95753	0.497532	0.462067	0.372659	0.0832042
20349	0.084597	0.0599061	3.92677	1.88431	0.479862	1.05429	3.05006	3.99746	2.00954	0.502705	9.50858	0.470155	0.491385	0.364811	0.0830025
20350	-0.0307735	0.0529295	4.02167	1.81922	0.452353	1.01684	3.05846	3.46338	1.82214	0.526116	8.2307	0.548751	0.486484	0.382904	0.0833754
20351	-0.00763972	-0.0124966	3.8497	1.7294	0.449231	1.13291	3.0928	3.58441	1.88267	0.525238	7.4128	0.650422	0.485878	0.400387	0.0832682
20352	0.0267459	0.0187035	3.96099	1.84692	0.466278	1.1681	3.12284	4.00769	1.92551	0.480455	7.39677	0.651343	0.473408	0.389826	0.0835756
20353	-0.0621924	-0.0380433	3.69861	1.79461	0.485212	1.11469	3.13369	3.77742	1.89141	0.500715	7.26316	0.69253	0.493045	0.405697	0.0841192
20354	-0.0106299	-0.0449534	3.79581	1.94046	0.511212	1.06095	3.11932	3.88745	1.85042	0.475997	8.71973	0.574138	0.493395	0.397823	0.0846132
20355	-0.0146352	-0.0355992	4.36006	1.95906	0.449319	1.14799	3.11823	3.92121	2.01982	0.515103	7.35859	0.675854	0.480468	0.384721	0.0851521
20356	-0.0543962	-0.0279734	3.76562	1.96528	0.521902	1.117	3.10482	4.18809	1.92691	0.460092	7.15252	0.68608	0.489356	0.386769	0.0853157
20357	-0.0314284	-0.0532242	3.90542	1.96564	0.503312	1.09222	3.06654	3.92156	1.84126	0.469521	7.70868	0.631295	0.486382	0.390051	0.0855366
20358	-0.000640784	-0.0236914	3.73523	1.93899	0.519108	1.01196	3.03762	3.78048	1.93071	0.510705	9.13993	0.512676	0.514881	0.377239	0.0854989
20359	-0.00647096	-0.0310272	3.99541	1.82188	0.455993	1.05962	3.0578	4.08709	2.0181	0.493774	8.39459	0.568273	0.475098	0.383273	0.0852234
20360	-0.0572852	-0.0309633	3.64026	1.89787	0.521357	1.08273	3.08402	3.76585	1.75668	0.466476	7.46599	0.649823	0.493451	0.399076	0.0859446
20361	-0.0201863	-0.0512564	3.58064	1.82161	0.508738	1.09512	3.03707	4.01204	1.7868	0.44536	7.6675	0.62196	0.475248	0.398	0.0862798
20362	-0.1333	-0.104176	3.83229	1.79151	0.467478	0.966624	3.01314	4.04737	1.86755	0.461422	8.03225	0.604916	0.464368	0.399139	0.0860836
20363	-0.175084	-0.169161	4.28225	1.95327	0.456132	1.01016	3.04289	3.92581	1.92171	0.489507	7.34423	0.702405	0.472095	0.399747	0.0861709
20364	-0.139205	-0.228601	3.59289	1.80885	0.503453	1.01805	2.94665	3.92239	1.95182	0.49761	7.52829	0.669624	0.500403	0.401405	0.0864995
20365	-0.0931249	-0.175751	4.0361	1.85188	0.458829	0.852724	2.89238	4.29247	1.95765	0.456065	10.5221	0.447315	0.457405	0.381978	0.0869099
20366	-0.183872	-0.279827	3.69711	1.8865	0.510264	0.868923	2.86926	3.81922	1.89843	0.497073	8.94708	0.554189	0.503561	0.395896	0.0870927
20367	-0.249797	-0.244462	4.04821	1.94785	0.481164	0.743401	2.80318	3.65471	2.02215	0.553299	9.41576	0.493222	0.515389	0.36916	0.086987
20368	-0.307992	-0.294699	3.84525	1.85741	0.483041	0.774733	2.7541	4.0404	1.87634	0.464396	7.92905	0.586146	0.473487	0.383738	0.0873882
20369	-0.366538	-0.336997	3.67951	1.75372	0.476616	0.7418	2.78475	3.80889	1.87775	0.492991	7.93325	0.614207	0.484945	0.401638	0.0877091
20370	-0.362101	-0.339616	3.95829	1.81416	0.45832	0.78097	2.78786	3.68523	1.92274	0.52174	7.48588	0.653306	0.488897	0.395657	0.0881127
20371	-0.31361	-0.343332	3.67836	1.81624	0.493763	0.706008	2.74379	3.74844	1.92792	0.514327	9.16711	0.519811	0.504142	0.389001	0.088312
20372	-0.315729	-0.309589	3.80721	1.87254	0.491841	0.686687	2.65495	4.07489	2.13579	0.524133	8.74618	0.502418	0.508535	0.354178	0.088657
20373	-0.435231	-0.366081	3.7627	1.81426	0.48217	0.731602	2.69567	4.15395	2.05144	0.493852	6.8853	0.680749	0.4883	0.37755	0.0889093
20374	-0.268181	-0.270826	4.03271	1.78138	0.441732	0.733553	2.73858	4.29925	2.13623	0.496884	9.02521	0.501735	0.47019	0.366378	0.0891952
20375	-0.31912	-0.32501	4.03302	1.97711	0.49023	0.754761	2.78069	4.10697	2.08597	0.50791	8.36386	0.576611	0.499151	0.372558	0.0896994
20376	-0.315529	-0.316607	3.94226	1.7934	0.454916	0.745015	2.76682	4.24474	2.02051	0.476004	8.45296	0.562377	0.46585	0.384056	0.0900629
20377	-0.315965	-0.303137	4.0276	1.87562	0.465693	0.840507	2.83027	3.7818	1.92477	0.508956	7.34114	0.668713	0.486644	0.392537	0.089879
20378	-0.261226	-0.27497	3.87054	1.84274	0.476094	0.880581	2.85787	4.05417	1.90779	0.470574	7.52819	0.651862	0.47327	0.395605	0.0900726
20379	-0.188965	-0.269611	3.6876	1.80026	0.488194	0.801947	2.77444	3.86477	1.9414	0.502333	9.43697	0.490954	0.495429	0.3825	0.0906897
20380	-0.315578	-0.23248	3.82017	1.92895	0.504939	0.79438	2.73829	4.07036	1.89157	0.464719	7.16346	0.616004	0.484191	0.366203	0.0909659
20381	-0.197929	-0.225275	3.69738	1.83409	0.496052	0.697313	2.73304	3.86145	1.84239	0.477123	10.9196	0.400729	0.486382	0.3732	0.0909177
20382	-0.196441	-0.219193	3.98571	1.90238	0.4773	0.613108	2.6921	4.01369	1.95629	0.487404	12.9327	0.327684	0.48237	0.354591	0.091296
20383	-0.244918	-0.218661	3.89091	1.81316	0.465999	0.823362	2.76997	3.94017	1.83243	0.465064	7.8266	0.570612	0.465528	0.379968	0.0915059
20384	-0.146827	-0.212498	3.72719	1.79954	0.482815	0.726501	2.80814	3.91901	1.82527	0.465747	11.9631	0.381351	0.474067	0.386355	0.0917362
20385	-0.165846	-0.187105	3.59846	1.89348	0.526191	0.860554	2.88861	3.87943	1.89144	0.487556	8.97966	0.526748	0.506148	0.384677	0.0920561
20386	-0.193911	-0.170236	3.862	1.83835	0.476009	0.859923	2.89692	3.93157	1.88123	0.478494	8.47088	0.555283	0.477262	0.387484	0.0922444
20387	-0.207795	-0.180771	3.5057	1.70772	0.487127	0.936791	2.96308	3.75441	1.92558	0.512885	7.54443	0.655039	0.500447	0.404912	0.0925101
20388	-0.138928	-0.177671	4.02239	1.74381	0.433526	1.03223	3.04296	4.06174	1.97702	0.486743	7.5622	0.685812	0.460264	0.410818	0.0927734
20389	-0.165546	-0.196882	3.83592	1.8002	0.4693	0.98697	3.02105	3.9796	1.96466	0.493683	7.79578	0.664146	0.481715	0.407568	0.0932427
20390	-0.18462	-0.169064	4.08751	1.80605	0.441846	1.04311	3.01382	4.0316	2.07687	0.515149	6.72101	0.753664	0.478245	0.394889	0.09331
20391	-0.136649	-0.182476	3.75192	1.79038	0.477189	1.04755	3.05152	3.98017	1.95432	0.491015	7.45819	0.701158	0.484306	0.411275	0.0935608
20392	-0.164024	-0.192888	3.84054	1.6637	0.433195	1.17408	3.12126	4.22754	1.95497	0.462436	6.13429	0.895259	0.448517	0.431557	0.0944571
20393	-0.215145	-0.221893	3.87088	1.92554	0.497443	1.0469	3.08575	4.21236	1.99724	0.474139	6.86891	0.796379	0.485299	0.41093	0.0947092
20394	-0.111041	-0.23703	4.05159	2.01034	0.496184	1.12621	3.05153	3.62474	1.86721	0.515129	7.06478	0.765392	0.50513	0.410937	0.0951435
20395	-0.175262	-0.173521	4.05539	1.97077	0.485963	1.07578	3.08361	4.24591	1.91444	0.450891	6.77842	0.782552	0.468025	0.405819	0.0951186
20396	-0.267025	-0.21386	3.78304	1.8587	0.491324	1.07744	3.10288	4.02232	2.06989	0.514601	6.0859	0.90379	0.503319	0.411901	0.0954256
20397	-0.238337	-0.231143	3.89593	1.74536	0.447995	1.0921	3.12406	3.76273	1.94516	0.516955	6.35993	0.885026	0.481875	0.432776	0.095996
20398	-0.220311	-0.256523	3.6511	1.95148	0.53449	1.18459	3.12527	3.88789	1.79657	0.462094	5.79436	0.986869	0.497155	0.432855	0.0959623
20399	-0.169384	-0.224436	3.75412	1.75466	0.467396	1.18609	3.16301	4.2473	1.86321	0.438682	6.24539	0.91866	0.452154	0.442375	0.0964828
20400	-0.164453	-0.190434	3.84056	1.77458	0.462063	1.12635	3.12591	3.89319	2.03641	0.523071	6.60088	0.833082	0.492775	0.419224	0.0966235
20401	-0.135865	-0.249256	3.92913	1.74172	0.443284	1.19841	3.15801	3.56422	1.87419	0.525834	6.52106	0.890151	0.482549	0.445389	0.0968719
20402	-0.2307	-0.278794	3.72583	1.84268	0.494568	1.15054	3.15529	3.87305	1.84775	0.47708	6.18137	0.953907	0.485654	0.444223	0.0969986
20403	-0.272697	-0.271493	3.82787	1.87303	0.489314	1.18472	3.20793	3.82844	1.77158	0.462741	5.69964	1.06203	0.476026	0.453805	0.0973242
20404	-0.148178	-0.228317	3.94159	1.79973	0.456599	1.11442	3.15235	3.85692	1.82539	0.473278	7.16924	0.797081	0.464848	0.440894	0.0973661
20405	-0.0952362	-0.179914	3.56547	1.81905	0.510185	1.08682	3.06125	3.82734	1.96136	0.51246	7.51839	0.698628	0.511363	0.410049	0.0975779
20406	-0.191576	-0.191105	3.60114	1.87874	0.521707	1.01665	3.05386	3.76291	1.85679	0.493445	7.21309	0.729908	0.507266	0.41351	0.0974981
20407	-0.240111	-0.204827	3.85342	1.8913	0.490809	1.00716	3.03324	3.94308	1.88667	0.478477	6.73987	0.777839	0.484572	0.409743	0.097914
20408	-0.173658	-0.204848	3.92297	1.91417	0.487938	0.891575	2.98401	4.21259	2.07562	0.492717	8.96153	0.567361	0.490413	0.389313	0.0979551
20409	-0.204882	-0.223955	3.99654	2.01577	0.504378	0.974431	3.01428	4.09283	1.9856	0.485142	7.53978	0.69539	0.494646	0.395949	0.0985598
20410	-0.284673	-0.19462	4.01038	2.08313	0.519435	0.922103	2.96566	3.83118	1.84074	0.480462	6.85801	0.728153	0.500394	0.388992	0.0985542
20411	-0.237492	-0.172518	4.04817	1.97206	0.487148	1.06892	3.05854	4.17473	2.06281	0.494117	6.11683	0.853361	0.490686	0.392898	0.0984658
20412	-0.303797	-0.257752	3.94656	2.01121	0.50961	0.96557	3.01799	4.0604	1.99669	0.491747	6.65954	0.805646	0.500551	0.401079	0.0985407
20413	-0.298318	-0.269189	4.01613	1.99253	0.496132	1.00604	3.01831	3.86954	2.10132	0.543042	6.35238	0.850675	0.519151	0.397707	0.0986779
20414	-0.288088	-0.26816	4.14366	2.01133	0.485401	1.07707	3.03035	3.86901	2.09581	0.541691	5.83811	0.931822	0.512581	0.398533	0.0990102
20415	-0.149028	-0.19194	4.00046	1.79759	0.449347	1.04765	3.03072	3.86383	2.03224	0.525966	7.2523	0.716019	0.486991	0.404151	0.0990347
20416	-0.195421	-0.178569	3.95219	1.84395	0.466565	1.01469	3.05714	3.91569	1.94792	0.497466	7.14975	0.73218	0.481944	0.408502	0.0993536
20417	-0.0945114	-0.160125	3.76655	1.92874	0.51207	1.0329	3.01875	4.00869	2.07474	0.51756	7.95026	0.635528	0.514901	0.387009	0.0996891
20418	-0.151683	-0.109001	3.93633	1.90899	0.484967	1.07697	3.00911	4.00941	1.94213	0.484393	6.4406	0.754791	0.484677	0.387056	0.099708
20419	-0.173527	-0.173721	3.76819	1.97027	0.522869	0.948689	2.98222	3.91305	1.92416	0.49173	7.90867	0.629685	0.507006	0.390129	0.099858
20420	-0.108602	-0.208344	3.78146	1.81937	0.48113	1.01836	3.02288	3.92051	1.92458	0.490901	8.22074	0.635027	0.486104	0.410907	0.100107
20421	-0.267193	-0.234044	3.62167	1.74785	0.48261	0.974974	2.97677	4.07241	1.95575	0.480243	6.68146	0.771489	0.481357	0.410464	0.100536
20422	-0.281967	-0.279306	3.7912	1.79804	0.474266	1.03759	2.9955	3.93397	1.99313	0.506645	6.15906	0.870618	0.490755	0.414366	0.100835
20423	-0.337889	-0.33504	3.8756	1.76926	0.456513	1.07406	3.02782	4.14138	1.93522	0.467288	5.67258	0.996797	0.462079	0.432968	0.101124
20424	-0.432546	-0.375763	3.74757	1.89305	0.50514	1.0145	3.0035	3.90267	2.01727	0.516896	5.45357	1.04697	0.511137	0.422116	0.101041
20425	-0.366723	-0.303967	3.87589	1.83314	0.47296	1.01213	3.00141	4.00404	2.04833	0.511567	5.74652	0.950621	0.492577	0.413163	0.101238
20426	-0.28575	-0.282427	3.92121	1.89239	0.482605	1.01227	3.00302	4.37439	2.14029	0.489277	6.40653	0.842432	0.486123	0.401019	0.101388
20427	-0.319528	-0.339995	3.90724	1.93901	0.49626	1.06167	3.03393	4.31396	1.92006	0.445081	5.96708	0.95385	0.469405	0.424564	0.102225
20428	-0.478514	-0.402011	3.85275	2.06467	0.535895	1.0321	3.01918	3.76184	2.03501	0.540963	5.12919	1.14097	0.538399	0.416605	0.102356
20429	-0.422155	-0.39344	3.8874	1.85537	0.477278	1.03808	3.00921	3.93783	2.04052	0.518183	5.42985	1.06615	0.497863	0.426388	0.102475
20430	-0.318589	-0.311776	3.61019	1.80458	0.499856	1.06912	3.04067	3.93341	1.95611	0.497307	5.83612	0.962872	0.498527	0.427755	0.102914
20431	-0.396461	-0.361579	3.63609	1.83079	0.503506	0.997173	2.95764	3.78848	1.92481	0.508069	5.67248	0.971109	0.505834	0.423216	0.102991
20432	-0.392167	-0.366637	3.87278	1.82677	0.471695	0.903962	2.9328	3.86617	1.96685	0.508734	6.48014	0.839975	0.490199	0.417849	0.103327
20433	-0.376642	-0.333238	4.00002	1.86334	0.465833	0.847313	2.87541	4.01293	1.93853	0.483071	6.87248	0.749033	0.474466	0.403817	0.10357
20434	-0.330189	-0.359268	4.14579	1.81843	0.438619	0.83973	2.83383	4.17448	1.98862	0.476376	7.44926	0.684355	0.457563	0.401153	0.104162
20435	-0.249357	-0.263475	3.65278	1.77949	0.487161	0.903526	2.89234	3.69503	1.92499	0.520966	7.49296	0.66457	0.504161	0.402071	0.104683
20436	-0.316868	-0.246349	3.85471	1.97206	0.511598	0.980465	2.93796	3.92259	1.84698	0.470858	6.0246	0.841537	0.49105	0.399075	0.105017
20437	-0.162265	-0.223524	4.01522	2.03336	0.506414	0.941985	2.85448	3.88347	1.89551	0.488098	7.76969	0.609684	0.497408	0.376229	0.104953
20438	-0.244831	-0.288412	3.94784	1.92502	0.487612	0.807305	2.84835	4.1637	1.94682	0.467569	8.8883	0.553495	0.477324	0.388614	0.105169
20439	-0.314509	-0.315995	4.15686	1.83544	0.441545	0.840661	2.86917	3.93851	2.00033	0.50789	7.60277	0.667209	0.473823	0.398156	0.105518
20440	-0.364996	-0.36778	3.93032	1.94925	0.495951	0.738479	2.821	3.77615	1.83937	0.487101	8.35071	0.608828	0.491615	0.401668	0.105623
20441	-0.345853	-0.371257	3.96774	1.86324	0.469596	0.880806	2.82467	3.97883	1.95843	0.492212	6.78805	0.752346	0.48092	0.400657	0.105798
20442	-0.385641	-0.386444	3.89246	1.85401	0.47631	0.805438	2.74594	3.92011	1.91671	0.488942	6.91623	0.709334	0.482648	0.394253	0.106181
20443	-0.531632	-0.454554	3.83717	1.76741	0.460602	0.826263	2.8066	3.62623	1.91206	0.527285	5.7678	0.921939	0.493001	0.419604	0.106762
20444	-0.486064	-0.477878	3.96384	2.01448	0.508215	0.928288	2.82265	3.80704	1.94848	0.511809	5.44567	1.0002	0.509976	0.407425	0.107018
20445	-0.528146	-0.500954	3.94676	2.02692	0.513566	0.875579	2.84027	3.57806	1.80402	0.504191	5.66562	0.985222	0.509108	0.421595	0.107422
20446	-0.450875	-0.461346	4.07155	2.01547	0.495013	0.736239	2.87426	4.41342	1.91646	0.434234	7.89522	0.704619	0.463399	0.414445	0.107789
20447	-0.503872	-0.520938	4.10701	1.9551	0.47604	0.811675	2.87228	4.00066	1.91155	0.477809	6.65291	0.865332	0.476913	0.426872	0.108089
20448	-0.540793	-0.486769	3.62	1.8193	0.502567	0.868086	2.8391	4.06155	1.8824	0.463469	5.57265	0.99247	0.481895	0.427728	0.10774
20449	-0.589543	-0.55528	3.86407	1.91009	0.494321	0.832409	2.78682	4.12159	2.01673	0.48931	5.5242	1.01097	0.491735	0.415706	0.107839
20450	-0.558766	-0.586611	3.54094	1.7627	0.497808	0.703639	2.78512	3.87339	1.89073	0.488132	7.13357	0.796834	0.492753	0.437673	0.108269
20451	-0.565806	-0.582176	3.8158	1.86736	0.489375	0.792118	2.81849	4.06463	1.93547	0.476175	6.27157	0.921979	0.482567	0.432024	0.108734
20452	-0.597877	-0.50568	4.00684	1.85505	0.46297	0.733482	2.79381	3.94801	1.9815	0.501898	6.14191	0.886259	0.48229	0.415122	0.108866
20453	-0.547122	-0.539238	3.55544	1.86982	0.525903	0.786865	2.73815	4.20542	2.04577	0.48646	6.03602	0.889761	0.50453	0.406931	0.108933
20454	-0.54899	-0.515456	3.61314	1.76896	0.48959	0.760585	2.76625	3.87895	1.96015	0.50533	6.27971	0.857493	0.497739	0.419401	0.108998
20455	-0.568321	-0.538306	3.54939	1.6479	0.464277	0.856386	2.81838	3.82491	2.0048	0.524143	5.551	1.01489	0.495329	0.435523	0.109417
20456	-0.461203	-0.432764	3.63972	1.75547	0.48231	0.962817	2.89511	3.68256	1.99682	0.542235	5.46138	1.01392	0.512448	0.424704	0.109205
20457	-0.411776	-0.41851	3.60484	1.72867	0.479542	0.94882	2.89775	4.11977	2.18192	0.529623	5.94072	0.92561	0.506251	0.412944	0.109375
20458	-0.422266	-0.384259	4.11761	1.81161	0.439966	0.853903	2.8638	3.8671	2.01559	0.521216	6.47787	0.814304	0.479316	0.408104	0.109386
20459	-0.205693	-0.246715	3.81875	1.87847	0.491906	0.947844	2.93878	4.11425	1.84219	0.44776	7.6259	0.665323	0.469011	0.405529	0.109558
20460	-0.2183	-0.275161	3.70116	1.84491	0.498469	0.86101	2.84445	4.35596	1.9411	0.445621	8.35426	0.582454	0.469897	0.391337	0.109761
20461	-0.332624	-0.267197	3.87357	1.91796	0.495141	0.872483	2.87322	4.03154	1.95751	0.48555	6.79085	0.726142	0.490249	0.388945	0.110392
20462	-0.32663	-0.317671	3.97096	1.94037	0.48864	0.795191	2.82996	3.79806	1.92358	0.506465	7.87263	0.629242	0.497354	0.390744	0.110901
20463	-0.271539	-0.310791	4.38884	1.97798	0.450685	0.903679	2.8501	3.96823	1.8575	0.468093	7.23406	0.690568	0.458951	0.394512	0.111107
20464	-0.328325	-0.319984	3.87599	2.0448	0.527557	0.819144	2.78682	3.7636	1.91929	0.509961	7.33071	0.658343	0.518888	0.378509	0.111001
20465	-0.23323	-0.244973	3.98148	1.92023	0.48229	0.802819	2.7889	3.94607	1.86586	0.47284	8.575	0.536698	0.477586	0.378141	0.11118
20466	-0.250848	-0.254898	3.77608	1.79387	0.475061	0.772935	2.74893	3.6506	1.89734	0.519734	8.60863	0.524066	0.49702	0.379429	0.111206
20467	-0.289728	-0.244437	3.82804	1.84824	0.482816	0.795038	2.78403	3.76036	1.95257	0.51925	7.79421	0.588359	0.50087	0.376391	0.111144
20468	-0.230296	-0.224786	3.6951	1.84754	0.499997	0.804361	2.8103	3.71567	1.84702	0.49709	8.60495	0.535257	0.498539	0.384101	0.111182
20469	-0.216768	-0.201585	4.13372	1.97369	0.477461	0.864532	2.86147	3.82618	2.03202	0.531083	8.0245	0.584605	0.503236	0.369424	0.111517
20470	-0.215604	-0.212602	3.50508	1.83103	0.522394	0.912386	2.93718	3.92572	1.98875	0.506596	7.7974	0.636181	0.514047	0.39381	0.111805
20471	-0.0899889	-0.139459	3.83147	1.88151	0.491068	0.933948	2.99091	4.39893	2.30932	0.524973	9.3464	0.524223	0.509189	0.369027	0.11168
20472	-0.151356	-0.199943	4.18358	1.94256	0.46433	1.01653	2.93628	4.26647	2.07023	0.485233	7.21134	0.681973	0.474884	0.380071	0.111959
20473	-0.215993	-0.231273	3.91449	1.841	0.470304	0.880052	2.85639	4.07869	2.02141	0.495603	7.936	0.600657	0.483213	0.381719	0.112036
20474	-0.170488	-0.170234	3.72691	1.79236	0.480925	0.875104	2.82982	4.06619	1.8801	0.462374	8.23253	0.546631	0.471245	0.380035	0.11187
20475	-0.208522	-0.164869	4.03534	1.94915	0.483019	0.839988	2.91301	3.88701	1.88297	0.484426	8.617	0.549687	0.483709	0.382079	0.111835
20476	-0.190175	-0.154111	3.99627	1.8428	0.46113	0.867396	2.94903	3.95129	1.93542	0.48982	8.60962	0.559228	0.475394	0.389309	0.111776
20477	-0.0106288	-0.0727441	3.74737	1.73618	0.463305	0.891363	2.91273	3.85235	1.93705	0.502824	10.9553	0.406794	0.483337	0.377694	0.111961
20478	-0.12094	-0.102607	3.56761	1.86749	0.523457	0.93723	2.98151	4.09253	2.03978	0.498414	8.49477	0.559861	0.510078	0.378457	0.112245
20479	-0.193593	-0.124424	3.83751	1.86585	0.486213	0.947883	2.95404	3.8008	1.96118	0.51599	7.27336	0.651485	0.50103	0.382484	0.112608
20480	-0.19496	-0.238118	3.82054	1.91524	0.501301	0.857136	2.8547	3.9236	2.0326	0.518044	8.64168	0.553452	0.509784	0.377353	0.112406
20481	-0.205023	-0.201844	3.53248	1.88101	0.53249	0.955271	2.87825	4.282	2.02336	0.472528	7.0468	0.673141	0.499633	0.378017	0.112332
20482	-0.186998	-0.182221	4.01324	1.8862	0.469995	0.753636	2.82778	4.21714	1.98954	0.471774	10.2398	0.442396	0.470907	0.368967	0.112905
20483	-0.224902	-0.213942	3.95299	1.91535	0.484531	0.752711	2.77997	3.85235	1.80328	0.468098	9.37874	0.477864	0.47642	0.376135	0.113115
20484	-0.263886	-0.226571	3.84687	1.90312	0.49472	0.89246	2.84318	3.86334	1.93252	0.50022	7.04741	0.668569	0.497476	0.380615	0.11344
20485	-0.205233	-0.212998	3.42688	1.76871	0.516128	0.769184	2.7855	4.02917	1.89615	0.470607	9.46928	0.474744	0.491529	0.380279	0.113463
20486	-0.267503	-0.27104	3.83969	1.91171	0.497881	0.691151	2.7568	3.64733	1.79795	0.49295	9.97568	0.459509	0.495479	0.382008	0.113996
20487	-0.318622	-0.280613	4.05339	1.93673	0.477805	0.762822	2.74938	3.68947	1.83545	0.497483	7.85008	0.584761	0.487182	0.378404	0.114624
20488	-0.274371	-0.264499	4.09903	1.91162	0.466358	0.816406	2.78703	3.73742	1.9127	0.511769	7.8264	0.594897	0.488016	0.378507	0.1149
20489	-0.192841	-0.211121	3.84596	1.90343	0.494916	0.771254	2.75229	4.19151	1.91788	0.457564	9.44813	0.464739	0.475437	0.365006	0.115701
20490	-0.220804	-0.22417	3.81866	1.83913	0.481617	0.723361	2.72647	4.01304	2.01396	0.501854	9.76646	0.445724	0.491987	0.361093	0.115723
20491	-0.316712	-0.247717	3.66036	1.71502	0.468539	0.747599	2.74584	3.59818	1.97205	0.548071	7.9111	0.566379	0.507964	0.37808	0.115911
20492	-0.194926	-0.284225	3.29991	1.63114	0.494298	0.832325	2.80607	3.98475	2.01238	0.50502	9.04997	0.527622	0.500163	0.395988	0.115954
20493	-0.292256	-0.296115	4.01892	1.80345	0.44874	0.6113	2.73289	4.07978	1.99398	0.488746	11.238	0.408207	0.468893	0.376683	0.116189
20494	-0.34095	-0.28585	4.09348	1.88037	0.459358	0.789675	2.76139	4.02214	1.97443	0.490891	7.26402	0.639156	0.474986	0.375982	0.116492
20495	-0.342078	-0.292978	3.95769	1.86714	0.471776	0.803311	2.77402	4.0647	1.97428	0.485714	7.17005	0.655957	0.478838	0.379838	0.116876
20496	-0.255254	-0.237646	3.94067	1.8069	0.458526	0.810878	2.79853	3.7172	1.97479	0.531257	8.11021	0.568319	0.49383	0.378771	0.117094
20497	-0.200264	-0.272236	3.78003	1.79419	0.474648	0.890201	2.89185	4.19861	2.04913	0.48805	8.41927	0.594556	0.481701	0.394509	0.117378
20498	-0.237734	-0.30086	3.78491	1.80805	0.4777	0.853537	2.88136	3.96737	1.87809	0.473385	8.50344	0.595436	0.475492	0.407281	0.117377
20499	-0.404914	-0.392172	3.9142	1.92108	0.490797	0.925822	2.92525	3.94663	1.96089	0.49685	6.21465	0.885429	0.493836	0.414896	0.117739
20500	-0.448614	-0.46716	3.80504	1.84862	0.485835	0.964737	2.978	3.96969	1.97756	0.498164	5.94181	0.998781	0.49213	0.436908	0.11813
