cycle	Zbar1	Gbar1	VP1	VG1	h21	Zbar2	Gbar2	VP2	VG2	h22	h2b	h2b_denom	h2w	Qst	Fst
20000	0.0312907	0.0469635	4.11786	2.00437	0.486751	-1.96411	-0.0220878	4.08305	2.03734	0.498976	0.00119753	1.99081	0.492838	0.00029499	0.0003785
20001	-0.0107193	0.0725907	4.32412	1.92477	0.445125	-2.06364	-0.0229752	3.78378	1.99153	0.526333	0.00216701	2.10725	0.483023	0.000582953	0.000617919
20002	0.10791	0.102213	4.19291	1.95493	0.466246	-1.89527	0.0199572	3.88064	1.86262	0.479978	0.00168613	2.00637	0.472846	0.000443111	0.000895767
20003	0.0658912	0.11447	4.09141	2.00743	0.490645	-1.84819	0.127394	3.83409	1.87425	0.488838	4.55943e-05	1.83185	0.489771	1.07638e-05	0.00112197
20004	0.175942	0.135495	3.83579	1.96558	0.512432	-1.8999	0.0706937	4.09082	2.03144	0.496584	0.000974487	2.15456	0.504253	0.000262707	0.0014448
20005	0.0789869	0.147776	3.63523	1.79824	0.49467	-1.92968	0.0907079	3.93324	1.96973	0.500791	0.000807175	2.01737	0.497851	0.000216142	0.00169698
20006	0.13922	0.187651	4.00245	1.86664	0.466373	-1.8231	0.214413	3.88429	1.89205	0.487103	0.000185993	1.92535	0.476583	4.76581e-05	0.00188768
20007	0.280089	0.228751	3.85474	1.79568	0.465838	-1.88069	0.159066	3.91319	1.86923	0.477674	0.00104007	2.33448	0.471801	0.000331309	0.00212992
20008	0.238443	0.206735	3.73656	1.92593	0.515429	-1.76231	0.211993	4.19391	1.91094	0.455648	6.90669e-06	2.0015	0.483814	1.80233e-06	0.00241376
20009	0.25803	0.190779	3.87012	1.94898	0.503597	-1.77831	0.228136	3.85969	1.94719	0.504495	0.000336547	2.07333	0.504045	8.95828e-05	0.00261238
20010	0.144447	0.232458	3.77008	1.82693	0.484586	-1.7588	0.278847	3.83787	1.92706	0.502118	0.000594071	1.81117	0.49343	0.000143361	0.00278968
20011	0.164487	0.185859	3.92128	1.8381	0.46875	-1.75408	0.270769	3.64991	1.80087	0.493401	0.00195869	1.84045	0.480634	0.000495317	0.00311504
20012	0.155274	0.161789	3.72165	1.90307	0.511351	-1.5912	0.386974	4.07752	1.95981	0.480637	0.0166246	1.52509	0.495293	0.00327266	0.00339098
20013	0.12746	0.147573	3.66101	1.82139	0.49751	-1.61732	0.400113	3.8599	1.96793	0.509841	0.0209499	1.52212	0.503839	0.00419212	0.00361235
20014	0.149835	0.1087	3.70984	1.88688	0.508615	-1.51116	0.441712	4.01572	2.04685	0.509709	0.0401958	1.37945	0.509184	0.00700196	0.00387188
20015	0.176856	0.132032	3.842	1.89489	0.493204	-1.51087	0.561376	4.01154	1.94795	0.485587	0.0647153	1.42421	0.489313	0.0118559	0.0042358
20016	0.213287	0.145779	3.79963	1.9296	0.507839	-1.30066	0.578826	3.73966	1.78694	0.477834	0.0818179	1.14602	0.492956	0.0124636	0.00449749
20017	0.110728	0.120664	4.01833	2.05886	0.512367	-1.4235	0.576323	3.92846	1.90602	0.485181	0.088207	1.17692	0.498928	0.0129288	0.00480083
20018	0.131829	0.120853	4.00388	1.97643	0.493628	-1.39301	0.642204	4.08369	1.95538	0.478827	0.116899	1.16257	0.486155	0.0169973	0.0050637
20019	0.175481	0.169875	3.95128	1.98444	0.502227	-1.32366	0.674803	3.97375	1.81408	0.456516	0.113443	1.12371	0.479307	0.0165109	0.00526111
20020	0.127474	0.148362	3.72846	1.81595	0.487051	-1.27451	0.727209	4.04943	1.8357	0.453323	0.170467	0.98278	0.469491	0.0224358	0.00559924
20021	0.126524	0.188865	3.8527	1.78232	0.462616	-1.29991	0.732078	3.63989	1.93183	0.530738	0.145023	1.01735	0.49571	0.0194846	0.00577496
20022	0.247593	0.248158	3.80499	1.85481	0.487468	-1.26822	0.750551	3.74266	2.02203	0.540265	0.109849	1.14884	0.513648	0.0160233	0.00596887
20023	0.331778	0.27036	3.68312	2.01093	0.545984	-1.09065	0.878949	4.2445	2.08739	0.491786	0.183057	1.01165	0.516966	0.0221051	0.00619468
20024	0.284509	0.320763	3.81023	1.92744	0.505861	-1.11053	0.904864	4.1275	1.8929	0.458608	0.17531	0.973062	0.48129	0.0218493	0.00631618
20025	0.397584	0.366114	4.03735	2.15778	0.534454	-1.0285	0.953642	3.96258	1.90017	0.479529	0.169734	1.01685	0.507248	0.0208336	0.00647156
20026	0.314307	0.386019	4.17709	2.09517	0.501586	-1.09276	0.878902	4.08227	2.04207	0.500229	0.122703	0.989926	0.500915	0.0144745	0.00680873
20027	0.419255	0.35013	3.77593	1.8671	0.494474	-1.05169	0.94656	3.56188	1.83259	0.514502	0.164409	1.08184	0.504196	0.0234849	0.00700899
20028	0.245033	0.30399	3.92679	1.98827	0.506334	-1.0171	0.992068	3.90573	1.89629	0.485516	0.297211	0.796492	0.495953	0.0295835	0.00738503
20029	0.348343	0.326564	4.06864	2.00488	0.492765	-0.881218	1.08436	4.02532	1.8563	0.461157	0.379847	0.755911	0.477045	0.0358661	0.00750589
20030	0.360654	0.265496	4.14987	1.90518	0.459095	-0.915449	1.08252	3.51964	1.77805	0.505179	0.409919	0.814219	0.480243	0.0433655	0.00777504
20031	0.286438	0.274166	3.86266	1.94133	0.502589	-0.852973	1.12832	3.55246	1.80978	0.509445	0.56197	0.649128	0.505874	0.0463917	0.00794994
20032	0.27914	0.216384	3.89295	1.82054	0.467651	-0.793458	1.19233	3.87653	1.90025	0.490194	0.827897	0.575233	0.478898	0.0601754	0.0082222
20033	0.191424	0.21971	3.55681	1.87562	0.527332	-0.704051	1.24657	3.77954	1.76001	0.465668	1.31497	0.400937	0.495564	0.0676371	0.00849581
20034	0.274121	0.231726	4.09928	1.91463	0.467064	-0.759605	1.22799	4.26433	2.02212	0.474195	0.928839	0.534296	0.4707	0.0593215	0.00885507
20035	0.180158	0.212309	3.96241	1.98927	0.502036	-0.816982	1.29974	3.88577	1.83779	0.472954	1.18929	0.497144	0.487637	0.0717402	0.00902245
20036	0.196586	0.18259	3.88278	2.06951	0.532996	-0.60779	1.39489	3.61956	1.83478	0.506906	2.27145	0.323511	0.520409	0.0860516	0.00908478
20037	0.231079	0.24106	3.86569	1.84046	0.476101	-0.610072	1.38706	4.00597	1.86597	0.465798	1.8562	0.353768	0.470858	0.0814131	0.00947227
20038	0.231744	0.217664	3.72689	1.97183	0.529082	-0.646429	1.36997	3.9191	1.92609	0.491463	1.72178	0.385594	0.509799	0.0785146	0.00964514
20039	0.215304	0.199254	3.90937	1.88048	0.48102	-0.650132	1.3339	3.90839	2.06345	0.527954	1.71891	0.37449	0.504484	0.0754858	0.00985499
20040	0.234568	0.237878	3.97113	1.8002	0.45332	-0.542256	1.39496	4.04501	1.90817	0.471735	2.21861	0.301728	0.462612	0.0828236	0.0101429
20041	0.104526	0.128007	4.03955	1.92262	0.475949	-0.61293	1.39208	3.9311	1.95936	0.498425	3.10421	0.257371	0.487034	0.0933445	0.0104672
20042	0.120687	0.158119	3.75865	1.74064	0.463102	-0.560257	1.44808	3.94259	1.98514	0.503512	3.58865	0.231842	0.48379	0.100485	0.0106935
20043	0.315529	0.269327	4.05959	1.84371	0.454161	-0.426436	1.60544	3.94363	1.85273	0.469804	3.24278	0.275257	0.461869	0.107778	0.0110003
20044	0.38257	0.407821	3.92457	1.89957	0.48402	-0.299641	1.71761	3.89586	1.91777	0.492258	3.68609	0.232706	0.488124	0.10105	0.0113625
20045	0.407021	0.391833	3.51568	1.84942	0.526049	-0.236446	1.72752	3.70491	1.91854	0.517836	4.30878	0.207025	0.521835	0.105889	0.0116833
20046	0.44296	0.385755	3.96774	1.98841	0.501143	-0.156191	1.81035	3.95906	1.88207	0.475383	5.6534	0.179491	0.488277	0.115946	0.0118933
20047	0.437342	0.482759	3.92885	1.92594	0.490204	-0.169467	1.86831	3.93441	1.86682	0.474486	5.21366	0.184108	0.48234	0.112377	0.0123554
20048	0.48471	0.433592	3.86544	1.96354	0.507973	-0.0531305	1.88075	3.99296	1.86542	0.467177	7.23976	0.144636	0.487244	0.120343	0.0124503
20049	0.403475	0.43445	4.23992	2.03497	0.479955	-0.0313302	2.00797	3.7451	1.96225	0.523952	13.0965	0.0945279	0.50059	0.134149	0.0124746
20050	0.548326	0.52031	3.88956	2.01979	0.519285	-0.00339176	2.02463	4.23817	2.01057	0.474395	7.43444	0.152196	0.495877	0.123147	0.0126814
20051	0.480404	0.455873	4.10751	2.02949	0.494092	0.123482	2.06359	4.10968	1.98506	0.48302	20.2895	0.0636966	0.488555	0.138705	0.0129004
20052	0.478146	0.423134	4.06406	1.94328	0.478163	0.061329	2.10267	4.14047	2.00732	0.484805	16.2364	0.0868682	0.481515	0.151534	0.0132799
20053	0.363913	0.368088	3.73925	1.99112	0.532492	0.201637	2.19279	4.00281	1.97361	0.493055	126.438	0.0131667	0.512102	0.17359	0.013467
20054	0.343454	0.386856	3.88246	1.94135	0.50003	0.238172	2.2264	4.06409	2.10307	0.517476	305.286	0.00554218	0.508953	0.173059	0.0136882
20055	0.442359	0.406692	4.06185	2.03102	0.500024	0.140819	2.2141	3.90222	2.05435	0.526457	35.9272	0.045463	0.512976	0.166669	0.0138285
20056	0.41998	0.38082	3.96508	2.01611	0.508466	0.242163	2.26388	4.01035	1.97247	0.491845	112.145	0.0158095	0.500108	0.181914	0.0140131
20057	0.43264	0.347321	3.79676	1.92663	0.507441	0.190992	2.2754	3.81269	2.01593	0.528743	63.6624	0.029197	0.518114	0.190838	0.0143538
20058	0.341157	0.377695	4.01297	1.84796	0.460496	0.288933	2.23764	4.13225	1.91821	0.464205	1268.4	0.00136368	0.462377	0.186828	0.014582
20059	0.345682	0.381883	3.74672	1.84366	0.492072	0.200741	2.25312	3.93829	1.86504	0.473567	166.677	0.010504	0.482589	0.191038	0.0149858
20060	0.405306	0.437278	3.92386	1.81158	0.461683	0.0597693	2.17841	4.12838	2.01967	0.489216	25.3908	0.0596978	0.475799	0.165217	0.0151556
20061	0.363235	0.429528	4.11533	2.10431	0.511335	0.244733	2.25844	3.84479	1.96297	0.510554	238.194	0.00702142	0.510958	0.170608	0.0153044
20062	0.39284	0.438767	4.0917	2.05617	0.502521	0.327971	2.29963	3.76243	1.91217	0.508228	822.893	0.00210404	0.505255	0.179158	0.0154587
20063	0.472595	0.521994	4.31872	2.1401	0.49554	0.295487	2.31364	3.79514	1.84069	0.485012	102.337	0.0156835	0.490616	0.167842	0.0158215
20064	0.524431	0.516501	3.99319	2.09448	0.524512	0.362134	2.3571	4.01256	1.91528	0.47732	128.618	0.0131701	0.500859	0.174461	0.0160318
20065	0.391268	0.479547	3.68266	1.9484	0.529073	0.471513	2.41119	3.80634	2.02781	0.532747	579.451	0.00321964	0.53094	0.190097	0.0161939
20066	0.437262	0.473389	3.91852	2.00054	0.510536	0.517539	2.47339	4.3912	2.17792	0.495973	620.704	0.00322214	0.50284	0.193185	0.0164973
20067	0.380978	0.458053	3.71856	1.92346	0.517259	0.565967	2.54499	4.30188	2.06706	0.480502	127.27	0.0171104	0.497544	0.214448	0.0166417
20068	0.461826	0.451124	3.91608	1.94524	0.496732	0.544589	2.59017	4.1021	1.98639	0.484237	667.973	0.00342492	0.49034	0.225459	0.0167257
20069	0.450691	0.433682	4.22695	2.0063	0.474646	0.682409	2.63481	3.767	1.97175	0.523427	90.2341	0.0268467	0.497633	0.233501	0.0170716
20070	0.421529	0.483192	3.8832	2.08043	0.535751	0.647164	2.61003	3.94812	1.89871	0.480914	88.8498	0.0254554	0.508105	0.221389	0.017305
20071	0.440055	0.447074	3.77163	1.95347	0.517939	0.632926	2.60492	4.09414	1.99108	0.486323	125.171	0.0185996	0.501483	0.227952	0.0177597
20072	0.453579	0.44357	3.84751	1.98545	0.516036	0.646059	2.6118	3.70301	1.91894	0.518212	126.895	0.0185242	0.517103	0.231463	0.0180638
20073	0.352492	0.415608	3.75701	1.77468	0.472364	0.534719	2.60307	3.88309	1.88689	0.485924	144.098	0.0166033	0.479256	0.246345	0.0183235
20074	0.471866	0.390746	3.94816	1.81959	0.46087	0.585926	2.60632	3.83784	1.84552	0.480874	377.319	0.00650481	0.47073	0.250936	0.0184307
20075	0.424412	0.415769	3.8732	1.85608	0.479211	0.57672	2.61562	4.16012	1.89565	0.455673	208.612	0.011599	0.467021	0.243934	0.0185444
20076	0.332466	0.365845	3.89976	1.8256	0.46813	0.629776	2.65724	3.80115	1.89018	0.497266	59.3993	0.0441965	0.482511	0.261138	0.0187006
20077	0.416177	0.342083	3.82154	1.93835	0.507216	0.686453	2.61021	3.76151	1.85797	0.493943	70.4236	0.0365247	0.500632	0.253143	0.0189409
20078	0.362562	0.383084	4.0192	1.85582	0.461738	0.684841	2.68749	3.8293	1.87239	0.488964	51.1276	0.0519318	0.475022	0.262682	0.0190541
20079	0.444382	0.426866	3.64015	1.82279	0.500746	0.82632	2.70843	4.21791	1.92752	0.456986	35.6845	0.0729381	0.477257	0.257708	0.0192688
20080	0.468209	0.461484	3.79191	1.86132	0.490866	0.642225	2.68379	4.23147	2.08066	0.491711	163.09	0.0151408	0.491312	0.238597	0.0195834
20081	0.402097	0.365485	3.85959	1.8542	0.480414	0.659421	2.72189	3.68121	1.8267	0.496222	83.8566	0.0331079	0.488131	0.273949	0.0197048
20082	0.425044	0.402618	3.72652	1.83145	0.491463	0.803187	2.73422	3.77991	1.80799	0.478316	38.0184	0.0714963	0.484843	0.271997	0.0200461
20083	0.35128	0.386922	3.81212	1.99548	0.523457	0.759125	2.78254	3.91837	1.97695	0.504533	34.502	0.0831687	0.513865	0.265438	0.0205285
20084	0.249639	0.373598	4.06178	2.03671	0.501433	0.832479	2.82614	4.36503	2.12517	0.486862	17.7067	0.169851	0.493885	0.265513	0.0206245
20085	0.397974	0.415524	4.02269	1.84191	0.45788	0.899162	2.83118	4.1948	2.14887	0.512271	23.231	0.125595	0.485645	0.267794	0.020985
20086	0.399184	0.415443	3.74117	1.90818	0.510049	0.758164	2.83956	4.29254	2.13465	0.497292	45.6003	0.0644335	0.503233	0.266628	0.021356
20087	0.509899	0.44098	3.7433	1.89094	0.505154	0.878647	2.90305	3.52533	2.04494	0.580072	44.5802	0.0679874	0.541489	0.278096	0.0216778
20088	0.413291	0.433004	3.8778	1.80592	0.465706	0.913049	2.90378	4.12971	2.06438	0.499886	24.4426	0.124879	0.483334	0.282912	0.0219828
20089	0.569518	0.481629	3.8949	1.80567	0.463597	0.897265	2.86646	4.11029	1.97774	0.481169	52.9467	0.0537091	0.472619	0.273257	0.0221279
20090	0.614596	0.563689	3.85118	1.85387	0.481378	0.994063	2.9896	3.92739	1.8173	0.462724	40.8698	0.0719973	0.47196	0.286204	0.0223173
20091	0.577733	0.616384	3.92474	1.88879	0.481252	1.019	2.99987	3.84918	1.74011	0.452072	29.1764	0.0973564	0.466804	0.281387	0.0226115
20092	0.673185	0.61838	4.12317	1.84795	0.448186	0.936003	3.00433	4.08998	1.96628	0.480755	82.4162	0.0345366	0.464404	0.271834	0.022704
20093	0.659803	0.67354	3.96286	1.89087	0.477147	0.989755	2.96924	4.21048	2.05515	0.488103	48.409	0.0544343	0.482791	0.25041	0.0230134
20094	0.725157	0.622201	3.77517	1.73119	0.458574	0.961094	2.98468	4.00032	1.99595	0.498948	100.263	0.0278331	0.479345	0.272492	0.0233586
20095	0.611614	0.6091	3.80984	1.82855	0.479956	1.03226	3.00856	3.9699	1.90658	0.48026	32.5387	0.0884703	0.480111	0.278264	0.0238506
20096	0.667296	0.651582	4.17608	2.01948	0.483583	1.20461	3.14545	3.76593	1.9489	0.517507	21.5422	0.144354	0.499669	0.281612	0.0240155
20097	0.76641	0.733626	3.5605	1.77918	0.499701	1.18449	3.18152	3.96806	1.88096	0.474025	34.2815	0.0873966	0.486168	0.290524	0.0243332
20098	0.759816	0.762552	3.76261	1.8048	0.479666	1.31413	3.1939	4.16341	1.94887	0.468095	19.2388	0.153634	0.473588	0.282593	0.0246142
20099	0.678453	0.721121	3.78768	1.83847	0.48538	1.108	3.16741	4.05844	2.0001	0.492824	32.4336	0.0922552	0.48923	0.280548	0.0248709
20100	0.649326	0.667818	3.89275	1.80513	0.463717	1.10726	3.15512	3.91712	1.91798	0.48964	29.5023	0.104851	0.476719	0.293602	0.024963
20101	0.615063	0.643658	3.82337	1.85963	0.486386	1.0221	3.09306	4.15815	1.99164	0.478972	36.2115	0.0828404	0.482523	0.280393	0.0251731
20102	0.689043	0.642915	4.078	1.90931	0.468198	1.09007	3.13855	3.72723	1.90427	0.510908	38.7279	0.0804094	0.488594	0.290021	0.0255291
20103	0.783306	0.733983	3.97405	1.97258	0.496365	1.14939	3.14293	4.1554	2.04725	0.492672	43.2998	0.0670095	0.494477	0.265289	0.0256232
20104	0.733568	0.760607	4.04049	2.06651	0.511451	1.09695	3.12103	3.89648	1.75631	0.450741	42.1934	0.0660245	0.481647	0.267156	0.0258829
20105	0.792046	0.779513	3.89668	1.94524	0.499203	1.17529	3.16852	3.60896	1.87147	0.518563	38.8572	0.0734398	0.508512	0.272212	0.0262457
20106	0.834271	0.805931	4.04994	1.99036	0.491453	1.16552	3.16221	4.04121	1.85769	0.459687	50.5975	0.0548646	0.475588	0.265184	0.0264141
20107	0.796121	0.85119	4.05257	2.00458	0.494643	1.26151	3.18205	3.99659	1.9023	0.475979	25.0841	0.108294	0.485376	0.258064	0.0265748
20108	0.766645	0.812437	3.84488	1.82247	0.474	1.21555	3.24387	4.08995	1.95764	0.478647	29.3367	0.100759	0.476395	0.281186	0.0269074
20109	0.657778	0.692049	3.56855	1.75617	0.492126	1.183	3.14873	4.15682	2.07026	0.49804	21.8783	0.137928	0.495308	0.282903	0.0271459
20110	0.605299	0.634758	3.95393	1.85566	0.46932	1.16276	3.14162	4.12044	2.14554	0.520706	20.222	0.155384	0.495543	0.282048	0.0272103
20111	0.640705	0.610805	3.72148	1.74393	0.468611	1.02951	3.054	3.76245	1.98439	0.52742	39.4864	0.0755855	0.498176	0.285949	0.027194
20112	0.606837	0.578261	3.76982	1.7988	0.477159	1.07872	3.15596	4.0021	1.90892	0.47698	29.8401	0.111336	0.477067	0.309509	0.027345
20113	0.592787	0.600176	3.67812	1.82051	0.494956	1.11876	3.08852	4.13002	1.90209	0.460551	22.3821	0.138322	0.476758	0.293805	0.0276044
20114	0.455731	0.539865	3.9825	1.76965	0.444357	1.16172	3.13722	3.70634	1.90274	0.513373	13.5352	0.24921	0.477626	0.314826	0.0278288
20115	0.531547	0.540963	3.65872	1.69741	0.463934	1.26184	3.27471	3.86378	2.0116	0.520628	14.0127	0.266664	0.493054	0.335099	0.0279162
20116	0.508799	0.558139	3.85465	1.80495	0.468253	1.26608	3.29184	3.95631	2.02785	0.51256	13.0314	0.286736	0.490695	0.327817	0.0280767
20117	0.552628	0.576433	3.73918	1.98567	0.531043	1.2087	3.22079	3.86049	2.01124	0.52098	16.2457	0.215214	0.525931	0.304394	0.0284073
20118	0.589221	0.576721	4.2792	2.14	0.500094	1.25842	3.23667	4.35157	2.05928	0.473226	15.799	0.223915	0.486548	0.296484	0.0284737
20119	0.48261	0.488114	3.84549	1.96353	0.510605	1.29074	3.24228	4.04026	2.19105	0.542304	11.615	0.326534	0.526846	0.313506	0.0289797
20120	0.433514	0.440317	3.40406	1.83374	0.538694	1.34992	3.30747	4.06866	2.14521	0.527253	9.78867	0.4199	0.532464	0.340699	0.0288998
20121	0.483097	0.429297	3.9653	1.95302	0.492527	1.39854	3.36164	3.94822	2.00069	0.506732	10.2603	0.419022	0.499614	0.352323	0.0288424
20122	0.352433	0.393951	3.97681	2.00967	0.505347	1.46215	3.38288	4.1077	2.03151	0.494562	7.25449	0.615734	0.499867	0.356061	0.0292091
20123	0.45346	0.378118	4.14469	1.96112	0.473166	1.32052	3.34964	4.07698	2.13737	0.524253	11.745	0.3759	0.498499	0.350176	0.0293128
20124	0.498685	0.433771	3.82013	1.96871	0.515353	1.35886	3.3963	3.89666	1.92199	0.49324	11.8619	0.369948	0.504187	0.360707	0.0295252
20125	0.411539	0.423601	3.98027	2.05549	0.51642	1.39584	3.42559	3.94018	1.93565	0.491261	9.30162	0.484428	0.503904	0.360931	0.0296796
20126	0.310262	0.36113	4.0315	1.94718	0.48299	1.41582	3.40501	4.20796	2.09536	0.497951	7.58045	0.611127	0.490631	0.364381	0.0300684
20127	0.388124	0.364234	4.13206	1.9623	0.474897	1.32782	3.33704	4.04295	1.92792	0.476859	10.0082	0.441517	0.475867	0.362335	0.030436
20128	0.374551	0.372395	4.00063	1.99527	0.498739	1.3548	3.3243	3.86909	1.93092	0.499063	9.06843	0.480445	0.498898	0.356966	0.0307562
20129	0.236496	0.254169	3.9894	1.94444	0.487402	1.28061	3.29225	3.97598	1.94557	0.489332	8.46641	0.545092	0.488366	0.372442	0.0310093
20130	0.121003	0.162567	4.06986	1.90116	0.467131	1.25369	3.25945	3.91959	1.967	0.501838	7.47539	0.641485	0.484158	0.382777	0.0311485
20131	0.190528	0.181528	4.03824	2.0214	0.500564	1.22276	3.26343	3.80033	1.82719	0.480797	8.91429	0.532748	0.490981	0.381685	0.0314619
20132	0.170451	0.136099	3.97739	2.08488	0.524183	1.17514	3.20074	3.89434	1.95777	0.502722	9.30451	0.504701	0.513566	0.367528	0.0318387
20133	0.0773878	0.0987435	3.86649	1.88302	0.48701	1.25289	3.22776	3.97197	2.01091	0.506276	7.08552	0.690898	0.496772	0.386091	0.0321407
20134	0.127376	0.167805	3.8372	1.98096	0.516252	1.15645	3.16817	4.14153	1.93117	0.466294	8.50069	0.529498	0.49032	0.365306	0.0323338
20135	0.123963	0.162984	3.50794	1.91566	0.546093	1.1412	3.11122	3.99057	1.77549	0.444921	8.39991	0.517391	0.492251	0.370675	0.0324351
20136	0.284068	0.225735	3.63016	1.88757	0.519967	1.08097	3.09931	3.66213	1.86293	0.5087	13.0029	0.317524	0.514309	0.35513	0.0329035
20137	0.257919	0.245193	4.02155	1.80576	0.449021	1.06697	3.0652	3.50893	1.70858	0.486923	12.1492	0.327283	0.466682	0.36143	0.0332932
20138	0.31398	0.30825	4.29206	2.02114	0.470902	1.02221	3.02101	3.90542	1.81783	0.465463	14.6716	0.250793	0.468311	0.324085	0.0333805
20139	0.282718	0.328138	4.21442	1.9037	0.451712	1.04955	3.04672	3.86083	2.09639	0.542988	12.5687	0.294012	0.495352	0.316071	0.0334398
20140	0.370048	0.322076	3.99875	1.8679	0.467122	1.13338	3.09327	3.96544	1.91027	0.481731	13.1798	0.291337	0.474396	0.337047	0.0332586
20141	0.274978	0.294736	3.74172	1.93516	0.517185	1.15859	3.10072	3.77097	1.8127	0.4807	10.0843	0.390385	0.498872	0.344462	0.0335281
20142	0.31504	0.332931	4.09488	1.96782	0.480555	1.09542	3.06004	3.84487	1.91824	0.49891	12.2121	0.304499	0.489443	0.323725	0.0339222
20143	0.260134	0.306534	3.95584	1.96992	0.497976	0.956989	2.97427	3.71438	1.91858	0.516526	14.6555	0.242803	0.506959	0.314028	0.0338575
20144	0.289806	0.242807	4.03334	1.97601	0.489919	0.848209	2.91376	3.68665	1.96662	0.533444	22.879	0.155907	0.510704	0.311574	0.0340827
20145	0.238121	0.307127	4.16939	2.10173	0.504085	0.731924	2.79522	4.02079	1.86359	0.46349	25.3878	0.121921	0.484156	0.28083	0.0344561
20146	0.336997	0.320597	3.55559	1.83593	0.516351	0.886306	2.89284	3.88211	2.06087	0.530864	21.9276	0.15087	0.523926	0.298093	0.0348894
20147	0.256872	0.274557	3.88751	1.80019	0.46307	0.865361	2.92718	4.05531	2.02278	0.498798	19.004	0.185129	0.481311	0.315242	0.035366
20148	0.155348	0.21241	3.89919	2.02257	0.518716	0.876191	2.87859	3.86121	1.9806	0.512949	13.6804	0.259807	0.515846	0.307552	0.0355429
20149	0.234014	0.212798	3.84576	2.14957	0.558946	0.975956	2.95779	3.68398	1.9834	0.538385	13.688	0.275239	0.548887	0.313192	0.035566
20150	0.293431	0.231576	4.08911	1.90875	0.46679	0.943995	2.91941	3.92882	1.97564	0.502859	17.0697	0.211617	0.484464	0.317499	0.0359987
20151	0.165474	0.209551	4.07563	1.96767	0.482789	0.776256	2.88212	3.88293	1.98159	0.510334	19.1463	0.186528	0.496228	0.311474	0.0365739
20152	0.227087	0.238692	4.21055	1.95958	0.465397	0.887001	2.91071	3.82695	1.94073	0.507121	16.3947	0.217743	0.485263	0.314065	0.0366517
20153	0.260038	0.197261	4.04379	1.98271	0.490311	0.913645	2.89051	3.96935	1.94489	0.489977	16.9794	0.213601	0.490146	0.315977	0.0370279
20154	0.197379	0.195323	4.18629	1.99758	0.477171	0.792809	2.86863	3.80022	1.83063	0.481717	20.1574	0.177268	0.479334	0.318307	0.0371658
20155	0.255266	0.244129	3.47385	1.94615	0.560228	0.943452	2.91294	3.80993	1.82476	0.47895	15.0391	0.2368	0.517714	0.320855	0.0373567
20156	0.234244	0.269521	4.16888	1.9838	0.475861	0.935165	2.92505	3.9092	1.93543	0.495096	14.3537	0.245645	0.485169	0.310368	0.0375394
20157	0.382811	0.329209	4.03066	1.94905	0.483555	0.887351	2.92472	4.21385	2.03629	0.483237	26.4639	0.12728	0.483393	0.297162	0.0376194
20158	0.284817	0.331649	3.83977	1.9347	0.503858	0.91532	2.96586	3.81913	1.96968	0.515741	17.4552	0.198767	0.509784	0.307735	0.0378775
20159	0.242803	0.279771	3.6593	1.97634	0.540087	1.03111	2.97915	4.09712	2.03052	0.495598	11.7257	0.310713	0.516587	0.312649	0.037809
20160	0.33117	0.313859	4.10944	1.97372	0.480289	0.963227	2.9828	3.95049	2.05768	0.520866	17.8306	0.199748	0.500177	0.306498	0.0378982
20161	0.269054	0.320897	3.86262	1.89207	0.489842	1.02772	2.97619	3.94899	2.11387	0.535294	12.2495	0.287789	0.512819	0.305665	0.038059
20162	0.365422	0.395545	3.90089	1.8525	0.474893	1.00339	3.04481	3.95195	1.98351	0.501907	17.2444	0.203504	0.488488	0.313961	0.0383274
20163	0.30879	0.349817	3.61856	1.88942	0.522149	1.10827	3.08565	4.06601	1.99993	0.491867	11.7103	0.319582	0.506126	0.324939	0.0384527
20164	0.437357	0.410915	3.88666	1.7951	0.461863	1.15634	3.14232	3.92195	1.98759	0.506787	14.4324	0.258467	0.484426	0.330351	0.0386826
20165	0.520641	0.473478	3.69677	1.83291	0.495813	1.15892	3.11096	4.02574	2.02716	0.503551	17.0747	0.203702	0.499846	0.310704	0.0389125
20166	0.602753	0.514103	4.271	1.97437	0.462272	1.04961	3.08726	4.02358	1.97059	0.489761	33.158	0.0998423	0.475607	0.295678	0.0392737
20167	0.506	0.464907	3.86794	2.02921	0.524622	1.09575	3.09458	4.08386	2.09356	0.512643	19.8822	0.173904	0.51847	0.295546	0.0395219
20168	0.50386	0.512131	4.09569	2.0037	0.489223	1.14529	3.16454	4.15367	2.21189	0.532514	17.0992	0.205719	0.51102	0.294496	0.0395707
20169	0.628318	0.609985	3.89285	1.88438	0.48406	1.04814	3.05464	4.30299	2.16146	0.502315	33.9086	0.0881244	0.493645	0.269793	0.0398007
20170	0.592603	0.640766	3.92485	2.13381	0.543667	1.04168	3.05298	3.97109	2.016	0.50767	28.8531	0.100835	0.525563	0.259655	0.0398663
20171	0.595436	0.591065	3.82301	1.9331	0.50565	1.11194	3.10977	4.13311	2.13089	0.515567	23.7799	0.133388	0.510801	0.280805	0.0400185
20172	0.557293	0.624759	3.85794	1.96846	0.510235	1.07102	3.08592	3.86912	1.99433	0.515447	22.9517	0.131958	0.512845	0.276584	0.0404542
20173	0.71405	0.636228	4.03139	1.9846	0.492287	1.11216	3.05991	3.81303	2.06086	0.540477	37.0634	0.0792458	0.515711	0.26643	0.0410273
20174	0.641624	0.632505	4.17882	1.89431	0.453312	1.08832	3.09277	3.93089	1.90656	0.48502	30.3347	0.0997689	0.468682	0.28486	0.041025
20175	0.491967	0.598187	3.94021	1.87527	0.47593	1.1311	3.0989	4.16086	2.09177	0.502727	15.3091	0.204244	0.489693	0.282791	0.0413156
20176	0.747687	0.706796	4.00134	1.92319	0.480638	1.18858	3.14928	4.12002	2.08744	0.506658	30.6903	0.0971925	0.493838	0.271167	0.0415185
20177	0.688617	0.720791	3.98389	1.96993	0.494473	1.0855	3.10515	3.91928	1.89529	0.483582	36.093	0.0787573	0.489072	0.268951	0.0418453
20178	0.679807	0.723609	4.10227	2.10598	0.513371	1.11379	3.14061	3.83962	1.92255	0.500713	31.017	0.0941725	0.507251	0.266171	0.0420214
20179	0.735055	0.73912	4.02856	1.96951	0.488887	1.08544	3.1494	3.8985	1.92878	0.49475	47.3194	0.0613856	0.49177	0.271536	0.0422166
20180	0.738324	0.782835	3.83159	1.85474	0.484067	1.20287	3.27046	3.43059	1.76989	0.515915	28.6756	0.107902	0.499112	0.299246	0.0424449
20181	0.629151	0.714187	3.90602	1.70285	0.435955	1.25687	3.29386	4.09877	1.9395	0.47319	16.8891	0.197012	0.455021	0.313654	0.0429478
20182	0.786838	0.714095	4.06834	1.84182	0.452721	1.12852	3.20583	3.93571	1.979	0.502832	53.1804	0.0583742	0.477361	0.288988	0.0432225
20183	0.745477	0.73158	3.62523	1.92012	0.529656	1.24253	3.20808	3.82375	1.95222	0.510551	24.8239	0.123532	0.519849	0.283745	0.0432312
20184	0.607651	0.666028	4.07056	2.06437	0.507145	1.20023	3.20701	4.08793	1.94572	0.475966	18.3871	0.175573	0.491523	0.287101	0.0436476
20185	0.666517	0.652255	3.93636	1.91501	0.486493	1.14973	3.1783	4.03858	1.91364	0.47384	27.3275	0.116749	0.480085	0.294215	0.0440625
20186	0.576829	0.616139	3.80283	1.91886	0.504588	1.15183	3.14672	3.80965	1.8458	0.484506	19.3689	0.165312	0.494538	0.298478	0.044543
20187	0.629342	0.610061	3.7706	1.94693	0.516343	1.16129	3.20029	3.96894	1.8932	0.477005	23.7106	0.141483	0.49617	0.304108	0.0449196
20188	0.696309	0.582867	3.99256	1.94938	0.488254	1.12205	3.13102	3.69071	1.88015	0.509427	35.8225	0.0906285	0.498425	0.297799	0.0449475
20189	0.672302	0.646899	3.70049	1.89476	0.51203	1.08718	3.09871	4.01322	2.07844	0.517899	34.9245	0.0860623	0.515083	0.274539	0.0456707
20190	0.69778	0.688444	4.06086	1.95019	0.48024	1.03638	3.06163	3.90503	1.94549	0.498202	49.1237	0.0573247	0.489045	0.265574	0.04571
20191	0.630702	0.588837	3.98765	1.91112	0.479259	1.07531	3.08803	3.8366	1.92479	0.50169	31.5975	0.0988361	0.490258	0.289407	0.0458611
20192	0.612874	0.538845	3.64497	1.78062	0.488514	1.14972	3.14156	4.14306	2.09167	0.50486	23.5043	0.144104	0.497209	0.30438	0.0460694
20193	0.513462	0.5075	3.96014	1.78748	0.451368	1.09455	3.09425	4.17804	2.04706	0.489956	19.8162	0.168833	0.471179	0.303849	0.0466051
20194	0.49311	0.476785	3.71994	1.75221	0.471032	1.06747	3.10926	4.05309	2.02797	0.500351	21.0068	0.164944	0.48632	0.31438	0.0469866
20195	0.444196	0.417741	3.56589	1.8018	0.505287	0.980057	3.06369	3.99709	1.94243	0.485961	24.3815	0.143573	0.495073	0.318658	0.0470043
20196	0.345447	0.38896	4.04023	1.93257	0.478333	0.922821	3.00286	4.11495	1.93233	0.469587	20.4958	0.16668	0.47392	0.306604	0.0471584
20197	0.499243	0.434824	3.78291	1.9712	0.52108	1.01961	3.00302	4.21034	2.02767	0.481594	24.3578	0.13539	0.500281	0.29206	0.047364
20198	0.481528	0.408585	4.08857	1.92927	0.471869	1.02305	3.03943	3.96077	1.94685	0.491534	23.6025	0.146624	0.481545	0.30874	0.047612
20199	0.46234	0.457138	3.83221	1.78765	0.46648	1.13116	3.0525	3.92837	1.85627	0.472531	15.0584	0.22366	0.469543	0.316176	0.0479625
20200	0.488678	0.513961	3.94251	1.79979	0.456509	0.978581	2.98742	3.92654	1.89203	0.481856	25.4912	0.120002	0.469157	0.293038	0.0482997
20201	0.523416	0.471747	3.74975	1.78862	0.476996	0.967232	3.01924	3.91525	1.95819	0.500143	32.9473	0.0984862	0.48882	0.302277	0.0485403
20202	0.58502	0.487367	3.75299	1.7301	0.460992	1.06036	3.03692	3.78819	1.94384	0.513133	28.7685	0.112975	0.487184	0.306779	0.0487461
20203	0.594885	0.575045	3.90886	1.90386	0.487062	1.03601	3.02725	3.77432	1.87212	0.496016	30.9023	0.097295	0.491461	0.28486	0.0490174
20204	0.584391	0.639413	4.1255	2.0363	0.493587	0.850888	2.89102	3.58885	1.8483	0.515011	71.3838	0.0355105	0.503554	0.2461	0.0491838
20205	0.53764	0.490588	3.95039	1.98351	0.502106	0.860768	2.90584	3.81697	1.87061	0.490077	55.8692	0.0522061	0.496194	0.274615	0.0492147
20206	0.536862	0.491965	3.68716	1.67484	0.454236	0.937166	2.88538	3.63683	1.77446	0.487914	35.7484	0.0801215	0.47096	0.293484	0.0495115
20207	0.492297	0.478313	3.67048	1.76998	0.48222	0.904749	2.8941	4.029	2.02505	0.502618	34.3061	0.0850581	0.492894	0.277793	0.0499334
20208	0.513979	0.47096	3.61636	1.72014	0.475655	0.847861	2.84287	3.97546	1.86534	0.469214	50.4677	0.0557385	0.472282	0.281853	0.0503104
20209	0.494029	0.490488	3.71985	1.68344	0.452557	0.874668	2.94822	3.91974	1.82711	0.466131	41.6909	0.0724432	0.459521	0.300884	0.0504476
20210	0.489001	0.465092	3.89617	1.78611	0.458429	0.878854	2.90404	4.0061	1.81662	0.453463	39.1386	0.0759926	0.455911	0.292277	0.0504087
20211	0.350105	0.432685	3.84685	1.86132	0.483855	0.910206	2.93751	3.75057	1.74057	0.464081	19.9996	0.156857	0.474093	0.303473	0.0508468
20212	0.470673	0.430091	3.95153	1.90189	0.481305	0.971331	2.96279	3.70625	1.77914	0.480038	25.5908	0.125329	0.480692	0.303557	0.0513273
20213	0.430166	0.464111	3.92592	2.01058	0.512129	0.976316	2.97275	3.93007	1.98701	0.505591	21.0985	0.14914	0.508858	0.282518	0.051671
20214	0.411519	0.453749	4.00725	1.87117	0.466947	0.85629	2.90031	3.9381	1.95124	0.495476	30.2577	0.098911	0.481087	0.281444	0.0521258
20215	0.445971	0.443849	3.92525	1.99214	0.507519	0.995579	2.973	4.18185	1.9287	0.461209	21.176	0.151035	0.483631	0.289805	0.0525679
20216	0.401444	0.330452	4.48199	2.00025	0.446286	0.797257	2.85504	3.99963	1.92484	0.481255	40.6818	0.0783342	0.462776	0.288839	0.0525292
20217	0.34548	0.325136	4.1235	1.8419	0.446683	0.904756	2.87414	4.05173	1.90945	0.471268	20.7725	0.156395	0.458867	0.302271	0.0525894
20218	0.321405	0.310655	3.99195	1.88144	0.471308	0.974883	2.89089	3.84825	1.8847	0.489754	15.5903	0.213517	0.480362	0.306595	0.052894
20219	0.357858	0.308717	3.83942	1.92591	0.501613	0.870676	2.93777	3.55603	1.82127	0.512165	26.2827	0.131491	0.506687	0.315711	0.0533044
20220	0.376501	0.338764	4.17588	2.00883	0.481056	0.964997	2.96189	4.13527	1.8386	0.444614	19.8678	0.173164	0.462924	0.30907	0.0536919
20221	0.346772	0.30812	3.81173	1.9831	0.520262	1.07709	3.00794	3.79915	1.83208	0.482234	13.6662	0.266682	0.501279	0.323353	0.054011
20222	0.252268	0.278741	3.90806	1.97184	0.504559	1.02306	2.94452	4.14288	1.96563	0.47446	11.9611	0.297061	0.48907	0.311023	0.0541044
20223	0.315621	0.286674	3.95623	1.75904	0.444625	1.03032	2.99625	3.77498	1.82523	0.483506	14.3732	0.255399	0.46361	0.338774	0.0541616
20224	0.384763	0.368245	3.50255	1.70501	0.48679	0.986191	2.95375	3.86373	1.84809	0.478317	18.4809	0.180858	0.482346	0.320001	0.054415
20225	0.307413	0.357854	3.63286	1.62155	0.446358	0.984562	2.98475	4.20386	1.89159	0.449965	15.0494	0.229265	0.448293	0.329445	0.0544567
20226	0.332452	0.314267	3.45878	1.65989	0.479906	1.07764	3.03309	4.03255	1.93646	0.480208	13.3114	0.277656	0.480068	0.339546	0.0548693
20227	0.25779	0.292096	3.75762	1.83188	0.487511	1.05195	3.02802	3.93456	1.84473	0.468852	11.8683	0.315347	0.477967	0.337412	0.0548792
20228	0.347939	0.306624	3.67552	1.78605	0.485931	0.984087	3.08746	3.69394	1.90418	0.515487	19.1089	0.202342	0.500746	0.343896	0.055222
20229	0.247242	0.280539	3.62935	1.87409	0.51637	1.1354	3.15669	3.65012	1.94822	0.533742	10.4867	0.394416	0.525081	0.351206	0.0554295
20230	0.201102	0.233498	4.07045	1.92966	0.474066	1.21635	3.18753	3.51693	1.84589	0.52486	8.46618	0.515364	0.49761	0.36633	0.0557057
20231	0.202603	0.184677	3.98054	1.95351	0.490766	1.22134	3.1664	4.02485	1.79652	0.446357	8.56664	0.518911	0.468438	0.372254	0.055596
20232	0.185033	0.204084	4.11853	2.07888	0.504763	1.25086	3.23705	3.96184	1.85246	0.467576	8.09762	0.567998	0.48653	0.36919	0.0555685
20233	0.226935	0.202728	3.67348	1.85642	0.505358	1.24035	3.31457	4.01311	1.97669	0.492559	9.42885	0.513509	0.498675	0.387214	0.0558132
20234	0.212889	0.220998	3.81094	1.85295	0.486219	1.36221	3.34321	4.12844	2.02813	0.491258	7.3797	0.660473	0.488839	0.385841	0.0559221
20235	0.255529	0.258118	3.96732	2.01032	0.50672	1.3461	3.35997	3.91079	2.07966	0.531774	8.08976	0.59467	0.519158	0.370439	0.0562955
20236	0.342981	0.321023	3.98466	1.96216	0.492429	1.36149	3.35127	4.13124	2.10134	0.508647	8.85165	0.518683	0.500685	0.36111	0.0563982
20237	0.29752	0.31317	3.81421	1.91651	0.502466	1.24039	3.23071	4.1024	1.97981	0.482599	9.57472	0.444505	0.492171	0.35335	0.0568144
20238	0.30903	0.349614	3.93056	1.93116	0.491319	1.23669	3.22157	3.81345	1.95721	0.513238	9.58463	0.430279	0.502113	0.34665	0.0573578
20239	0.29014	0.31343	3.81227	1.98043	0.519488	1.33421	3.20608	4.23399	2.05693	0.485814	7.67595	0.54504	0.501769	0.341404	0.057579
20240	0.278229	0.298164	3.92909	2.07588	0.528335	1.36866	3.2733	4.12356	1.96286	0.476012	7.4442	0.594518	0.501542	0.354081	0.0577347
20241	0.378623	0.328762	4.10703	2.17441	0.529437	1.36203	3.31573	3.98667	1.92141	0.481959	9.22568	0.48354	0.506051	0.352688	0.0579908
20242	0.249687	0.287959	3.97914	2.02472	0.508833	1.23833	3.32111	3.70351	1.83239	0.49477	9.41262	0.488705	0.502054	0.373669	0.0579028
20243	0.19704	0.269225	3.74774	1.9057	0.508494	1.28758	3.30043	4.02945	1.81787	0.451147	7.7258	0.594643	0.478782	0.381648	0.0583328
20244	0.269823	0.265371	3.84555	1.85421	0.482171	1.40222	3.30353	3.98803	1.88984	0.473878	7.19826	0.641157	0.477949	0.381436	0.0588792
20245	0.173766	0.257005	3.8823	1.84505	0.475247	1.36286	3.31272	3.63248	1.94373	0.535098	6.60379	0.706973	0.504178	0.381353	0.0595728
20246	0.209974	0.219517	3.9364	1.7626	0.447769	1.201	3.23836	4.10027	2.11254	0.51522	9.27918	0.491067	0.482182	0.37037	0.0601504
20247	0.169354	0.215656	4.03924	1.92446	0.476441	1.27522	3.21296	4.0017	2.02812	0.506816	7.34604	0.611473	0.491557	0.362452	0.0604482
20248	0.201235	0.231366	3.91596	1.95208	0.498493	1.28938	3.22473	4.12553	2.0224	0.490216	7.56736	0.592032	0.494246	0.36057	0.0605523
20249	0.298291	0.304485	3.90556	1.95652	0.500957	1.31626	3.22109	4.194	1.89571	0.452005	8.20901	0.518125	0.475609	0.355808	0.0608571
20250	0.226702	0.304487	3.97364	1.87899	0.472863	1.27904	3.23009	3.96715	2.12211	0.534921	7.72902	0.553703	0.503867	0.348563	0.0609677
20251	0.30359	0.340618	3.82067	1.84207	0.482133	1.3472	3.35123	3.64377	1.90838	0.523738	8.3221	0.544561	0.502443	0.376746	0.0612803
20252	0.32486	0.319442	3.94416	1.93632	0.490932	1.33459	3.40832	3.64842	1.92227	0.526878	9.35824	0.509775	0.508205	0.38214	0.0615251
20253	0.281947	0.294532	4.23424	1.93013	0.455839	1.45235	3.40371	3.77171	1.84197	0.488366	7.05695	0.684926	0.471163	0.390619	0.0618656
20254	0.308067	0.331678	4.00443	2.00785	0.501406	1.47688	3.43325	3.79296	1.99153	0.52506	7.04166	0.683058	0.512912	0.375635	0.0619526
20255	0.377691	0.324064	4.03709	1.93609	0.479575	1.27498	3.33177	3.98924	1.9058	0.477736	11.2358	0.402566	0.478661	0.370656	0.0623829
20256	0.328989	0.331006	4.17346	1.90785	0.457138	1.45123	3.39294	3.71374	1.84688	0.497311	7.44419	0.629717	0.476054	0.384447	0.0625592
20257	0.286771	0.30938	4.00785	1.96708	0.490807	1.34157	3.35619	4.20918	1.87983	0.446602	8.34359	0.556297	0.468163	0.376395	0.0627747
20258	0.42311	0.444636	3.71391	1.92221	0.517572	1.37402	3.38951	3.97196	1.8795	0.473193	9.59089	0.452111	0.494637	0.36329	0.0627354
20259	0.450938	0.484652	3.89127	1.8216	0.468123	1.29395	3.35083	4.16243	1.94237	0.466643	11.5595	0.355333	0.467358	0.35313	0.063244
20260	0.546188	0.513082	3.98976	1.93386	0.484705	1.4618	3.40507	3.74714	1.87626	0.500717	9.97631	0.419172	0.49246	0.354443	0.0635873
20261	0.432515	0.461934	3.84044	1.79776	0.468114	1.37029	3.36838	3.72834	1.83246	0.491495	9.60556	0.439716	0.479631	0.367903	0.0637867
20262	0.474273	0.439233	3.82749	1.94102	0.507128	1.29296	3.33755	3.73506	1.86232	0.498605	12.533	0.335126	0.502918	0.355852	0.0639818
20263	0.417866	0.394681	3.70002	1.83936	0.49712	1.34378	3.32382	4.10344	1.87963	0.458062	10.0079	0.428654	0.476581	0.365905	0.0642122
20264	0.376258	0.359344	3.56575	1.85399	0.519943	1.28549	3.33866	3.7218	1.80086	0.483867	10.7371	0.413351	0.501519	0.377903	0.0644303
20265	0.387455	0.402974	3.7724	1.82194	0.482966	1.34494	3.34782	4.03839	1.86878	0.462753	9.45936	0.458389	0.472515	0.370167	0.0645562
20266	0.539506	0.46182	3.9996	1.8453	0.461371	1.23661	3.29321	3.87882	1.91473	0.493637	16.4968	0.24298	0.477257	0.347809	0.0645971
20267	0.477083	0.518392	3.55809	1.84518	0.518585	1.20575	3.26406	3.62692	1.869	0.515312	14.1984	0.265477	0.516933	0.33673	0.0648596
20268	0.555958	0.537521	4.21422	1.93546	0.45927	1.16334	3.16094	3.7546	1.95504	0.520706	18.6554	0.184459	0.488216	0.306746	0.0650259
20269	0.504325	0.51672	4.13298	1.86262	0.450672	1.1943	3.17523	3.84582	1.91213	0.497197	14.8462	0.238029	0.473097	0.318951	0.0653481
20270	0.486502	0.467954	3.86829	1.9559	0.505623	1.21073	3.12801	4.18377	1.9932	0.476412	13.4906	0.262253	0.490445	0.309473	0.065733
20271	0.384543	0.438693	3.602	1.90764	0.529605	1.12065	3.13016	3.79946	2.02065	0.531826	13.3691	0.270924	0.530745	0.315653	0.0658596
20272	0.414848	0.378231	3.82216	1.98874	0.520318	1.14372	3.16283	3.95354	1.96377	0.496711	14.5956	0.265628	0.508315	0.329172	0.0660846
20273	0.3654	0.404435	3.956	2.06414	0.521775	1.11582	3.17122	4.12301	2.05974	0.499572	13.5939	0.281564	0.510444	0.317081	0.0663666
20274	0.429834	0.436194	4.27436	2.10092	0.491517	1.16368	3.11963	4.31022	2.10141	0.48754	13.3714	0.269264	0.48952	0.300013	0.066286
20275	0.443191	0.436664	3.82487	2.03602	0.532311	1.12308	3.1219	3.9521	1.99996	0.506051	15.5985	0.231127	0.518966	0.308848	0.0666687
20276	0.503555	0.463508	3.84884	2.00297	0.520409	1.2101	3.14653	4.14028	2.13972	0.516807	14.4199	0.249606	0.518542	0.302957	0.0669591
20277	0.460117	0.460524	4.03959	1.90927	0.47264	1.14646	3.09358	4.2195	2.23806	0.53041	14.7177	0.235533	0.502154	0.294845	0.0670459
20278	0.435337	0.440977	3.88358	1.93136	0.497313	1.08706	3.06435	4.08272	1.90759	0.467235	16.2028	0.212373	0.481898	0.309583	0.0672745
20279	0.465064	0.438896	4.12322	2.17932	0.528547	1.0964	3.10032	3.75005	1.95926	0.522463	17.771	0.199289	0.525649	0.299763	0.067538
20280	0.466794	0.381121	4.01769	1.91112	0.475676	1.04638	3.04155	3.89282	1.97798	0.508112	21.0703	0.167958	0.491638	0.312813	0.0675497
20281	0.592501	0.575294	4.11193	1.98343	0.48236	1.24516	3.2495	3.9895	2.10342	0.52724	16.7888	0.212981	0.504461	0.304435	0.067796
20282	0.522881	0.547384	4.00122	1.94605	0.486365	1.25199	3.25095	4.13506	2.14037	0.517615	13.7497	0.265797	0.502247	0.309102	0.0677343
20283	0.487481	0.50642	4.1124	2.02424	0.492228	1.21474	3.26082	4.31053	2.0229	0.469292	14.3442	0.264453	0.480491	0.31921	0.0680346
20284	0.431875	0.504235	4.11047	2.06653	0.502748	1.28136	3.25718	4.03512	1.88817	0.467934	10.5023	0.360812	0.485502	0.324021	0.0679672
20285	0.434114	0.466648	4.21128	2.03769	0.483865	1.21443	3.24809	3.85642	1.87019	0.484955	12.7058	0.304442	0.484386	0.33118	0.0677909
20286	0.52352	0.46927	4.22801	2.21876	0.524775	1.23347	3.25003	4.1277	2.02575	0.490769	15.3415	0.252016	0.507976	0.313034	0.0682524
20287	0.491342	0.468929	3.8955	2.02084	0.518762	1.23545	3.15676	3.94861	1.95135	0.494185	13.0476	0.276849	0.50639	0.312676	0.0681622
20288	0.588495	0.506858	3.87266	2.07266	0.535204	1.07625	3.1325	3.6913	1.85353	0.502135	28.9774	0.118955	0.519066	0.305167	0.0688489
20289	0.484991	0.490137	4.1214	2.06191	0.500294	1.1691	3.1267	3.47372	1.7291	0.497767	14.8532	0.234006	0.499138	0.314433	0.0692374
20290	0.427891	0.503674	4.02595	2.0493	0.509022	1.19249	3.16749	3.60635	1.92768	0.534523	12.1377	0.292308	0.521072	0.308573	0.0696245
20291	0.397752	0.457156	3.97142	1.96125	0.493842	1.26705	3.28527	4.12859	1.9243	0.466091	10.5842	0.37784	0.479698	0.339878	0.0699453
20292	0.426046	0.427401	3.93104	2.0402	0.518998	1.15293	3.19189	4.17642	1.88725	0.451883	14.4645	0.264178	0.484425	0.327377	0.0701058
20293	0.385655	0.420187	4.0153	2.1268	0.529674	1.19854	3.18767	3.68565	1.85988	0.504627	11.5908	0.33039	0.517687	0.324564	0.0702997
20294	0.44235	0.454575	4.11105	2.01795	0.490859	1.22772	3.18048	4.0281	1.9011	0.471958	12.0467	0.308404	0.481505	0.321684	0.0707725
20295	0.451968	0.512464	3.92067	2.02416	0.516278	1.24049	3.2298	3.5106	1.79954	0.512601	11.8757	0.310882	0.514541	0.325698	0.0711165
20296	0.528081	0.477707	3.90799	1.96036	0.501629	1.23209	3.22252	3.6899	1.86888	0.506485	15.2008	0.247817	0.503987	0.329813	0.0712945
20297	0.489716	0.453128	3.84717	1.92633	0.500713	1.24103	3.2329	3.92154	2.03362	0.518577	13.6891	0.282237	0.509731	0.32799	0.0715899
20298	0.472984	0.43607	4.27209	2.0712	0.484822	1.15618	3.19166	3.65086	1.83933	0.503806	16.2681	0.233381	0.49357	0.326909	0.0720178
20299	0.471755	0.491561	3.92632	2.06398	0.525679	1.20403	3.22347	3.9985	1.87989	0.470149	13.9181	0.268115	0.497661	0.321267	0.0723919
20300	0.45456	0.45395	3.69869	1.8166	0.491147	1.21896	3.19571	3.67321	1.93217	0.526016	12.8652	0.292154	0.508521	0.334029	0.0724148
20301	0.402475	0.445973	3.64945	1.96654	0.538861	1.1905	3.20737	4.06925	1.77518	0.436242	12.2794	0.310491	0.484761	0.337631	0.0729311
20302	0.553177	0.493395	4.17523	1.82571	0.437271	1.14039	3.20488	3.95686	1.9549	0.494053	21.3214	0.172412	0.4649	0.327241	0.072902
20303	0.508974	0.46645	3.69119	1.87875	0.508982	1.12835	3.16057	3.72962	1.92063	0.514967	18.9202	0.191813	0.51199	0.323334	0.072814
20304	0.471912	0.457366	3.85912	1.76411	0.457127	1.18866	3.17644	3.82934	1.93842	0.506203	14.3916	0.256865	0.48157	0.333094	0.073033
20305	0.414947	0.416836	3.92564	1.93543	0.493023	1.04061	3.12102	3.77106	1.82709	0.484503	18.6805	0.195729	0.488849	0.327111	0.0732574
20306	0.388904	0.453543	3.98111	2.0843	0.523546	1.15787	3.16955	3.42952	1.70752	0.497887	12.4753	0.295652	0.511672	0.327324	0.0734678
20307	0.459339	0.459739	3.97884	1.90268	0.478201	1.14657	3.19245	3.56773	1.7077	0.478652	15.8118	0.236143	0.478414	0.340959	0.0738392
20308	0.506762	0.510714	3.60397	1.90747	0.52927	1.22938	3.20056	4.28323	1.97158	0.460301	13.8559	0.261091	0.491816	0.318122	0.0740952
20309	0.469581	0.464831	3.95414	1.9391	0.490398	1.17064	3.18785	4.09222	2.10182	0.513615	15.0866	0.245741	0.502206	0.314581	0.0742758
20310	0.586863	0.506577	3.68634	1.84677	0.500977	1.15682	3.22801	4.03034	1.97843	0.490885	22.7991	0.162423	0.495706	0.326274	0.0743491
20311	0.485638	0.457208	3.87609	1.98571	0.512298	1.26023	3.22701	3.96016	1.98875	0.502189	12.7864	0.299999	0.507189	0.325604	0.0746251
20312	0.537694	0.515107	4.14193	2.02684	0.489348	1.30192	3.24139	4.35738	1.97175	0.452507	12.7261	0.292021	0.470461	0.317375	0.0749685
20313	0.516755	0.477173	4.36343	2.17905	0.49939	1.33094	3.29617	4.13328	1.94842	0.471399	11.9878	0.331452	0.485774	0.325042	0.075425
20314	0.485089	0.501427	4.1627	2.12472	0.510418	1.15506	3.23265	3.90228	1.99766	0.51192	16.619	0.224429	0.511145	0.311584	0.0754584
20315	0.402868	0.440202	4.0387	2.12385	0.525874	1.25283	3.19587	4.13866	2.06183	0.498189	10.5112	0.361218	0.511862	0.312138	0.0757287
20316	0.510284	0.459217	4.21656	2.16609	0.513711	1.17111	3.18263	3.88558	2.02405	0.520912	16.9847	0.218342	0.517164	0.306877	0.0756343
20317	0.345094	0.432063	4.01336	2.10697	0.524988	1.22355	3.17493	3.94022	1.98067	0.50268	9.74924	0.385841	0.513937	0.315236	0.0760603
20318	0.42391	0.484837	3.85833	1.86779	0.484092	1.17067	3.15965	3.97388	1.94207	0.488708	12.8298	0.278828	0.486434	0.319596	0.0759117
20319	0.570084	0.509416	3.62668	1.86239	0.513525	1.15024	3.06853	4.2284	1.94499	0.459983	19.4575	0.168292	0.484703	0.300817	0.0761716
20320	0.531842	0.553667	4.26286	1.9316	0.453124	1.06946	2.98845	4.03324	2.01084	0.498567	20.5104	0.144516	0.475217	0.273312	0.076394
20321	0.526707	0.515427	4.0051	1.99459	0.498012	0.894845	2.90335	4.04538	1.93826	0.479131	42.0745	0.0677629	0.488524	0.266137	0.0768044
20322	0.496408	0.560211	3.68525	1.86092	0.504966	0.989243	2.97077	3.36506	1.80853	0.537444	23.9239	0.121443	0.520467	0.283713	0.0770121
20323	0.548594	0.541688	3.63765	1.7255	0.474346	0.962086	2.9298	3.72638	1.90819	0.512077	33.3562	0.0854877	0.493439	0.281904	0.0774867
20324	0.529258	0.534256	3.33647	1.66299	0.498427	0.935276	2.92376	4.11356	2.00492	0.487393	34.6357	0.0824253	0.492334	0.280246	0.0776297
20325	0.579335	0.543682	4.12464	1.86621	0.452453	0.846687	2.88347	4.01326	2.07947	0.51815	76.5926	0.0357386	0.484852	0.257636	0.0774398
20326	0.65833	0.61567	3.64339	1.82726	0.501528	0.811808	2.84501	3.92571	1.97629	0.503423	210.991	0.0117777	0.502511	0.246323	0.0773132
20327	0.587357	0.590299	3.91081	2.07991	0.531837	0.813005	2.81464	4.14586	2.15957	0.520898	97.1721	0.0254585	0.526208	0.225952	0.0772246
20328	0.65282	0.652616	3.94045	2.04173	0.518147	0.696672	2.73676	4.31213	2.20405	0.511127	2258.85	0.000961472	0.514479	0.203752	0.077666
20329	0.724289	0.667744	4.18964	1.99736	0.476738	0.805057	2.76524	4.347	2.00026	0.460146	674.396	0.0032618	0.468289	0.215852	0.0780619
20330	0.662675	0.621767	4.45166	2.131	0.478698	0.773521	2.72859	4.0363	1.98033	0.490631	361.254	0.00614347	0.484372	0.212624	0.078142
20331	0.604237	0.587035	3.93443	2.05679	0.522767	0.668001	2.77426	4.02425	1.91891	0.476836	1176.62	0.00203291	0.499542	0.231346	0.0783152
20332	0.546696	0.57108	3.86792	1.93816	0.501085	0.618232	2.70174	3.73048	1.81177	0.485668	887.114	0.00255869	0.493516	0.232424	0.0781228
20333	0.604124	0.523167	4.12754	1.98135	0.480033	0.657641	2.69355	3.85864	1.84947	0.479305	1644.73	0.00143202	0.479681	0.235221	0.0784597
20334	0.577631	0.544958	4.05861	1.98377	0.488779	0.670543	2.66564	3.46817	1.71334	0.494018	520.962	0.00431632	0.491193	0.233282	0.0787602
20335	0.531707	0.573287	4.17779	1.95755	0.46856	0.634901	2.62923	3.88435	1.91942	0.494142	396.93	0.0053245	0.480885	0.21427	0.0796586
20336	0.626709	0.56792	4.33174	2.07672	0.47942	0.628035	2.64504	3.82342	1.9157	0.501043	2.45263e+06	8.79551e-07	0.489558	0.212784	0.0798724
20337	0.571861	0.559152	4.19166	1.9987	0.476828	0.652511	2.67408	4.00075	1.91986	0.479874	687.667	0.00325224	0.478315	0.222099	0.0799919
20338	0.502094	0.487688	3.83887	2.0681	0.538726	0.689113	2.66034	3.94739	2.03234	0.514856	134.961	0.017488	0.526625	0.223568	0.0803095
20339	0.414322	0.433856	3.88184	1.9382	0.499299	0.628009	2.64599	4.17407	2.08472	0.499445	107.169	0.022831	0.499375	0.23328	0.0805896
20340	0.452863	0.480473	3.87055	2.113	0.545918	0.597597	2.60514	3.89423	1.86183	0.4781	215.497	0.010474	0.511905	0.221225	0.0805841
20341	0.499029	0.430298	4.04024	2.02168	0.500384	0.588291	2.63039	3.91294	1.99994	0.511108	607.509	0.00398383	0.50566	0.231391	0.0808824
20342	0.360859	0.363415	4.1443	2.14309	0.517117	0.655411	2.68387	3.978	2.04639	0.514427	62.0613	0.0433805	0.515799	0.243268	0.0810737
20343	0.345319	0.355775	4.2253	2.13597	0.505518	0.707405	2.68942	4.04869	2.02271	0.499596	41.5382	0.065553	0.50262	0.24673	0.0815615
20344	0.397994	0.352823	3.90682	1.93625	0.495609	0.777078	2.73407	4.05794	1.95305	0.481292	39.4584	0.0718523	0.488314	0.26722	0.0819547
20345	0.432274	0.461358	4.01276	1.95256	0.486588	0.679353	2.72178	4.04441	2.01308	0.497743	83.6973	0.0305238	0.492187	0.243727	0.0822424
20346	0.326268	0.350486	3.85654	2.08858	0.541568	0.764432	2.73652	3.95005	1.99387	0.504771	29.6537	0.095994	0.522949	0.258606	0.0822746
20347	0.396348	0.387599	3.89039	1.96307	0.504593	0.809286	2.82113	4.11697	2.16375	0.525569	34.7298	0.0852589	0.515378	0.264129	0.0824572
20348	0.36248	0.333674	4.22597	2.11087	0.499499	0.846325	2.8761	4.14957	2.09562	0.505022	27.6112	0.117053	0.502235	0.277643	0.0825765
20349	0.310505	0.357369	3.90154	1.96615	0.503941	0.786962	2.87851	3.81552	2.04447	0.535831	27.9993	0.113506	0.519708	0.283876	0.0823888
20350	0.401078	0.365083	4.07946	1.8994	0.465601	0.795176	2.81463	4.42547	2.15219	0.48632	38.6335	0.0776569	0.476382	0.270301	0.0824317
20351	0.327652	0.317321	3.86084	1.98614	0.514431	0.976933	2.84247	3.85173	1.95136	0.506619	15.1255	0.210782	0.51053	0.288282	0.0825907
20352	0.288399	0.301393	4.04047	1.96134	0.485423	0.831977	2.8906	3.95398	1.94107	0.490915	22.6887	0.147738	0.488139	0.300549	0.0829593
20353	0.250269	0.206273	3.85426	1.81865	0.471855	0.917747	2.89369	3.81467	1.94916	0.510964	16.2105	0.222763	0.491309	0.324071	0.0833136
20354	0.191998	0.212493	3.79973	1.81816	0.478498	0.942266	2.96875	3.82672	2.04407	0.534157	13.4961	0.281451	0.506426	0.329756	0.0835302
20355	0.110973	0.148182	3.83458	1.81307	0.472821	1.0278	2.99425	4.02111	1.92971	0.479895	9.63636	0.420288	0.476442	0.351204	0.0835523
20356	0.257984	0.257056	3.89253	1.8109	0.465224	1.05779	2.93975	3.98654	1.94845	0.488757	11.2506	0.319842	0.477131	0.323792	0.0838358
20357	0.239807	0.264094	4.08643	1.94782	0.476655	0.879522	2.91802	4.01202	1.99758	0.497898	17.2109	0.204617	0.487179	0.308687	0.0840107
20358	0.1796	0.199983	3.67614	1.75713	0.477983	0.952603	2.95294	3.91681	2.09672	0.535312	12.6834	0.298767	0.507556	0.329705	0.0841745
20359	0.194579	0.164077	3.99704	1.87589	0.469321	0.972463	2.90641	4.13053	1.96374	0.475421	12.4283	0.302552	0.472421	0.328814	0.0841173
20360	0.190324	0.159551	3.77457	1.91609	0.507633	0.912881	2.91799	3.91288	2.10822	0.538789	14.5741	0.261044	0.523491	0.321079	0.0840332
20361	0.148515	0.120295	4.02389	1.87417	0.465762	0.929856	2.89264	4.11253	2.03427	0.494651	12.5897	0.305247	0.480364	0.3297	0.0842943
20362	0.0573657	0.103799	3.87531	1.91075	0.493058	0.911891	2.88037	3.86464	1.83089	0.473755	10.5577	0.365107	0.48342	0.340092	0.0850422
20363	0.00691142	0.0366001	3.82881	1.88691	0.492818	0.877728	2.90517	3.83249	1.92921	0.503383	10.8512	0.37916	0.498103	0.350372	0.0854156
20364	0.0537529	0.0483111	3.76165	2.00785	0.533769	0.894786	2.90177	4.0452	2.04686	0.505997	11.5111	0.353669	0.519379	0.334342	0.085913
20365	-0.0178342	-0.0143232	4.11745	1.96326	0.476814	0.966663	2.93833	4.02319	2.03668	0.506235	8.99488	0.484617	0.491354	0.35282	0.0859297
20366	0.0170078	-0.00575051	3.82431	1.9476	0.50927	0.944655	2.92866	3.93536	1.93265	0.491098	10.0064	0.430264	0.500054	0.356938	0.0860184
20367	0.110612	0.0412744	4.05544	1.9723	0.486334	0.993612	2.89453	4.04925	1.91848	0.473786	10.4414	0.389845	0.480065	0.343557	0.0860069
20368	-0.00257459	0.0461952	3.9525	1.87328	0.473947	0.962678	2.97985	3.8268	1.86527	0.487424	9.23714	0.465856	0.480577	0.365403	0.0860661
20369	0.00801425	0.0291262	3.73206	1.82007	0.487686	0.83797	2.95078	3.95719	1.93044	0.48783	12.3922	0.344413	0.48776	0.362765	0.0863988
20370	0.000304326	-0.00836642	3.98172	1.94932	0.489567	0.928178	2.98294	3.75597	1.86049	0.495344	10.3931	0.430475	0.492371	0.370061	0.0868251
20371	0.00928767	0.0169783	4.14929	2.05375	0.494965	1.01719	2.96754	4.11543	1.96569	0.477639	8.56975	0.507938	0.486337	0.351387	0.0869305
20372	0.0265924	-0.0272071	3.99082	2.04817	0.513219	1.06237	3.04254	4.28321	1.98283	0.462931	8.78364	0.536414	0.487187	0.368974	0.0871968
20373	-0.102557	-0.0680659	3.9743	2.02054	0.508401	1.00678	2.97342	3.93166	1.92233	0.488936	7.51696	0.615316	0.498721	0.369814	0.0873227
20374	-0.12541	-0.00267468	3.6236	1.91643	0.528874	1.06612	3.02071	3.8238	1.90962	0.499402	6.43836	0.709877	0.513742	0.374053	0.0874089
20375	-0.0306229	-0.00170635	3.91446	2.02495	0.5173	1.05127	3.05322	4.07314	1.9495	0.478624	7.9732	0.585247	0.497578	0.370011	0.0875946
20376	0.0463947	-0.0149933	3.97984	1.92983	0.484901	1.01862	3.02327	3.98122	1.89279	0.47543	9.76603	0.472609	0.480165	0.376564	0.0879876
20377	-0.00260952	-0.0277168	3.78803	1.99945	0.527834	1.08789	3.03133	3.90697	1.94787	0.498563	7.86899	0.594599	0.512972	0.372239	0.0883106
20378	-0.0246277	-0.0570686	4.00263	1.9541	0.488204	1.08282	3.04435	3.96333	1.88427	0.475425	7.84281	0.613222	0.481846	0.385297	0.0882229
20379	-0.110463	-0.0100233	3.60317	1.88212	0.522351	1.13218	3.09874	4.0288	1.94155	0.481918	6.25868	0.77208	0.501007	0.387329	0.0881806
20380	0.0352745	-0.0417205	3.80506	1.99171	0.523436	0.971921	3.05818	4.1142	2.00509	0.487358	10.9533	0.438653	0.504693	0.375534	0.0883956
20381	-0.101645	-0.10393	3.49883	1.91611	0.547644	0.968867	2.98971	4.30056	2.04052	0.474478	8.35131	0.572998	0.5073	0.376955	0.0888898
20382	-0.0509795	-0.0708879	3.94029	1.91745	0.486626	1.08412	3.05037	3.88778	2.1181	0.54481	7.56124	0.644223	0.515523	0.376492	0.0890339
20383	-0.0444536	-0.0613333	3.55974	1.76766	0.496569	1.04163	3.06985	4.30729	2.12028	0.492255	8.31176	0.589786	0.494207	0.386784	0.0888271
20384	0.0732579	-0.00737581	3.58418	1.90346	0.531074	1.01956	3.00136	4.38307	2.17336	0.495854	10.109	0.447743	0.511698	0.357076	0.0886243
20385	-0.0121003	0.00253939	3.91975	1.84742	0.47131	1.11833	3.0721	4.23027	2.10872	0.498484	7.37327	0.638942	0.485414	0.373321	0.0884939
20386	-0.032116	-0.0226593	3.85779	1.84232	0.477559	1.01985	3.02042	4.18297	1.9448	0.464933	8.36799	0.55332	0.470991	0.379503	0.0887664
20387	-0.0216089	0.0163294	3.59536	1.73129	0.481535	1.0081	2.99626	3.93211	2.00058	0.50878	8.37494	0.530151	0.495767	0.373108	0.089051
20388	0.0235817	-0.0127013	3.95917	1.87941	0.474698	1.05846	2.97937	3.92352	2.0158	0.513773	8.35915	0.535491	0.494147	0.365028	0.0891419
20389	-0.0872591	-0.0523148	3.59649	1.85404	0.515514	1.00096	3.05659	4.06659	1.98341	0.487731	8.16176	0.592108	0.500771	0.386497	0.0895507
20390	-0.0583768	-0.0472185	3.91156	1.94083	0.496179	1.05805	3.04957	3.90525	1.98056	0.507153	7.69418	0.623206	0.501662	0.379538	0.0895244
20391	-0.0871072	-0.0852458	3.83706	1.84611	0.481126	1.067	3.00823	3.96079	2.12567	0.536678	7.18464	0.665976	0.509342	0.376034	0.0896129
20392	-0.184727	-0.142578	3.69759	1.76645	0.47773	1.01787	3.03342	4.1688	2.2239	0.533462	6.9746	0.723119	0.507265	0.387358	0.0902604
20393	-0.0644239	-0.137121	3.65153	1.86548	0.510877	0.879163	2.92426	4.23506	2.1799	0.514728	10.5262	0.445178	0.512945	0.366877	0.089893
20394	-0.110853	-0.0875923	3.81881	1.75991	0.460854	0.900449	2.98739	3.98009	2.1023	0.528205	9.24535	0.511366	0.495226	0.379791	0.0904773
20395	-0.119452	-0.121559	3.61691	1.69375	0.468287	0.901516	2.91708	4.26686	2.1552	0.505101	8.85793	0.521188	0.488212	0.375011	0.0909387
20396	-0.0685987	-0.130604	3.71937	1.74678	0.469645	0.905165	2.88376	4.09182	1.91348	0.467635	9.58265	0.474108	0.468592	0.383068	0.0911623
20397	-0.151301	-0.179986	4.12751	1.89338	0.458723	0.96015	2.92767	3.82387	1.89308	0.495069	7.81781	0.617662	0.476202	0.389482	0.0911414
20398	-0.307167	-0.271198	3.7611	1.76521	0.469333	0.855666	2.87541	3.68932	1.86349	0.505103	7.32238	0.67609	0.487046	0.405641	0.0912438
20399	-0.26973	-0.296785	3.9478	1.77606	0.449885	0.79807	2.86723	3.90307	1.92819	0.494018	8.78004	0.570098	0.471826	0.403334	0.0911176
20400	-0.358288	-0.332982	3.4762	1.84588	0.531005	0.746163	2.82824	3.77978	1.79165	0.474009	8.19248	0.609906	0.501315	0.407289	0.0918114
20401	-0.338073	-0.3245	3.97649	1.89764	0.477215	0.866589	2.81517	3.81146	1.84446	0.483924	6.79263	0.725605	0.480498	0.397186	0.0917623
20402	-0.254183	-0.305529	3.82345	1.75603	0.459277	0.901831	2.82115	3.69264	1.78213	0.482618	7.31544	0.668184	0.470745	0.408672	0.0916063
20403	-0.190597	-0.226976	3.85553	1.73302	0.449489	0.804613	2.79904	4.18927	1.89405	0.452119	9.24513	0.495221	0.450859	0.387051	0.0915806
20404	-0.204467	-0.187105	3.79497	1.88912	0.497796	0.888177	2.81485	3.85151	1.8754	0.486925	7.54834	0.596935	0.492321	0.374517	0.0916674
20405	-0.20506	-0.269829	3.89084	1.75389	0.450775	0.841933	2.80689	3.93292	1.9607	0.498537	8.63552	0.548098	0.474784	0.389281	0.091862
20406	-0.247891	-0.306406	3.62656	1.87656	0.517449	0.820548	2.82721	4.12747	1.97211	0.477801	8.60185	0.570782	0.496344	0.389564	0.0918533
20407	-0.280666	-0.270543	3.83734	1.93106	0.503228	0.792908	2.79079	4.06631	2.05929	0.506427	8.13124	0.57628	0.504874	0.370057	0.0920209
20408	-0.250031	-0.290739	3.92047	1.85325	0.47271	0.653381	2.78156	4.12911	1.87719	0.454623	11.5652	0.408077	0.463432	0.387586	0.092069
20409	-0.179747	-0.222421	3.88609	1.9314	0.497003	0.788799	2.789	3.82372	1.91508	0.500841	9.66727	0.46904	0.498907	0.370954	0.0921488
20410	-0.219139	-0.17937	3.95219	1.88448	0.476819	0.7618	2.7785	4.07586	2.03287	0.49876	9.09231	0.48112	0.487958	0.35841	0.0924127
20411	-0.1523	-0.157361	3.97868	1.9883	0.499738	0.876211	2.83467	3.92872	1.86244	0.474057	8.46282	0.528917	0.486978	0.367687	0.0927581
20412	-0.302353	-0.28066	3.87525	1.87961	0.485029	0.827346	2.80495	3.76025	1.89341	0.503532	7.46031	0.63811	0.494141	0.386946	0.0929577
20413	-0.227065	-0.252145	4.00183	1.82309	0.455565	0.792188	2.76789	3.83895	1.84338	0.480179	8.77929	0.519438	0.467616	0.383554	0.0931059
20414	-0.12716	-0.188747	3.91944	1.83057	0.46705	0.638147	2.69671	3.79845	1.78859	0.470873	14.2153	0.292848	0.468931	0.365245	0.092987
20415	-0.256874	-0.225774	3.84823	1.78653	0.464246	0.769858	2.78795	4.0125	1.89719	0.47282	8.61576	0.527089	0.468623	0.381459	0.0928277
20416	-0.179201	-0.20358	4.17465	1.85804	0.445076	0.805701	2.7931	3.72402	1.90501	0.511548	9.25749	0.485016	0.476416	0.373784	0.0931404
20417	-0.288324	-0.266734	4.01087	1.89058	0.471363	0.73358	2.77027	3.59986	1.77957	0.494344	8.83222	0.522144	0.482233	0.38597	0.0936048
20418	-0.226572	-0.244937	3.6459	1.72663	0.47358	0.865935	2.78667	3.83896	1.92591	0.501674	7.70012	0.596786	0.487989	0.386267	0.0940579
20419	-0.303409	-0.249258	4.12077	1.95889	0.47537	0.776998	2.80745	3.62183	1.93242	0.533549	8.00447	0.583639	0.502585	0.375225	0.0942372
20420	-0.226568	-0.246234	3.75604	1.96845	0.524076	0.780341	2.73997	3.97982	1.93533	0.486287	8.79548	0.506932	0.504635	0.363609	0.0944563
20421	-0.139614	-0.172603	4.05752	2.03599	0.501782	0.757152	2.73973	4.1701	2.06109	0.494255	10.5469	0.402095	0.497967	0.341154	0.0947781
20422	-0.148279	-0.109175	4.32319	2.09988	0.485725	0.85788	2.76133	4.05515	2.04338	0.503896	8.13925	0.506177	0.49452	0.33219	0.0948595
20423	-0.0601961	-0.0627083	3.98682	2.14147	0.537137	0.702078	2.77293	4.05956	1.94379	0.478819	13.8382	0.290531	0.507714	0.329898	0.0947144
20424	-0.0203736	-0.0590455	4.11391	1.96692	0.478115	0.709123	2.72331	3.74871	1.80819	0.482351	14.5472	0.266083	0.480135	0.339027	0.095114
20425	-0.0862762	-0.0876563	3.86481	1.96178	0.507601	0.797677	2.79825	3.94073	1.85768	0.471404	10.6588	0.390687	0.489327	0.352921	0.0949922
20426	0.0331736	-0.0248012	3.89927	2.04429	0.524276	0.860163	2.84586	3.78588	1.92989	0.509759	12.0493	0.341955	0.517125	0.341519	0.095801
20427	0.0200447	0.0149906	3.76217	1.97014	0.523672	0.74439	2.80413	3.83441	1.85629	0.484114	14.8269	0.262338	0.503705	0.337096	0.0958882
20428	-0.0453169	0.0147171	4.19206	1.91443	0.45668	0.84684	2.85037	3.84367	1.92926	0.501931	10.1024	0.397972	0.478325	0.343513	0.0959531
20429	-0.0185856	-0.0238736	3.99926	2.17822	0.544654	0.857175	2.89301	4.05576	1.95667	0.482443	11.0935	0.383478	0.51333	0.339792	0.0956253
20430	-0.0832043	-0.0881025	4.24393	2.07519	0.488979	0.818794	2.87509	3.8828	2.01231	0.518263	10.7922	0.4068	0.50297	0.349511	0.0956873
20431	-0.0383051	-0.0536444	4.04729	1.94429	0.480393	0.913411	2.85283	4.13165	1.97426	0.477838	9.32647	0.452881	0.479102	0.350319	0.0960061
20432	-0.0223516	-0.0712734	3.75831	1.84112	0.489881	0.906317	2.944	3.80407	2.0276	0.533008	10.5422	0.431213	0.511575	0.370205	0.0957816
20433	-0.0932166	-0.0768701	3.43065	1.7687	0.515558	0.857004	2.92871	3.72607	1.93242	0.518622	10.0048	0.45146	0.517153	0.379072	0.0959283
20434	-0.0512133	-0.0310367	3.84188	1.75047	0.455627	0.988288	2.97266	3.80997	2.18953	0.574685	8.34955	0.540281	0.514908	0.364176	0.0959061
20435	-0.0712585	-0.0630682	3.94079	1.89921	0.481937	0.993239	2.9876	4.03695	2.10988	0.522642	8.21295	0.566578	0.502535	0.367341	0.0959923
20436	-0.0915185	-0.0861633	3.84051	1.95754	0.509709	0.916128	2.96519	4.16983	2.0071	0.481339	9.16999	0.507676	0.494941	0.370041	0.0959231
20437	-0.026649	-0.0238246	3.82647	1.96171	0.512668	0.990237	3.01882	3.68093	1.87803	0.510206	8.9528	0.517028	0.511461	0.376192	0.0963763
20438	-0.0380355	-0.0217436	4.09143	1.97876	0.483635	1.05343	3.04091	3.70415	1.86851	0.504436	7.87369	0.595647	0.493519	0.378813	0.0963312
20439	-0.0657923	-0.0392158	3.88204	1.94054	0.499876	1.09326	3.07452	4.02904	1.98335	0.492265	7.21698	0.671705	0.495999	0.381962	0.0962419
20440	-0.118501	-0.0609764	3.97574	2.03605	0.512117	1.15859	3.10257	3.98658	2.09833	0.52635	6.13631	0.815479	0.519243	0.377132	0.0962496
20441	0.0181854	-0.0629049	4.37433	2.02421	0.462748	1.12324	3.13948	4.35415	1.94173	0.445949	8.39812	0.61057	0.454368	0.392755	0.0964909
20442	0.0246788	0.0335182	3.84257	1.81372	0.472008	1.03158	3.11446	3.78907	1.91042	0.504193	9.36254	0.506923	0.487988	0.389322	0.096362
20443	-0.00739293	-0.0339233	3.77203	1.85886	0.4928	1.01022	3.04815	3.56059	1.7778	0.499299	9.17317	0.51777	0.495956	0.395165	0.0969399
20444	0.00495913	-0.0151985	3.69034	1.921	0.520548	1.01067	3.05529	4.02577	1.87621	0.466049	9.32112	0.505728	0.492114	0.383106	0.0967348
20445	0.0260031	-0.00925827	4.0366	2.11056	0.522857	1.11624	3.04897	3.95789	1.96186	0.495684	7.86866	0.594304	0.509404	0.364853	0.096766
20446	0.0116535	-0.0548152	4.22188	2.02624	0.479938	0.983262	2.92075	4.14688	2.04235	0.492504	9.37901	0.472011	0.486165	0.352465	0.0974066
20447	0.0670623	0.0305671	4.06044	1.87602	0.462025	0.798983	2.87475	4.10537	2.03249	0.495081	15.1004	0.267854	0.478644	0.341099	0.0977098
20448	-0.00461938	-0.00415378	3.90143	1.81938	0.466337	0.954948	2.96262	4.02149	2.11346	0.52554	9.55914	0.460385	0.496387	0.358886	0.0979162
20449	-0.030398	-0.0084617	3.88036	2.04096	0.525972	0.977019	2.95004	4.07535	1.92485	0.472316	8.62434	0.507444	0.498486	0.355686	0.0977909
20450	-0.102075	-0.0449021	3.78511	2.0225	0.53433	0.968636	2.96917	3.74634	1.98009	0.528541	7.92435	0.573211	0.53145	0.362126	0.0979293
20451	0.00631838	-0.0475552	3.97426	1.9386	0.487788	0.940183	2.93287	3.83914	1.87555	0.488533	10.1857	0.436051	0.488154	0.368099	0.0981486
20452	-0.122571	-0.0571743	3.58229	1.84243	0.514316	0.83788	2.92004	4.04226	1.9453	0.481242	9.6088	0.461233	0.496781	0.369215	0.0987562
20453	-0.183376	-0.136	4.05874	1.89157	0.466048	0.964936	2.9548	3.82418	1.92297	0.502844	7.24475	0.65931	0.483898	0.385149	0.0989692
20454	-0.0307106	-0.11807	4.06733	1.94967	0.479348	1.14994	3.05799	3.94492	2.02662	0.513729	7.23657	0.696969	0.496276	0.388205	0.0993305
20455	-0.178649	-0.169199	3.94556	2.05369	0.520507	1.10452	3.02621	3.971	1.96014	0.493612	6.2013	0.823266	0.507016	0.38886	0.099803
20456	-0.204716	-0.218792	4.11286	2.01597	0.490162	0.978982	2.97193	3.98867	1.89348	0.474715	7.26602	0.70057	0.482557	0.394438	0.0995579
20457	-0.138959	-0.199184	3.81696	1.91611	0.502	0.941086	3.02843	3.9239	1.88797	0.481145	8.93059	0.583248	0.491428	0.406517	0.0991236
20458	-0.24794	-0.215512	4.00305	1.97122	0.49243	1.10577	3.06589	3.91877	1.77561	0.453105	5.87586	0.91626	0.472977	0.418201	0.0993535
20459	-0.168181	-0.200932	3.75148	1.74274	0.464548	1.04574	3.06316	4.20465	2.00348	0.476491	7.23014	0.736799	0.47086	0.41567	0.0997137
20460	-0.281259	-0.231427	3.92651	1.79774	0.457847	1.10636	3.06478	3.85718	1.82132	0.472189	5.64275	0.96274	0.464954	0.428871	0.099992
20461	-0.218453	-0.220918	3.86481	1.8464	0.477748	1.09515	3.08193	3.83865	1.90718	0.496836	6.32192	0.862776	0.48726	0.420935	0.100556
20462	-0.189093	-0.185226	4.06747	1.95629	0.480961	1.05674	3.10869	4.20845	1.96764	0.467544	6.99043	0.776054	0.474138	0.408847	0.100509
20463	-0.335429	-0.239271	4.07864	1.97677	0.484664	1.06931	3.06942	4.22916	2.12499	0.502462	5.54781	0.986643	0.493724	0.400326	0.100964
20464	-0.288481	-0.296934	3.71904	1.97201	0.530248	1.16185	3.09522	4.40587	2.09397	0.475268	5.47034	1.05173	0.500434	0.414469	0.101127
20465	-0.268591	-0.281083	4.15605	1.95011	0.469222	1.04847	3.13798	3.92459	1.91914	0.489005	6.73908	0.867328	0.47883	0.430424	0.101004
20466	-0.305948	-0.298728	3.65838	1.96474	0.53705	1.10247	3.11223	3.90016	1.8994	0.487007	5.86527	0.991822	0.511228	0.429584	0.101456
20467	-0.317239	-0.298719	3.68243	1.83353	0.497913	1.1371	3.07746	3.61329	1.8418	0.509728	5.38915	1.05755	0.503764	0.436853	0.101319
20468	-0.257892	-0.286244	3.90301	1.83416	0.469933	1.0779	3.05978	3.64451	1.91795	0.526258	6.2745	0.892174	0.497131	0.427376	0.101311
20469	-0.28323	-0.275033	3.90523	1.87187	0.479324	1.12795	3.12138	4.24577	2.05657	0.48438	5.79264	0.995714	0.481958	0.423458	0.101321
20470	-0.35093	-0.263592	4.26322	2.04081	0.478701	1.06042	3.09476	3.58529	1.98183	0.552769	5.66218	0.995951	0.512536	0.412211	0.101511
20471	-0.335785	-0.327497	3.82412	1.92801	0.504171	1.10099	3.10797	4.27264	2.01807	0.472323	5.71731	1.03216	0.487365	0.427952	0.101721
20472	-0.332742	-0.304964	3.99649	1.87505	0.469174	1.14133	3.11265	4.30955	2.1126	0.490214	5.3754	1.08644	0.480091	0.422844	0.102083
20473	-0.298802	-0.322233	3.81762	1.94917	0.510572	1.05531	3.11739	4.34171	2.06259	0.475065	6.45225	0.916814	0.491678	0.424507	0.102766
20474	-0.327844	-0.353819	3.5573	1.74891	0.491641	1.10222	3.10794	3.79243	1.98715	0.523978	5.85974	1.02255	0.508327	0.445153	0.103019
20475	-0.457528	-0.428515	3.66178	1.8777	0.512783	1.10927	3.13449	3.80626	1.8809	0.494159	5.17135	1.22743	0.503291	0.457942	0.102995
20476	-0.440446	-0.339854	3.60666	1.69263	0.469308	1.21823	3.18426	3.88221	1.95782	0.504307	4.51418	1.3756	0.487451	0.45974	0.103122
20477	-0.316342	-0.309875	3.68889	1.77656	0.481598	1.17423	3.17803	3.88239	1.93415	0.498185	5.47547	1.1109	0.490104	0.450558	0.103489
20478	-0.38021	-0.354784	3.65987	1.81536	0.496017	1.23564	3.17662	4.15888	2.00557	0.482239	4.77631	1.30549	0.488688	0.449449	0.103551
20479	-0.48223	-0.412085	3.64549	1.7356	0.476096	1.18324	3.2292	4.27288	2.13135	0.498809	4.78008	1.3869	0.488352	0.461679	0.103494
20480	-0.44314	-0.387993	4.01141	1.80179	0.449166	1.17702	3.20266	4.02279	2.03986	0.507076	4.91171	1.31245	0.478162	0.456354	0.103438
20481	-0.405821	-0.397077	3.79354	1.91024	0.503552	1.21869	3.21006	4.05831	1.96214	0.483487	4.93036	1.31952	0.493181	0.45665	0.103776
20482	-0.369548	-0.390187	3.65212	1.7437	0.477448	1.09173	3.21134	4.27444	2.16261	0.505941	6.07445	1.06767	0.492813	0.453715	0.104589
20483	-0.303822	-0.303159	3.642	1.78321	0.489624	1.17756	3.18263	3.96158	1.96	0.494752	5.5369	1.09725	0.492296	0.4481	0.104732
20484	-0.190187	-0.223779	3.65009	1.80157	0.493569	1.18308	3.14629	3.84057	1.93144	0.502904	6.02239	0.942929	0.498355	0.432136	0.104327
20485	-0.147614	-0.184841	3.44977	1.76154	0.510627	1.18177	3.18301	3.86045	1.84358	0.477556	6.41804	0.883637	0.493163	0.440385	0.104236
20486	-0.165205	-0.12448	3.7284	1.69137	0.453646	1.0865	3.09675	4.01813	1.82143	0.453303	6.6228	0.783377	0.453468	0.424902	0.10436
20487	-0.085075	-0.0758242	3.61227	1.70037	0.470722	1.10978	3.08295	3.63344	1.87896	0.51713	6.9889	0.713834	0.493994	0.410813	0.104958
20488	-0.062768	-0.0734281	3.59975	1.58081	0.439143	0.936304	2.93096	3.85962	1.76947	0.458456	9.04311	0.499073	0.449136	0.402589	0.105085
20489	-0.0208331	-0.0401466	3.51862	1.65504	0.470367	0.875614	2.92135	3.89114	1.92788	0.495455	10.9137	0.401809	0.483542	0.379756	0.105485
20490	0.0739413	0.00153672	3.59135	1.65778	0.461603	0.859585	2.90193	4.23642	2.03818	0.481108	13.629	0.308618	0.472159	0.362775	0.105828
20491	-0.0836809	-0.0469305	3.79057	1.78293	0.470358	0.888874	2.85087	4.10911	2.04621	0.49797	8.87787	0.472932	0.484721	0.354223	0.106043
20492	0.0035397	0.00373683	3.54638	1.75851	0.49586	0.841929	2.85846	4.17194	2.22931	0.534358	11.5941	0.351449	0.516669	0.338253	0.10598
20493	-0.0662351	-0.0395765	3.87111	1.87171	0.483508	0.771891	2.84805	4.01977	2.06368	0.513384	11.8703	0.351228	0.498727	0.346392	0.106496
20494	-0.0772063	-0.0378206	3.66344	1.86901	0.510177	0.851328	2.87107	3.88469	2.05495	0.528987	9.81425	0.431088	0.519858	0.350383	0.106812
20495	-0.0820306	-0.105188	3.96124	1.91967	0.484612	0.992456	2.92581	4.20962	2.12682	0.50523	7.95738	0.57726	0.495235	0.362193	0.107131
20496	-0.077694	-0.115504	3.78316	1.97406	0.521801	1.01868	2.98597	3.95103	1.97822	0.500685	8.00231	0.601022	0.511014	0.378403	0.107046
20497	-0.0710901	-0.0775104	3.66291	1.7945	0.489911	1.00901	3.02442	4.0769	2.00533	0.491877	8.24781	0.583304	0.490947	0.387768	0.107045
20498	0.00887119	-0.079559	3.62925	1.73232	0.477323	1.05207	3.05196	3.86169	2.10548	0.545223	9.01106	0.544133	0.512327	0.389918	0.107268
20499	-0.198266	-0.114016	4.16459	1.9157	0.459996	1.03465	3.02128	3.80285	2.03188	0.534305	6.46681	0.760038	0.495464	0.383799	0.107182
20500	-0.00415224	-0.0267235	3.79272	1.83324	0.483359	1.00417	3.04737	4.09446	2.08269	0.50866	9.29475	0.508353	0.496493	0.376407	0.108114
