cycle	Zbar1	Gbar1	VP1	VG1	h21	Zbar2	Gbar2	VP2	VG2	h22	h2b	h2b_denom	h2w	Qst	Fst
20000	-0.0285517	-0.0539156	3.68989	1.75405	0.475367	3.97268	0.00164323	3.76903	1.84365	0.489159	0.000192805	8.00494	0.482336	0.000214558	0.00035762
20001	-0.0651578	-0.0407627	3.57666	1.73297	0.484522	3.90426	-0.0667564	3.94887	1.78286	0.451487	4.28827e-05	7.87815	0.467188	4.80667e-05	0.000581624
20002	-0.0674504	-0.0763783	3.62872	1.82768	0.50367	3.80115	-0.146639	3.871	1.83891	0.475049	0.000329855	7.48302	0.488897	0.00033665	0.000860568
20003	-0.0913997	-0.0922269	3.46164	1.69052	0.488359	3.67401	-0.243241	3.78958	1.83067	0.48308	0.00160846	7.08916	0.4856	0.00161733	0.00113632
20004	-0.231327	-0.162532	3.70352	1.85794	0.50167	3.72167	-0.296787	3.8489	1.77573	0.46136	0.00115347	7.81309	0.481127	0.00123917	0.00146487
20005	-0.167114	-0.124902	4.01894	1.89895	0.472501	3.67507	-0.306727	3.60732	1.73129	0.479938	0.00223949	7.38118	0.476019	0.00227268	0.00173702
20006	-0.155404	-0.114871	3.5978	1.85729	0.516228	3.67752	-0.287005	3.84732	1.68572	0.438153	0.00201685	7.34565	0.475882	0.00208743	0.00193478
20007	-0.0629999	-0.122541	3.53094	1.67234	0.473624	3.69122	-0.312145	3.86794	1.72075	0.444874	0.00255067	7.04709	0.458594	0.00264306	0.00225889
20008	-0.141828	-0.110119	3.22695	1.69852	0.526354	3.68749	-0.357943	4.00077	1.88583	0.471366	0.00418835	7.33185	0.495916	0.00426753	0.00251638
20009	-0.0559485	-0.0921566	3.68276	1.89434	0.51438	3.62922	-0.398551	3.79745	1.82188	0.479762	0.00691269	6.79025	0.496806	0.0062789	0.00273464
20010	-0.136846	-0.141788	3.82022	1.84419	0.482745	3.77222	-0.259878	3.70228	1.7893	0.483297	0.000912597	7.6404	0.483016	0.000959051	0.00302112
20011	-0.111584	-0.116255	3.76197	1.72525	0.458603	3.75855	-0.203181	3.71634	1.72169	0.463275	0.000504489	7.48898	0.460925	0.000548013	0.00319215
20012	-0.134523	-0.114745	3.71391	1.80204	0.485212	3.70659	-0.259829	3.57473	1.6723	0.467811	0.00142666	7.37706	0.476678	0.00151308	0.00354798
20013	-0.126091	-0.132647	3.54695	1.83424	0.517131	3.6701	-0.345261	4.16461	1.83932	0.441654	0.0031368	7.20555	0.47637	0.00306845	0.00380698
20014	-0.138857	-0.13456	3.89571	1.7558	0.4507	3.68072	-0.411624	3.77453	1.82845	0.484419	0.00526173	7.29458	0.467293	0.00532842	0.00411331
20015	-0.0537393	-0.147034	3.98869	1.68298	0.421938	3.62228	-0.408662	3.85539	1.743	0.452094	0.00506536	6.75656	0.436759	0.00497249	0.00436304
20016	-0.049432	-0.0922988	4.01977	1.83356	0.456136	3.52438	-0.456488	3.68768	1.69824	0.460518	0.0103846	6.38606	0.458233	0.00930581	0.00462991
20017	-0.103357	-0.139984	3.85779	1.86365	0.483088	3.53969	-0.462756	3.99221	1.8093	0.453209	0.00784988	6.6359	0.467893	0.00704472	0.00501071
20018	-0.0942897	-0.122584	3.8904	1.96591	0.505322	3.53608	-0.47615	3.81301	1.79183	0.469926	0.00948504	6.58978	0.487802	0.00825224	0.00539598
20019	-0.178903	-0.138491	4.13722	1.9401	0.468937	3.51857	-0.482379	3.66124	1.71185	0.467559	0.00865015	6.83566	0.46829	0.00803459	0.00565404
20020	-0.120969	-0.144549	3.66887	1.84497	0.502871	3.52751	-0.490742	3.60792	1.80482	0.50024	0.00900355	6.65569	0.501567	0.00814655	0.00585882
20021	-0.0756169	-0.144013	4.03219	1.90597	0.472688	3.47456	-0.48021	3.65919	1.72996	0.472771	0.00896784	6.30189	0.472727	0.00771555	0.00606224
20022	-0.117742	-0.113289	3.8	1.86117	0.48978	3.38201	-0.549943	3.78316	1.84719	0.488268	0.0155668	6.12415	0.489026	0.012697	0.00634357
20023	-0.16136	-0.127715	4.03707	2.01394	0.498862	3.41276	-0.555402	4.04095	1.92982	0.477565	0.014319	6.38718	0.488208	0.011468	0.00657603
20024	-0.172726	-0.173729	3.64873	1.79086	0.490816	3.4539	-0.580168	4.22134	1.78817	0.423602	0.0125598	6.57622	0.454764	0.0114129	0.00681457
20025	-0.0642877	-0.133657	3.9594	1.80223	0.455177	3.38876	-0.639881	3.76424	1.93649	0.514445	0.0214922	5.96176	0.484062	0.0168553	0.00696447
20026	-0.0746907	-0.137554	3.74281	1.81392	0.484641	3.28063	-0.7554	3.68205	1.76675	0.479828	0.0339073	5.62907	0.482254	0.0259731	0.00719386
20027	-0.120596	-0.149442	3.96881	1.79084	0.451229	3.17443	-0.839085	3.9024	1.78478	0.457353	0.0438057	5.4286	0.454265	0.0321989	0.00734102
20028	-0.0407594	-0.114625	3.71269	1.8038	0.485847	3.16014	-0.880895	3.63938	1.74841	0.480415	0.0573083	5.12289	0.483158	0.0397033	0.00775925
20029	-0.0244527	-0.0260136	3.98518	1.94454	0.487942	3.00703	-0.952778	3.92902	1.89655	0.482703	0.0934607	4.59493	0.485341	0.0529671	0.00791228
20030	-0.0346161	-0.0648423	3.67003	1.88132	0.512617	2.94367	-1.01776	4.0813	2.08325	0.510438	0.102371	4.43508	0.51147	0.0541846	0.00816447
20031	-0.079711	-0.0445943	3.68085	1.82774	0.496553	3.0133	-1.00861	3.98124	1.9238	0.483216	0.0971411	4.78337	0.489623	0.0583454	0.00839556
20032	-0.0743205	-0.105158	3.69806	1.6974	0.458997	2.79873	-1.08486	4.16999	1.83677	0.440473	0.116279	4.1272	0.44918	0.0636084	0.00873609
20033	0.011149	-0.0700268	3.72071	1.72067	0.462458	2.8693	-1.10036	3.74889	1.81152	0.483214	0.129953	4.08451	0.472875	0.0699182	0.00891397
20034	-0.121312	-0.0873026	3.68292	1.79897	0.488463	2.79589	-1.16447	3.54014	1.74721	0.493542	0.136342	4.25504	0.490952	0.0756478	0.00923961
20035	0.00811615	-0.0190166	3.90741	1.84368	0.471842	2.83189	-1.15922	3.71187	1.73281	0.466829	0.163045	3.98685	0.4694	0.0833439	0.00942671
20036	-0.0492325	0.0100398	3.69555	1.76424	0.477395	2.85848	-1.17411	4.01002	1.81277	0.452061	0.165847	4.22741	0.464211	0.0892948	0.00964486
20037	0.0471768	0.0634959	3.60585	1.64122	0.455155	2.7381	-1.2041	4.20813	1.74101	0.413725	0.221903	3.62052	0.432843	0.106208	0.00995309
20038	0.0765211	0.0893482	3.87022	1.6882	0.436201	2.71469	-1.28892	3.65161	1.67238	0.457983	0.272937	3.47996	0.446776	0.123873	0.0101636
20039	0.0765389	0.00103953	3.65448	1.68598	0.461347	2.70431	-1.30336	3.65307	1.82405	0.499319	0.246402	3.45258	0.480329	0.108135	0.0104263
20040	-0.128305	-0.0477855	3.49008	1.66233	0.476302	2.69684	-1.28056	3.81514	1.89585	0.496929	0.190407	3.99072	0.487074	0.096519	0.010753
20041	-0.0326201	-0.0184192	3.58624	1.69297	0.472074	2.65929	-1.33662	4.02108	1.87565	0.466455	0.239799	3.62318	0.469104	0.10857	0.0109456
20042	0.0729593	-0.0374154	3.82582	1.69321	0.442574	2.70026	-1.30706	4.02953	1.72141	0.427199	0.233529	3.45136	0.434687	0.105609	0.0112202
20043	0.0132717	-0.0666497	3.64459	1.74701	0.479342	2.56318	-1.40852	3.79273	1.80456	0.475794	0.276929	3.25103	0.477533	0.11254	0.0113003
20044	-0.0411196	-0.0212634	3.58074	1.78356	0.498097	2.70729	-1.3273	3.75699	1.97032	0.524442	0.225814	3.77687	0.511586	0.102056	0.0115524
20045	-0.0686665	-0.0664673	4.001	1.80459	0.451035	2.62844	-1.34062	3.48974	1.87765	0.538049	0.223175	3.6372	0.491573	0.0993244	0.0117283
20046	-0.040727	-0.0169081	3.72695	1.84156	0.494119	2.68093	-1.35287	3.82969	1.91685	0.500523	0.240947	3.70371	0.497365	0.106169	0.0121946
20047	-0.0671533	-0.106706	4.1325	2.01439	0.487449	2.65026	-1.38366	3.99615	1.92483	0.481671	0.220821	3.69217	0.484609	0.0938237	0.0124891
20048	-0.17811	-0.158882	4.08201	2.02452	0.495961	2.5392	-1.40318	3.75996	1.61338	0.429094	0.209686	3.69188	0.463901	0.0962102	0.0125452
20049	-0.0244178	-0.00740253	3.8965	1.70258	0.436951	2.73203	-1.30533	3.69438	1.68306	0.455573	0.221718	3.79899	0.446014	0.110681	0.0126911
20050	-0.135908	-0.1146	3.74351	1.85001	0.494192	2.66786	-1.35605	3.73913	1.64197	0.439132	0.196053	3.93056	0.466678	0.0994184	0.01294
20051	-0.0779263	-0.0714452	3.61534	1.75506	0.485447	2.60227	-1.36986	3.91575	1.70418	0.435213	0.234688	3.59173	0.459328	0.108654	0.0130828
20052	-0.122079	-0.0380511	3.98735	1.80871	0.453611	2.49804	-1.41536	3.67331	1.77264	0.482572	0.276326	3.43251	0.467498	0.116988	0.0133606
20053	0.0104402	-0.0442501	3.78052	1.86662	0.493746	2.48264	-1.4432	3.73525	1.7536	0.469472	0.320213	3.05588	0.481682	0.11911	0.0135992
20054	-0.0419352	-0.0802689	4.00449	1.86786	0.466442	2.51534	-1.45702	3.8652	1.83879	0.475731	0.289837	3.26984	0.471004	0.1134	0.0139746
20055	-0.0370887	-0.0889388	4.10658	1.85968	0.452854	2.54236	-1.45408	4.02157	1.8207	0.452735	0.280092	3.32677	0.452795	0.112416	0.014185
20056	-0.177586	-0.17008	3.62347	1.66004	0.458136	2.55248	-1.42242	3.6108	1.76806	0.489659	0.210426	3.72663	0.47387	0.102682	0.0144048
20057	-0.139645	-0.143777	3.85969	1.65801	0.42957	2.64171	-1.47414	3.73099	1.79276	0.480506	0.228786	3.86796	0.454606	0.113701	0.0146237
20058	-0.140951	-0.112731	3.46422	1.73463	0.500727	2.63307	-1.40493	3.99467	1.96217	0.491197	0.216991	3.84758	0.495623	0.101509	0.0148018
20059	-0.148865	-0.144021	3.38002	1.68421	0.498285	2.55247	-1.44417	3.84675	1.75786	0.456972	0.231647	3.6486	0.476294	0.109397	0.0150845
20060	-0.206477	-0.197913	3.59758	1.60077	0.444958	2.35223	-1.59796	3.6189	1.78608	0.493541	0.299395	3.27349	0.469321	0.126454	0.0153318
20061	-0.300207	-0.239583	3.48588	1.67842	0.481491	2.40389	-1.61266	3.88318	1.7225	0.44358	0.257836	3.65606	0.461514	0.121774	0.0154706
20062	-0.1508	-0.155058	3.96717	1.67248	0.42158	2.3963	-1.5889	3.7704	1.79707	0.476625	0.316894	3.24385	0.448403	0.129082	0.0156663
20063	-0.14716	-0.157553	3.81019	1.75958	0.461809	2.30896	-1.62909	3.827	1.91889	0.501408	0.358955	3.01627	0.481652	0.128344	0.016205
20064	-0.0872792	-0.153989	4.01492	1.76867	0.440525	2.26785	-1.68126	3.74446	1.77453	0.473907	0.420536	2.77332	0.456634	0.141382	0.0162874
20065	-0.128243	-0.147148	3.8033	1.699	0.446717	2.20855	-1.77061	3.92818	1.73577	0.441877	0.482663	2.73029	0.444258	0.161024	0.0164637
20066	-0.196568	-0.189269	3.77286	1.76179	0.466964	2.15099	-1.8088	3.64111	1.73795	0.477314	0.475934	2.75551	0.472047	0.157864	0.0167456
20067	-0.197284	-0.242863	3.70324	1.82551	0.492949	2.14003	-1.83106	3.6209	1.77503	0.490218	0.461713	2.73153	0.491599	0.1491	0.0169958
20068	-0.222252	-0.230688	3.76817	1.74349	0.462687	2.18702	-1.80552	3.58041	1.83865	0.513529	0.427264	2.90229	0.487459	0.147611	0.0171045
20069	-0.203541	-0.168216	3.94031	1.76901	0.448952	2.28146	-1.77335	3.74275	1.83769	0.490999	0.417222	3.08763	0.469435	0.151592	0.0173505
20070	-0.329682	-0.232196	3.67733	1.77224	0.481936	2.28435	-1.76897	3.80371	1.8037	0.474194	0.345616	3.41659	0.478	0.141771	0.0176673
20071	-0.227452	-0.238588	3.69216	1.76543	0.478157	2.14823	-1.85285	3.46047	1.67186	0.483132	0.461712	2.82193	0.480564	0.159397	0.0178511
20072	-0.285479	-0.209573	3.83124	1.76361	0.460324	2.0179	-1.91724	3.70515	1.7353	0.468349	0.549636	2.65278	0.464269	0.172503	0.0179326
20073	-0.193619	-0.154201	3.56227	1.75289	0.492072	2.1115	-1.92041	4.17631	1.87996	0.450148	0.587084	2.65678	0.469447	0.176806	0.01814
20074	-0.162418	-0.211042	3.86357	1.79326	0.464145	1.97852	-1.92973	4.3212	2.07462	0.480104	0.644443	2.2918	0.472571	0.160383	0.0185755
20075	-0.129552	-0.218218	3.66662	1.66058	0.45289	2.17492	-1.93829	3.62114	1.737	0.479683	0.557121	2.65529	0.466203	0.178855	0.0190063
20076	-0.105748	-0.202255	3.81356	1.81613	0.47623	2.08157	-2.01796	3.77129	1.78387	0.473014	0.68908	2.39217	0.474631	0.186369	0.0193617
20077	-0.268386	-0.236483	4.05833	1.73003	0.426291	1.93651	-2.02364	3.69303	1.85993	0.503634	0.656972	2.43079	0.46314	0.182025	0.0195461
20078	-0.126113	-0.201505	3.84511	1.69995	0.442107	1.98983	-2.04505	4.1779	1.80356	0.43169	0.7591	2.2386	0.436683	0.195261	0.0197128
20079	-0.27151	-0.230912	4.00408	1.82661	0.456188	1.91507	-2.00865	3.74019	1.77262	0.473939	0.661003	2.39057	0.464761	0.180076	0.0198716
20080	-0.249896	-0.233845	3.77369	1.76582	0.46793	1.88938	-2.05031	3.78865	1.92622	0.50842	0.720982	2.28824	0.488215	0.182696	0.0199619
20081	-0.188106	-0.143202	3.43344	1.67575	0.488068	2.06429	-2.002	4.02562	1.87178	0.464968	0.681044	2.53664	0.475601	0.195889	0.0202491
20082	-0.0823471	-0.17273	3.72891	1.81917	0.487855	2.03905	-1.9812	4.0686	2.0266	0.498107	0.726744	2.25016	0.493204	0.175404	0.0204232
20083	-0.203596	-0.208808	3.47041	1.67386	0.482323	1.78094	-2.0951	4.36216	2.11679	0.485262	0.903439	1.9692	0.48396	0.190139	0.0206416
20084	-0.175166	-0.17902	3.66353	1.73385	0.473273	1.82837	-2.08685	3.89169	2.01579	0.517972	0.906743	2.00708	0.496297	0.195365	0.0209468
20085	-0.122782	-0.186347	3.84301	1.80138	0.468741	1.9392	-2.08416	3.82161	1.91991	0.502382	0.847104	2.12588	0.485515	0.194903	0.0212659
20086	-0.19459	-0.162474	3.6418	1.92676	0.529069	1.92829	-2.07693	3.91786	1.90176	0.485407	0.813277	2.25332	0.506441	0.193191	0.0212245
20087	-0.263754	-0.252165	3.81162	1.82662	0.479223	1.74777	-2.1942	3.7855	1.73452	0.458202	0.932111	2.0231	0.468749	0.209424	0.0213488
20088	-0.236969	-0.228588	3.93226	1.92167	0.488694	1.76734	-2.22796	3.78313	1.75948	0.465085	0.995085	2.00862	0.477118	0.213602	0.0216202
20089	-0.263901	-0.242236	3.77879	1.86249	0.492881	1.69465	-2.26937	3.8323	1.80964	0.472206	1.07126	1.91796	0.482471	0.218689	0.021734
20090	-0.16387	-0.206893	3.91398	1.75483	0.448349	1.78529	-2.24422	3.85425	1.97221	0.511699	1.0925	1.89962	0.47978	0.217868	0.0218859
20091	-0.177277	-0.17166	3.67429	1.80675	0.491727	1.78985	-2.23513	3.63993	1.87947	0.516349	1.10035	1.9348	0.50398	0.224155	0.0219949
20092	-0.195801	-0.195362	3.84877	1.91983	0.498817	1.69883	-2.31157	3.73507	1.96118	0.525073	1.24759	1.7948	0.511748	0.223977	0.0221701
20093	-0.161623	-0.176067	3.90688	1.76091	0.450722	1.60718	-2.33641	3.88132	2.08362	0.536832	1.49171	1.56434	0.493636	0.232918	0.0222877
20094	-0.166649	-0.152506	3.96177	1.90471	0.480772	1.59735	-2.37587	3.87909	1.90908	0.492148	1.58864	1.55585	0.4864	0.244831	0.0225706
20095	-0.0955046	-0.156848	4.05692	1.82877	0.450778	1.50892	-2.3708	4.07455	1.8479	0.453521	1.90415	1.28708	0.452152	0.25007	0.0226832
20096	-0.198761	-0.165299	3.57528	1.84852	0.517028	1.61187	-2.36186	3.83953	1.83161	0.477041	1.47174	1.63919	0.496322	0.246949	0.0231856
20097	-0.183236	-0.0953282	3.61126	1.73122	0.479395	1.59654	-2.40627	3.65991	1.94389	0.531131	1.68596	1.5838	0.505436	0.266575	0.0234353
20098	-0.142377	-0.137627	3.78957	1.7786	0.469341	1.45806	-2.49092	3.571	1.90613	0.533782	2.1621	1.2807	0.500604	0.273218	0.0237026
20099	-0.197607	-0.169015	3.93939	1.80089	0.457149	1.41142	-2.50041	3.86401	1.87486	0.48521	2.09945	1.29448	0.471044	0.270001	0.0240692
20100	-0.220907	-0.192889	3.87045	1.7962	0.464082	1.51024	-2.49341	3.66595	1.9442	0.530341	1.76598	1.49843	0.496313	0.261397	0.0243466
20101	-0.264097	-0.278302	3.70937	1.86929	0.503938	1.38	-2.61771	3.83187	1.91144	0.498827	2.02469	1.35152	0.501341	0.265824	0.0247684
20102	-0.336428	-0.335357	3.69089	1.7179	0.465443	1.29395	-2.61347	3.86521	1.93319	0.500151	1.95242	1.32906	0.483197	0.262285	0.0251952
20103	-0.311386	-0.340809	3.84185	1.9743	0.513892	1.26212	-2.69305	4.04063	1.95962	0.484979	2.23473	1.23797	0.499071	0.260245	0.0252441
20104	-0.346177	-0.299476	4.08796	2.02821	0.496143	1.358	-2.69794	4.00414	1.79539	0.448382	1.98078	1.45211	0.47251	0.273421	0.025758
20105	-0.188056	-0.19842	4.07113	1.99752	0.490656	1.21919	-2.77545	3.6015	1.78502	0.495632	3.35351	0.990164	0.492992	0.305144	0.026242
20106	-0.277364	-0.21737	3.61842	1.67422	0.462694	1.23388	-2.7582	4.05613	1.81954	0.448591	2.82671	1.14193	0.45524	0.316092	0.0263885
20107	-0.206956	-0.169692	3.38803	1.76199	0.520064	1.34893	-2.71218	3.72646	1.78933	0.480169	2.67029	1.2104	0.499167	0.31285	0.0265798
20108	-0.202197	-0.194701	4.04668	1.92718	0.476236	1.17705	-2.76452	3.89641	1.89118	0.485365	3.47156	0.951156	0.480714	0.301969	0.0269283
20109	-0.178275	-0.246661	3.93696	1.78567	0.453564	1.19741	-2.81956	3.89254	1.80315	0.463231	3.49788	0.946257	0.45837	0.315711	0.0272339
20110	-0.285365	-0.232065	3.92807	1.74307	0.443747	1.11067	-2.83978	4.05459	1.83984	0.453767	3.48919	0.974461	0.448837	0.321906	0.0274718
20111	-0.208406	-0.182696	4.01097	1.88386	0.469677	1.18302	-2.83443	3.63563	1.92787	0.53027	3.63195	0.968035	0.498486	0.315734	0.0278238
20112	-0.207436	-0.22729	3.99986	1.94025	0.48508	1.12994	-2.89423	3.9764	1.97232	0.496005	3.97668	0.894284	0.490526	0.312571	0.0278334
20113	-0.184436	-0.214688	3.49793	1.79249	0.512443	1.03512	-2.88937	3.79471	1.99252	0.525079	4.80993	0.743661	0.519018	0.320999	0.0277591
20114	-0.108949	-0.200273	3.48746	1.90556	0.546403	1.10369	-2.86122	3.83259	1.83148	0.47787	4.81511	0.735252	0.510521	0.321536	0.0278207
20115	-0.316737	-0.279616	3.6931	2.03128	0.55002	1.14238	-2.84323	4.07483	2.07823	0.510017	3.08693	1.06451	0.529035	0.28572	0.0281602
20116	-0.220971	-0.213199	4.16912	1.9768	0.474153	1.12809	-2.91683	3.83579	1.96984	0.513543	4.01635	0.909985	0.493028	0.316595	0.0284118
20117	-0.160988	-0.265183	4.20707	1.96026	0.465944	1.06172	-2.95901	4.12172	2.09536	0.50837	4.85388	0.747513	0.48694	0.309176	0.0282412
20118	-0.192387	-0.229551	3.89636	1.82367	0.468045	1.03205	-2.99935	4.06206	1.95908	0.482287	5.11711	0.749619	0.475314	0.336552	0.0285422
20119	-0.13896	-0.226273	3.90522	1.85559	0.475157	0.979171	-2.99765	4.10246	1.82082	0.443835	6.14336	0.625109	0.45911	0.343206	0.0284573
20120	-0.223356	-0.185025	3.78714	1.88767	0.498443	0.997406	-3.06621	4.22386	1.99177	0.471553	5.57032	0.745131	0.484265	0.348626	0.0284561
20121	-0.262439	-0.294346	3.75406	1.78426	0.475288	0.99569	-3.07708	4.00507	2.06206	0.514862	4.89206	0.791444	0.495715	0.334913	0.0285553
20122	-0.213013	-0.19059	3.82464	1.78744	0.467348	0.885685	-3.11595	3.8434	1.92422	0.500655	7.08929	0.603568	0.484042	0.365763	0.0288059
20123	-0.261336	-0.238415	3.80804	1.68928	0.443607	0.857536	-3.14254	3.83479	1.74235	0.454353	6.73703	0.625938	0.448999	0.380703	0.0291412
20124	-0.277986	-0.259522	3.82676	1.7966	0.469483	0.963248	-3.08395	3.69738	1.77179	0.479201	5.17791	0.770331	0.474258	0.358635	0.0293862
20125	-0.165475	-0.216638	3.66437	1.81641	0.495696	0.941786	-3.04231	3.65892	1.71495	0.468703	6.51245	0.613014	0.482209	0.361241	0.0296248
20126	-0.174251	-0.188854	3.88276	1.87482	0.482857	0.936491	-3.06726	3.80874	1.74546	0.458278	6.71549	0.616874	0.470686	0.36404	0.0298565
20127	-0.196387	-0.213122	3.90093	1.8573	0.476116	0.939151	-3.04289	3.73665	1.7033	0.455836	6.21009	0.644723	0.466194	0.360007	0.030161
20128	-0.258513	-0.21035	3.91305	1.81413	0.46361	0.836201	-3.11355	3.89329	1.83198	0.470547	7.03319	0.5992	0.467069	0.366369	0.0303027
20129	-0.140915	-0.145126	4.12608	1.88236	0.456212	0.871338	-3.08046	3.92411	1.8298	0.466297	8.40885	0.512328	0.461128	0.367312	0.03056
20130	-0.277238	-0.20902	4.03268	1.96318	0.486818	0.91222	-3.12037	3.96388	2.0067	0.506247	5.99089	0.707406	0.496448	0.348125	0.030834
20131	-0.187921	-0.176646	3.88167	1.87907	0.484087	0.855769	-3.16546	3.90187	1.85411	0.475186	8.20074	0.544645	0.479625	0.374419	0.0310407
20132	-0.128276	-0.136735	3.71742	1.8558	0.499217	0.853867	-3.10483	3.85149	1.89516	0.492059	9.13283	0.482302	0.495575	0.370058	0.0312427
20133	-0.0302413	-0.0486855	3.90284	1.92871	0.49418	0.889029	-3.08055	3.71056	1.87371	0.504966	10.8776	0.422529	0.499437	0.376819	0.0315027
20134	-0.0930201	-0.0488882	3.5739	1.77888	0.497743	0.932086	-3.13411	3.41743	1.80486	0.528134	9.05803	0.525421	0.512598	0.399162	0.0314753
20135	-0.0859203	-0.123471	3.28819	1.73217	0.526785	0.739808	-3.21041	3.63784	1.65916	0.456083	13.9759	0.340914	0.489649	0.412738	0.0314633
20136	-0.150752	-0.118953	3.49754	1.58269	0.452517	0.81098	-3.2275	3.97165	1.90327	0.479215	10.4474	0.462464	0.466713	0.409453	0.0319549
20137	-0.140578	-0.111309	3.65185	1.65607	0.453489	0.740499	-3.29476	3.75213	1.98327	0.528572	13.0548	0.388148	0.491539	0.410556	0.0323269
20138	-0.199151	-0.134731	3.94472	1.67534	0.424704	0.670875	-3.3091	3.80148	1.95833	0.515151	13.3122	0.378473	0.469091	0.409551	0.0329038
20139	-0.139536	-0.132983	3.74501	1.81324	0.484173	0.707036	-3.31714	3.84805	1.93514	0.502887	14.1469	0.358342	0.493657	0.403539	0.0332585
20140	-0.0203602	-0.0633017	3.92065	1.85819	0.473948	0.625743	-3.38152	4.12003	1.93966	0.470788	26.3758	0.208724	0.472329	0.420341	0.033602
20141	-0.169415	-0.113588	3.87744	1.97577	0.509556	0.643934	-3.36583	3.7348	1.82144	0.487693	15.9887	0.330768	0.498829	0.410628	0.03371
20142	-0.0128255	0.0390803	3.99292	1.98669	0.497552	0.737342	-3.24293	3.81884	1.72765	0.452401	19.1409	0.281376	0.47548	0.420412	0.0338468
20143	0.0741612	0.0404529	3.66645	1.87075	0.510236	0.8167	-3.19004	3.8223	1.79855	0.470541	18.9278	0.275682	0.489975	0.415682	0.033899
20144	0.0142933	0.0096819	3.8291	1.86279	0.486482	0.953959	-3.10314	3.71523	1.67049	0.449633	10.9739	0.441486	0.468336	0.40686	0.0341391
20145	0.00633227	0.0488924	4.0295	2.02977	0.503728	0.875874	-3.10205	3.27685	1.61384	0.492497	13.1311	0.378052	0.498691	0.405316	0.0343974
20146	-0.0397283	0.00648327	3.99797	1.87191	0.468216	0.923192	-3.09029	3.43332	1.67476	0.487797	10.3428	0.463607	0.477263	0.403456	0.0347869
20147	0.0484072	0.0149681	3.84779	1.77299	0.460782	0.988332	-3.051	3.72564	1.79582	0.482017	10.6402	0.44173	0.471228	0.397163	0.034991
20148	0.056979	0.0170091	3.64778	1.9412	0.53216	1.08331	-2.95487	3.8598	1.98572	0.514462	8.38478	0.526673	0.523061	0.360024	0.0354203
20149	0.0510061	0.0399309	3.73156	1.82288	0.488503	0.97431	-2.98727	3.83898	1.69383	0.44122	10.7496	0.426245	0.464526	0.394594	0.0354777
20150	0.0235543	0.0282901	4.11863	1.87716	0.455774	0.897896	-2.97986	3.84701	1.80741	0.469822	11.8368	0.382236	0.462559	0.38053	0.0357706
20151	0.0462315	0.0200426	3.90847	1.83162	0.468627	1.10899	-2.93838	3.79317	1.8457	0.486586	7.74907	0.564729	0.477472	0.373164	0.0359156
20152	-0.03308	-0.0283821	3.78829	1.72588	0.455584	1.02185	-2.8702	3.90861	1.77348	0.453737	7.25679	0.556442	0.454646	0.365984	0.0363641
20153	-0.0106585	-0.00205805	3.66521	1.76815	0.482413	1.14844	-2.8663	3.5991	1.656	0.460116	6.10626	0.67176	0.471366	0.374715	0.036492
20154	-0.0286597	0.00676967	3.7249	1.87069	0.502211	1.20856	-2.82945	3.75467	1.6347	0.435379	5.25522	0.76535	0.468662	0.364671	0.0369276
20155	-0.0390089	-0.0199117	3.92951	1.8607	0.473519	1.23052	-2.80657	3.74061	1.69724	0.453734	4.81815	0.805853	0.46387	0.353134	0.0372209
20156	-0.0336177	-0.0179225	3.86066	1.81494	0.470111	1.15769	-2.7966	3.74868	1.8292	0.487958	5.44038	0.709606	0.478903	0.346386	0.0374191
20157	-0.00126852	0.0778061	3.47234	1.79443	0.516779	1.23014	-2.8044	3.75266	1.69883	0.452701	5.47826	0.758188	0.483497	0.372964	0.0378266
20158	0.0099459	0.085352	3.42526	1.80862	0.528023	1.14692	-2.81535	3.5271	1.71621	0.486579	6.50882	0.646358	0.506997	0.373853	0.0381777
20159	0.114485	0.100579	3.51934	1.86353	0.52951	1.2306	-2.72672	3.9572	1.86199	0.470531	6.41686	0.622861	0.498293	0.349246	0.0385
20160	0.10567	0.156831	3.64626	1.80437	0.494855	1.4226	-2.64723	3.86899	1.87643	0.484991	4.53366	0.867153	0.489777	0.34824	0.0387292
20161	0.139583	0.140079	3.89464	1.79389	0.460605	1.32838	-2.70072	4.21366	1.92613	0.457115	5.7104	0.706618	0.458791	0.351751	0.0387969
20162	0.20113	0.10616	3.94366	1.89752	0.481156	1.34213	-2.68011	4.04346	1.95814	0.484274	5.96315	0.650941	0.482734	0.33494	0.0391109
20163	0.0480747	0.136392	3.78567	1.85383	0.489696	1.42965	-2.63551	4.04322	1.99306	0.49294	4.02538	0.954376	0.491371	0.333146	0.0393838
20164	0.0339812	0.0683046	3.98646	1.90065	0.476778	1.31419	-2.636	4.06228	1.85834	0.457463	4.46216	0.819473	0.467029	0.327336	0.0395175
20165	0.077584	0.0723644	3.89457	1.8162	0.466341	1.31167	-2.64176	3.7279	1.80639	0.484561	4.83693	0.761481	0.475252	0.337144	0.0393983
20166	-0.00430507	0.0400359	3.67597	1.74404	0.474442	1.38358	-2.61983	3.82104	1.77315	0.464049	3.67291	0.963117	0.469145	0.334722	0.0395508
20167	0.11873	0.105501	3.49395	1.71196	0.489979	1.29981	-2.65835	3.79032	1.76165	0.464776	5.47606	0.697477	0.476865	0.35486	0.0399297
20168	0.0906356	0.144031	3.99431	1.92872	0.482868	1.40916	-2.60297	3.54853	1.69494	0.477645	4.34051	0.869256	0.480411	0.342481	0.0398084
20169	0.0437535	0.0850392	3.98613	1.94007	0.486705	1.43002	-2.57927	3.70219	1.66788	0.450512	3.69382	0.960867	0.469277	0.32981	0.0401331
20170	0.0389325	0.0669366	3.79961	1.76768	0.465228	1.31392	-2.61928	4.04683	1.83893	0.454412	4.43882	0.812799	0.459649	0.333522	0.0406147
20171	0.0504769	-0.0128973	3.65301	1.6884	0.462193	1.31491	-2.67285	3.75143	1.7868	0.4763	4.42543	0.799398	0.46934	0.337417	0.0406219
20172	-0.0296684	-0.0370684	3.62563	1.81083	0.499453	1.26348	-2.71088	3.73007	1.72038	0.461218	4.27528	0.836116	0.480064	0.336166	0.0406728
20173	-0.0628514	-0.0644163	3.4393	1.67026	0.48564	1.28383	-2.77871	3.81806	2.03331	0.53255	4.06245	0.90677	0.510319	0.33225	0.0410327
20174	-0.000959968	0.021551	3.69712	1.67641	0.453436	1.23773	-2.80134	3.80188	1.90041	0.499861	5.19351	0.76718	0.476973	0.357842	0.0411819
20175	0.0908925	0.00969119	4.01506	1.76331	0.439174	1.18965	-2.81047	4.05146	1.78952	0.441696	6.5879	0.603629	0.440441	0.358944	0.0414589
20176	0.0560426	0.000426511	3.68596	1.79687	0.487489	1.18157	-2.80283	4.00755	1.917	0.478348	6.20323	0.633401	0.482727	0.346083	0.0418025
20177	0.00674612	0.01579	3.99155	1.77486	0.444656	1.1597	-2.78498	4.00584	1.90921	0.476607	5.90105	0.664656	0.46066	0.347506	0.0418803
20178	-0.0741821	0.0319316	3.99022	1.82744	0.457979	1.26233	-2.78692	3.66494	1.8152	0.495287	4.44833	0.893135	0.47584	0.353008	0.0422043
20179	0.0103979	0.0291483	3.59113	1.62633	0.452873	1.20745	-2.78855	4.12024	1.8671	0.453154	5.54065	0.71647	0.453023	0.362429	0.0428061
20180	0.16412	0.0617598	3.89629	1.856	0.476351	1.20979	-2.77594	3.93354	1.88925	0.480293	7.36453	0.546712	0.478331	0.349715	0.0430363
20181	0.0995039	0.0842105	3.72007	1.82252	0.489915	1.09411	-2.83602	3.84613	1.91963	0.499108	8.6205	0.494622	0.494588	0.363055	0.0433177
20182	0.032641	0.105699	3.92116	1.77322	0.452219	1.1426	-2.86409	3.88454	1.94963	0.501894	7.15874	0.616006	0.47694	0.372081	0.0435271
20183	0.129698	0.0865784	3.56439	1.78857	0.501789	1.09982	-2.90436	4.15062	2.05587	0.495315	9.50519	0.47057	0.498306	0.367897	0.0435948
20184	0.0889427	0.0707097	3.56695	1.81676	0.509333	1.02094	-2.99964	3.76659	2.14193	0.568665	10.8529	0.434311	0.539807	0.373291	0.0435594
20185	0.0651739	0.0594965	3.75577	1.83217	0.487828	0.982646	-3.00756	3.86626	2.05846	0.532416	11.1753	0.420878	0.510445	0.376853	0.0438741
20186	0.0376154	0.032156	3.92575	1.748	0.445264	0.981519	-3.019	4.03333	2.0009	0.49609	10.449	0.445477	0.471021	0.383147	0.0444239
20187	0.193247	0.0944878	3.86912	1.75017	0.452342	1.00321	-2.99643	4.2133	2.01377	0.477956	14.5627	0.328023	0.465695	0.388333	0.0443191
20188	-0.0143932	0.0392654	3.61933	1.79558	0.496108	0.974513	-3.04036	4.01369	2.01378	0.501728	9.69808	0.488968	0.499063	0.383756	0.0444452
20189	0.0641143	-0.00655939	3.56672	1.69083	0.474056	1.05446	-2.98851	3.4358	1.91633	0.557752	9.06616	0.490395	0.515122	0.381412	0.0446147
20190	-0.0263296	0.0184847	3.79086	1.74824	0.461173	0.903564	-3.02129	3.97211	1.81947	0.458062	10.686	0.432351	0.459582	0.393135	0.0446536
20191	0.0659145	0.0497223	3.48839	1.71514	0.491671	0.989038	-3.02542	3.9509	1.8352	0.464501	11.0972	0.426078	0.477241	0.39984	0.0447408
20192	0.115244	0.109574	3.76062	1.64624	0.437759	1.07126	-3.02861	4.1711	1.92428	0.461336	10.7753	0.45698	0.450157	0.408246	0.0447713
20193	0.112256	0.0473017	3.90786	1.9482	0.498534	0.995596	-3.05574	4.00877	1.83609	0.458019	12.3401	0.390144	0.478018	0.388912	0.0448306
20194	-0.0468213	0.00536994	3.76033	1.88984	0.502574	0.94726	-3.05246	3.92854	1.92659	0.490408	9.46201	0.494099	0.496358	0.379965	0.0453872
20195	0.0346135	0.0630085	3.81926	1.79131	0.46902	0.939958	-3.08297	3.89677	1.94365	0.498784	12.0749	0.409824	0.484052	0.398605	0.045579
20196	-0.013906	0.05769	3.79282	1.77893	0.469025	0.918071	-3.05025	3.91741	2.04778	0.522739	11.1207	0.434291	0.496316	0.387014	0.045863
20197	0.037083	0.0127246	3.96062	1.79957	0.454365	1.11782	-3.03189	3.88538	2.02436	0.521021	7.93636	0.584002	0.487373	0.377465	0.0461294
20198	0.0523805	0.0660946	3.98753	1.96023	0.491589	1.00363	-2.97021	4.09404	2.00916	0.490752	10.1882	0.452441	0.491165	0.367462	0.046472
20199	0.0848844	0.0542823	3.62476	1.77612	0.489997	1.06826	-2.87539	3.64985	1.8436	0.505117	8.87564	0.483514	0.497583	0.372289	0.0470979
20200	0.0113878	0.0836157	3.8971	1.81957	0.466904	1.20557	-2.8852	3.69934	1.91168	0.516764	6.18048	0.713041	0.491185	0.371401	0.0473216
20201	0.135631	0.111334	3.776	1.80222	0.477282	1.09921	-2.87704	4.09	1.9211	0.469707	9.61822	0.464242	0.473343	0.37497	0.0475798
20202	0.142067	0.0965256	3.77425	1.83385	0.485884	1.06225	-2.90459	4.03413	1.88639	0.467608	10.637	0.423367	0.476442	0.377161	0.0479273
20203	0.111838	0.0997087	3.90132	1.85876	0.476444	1.01451	-2.95938	3.93848	1.96446	0.498786	11.4848	0.407409	0.487668	0.37974	0.0483209
20204	0.114913	0.0778248	4.01061	1.96191	0.489181	0.960382	-2.99038	4.10575	1.93906	0.472278	13.1696	0.357409	0.48063	0.376406	0.0484784
20205	0.038008	0.0366184	3.88509	1.81978	0.468401	0.937311	-3.00829	3.86887	1.99016	0.514404	11.464	0.404373	0.491354	0.378372	0.0488282
20206	0.0222225	0.0258894	3.81577	1.82611	0.478569	0.975006	-2.93801	4.09166	2.01168	0.491654	9.67695	0.453899	0.48534	0.364085	0.0493763
20207	-0.00415103	-0.00269588	3.65902	1.66183	0.454173	1.00981	-2.9473	4.06953	1.89703	0.466154	8.43351	0.514062	0.460482	0.37865	0.04966
20208	0.0953973	0.0872158	3.58028	1.70947	0.477469	1.06685	-2.95362	3.74029	1.90768	0.510034	9.79817	0.471858	0.494108	0.390023	0.0494448
20209	0.0903547	0.0468823	3.64699	1.82274	0.499794	1.01821	-2.93805	3.89949	2.02414	0.519079	10.3492	0.430461	0.509759	0.366816	0.049604
20210	-0.00159378	0.0137319	3.64729	1.81092	0.49651	1.1228	-2.93677	4.03321	1.94052	0.481135	6.88575	0.632136	0.488437	0.367262	0.0496304
20211	-0.06906	-0.00448229	3.6165	1.75695	0.485814	1.03617	-2.97231	4.05134	1.87088	0.461792	7.21061	0.610765	0.473122	0.37783	0.0499673
20212	0.0164038	-0.0143349	3.77224	1.64879	0.437084	1.03847	-2.99348	3.85461	1.96212	0.509031	8.49621	0.522309	0.473446	0.380723	0.0502766
20213	0.00435636	-0.00256798	3.70496	1.70785	0.460963	0.979512	-2.96551	3.91758	1.90204	0.485514	9.23204	0.475465	0.473581	0.378221	0.0504368
20214	-0.0276496	-0.0403385	3.61736	1.65173	0.456613	1.06251	-3.00272	3.92267	1.78855	0.455952	7.3842	0.594224	0.456269	0.389514	0.0504454
20215	-0.0899348	-0.0618088	3.91638	1.75423	0.447922	0.996635	-2.97152	3.53848	1.7494	0.494393	7.17109	0.590317	0.46998	0.376722	0.0506128
20216	-0.13425	-0.110653	3.56943	1.59893	0.44795	1.10022	-2.89162	3.91569	1.88821	0.482217	5.0749	0.761964	0.465876	0.3568	0.0507429
20217	-0.200175	-0.0504693	3.64793	1.6298	0.446773	1.0473	-2.93076	3.65695	1.84296	0.503962	5.33095	0.778102	0.475403	0.374031	0.0508641
20218	-0.0448823	-0.0694716	3.87041	1.89592	0.489851	1.15512	-2.8867	3.90146	1.88192	0.482363	5.51165	0.720003	0.486092	0.34447	0.0509452
20219	-0.0103891	-0.0112374	3.73825	1.86579	0.499108	1.19087	-2.8461	3.79171	1.88561	0.497298	5.56912	0.721517	0.498196	0.348886	0.0508784
20220	0.0456914	0.00296365	4.04472	1.83952	0.454794	1.24929	-2.80621	3.71859	1.81943	0.489281	5.44748	0.724321	0.471313	0.350421	0.0512273
20221	-0.0131096	-0.0120215	3.99184	1.87542	0.469813	1.22513	-2.81546	3.82473	1.71726	0.448989	5.12593	0.766618	0.459623	0.353658	0.0517134
20222	-0.0737777	-0.0014091	3.65442	1.88074	0.514648	1.10521	-2.81278	3.59207	1.86005	0.517821	5.68613	0.695008	0.516221	0.345757	0.0521878
20223	0.105659	0.0241575	4.18955	1.98477	0.473744	1.11428	-2.89395	4.15217	2.01054	0.484215	8.37045	0.508655	0.478956	0.347727	0.0524797
20224	-0.0636071	-0.01622	4.15144	2.09502	0.504649	1.081	-2.87511	4.02175	1.89372	0.470871	6.23854	0.655059	0.488028	0.338854	0.0524172
20225	-0.059731	-0.0196146	3.92403	1.99455	0.508291	1.13852	-2.95144	3.72724	1.75028	0.469593	5.98663	0.717897	0.489439	0.364723	0.052511
20226	-0.0230758	-0.0137638	3.89777	1.79236	0.459843	0.968411	-2.98389	3.76153	1.75349	0.466164	8.9738	0.491523	0.462948	0.383584	0.0530195
20227	-0.0266265	-0.000492687	3.69695	1.80135	0.487253	1.07898	-2.933	3.81421	1.78977	0.469239	7.03524	0.611181	0.478105	0.374598	0.0532484
20228	-0.0256907	-0.0652509	4.13673	1.97506	0.477445	1.20245	-2.87977	3.80634	1.87971	0.493836	5.25185	0.754163	0.485299	0.3395	0.0538018
20229	0.0559	0.0536285	4.15506	2.00268	0.481986	1.09093	-2.91869	3.73895	1.91461	0.512072	8.24676	0.535647	0.496236	0.360659	0.053768
20230	0.1873	0.0927385	3.7817	1.86664	0.493597	1.14595	-2.84444	4.09515	1.86691	0.455882	9.38735	0.459503	0.473989	0.36627	0.0540539
20231	0.0612357	0.0657701	3.8263	1.87142	0.489094	1.22037	-2.82651	4.0963	1.87257	0.457136	6.22603	0.671801	0.47257	0.358506	0.0542111
20232	0.109472	0.0846958	3.82131	1.72701	0.451941	1.10424	-2.88293	3.80814	1.884	0.494729	8.89963	0.494784	0.473298	0.378891	0.0546444
20233	0.0511559	0.0577062	4.02941	1.79102	0.444488	1.1202	-2.88645	3.69387	1.78829	0.484124	7.5846	0.571425	0.463445	0.377231	0.054856
20234	-0.0637815	-0.0409342	3.82596	1.88818	0.493519	1.12723	-2.89572	3.73021	1.83243	0.491239	5.74533	0.709255	0.492393	0.353958	0.0549222
20235	0.00950177	-0.029352	3.68692	1.83428	0.49751	1.13031	-2.90657	3.85983	1.97273	0.511092	6.59	0.628103	0.504457	0.35229	0.0552475
20236	-0.000568763	1.82883e-05	3.72891	1.74625	0.468299	1.06499	-2.94946	3.94846	1.84976	0.468476	7.66184	0.567712	0.46839	0.376986	0.0555381
20237	-0.0550899	-0.0305433	3.57836	1.691	0.472562	1.15954	-2.89763	3.82179	1.77227	0.463729	5.57179	0.737662	0.468	0.372522	0.0554913
20238	-0.0198172	-0.0374693	3.80606	1.89436	0.497723	1.05446	-2.91088	4.01909	1.96686	0.489379	7.15417	0.57704	0.493437	0.348468	0.0558899
20239	-0.0491602	-0.00871365	3.67174	1.79991	0.490205	1.16453	-2.92481	3.92401	1.85422	0.472531	5.77282	0.736522	0.481075	0.367918	0.056084
20240	-0.141624	-0.0996772	3.52721	1.68211	0.476896	1.11893	-2.902	3.71477	1.65897	0.446588	4.94213	0.794496	0.461349	0.370239	0.0562715
20241	-0.19563	-0.0721247	3.76324	1.65639	0.440151	1.1176	-2.90295	3.8812	1.6936	0.43636	4.64669	0.862289	0.438226	0.374346	0.0561366
20242	-0.164724	-0.143297	3.73554	1.70218	0.455671	1.16983	-2.92283	3.86455	1.84762	0.478094	4.33785	0.890513	0.467073	0.352489	0.0565051
20243	-0.0517329	-0.083187	3.69791	1.8351	0.496255	1.17249	-2.86072	3.90922	1.6747	0.428397	5.14751	0.749364	0.461383	0.35475	0.0566437
20244	-0.0394581	-0.050814	3.71947	1.80789	0.486062	1.0917	-2.89234	3.44635	1.71826	0.498575	6.31041	0.63976	0.49208	0.364169	0.0566217
20245	0.00331732	-0.062866	3.8056	1.67481	0.44009	1.25099	-2.84384	3.77939	1.77103	0.468602	4.96814	0.778341	0.454297	0.35954	0.0567675
20246	-0.132371	-0.148908	3.90952	1.78623	0.456891	1.12738	-2.87522	3.77023	1.87734	0.497939	4.68366	0.79348	0.477043	0.336634	0.0570665
20247	-0.0352614	-0.0923056	3.52243	1.77784	0.50472	1.18143	-2.85835	3.74406	1.87894	0.501845	5.16843	0.740166	0.503239	0.343544	0.0579199
20248	-0.157822	-0.131725	3.73052	1.77971	0.477067	0.993666	-2.91959	3.86953	1.87597	0.484807	5.86172	0.662962	0.481008	0.347165	0.0582748
20249	-0.221637	-0.193268	3.89976	1.82565	0.468144	1.08053	-2.89987	3.85936	1.95625	0.506885	4.32031	0.847818	0.487413	0.326373	0.0586178
20250	-0.167419	-0.187823	3.85723	1.77095	0.459125	1.13394	-2.80092	4.06435	1.90518	0.468754	4.03196	0.846768	0.464066	0.317218	0.0590246
20251	-0.245425	-0.216871	3.66105	1.79523	0.490361	1.26837	-2.76765	3.87618	1.98332	0.51167	2.8393	1.14579	0.50132	0.301043	0.0591721
20252	-0.30903	-0.283141	3.68006	1.665	0.452439	1.20446	-2.79229	4.04272	1.9047	0.471144	2.74852	1.14532	0.462231	0.306106	0.0594915
20253	-0.296221	-0.251367	3.88848	1.75402	0.45108	1.14334	-2.83189	3.87015	1.84534	0.476814	3.21335	1.03616	0.463917	0.316357	0.0593475
20254	-0.362093	-0.299584	3.86332	1.7116	0.443039	1.23955	-2.77315	3.78088	1.8053	0.47748	2.38517	1.28262	0.460074	0.303212	0.0597003
20255	-0.338871	-0.308442	3.61286	1.73768	0.48097	1.22045	-2.77325	3.56466	1.64931	0.462683	2.49858	1.21575	0.471888	0.309704	0.0596672
20256	-0.340521	-0.330501	3.76253	1.64236	0.436505	1.22558	-2.78547	3.76502	1.77832	0.472327	2.45727	1.22634	0.454422	0.30589	0.0597245
20257	-0.306135	-0.339655	3.62039	1.76996	0.488888	1.18095	-2.81822	3.82356	1.95417	0.511087	2.77798	1.10571	0.50029	0.292087	0.0599119
20258	-0.299085	-0.362015	3.76911	1.69854	0.450648	1.29479	-2.79623	4.02742	1.98683	0.493325	2.33245	1.27021	0.472693	0.286812	0.060097
20259	-0.398101	-0.369651	3.48344	1.65427	0.474894	1.20626	-2.76804	3.85559	1.94829	0.505315	2.23478	1.28699	0.490876	0.285397	0.0606839
20260	-0.340117	-0.37007	3.89847	1.75237	0.449501	1.25923	-2.74478	3.63616	1.8698	0.514223	2.20463	1.27895	0.480735	0.280271	0.0609896
20261	-0.381567	-0.335697	3.43743	1.76074	0.512226	1.24379	-2.7864	4.03026	1.86987	0.463957	2.27343	1.32089	0.486176	0.292671	0.0611831
20262	-0.32992	-0.328112	3.6902	1.71208	0.463952	1.18707	-2.76447	3.93038	1.89019	0.480919	2.5794	1.15063	0.472703	0.291865	0.0614149
20263	-0.223074	-0.251325	4.01389	1.85637	0.462485	1.28778	-2.7216	3.8963	1.78562	0.458288	2.67327	1.14135	0.460418	0.295324	0.0614576
20264	-0.183204	-0.222867	3.73526	1.72004	0.460487	1.28216	-2.74603	3.73211	1.79814	0.481802	2.96483	1.07365	0.47114	0.311588	0.0615868
20265	-0.248065	-0.234136	3.9268	1.9068	0.485587	1.34857	-2.68786	3.93944	1.93339	0.490778	2.36176	1.27463	0.488187	0.281688	0.0614289
20266	-0.320223	-0.284699	3.66013	1.80625	0.493493	1.32575	-2.66942	3.97526	1.84651	0.464501	2.09908	1.35462	0.478399	0.280272	0.0617932
20267	-0.137679	-0.172394	3.95044	1.87466	0.474545	1.26332	-2.67387	4.19644	2.03727	0.485475	3.188	0.981401	0.480175	0.285761	0.061892
20268	-0.194676	-0.188941	4.0324	1.74335	0.432335	1.4715	-2.64787	3.73215	1.89808	0.508575	2.17798	1.38807	0.468981	0.293444	0.0618678
20269	-0.273223	-0.235733	3.60508	1.75649	0.487227	1.27081	-2.74598	3.88404	1.85195	0.47681	2.64315	1.19202	0.481825	0.304003	0.062344
20270	-0.157298	-0.274335	3.69844	1.77574	0.480132	1.21832	-2.80104	3.76692	1.78297	0.473322	3.37376	0.946163	0.476696	0.309735	0.0628327
20271	-0.271182	-0.294934	3.75975	1.72002	0.457481	1.25543	-2.78514	3.83923	1.9771	0.514974	2.66079	1.16528	0.486528	0.295542	0.0631323
20272	-0.359657	-0.330548	3.97509	1.72671	0.434382	1.14535	-2.81349	3.88815	1.91887	0.493518	2.7218	1.13252	0.463623	0.297251	0.0632644
20273	-0.235071	-0.249109	3.8321	1.69655	0.44272	1.11565	-2.87784	3.93797	1.91104	0.485286	3.7876	0.912218	0.464293	0.323916	0.0633399
20274	-0.248619	-0.225198	3.74537	1.71872	0.458892	1.0718	-2.90326	3.90692	1.90862	0.488523	4.11358	0.871746	0.47402	0.330902	0.0636542
20275	-0.189826	-0.210533	3.7318	1.75512	0.470315	1.04325	-2.9237	3.90331	1.93917	0.496801	4.84138	0.760242	0.483855	0.332621	0.063576
20276	-0.20213	-0.198628	3.91711	1.81702	0.463867	1.08292	-2.92551	3.67246	1.81869	0.495225	4.50292	0.825671	0.479041	0.338433	0.0640618
20277	-0.207075	-0.152707	3.71806	1.8314	0.492567	1.00736	-2.87675	3.89821	1.80436	0.462869	5.03129	0.737425	0.477366	0.337964	0.0642277
20278	-0.219264	-0.183609	3.62661	1.72375	0.475307	1.0878	-2.89004	3.83464	1.85928	0.484865	4.28744	0.854215	0.480219	0.338331	0.064636
20279	-0.199388	-0.282391	3.59058	1.62667	0.453037	1.14293	-2.87813	3.90568	1.79461	0.459486	3.7395	0.900905	0.456397	0.330027	0.0646014
20280	-0.144665	-0.255823	3.61031	1.74017	0.482001	1.21373	-2.8348	3.84146	1.68214	0.43789	3.60451	0.922613	0.459262	0.327102	0.0646876
20281	-0.175157	-0.19902	3.55666	1.69749	0.477272	1.18488	-2.84214	3.75013	1.69528	0.45206	3.77688	0.924848	0.464332	0.339949	0.0650796
20282	-0.270542	-0.201324	3.77888	1.75728	0.465028	1.19745	-2.82716	3.78179	1.85817	0.491347	3.19957	1.07749	0.478193	0.322958	0.0647056
20283	-0.0833218	-0.0914479	3.73587	1.66342	0.445256	1.22713	-2.78296	3.76698	1.90299	0.505177	4.21841	0.858648	0.47534	0.336899	0.0651196
20284	-0.150168	-0.171127	3.35918	1.5264	0.454396	1.24637	-2.79768	3.98477	1.86609	0.468306	3.53725	0.975163	0.461944	0.337152	0.0654114
20285	-0.208791	-0.185561	3.41365	1.54214	0.451758	1.18268	-2.76256	4.18384	2.00149	0.478387	3.42991	0.96809	0.466422	0.319147	0.0654686
20286	-0.180329	-0.219542	3.50562	1.58792	0.452964	1.25226	-2.76799	3.88472	1.90741	0.491003	3.16452	1.02616	0.472959	0.31729	0.0658171
20287	-0.149698	-0.201616	3.36887	1.67273	0.496524	1.09993	-2.82003	4.03454	1.85965	0.460933	4.39051	0.780788	0.477128	0.326815	0.065774
20288	-0.13314	-0.153228	3.672	1.61253	0.439143	1.10504	-2.82032	3.74121	1.80188	0.481629	4.63988	0.766545	0.460585	0.342579	0.0660217
20289	-0.22056	-0.160697	3.80888	1.74017	0.456873	1.10832	-2.84926	4.05866	1.84866	0.455485	4.09327	0.882958	0.456157	0.335011	0.0664719
20290	-0.12134	-0.17904	3.53802	1.62663	0.459757	1.17421	-2.80179	3.92383	1.98999	0.507155	4.09832	0.839223	0.484682	0.322373	0.0663864
20291	-0.0961886	-0.163086	3.96519	1.79832	0.453528	1.23105	-2.79933	4.12498	2.01011	0.4873	3.94526	0.880778	0.470748	0.313394	0.06647
20292	-0.189622	-0.145658	3.84618	1.66923	0.433997	1.24888	-2.76005	3.80967	1.99585	0.523892	3.30311	1.03464	0.47873	0.318087	0.0667344
20293	-0.22582	-0.185353	3.49926	1.77404	0.506975	1.1878	-2.81498	3.63377	1.85824	0.51138	3.46039	0.999159	0.509219	0.322574	0.0670657
20294	-0.0672157	-0.117743	3.64681	1.7436	0.478118	1.14333	-2.746	3.56522	1.88571	0.52892	4.71384	0.732711	0.503232	0.322525	0.0676563
20295	-0.0972289	-0.145883	3.44565	1.75596	0.509617	1.24312	-2.76741	4.08825	1.96135	0.479752	3.82537	0.89827	0.493411	0.316203	0.0680293
20296	-0.0965049	-0.156094	3.60888	1.71268	0.474574	1.22176	-2.76753	3.95326	1.78744	0.452144	3.92423	0.868913	0.462848	0.32766	0.0682317
20297	-0.213834	-0.204403	4.01306	1.7358	0.432537	1.33256	-2.71735	3.88166	1.79475	0.462367	2.64075	1.19567	0.447204	0.3091	0.0681037
20298	-0.158189	-0.1662	3.86951	1.74708	0.4515	1.25203	-2.77125	3.46806	1.7381	0.501173	3.41239	0.994361	0.474977	0.327523	0.0681166
20299	-0.0331586	-0.133121	4.05788	1.85581	0.457335	1.14915	-2.81574	4.01879	1.81886	0.452588	5.14823	0.698926	0.454973	0.328789	0.068483
20300	-0.252984	-0.191099	3.71336	1.71527	0.461919	1.17946	-2.80518	3.66988	1.81596	0.494829	3.33029	1.02595	0.478277	0.326158	0.068544
20301	-0.231831	-0.182156	3.44867	1.535	0.4451	1.12965	-2.87083	3.66532	1.72636	0.470997	3.89993	0.92681	0.458443	0.356672	0.0689217
20302	-0.181077	-0.179455	4.02698	1.71502	0.425882	1.11858	-2.91989	3.754	1.6662	0.443846	4.44613	0.844553	0.434549	0.357141	0.0690794
20303	-0.0697454	-0.11867	3.63022	1.71228	0.471673	1.12871	-2.93487	3.66183	1.89729	0.518127	5.5218	0.718152	0.495001	0.354662	0.0692525
20304	-0.172701	-0.155926	3.71813	1.79209	0.481988	0.969398	-2.97513	3.81137	1.86878	0.490318	6.09317	0.652196	0.486204	0.351924	0.0695427
20305	-0.20647	-0.152511	3.66078	1.89928	0.518817	1.01424	-2.91657	3.90431	1.68763	0.432248	5.12707	0.745064	0.474139	0.347582	0.0696302
20306	-0.0261835	-0.0915972	3.91973	1.85637	0.473596	1.05777	-2.90951	3.76998	1.68807	0.447767	6.75826	0.587475	0.460933	0.35912	0.0695534
20307	-0.124755	-0.129766	3.74329	1.86066	0.497066	1.09017	-2.92547	3.62659	1.70423	0.469925	5.29519	0.738023	0.48371	0.354169	0.0694136
20308	-0.0931471	-0.120485	3.96301	1.79685	0.453406	1.04206	-2.94547	3.87134	1.74027	0.449525	6.19272	0.644349	0.451488	0.360752	0.0696654
20309	-0.169608	-0.137006	3.61727	1.73884	0.480704	1.10828	-2.93397	3.66624	1.76288	0.48084	4.79058	0.816499	0.480773	0.358478	0.069904
20310	-0.168905	-0.11801	3.68473	1.75873	0.477303	1.06147	-2.98724	3.62427	1.73147	0.477744	5.4382	0.756912	0.477522	0.371061	0.0701157
20311	-0.175659	-0.13015	3.95697	1.90505	0.481442	0.965617	-2.98716	3.84876	1.65435	0.42984	6.26675	0.651255	0.455999	0.364512	0.0703911
20312	-0.0765796	-0.10952	3.59447	1.68706	0.469349	1.03843	-2.97361	3.77383	1.83429	0.486054	6.59806	0.621625	0.477905	0.368157	0.0708174
20313	-0.138353	-0.104405	3.56364	1.63018	0.457448	1.06892	-2.92358	3.8945	1.81994	0.46731	5.45297	0.728754	0.462598	0.365559	0.071008
20314	-0.0805274	-0.0681822	3.91483	1.75642	0.448658	1.06311	-2.96487	3.55704	1.92646	0.54159	6.41541	0.653955	0.492899	0.363003	0.0711169
20315	-0.155059	-0.089233	3.64999	1.6939	0.464083	1.04949	-2.97403	3.81885	1.97109	0.516149	5.73567	0.725467	0.490705	0.362228	0.0716032
20316	-0.102643	-0.0697082	3.75541	1.68578	0.448894	1.15536	-2.88063	3.63431	1.7803	0.489859	4.99265	0.791292	0.469041	0.363133	0.0720378
20317	-0.064947	-0.0344491	3.82908	1.76018	0.459688	1.16302	-2.89719	3.60435	1.74161	0.483197	5.43492	0.753948	0.471087	0.369233	0.0724577
20318	-0.00898669	-0.00651577	3.60524	1.64828	0.457191	1.12529	-2.85292	3.65277	1.6722	0.457788	6.29729	0.643294	0.457491	0.379001	0.0724049
20319	0.0570695	-0.0324639	3.62338	1.62352	0.448069	1.16487	-2.86925	3.64852	1.71034	0.468777	6.55736	0.613613	0.458459	0.376465	0.0727703
20320	-0.0531397	-0.0444058	3.54467	1.48482	0.418888	1.17095	-2.83885	3.51763	1.72239	0.489644	5.2115	0.749199	0.454131	0.378497	0.0728945
20321	-0.0214718	-0.00823139	3.70586	1.71781	0.463538	1.1453	-2.85097	3.89532	1.82035	0.467317	5.93618	0.680672	0.465475	0.36358	0.07295
20322	0.10044	0.0723354	3.6981	1.67336	0.452491	1.18225	-2.80354	3.93192	1.84838	0.470096	7.06702	0.585158	0.461563	0.370042	0.0731639
20323	0.132072	0.0626961	3.59644	1.61865	0.450072	1.16542	-2.76971	3.76687	1.91527	0.508451	7.51301	0.533908	0.479937	0.362172	0.0727484
20324	0.0551569	0.0713984	3.63773	1.71847	0.4724	1.27456	-2.78879	3.84102	1.85115	0.481943	5.50167	0.74347	0.477301	0.364362	0.0733555
20325	-0.0168998	0.0227002	3.78121	1.7382	0.459694	1.17818	-2.81185	3.85686	1.97058	0.51093	5.62569	0.714104	0.485566	0.351436	0.0735346
20326	0.0936118	0.0580777	3.14857	1.60565	0.509961	1.20681	-2.75219	4.14795	1.93493	0.466478	6.37304	0.61961	0.485242	0.358122	0.0742204
20327	0.0873705	0.0680192	3.83624	1.76072	0.45897	1.28627	-2.73707	3.58577	1.80205	0.502555	5.47429	0.718678	0.480027	0.355841	0.0743686
20328	0.016729	0.0495401	3.6046	1.77771	0.493178	1.35416	-2.72558	3.7938	1.80662	0.476203	4.30546	0.894361	0.484474	0.349559	0.0746318
20329	0.0435954	0.0271648	3.6576	1.76456	0.482437	1.21141	-2.80148	3.8305	1.74829	0.456412	5.86688	0.681897	0.469124	0.36294	0.0751415
20330	0.146264	0.130746	3.89565	1.7492	0.449015	1.11379	-2.84268	4.08534	1.90966	0.467443	9.44469	0.468055	0.458448	0.376714	0.0752513
20331	0.203725	0.162234	3.83857	1.73826	0.452842	1.11264	-2.88277	3.71119	1.85454	0.499714	11.2236	0.413063	0.475883	0.392284	0.0756813
20332	0.11828	0.148698	3.52537	1.79482	0.509116	1.06945	-2.92758	3.60788	1.75772	0.487189	10.4601	0.452359	0.498026	0.399867	0.0758921
20333	0.247714	0.251792	3.88864	1.88803	0.485525	1.09239	-2.94685	3.8635	1.73379	0.448763	14.3402	0.356735	0.467203	0.414033	0.076011
20334	0.364654	0.394479	4.05171	1.8838	0.464939	0.957562	-3.04686	3.64561	1.82479	0.500544	33.6883	0.17577	0.481802	0.444054	0.0761902
20335	0.373419	0.394242	3.78381	1.83801	0.485757	1.02191	-3.0162	3.60756	1.70633	0.472987	27.6578	0.210268	0.479524	0.450794	0.076461
20336	0.486402	0.466839	3.62762	1.77078	0.488137	1.07674	-2.94347	3.63883	1.69976	0.467117	33.3726	0.174247	0.477611	0.455989	0.0767212
20337	0.355481	0.40036	3.71454	1.80401	0.485663	1.19145	-2.88873	3.55286	1.75029	0.492642	15.4799	0.349425	0.489075	0.432238	0.0769927
20338	0.310594	0.331651	3.76977	1.93728	0.513898	1.20363	-2.86084	4.00722	1.79057	0.446836	12.7797	0.398759	0.479343	0.406122	0.0771718
20339	0.360703	0.340464	4.10712	1.99151	0.484891	1.05165	-2.91549	3.82885	1.86058	0.485936	22.2061	0.238701	0.485396	0.407711	0.0772263
20340	0.310902	0.329572	3.96333	2.05483	0.518461	1.06047	-2.86862	3.88839	1.81843	0.467656	18.2051	0.280923	0.493301	0.397782	0.0772652
20341	0.459733	0.381648	4.11235	1.9997	0.486268	1.20338	-2.76837	4.01844	1.7896	0.445347	17.9431	0.276502	0.466044	0.395761	0.0775752
20342	0.260952	0.322797	4.11464	2.13858	0.519749	1.18483	-2.78603	3.6899	1.73292	0.469639	11.323	0.426777	0.496058	0.384392	0.0782887
20343	0.307062	0.298759	4.07636	1.93042	0.473565	1.33554	-2.77703	3.80729	1.748	0.45912	8.94375	0.528886	0.466589	0.391465	0.078887
20344	0.152351	0.224185	3.70234	1.80123	0.486513	1.24789	-2.79935	3.75098	1.70806	0.455363	7.6168	0.600107	0.470836	0.39452	0.0792646
20345	0.312987	0.243016	3.91578	1.96291	0.501283	1.22837	-2.76255	3.85608	1.84885	0.479464	10.7806	0.418964	0.490457	0.372161	0.0792186
20346	0.166976	0.187424	4.18293	1.8946	0.452935	1.20502	-2.83445	3.83863	1.8673	0.486449	8.4746	0.538771	0.468973	0.377785	0.0796494
20347	0.25361	0.210496	3.68059	1.81073	0.491968	1.16702	-2.84733	3.6634	1.81363	0.495067	11.2071	0.417159	0.493514	0.392202	0.0799204
20348	0.264558	0.253448	3.96912	1.83318	0.461861	1.14051	-2.85329	3.78476	1.92898	0.50967	12.5789	0.383649	0.485197	0.390873	0.0803479
20349	0.307073	0.257901	3.85582	1.80845	0.469018	1.19953	-2.84473	4.02414	1.80101	0.44755	12.0861	0.398241	0.458055	0.400148	0.0805586
20350	0.196408	0.23459	3.68681	1.68558	0.457191	1.10193	-2.88751	3.85186	1.86604	0.484451	11.8877	0.409984	0.471119	0.407047	0.08093
20351	0.256085	0.244019	3.83562	1.87432	0.488661	1.10331	-2.88205	4.00917	1.8926	0.472069	13.6145	0.358893	0.480181	0.393529	0.0810244
20352	0.258314	0.231286	4.00505	1.97249	0.492501	1.09114	-2.86091	4.0312	1.91411	0.474824	13.7856	0.3468	0.483634	0.380939	0.0811633
20353	0.182006	0.230231	4.17684	1.7939	0.429488	1.12498	-2.84082	3.84155	1.95761	0.509588	10.6065	0.444601	0.467863	0.386058	0.0809983
20354	0.255821	0.293565	3.90893	1.89197	0.484012	1.15511	-2.8067	3.66386	1.86307	0.508498	11.885	0.404359	0.495859	0.390332	0.0813999
20355	0.354705	0.251641	4.15593	1.91302	0.460312	1.18798	-2.83399	3.74405	1.83617	0.490424	13.7124	0.347173	0.474583	0.388452	0.0817966
20356	0.259843	0.230685	3.95383	1.89942	0.480401	1.09294	-2.8577	3.55065	1.96452	0.553285	13.7427	0.347027	0.514885	0.381737	0.0820301
20357	0.24032	0.253815	3.58676	1.74277	0.48589	1.07549	-2.88202	3.69418	1.78222	0.482439	14.0979	0.348757	0.484139	0.410989	0.0818266
20358	0.298331	0.28238	3.62373	1.69002	0.466376	1.17449	-2.85259	3.91509	1.90446	0.486441	12.8026	0.383831	0.476796	0.406138	0.0822226
20359	0.15569	0.263651	3.73966	1.61326	0.431393	1.02631	-2.95781	3.63963	1.69435	0.465529	13.6915	0.378988	0.448229	0.439707	0.0821406
20360	0.283953	0.245369	3.72125	1.76542	0.474416	1.09338	-2.9014	3.76986	1.67986	0.445604	15.1139	0.327584	0.459916	0.418229	0.0822365
20361	0.211209	0.204865	3.70286	1.71563	0.463327	1.05981	-2.96298	3.90736	1.67189	0.427881	13.9356	0.360057	0.445128	0.425608	0.0821876
20362	0.186665	0.238014	3.93465	1.73479	0.440899	1.03114	-2.9876	3.50869	1.71721	0.489416	14.5899	0.35657	0.46377	0.429841	0.0825122
20363	0.288376	0.324821	3.53381	1.77501	0.502294	1.02757	-2.9489	3.51965	1.71348	0.486833	19.6139	0.273206	0.494579	0.434526	0.0823783
20364	0.219216	0.275211	3.9673	1.8459	0.465279	1.09817	-2.9466	3.95733	1.64273	0.41511	13.436	0.386278	0.440226	0.426678	0.0827033
20365	0.35442	0.316541	3.77174	1.761	0.466892	1.03106	-2.93095	3.69757	1.64947	0.446097	23.0345	0.228923	0.456598	0.436132	0.0829651
20366	0.201451	0.246905	3.4248	1.79824	0.525064	1.11323	-2.89617	3.55235	1.78823	0.503393	11.883	0.415675	0.51403	0.407923	0.0830195
20367	0.246861	0.266347	3.63351	1.74899	0.481352	1.20378	-2.80802	3.92727	1.81301	0.461646	10.3219	0.457851	0.471116	0.398932	0.0831017
20368	0.217646	0.287032	3.49484	1.68149	0.481136	1.26497	-2.74629	3.75575	1.72076	0.458168	8.38827	0.548448	0.469238	0.403497	0.0824973
20369	0.341665	0.30232	3.92981	1.78855	0.455125	1.21518	-2.7447	3.67045	1.86367	0.507749	12.1676	0.381518	0.480539	0.388696	0.0826307
20370	0.291444	0.263315	3.79773	1.77029	0.466144	1.27853	-2.74944	3.99038	1.84471	0.462288	9.31565	0.487174	0.464169	0.385759	0.0827583
20371	0.259215	0.297076	3.85564	1.75777	0.455896	1.15662	-2.78978	3.74383	1.94618	0.519838	11.832	0.402666	0.487397	0.391529	0.0828692
20372	0.288925	0.250897	3.55711	1.86768	0.525055	1.29388	-2.74781	3.91272	1.85418	0.473886	8.90384	0.504965	0.498253	0.376682	0.0829249
20373	0.247411	0.243285	3.85103	1.84463	0.478996	1.24334	-2.72652	3.80999	1.85107	0.485846	8.89194	0.495942	0.482402	0.373796	0.0831314
20374	0.181398	0.195152	3.62718	1.79138	0.493875	1.19609	-2.74465	3.92937	1.82623	0.464765	8.39396	0.514799	0.478738	0.37404	0.0834042
20375	0.22876	0.215855	3.9066	1.79644	0.459848	1.18126	-2.74574	4.04286	1.82105	0.450437	9.66762	0.45363	0.455062	0.377512	0.0830627
20376	0.239813	0.227209	3.82624	1.82327	0.476519	1.2731	-2.75263	4.05168	1.7357	0.428389	8.31659	0.533841	0.451765	0.384256	0.083295
20377	0.256869	0.217119	3.81031	1.81964	0.477556	1.17584	-2.75571	3.97118	1.75875	0.442879	10.4649	0.422256	0.459859	0.381856	0.0833151
20378	0.186385	0.184873	3.68137	1.79138	0.486606	1.18718	-2.81916	3.69237	1.81427	0.491358	9.0098	0.500799	0.488985	0.384998	0.0833524
20379	0.275189	0.263275	3.78449	1.86188	0.491976	1.19229	-2.83011	3.83576	1.81187	0.472361	11.3771	0.42054	0.482102	0.394492	0.0833648
20380	0.290219	0.286864	3.81326	1.77822	0.466326	1.16027	-2.77376	3.73391	1.80941	0.484588	12.3746	0.378493	0.475361	0.39507	0.0832666
20381	0.315442	0.348225	3.62612	1.70157	0.469255	1.13039	-2.82394	3.78069	1.7828	0.471553	15.1515	0.332067	0.470428	0.419396	0.0836864
20382	0.281422	0.363819	3.88012	1.69868	0.437789	1.18541	-2.87353	3.70999	1.80775	0.487267	12.825	0.408594	0.461974	0.427788	0.0839892
20383	0.339157	0.351381	3.78246	1.83899	0.486188	1.11383	-2.88762	3.74304	1.77365	0.473854	17.482	0.300056	0.480053	0.420748	0.0841321
20384	0.34044	0.347759	3.89663	1.85129	0.475101	1.13263	-2.91938	3.8572	1.90761	0.494558	17.0089	0.313783	0.48478	0.415301	0.0845335
20385	0.317323	0.287382	3.78054	1.83117	0.484367	1.06942	-2.954	3.77423	1.81619	0.481208	18.5742	0.282828	0.482789	0.418777	0.0847672
20386	0.259453	0.27913	4.07679	1.88281	0.461837	1.10585	-2.94194	3.77717	1.86159	0.492853	14.4827	0.358196	0.476753	0.409355	0.0852674
20387	0.284289	0.246943	3.81213	1.65145	0.433211	1.10855	-2.91648	3.82999	1.72774	0.45111	14.7293	0.339704	0.442181	0.425527	0.0852941
20388	0.248325	0.252853	3.90331	1.73622	0.444807	1.06076	-2.92681	3.79335	1.81502	0.478476	15.3176	0.330022	0.461401	0.415921	0.0855098
20389	0.106279	0.212698	3.43963	1.65875	0.482246	1.12849	-2.86746	3.67331	1.69732	0.462068	9.07952	0.522459	0.471826	0.414206	0.0859096
20390	0.199451	0.23869	3.64428	1.67705	0.460186	1.02762	-2.92198	3.99491	1.84636	0.462178	14.5654	0.34293	0.461227	0.414922	0.086275
20391	0.191962	0.217429	3.23481	1.6108	0.497959	1.08336	-2.9417	3.65005	1.80579	0.494731	12.5602	0.397293	0.496248	0.422177	0.0863562
20392	0.22687	0.188413	3.64196	1.65774	0.455176	1.04378	-2.92176	3.67643	1.80754	0.491656	14.4949	0.333674	0.473502	0.411146	0.0865721
20393	0.175386	0.163506	3.89691	1.79058	0.459486	1.07699	-2.84721	3.97033	1.88865	0.475689	11.151	0.406442	0.467663	0.381275	0.0869077
20394	0.0705503	0.150985	3.64499	1.76339	0.483785	1.1736	-2.80323	3.92354	1.91408	0.487845	7.17283	0.608364	0.48589	0.372489	0.0872126
20395	0.121432	0.168863	3.78035	1.7201	0.45501	1.17847	-2.8163	3.65992	1.88726	0.515657	7.97541	0.558668	0.484843	0.381907	0.0874857
20396	0.101099	0.178215	3.95381	1.94721	0.492488	1.03876	-2.91066	3.81103	1.90812	0.500683	10.8519	0.439606	0.49651	0.382339	0.087492
20397	0.118337	0.153722	4.00068	1.66408	0.41595	1.09202	-2.95123	4.12626	2.03291	0.492676	10.169	0.474027	0.454906	0.394768	0.0879426
20398	0.0989372	0.19998	3.78912	1.70622	0.450295	1.1553	-2.88846	3.796	1.9909	0.524473	8.54786	0.557946	0.487418	0.392215	0.0879966
20399	0.109092	0.118744	3.74522	1.79905	0.480359	0.983909	-2.92534	4.11304	1.83692	0.44661	12.1082	0.382652	0.462695	0.389296	0.0878641
20400	0.224674	0.141994	3.99032	1.67641	0.420119	1.16933	-2.89735	3.94567	1.88938	0.478848	10.3516	0.446191	0.449318	0.393196	0.0880149
20401	0.139634	0.143737	3.69281	1.63496	0.442741	1.0854	-2.93116	3.87974	1.9074	0.49163	10.5705	0.447236	0.467789	0.400341	0.0881195
20402	0.0839087	0.101054	3.69992	1.75637	0.474704	1.06533	-2.96126	3.79595	1.82903	0.481836	9.73626	0.48159	0.478316	0.395483	0.0884914
20403	0.0348237	0.0582007	3.61114	1.77019	0.490204	1.08102	-2.91457	3.59986	1.80329	0.500933	8.07415	0.547262	0.49556	0.38217	0.0890386
20404	0.0123518	0.058448	3.70788	1.83973	0.496167	1.11029	-2.88142	4.01349	1.92827	0.480447	7.16971	0.602731	0.487996	0.364564	0.0892642
20405	0.035193	0.0109125	3.42323	1.65604	0.483766	1.03178	-2.82786	3.92969	1.84812	0.470295	8.1139	0.496595	0.476567	0.365169	0.0893023
20406	-0.0381111	-0.00679354	3.84212	1.88679	0.491081	1.19476	-2.88523	3.93905	1.853	0.470418	5.45102	0.759984	0.480621	0.356559	0.0896435
20407	-0.00109771	0.0343696	3.8516	1.92642	0.500161	1.07483	-2.85353	3.96233	1.78613	0.450778	7.20443	0.578809	0.475119	0.359749	0.0895281
20408	0.147434	0.104964	4.12533	1.83242	0.444186	0.968233	-2.96155	3.9594	1.69295	0.427578	13.9578	0.336855	0.436052	0.400185	0.0896578
20409	0.112768	0.117182	3.81893	1.74134	0.455975	0.965531	-2.99813	3.60374	1.73445	0.481293	13.3459	0.363602	0.468267	0.411213	0.0901287
20410	-0.0275773	0.0295166	3.91526	1.80705	0.46154	0.948898	-2.97963	3.84556	1.8486	0.48071	9.49653	0.476752	0.471039	0.382547	0.0907558
20411	-0.0544274	-0.0298343	3.96717	1.88875	0.476094	0.9957	-2.99358	3.84132	1.81591	0.472732	7.96522	0.551383	0.47444	0.372273	0.0910044
20412	0.0322248	0.0113051	3.76551	1.86426	0.495088	0.934179	-3.03409	3.89401	1.70926	0.438945	11.4003	0.40676	0.466546	0.393629	0.0912989
20413	-0.0605378	-0.0397859	3.9182	1.83238	0.467659	1.09287	-2.99848	3.51994	1.76108	0.500314	6.58018	0.66517	0.483112	0.378619	0.0913176
20414	-0.0466955	0.00334091	3.62114	1.78604	0.493227	0.972547	-3.0389	3.61703	1.64609	0.455094	8.90906	0.519427	0.474172	0.402806	0.0914734
20415	-0.0552109	0.0159833	3.80046	1.77413	0.466821	0.975063	-3.07859	3.39389	1.64979	0.486107	9.02188	0.530732	0.475919	0.411618	0.0914684
20416	-0.0166833	-0.0301086	3.50979	1.81064	0.515882	0.900112	-3.0679	3.97506	1.83262	0.461028	10.9792	0.420257	0.48675	0.387837	0.091537
20417	-0.318863	-0.2324	3.84751	1.82424	0.474137	0.708348	-3.26073	3.76958	1.80753	0.479503	8.69133	0.527581	0.476792	0.387106	0.0916799
20418	-0.185283	-0.245366	3.47119	1.73894	0.500963	0.737354	-3.24331	3.76605	1.76404	0.468407	10.5581	0.42563	0.484022	0.390894	0.0921366
20419	-0.0726316	-0.148075	3.72264	1.77446	0.476669	0.76199	-3.22208	4.01786	1.90447	0.474002	13.5653	0.348297	0.475284	0.391156	0.0923673
20420	-0.205355	-0.160283	3.80697	1.71528	0.450564	0.750725	-3.23186	3.80621	1.87999	0.493927	10.3213	0.457045	0.472244	0.396271	0.0927611
20421	-0.157183	-0.213714	3.66857	1.67475	0.456512	0.781098	-3.20891	3.69997	1.9026	0.514221	10.1903	0.440186	0.48549	0.38547	0.0928944
20422	-0.274689	-0.265292	3.90938	1.72183	0.440435	0.826834	-3.17433	3.9281	1.88552	0.48001	6.9745	0.606676	0.46027	0.36979	0.0927152
20423	-0.355683	-0.259806	3.61361	1.67878	0.464573	0.810795	-3.14985	3.33698	1.76277	0.528253	6.13842	0.680335	0.495146	0.377735	0.0929598
20424	-0.247497	-0.262428	3.92121	1.71844	0.438242	0.823901	-3.13777	3.30277	1.63265	0.494327	7.20239	0.573947	0.463884	0.381606	0.0932349
20425	-0.293648	-0.292631	3.77023	1.74966	0.464073	0.876015	-3.16116	3.99599	1.87472	0.46915	6.01447	0.684055	0.466685	0.362189	0.093343
20426	-0.391392	-0.308035	3.64675	1.69309	0.464273	0.855395	-3.12144	3.92044	1.66807	0.425479	5.0919	0.777239	0.444175	0.370683	0.0935484
20427	-0.3333	-0.300878	3.75799	1.69428	0.450848	0.90464	-3.11695	3.91021	1.68417	0.430711	5.17474	0.766248	0.440579	0.369928	0.0936211
20428	-0.437532	-0.383721	3.55724	1.71319	0.481605	0.851509	-3.14101	4.02862	1.81879	0.451467	4.57542	0.830814	0.465599	0.349974	0.0940863
20429	-0.44497	-0.375407	3.76554	1.68443	0.447327	0.835731	-3.15513	3.81648	1.84029	0.482195	4.71095	0.820097	0.464878	0.35414	0.0940328
20430	-0.480986	-0.42062	3.94914	1.77121	0.448505	0.86645	-3.181	3.47396	1.81226	0.521671	4.19683	0.907793	0.482746	0.347196	0.0947977
20431	-0.356317	-0.380038	3.69666	1.70917	0.462356	0.873065	-3.1429	3.70184	1.73314	0.468185	5.05062	0.75569	0.465273	0.356771	0.0943603
20432	-0.449611	-0.429807	3.7632	1.69481	0.450365	0.821146	-3.13068	3.84898	1.69571	0.440562	4.51736	0.807412	0.445408	0.349867	0.0944968
20433	-0.26226	-0.346393	3.94479	1.9354	0.490622	0.852913	-3.16282	4.02211	1.8159	0.451478	6.37841	0.621805	0.47086	0.345935	0.0947129
20434	-0.352106	-0.362576	3.85302	1.79576	0.466065	0.86514	-3.12481	3.69524	1.72822	0.467689	5.14951	0.740844	0.46686	0.351306	0.0948593
20435	-0.452005	-0.39161	3.78248	1.68324	0.445008	0.76896	-3.17229	3.98683	1.87981	0.471504	5.18675	0.745378	0.458605	0.351827	0.0949425
20436	-0.333754	-0.333066	3.63707	1.79927	0.494703	0.82283	-3.20429	3.88341	1.84276	0.474521	6.16283	0.668842	0.484281	0.3615	0.0952324
20437	-0.229609	-0.302275	3.82596	1.86505	0.487471	0.870579	-3.15561	3.72047	1.85778	0.499342	6.72621	0.605208	0.493323	0.353588	0.0952986
20438	-0.251346	-0.267903	3.88882	1.75593	0.451532	0.78182	-3.22124	3.71485	1.86801	0.502849	8.17123	0.533716	0.476603	0.375784	0.0955255
20439	-0.330873	-0.294626	3.42134	1.65099	0.482556	0.78162	-3.22542	3.66242	1.79269	0.489481	6.94027	0.618821	0.486137	0.384194	0.0962862
20440	-0.399058	-0.367679	4.02303	1.73207	0.430538	0.69224	-3.2016	4.13053	1.87156	0.453103	6.74353	0.595467	0.44197	0.357917	0.0962776
20441	-0.418509	-0.378126	3.80929	1.81832	0.477338	0.934952	-3.08707	3.738	1.90625	0.509965	4.00599	0.915928	0.493498	0.330124	0.0967323
20442	-0.287674	-0.317118	3.77094	1.76717	0.468629	0.829387	-3.11221	3.7711	1.88305	0.499338	6.26093	0.623913	0.483984	0.348679	0.0967265
20443	-0.288343	-0.338749	3.61902	1.72241	0.475933	0.83256	-3.16952	3.99326	1.81814	0.455303	6.37782	0.628212	0.465111	0.361472	0.0971636
20444	-0.392087	-0.377596	3.36596	1.66696	0.49524	0.876793	-3.13881	3.72832	1.84743	0.495513	4.73543	0.805028	0.495384	0.351759	0.0973278
20445	-0.33878	-0.319675	3.44968	1.63334	0.473476	0.945931	-3.05386	4.23754	1.95373	0.461053	4.52945	0.825241	0.466628	0.34266	0.0973269
20446	-0.341239	-0.267254	3.73216	1.8476	0.495048	0.97773	-3.01284	4.14046	1.95019	0.471009	4.33311	0.869841	0.482405	0.331762	0.0973322
20447	-0.153173	-0.209279	3.55919	1.74035	0.488972	0.908201	-3.02677	3.89105	1.92181	0.493905	7.04675	0.563258	0.491548	0.351569	0.0975275
20448	-0.194615	-0.211944	3.98437	1.70964	0.429087	1.05835	-3.03363	4.0836	1.81639	0.444801	5.07156	0.784956	0.437041	0.360937	0.0975523
20449	-0.220223	-0.217127	3.97298	1.75746	0.442354	0.93229	-3.02676	3.80176	1.852	0.487142	5.94303	0.664143	0.464255	0.353602	0.0977434
20450	-0.268597	-0.234715	3.95698	1.91437	0.483795	0.936182	-3.08858	4.10061	1.87448	0.457123	5.61114	0.725747	0.470221	0.349666	0.0982784
20451	-0.304559	-0.275653	3.61147	1.76081	0.487561	0.887745	-3.08311	4.12522	1.93594	0.469294	5.54437	0.710794	0.477821	0.347807	0.0987441
20452	-0.224462	-0.249457	3.69127	1.66839	0.451983	0.856913	-3.12134	3.44169	1.77139	0.514688	7.05313	0.584686	0.482238	0.374897	0.0987764
20453	-0.055278	-0.0695354	3.46883	1.68051	0.484461	0.807546	-3.1384	3.80723	1.80225	0.473374	12.6506	0.372233	0.47866	0.403476	0.0985653
20454	-0.0377999	-0.0711399	3.56991	1.59787	0.447594	0.873198	-3.1157	3.80958	1.80705	0.474344	11.169	0.414959	0.461403	0.40509	0.0989943
20455	-0.0158018	-0.0681221	3.59968	1.6477	0.457735	0.89597	-3.09617	3.85476	1.74528	0.45276	11.0295	0.415664	0.455163	0.403316	0.0991612
20456	-0.0333837	-0.055683	3.44036	1.60816	0.467439	0.811758	-3.11319	3.82095	1.80217	0.471655	13.0881	0.357132	0.469657	0.406754	0.0994518
20457	0.00310896	-0.0185206	3.68005	1.79975	0.489057	0.821228	-3.10847	3.63939	2.04117	0.560857	14.2649	0.334659	0.524757	0.383386	0.0992861
20458	-0.00359665	-0.00760719	3.55551	1.68286	0.473309	0.926372	-3.11781	3.92835	2.05808	0.523906	11.1851	0.432421	0.499868	0.392753	0.0993898
20459	-0.0700403	-0.00341837	3.66924	1.78885	0.487525	0.928315	-3.14361	4.24894	2.20311	0.518508	9.89332	0.498357	0.504151	0.381896	0.0995474
20460	-0.0247249	-0.0327632	3.60129	1.70198	0.472603	0.8605	-3.14741	4.28346	2.0364	0.475411	12.3797	0.391811	0.474128	0.393598	0.099678
20461	-0.103536	-0.0524162	3.91926	1.79242	0.457336	0.819819	-3.1748	4.01986	1.99411	0.496064	11.435	0.426292	0.476945	0.39173	0.0997633
20462	0.0205835	-0.0234797	3.58841	1.75194	0.488222	0.808139	-3.24694	3.77582	1.77639	0.470465	16.7526	0.310121	0.479117	0.424163	0.0999624
20463	0.0143342	0.0318559	3.98235	1.91913	0.481909	0.813074	-3.19977	3.63958	1.68443	0.462808	16.3693	0.318993	0.472788	0.42025	0.100271
20464	0.0948503	0.0468497	3.93264	1.87435	0.476614	0.804681	-3.1634	3.66171	1.77204	0.483939	20.4535	0.25193	0.480146	0.41415	0.100081
20465	0.00686433	0.00245747	3.93376	1.79203	0.455551	0.749137	-3.21325	3.66415	1.67093	0.456023	18.7684	0.275484	0.455779	0.427558	0.100258
20466	0.0407301	0.00794474	3.61279	1.78265	0.493426	0.877894	-3.22034	3.36249	1.63439	0.486066	14.8704	0.350422	0.489878	0.432743	0.10004
20467	0.00680123	-0.0420236	3.88062	1.84407	0.475201	0.623201	-3.26642	3.87617	1.96335	0.506518	27.3634	0.189975	0.490851	0.405824	0.100143
20468	0.0436625	0.0503007	3.77809	1.68692	0.446501	0.774065	-3.2206	4.03491	1.93715	0.480096	20.0544	0.266744	0.463851	0.42476	0.100511
20469	0.0395072	0.0600774	3.54653	1.61759	0.456105	0.668868	-3.30917	3.81297	1.81594	0.476254	28.6593	0.198047	0.466544	0.452641	0.100575
20470	-0.0482681	0.0210134	3.83088	1.67901	0.438282	0.692888	-3.36834	3.79518	1.85954	0.489973	20.9129	0.274656	0.464006	0.44813	0.101077
20471	0.0448833	0.0594649	3.97492	1.75662	0.441927	0.605389	-3.39774	3.62384	1.84065	0.507928	38.0443	0.157083	0.473402	0.453869	0.101095
20472	0.0405398	0.0688279	3.75375	1.69575	0.451748	0.512934	-3.50057	4.00722	1.83629	0.458245	57.0927	0.111578	0.455103	0.474304	0.10119
20473	0.00504521	0.0359716	3.55524	1.6526	0.464834	0.560407	-3.49917	3.73816	1.97387	0.528032	40.5193	0.154213	0.497226	0.462932	0.101403
20474	-0.00726641	0.029577	3.59077	1.67862	0.467483	0.458517	-3.52589	3.69339	1.85807	0.503078	58.2672	0.108477	0.485531	0.472026	0.101749
20475	0.116317	0.083548	3.91444	1.6867	0.430892	0.438507	-3.54942	3.61435	1.84732	0.511107	127.145	0.0519031	0.469401	0.482974	0.101998
20476	-0.0193217	0.000322566	3.70252	1.86381	0.503389	0.487771	-3.53798	3.69798	1.73384	0.468861	48.6872	0.128572	0.486135	0.465361	0.102483
20477	0.0392594	0.0797511	3.99472	2.01656	0.504807	0.491101	-3.509	3.95939	1.92903	0.487204	63.0832	0.10208	0.496044	0.449477	0.102786
20478	-0.0438367	0.0495575	3.6797	1.86461	0.506729	0.521684	-3.47621	4.04006	1.97721	0.489401	38.8696	0.159907	0.497661	0.44731	0.102834
20479	0.167132	0.0438432	3.95362	1.7311	0.437852	0.498684	-3.50223	4.1834	2.13839	0.511161	114.391	0.0549633	0.475541	0.448376	0.102794
20480	0.0270859	0.0823194	3.86455	1.68594	0.436257	0.597097	-3.41964	3.72479	1.88601	0.506339	37.7446	0.162457	0.470653	0.462008	0.102821
20481	0.0474819	0.0518985	3.74664	1.6571	0.442289	0.549301	-3.44206	3.8542	1.94141	0.503712	48.4776	0.125911	0.473436	0.459031	0.103279
20482	0.0614301	0.0218041	3.68707	1.75282	0.475396	0.537284	-3.47663	3.84146	1.8194	0.473622	54.0505	0.113219	0.474491	0.461489	0.103597
20483	0.0375882	0.0252512	3.85388	1.82997	0.474839	0.482901	-3.48164	3.7873	1.82999	0.483191	62.0175	0.0991519	0.478979	0.456662	0.104038
20484	0.0217111	0.0231915	3.9964	1.72313	0.431169	0.490583	-3.46955	3.88449	1.82899	0.470843	55.4913	0.109921	0.450724	0.462083	0.104167
20485	0.0613361	0.0789788	3.74254	1.68852	0.451171	0.497498	-3.44725	3.75724	1.91037	0.508451	65.362	0.0951187	0.479867	0.463574	0.104437
20486	0.130412	0.10335	3.91199	1.67562	0.42833	0.645104	-3.38905	3.85883	1.82974	0.474169	46.0419	0.132454	0.451093	0.465329	0.104912
20487	0.0365086	0.0969034	4.00542	1.74694	0.436143	0.562056	-3.46	3.84024	1.78508	0.464836	45.8058	0.1381	0.450188	0.472556	0.104871
20488	-0.0230149	0.0125926	3.88146	1.78969	0.461086	0.492727	-3.53696	3.85437	1.86317	0.483391	47.3679	0.132995	0.472199	0.463152	0.105056
20489	0.0426205	-0.0108652	3.48319	1.74169	0.500026	0.396357	-3.59406	4.10921	1.95851	0.476616	102.608	0.0625649	0.487356	0.464641	0.105083
20490	-0.0829044	-0.0383623	3.68885	1.60684	0.435593	0.390174	-3.63455	4.10548	2.01475	0.490747	57.7853	0.111902	0.464644	0.47179	0.104707
20491	0.0391775	0.0111196	3.67678	1.76147	0.479079	0.417378	-3.65029	3.89437	2.00482	0.5148	93.7244	0.071518	0.497453	0.470986	0.104978
20492	0.0175442	0.0228272	3.532	1.6091	0.455577	0.319781	-3.64989	3.82329	1.91456	0.500763	147.666	0.0456736	0.479065	0.489144	0.105319
20493	-0.0738252	-0.0162671	3.73428	1.6018	0.428944	0.397542	-3.64801	3.40104	1.66046	0.488221	59.3626	0.111093	0.457199	0.502804	0.10523
20494	-0.03368	-0.00200829	3.81563	1.6232	0.425408	0.312941	-3.60825	3.79047	1.7268	0.455564	108.243	0.060073	0.440436	0.492646	0.10562
20495	-0.0448232	-0.0594005	3.76406	1.65804	0.440493	0.404361	-3.59617	3.95213	1.83989	0.465545	61.9959	0.100883	0.453325	0.472143	0.105861
20496	-0.0571106	-0.0116548	3.76894	1.81453	0.481443	0.404373	-3.60893	4.05556	2.01354	0.496489	60.7624	0.106483	0.489241	0.458148	0.106231
20497	-0.00741	0.0109509	3.93827	1.80057	0.457199	0.400995	-3.62937	3.8571	1.85449	0.480799	79.4506	0.0833972	0.468876	0.475578	0.106542
20498	0.0548816	0.029763	3.69399	1.6832	0.455658	0.424621	-3.59685	3.96998	1.82834	0.460542	96.2079	0.0683537	0.458188	0.483694	0.106624
20499	0.0348261	0.0202967	3.71615	1.78388	0.480034	0.352734	-3.65225	3.94212	1.87301	0.475128	133.454	0.0505327	0.477509	0.479852	0.10698
20500	0.151205	0.129737	3.76294	1.6743	0.444945	0.455164	-3.52774	3.87584	1.92618	0.496972	144.788	0.0461957	0.471343	0.481679	0.106841
