cycle	Zbar1	Gbar1	VP1	VG1	h21	Zbar2	Gbar2	VP2	VG2	h22	h2b	h2b_denom	h2w	Qst	Fst
20000	0.204266	0.225141	3.91008	1.8289	0.467741	-1.8222	0.0949288	3.72534	1.75	0.469755	0.0041288	2.05328	0.468724	0.00118357	0.000339885
20001	0.148348	0.259988	3.94659	1.87845	0.475968	-1.94858	0.117481	3.84652	1.97448	0.513315	0.00461855	2.19855	0.494401	0.00131664	0.000613133
20002	0.260145	0.28569	4.08998	1.91552	0.468344	-1.79672	0.204111	4.16338	2.02818	0.487146	0.00157309	2.11534	0.477829	0.000421925	0.000883115
20003	0.250546	0.362882	3.79248	1.81895	0.479619	-1.68476	0.333542	4.07718	1.99491	0.489286	0.000229833	1.87271	0.484627	5.64521e-05	0.00115094
20004	0.295858	0.378426	3.89431	1.89057	0.485469	-1.50998	0.434515	3.86157	1.96775	0.509574	0.00096469	1.63052	0.497471	0.000203898	0.00132536
20005	0.561868	0.502452	4.19553	1.98022	0.471984	-1.47671	0.527703	3.88142	1.90215	0.490066	0.000153417	2.0779	0.480673	4.10743e-05	0.00157687
20006	0.397375	0.512019	4.20835	2.0791	0.494041	-1.43867	0.612921	4.01724	1.83722	0.457334	0.00302019	1.68553	0.476114	0.000649828	0.00188641
20007	0.470734	0.47908	4.07736	2.1614	0.530098	-1.3781	0.647643	4.21118	2.03755	0.483843	0.00831243	1.70909	0.506597	0.00168968	0.00212306
20008	0.413324	0.413957	3.81927	1.99667	0.522789	-1.37902	0.680811	3.81682	1.84646	0.48377	0.022167	1.60624	0.503286	0.0046133	0.0023875
20009	0.314539	0.361717	4.13555	2.14063	0.517618	-1.31655	0.707026	3.47577	1.82898	0.526208	0.0448187	1.33022	0.521541	0.00745714	0.00264544
20010	0.372083	0.310312	4.26962	2.14578	0.502569	-1.25833	0.725333	3.91307	1.85637	0.474403	0.064796	1.32912	0.4891	0.0106501	0.00291633
20011	0.356857	0.333832	4.17683	2.06297	0.493909	-1.36631	0.709585	3.44965	1.7517	0.50779	0.0475499	1.48465	0.500187	0.0091728	0.00320913
20012	0.309609	0.344058	3.95944	1.94892	0.492221	-1.24236	0.750114	3.97559	1.81588	0.456756	0.0684548	1.20431	0.474453	0.0108356	0.00341564
20013	0.336035	0.285926	3.93347	1.92446	0.489252	-1.21533	0.791424	4.25352	1.98696	0.467134	0.106172	1.20337	0.477761	0.0160776	0.00368753
20014	0.152198	0.150205	3.82132	1.80827	0.473205	-1.17279	0.858543	3.89005	2.04537	0.525796	0.285796	0.877799	0.499735	0.0315391	0.00400579
20015	0.101268	0.0996952	3.72942	1.83496	0.492024	-1.04452	0.961762	4.33651	2.1472	0.495145	0.566078	0.65641	0.493702	0.0445971	0.00427158
20016	0.181675	0.109812	4.01742	1.99036	0.495432	-0.927026	0.99375	3.93972	1.87909	0.47696	0.635645	0.614609	0.486286	0.0480787	0.0044866
20017	0.190637	0.142717	4.05112	2.03938	0.503413	-0.997099	1.05925	4.01624	1.97703	0.492258	0.595466	0.705359	0.497859	0.0497131	0.00477293
20018	0.251983	0.124919	4.05353	2.05508	0.506985	-0.960414	1.04017	3.49642	1.74584	0.499323	0.569885	0.734954	0.503436	0.0522447	0.00481876
20019	0.0863216	0.0661129	4.14496	1.93893	0.467781	-0.932333	1.09692	3.79892	1.78894	0.470907	1.02401	0.518829	0.469276	0.0665497	0.00498533
20020	0.202815	0.140789	3.70118	1.80774	0.488424	-0.883685	1.09469	3.86075	1.90261	0.492808	0.77081	0.590241	0.490662	0.0577955	0.00511063
20021	0.00194969	0.0762958	4.13967	1.98399	0.479262	-0.904704	1.09689	4.29113	1.83915	0.428593	1.26713	0.411011	0.453472	0.0637985	0.00536148
20022	0.154972	0.120782	3.59237	1.88821	0.525617	-0.897078	1.16395	4.1532	1.97216	0.474854	0.983178	0.553405	0.498398	0.0658633	0.0055967
20023	0.233384	0.188031	3.76599	1.77791	0.472095	-0.840798	1.15796	4.01088	1.96451	0.489795	0.815308	0.576934	0.481224	0.0591562	0.00589576
20024	0.0961821	0.155391	3.98697	1.96888	0.493828	-0.859261	1.10217	4.06978	1.95973	0.481531	0.981939	0.456436	0.487617	0.0539895	0.00613788
20025	0.115016	0.159145	3.9693	2.14424	0.540207	-0.903717	1.10303	3.76635	1.87794	0.498609	0.858458	0.518908	0.519954	0.0524949	0.00649902
20026	0.226096	0.187176	3.95111	1.90735	0.482737	-0.876859	1.15232	3.76488	1.77404	0.471208	0.765722	0.608255	0.477111	0.0595225	0.00669198
20027	0.214072	0.256463	4.02685	1.99622	0.495728	-0.821904	1.1739	3.59625	1.77919	0.494735	0.784243	0.536623	0.49526	0.0528173	0.00694975
20028	0.170466	0.236449	3.92981	1.99144	0.506753	-0.748157	1.23592	4.07898	2.02109	0.49549	1.18376	0.421934	0.501016	0.0586194	0.00725225
20029	0.310731	0.225671	3.82967	2.14442	0.559949	-0.798421	1.22683	4.1477	1.97976	0.477315	0.814744	0.61511	0.516985	0.0573052	0.00762578
20030	0.226484	0.254954	3.86199	1.82305	0.472048	-0.633419	1.31666	3.82855	1.91539	0.50029	1.52443	0.369717	0.486108	0.0701288	0.0079081
20031	0.246837	0.270145	3.67654	1.85906	0.505653	-0.768606	1.24566	3.95424	1.9718	0.498655	0.922898	0.515562	0.502027	0.0584988	0.00824755
20032	0.211884	0.218723	4.04858	1.89521	0.468118	-0.819609	1.21401	4.09078	1.99406	0.487452	0.931033	0.531988	0.477835	0.0598914	0.00846758
20033	0.12326	0.168711	3.93708	1.85264	0.470562	-0.800192	1.28926	4.39457	2.09459	0.476631	1.47243	0.426382	0.473763	0.0737022	0.008763
20034	0.2232	0.170102	3.65956	1.7355	0.474239	-0.610505	1.26804	4.47017	2.18865	0.489612	1.73432	0.347532	0.482692	0.0713535	0.00901817
20035	0.269572	0.234447	4.08197	1.90735	0.467262	-0.645823	1.33679	3.79191	1.99714	0.526684	1.45016	0.418975	0.495878	0.0722222	0.0092697
20036	0.26573	0.239285	3.61658	1.86496	0.515669	-0.611466	1.33953	3.79095	2.07974	0.548606	1.57321	0.384737	0.532525	0.0712863	0.00941166
20037	0.129753	0.165476	4.0825	1.87963	0.460412	-0.675034	1.29697	4.13791	1.86255	0.45012	1.9767	0.323841	0.455231	0.0788271	0.00965859
20038	0.193034	0.155627	3.9973	1.92796	0.482315	-0.702665	1.30086	3.99973	1.91743	0.47939	1.63479	0.401139	0.480852	0.0786048	0.00987354
20039	0.144288	0.14625	4.0345	1.98425	0.49182	-0.603032	1.34311	3.78138	1.87896	0.496898	2.56491	0.279243	0.494277	0.0848743	0.0101938
20040	0.172435	0.156598	3.74694	2.01017	0.536483	-0.55037	1.46128	3.98756	1.93489	0.485231	3.25814	0.261223	0.51006	0.0974105	0.0104034
20041	0.0466889	0.0643264	3.92998	1.91162	0.486421	-0.538583	1.57504	3.87191	1.79687	0.464079	6.6627	0.171272	0.475333	0.133397	0.0106512
20042	0.0680184	0.0150104	3.68256	1.91179	0.519148	-0.387606	1.64091	3.77196	1.75292	0.464723	12.7342	0.103797	0.49161	0.15285	0.0109954
20043	-0.121713	-0.0641826	3.71287	1.91238	0.515067	-0.314849	1.67051	3.93058	2.0043	0.509925	80.6722	0.0186506	0.512423	0.161193	0.0111585
20044	-0.075328	-0.0547648	4.05644	1.91013	0.470889	-0.388387	1.6237	4.12831	1.92655	0.466668	28.7456	0.0490031	0.46876	0.155166	0.0115128
20045	-0.106856	-0.00214969	3.90353	1.91989	0.491836	-0.330963	1.64141	3.82803	1.94889	0.509111	53.7854	0.0251118	0.500389	0.148679	0.0117756
20046	0.0784368	0.0289749	4.17795	2.03004	0.485892	-0.261464	1.67479	3.90166	1.87895	0.481578	23.4455	0.0577662	0.483809	0.14772	0.012175
20047	0.0603982	0.0444628	4.00427	1.94114	0.484768	-0.334721	1.64364	4.14821	1.81759	0.438163	16.3808	0.0780596	0.461054	0.14543	0.012344
20048	0.0636114	0.0493874	3.94315	1.96811	0.499122	-0.292532	1.67398	4.09605	1.9819	0.483855	20.8084	0.0634192	0.491343	0.143196	0.0125739
20049	0.0205578	-0.0439747	4.08993	1.95517	0.478045	-0.284852	1.70019	4.03605	2.0355	0.504329	32.6143	0.0466375	0.4911	0.160138	0.0127268
20050	-0.00609245	-0.0384505	3.73083	1.91443	0.513138	-0.177335	1.77321	3.96666	2.0719	0.522329	111.926	0.014662	0.517874	0.170771	0.0129097
20051	0.0488438	0.0146625	3.83289	1.91504	0.499634	-0.217687	1.82175	4.03906	2.05303	0.508293	45.9687	0.0355194	0.504077	0.170705	0.0132119
20052	-0.0484275	-0.00858367	3.7122	1.89273	0.509867	-0.0801835	1.84136	4.10269	2.02393	0.493318	3393.65	0.000504223	0.501179	0.179356	0.0135143
20053	0.116936	0.0578914	3.64775	1.78785	0.490123	-0.0623816	1.89003	4.10666	2.00368	0.487908	104.393	0.0160774	0.48895	0.181297	0.013874
20054	0.146629	0.0943709	3.75577	1.87122	0.498225	-0.126094	1.84347	3.84237	1.80556	0.469909	41.1322	0.037189	0.483906	0.172269	0.0138213
20055	0.116385	0.0900277	3.88098	2.01424	0.519002	-0.14029	1.82472	3.75327	1.90694	0.508074	45.6747	0.0329411	0.513629	0.161038	0.0141267
20056	0.224478	0.14585	4.1884	1.91006	0.456036	-0.186267	1.82176	3.73326	1.92254	0.514978	16.6478	0.0843559	0.483814	0.154906	0.0143718
20057	0.0831885	0.091094	4.06232	1.86121	0.458164	-0.140046	1.86412	4.18753	1.94894	0.465416	63.082	0.0249169	0.461845	0.171066	0.0147044
20058	0.145053	0.10977	3.85136	1.85689	0.482138	-0.0590452	1.94775	4.0717	2.00995	0.493638	81.0963	0.0208281	0.488048	0.17933	0.0150572
20059	0.156884	0.0931094	3.85074	1.92205	0.499139	-0.0616846	1.94423	3.71491	1.77017	0.476506	71.7295	0.023886	0.488026	0.1884	0.0151439
20060	0.177875	0.150419	3.73866	1.99679	0.534093	-0.0701792	1.87394	3.94544	1.94937	0.494081	48.2768	0.0307655	0.513549	0.158451	0.0153876
20061	0.153356	0.146778	3.76057	2.05022	0.545188	-0.154943	1.89396	4.27527	2.09402	0.489798	32.1168	0.0475242	0.515719	0.155578	0.0155345
20062	0.0862861	0.153012	3.7465	1.97376	0.526829	-0.0450543	1.89422	3.82928	1.99081	0.519892	175.754	0.00862515	0.523322	0.160565	0.0157525
20063	0.22068	0.0997517	3.72691	1.94858	0.522841	-0.0450822	1.92026	4.08091	2.05798	0.504294	46.9245	0.0353147	0.513147	0.171434	0.0160545
20064	0.127906	0.140037	3.91484	1.92677	0.492171	-0.0991938	1.89354	3.91526	1.99951	0.510696	59.6181	0.0257872	0.501434	0.163795	0.0163862
20065	0.230487	0.192746	3.75594	1.82341	0.485473	0.00759586	1.97346	4.13024	2.06949	0.501059	63.8266	0.0248403	0.493636	0.169255	0.0166356
20066	0.100917	0.181069	4.08746	1.93587	0.473611	0.0730437	2.01791	4.09302	2.06924	0.505554	4342.88	0.000388448	0.489593	0.174038	0.0168854
20067	0.22644	0.160384	3.93963	1.96198	0.498011	-0.0201711	2.00118	3.99934	1.9896	0.497483	55.7168	0.0304085	0.497745	0.176606	0.0170935
20068	0.142165	0.112023	3.86022	1.90396	0.493226	0.00322467	2.04781	4.04221	1.93229	0.478029	194.113	0.00965226	0.485452	0.19635	0.017431
20069	0.0429465	0.0996937	3.60508	1.84158	0.510828	0.0515279	2.07027	3.93464	1.89164	0.480765	52731.6	3.68201e-05	0.49514	0.206458	0.0176287
20070	0.103665	0.164352	3.72111	1.82446	0.4903	0.038393	2.06555	4.06486	1.99341	0.490401	848.409	0.00213018	0.490353	0.191464	0.0179907
20071	0.13169	0.131055	3.87632	1.78231	0.459794	0.00278374	2.08446	3.93281	1.8985	0.482735	229.633	0.00830844	0.471347	0.205906	0.0181971
20072	0.112845	0.0748038	4.03738	1.87335	0.464002	0.0725965	2.03832	3.99133	1.97957	0.495967	2379.94	0.000809975	0.479893	0.200182	0.0182962
20073	0.145102	0.0826484	3.98594	1.89795	0.476162	0.0129038	2.03073	4.00943	1.92823	0.480923	217.152	0.00873814	0.47855	0.198774	0.0182937
20074	0.115387	0.0660078	4.27223	2.06929	0.484358	0.0876425	2.06352	4.03506	1.95542	0.484609	5183.44	0.000384886	0.48448	0.1987	0.0186252
20075	0.0612307	0.149932	3.69873	1.94037	0.524604	0.145845	2.16529	4.02728	2.00413	0.497637	567.302	0.00357982	0.510547	0.204807	0.0187243
20076	0.21354	0.186607	3.9926	1.98884	0.498131	0.0901307	2.14683	3.97475	2.02354	0.5091	252.299	0.00761496	0.503603	0.193245	0.0190284
20077	0.157968	0.162751	4.23474	1.85865	0.438906	0.203362	2.10507	4.06536	2.00683	0.493643	1830.78	0.00103032	0.465716	0.196216	0.0193851
20078	0.265127	0.199155	4.02446	1.973	0.490253	0.158928	2.16207	3.86932	1.87115	0.483585	341.636	0.00563911	0.486985	0.20045	0.0196374
20079	0.147545	0.141888	3.95233	1.95324	0.494199	0.235203	2.24112	3.87554	1.87972	0.485023	573.509	0.00384194	0.489656	0.223343	0.0198655
20080	0.136292	0.129687	4.15688	1.93407	0.465269	0.274209	2.24697	3.90208	1.9853	0.508779	235.681	0.00951054	0.486336	0.222449	0.0199905
20081	0.123078	0.196104	3.96837	1.90343	0.479649	0.276852	2.27525	3.97758	1.92792	0.484696	182.811	0.0118233	0.482176	0.220098	0.0204343
20082	0.192206	0.235446	3.90359	1.87523	0.480386	0.306249	2.39541	3.98168	2.03781	0.511796	358.725	0.00650284	0.496247	0.229715	0.0207962
20083	0.382653	0.328356	4.20443	2.01349	0.478896	0.38166	2.39143	3.98001	2.0066	0.504169	4.31521e+06	4.93173e-07	0.491186	0.209374	0.0209241
20084	0.253859	0.299165	3.70856	1.91401	0.516106	0.359823	2.40072	3.83802	1.92203	0.500785	393.341	0.00561413	0.508314	0.223588	0.0211606
20085	0.385269	0.339373	4.14158	1.89539	0.457648	0.382208	2.4076	3.77216	2.00177	0.53067	456652.0	4.68363e-06	0.492455	0.215404	0.0214827
20086	0.25374	0.384258	3.99527	1.89786	0.475026	0.349134	2.35761	4.16664	2.16198	0.518878	427.925	0.00454999	0.497412	0.193493	0.0215544
20087	0.320626	0.335565	3.90296	1.97404	0.505781	0.385159	2.42618	4.26388	2.10854	0.494511	1049.51	0.00208224	0.499897	0.211216	0.021698
20088	0.360759	0.382672	3.81021	1.9603	0.514485	0.513311	2.46302	4.28118	2.34639	0.548072	185.969	0.011636	0.532256	0.200866	0.0220288
20089	0.35728	0.339353	3.89907	1.99213	0.510925	0.452481	2.46778	4.11375	2.17378	0.528418	499.846	0.00453162	0.519906	0.213836	0.0222844
20090	0.419547	0.367397	3.89084	1.90224	0.488903	0.564342	2.55509	4.12942	2.20272	0.533421	228.278	0.0104829	0.511824	0.225781	0.0223283
20091	0.290493	0.291799	3.80086	1.62947	0.42871	0.488759	2.54783	4.16074	2.17388	0.522475	129.479	0.0196546	0.477712	0.250779	0.0228092
20092	0.274228	0.296131	3.48509	1.68767	0.484254	0.564948	2.58116	3.93194	2.01354	0.512099	61.7779	0.0422592	0.499015	0.260824	0.0230422
20093	0.303645	0.306444	3.88458	1.82088	0.468747	0.601751	2.57561	3.93487	2.0244	0.514478	57.9415	0.0444336	0.491759	0.2509	0.0233799
20094	0.30268	0.311644	3.87853	1.76266	0.454467	0.680516	2.59053	3.97214	1.93181	0.48634	36.378	0.0713799	0.470593	0.260137	0.0236546
20095	0.444602	0.428748	3.9849	1.82638	0.458325	0.59853	2.60826	4.22968	1.8822	0.444997	200.483	0.011847	0.451463	0.242643	0.0238883
20096	0.401241	0.394424	3.88501	1.98238	0.510264	0.636648	2.59244	3.9001	2.02576	0.519414	87.1817	0.0277082	0.514848	0.231652	0.0242238
20097	0.369591	0.388106	4.10834	1.97738	0.481309	0.543558	2.5479	3.92973	2.01819	0.513569	154.13	0.0151323	0.497081	0.226014	0.0244688
20098	0.457988	0.419754	3.8153	1.82793	0.479106	0.589986	2.57577	3.94306	2.02535	0.513649	266.787	0.00871182	0.496662	0.231796	0.0246278
20099	0.340906	0.392844	3.75867	1.74876	0.465261	0.582688	2.57345	3.92283	2.14107	0.545798	81.3403	0.0292293	0.50639	0.234162	0.0248431
20100	0.460642	0.404989	3.80124	1.76652	0.464721	0.572864	2.61986	4.28659	2.10079	0.490083	389.534	0.00629684	0.478163	0.240862	0.0254341
20101	0.467276	0.441225	3.84937	1.92307	0.499581	0.675116	2.67279	4.11962	2.04534	0.496486	115.281	0.0215988	0.497981	0.238894	0.0258044
20102	0.333725	0.360746	4.08257	2.05677	0.503793	0.709831	2.67023	4.25583	2.07228	0.486927	37.7058	0.0707279	0.495185	0.244199	0.0261709
20103	0.345729	0.401704	4.15261	2.13805	0.514869	0.698065	2.68802	4.14062	2.23243	0.539153	42.1075	0.0620701	0.526993	0.23027	0.0263847
20104	0.335407	0.331927	4.06275	2.09675	0.51609	0.660113	2.64724	4.13218	1.9937	0.482482	50.844	0.0527168	0.499144	0.246873	0.02688
20105	0.361305	0.3421	3.82234	1.91656	0.501411	0.641418	2.64056	4.1455	1.97963	0.477536	67.3295	0.0392317	0.488989	0.253257	0.0271848
20106	0.309585	0.276316	3.91762	1.72439	0.440163	0.724898	2.70527	3.97152	2.05759	0.518088	34.2049	0.0862422	0.479392	0.280674	0.0272603
20107	0.307521	0.249754	3.71786	1.95554	0.525985	0.668934	2.69045	3.67323	1.93582	0.527008	45.6061	0.0653095	0.526493	0.276882	0.0276424
20108	0.233462	0.248676	3.78929	1.92171	0.507141	0.665663	2.71223	3.99918	2.06636	0.516695	32.4904	0.0933987	0.512047	0.275701	0.0278874
20109	0.313969	0.222482	3.86011	1.98733	0.514838	0.708662	2.6836	3.85412	2.10211	0.545419	38.8815	0.0778915	0.530117	0.270325	0.0279863
20110	0.201477	0.197007	3.97636	2.1355	0.537048	0.649169	2.60877	4.09492	2.02781	0.495203	29.0209	0.100214	0.515818	0.258959	0.028368
20111	0.177341	0.16292	3.94278	2.08914	0.529865	0.716828	2.65466	4.05238	2.04645	0.504998	21.3327	0.145523	0.517261	0.272999	0.0285025
20112	0.187334	0.162229	4.21641	2.13724	0.506886	0.615244	2.61783	4.02453	1.93924	0.481855	32.9316	0.0915533	0.494662	0.270067	0.0284886
20113	0.177629	0.141279	4.16252	2.07261	0.497923	0.698947	2.69999	3.9614	1.81667	0.458592	24.09	0.135887	0.478744	0.296294	0.0284699
20114	8.55565e-05	0.0780264	4.05558	2.10144	0.518162	0.809194	2.72023	4.34658	2.02535	0.465963	10.664	0.327328	0.491159	0.297325	0.0287816
20115	0.033481	0.0465347	4.37246	2.04902	0.468618	0.746036	2.74352	3.94377	2.09203	0.530463	14.3259	0.253867	0.497947	0.30524	0.0294028
20116	0.0538342	0.0181741	4.17487	2.05387	0.49196	0.600235	2.63016	4.13175	2.10794	0.510181	22.8517	0.149277	0.501024	0.290795	0.0294851
20117	0.0998063	0.0370389	3.99976	1.95881	0.489732	0.612555	2.622	3.80584	2.17069	0.570359	25.4155	0.131456	0.529044	0.288121	0.0297369
20118	0.183708	0.0661265	3.93356	2.02452	0.514679	0.612241	2.6032	4.06402	2.1362	0.525636	35.0507	0.0918203	0.520247	0.278994	0.0302792
20119	0.0474803	0.0401929	3.87557	1.97618	0.509907	0.625142	2.65484	4.04984	2.13601	0.527432	20.4871	0.166846	0.518862	0.293698	0.0306545
20120	0.135477	0.148698	4.03582	2.00241	0.496158	0.742816	2.72358	3.98239	2.02975	0.509682	17.9743	0.18443	0.502875	0.291422	0.031227
20121	0.310477	0.224952	3.73154	1.87629	0.502819	0.727756	2.70419	3.99536	2.1142	0.529165	35.3006	0.087061	0.516442	0.27812	0.0317743
20122	0.353611	0.293142	4.20148	2.02413	0.481767	0.74944	2.73253	4.32618	1.9621	0.453541	37.9793	0.0783403	0.467448	0.271872	0.0320472
20123	0.363394	0.340172	3.99899	1.90468	0.476291	0.686814	2.74125	3.92399	2.03833	0.519453	55.1159	0.0523002	0.497668	0.267782	0.0323563
20124	0.324992	0.315926	4.0238	1.95525	0.485922	0.695785	2.71761	3.61746	1.8764	0.518707	41.9536	0.0687439	0.501443	0.273538	0.0325953
20125	0.298555	0.313565	3.97016	1.97342	0.497063	0.651594	2.67322	3.79963	1.87567	0.493646	44.6737	0.0623183	0.495392	0.26569	0.0330896
20126	0.360414	0.262311	4.09778	1.85302	0.452201	0.662976	2.67752	4.0325	1.95882	0.485757	63.7206	0.0457721	0.468844	0.276812	0.0333546
20127	0.322056	0.303561	3.81613	1.86584	0.488935	0.617808	2.68361	3.97573	1.99915	0.50284	64.7612	0.0437346	0.49603	0.268251	0.0335695
20128	0.329105	0.356106	4.10388	1.8773	0.457446	0.752489	2.70074	4.04336	2.02217	0.50012	30.6678	0.089627	0.478625	0.260692	0.034126
20129	0.252555	0.312623	3.85961	1.83356	0.475063	0.691941	2.61474	4.3098	1.83986	0.426902	27.4513	0.0965299	0.449655	0.265172	0.0341878
20130	0.291013	0.313414	4.01955	1.8638	0.463683	0.584069	2.5924	4.02502	1.89682	0.471258	60.476	0.0429409	0.467473	0.256753	0.0343236
20131	0.256777	0.297025	3.95386	2.06376	0.521962	0.677071	2.61405	3.87941	1.92799	0.49698	30.3918	0.0883233	0.50959	0.251721	0.0346196
20132	0.138627	0.213044	3.73364	1.91122	0.511893	0.67697	2.67942	3.81686	1.95513	0.512236	20.9894	0.144907	0.512066	0.282396	0.0349726
20133	0.151957	0.133908	3.82283	1.84608	0.482909	0.705952	2.68727	3.88711	1.77209	0.455887	21.243	0.153455	0.469285	0.310681	0.0351827
20134	0.184522	0.134787	3.84455	1.84432	0.479722	0.713077	2.6738	3.44355	1.76435	0.512363	23.0755	0.139685	0.495145	0.308834	0.0356299
20135	0.0592863	0.105448	3.57494	1.8681	0.522555	0.679235	2.64969	3.83708	1.85892	0.484461	16.8424	0.192168	0.502834	0.302855	0.0357713
20136	-0.0284343	0.0198709	4.01885	1.96929	0.490014	0.699345	2.70079	3.97723	1.99288	0.501074	13.5696	0.264831	0.495515	0.312111	0.0358729
20137	-0.0184503	-0.0833647	3.89221	1.86713	0.47971	0.673327	2.65937	3.73204	1.98401	0.531615	15.7193	0.239278	0.505117	0.328218	0.0363178
20138	-0.0692292	-0.0457073	3.9473	1.87143	0.474103	0.608492	2.64209	4.08908	2.03294	0.497163	15.7286	0.229653	0.485837	0.316383	0.0365711
20139	-0.0889621	-0.0839174	3.8345	1.7752	0.462955	0.578612	2.56037	4.00824	1.86465	0.465205	15.6899	0.222828	0.464105	0.324552	0.0368202
20140	-0.111089	-0.0791819	4.07019	1.90943	0.469125	0.609481	2.59996	3.79771	1.84401	0.485559	13.8242	0.25961	0.477057	0.323557	0.0369347
20141	-0.220707	-0.115648	4.06609	1.94026	0.477181	0.540494	2.535	3.94718	1.98924	0.503966	12.1257	0.289713	0.490375	0.309021	0.0370863
20142	-0.156996	-0.157635	4.40277	1.97015	0.44748	0.678912	2.58018	4.09135	2.03572	0.497566	10.7273	0.349371	0.471605	0.318812	0.0375162
20143	-0.22233	-0.134749	3.73719	1.91181	0.511563	0.525126	2.6163	3.99876	2.15854	0.539802	13.5464	0.279345	0.52616	0.31744	0.0377195
20144	-0.114603	-0.116484	3.92876	1.982	0.504484	0.725204	2.70446	4.07313	2.15058	0.527991	11.2831	0.352638	0.51645	0.325073	0.0382237
20145	-0.112538	-0.11392	3.93326	2.00504	0.509766	0.691708	2.68944	4.17663	2.06648	0.494773	12.1501	0.323406	0.502044	0.325596	0.0386553
20146	-0.125138	-0.163357	3.9612	2.05574	0.51897	0.638173	2.6677	4.20874	1.99738	0.474578	13.7561	0.291322	0.496101	0.330931	0.038573
20147	-0.211877	-0.21481	4.16294	2.08482	0.500804	0.61717	2.63337	4.25166	2.08962	0.491484	11.8026	0.343659	0.496095	0.327082	0.0390776
20148	-0.230293	-0.244889	4.01308	2.00179	0.498817	0.640649	2.66841	3.84512	1.91573	0.498224	11.189	0.37927	0.498527	0.351448	0.0389329
20149	-0.255754	-0.296649	3.76874	1.86384	0.494552	0.629829	2.67434	3.81969	1.84549	0.483153	11.2549	0.392129	0.488814	0.373119	0.0392488
20150	-0.330431	-0.323591	3.98663	1.90882	0.478805	0.676961	2.6741	4.01448	1.96625	0.489789	8.85476	0.507418	0.484316	0.367101	0.0396174
20151	-0.390231	-0.277814	3.83202	2.00341	0.522808	0.828933	2.76489	3.98444	1.94901	0.489156	6.22868	0.74318	0.505654	0.369438	0.0404426
20152	-0.274113	-0.234377	4.09734	1.92793	0.470532	0.731137	2.78658	4.07893	2.00869	0.492456	9.03108	0.505264	0.48147	0.367032	0.0404289
20153	-0.19312	-0.218228	3.99255	1.89919	0.475684	0.824048	2.81573	4.15429	1.90052	0.457484	8.8968	0.517315	0.466404	0.377309	0.0405833
20154	-0.207047	-0.248326	3.68972	1.94846	0.528077	0.745688	2.78604	3.95876	1.86906	0.472133	10.1436	0.453852	0.499121	0.376274	0.0406945
20155	-0.261783	-0.208688	3.76269	1.937	0.514792	0.775249	2.7756	3.86848	1.86011	0.480838	8.28126	0.537718	0.497579	0.369744	0.0411033
20156	-0.211103	-0.195649	3.8009	1.8756	0.493463	0.706263	2.73616	4.09557	1.894	0.46245	10.2137	0.420781	0.477378	0.363194	0.0416606
20157	-0.336188	-0.294821	3.97671	1.97608	0.496913	0.718631	2.73641	4.56474	1.95912	0.429185	8.25811	0.556322	0.460718	0.368695	0.0417833
20158	-0.387626	-0.371917	3.6491	1.95768	0.536481	0.690058	2.68644	4.11911	2.07985	0.504927	8.05365	0.580701	0.519749	0.366869	0.041945
20159	-0.343925	-0.403183	3.93733	2.00958	0.510393	0.606627	2.69752	3.85486	1.98643	0.515305	10.6406	0.451774	0.512823	0.375701	0.0418986
20160	-0.433893	-0.370806	3.98275	1.93874	0.486784	0.700444	2.69473	3.97992	1.98881	0.499711	7.30343	0.643361	0.493245	0.374404	0.0421032
20161	-0.391883	-0.406754	3.83686	1.86854	0.486998	0.689938	2.6489	3.98099	1.89812	0.476795	7.97806	0.585169	0.481802	0.382726	0.0425136
20162	-0.369104	-0.339627	3.94905	1.95206	0.494311	0.597702	2.63013	4.29988	1.96508	0.457008	9.43545	0.467357	0.474866	0.360269	0.0427006
20163	-0.443572	-0.352776	4.19221	2.04825	0.488583	0.643626	2.61725	3.85028	1.86002	0.483087	7.46282	0.591	0.485952	0.360834	0.0428606
20164	-0.331113	-0.345547	3.89267	2.02561	0.520366	0.771987	2.69412	3.77466	1.8881	0.500204	7.59316	0.608415	0.51044	0.371268	0.0432184
20165	-0.293121	-0.353884	3.80076	1.93112	0.508089	0.705425	2.69293	3.66731	2.05568	0.560541	9.31009	0.498548	0.533846	0.36805	0.0433635
20166	-0.320861	-0.281457	3.63568	1.73696	0.477755	0.604957	2.68744	3.67697	1.85587	0.504729	10.2835	0.428569	0.491318	0.380281	0.0432366
20167	-0.300958	-0.317218	3.7052	1.68385	0.454457	0.591213	2.62487	3.54406	1.70876	0.482146	10.8747	0.397985	0.467994	0.389562	0.0435306
20168	-0.307304	-0.301183	3.96271	1.72778	0.436009	0.617759	2.62944	3.67638	1.70665	0.46422	10.0363	0.427871	0.449586	0.384801	0.0437595
20169	-0.388619	-0.329904	3.69349	1.7698	0.479168	0.579755	2.58595	4.0148	1.75564	0.437291	9.06665	0.468874	0.457357	0.376256	0.0440355
20170	-0.247214	-0.274933	4.02724	1.88768	0.468728	0.633038	2.61403	3.88234	1.954	0.503303	10.7714	0.387422	0.485699	0.352081	0.0442717
20171	-0.302204	-0.277617	4.08145	1.84863	0.452936	0.653697	2.62415	4.07691	1.98703	0.487386	9.21513	0.456873	0.470152	0.35446	0.0444343
20172	-0.245534	-0.257217	3.86035	1.95094	0.505379	0.524677	2.55486	3.96217	2.0436	0.515779	13.3301	0.296613	0.510646	0.331174	0.0445181
20173	-0.300915	-0.216766	3.64898	1.92794	0.52835	0.553709	2.52306	4.10447	2.01409	0.490706	10.2777	0.365191	0.508422	0.322633	0.044905
20174	-0.224106	-0.224064	4.26974	2.00169	0.468808	0.558541	2.53076	3.989	2.03707	0.510672	12.3895	0.306268	0.489029	0.319727	0.0452531
20175	-0.298491	-0.248149	3.97969	1.8194	0.457171	0.402578	2.53377	4.16505	2.10512	0.505424	15.7459	0.245749	0.481847	0.330317	0.0451842
20176	-0.256856	-0.257328	3.65332	1.68621	0.461555	0.537216	2.54813	4.51642	2.10581	0.466256	12.4821	0.315275	0.464154	0.341738	0.0451473
20177	-0.147251	-0.222267	3.63754	1.73686	0.477481	0.516721	2.54624	4.26785	2.15838	0.50573	17.3857	0.220429	0.492732	0.329835	0.0453976
20178	-0.238032	-0.246951	3.94366	1.86998	0.474175	0.670019	2.66551	3.79394	1.99184	0.525007	10.2873	0.412278	0.499099	0.354586	0.0454856
20179	-0.262005	-0.201845	4.12121	2.04406	0.495985	0.695421	2.70613	4.24158	2.07665	0.489593	9.22511	0.458333	0.492743	0.339191	0.046007
20180	-0.195333	-0.199367	4.27148	2.10663	0.493186	0.708272	2.73567	3.76743	2.03078	0.539034	10.5505	0.408251	0.514673	0.342444	0.0461147
20181	-0.15574	-0.170714	3.77495	1.87395	0.496418	0.763098	2.75113	3.71636	1.96256	0.528087	10.112	0.422131	0.512128	0.35757	0.0464936
20182	-0.146835	-0.150249	4.03188	1.8413	0.456685	0.774493	2.77711	3.96664	2.03931	0.514116	10.0954	0.424422	0.485166	0.355813	0.0466833
20183	-0.117857	-0.124032	4.14275	1.89888	0.458362	0.742187	2.70305	4.04123	1.94752	0.481912	10.8053	0.369838	0.469991	0.341989	0.0470477
20184	-0.103357	-0.0929802	3.96853	2.04169	0.51447	0.7992	2.81078	3.76728	2.06272	0.547536	10.3508	0.407305	0.530573	0.339429	0.0473654
20185	-0.031729	-0.0953344	4.07424	2.05998	0.50561	0.815881	2.77178	3.96352	1.97702	0.498805	11.4419	0.359221	0.502254	0.337449	0.0475741
20186	-0.0827442	-0.0157499	3.99232	2.0278	0.507924	0.863988	2.84271	4.01435	1.9038	0.474249	9.11614	0.448151	0.49104	0.342028	0.0478676
20187	-0.00279279	0.0146874	4.03106	1.98455	0.492315	0.787519	2.82482	4.13421	2.13372	0.516113	12.6432	0.312297	0.504364	0.324149	0.0481719
20188	-0.0373773	-0.0133984	3.76398	2.08099	0.552868	0.968027	2.88986	4.26013	2.0362	0.477966	8.33855	0.505419	0.513101	0.338655	0.0483444
20189	-0.0393206	-0.0387119	3.94215	2.04284	0.518204	0.853996	2.87179	3.79817	2.12547	0.559604	10.6151	0.399007	0.538519	0.337008	0.0484598
20190	-0.0485596	0.00988866	3.90093	2.01289	0.516004	0.779555	2.85031	4.25932	2.03886	0.478681	11.7648	0.342887	0.496523	0.332468	0.0486886
20191	-0.0277911	-0.0118224	4.31072	2.08194	0.482967	0.801252	2.83231	4.14906	2.0551	0.495318	11.7691	0.343657	0.489024	0.328437	0.0488188
20192	-0.0456101	-0.0328359	3.94779	2.00946	0.509009	0.845434	2.81971	4.03112	1.89516	0.470133	10.2486	0.39698	0.489368	0.342644	0.0492483
20193	0.0349321	-0.039658	4.00477	2.04141	0.509745	0.838661	2.89151	3.98553	1.96992	0.494268	13.3003	0.32299	0.502026	0.348846	0.0496302
20194	-0.207418	-0.0869154	3.92169	2.0898	0.532883	0.984228	2.90653	4.05045	2.04546	0.504996	6.31029	0.71001	0.518714	0.351491	0.049729
20195	-0.114403	-0.119164	4.47167	2.08818	0.466981	0.929079	2.91124	4.02843	2.04028	0.506471	8.43396	0.544427	0.485696	0.357482	0.0497109
20196	-0.0418304	-0.0960371	4.18494	1.99868	0.477588	1.0151	2.95564	4.19381	2.0227	0.482306	8.33657	0.558546	0.47995	0.366784	0.0498588
20197	-0.0131909	-0.0180305	3.99802	2.04002	0.510257	1.0704	3.00829	3.81616	1.83473	0.480778	7.80005	0.587087	0.495861	0.371548	0.0501175
20198	-0.0167412	-0.0470991	4.15524	2.09729	0.504733	1.0704	3.08217	3.85896	1.80162	0.466865	8.28543	0.590937	0.486499	0.385827	0.0505563
20199	-0.0983034	-0.0293643	3.96321	2.08918	0.527144	0.916707	3.03307	4.33409	1.97179	0.454948	9.10313	0.515123	0.489432	0.366143	0.0505548
20200	-0.0514071	-0.0660008	4.07025	2.08565	0.512414	1.0356	3.03315	3.9556	1.91306	0.483634	8.12866	0.590794	0.498229	0.375308	0.0508168
20201	-0.0908682	-0.0778006	4.05295	2.02555	0.499771	0.896359	2.93123	4.05454	1.94049	0.478598	9.29004	0.487309	0.489183	0.363471	0.0511001
20202	-0.0469827	-0.065941	4.02263	1.97356	0.490615	0.933959	2.98962	4.03778	2.01698	0.499527	9.70279	0.481123	0.495079	0.369167	0.0513376
20203	-0.0731199	-0.0731945	3.97632	2.06615	0.519613	0.962363	2.99321	3.91974	2.0772	0.529934	8.7695	0.536112	0.524736	0.362095	0.0519044
20204	-0.0548364	-0.109535	3.90228	1.86897	0.478943	0.897334	2.95518	3.93693	2.08186	0.528804	10.3598	0.453314	0.503984	0.372896	0.0526063
20205	-0.129548	-0.136208	3.62799	1.8903	0.521031	0.928089	2.95018	4.00691	2.09404	0.522608	8.51582	0.559298	0.521859	0.374218	0.0531106
20206	-0.153793	-0.160625	3.90965	2.06468	0.528097	0.778498	2.88905	4.12485	2.12111	0.514227	10.7005	0.434583	0.520976	0.357228	0.0532666
20207	-0.165183	-0.164549	3.82914	1.84223	0.481108	0.999774	2.98687	4.20123	1.98272	0.471938	7.31799	0.678563	0.476311	0.393736	0.0536276
20208	-0.23642	-0.228405	4.14417	2.02726	0.489183	1.11581	3.04453	4.09196	1.9614	0.479329	5.85837	0.914256	0.484287	0.401823	0.0537123
20209	-0.246643	-0.237325	3.8063	1.83347	0.481695	1.02525	3.06923	3.63334	1.9495	0.536558	6.75848	0.80886	0.508489	0.419582	0.0541507
20210	-0.202039	-0.225803	3.74143	2.03493	0.543891	1.05086	3.07438	4.07611	1.85635	0.455422	6.93821	0.784874	0.497762	0.411789	0.0542918
20211	-0.290484	-0.219749	4.16153	2.01206	0.483491	1.05183	3.07069	3.76986	1.98642	0.526922	6.00899	0.900901	0.504134	0.403798	0.0543007
20212	-0.172208	-0.2264	4.02066	2.05999	0.51235	1.01914	3.05235	3.67279	1.91554	0.52155	7.57422	0.709658	0.516742	0.403471	0.0546189
20213	-0.184625	-0.193876	4.1365	2.09976	0.507617	1.03986	3.00321	3.84755	1.98668	0.51635	6.81716	0.749678	0.511826	0.384856	0.0546771
20214	-0.259893	-0.244345	4.07763	2.03028	0.497906	0.971743	2.99878	3.97235	1.87483	0.47197	6.93367	0.758464	0.485108	0.402513	0.0546292
20215	-0.288759	-0.297128	3.73832	1.95485	0.522922	0.896912	2.90965	3.92752	1.81236	0.461453	7.31491	0.702908	0.491429	0.405742	0.0552144
20216	-0.186956	-0.216646	3.90764	1.98494	0.507964	0.803587	2.87628	4.02291	1.91399	0.475772	9.74976	0.490587	0.491634	0.380304	0.0554966
20217	-0.271933	-0.22718	4.11103	1.91265	0.465248	0.959005	2.926	3.76013	1.76718	0.469979	6.56182	0.757604	0.467508	0.403275	0.0563038
20218	-0.205075	-0.212943	4.02759	1.9549	0.485378	0.912779	2.92885	3.93501	1.9417	0.493442	7.89924	0.624799	0.489363	0.387861	0.0563378
20219	-0.176753	-0.155845	3.90486	1.97428	0.505597	0.870519	2.91204	3.86207	1.88484	0.488039	8.58141	0.54839	0.496866	0.378891	0.0560739
20220	-0.229646	-0.234178	4.01146	1.963	0.489348	0.90401	2.86519	3.8662	1.91074	0.494216	7.47454	0.642588	0.491738	0.382815	0.0560731
20221	-0.217009	-0.1697	3.6492	1.7949	0.491862	0.89087	2.84219	4.13764	1.96741	0.475491	7.39085	0.613699	0.483163	0.376205	0.0559854
20222	-0.161476	-0.171822	3.94333	1.80708	0.458263	0.89006	2.85236	3.70058	2.00194	0.540979	8.27118	0.552864	0.498308	0.37522	0.0560825
20223	-0.154911	-0.148469	3.77118	1.7589	0.466406	0.805009	2.797	3.97372	2.06987	0.520891	9.4154	0.460723	0.494361	0.361744	0.0566305
20224	-0.166775	-0.18346	3.73472	1.85016	0.495396	0.68161	2.75175	4.2158	2.09291	0.496443	11.9699	0.359879	0.495951	0.353384	0.0568853
20225	-0.239557	-0.228898	3.95885	1.8625	0.470465	0.713843	2.75705	3.89813	1.92492	0.493807	9.80876	0.454486	0.482046	0.3706	0.0570286
20226	-0.223887	-0.173287	3.93965	1.91478	0.486029	0.713647	2.72985	4.12082	2.08099	0.504995	9.58875	0.439485	0.495725	0.345371	0.0573054
20227	-0.269637	-0.250281	3.90472	1.89408	0.485075	0.778538	2.75656	3.89672	2.10551	0.54033	8.22912	0.549336	0.512674	0.361189	0.0574222
20228	-0.294375	-0.269485	4.00256	2.07355	0.518058	0.694132	2.66252	3.90345	1.91925	0.491681	8.7977	0.488574	0.505035	0.350028	0.057775
20229	-0.254906	-0.302495	4.29387	2.07897	0.484171	0.687369	2.67486	4.08709	1.87523	0.458818	9.98405	0.443941	0.471807	0.359278	0.0580151
20230	-0.303256	-0.274234	3.86528	2.04681	0.529539	0.751529	2.71949	3.99392	1.83894	0.460435	8.05556	0.556286	0.494421	0.365847	0.0585623
20231	-0.224466	-0.24197	4.05471	1.96093	0.483617	0.678403	2.72173	3.94653	1.88372	0.477309	10.7751	0.407586	0.480505	0.363641	0.0589779
20232	-0.225312	-0.192362	3.97331	1.98123	0.498635	0.668098	2.6778	3.68724	1.88541	0.511332	10.3207	0.399091	0.504747	0.347637	0.0592834
20233	-0.102946	-0.138016	3.5731	1.83514	0.513599	0.655927	2.74423	3.93426	1.86654	0.474433	14.4252	0.287944	0.493074	0.359521	0.0594712
20234	-0.0337768	-0.142566	3.80079	1.77489	0.466981	0.788403	2.75262	4.47476	2.01105	0.449421	12.3999	0.33799	0.457486	0.356408	0.0598819
20235	-0.122746	-0.126003	3.80066	1.75864	0.462721	0.797602	2.80578	3.88196	1.89219	0.487432	10.1475	0.42352	0.475207	0.370627	0.0601055
20236	-0.145552	-0.179262	4.07476	2.05686	0.504781	0.830518	2.83651	3.88541	1.91356	0.4925	9.54628	0.476356	0.498787	0.364252	0.0604856
20237	-0.2861	-0.277769	4.013	2.10708	0.525062	0.890427	2.84264	4.04028	2.04415	0.505942	7.03428	0.692109	0.51547	0.369755	0.0609026
20238	-0.462536	-0.452227	3.96201	1.99847	0.504408	0.772347	2.73544	4.05289	1.92486	0.474934	6.66339	0.762468	0.489504	0.393135	0.0614794
20239	-0.430897	-0.468929	4.16381	1.94713	0.467632	0.753363	2.75516	4.21107	2.11175	0.501475	7.41174	0.701236	0.484649	0.390455	0.0622881
20240	-0.485871	-0.419046	4.01104	2.07574	0.517507	0.7233	2.75595	3.81909	2.13217	0.558294	6.89463	0.731047	0.5374	0.37469	0.0622737
20241	-0.486875	-0.42713	4.38748	2.07713	0.473423	0.81665	2.82578	4.5046	2.19328	0.486899	6.22738	0.84959	0.480249	0.382629	0.0625893
20242	-0.646251	-0.548556	4.33351	2.10588	0.485952	0.697587	2.73215	3.95455	2.06902	0.523199	5.95993	0.90295	0.503724	0.392035	0.0626177
20243	-0.607767	-0.55516	4.08903	2.02814	0.495994	0.804215	2.79908	3.94948	2.04773	0.518481	5.64327	0.996847	0.507042	0.408438	0.0632022
20244	-0.586235	-0.565596	3.75768	2.02257	0.538251	0.677966	2.77715	4.53977	2.16303	0.476462	6.99157	0.799101	0.504444	0.400385	0.0635191
20245	-0.481561	-0.588538	3.97842	2.04332	0.513601	0.735407	2.76604	4.03622	2.07563	0.51425	7.59832	0.740506	0.513928	0.405949	0.0637276
20246	-0.527336	-0.538708	4.0028	2.03712	0.508923	0.839092	2.82114	3.7257	1.98278	0.532192	6.04596	0.933562	0.52014	0.412592	0.0636469
20247	-0.619251	-0.543461	3.97688	1.92246	0.48341	0.774768	2.79655	3.99951	1.86474	0.466243	5.7406	0.971645	0.474802	0.424219	0.0639459
20248	-0.498386	-0.545976	3.94976	2.00974	0.508824	0.783828	2.81741	4.08227	1.90929	0.467704	6.88071	0.822036	0.487925	0.419278	0.0645852
20249	-0.526916	-0.487049	4.20206	1.91323	0.455308	0.806026	2.77357	3.95655	1.91569	0.484183	5.98381	0.888367	0.469311	0.40986	0.0648672
20250	-0.462505	-0.481202	4.22234	2.08915	0.494784	0.73381	2.81781	4.09017	1.90941	0.466829	7.60461	0.715585	0.481029	0.405046	0.064955
20251	-0.569041	-0.531801	4.01565	2.13814	0.532452	0.929896	2.8577	3.99711	2.03174	0.508302	5.11334	1.12341	0.520405	0.407982	0.0651889
20252	-0.498285	-0.523528	4.2133	2.0848	0.494815	0.864805	2.85418	3.97803	1.8799	0.472571	6.14037	0.929007	0.484013	0.418525	0.065776
20253	-0.597242	-0.56558	3.99522	2.04769	0.512534	0.883178	2.85601	3.8546	1.97056	0.511223	5.34177	1.09582	0.51189	0.421546	0.0659701
20254	-0.512071	-0.529348	4.17139	1.97979	0.474612	0.89598	2.93277	4.05495	2.07639	0.512063	6.04569	0.991304	0.493072	0.425001	0.0663463
20255	-0.414885	-0.423758	3.90288	2.01772	0.516981	0.80236	2.892	4.25689	2.03015	0.47691	7.4201	0.740842	0.496076	0.404533	0.0667734
20256	-0.474074	-0.445784	3.95421	1.96798	0.497692	0.988676	2.94961	4.09045	2.09233	0.511517	5.38815	1.06982	0.504722	0.415271	0.0668837
20257	-0.421425	-0.405974	4.02133	1.99773	0.496782	0.956858	2.96476	4.01137	1.97199	0.491599	5.98097	0.949832	0.494194	0.417212	0.0671334
20258	-0.495215	-0.463176	3.92428	1.95024	0.496967	1.00244	3.00657	3.97188	1.99553	0.502415	5.3675	1.12148	0.499707	0.432839	0.0673146
20259	-0.419689	-0.454922	4.08575	2.02967	0.496767	1.00198	3.01017	4.21852	2.10208	0.498299	5.94065	1.01057	0.497545	0.420916	0.0671848
20260	-0.341651	-0.376513	4.03922	2.04696	0.50677	1.01847	3.01242	3.90774	2.07314	0.530521	6.20831	0.92496	0.518449	0.410805	0.0670169
20261	-0.463911	-0.407946	3.95655	2.12696	0.53758	1.06786	2.9919	4.25872	2.09008	0.490777	4.92644	1.17316	0.513318	0.406738	0.0673862
20262	-0.358218	-0.328426	4.11917	2.13456	0.518201	1.04004	3.0099	4.17395	2.04846	0.490772	5.70012	0.977558	0.504396	0.399898	0.0676559
20263	-0.338525	-0.382178	3.79603	1.99144	0.524612	1.0712	2.99643	4.00191	2.06905	0.517015	5.74391	0.993659	0.520713	0.412856	0.0680106
20264	-0.342205	-0.342199	3.85131	1.91014	0.495971	1.04833	3.03209	3.90026	1.98884	0.509926	5.88847	0.966789	0.502992	0.422104	0.0684818
20265	-0.433281	-0.344918	4.04471	2.04224	0.504917	1.07417	3.03925	4.20609	2.07785	0.494009	5.03989	1.1362	0.499356	0.410125	0.0689474
20266	-0.339059	-0.336381	4.41919	2.10757	0.476912	0.945986	2.99256	3.92097	1.95407	0.498365	6.71082	0.825671	0.486998	0.405627	0.0689888
20267	-0.385895	-0.328611	3.74409	1.94866	0.520462	0.936782	2.95711	3.74396	1.93702	0.517371	6.17097	0.874737	0.518917	0.410011	0.0690771
20268	-0.36266	-0.394445	4.089	1.94757	0.476293	0.981975	2.99402	4.08474	1.93567	0.473878	6.35035	0.904021	0.475086	0.42514	0.0697847
20269	-0.457527	-0.397535	4.05277	2.00712	0.495247	0.967098	3.0305	4.30813	2.13332	0.495183	5.79013	1.01478	0.495214	0.415172	0.0703353
20270	-0.393443	-0.393332	3.96251	2.06431	0.520961	1.05801	3.02038	4.29099	2.05886	0.47981	5.53153	1.05336	0.499566	0.414154	0.0702245
20271	-0.324808	-0.319596	4.05805	1.9314	0.475942	0.973231	2.98277	4.15292	2.11631	0.509594	6.47257	0.842451	0.492962	0.402596	0.0706362
20272	-0.389593	-0.355026	3.95741	1.92046	0.485282	1.05368	3.00019	3.98612	2.09647	0.525943	5.40439	1.04151	0.505686	0.412103	0.0706446
20273	-0.373317	-0.375287	3.89245	1.97414	0.507171	1.02953	3.01745	4.01918	2.00678	0.499301	5.84901	0.983985	0.503173	0.419694	0.0703517
20274	-0.385269	-0.341122	3.83543	1.98299	0.517019	1.06603	3.06291	3.89938	1.98036	0.507864	5.50143	1.05313	0.512404	0.422391	0.0706497
20275	-0.401243	-0.392452	4.13288	1.95127	0.472132	1.10697	3.06034	4.43252	2.02817	0.457566	5.24105	1.13735	0.464594	0.428355	0.0709169
20276	-0.346006	-0.357826	4.11351	1.93453	0.470288	0.944836	2.98675	3.6663	1.87305	0.510884	6.71332	0.833136	0.489419	0.423577	0.0712994
20277	-0.227739	-0.204472	3.84531	1.93434	0.503038	1.04272	3.03886	4.04138	1.89403	0.468661	6.51723	0.80703	0.485422	0.407326	0.0713964
20278	-0.110486	-0.13007	3.97499	1.89626	0.477048	1.04505	3.04564	3.97354	1.8677	0.470034	7.55287	0.667635	0.473542	0.401263	0.0718019
20279	-0.103265	-0.135209	3.923	1.91663	0.488563	1.13691	3.08544	3.85339	1.79742	0.466451	6.74407	0.769014	0.477606	0.411262	0.0716834
20280	0.0139423	-0.0929418	4.18837	1.93081	0.460993	1.01788	3.04633	4.02902	1.85905	0.461416	9.77783	0.503948	0.461201	0.394092	0.0720147
20281	-0.115114	-0.18927	3.58554	1.79336	0.500164	1.02858	3.07249	4.15123	1.96713	0.473867	8.1336	0.65402	0.486054	0.414398	0.0719264
20282	-0.19365	-0.159021	3.94281	1.8994	0.481738	1.10853	3.07061	3.69235	1.85246	0.501701	6.15123	0.847838	0.491392	0.410158	0.0719453
20283	-0.275372	-0.265502	3.85755	1.96478	0.509334	1.13819	3.11188	3.74951	1.88816	0.503575	5.70861	0.999083	0.506495	0.425453	0.0722809
20284	-0.169454	-0.188312	3.99197	2.02119	0.506313	1.03668	3.09458	3.73535	1.9207	0.514194	7.40838	0.727377	0.510123	0.406126	0.0720757
20285	-0.261637	-0.206887	3.81697	1.91776	0.502431	1.21504	3.11054	4.03982	1.91741	0.474628	5.04696	1.09029	0.488135	0.417844	0.0724512
20286	-0.291089	-0.282203	3.80757	1.8226	0.478677	0.988222	3.02827	3.91001	1.90332	0.486781	6.69619	0.818317	0.482783	0.423865	0.0726811
20287	-0.439509	-0.335187	3.85827	1.91797	0.497105	0.848722	2.93604	3.76333	1.96833	0.52303	6.44814	0.82977	0.509906	0.407836	0.0726443
20288	-0.357226	-0.365905	3.92499	2.08724	0.531784	0.814771	2.8189	3.84358	2.03005	0.528166	7.38433	0.686789	0.529994	0.381258	0.0726863
20289	-0.298784	-0.354068	3.9805	2.12769	0.534528	0.866131	2.8214	3.81682	1.94565	0.509757	7.43065	0.678514	0.522402	0.382407	0.0727325
20290	-0.377078	-0.365845	4.45127	2.11881	0.476001	0.920947	2.90635	4.06466	1.93828	0.476863	6.35493	0.842435	0.476413	0.397632	0.0723207
20291	-0.369557	-0.323019	3.80391	1.9961	0.524749	0.897113	2.92844	3.99724	1.93305	0.483597	6.58915	0.802226	0.503663	0.402271	0.0723326
20292	-0.327087	-0.321819	3.90442	1.88806	0.483569	0.981976	2.93707	4.05531	2.03059	0.500722	6.19751	0.856823	0.492308	0.404014	0.072462
20293	-0.394227	-0.340696	3.99737	1.91837	0.479908	0.906303	2.9249	3.92885	2.00845	0.511206	6.305	0.845689	0.495422	0.404502	0.072607
20294	-0.40573	-0.348486	4.42269	2.12672	0.480866	0.971041	2.91557	4.20223	2.12976	0.506817	5.62072	0.947749	0.49351	0.38502	0.073084
20295	-0.463132	-0.358047	3.7929	2.05116	0.540789	0.847044	2.86704	4.44203	2.09783	0.472267	6.0593	0.858281	0.503828	0.385388	0.0728428
20296	-0.390069	-0.36534	4.13423	2.01532	0.487471	0.850832	2.80235	3.81162	1.92234	0.504338	6.51647	0.769918	0.495562	0.389272	0.0734201
20297	-0.348295	-0.337836	4.10696	2.057	0.500856	0.848619	2.84193	4.28229	1.92418	0.449334	7.05773	0.716302	0.474557	0.388468	0.0734231
20298	-0.397081	-0.299915	3.84175	1.98254	0.516052	0.865554	2.84912	3.82468	1.92253	0.502663	6.22011	0.797123	0.509372	0.388439	0.0738737
20299	-0.143532	-0.185722	3.91956	1.83941	0.46929	0.869476	2.79967	3.86686	1.88006	0.486198	8.68513	0.513092	0.477687	0.374745	0.0739198
20300	-0.282326	-0.258885	3.87438	1.76121	0.454579	0.819849	2.81911	3.8867	1.93345	0.497452	7.79892	0.607395	0.47605	0.390758	0.0741809
20301	-0.200896	-0.212436	3.83623	1.91961	0.500391	0.805919	2.84135	3.95185	1.84464	0.466778	9.19975	0.506839	0.483335	0.382587	0.0741699
20302	-0.306098	-0.300403	3.84626	2.02427	0.526296	0.752827	2.78761	4.01566	1.91145	0.475999	8.5041	0.560661	0.500606	0.377345	0.0741698
20303	-0.397433	-0.37192	4.10413	2.05007	0.499514	0.784642	2.77611	3.9209	2.08663	0.532183	7.09232	0.698651	0.515475	0.374693	0.0746544
20304	-0.465609	-0.444419	3.93371	2.01827	0.513071	0.756841	2.76256	3.95473	2.01326	0.509076	6.88225	0.747191	0.511068	0.389532	0.0747666
20305	-0.520934	-0.478834	3.90506	1.93861	0.496436	0.712786	2.73313	4.08704	2.14639	0.52517	6.77812	0.761032	0.51113	0.38714	0.075357
20306	-0.538754	-0.516732	3.61474	1.84829	0.511318	0.616679	2.7085	3.8027	2.03452	0.53502	7.7917	0.667512	0.523469	0.40123	0.0754095
20307	-0.543167	-0.567975	4.1146	2.02968	0.493287	0.812963	2.73035	4.29066	1.93044	0.449916	5.91541	0.919545	0.471147	0.407277	0.0760437
20308	-0.549644	-0.598524	3.785	1.97275	0.521201	0.723301	2.60993	3.72601	1.80018	0.483138	6.35292	0.810194	0.502319	0.405629	0.0760823
20309	-0.521917	-0.569321	3.92468	2.11472	0.538825	0.633846	2.66107	3.9808	1.90949	0.479674	7.81219	0.667895	0.509039	0.393431	0.0764551
20310	-0.546244	-0.592671	4.05408	2.04167	0.50361	0.704231	2.65065	4.09263	2.00571	0.490079	6.72715	0.781843	0.496813	0.393967	0.0766401
20311	-0.635699	-0.591304	4.25278	2.09216	0.491951	0.649225	2.69143	3.92147	1.94107	0.494984	6.52705	0.825515	0.493406	0.40059	0.076737
20312	-0.522695	-0.545756	4.34019	2.09935	0.483701	0.679456	2.66323	3.93258	1.78648	0.454278	7.12555	0.722584	0.469714	0.39862	0.0770739
20313	-0.644061	-0.585273	3.39045	1.88852	0.557012	0.724902	2.70925	3.73334	1.85799	0.497674	5.79163	0.937031	0.525915	0.420165	0.0774254
20314	-0.453232	-0.571375	4.10081	2.06341	0.503172	0.641636	2.64672	4.20394	2.0752	0.493633	8.63922	0.599367	0.498343	0.384953	0.0772333
20315	-0.619812	-0.651819	4.16898	2.05605	0.493178	0.664281	2.63316	3.96649	2.1363	0.538588	6.54443	0.824448	0.515317	0.391661	0.0773683
20316	-0.613066	-0.689343	4.36303	2.17618	0.498777	0.674795	2.62873	4.12758	2.08439	0.504992	6.63797	0.829292	0.501798	0.392593	0.0777941
20317	-0.725701	-0.692198	3.90516	2.101	0.538006	0.516151	2.52901	3.80441	1.99678	0.524859	6.72817	0.771098	0.531518	0.387762	0.0780471
20318	-0.733745	-0.669681	4.42726	2.05468	0.464097	0.559094	2.51633	4.29795	2.27026	0.528219	6.07304	0.835716	0.495683	0.369899	0.0781784
20319	-0.583818	-0.641372	4.15937	1.94429	0.467449	0.439269	2.4538	4.05621	2.15005	0.530064	9.15263	0.523353	0.498363	0.369186	0.0787211
20320	-0.647024	-0.694003	3.95237	1.87778	0.475102	0.450722	2.49885	4.15978	2.09187	0.502881	8.45969	0.602523	0.489347	0.391112	0.078852
20321	-0.633439	-0.647593	3.94294	1.85289	0.469925	0.466063	2.50267	3.7934	2.02121	0.532822	8.20921	0.604453	0.500765	0.390519	0.0789573
20322	-0.641224	-0.631676	3.7427	1.8733	0.500521	0.49489	2.49901	4.31155	2.02693	0.470115	7.59336	0.645377	0.484244	0.38596	0.0794118
20323	-0.582726	-0.607852	3.94223	1.88921	0.479225	0.451199	2.48484	4.30373	1.87678	0.436082	8.94737	0.534501	0.456708	0.388477	0.0795439
20324	-0.552427	-0.585277	3.84694	1.89017	0.491343	0.502377	2.51442	4.35122	2.00423	0.460613	8.63567	0.556306	0.475033	0.381609	0.0798654
20325	-0.666264	-0.656543	4.2254	1.93186	0.457201	0.540031	2.50059	4.17795	1.90399	0.455723	6.84981	0.727574	0.456466	0.393922	0.0802052
20326	-0.696866	-0.723733	3.66801	1.96023	0.534413	0.535881	2.59535	4.12089	1.90922	0.463302	7.24916	0.759832	0.49679	0.415923	0.0803189
20327	-0.747669	-0.742248	4.04653	1.9716	0.487231	0.592471	2.59383	4.02879	2.07504	0.515054	6.19686	0.897987	0.501112	0.407553	0.0805442
20328	-0.648871	-0.706432	3.78082	1.97297	0.521836	0.604604	2.54945	4.13351	2.05797	0.497875	6.74695	0.785599	0.509322	0.396789	0.0802756
20329	-0.599084	-0.641685	3.90005	2.01124	0.515696	0.506632	2.544	3.94533	2.05781	0.521582	8.30079	0.611304	0.518656	0.384175	0.0804947
20330	-0.524394	-0.556036	4.10509	2.07344	0.50509	0.46244	2.50584	3.65395	1.84736	0.505578	9.62688	0.486921	0.50532	0.374248	0.0807866
20331	-0.537129	-0.58741	4.13833	2.01048	0.485818	0.498277	2.52097	4.02311	1.95461	0.485846	9.01255	0.536032	0.485832	0.378689	0.0814338
20332	-0.528208	-0.558237	3.98381	2.0228	0.507755	0.585681	2.56046	3.9096	1.73668	0.44421	7.83902	0.620375	0.476281	0.392874	0.0819137
20333	-0.570627	-0.489668	4.16544	2.13603	0.512799	0.513441	2.5735	3.76747	1.79163	0.475552	7.98417	0.587601	0.49511	0.374037	0.0823265
20334	-0.494003	-0.523985	3.98926	2.01626	0.505422	0.626158	2.58915	3.74906	1.80983	0.482743	7.72386	0.62738	0.494434	0.387845	0.0823853
20335	-0.543055	-0.584683	4.12391	2.00028	0.485044	0.57429	2.5857	3.7575	1.76292	0.469173	8.05097	0.62423	0.477478	0.400506	0.0823983
20336	-0.568671	-0.557474	3.86631	1.91018	0.494058	0.571242	2.60028	3.90429	1.82038	0.466252	7.67387	0.649701	0.480087	0.400681	0.0827685
20337	-0.454862	-0.522279	4.04446	1.86731	0.461695	0.687256	2.60515	4.11306	1.96153	0.476903	7.49812	0.652216	0.469363	0.389852	0.0828932
20338	-0.468192	-0.502419	3.68133	1.77762	0.482874	0.620476	2.59851	4.12952	2.05755	0.498254	8.1132	0.592599	0.491005	0.38542	0.082652
20339	-0.465235	-0.537857	4.06872	1.94825	0.478835	0.643832	2.62011	4.33099	2.0588	0.475365	8.10773	0.615015	0.477046	0.383672	0.0829103
20340	-0.433928	-0.468659	3.91353	1.87476	0.479046	0.651436	2.63085	4.19675	2.13526	0.50879	8.1552	0.589007	0.494437	0.3747	0.0831996
20341	-0.559606	-0.483715	3.71697	1.84456	0.496254	0.699551	2.66694	3.91548	1.9698	0.503081	6.26096	0.792738	0.499756	0.394281	0.0840298
20342	-0.470406	-0.466807	3.78993	1.93086	0.509471	0.826109	2.73375	4.10449	1.97076	0.480147	6.09389	0.840476	0.494225	0.396388	0.0842658
20343	-0.517788	-0.491779	3.88415	1.9178	0.493752	0.670455	2.72213	3.87731	2.03825	0.525687	7.3157	0.705961	0.509705	0.395066	0.0844089
20344	-0.524936	-0.534336	3.92156	1.80975	0.461488	0.645373	2.70126	3.93925	1.93338	0.490798	7.64378	0.684811	0.476176	0.411616	0.0849766
20345	-0.550112	-0.566913	3.43986	1.74013	0.505871	0.697662	2.71978	3.62605	1.84974	0.510125	6.93818	0.778471	0.508054	0.429437	0.0854632
20346	-0.551886	-0.576182	3.54303	1.73615	0.490019	0.756928	2.79913	4.0579	1.94655	0.479694	6.65079	0.856497	0.484507	0.436233	0.0857401
20347	-0.556203	-0.573318	3.85085	1.82573	0.474111	0.661567	2.80256	3.67945	1.78624	0.485464	7.68497	0.741482	0.479658	0.44109	0.0857709
20348	-0.558496	-0.557282	4.14919	1.9389	0.467296	0.885502	2.8401	3.94559	1.83651	0.465458	5.53549	1.04257	0.4664	0.433327	0.0861174
20349	-0.590889	-0.604196	3.99893	1.89726	0.474441	0.797881	2.81154	3.90594	1.89266	0.484559	6.04934	0.964342	0.47944	0.435031	0.0865132
20350	-0.633466	-0.591194	4.001	1.8651	0.466159	0.818416	2.86056	3.82746	1.96263	0.512776	5.65221	1.05398	0.488951	0.43775	0.0868961
20351	-0.689666	-0.659632	4.02333	1.85103	0.460074	0.873638	2.87568	4.1611	2.07004	0.497475	5.11408	1.22196	0.479089	0.443602	0.0873864
20352	-0.76917	-0.706674	3.66949	1.84006	0.501448	0.866268	2.86652	4.54147	2.20333	0.485159	4.7736	1.33733	0.492439	0.441283	0.087508
20353	-0.741301	-0.719661	3.94327	1.84251	0.467254	0.812948	2.88112	4.11159	2.01004	0.488871	5.36724	1.20784	0.478288	0.457049	0.0876657
20354	-0.713009	-0.671049	3.85507	2.0038	0.519783	0.941073	2.90021	4.0591	2.08638	0.514001	4.66153	1.36799	0.516817	0.438181	0.0875953
20355	-0.849163	-0.754418	3.84331	2.0619	0.53649	0.978228	2.93504	3.77454	1.95992	0.519247	4.07626	1.66968	0.527946	0.458454	0.0877686
20356	-0.771638	-0.771789	3.9178	1.8879	0.481878	0.993422	3.02	3.79894	1.9769	0.520383	4.61499	1.55772	0.500834	0.482001	0.0876917
20357	-0.721046	-0.714288	3.78801	1.84141	0.486116	1.0666	2.99976	3.96726	2.01102	0.506905	4.31648	1.59785	0.496751	0.472464	0.0882199
20358	-0.842031	-0.759774	3.97612	1.90137	0.478197	1.01311	3.03784	4.18693	2.0353	0.486109	4.1905	1.72078	0.482255	0.478168	0.0886668
20359	-0.591672	-0.658135	3.60676	1.9642	0.54459	1.04816	3.07683	4.05753	2.10763	0.519437	5.18765	1.34453	0.531274	0.461473	0.0885179
20360	-0.633731	-0.665313	3.82288	2.07148	0.541864	1.10883	3.09607	4.0626	2.05186	0.505061	4.65926	1.51826	0.522903	0.461853	0.0890174
20361	-0.66892	-0.663854	3.96291	2.05991	0.519797	1.10038	3.07835	4.04487	2.06173	0.509716	4.47355	1.56521	0.514705	0.459416	0.0888897
20362	-0.625914	-0.625524	3.96053	2.15625	0.544435	1.0815	3.02864	3.94535	1.94057	0.491861	4.58035	1.45763	0.518198	0.449109	0.0889119
20363	-0.587193	-0.615498	4.0774	1.97207	0.483658	1.16759	3.10557	4.41356	2.14782	0.486642	4.49663	1.53963	0.485209	0.456709	0.0888602
20364	-0.5402	-0.604288	3.9763	2.00558	0.504383	1.23648	3.15251	4.17189	2.13967	0.512877	4.47115	1.57829	0.508732	0.459931	0.089428
20365	-0.549869	-0.57748	3.89753	1.99135	0.510928	1.14094	3.15248	3.83	2.03405	0.531084	4.86655	1.42941	0.520918	0.463659	0.089293
20366	-0.547511	-0.578281	4.02988	1.69527	0.420675	1.09147	3.11159	4.04487	1.98682	0.491195	5.06846	1.34313	0.456	0.480487	0.0894613
20367	-0.564521	-0.586508	3.98668	1.88712	0.473356	1.18368	3.15054	3.97873	2.00275	0.503364	4.56954	1.52811	0.488345	0.473132	0.089864
20368	-0.561608	-0.563734	3.9874	2.07598	0.520635	1.06166	3.0838	3.87285	1.86569	0.481736	5.04918	1.31749	0.501469	0.457777	0.0899203
20369	-0.574061	-0.554262	4.21171	2.1672	0.514566	1.04557	3.07617	3.96362	2.00109	0.504863	5.02439	1.3116	0.509862	0.441618	0.0906487
20370	-0.498639	-0.548518	3.70866	1.88967	0.509529	1.15858	3.142	3.80116	1.95136	0.513361	4.95923	1.37319	0.511469	0.470035	0.0905728
20371	-0.604334	-0.540647	3.71974	1.83393	0.493026	1.11893	3.11706	3.74236	1.99444	0.532938	4.50519	1.48482	0.513042	0.46641	0.0908931
20372	-0.549694	-0.575567	3.89437	1.94635	0.499786	1.04671	3.14512	4.15424	1.95213	0.469912	5.43203	1.27425	0.484367	0.470393	0.0910372
20373	-0.612361	-0.629648	3.59975	1.89743	0.5271	1.1417	3.14554	4.55226	2.11264	0.464086	4.6322	1.53837	0.491912	0.470608	0.0915204
20374	-0.562023	-0.595484	4.11345	1.96027	0.476551	1.09535	3.091	3.86867	2.02959	0.524621	4.94749	1.37344	0.499849	0.460035	0.0918979
20375	-0.580337	-0.661518	3.69421	1.83204	0.495924	0.981538	2.97698	3.97225	1.98597	0.499961	5.4269	1.21973	0.498015	0.464464	0.0921729
20376	-0.669189	-0.638669	3.6242	1.92913	0.532291	0.985784	3.02275	4.39153	2.00595	0.456777	4.8946	1.36947	0.490919	0.46008	0.0924159
20377	-0.598566	-0.622296	3.93618	1.86255	0.473188	0.931414	2.98497	3.9791	2.01672	0.506829	5.55886	1.17042	0.4901	0.456227	0.0925925
20378	-0.541655	-0.598948	3.9156	1.90446	0.486378	0.963002	2.93218	3.95965	1.82568	0.461071	5.50748	1.132	0.473653	0.455368	0.0928579
20379	-0.525316	-0.534032	3.75708	1.8535	0.493335	0.908219	2.90807	3.86001	1.90042	0.492336	5.7654	1.02751	0.492829	0.441166	0.0928834
20380	-0.486989	-0.501737	4.04316	1.95161	0.482695	0.839932	2.91822	4.24927	2.03358	0.478571	6.64281	0.880359	0.480582	0.423329	0.0926772
20381	-0.583931	-0.507457	4.04344	1.94795	0.481757	0.839626	2.78475	3.91498	1.99594	0.50982	5.3484	1.01326	0.495562	0.40737	0.0927591
20382	-0.514683	-0.479168	3.95891	1.9215	0.48536	0.851567	2.86701	3.84808	1.92126	0.499278	5.99843	0.933319	0.49222	0.421566	0.0926398
20383	-0.354907	-0.428698	4.0794	2.11018	0.517278	0.851771	2.88456	3.84849	1.8237	0.473874	7.53923	0.728036	0.496208	0.411067	0.092927
20384	-0.36369	-0.397598	3.97244	1.78466	0.449261	0.854119	2.8602	3.81442	1.80385	0.472904	7.15632	0.741529	0.460843	0.425208	0.0932179
20385	-0.356474	-0.382454	3.74925	1.84575	0.492299	0.858741	2.89251	3.80026	1.85519	0.488174	7.26285	0.738373	0.490223	0.420245	0.0934702
20386	-0.4002	-0.338247	4.13763	1.90455	0.460301	0.917445	2.91307	3.76501	1.85391	0.492405	6.08864	0.868095	0.475596	0.412974	0.093517
20387	-0.319279	-0.298915	3.96707	1.97318	0.49739	0.956734	2.95098	3.8332	1.90544	0.497089	6.48677	0.814105	0.497242	0.405156	0.0938697
20388	-0.295223	-0.29386	4.07874	1.94507	0.47688	0.917097	2.95045	4.00574	1.99594	0.49827	7.16159	0.73486	0.487479	0.400489	0.0939554
20389	-0.238823	-0.284927	3.58058	1.80446	0.503956	0.945349	2.96275	4.02091	1.8663	0.46415	7.5217	0.701131	0.4829	0.418164	0.0943342
20390	-0.309739	-0.286713	3.74593	1.83416	0.48964	1.02187	3.01665	3.94595	1.91586	0.485525	6.15398	0.886596	0.487529	0.421243	0.0948575
20391	-0.259976	-0.26391	3.57466	1.81625	0.508091	1.01597	2.996	4.09342	1.99097	0.486383	6.52754	0.814014	0.496503	0.411131	0.0951405
20392	-0.2199	-0.154678	3.64872	1.79805	0.492788	0.919169	2.96619	3.86253	1.80597	0.467562	7.50672	0.648738	0.479816	0.403327	0.0958151
20393	-0.113378	-0.161368	3.57058	1.74327	0.488231	1.00359	3.0083	4.08984	1.87066	0.457392	8.05278	0.62381	0.471767	0.410153	0.0959597
20394	-0.173091	-0.15595	4.22575	1.82077	0.430876	1.01975	3.04797	3.77203	1.95816	0.519127	7.21442	0.711431	0.472498	0.404564	0.0961839
20395	-0.0910257	-0.143751	3.7553	1.96052	0.522068	1.07225	3.06188	3.81048	1.87736	0.492684	7.59381	0.676606	0.507269	0.401096	0.0962894
20396	-0.048979	-0.099747	3.85697	1.83489	0.475734	1.21786	3.12137	3.66199	1.92929	0.526841	6.46498	0.802445	0.500625	0.40809	0.0966566
20397	-0.0674965	-0.0946764	3.85111	1.87946	0.488029	1.14469	3.0983	4.07771	1.96921	0.48292	6.93829	0.734699	0.485402	0.398525	0.0966573
20398	-0.136832	-0.0875833	3.90213	1.83428	0.47007	1.18587	3.11688	3.8891	1.95989	0.503944	5.86927	0.874776	0.486978	0.403677	0.0969239
20399	-0.102552	-0.110741	3.87594	1.80907	0.466743	1.08892	3.11947	4.26938	2.06275	0.48315	7.35012	0.709804	0.475343	0.402653	0.0975147
20400	-0.147965	-0.164604	3.92309	1.8083	0.460937	1.12928	3.08932	4.17787	1.96256	0.46975	6.49029	0.815681	0.465482	0.412565	0.0979503
20401	-0.254137	-0.188454	3.77431	1.88396	0.499153	1.06093	3.04726	3.99038	1.95965	0.491094	6.05397	0.864707	0.495011	0.405233	0.0981756
20402	-0.148745	-0.151401	4.14039	2.02072	0.488052	1.07518	3.0469	3.9761	2.02444	0.509152	6.82852	0.749001	0.498388	0.387443	0.0985596
20403	-0.0961157	-0.033337	3.88971	2.00853	0.516372	1.12308	3.08229	3.87511	2.07664	0.535893	6.53048	0.743218	0.526114	0.372783	0.0983975
20404	0.0183115	0.0315877	3.87475	1.86841	0.482201	1.10121	3.10609	3.77532	1.9706	0.52197	8.06069	0.586338	0.501827	0.381138	0.0985187
20405	0.0973642	0.0678355	3.8056	1.88515	0.495362	1.20197	3.13368	3.9185	1.86209	0.475205	7.70349	0.610073	0.485136	0.385523	0.0986508
20406	0.0272331	0.00274884	3.901	1.92381	0.493157	0.928754	2.95713	4.03395	2.05002	0.508193	10.7394	0.40637	0.500801	0.354584	0.0987067
20407	-0.0844032	0.0135215	3.84612	1.82357	0.474134	0.884207	2.91455	3.9584	1.93761	0.489494	8.97029	0.469103	0.481924	0.358841	0.0989917
20408	0.0138964	0.0310884	3.69552	1.92557	0.521056	0.95783	2.959	3.56565	1.88532	0.528744	9.62128	0.445505	0.524832	0.360066	0.0990748
20409	-0.0041058	0.00129311	3.76642	1.85569	0.492693	0.914612	2.91684	4.00351	1.94308	0.485343	10.071	0.422022	0.488906	0.35885	0.0995602
20410	-0.0920803	-0.037189	3.86485	1.8644	0.482398	0.796854	2.8073	3.80914	1.95132	0.512273	10.2393	0.395102	0.497227	0.34657	0.0994781
20411	-0.18869	-0.179714	3.91943	1.99942	0.51013	0.863063	2.86873	3.50759	1.84602	0.526292	8.40095	0.553092	0.517763	0.376737	0.0994166
20412	-0.140871	-0.179115	3.89621	1.82989	0.469657	0.829408	2.83569	4.1181	1.95696	0.475208	9.65441	0.470721	0.472509	0.375134	0.0994263
20413	-0.230394	-0.20048	3.78072	1.81571	0.480256	0.829573	2.77701	3.82176	1.98194	0.518594	7.89074	0.561764	0.499529	0.36865	0.0993419
20414	-0.177151	-0.2101	3.71463	1.81675	0.48908	0.752105	2.77533	3.98748	1.89234	0.474571	10.3215	0.431758	0.481569	0.375407	0.0991289
20415	-0.283439	-0.25165	3.69939	1.79234	0.484495	0.87594	2.86435	3.98372	1.91569	0.480879	7.22344	0.67208	0.48262	0.395753	0.099276
20416	-0.220679	-0.212823	3.67557	1.89054	0.514353	0.880537	2.88111	4.12007	1.95806	0.47525	7.89363	0.606338	0.493687	0.383524	0.0996851
20417	-0.142542	-0.128737	3.7698	1.71903	0.455999	0.864435	2.85434	4.0685	1.97794	0.486158	8.77586	0.507001	0.471653	0.375804	0.100419
20418	-0.0816421	-0.111307	3.74378	1.80201	0.481335	0.950601	2.9242	3.89989	1.86498	0.478215	8.64768	0.532762	0.479743	0.38594	0.100372
20419	-0.115055	-0.0937176	3.86899	1.88084	0.486132	0.997126	2.99437	3.91055	1.86332	0.476486	7.70952	0.618474	0.481283	0.389149	0.100979
20420	-0.133234	-0.112367	3.79252	1.87911	0.495479	0.906927	2.92528	3.63331	1.78069	0.490103	8.52853	0.540967	0.492849	0.38674	0.101438
20421	-0.0917988	-0.146165	3.95833	1.88377	0.4759	0.865444	2.84302	3.67775	1.83008	0.497609	9.75128	0.458157	0.486356	0.375696	0.101209
20422	-0.113891	-0.16065	3.68329	1.89023	0.513189	0.834421	2.88952	3.79475	1.86213	0.490713	10.3453	0.449648	0.501783	0.382775	0.101319
20423	-0.109576	-0.166753	3.83477	1.90292	0.496229	0.771397	2.8376	4.13381	1.79565	0.434382	11.6299	0.388057	0.464145	0.379041	0.102016
20424	-0.233043	-0.212496	3.98365	2.0081	0.504084	0.844943	2.85525	3.70781	1.82369	0.491851	8.09866	0.581027	0.498187	0.380544	0.10189
20425	-0.314203	-0.256902	3.77429	1.71285	0.45382	0.905337	2.9637	3.65079	1.69677	0.464769	6.97402	0.743639	0.459203	0.432108	0.102122
20426	-0.200722	-0.206391	4.00975	1.81031	0.451477	0.944176	2.98828	3.76439	1.80808	0.480312	7.78605	0.655396	0.46544	0.41366	0.102177
20427	-0.201396	-0.214363	3.70398	1.72603	0.465994	0.894141	2.86526	3.84939	1.82767	0.474794	7.9021	0.6001	0.470479	0.400312	0.102348
20428	-0.270423	-0.253169	3.71545	1.70517	0.45894	0.73904	2.8302	4.00666	1.69875	0.423982	9.32974	0.509508	0.440802	0.41128	0.102346
20429	-0.171283	-0.210748	3.5834	1.81681	0.507008	0.806996	2.90266	3.94994	1.85997	0.470885	10.1286	0.478515	0.488068	0.39738	0.1026
20430	-0.21035	-0.143407	3.7619	1.76008	0.46787	0.816924	2.87779	3.74072	1.9596	0.523857	8.64939	0.527645	0.495784	0.380335	0.103257
20431	-0.0769029	-0.100134	3.78515	1.79259	0.473584	0.866599	2.89557	4.22352	1.99303	0.471888	10.0812	0.445098	0.47269	0.372235	0.103189
20432	-0.0484341	-0.106158	3.70192	1.727	0.466514	0.728431	2.81596	3.81569	2.02059	0.529547	14.1483	0.30176	0.498507	0.363018	0.103906
20433	-0.0981855	-0.0388576	3.8521	1.79574	0.46617	0.844643	2.84127	4.13958	1.99984	0.483102	9.33166	0.444463	0.474941	0.353438	0.10404
20434	-0.00788361	0.0137765	3.65494	1.73013	0.473367	0.864713	2.85467	4.20947	1.9525	0.463836	10.5994	0.380713	0.468265	0.354072	0.104439
20435	-0.00908542	-0.0340396	3.64823	1.62612	0.445728	0.830291	2.85798	3.659	1.90428	0.520437	11.871	0.352276	0.483137	0.372082	0.10489
20436	-0.0731864	-0.0252269	3.73685	1.82787	0.489148	0.840749	2.80027	3.79958	1.88561	0.496269	9.55779	0.417639	0.492738	0.349691	0.104936
20437	0.0279439	0.0250085	3.95099	2.01926	0.511078	0.939887	2.87794	4.12546	1.9355	0.469159	9.78692	0.41582	0.489665	0.339837	0.105647
20438	0.0606881	0.0366293	3.95608	2.02967	0.513052	0.908694	2.94452	4.09655	1.97967	0.483252	11.7587	0.359557	0.497892	0.345345	0.105789
20439	0.0719524	0.0582758	3.59852	1.84468	0.512621	0.973785	2.96481	4.07257	1.94138	0.476696	10.3872	0.406651	0.493549	0.358198	0.106084
20440	0.0516651	0.0132432	3.70012	2.00741	0.542526	0.957243	2.96786	4.15979	1.99899	0.480552	10.6452	0.410036	0.509727	0.352756	0.10625
20441	-0.0466688	-0.00350532	3.98331	1.83438	0.460516	1.06205	2.96416	3.78509	1.96024	0.517886	7.16449	0.614631	0.488469	0.367298	0.106471
20442	0.015677	0.0383699	3.98856	1.78694	0.448016	0.947078	2.95949	3.90198	1.95217	0.500302	9.83614	0.433754	0.473872	0.363384	0.106894
20443	-0.0175931	0.0130409	3.95146	1.90112	0.481118	0.965954	2.92022	3.94007	1.89755	0.481602	8.73682	0.483682	0.48136	0.357535	0.107056
20444	-0.198937	-0.0902902	3.94973	1.88398	0.47699	0.935454	2.94279	4.17756	1.96233	0.469732	7.14894	0.643421	0.473259	0.374314	0.10762
20445	-0.225012	-0.131212	4.15054	2.01195	0.484745	0.982047	2.86094	3.88336	1.87368	0.482488	6.14486	0.728495	0.483654	0.365611	0.10784
20446	-0.00142319	-0.0238481	4.01448	1.97945	0.493078	0.928636	2.96195	4.21005	2.03507	0.483383	10.3062	0.432505	0.488115	0.357099	0.108066
20447	0.0497199	0.0568766	4.13591	1.90853	0.461452	0.866477	2.95117	3.9758	2.03624	0.512158	12.5574	0.333546	0.486305	0.346898	0.107813
20448	0.0545983	0.0974109	3.73598	1.89211	0.506457	1.09219	3.0256	3.98667	1.8981	0.476111	7.9642	0.538302	0.490792	0.361364	0.108023
20449	0.164583	0.12542	4.05769	1.93612	0.477149	0.946082	2.96729	4.10173	1.99458	0.486278	13.2237	0.30537	0.481738	0.339464	0.108704
20450	0.14273	0.121498	4.14107	1.92998	0.466058	0.908646	2.94142	3.8786	1.91373	0.493407	13.5554	0.293313	0.479285	0.341006	0.108989
20451	0.154805	0.144573	3.83149	1.84172	0.48068	0.877378	2.93217	4.03958	2.00757	0.496976	14.8832	0.261055	0.489043	0.33552	0.109589
20452	0.216668	0.154281	3.81479	1.75687	0.460542	0.901321	2.96614	4.14693	1.96821	0.47462	16.8674	0.234374	0.467875	0.346788	0.110074
20453	0.0659915	0.0912211	4.06507	1.83851	0.452271	1.00127	2.94834	4.21872	2.03844	0.48319	9.33206	0.437369	0.468017	0.344971	0.110594
20454	0.088687	0.080207	3.61037	1.90117	0.526587	0.899725	2.9126	4.02845	2.02184	0.50189	12.1962	0.328892	0.513562	0.338405	0.111236
20455	0.0298576	0.108928	4.13903	1.94404	0.469685	0.90419	2.89916	4.04076	1.98892	0.492215	10.1842	0.382228	0.480815	0.331161	0.111521
20456	0.0537386	0.0789313	3.97457	1.82623	0.45948	0.935935	2.96568	3.58591	1.86105	0.518988	10.7075	0.389135	0.487704	0.36114	0.111532
20457	0.0721978	0.0643457	3.92903	1.90447	0.484717	0.999657	2.92767	4.18962	1.93777	0.462517	9.53129	0.43009	0.473261	0.347991	0.111851
20458	-0.0795611	0.0320373	3.65758	1.89615	0.518417	0.891091	2.94129	3.76242	1.96554	0.522414	8.98329	0.471083	0.520444	0.35409	0.112465
20459	-0.0549275	-0.00352486	3.57999	1.70491	0.476234	0.963027	2.95023	3.85519	1.88761	0.489628	8.41961	0.518115	0.483178	0.377895	0.112415
20460	-0.0124681	-0.00352455	3.83267	1.81312	0.47307	0.825601	2.90483	3.64446	1.75368	0.481189	12.043	0.35118	0.477027	0.372317	0.112881
20461	-0.133523	-0.0507614	4.02108	1.99116	0.49518	0.871799	2.84574	3.72283	1.87343	0.503227	8.3011	0.505336	0.499048	0.351912	0.113165
20462	-0.0588116	-0.0235251	3.7517	1.92779	0.513844	0.923645	2.83945	4.02596	1.98827	0.493863	8.49198	0.48261	0.503501	0.343631	0.113378
20463	0.0575562	0.0633759	4.20271	2.12288	0.505122	0.811001	2.87445	4.00513	1.96133	0.489704	13.9201	0.283839	0.497599	0.326119	0.113694
20464	-0.0174081	0.0228886	3.80993	2.04073	0.535634	0.901577	2.91212	3.9412	1.81394	0.460252	9.88437	0.422267	0.497305	0.351353	0.113398
20465	0.0893743	0.0245601	3.93807	2.02779	0.514918	0.918034	2.90564	3.75095	1.8539	0.494249	12.0881	0.343338	0.504835	0.348479	0.113496
20466	-0.0661731	-0.0617743	3.96994	1.95616	0.492743	0.949917	2.89204	4.03899	1.82948	0.452955	8.45091	0.516219	0.472677	0.365676	0.114146
20467	0.0345029	-0.00404663	3.77309	1.79843	0.476647	0.925104	2.86854	3.89164	1.83483	0.47148	10.4035	0.396585	0.474023	0.362277	0.114409
20468	0.0568801	-0.00628307	4.01313	1.93057	0.481063	0.937826	2.94491	3.89684	1.68785	0.433133	11.2227	0.388033	0.45745	0.3758	0.114622
20469	-0.0374369	-0.0069163	3.99202	1.94371	0.486898	1.00017	2.95402	3.79981	1.67753	0.441478	8.14309	0.538317	0.464748	0.377165	0.114701
20470	-0.0138749	-0.0416116	3.74189	1.98035	0.529237	0.881072	2.871	3.75627	1.75916	0.468326	10.5918	0.400465	0.498723	0.36201	0.114583
20471	-0.134006	-0.0856642	3.9619	1.91611	0.483634	0.863213	2.93208	3.80447	1.75836	0.462182	9.15765	0.497223	0.473126	0.382681	0.114469
20472	0.0132984	-0.0174017	3.84293	1.90719	0.496284	0.98067	2.96571	3.76223	1.72822	0.459362	9.50938	0.467903	0.478019	0.379756	0.114958
20473	-0.0844393	-0.0683137	3.81796	1.80726	0.473356	0.908649	2.92577	3.47681	1.93832	0.5575	9.08973	0.493112	0.51346	0.374468	0.115406
20474	-0.0159969	-0.00168462	3.64937	1.70471	0.467124	1.00103	3.0007	3.73545	1.89154	0.506376	8.715	0.517172	0.486979	0.385357	0.115992
20475	0.0657034	0.0722157	3.90629	1.8737	0.479662	1.01605	3.00915	3.69246	1.77932	0.481879	9.5504	0.451581	0.480739	0.371306	0.116148
20476	0.0653813	0.015731	3.57209	1.85271	0.518664	0.888969	2.89468	3.84117	1.81892	0.473534	12.2193	0.339148	0.49528	0.360872	0.116972
20477	-0.100918	-0.0726099	3.80877	1.86695	0.490171	0.907515	2.93909	3.97646	1.91464	0.481493	8.91931	0.508468	0.485739	0.374977	0.117506
20478	0.00947624	0.00515101	3.57236	1.89248	0.529758	0.958098	2.95553	3.6227	1.84688	0.509808	9.67321	0.449942	0.519713	0.367992	0.118048
20479	-0.00170809	0.00719268	4.06935	1.85372	0.455533	0.932951	2.93465	3.88906	1.85872	0.477936	9.81011	0.436794	0.466481	0.366046	0.118071
20480	-0.0786437	-0.0276376	3.81082	1.9027	0.49929	0.924548	2.92047	3.6905	1.74961	0.474084	8.63611	0.503196	0.486889	0.373126	0.117873
20481	-0.0962387	-0.0854494	3.81623	1.94467	0.509579	0.884353	2.91335	3.73831	1.76968	0.47339	9.35227	0.48078	0.491671	0.37717	0.118092
20482	-0.100474	-0.0567817	3.87069	2.14373	0.553837	0.952075	2.88469	3.79266	1.75357	0.462359	7.8099	0.55393	0.508564	0.357035	0.11838
20483	0.0522864	0.0334308	4.18453	1.95322	0.466771	0.9112	2.90687	3.87391	1.68097	0.433921	11.192	0.368866	0.450979	0.362355	0.118054
20484	-0.0474031	-0.0370391	3.73106	1.84271	0.493883	0.846738	2.85888	3.75252	1.90182	0.506811	10.4896	0.399744	0.500366	0.359051	0.118119
20485	0.0248789	0.0120431	4.15255	1.9219	0.462824	0.955008	2.95869	3.85108	1.93289	0.50191	10.0362	0.43257	0.481631	0.360366	0.118535
20486	-0.00964855	-0.0252786	3.89728	1.98107	0.508321	0.901429	2.8713	3.86663	1.8636	0.481969	10.1079	0.415031	0.495197	0.353105	0.118595
20487	-0.0979749	-0.0548535	3.84554	1.97762	0.514264	0.894489	2.9119	3.704	1.82938	0.493893	8.93581	0.492492	0.504269	0.366399	0.118586
20488	-0.151948	-0.152931	3.86764	1.97348	0.510254	0.93207	2.90671	4.17062	1.84252	0.441785	7.9665	0.587548	0.474729	0.38027	0.118732
20489	-0.0792519	-0.0649405	4.0108	1.88103	0.468992	0.948406	2.93812	4.26455	1.92578	0.451579	8.53948	0.52804	0.460018	0.372076	0.118738
20490	0.0464662	-0.0186328	3.95723	1.93571	0.489159	0.863032	2.88165	3.62685	1.81599	0.500707	12.6153	0.33339	0.494681	0.359303	0.118741
20491	0.162515	0.0578702	3.72338	1.95536	0.525156	0.915351	2.87225	3.75718	1.87067	0.497894	13.9754	0.283381	0.511463	0.341158	0.118916
20492	0.0705396	0.0287191	3.65356	1.87092	0.512082	1.03323	2.96457	3.68606	1.90434	0.516632	9.30023	0.463388	0.514367	0.363486	0.118947
20493	0.00366348	-0.0452333	3.57671	1.67852	0.469292	1.05819	3.0425	4.23689	2.03465	0.480222	8.57357	0.556015	0.475219	0.391072	0.119253
20494	-0.117995	-0.0655681	3.5422	1.82385	0.514893	0.986168	3.02674	3.92917	2.07389	0.527818	7.8433	0.609587	0.52169	0.380281	0.119005
20495	-0.0143817	-0.0244308	3.96858	1.92615	0.48535	0.999254	2.98059	4.11173	2.05818	0.500563	8.78885	0.513729	0.493091	0.361793	0.118938
20496	-0.0994778	-0.104762	3.76866	2.03351	0.539584	0.926966	2.96716	3.90246	1.8816	0.482158	8.95677	0.526793	0.51037	0.376125	0.119307
20497	-0.0206406	-0.128977	3.98479	2.01025	0.50448	0.994769	2.921	3.69564	1.86027	0.503369	9.02218	0.515528	0.503946	0.375449	0.119181
20498	-0.16917	-0.152157	4.01823	2.12256	0.528233	0.874218	2.8431	4.0476	1.94323	0.480094	8.24093	0.544329	0.504076	0.355639	0.119309
20499	-0.228556	-0.139584	4.3453	2.23324	0.513945	0.904577	2.8501	3.60967	1.76596	0.48923	6.96127	0.641995	0.50273	0.358575	0.119453
20500	-0.133935	-0.167525	3.79058	1.98024	0.52241	0.769	2.88337	4.13187	1.93968	0.469444	11.4167	0.407645	0.494786	0.37262	0.119299
