cycle	Zbar1	Gbar1	VP1	VG1	h21	Zbar2	Gbar2	VP2	VG2	h22	h2b	h2b_denom	h2w	Qst	Fst
20000	-0.295855	-0.184753	4.11261	1.81526	0.44139	-2.12431	-0.147669	3.90882	1.76788	0.45228	0.000411356	1.67163	0.446697	9.59928e-05	0.000365399
20001	-0.202465	-0.176981	3.76783	1.74973	0.464387	-2.13569	-0.141404	3.59837	1.74754	0.485646	0.000338659	1.86867	0.474772	9.05137e-05	0.000605354
20002	-0.212036	-0.222261	3.86917	1.72648	0.446214	-2.1228	-0.101239	3.47126	1.72957	0.498254	0.00401159	1.82551	0.470824	0.00105888	0.000865068
20003	-0.200618	-0.249922	3.52829	1.74008	0.49318	-2.0356	-0.0190317	3.91597	1.71858	0.438866	0.0158324	1.68358	0.464608	0.00384052	0.0010957
20004	-0.212547	-0.216213	3.88347	1.72211	0.443447	-2.07841	0.0233192	3.83325	1.88667	0.492186	0.0164803	1.74073	0.467658	0.00396096	0.00133642
20005	-0.224672	-0.211236	3.45408	1.71418	0.496277	-1.98128	0.083343	3.74958	1.6484	0.439622	0.0281224	1.54284	0.466788	0.00641347	0.00162249
20006	-0.213757	-0.237737	3.83854	1.70877	0.445163	-1.86058	0.170005	3.78028	1.55074	0.410218	0.0613024	1.35601	0.427824	0.0125971	0.00196306
20007	-0.243597	-0.195654	3.65825	1.75188	0.478884	-1.78688	0.2105	3.61416	1.65443	0.457764	0.0692612	1.19086	0.468388	0.0119681	0.0021936
20008	-0.161634	-0.188239	3.80472	1.78618	0.469463	-1.89613	0.241324	3.9734	1.64626	0.41432	0.0613353	1.50423	0.441294	0.0132681	0.00242519
20009	-0.149446	-0.164437	3.53096	1.70723	0.483503	-1.67922	0.338973	3.84877	1.61385	0.419314	0.10829	1.1701	0.450027	0.0187289	0.00265259
20010	-0.111471	-0.0951525	3.88196	1.75342	0.451684	-1.56768	0.393647	3.57214	1.73781	0.48649	0.112671	1.06027	0.468364	0.0168294	0.00289758
20011	-0.176207	-0.139472	3.94153	1.89004	0.479519	-1.75663	0.289202	3.76087	1.90848	0.507456	0.073571	1.24887	0.49316	0.0119557	0.00315441
20012	-0.0853383	-0.0942085	3.72331	1.93106	0.51864	-1.60883	0.339659	4.03941	1.9772	0.489477	0.0811024	1.16052	0.503465	0.0119039	0.00336439
20013	-0.0493264	-0.051258	3.52379	1.79822	0.510308	-1.58281	0.392414	3.59555	1.81441	0.504625	0.0837074	1.17579	0.507438	0.0134456	0.00370941
20014	-0.163981	-0.125846	3.76033	1.89481	0.503895	-1.59191	0.397809	3.38741	1.63055	0.481357	0.134486	1.01949	0.493214	0.0190843	0.00397605
20015	-0.028968	-0.0788581	3.78013	1.81135	0.479176	-1.63673	0.443673	3.9308	1.73078	0.440313	0.105628	1.29245	0.459364	0.0189157	0.00422923
20016	-0.130176	-0.116876	3.85282	1.77235	0.460012	-1.54557	0.489313	3.91084	1.76476	0.451249	0.183427	1.00167	0.455598	0.0253271	0.00440753
20017	-0.114114	-0.134004	3.60474	1.8531	0.514074	-1.50129	0.474588	3.58117	1.61275	0.450341	0.192482	0.962128	0.482312	0.0260342	0.00462135
20018	-0.0621573	-0.144997	3.88655	1.8403	0.473504	-1.47407	0.517703	3.57737	1.57452	0.440134	0.220301	0.996753	0.45751	0.0311654	0.00482662
20019	-0.173366	-0.207922	3.92795	1.86742	0.475419	-1.40038	0.549126	3.6224	1.6597	0.458177	0.380666	0.752788	0.467147	0.0390555	0.00508135
20020	-0.259294	-0.302337	4.00252	1.87131	0.467533	-1.48838	0.587105	3.55334	1.71123	0.481584	0.523688	0.755323	0.474141	0.0523424	0.00530933
20021	-0.240808	-0.267477	3.9111	1.81546	0.46418	-1.34164	0.638563	3.83652	1.72981	0.450881	0.677413	0.605914	0.457594	0.0547459	0.00553637
20022	-0.233653	-0.242746	3.71556	1.84254	0.495899	-1.26474	0.760986	3.80462	1.76789	0.464668	0.947645	0.531569	0.480099	0.0652429	0.00577148
20023	-0.290514	-0.274848	4.25256	1.82649	0.429504	-1.25191	0.778743	3.75745	1.93419	0.514762	1.20099	0.462142	0.469498	0.0687542	0.00604389
20024	-0.350487	-0.327413	3.92994	1.89077	0.48112	-1.11882	0.82663	4.00172	1.89596	0.473786	2.25601	0.29517	0.47742	0.0808575	0.00636468
20025	-0.213735	-0.237498	3.84021	1.93654	0.50428	-1.08004	0.889905	3.83638	1.70836	0.445307	1.69361	0.375245	0.474808	0.0802253	0.00662717
20026	-0.255044	-0.211715	3.68064	1.96892	0.534938	-1.19249	0.913631	3.84675	1.84318	0.479151	1.44107	0.439399	0.506429	0.0767185	0.00688052
20027	-0.207516	-0.174392	3.79872	1.89308	0.498346	-0.984868	0.99227	3.62737	1.7757	0.489527	2.25245	0.302138	0.494039	0.0849156	0.00710677
20028	-0.245938	-0.17698	3.8168	1.94242	0.508913	-0.846229	1.07381	3.75851	1.68636	0.448677	4.34159	0.180175	0.479027	0.0973403	0.00727526
20029	-0.143605	-0.121211	3.65459	1.84284	0.504254	-0.900663	1.10008	3.49937	1.70724	0.487871	2.60245	0.286569	0.49624	0.0950961	0.00753503
20030	-0.0518316	-0.111709	3.76421	1.92672	0.511852	-0.919644	1.12524	3.79475	1.68474	0.443965	2.03166	0.376549	0.477771	0.0958155	0.0077457
20031	-0.068781	-0.0881697	4.03265	2.06864	0.512972	-0.880222	1.15303	3.84996	1.683	0.437149	2.33973	0.329218	0.475939	0.0931439	0.00785081
20032	-0.0503401	-0.0620222	3.73422	1.7691	0.473755	-0.853883	1.13696	4.06767	1.72934	0.425142	2.22643	0.322841	0.44841	0.0932011	0.00808611
20033	-0.0789415	-0.0567634	3.92152	1.82681	0.465843	-0.858236	1.11402	3.6185	1.60237	0.442827	2.25708	0.30365	0.454798	0.0908933	0.00826365
20034	-0.0116074	-0.0732224	4.17573	1.84006	0.440655	-0.853134	1.10512	3.61948	1.62225	0.4482	1.96068	0.354083	0.444158	0.0911634	0.00851259
20035	0.0863142	0.0024149	3.91286	1.79712	0.459285	-0.818188	1.151	3.51695	1.65816	0.471477	1.61252	0.409062	0.465056	0.0871737	0.00875231
20036	-0.108122	-0.0485223	3.56963	1.66589	0.466684	-0.817971	1.16402	3.62858	1.69217	0.466343	2.91785	0.251943	0.466512	0.0987034	0.00905975
20037	-0.020453	-0.0147016	3.60004	1.72875	0.480203	-0.762264	1.21529	3.70181	1.61357	0.435886	2.74925	0.275142	0.457736	0.101702	0.0093636
20038	-0.0924904	-0.106642	3.59347	1.67198	0.465283	-0.6366	1.32944	3.78494	1.53207	0.404781	6.96605	0.148028	0.434247	0.138671	0.00944385
20039	-0.244737	-0.185397	3.69658	1.71879	0.464969	-0.63115	1.36274	3.61243	1.48266	0.410432	16.0514	0.0746577	0.438014	0.15772	0.00974541
20040	-0.125893	-0.169353	3.90335	1.67605	0.429389	-0.596829	1.42063	3.5332	1.66228	0.470474	11.3989	0.11089	0.448909	0.159251	0.00992519
20041	-0.0985141	-0.176148	3.75024	1.68482	0.449257	-0.550849	1.43692	3.63725	1.77807	0.488851	12.7171	0.102303	0.468751	0.158208	0.0101112
20042	-0.125629	-0.0913625	3.80506	1.70199	0.447295	-0.546605	1.41797	4.1089	1.88265	0.458189	12.8545	0.0886104	0.452951	0.137156	0.0103135
20043	-0.121086	-0.109527	3.80265	1.74042	0.457685	-0.450514	1.51419	3.98986	1.95542	0.490097	24.294	0.0542614	0.474281	0.151412	0.0105098
20044	-0.0999383	-0.099047	3.84943	1.78061	0.462565	-0.441335	1.63091	3.99082	1.90876	0.478287	25.6775	0.0582759	0.470568	0.168674	0.0108155
20045	-0.0491116	-0.0847301	3.53805	1.77075	0.500487	-0.342067	1.615	3.88955	1.75966	0.452408	33.6633	0.0429113	0.47531	0.169909	0.0110373
20046	-0.0579336	-0.0411681	3.88745	1.83859	0.472956	-0.410332	1.62879	4.04977	1.80764	0.446358	22.4567	0.0620923	0.459385	0.160584	0.0113028
20047	-0.0562665	-0.0797489	3.86955	1.66638	0.430639	-0.398075	1.65881	4.15561	1.94158	0.467219	25.871	0.0584166	0.449581	0.173242	0.0114692
20048	-0.0455124	-0.114923	3.74271	1.59128	0.425168	-0.328015	1.65669	3.66517	1.76742	0.482219	39.3271	0.0399038	0.453395	0.189453	0.0116125
20049	-0.0819664	-0.114367	3.61783	1.60753	0.444336	-0.273281	1.67985	3.72757	1.83708	0.492835	87.9538	0.0183006	0.468948	0.189469	0.0119422
20050	-0.137782	-0.119851	3.6689	1.82437	0.497252	-0.18964	1.74373	3.98529	1.91764	0.481179	1291.42	0.00134461	0.488883	0.188403	0.0122863
20051	-0.174048	-0.152593	3.50747	1.72199	0.490949	-0.194076	1.80851	3.82978	1.98723	0.51889	9588.07	0.000200558	0.505533	0.205936	0.0125504
20052	-0.178676	-0.190233	3.84122	1.82326	0.474657	-0.0261783	1.93717	3.93551	1.95842	0.497627	194.614	0.0116278	0.486281	0.230382	0.0127043
20053	-0.213964	-0.18823	3.91394	1.82333	0.465855	-0.12057	1.96008	3.7651	1.71342	0.45508	529.122	0.00436122	0.460572	0.246078	0.0128473
20054	-0.0936639	-0.194679	4.14421	1.90505	0.459689	-0.0330583	1.95858	3.79465	1.73886	0.458239	1262.31	0.00183652	0.458995	0.241425	0.0129896
20055	-0.174692	-0.135639	3.60853	1.75827	0.487253	-0.0183644	2.04916	3.93281	1.69092	0.429952	195.323	0.0122192	0.457371	0.257141	0.0131037
20056	-0.144903	-0.149824	3.97608	1.89039	0.475441	0.0826031	2.03844	3.50223	1.60551	0.458424	92.516	0.0258794	0.467472	0.255182	0.0133922
20057	-0.0352754	-0.054208	3.79407	1.74036	0.458706	0.0820355	2.08427	3.73439	1.67745	0.44919	332.302	0.00688093	0.453986	0.250752	0.0137075
20058	-0.0674955	-0.0261733	3.82199	1.73305	0.453443	0.105793	2.0847	3.6968	1.83878	0.497397	148.384	0.0150144	0.475054	0.23782	0.0140714
20059	-0.112315	-0.0151248	3.7296	1.85364	0.497006	0.165969	2.17341	3.77905	1.85446	0.49072	61.8483	0.0387212	0.493843	0.244189	0.0143718
20060	0.00814879	-0.0305696	3.70701	1.70484	0.459896	0.236658	2.19473	3.84658	1.76723	0.459429	94.8355	0.0261082	0.459658	0.262937	0.0144007
20061	-0.162208	-0.123451	3.86826	1.74762	0.451784	0.202364	2.18692	3.69198	1.72061	0.46604	40.1605	0.0664562	0.458746	0.277957	0.0146833
20062	0.0300313	-0.0686174	3.95486	1.84129	0.465577	0.200752	2.22752	3.97861	1.82744	0.459317	180.894	0.0145728	0.462437	0.264408	0.0148899
20063	-0.0917011	-0.0664413	3.77586	1.78323	0.472273	0.270415	2.27329	3.99219	1.83998	0.460894	41.748	0.0655642	0.466425	0.274267	0.0151687
20064	-0.131648	-0.183255	3.4311	1.63156	0.475522	0.305527	2.26141	3.42004	1.6551	0.483943	31.2702	0.0955608	0.479725	0.312631	0.0153297
20065	-0.188845	-0.179075	3.91199	1.79303	0.458342	0.229834	2.27455	3.64394	1.69685	0.465663	34.3443	0.0876458	0.461872	0.301423	0.0156129
20066	-0.169345	-0.156698	3.75904	1.87765	0.499502	0.235029	2.28459	3.77923	1.75171	0.46351	36.4478	0.0817594	0.481458	0.291152	0.0158051
20067	-0.120242	-0.128763	3.92296	1.8472	0.470869	0.298754	2.25293	3.60955	1.8041	0.499812	32.3111	0.0877788	0.484738	0.27984	0.0160943
20068	-0.11837	-0.0670497	4.0509	1.81275	0.447494	0.26695	2.3343	3.41015	1.74147	0.510674	38.839	0.074236	0.476371	0.288667	0.0162903
20069	-0.191968	-0.128081	4.10226	1.74315	0.424923	0.33288	2.35561	3.51142	1.75059	0.498541	22.3938	0.137733	0.458876	0.306343	0.0164872
20070	-0.173649	-0.120711	3.73054	1.63993	0.439597	0.299034	2.33593	3.71975	1.81488	0.487903	27.0112	0.111715	0.463715	0.304074	0.0167387
20071	-0.198795	-0.137014	3.89224	1.76435	0.453298	0.262964	2.31906	3.88745	1.83382	0.471729	28.2911	0.106611	0.462508	0.295443	0.0170207
20072	-0.229428	-0.150219	3.63177	1.76568	0.486176	0.311323	2.30386	3.47322	1.92844	0.555231	20.596	0.146206	0.519933	0.289661	0.017343
20073	-0.121523	-0.184675	3.44152	1.68826	0.490556	0.251421	2.22593	4.03698	1.83753	0.455173	41.7797	0.0695436	0.471456	0.291907	0.0173445
20074	-0.1953	-0.155453	3.59081	1.72675	0.48088	0.377445	2.3577	3.69804	1.70708	0.461617	19.2537	0.164018	0.471107	0.315097	0.0176456
20075	-0.100524	-0.0927572	3.59648	1.7727	0.492899	0.377578	2.35251	3.80164	1.74379	0.458694	26.1584	0.11429	0.475322	0.298395	0.0177635
20076	-0.111257	-0.11949	3.76193	1.74089	0.462765	0.383301	2.36707	3.72291	1.73222	0.465286	25.2793	0.122294	0.464019	0.308095	0.0179198
20077	-0.135609	-0.142041	3.74311	1.76518	0.471581	0.371999	2.43816	3.97385	1.77949	0.4478	25.8376	0.128833	0.459335	0.319623	0.0183416
20078	-0.14734	-0.132213	3.73426	1.71064	0.458093	0.416021	2.44647	3.70927	1.79319	0.483436	20.9519	0.158688	0.470722	0.321892	0.0185366
20079	-0.256326	-0.169939	3.78625	1.61929	0.427678	0.39503	2.40189	4.11423	1.91792	0.466167	15.59	0.212132	0.447721	0.318668	0.0186951
20080	-0.0539986	-0.10359	3.65803	1.5853	0.433374	0.407328	2.4227	4.04596	1.93473	0.478186	29.9881	0.106411	0.456909	0.312006	0.019112
20081	-0.000902222	-0.013063	3.80541	1.70058	0.446885	0.448793	2.47695	3.58581	1.70786	0.476284	30.6597	0.101113	0.461148	0.312712	0.0192496
20082	-0.100657	0.0034187	3.86779	1.71447	0.443267	0.484169	2.47792	3.5606	1.83266	0.514705	17.9029	0.17101	0.477509	0.301566	0.0195122
20083	-0.0689986	-0.0353344	3.59609	1.74524	0.485316	0.348338	2.39151	3.30849	1.74801	0.52834	33.8149	0.0870851	0.505932	0.29662	0.0197899
20084	0.000149786	-0.0272093	3.69448	1.80103	0.487492	0.452005	2.41516	3.96694	1.76703	0.445439	29.2163	0.102087	0.465718	0.294864	0.0201865
20085	0.00989939	-0.0247804	3.76103	1.90788	0.507275	0.278177	2.32567	3.73663	1.69103	0.452556	76.7596	0.0359864	0.480005	0.277436	0.0201931
20086	0.0152355	-0.02766	4.03071	2.02858	0.503281	0.429996	2.4164	3.85045	1.78154	0.462683	34.724	0.086013	0.483447	0.281682	0.0204186
20087	-0.156922	-0.0440687	4.20112	1.98001	0.471304	0.293424	2.37823	3.82192	1.73965	0.455179	28.9309	0.101406	0.463623	0.282926	0.0207938
20088	-0.0572669	-0.102789	3.74369	1.98098	0.529153	0.382539	2.38747	3.74386	1.74358	0.465718	32.0602	0.0967145	0.497435	0.294013	0.0209195
20089	-0.0890488	-0.0991602	3.7233	1.83772	0.493573	0.390045	2.40159	3.66162	1.7141	0.468126	27.2457	0.114766	0.480956	0.305748	0.0212192
20090	-0.149513	-0.147887	3.29036	1.61435	0.49063	0.589166	2.53177	3.54332	1.68674	0.476032	13.1598	0.272823	0.483061	0.352364	0.0217413
20091	-0.143505	-0.0912191	3.57193	1.66725	0.466766	0.632954	2.5912	3.56383	1.69161	0.47466	11.9348	0.301445	0.470709	0.348882	0.0217574
20092	0.0171557	-0.0365401	3.4539	1.6337	0.473002	0.581279	2.57338	3.82584	1.8567	0.485304	21.4046	0.159117	0.479467	0.328016	0.022023
20093	0.0267249	0.00848913	3.55406	1.62683	0.457739	0.51553	2.54111	3.4173	1.70716	0.499564	26.8453	0.119465	0.478241	0.324875	0.0221969
20094	0.0579567	-0.0399934	3.45302	1.67425	0.484865	0.588798	2.59453	4.05878	1.84248	0.453949	24.6307	0.140896	0.46816	0.330501	0.0223752
20095	0.0104696	0.0393739	3.65785	1.77133	0.484254	0.678819	2.68094	3.62539	1.81871	0.501659	15.6213	0.223345	0.492918	0.327127	0.0227294
20096	0.109545	0.114136	4.00049	1.78256	0.445586	0.813727	2.778	3.81161	1.73804	0.455985	14.3105	0.247937	0.45066	0.335176	0.0227642
20097	0.074367	0.127311	3.68755	1.64865	0.447085	0.825655	2.82752	3.65862	1.61419	0.441201	12.9176	0.282217	0.444155	0.358534	0.0228903
20098	0.210001	0.164021	3.7074	1.79689	0.484677	0.820738	2.79202	3.40649	1.65713	0.486462	18.5158	0.1865	0.485532	0.333392	0.0232689
20099	0.0827428	0.138469	3.63644	1.76061	0.484157	0.861733	2.82948	3.56899	1.78312	0.499615	11.9335	0.303413	0.491814	0.338242	0.0235048
20100	0.124254	0.160478	3.72504	1.74051	0.467245	0.840111	2.80139	4.01889	1.91079	0.475453	13.6099	0.256226	0.471505	0.323304	0.0238721
20101	0.268864	0.186072	3.98989	1.95275	0.489423	0.788486	2.79306	4.01024	1.92815	0.480807	25.171	0.135004	0.485104	0.304603	0.0240005
20102	0.233469	0.197363	3.89639	1.76158	0.452105	0.765811	2.74901	3.68545	1.95751	0.531146	22.9751	0.141694	0.490526	0.304534	0.024136
20103	0.0701668	0.128612	3.7999	1.75071	0.460727	0.715462	2.71257	3.81194	1.95061	0.511711	16.0345	0.208203	0.486259	0.310916	0.0243228
20104	0.183263	0.150223	3.47438	1.82223	0.524477	0.713085	2.76619	3.87115	1.84435	0.476435	24.3784	0.140355	0.499158	0.318258	0.0246778
20105	0.176754	0.178805	3.83387	1.7967	0.468639	0.762188	2.74693	3.80116	1.72162	0.452919	19.2433	0.171366	0.460812	0.319206	0.0251459
20106	0.23498	0.245068	3.63941	1.69251	0.465052	0.760401	2.75628	3.84807	1.84866	0.480413	22.8429	0.138034	0.472946	0.308162	0.0254557
20107	0.239361	0.228692	3.69551	1.7367	0.469948	0.673953	2.68476	3.69621	1.7916	0.484713	31.9387	0.0944351	0.477331	0.299541	0.0258141
20108	0.234706	0.187734	3.65704	1.91278	0.52304	0.5746	2.64266	3.99659	1.85998	0.465391	52.1662	0.0577642	0.492937	0.285487	0.0260122
20109	0.252257	0.244468	4.10919	2.06696	0.503009	0.635221	2.60861	3.85033	1.81539	0.47149	38.1092	0.0733308	0.487762	0.264754	0.0262549
20110	0.207013	0.192388	3.82656	1.90437	0.49767	0.641682	2.65756	3.71178	1.73175	0.466555	32.1645	0.0944684	0.482349	0.294799	0.0265184
20111	0.20898	0.198314	4.03131	1.86813	0.463406	0.767349	2.70179	3.75051	1.71168	0.456387	20.1023	0.155888	0.460023	0.304546	0.0267646
20112	0.287066	0.207538	4.02605	1.83676	0.456219	0.772478	2.72701	3.46138	1.57592	0.455285	26.9399	0.117813	0.455787	0.317519	0.027161
20113	0.284582	0.234846	3.65087	1.81365	0.496772	0.69513	2.74905	3.70068	1.59493	0.430984	37.5037	0.0842748	0.463656	0.316873	0.0273999
20114	0.183437	0.22657	3.60911	1.77858	0.492804	0.727778	2.72135	3.53939	1.70367	0.481345	21.0051	0.148153	0.48713	0.308942	0.0278587
20115	0.262582	0.300325	3.96702	1.8329	0.462035	0.687054	2.71794	3.66763	1.70503	0.464887	32.4396	0.090088	0.463405	0.292396	0.0277927
20116	0.369826	0.319902	3.79165	1.84311	0.486098	0.798495	2.7654	3.6435	1.65873	0.455257	32.5454	0.0918787	0.470984	0.29931	0.0283044
20117	0.33479	0.304157	3.89816	1.80139	0.462112	0.777412	2.76991	3.66024	1.71271	0.467923	31.0337	0.097957	0.464926	0.302044	0.0283654
20118	0.272619	0.314074	3.66138	1.8288	0.499486	0.672153	2.6505	3.86723	1.82234	0.471225	34.1977	0.0798137	0.484969	0.27218	0.0284911
20119	0.320695	0.325577	3.75696	1.76605	0.470074	0.638525	2.65745	3.98579	1.84909	0.46392	53.8294	0.0505079	0.466906	0.273372	0.0286387
20120	0.265687	0.253289	3.60773	1.8469	0.511928	0.668183	2.65845	3.73991	1.82008	0.486664	35.7081	0.0810013	0.499069	0.282939	0.0288656
20121	0.181006	0.18139	3.80062	1.71495	0.451228	0.548002	2.6403	3.6792	1.68885	0.459026	44.8915	0.0673429	0.455063	0.307625	0.0290753
20122	0.166668	0.199185	3.88929	1.82406	0.468996	0.671862	2.61812	3.50388	1.79345	0.511848	22.9263	0.12761	0.489305	0.28804	0.0292887
20123	0.210138	0.214504	3.65669	1.80477	0.493552	0.648797	2.64925	3.57181	1.71729	0.48079	30.8071	0.0962109	0.487246	0.296263	0.0292607
20124	0.21997	0.28727	3.68205	1.75212	0.475855	0.737402	2.70137	3.8722	1.68288	0.434605	21.7672	0.133868	0.454711	0.297933	0.0295574
20125	0.256629	0.241132	3.65127	1.84375	0.504963	0.77547	2.75967	3.60839	1.74023	0.482273	23.5629	0.134598	0.493685	0.306845	0.0298607
20126	0.245761	0.250587	3.54798	1.80286	0.508137	0.923482	2.79554	3.51228	1.74024	0.495473	14.1012	0.229653	0.501837	0.313766	0.0300553
20127	0.35189	0.352209	3.59385	1.61269	0.448736	0.757097	2.77494	3.70539	1.79392	0.484137	35.7482	0.0820964	0.466707	0.301172	0.030323
20128	0.239014	0.337072	3.62194	1.75075	0.483373	0.761867	2.76084	3.68219	1.7512	0.475586	21.4893	0.136688	0.479447	0.295573	0.0304094
20129	0.26751	0.265637	3.64058	1.72843	0.474766	0.789976	2.7884	3.67487	1.70878	0.464991	23.3152	0.136485	0.469856	0.316535	0.0305741
20130	0.284985	0.255221	3.70375	1.55143	0.418882	0.765147	2.77562	3.55458	1.63226	0.4592	27.5526	0.115278	0.438626	0.332921	0.0310076
20131	0.248855	0.289689	3.93753	1.85449	0.470978	0.659744	2.67359	3.76621	1.67951	0.445942	33.661	0.0844146	0.458738	0.286846	0.0313173
20132	0.30325	0.365081	3.93132	1.90097	0.483544	0.717804	2.71394	3.67683	1.78102	0.48439	32.1035	0.0859275	0.483953	0.272617	0.0313313
20133	0.373955	0.346132	3.99723	1.76313	0.441088	0.698106	2.73564	3.40939	1.77713	0.521244	54.3406	0.0525367	0.477985	0.287447	0.0315829
20134	0.286995	0.295715	3.63419	1.74496	0.480152	0.665218	2.67097	3.66811	1.63405	0.445476	39.4387	0.0715264	0.462734	0.294595	0.0319452
20135	0.246224	0.290203	3.8396	1.82588	0.475538	0.569139	2.6173	3.75555	1.61502	0.430036	51.9339	0.0521371	0.453039	0.282462	0.0318347
20136	0.263241	0.27792	3.58788	1.84741	0.514902	0.600653	2.56533	3.60322	1.61519	0.448264	45.9586	0.0569234	0.481512	0.274288	0.0321015
20137	0.189545	0.208873	4.20177	1.87344	0.445869	0.567099	2.54809	3.68716	1.65864	0.449842	38.3869	0.0712733	0.447726	0.279277	0.0323302
20138	0.164862	0.172566	4.2278	1.86209	0.440438	0.563541	2.55561	3.7171	1.78004	0.478879	35.7287	0.0794723	0.458423	0.280576	0.03261
20139	0.0796458	0.113327	3.83483	1.83142	0.477575	0.437657	2.51127	3.81809	1.74224	0.456312	44.8627	0.064086	0.466967	0.286967	0.0330248
20140	0.0710089	0.149899	3.57033	1.74946	0.49	0.455516	2.49868	3.66009	1.7318	0.473157	37.3143	0.0739228	0.481474	0.283859	0.0331292
20141	0.0832506	0.14447	3.97158	1.68626	0.424583	0.531716	2.55783	3.80265	1.7721	0.466018	28.9591	0.100561	0.44485	0.296389	0.0331914
20142	0.109939	0.122571	4.00885	1.78118	0.444313	0.676491	2.60084	4.03204	1.91963	0.476095	19.1345	0.160491	0.460249	0.293338	0.0331652
20143	0.124919	0.100402	3.81878	1.89293	0.495689	0.652939	2.53529	3.7359	1.80871	0.484142	21.2646	0.139403	0.489979	0.286026	0.0335039
20144	0.0700854	0.0647924	3.94259	1.89225	0.47995	0.554459	2.53316	3.80365	1.80891	0.475572	25.9693	0.117309	0.4778	0.291662	0.0337197
20145	0.0124712	0.045343	4.03301	1.96027	0.486056	0.502064	2.53992	3.8511	1.77593	0.461149	25.9611	0.119851	0.47389	0.294085	0.0338395
20146	0.164593	0.100447	3.68313	1.84751	0.501614	0.531829	2.51644	3.98404	1.70084	0.426914	43.2813	0.0674311	0.462798	0.291511	0.0340251
20147	0.0784683	0.108853	3.96404	1.74748	0.440833	0.704279	2.61132	3.78075	1.76339	0.466412	15.9901	0.195819	0.45332	0.308508	0.0344963
20148	0.106317	0.108093	4.15406	1.81343	0.436543	0.579831	2.58466	3.67257	1.65505	0.450651	27.3548	0.112108	0.443163	0.306663	0.0344667
20149	0.117719	0.106533	4.03146	1.78798	0.443508	0.582129	2.57934	3.47814	1.77271	0.509671	28.3516	0.107838	0.474152	0.300474	0.034686
20150	0.117691	0.0853942	4.11049	1.79291	0.43618	0.526369	2.58558	3.91465	1.72476	0.44059	37.4269	0.0835088	0.438331	0.307708	0.0348315
20151	-0.0270432	0.0344048	3.74423	1.76618	0.471707	0.563739	2.6086	3.88679	1.74989	0.450215	18.9858	0.174512	0.46076	0.320372	0.0350025
20152	0.113422	0.00630008	3.56581	1.75223	0.491397	0.463383	2.54265	3.70028	1.74319	0.471095	52.5265	0.0612364	0.481058	0.315227	0.0349958
20153	-0.0149133	0.0306155	3.89684	1.78307	0.457568	0.666876	2.65213	3.92847	1.84277	0.469081	14.7844	0.232419	0.463348	0.321611	0.035048
20154	0.135054	0.0947725	3.70174	1.86011	0.502497	0.613836	2.66998	3.6727	1.66496	0.453333	28.9298	0.114616	0.478012	0.319986	0.0352256
20155	0.0680876	0.0986903	3.70093	1.76092	0.475804	0.720562	2.72908	3.53392	1.7323	0.490192	16.2522	0.212861	0.482832	0.33129	0.0355984
20156	0.207302	0.144894	3.44768	1.77957	0.516164	0.839667	2.80634	3.83737	1.70902	0.445362	17.7133	0.199942	0.478869	0.336807	0.0359135
20157	0.154496	0.0967797	3.64759	1.77842	0.487561	0.842297	2.80262	3.98421	1.80786	0.453757	15.4767	0.236535	0.469913	0.33803	0.0362374
20158	0.0384524	0.053511	3.52789	1.83485	0.520097	0.871468	2.81937	3.58274	1.73257	0.483588	11.0244	0.346958	0.501702	0.349115	0.0365354
20159	0.0968293	0.0347288	3.42934	1.74788	0.509684	0.86982	2.87681	3.9939	1.92769	0.48266	13.5184	0.298757	0.495145	0.354703	0.036609
20160	0.110476	0.0601757	3.64952	1.89918	0.520391	0.989765	2.98094	4.0494	1.91391	0.47264	11.0339	0.386575	0.495275	0.358807	0.0370015
20161	-0.0022727	0.0386064	3.98766	1.84254	0.46206	0.945965	3.01502	3.3931	1.78414	0.525813	9.85265	0.449577	0.491369	0.379265	0.0373867
20162	0.116494	0.090155	4.19693	1.82456	0.434736	1.06167	3.11712	3.60967	1.83982	0.509693	10.2563	0.446679	0.469395	0.384775	0.0374678
20163	0.18801	0.113022	3.73442	1.75849	0.470888	1.16542	3.09708	3.75599	1.7858	0.475453	9.32098	0.477665	0.473177	0.385904	0.0379145
20164	0.0697802	0.0788312	3.62459	1.85895	0.512873	1.11512	3.07984	3.70507	1.68063	0.453603	8.24169	0.546373	0.482913	0.388908	0.0382603
20165	0.00849623	0.0226174	3.99849	1.87958	0.470072	0.980867	3.02223	3.55899	1.73292	0.486913	9.51623	0.472753	0.478003	0.383852	0.0389304
20166	0.153225	0.131797	3.8769	1.85487	0.478443	1.07037	3.03279	3.69112	1.77703	0.481434	10.005	0.420577	0.479902	0.366922	0.0390514
20167	0.158392	0.15678	3.71739	1.79642	0.483247	1.0866	3.05045	3.7184	1.84574	0.496381	9.7187	0.430783	0.489815	0.365094	0.0392509
20168	0.0936014	0.180445	3.43986	1.7605	0.511795	1.00447	3.06585	3.91166	1.74443	0.445957	10.0346	0.414844	0.476763	0.372704	0.0394789
20169	0.140318	0.164713	3.75735	1.8279	0.486485	0.993123	3.04086	3.56935	1.68192	0.471212	11.3742	0.363638	0.479045	0.370877	0.0397782
20170	0.0378306	0.0909411	3.84985	1.86014	0.483171	0.975451	2.98462	3.8132	1.81241	0.4753	9.52457	0.439566	0.479255	0.363171	0.0398766
20171	0.0771569	0.0741346	3.89909	1.90418	0.488365	1.10601	2.99662	3.74022	1.63179	0.436282	8.0686	0.529269	0.462865	0.376622	0.0401219
20172	0.0174166	0.0723937	3.74418	1.76327	0.470937	0.982224	2.97711	3.73346	1.65103	0.442225	9.06415	0.465427	0.456601	0.381994	0.0406919
20173	0.135457	0.142961	3.92483	1.89177	0.482	0.931632	2.9702	3.64821	1.68416	0.461642	12.6098	0.316947	0.472193	0.358607	0.0411218
20174	0.169295	0.152315	3.61638	1.70156	0.470514	0.956909	2.99923	3.63597	1.67854	0.461648	13.0654	0.310168	0.466069	0.374907	0.0413379
20175	0.0924713	0.0976012	3.82234	1.71414	0.448452	0.945835	2.96658	3.95962	1.71264	0.432528	11.3028	0.364115	0.440349	0.37531	0.04121
20176	-0.0302823	0.00243137	3.83251	1.79295	0.467828	0.876693	2.87717	3.5435	1.67993	0.474086	10.0463	0.411302	0.470834	0.37312	0.0416502
20177	-0.0019587	0.000559536	4.04189	1.84925	0.457521	0.906741	2.87558	3.99964	1.81194	0.453026	10.0102	0.412868	0.455285	0.3609	0.0417157
20178	-0.0631654	-0.0278633	3.88672	2.03526	0.523644	0.898658	2.87159	3.59643	1.77092	0.492409	9.08743	0.462552	0.508633	0.355861	0.0419364
20179	-0.102361	-0.0690509	3.75148	1.93415	0.515571	0.871491	2.87038	3.58779	1.77476	0.494666	9.11045	0.474194	0.505352	0.368164	0.0420081
20180	-0.0922239	-0.115853	3.88873	1.8402	0.473215	0.908846	2.87921	3.86549	1.71423	0.443469	8.95123	0.501071	0.458387	0.386972	0.0422146
20181	-0.22928	-0.166213	3.93474	1.75089	0.444982	1.03765	2.95472	3.76489	1.54828	0.411241	6.06828	0.80255	0.428483	0.424775	0.042247
20182	-0.120256	-0.204968	3.73012	1.91534	0.513479	0.908073	2.89601	3.4934	1.56124	0.44691	9.09354	0.528731	0.481285	0.408926	0.0424548
20183	-0.227395	-0.216145	4.33236	1.99278	0.459975	0.922126	2.95043	3.78842	1.68894	0.445818	7.58832	0.660699	0.453371	0.405193	0.0429328
20184	-0.179565	-0.199147	3.6693	1.77363	0.48337	1.02639	3.0201	3.57195	1.77736	0.497587	7.12606	0.72716	0.490383	0.421962	0.0431733
20185	-0.23545	-0.240376	3.95805	1.85103	0.467661	0.982477	3.06229	3.80302	1.64797	0.433333	7.35338	0.741673	0.45084	0.438116	0.0437814
20186	-0.20457	-0.221256	3.97548	1.80093	0.453009	1.05978	3.11039	3.20576	1.6724	0.521687	6.9435	0.799297	0.483667	0.444238	0.0440329
20187	-0.121825	-0.160929	3.77127	1.77678	0.471135	1.06076	3.06275	3.55756	1.706	0.479542	7.4308	0.699258	0.475216	0.427373	0.0444929
20188	-0.186758	-0.187083	3.80662	1.75699	0.461562	1.06697	3.03562	3.80155	1.86389	0.490298	6.60744	0.785919	0.47592	0.417737	0.0449128
20189	-0.21325	-0.227155	3.56453	1.76474	0.495083	0.956896	2.97105	3.67124	1.81117	0.493339	7.47018	0.684621	0.494198	0.417065	0.0454325
20190	-0.172175	-0.159138	3.7048	1.83972	0.496576	0.906825	2.91336	3.66912	1.74664	0.476038	8.10848	0.582121	0.486357	0.397007	0.0457903
20191	-0.156624	-0.238442	3.63937	1.7456	0.479643	0.87319	2.92987	4.11119	1.89959	0.462052	9.4654	0.530259	0.470312	0.407864	0.0461463
20192	-0.273693	-0.211216	3.79589	1.71769	0.452514	0.811068	2.91303	3.54959	1.73026	0.487452	8.2951	0.588353	0.469397	0.414549	0.0463223
20193	-0.31736	-0.264747	3.62901	1.54799	0.426559	0.950195	3.01371	3.87255	1.77616	0.458655	6.68967	0.803347	0.443128	0.447132	0.0466184
20194	-0.334369	-0.278494	4.06428	1.72074	0.423382	1.04711	3.0625	3.5284	1.69402	0.480111	5.84876	0.954238	0.449744	0.449828	0.0464115
20195	-0.296458	-0.264025	3.90644	1.75539	0.449358	1.20638	3.12229	3.80732	1.78374	0.468502	5.07727	1.12926	0.458807	0.447646	0.046625
20196	-0.213243	-0.264895	3.86532	1.7116	0.44281	1.19965	3.19043	3.98526	1.83613	0.46073	5.98076	0.998139	0.451907	0.457039	0.0469181
20197	-0.337356	-0.249463	3.56281	1.69068	0.474536	1.17697	3.20553	3.7077	1.73741	0.468595	5.20545	1.14659	0.471506	0.465516	0.0471825
20198	-0.269669	-0.26478	3.92786	1.76396	0.44909	1.24729	3.23691	3.82379	1.82091	0.476207	5.32853	1.15058	0.462466	0.461072	0.0471233
20199	-0.230126	-0.257369	4.09191	1.94223	0.474653	1.23233	3.19772	3.90583	1.85749	0.475569	5.58152	1.06939	0.4751	0.440033	0.0474094
20200	-0.27641	-0.205161	4.01095	2.06704	0.515348	1.13039	3.11077	3.39367	1.70597	0.502691	5.55578	0.989546	0.509547	0.421605	0.0477484
20201	-0.156175	-0.196107	3.92331	1.89666	0.483433	1.1088	3.13951	3.65844	1.73364	0.473875	6.95328	0.800077	0.478821	0.433939	0.0481424
20202	-0.207748	-0.209203	4.13366	1.87142	0.452728	1.19844	3.19806	3.51455	1.64073	0.46684	5.87113	0.988689	0.459213	0.452592	0.048335
20203	-0.0918495	-0.16521	3.49522	1.82927	0.523365	1.1645	3.217	3.76745	1.87481	0.497635	7.24735	0.789208	0.510018	0.435813	0.0486069
20204	-0.302389	-0.247427	4.00852	1.91939	0.478828	1.19283	3.23139	4.13654	1.90789	0.461228	5.41319	1.11784	0.46989	0.441626	0.0491768
20205	-0.20774	-0.233779	4.08533	1.85563	0.454218	1.22358	3.23672	3.84245	1.89904	0.494227	5.87907	1.02434	0.473609	0.445171	0.0493885
20206	-0.190423	-0.215133	3.76641	1.74892	0.464347	1.1888	3.25606	3.67359	1.74061	0.473817	6.33416	0.951128	0.469023	0.463425	0.0494669
20207	-0.284352	-0.300449	3.72966	1.88856	0.506361	1.27818	3.26861	3.57316	1.73401	0.485288	5.21732	1.22076	0.49605	0.46795	0.0499324
20208	-0.360353	-0.345414	3.96612	1.86635	0.470575	1.21603	3.26855	3.64079	1.72904	0.474906	5.25586	1.24249	0.472648	0.476059	0.0500903
20209	-0.287745	-0.260765	4.1095	1.98368	0.482706	1.21155	3.22958	3.7709	1.73278	0.459514	5.41957	1.12394	0.471608	0.450522	0.0503465
20210	-0.272036	-0.277989	3.88898	1.83974	0.473065	1.19094	3.22594	3.77538	1.69046	0.447759	5.73635	1.07015	0.4606	0.465211	0.050928
20211	-0.17348	-0.270224	3.94068	1.88479	0.47829	1.15296	3.16681	3.67337	1.8204	0.495565	6.71413	0.879729	0.486625	0.443663	0.0512762
20212	-0.12219	-0.187434	3.97149	1.83647	0.462414	1.11562	3.12506	4.01657	1.71749	0.427602	7.16143	0.766092	0.44491	0.435744	0.0513941
20213	-0.213175	-0.193978	3.85536	1.86054	0.482586	1.21672	3.13264	3.33862	1.68766	0.505497	5.41245	1.02231	0.493219	0.438235	0.0514452
20214	-0.0808748	-0.141591	3.8307	1.86357	0.486485	1.15763	3.15548	3.7546	1.7757	0.472939	7.08702	0.766943	0.47978	0.427635	0.0515654
20215	-0.16909	-0.154885	4.0001	1.9009	0.475212	1.24274	3.17002	3.44178	1.70287	0.494765	5.54623	0.996625	0.484255	0.434162	0.0516509
20216	-0.171147	-0.185569	3.77452	1.89454	0.50193	1.2307	3.1692	3.79199	1.72787	0.455662	5.72693	0.982592	0.478743	0.43729	0.0517235
20217	-0.120755	-0.0671512	3.79084	1.83253	0.483411	1.32478	3.22031	3.47216	1.59683	0.459896	5.17209	1.04478	0.47217	0.440795	0.0518728
20218	-0.192922	-0.128803	3.88717	1.8394	0.473197	1.25533	3.24351	3.77591	1.74081	0.46103	5.42206	1.04872	0.467202	0.442748	0.0525263
20219	-0.154311	-0.141728	3.55867	1.96513	0.55221	1.18068	3.21532	3.78227	1.70898	0.45184	6.32349	0.891105	0.500496	0.43414	0.0528776
20220	-0.0694031	-0.124634	4.28766	1.98752	0.463544	1.27259	3.20008	3.8471	1.83312	0.476494	6.1377	0.900477	0.469668	0.419837	0.0531974
20221	-0.106169	-0.0723196	4.06392	1.90526	0.468824	1.21547	3.20455	3.67728	1.7869	0.485929	6.14744	0.873363	0.476949	0.421108	0.0532781
20222	-0.127598	-0.055197	3.89967	1.8829	0.482835	1.26533	3.22252	3.64693	1.75581	0.481448	5.53713	0.970128	0.482165	0.424793	0.0533865
20223	0.00230408	-0.0962156	3.81004	1.79431	0.470942	1.21153	3.21647	3.38494	1.64112	0.48483	7.50497	0.731108	0.477476	0.44413	0.0535754
20224	-0.124367	-0.171225	3.86289	1.81816	0.470674	1.16166	3.1884	3.98155	1.72782	0.433957	6.82465	0.826937	0.452038	0.443258	0.0539735
20225	-0.0638615	-0.0995381	3.8338	1.77831	0.463851	1.18854	3.16633	3.64569	1.68526	0.462261	6.80002	0.784255	0.463076	0.435108	0.0542909
20226	-0.0666212	-0.0970689	3.93516	1.90731	0.484683	1.09936	3.11382	3.71255	1.65649	0.446188	7.58353	0.679751	0.465996	0.419817	0.0547826
20227	-0.220531	-0.0578179	3.79615	1.82751	0.481411	1.04757	3.07814	3.79129	1.76064	0.464389	6.11552	0.804041	0.472905	0.406716	0.0552142
20228	-0.134549	-0.137667	3.72795	1.8765	0.503359	1.14768	3.13981	3.74205	1.75917	0.470108	6.53357	0.822051	0.486702	0.424961	0.055555
20229	-0.23203	-0.208604	3.98795	1.9271	0.483233	1.15033	3.13763	3.66076	1.6718	0.45668	5.85963	0.955461	0.470524	0.437639	0.0558225
20230	-0.260923	-0.191878	3.86433	1.84327	0.476997	1.22837	3.12933	2.94464	1.46414	0.497222	4.97318	1.10899	0.485744	0.454798	0.0557823
20231	-0.148778	-0.200062	4.06321	1.85674	0.456964	1.21792	3.15092	3.44829	1.58887	0.460769	6.01172	0.933932	0.458711	0.44908	0.0562778
20232	-0.249062	-0.208895	3.8876	1.83446	0.471875	1.0807	3.17001	3.63009	1.67073	0.460245	6.45659	0.884133	0.466259	0.448944	0.0563878
20233	-0.318625	-0.279062	4.16339	1.92394	0.462108	1.15395	3.21961	3.64299	1.69372	0.464925	5.64488	1.08423	0.463423	0.458384	0.0568603
20234	-0.36137	-0.298729	3.93623	1.77884	0.451913	1.26379	3.20251	3.5337	1.59245	0.450645	4.64141	1.32058	0.451313	0.476304	0.0571144
20235	-0.231598	-0.280304	3.64433	1.81728	0.49866	1.34699	3.25333	3.74997	1.59844	0.426254	5.0108	1.24597	0.46194	0.477633	0.0573689
20236	-0.209985	-0.216458	3.97845	1.84547	0.463867	1.26128	3.24464	3.87634	1.86981	0.482365	5.53412	1.08231	0.472996	0.446437	0.0576206
20237	-0.261727	-0.242197	3.76478	1.93016	0.512689	1.21446	3.21158	4.066	1.87274	0.460585	5.474	1.08957	0.485635	0.43964	0.0581987
20238	-0.273507	-0.296139	3.74181	1.84484	0.493032	1.2282	3.19034	3.69834	1.76388	0.476938	5.39022	1.12756	0.485032	0.457265	0.0583299
20239	-0.191361	-0.257149	4.0956	1.75358	0.428161	1.22437	3.20979	3.59114	1.70541	0.474895	5.99696	1.00215	0.449994	0.465001	0.0584435
20240	-0.192014	-0.244437	3.84461	2.01702	0.524635	1.27066	3.27075	3.99732	1.85396	0.463799	5.77563	1.06971	0.493625	0.443957	0.0586579
20241	-0.287666	-0.189391	4.10631	1.93158	0.470393	1.32085	3.30088	3.86143	1.87189	0.484765	4.70833	1.29366	0.477358	0.44479	0.0591539
20242	-0.0780991	-0.150742	3.81929	1.87235	0.490234	1.31415	3.32696	3.85781	1.96666	0.509788	6.23946	0.969185	0.50006	0.440713	0.0590634
20243	-0.137019	-0.155565	3.82281	1.84797	0.483407	1.25684	3.26289	3.81063	1.74925	0.459044	6.01483	0.971415	0.471245	0.44829	0.0590911
20244	-0.143879	-0.187195	3.64391	1.64423	0.451227	1.24559	3.21484	3.60141	1.70695	0.473968	5.9949	0.965309	0.462531	0.463476	0.0591442
20245	-0.25702	-0.221908	3.49382	1.69627	0.485506	1.22565	3.25339	3.96815	1.69092	0.426122	5.49407	1.09916	0.453927	0.471422	0.0588101
20246	-0.300575	-0.295279	3.81332	1.70227	0.446402	1.21562	3.27937	3.57787	1.65325	0.462077	5.55846	1.14943	0.45399	0.487835	0.0593348
20247	-0.269213	-0.273579	3.75426	1.78461	0.475354	1.20548	3.21977	3.60182	1.79072	0.497171	5.61151	1.08736	0.486037	0.46055	0.0598302
20248	-0.259192	-0.266865	3.6774	1.74555	0.47467	1.19369	3.26081	3.92269	1.86242	0.47478	5.89547	1.05543	0.474727	0.463152	0.0598023
20249	-0.395377	-0.368865	3.53762	1.73908	0.491594	1.28632	3.2513	4.13534	1.90933	0.461711	4.63402	1.41406	0.475489	0.473264	0.0600441
20250	-0.381852	-0.358445	3.74451	1.68986	0.451291	1.3723	3.28944	3.83782	1.94498	0.506792	4.32464	1.53852	0.479383	0.477998	0.0603039
20251	-0.380984	-0.323077	3.76344	1.89571	0.503717	1.26513	3.27471	3.68961	1.79401	0.486233	4.77693	1.35485	0.495062	0.46737	0.0606141
20252	-0.277652	-0.298575	3.9896	1.88234	0.471812	1.29119	3.3076	4.03913	1.79621	0.444701	5.28366	1.23063	0.458173	0.469285	0.0606985
20253	-0.263142	-0.323975	3.90987	1.75606	0.449135	1.33265	3.31658	4.13218	1.83683	0.444519	5.20458	1.27327	0.446763	0.479892	0.0612127
20254	-0.386439	-0.372341	4.16084	1.81812	0.43696	1.38202	3.37203	3.91106	1.82907	0.467665	4.483	1.56372	0.451837	0.49019	0.0614651
20255	-0.264331	-0.273699	3.92618	1.7946	0.457085	1.25465	3.32925	3.8656	1.82212	0.471368	5.62612	1.15365	0.464171	0.473061	0.0617234
20256	-0.268472	-0.268641	4.04183	1.91051	0.472684	1.31237	3.28212	3.82197	1.83586	0.480343	5.04506	1.24953	0.476406	0.457042	0.0618538
20257	-0.239815	-0.318707	3.92947	1.99454	0.507584	1.26772	3.29809	3.99768	1.81897	0.455006	5.75588	1.13634	0.481069	0.461783	0.0620848
20258	-0.28733	-0.300818	4.16701	1.95501	0.469165	1.32932	3.31782	3.95728	1.79719	0.454148	5.0102	1.30679	0.461851	0.466066	0.062131
20259	-0.252183	-0.21755	3.86839	1.712	0.442561	1.29245	3.29629	3.78224	1.91341	0.505894	5.17508	1.19294	0.473871	0.460001	0.0626125
20260	-0.216913	-0.251552	3.47038	1.76617	0.508927	1.35325	3.28947	4.29381	1.88	0.437839	5.08588	1.23271	0.469613	0.462411	0.0629666
20261	-0.299588	-0.31511	3.7803	1.74888	0.46263	1.27738	3.28088	3.52571	1.74972	0.496275	5.19983	1.24342	0.478866	0.48038	0.063296
20262	-0.37197	-0.346472	3.84077	1.79687	0.467842	1.27664	3.25515	3.68638	1.80468	0.489553	4.77265	1.35896	0.478475	0.473927	0.0630637
20263	-0.393796	-0.345137	3.93164	1.78212	0.453275	1.18739	3.26795	3.84543	1.76085	0.457908	5.22146	1.25007	0.455566	0.479602	0.0638002
20264	-0.362895	-0.409131	3.39145	1.73463	0.511472	1.21893	3.24535	3.49617	1.70574	0.487889	5.33743	1.25109	0.499501	0.492634	0.0639551
20265	-0.354835	-0.404926	3.80596	1.68235	0.442032	1.18282	3.178	3.61456	1.76975	0.489615	5.42945	1.1822	0.46521	0.481904	0.0638627
20266	-0.333368	-0.367847	3.84206	1.82984	0.476265	1.17998	3.16062	4.18679	1.79386	0.428457	5.43615	1.14512	0.451335	0.462182	0.0640522
20267	-0.222055	-0.295447	3.80806	1.70086	0.446648	1.17549	3.19193	3.61606	1.79789	0.497195	6.22679	0.976572	0.471268	0.465082	0.0638893
20268	-0.340664	-0.321844	3.86991	1.77002	0.45738	1.17903	3.22813	3.53181	1.81563	0.514078	5.4568	1.15474	0.484434	0.467832	0.0643928
20269	-0.118775	-0.254631	3.6389	1.70522	0.468609	1.19696	3.22327	3.80442	1.91855	0.504294	6.9871	0.865579	0.486848	0.455009	0.0648819
20270	-0.277155	-0.242355	3.64743	1.89933	0.520731	1.27601	3.30082	3.79995	1.72347	0.453552	5.20417	1.20615	0.486453	0.464311	0.0647811
20271	-0.244696	-0.22731	3.71859	1.87979	0.505511	1.34628	3.3058	3.77441	1.68137	0.445464	4.93157	1.26561	0.475264	0.467167	0.064693
20272	-0.200781	-0.233807	3.91009	1.90175	0.486371	1.20983	3.25381	3.98731	1.85234	0.46456	6.11285	0.994908	0.475359	0.447641	0.0649751
20273	-0.191388	-0.241052	3.77205	1.8118	0.480321	1.21335	3.21571	3.99385	1.90789	0.477706	6.05545	0.986647	0.478976	0.445525	0.0653257
20274	-0.290377	-0.275908	3.84016	1.87546	0.488381	1.2088	3.2348	4.08469	1.83738	0.449823	5.4838	1.12377	0.468507	0.453644	0.0654171
20275	-0.198414	-0.174219	4.09492	1.8837	0.460009	1.29082	3.30367	3.81583	1.79221	0.469678	5.45389	1.10891	0.464673	0.451468	0.0658293
20276	-0.159597	-0.105993	4.00011	1.87709	0.469259	1.2516	3.26395	3.56247	1.71089	0.480254	5.70255	0.995738	0.474439	0.441866	0.0661617
20277	-0.0805413	-0.0850391	3.90866	1.88768	0.482948	1.26297	3.29069	3.6524	1.69672	0.464548	6.3133	0.902505	0.47406	0.44296	0.0666422
20278	0.0117542	-0.0636855	4.03011	1.92844	0.478507	1.27093	3.32203	3.59068	1.75233	0.488023	7.22979	0.792764	0.482991	0.437876	0.066907
20279	-0.112988	-0.0597747	4.13295	1.94691	0.47107	1.35487	3.34363	3.82611	1.73856	0.454395	5.376	1.0773	0.463054	0.440129	0.0672622
20280	-0.0599269	-0.0335265	3.99944	1.97317	0.493363	1.27953	3.29966	4.12364	1.79599	0.435535	6.19242	0.897076	0.464007	0.424387	0.0675852
20281	0.0296161	0.0411948	3.74583	1.88507	0.503243	1.3152	3.29527	3.75778	1.94506	0.517608	6.40703	0.82636	0.510437	0.408813	0.0677949
20282	0.0908881	0.107156	3.86266	1.76199	0.456161	1.18405	3.2294	4.17539	1.85894	0.445213	8.15764	0.597503	0.450474	0.402413	0.0684001
20283	0.0944461	0.124836	4.03942	1.80428	0.446667	1.29672	3.27012	3.81924	1.64199	0.429927	6.84402	0.722734	0.438532	0.41793	0.0687987
20284	0.0700355	0.159768	3.27591	1.66255	0.507509	1.25374	3.30285	3.58166	1.55997	0.435543	7.05053	0.700581	0.469922	0.433999	0.0688111
20285	0.125722	0.142465	3.8227	1.73316	0.453388	1.33363	3.34107	3.61587	1.59996	0.442482	7.01221	0.729518	0.448087	0.434313	0.0692413
20286	0.0374807	0.0194256	3.79556	1.85536	0.488825	1.31944	3.36997	3.68515	1.66374	0.451473	6.83093	0.821714	0.470425	0.4438	0.0696775
20287	0.0375603	0.0328122	3.69482	1.8741	0.507223	1.48271	3.4051	3.52467	1.56113	0.442916	5.44531	1.04423	0.475827	0.452966	0.0696897
20288	0.000887864	0.0540322	3.83767	1.84036	0.479551	1.46787	3.43332	3.56742	1.71118	0.479668	5.30644	1.07601	0.479608	0.445753	0.0700988
20289	0.0312724	0.0637408	3.8312	1.77807	0.464102	1.53077	3.50176	3.83782	1.66418	0.433626	5.25684	1.12425	0.448851	0.462042	0.0704892
20290	-0.0323184	-0.0167311	3.8187	1.76866	0.463157	1.57811	3.49825	3.34209	1.58769	0.475059	4.76392	1.29674	0.468712	0.479367	0.0709601
20291	-0.0288224	-0.0289409	3.94424	1.85224	0.469606	1.54426	3.50375	3.55209	1.66052	0.467477	5.04324	1.23729	0.468597	0.470516	0.0711631
20292	-0.00305088	-0.00812283	3.81557	1.73879	0.455709	1.50297	3.52779	3.71352	1.61986	0.436207	5.51241	1.13405	0.44609	0.482159	0.0710552
20293	-0.00948803	-0.0364036	3.53741	1.77079	0.50059	1.51307	3.52954	3.41443	1.59728	0.467804	5.48534	1.15909	0.484487	0.485685	0.0713243
20294	0.00672987	-0.031588	3.68304	1.76644	0.479614	1.48284	3.48656	3.67691	1.64565	0.447562	5.68058	1.08945	0.463601	0.475708	0.0714734
20295	-0.175791	-0.110026	3.67658	1.59375	0.433488	1.48307	3.47742	3.56307	1.5834	0.444392	4.67682	1.37591	0.438855	0.503275	0.0713678
20296	-0.106364	-0.106605	3.66351	1.68022	0.458635	1.50403	3.53084	3.65755	1.80279	0.492896	5.10185	1.29669	0.475752	0.487221	0.071698
20297	-0.0498677	-0.0487208	3.48811	1.74577	0.500491	1.52811	3.42749	3.85083	1.88913	0.490579	4.85299	1.24501	0.49529	0.454007	0.0720347
20298	-0.0495903	-0.0491743	3.71545	1.83334	0.493437	1.34474	3.42475	4.01148	1.88703	0.470408	6.20739	0.97208	0.481481	0.447928	0.0721532
20299	0.0633678	-0.0290074	3.98389	1.87427	0.470461	1.45897	3.46023	3.43122	1.62806	0.474484	6.25081	0.973855	0.472323	0.465093	0.0724824
20300	0.0150136	0.0643817	3.94404	1.91198	0.484778	1.38645	3.43465	3.62002	1.68415	0.465231	6.03916	0.940423	0.475423	0.441355	0.0728182
20301	0.0171551	0.0393688	4.20255	1.93526	0.460497	1.37292	3.39288	3.63053	1.66042	0.457348	6.11828	0.91905	0.459038	0.438928	0.0729159
20302	0.0207705	0.0780447	3.92194	1.8546	0.47288	1.41539	3.38205	3.57929	1.69255	0.472872	5.61265	0.972485	0.472876	0.434953	0.0729871
20303	0.0558879	0.0843138	4.09831	1.84478	0.450132	1.35757	3.31195	3.75692	1.63357	0.434815	6.14836	0.84719	0.442807	0.428286	0.0734472
20304	0.0878788	0.0671713	3.67951	1.7722	0.481641	1.35634	3.30294	3.45244	1.70306	0.493291	6.50735	0.804493	0.48728	0.429736	0.0733925
20305	0.116356	0.0487562	3.49566	1.70997	0.48917	1.35562	3.34215	3.77817	1.54128	0.407944	7.06247	0.767891	0.44698	0.454873	0.0733766
20306	0.077162	0.0476693	3.35497	1.77026	0.527653	1.34308	3.29865	3.5725	1.73872	0.486697	6.59503	0.801278	0.506532	0.429668	0.0734956
20307	0.124276	0.116135	3.78571	1.78277	0.470921	1.21362	3.21553	3.44556	1.6538	0.47998	8.09516	0.593332	0.475238	0.411479	0.0736992
20308	0.119109	0.137315	3.84393	1.8886	0.49132	1.21466	3.19203	3.69411	1.67979	0.454722	7.77455	0.600117	0.473384	0.395432	0.0741623
20309	0.189848	0.187148	3.46456	1.84695	0.533099	1.13323	3.14906	3.57007	1.71671	0.480863	9.85761	0.444981	0.506589	0.381092	0.074156
20310	0.234916	0.246457	4.21767	1.87778	0.445217	1.10442	3.12457	3.54612	1.6328	0.460448	10.9565	0.37802	0.452174	0.371145	0.0742809
20311	0.269773	0.238385	3.80096	1.84919	0.486507	1.08602	3.14633	3.59955	1.65034	0.458486	12.6919	0.333132	0.472877	0.376712	0.0744302
20312	0.194705	0.208123	3.76016	1.88714	0.501878	1.1332	3.15325	3.85517	1.63606	0.424381	9.84792	0.440386	0.462646	0.381105	0.0747861
20313	0.202418	0.199509	3.84551	1.83271	0.476584	1.14847	3.14881	3.76079	1.71041	0.454801	9.71865	0.447509	0.465814	0.380443	0.0747421
20314	0.217712	0.189394	3.79967	1.82555	0.480448	1.17748	3.20449	3.83429	1.77081	0.461835	9.86889	0.46058	0.471099	0.387354	0.0750851
20315	0.244694	0.256295	3.56571	1.88967	0.529956	1.18409	3.16717	3.75426	1.63785	0.436263	9.60183	0.441229	0.481903	0.375315	0.0749907
20316	0.275538	0.291562	4.13174	1.96076	0.474561	1.29161	3.2571	3.8559	1.74737	0.453169	8.51838	0.516204	0.464234	0.372337	0.0754239
20317	0.357546	0.314765	4.07596	1.96241	0.48146	1.22897	3.29004	3.73948	1.67208	0.447142	11.6571	0.379693	0.46504	0.378577	0.0754968
20318	0.338756	0.290225	3.6839	1.72643	0.468641	1.31445	3.27938	3.48307	1.6855	0.483913	9.38583	0.475985	0.476063	0.395777	0.0755067
20319	0.251625	0.247725	4.02482	1.79576	0.446172	1.12881	3.22212	3.29504	1.63041	0.494808	11.4979	0.384724	0.468065	0.392418	0.0760562
20320	0.229118	0.234214	3.78772	1.85789	0.490504	1.21544	3.15246	3.44442	1.71255	0.497195	8.75403	0.486415	0.493691	0.373668	0.0764468
20321	0.265594	0.242918	3.71713	1.77049	0.476307	1.14646	3.09954	3.60529	1.63661	0.453948	10.5168	0.387965	0.465298	0.374636	0.0769676
20322	0.212597	0.262209	3.86148	1.81306	0.469524	1.0263	3.0705	3.90217	1.61839	0.414741	11.9111	0.331058	0.441989	0.365024	0.0769461
20323	0.293451	0.327057	3.8934	1.8879	0.484898	1.17636	3.14671	3.86298	1.5785	0.408623	10.199	0.389763	0.44691	0.364547	0.0772315
20324	0.349153	0.367102	3.96431	1.72219	0.434423	1.21898	3.15582	3.64836	1.68324	0.46137	10.2788	0.378299	0.447337	0.363547	0.0773725
20325	0.3664	0.358672	4.17802	1.84731	0.44215	1.19903	3.16461	3.66993	1.75193	0.477373	11.3565	0.34664	0.458621	0.353647	0.0776067
20326	0.26167	0.285639	3.62975	1.77305	0.488478	1.20157	3.23638	4.01532	1.87905	0.46797	9.85585	0.44171	0.477707	0.373557	0.0780298
20327	0.366006	0.330575	3.90898	1.83105	0.468422	1.12487	3.19874	3.87046	1.97062	0.509144	14.285	0.287937	0.488682	0.351173	0.0780821
20328	0.325246	0.307124	3.8158	1.79647	0.470799	1.20594	3.23509	4.02897	1.96293	0.487203	11.053	0.387813	0.479224	0.363216	0.0784667
20329	0.317554	0.310955	3.62422	1.7666	0.487443	1.16233	3.19325	3.94553	1.96809	0.498815	11.6411	0.356823	0.493371	0.357488	0.0785794
20330	0.287131	0.333585	3.47329	1.57906	0.45463	1.16573	3.13003	4.21952	2.05723	0.48755	10.1305	0.385966	0.472687	0.349767	0.0788681
20331	0.268498	0.281625	3.70062	1.7355	0.468976	1.12615	3.14278	3.8491	1.91042	0.49633	11.1292	0.367781	0.482922	0.359634	0.0791953
20332	0.328193	0.318396	3.74531	1.739	0.464314	1.09606	3.11707	4.01914	1.83109	0.455593	13.2841	0.294812	0.4598	0.354323	0.0793172
20333	0.286427	0.27078	3.85261	1.84056	0.477743	1.10837	3.12319	3.7117	1.83355	0.493992	12.0433	0.337791	0.485716	0.356458	0.0793874
20334	0.191085	0.236276	3.92691	1.90505	0.485126	1.09575	3.13354	3.60162	1.6694	0.463514	10.2565	0.409213	0.474787	0.370035	0.0795608
20335	0.204636	0.19103	3.90421	1.86424	0.477495	1.18124	3.14877	3.68686	1.62007	0.439418	9.17246	0.476875	0.459001	0.38575	0.0797018
20336	0.266894	0.227938	3.95096	1.91661	0.485102	1.08469	3.1583	3.43214	1.51998	0.442866	12.8397	0.334394	0.465468	0.38461	0.0797817
20337	0.105898	0.207639	4.14693	1.83421	0.442305	1.18765	3.21572	3.8224	1.70311	0.44556	7.73265	0.585089	0.443866	0.39018	0.07992
20338	0.152399	0.214059	3.69019	1.77792	0.481797	1.19352	3.21713	3.42546	1.76722	0.515906	8.32007	0.541969	0.498217	0.388861	0.0801456
20339	0.211341	0.228682	3.99462	1.82831	0.457694	1.10752	3.20348	4.09073	1.84352	0.450659	11.0187	0.401565	0.454134	0.3761	0.0804161
20340	0.184965	0.203227	3.59712	1.78599	0.496504	1.22783	3.27537	4.02178	1.75369	0.436047	8.6781	0.543786	0.464591	0.400093	0.0806997
20341	0.268503	0.25503	3.62313	1.70215	0.469803	1.31076	3.27256	3.67072	1.72507	0.469953	8.38202	0.543155	0.469879	0.399231	0.0806099
20342	0.240894	0.212412	3.81471	1.78402	0.467669	1.3266	3.29427	3.78385	1.86202	0.492097	8.05748	0.58938	0.479833	0.394515	0.0808009
20343	0.184192	0.183739	3.80489	1.81597	0.477272	1.23787	3.28065	4.02199	1.76307	0.438358	8.63861	0.555116	0.457275	0.401294	0.0811507
20344	0.166124	0.138783	3.99755	1.82046	0.455395	1.28304	3.30065	3.4532	1.6292	0.471795	8.01397	0.623747	0.462996	0.42025	0.08134
20345	0.127669	0.125162	3.77699	1.76881	0.468313	1.31244	3.27723	3.5119	1.64009	0.467009	7.07815	0.701846	0.467685	0.421635	0.0816468
20346	0.0929937	0.105423	3.54608	1.84428	0.520089	1.36294	3.31257	3.88994	1.81212	0.465849	6.3778	0.806376	0.491715	0.413017	0.0819669
20347	0.0125102	0.0282764	4.00724	1.98325	0.494917	1.19356	3.28069	3.72486	1.84076	0.494183	7.58355	0.697444	0.494563	0.408952	0.0819663
20348	-0.0169406	0.0387963	3.76482	1.87352	0.49764	1.35178	3.28523	3.76724	1.85445	0.492259	5.62578	0.936698	0.494948	0.41422	0.0820478
20349	0.0455989	0.0533647	3.6647	1.76121	0.480588	1.28252	3.28676	4.04106	1.84236	0.45591	6.83337	0.764985	0.467646	0.420517	0.0826081
20350	-0.0433768	0.0087383	4.05883	1.98276	0.488504	1.34144	3.33532	3.32103	1.67097	0.503148	5.77045	0.958861	0.495094	0.431029	0.0825595
20351	-0.0164346	-0.00280027	3.58455	1.80272	0.502915	1.32294	3.2998	3.78283	1.64347	0.434456	6.08002	0.896966	0.467764	0.441852	0.0827126
20352	0.0047107	0.058252	3.68248	1.74489	0.473834	1.36809	3.31736	3.39998	1.61148	0.473969	5.7143	0.929403	0.473899	0.441827	0.0832381
20353	-0.0120137	-0.0184165	3.60992	1.73071	0.479432	1.36502	3.29185	3.68921	1.69591	0.459695	5.77881	0.948109	0.469456	0.444403	0.0837606
20354	0.038964	0.0158608	3.84979	1.98428	0.515425	1.33093	3.32214	4.14594	1.70973	0.412386	6.54905	0.834586	0.461997	0.425348	0.0840493
20355	0.0515605	0.0707898	3.74647	1.91248	0.510474	1.32246	3.38183	3.53264	1.68718	0.477596	6.78744	0.807594	0.494518	0.43239	0.0841888
20356	0.156338	0.105188	4.10002	1.88265	0.459182	1.43102	3.41105	3.52692	1.55707	0.441481	6.72611	0.812411	0.450997	0.442804	0.0841226
20357	0.0485469	0.0594328	3.91421	1.94197	0.496132	1.38786	3.36759	3.55482	1.75872	0.494742	6.10114	0.896873	0.49547	0.425183	0.0844019
20358	0.112141	0.0877599	3.69598	1.87768	0.508032	1.26694	3.27972	3.86275	1.80665	0.467712	7.64013	0.666783	0.487428	0.408877	0.0847424
20359	0.149204	0.144814	3.91234	1.90377	0.486607	1.27399	3.29216	3.80289	1.71521	0.451029	7.82973	0.632576	0.46907	0.4064	0.0847975
20360	0.193189	0.18771	3.66659	1.76514	0.481411	1.18435	3.27131	3.80169	1.83898	0.483728	9.67886	0.491205	0.48259	0.397552	0.0849074
20361	0.213259	0.251179	3.65193	1.66832	0.456833	1.31164	3.29955	3.56357	1.66908	0.468372	7.70242	0.603226	0.462532	0.410532	0.085141
20362	0.187921	0.271239	3.6017	1.85887	0.516108	1.26919	3.25632	3.82505	1.76891	0.462455	7.62164	0.584567	0.488475	0.380563	0.0857576
20363	0.248852	0.270021	3.92666	1.91353	0.487319	1.28241	3.2773	3.59765	1.74036	0.483751	8.46597	0.534121	0.485613	0.382366	0.0864746
20364	0.339268	0.262262	4.00451	1.79796	0.448984	1.30027	3.26894	3.43883	1.75011	0.508926	9.7887	0.461763	0.476677	0.389236	0.0869779
20365	0.275327	0.290722	3.86936	1.91023	0.493681	1.18678	3.23433	3.65191	1.6781	0.459513	10.4301	0.415378	0.477091	0.376553	0.0872961
20366	0.246466	0.242916	3.60329	1.74073	0.483095	1.13057	3.20579	3.91684	1.7168	0.438314	11.231	0.390822	0.459771	0.388403	0.0878045
20367	0.262979	0.306226	3.8951	1.83929	0.472206	1.14286	3.21006	3.83061	1.697	0.443012	10.8916	0.387097	0.457731	0.373598	0.0881493
20368	0.31661	0.357413	3.98884	2.04737	0.513275	1.18536	3.1928	3.66867	1.5805	0.430809	10.6521	0.377362	0.473766	0.356616	0.0882942
20369	0.344717	0.31812	3.78511	2.01312	0.531853	1.24657	3.20431	3.52199	1.61201	0.4577	10.2418	0.406673	0.496112	0.364981	0.0891977
20370	0.261256	0.32861	3.70231	1.87019	0.505142	1.2565	3.24699	3.74931	1.81904	0.485165	8.59845	0.495261	0.495091	0.366061	0.0892102
20371	0.371752	0.342995	3.8669	1.89686	0.490538	1.16571	3.25228	3.74868	1.76202	0.470039	13.4271	0.315181	0.480448	0.366529	0.0893709
20372	0.393944	0.402479	4.02349	1.82787	0.454299	1.24972	3.27995	3.45932	1.69178	0.489048	11.3058	0.366177	0.470363	0.370441	0.0894962
20373	0.518825	0.435317	4.12679	1.9425	0.470704	1.39622	3.34147	3.60014	1.70563	0.473767	10.9712	0.384907	0.472131	0.366713	0.0898001
20374	0.325972	0.43394	3.83129	1.83744	0.479587	1.35605	3.3269	3.76566	1.83919	0.488411	7.88758	0.53053	0.483961	0.3628	0.0897457
20375	0.504288	0.465608	4.22756	2.14099	0.506437	1.35646	3.34433	3.76577	1.69514	0.450145	11.4114	0.363102	0.479917	0.35079	0.0899889
20376	0.459787	0.498613	3.7541	1.8645	0.496658	1.40773	3.38066	3.49709	1.77401	0.507282	9.24354	0.449296	0.501781	0.363462	0.0902808
20377	0.524247	0.576783	4.07159	1.97156	0.484225	1.36405	3.36491	3.4546	1.67266	0.484184	11.0222	0.352636	0.484206	0.347919	0.0906482
20378	0.545257	0.531844	3.79397	1.8765	0.4946	1.35946	3.42968	3.85115	1.74315	0.45263	12.6672	0.331465	0.473458	0.367201	0.0907689
20379	0.577614	0.573582	3.95677	1.99458	0.504094	1.41087	3.46416	4.09806	1.93239	0.471537	12.0341	0.347155	0.48753	0.34734	0.0911927
20380	0.617461	0.569901	4.04559	2.08354	0.515014	1.37908	3.40568	3.53135	1.75537	0.497082	13.8633	0.290032	0.506657	0.343812	0.0914207
20381	0.589762	0.579292	4.0816	1.87125	0.458459	1.40937	3.44612	3.84582	1.73591	0.451375	12.2348	0.335876	0.455023	0.363016	0.0917256
20382	0.605656	0.635821	3.93023	1.88717	0.480167	1.50171	3.39621	3.61347	1.73624	0.480491	9.49013	0.401457	0.480322	0.34469	0.0920523
20383	0.573283	0.560837	3.95796	1.72007	0.434585	1.36169	3.42056	3.88231	1.8594	0.478942	13.1568	0.310791	0.456549	0.36365	0.092249
20384	0.559139	0.551423	3.51981	1.76707	0.502036	1.37102	3.47676	3.64897	1.72308	0.47221	12.9826	0.329579	0.486854	0.380149	0.0924253
20385	0.497102	0.49582	3.89733	1.7426	0.447126	1.50536	3.46516	4.08461	1.86062	0.455521	8.67323	0.508289	0.451422	0.379672	0.0930514
20386	0.520777	0.46622	3.87408	1.81713	0.469047	1.42727	3.46334	3.79371	1.76807	0.466054	10.9316	0.410862	0.467566	0.385254	0.0930248
20387	0.385615	0.415032	3.94248	1.80798	0.458589	1.52788	3.54632	3.81469	1.82773	0.47913	7.51471	0.652385	0.46869	0.402825	0.093212
20388	0.414447	0.43511	3.94063	1.89414	0.480668	1.48364	3.52927	3.90827	1.72037	0.440188	8.37475	0.571587	0.460511	0.3985	0.0933459
20389	0.426516	0.398557	3.95017	1.92782	0.488035	1.6547	3.61691	3.89206	1.85822	0.477438	6.86658	0.754219	0.482776	0.406278	0.0933918
20390	0.212822	0.334428	3.63638	1.73257	0.476455	1.63473	3.57821	4.18443	1.82266	0.435582	5.2043	1.01091	0.454587	0.425378	0.0936311
20391	0.300806	0.349262	4.07009	1.87655	0.46106	1.55554	3.56935	3.78127	1.83169	0.484411	6.58613	0.787179	0.472306	0.411556	0.0933613
20392	0.34796	0.379294	3.85312	1.85472	0.481353	1.69069	3.66007	4.12584	1.96623	0.476563	5.97	0.901463	0.478877	0.41335	0.0938774
20393	0.417286	0.39811	3.83507	1.91164	0.498463	1.6643	3.70728	3.91706	1.82864	0.46684	7.04204	0.777517	0.482484	0.422734	0.0940496
20394	0.342825	0.398851	3.93079	1.90738	0.485241	1.67634	3.68044	4.06586	1.98255	0.487608	6.05584	0.889128	0.486444	0.409138	0.0943679
20395	0.398154	0.427207	3.88497	1.83733	0.472932	1.68601	3.65941	3.75631	1.78221	0.474459	6.29891	0.829283	0.473682	0.41926	0.0946182
20396	0.444677	0.405135	3.45742	1.85568	0.536723	1.63597	3.65981	3.88508	1.79949	0.463181	7.46413	0.709586	0.49781	0.420248	0.0943536
20397	0.397039	0.418694	3.86636	1.89283	0.489563	1.677	3.64671	3.71711	1.78493	0.480193	6.36035	0.819146	0.48497	0.414751	0.0947099
20398	0.625479	0.535591	4.00356	1.97457	0.493203	1.78601	3.8227	3.96825	1.81916	0.458429	8.02255	0.673419	0.475893	0.416021	0.0949516
20399	0.492234	0.496964	4.0783	1.97477	0.484215	1.88806	3.90315	3.61045	1.835	0.508246	5.95491	0.974161	0.4955	0.432373	0.0955007
20400	0.579094	0.565885	3.75814	2.01743	0.536815	1.90973	3.92541	3.82131	1.77949	0.465677	6.37433	0.885299	0.500949	0.426441	0.0955706
20401	0.509252	0.492578	4.1206	1.96719	0.477404	1.93174	3.98338	3.82405	1.85606	0.485366	6.02215	1.01174	0.481237	0.443582	0.0956022
20402	0.466704	0.583754	4.21827	2.06417	0.48934	1.89837	3.8989	3.7287	1.85395	0.49721	5.36193	1.02484	0.493033	0.412316	0.0958265
20403	0.601212	0.53636	3.75843	1.89901	0.505265	1.83034	3.85227	3.94612	1.82356	0.462116	7.27803	0.755374	0.483165	0.424887	0.0957921
20404	0.45443	0.477876	3.92181	1.894	0.48294	1.80198	3.85552	3.65478	1.76643	0.483321	6.28262	0.907941	0.483124	0.438066	0.0958893
20405	0.388571	0.380315	3.6246	1.80594	0.498245	1.79169	3.82879	3.57276	1.69767	0.47517	6.04042	0.984369	0.48679	0.459161	0.0963057
20406	0.341241	0.292115	3.82418	1.74854	0.457233	1.86016	3.8327	3.74539	1.82259	0.486622	5.43348	1.15356	0.471774	0.467522	0.0962183
20407	0.255645	0.276997	3.74105	1.72688	0.461603	1.70015	3.79407	3.8926	1.78373	0.458236	5.92826	1.04329	0.459886	0.468461	0.0964737
20408	0.25717	0.281263	3.89801	1.86152	0.477557	1.71872	3.8191	4.00561	1.83484	0.458068	5.85933	1.06806	0.46768	0.458566	0.0966279
20409	0.404965	0.352121	3.79549	1.91566	0.504719	1.6968	3.80642	3.66036	1.68197	0.45951	7.15004	0.834414	0.482524	0.453428	0.0970699
20410	0.339574	0.370896	4.15239	1.88563	0.454108	1.78997	3.78604	3.81951	1.77338	0.464296	5.5443	1.05182	0.458989	0.443604	0.0968727
20411	0.268819	0.322152	3.97209	1.74868	0.440242	1.83701	3.7862	3.70911	1.82	0.490683	4.87943	1.22962	0.464599	0.45683	0.0968977
20412	0.382123	0.337617	3.70714	1.84127	0.496683	1.85486	3.833	3.74637	1.79579	0.479342	5.63296	1.08448	0.487967	0.456588	0.0971433
20413	0.303388	0.348052	3.61425	1.71347	0.474087	1.90207	3.81608	3.8284	1.77881	0.464636	4.70588	1.27789	0.469225	0.462775	0.0975474
20414	0.349661	0.288113	3.84723	1.76277	0.458191	1.86296	3.84765	3.47732	1.63266	0.469516	5.53272	1.14503	0.463568	0.482766	0.0979818
20415	0.259617	0.25177	3.78231	1.87896	0.496777	1.9513	3.9268	3.86599	1.73762	0.449463	4.7194	1.43089	0.472861	0.482957	0.0976896
20416	0.233795	0.274958	3.66475	1.75443	0.478729	1.77543	3.82268	3.6181	1.79697	0.496659	5.29586	1.18832	0.487637	0.469906	0.0980743
20417	0.294073	0.299749	3.62813	1.68863	0.465426	1.80974	3.79214	3.55137	1.75257	0.493491	5.30929	1.14863	0.479308	0.469926	0.0987209
20418	0.218014	0.32879	3.75965	1.60128	0.425912	1.8573	3.7562	3.52654	1.72653	0.489581	4.37145	1.34362	0.456728	0.468916	0.0989189
20419	0.344297	0.353419	3.50898	1.66668	0.474975	1.72084	3.70336	3.82323	1.85216	0.484449	5.92231	0.947441	0.479915	0.443729	0.0993487
20420	0.293681	0.284626	3.85059	1.80867	0.469714	1.52547	3.58368	3.9799	1.92867	0.484603	7.17309	0.758654	0.477281	0.421432	0.0993069
20421	0.285385	0.272249	3.69333	1.86528	0.505042	1.49771	3.5799	3.81241	1.89402	0.496804	7.44394	0.734863	0.500857	0.421273	0.0996009
20422	0.276978	0.224123	3.88035	1.72895	0.445566	1.47258	3.5541	3.87563	1.6759	0.432421	7.7572	0.714737	0.438997	0.448912	0.0994845
20423	0.147323	0.178329	3.68509	1.80643	0.490201	1.47454	3.50789	3.89865	1.67481	0.429586	6.29349	0.880748	0.45904	0.443368	0.099639
20424	0.0673772	0.112625	3.74187	1.87713	0.501656	1.38729	3.49011	3.85581	1.80807	0.468922	6.54779	0.871091	0.485043	0.436383	0.0999206
20425	0.14326	0.139408	4.04635	2.01007	0.496761	1.53854	3.5126	4.03293	1.6812	0.416869	5.84468	0.973399	0.456881	0.435352	0.100605
20426	0.0900655	0.112581	3.99052	2.03973	0.511144	1.47672	3.48466	3.75709	1.86454	0.496273	5.91367	0.96141	0.503933	0.421454	0.101203
20427	0.115043	0.118309	3.63042	1.68955	0.465385	1.41297	3.48464	3.97189	1.87306	0.471578	6.72691	0.842302	0.468621	0.443088	0.101305
20428	0.128631	0.133549	4.16091	1.89563	0.455581	1.34312	3.41402	4.04773	1.84413	0.455596	7.29607	0.737487	0.455588	0.418523	0.101406
20429	0.0882349	0.129251	3.62334	1.66089	0.458388	1.34933	3.39127	3.65836	1.82428	0.498663	6.69081	0.795179	0.478622	0.433001	0.101598
20430	0.0487513	0.0939744	3.71093	1.81698	0.489631	1.3613	3.39912	4.11147	1.76608	0.429549	6.34088	0.861394	0.458051	0.432649	0.101842
20431	0.0940005	0.147859	3.55191	1.75661	0.494553	1.30065	3.35935	3.5847	1.70357	0.475232	7.08358	0.727997	0.484848	0.427112	0.101935
20432	0.249694	0.203124	3.80973	1.80976	0.475037	1.39434	3.35162	3.58136	1.67097	0.466575	7.5659	0.655111	0.470937	0.416007	0.102089
20433	0.276498	0.273701	3.64161	1.83447	0.503753	1.39207	3.38735	3.38128	1.61822	0.478581	7.7901	0.622251	0.491633	0.412569	0.102766
20434	0.331423	0.352887	3.64954	1.77318	0.485866	1.44137	3.40038	3.70377	1.71441	0.462883	7.53841	0.615992	0.47429	0.399783	0.102837
20435	0.363385	0.390463	3.81927	1.82962	0.47905	1.40736	3.43484	3.67619	1.71788	0.4673	8.50394	0.544939	0.473287	0.395215	0.103266
20436	0.364744	0.390821	3.92578	1.86279	0.474503	1.41453	3.40405	3.41046	1.44374	0.423327	8.23878	0.551024	0.450712	0.407171	0.103404
20437	0.381038	0.336681	3.74559	1.7528	0.467963	1.40962	3.35733	3.51753	1.65248	0.469784	8.62422	0.528993	0.468845	0.40127	0.103993
20438	0.300204	0.316793	3.94746	1.71581	0.434661	1.31885	3.33934	3.83112	1.72305	0.44975	8.80434	0.518822	0.442092	0.399216	0.10444
20439	0.378261	0.350835	3.72747	1.76742	0.47416	1.36399	3.38655	4.00096	1.9183	0.479459	9.48439	0.48583	0.476904	0.384767	0.104928
20440	0.247774	0.32609	3.89642	1.83058	0.469812	1.46399	3.40619	3.76064	1.81468	0.482545	6.41371	0.739588	0.476065	0.394294	0.10474
20441	0.264962	0.24285	3.59056	1.74479	0.485938	1.38996	3.41447	3.85043	1.93307	0.502039	7.9481	0.632805	0.49427	0.406215	0.104299
20442	0.273009	0.24177	3.66892	1.75048	0.477112	1.33408	3.39889	3.86934	1.99547	0.515713	8.853	0.56294	0.496926	0.399596	0.104346
20443	0.19735	0.24357	3.33065	1.61309	0.484319	1.42499	3.36218	3.96633	2.0067	0.505934	6.45328	0.753548	0.496068	0.401928	0.104408
20444	0.174677	0.205539	3.77533	1.67891	0.444706	1.28533	3.29571	3.87765	2.02563	0.522385	7.74125	0.61677	0.484065	0.392003	0.104959
20445	0.141479	0.154862	3.45057	1.58591	0.459609	1.28935	3.28876	4.17252	1.88765	0.452401	7.45395	0.658799	0.455664	0.41425	0.105265
20446	0.0886	0.117486	3.64967	1.66263	0.455555	1.3137	3.30083	3.62023	1.79335	0.49537	6.7519	0.75043	0.475382	0.423105	0.105578
20447	0.107065	0.165188	3.81007	1.60842	0.422151	1.2176	3.24667	3.89958	1.75694	0.450544	7.69931	0.61665	0.436513	0.413745	0.105343
20448	0.217237	0.200702	3.62655	1.62415	0.447851	1.14789	3.12452	3.72404	1.59555	0.428445	9.87012	0.43306	0.438019	0.39908	0.106
20449	0.191214	0.149282	3.56292	1.6287	0.457124	1.13347	3.11079	3.69851	1.78683	0.483121	9.87838	0.443925	0.470365	0.391091	0.106147
20450	-0.0107534	0.0546131	3.89494	1.84135	0.472754	1.17105	3.10508	3.5832	1.69068	0.471835	6.66253	0.698334	0.472314	0.397216	0.10618
20451	0.0304243	0.00557139	3.7968	1.90171	0.500873	1.02829	3.08138	4.06381	1.81347	0.446249	9.50123	0.497863	0.472633	0.389103	0.106512
20452	-0.0594953	-0.0881186	3.85714	1.88345	0.488302	1.08584	3.07043	4.05787	1.77164	0.436593	7.60522	0.655893	0.461792	0.405719	0.10683
20453	-0.114234	-0.0984064	3.8929	1.71729	0.441136	0.960762	3.04987	3.83959	1.86824	0.486572	8.57694	0.577808	0.463697	0.408785	0.107363
20454	-0.13113	-0.0660575	3.96724	1.81544	0.457608	1.09628	3.10844	3.64735	1.94861	0.534255	6.68916	0.753267	0.494321	0.401074	0.107456
20455	-0.0348525	-0.0783806	3.69331	1.75245	0.474493	1.05628	3.06741	3.90255	1.82905	0.46868	8.31202	0.595281	0.471506	0.408674	0.107439
20456	-0.15751	-0.113251	3.65904	1.67653	0.458187	1.05639	3.06123	3.62037	1.81741	0.501996	6.83879	0.736778	0.479975	0.419084	0.107561
20457	-0.0363046	-0.0797729	3.76093	1.74709	0.464537	0.973984	3.10695	3.88909	1.84263	0.473794	9.94944	0.510342	0.469243	0.414382	0.107618
20458	-0.00403511	0.00763829	3.72416	1.76866	0.474915	1.07839	3.04908	4.00098	1.82158	0.455282	7.89522	0.585822	0.464747	0.391897	0.107795
20459	-0.0657471	-0.0294704	3.84479	1.78987	0.465532	1.14419	3.04445	3.63132	1.73589	0.478032	6.45443	0.731977	0.471604	0.401317	0.108213
20460	-0.109561	-0.0604842	3.78713	1.80126	0.475625	1.11848	3.05703	4.01718	1.77539	0.441949	6.44457	0.75404	0.458291	0.404646	0.108549
20461	-0.0298423	-0.0416396	3.6883	1.73111	0.469353	1.05093	3.11232	3.80631	1.71422	0.450364	8.51612	0.584038	0.459709	0.419337	0.10861
20462	-0.000486268	-0.000935756	3.96831	1.78441	0.449664	1.13943	3.17339	3.7681	1.68866	0.448145	7.75454	0.649705	0.448924	0.420519	0.108721
20463	-0.0384955	-0.0483112	3.69365	1.75206	0.474343	1.2449	3.19076	3.65397	1.71377	0.469016	6.36972	0.823549	0.471693	0.430902	0.10876
20464	-0.116436	-0.0353291	3.94262	1.75809	0.445919	1.18595	3.19467	3.79879	1.75019	0.460722	6.15077	0.848098	0.453183	0.426547	0.108832
20465	0.0625844	0.00370856	3.68489	1.61118	0.437238	1.16752	3.10749	3.49033	1.66726	0.47768	7.8905	0.610445	0.456911	0.423622	0.109042
20466	-0.0233708	-0.0227567	3.44387	1.65428	0.480356	1.18285	3.14231	3.64369	1.74706	0.479477	6.88517	0.727481	0.479904	0.424185	0.109236
20467	0.00314459	-0.0180948	3.67445	1.62072	0.441077	1.12536	3.10866	3.88711	1.67165	0.430049	7.76311	0.629684	0.435408	0.426192	0.109452
20468	-0.154119	-0.0792604	3.52659	1.66718	0.472745	1.1896	3.20695	4.04373	1.80945	0.44747	5.98103	0.902788	0.459244	0.437237	0.1095
20469	-0.0735359	-0.0744163	3.49144	1.62743	0.466121	1.10959	3.14883	3.70727	1.63101	0.43995	7.42201	0.699897	0.452643	0.443673	0.109612
20470	-0.0189392	-0.0717653	3.73618	1.78856	0.478713	1.20191	3.16081	3.9164	1.76401	0.450415	7.01086	0.745239	0.464231	0.42387	0.110103
20471	0.0320848	-0.00960782	3.73789	1.76421	0.471979	1.29864	3.183	3.78263	1.84829	0.488626	6.35392	0.802082	0.480352	0.413741	0.110444
20472	-0.0327606	-0.0202898	3.92377	1.7839	0.45464	1.19939	3.17971	3.73574	1.71203	0.458284	6.74483	0.759101	0.456417	0.422849	0.11047
20473	-0.0822672	-0.0404328	3.91572	1.74165	0.444784	1.14551	3.14299	3.76062	1.80502	0.479979	6.72276	0.753721	0.462026	0.416808	0.111196
20474	0.00793025	-0.0271246	3.80958	1.68745	0.44295	1.10485	3.15876	3.75803	1.76056	0.468479	8.43547	0.601618	0.455628	0.424059	0.111265
20475	-0.0828181	-0.12563	3.77428	1.74345	0.461929	1.20281	3.18896	3.96435	1.72986	0.436353	6.64707	0.826418	0.448827	0.441709	0.111501
20476	-0.125063	-0.120455	3.85465	1.74962	0.453898	1.09026	3.13288	3.67424	1.79725	0.489148	7.16601	0.738499	0.471101	0.427393	0.111844
20477	-0.0331724	-0.139031	3.78603	1.79173	0.473247	1.26326	3.19782	3.67197	1.81783	0.495057	6.62479	0.84037	0.483985	0.435529	0.112041
20478	-0.101955	-0.0720331	3.83924	1.80882	0.471141	1.16623	3.14255	3.92838	1.72757	0.439766	6.42516	0.804148	0.455274	0.42226	0.111984
20479	-0.101369	-0.131917	3.82226	1.79071	0.468494	1.14285	3.117	3.51986	1.724	0.489793	6.81844	0.774036	0.478705	0.428957	0.112272
20480	-0.176268	-0.194025	3.64235	1.75516	0.481874	1.14872	3.10137	3.42306	1.69568	0.495368	6.18574	0.877795	0.488412	0.440444	0.112543
20481	-0.176509	-0.133859	3.84509	1.79788	0.467579	1.21108	3.16204	3.9584	1.6859	0.425905	5.64193	0.962696	0.446439	0.438179	0.11283
20482	-0.0571507	-0.101178	4.06918	1.72096	0.422925	1.22926	3.19768	3.81262	1.82014	0.477399	6.57605	0.827432	0.449276	0.434607	0.112612
20483	0.00251493	-0.0240254	3.75634	1.81215	0.482425	1.23666	3.19451	3.66771	1.76265	0.480584	6.80116	0.761561	0.481516	0.420226	0.11265
20484	-0.0641006	-0.0238644	3.53597	1.65105	0.46693	1.17651	3.19536	3.79454	1.84225	0.4855	6.73335	0.769559	0.476543	0.425959	0.113116
20485	0.0455627	0.0122681	3.57363	1.66713	0.466508	1.10609	3.12382	3.86958	1.85646	0.479758	8.60814	0.562362	0.473396	0.407326	0.113226
20486	-0.0146288	-0.0018015	3.45868	1.681	0.486023	1.15893	3.07969	3.49619	1.59619	0.45655	6.89458	0.688626	0.471207	0.4202	0.113371
20487	0.016013	0.0431959	3.77981	1.72773	0.457093	1.12695	3.05503	3.44514	1.63277	0.473934	7.34989	0.617094	0.465123	0.403047	0.113241
20488	0.0309755	0.0922774	3.99443	1.76954	0.443001	1.02352	3.03436	3.52825	1.69394	0.480109	8.78647	0.492568	0.460405	0.384656	0.112988
20489	0.1373	0.154078	3.77053	1.8936	0.502211	1.05526	2.99989	3.79268	1.59947	0.421727	9.61088	0.421326	0.461851	0.367053	0.113438
20490	0.139904	0.122744	3.74745	1.88911	0.504104	0.966455	2.95023	3.31658	1.5833	0.47739	11.7021	0.341593	0.491562	0.365432	0.113295
20491	0.038094	0.0669319	3.83735	1.85683	0.483884	0.926137	2.94405	3.90401	1.73546	0.444533	10.4965	0.394311	0.464039	0.36563	0.113047
20492	0.0822164	0.10304	3.85008	1.88419	0.489391	0.897244	2.94629	3.61712	1.73024	0.478347	12.1698	0.332135	0.484041	0.35874	0.113201
20493	0.0648745	0.140411	3.80475	1.76609	0.46418	0.902832	2.93478	3.59007	1.73876	0.484326	11.1205	0.351086	0.47396	0.357845	0.113162
20494	0.0986817	0.204538	3.75147	1.82385	0.486169	0.957182	2.91789	3.54098	1.63514	0.461777	9.98924	0.368512	0.474325	0.34742	0.113308
20495	0.0497095	0.158705	3.51305	1.68246	0.478916	0.99139	2.99082	3.6862	1.8225	0.494412	9.04512	0.443381	0.48685	0.364028	0.113456
20496	0.199771	0.189226	3.67693	1.56036	0.424364	1.0112	3.00386	3.89415	1.71753	0.441053	12.0323	0.329205	0.432948	0.376759	0.113374
20497	0.201194	0.165607	3.59319	1.74634	0.486013	0.99514	2.9878	3.63131	1.71148	0.471312	12.6355	0.315174	0.478624	0.365539	0.113272
20498	0.215718	0.19783	3.55754	1.76807	0.496992	1.1148	3.06506	3.5298	1.69084	0.479017	10.1701	0.404178	0.48804	0.37284	0.113657
20499	0.139357	0.155864	3.56634	1.81332	0.508454	1.20784	3.14788	3.70942	1.67878	0.452571	7.84142	0.570825	0.479963	0.390693	0.113894
20500	0.239467	0.218008	3.80199	1.76003	0.462923	1.17984	3.15626	3.71904	1.64174	0.441442	9.76296	0.442147	0.452301	0.388301	0.114389
