cycle	Zbar1	Gbar1	VP1	VG1	h21	Zbar2	Gbar2	VP2	VG2	h22	h2b	h2b_denom	h2w	Qst	Fst
20000	-0.0660815	-0.137263	3.73383	2.04167	0.546804	-2.22197	-0.210376	3.99421	1.9843	0.496796	0.00115011	2.32392	0.520958	0.000331996	0.000375145
20001	-0.10644	-0.129876	3.95128	1.95561	0.494929	-2.24736	-0.229733	3.95217	1.86037	0.470722	0.00217547	2.29176	0.482824	0.000653163	0.000625537
20002	-0.165137	-0.0770095	4.12305	2.06305	0.500369	-2.14292	-0.154133	4.06926	1.86221	0.457628	0.0015206	1.95581	0.479139	0.000378876	0.000852791
20003	-0.154183	-0.101494	3.80046	2.09386	0.550948	-1.98447	-0.0287689	4.21847	2.03368	0.482089	0.00157879	1.67498	0.514724	0.000320398	0.00111925
20004	-0.192053	-0.114458	4.12603	2.25261	0.545951	-1.99403	0.0487251	3.91664	1.97097	0.503231	0.0082007	1.62357	0.525147	0.0015745	0.00142219
20005	-0.198375	-0.178411	3.98719	2.14933	0.539058	-1.94994	0.0744531	3.74333	1.87607	0.501177	0.0208412	1.53399	0.520715	0.00395731	0.00174149
20006	-0.159761	-0.249332	4.14395	2.09658	0.505937	-1.97606	0.112454	3.72884	1.90807	0.511705	0.0396761	1.64947	0.508669	0.00810888	0.00189268
20007	-0.30987	-0.292621	4.05379	2.07369	0.511543	-1.92713	0.116365	3.93405	1.96432	0.499311	0.0639524	1.30777	0.505519	0.0102549	0.00214152
20008	-0.326366	-0.265196	4.17262	2.11198	0.506153	-1.87514	0.175414	4.10515	2.04604	0.498409	0.0809347	1.19934	0.502313	0.0115435	0.00244082
20009	-0.189254	-0.21626	4.15984	2.17259	0.522277	-1.78742	0.191763	4.25434	2.0019	0.470553	0.0651817	1.27707	0.496125	0.00987672	0.00271336
20010	-0.304598	-0.31429	3.88081	1.89966	0.4895	-1.83434	0.272717	3.86581	2.00234	0.517962	0.147249	1.17005	0.503704	0.0216106	0.00299445
20011	-0.271418	-0.284599	4.02214	1.96265	0.487962	-1.71102	0.33461	4.06526	2.08823	0.513678	0.185007	1.03623	0.500889	0.023127	0.00320295
20012	-0.182177	-0.243898	4.22246	2.10762	0.499144	-1.73605	0.290019	3.61533	1.79678	0.496989	0.118064	1.20726	0.49815	0.0179346	0.00349871
20013	-0.214443	-0.272227	4.41405	2.1059	0.47709	-1.72742	0.298039	3.68884	1.85734	0.503502	0.142067	1.14454	0.489114	0.0201112	0.00375645
20014	-0.181102	-0.220264	4.17553	2.02674	0.485386	-1.69242	0.343088	4.23204	2.14277	0.506321	0.138947	1.14204	0.495924	0.0186828	0.00406516
20015	-0.195647	-0.232372	3.79821	2.07427	0.546118	-1.65498	0.364353	3.77776	2.06074	0.545493	0.167202	1.06482	0.545806	0.021085	0.00432985
20016	-0.147803	-0.0971076	3.98944	2.14912	0.538703	-1.40258	0.517077	3.93996	2.06034	0.522933	0.239586	0.787238	0.530867	0.0219231	0.004485
20017	0.00678029	0.00672426	4.34822	2.20371	0.506806	-1.44511	0.54475	4.20924	2.11275	0.501931	0.137322	1.05399	0.504408	0.0164972	0.00471931
20018	0.0500331	0.0692286	4.31152	1.98995	0.461542	-1.27975	0.692849	3.93383	2.04516	0.519889	0.219929	0.884156	0.489379	0.0235395	0.00502659
20019	-0.0567458	0.00815697	4.46408	2.14908	0.481415	-1.23724	0.712846	4.21135	1.98452	0.471231	0.356343	0.696783	0.476471	0.0291721	0.00520579
20020	0.030128	0.015599	3.92337	1.95775	0.498996	-1.25959	0.831056	3.91385	1.97618	0.50492	0.399775	0.83168	0.501955	0.0405647	0.00541062
20021	-0.0830203	-0.0326686	4.18161	2.05282	0.490917	-1.14256	0.876404	4.2354	2.03618	0.480751	0.73615	0.561308	0.485802	0.0481194	0.00571208
20022	-0.0505301	-0.0103337	4.18156	2.13013	0.50941	-1.18465	0.844836	4.20462	2.1026	0.500067	0.568569	0.643119	0.504726	0.0414255	0.00592767
20023	-0.0196702	-0.0389538	4.14366	2.14864	0.518537	-1.21464	0.841148	4.08627	2.14442	0.524786	0.542444	0.71397	0.52164	0.0431804	0.00609497
20024	0.0652506	0.0482916	4.30477	2.34306	0.544293	-1.20165	0.826037	4.1156	1.91713	0.46582	0.37687	0.802516	0.505938	0.0342964	0.00640496
20025	0.112793	0.112387	4.13788	2.06312	0.498594	-1.0621	0.957161	3.66766	1.87814	0.512082	0.51699	0.69019	0.504932	0.0433277	0.00659508
20026	0.180179	0.165951	3.88807	2.08569	0.536433	-1.09516	0.915728	3.81807	1.90301	0.498422	0.345631	0.813247	0.5176	0.0340522	0.00692937
20027	0.151156	0.159582	3.99621	1.95046	0.488077	-0.971295	1.0202	3.70511	1.98286	0.535171	0.587874	0.629949	0.510734	0.044981	0.00713419
20028	0.163485	0.0970171	4.13066	1.96407	0.475487	-1.01537	0.975103	4.08661	2.09707	0.513157	0.554823	0.694848	0.494221	0.0453351	0.00740959
20029	0.0762598	0.0970784	3.56775	1.89148	0.53016	-0.981069	1.01409	4.09021	2.00609	0.490463	0.752187	0.558972	0.508957	0.0512015	0.00765722
20030	0.0511817	0.0502566	4.11144	1.99419	0.485034	-0.931118	1.02864	3.76974	1.85802	0.492877	0.992046	0.482456	0.488786	0.0585167	0.00792066
20031	-0.0205204	0.00303313	3.91724	1.99645	0.509657	-0.86977	1.11327	3.92467	2.04781	0.521779	1.70908	0.360612	0.515724	0.0708343	0.00838469
20032	-0.140365	-0.134942	4.05867	1.89875	0.467826	-0.791143	1.24661	4.15228	2.06248	0.496709	4.50681	0.211756	0.482432	0.107558	0.00860387
20033	-0.114426	-0.0826077	3.96652	1.92386	0.485025	-0.780158	1.18537	3.58893	1.9493	0.543141	3.62765	0.221599	0.512631	0.0940621	0.00871871
20034	0.125385	0.0377788	4.01331	1.93013	0.480933	-0.754927	1.26296	4.10243	2.03132	0.49515	1.93699	0.387475	0.488119	0.0865723	0.00895726
20035	0.134187	0.088232	4.10626	1.92821	0.469578	-0.657116	1.35351	4.16412	2.24255	0.538541	2.55673	0.31308	0.504301	0.0875987	0.00941572
20036	0.074723	0.0772284	3.81308	2.02604	0.531338	-0.519337	1.45371	3.89923	2.01516	0.51681	5.36884	0.176454	0.523993	0.104962	0.00967451
20037	0.204697	0.169328	4.3018	1.97338	0.458733	-0.440767	1.57515	3.64242	1.84119	0.505485	4.7437	0.208312	0.480169	0.114724	0.0101829
20038	0.141691	0.143436	4.03094	1.96201	0.486737	-0.301371	1.64627	4.01254	1.75798	0.438123	11.5052	0.098152	0.462486	0.131838	0.0104453
20039	0.0380778	0.124868	3.99815	1.94031	0.485302	-0.313837	1.69837	4.01381	1.93687	0.482552	19.9922	0.061922	0.483924	0.137727	0.0106923
20040	0.140339	0.160784	3.71807	2.06317	0.554904	-0.117337	1.77351	4.02333	1.93637	0.481285	39.1719	0.0331984	0.516643	0.1399	0.0110636
20041	0.126818	0.172723	3.7542	1.81127	0.482464	-0.29707	1.76106	3.85707	2.02866	0.52596	14.0405	0.0898407	0.504506	0.141138	0.0111598
20042	0.213424	0.148612	3.81346	1.79514	0.470739	-0.213746	1.80264	4.04881	1.97997	0.489026	14.9929	0.0912371	0.480156	0.15345	0.0113469
20043	0.130371	0.112638	4.12105	2.09786	0.50906	-0.0707557	1.91702	3.72481	1.87215	0.502618	80.4859	0.0202259	0.506002	0.170212	0.0116548
20044	0.044406	0.0672809	4.49503	2.12223	0.472129	0.0795217	1.99769	4.08782	1.8589	0.454742	3022.01	0.000616556	0.463848	0.18971	0.0118297
20045	0.0359089	0.0203623	4.19143	2.08276	0.496908	0.0756327	2.04724	3.77968	1.9082	0.504858	2603.49	0.00078899	0.500678	0.204756	0.0120991
20046	-0.0970665	0.00446467	3.84998	1.97892	0.514007	0.0818349	2.13413	3.70555	1.94431	0.524703	141.709	0.0160028	0.519253	0.224301	0.0121101
20047	0.0456359	0.0080619	3.77989	1.93034	0.510686	0.235424	2.22466	4.1834	2.06718	0.494138	136.406	0.0180098	0.501993	0.235138	0.0122949
20048	0.0104582	0.000529077	4.11399	1.98403	0.482263	0.245207	2.25455	3.9653	2.03016	0.511981	92.1954	0.0275535	0.496849	0.240453	0.0125459
20049	-0.0199254	-0.0393837	3.97545	2.05305	0.516432	0.312492	2.21956	3.99112	1.96367	0.492009	46.1789	0.0552507	0.504197	0.241136	0.0126387
20050	-0.0868723	-0.0561262	3.98308	2.07522	0.521009	0.182045	2.25251	3.79395	1.91766	0.505453	73.7015	0.0361581	0.51342	0.250304	0.0127252
20051	0.0213752	-0.0374249	3.90097	2.01076	0.515452	0.174946	2.22093	3.73908	1.76566	0.472218	216.256	0.0117919	0.494293	0.252505	0.0131783
20052	-0.11901	-0.116328	4.51189	2.15805	0.478302	0.198857	2.23392	4.13459	1.97018	0.476511	54.6685	0.0505196	0.477446	0.250753	0.0133518
20053	-0.190154	-0.207049	4.10136	1.87934	0.458224	0.404527	2.33083	3.76918	1.95079	0.517563	18.2127	0.176822	0.486641	0.29608	0.013712
20054	-0.148401	-0.123419	3.91067	1.91254	0.489056	0.404511	2.35295	4.2047	1.99537	0.474556	20.0594	0.152856	0.481544	0.28187	0.0140041
20055	0.0925652	-0.051927	3.91994	1.93825	0.494459	0.383128	2.35571	4.02776	2.07511	0.515202	68.66	0.0422133	0.504971	0.265392	0.0142496
20056	-0.0965439	-0.0506113	4.18973	2.021	0.482369	0.32364	2.36234	3.94659	1.93205	0.489549	32.9777	0.0882772	0.485852	0.269222	0.0144246
20057	-0.0858337	-0.070719	3.98305	1.99635	0.501211	0.419618	2.41901	4.06675	1.91396	0.470636	24.263	0.127741	0.485764	0.283927	0.0148242
20058	-0.151628	-0.145395	3.90109	2.01877	0.517488	0.394613	2.46178	3.81626	1.9371	0.507591	22.7809	0.14919	0.512594	0.300596	0.014898
20059	-0.0612573	-0.102266	3.75332	1.91405	0.50996	0.480185	2.47867	3.90131	2.16089	0.553889	22.7221	0.14658	0.532349	0.290213	0.0153165
20060	-0.0691695	-0.117428	3.98432	1.99082	0.499665	0.510651	2.48516	4.01895	2.04324	0.508402	20.1476	0.168096	0.504052	0.295763	0.015823
20061	-0.096116	-0.107412	3.89307	1.94914	0.500669	0.479297	2.48939	3.88567	1.99382	0.513123	20.3666	0.16555	0.50689	0.299608	0.0158453
20062	-0.231126	-0.278172	3.96737	1.98621	0.500636	0.542606	2.52529	3.92106	2.00383	0.511043	13.1283	0.299331	0.505809	0.330067	0.0161565
20063	-0.352701	-0.291434	4.09002	2.0789	0.508285	0.484246	2.52269	3.87777	1.97348	0.508923	11.3055	0.35024	0.508595	0.328319	0.0163373
20064	-0.347208	-0.31451	4.29968	2.09551	0.487364	0.465112	2.50365	4.02211	1.87615	0.46646	12.0359	0.329931	0.477261	0.333409	0.0166536
20065	-0.253773	-0.28322	4.03877	2.10722	0.521749	0.515524	2.56187	4.08944	2.04963	0.5012	13.6775	0.295909	0.51141	0.327534	0.0169547
20066	-0.393834	-0.34468	3.88871	1.96397	0.505045	0.683177	2.5472	4.27444	2.11604	0.495045	7.20974	0.579977	0.499809	0.338927	0.0173105
20067	-0.291689	-0.303175	3.95927	2.12898	0.537721	0.45978	2.47697	4.18136	2.11039	0.504713	13.6872	0.282353	0.520767	0.3132	0.0175998
20068	-0.300292	-0.349699	4.22551	2.16214	0.511688	0.532252	2.54845	3.99292	1.9951	0.49966	12.1179	0.346565	0.505845	0.335703	0.0176798
20069	-0.332307	-0.296195	4.04018	2.13706	0.528952	0.529785	2.55724	3.93312	1.89547	0.481924	10.9554	0.371602	0.505754	0.335561	0.0178745
20070	-0.352434	-0.340114	4.3885	2.356	0.536859	0.571929	2.60397	3.86566	1.86254	0.481815	10.1441	0.427223	0.51108	0.339463	0.0179969
20071	-0.312485	-0.324139	4.37174	2.14197	0.489959	0.64712	2.61871	4.05362	2.18742	0.539621	9.40483	0.460421	0.513852	0.333485	0.0183115
20072	-0.356883	-0.355776	3.97308	2.13777	0.538063	0.596759	2.5688	4.22972	2.15909	0.510456	9.40491	0.454716	0.523828	0.332393	0.0187137
20073	-0.35873	-0.391252	4.06918	2.11822	0.520552	0.613838	2.67826	4.43011	2.11578	0.477592	9.9609	0.472945	0.49816	0.357575	0.0191665
20074	-0.462936	-0.407914	3.90704	2.08805	0.534432	0.698039	2.77588	3.66252	1.98287	0.541394	7.52043	0.673932	0.537801	0.383784	0.0195099
20075	-0.52926	-0.446147	3.68706	1.89815	0.514813	0.732395	2.78937	4.10666	2.01664	0.491067	6.57668	0.795887	0.502301	0.40079	0.019735
20076	-0.386228	-0.468494	4.54546	2.13492	0.469682	0.823001	2.8507	4.14884	1.90115	0.458238	7.53439	0.731117	0.464221	0.405735	0.0200906
20077	-0.600668	-0.577425	3.96533	1.9652	0.495596	0.819633	2.7519	3.76567	1.86757	0.495945	5.49479	1.00863	0.495766	0.419739	0.020434
20078	-0.602118	-0.600127	3.89826	2.06501	0.529724	0.821358	2.75863	4.25999	2.04158	0.479245	5.56746	1.01314	0.503366	0.407274	0.0206958
20079	-0.651891	-0.611652	3.81123	2.01121	0.527707	0.82313	2.80292	4.38832	2.06953	0.4716	5.3589	1.08784	0.497679	0.416789	0.0208933
20080	-0.683197	-0.661971	4.04093	1.97104	0.487769	0.80885	2.78069	3.9691	2.01914	0.508714	5.32383	1.1131	0.498147	0.426257	0.0210573
20081	-0.738694	-0.677855	3.88782	1.81588	0.467069	0.756469	2.72485	3.84755	1.92307	0.499816	5.17931	1.11776	0.483358	0.43648	0.021382
20082	-0.675456	-0.68282	3.81472	1.82007	0.477118	0.764226	2.77976	3.66172	1.76211	0.481225	5.7845	1.03634	0.47913	0.455682	0.0213525
20083	-0.657414	-0.630185	4.1504	1.95007	0.469852	0.748683	2.7628	3.81979	1.90804	0.499514	5.82283	0.988554	0.484068	0.427379	0.0213178
20084	-0.535112	-0.589338	4.06531	1.90033	0.46745	0.72381	2.74517	3.75015	1.91478	0.510588	7.01561	0.792442	0.488149	0.421623	0.0214435
20085	-0.612097	-0.600535	4.12977	1.97109	0.477288	0.742135	2.75229	3.43937	1.85846	0.540347	6.12964	0.916973	0.505942	0.423375	0.0217688
20086	-0.32121	-0.413226	4.06317	1.94387	0.478413	0.811875	2.79282	3.65524	1.89342	0.518002	8.00596	0.641941	0.497162	0.401195	0.0220188
20087	-0.528402	-0.544515	4.11473	2.07966	0.50542	0.772866	2.74276	4.06765	1.94783	0.478858	6.38175	0.846649	0.492215	0.401597	0.0222191
20088	-0.629659	-0.550086	4.28164	2.17887	0.508888	0.676913	2.66351	4.29577	2.0874	0.485921	6.04943	0.853565	0.497386	0.377128	0.0224349
20089	-0.658386	-0.592317	3.89726	2.07013	0.531175	0.536017	2.61386	3.89606	1.80716	0.463843	7.20567	0.713299	0.497514	0.398728	0.022721
20090	-0.594817	-0.567507	3.8306	2.11064	0.550995	0.545758	2.59672	3.50826	1.80668	0.51498	7.69641	0.650456	0.533779	0.389983	0.0230625
20091	-0.476968	-0.471439	4.15307	2.17366	0.523388	0.54021	2.56659	3.91924	1.85956	0.474471	8.92054	0.517325	0.499638	0.364024	0.0234688
20092	-0.391042	-0.442537	4.10995	2.16572	0.526945	0.512302	2.51575	3.87173	1.91596	0.494858	10.7245	0.408015	0.51138	0.349081	0.0235766
20093	-0.426027	-0.417792	4.37434	2.19462	0.501702	0.399045	2.39244	3.8058	1.88054	0.494125	11.6011	0.340372	0.498177	0.326475	0.0238438
20094	-0.435654	-0.443847	3.95178	2.08239	0.526951	0.464368	2.35454	3.62436	1.85015	0.510478	9.66739	0.40502	0.51907	0.332479	0.0240308
20095	-0.444232	-0.468682	3.96591	2.17024	0.547224	0.440177	2.34854	3.96647	1.82583	0.460316	10.147	0.39109	0.503767	0.331901	0.0242802
20096	-0.470178	-0.418426	4.1023	2.07927	0.506856	0.411029	2.34978	4.00266	1.91456	0.478322	9.86828	0.388262	0.492764	0.324285	0.0244874
20097	-0.376563	-0.410658	3.77298	2.03514	0.539399	0.356725	2.33937	3.84154	1.85397	0.48261	14.0646	0.268856	0.510749	0.327228	0.0244549
20098	-0.377747	-0.379839	3.96665	1.95772	0.493545	0.384708	2.40984	3.94233	2.04894	0.519729	13.3869	0.290669	0.506597	0.326975	0.024827
20099	-0.375109	-0.430219	3.87118	2.04388	0.527974	0.500359	2.44288	4.23265	2.09833	0.495749	10.7701	0.383222	0.511143	0.332646	0.0251058
20100	-0.422705	-0.458647	3.7806	1.96622	0.520081	0.47648	2.46797	4.00668	1.91703	0.478459	10.5934	0.404267	0.498666	0.355541	0.0252283
20101	-0.454085	-0.527047	3.79313	1.81006	0.477193	0.469596	2.47249	4.40807	2.15701	0.489332	10.5455	0.426593	0.483718	0.361952	0.0252699
20102	-0.586043	-0.489147	3.80934	1.80872	0.474812	0.394458	2.44834	4.41385	2.18616	0.495295	8.97544	0.480692	0.485806	0.350761	0.0254102
20103	-0.365802	-0.414936	3.77519	1.87709	0.497217	0.503237	2.4864	4.09488	2.13876	0.5223	11.1459	0.377615	0.510268	0.343959	0.0257801
20104	-0.358324	-0.389311	3.7714	1.79987	0.477242	0.52752	2.60211	3.82597	2.00006	0.522759	11.4035	0.39236	0.500164	0.370684	0.0261253
20105	-0.442504	-0.426902	3.80934	1.9612	0.514841	0.670259	2.64468	3.85293	2.02633	0.52592	7.61938	0.619121	0.520412	0.371782	0.0262536
20106	-0.359476	-0.387502	3.7683	1.94098	0.515081	0.51448	2.61488	4.10997	1.95394	0.475413	11.8019	0.381899	0.494387	0.366641	0.0264559
20107	-0.377223	-0.333665	4.04466	1.8634	0.460705	0.572185	2.62658	3.84016	2.06104	0.536708	9.72186	0.450688	0.497721	0.358364	0.0265715
20108	-0.300774	-0.329956	3.78488	1.87974	0.496646	0.64546	2.66227	3.82524	1.8531	0.484439	9.99978	0.447679	0.49051	0.374975	0.0269374
20109	-0.311325	-0.359955	3.75463	1.84034	0.490152	0.603811	2.58986	3.87363	1.95798	0.505463	10.39	0.418738	0.497927	0.364272	0.0273213
20110	-0.312412	-0.321845	4.02937	1.97658	0.490544	0.538993	2.61745	4.13398	1.97574	0.477926	11.9183	0.362445	0.484154	0.353485	0.027493
20111	-0.362524	-0.324727	3.90019	1.86161	0.477314	0.694848	2.66487	4.02088	1.98497	0.493665	7.9941	0.559017	0.485614	0.367559	0.0280573
20112	-0.295274	-0.342006	3.72368	1.84812	0.496316	0.636194	2.65932	3.7891	1.96136	0.517631	10.3822	0.433817	0.507066	0.371642	0.0282779
20113	-0.335358	-0.330645	3.95997	1.79677	0.453732	0.614096	2.5808	4.11167	2.07227	0.503999	9.40305	0.450732	0.479338	0.354	0.028289
20114	-0.476364	-0.375343	4.34055	1.99998	0.460766	0.564623	2.63437	4.33025	1.98892	0.459309	8.35909	0.541827	0.460038	0.362248	0.0285361
20115	-0.269582	-0.289933	3.70254	1.9432	0.524829	0.663872	2.60939	4.1311	2.06652	0.500235	9.64734	0.435668	0.511859	0.34399	0.028629
20116	-0.115963	-0.186085	4.07129	2.08986	0.513317	0.581359	2.53762	4.43737	2.3535	0.530382	15.2564	0.243129	0.522216	0.294585	0.0288438
20117	-0.203187	-0.213888	3.94701	2.04388	0.51783	0.512	2.54007	4.29791	2.24045	0.521289	14.8278	0.255746	0.519633	0.306894	0.029065
20118	-0.203739	-0.182161	4.06583	1.87157	0.460317	0.464478	2.51784	4.04286	2.14281	0.530023	16.3264	0.223257	0.495071	0.312346	0.0294492
20119	-0.109334	-0.154235	3.86812	2.01616	0.521225	0.409357	2.41873	4.27363	2.03427	0.476006	24.6066	0.13452	0.497489	0.290182	0.0297904
20120	-0.243216	-0.250305	3.77555	1.97108	0.522064	0.355746	2.31746	4.19349	2.10888	0.502895	18.3787	0.179378	0.511977	0.287859	0.0300399
20121	-0.335524	-0.40067	3.77558	1.94765	0.515855	0.408515	2.35138	3.84372	2.10955	0.548831	13.6811	0.276797	0.53249	0.3183	0.0304298
20122	-0.38735	-0.427392	4.13282	1.91025	0.462215	0.312923	2.36858	4.02986	2.02331	0.50208	15.9415	0.245191	0.481896	0.332038	0.0309549
20123	-0.363908	-0.415641	3.74655	1.91853	0.512079	0.411813	2.39543	4.23665	2.09482	0.494452	13.1321	0.300871	0.502724	0.329977	0.0312072
20124	-0.3776	-0.409402	4.37892	2.09872	0.479277	0.418879	2.38362	3.6961	1.94495	0.526218	12.2971	0.317189	0.500763	0.325481	0.0314733
20125	-0.3537	-0.310593	4.18146	2.13948	0.511658	0.381561	2.44289	4.12281	2.08316	0.505277	14.0243	0.270304	0.50849	0.309913	0.0320337
20126	-0.28478	-0.330875	4.16697	1.95964	0.470278	0.441524	2.44055	3.80964	1.97763	0.519112	14.5603	0.263759	0.493601	0.327931	0.032407
20127	-0.347697	-0.358675	4.03005	1.98782	0.49325	0.54032	2.47827	3.83688	2.00975	0.523798	10.2061	0.394287	0.508149	0.334918	0.0325455
20128	-0.314157	-0.311349	3.58797	1.8986	0.529158	0.332158	2.45243	4.15909	2.18418	0.525157	18.286	0.208862	0.52701	0.318783	0.0329302
20129	-0.29804	-0.290219	4.27108	2.06099	0.482546	0.443347	2.43555	4.04378	1.97401	0.488161	13.5172	0.274827	0.485276	0.315333	0.0332776
20130	-0.3746	-0.410277	3.84528	2.04012	0.530552	0.561423	2.46474	4.00923	2.03209	0.506854	9.43424	0.438069	0.518456	0.336737	0.0333719
20131	-0.395376	-0.392264	4.01109	1.93796	0.48315	0.394925	2.42922	4.08657	2.07053	0.506667	12.7459	0.312288	0.495018	0.331883	0.0335408
20132	-0.300662	-0.342394	3.94242	1.92355	0.487912	0.483448	2.43939	3.97795	2.12092	0.53317	12.5862	0.307415	0.510643	0.323669	0.0337013
20133	-0.336959	-0.304474	4.07952	1.88993	0.463273	0.428353	2.43901	3.96731	1.93182	0.486934	12.8508	0.292851	0.474938	0.330031	0.0339814
20134	-0.360533	-0.344424	4.20904	1.87329	0.445064	0.447021	2.44726	4.12743	1.98275	0.480383	11.9506	0.326071	0.462551	0.335783	0.0346027
20135	-0.430769	-0.39885	4.00713	1.88414	0.470197	0.463076	2.41799	4.16646	2.08716	0.500943	9.93116	0.39948	0.48587	0.333221	0.0347168
20136	-0.315388	-0.423148	4.05997	2.02638	0.499111	0.416346	2.37966	4.02507	2.04259	0.507467	14.6717	0.267718	0.503271	0.325647	0.0351197
20137	-0.39757	-0.361734	3.95184	2.06676	0.522986	0.494954	2.43318	4.36248	2.08718	0.478439	9.80611	0.3983	0.499613	0.319896	0.0353546
20138	-0.261058	-0.35902	4.12738	2.08795	0.505876	0.377904	2.39523	3.99898	2.08799	0.522131	18.5804	0.204136	0.513875	0.312417	0.0353005
20139	-0.204126	-0.247159	4.38168	2.0891	0.47678	0.464173	2.43668	4.09918	2.1131	0.515494	16.1277	0.223311	0.495492	0.300082	0.0352743
20140	-0.284914	-0.24284	3.93496	1.94673	0.494726	0.458348	2.50264	3.86656	1.99403	0.515712	13.6443	0.276219	0.505127	0.323604	0.0358173
20141	-0.198669	-0.303096	3.78505	2.01646	0.532743	0.481212	2.51512	3.84127	2.06335	0.537153	17.1824	0.231119	0.534964	0.327473	0.0362617
20142	-0.303083	-0.34129	3.99153	2.113	0.529371	0.57499	2.5832	4.16811	2.04583	0.490828	11.0927	0.385506	0.509682	0.339665	0.0367805
20143	-0.280183	-0.323936	3.95497	2.07452	0.524535	0.631259	2.59937	4.18028	2.21839	0.53068	10.2871	0.415363	0.527693	0.332406	0.036894
20144	-0.268913	-0.299762	3.93159	2.05202	0.521933	0.695771	2.65181	4.31586	2.26263	0.524258	9.3613	0.465308	0.52315	0.335562	0.0372848
20145	-0.297016	-0.328278	4.06322	1.94436	0.478525	0.624251	2.6258	3.97336	2.06812	0.520496	10.2819	0.424367	0.499276	0.352326	0.037566
20146	-0.329704	-0.339591	3.90724	1.8259	0.467313	0.604849	2.65129	4.31392	2.11493	0.490258	10.2421	0.436695	0.479353	0.362148	0.0380342
20147	-0.349765	-0.354545	3.92876	1.99103	0.506784	0.715831	2.70373	3.95168	2.06603	0.522823	8.23699	0.567748	0.514827	0.365737	0.0382894
20148	-0.412201	-0.337722	4.12071	1.98213	0.481018	0.769048	2.71263	3.94908	1.98645	0.503017	6.66834	0.697674	0.491783	0.369657	0.0384757
20149	-0.243292	-0.296699	4.22851	2.13712	0.505406	0.716447	2.7483	4.08128	1.98199	0.485629	10.0663	0.460549	0.495693	0.360215	0.038796
20150	-0.305804	-0.321123	4.11343	2.07665	0.504845	0.73084	2.75072	4.01058	1.87546	0.467628	8.78093	0.537315	0.486472	0.373909	0.0391946
20151	-0.295998	-0.320041	4.3235	2.03061	0.469668	0.667956	2.69551	4.28189	1.93747	0.452481	9.78636	0.464604	0.461116	0.364355	0.0395267
20152	-0.418288	-0.446659	4.13746	1.95736	0.473084	0.670304	2.74499	4.0184	1.94597	0.484264	8.59603	0.592517	0.478592	0.39495	0.0397581
20153	-0.473774	-0.397854	3.73828	1.93307	0.5171	0.67777	2.75942	3.91236	1.92262	0.491422	7.51733	0.663027	0.503969	0.392712	0.0399304
20154	-0.318858	-0.316393	4.14598	2.06137	0.497198	0.823065	2.87257	3.77731	1.86459	0.493628	7.79875	0.651993	0.495496	0.393168	0.040113
20155	-0.255403	-0.192561	4.02158	1.95698	0.486619	0.954163	2.91769	4.11456	1.98607	0.482692	6.612	0.731524	0.484633	0.380285	0.0402023
20156	-0.20455	-0.196786	3.68619	1.8079	0.490452	0.899188	2.93939	4.06327	2.20456	0.542557	8.07363	0.609119	0.517772	0.380085	0.0404856
20157	-0.184442	-0.197009	3.78519	1.75419	0.463435	0.951086	2.93446	4.1027	2.16634	0.528029	7.60501	0.644712	0.497032	0.384849	0.0405679
20158	-0.253623	-0.192213	3.92623	1.79524	0.457244	0.913148	2.89973	3.94167	2.03204	0.515529	7.0225	0.680677	0.486444	0.384533	0.0407769
20159	-0.113124	-0.223033	4.11046	2.00336	0.48738	0.973333	2.90292	3.94695	2.05327	0.520216	8.27829	0.590194	0.503465	0.375975	0.0411746
20160	-0.219883	-0.182895	3.67466	1.92765	0.524581	0.86324	2.89257	3.85113	2.06297	0.53568	8.06241	0.586578	0.53026	0.37219	0.0414959
20161	-0.224148	-0.141223	4.36362	2.03601	0.466586	0.893049	2.85996	3.94153	2.19334	0.556469	7.21647	0.624065	0.509244	0.347549	0.0416163
20162	-0.199413	-0.173846	4.1233	2.05263	0.497812	0.93719	2.91366	4.19112	2.16983	0.517721	7.37902	0.645933	0.507848	0.360895	0.0418225
20163	-0.135441	-0.154033	3.87395	2.15108	0.555268	0.944902	2.93876	4.13458	2.13859	0.517246	8.19557	0.583571	0.535638	0.358046	0.041698
20164	-0.185335	-0.168838	3.9289	1.90296	0.484351	0.942542	2.89517	3.94588	2.06706	0.523853	7.37998	0.636054	0.504145	0.371656	0.041828
20165	-0.170013	-0.191609	3.93322	1.8275	0.464633	0.900452	2.9188	4.14255	2.10644	0.50849	8.44289	0.572947	0.48713	0.380853	0.0420085
20166	-0.0586413	-0.134493	3.68114	1.70145	0.462208	0.926947	2.90751	4.13107	2.15772	0.522315	9.52638	0.485692	0.493993	0.374909	0.0423949
20167	-0.192258	-0.193712	3.64664	1.66411	0.456342	0.75738	2.86266	3.97998	2.13903	0.537448	10.3585	0.450906	0.498667	0.380562	0.042768
20168	-0.274298	-0.23751	3.86398	1.88078	0.486747	0.894238	2.88886	3.84185	2.01872	0.525456	7.15808	0.682738	0.506046	0.385351	0.0427293
20169	-0.168076	-0.257929	4.09767	1.97575	0.482163	0.853663	2.8545	3.9134	1.84134	0.47052	9.27937	0.521976	0.476476	0.388298	0.0429666
20170	-0.283912	-0.27086	4.09642	1.98913	0.485578	0.809337	2.88365	3.9141	1.94412	0.496696	8.32576	0.597597	0.491011	0.387556	0.042885
20171	-0.21733	-0.182767	4.00632	1.94931	0.486559	0.843926	2.84153	4.10958	1.98648	0.483378	8.12098	0.563133	0.484948	0.367595	0.0430994
20172	-0.27521	-0.258764	3.95223	1.86724	0.472452	0.888353	2.84792	3.57596	1.85784	0.519536	7.12879	0.676939	0.494817	0.393227	0.0432663
20173	-0.160288	-0.222942	3.6497	1.87662	0.514184	0.880519	2.84146	3.6638	2.05274	0.560276	8.66861	0.54164	0.537274	0.374123	0.0435104
20174	-0.230853	-0.263085	3.88601	1.85829	0.478201	0.798748	2.80626	4.2485	2.05946	0.48475	8.88696	0.530039	0.481621	0.375572	0.0439774
20175	-0.212922	-0.22756	3.79355	1.8263	0.481423	0.77518	2.75614	3.90411	1.94303	0.497688	9.11815	0.488173	0.489673	0.371365	0.0440437
20176	-0.28584	-0.276938	3.98974	2.00408	0.502307	0.697317	2.73023	4.04152	1.8976	0.469527	9.35554	0.483299	0.485811	0.366978	0.0445009
20177	-0.398695	-0.299474	3.80282	1.9314	0.507887	0.708669	2.74644	3.74596	1.85807	0.496018	7.56577	0.613128	0.501997	0.379794	0.0446066
20178	-0.478279	-0.402524	4.03469	1.93648	0.479957	0.715455	2.72522	3.93235	1.91282	0.486431	6.86512	0.712501	0.483152	0.388634	0.0446534
20179	-0.427762	-0.463666	3.8124	1.92302	0.504412	0.715978	2.7342	3.81868	2.04772	0.536238	7.81748	0.654071	0.520338	0.391794	0.0450117
20180	-0.288882	-0.304346	3.46104	1.81198	0.523537	0.735084	2.72223	3.99144	2.20972	0.553614	8.73639	0.524253	0.539646	0.362938	0.0449903
20181	-0.377482	-0.314399	3.84422	1.77256	0.461099	0.698769	2.73519	4.36741	1.97999	0.453356	8.02888	0.579158	0.456981	0.382673	0.0454037
20182	-0.251894	-0.31678	4.0294	1.82999	0.454159	0.787253	2.79709	3.58521	1.85121	0.516347	8.97938	0.539913	0.483439	0.397163	0.0454703
20183	-0.322816	-0.278768	4.04894	1.92367	0.475103	0.917737	2.84851	4.09495	2.04009	0.498197	6.35479	0.769486	0.486715	0.381623	0.0457388
20184	-0.233576	-0.217681	3.70314	2.04595	0.552491	0.817401	2.8757	4.13718	2.08524	0.504025	8.66325	0.552276	0.526916	0.366832	0.0457252
20185	-0.233776	-0.23921	4.12585	2.01156	0.48755	0.931061	2.90633	4.20005	2.1029	0.500685	7.2922	0.678423	0.494176	0.375584	0.0461387
20186	-0.174517	-0.173226	4.00661	1.83897	0.458985	0.878423	2.86719	4.22146	2.0486	0.485281	8.33797	0.554341	0.472476	0.372949	0.0459537
20187	-0.192073	-0.16123	3.8452	1.94472	0.505753	0.866098	2.89596	4.16171	1.97623	0.47486	8.34703	0.559863	0.489696	0.373521	0.0462964
20188	-0.127759	-0.147967	3.93157	2.12545	0.540611	0.907787	2.90118	3.97133	2.11725	0.533135	8.66999	0.536178	0.536854	0.354054	0.0462186
20189	-0.177228	-0.200399	4.30147	2.1053	0.489438	0.87143	2.87507	4.20347	2.03042	0.483036	8.6011	0.549842	0.486274	0.363884	0.0467693
20190	-0.167843	-0.208238	3.91255	2.01221	0.514296	0.876671	2.85467	3.84878	2.00387	0.520651	8.59883	0.545505	0.517447	0.368799	0.0470292
20191	-0.164418	-0.1905	4.21473	2.11282	0.501295	0.820311	2.89767	4.15285	1.99679	0.480823	9.83486	0.484846	0.491135	0.367266	0.0471882
20192	-0.16869	-0.168242	4.29946	2.14434	0.498745	0.863015	2.88033	3.95304	2.06844	0.523253	8.73134	0.532208	0.510485	0.355587	0.0475622
20193	-0.164113	-0.163307	3.79705	2.05232	0.540505	0.857667	2.85781	3.8453	2.04193	0.531019	8.74221	0.522017	0.535732	0.357985	0.047756
20194	-0.166683	-0.154349	3.90817	2.01949	0.516737	0.855574	2.85451	4.14565	2.12773	0.513243	8.66329	0.522505	0.514939	0.353175	0.0480072
20195	-0.164123	-0.121077	3.54135	1.81706	0.513098	0.869262	2.86843	3.79002	1.99818	0.527223	8.36905	0.533942	0.5204	0.369449	0.0483963
20196	-0.204138	-0.126138	3.87501	1.93107	0.49834	0.911393	2.85789	3.96498	1.96911	0.496625	7.15554	0.622205	0.497473	0.363485	0.0485901
20197	-0.161184	-0.0675846	4.152	1.93287	0.465528	0.897054	2.9296	4.26983	2.07756	0.486568	8.02159	0.559933	0.476195	0.359083	0.0487642
20198	-0.102526	-0.136007	3.92426	1.96206	0.499983	0.917972	2.90458	4.40995	2.14265	0.485867	8.87748	0.520708	0.492514	0.360353	0.0488015
20199	-0.104948	-0.0482105	3.88091	1.95278	0.503176	0.811974	2.86176	4.14697	1.9841	0.478445	10.0719	0.420374	0.490401	0.349805	0.0492137
20200	-0.0348129	-0.0556064	4.23268	2.03973	0.481902	0.828428	2.87296	3.87687	1.91688	0.494442	11.5092	0.372592	0.487897	0.351567	0.0492649
20201	0.0415419	0.0243666	4.10846	1.95211	0.475145	0.877637	2.87225	4.12406	2.02169	0.490217	11.602	0.349528	0.482695	0.337967	0.0492633
20202	0.0744659	-0.00290146	3.9892	1.94161	0.486716	0.879391	2.86513	4.19743	2.05179	0.488821	12.6957	0.323952	0.487795	0.340026	0.0493528
20203	0.141796	0.0581805	4.14076	1.98953	0.480473	0.776034	2.81979	4.07332	2.10745	0.517378	18.9592	0.201129	0.498774	0.317688	0.0496818
20204	0.105572	0.0317137	4.20146	1.89936	0.452072	0.753947	2.73484	3.95419	2.0348	0.514592	17.3812	0.210195	0.482385	0.317199	0.0497494
20205	0.118112	0.0498893	3.63851	1.80991	0.49743	0.659173	2.74834	4.04526	1.96699	0.486244	24.8734	0.146374	0.491541	0.325339	0.0498873
20206	0.053468	0.0862338	3.96926	2.02323	0.509724	0.765081	2.75121	3.99387	2.0686	0.517942	14.0248	0.253196	0.513846	0.302716	0.0501387
20207	0.15434	0.0891457	3.8924	2.15811	0.554441	0.690064	2.70353	4.21796	2.01563	0.477869	23.8153	0.1435	0.514618	0.290584	0.0504176
20208	0.107364	0.0418536	4.04709	2.13927	0.528595	0.718001	2.71178	3.9715	1.94407	0.489505	19.1176	0.186439	0.509235	0.30394	0.0506779
20209	0.0926952	0.0462307	3.89267	1.89546	0.486932	0.551965	2.585	3.88796	1.75775	0.4521	30.5571	0.105464	0.469526	0.30618	0.0507351
20210	-0.074111	0.00728356	3.56457	1.80444	0.506216	0.572633	2.57348	4.26151	2.03783	0.478194	15.744	0.209139	0.490958	0.300061	0.0510596
20211	0.0658494	0.0100581	3.86378	1.82945	0.473488	0.690984	2.63802	4.00608	1.9108	0.476976	17.6723	0.195396	0.475263	0.315932	0.051646
20212	0.0631447	0.070856	4.13667	1.92979	0.466509	0.502848	2.54068	3.90359	1.99852	0.511971	31.5509	0.0966697	0.488581	0.279748	0.0517406
20213	0.0523635	0.0676991	3.96603	1.9009	0.479296	0.583456	2.57082	4.11832	1.97444	0.479429	22.2138	0.14103	0.479364	0.287952	0.0518966
20214	0.0103263	0.0108395	3.85247	1.85166	0.480642	0.559112	2.58645	4.11019	2.00737	0.488388	22.027	0.150583	0.484641	0.300685	0.0521345
20215	-0.0749904	-0.019566	3.98928	1.98974	0.498771	0.620043	2.68248	4.24181	1.98674	0.46837	15.1138	0.241536	0.483104	0.314714	0.0525213
20216	-0.0337914	0.0277617	3.8706	1.88116	0.486013	0.785842	2.72577	3.70315	1.89452	0.511598	10.8355	0.335899	0.498523	0.325338	0.0532082
20217	-0.0320164	0.0282	3.74496	1.89054	0.504824	0.848628	2.83341	4.20214	2.05627	0.489339	10.1468	0.387767	0.496636	0.332756	0.0535182
20218	0.0760535	0.0159471	3.85729	1.99854	0.518121	0.894398	2.89283	4.03239	1.94526	0.48241	12.3587	0.334844	0.499869	0.344225	0.0537556
20219	0.0230102	0.0347399	4.11914	2.11518	0.5135	0.94255	2.91088	3.46387	1.87508	0.541323	9.78316	0.422777	0.526209	0.34147	0.0540777
20220	0.0737336	0.039363	4.14693	2.14376	0.516953	0.826358	2.85126	3.87034	1.91103	0.493763	13.9587	0.283221	0.505758	0.32784	0.0541148
20221	0.0976994	0.0622338	4.24317	2.05121	0.483415	0.869759	2.83728	4.00695	1.95808	0.48867	12.9193	0.298038	0.485967	0.324521	0.0542174
20222	0.0603875	0.0709822	4.19666	2.15146	0.51266	0.714716	2.74339	3.72452	1.95681	0.525386	16.6807	0.214073	0.518644	0.303046	0.0547122
20223	0.144998	0.133205	4.26682	2.21916	0.520096	0.650654	2.67312	3.86026	1.95463	0.506347	25.2307	0.127844	0.513566	0.278814	0.0547467
20224	0.14866	0.132285	4.25304	2.14652	0.504702	0.640598	2.66018	3.75113	1.92896	0.514235	26.4057	0.121001	0.50917	0.281707	0.0549361
20225	0.176074	0.148072	3.96655	2.14397	0.540514	0.648254	2.66844	4.01559	2.03192	0.506008	28.4914	0.111477	0.523155	0.275616	0.0553656
20226	0.156783	0.172621	4.17721	2.09105	0.500586	0.676027	2.62504	3.94344	2.04779	0.51929	22.3073	0.134807	0.509669	0.266577	0.0553168
20227	0.155891	0.159764	4.03593	1.99689	0.494777	0.591852	2.59978	4.08246	2.07228	0.507606	31.325	0.0950311	0.501228	0.267916	0.0557804
20228	0.185558	0.172956	4.05849	2.02662	0.499352	0.683968	2.63341	4.00273	2.06296	0.515388	24.3701	0.124206	0.507315	0.270213	0.0561075
20229	0.133061	0.185251	4.12356	1.88037	0.456007	0.623275	2.6616	4.252	2.02972	0.477356	25.5183	0.120155	0.466845	0.281753	0.0565296
20230	0.225718	0.232806	4.04187	1.96504	0.48617	0.727882	2.69543	4.07982	2.14626	0.526068	24.0494	0.126085	0.506212	0.269516	0.0568392
20231	0.188006	0.222844	4.11053	2.08123	0.506318	0.612674	2.67833	3.86509	1.9287	0.499005	33.4329	0.0901717	0.502774	0.273305	0.0570579
20232	0.294052	0.202675	4.32938	2.06499	0.47697	0.709062	2.72909	3.97583	1.96991	0.495471	37.0589	0.0861163	0.485827	0.283498	0.0570407
20233	0.131645	0.190488	3.86602	1.92269	0.497331	0.715061	2.74532	3.96658	1.97394	0.497642	19.1764	0.170187	0.497489	0.295268	0.0571041
20234	0.195627	0.148443	4.27178	1.98118	0.463783	0.694262	2.73062	3.97303	2.07029	0.521085	26.8167	0.124319	0.491396	0.291603	0.0574243
20235	0.131941	0.114368	3.98878	2.0227	0.507096	0.694534	2.67633	4.02115	2.00708	0.49913	20.7376	0.158255	0.503097	0.289471	0.0578224
20236	0.234562	0.216183	3.93686	1.95274	0.496014	0.698318	2.71045	3.88643	1.95497	0.503024	28.9273	0.107535	0.499497	0.284804	0.0579581
20237	0.0638572	0.153602	4.06889	1.96808	0.483689	0.650666	2.74125	3.72886	1.94087	0.5205	19.4453	0.172173	0.501292	0.299944	0.0583238
20238	0.2353	0.148548	4.03184	1.99339	0.494411	0.764491	2.75133	3.83594	1.86346	0.48579	24.1908	0.140022	0.490208	0.305237	0.058732
20239	0.212125	0.168926	4.07813	1.85772	0.455533	0.846906	2.81142	3.97282	1.90702	0.480017	17.3293	0.201474	0.467615	0.316906	0.0589024
20240	0.175613	0.126336	3.84965	1.87532	0.48714	0.8912	2.83317	3.81176	1.81152	0.475246	14.3086	0.256032	0.481222	0.332033	0.0591022
20241	0.134312	0.136984	4.05737	1.90197	0.468769	0.797252	2.80502	4.11706	1.95883	0.475785	16.197	0.219745	0.472303	0.315617	0.0589404
20242	0.228146	0.192982	3.97413	2.01516	0.507071	0.844647	2.83952	3.95277	1.98185	0.501382	18.4285	0.190037	0.504234	0.304738	0.0593186
20243	0.184001	0.172402	4.08911	2.05205	0.501834	0.951937	2.91471	4.03597	1.97514	0.489385	12.7521	0.294863	0.49565	0.318372	0.0594012
20244	0.205864	0.158912	3.92171	1.9413	0.495015	0.897572	2.89149	3.87638	1.89594	0.489099	15.6063	0.23923	0.492074	0.327381	0.0594478
20245	0.152175	0.15157	4.10266	2.02875	0.494497	0.946618	2.91817	3.88927	1.97139	0.506878	12.1273	0.31557	0.500522	0.323685	0.0596953
20246	0.0613897	0.108676	3.78975	1.86774	0.492839	0.883924	2.92292	3.7648	1.9136	0.508289	11.7062	0.338281	0.500539	0.343782	0.0602468
20247	0.101223	0.0901348	3.72427	1.82759	0.490723	0.87421	2.84854	3.93063	1.96691	0.500407	12.7342	0.298754	0.495695	0.334024	0.0602062
20248	0.0802391	0.0923215	3.81906	1.86571	0.488527	0.827905	2.80818	3.55645	1.76813	0.497161	13.1947	0.279502	0.49269	0.336738	0.0603017
20249	0.172702	0.17475	3.84051	1.95347	0.50865	0.892828	2.8923	3.58697	1.81523	0.506063	14.2409	0.25929	0.507401	0.328922	0.0602744
20250	0.152118	0.142407	3.98533	1.96261	0.492459	0.861545	2.91517	3.79575	1.90726	0.502472	15.2761	0.251643	0.497344	0.331962	0.0606207
20251	0.191984	0.189156	3.90138	1.88549	0.483288	0.85692	2.91084	4.21666	1.92859	0.457372	16.7538	0.22107	0.469827	0.326954	0.0610278
20252	0.201961	0.202588	3.77856	1.88015	0.497584	0.956068	2.97006	4.02407	1.86726	0.464022	13.4679	0.284338	0.480275	0.338275	0.0609503
20253	0.314517	0.273164	3.69504	1.82043	0.492667	0.957884	2.92495	3.88925	1.85815	0.477765	16.9886	0.20696	0.485025	0.323473	0.061216
20254	0.29771	0.25701	3.83317	1.84326	0.480871	1.11537	3.04407	3.97773	1.87545	0.471487	11.6185	0.334282	0.476092	0.343171	0.0616816
20255	0.245709	0.292722	3.8743	1.951	0.503576	1.02064	3.05106	3.58996	1.79842	0.50096	12.6697	0.300262	0.502317	0.336677	0.0622324
20256	0.268677	0.251551	3.75172	1.99307	0.531241	0.987735	2.98825	3.84904	1.89292	0.49179	14.4853	0.258522	0.511263	0.325269	0.0623776
20257	0.325067	0.24876	3.70243	1.88625	0.509463	1.02689	3.0233	3.80455	1.89152	0.497172	15.629	0.246275	0.503234	0.337612	0.0625351
20258	0.240626	0.165704	4.11127	1.92607	0.468486	0.896933	2.98424	4.21827	1.88054	0.445808	18.443	0.215369	0.457001	0.342967	0.0630341
20259	0.194876	0.205149	3.9511	1.92928	0.48829	0.963533	2.88698	3.77942	1.78498	0.472289	12.173	0.295417	0.480467	0.326298	0.0632822
20260	0.187455	0.20174	4.08057	1.88562	0.462098	0.871857	2.8891	3.75753	1.84824	0.491877	15.4181	0.234203	0.476374	0.326047	0.0637009
20261	0.129421	0.168881	3.99223	1.83884	0.460606	0.841906	2.90664	4.25063	1.92563	0.453022	14.7652	0.253817	0.456695	0.33245	0.0638294
20262	0.18235	0.195754	4.20015	2.1165	0.503912	0.900542	2.89796	3.80007	2.02411	0.532651	14.1564	0.2579	0.517563	0.306081	0.0640649
20263	0.168437	0.169506	3.96434	2.12348	0.535645	0.970641	2.97345	3.87971	1.99511	0.514241	12.2172	0.321765	0.525059	0.323169	0.0644956
20264	0.0948084	0.109376	3.93744	2.01533	0.511838	0.99703	2.95728	4.34893	2.10769	0.484647	9.9638	0.407002	0.497567	0.329773	0.064716
20265	0.105441	0.0700978	4.31653	2.16533	0.501636	1.09003	2.99915	4.06346	2.00381	0.493128	8.84994	0.484711	0.497511	0.339808	0.0651711
20266	-0.00254749	-0.00476992	4.20278	2.06759	0.491957	1.01571	2.97294	3.58188	1.85928	0.519079	8.55158	0.518429	0.504436	0.360931	0.0652032
20267	0.0556106	0.0613557	4.43722	2.15021	0.484584	0.908862	2.98737	3.92441	1.96416	0.500499	11.7597	0.364019	0.492054	0.342314	0.0655933
20268	0.137417	0.118661	4.00461	2.07875	0.51909	0.973078	2.97151	4.08253	1.96253	0.480715	11.6546	0.349165	0.499718	0.334985	0.0656668
20269	0.0688491	0.109442	3.94835	2.01125	0.50939	1.02905	2.96886	4.31121	1.88191	0.436516	8.8681	0.460993	0.471352	0.344393	0.0659874
20270	0.0765767	0.0634541	4.0217	2.01957	0.50217	0.913294	2.92876	4.29253	1.96843	0.458572	11.7269	0.350048	0.479661	0.3399	0.0663262
20271	-0.0349498	0.0197811	3.93096	1.81181	0.460908	0.996194	3.00669	4.10943	2.10706	0.512738	8.39081	0.531629	0.487398	0.362825	0.0667006
20272	-0.00581108	-0.0602244	4.01638	2.05415	0.511443	1.04619	3.03679	4.13472	2.08332	0.503859	8.66667	0.553356	0.507596	0.367025	0.0670837
20273	-0.0801608	-0.00438574	4.00399	2.06456	0.515624	1.1518	3.09049	4.13542	2.02504	0.489682	6.3109	0.758864	0.502444	0.36941	0.0673963
20274	-0.0410489	0.00617761	3.94861	1.95661	0.495519	1.03466	3.01802	3.97412	1.96216	0.493734	7.83931	0.578572	0.494624	0.366684	0.0675746
20275	-0.0226681	0.00054483	4.00319	1.87754	0.469011	0.961006	2.96282	3.95596	1.85569	0.469088	9.0688	0.483807	0.469049	0.370249	0.0676385
20276	-0.0829309	-0.0410719	4.04364	1.94585	0.481212	0.978223	2.97822	3.92229	1.88445	0.480445	8.09571	0.563024	0.480834	0.373159	0.068043
20277	-0.00195315	0.0371761	3.59313	1.89318	0.52689	0.945051	2.96088	4.03394	1.84059	0.456277	9.53155	0.448409	0.489543	0.364124	0.0679494
20278	0.100196	0.0412468	3.77774	1.68997	0.447348	1.00704	2.95397	3.98627	1.95129	0.489503	10.3164	0.411187	0.468992	0.368201	0.0681451
20279	0.061871	-0.0167209	3.97048	1.99595	0.502698	0.837752	2.94703	4.15027	2.0592	0.496161	14.5913	0.300996	0.499357	0.351404	0.0683149
20280	-0.0271356	-0.0443802	3.83886	1.80896	0.471224	0.968998	2.95132	3.97184	1.82999	0.46074	9.04404	0.496141	0.465893	0.381513	0.0682907
20281	-0.00245597	-0.0218337	3.7953	1.85203	0.487979	1.00991	2.96718	3.8251	1.91196	0.499845	8.71725	0.512443	0.493935	0.372528	0.068353
20282	-0.110556	-0.0583002	3.75441	1.77353	0.472385	0.926733	2.93776	3.87445	1.93947	0.50058	8.34261	0.537984	0.486704	0.376827	0.0684316
20283	-0.0684203	-0.0990546	3.71296	1.76068	0.4742	0.99358	2.95772	3.86817	1.91678	0.495528	8.28473	0.563922	0.485082	0.388577	0.0687438
20284	-0.0983349	-0.0948536	3.69708	1.76031	0.476135	0.990353	2.94113	3.75589	1.91099	0.508798	7.77663	0.592621	0.492595	0.385737	0.0690563
20285	-0.172301	-0.0919429	3.75502	1.94688	0.518475	0.938873	2.92942	3.93327	1.94108	0.493502	7.39334	0.617353	0.505699	0.369988	0.0695598
20286	-0.014905	-0.0960362	3.88729	1.96629	0.505824	0.927359	2.91551	4.08411	1.96086	0.48012	10.2149	0.44393	0.492655	0.366143	0.0697094
20287	-0.127762	-0.092854	4.07983	1.99215	0.488292	0.986837	2.94505	3.84949	1.8735	0.486689	7.42866	0.621166	0.487514	0.373884	0.0702167
20288	-0.0984198	-0.0869229	3.79491	1.96582	0.518017	0.95401	2.9313	3.97034	2.04329	0.51464	8.22464	0.553804	0.51629	0.362385	0.0706053
20289	-0.0413817	-0.0898717	4.00601	2.00087	0.499467	0.894063	2.94675	4.39287	2.1034	0.478821	10.5377	0.437528	0.488669	0.359778	0.0710545
20290	-0.0656183	-0.0548869	3.76347	1.99888	0.531125	0.98145	2.97448	4.27182	2.27615	0.532829	8.37053	0.548176	0.532031	0.349354	0.0713215
20291	-0.0637474	-0.102638	3.86383	1.85249	0.479443	0.934099	3.00949	4.51117	2.31768	0.513765	9.72717	0.497849	0.497931	0.367458	0.0715443
20292	-0.0609777	-0.0514779	4.06528	1.96577	0.483551	1.08533	3.03798	4.45731	2.22783	0.499816	7.26383	0.657006	0.492057	0.36277	0.0720722
20293	-0.0844481	-0.0355823	3.99677	1.96872	0.492579	0.896385	3.03423	4.26843	2.16249	0.506623	9.79564	0.481017	0.499832	0.363285	0.0722598
20294	-0.0570471	-0.060327	4.19632	1.90448	0.453845	1.06803	3.09261	4.11301	2.0899	0.50812	7.8536	0.632897	0.480711	0.383667	0.0724498
20295	-0.16654	-0.104109	3.86183	1.93404	0.50081	1.10181	3.10238	3.82404	1.88074	0.491819	6.39122	0.804354	0.496336	0.402678	0.0729729
20296	-0.110911	-0.0713925	4.16984	1.89083	0.453453	1.1268	3.1219	3.91071	2.00107	0.511689	6.65637	0.765968	0.481637	0.395899	0.073148
20297	-0.00254623	-0.0719178	4.01369	1.99438	0.496894	1.0173	3.10698	3.95647	2.02885	0.512792	9.71581	0.520048	0.504786	0.385845	0.0726271
20298	-0.0748137	-0.102664	4.10056	2.0406	0.497639	1.18905	3.16155	3.69523	1.82993	0.495214	6.67048	0.798677	0.49649	0.407782	0.0726763
20299	-0.126046	-0.159525	4.00038	2.03628	0.509022	1.13822	3.17484	4.16854	2.03509	0.488201	6.95584	0.799183	0.498397	0.405835	0.0726467
20300	-0.196336	-0.187948	4.32019	2.0928	0.484422	1.15894	3.16644	4.10157	2.12983	0.519271	6.12589	0.918391	0.501394	0.399941	0.0729121
20301	-0.286584	-0.296485	4.18144	2.04268	0.488511	1.09771	3.1361	4.14231	1.99095	0.480638	6.1487	0.95814	0.484593	0.422179	0.0731947
20302	-0.245634	-0.280431	4.19509	2.10165	0.50098	1.17155	3.20635	4.12255	1.94475	0.471734	6.05339	1.0042	0.486485	0.429066	0.0733603
20303	-0.269604	-0.265358	4.04557	1.96025	0.484542	1.20781	3.20359	3.71459	1.7946	0.483122	5.51299	1.09138	0.483862	0.444939	0.0734602
20304	-0.317162	-0.339685	4.13336	1.97946	0.478898	1.04924	3.052	3.88669	1.72245	0.443166	6.16133	0.933528	0.461582	0.437335	0.0734867
20305	-0.322515	-0.30179	4.26611	1.99103	0.466708	1.06512	3.02785	3.97887	1.81993	0.457399	5.75766	0.96276	0.462215	0.421176	0.0735054
20306	-0.302333	-0.26664	4.27608	1.98312	0.463771	1.01449	3.10515	3.90523	1.9993	0.511955	6.55641	0.86701	0.486771	0.416587	0.0735019
20307	-0.18623	-0.200347	4.14813	2.10652	0.507824	1.11825	3.09858	4.25841	1.95123	0.458206	6.39548	0.850829	0.48269	0.401498	0.0738033
20308	-0.254603	-0.204736	3.77246	1.86666	0.494813	1.16171	3.1049	3.72631	1.8387	0.493437	5.46058	1.00298	0.494129	0.425093	0.0740006
20309	-0.26371	-0.205211	3.8648	1.97127	0.510058	1.15717	3.14777	4.01678	1.96506	0.489213	5.56864	1.00945	0.499435	0.416698	0.074619
20310	-0.299382	-0.220505	3.93206	1.88415	0.479177	1.1122	3.08851	3.8924	1.93583	0.497337	5.49521	0.996287	0.488211	0.417575	0.0750654
20311	-0.190363	-0.177793	3.90854	1.90942	0.488524	1.13198	3.14217	3.71406	1.83943	0.495262	6.30346	0.874294	0.491807	0.423765	0.0752973
20312	-0.16448	-0.131204	3.44687	1.78656	0.518315	1.0308	3.07	3.62079	1.90098	0.525018	7.17286	0.714341	0.521749	0.410065	0.0751807
20313	-0.0877405	-0.0705599	3.6822	1.7891	0.485876	1.02198	3.07953	3.84589	1.87813	0.488348	8.05776	0.615744	0.487139	0.403628	0.0756391
20314	-0.0557345	-0.0721647	3.78061	1.78928	0.473279	0.94511	2.99035	4.03769	1.83908	0.455479	9.36314	0.500845	0.464086	0.392669	0.0759853
20315	-0.0979447	-0.132368	3.87172	1.80667	0.466632	0.965021	2.99129	3.79716	1.93575	0.509791	8.63553	0.564948	0.488002	0.394719	0.0758562
20316	-0.0764266	-0.118965	3.73589	1.84789	0.494633	1.08151	3.04575	3.88734	1.8433	0.474179	7.46968	0.670406	0.484203	0.404292	0.0758114
20317	0.064315	-0.0158195	4.00344	2.00687	0.501287	1.06602	3.07974	3.90042	1.77994	0.456346	9.54993	0.501706	0.47911	0.387608	0.0758735
20318	-0.117185	-0.0995206	3.89444	1.99717	0.512827	1.09324	3.11579	3.72549	1.69844	0.455897	7.05624	0.732561	0.484993	0.411664	0.0759039
20319	-0.0346534	-0.0765559	3.90219	1.93593	0.496114	1.13707	3.10749	3.89825	1.75645	0.450574	7.38428	0.686466	0.473356	0.407149	0.0761801
20320	-0.0170387	-0.0553958	4.20625	2.03494	0.48379	1.18709	3.12823	3.74599	1.82603	0.487463	6.99036	0.72496	0.48552	0.396356	0.0763572
20321	-0.0294539	-0.0536669	3.77849	1.95445	0.517257	1.14637	3.16231	3.76758	1.79069	0.475288	7.48065	0.691285	0.496303	0.408544	0.0767535
20322	-0.0243374	-0.0596656	4.03342	1.96843	0.488029	1.08128	3.10197	4.09702	1.9373	0.472856	8.17731	0.6112	0.480383	0.390298	0.0772164
20323	-0.102844	-0.0497897	3.80953	1.95777	0.513914	1.05621	3.11535	3.55724	1.81742	0.510909	7.45732	0.671698	0.512463	0.398948	0.0773622
20324	-0.0526953	-0.0606699	4.20788	2.06606	0.490997	1.03998	3.08057	3.49177	1.87894	0.538104	8.26451	0.596974	0.51236	0.384851	0.0771925
20325	-0.0793782	-0.103039	4.00827	2.0359	0.507925	0.987315	3.03641	3.88828	1.87524	0.482279	8.66219	0.568917	0.495297	0.386623	0.0775352
20326	-0.0528332	-0.0593801	4.07072	1.98433	0.487463	0.892471	2.94267	3.77385	1.89586	0.502368	10.0854	0.4468	0.494633	0.367469	0.0776756
20327	-0.0223343	-0.0124083	3.87531	1.90014	0.490319	1.06649	3.00083	4.0062	1.86632	0.465857	7.65858	0.592772	0.477885	0.376156	0.0784531
20328	0.13149	0.0499741	3.69157	1.8401	0.498459	0.968543	2.99247	3.58951	1.85591	0.517036	12.3573	0.350329	0.507618	0.36946	0.0789314
20329	-0.0245977	0.0324368	4.20712	1.92104	0.456618	1.04478	3.0462	3.90952	1.87463	0.479505	7.94247	0.571784	0.467642	0.374425	0.0795643
20330	0.0196009	-0.0435951	3.76113	1.89922	0.50496	1.05445	3.05223	4.02257	1.88683	0.469062	8.94949	0.535457	0.486408	0.387696	0.0794149
20331	-0.172291	-0.030573	3.7037	1.88767	0.509671	1.10771	3.07597	3.90695	1.88474	0.482406	5.89031	0.819196	0.495674	0.390197	0.0799414
20332	-0.093321	-0.0257062	3.9047	1.79106	0.458694	1.08116	3.11359	4.11862	2.01083	0.488231	7.14456	0.689697	0.473856	0.393339	0.0803866
20333	0.111413	-0.0033747	3.89825	1.91848	0.492138	1.16035	3.13585	3.52556	1.77902	0.504606	8.95666	0.550132	0.498059	0.399991	0.0805115
20334	0.0472797	-0.029919	4.21178	2.02287	0.48029	1.16024	3.10374	3.98831	1.82567	0.457756	7.92769	0.619335	0.46933	0.389577	0.0809783
20335	-0.107662	-0.02776	3.85277	1.8412	0.477889	1.11828	3.11175	3.75532	1.94862	0.518897	6.55824	0.75146	0.49813	0.394131	0.0810711
20336	0.00975306	-0.067251	3.75099	1.92993	0.514513	1.10428	3.15523	4.03927	1.94473	0.481456	8.66822	0.59899	0.497373	0.401324	0.0810195
20337	0.00462818	-0.0600206	3.85436	1.9684	0.510694	1.15442	3.21819	3.81249	1.7448	0.457653	8.129	0.661009	0.484319	0.419923	0.0811324
20338	-0.0341464	-0.10105	4.04045	2.07362	0.513216	1.18556	3.20592	3.67177	1.79994	0.49021	7.351	0.743848	0.502263	0.413891	0.0811526
20339	-0.142612	-0.111903	4.09395	1.92852	0.471067	1.25701	3.23196	3.81354	1.91358	0.501786	5.7079	0.979471	0.485881	0.421271	0.0813954
20340	-0.181491	-0.140629	3.75555	1.8659	0.49684	1.19855	3.20291	3.58584	1.83374	0.511383	5.8699	0.952252	0.503943	0.430461	0.0814017
20341	-0.207785	-0.216174	3.87159	1.89872	0.490424	1.22335	3.24574	3.99304	1.79483	0.44949	5.85152	1.02408	0.469641	0.448003	0.0815378
20342	-0.174878	-0.215618	3.78077	1.89318	0.500739	1.28085	3.26866	3.69455	1.96325	0.531391	5.7288	1.05957	0.515888	0.440529	0.0817506
20343	-0.217848	-0.208581	3.94801	1.91705	0.485573	1.27631	3.27767	3.69811	1.96157	0.530427	5.4441	1.11625	0.507267	0.439395	0.0818618
20344	-0.0701132	-0.199807	3.52558	1.82102	0.516516	1.20997	3.26461	3.85125	1.98038	0.514216	7.32463	0.819304	0.515315	0.441255	0.0819649
20345	-0.16498	-0.190624	3.80471	1.77964	0.467747	1.17274	3.22149	3.84429	2.00321	0.521087	6.50605	0.894746	0.494555	0.434969	0.0817975
20346	-0.226805	-0.187714	4.03122	1.89263	0.469493	1.14065	3.1768	3.89332	2.0746	0.532861	6.05369	0.934961	0.500626	0.416466	0.0820664
20347	-0.151745	-0.140665	3.69553	1.90103	0.514414	1.09039	3.09641	3.84202	1.98238	0.515973	6.79155	0.771447	0.515208	0.402955	0.0821089
20348	-0.12326	-0.0649464	3.92625	1.93101	0.49182	1.01259	3.06332	3.9605	1.85113	0.467399	7.58517	0.645078	0.479557	0.392903	0.0826181
20349	-0.120543	-0.112754	3.66888	1.80513	0.49201	1.12048	3.12091	3.86195	1.84186	0.476925	6.78942	0.770064	0.484274	0.417641	0.0826003
20350	-0.0770698	-0.114809	3.75923	1.86782	0.496862	1.11004	3.08589	3.86033	1.88473	0.488229	7.26953	0.704617	0.492488	0.405768	0.0831956
20351	-0.0896067	-0.167415	3.83508	2.01444	0.525267	1.12717	3.09127	4.09667	2.07026	0.505352	7.17242	0.740269	0.514981	0.394033	0.0836871
20352	-0.156198	-0.150766	4.15629	2.00719	0.482929	1.07551	3.06147	3.97011	1.96094	0.493925	6.80146	0.758549	0.488301	0.39409	0.0838559
20353	-0.141409	-0.178239	4.26535	2.12527	0.498263	1.02198	3.00236	4.40372	2.07794	0.471859	7.47429	0.676734	0.48485	0.37578	0.0838741
20354	-0.140518	-0.111092	4.28478	2.03377	0.47465	1.0542	3.03311	3.50424	1.89191	0.539893	6.92613	0.713677	0.504003	0.386461	0.0841552
20355	-0.158824	-0.142069	3.87898	2.00874	0.517852	1.10398	3.09283	3.76168	1.83517	0.487858	6.5622	0.797339	0.503086	0.405094	0.0840454
20356	-0.162379	-0.155237	3.93111	1.81469	0.461623	1.12633	3.13304	4.0981	2.01235	0.491044	6.51069	0.830383	0.476639	0.414071	0.0844321
20357	-0.117562	-0.134232	3.85304	1.78859	0.464202	1.188	3.16148	3.68811	1.91474	0.519166	6.37243	0.852243	0.491083	0.423168	0.0843044
20358	-0.234282	-0.191015	3.86956	1.7896	0.462482	1.12377	3.2005	4.24155	2.00886	0.473615	6.23666	0.922156	0.468304	0.430984	0.0847199
20359	-0.181256	-0.195264	3.64208	1.92793	0.529349	1.22154	3.21518	3.85236	1.87377	0.486395	5.91067	0.983913	0.507269	0.433508	0.0849968
20360	-0.0581294	-0.116605	3.93594	1.92571	0.489265	1.23551	3.22818	4.01033	1.98318	0.494518	6.68507	0.836758	0.491916	0.417208	0.0851517
20361	0.0368473	-0.0521184	3.80411	1.89127	0.497165	1.20898	3.17403	3.76602	1.9487	0.517444	7.57551	0.686953	0.507253	0.404035	0.0851788
20362	0.0500308	-0.0262774	3.7483	1.80598	0.481814	1.10091	3.08255	4.16404	1.95419	0.469302	8.7516	0.552174	0.475229	0.39132	0.0852122
20363	-0.0625286	-0.0779881	3.86386	1.85844	0.48098	1.02468	3.05532	3.94942	1.97225	0.499377	8.30572	0.591015	0.490279	0.390631	0.0854812
20364	-0.216432	-0.158976	4.07437	1.86915	0.458757	1.09159	3.01901	4.06009	2.08224	0.512855	5.903	0.855464	0.485758	0.389988	0.0858876
20365	-0.0200358	-0.0327153	3.80362	1.97402	0.518985	0.910676	2.98222	3.77256	2.0089	0.532504	10.4937	0.433112	0.525717	0.363397	0.0857662
20366	-0.0317181	-0.034108	4.02576	1.81329	0.450422	0.956015	2.99664	4.30508	1.95949	0.455159	9.41499	0.487808	0.45287	0.378483	0.0860355
20367	0.0803584	0.0518889	3.86468	1.86941	0.483717	0.999593	2.98694	3.74855	1.8747	0.500112	10.1948	0.422497	0.49179	0.365278	0.0859842
20368	-0.00795014	0.0377232	3.87004	1.85541	0.47943	0.88514	2.95915	3.71565	1.84183	0.495695	10.7004	0.398805	0.487397	0.366042	0.0862491
20369	0.054759	0.0153715	3.77143	1.84307	0.488693	1.00904	2.99445	3.83103	1.80475	0.471087	9.74558	0.455331	0.479821	0.378318	0.0865865
20370	0.110562	0.0558357	3.81274	1.85138	0.485577	0.971391	2.99288	3.81934	1.98873	0.520702	11.6409	0.370514	0.503155	0.35974	0.0868052
20371	0.0555219	0.0809017	4.02361	1.77387	0.440865	0.873354	2.91132	3.87622	1.80077	0.464567	11.9777	0.334425	0.452495	0.359207	0.0872985
20372	0.0857411	0.0564899	3.5445	1.90694	0.538	0.936535	2.92655	3.78072	1.79221	0.47404	11.3798	0.361925	0.504989	0.35773	0.0874894
20373	-0.0705639	-0.00547768	3.68733	1.83009	0.496318	0.910896	2.84252	4.04434	1.89333	0.468144	8.42044	0.481632	0.48158	0.352698	0.087277
20374	0.0664538	0.0367311	3.93281	1.88876	0.480258	0.885325	2.84321	3.94655	1.94597	0.493082	11.746	0.335275	0.486682	0.339385	0.087557
20375	-0.0101551	-0.020044	4.11483	2.02903	0.493102	0.768502	2.78291	4.03216	1.89349	0.469598	12.9581	0.303153	0.481469	0.333771	0.0879589
20376	0.037873	0.0478983	3.69864	1.83914	0.497246	0.80321	2.76531	3.60255	1.9418	0.539007	12.6068	0.29287	0.517852	0.328185	0.0881272
20377	-0.0138598	-0.025445	3.73369	1.82581	0.489008	0.776835	2.74703	3.7631	1.99614	0.530451	12.2947	0.312599	0.509811	0.334684	0.0882171
20378	-0.0348309	0.00840963	3.86241	1.85506	0.480286	0.762903	2.72673	3.90724	1.86875	0.47828	11.6115	0.318189	0.479277	0.331699	0.0884323
20379	0.076192	0.0600411	4.12063	1.97363	0.478964	0.704662	2.73889	3.66479	1.98446	0.541494	18.1688	0.197488	0.508398	0.312	0.0885802
20380	0.0680502	0.0682851	3.61155	1.96817	0.544966	0.712393	2.71369	3.7786	1.96705	0.520575	16.8558	0.207589	0.532495	0.307866	0.0887517
20381	0.0769749	0.00486141	3.7394	1.79964	0.481265	0.707034	2.70824	3.93471	1.8728	0.475969	18.4099	0.198487	0.478549	0.332335	0.0889714
20382	-0.148419	-0.083649	3.8103	1.93084	0.506744	0.593308	2.60272	3.69727	1.91219	0.517189	13.1173	0.27508	0.511888	0.319587	0.089032
20383	0.0765805	0.019062	4.05733	1.94157	0.478535	0.519637	2.55682	3.92527	1.99371	0.507918	32.8081	0.0981496	0.492983	0.290446	0.0893401
20384	0.0409114	-0.0395645	3.80626	1.86512	0.490013	0.50717	2.54741	4.03155	1.78132	0.441846	30.7845	0.108699	0.465237	0.314629	0.0894718
20385	0.0510343	0.0294741	3.75126	1.92015	0.511869	0.445581	2.49236	3.52541	1.8537	0.525813	38.9667	0.0778335	0.518625	0.28675	0.0898554
20386	-0.0682566	-0.0368913	4.27442	2.06086	0.482138	0.436192	2.4752	3.80608	1.95403	0.513398	24.7992	0.127234	0.496862	0.2822	0.0898898
20387	0.00624477	-0.0342671	3.9846	2.1242	0.533103	0.470032	2.44891	4.14503	2.01276	0.485583	28.6666	0.107549	0.508874	0.271569	0.0898844
20388	-0.039273	-0.0046077	3.99331	2.14566	0.537315	0.576556	2.58711	3.92551	1.97308	0.50263	17.7115	0.189623	0.520121	0.289729	0.0899656
20389	0.0371965	0.011377	3.97695	2.13391	0.53657	0.556112	2.51374	3.87418	1.94113	0.501043	23.2546	0.134637	0.519039	0.277639	0.0899795
20390	0.0257645	-0.00588553	4.03134	2.11244	0.524005	0.582374	2.50509	3.80685	1.90985	0.501687	20.3509	0.154907	0.513166	0.281648	0.0901508
20391	-0.00383249	-0.00257898	4.16727	1.96007	0.470349	0.395406	2.46508	3.82942	1.8081	0.472161	38.2036	0.0796957	0.471217	0.28785	0.0901869
20392	0.00443312	0.000265923	3.65228	1.98001	0.542131	0.568489	2.49613	3.77	1.85692	0.492551	19.5793	0.159079	0.516948	0.288804	0.0903253
20393	-0.0256112	-0.0140219	3.77936	1.91837	0.507592	0.495706	2.49353	3.93835	1.8197	0.462046	23.1363	0.135886	0.48435	0.296139	0.0903459
20394	-0.0586209	-0.0612825	4.17771	1.81324	0.434028	0.406413	2.46823	3.98558	1.92616	0.483283	29.5872	0.108128	0.458076	0.299712	0.0909034
20395	-0.0993772	-0.078325	3.69317	1.74365	0.472129	0.469899	2.50114	4.07626	2.05552	0.504267	20.5311	0.162038	0.48899	0.304615	0.0906837
20396	-0.198244	-0.0962071	3.94378	1.83796	0.466041	0.44043	2.47077	3.79479	1.98993	0.524385	16.1541	0.203952	0.494651	0.300976	0.0910601
20397	-0.164153	-0.152343	3.79316	1.8792	0.495418	0.553206	2.44823	3.83321	1.94771	0.508116	13.1421	0.257302	0.5018	0.306531	0.0910661
20398	-0.208734	-0.242781	3.94849	2.13631	0.541046	0.434309	2.42903	3.81629	1.93442	0.506885	17.2635	0.206752	0.524257	0.304892	0.0912517
20399	-0.261654	-0.232978	4.27839	2.0346	0.475553	0.488863	2.49022	4.038	1.82227	0.451282	13.1655	0.281638	0.463768	0.324747	0.0916769
20400	-0.336679	-0.3488	3.99928	2.04879	0.51229	0.455283	2.41599	3.89234	1.87243	0.481054	12.1875	0.313602	0.496883	0.327775	0.0921334
20401	-0.291982	-0.306278	3.83067	2.04295	0.533315	0.312374	2.34053	3.62591	1.94004	0.53505	19.1805	0.182623	0.534159	0.305527	0.0923459
20402	-0.301815	-0.293861	4.11876	2.09841	0.509476	0.387018	2.34738	3.80648	1.84695	0.485213	14.7024	0.237245	0.497822	0.306649	0.0925926
20403	-0.276945	-0.263172	4.08748	1.98217	0.484938	0.374309	2.40708	3.75172	1.9162	0.510753	16.8113	0.212066	0.497292	0.313887	0.0928078
20404	-0.279959	-0.280152	4.1184	1.92274	0.466867	0.423762	2.44174	3.9409	1.9239	0.488188	14.9603	0.247611	0.477293	0.32512	0.0933409
20405	-0.242059	-0.267853	4.08785	2.02969	0.496518	0.521222	2.49921	3.94084	1.93151	0.490127	13.1422	0.291299	0.493381	0.325904	0.0934758
20406	-0.325582	-0.327594	4.15202	1.98737	0.478652	0.560302	2.49594	3.92058	1.96151	0.500311	10.1586	0.392396	0.489171	0.335537	0.0933832
20407	-0.392482	-0.379188	3.94989	1.78729	0.452492	0.451108	2.51429	3.89055	2.10553	0.541191	11.7646	0.355822	0.496506	0.349779	0.093733
20408	-0.278427	-0.380832	3.92577	1.75174	0.446216	0.457788	2.5104	3.84514	1.92797	0.501405	15.4226	0.271006	0.473524	0.362331	0.0939158
20409	-0.407654	-0.391037	4.0336	1.82422	0.452256	0.50886	2.51938	3.92272	1.86863	0.47636	10.084	0.419999	0.46414	0.364567	0.0944502
20410	-0.363209	-0.412861	4.1695	1.8699	0.448471	0.549154	2.57438	3.98452	1.87033	0.469399	10.7203	0.416204	0.458698	0.373732	0.0949045
20411	-0.428266	-0.369395	3.89777	1.86596	0.478725	0.547718	2.55435	3.60787	1.82474	0.505767	8.97415	0.476272	0.491724	0.366821	0.095013
20412	-0.427297	-0.330869	3.85414	1.9783	0.513292	0.547202	2.56601	3.77527	1.92743	0.510542	8.83687	0.474824	0.511931	0.349561	0.0952457
20413	-0.411128	-0.371859	3.83463	2.08255	0.543091	0.496688	2.5451	3.93147	2.08708	0.530866	10.3244	0.412065	0.536902	0.337928	0.095688
20414	-0.26006	-0.303724	3.98267	1.93428	0.485673	0.563708	2.48503	3.90368	1.99366	0.510714	11.4607	0.339297	0.498068	0.33121	0.0960014
20415	-0.333683	-0.305546	3.72502	1.80204	0.483767	0.503279	2.50594	3.803	1.72527	0.453661	11.284	0.350253	0.468558	0.359185	0.0959844
20416	-0.288006	-0.263172	3.81454	1.82981	0.479693	0.482901	2.5288	3.65612	1.73601	0.474823	13.1165	0.297149	0.47731	0.3535	0.0967183
20417	-0.239422	-0.262142	3.87094	1.78462	0.461032	0.565155	2.60262	3.68118	1.72627	0.468946	12.6777	0.323672	0.464889	0.368957	0.0971051
20418	-0.163249	-0.250317	3.74941	1.77903	0.474484	0.619724	2.66707	3.71824	1.8394	0.494696	13.8833	0.306523	0.484548	0.370409	0.0973316
20419	-0.273654	-0.30323	3.54482	1.77044	0.499444	0.53765	2.61615	3.73869	1.81353	0.48507	12.9483	0.329107	0.492066	0.372964	0.0974793
20420	-0.444194	-0.41704	3.7864	1.76733	0.466758	0.665373	2.63246	3.84737	1.78628	0.464286	7.55354	0.61557	0.465512	0.395607	0.0979583
20421	-0.465076	-0.431449	3.93672	1.7189	0.436632	0.719392	2.70673	3.73393	1.71351	0.458902	7.01955	0.701483	0.447472	0.41781	0.0980456
20422	-0.335809	-0.345693	3.85215	1.76186	0.457372	0.746216	2.73006	3.78572	1.73149	0.457374	8.08031	0.58539	0.457373	0.403824	0.0982993
20423	-0.292011	-0.313442	3.76724	1.7225	0.457233	0.819461	2.7618	3.85713	1.83346	0.475344	7.65529	0.617685	0.466395	0.399475	0.0982323
20424	-0.389818	-0.305564	3.8568	1.82435	0.473023	0.798832	2.7219	3.97488	1.94216	0.48861	6.48709	0.706445	0.480934	0.378365	0.0987588
20425	-0.258599	-0.275897	3.90258	1.7713	0.453878	0.6919	2.66731	3.83495	1.93373	0.50424	9.58821	0.451724	0.478839	0.369005	0.0989174
20426	-0.18567	-0.246181	3.54372	1.68498	0.475483	0.728254	2.69615	3.6872	1.90434	0.516475	10.3649	0.417629	0.496386	0.376284	0.0993798
20427	-0.179058	-0.235714	3.72956	1.72528	0.462595	0.702136	2.6755	4.17016	2.06218	0.494507	10.9145	0.388252	0.479441	0.358852	0.0996575
20428	-0.358953	-0.305882	4.02828	1.97752	0.49091	0.763608	2.74999	3.5947	1.85955	0.517304	7.41052	0.630072	0.503356	0.378392	0.0999208
20429	-0.289762	-0.309347	4.21798	2.08013	0.493158	0.711116	2.70736	3.66324	1.88362	0.514196	9.08453	0.500878	0.502937	0.364785	0.100311
20430	-0.315326	-0.264425	3.96298	1.97369	0.498032	0.602835	2.67753	3.73295	1.781	0.477102	10.2668	0.42151	0.48788	0.365714	0.100639
20431	-0.279097	-0.240282	4.00003	1.98101	0.495248	0.695379	2.7103	3.93789	1.83577	0.466181	9.16795	0.474802	0.480829	0.36327	0.101128
20432	-0.322267	-0.287097	3.76066	1.78742	0.475296	0.709103	2.71727	3.77019	1.86118	0.493657	8.4855	0.531862	0.484488	0.382251	0.101418
20433	-0.266563	-0.272774	3.56717	1.77205	0.496766	0.685134	2.64395	3.72234	1.83488	0.492938	9.39278	0.452864	0.494811	0.371047	0.101674
20434	-0.320356	-0.371548	3.45481	1.90786	0.552233	0.603416	2.56247	3.99676	1.87315	0.468667	10.0878	0.426677	0.507411	0.362845	0.101571
20435	-0.321681	-0.333834	3.72269	1.75935	0.472601	0.521445	2.61219	3.90931	1.8742	0.479421	12.2092	0.35543	0.476095	0.374	0.10184
20436	-0.285315	-0.300111	3.60657	1.63602	0.453621	0.689535	2.64303	4.01937	1.87531	0.466567	9.1148	0.475166	0.460445	0.381584	0.102351
20437	-0.257538	-0.275117	3.67644	1.732	0.471106	0.671208	2.65932	3.70321	2.00693	0.541944	9.98291	0.431284	0.506654	0.365503	0.102506
20438	-0.300863	-0.340633	3.63056	1.83925	0.506604	0.621736	2.62319	3.81079	1.7873	0.469011	10.32	0.425594	0.487352	0.377278	0.102847
20439	-0.213901	-0.231233	4.04233	1.86789	0.462083	0.6329	2.56708	3.6608	1.73672	0.474411	10.9202	0.358536	0.467941	0.352064	0.102558
20440	-0.25607	-0.220325	3.85351	1.84873	0.479753	0.619467	2.5776	3.56927	1.71638	0.480878	10.2123	0.383282	0.480294	0.35452	0.103098
20441	-0.339345	-0.233779	3.97867	1.88652	0.474159	0.599168	2.58003	3.63284	1.72321	0.474342	8.98895	0.440403	0.474247	0.354264	0.103125
20442	-0.227299	-0.249169	4.02891	1.87902	0.466385	0.599363	2.5828	3.95619	1.7135	0.433118	11.736	0.341685	0.449903	0.35831	0.103347
20443	-0.265736	-0.213934	3.64696	1.96898	0.539896	0.514071	2.63345	3.77238	1.78618	0.47349	13.3327	0.304049	0.506132	0.350663	0.10339
20444	-0.272039	-0.171075	3.96751	1.9115	0.481789	0.605572	2.58319	3.62234	1.79304	0.494997	9.84932	0.385101	0.488093	0.338708	0.103593
20445	-0.193679	-0.121247	3.6112	1.87901	0.520328	0.617817	2.6276	3.61547	1.73818	0.480762	11.4744	0.329262	0.500533	0.343186	0.103713
20446	-0.1722	-0.174691	3.89571	1.8535	0.475781	0.575561	2.65971	3.66282	1.78155	0.486386	14.368	0.279574	0.48092	0.356002	0.103858
20447	-0.204869	-0.187215	3.60737	1.9709	0.546355	0.761472	2.69535	3.75123	1.81839	0.484745	8.89812	0.466908	0.514948	0.354204	0.104034
20448	-0.266248	-0.274289	3.98766	2.02099	0.506811	0.739603	2.73715	3.80011	1.99637	0.525345	8.96358	0.505868	0.515855	0.360873	0.104177
20449	-0.191961	-0.264687	3.82309	1.84482	0.482547	0.882392	2.82968	3.88609	2.03757	0.524325	8.29564	0.577117	0.503606	0.381526	0.104639
20450	-0.169725	-0.232093	3.90005	1.70384	0.436878	0.672543	2.7525	4.03485	2.04951	0.507952	12.5566	0.354708	0.473019	0.372498	0.10475
20451	-0.265421	-0.270229	3.64406	1.85342	0.508614	0.72417	2.76608	4.21083	1.98302	0.470934	9.41412	0.489646	0.488414	0.375415	0.10498
20452	-0.25817	-0.256828	4.13135	2.00719	0.485844	0.703469	2.76457	3.59957	1.82543	0.507123	9.87169	0.462374	0.495752	0.373342	0.104943
20453	-0.209276	-0.2825	3.75437	1.98863	0.529684	0.777406	2.77929	3.85187	1.79759	0.466679	9.62931	0.486771	0.497778	0.382449	0.105112
20454	-0.286895	-0.241533	3.98002	1.83379	0.460748	0.820507	2.74869	3.7119	1.81916	0.490088	7.29115	0.61317	0.474907	0.379745	0.105685
20455	-0.15405	-0.241995	3.76603	1.83594	0.487499	0.732018	2.70229	4.01397	1.76827	0.44053	11.0415	0.392558	0.463266	0.375625	0.106072
20456	-0.183425	-0.227733	4.18977	1.94504	0.464235	0.735528	2.72979	3.74022	1.91692	0.512515	10.3578	0.422238	0.487007	0.361638	0.106529
20457	-0.217797	-0.227626	3.87231	1.87744	0.484839	0.774983	2.75616	3.77108	1.89124	0.501513	9.03292	0.492806	0.493065	0.371418	0.106729
20458	-0.266374	-0.278986	3.99822	1.97159	0.493117	0.804675	2.85632	3.96026	1.90448	0.480899	8.56925	0.573573	0.487037	0.388135	0.10706
20459	-0.313144	-0.253618	4.03405	1.96915	0.488132	0.845551	2.82497	3.89124	1.91502	0.492137	7.05935	0.671287	0.490098	0.379008	0.107025
20460	-0.269064	-0.273546	3.97532	2.10251	0.528891	0.886252	2.93551	4.03298	1.91308	0.474359	7.71527	0.667378	0.501429	0.390781	0.107403
20461	-0.187242	-0.265276	4.00232	2.06739	0.516549	0.879541	2.87969	4.19682	2.09562	0.499335	8.69122	0.569013	0.507738	0.372753	0.107857
20462	-0.241168	-0.248771	4.02541	2.01716	0.501106	0.757154	2.81614	3.99094	1.98262	0.496781	9.42529	0.498323	0.498953	0.370051	0.108108
20463	-0.216825	-0.226779	4.01853	2.00315	0.498479	0.7391	2.81521	3.80871	1.94734	0.511286	10.1267	0.456896	0.504711	0.369443	0.10848
20464	-0.284038	-0.283813	4.08762	1.94127	0.474914	0.736606	2.81444	4.01657	2.10567	0.524245	9.21478	0.520856	0.499363	0.372366	0.108757
20465	-0.26394	-0.240184	3.80157	1.8452	0.485379	0.774909	2.80813	3.75775	1.96989	0.52422	8.61025	0.539604	0.504687	0.37858	0.109052
20466	-0.204123	-0.211495	4.02368	2.02748	0.503887	0.756971	2.78646	3.9938	1.8548	0.46442	9.73017	0.46185	0.484227	0.366711	0.109142
20467	-0.120663	-0.196134	3.86632	1.92057	0.496743	0.811968	2.78628	3.78399	1.90096	0.502369	10.2263	0.4349	0.499526	0.36796	0.109067
20468	-0.260175	-0.209742	3.85462	2.00709	0.520697	0.850609	2.83385	3.99239	1.86237	0.466481	7.50784	0.61692	0.493113	0.37453	0.109332
20469	-0.301963	-0.277656	4.21156	1.9851	0.471345	0.782138	2.75092	4.09877	1.98793	0.485006	7.80436	0.587638	0.478083	0.366065	0.109382
20470	-0.248267	-0.255551	3.60805	2.0167	0.558946	0.77599	2.79879	3.76017	1.85946	0.494515	8.89239	0.524551	0.526065	0.375777	0.109228
20471	-0.268791	-0.262129	3.87911	2.07457	0.534808	0.810537	2.78561	3.83458	1.84398	0.480882	7.97349	0.582474	0.508001	0.372217	0.109203
20472	-0.28904	-0.291074	3.73183	1.96429	0.526361	0.711789	2.71496	4.23308	1.96875	0.465088	9.02127	0.50083	0.493796	0.364945	0.1097
20473	-0.154862	-0.237211	4.20331	1.95825	0.465883	0.653866	2.67588	3.8055	1.95553	0.513869	12.9749	0.327021	0.488684	0.351634	0.110244
20474	-0.16809	-0.210504	4.22643	1.99458	0.471929	0.808582	2.74274	3.76282	1.8424	0.489634	9.14328	0.476944	0.480268	0.362468	0.110139
20475	-0.290116	-0.250654	4.03206	2.03318	0.504254	0.81668	2.769	3.80023	2.00452	0.527473	7.44355	0.612498	0.51552	0.360964	0.110048
20476	-0.261077	-0.256669	4.08463	1.96895	0.482038	0.581203	2.69718	4.13519	2.04167	0.493732	12.2989	0.354717	0.487921	0.352397	0.109957
20477	-0.223739	-0.195371	4.1706	2.04107	0.489394	0.718176	2.69951	4.15523	2.05544	0.494663	9.4458	0.443602	0.492023	0.338488	0.110417
20478	-0.189323	-0.193745	3.8602	2.12157	0.549601	0.8449	2.75161	3.93979	1.9337	0.490813	8.11048	0.534809	0.519907	0.348565	0.110699
20479	-0.166515	-0.147435	4.17537	2.17245	0.520302	0.633279	2.67167	4.05549	1.88814	0.465575	12.4241	0.319835	0.493337	0.328653	0.110862
20480	-0.127218	-0.0974508	3.96517	2.1836	0.550695	0.684739	2.6875	4.15859	1.99608	0.47999	11.7644	0.329637	0.514501	0.317005	0.110539
20481	-0.193995	-0.139228	4.01644	1.98886	0.49518	0.590511	2.64267	3.95513	1.83762	0.464617	12.5745	0.307725	0.480016	0.335933	0.110811
20482	-0.0900974	-0.152049	3.87812	1.96662	0.507106	0.662259	2.67282	3.69092	1.84961	0.501123	14.0978	0.28302	0.504189	0.343411	0.111051
20483	0.0109041	-0.084253	3.93697	2.03599	0.517146	0.760557	2.70637	4.03212	1.90213	0.471745	13.8574	0.28099	0.494175	0.330934	0.111348
20484	-0.171263	-0.163241	3.95445	2.06188	0.521408	0.549211	2.60931	4.18214	1.99026	0.475895	14.8089	0.259542	0.498014	0.321802	0.111543
20485	-0.228777	-0.230629	4.16325	2.1588	0.518538	0.588925	2.64346	3.91817	1.84217	0.470162	12.3541	0.334318	0.495083	0.340546	0.111639
20486	-0.311121	-0.209036	4.00416	2.11229	0.527523	0.649467	2.7283	3.75174	1.93246	0.515083	9.35046	0.461365	0.521505	0.347918	0.111826
20487	-0.0769608	-0.105761	4.14519	2.02113	0.487585	0.683678	2.71111	3.83603	1.89768	0.4947	13.7144	0.289286	0.491004	0.336187	0.112116
20488	-0.145899	-0.108759	3.98339	1.8444	0.463023	0.838161	2.8038	4.05425	1.81346	0.447297	8.76003	0.484187	0.455091	0.367116	0.112574
20489	-0.0435732	-0.0928081	3.74913	1.97937	0.527954	0.806129	2.8152	3.92495	1.85487	0.472584	11.7127	0.360997	0.499635	0.355527	0.112378
20490	-0.0964584	-0.0996273	4.03266	1.98132	0.491318	0.911846	2.81406	3.88484	1.79297	0.461531	8.35031	0.508339	0.476703	0.360045	0.112467
20491	-0.0693443	-0.0337799	3.86558	1.9862	0.513816	0.802231	2.81925	3.76115	1.99578	0.530629	10.7152	0.379822	0.522107	0.338315	0.112615
20492	0.108458	0.00289367	3.98246	1.88796	0.47407	0.900556	2.86249	3.96794	1.9364	0.488011	13.0333	0.31371	0.481027	0.348459	0.112848
20493	-0.0115137	-0.00848385	4.16384	1.94247	0.46651	0.856402	2.87107	3.90159	1.8095	0.463785	11.0077	0.376639	0.465192	0.355991	0.113685
20494	-0.00843357	-0.0126593	4.0548	1.95939	0.483227	0.858434	2.90633	3.99351	1.87167	0.468678	11.3386	0.375729	0.476008	0.357447	0.113562
20495	-0.0172162	0.00287205	4.05674	1.90628	0.469905	0.919193	2.92967	3.42631	1.69989	0.496128	9.76907	0.438431	0.481912	0.372706	0.11376
20496	-0.0776935	-0.0512458	3.80853	2.02682	0.532181	1.0196	3.01881	3.91131	1.72153	0.44014	7.82786	0.602031	0.485548	0.386104	0.114309
20497	-0.0172008	-0.0670714	4.10712	2.10623	0.512825	0.907546	2.9745	3.6299	1.78963	0.493023	10.8181	0.427579	0.503535	0.372627	0.114114
20498	-0.103176	-0.0563333	3.94736	1.95965	0.496445	0.94488	2.94012	3.81434	1.89308	0.496304	8.17423	0.549211	0.496376	0.368254	0.114093
20499	-0.110583	-0.0487287	4.25907	2.11508	0.496605	1.00895	2.96688	3.71801	1.94419	0.52291	7.25564	0.626676	0.508865	0.359118	0.114502
20500	-0.0496246	-0.0564011	4.16672	2.06713	0.496105	1.01247	2.98456	4.31461	2.0339	0.471399	8.19771	0.564027	0.483536	0.360618	0.114563
