cycle	Zbar1	Gbar1	VP1	VG1	h21	Zbar2	Gbar2	VP2	VG2	h22	h2b	h2b_denom	h2w	Qst	Fst
20000	-0.0867507	-0.114002	3.60856	1.68563	0.467119	3.805	-0.160066	3.61132	1.60868	0.445456	0.000140098	7.57287	0.456283	0.000161081	0.000348113
20001	-0.0645008	-0.110472	3.55809	1.52826	0.429517	3.83709	-0.205959	4.04892	1.67862	0.414583	0.000598969	7.6112	0.421568	0.000710647	0.000615632
20002	-0.0535956	-0.123142	3.49463	1.5643	0.447628	3.76795	-0.274556	3.4609	1.66781	0.481903	0.00156982	7.30212	0.464682	0.00177105	0.000811743
20003	-0.0414842	-0.184425	3.65913	1.55834	0.425878	3.71955	-0.315215	3.24351	1.63267	0.503365	0.0012093	7.0727	0.462289	0.00133905	0.00109146
20004	-0.0597135	-0.0992146	3.66217	1.63513	0.446492	3.64373	-0.342549	3.73932	1.69779	0.454038	0.00431716	6.85773	0.450304	0.004424	0.00137362
20005	-0.101441	-0.105575	3.76259	1.60623	0.426896	3.66808	-0.360126	3.97896	1.76993	0.444824	0.00456011	7.10463	0.43611	0.0047775	0.00155302
20006	-0.152638	-0.136014	3.8982	1.71086	0.438884	3.52362	-0.432756	4.01952	1.82677	0.454473	0.00651547	6.75745	0.446798	0.0061874	0.00179021
20007	-0.0915747	-0.177297	3.58449	1.45119	0.404853	3.36034	-0.53109	4.0503	1.8284	0.451424	0.0105046	5.95786	0.429559	0.00945606	0.00206044
20008	-0.242059	-0.269215	3.67222	1.5874	0.432274	3.29475	-0.694236	3.99568	1.71936	0.430304	0.0144411	6.25449	0.431247	0.0134798	0.00229841
20009	-0.262482	-0.330229	3.68039	1.72352	0.468298	3.12585	-0.820695	3.60361	1.60766	0.446125	0.020953	5.74039	0.457328	0.017742	0.00255405
20010	-0.4012	-0.397344	3.68042	1.57226	0.427197	3.08707	-0.895867	3.40533	1.49954	0.44035	0.0204245	6.084	0.433518	0.0198351	0.00281792
20011	-0.373538	-0.399849	3.45531	1.64472	0.475998	3.03336	-0.936945	3.67983	1.51956	0.412942	0.0248534	5.80346	0.443478	0.0222943	0.00312024
20012	-0.36801	-0.389407	3.71157	1.71146	0.461115	3.12693	-0.874254	3.72193	1.50266	0.403731	0.0192456	6.10729	0.432383	0.0179652	0.00332933
20013	-0.412122	-0.387847	3.83929	1.60553	0.418184	3.04554	-0.940978	3.71418	1.63086	0.43909	0.0255912	5.97771	0.428464	0.0230995	0.00355622
20014	-0.403794	-0.366388	3.60963	1.62318	0.449679	2.97307	-0.959208	3.26401	1.59539	0.488782	0.030819	5.70161	0.468247	0.0265851	0.00387661
20015	-0.461141	-0.362233	3.28768	1.55415	0.472719	3.15427	-0.930971	3.41049	1.53793	0.450943	0.0247462	6.53561	0.461631	0.0254984	0.0041011
20016	-0.346164	-0.359284	3.59618	1.61025	0.447766	3.05217	-0.954316	3.76965	1.61	0.427094	0.0306583	5.77435	0.437187	0.026765	0.00435807
20017	-0.353871	-0.318907	3.61298	1.64243	0.45459	3.01197	-0.981441	3.41146	1.66606	0.488372	0.0387462	5.66444	0.470996	0.0321193	0.00457962
20018	-0.193054	-0.243925	4.03621	1.75054	0.433708	3.04396	-1.00966	3.59334	1.76173	0.490278	0.0559588	5.23913	0.460351	0.040083	0.00467983
20019	-0.254185	-0.302688	3.94086	1.71199	0.43442	2.92833	-0.989224	3.56597	1.71008	0.479555	0.0465357	5.0642	0.45586	0.0333032	0.00495223
20020	-0.317345	-0.324778	3.4688	1.63949	0.472638	2.91329	-1.10961	3.63706	1.65882	0.456089	0.0590166	5.21849	0.464168	0.044626	0.00525105
20021	-0.379806	-0.353429	3.64751	1.56181	0.428185	2.78375	-1.19521	3.61928	1.62681	0.449486	0.0708025	5.00405	0.438794	0.0526576	0.00542634
20022	-0.346402	-0.276312	3.77204	1.71805	0.455469	2.89332	-1.17056	3.9125	1.70955	0.436946	0.0761907	5.24789	0.446038	0.0551381	0.00568066
20023	-0.280597	-0.274677	3.82611	1.66461	0.435066	2.85856	-1.20733	3.65993	1.63825	0.447619	0.0882705	4.92715	0.441203	0.061802	0.00580839
20024	-0.300324	-0.319116	3.41	1.5798	0.463285	2.90303	-1.17469	3.85851	1.69401	0.439031	0.0713361	5.13073	0.45041	0.0529649	0.00601109
20025	-0.252979	-0.293771	3.55851	1.44828	0.406992	2.77474	-1.17709	3.62271	1.65781	0.457615	0.0851141	4.58353	0.43253	0.0591168	0.00621537
20026	-0.286348	-0.281892	3.36032	1.4261	0.424395	2.73742	-1.24148	3.66788	1.80959	0.493362	0.100709	4.5716	0.460387	0.06645	0.00649665
20027	-0.154564	-0.208953	3.60021	1.60109	0.444721	2.76157	-1.15994	3.52045	1.70944	0.485576	0.106349	4.25193	0.46492	0.0639593	0.00659147
20028	-0.170337	-0.222956	3.4565	1.54676	0.447492	2.92005	-1.1013	3.44698	1.6382	0.475257	0.0807801	4.77526	0.461355	0.0571266	0.00683177
20029	-0.153754	-0.189539	3.49043	1.57614	0.451561	2.89339	-1.10099	3.62964	1.61526	0.445018	0.0894698	4.64256	0.448226	0.0611288	0.0070802
20030	-0.191438	-0.148892	3.61367	1.50837	0.417407	2.72215	-1.14899	3.7594	1.73065	0.460351	0.117824	4.24448	0.439304	0.0717003	0.00723107
20031	-0.129443	-0.141492	3.26154	1.42225	0.436067	2.82713	-1.2338	3.71794	1.86166	0.500722	0.136493	4.37067	0.470509	0.0833064	0.00744969
20032	-0.131457	-0.105753	3.63693	1.47534	0.405657	2.84611	-1.18852	3.60043	1.69327	0.470297	0.132235	4.43294	0.437814	0.0847064	0.00759424
20033	-0.175558	-0.106381	3.52243	1.50163	0.426306	2.83719	-1.22825	3.71011	1.60052	0.431394	0.138662	4.53833	0.428916	0.0921299	0.00776665
20034	-0.0764796	-0.122479	3.50368	1.58185	0.451484	2.70899	-1.25177	3.64237	1.52911	0.419811	0.164367	3.87942	0.43534	0.0929998	0.00803069
20035	-0.223089	-0.21606	3.91735	1.66472	0.424961	2.75266	-1.2887	3.75268	1.62426	0.432827	0.129931	4.42754	0.42881	0.0804584	0.00842144
20036	-0.223892	-0.214107	3.73946	1.58931	0.425011	2.70458	-1.28427	3.6194	1.61104	0.445112	0.133543	4.28796	0.434898	0.0821547	0.00874101
20037	-0.326413	-0.275488	3.8872	1.6221	0.417293	2.69339	-1.31301	3.80192	1.65586	0.435532	0.118043	4.5596	0.426311	0.0759044	0.009048
20038	-0.318062	-0.275756	3.76302	1.62887	0.432862	2.58845	-1.34329	3.63884	1.69892	0.466886	0.134902	4.22392	0.449589	0.0788991	0.00932629
20039	-0.291909	-0.295339	3.72088	1.69773	0.456271	2.56575	-1.31677	3.43157	1.6038	0.467366	0.12776	4.08311	0.461594	0.0732518	0.00968233
20040	-0.351975	-0.322952	3.66091	1.7459	0.476902	2.61619	-1.38597	3.77736	1.6289	0.431229	0.128265	4.40499	0.453708	0.0772791	0.0100496
20041	-0.364894	-0.296174	3.5017	1.63342	0.466466	2.63216	-1.36692	3.98412	1.70996	0.429194	0.127639	4.49118	0.446629	0.0789965	0.0102995
20042	-0.349309	-0.332264	3.61894	1.57508	0.435233	2.52589	-1.47197	3.75887	1.73903	0.462647	0.157125	4.13339	0.4492	0.0892806	0.0104737
20043	-0.417328	-0.351632	3.67461	1.59087	0.432936	2.54136	-1.50007	3.43017	1.69956	0.495473	0.150666	4.37691	0.463128	0.091122	0.0107805
20044	-0.32579	-0.351008	3.60916	1.6693	0.462517	2.48569	-1.5643	3.79531	1.71808	0.452684	0.186235	3.9522	0.457477	0.0980415	0.0111045
20045	-0.362913	-0.337478	3.6902	1.67529	0.453983	2.43393	-1.58162	3.88147	1.6743	0.431357	0.197881	3.91116	0.442384	0.10361	0.0112573
20046	-0.34454	-0.417519	3.91238	1.77539	0.453787	2.34016	-1.58871	3.5549	1.56512	0.44027	0.190312	3.6038	0.447352	0.0931409	0.0116072
20047	-0.438159	-0.408067	3.65287	1.76912	0.484309	2.4124	-1.5567	3.8906	1.62785	0.418405	0.16237	4.06283	0.450318	0.0885453	0.0118467
20048	-0.489507	-0.398998	3.72553	1.8046	0.484388	2.3808	-1.6502	3.61857	1.72501	0.47671	0.19002	4.11933	0.480605	0.0998611	0.012132
20049	-0.365954	-0.360691	3.72466	1.72562	0.463297	2.35471	-1.6936	3.65592	1.69073	0.462463	0.240023	3.701	0.462884	0.115104	0.0122438
20050	-0.398966	-0.369447	3.67774	1.54853	0.421055	2.20435	-1.79799	3.57768	1.76266	0.492681	0.301116	3.38864	0.456374	0.133566	0.0124829
20051	-0.447561	-0.345944	3.79313	1.69797	0.447643	2.18581	-1.78035	3.83449	1.78904	0.466566	0.296704	3.46732	0.457156	0.128607	0.0127004
20052	-0.252547	-0.303253	3.8003	1.68021	0.442126	2.34832	-1.67185	3.6599	1.72844	0.472263	0.276896	3.38224	0.456911	0.120836	0.0129707
20053	-0.247368	-0.252679	3.85618	1.83555	0.476002	2.35702	-1.59889	3.86915	1.6599	0.429009	0.267185	3.39142	0.452466	0.114795	0.013054
20054	-0.145921	-0.204942	3.73445	1.73069	0.463439	2.44699	-1.55814	3.83201	1.65391	0.431605	0.272366	3.36158	0.447316	0.119194	0.0132966
20055	-0.146789	-0.176222	3.611	1.74292	0.482669	2.3891	-1.60598	3.63623	1.69516	0.466188	0.317883	3.21536	0.474399	0.129466	0.0136273
20056	0.107728	0.0496749	3.52515	1.67577	0.475375	2.57988	-1.39524	3.63402	1.69934	0.46762	0.34161	3.05578	0.471438	0.133991	0.0137912
20057	0.00295372	0.0434842	3.58921	1.69148	0.471269	2.61115	-1.4336	3.47078	1.65606	0.477143	0.320725	3.40134	0.474157	0.14017	0.0139119
20058	0.0771506	0.0417692	3.73365	1.70249	0.455986	2.50949	-1.47224	3.83303	1.66757	0.435053	0.387444	2.95813	0.445382	0.145393	0.0141153
20059	-0.0207024	-0.0394742	3.53587	1.63371	0.46204	2.49856	-1.49495	4.08306	1.70684	0.418029	0.333783	3.17333	0.438454	0.136902	0.0142976
20060	-0.0301093	-0.0122317	3.47468	1.57372	0.45291	2.45256	-1.50054	3.48717	1.62075	0.464774	0.359375	3.08183	0.458853	0.147804	0.0145274
20061	0.0202784	0.0339591	3.75635	1.70392	0.453609	2.35529	-1.61054	3.88317	1.67409	0.431113	0.496009	2.72614	0.442175	0.166838	0.0147345
20062	-0.00653768	0.00403421	4.11052	1.6528	0.40209	2.3502	-1.60557	3.61536	1.87645	0.519021	0.466462	2.7771	0.456809	0.155132	0.0151939
20063	0.00389504	0.0184715	3.64681	1.6309	0.447212	2.36148	-1.61008	3.73359	1.71895	0.460402	0.477162	2.77911	0.453885	0.165297	0.0157899
20064	0.121399	0.0634994	3.2847	1.54781	0.471218	2.29279	-1.67048	3.94308	1.70426	0.432215	0.637697	2.35746	0.44994	0.187819	0.0160544
20065	0.0749028	0.00580986	3.66358	1.51301	0.412985	2.33708	-1.6845	3.90849	1.73366	0.443564	0.55831	2.55873	0.428769	0.180405	0.0163178
20066	-0.0253731	-0.0270623	3.62138	1.63298	0.450926	2.27346	-1.71428	3.67679	1.67238	0.454848	0.53868	2.64231	0.452902	0.177238	0.0166229
20067	0.0464186	-0.00380928	3.5477	1.54941	0.436737	2.24667	-1.73464	3.87107	1.63777	0.42308	0.618823	2.42055	0.429611	0.190352	0.0167382
20068	-0.0737389	-0.1062	3.67657	1.48334	0.403459	2.15934	-1.79279	3.63242	1.65544	0.455741	0.570439	2.49332	0.429442	0.184792	0.017028
20069	-0.107054	-0.054018	3.464	1.49536	0.431685	2.21625	-1.78034	3.59194	1.68112	0.468026	0.552118	2.69887	0.450185	0.190066	0.0172393
20070	-0.0421485	-0.0453281	3.7924	1.56767	0.413372	2.21282	-1.77914	3.77485	1.61797	0.428619	0.591189	2.54243	0.420978	0.190958	0.0175461
20071	0.0151884	0.0106201	3.94796	1.66053	0.420605	2.09628	-1.92737	3.46102	1.69658	0.490195	0.867207	2.16547	0.453113	0.218647	0.017855
20072	-0.127906	0.00344386	3.6501	1.51586	0.415294	2.11421	-1.84707	3.60984	1.67587	0.464249	0.681192	2.51355	0.439636	0.21158	0.0181769
20073	-0.0222241	-0.0238474	3.61197	1.66034	0.459677	2.15033	-1.88451	3.62409	1.59867	0.441123	0.733496	2.35999	0.450385	0.20993	0.0185016
20074	-0.0786673	-0.0725654	3.70062	1.66372	0.449578	2.09931	-1.83371	3.54933	1.70384	0.480046	0.653861	2.37179	0.464494	0.187239	0.0187138
20075	-0.0645173	-0.0747625	3.86289	1.60091	0.414433	2.16475	-1.81993	3.71867	1.62671	0.437445	0.612848	2.48481	0.42572	0.190952	0.0189522
20076	-0.160069	-0.104795	3.70988	1.65908	0.447205	2.17271	-1.83242	3.77913	1.82981	0.484188	0.548471	2.72093	0.465868	0.176263	0.0190588
20077	-0.151174	-0.156609	3.44725	1.64801	0.478065	2.08464	-1.8626	3.97252	1.73899	0.437755	0.582214	2.49943	0.456484	0.176907	0.0189806
20078	-0.140381	-0.163214	3.29391	1.68236	0.510749	2.04989	-1.93267	3.67738	1.68442	0.45805	0.652659	2.39864	0.48295	0.188712	0.0194847
20079	-0.114784	-0.163026	3.62422	1.71993	0.474567	2.02653	-1.96244	4.12152	1.81632	0.440692	0.706153	2.29262	0.456542	0.186344	0.0197147
20080	-0.103036	-0.117021	3.63726	1.69273	0.465387	1.95704	-2.03278	3.75878	1.83283	0.487613	0.864806	2.12195	0.476682	0.20659	0.020067
20081	-0.0405783	-0.120213	3.63754	1.71682	0.471974	2.01824	-2.01549	3.74795	1.67496	0.4469	0.847439	2.11936	0.459249	0.20942	0.0204881
20082	-0.196392	-0.145871	3.86495	1.74904	0.452538	1.96368	-2.0247	3.52111	1.70036	0.482904	0.756547	2.33295	0.467014	0.203802	0.0206826
20083	-0.15333	-0.0569006	3.6741	1.73799	0.473038	2.06421	-2.01776	3.73415	1.59781	0.427891	0.781902	2.45874	0.450281	0.223786	0.0208846
20084	-0.115484	-0.0686389	3.93038	1.74414	0.443759	1.92219	-2.01333	3.75762	1.57799	0.419944	0.910819	2.07605	0.432119	0.221629	0.0211572
20085	-0.0974811	-0.0982047	3.78884	1.75241	0.462518	1.91962	-2.01424	3.53781	1.68054	0.475024	0.902302	2.03435	0.468557	0.211035	0.0211535
20086	-0.0511145	-0.105824	3.72812	1.69573	0.454849	2.04814	-2.00758	3.58427	1.65647	0.462148	0.820688	2.20343	0.458427	0.21251	0.0214354
20087	-0.0894062	-0.0931713	3.66379	1.69677	0.463118	1.92871	-1.98235	3.90452	1.6417	0.420462	0.876297	2.0364	0.441111	0.210981	0.0216101
20088	-0.143025	-0.0796838	3.57975	1.71622	0.479424	2.03529	-1.9072	3.79762	1.5809	0.416286	0.703852	2.37254	0.446923	0.202148	0.0218401
20089	-0.0734686	-0.0853373	3.72399	1.60322	0.430511	2.05661	-1.89192	3.62028	1.70239	0.470237	0.719319	2.26863	0.450093	0.198047	0.0220134
20090	-0.0486333	-0.128039	3.79389	1.65828	0.437094	2.17397	-1.90639	3.58021	1.61277	0.450469	0.640191	2.46999	0.443587	0.194734	0.0221358
20091	-0.183237	-0.12692	3.543	1.71685	0.484575	2.12764	-1.89133	3.46852	1.6527	0.476484	0.582966	2.67007	0.480572	0.187712	0.0222507
20092	-0.252145	-0.208325	3.56786	1.70094	0.476739	2.08314	-1.95234	3.66704	1.728	0.471225	0.557727	2.72678	0.473944	0.181582	0.0223484
20093	-0.226211	-0.237727	3.70015	1.57641	0.426038	1.89542	-1.9583	3.65014	1.6439	0.450367	0.657668	2.25065	0.43812	0.186948	0.0225107
20094	-0.203849	-0.224267	3.59817	1.58317	0.439992	1.97145	-1.99487	3.678	1.68026	0.456841	0.662527	2.36597	0.448509	0.193734	0.0226296
20095	-0.155497	-0.145726	3.86644	1.65695	0.428546	1.96555	-2.01453	3.4067	1.58116	0.464133	0.776292	2.24942	0.445215	0.212455	0.0227932
20096	-0.15401	-0.184581	3.56479	1.53103	0.429487	1.99946	-2.05065	3.52307	1.6348	0.464028	0.750891	2.31872	0.446656	0.215761	0.0232356
20097	-0.266968	-0.269085	4.00471	1.72739	0.431339	1.95165	-2.04992	3.54574	1.67197	0.471543	0.644287	2.46114	0.450219	0.1892	0.0236102
20098	-0.30926	-0.280181	3.81221	1.84169	0.483101	1.94843	-2.02475	3.55089	1.85073	0.521201	0.5971	2.54857	0.501475	0.170928	0.0237285
20099	-0.349552	-0.315842	3.72057	1.56156	0.419711	1.98487	-2.03602	3.90072	1.86912	0.479171	0.542987	2.72476	0.450144	0.177454	0.0236364
20100	-0.330929	-0.316192	3.56867	1.60648	0.450163	1.92094	-2.05234	3.80881	1.78481	0.468602	0.594411	2.53546	0.459682	0.181879	0.0241378
20101	-0.31299	-0.341927	3.61781	1.58885	0.439174	1.95394	-2.02053	3.68025	1.75861	0.477852	0.548304	2.56949	0.458678	0.173924	0.0242694
20102	-0.329745	-0.296866	3.66285	1.54878	0.422834	2.01448	-2.00158	3.85591	1.81998	0.471998	0.528814	2.7477	0.448047	0.177475	0.0244362
20103	-0.36864	-0.28515	3.77466	1.70787	0.452457	1.98938	-2.07093	3.91299	1.84012	0.470259	0.573541	2.78012	0.461518	0.183553	0.0246865
20104	-0.249157	-0.25842	3.30137	1.64944	0.499624	1.9179	-2.1235	3.46193	1.69891	0.490742	0.740717	2.34808	0.495077	0.206254	0.0249334
20105	-0.250261	-0.207016	3.71621	1.71585	0.461721	1.80425	-2.15142	3.60668	1.69258	0.469291	0.895683	2.11051	0.465449	0.217186	0.0249109
20106	-0.179295	-0.180024	3.63317	1.62759	0.447979	1.82667	-2.19479	3.46564	1.71118	0.493756	1.0088	2.01195	0.470328	0.23319	0.0251993
20107	-0.320904	-0.247917	3.63814	1.64283	0.451559	1.78754	-2.23041	3.73854	1.76401	0.471845	0.884095	2.22277	0.46184	0.223937	0.0256873
20108	-0.211233	-0.209243	3.96164	1.83775	0.463886	1.8602	-2.16035	3.54442	1.62386	0.458145	0.8872	2.14541	0.461175	0.215729	0.025901
20109	-0.140254	-0.136591	3.94393	1.79266	0.454538	1.83594	-2.2068	3.64465	1.62398	0.44558	1.09741	1.95267	0.450236	0.23882	0.0261471
20110	-0.137388	-0.0937563	3.58031	1.58355	0.442294	1.83671	-2.19924	3.67096	1.69584	0.461961	1.13754	1.94854	0.45225	0.252682	0.0265271
20111	-0.181624	-0.0889787	3.8878	1.71267	0.440524	1.75793	-2.17933	3.7035	1.70025	0.459092	1.16154	1.88094	0.449582	0.24256	0.0267251
20112	-0.118491	-0.0348688	3.55975	1.62104	0.455381	1.8315	-2.16937	3.92806	1.89286	0.481882	1.1982	1.90122	0.469284	0.24489	0.0270613
20113	-0.0792285	-0.0494196	3.7309	1.72801	0.463162	1.7069	-2.23406	3.82858	1.74759	0.456458	1.49601	1.59512	0.459767	0.255658	0.0273451
20114	0.0336745	-0.0241213	3.60531	1.66548	0.461953	1.76874	-2.26048	3.54306	1.7063	0.481589	1.6613	1.50523	0.471686	0.270608	0.0272689
20115	-0.0210309	0.0110915	3.56426	1.77361	0.49761	1.83458	-2.25788	3.68012	1.77713	0.482901	1.49515	1.72165	0.490138	0.26614	0.0275921
20116	0.0623177	0.0387875	3.63264	1.77933	0.489817	1.76928	-2.22006	3.76402	1.75296	0.465714	1.75117	1.45686	0.477551	0.265412	0.0279361
20117	0.0430283	0.043551	3.65713	1.6604	0.454017	1.79542	-2.22971	3.45378	1.6445	0.476144	1.68282	1.53543	0.464764	0.28115	0.0280665
20118	0.0337144	0.0464788	3.73631	1.64775	0.44101	1.75134	-2.17556	3.53532	1.70728	0.482921	1.67358	1.47512	0.461387	0.269059	0.0282373
20119	0.0721912	0.111671	3.51443	1.57259	0.447468	1.81471	-2.17345	3.7121	1.70791	0.460093	1.71975	1.51819	0.453953	0.284764	0.02836
20120	0.170953	0.154256	3.60603	1.6238	0.450301	1.82475	-2.14967	3.78866	1.6555	0.436963	1.94077	1.36752	0.443467	0.288189	0.0283925
20121	0.148121	0.12748	3.55099	1.61868	0.455838	1.83727	-2.21574	3.69762	1.78115	0.481703	1.92437	1.42661	0.469032	0.287723	0.0288086
20122	0.126769	0.139046	3.57487	1.71325	0.479248	1.82772	-2.2131	3.81622	1.82019	0.476962	1.91224	1.44662	0.478068	0.281424	0.0289626
20123	0.168095	0.210852	3.92462	1.6383	0.417442	1.72746	-2.25455	3.89311	1.84723	0.474486	2.49966	1.21581	0.445849	0.303708	0.0293801
20124	0.265725	0.245005	3.80191	1.6307	0.428916	1.62666	-2.36226	3.74208	1.8348	0.490317	3.67028	0.926066	0.459373	0.329146	0.0295059
20125	0.229737	0.216088	3.599	1.58202	0.439572	1.55993	-2.45388	3.91061	1.92881	0.493224	4.02888	0.884707	0.467511	0.336817	0.0298131
20126	0.282803	0.339599	3.68745	1.58888	0.430889	1.60061	-2.35581	3.66162	1.73364	0.473462	4.18352	0.868314	0.452101	0.353562	0.0301969
20127	0.283288	0.350949	3.75321	1.63817	0.43647	1.60542	-2.36588	3.74405	1.81193	0.483948	4.22254	0.87402	0.46018	0.348586	0.0305507
20128	0.401088	0.408762	3.80067	1.70302	0.448084	1.64164	-2.40709	3.55263	1.60183	0.450887	5.15218	0.769485	0.449438	0.375041	0.0307701
20129	0.523072	0.473884	3.6718	1.54251	0.420097	1.60093	-2.45933	3.37032	1.63917	0.486354	7.40564	0.580891	0.451808	0.403475	0.0307503
20130	0.512576	0.473845	3.59663	1.64206	0.456555	1.59804	-2.45269	3.93299	1.63736	0.416313	7.26898	0.589121	0.435535	0.395125	0.0311209
20131	0.460657	0.494994	3.72597	1.6383	0.439698	1.42096	-2.44868	3.8743	1.717	0.443177	9.39647	0.461089	0.441472	0.392451	0.0313752
20132	0.469453	0.491383	3.77571	1.74758	0.462848	1.67057	-2.3979	3.68518	1.72962	0.469344	5.78641	0.721342	0.466056	0.375193	0.0317719
20133	0.468691	0.488125	3.62388	1.66961	0.460723	1.61121	-2.3888	3.97449	1.754	0.441313	6.34065	0.652671	0.45057	0.376826	0.0322247
20134	0.503479	0.471723	3.42048	1.66699	0.487356	1.58853	-2.4093	3.38043	1.7169	0.507894	7.05007	0.588669	0.497564	0.380241	0.0322105
20135	0.459303	0.444654	3.63174	1.65579	0.455921	1.62923	-2.33207	3.81636	1.69522	0.4442	5.6331	0.684366	0.449915	0.365282	0.0325316
20136	0.436031	0.419793	3.71134	1.61558	0.435311	1.59719	-2.3943	3.94313	1.68623	0.427637	5.87344	0.674145	0.431358	0.374962	0.0329364
20137	0.406312	0.398022	3.67515	1.63574	0.445082	1.61615	-2.37828	3.34792	1.6737	0.499923	5.266	0.731852	0.471225	0.36811	0.032913
20138	0.416148	0.414629	3.73983	1.70572	0.456096	1.65714	-2.42047	3.73149	1.73353	0.464566	5.21915	0.770031	0.460326	0.368911	0.0328664
20139	0.312498	0.348229	3.73536	1.68951	0.452301	1.52105	-2.46579	3.61109	1.68894	0.46771	5.42159	0.730294	0.459875	0.369589	0.0332125
20140	0.501823	0.431012	3.85857	1.75291	0.454289	1.51251	-2.50124	3.45101	1.60816	0.465996	8.41722	0.510744	0.459816	0.390191	0.0336143
20141	0.339672	0.332744	3.73357	1.88985	0.506178	1.52402	-2.50056	3.91117	1.7289	0.442043	5.72302	0.701344	0.473366	0.356856	0.0337481
20142	0.384226	0.332901	3.76751	1.82192	0.483588	1.4843	-2.51999	3.5758	1.71081	0.478442	6.72551	0.605083	0.481082	0.365586	0.0339434
20143	0.278956	0.329503	4.0144	1.73452	0.432074	1.5712	-2.55012	3.75207	1.82152	0.485472	4.96575	0.834943	0.457871	0.368392	0.0345825
20144	0.213407	0.279129	3.73921	1.60345	0.428819	1.40012	-2.58179	3.57926	1.79599	0.501776	5.81198	0.704138	0.4645	0.37587	0.0350346
20145	0.294828	0.243585	3.80853	1.73666	0.455993	1.3442	-2.62547	3.71286	1.70704	0.459766	7.47523	0.550585	0.457855	0.374169	0.0352424
20146	0.224969	0.208881	3.82176	1.64774	0.431146	1.37782	-2.67838	3.60924	1.69172	0.468719	6.27228	0.664534	0.449395	0.384383	0.0358866
20147	0.196005	0.135432	3.56059	1.66805	0.468477	1.35453	-2.64666	3.47186	1.61443	0.465005	5.76674	0.671095	0.466763	0.370987	0.0362249
20148	0.0883104	0.149199	3.96561	1.74542	0.44014	1.2291	-2.65188	3.36753	1.67368	0.497005	6.02895	0.650696	0.466253	0.364667	0.0361929
20149	0.131906	0.115852	3.75566	1.66737	0.443962	1.28879	-2.68747	3.52877	1.70769	0.483935	5.87178	0.669186	0.463326	0.368049	0.0363096
20150	0.0375495	0.0433215	3.33171	1.69614	0.509091	1.27111	-2.69777	3.47621	1.63594	0.470612	4.93774	0.760834	0.489443	0.360619	0.0367112
20151	0.0643314	0.049173	3.3374	1.62806	0.487823	1.27412	-2.76314	3.51558	1.66832	0.474548	5.40391	0.731792	0.481013	0.375052	0.0368643
20152	0.00135542	0.035388	3.52792	1.61408	0.457517	1.24978	-2.77005	3.65618	1.68951	0.462098	5.04985	0.77928	0.459848	0.373394	0.0371274
20153	-0.0542187	-0.00166872	3.49565	1.63682	0.468246	1.1721	-2.80023	4.09021	1.91226	0.467521	5.20794	0.751923	0.467855	0.355655	0.0374085
20154	-0.0186737	-0.0350189	3.63328	1.72935	0.475976	1.14933	-2.81778	3.91246	1.75816	0.449375	5.6763	0.682111	0.462183	0.357071	0.0373796
20155	-0.114977	-0.12803	3.51475	1.62109	0.461224	1.20755	-2.76492	3.77044	1.6437	0.435944	3.97532	0.874544	0.44814	0.347558	0.0376865
20156	0.00514827	-0.0430181	3.63	1.68072	0.463009	1.23143	-2.81523	4.02281	1.75555	0.436399	5.11061	0.751883	0.449021	0.358728	0.0380898
20157	0.060169	-0.0261701	3.79634	1.75792	0.463056	1.0983	-2.85752	3.77905	1.81286	0.479712	7.43849	0.538858	0.471365	0.359608	0.038402
20158	-0.0867192	-0.111111	3.83378	1.83239	0.477958	1.09696	-2.90166	3.757	1.77461	0.472348	5.55788	0.700553	0.475181	0.350648	0.0386915
20159	-0.104248	-0.140362	3.59399	1.86754	0.519629	1.15657	-2.82537	3.71597	1.76175	0.474103	4.53505	0.794836	0.496486	0.33193	0.0389227
20160	-0.157351	-0.17431	3.7153	1.72608	0.464586	1.06952	-2.87005	4.09642	1.83741	0.448541	4.8279	0.752608	0.456172	0.337784	0.0390473
20161	-0.234513	-0.197915	3.66207	1.64907	0.450311	1.1789	-2.82879	3.95521	1.7447	0.441113	3.46468	0.998862	0.445535	0.337802	0.039582
20162	-0.145616	-0.175058	3.38433	1.66102	0.490798	1.21788	-2.78697	3.70577	1.67319	0.451511	3.66955	0.929556	0.470264	0.338527	0.0396194
20163	-0.232878	-0.164212	3.73053	1.79437	0.480997	1.23506	-2.77881	3.54107	1.72678	0.487642	3.17246	1.07742	0.484233	0.326873	0.0400779
20164	-0.166478	-0.193464	3.76377	1.73536	0.46107	1.35544	-2.67735	3.60542	1.67152	0.463614	2.66367	1.15812	0.462315	0.311752	0.0401189
20165	-0.293432	-0.348307	3.63265	1.6363	0.450444	1.18813	-2.89436	3.73201	1.77782	0.47637	2.95322	1.09751	0.463582	0.321993	0.0403707
20166	-0.327028	-0.375104	3.809	1.58239	0.415433	1.097	-2.93114	3.88055	1.70689	0.439859	3.22179	1.01393	0.42776	0.331913	0.0403604
20167	-0.375155	-0.342925	3.85071	1.55496	0.403811	1.06174	-2.91135	3.24473	1.58471	0.488396	3.19509	1.03233	0.442491	0.344495	0.040593
20168	-0.30833	-0.298059	3.59991	1.68256	0.467391	1.15776	-2.82939	3.54949	1.56419	0.440679	2.98111	1.07471	0.454129	0.330493	0.0406298
20169	-0.291572	-0.276651	4.15856	1.6642	0.400186	1.14675	-2.82147	3.5501	1.57597	0.443922	3.13039	1.03439	0.420328	0.333299	0.041033
20170	-0.222031	-0.209388	3.62339	1.56133	0.430903	1.18435	-2.80581	3.6928	1.61472	0.437262	3.40834	0.988958	0.434113	0.346793	0.0411942
20171	-0.205901	-0.176967	3.77109	1.6894	0.447988	1.29137	-2.78289	3.63883	1.66908	0.458686	3.02915	1.12091	0.453242	0.335879	0.0412175
20172	-0.156765	-0.14584	3.61275	1.62325	0.44931	1.11601	-2.86717	3.54638	1.66489	0.469463	4.57151	0.809976	0.459293	0.360343	0.0415947
20173	-0.14823	-0.115761	3.63718	1.61399	0.443746	1.13329	-2.9311	3.90618	1.62294	0.41548	4.82627	0.821146	0.429109	0.379834	0.0417342
20174	-0.0843129	-0.0586674	3.76818	1.62236	0.430543	1.11972	-2.92471	3.85051	1.69446	0.440063	5.66615	0.724849	0.435354	0.382503	0.0418318
20175	-0.0938254	-0.0753178	3.32806	1.51771	0.456035	1.07004	-2.84406	3.75264	1.784	0.4754	5.65925	0.677292	0.466298	0.367385	0.0423981
20176	0.00548728	-0.115403	3.68911	1.53251	0.415415	1.19552	-2.84331	3.69344	1.76829	0.478766	5.25466	0.708084	0.447109	0.36057	0.0427472
20177	-0.090471	-0.0882489	3.8759	1.61982	0.417922	1.17086	-2.84225	3.52818	1.64515	0.46629	4.76725	0.795481	0.44097	0.367504	0.0430331
20178	0.0335613	0.0224564	3.69649	1.60218	0.433434	1.10456	-2.94012	3.52237	1.64515	0.467057	7.65176	0.57352	0.44984	0.403355	0.0432722
20179	0.130322	0.0563029	3.27752	1.5314	0.467244	1.13478	-2.93308	3.48616	1.68509	0.483365	8.85732	0.504465	0.475553	0.410004	0.0432216
20180	0.0427412	0.0819615	3.766	1.52745	0.40559	1.0888	-2.9201	3.8029	1.81495	0.477254	8.23625	0.547117	0.441597	0.402783	0.0435275
20181	0.129283	0.139751	3.50049	1.61127	0.460299	1.07136	-2.93246	3.47627	1.7461	0.50229	10.6349	0.443752	0.481222	0.412859	0.0438238
20182	0.0888466	0.101176	3.39609	1.55639	0.458288	1.03963	-2.97524	3.54882	1.78772	0.503749	10.4695	0.451997	0.481519	0.414483	0.0443179
20183	0.200177	0.15143	3.57912	1.65293	0.461827	1.02198	-3.07864	3.49709	1.68242	0.481092	15.4487	0.337676	0.471348	0.438964	0.0445551
20184	0.0404882	0.0767651	3.62597	1.71068	0.471786	0.916848	-3.06574	3.8573	1.71076	0.443512	12.8584	0.384003	0.457212	0.419259	0.0447282
20185	0.149488	0.156802	3.68668	1.65825	0.449795	0.926457	-2.9759	4.25364	1.93132	0.454039	16.2567	0.30184	0.452069	0.406119	0.0450689
20186	0.0407778	0.100032	3.86926	1.75107	0.452559	1.09121	-2.97222	3.95774	1.90625	0.481652	8.55417	0.551702	0.46727	0.392287	0.0454969
20187	0.157332	0.142132	3.69502	1.73248	0.468869	1.07104	-2.91878	4.17192	1.88177	0.451058	11.2223	0.417434	0.459423	0.39335	0.0459169
20188	0.136888	0.179532	3.61956	1.69745	0.468967	1.09236	-2.92836	3.80449	1.83335	0.48189	10.5803	0.456462	0.475589	0.406265	0.0462842
20189	0.281771	0.25655	3.71388	1.64263	0.442293	1.17316	-2.90155	4.03069	1.94351	0.482178	12.5522	0.397283	0.463051	0.410251	0.046344
20190	0.262069	0.256374	3.78517	1.7485	0.461934	1.23535	-2.86653	4.00252	1.84279	0.460408	10.2954	0.473636	0.46115	0.404492	0.0465323
20191	0.256859	0.273457	3.73935	1.72849	0.462244	1.0726	-2.8524	3.63803	1.72341	0.473721	14.6834	0.33272	0.467904	0.414521	0.0466737
20192	0.314778	0.324946	3.58333	1.73144	0.483193	1.14361	-2.80211	3.84221	1.76388	0.45908	14.2343	0.343482	0.470716	0.411678	0.0468233
20193	0.329156	0.263955	4.09904	1.73943	0.424352	1.17693	-2.81065	3.78738	1.66067	0.438473	13.1529	0.359358	0.431133	0.410173	0.0468443
20194	0.314366	0.298922	3.57572	1.54995	0.433466	1.13247	-2.86178	3.731	1.6904	0.453068	14.9263	0.334645	0.443475	0.435392	0.0470683
20195	0.279781	0.265543	3.3999	1.52832	0.449519	1.2083	-2.82555	3.56499	1.56919	0.440166	11.0827	0.43107	0.444732	0.435526	0.0471042
20196	0.298891	0.291003	3.64889	1.4975	0.410398	1.25193	-2.81798	3.69616	1.67821	0.454042	10.6418	0.454143	0.432361	0.432236	0.0474821
20197	0.220679	0.216056	3.735	1.71688	0.459674	1.19735	-2.77559	3.8969	1.66124	0.426297	9.3826	0.476942	0.442631	0.39856	0.047549
20198	0.287311	0.239503	3.63212	1.54035	0.424091	1.14986	-2.8337	3.83941	1.71612	0.446974	12.6944	0.371997	0.43585	0.420433	0.0481011
20199	0.19395	0.235827	3.69676	1.64866	0.445973	1.1421	-2.88074	3.93079	1.79936	0.457762	10.8045	0.44949	0.452048	0.413351	0.0483642
20200	0.172296	0.159647	3.92946	1.78448	0.454129	1.14746	-2.86539	3.70358	1.73884	0.469502	9.62292	0.475473	0.461588	0.393805	0.0484131
20201	0.0735366	0.161485	3.86004	1.77649	0.460225	1.07586	-2.85734	3.69059	1.7906	0.485178	9.07111	0.502324	0.472422	0.389881	0.0488954
20202	0.108627	0.180821	3.74089	1.73245	0.463113	1.32655	-2.75351	3.80072	1.71822	0.452078	5.80466	0.741672	0.457552	0.384284	0.0490288
20203	0.102743	0.144886	3.68858	1.7129	0.464378	1.37541	-2.72013	3.84858	1.70332	0.442585	5.06789	0.809837	0.45325	0.375386	0.0491981
20204	0.0980698	0.131083	3.8502	1.62241	0.421383	1.21204	-2.74386	3.70003	1.76134	0.476034	6.66057	0.620464	0.448165	0.379255	0.04938
20205	0.0874065	0.10834	3.64752	1.6266	0.445947	1.28943	-2.69524	3.74503	1.88934	0.504493	5.44003	0.722426	0.475606	0.358631	0.0497682
20206	0.0364002	0.0904948	3.73717	1.59596	0.42705	1.26917	-2.73695	3.6489	1.95935	0.536968	5.26046	0.759861	0.481352	0.359971	0.0497606
20207	0.0393135	0.109849	3.6423	1.54086	0.423047	1.3234	-2.75033	4.11064	2.01259	0.489605	4.96133	0.824438	0.458336	0.365413	0.0501695
20208	0.195227	0.181182	3.47858	1.55062	0.445761	1.17849	-2.78009	3.75265	1.85655	0.494731	9.07008	0.483408	0.471174	0.391636	0.0506917
20209	0.218159	0.16804	3.55426	1.61853	0.455378	1.21539	-2.78227	3.73701	1.86049	0.497854	8.75274	0.497234	0.477148	0.384918	0.0507358
20210	0.0407584	0.127693	3.51169	1.6642	0.473903	1.3082	-2.76468	3.759	1.80181	0.479333	5.20778	0.803206	0.47671	0.37645	0.051108
20211	0.116593	0.13745	3.4565	1.55285	0.449255	1.33294	-2.71469	3.73101	1.94123	0.520296	5.49826	0.739753	0.486132	0.368019	0.0513578
20212	0.20957	0.164802	3.42378	1.58008	0.461502	1.36869	-2.74358	3.57242	1.8782	0.525749	6.29575	0.671775	0.494308	0.37957	0.0513771
20213	0.157455	0.18827	3.39682	1.51217	0.445171	1.16085	-2.81677	4.00064	1.82367	0.455844	8.96924	0.503402	0.450943	0.403733	0.0515062
20214	0.207564	0.1975	3.80138	1.58445	0.416809	1.07704	-2.85758	4.05093	1.77238	0.437526	12.3461	0.377995	0.427497	0.41019	0.0518129
20215	0.20525	0.187147	3.69163	1.67473	0.453656	1.12125	-2.83682	3.93278	1.71084	0.43502	10.8985	0.419526	0.444043	0.403194	0.0516998
20216	0.12955	0.185291	3.59901	1.64465	0.456973	1.17957	-2.78318	3.62789	1.79849	0.49574	7.99218	0.551276	0.476434	0.390292	0.0516967
20217	0.116648	0.201782	3.37209	1.52515	0.452285	1.20726	-2.75111	3.59764	1.77457	0.493261	7.33091	0.594714	0.473436	0.397939	0.0519944
20218	0.173752	0.224777	3.89502	1.69837	0.436038	1.33613	-2.70075	3.779	1.64243	0.434621	6.33453	0.67556	0.43534	0.390537	0.0524403
20219	0.169803	0.181643	3.695	1.66464	0.450511	1.32323	-2.66632	4.13816	1.71329	0.414023	6.09665	0.665193	0.431235	0.375229	0.0524107
20220	0.213159	0.148015	3.80316	1.69118	0.444677	1.29843	-2.68986	3.6825	1.72667	0.468884	6.83773	0.588903	0.456585	0.370821	0.0525223
20221	0.0995769	0.144451	3.66462	1.70327	0.464789	1.32812	-2.68827	3.93107	1.68892	0.429633	5.31648	0.754664	0.446594	0.371732	0.0526292
20222	0.100544	0.12498	3.90255	1.779	0.455856	1.24846	-2.69867	3.87576	1.87733	0.484377	6.0506	0.65886	0.470068	0.352928	0.052955
20223	0.00979698	0.0399706	3.54745	1.67639	0.472563	1.36434	-2.68655	3.66177	1.79452	0.490068	4.05163	0.9174	0.481454	0.348837	0.0530803
20224	0.0121059	0.0298496	3.70453	1.71385	0.462635	1.25617	-2.72975	3.72394	1.618	0.434485	4.92048	0.773848	0.448523	0.363745	0.0531921
20225	-0.0374798	0.0212414	3.75398	1.81064	0.482325	1.29358	-2.7074	3.48253	1.58704	0.455715	4.20238	0.885866	0.469519	0.354051	0.0533656
20226	0.00953297	0.0324981	3.82914	1.6998	0.443911	1.27227	-2.70626	3.8311	1.64295	0.428845	4.70415	0.797252	0.436376	0.35949	0.0535245
20227	0.151052	0.112591	3.55455	1.69436	0.476673	1.28657	-2.73284	3.79432	1.6126	0.425004	6.27927	0.644701	0.449995	0.379801	0.0537559
20228	0.196158	0.147222	3.6214	1.62741	0.449386	1.30499	-2.69739	3.71698	1.6073	0.43242	6.58141	0.614749	0.440793	0.384882	0.0543209
20229	0.117122	0.0889642	3.40961	1.49145	0.437425	1.36495	-2.62566	3.73102	1.67362	0.448569	4.73272	0.778533	0.443248	0.368033	0.0545307
20230	0.239913	0.134157	3.82327	1.65783	0.433616	1.44623	-2.58771	3.99133	1.76821	0.443014	5.09114	0.727595	0.438416	0.351019	0.0547498
20231	0.103126	0.128121	3.62818	1.61515	0.445169	1.39826	-2.6184	3.70707	1.80813	0.48775	4.4971	0.838692	0.466689	0.355322	0.0547687
20232	0.102408	0.0888244	3.56425	1.68939	0.473981	1.45603	-2.52051	3.90458	1.79104	0.458702	3.71589	0.916149	0.465994	0.328548	0.0552068
20233	0.0548238	0.0589533	3.74778	1.73033	0.461695	1.4207	-2.52406	3.68473	1.72025	0.466861	3.57627	0.932807	0.464256	0.325979	0.055324
20234	0.047348	0.0819967	3.81629	1.74536	0.457345	1.45706	-2.56812	3.94164	1.72115	0.436658	3.53401	0.993646	0.446834	0.33632	0.0553753
20235	0.0593577	0.0808465	3.65938	1.73163	0.473202	1.41351	-2.60694	3.49116	1.73836	0.497932	3.93959	0.91687	0.485276	0.342424	0.0554807
20236	0.0904983	0.0791687	3.53936	1.74993	0.49442	1.36013	-2.62913	3.72635	1.88353	0.505462	4.5503	0.805977	0.500083	0.335516	0.0556419
20237	-0.0751384	0.0566169	3.63885	1.68458	0.462943	1.35472	-2.64458	3.73908	1.79987	0.481368	3.56884	1.02224	0.472281	0.34373	0.0555898
20238	0.0489931	0.0722332	3.49222	1.645	0.471047	1.27468	-2.72555	4.1031	1.85686	0.45255	5.21037	0.751154	0.461055	0.358602	0.0557057
20239	0.134482	0.111815	3.84221	1.7303	0.450341	1.28207	-2.76931	3.62363	1.67267	0.461601	6.30306	0.65848	0.455806	0.378932	0.0556007
20240	0.193688	0.14995	3.83306	1.70814	0.445634	1.20349	-2.80481	3.6173	1.75446	0.485018	8.56184	0.509855	0.464756	0.386753	0.0560556
20241	0.128799	0.0638166	3.85221	1.75828	0.456435	1.20745	-2.77896	3.49114	1.58911	0.455185	6.94583	0.581742	0.45584	0.376503	0.0564676
20242	-0.0641298	0.0126864	3.83916	1.70327	0.443656	1.34683	-2.69609	3.63415	1.66504	0.458166	3.68569	0.995402	0.450712	0.352696	0.0567189
20243	-0.0579557	0.0111333	3.51593	1.71106	0.486661	1.34186	-2.72391	3.8001	1.72343	0.453524	3.81754	0.979747	0.469449	0.352659	0.0567323
20244	0.011033	0.045784	3.97792	1.84402	0.463565	1.35612	-2.65142	3.61605	1.75145	0.484354	4.02096	0.904624	0.473464	0.33603	0.0568048
20245	0.155701	0.11899	3.68674	1.73812	0.471453	1.2824	-2.6909	3.87511	1.81022	0.467139	6.21959	0.634727	0.469242	0.357557	0.0569722
20246	0.0709745	0.0790442	3.66647	1.71562	0.46792	1.26113	-2.6905	3.90589	1.78872	0.457953	5.41513	0.708238	0.462779	0.353789	0.0573542
20247	0.0490094	0.0677555	3.5119	1.68526	0.479873	1.26738	-2.73181	3.7801	1.66357	0.440085	5.2799	0.74221	0.459247	0.369241	0.0577355
20248	0.0867396	0.106823	3.55373	1.58728	0.446651	1.28947	-2.72509	3.82664	1.64832	0.430747	5.54396	0.723284	0.438405	0.3827	0.0580038
20249	0.159932	0.142943	3.5952	1.71482	0.476976	1.24389	-2.71182	3.48526	1.7197	0.493423	6.93614	0.587479	0.485071	0.372456	0.0583973
20250	0.108665	0.08902	3.29912	1.59963	0.484864	1.27235	-2.72326	3.69519	1.73634	0.469892	5.84043	0.677083	0.476954	0.372252	0.0589392
20251	0.112803	0.0841105	3.59815	1.63628	0.454756	1.22076	-2.79557	4.04978	1.84146	0.454708	6.75527	0.613784	0.45473	0.373596	0.0593057
20252	0.0135944	0.0631101	3.44477	1.70039	0.493616	1.06231	-2.89546	3.78836	1.75988	0.46455	7.95872	0.549907	0.478392	0.387524	0.0597783
20253	0.118877	0.0846663	3.51476	1.64896	0.469152	1.13765	-2.87022	4.10835	1.82025	0.44306	8.41251	0.518952	0.45509	0.386323	0.0603398
20254	0.0858143	0.113633	3.73311	1.66641	0.446388	1.14896	-2.80071	3.50126	1.69776	0.484899	7.51446	0.565135	0.465026	0.387059	0.0605745
20255	0.120749	0.126077	3.88344	1.79216	0.461487	1.1829	-2.79569	3.5747	1.7043	0.476767	7.56692	0.56408	0.468811	0.379147	0.0606061
20256	0.0818543	0.1371	4.05684	1.75096	0.431607	1.2112	-2.77028	3.63272	1.72367	0.474485	6.6275	0.637709	0.451863	0.378298	0.0607786
20257	0.133187	0.110324	3.55258	1.80764	0.508825	1.28452	-2.80263	3.55481	1.60782	0.452293	6.4013	0.662781	0.48055	0.383252	0.0612664
20258	0.0648816	0.0770661	3.51928	1.62909	0.462906	1.2485	-2.7826	3.51882	1.69164	0.480741	5.8372	0.700481	0.471823	0.381173	0.0611662
20259	0.121691	0.119563	3.69123	1.68889	0.457542	1.14439	-2.78624	3.88532	1.75697	0.452206	8.07303	0.522957	0.454806	0.38	0.0615036
20260	0.151978	0.0910095	3.81539	1.66939	0.43754	1.11584	-2.88193	3.87996	1.82564	0.47053	9.51346	0.464518	0.454174	0.387452	0.06131
20261	0.122571	0.0996171	3.53924	1.61533	0.456407	1.08862	-2.8877	4.02345	1.76455	0.438567	9.56239	0.466622	0.446916	0.397741	0.0616565
20262	0.0830174	0.0878546	3.47534	1.53372	0.441315	1.01264	-2.94121	3.63618	1.76304	0.484862	10.6171	0.432099	0.463581	0.410421	0.0617621
20263	0.0373666	0.0391661	3.65597	1.67942	0.459364	1.06634	-2.95304	3.67548	1.63919	0.445979	8.45625	0.52939	0.452654	0.402919	0.0620972
20264	0.0127152	0.0239282	3.57037	1.74088	0.487591	1.06304	-2.89169	3.71116	1.69827	0.457612	7.70576	0.551589	0.472312	0.38205	0.0619917
20265	-0.0113267	-0.0376865	3.74872	1.74914	0.466595	1.15196	-2.89091	3.75981	1.65844	0.441097	6.01581	0.676623	0.453827	0.374046	0.0623621
20266	-1.71947e-05	-0.0086203	3.9405	1.78211	0.452256	1.0306	-2.97362	3.66995	1.72833	0.470942	8.27668	0.531084	0.461267	0.385141	0.0625394
20267	0.0140098	0.0258518	3.5269	1.57916	0.447747	1.09146	-2.98048	3.7782	1.61674	0.427912	7.78543	0.580445	0.437488	0.414299	0.0627039
20268	0.10363	0.0632354	3.42734	1.63047	0.475724	0.954311	-3.02709	3.57832	1.57427	0.439945	13.197	0.361829	0.457449	0.427057	0.0628049
20269	-0.0339291	0.0506024	3.83658	1.70391	0.444123	1.00457	-3.00412	3.33576	1.52502	0.457173	8.65224	0.539244	0.450192	0.419563	0.0632104
20270	0.0618598	0.031584	3.96394	1.69491	0.427583	0.8354	-3.04259	3.31184	1.48003	0.446891	15.7939	0.299182	0.436372	0.426777	0.0632106
20271	-0.0908741	-0.0870558	3.80305	1.94934	0.512573	0.879772	-3.03684	3.58057	1.4031	0.391866	9.23543	0.471077	0.454038	0.393643	0.0633117
20272	-0.103295	-0.092156	3.82579	1.88827	0.493562	0.977059	-2.99565	3.62217	1.52291	0.420443	7.22287	0.583582	0.458002	0.382011	0.0637154
20273	-0.0781234	-0.0477721	3.74249	1.75607	0.469224	1.05022	-2.99137	3.6574	1.5953	0.436183	6.80578	0.636575	0.452893	0.39272	0.0638564
20274	0.0123664	-0.043814	3.95706	1.91768	0.484621	0.932909	-3.02165	3.73937	1.67275	0.447335	10.4644	0.423699	0.466505	0.381858	0.0642861
20275	-0.122541	-0.0483502	3.9337	1.99697	0.507658	0.898538	-3.11029	3.74653	1.70192	0.454267	8.9924	0.521302	0.481613	0.387999	0.064523
20276	-0.063696	-0.0957449	3.75698	1.74552	0.464607	0.831561	-3.09495	3.70872	1.78397	0.481021	11.2232	0.400743	0.472761	0.3893	0.0646634
20277	-0.126494	-0.0776496	3.97561	1.7577	0.442121	0.941255	-3.04524	3.77137	1.68852	0.447721	7.72451	0.570044	0.444847	0.389939	0.0648861
20278	-0.202032	-0.0951434	3.85103	1.7951	0.466137	0.982609	-3.05537	3.34437	1.60093	0.478693	6.24419	0.701688	0.471973	0.392249	0.0651408
20279	-0.140541	-0.128139	4.07251	1.75214	0.430237	0.988458	-3.02888	3.6357	1.6556	0.455373	6.60134	0.63732	0.442093	0.381801	0.0653699
20280	-0.150051	-0.109698	3.62779	1.73872	0.479279	0.933705	-3.00795	3.79767	1.78984	0.4713	7.15171	0.587263	0.475198	0.373211	0.0654025
20281	-0.0421235	-0.0618621	3.96481	1.82315	0.459833	0.975817	-3.02708	3.85344	1.79965	0.467024	8.48531	0.518101	0.463378	0.377742	0.0654217
20282	-0.0876906	-0.0865935	3.53452	1.84531	0.522081	0.897812	-3.09504	3.43901	1.66768	0.484931	9.31901	0.485608	0.50376	0.391881	0.0657767
20283	-0.149926	-0.148633	4.25106	1.86545	0.43882	0.872013	-3.14821	3.77914	1.69176	0.447658	8.61532	0.522179	0.442979	0.387502	0.065921
20284	-0.0944646	-0.146952	3.81646	1.82901	0.479242	0.892256	-3.11656	3.85535	1.7588	0.456198	9.05755	0.486809	0.467662	0.380725	0.0657714
20285	-0.18113	-0.140251	3.98396	1.72866	0.433905	0.83804	-3.1173	3.46035	1.73507	0.501415	8.53258	0.519353	0.465286	0.390247	0.0658338
20286	-0.0739613	-0.0636009	3.50418	1.64445	0.469281	0.882398	-3.13639	3.91494	1.63053	0.416488	10.3234	0.457312	0.441423	0.418987	0.0663287
20287	-0.0461132	-0.0459779	3.74433	1.65843	0.442917	0.845027	-3.11477	3.60194	1.67428	0.464828	11.8588	0.397066	0.45366	0.414107	0.0668141
20288	-0.0597425	-0.0476873	3.64935	1.74701	0.478718	0.983368	-3.10772	3.53076	1.76109	0.498786	8.6058	0.54404	0.488586	0.400347	0.066683
20289	-0.0234443	-0.00461874	3.60088	1.58256	0.439493	0.78796	-3.17626	3.53943	1.70134	0.480682	15.2789	0.329188	0.45991	0.433808	0.066676
20290	0.0118157	-0.0250191	3.59731	1.55832	0.433191	0.907973	-3.16777	3.6051	1.64651	0.456716	12.2985	0.401549	0.444966	0.4353	0.0667104
20291	0.0510567	0.0202738	3.65115	1.66954	0.457265	0.83227	-3.2157	3.64585	1.77792	0.487657	17.1582	0.305147	0.47245	0.431736	0.0667522
20292	-0.0317301	0.037174	3.68475	1.68113	0.456239	0.787591	-3.2063	3.53485	1.6716	0.472891	15.6716	0.335644	0.464392	0.439725	0.0671536
20293	0.0893672	0.0735145	3.54855	1.69556	0.477817	0.91178	-3.16216	4.06728	1.75678	0.431929	15.4792	0.338181	0.45331	0.431343	0.0673063
20294	0.0980054	0.163661	3.4311	1.63937	0.477796	0.869103	-3.19392	3.86122	1.83833	0.476102	18.9598	0.297296	0.476899	0.44776	0.0673092
20295	0.178579	0.162422	3.68105	1.69921	0.461611	0.770442	-3.22357	3.73793	1.86614	0.499245	32.7287	0.175151	0.480573	0.445773	0.0674562
20296	0.194373	0.121289	3.56523	1.59294	0.446797	0.900911	-3.174	3.77119	1.75187	0.464542	21.7529	0.249598	0.455919	0.448133	0.0679513
20297	0.168383	0.113923	3.6039	1.61267	0.447479	0.89566	-3.11776	3.64038	1.62348	0.445964	19.7451	0.264466	0.446718	0.446661	0.0680555
20298	0.220988	0.220035	3.5229	1.64135	0.465908	0.879074	-3.11942	3.52965	1.62016	0.459016	25.7506	0.216539	0.462459	0.460988	0.0680396
20299	0.172171	0.19119	3.01116	1.56596	0.520051	0.74616	-3.20885	3.51566	1.60403	0.456253	35.0881	0.164732	0.485686	0.477029	0.0681606
20300	0.125197	0.201224	3.76618	1.6352	0.434179	0.845899	-3.1386	3.87627	1.58163	0.408028	21.4751	0.259706	0.420915	0.464472	0.0683583
20301	0.198247	0.189885	3.83255	1.63664	0.427037	0.824361	-3.13001	3.59055	1.58623	0.441778	28.1152	0.19601	0.434167	0.461029	0.0685537
20302	0.135287	0.206259	3.76643	1.79529	0.476656	0.938466	-3.10482	3.65916	1.68683	0.460988	16.9947	0.322549	0.468935	0.44056	0.0690786
20303	0.211043	0.180305	3.73642	1.86118	0.49812	0.87104	-3.10516	3.93216	1.77636	0.451753	24.7805	0.217798	0.474345	0.426026	0.0691538
20304	0.0777319	0.110173	3.86975	1.76579	0.456306	0.826922	-3.16685	3.83886	1.70999	0.445443	19.1326	0.280643	0.450896	0.435918	0.0695874
20305	0.105461	0.120413	3.87386	1.75868	0.453987	0.749256	-3.19048	3.80306	1.74311	0.458345	26.4481	0.207236	0.456146	0.439145	0.0698052
20306	0.129483	0.0834998	3.84158	1.67616	0.436321	0.897712	-3.08879	3.74585	1.88708	0.503779	17.0516	0.295088	0.469624	0.413976	0.070075
20307	0.0680016	0.108645	3.84238	1.63156	0.424621	0.836234	-3.14843	3.87404	1.7468	0.450897	17.9751	0.29509	0.437813	0.439911	0.0705608
20308	0.0139365	0.113587	3.76279	1.755	0.466409	0.884426	-3.09194	3.937	1.87616	0.476546	13.5604	0.378876	0.471592	0.414452	0.07065
20309	0.101102	0.112048	3.66877	1.69235	0.461285	1.0225	-3.06228	3.99003	1.84715	0.462942	11.869	0.424483	0.462148	0.41591	0.0707663
20310	0.207651	0.151629	3.5097	1.67509	0.477275	0.937817	-3.04283	3.82953	1.92386	0.502377	19.1404	0.266572	0.490373	0.414934	0.070418
20311	0.137711	0.142376	3.78373	1.59972	0.42279	1.00271	-3.04169	3.87642	1.83941	0.474513	13.5499	0.374111	0.448964	0.424411	0.0706973
20312	0.105211	0.150222	3.79221	1.66325	0.438596	1.15326	-2.89111	3.67509	1.85033	0.503478	8.42097	0.549206	0.470528	0.397035	0.0710268
20313	0.105155	0.156785	3.66453	1.65045	0.450387	1.05763	-2.91808	4.03809	1.8412	0.455957	10.4218	0.453607	0.453307	0.403803	0.0717175
20314	0.0918051	0.107311	3.50521	1.81539	0.517914	1.04849	-2.92369	3.62787	1.72055	0.474259	10.0378	0.457619	0.495711	0.39389	0.0719266
20315	0.0609048	0.0917865	3.73837	1.79736	0.480787	0.971619	-3.00443	3.43909	1.65019	0.479833	11.5584	0.4147	0.48033	0.41021	0.0721239
20316	0.101978	0.0907392	3.8194	1.8444	0.482904	0.917173	-3.01422	3.6858	1.73661	0.471162	14.5073	0.332272	0.477137	0.402408	0.0725341
20317	0.143123	0.0866716	3.91522	1.61096	0.41146	1.03074	-3.00478	3.77854	1.77198	0.468959	12.1302	0.393936	0.439699	0.414047	0.0728918
20318	0.0339325	0.0684845	3.49944	1.69933	0.4856	1.03137	-2.97685	3.58715	1.80861	0.504193	9.32174	0.497443	0.495012	0.398049	0.073155
20319	0.034979	0.0599616	3.82792	1.64214	0.42899	0.961521	-2.96703	3.63937	1.76323	0.484488	10.6732	0.42924	0.456038	0.402272	0.073671
20320	0.0360342	0.0665359	3.47368	1.59328	0.458673	1.03444	-2.9454	3.47515	1.6957	0.487949	9.10066	0.498411	0.473314	0.408249	0.0737209
20321	0.0718133	0.077889	3.35536	1.65182	0.492294	1.09083	-2.90447	3.76065	1.66485	0.442702	8.56569	0.519193	0.466086	0.401475	0.0740573
20322	0.0366826	0.0504581	3.67796	1.51615	0.412224	1.13194	-2.86688	3.6534	1.75946	0.481595	7.09485	0.599793	0.446793	0.393899	0.0739193
20323	0.152248	0.106832	3.51993	1.62324	0.461158	1.23509	-2.83593	3.46842	1.7088	0.492673	7.38548	0.586275	0.476799	0.393964	0.0742753
20324	0.102052	0.0745845	3.42868	1.51096	0.440683	1.17066	-2.8466	3.39515	1.62274	0.477958	7.47279	0.570959	0.459229	0.405155	0.0743485
20325	0.0474878	0.0286419	3.5174	1.50923	0.429074	1.14167	-2.90011	3.52289	1.60064	0.454354	7.16453	0.598614	0.441724	0.408246	0.0746853
20326	-0.0115832	-0.0354232	3.69725	1.71852	0.46481	1.11767	-2.88292	3.39992	1.65299	0.486186	6.35837	0.637605	0.47505	0.375598	0.0748942
20327	-0.0264894	-0.0558821	3.84217	1.84259	0.479571	1.04894	-2.90218	3.80023	1.77438	0.466913	7.00484	0.578272	0.473277	0.359072	0.0749466
20328	-0.0338681	-0.0594702	3.65798	1.60505	0.43878	1.10883	-2.90246	3.66302	1.7703	0.483289	6.18995	0.652879	0.46105	0.374589	0.0750476
20329	0.0873509	-0.00843311	3.81799	1.63607	0.428516	1.1832	-2.80522	3.65237	1.8707	0.512188	6.51359	0.600438	0.469424	0.358117	0.0746792
20330	-0.0175281	-0.012134	3.72176	1.68539	0.452849	1.17225	-2.80861	3.83225	1.7244	0.449972	5.5245	0.707783	0.451389	0.364537	0.0746896
20331	0.00834154	0.0166929	3.7201	1.66748	0.448235	1.22498	-2.75224	3.81768	1.79276	0.469594	5.17962	0.74011	0.459053	0.356587	0.0749846
20332	-0.0193796	-0.0328515	3.85518	1.69891	0.440683	1.29681	-2.74943	3.61567	1.65207	0.456921	4.25998	0.86618	0.448542	0.355191	0.075038
20333	-0.166232	-0.062724	4.01891	1.78913	0.445178	1.16571	-2.78247	3.74742	1.72556	0.460465	4.16952	0.887033	0.452554	0.344869	0.0748803
20334	0.00985359	-0.0521549	3.67361	1.65689	0.451025	1.15794	-2.85403	3.78303	1.78712	0.472405	5.95588	0.659053	0.461872	0.363118	0.0748549
20335	-0.0794133	-0.0114452	3.70392	1.73219	0.467664	1.10196	-2.87865	3.87447	1.76683	0.456019	5.89039	0.697821	0.46171	0.370144	0.0751717
20336	0.12709	0.0334657	3.56847	1.69386	0.474675	1.07319	-2.87162	3.77262	1.67497	0.44398	9.42849	0.447554	0.458901	0.385224	0.0755171
20337	0.030949	0.0435559	3.59719	1.65148	0.459102	1.05677	-2.90263	3.74087	1.66739	0.445722	8.24857	0.526153	0.452281	0.395466	0.0758195
20338	0.0702176	0.146811	3.62061	1.72684	0.476948	1.13248	-2.85836	3.83997	1.65519	0.431042	8.00335	0.564203	0.45332	0.400447	0.0761347
20339	0.174008	0.128197	3.35679	1.67393	0.498671	1.15758	-2.88614	3.50593	1.58632	0.452468	9.39228	0.483709	0.475068	0.410757	0.0763398
20340	0.146092	0.141123	3.93795	1.70196	0.432196	1.14175	-2.89876	3.52966	1.63064	0.461982	9.32164	0.49567	0.446275	0.40953	0.0764089
20341	0.142349	0.187809	3.66355	1.7584	0.479972	1.12896	-2.88861	3.53131	1.65895	0.469782	9.72293	0.486702	0.47497	0.409235	0.0766153
20342	0.24082	0.214856	3.79602	1.65677	0.43645	1.1532	-2.93373	3.43932	1.74031	0.506006	11.9092	0.416217	0.469513	0.421942	0.0770643
20343	0.260804	0.210219	3.56279	1.58026	0.443546	1.09598	-2.84972	3.41434	1.69103	0.495274	13.4237	0.348758	0.46886	0.417222	0.0773568
20344	0.204439	0.161682	3.46666	1.58992	0.458632	1.21195	-2.80063	3.87366	1.75377	0.452743	8.64491	0.507541	0.455524	0.396294	0.0774586
20345	0.0588409	0.0966644	3.64372	1.55746	0.427435	1.21686	-2.81049	3.53231	1.85467	0.525058	6.30241	0.670499	0.475489	0.38254	0.0779242
20346	0.0528075	0.119848	3.78066	1.74007	0.460257	1.14715	-2.76114	3.88984	1.81463	0.466505	6.93067	0.598795	0.463425	0.3687	0.078287
20347	0.179177	0.178315	3.67793	1.58663	0.431392	1.22542	-2.79685	3.94881	1.75603	0.4447	8.08638	0.547316	0.438282	0.398442	0.0780131
20348	0.208278	0.162736	3.77537	1.77782	0.4709	1.23815	-2.74356	3.72059	1.79328	0.481989	7.96374	0.530314	0.476404	0.371705	0.0780568
20349	0.156029	0.11855	3.63906	1.61479	0.443737	1.33681	-2.66537	3.73715	1.81047	0.484453	5.5587	0.697122	0.464366	0.361409	0.0782896
20350	0.160298	0.165673	3.49086	1.66874	0.47803	1.41566	-2.63057	3.70021	1.80012	0.486492	4.96149	0.787968	0.482384	0.36053	0.0787673
20351	0.174268	0.195263	3.84268	1.76536	0.459409	1.28407	-2.61068	3.85327	1.74422	0.452661	6.39244	0.615829	0.456031	0.359435	0.0788149
20352	0.1138	0.145558	3.7236	1.66883	0.448176	1.47923	-2.60375	3.58657	1.69995	0.473977	4.05421	0.9322	0.460835	0.359473	0.0790463
20353	0.116585	0.0930911	3.76534	1.71068	0.454323	1.35787	-2.64041	3.58772	1.77785	0.495539	4.84949	0.770393	0.474433	0.348847	0.0791046
20354	0.0361773	0.00437406	3.55061	1.69453	0.47725	1.30538	-2.63833	3.57179	1.67793	0.469774	4.33542	0.805444	0.4735	0.341226	0.0792767
20355	-0.034629	0.0056333	3.73861	1.57334	0.420835	1.3645	-2.65097	3.70733	1.68867	0.455495	3.60526	0.978787	0.438092	0.351139	0.0793748
20356	-0.0420467	-0.0278105	3.71899	1.67148	0.449445	1.37803	-2.65686	3.68864	1.75359	0.475403	3.42748	1.00831	0.462371	0.335441	0.0793686
20357	0.0410014	0.0302316	3.94198	1.71146	0.434163	1.3242	-2.71292	3.72238	1.73561	0.466262	4.56993	0.823304	0.449753	0.353177	0.0798555
20358	0.0744024	0.0500824	3.91357	1.9116	0.488454	1.24939	-2.76202	3.55483	1.73502	0.488073	5.72788	0.690301	0.488273	0.351665	0.0803037
20359	0.0904986	0.0829713	3.80791	1.67749	0.440529	1.16589	-2.77347	3.74587	1.70905	0.456248	7.05535	0.578233	0.448324	0.376027	0.0807874
20360	0.168099	0.104414	3.81453	1.68281	0.441159	1.1527	-2.79705	3.37757	1.63917	0.485312	8.68389	0.484719	0.461894	0.387953	0.0808453
20361	0.12252	0.106849	3.97417	1.77996	0.447883	1.26137	-2.76796	3.76897	1.77559	0.471108	6.3721	0.648491	0.459187	0.367644	0.080928
20362	0.14196	0.116245	3.88462	1.72264	0.443452	1.17476	-2.76675	3.31773	1.62595	0.49008	7.79218	0.533335	0.464931	0.383038	0.0811879
20363	0.18778	0.130656	3.86229	1.85865	0.481229	1.10185	-2.88852	3.61733	1.66759	0.461001	10.9099	0.417759	0.471446	0.392681	0.0812487
20364	0.176127	0.132037	3.82299	1.99507	0.521862	1.08265	-2.94322	3.80882	1.69042	0.443818	11.5082	0.410889	0.482913	0.390925	0.0815946
20365	0.160606	0.123742	3.75737	1.9372	0.515573	0.984629	-3.02036	3.55628	1.69632	0.476992	14.5584	0.339507	0.496813	0.404936	0.0821053
20366	0.11981	0.121605	3.83826	1.86963	0.487103	0.9736	-3.00992	3.76154	1.72611	0.458884	13.4528	0.364478	0.473136	0.405523	0.0820643
20367	0.0589775	0.0941049	3.77977	1.8644	0.493257	0.964752	-2.96225	3.95033	1.81116	0.458483	11.3859	0.410213	0.475486	0.388635	0.0824065
20368	0.0171625	0.0296589	4.02595	1.75362	0.43558	1.00785	-2.97289	3.88598	1.89832	0.488505	9.18558	0.49073	0.461574	0.381749	0.0829358
20369	0.0801919	0.0403534	3.34488	1.60732	0.480531	0.938966	-3.02199	3.80133	1.85967	0.489215	12.716	0.368746	0.485151	0.403544	0.083196
20370	0.00222895	0.0072229	3.803	1.59988	0.42069	1.0369	-2.94794	3.77986	1.77477	0.469533	8.15759	0.535269	0.445037	0.392939	0.083689
20371	-0.0492693	-0.000598082	3.68927	1.7165	0.465268	1.0126	-2.98687	3.46082	1.59807	0.46176	7.90897	0.563778	0.46357	0.402257	0.0842195
20372	0.0663768	0.0190251	3.52882	1.67061	0.47342	0.96015	-3.01762	3.78392	1.7158	0.453444	11.5434	0.399415	0.463083	0.405148	0.0846168
20373	0.0753875	0.0766426	3.39811	1.55089	0.456397	0.970562	-2.99138	3.5904	1.73558	0.483395	11.7463	0.400669	0.470267	0.41738	0.0850203
20374	-0.00316949	0.0668717	3.61811	1.59874	0.441871	1.04951	-2.96874	3.43681	1.76849	0.514573	8.31571	0.554069	0.477288	0.406355	0.0854498
20375	-0.02318	-0.0329526	3.45288	1.5645	0.453099	0.932742	-3.07264	4.07346	1.87653	0.460672	10.1114	0.456893	0.457198	0.40178	0.0851914
20376	-0.0727265	-0.0341686	3.53071	1.63776	0.46386	0.909364	-3.0984	3.77967	1.73888	0.46006	9.73512	0.482251	0.461895	0.410215	0.0854143
20377	-0.151776	-0.117187	3.73451	1.72121	0.460892	0.919469	-3.0907	3.57534	1.75731	0.491509	7.70481	0.573783	0.475867	0.388669	0.0855358
20378	-0.0303871	-0.0542372	3.69084	1.7506	0.474309	0.87285	-3.11942	3.81005	1.64472	0.431678	11.5162	0.407919	0.452655	0.40903	0.0859401
20379	0.0117542	-0.0261361	3.65528	1.63936	0.44849	0.891621	-3.08982	4.04266	1.76879	0.437531	12.1242	0.387082	0.442735	0.407883	0.0857636
20380	-0.0711003	-0.0717766	3.4665	1.59099	0.458963	1.00692	-3.09397	3.77622	1.84821	0.489434	7.85935	0.581069	0.47485	0.399135	0.0859435
20381	-0.0605492	-0.0600134	3.38228	1.69118	0.500013	0.831493	-3.14082	3.90952	1.77201	0.453256	11.9277	0.397869	0.474944	0.406704	0.0863926
20382	-0.0809544	-0.0368267	3.77773	1.69089	0.447593	0.872406	-3.12941	3.466	1.63776	0.472523	10.5227	0.454448	0.459522	0.418156	0.0864769
20383	-0.0272388	-0.0365976	3.58263	1.73836	0.485217	0.834915	-3.15909	3.65537	1.67941	0.459438	13.1169	0.371655	0.472198	0.416412	0.0865646
20384	0.0688226	0.0580519	3.94756	1.70519	0.431961	0.857274	-3.21437	3.74245	1.87613	0.501311	17.2261	0.310828	0.465711	0.427889	0.0873277
20385	-0.00931652	0.0513959	3.58852	1.80715	0.503592	0.786149	-3.20519	3.62103	1.67124	0.461536	16.7603	0.316383	0.482469	0.43266	0.0874558
20386	-0.0205854	-0.0946183	3.94408	1.82409	0.462489	0.69745	-3.28755	3.56928	1.68577	0.472299	19.7737	0.257787	0.467149	0.4208	0.0876976
20387	-0.0583457	-0.106572	4.128	1.86956	0.452896	0.748042	-3.28275	3.94059	1.93223	0.49034	15.5139	0.325131	0.471183	0.398934	0.0879466
20388	-0.128238	-0.127086	3.81716	1.84753	0.484006	0.735928	-3.33294	3.72393	1.788	0.480137	13.7624	0.373391	0.482096	0.41421	0.0878281
20389	-0.0874603	-0.0997105	3.58275	1.90659	0.532157	0.592144	-3.35635	3.90385	1.85081	0.4741	22.9629	0.230931	0.501883	0.413836	0.0879727
20390	-0.105664	-0.129342	3.75142	1.72977	0.461097	0.615976	-3.36307	4.10704	1.93025	0.469985	20.0801	0.260382	0.465742	0.416784	0.0881352
20391	-0.182491	-0.184678	3.55549	1.67669	0.471578	0.694563	-3.30978	3.61171	1.76782	0.489469	12.6962	0.384612	0.480594	0.414924	0.0880699
20392	-0.188404	-0.186639	3.64958	1.69222	0.463675	0.77504	-3.27452	3.73238	1.66331	0.445643	10.2723	0.464113	0.454558	0.415461	0.0885606
20393	-0.174645	-0.174004	3.7696	1.75321	0.465092	0.789204	-3.26898	3.51121	1.71864	0.489472	10.3109	0.464502	0.47685	0.408319	0.0884974
20394	-0.214363	-0.214139	3.61136	1.59703	0.442224	0.764412	-3.31023	3.60984	1.68478	0.466719	10.006	0.479	0.454469	0.422161	0.0891641
20395	-0.168519	-0.235262	3.56536	1.74801	0.490275	0.71893	-3.25579	3.75876	1.721	0.457864	11.5845	0.393782	0.473642	0.396804	0.0893933
20396	-0.217113	-0.187807	3.4735	1.63264	0.470027	0.79232	-3.27286	3.65515	1.81471	0.49648	9.34049	0.509478	0.48359	0.408478	0.0895294
20397	-0.138492	-0.219748	3.54091	1.66593	0.47048	0.71881	-3.27494	3.79452	1.88814	0.497596	12.7001	0.367484	0.484507	0.396468	0.0896734
20398	-0.205017	-0.177114	3.78557	1.74261	0.460328	0.730919	-3.33927	3.79994	1.77198	0.466317	11.415	0.437987	0.463328	0.41576	0.0899641
20399	-0.22432	-0.179532	3.50434	1.61357	0.460448	0.669846	-3.32525	3.91979	1.71572	0.437707	12.3766	0.399766	0.448441	0.426421	0.0901066
20400	-0.278136	-0.210948	3.62076	1.54107	0.42562	0.691354	-3.33469	3.57475	1.56248	0.437087	10.3816	0.469955	0.431317	0.440218	0.0899737
20401	-0.182228	-0.17568	3.5987	1.60413	0.445752	0.557448	-3.39625	3.76432	1.66581	0.442526	18.9575	0.273561	0.444103	0.442394	0.0900542
20402	-0.196339	-0.247105	3.48397	1.6633	0.477416	0.577417	-3.44252	3.53315	1.60133	0.453231	17.0548	0.299349	0.465239	0.43893	0.0903239
20403	-0.185707	-0.197276	3.92382	1.64111	0.418243	0.559276	-3.37973	3.5772	1.61848	0.452445	18.2487	0.2775	0.434554	0.437308	0.090586
20404	-0.219475	-0.186491	3.66174	1.53042	0.41795	0.618483	-3.42098	3.45648	1.59385	0.46112	14.8994	0.351087	0.438913	0.455803	0.0907873
20405	-0.130413	-0.118065	3.76266	1.56677	0.416399	0.58442	-3.42762	3.66072	1.70458	0.46564	21.4353	0.255493	0.440681	0.455775	0.091198
20406	-0.166229	-0.211531	3.35742	1.57306	0.468532	0.366279	-3.58127	3.74306	1.73185	0.462683	40.0443	0.141782	0.465449	0.462189	0.09153
20407	-0.229413	-0.292012	3.54592	1.62551	0.458416	0.405228	-3.5671	3.90008	1.76226	0.451851	26.6311	0.201384	0.454978	0.441944	0.091952
20408	-0.325421	-0.285716	3.70646	1.79885	0.485328	0.411875	-3.53484	3.88443	1.82672	0.470268	19.42	0.271803	0.477621	0.421399	0.0920002
20409	-0.208569	-0.227969	3.77689	1.75599	0.46493	0.4291	-3.53731	3.55515	1.82316	0.512823	26.9334	0.203311	0.488153	0.43354	0.0924066
20410	-0.155602	-0.203459	3.58218	1.66009	0.463429	0.4287	-3.5388	3.92257	1.8338	0.4675	32.584	0.170704	0.465557	0.443329	0.0927053
20411	-0.202272	-0.154197	3.68055	1.71034	0.464696	0.511955	-3.53021	3.77644	1.69488	0.448804	22.3426	0.25506	0.456648	0.455688	0.0930251
20412	-0.130642	-0.161259	3.63564	1.60181	0.440586	0.53005	-3.46393	3.8096	1.64683	0.432284	24.988	0.218257	0.436338	0.456468	0.0930316
20413	-0.187014	-0.211942	3.45829	1.56805	0.453418	0.594149	-3.38716	3.64446	1.70117	0.466781	16.5221	0.305108	0.460275	0.435464	0.0933812
20414	-0.176426	-0.152482	3.76229	1.7233	0.458046	0.563634	-3.41996	3.66118	1.7448	0.476567	19.4936	0.273845	0.46718	0.435029	0.0937433
20415	-0.196973	-0.104258	3.91677	1.85416	0.473389	0.654712	-3.37792	3.90573	1.77865	0.455394	14.7744	0.362683	0.464404	0.424585	0.093875
20416	-0.129028	-0.0985265	3.6424	1.82526	0.501114	0.64876	-3.36963	3.76587	1.83067	0.48612	17.6875	0.302477	0.493492	0.422654	0.0940969
20417	-0.0980878	-0.151985	3.6811	1.64744	0.447538	0.688446	-3.37949	3.74302	1.75668	0.469322	16.8383	0.309318	0.458521	0.433555	0.0938103
20418	-0.218866	-0.151617	3.72452	1.6759	0.449964	0.582922	-3.37595	3.64041	1.90753	0.523987	16.1719	0.321432	0.486553	0.420515	0.0939517
20419	-0.120021	-0.0940177	3.41393	1.60984	0.471551	0.569918	-3.36551	3.96869	1.84122	0.463936	22.4838	0.238008	0.467458	0.436843	0.0944647
20420	-0.138814	-0.114103	3.67691	1.71894	0.467497	0.609333	-3.3595	3.82418	1.91486	0.500724	18.8175	0.279862	0.484436	0.420287	0.0949348
20421	-0.170332	-0.146492	3.66733	1.83594	0.500619	0.652057	-3.36059	4.02171	1.86187	0.462955	15.2743	0.338162	0.480919	0.411337	0.0949563
20422	-0.116325	-0.117749	4.06093	1.80266	0.443903	0.70155	-3.35394	3.64185	1.67369	0.459572	15.6564	0.33446	0.451311	0.429722	0.095062
20423	-0.0301517	-0.0318131	3.62591	1.61879	0.446451	0.649726	-3.33436	3.89381	1.79744	0.461614	23.5958	0.231117	0.454302	0.444	0.0950557
20424	0.0593046	0.0774976	3.67707	1.66119	0.451769	0.63057	-3.34548	3.82412	1.69882	0.444238	35.9031	0.163172	0.44793	0.465875	0.095228
20425	0.110704	0.0861937	3.54922	1.62551	0.457989	0.676736	-3.35362	3.75605	1.81223	0.482482	36.9307	0.160196	0.470582	0.462627	0.0957485
20426	0.0924403	0.0886946	3.69285	1.65944	0.449365	0.652204	-3.39109	3.88145	1.75573	0.452337	38.6452	0.156668	0.450888	0.470016	0.0960401
20427	0.117113	0.0811505	3.63886	1.7254	0.474159	0.580221	-3.3916	3.83881	1.69266	0.440935	56.2319	0.107234	0.457103	0.468797	0.0963099
20428	-0.0329406	0.0399145	3.73859	1.69613	0.45368	0.583327	-3.35961	3.71417	1.64165	0.441998	30.4297	0.189893	0.447858	0.464105	0.0963883
20429	-0.0391191	-0.0393682	3.73963	1.76531	0.472055	0.777434	-3.2991	3.89967	1.60367	0.411233	15.9366	0.33338	0.441007	0.440998	0.0964312
20430	-0.100649	-0.0496979	3.90385	1.8133	0.46449	0.676937	-3.29067	3.68912	1.754	0.475453	17.3722	0.30232	0.469816	0.424127	0.0967178
20431	-0.0533915	-0.0970441	3.69226	1.72441	0.467032	0.689629	-3.30164	3.53244	1.62057	0.458768	18.6014	0.27604	0.462992	0.434361	0.096805
20432	-0.148041	-0.0681255	3.90534	1.75056	0.448248	0.71568	-3.29156	3.64061	1.61542	0.443724	13.928	0.373007	0.446065	0.435702	0.0971603
20433	-0.197969	-0.214706	3.85431	1.75191	0.454533	0.526169	-3.46941	3.59041	1.67365	0.466144	20.2013	0.262188	0.460133	0.436136	0.0973678
20434	-0.154708	-0.14595	3.43617	1.69678	0.493801	0.528442	-3.44482	3.6714	1.71272	0.466504	23.3183	0.233347	0.479701	0.443936	0.0973916
20435	-0.0965921	-0.161791	3.82205	1.7999	0.470926	0.499225	-3.4663	3.66762	1.73665	0.47351	30.76	0.177499	0.472192	0.435764	0.0976702
20436	-0.121584	-0.19281	3.9197	1.7205	0.438936	0.625116	-3.43965	3.85602	1.80037	0.466898	18.9073	0.27878	0.452802	0.428215	0.0978683
20437	-0.155255	-0.204723	3.5832	1.71631	0.478988	0.570594	-3.41574	3.83808	1.73485	0.45201	19.57	0.263428	0.465036	0.427678	0.0981854
20438	-0.245888	-0.246761	3.8415	1.63039	0.424416	0.588639	-3.48486	3.78909	1.82652	0.482048	15.0556	0.348218	0.453034	0.431386	0.098446
20439	-0.22273	-0.176893	3.81907	1.72662	0.452104	0.521187	-3.51291	3.56015	1.70445	0.478758	20.1097	0.276707	0.464964	0.447911	0.0984329
20440	-0.189862	-0.168185	3.7743	1.74652	0.462741	0.463904	-3.52759	3.84418	1.60709	0.418058	26.4046	0.213705	0.440195	0.45703	0.098717
20441	-0.093728	-0.0821569	3.60199	1.73261	0.481015	0.396336	-3.52946	4.04241	1.77797	0.439829	49.4825	0.120081	0.459236	0.458497	0.0991666
20442	0.118673	0.0401083	4.06954	1.77128	0.435252	0.436699	-3.50133	4.12052	1.73455	0.420955	124.004	0.0505701	0.428059	0.47224	0.0996009
20443	-0.0887211	-0.0621839	3.61625	1.65496	0.457645	0.611142	-3.43275	3.85576	1.69231	0.438905	23.1942	0.244904	0.447974	0.459147	0.099874
20444	-0.114779	-0.0516956	4.04186	1.65166	0.40864	0.400734	-3.51317	3.41565	1.65921	0.485766	45.0864	0.132876	0.443965	0.475117	0.100257
20445	-0.084478	-0.0837665	3.79221	1.84249	0.485862	0.515553	-3.56644	3.85511	1.70352	0.441887	33.6882	0.180019	0.463693	0.461074	0.100733
20446	-0.115833	-0.0707989	3.50887	1.75304	0.499604	0.455676	-3.59769	3.8918	1.82543	0.469044	38.0836	0.163311	0.483533	0.465083	0.100994
20447	0.0307009	-0.0448911	3.53679	1.61097	0.455488	0.487628	-3.54497	3.67151	1.77888	0.48451	58.6763	0.104391	0.47027	0.47477	0.101941
20448	0.0891883	0.0133553	3.68908	1.60159	0.434142	0.520507	-3.46963	4.07564	1.88347	0.462128	65.2088	0.0930179	0.448832	0.46543	0.102236
20449	-0.00444128	0.0280968	3.6567	1.62791	0.445186	0.488546	-3.54456	3.59414	1.73204	0.481907	52.5183	0.121518	0.463388	0.487228	0.102581
20450	0.00164173	-0.0196123	3.84515	1.57165	0.408737	0.588085	-3.49428	3.63129	1.7434	0.480105	35.1055	0.171958	0.4434	0.4767	0.102942
20451	-0.025163	-0.00553708	3.73738	1.70349	0.455797	0.563293	-3.44926	3.83384	1.75791	0.458524	34.2474	0.17314	0.457178	0.461487	0.103001
20452	0.0542849	-0.00204733	3.72406	1.77951	0.477841	0.50998	-3.50764	3.57293	1.73424	0.485383	59.1797	0.103829	0.481534	0.46661	0.102953
20453	0.0205643	-0.0137082	3.7695	1.68653	0.447416	0.510112	-3.52465	3.90908	1.71058	0.43759	51.4346	0.119829	0.442414	0.475781	0.103251
20454	-0.0271441	-0.0476168	3.82916	1.78294	0.465621	0.624733	-3.44475	3.54808	1.70745	0.481232	27.1578	0.212472	0.473129	0.452657	0.103531
20455	-0.0551816	-0.0573468	3.5766	1.75642	0.491085	0.543265	-3.42612	3.50616	1.71529	0.489223	31.6878	0.179069	0.490163	0.449833	0.103799
20456	-0.0807927	-0.0649907	3.69347	1.65061	0.446901	0.444318	-3.40884	3.68051	1.77989	0.483598	40.5502	0.137871	0.465217	0.449113	0.104016
20457	-0.226079	-0.141866	3.64654	1.80659	0.495425	0.611547	-3.43111	3.66546	1.84487	0.503312	15.4202	0.350809	0.499379	0.425654	0.104297
20458	-0.148946	-0.143417	3.78919	1.82717	0.482206	0.5843	-3.37101	3.74035	1.70961	0.457073	19.3757	0.268825	0.469721	0.424204	0.104427
20459	-0.0230132	-0.0956847	3.85624	1.66177	0.430929	0.625014	-3.36318	3.38314	1.74397	0.51549	25.4241	0.209969	0.470446	0.439496	0.104507
20460	-0.119764	-0.122782	3.80064	1.70222	0.447878	0.546466	-3.35607	3.68879	1.71737	0.465564	23.5528	0.221931	0.456589	0.433321	0.104577
20461	-0.161087	-0.176799	3.49805	1.6442	0.470033	0.60093	-3.40403	4.09976	1.80893	0.441228	17.9362	0.290335	0.45449	0.430006	0.104505
20462	-0.140995	-0.162153	3.77485	1.66263	0.440449	0.703823	-3.33413	3.63487	1.71193	0.470974	14.0972	0.356858	0.455423	0.427184	0.105101
20463	-0.210179	-0.161943	3.96577	1.72396	0.43471	0.526029	-3.35069	3.90077	1.73423	0.444587	18.7603	0.271001	0.439608	0.423778	0.105532
20464	-0.141962	-0.13237	3.66551	1.67578	0.457176	0.646127	-3.30402	3.85624	1.92705	0.499723	16.1964	0.310542	0.478989	0.411199	0.105588
20465	0.00253718	-0.0593157	3.65268	1.65269	0.452461	0.705202	-3.3147	3.94401	1.9365	0.490998	21.4639	0.246869	0.472468	0.4248	0.105787
20466	-0.0569356	-0.0467563	3.5846	1.62772	0.454089	0.56	-3.3504	3.82287	1.81958	0.475972	28.6751	0.190305	0.465382	0.441929	0.106073
20467	-0.15335	-0.087602	3.60516	1.76764	0.490309	0.673558	-3.29809	3.87051	1.72157	0.444791	15.074	0.341888	0.466742	0.424917	0.10647
20468	-0.0567084	-0.0412659	4.04223	1.75307	0.43369	0.662142	-3.30801	3.88868	1.62177	0.417049	20.6516	0.258373	0.425531	0.441628	0.106335
20469	0.00122389	0.0454913	3.56318	1.65058	0.463234	0.730908	-3.29602	3.62958	1.62496	0.447699	20.9709	0.266219	0.455395	0.460227	0.106137
20470	0.122576	0.0888628	3.61971	1.61548	0.446302	0.745953	-3.27609	3.64161	1.68731	0.463342	29.1377	0.1943	0.454848	0.461642	0.106404
20471	0.122636	0.0983411	3.62853	1.7293	0.476584	0.79906	-3.2847	3.59983	1.6711	0.464215	25.0137	0.228774	0.470424	0.457073	0.10654
20472	0.214082	0.149132	3.78378	1.72586	0.45612	0.721758	-3.20662	3.54561	1.67282	0.471799	43.6925	0.128867	0.463705	0.45318	0.106781
20473	0.249803	0.226243	3.64697	1.74657	0.478908	0.854307	-3.1667	3.44996	1.61962	0.469461	31.5034	0.182712	0.474316	0.461035	0.10714
20474	0.223737	0.236586	3.33779	1.65775	0.496659	0.879267	-3.13218	3.43645	1.57849	0.459338	26.4093	0.21486	0.477727	0.467269	0.107312
20475	0.218896	0.273044	3.77494	1.60969	0.426414	0.7847	-3.13885	3.73253	1.67628	0.449101	36.363	0.160067	0.437693	0.469807	0.10726
20476	0.350764	0.335687	3.71393	1.65915	0.446738	0.843174	-3.07789	3.67568	1.72155	0.468362	48.0579	0.121234	0.457494	0.462978	0.10726
20477	0.282103	0.30319	3.62047	1.65211	0.456323	1.01768	-3.01488	3.66444	1.70523	0.465345	20.3475	0.270539	0.460861	0.450618	0.107397
20478	0.298272	0.338896	3.79653	1.71775	0.452453	1.14065	-2.9012	4.04615	1.90069	0.469753	14.7947	0.354798	0.461378	0.420522	0.107981
20479	0.351987	0.346961	3.6223	1.68571	0.465371	1.06726	-2.91289	3.94765	1.80464	0.457143	20.7707	0.255808	0.46108	0.43231	0.108147
20480	0.233034	0.266425	3.77339	1.77411	0.470163	1.06954	-2.90964	3.78122	1.92264	0.508471	14.4157	0.349874	0.489337	0.405653	0.108336
20481	0.264601	0.265035	3.84683	1.71818	0.44665	1.12688	-2.92169	4.01193	1.7953	0.44749	13.6582	0.371762	0.447078	0.419601	0.108501
20482	0.22858	0.282468	3.73967	1.77735	0.475269	1.07417	-2.90303	3.89597	1.89531	0.486481	14.1919	0.357509	0.48099	0.408664	0.108917
20483	0.183276	0.239993	3.92623	1.64744	0.419599	1.03607	-2.94075	3.60182	1.83999	0.51085	13.9112	0.363633	0.463258	0.420498	0.109715
20484	0.113046	0.18135	3.50491	1.56129	0.445458	0.966535	-3.00153	4.04282	1.86113	0.460354	13.9074	0.364222	0.453437	0.425419	0.109961
20485	0.247033	0.22447	3.39338	1.55152	0.45722	1.00627	-3.02483	3.7892	1.7984	0.474613	18.3159	0.288218	0.466395	0.440816	0.110374
20486	0.303676	0.238582	3.81838	1.69929	0.44503	0.974513	-3.00573	4.07361	1.89044	0.46407	23.389	0.225011	0.454858	0.423098	0.110672
20487	0.249875	0.174243	3.69201	1.62391	0.439844	1.13498	-2.96754	3.77511	1.83509	0.486103	12.5999	0.391703	0.463231	0.416492	0.111122
20488	0.253976	0.200619	3.6825	1.6806	0.456376	1.01677	-2.97146	3.92218	1.6881	0.430398	17.293	0.290928	0.442978	0.427624	0.111738
20489	0.161532	0.174088	3.8132	1.80798	0.474137	1.08005	-2.93668	3.71937	1.78817	0.480773	11.4698	0.42184	0.477414	0.402293	0.112146
20490	0.176584	0.207845	3.63652	1.75535	0.482701	1.18373	-2.88783	4.06683	1.76021	0.43282	9.44767	0.507172	0.456367	0.405408	0.112524
20491	0.289471	0.260002	3.48147	1.74756	0.501959	1.13464	-2.87922	3.91895	1.65977	0.423523	13.7962	0.357152	0.460423	0.419756	0.112328
20492	0.348668	0.270354	3.51878	1.70443	0.484382	1.1263	-2.90451	3.75538	1.73202	0.46121	16.6689	0.302353	0.472419	0.423188	0.112472
20493	0.161329	0.218183	3.38944	1.6565	0.488725	1.06171	-2.95357	3.82099	1.62009	0.423997	12.4094	0.40534	0.454424	0.434374	0.11266
20494	0.310208	0.269194	3.74331	1.56402	0.417818	1.07006	-2.94808	3.98445	1.76048	0.441838	17.9275	0.288688	0.430202	0.437813	0.112694
20495	0.200598	0.210179	3.70263	1.62287	0.438303	0.906448	-3.00857	3.85523	1.80894	0.469218	20.7944	0.249113	0.454073	0.430233	0.112834
20496	0.341838	0.308831	3.89963	1.75021	0.448815	0.935675	-3.01219	3.8046	1.83376	0.481985	31.2758	0.176322	0.465196	0.434941	0.113721
20497	0.210801	0.258188	3.72682	1.76775	0.474332	0.975834	-3.02046	3.89075	1.8801	0.483222	18.3666	0.292638	0.478873	0.424318	0.113474
20498	0.244935	0.26285	3.71202	1.71488	0.461981	0.969677	-3.03884	3.99054	1.76736	0.442888	20.7541	0.262626	0.452089	0.439152	0.113436
20499	0.300708	0.254752	3.7077	1.6919	0.456321	1.03482	-2.99106	3.78866	1.7713	0.467527	19.5491	0.269457	0.461985	0.432107	0.113592
20500	0.270324	0.265986	3.34072	1.5798	0.47289	1.02798	-2.976	4.1028	1.84561	0.449843	18.3097	0.28702	0.460187	0.434223	0.114166
