cycle	Zbar1	Gbar1	VP1	VG1	h21	Zbar2	Gbar2	VP2	VG2	h22	h2b	h2b_denom	h2w	Qst	Fst
20000	-0.152685	-0.137169	3.91791	1.78285	0.455052	-2.01921	-0.0513483	3.83265	1.76189	0.459704	0.00211404	1.74197	0.457352	0.000519434	0.000362929
20001	-0.172254	-0.191268	4.07292	1.75652	0.431268	-2.03978	-0.0225125	3.70277	1.80503	0.48748	0.00816547	1.74383	0.458036	0.00199602	0.00059418
20002	-0.200317	-0.225977	3.46029	1.8262	0.527759	-1.97578	-0.0210531	4.06642	1.80725	0.444432	0.0133218	1.57613	0.48274	0.0028825	0.000843624
20003	-0.260315	-0.245326	3.98381	1.88511	0.473193	-1.99328	0.0803361	4.09013	1.79845	0.439706	0.0353148	1.50158	0.456229	0.00715003	0.00111736
20004	-0.374068	-0.311576	4.12034	1.88036	0.456359	-1.88432	0.138691	3.65493	1.75642	0.480561	0.0888877	1.14043	0.467736	0.013752	0.00134779
20005	-0.348303	-0.328548	3.64969	1.70049	0.465927	-1.78337	0.192172	4.1082	1.92935	0.469633	0.131663	1.02971	0.46789	0.0183417	0.00153266
20006	-0.396015	-0.320028	3.89346	1.72751	0.443695	-1.8486	0.193066	3.71106	1.70456	0.459319	0.12477	1.05501	0.451319	0.0188253	0.00181311
20007	-0.368438	-0.344087	3.6228	1.71644	0.473787	-1.80504	0.187816	3.39537	1.64396	0.484178	0.137085	1.03192	0.478814	0.0206244	0.00210929
20008	-0.309775	-0.343312	3.62527	1.76806	0.487703	-1.71356	0.263247	3.84947	1.72407	0.447872	0.186701	0.9853	0.46719	0.0256754	0.00235847
20009	-0.25958	-0.273941	3.65935	1.75067	0.478411	-1.75782	0.247928	3.68072	1.79356	0.487285	0.121328	1.12236	0.482861	0.0188578	0.00256337
20010	-0.341327	-0.348272	4.09245	1.81689	0.443963	-1.70665	0.336606	3.53784	1.74209	0.492416	0.251624	0.932059	0.466428	0.0319133	0.00276599
20011	-0.35705	-0.309472	3.85339	1.80718	0.468983	-1.5737	0.40865	3.77974	1.62462	0.429824	0.348388	0.740122	0.449593	0.0362249	0.00303209
20012	-0.330316	-0.348148	3.78435	1.83631	0.485237	-1.62971	0.441754	3.54235	1.66107	0.468917	0.369542	0.844214	0.477346	0.0427171	0.0032801
20013	-0.330895	-0.31273	3.77531	1.80935	0.479259	-1.5283	0.483338	3.49331	1.63571	0.46824	0.441993	0.716894	0.473963	0.043987	0.00350506
20014	-0.354057	-0.261241	3.76912	1.79847	0.47716	-1.4006	0.5336	3.77755	1.63449	0.432687	0.57683	0.547624	0.454898	0.0440052	0.00375479
20015	-0.300105	-0.34018	3.50263	1.74013	0.496808	-1.49632	0.522312	3.66209	1.79317	0.489657	0.51987	0.71546	0.493153	0.0500263	0.00387524
20016	-0.216303	-0.27883	3.81268	1.8541	0.486299	-1.48574	0.555707	3.71269	1.8179	0.489645	0.432185	0.805733	0.48795	0.0452914	0.00417666
20017	-0.432087	-0.304115	3.65315	1.66923	0.456929	-1.44256	0.608989	3.65457	1.78662	0.488874	0.816572	0.510523	0.472905	0.0569108	0.00442974
20018	-0.281179	-0.259655	3.40855	1.58669	0.465504	-1.43983	0.660641	3.57782	1.68581	0.471183	0.630886	0.671235	0.468412	0.0607983	0.00472903
20019	-0.261541	-0.250449	3.78834	1.66529	0.439581	-1.32547	0.671234	3.77348	1.6934	0.448764	0.750481	0.56597	0.444164	0.0594991	0.00486453
20020	-0.248559	-0.270172	3.89644	1.74307	0.44735	-1.30221	0.722308	3.59838	1.62774	0.452353	0.887261	0.555087	0.449752	0.0681129	0.00504088
20021	-0.272497	-0.260264	3.84798	1.70641	0.443457	-1.04648	0.848327	4.10081	1.71355	0.417857	2.05156	0.299522	0.43025	0.0824705	0.00525512
20022	-0.309188	-0.307618	3.80993	1.77366	0.465536	-1.25531	0.789661	3.67079	1.62813	0.443537	1.34507	0.44757	0.454741	0.0813288	0.00546005
20023	-0.273406	-0.296164	3.98208	1.80157	0.45242	-1.11608	0.897427	3.88007	1.70216	0.438693	2.00629	0.355048	0.445646	0.092315	0.00561036
20024	-0.267221	-0.225723	3.71593	1.72463	0.464119	-1.01182	0.980573	3.80839	1.85705	0.487622	2.62458	0.277216	0.476015	0.0922456	0.00594743
20025	-0.276677	-0.315984	3.6943	1.81162	0.490382	-0.997876	0.987519	3.91196	1.90865	0.487902	3.26673	0.260064	0.489107	0.102525	0.00620674
20026	-0.327744	-0.357923	3.42916	1.65898	0.483787	-1.00624	0.968865	3.64535	1.78902	0.490768	3.82391	0.230179	0.487384	0.11324	0.00657179
20027	-0.363701	-0.356105	3.69822	1.82353	0.493084	-0.899874	1.02172	3.69701	1.88668	0.510325	6.6036	0.143741	0.501703	0.113461	0.00678374
20028	-0.352136	-0.41568	3.89526	1.90759	0.48972	-0.915627	1.06844	3.72886	1.94664	0.522045	6.93692	0.158761	0.50553	0.125065	0.00697493
20029	-0.490858	-0.492309	3.8336	1.87864	0.490047	-1.01403	1.03502	3.93187	1.77219	0.450725	8.52269	0.136854	0.470137	0.137797	0.00714666
20030	-0.440889	-0.489575	3.65517	1.75404	0.479879	-0.981804	1.06745	3.61588	1.8161	0.502256	8.28576	0.146295	0.491007	0.145189	0.00746831
20031	-0.374805	-0.439967	3.76131	1.67801	0.446125	-0.876084	1.15891	4.18332	1.84036	0.439929	10.1735	0.12564	0.442862	0.153789	0.00779164
20032	-0.356657	-0.435182	3.6316	1.73461	0.477643	-0.868579	1.1828	3.59188	1.71672	0.477946	9.98935	0.131032	0.477794	0.159467	0.00799778
20033	-0.40442	-0.42166	3.64844	1.6134	0.442216	-0.708594	1.25309	3.7345	1.70384	0.456243	30.3148	0.0462609	0.449312	0.174567	0.00815207
20034	-0.432064	-0.418889	3.71298	1.64572	0.443233	-0.763741	1.26235	4.11677	1.71837	0.417406	25.6938	0.0550049	0.429654	0.173663	0.00845886
20035	-0.397561	-0.342394	3.66702	1.68806	0.460334	-0.65902	1.32611	3.83209	1.7459	0.4556	40.7238	0.0341803	0.457915	0.16859	0.00863121
20036	-0.270293	-0.282148	4.08971	1.81047	0.442688	-0.634416	1.37124	3.79719	1.88579	0.496627	20.6185	0.0662926	0.468657	0.156111	0.00885622
20037	-0.245863	-0.280479	3.69127	1.73957	0.471267	-0.635883	1.36445	3.97483	1.72428	0.433801	17.7877	0.0760578	0.451841	0.163449	0.00906994
20038	-0.392399	-0.412419	3.90473	1.7584	0.450327	-0.780539	1.29355	3.90919	1.82519	0.466898	19.3183	0.0753261	0.458617	0.168837	0.00919432
20039	-0.466944	-0.480456	3.7849	1.87795	0.496169	-0.695061	1.28285	3.81494	1.77723	0.465861	59.7504	0.0260186	0.480955	0.175439	0.00947355
20040	-0.432601	-0.456246	3.87267	1.76266	0.455154	-0.671699	1.35519	3.9138	1.68333	0.430101	57.3975	0.0285839	0.442562	0.192357	0.00978778
20041	-0.382938	-0.433698	3.7299	1.81677	0.487084	-0.727494	1.37437	3.96608	1.82143	0.459252	27.5365	0.0593592	0.472741	0.183506	0.0101081
20042	-0.466345	-0.40769	3.87485	1.85184	0.477914	-0.573137	1.43974	3.90366	1.73733	0.445052	299.267	0.00570229	0.461422	0.192147	0.0103655
20043	-0.352052	-0.425272	3.64199	1.72103	0.472553	-0.620438	1.44337	3.70723	1.77976	0.480078	48.4766	0.0360155	0.476349	0.19967	0.0106687
20044	-0.354866	-0.377665	3.708	1.86032	0.501704	-0.557776	1.4817	3.7691	1.77731	0.471547	83.9699	0.0205863	0.486502	0.192064	0.0108059
20045	-0.328563	-0.410913	3.58084	1.68586	0.470801	-0.456053	1.52633	3.80294	1.84859	0.486096	230.896	0.00812682	0.478679	0.209851	0.0108728
20046	-0.426439	-0.40911	3.51215	1.83266	0.521807	-0.423113	1.5668	3.90562	1.85516	0.474997	352976.0	5.53045e-06	0.497161	0.209363	0.0110509
20047	-0.394431	-0.411251	3.61083	1.76491	0.488782	-0.395113	1.56285	4.20796	1.91229	0.454446	8.35501e+06	2.33218e-07	0.470303	0.209537	0.0112134
20048	-0.416855	-0.393995	3.75045	1.75062	0.466776	-0.357862	1.60247	3.73205	1.9405	0.519954	1145.34	0.00174004	0.4933	0.21266	0.011251
20049	-0.438992	-0.454438	3.65869	1.64164	0.448697	-0.336614	1.6026	3.77647	1.87991	0.497796	403.709	0.00524067	0.473635	0.231091	0.0115118
20050	-0.453384	-0.469219	3.73665	1.70716	0.45687	-0.300321	1.68913	3.82405	1.68085	0.439546	198.839	0.0117142	0.448108	0.255908	0.0117877
20051	-0.364384	-0.379253	3.70566	1.73905	0.469296	-0.314556	1.71494	3.32982	1.6913	0.507926	1766.38	0.00124142	0.487579	0.242298	0.0120878
20052	-0.31203	-0.387687	3.43875	1.67855	0.488128	-0.29309	1.68629	3.53314	1.6362	0.463102	11991.5	0.000179351	0.475446	0.245041	0.0122976
20053	-0.339996	-0.388538	3.98408	1.78489	0.448005	-0.174094	1.78576	3.49589	1.68942	0.483258	171.766	0.0137617	0.464481	0.253927	0.0124237
20054	-0.345693	-0.38599	3.82009	1.86433	0.488033	-0.247022	1.72235	3.62069	1.72227	0.475675	456.566	0.00486798	0.48202	0.236639	0.0126247
20055	-0.416522	-0.393305	3.66009	1.89941	0.518952	-0.388246	1.66362	3.83962	1.71475	0.446592	5291.75	0.000399769	0.481906	0.226492	0.0128947
20056	-0.437195	-0.424096	3.74795	1.82345	0.486519	-0.334796	1.67954	3.90178	1.80247	0.461963	422.038	0.00524276	0.473994	0.233873	0.0129132
20057	-0.398603	-0.407706	3.55015	1.78571	0.502995	-0.380629	1.66136	3.71068	1.72979	0.466164	13250.9	0.000161538	0.484172	0.233478	0.0131312
20058	-0.39984	-0.385736	3.40539	1.77894	0.522389	-0.295026	1.70736	3.59193	1.75508	0.488619	398.785	0.00549302	0.505054	0.236685	0.0134207
20059	-0.35706	-0.420885	3.83365	1.7239	0.449676	-0.222676	1.75937	3.92634	1.91289	0.487195	263.223	0.00902948	0.46866	0.246381	0.0136861
20060	-0.343373	-0.305978	3.58858	1.61792	0.450854	-0.348163	1.72613	3.658	1.88065	0.51412	179993.0	1.14712e-05	0.48279	0.227936	0.0139104
20061	-0.252944	-0.261633	3.81068	1.7584	0.461441	-0.180511	1.72247	3.7575	1.79122	0.476704	750.338	0.00262325	0.469019	0.217158	0.0142042
20062	-0.304749	-0.274684	3.77105	1.75293	0.464838	-0.373997	1.65265	3.82233	1.71786	0.449426	774.644	0.00239764	0.45708	0.211169	0.0144381
20063	-0.310594	-0.327485	3.74299	1.71079	0.457065	-0.311451	1.71809	3.76175	1.82089	0.484054	5.68568e+06	3.67976e-07	0.470593	0.228605	0.0146301
20064	-0.286494	-0.275652	3.90548	1.84482	0.472366	-0.155372	1.82516	3.8453	1.72585	0.44882	256.7	0.00859643	0.460685	0.236151	0.0146673
20065	-0.253932	-0.23407	3.69941	1.85091	0.500325	-0.193155	1.79107	3.68994	1.85903	0.50381	1110.28	0.00184691	0.502065	0.21661	0.0149949
20066	-0.194826	-0.221062	4.02586	1.82678	0.453761	-0.174631	1.8247	3.65183	1.7337	0.474748	10262.0	0.000203915	0.463744	0.227207	0.0152639
20067	-0.194621	-0.254545	3.97244	1.82193	0.458643	-0.142462	1.78555	3.85558	1.83831	0.476791	1529.78	0.00136031	0.467582	0.221433	0.0153905
20068	-0.203986	-0.176278	3.94705	1.83505	0.464917	-0.305231	1.76095	3.76541	1.84701	0.490519	366.111	0.00512528	0.477417	0.203145	0.0156547
20069	-0.0895886	-0.099921	3.98163	1.79392	0.45055	-0.231613	1.84564	3.71025	1.75334	0.472567	187.656	0.0100855	0.46117	0.210673	0.0160116
20070	-0.158451	-0.145483	3.76485	1.71532	0.455615	-0.153373	1.93652	3.37017	1.64576	0.488332	168102.0	1.28932e-05	0.471068	0.243904	0.0163046
20071	-0.0585714	-0.118966	3.71179	1.74255	0.469464	-0.0175347	1.96937	3.74581	1.75863	0.469492	2589.73	0.000842007	0.469478	0.23755	0.0164845
20072	-0.0857116	-0.130274	3.80733	1.72421	0.452865	0.0140607	1.98425	4.01586	1.77561	0.442148	449.162	0.00497726	0.447364	0.242165	0.0167554
20073	-0.209628	-0.0990911	4.11271	1.81779	0.441993	0.000203015	1.95968	3.98595	1.80002	0.45159	96.2663	0.0220146	0.446717	0.226629	0.01696
20074	-0.0959699	-0.102229	3.91878	1.78638	0.45585	-0.109197	1.94268	4.00545	1.82605	0.455892	23901.7	8.74765e-05	0.455871	0.224529	0.0170918
20075	-0.15146	-0.0865168	3.70664	1.67626	0.452232	-0.0298422	2.00882	3.6161	1.64581	0.455134	296.831	0.00739549	0.453665	0.248439	0.0171983
20076	-0.0380339	0.0016069	3.79886	1.73643	0.457091	0.0946988	2.04841	3.71319	1.71921	0.463001	237.79	0.00880899	0.460012	0.232679	0.0173979
20077	0.0157026	0.00970666	3.69879	1.78502	0.482595	-0.0245092	1.97828	3.75967	1.72948	0.460009	2396.59	0.000808495	0.47121	0.216178	0.0175795
20078	-0.0145071	0.0101668	3.66957	1.79171	0.488261	-0.0665585	1.98305	3.58719	1.64558	0.458739	1436.61	0.00135467	0.473668	0.220718	0.0180615
20079	-0.055347	-0.0336094	3.70049	1.80659	0.488204	-0.0806364	1.93583	3.82351	1.74538	0.456485	6064.73	0.000319775	0.472085	0.214536	0.0182873
20080	-0.029061	-0.0606408	3.49498	1.74875	0.500359	0.0283861	1.98457	4.05977	1.76098	0.433763	1267.48	0.00165008	0.464572	0.229643	0.0186945
20081	-0.0269161	-0.0157594	3.84845	1.71556	0.445779	-0.0674501	2.03595	3.64564	1.68963	0.463467	2562.08	0.000821505	0.454384	0.236179	0.0191716
20082	0.10795	0.0998131	3.67924	1.71367	0.465769	0.00307499	2.00378	3.90003	1.80175	0.461983	329.591	0.0054994	0.463821	0.205043	0.0194803
20083	-0.0449113	0.062743	3.40361	1.55904	0.458053	-0.0336663	2.06955	3.8546	1.86732	0.484439	31848.7	6.32251e-05	0.472066	0.227198	0.0195762
20084	-0.0758325	-0.0321322	3.63298	1.55762	0.428744	-0.0388351	1.97849	3.96373	1.91386	0.482842	2953.36	0.000684406	0.456971	0.225572	0.0198297
20085	0.0851955	0.014243	3.75992	1.67471	0.445412	-0.0397686	1.96685	3.68684	1.85902	0.504231	244.151	0.00780801	0.474533	0.212517	0.0200798
20086	-0.00593656	0.043826	3.73254	1.73221	0.464083	-0.112992	1.89692	3.83816	1.92382	0.501234	299.622	0.00573048	0.482918	0.190239	0.0202864
20087	0.00599403	0.0677155	3.46836	1.68257	0.485121	0.0421203	1.94525	3.54189	1.85107	0.522621	2701.03	0.000652553	0.504067	0.199695	0.0205329
20088	0.0809762	0.0734503	3.93477	1.79238	0.455522	0.00594235	2.03072	3.8066	1.88539	0.495294	680.434	0.00281504	0.475079	0.206689	0.0205786
20089	0.00649274	0.077467	3.8583	1.75117	0.453871	0.104697	2.10886	3.90481	1.93059	0.494412	427.883	0.00482208	0.474263	0.21896	0.0206623
20090	-0.0271524	0.00729507	3.75345	1.82368	0.485868	0.0592416	2.08393	3.87377	1.85114	0.477867	577.764	0.00373197	0.481804	0.226916	0.0209709
20091	0.04417	0.0358153	3.89389	1.7967	0.461415	0.0891909	2.08107	3.86124	1.84211	0.477077	2063.79	0.00101344	0.469213	0.223323	0.0210797
20092	0.0519931	0.048739	3.69444	1.65791	0.448757	0.166444	2.11822	3.99241	1.92558	0.48231	326.954	0.00654946	0.466184	0.230137	0.0215676
20093	0.0978106	0.0393795	3.64648	1.77042	0.485515	0.141027	2.13038	3.93975	1.9735	0.500921	2341.0	0.000933848	0.493516	0.226068	0.0217722
20094	0.0913989	0.0339154	3.86697	1.84319	0.47665	0.162378	2.13039	3.83315	1.81799	0.474281	872.414	0.00251899	0.47547	0.230931	0.0217906
20095	-0.0277879	-0.0487135	3.90515	1.79245	0.458996	0.0831118	2.07378	3.47203	1.75847	0.506466	366.296	0.00614936	0.481337	0.240888	0.0222049
20096	0.0158128	-0.0619394	3.537	1.71524	0.484943	0.0618777	2.07889	3.91126	1.76853	0.452163	2159.85	0.00106099	0.467729	0.247587	0.0224778
20097	-0.125239	-0.107093	3.77805	1.71299	0.453406	0.118524	2.07962	3.85627	1.79821	0.466309	80.4729	0.0297101	0.459923	0.254083	0.0227387
20098	-0.138281	-0.16754	3.64195	1.75221	0.481119	0.0443597	2.04807	3.66312	1.7447	0.476287	147.161	0.0166789	0.478696	0.259876	0.0230581
20099	-0.276498	-0.190343	3.61274	1.85035	0.512173	0.108846	2.07995	3.80068	1.70806	0.449409	34.7108	0.0742453	0.479995	0.265946	0.023419
20100	-0.326004	-0.257633	3.85678	1.72417	0.447048	0.0995417	2.05134	3.86773	1.65761	0.428573	29.4404	0.0905446	0.437798	0.282805	0.0237705
20101	-0.362472	-0.318872	3.73578	1.7904	0.479258	0.0444562	2.0662	3.66114	1.77756	0.485519	34.3532	0.0827953	0.482357	0.285095	0.0238404
20102	-0.24647	-0.252519	3.82685	1.81314	0.473794	0.151065	2.14784	3.67545	1.72086	0.468204	36.4586	0.0790173	0.471055	0.28967	0.0241299
20103	-0.195452	-0.229487	3.54349	1.71241	0.483255	0.182766	2.16196	4.10004	1.98189	0.483384	39.9797	0.0715242	0.483324	0.279129	0.0245249
20104	-0.158875	-0.151816	3.56171	1.67865	0.471304	0.0614911	2.07302	3.93801	1.94226	0.493209	101.931	0.0242807	0.482806	0.254804	0.0249346
20105	-0.138943	-0.156789	3.57686	1.71907	0.480608	0.0873468	2.09696	3.90445	1.87757	0.480879	99.1935	0.0256035	0.480749	0.261034	0.0251849
20106	-0.157294	-0.183779	3.9593	1.79663	0.453774	0.104607	2.13275	3.90132	1.84009	0.471659	78.2349	0.0342961	0.46265	0.269583	0.0257252
20107	-0.174771	-0.110525	3.7842	1.70479	0.450502	0.151536	2.21136	3.81012	1.75866	0.461576	50.6324	0.0532382	0.456058	0.280234	0.025939
20108	0.00426494	-0.0915891	3.697	1.67443	0.452915	0.14942	2.20289	3.60305	1.8091	0.502101	249.864	0.010535	0.477192	0.274317	0.0261441
20109	-0.0212579	-0.0737615	3.39731	1.71625	0.50518	0.156834	2.17443	3.81892	1.74897	0.457975	159.359	0.0158584	0.480198	0.267309	0.0265715
20110	-0.132568	-0.117941	3.8072	1.67837	0.440842	0.203518	2.16361	3.63444	1.78675	0.491616	46.085	0.0564771	0.46564	0.273124	0.0267015
20111	-0.152828	-0.119061	3.95509	1.77002	0.447529	0.0508001	2.12774	3.83543	1.73436	0.452194	121.746	0.0207321	0.449826	0.264874	0.0270958
20112	-0.176358	-0.0635645	3.88694	1.8645	0.479684	0.210903	2.15243	3.56396	1.72372	0.483653	32.7439	0.0749855	0.481583	0.255013	0.027411
20113	-0.00617438	0.0107638	3.89255	1.93869	0.498051	0.158274	2.09131	3.90714	1.77303	0.453793	160.065	0.0135216	0.475881	0.225826	0.0276355
20114	0.0960461	0.0535579	4.04311	1.98659	0.491352	0.204083	2.1405	3.76942	1.78067	0.472399	373.142	0.005836	0.482207	0.224306	0.0278321
20115	0.0670391	0.0770463	3.68048	1.83468	0.498488	0.107418	2.12334	3.42736	1.7884	0.521802	2568.17	0.000815236	0.50973	0.224252	0.0279208
20116	0.0515534	0.0241012	3.65435	1.68314	0.460585	0.157257	2.18649	3.90744	1.96298	0.502371	418.493	0.00558662	0.482177	0.242866	0.0281216
20117	-0.0121291	0.0587347	3.62977	1.81805	0.500872	0.124017	2.18582	3.93598	1.85382	0.470993	244.095	0.00926787	0.485328	0.235593	0.0283722
20118	-0.155938	-0.0174915	4.12499	1.78815	0.433492	0.13628	2.16199	3.78512	1.85433	0.4899	55.6277	0.0426957	0.460484	0.245958	0.0284314
20119	0.0613151	0.037611	3.63598	1.72844	0.475372	0.199609	2.19021	3.83967	1.94276	0.505971	242.283	0.00956256	0.491089	0.239949	0.0287724
20120	0.138496	0.129223	3.85461	1.85575	0.481437	0.230831	2.24788	4.00798	1.90563	0.475459	526.484	0.0042629	0.47839	0.229875	0.0289504
20121	0.114925	0.124192	3.83832	1.89785	0.494446	0.227307	2.22435	3.57607	1.72464	0.482272	349.226	0.00631489	0.488574	0.23345	0.0292706
20122	0.0914002	0.152222	4.1487	1.87359	0.45161	0.0848168	2.14813	3.83746	1.87297	0.488075	91912.9	2.16708e-05	0.469132	0.210082	0.0296795
20123	0.161307	0.177654	3.83476	1.79467	0.468	0.0876907	2.1089	3.87395	1.86625	0.481744	688.216	0.00270969	0.474907	0.203076	0.0299223
20124	0.122706	0.141477	3.81092	1.89935	0.498395	0.0238061	2.10023	3.29378	1.68546	0.511711	392.254	0.0048906	0.504569	0.211171	0.0303024
20125	0.199915	0.161275	4.00554	1.86139	0.464705	0.188256	2.20925	3.66579	1.72741	0.471225	30858.4	6.79586e-05	0.467821	0.226196	0.0306484
20126	0.121879	0.122596	3.80432	1.96044	0.515319	0.163712	2.14741	3.91866	1.74678	0.44576	2342.81	0.000874992	0.480024	0.21668	0.0308294
20127	0.0341814	0.139815	4.05286	1.82708	0.450812	0.110299	2.15393	3.85971	1.77301	0.459364	700.16	0.00289694	0.454983	0.219875	0.0311481
20128	0.126336	0.162254	3.83881	1.7589	0.458188	0.246287	2.17842	3.58524	1.65093	0.460479	282.52	0.00719409	0.459295	0.229691	0.0314965
20129	0.175361	0.161414	3.85783	1.76728	0.458103	0.114122	2.12127	4.01507	1.74989	0.43583	1024.19	0.00187516	0.446744	0.21455	0.0316605
20130	0.164246	0.16028	3.7501	1.84126	0.490989	0.132612	2.13049	3.88952	1.82706	0.46974	3879.14	0.000500334	0.480171	0.209284	0.0319274
20131	0.117591	0.0962507	3.77798	1.73728	0.459845	0.161473	2.10076	3.95304	2.00748	0.507831	2086.57	0.000962837	0.484382	0.211592	0.0319437
20132	0.0658523	0.115087	4.0434	1.95173	0.482695	0.135961	2.09308	3.92187	1.81016	0.461557	795.998	0.00245759	0.472287	0.206436	0.0321482
20133	0.230479	0.19304	3.84333	1.92224	0.50015	0.165913	2.16056	3.90473	1.86223	0.476917	928.624	0.00208434	0.488442	0.203729	0.0323447
20134	0.192396	0.140721	3.84405	1.92034	0.499562	0.252962	2.20805	4.18439	1.9691	0.470582	1165.1	0.00183412	0.484458	0.215592	0.032433
20135	0.0800044	0.140771	4.09547	1.99819	0.487902	0.305246	2.25808	4.07482	1.81033	0.444273	88.3633	0.0253669	0.466143	0.227455	0.033016
20136	0.256713	0.176827	3.99379	2.03936	0.510633	0.173276	2.26607	3.5132	1.79247	0.51021	626.994	0.00348085	0.510435	0.221744	0.0333604
20137	0.200427	0.230108	3.9092	1.93047	0.493827	0.268114	2.29642	3.75806	1.75504	0.467007	931.942	0.00229073	0.480682	0.224667	0.0332988
20138	0.225236	0.247358	3.86709	1.69905	0.439362	0.307858	2.2851	3.64885	1.72096	0.471645	608.284	0.00341321	0.455035	0.232946	0.0338183
20139	0.235113	0.223077	3.66594	1.8179	0.495888	0.230228	2.2402	3.86492	1.81401	0.469352	170539.0	1.19292e-05	0.482269	0.218879	0.0340756
20140	0.24639	0.229706	3.77677	1.8936	0.501381	0.252542	2.20068	3.8644	1.77316	0.458845	102636.0	1.89249e-05	0.479869	0.209483	0.0343864
20141	0.211855	0.255768	4.35175	2.01326	0.462632	0.263655	2.20512	3.6768	1.74123	0.473572	1416.18	0.00134163	0.467642	0.202014	0.0347109
20142	0.297097	0.300551	3.88394	1.74993	0.450555	0.25295	2.25471	4.04524	1.79032	0.442575	1959.34	0.000974496	0.446484	0.212475	0.0349302
20143	0.270641	0.314845	3.82417	1.95656	0.511629	0.306878	2.29441	3.88832	1.81889	0.467783	2984.27	0.000656558	0.489523	0.206107	0.0350768
20144	0.301394	0.259165	3.95767	1.9169	0.48435	0.274877	2.25221	3.66897	1.82023	0.496115	5649.43	0.000351561	0.49001	0.210024	0.035078
20145	0.194559	0.215654	3.65133	1.75103	0.47956	0.23562	2.24061	3.95569	1.91032	0.482931	2432.01	0.000843019	0.481313	0.218825	0.0352614
20146	0.205053	0.244445	3.50973	1.6101	0.458754	0.2348	2.24776	4.04321	1.83362	0.453507	4535.62	0.000442419	0.455945	0.225702	0.0353636
20147	0.179831	0.182624	3.53339	1.65701	0.468956	0.292664	2.289	3.80669	1.84113	0.483657	348.491	0.00636573	0.47658	0.240838	0.0355992
20148	0.133725	0.133299	3.88341	1.80365	0.464449	0.30097	2.27728	3.82965	1.9154	0.500151	164.336	0.0139855	0.482176	0.236144	0.0357197
20149	0.0214759	0.0988945	3.70291	1.74022	0.46996	0.414322	2.40003	3.8425	2.03245	0.528939	34.3116	0.077164	0.499995	0.259846	0.0357812
20150	-0.0281241	0.0350568	4.00981	1.73282	0.432146	0.327561	2.31152	4.28636	2.08448	0.486304	40.9629	0.0632561	0.460128	0.253489	0.0358797
20151	-0.0589215	-0.0187729	3.66142	1.80821	0.493855	0.338323	2.32707	4.10752	2.00703	0.488624	34.8725	0.0789017	0.49109	0.265124	0.0362653
20152	-0.0226924	0.0142314	3.81209	1.84313	0.483497	0.353691	2.30919	3.87335	1.98226	0.511769	37.1782	0.0708323	0.497746	0.25616	0.0364216
20153	-0.0581949	-0.0516167	3.54203	1.78166	0.503005	0.361916	2.3477	3.79247	1.8757	0.494585	32.6174	0.0882465	0.498651	0.282486	0.0369796
20154	-0.0948684	-0.0573116	3.68397	1.74401	0.473406	0.369602	2.40366	3.61241	1.82943	0.506429	28.0736	0.107867	0.489755	0.297714	0.0368776
20155	-0.100588	-0.0967872	3.83891	1.64614	0.428805	0.390459	2.36195	3.70423	1.93105	0.521311	25.0712	0.120564	0.474232	0.297114	0.0371215
20156	-0.0183486	-0.0893942	3.93206	1.73729	0.441826	0.431036	2.38132	3.90478	1.90582	0.488075	30.2281	0.100973	0.46487	0.295335	0.0376123
20157	-0.0226717	-0.117624	3.71358	1.79175	0.482487	0.493362	2.46565	3.74765	1.78799	0.477095	25.0602	0.133145	0.479779	0.318002	0.037574
20158	0.0399317	-0.0339312	3.98661	1.8535	0.464933	0.498915	2.45795	4.00652	1.80919	0.451562	29.4755	0.105333	0.458231	0.297775	0.0378588
20159	-0.0184027	-0.032571	4.02537	1.88585	0.468491	0.556344	2.53992	3.8447	1.84911	0.48095	20.0335	0.165167	0.474577	0.307086	0.0382898
20160	-0.00978857	-0.000301937	3.72029	1.85649	0.499018	0.583416	2.53295	3.86654	1.81463	0.469315	18.2368	0.175946	0.48388	0.304221	0.0385178
20161	-0.0119409	0.041342	3.86929	2.03128	0.524973	0.456602	2.48313	3.82337	1.85906	0.486235	27.1591	0.109766	0.50572	0.277113	0.0389301
20162	0.0279796	-0.0341515	3.70682	1.98306	0.534975	0.470879	2.49114	3.71024	1.85627	0.50031	32.5097	0.0980798	0.517634	0.293514	0.0394803
20163	-0.10453	-0.066018	3.70997	1.8896	0.509332	0.432853	2.43596	3.90215	1.82447	0.467556	21.6769	0.14439	0.487916	0.296554	0.0395423
20164	-0.00387681	-0.0404564	3.85921	1.79926	0.466226	0.450237	2.4792	3.87803	1.92888	0.497386	30.786	0.10311	0.481844	0.298708	0.0399139
20165	-0.00964113	-0.0275768	3.96721	1.76454	0.444781	0.431323	2.44097	3.9211	1.90564	0.485997	31.3382	0.0972249	0.465269	0.293431	0.0400643
20166	-0.0975572	-0.0758441	3.66446	1.7039	0.46498	0.510248	2.49823	3.70524	1.97666	0.533477	17.9355	0.184714	0.499418	0.31048	0.0402219
20167	-0.0868209	-0.0904879	3.67674	1.69216	0.460234	0.49556	2.5021	3.68144	1.80835	0.491206	19.8176	0.169584	0.47573	0.324451	0.0402269
20168	-0.136909	-0.134292	3.96939	1.67804	0.422745	0.502316	2.54907	3.87349	1.90341	0.491394	17.6219	0.204304	0.45665	0.334608	0.0403898
20169	-0.0875034	-0.12851	3.76229	1.72075	0.457367	0.565186	2.51122	4.06252	1.98529	0.488684	16.357	0.213002	0.473626	0.319862	0.0405018
20170	-0.167861	-0.11012	3.71571	1.7649	0.474982	0.604052	2.57723	3.97014	1.91692	0.482835	12.1203	0.297925	0.479038	0.329138	0.040871
20171	-0.0636101	-0.0552837	3.84097	1.86767	0.486249	0.570736	2.53619	3.82642	1.9058	0.498064	16.6894	0.201198	0.492146	0.308033	0.0411047
20172	0.0297188	0.0107586	3.93657	1.76871	0.449304	0.512981	2.54808	3.93718	1.99723	0.507274	27.5669	0.116771	0.478291	0.299523	0.0411988
20173	0.00605504	-0.0100631	4.05804	1.7181	0.423383	0.585123	2.62401	3.63675	1.87955	0.516822	20.6917	0.16766	0.467545	0.32541	0.0413203
20174	-0.0806624	-0.0426136	4.06203	1.88066	0.462987	0.692745	2.61781	3.98372	1.82753	0.458751	11.8327	0.29908	0.460889	0.323141	0.0417185
20175	0.0521669	0.0523476	3.78607	1.81122	0.478389	0.611489	2.58081	3.85425	1.96436	0.509662	20.4356	0.156421	0.494165	0.297522	0.0415375
20176	-0.00714104	0.00659687	4.30902	1.94172	0.450618	0.602551	2.64896	3.9298	1.92967	0.491035	18.7829	0.185862	0.469896	0.310868	0.0418444
20177	-0.10581	-0.0774974	3.47378	1.70976	0.492189	0.617933	2.66469	4.37459	1.9187	0.438602	14.3557	0.261902	0.462321	0.341393	0.0422953
20178	-0.0789591	-0.0929482	3.77338	1.7989	0.476734	0.605304	2.65897	3.72645	1.83696	0.492951	16.1743	0.234108	0.484792	0.342529	0.042476
20179	-0.140421	-0.111456	3.64856	1.74414	0.478036	0.657638	2.66483	3.89241	1.80982	0.464963	12.1021	0.318449	0.471288	0.351688	0.0426332
20180	-0.0754769	-0.113771	3.69945	1.82949	0.494531	0.627349	2.67237	3.9423	1.76413	0.447488	15.7149	0.246982	0.470262	0.350773	0.0428632
20181	-0.095463	-0.0581931	3.66199	1.75246	0.478556	0.553332	2.64559	3.5949	1.73632	0.482995	17.3671	0.210467	0.480755	0.343881	0.0430894
20182	-0.0387352	-0.0419589	4.01539	1.93511	0.481923	0.663402	2.57908	3.64843	1.65211	0.452829	13.9349	0.246498	0.468072	0.323873	0.043162
20183	-0.0454079	-0.0164097	3.70075	1.89626	0.512398	0.56941	2.56317	3.6173	1.64909	0.45589	17.6037	0.189	0.484466	0.319476	0.0432223
20184	-0.109681	-0.0928983	3.78039	1.85086	0.489595	0.450877	2.49767	3.87013	1.72028	0.4445	21.3575	0.157113	0.466783	0.31975	0.0437037
20185	-0.112563	-0.106379	3.83634	1.9124	0.498495	0.488588	2.45642	3.72566	1.81115	0.486127	18.1745	0.180691	0.492401	0.306132	0.0440746
20186	-0.141096	-0.165241	3.81539	1.81433	0.475529	0.457243	2.44634	3.79496	1.83282	0.48296	19.0508	0.179005	0.479235	0.318685	0.0444248
20187	-0.212008	-0.182808	3.69353	1.63495	0.442652	0.334663	2.39482	3.81933	1.78773	0.468074	22.2324	0.149425	0.455576	0.326847	0.0443227
20188	-0.157432	-0.12603	3.43261	1.59894	0.465808	0.516114	2.47225	3.99914	2.00565	0.50152	14.8812	0.226832	0.485025	0.319016	0.0442677
20189	-0.102745	-0.108392	3.56623	1.64436	0.461091	0.450789	2.44993	3.99367	2.01517	0.504589	21.361	0.1532	0.48407	0.30908	0.0445705
20190	0.0109594	-0.0156765	3.93063	1.68186	0.427885	0.558087	2.52763	3.78575	1.89226	0.499836	21.6083	0.149674	0.463185	0.311615	0.0448821
20191	-0.0548937	-0.0680819	3.65133	1.81409	0.49683	0.437618	2.45359	4.12612	1.93939	0.470028	26.2146	0.121284	0.482611	0.297624	0.0449064
20192	-0.068216	-0.0424262	3.92087	1.77571	0.452888	0.487309	2.51059	4.07904	2.01776	0.494666	21.1202	0.154304	0.47419	0.300582	0.0450415
20193	-0.0459234	-0.1048	3.88731	1.8326	0.471431	0.562715	2.54499	3.83352	1.95784	0.510717	18.9541	0.18522	0.490937	0.316627	0.0451926
20194	-0.210923	-0.123799	3.95236	1.85575	0.469531	0.521581	2.54731	3.59672	1.87217	0.520523	13.2973	0.268281	0.493826	0.323735	0.0449612
20195	-0.148134	-0.121762	3.6856	1.74478	0.473404	0.506303	2.55198	3.91772	1.79154	0.457291	16.6919	0.214144	0.465101	0.335833	0.0451935
20196	-0.188802	-0.130895	3.76706	1.80514	0.479191	0.606003	2.57232	3.83393	1.80763	0.471481	11.5675	0.315858	0.475302	0.335952	0.0455837
20197	-0.0971964	-0.0839129	3.72475	1.77946	0.47774	0.568339	2.58115	3.93655	1.85173	0.470393	16.0351	0.221469	0.473965	0.328517	0.0458134
20198	-0.12148	-0.116532	3.87124	1.65101	0.426481	0.633211	2.58389	3.94653	1.78509	0.452318	12.8034	0.284779	0.439524	0.346759	0.0457935
20199	-0.115021	-0.0654519	3.78781	1.78484	0.471207	0.585081	2.56523	3.87651	1.81373	0.467878	14.1193	0.245072	0.469523	0.32479	0.0459744
20200	0.0159889	-0.0273454	3.82514	1.81484	0.474452	0.644613	2.57799	3.62264	1.84827	0.510199	17.177	0.197584	0.491839	0.3167	0.0464148
20201	-0.0212942	-0.0383468	3.7844	1.66741	0.4406	0.513757	2.56072	3.83316	1.78914	0.466753	23.5964	0.14314	0.45376	0.328328	0.0465099
20202	0.00468189	-0.0136222	3.55372	1.63484	0.460036	0.626354	2.62222	3.40308	1.65092	0.485126	17.9769	0.193238	0.47231	0.345927	0.0469296
20203	-0.141763	-0.0820411	3.72074	1.68142	0.451906	0.686421	2.65499	3.51524	1.72745	0.491417	10.9221	0.342945	0.4711	0.354704	0.0472497
20204	-0.0931594	-0.0481524	3.69902	1.78968	0.483824	0.797562	2.73888	3.89876	1.75653	0.450536	9.7904	0.396692	0.466743	0.35395	0.0477361
20205	-0.0449988	-0.0863751	3.50334	1.74911	0.499267	0.766801	2.78254	3.97559	1.89336	0.476245	12.4893	0.329509	0.48703	0.361102	0.0479878
20206	-0.208829	-0.141984	3.79356	1.71855	0.453016	0.844435	2.81912	3.56936	1.81	0.507094	7.90375	0.554682	0.479232	0.383302	0.0482116
20207	-0.122767	-0.133929	3.54523	1.57462	0.444151	0.888452	2.81568	3.74264	1.84178	0.492108	8.50822	0.511282	0.468779	0.389115	0.0485107
20208	-0.126024	-0.141798	3.47872	1.52845	0.43937	0.821697	2.84127	4.06026	1.91563	0.471799	9.90753	0.449087	0.456836	0.392564	0.0487282
20209	-0.0622036	-0.112696	3.81404	1.68184	0.440961	0.868024	2.79789	4.13962	1.98727	0.48006	9.79001	0.432662	0.461311	0.366089	0.0490703
20210	-0.0973299	-0.155626	3.78466	1.70277	0.449913	0.780465	2.79598	3.83069	1.86454	0.486738	11.3066	0.385262	0.468437	0.379209	0.0493564
20211	-0.122931	-0.119868	3.88004	1.83905	0.473977	0.832634	2.79822	3.78625	1.82576	0.482209	9.32562	0.456552	0.478042	0.367557	0.049551
20212	-0.117403	-0.145691	3.44615	1.75079	0.508042	0.891515	2.87786	3.67794	1.80034	0.489495	8.98095	0.508958	0.498467	0.391694	0.0497192
20213	-0.133728	-0.190161	3.66104	1.68688	0.460764	0.995451	2.9683	3.84781	1.69123	0.439531	7.82395	0.637523	0.449884	0.424839	0.0497158
20214	-0.145643	-0.108225	3.70236	1.67198	0.451599	0.964977	2.94962	3.61803	1.71167	0.473095	7.58053	0.616739	0.462223	0.408703	0.0499664
20215	-0.0475095	-0.0213951	3.635	1.61861	0.445284	1.0103	3.02933	3.50336	1.69583	0.484058	8.31743	0.559484	0.464313	0.412577	0.0501442
20216	0.0436908	-0.0171526	3.71779	1.73926	0.467819	1.09705	3.0296	3.31762	1.71228	0.516117	8.36613	0.554779	0.490595	0.402163	0.050151
20217	-0.0202908	0.000764258	3.63342	1.76296	0.485207	1.08044	3.08195	3.70955	1.7672	0.476393	7.83562	0.605806	0.480755	0.402152	0.0503365
20218	0.104276	0.0445268	3.79557	1.83583	0.483676	1.11688	3.05031	3.82832	1.76235	0.460346	8.81118	0.512687	0.471961	0.385767	0.0506641
20219	0.0162971	0.0239705	3.9148	1.68875	0.431376	1.10875	3.07087	3.58089	1.89722	0.529818	7.77874	0.596729	0.478404	0.393035	0.0508926
20220	-0.00899444	-0.0252074	4.06296	1.71214	0.421401	1.07303	3.08901	3.9559	2.06584	0.522217	8.28368	0.585388	0.471136	0.39102	0.0512312
20221	-0.0254372	-0.0339381	3.44222	1.66736	0.484384	1.11918	3.10011	4.18496	2.07999	0.497016	7.49702	0.655076	0.491315	0.395992	0.0517559
20222	-0.0956947	-0.0386636	3.61992	1.78371	0.49275	1.05693	3.11025	4.08816	2.0002	0.489268	7.46351	0.664275	0.490903	0.395933	0.0518265
20223	-0.0485224	-0.0370581	3.82882	1.66419	0.434649	1.11993	3.17836	3.92356	1.99259	0.507854	7.57273	0.682642	0.471699	0.414241	0.052019
20224	-0.0426485	-0.0324596	3.62324	1.63276	0.450637	1.18646	3.10403	3.96608	1.93465	0.487799	6.51186	0.755358	0.470057	0.408197	0.0520105
20225	0.032455	-0.0185333	3.54232	1.61154	0.45494	1.10674	3.17097	4.16009	1.93534	0.465215	8.81472	0.577044	0.46049	0.417723	0.0519819
20226	-0.0290345	-0.0173841	3.70808	1.78687	0.481885	1.17394	3.20341	3.71633	1.72597	0.464428	7.16822	0.723575	0.473147	0.424833	0.0520138
20227	0.0663224	0.0758785	3.87264	1.76773	0.456467	1.23626	3.24058	3.65866	1.79484	0.490573	7.31716	0.684373	0.473036	0.412859	0.0523486
20228	0.0399084	0.0619474	3.68901	1.70442	0.462027	1.22873	3.21439	3.69683	1.9441	0.525883	7.03173	0.706646	0.493989	0.40522	0.0521884
20229	0.0902211	0.06081	3.72586	1.65024	0.442915	1.25092	3.17489	4.23661	1.9562	0.461737	7.19811	0.673613	0.45293	0.402118	0.0522959
20230	0.100087	0.0291225	3.62736	1.74899	0.482166	1.2846	3.19276	3.8585	1.83439	0.475415	7.13338	0.701532	0.478686	0.411285	0.0525526
20231	-0.0435908	0.00020436	3.54841	1.66639	0.469616	1.13979	3.15702	3.77488	1.92569	0.510133	7.11617	0.700201	0.490501	0.409654	0.0526452
20232	0.0259313	0.0173639	3.41257	1.59286	0.466762	1.10707	3.15862	3.81158	1.76906	0.464128	8.44195	0.584432	0.465372	0.423344	0.0530698
20233	0.121118	0.041374	3.96323	1.69407	0.427447	1.12405	3.08991	3.71234	1.79859	0.484491	9.23938	0.502931	0.455036	0.399599	0.053402
20234	-0.00492146	0.00579854	3.61289	1.752	0.484931	1.08179	3.04332	3.563	1.64242	0.460965	7.81291	0.590469	0.473031	0.404719	0.0534428
20235	0.0690556	0.0881358	3.49242	1.64734	0.471688	0.982827	2.98362	3.7391	1.78118	0.476367	10.0408	0.417489	0.474107	0.379513	0.053739
20236	0.0598514	0.074774	3.39678	1.61726	0.476115	1.03846	3.03183	3.67278	1.7988	0.489766	9.1307	0.478835	0.483207	0.390338	0.0538812
20237	0.104815	0.0900353	3.63968	1.59281	0.437624	1.00304	3.01446	3.64252	1.71299	0.470275	10.6	0.403408	0.453956	0.392867	0.054255
20238	0.167242	0.0907831	3.72809	1.7067	0.457794	1.13014	3.05138	3.62097	1.86074	0.51388	9.45361	0.463585	0.485428	0.380633	0.0543833
20239	0.0932982	0.204409	3.58181	1.57561	0.439892	1.20917	3.15488	3.63674	1.90884	0.524876	6.99123	0.622587	0.482707	0.384576	0.0546436
20240	0.161549	0.17861	3.72118	1.66123	0.446426	1.12708	3.18559	3.87033	1.80183	0.465549	9.69907	0.466124	0.456176	0.395064	0.0549824
20241	0.184899	0.193452	3.76267	1.70095	0.45206	1.22577	3.2351	3.99862	1.85961	0.465062	8.53939	0.541703	0.458758	0.393909	0.0553568
20242	0.257067	0.288979	3.66973	1.83189	0.499189	1.19676	3.24085	3.84446	1.82314	0.474225	9.86797	0.441507	0.486417	0.37355	0.0560524
20243	0.297668	0.316686	3.63691	1.64588	0.452549	1.23323	3.21758	3.4635	1.77825	0.513425	9.61438	0.437636	0.482244	0.380695	0.0561936
20244	0.303611	0.354724	3.4115	1.67134	0.489914	1.18404	3.17242	3.7518	1.74213	0.464345	10.2425	0.387574	0.476522	0.367796	0.0560011
20245	0.350773	0.359001	3.49062	1.70254	0.487747	1.16297	3.18567	3.77345	1.67952	0.445088	12.1122	0.329835	0.465587	0.371431	0.0560525
20246	0.36137	0.370738	3.55454	1.72323	0.484797	1.07409	3.12742	3.67834	1.70343	0.463097	14.9603	0.253982	0.473761	0.35679	0.0562858
20247	0.326906	0.389136	3.95248	1.69412	0.428623	1.15495	3.16301	3.78283	1.70663	0.451151	11.2219	0.342827	0.43964	0.361398	0.0562413
20248	0.456936	0.377325	3.715	1.81872	0.489561	1.19384	3.19801	3.72154	1.76197	0.473452	14.6519	0.27151	0.481499	0.357234	0.0565585
20249	0.402377	0.371812	3.36302	1.68007	0.499572	1.22582	3.19264	3.7893	1.7806	0.469902	11.7352	0.339026	0.483853	0.365124	0.0569513
20250	0.424342	0.33917	3.55041	1.71817	0.483936	1.1451	3.1241	3.56783	1.72632	0.483857	14.9294	0.259749	0.483896	0.360285	0.0572664
20251	0.338814	0.349526	3.8746	1.81637	0.46879	1.12022	3.1304	3.53706	1.82282	0.515348	12.6651	0.305297	0.491008	0.347051	0.0577139
20252	0.321067	0.340026	3.74487	1.78174	0.475783	1.03457	3.07535	3.63362	1.84308	0.507231	14.697	0.25454	0.49127	0.340492	0.0579861
20253	0.293062	0.33697	3.56424	1.54786	0.434275	1.01444	3.00997	4.06644	1.81897	0.447313	13.7299	0.260197	0.441223	0.346748	0.0583128
20254	0.323399	0.391058	3.81127	1.75444	0.460328	0.997693	3.03717	3.73885	1.76368	0.471718	15.3999	0.227336	0.465969	0.332359	0.0582126
20255	0.426028	0.467692	3.68246	1.75619	0.476905	0.968517	2.96478	3.96126	1.85812	0.469072	21.1879	0.147147	0.472846	0.301442	0.0580416
20256	0.497061	0.500176	3.88419	1.83115	0.471438	1.03011	2.96778	3.71131	1.71964	0.46335	21.4296	0.142071	0.467486	0.300174	0.0582649
20257	0.539863	0.484342	3.65232	1.74848	0.478732	1.05789	2.99474	3.85969	1.82311	0.472348	23.4847	0.134175	0.475452	0.306205	0.0588121
20258	0.606904	0.549432	3.5806	1.59704	0.446024	1.09836	3.05651	3.69479	1.7501	0.473668	26.023	0.120767	0.460063	0.319588	0.0589808
20259	0.521298	0.48156	3.75137	1.67894	0.447555	1.04949	3.08701	3.50404	1.6875	0.481586	24.332	0.139494	0.46399	0.335271	0.0592274
20260	0.479523	0.504583	3.68078	1.59381	0.433009	0.995209	3.06327	3.91566	1.74384	0.44535	24.6186	0.132966	0.43937	0.329141	0.0595039
20261	0.461681	0.422653	3.46646	1.57831	0.45531	1.01237	3.077	4.13768	1.92972	0.466378	23.2332	0.151627	0.461333	0.334376	0.0594586
20262	0.343955	0.345738	3.74021	1.70509	0.455881	1.10222	3.07608	3.74721	1.73192	0.46219	12.9657	0.287481	0.459038	0.351708	0.0599105
20263	0.410719	0.391593	3.5848	1.76667	0.492822	1.10473	3.10022	3.82246	1.76724	0.462331	15.2323	0.240825	0.477088	0.341792	0.0599272
20264	0.372567	0.354947	3.82027	1.8116	0.474208	1.10833	3.05492	3.92677	1.70795	0.434951	13.4662	0.270672	0.45431	0.341269	0.0602732
20265	0.390737	0.354598	3.49484	1.72285	0.49297	1.0297	3.0469	3.41423	1.65999	0.486197	17.7542	0.204134	0.489623	0.348936	0.0602416
20266	0.300472	0.394246	3.58993	1.68738	0.470032	0.987088	3.03965	3.4465	1.63162	0.473414	14.8442	0.235721	0.471689	0.345289	0.0604304
20267	0.44553	0.421385	3.76615	1.74141	0.462385	1.02264	3.03468	3.62797	1.76229	0.48575	20.5051	0.166528	0.473849	0.327748	0.0607024
20268	0.408512	0.413124	3.57318	1.71836	0.480905	0.905712	2.98258	3.91299	1.79023	0.45751	26.7068	0.123604	0.468676	0.320034	0.0607422
20269	0.38899	0.385665	3.73696	1.88462	0.504319	0.938791	2.93581	3.79696	1.7163	0.452019	21.514	0.15114	0.477961	0.311165	0.06094
20270	0.404807	0.407848	3.76113	1.87725	0.499117	0.909724	2.94183	3.74424	1.81782	0.485496	25.1865	0.127471	0.492322	0.302968	0.06107
20271	0.273832	0.35976	4.06865	1.90173	0.46741	0.935584	2.94311	3.85583	1.72783	0.448108	15.2396	0.218958	0.458018	0.315025	0.0613494
20272	0.242283	0.380129	4.09668	1.92728	0.470448	0.984127	2.96759	3.91553	1.9727	0.503813	12.1653	0.275166	0.486754	0.300396	0.0620417
20273	0.378052	0.379738	3.98467	1.99794	0.501406	0.933917	2.95086	4.00424	1.85806	0.464024	21.3946	0.154493	0.482669	0.300117	0.0622242
20274	0.358501	0.326382	4.04037	1.9221	0.475725	1.02368	3.05748	4.04395	1.76774	0.437131	16.8578	0.22123	0.456419	0.335822	0.0624469
20275	0.305766	0.3065	3.80837	1.97874	0.519575	1.10024	3.09081	3.59338	1.78152	0.495777	12.282	0.315598	0.508022	0.340227	0.0626754
20276	0.346988	0.320268	3.87967	1.76465	0.454845	1.0999	3.13325	3.67896	1.86037	0.505678	13.9585	0.283442	0.479587	0.353163	0.062561
20277	0.392089	0.308191	4.03012	1.86149	0.461893	1.08761	3.06802	4.01936	1.84157	0.458174	15.745	0.241876	0.460036	0.339704	0.0630385
20278	0.278977	0.285713	3.80255	1.7543	0.461348	1.16594	3.09853	3.9029	1.8424	0.47206	10.0571	0.393353	0.466774	0.354931	0.0631329
20279	0.224019	0.254344	3.76474	1.73668	0.4613	1.16942	3.19821	3.76274	1.91775	0.509668	9.69626	0.44689	0.485478	0.372317	0.0633682
20280	0.301837	0.27575	3.79777	1.70823	0.449797	1.15755	3.13654	3.85255	1.8201	0.472441	11.1769	0.366119	0.4612	0.367159	0.0633739
20281	0.132652	0.208346	3.74851	1.82308	0.486347	1.18461	3.15109	3.74076	1.78801	0.477979	7.82541	0.553308	0.482167	0.374931	0.0636975
20282	0.0250255	0.0454692	3.62949	1.76885	0.487354	1.1122	3.11697	3.93433	1.72866	0.439379	7.98184	0.590974	0.4624	0.402872	0.0638112
20283	0.144019	0.140527	3.86263	1.74337	0.451341	1.07659	3.08778	4.128	1.8097	0.438395	9.98771	0.434848	0.444653	0.379456	0.0637111
20284	0.109526	0.143399	3.73978	1.79466	0.479884	1.1346	3.0972	3.96737	1.91555	0.482826	8.30336	0.525384	0.481398	0.370354	0.0643232
20285	0.217593	0.245114	3.63168	1.82421	0.502304	1.09845	3.06116	3.90578	1.83312	0.469334	10.2205	0.387951	0.48522	0.351636	0.0643942
20286	0.279152	0.256415	3.71504	1.77559	0.477948	0.986904	3.08562	3.70448	1.76018	0.475149	15.9796	0.250456	0.476551	0.361529	0.0645269
20287	0.241344	0.211756	3.58344	1.79979	0.502252	1.11124	3.12044	3.72696	1.8636	0.500032	11.1804	0.37836	0.50112	0.366147	0.064499
20288	0.251011	0.162901	3.82687	1.86803	0.488136	1.1351	3.15255	3.86828	1.89373	0.489554	11.4354	0.390805	0.488849	0.372766	0.0648942
20289	0.205736	0.16572	3.9065	1.67868	0.429714	1.17023	3.16217	4.165	1.98313	0.476141	9.65198	0.465124	0.453671	0.380155	0.0650277
20290	0.102596	0.122745	3.91019	1.72998	0.44243	1.11718	3.12097	4.01823	1.80941	0.4503	8.73274	0.514693	0.446419	0.38848	0.0652706
20291	0.111366	0.09798	3.85811	1.7955	0.465382	1.02487	3.10527	3.87007	1.86175	0.481065	10.8375	0.417245	0.473235	0.382151	0.0656415
20292	0.049508	0.0103045	3.66108	1.83631	0.501577	1.06058	3.09009	3.64472	1.77033	0.485724	9.27854	0.511129	0.493668	0.396791	0.0660354
20293	0.0803537	-0.0067474	3.85267	1.81041	0.46991	1.23743	3.1519	3.68717	1.83712	0.498246	7.45215	0.669409	0.483767	0.406234	0.0662441
20294	-0.0558942	-3.02075e-05	3.75679	1.74864	0.465462	1.08479	3.11226	3.82229	1.79502	0.469618	7.44437	0.650581	0.467558	0.40607	0.066373
20295	0.0308887	0.0334137	3.58417	1.74871	0.4879	1.01642	3.05414	3.81482	1.81896	0.476814	9.39461	0.48564	0.482184	0.390143	0.0665166
20296	-0.0231726	-0.0166663	4.10624	1.73084	0.421515	1.0767	3.09621	4.08559	1.90694	0.466747	8.01014	0.60486	0.444074	0.399854	0.0668958
20297	0.0518405	0.0201009	3.93579	1.83905	0.467263	1.0508	3.07011	3.76859	1.91072	0.507011	9.32204	0.498956	0.486706	0.382914	0.0670742
20298	-0.0471117	-0.0546762	3.9043	1.89087	0.484305	1.20957	3.08753	3.66067	1.93493	0.528572	6.25199	0.789623	0.505725	0.392286	0.0673816
20299	-0.0574328	-0.0521332	3.7133	1.89403	0.510067	1.12331	3.07533	3.94015	1.7225	0.437166	7.01581	0.697072	0.472536	0.40351	0.0673709
20300	-0.0606067	-0.0518686	4.04885	1.90175	0.4697	1.08256	3.10779	3.53728	1.76557	0.499134	7.63939	0.653418	0.483425	0.405084	0.0673346
20301	0.00319863	-0.0246882	3.85374	2.0118	0.522039	1.14363	3.14851	3.71656	1.79932	0.484135	7.74199	0.650297	0.503431	0.397896	0.0671283
20302	-0.0239295	-0.0196197	3.82291	1.83387	0.479705	1.14596	3.13902	3.6737	1.67283	0.455354	7.28969	0.684322	0.467772	0.415764	0.0673058
20303	-0.0266169	0.0440212	3.59432	1.82049	0.506492	1.04367	3.07351	3.75086	1.71396	0.456951	8.01191	0.572758	0.481193	0.393752	0.0675482
20304	-0.0182756	0.0113443	3.7805	1.85005	0.489366	1.01361	3.02482	3.63184	1.64852	0.453909	8.52856	0.53239	0.471993	0.393658	0.0676143
20305	0.0309227	0.0269435	3.92525	1.89918	0.483838	1.04881	3.05947	3.43504	1.63401	0.475688	8.8758	0.518049	0.480034	0.394316	0.0677612
20306	-0.0752188	0.0271084	4.07236	1.94282	0.477076	1.02525	3.00781	3.59371	1.85229	0.515426	7.33639	0.605516	0.495054	0.369308	0.0681261
20307	0.132991	0.10229	3.93856	1.96385	0.498621	1.04774	3.06624	3.57765	1.70748	0.477262	10.4988	0.418381	0.488454	0.37442	0.0681855
20308	0.139679	0.105103	4.21122	1.78923	0.424871	1.04143	3.04765	3.81689	1.79594	0.470523	10.6481	0.406577	0.446576	0.37659	0.0687347
20309	0.090429	0.125523	3.83735	1.78049	0.46399	1.1232	3.05188	3.48993	1.77645	0.509022	8.02866	0.533312	0.485438	0.375855	0.0686971
20310	0.172482	0.148551	3.81244	1.74451	0.457583	1.08065	3.07958	3.73139	1.88264	0.504542	10.4161	0.412385	0.48081	0.372026	0.0690014
20311	0.102647	0.074522	3.86431	1.81622	0.469999	1.0522	3.02858	4.09414	1.90209	0.464589	9.67824	0.450829	0.467216	0.369887	0.0692754
20312	0.0432355	0.0653732	3.7631	1.84478	0.490229	1.07926	3.05227	3.66233	1.75271	0.478578	8.31193	0.536673	0.484483	0.382829	0.0696971
20313	0.18864	0.161576	3.87361	1.79771	0.464093	1.04876	3.01992	3.98006	1.91488	0.481119	11.0436	0.369902	0.472722	0.355021	0.0702563
20314	0.177572	0.149428	3.60521	1.84667	0.512223	1.01704	3.02166	3.83355	1.83754	0.479331	11.7067	0.352352	0.495272	0.359009	0.0705568
20315	0.215704	0.190957	3.65077	1.77247	0.485507	1.06085	3.03967	3.67999	1.83881	0.499679	11.3615	0.357134	0.492621	0.359825	0.0705945
20316	0.123015	0.154225	3.73193	1.78695	0.478827	1.02877	3.10044	3.82925	1.89455	0.494759	10.5806	0.410193	0.486895	0.370967	0.0717168
20317	0.149886	0.173996	3.80891	1.81296	0.475979	1.11386	3.10485	3.87101	1.6102	0.415963	9.2439	0.464626	0.445728	0.385618	0.0720743
20318	0.195804	0.231409	3.58443	1.86658	0.520748	1.07379	3.03766	3.69858	1.69617	0.458599	10.2159	0.385428	0.489186	0.356031	0.0725244
20319	0.260836	0.255605	3.41916	1.68552	0.492965	1.0046	3.02041	3.80237	1.81752	0.477995	13.8184	0.276594	0.485083	0.35309	0.0725749
20320	0.300725	0.262253	3.86908	1.76189	0.455377	1.06075	3.01807	4.04716	1.80366	0.44566	13.1475	0.288821	0.450409	0.347582	0.0728515
20321	0.368704	0.269314	4.04576	1.81413	0.448403	1.04151	3.02197	3.86076	1.84067	0.476764	16.7389	0.226333	0.462252	0.34148	0.0729376
20322	0.233242	0.259368	3.82681	1.85981	0.485996	1.07566	3.04801	3.8149	1.81258	0.475132	10.9581	0.35483	0.480572	0.346258	0.0732628
20323	0.306812	0.263122	3.83747	1.98573	0.517458	1.05503	3.04382	4.04523	1.9966	0.493568	13.812	0.279912	0.505198	0.326896	0.0736496
20324	0.0980439	0.165028	3.84529	1.99945	0.519975	0.963325	2.95193	4.12955	1.93542	0.468677	10.3736	0.374356	0.493411	0.330525	0.0741389
20325	0.169769	0.13207	3.91382	1.92282	0.491288	0.990259	2.94612	3.81604	1.81702	0.476154	11.763	0.336602	0.483817	0.346245	0.0742466
20326	0.215257	0.177001	3.72872	1.91006	0.512257	0.947168	2.93871	3.87543	1.81587	0.468558	14.2377	0.267847	0.489986	0.338629	0.0741469
20327	0.200293	0.227563	3.81669	1.8607	0.487516	0.994189	2.95319	3.64873	1.70597	0.467552	11.7871	0.315135	0.477759	0.342533	0.0742459
20328	0.236767	0.280961	3.64361	1.66215	0.456182	0.960318	2.98617	3.68065	1.6413	0.445927	13.9786	0.261763	0.451029	0.356542	0.0746803
20329	0.229032	0.272018	4.1116	1.7325	0.42137	1.05775	3.00632	3.67665	1.83069	0.497922	10.8862	0.343388	0.457509	0.344185	0.0749976
20330	0.283245	0.284543	3.97515	1.64114	0.412849	0.96454	3.00061	3.80331	1.85876	0.488721	15.8932	0.232081	0.449947	0.345211	0.074974
20331	0.271765	0.313502	3.87795	1.62516	0.419078	1.02407	2.96543	3.79709	1.73504	0.456939	12.426	0.282984	0.437809	0.343617	0.0749047
20332	0.288669	0.282711	3.77698	1.73515	0.459402	0.971708	2.97816	3.83511	1.77083	0.461742	15.573	0.233271	0.460581	0.341384	0.0748834
20333	0.249309	0.249381	3.72776	1.65691	0.444478	0.869028	2.99236	3.54722	1.83889	0.518403	19.5909	0.192026	0.480523	0.349949	0.0754694
20334	0.283206	0.251001	3.7929	1.63253	0.430418	0.98381	2.99772	3.54129	1.87058	0.528221	15.3703	0.245423	0.477642	0.350092	0.0755664
20335	0.190649	0.191181	3.5138	1.72865	0.491959	1.07312	3.03066	3.92689	1.86173	0.474098	10.3533	0.389374	0.482533	0.359667	0.0760834
20336	0.154742	0.14202	3.76779	1.78039	0.472529	1.00252	2.97292	3.66358	1.77037	0.483235	11.1503	0.359362	0.477807	0.360829	0.0761817
20337	0.167702	0.111359	3.67594	1.8913	0.514506	1.04127	2.97089	3.77673	1.7565	0.465085	10.7151	0.381562	0.489461	0.359255	0.0762153
20338	0.0152198	0.0267443	4.28375	2.0438	0.477104	0.901834	2.95499	3.86104	1.77843	0.460609	10.908	0.393042	0.469285	0.359434	0.0762816
20339	0.0125683	0.0179903	4.12845	1.95615	0.473823	1.0288	2.9927	3.91637	1.81244	0.462786	8.56854	0.51636	0.46845	0.370003	0.0767324
20340	-0.0474679	0.0119788	4.02731	1.91759	0.476147	0.971935	2.96389	3.80027	1.91786	0.504664	8.38522	0.519591	0.489992	0.36235	0.0770056
20341	-0.0249875	0.01489	4.09867	1.83425	0.447523	0.998871	2.97576	3.87426	2.00244	0.516859	8.36296	0.524143	0.481215	0.363678	0.0772012
20342	0.122848	0.0772918	3.88956	1.81945	0.467779	0.928821	2.9842	4.09484	2.02404	0.494291	13.0084	0.324797	0.481375	0.354803	0.0773967
20343	-0.0213146	-0.00628476	3.71549	1.77307	0.47721	0.94539	2.97881	4.06977	2.01357	0.494763	9.53517	0.467259	0.486385	0.370515	0.0776154
20344	-0.0386778	0.00969026	3.7399	1.90115	0.508342	1.03325	2.97517	3.84483	1.86322	0.484605	7.65343	0.574519	0.496309	0.368817	0.0778236
20345	0.0501247	0.0433143	3.81259	1.81851	0.476976	1.04388	3.04289	3.50547	1.63589	0.466669	9.1109	0.493775	0.472038	0.394484	0.0783092
20346	0.0105691	0.00448098	3.60001	1.65879	0.460775	1.02121	3.01154	3.50899	1.63969	0.467282	8.85306	0.510693	0.463987	0.40677	0.0788861
20347	0.0712798	0.0148237	3.57898	1.71768	0.479937	0.94069	3.00471	3.86329	1.67333	0.433136	11.8266	0.377937	0.455643	0.397367	0.0789362
20348	0.0274975	0.0224285	3.77373	1.80989	0.479602	1.05857	3.04266	3.71905	1.92996	0.51894	8.58031	0.531553	0.499127	0.37891	0.0787615
20349	-0.00797299	-0.0207892	4.16025	1.96045	0.471234	1.03452	3.06449	3.6474	1.88065	0.515614	8.7587	0.543399	0.491966	0.38266	0.0789321
20350	-0.0699804	-0.0186819	3.833	1.91294	0.499071	1.05486	3.06708	3.97241	1.88921	0.475583	7.52564	0.632634	0.487117	0.385147	0.0789381
20351	-0.0269748	-0.067681	3.86931	1.94193	0.50188	1.04914	3.04667	3.84688	1.77675	0.461867	8.3756	0.579015	0.481932	0.394815	0.0791686
20352	-0.0757326	-0.0573192	3.8083	1.90672	0.500676	1.05626	3.05652	3.82336	1.85019	0.483917	7.56663	0.640706	0.49228	0.392294	0.0795422
20353	0.0124822	0.00764859	3.80489	1.87692	0.493292	1.17129	3.1409	3.60076	1.73314	0.481325	7.31086	0.671416	0.487474	0.404831	0.0796584
20354	0.0263202	0.0514873	3.826	1.98085	0.517733	1.15112	3.19463	3.73153	1.72873	0.463277	7.80868	0.632588	0.490845	0.399808	0.0800733
20355	0.0482969	0.0445602	3.91248	1.89044	0.483182	1.05395	3.11263	3.9594	1.78929	0.451909	9.30746	0.505671	0.467452	0.390184	0.0804766
20356	0.0992217	0.0809428	4.14911	1.7727	0.427247	1.05799	3.06844	4.07951	1.65815	0.406459	9.70929	0.459618	0.416941	0.394191	0.0811583
20357	0.143558	0.144393	3.80688	1.64563	0.432278	1.11846	3.08835	3.67142	1.67749	0.456904	9.11887	0.475218	0.444368	0.394799	0.0809661
20358	0.0660409	0.0733498	3.49179	1.54084	0.441275	1.11329	3.07667	3.62267	1.6573	0.457479	8.22433	0.548371	0.449526	0.413644	0.0814289
20359	0.170543	0.119936	3.66383	1.64755	0.449679	0.98214	3.02837	3.57114	1.66777	0.467012	12.8421	0.329345	0.458234	0.389571	0.0817182
20360	0.115554	0.0673331	3.62919	1.71322	0.472067	1.06521	2.99302	3.76587	1.57828	0.4191	9.49115	0.450927	0.445094	0.394108	0.082059
20361	0.0830531	0.0814925	3.80999	1.69997	0.446187	0.912452	2.94157	3.66368	1.72462	0.470733	11.8913	0.343951	0.45822	0.374004	0.0825192
20362	0.000193576	0.04371	3.66076	1.6803	0.459003	0.882276	2.88372	3.80129	1.73705	0.456965	10.3662	0.389035	0.457964	0.371206	0.0828706
20363	0.0729673	0.0819556	3.79152	1.8218	0.480493	0.962438	3.00515	3.56438	1.72789	0.484767	10.8007	0.395579	0.482564	0.375827	0.0829903
20364	0.0374996	0.0346063	3.62832	1.71656	0.473101	0.984171	2.94089	3.67531	1.67208	0.454948	9.42492	0.448093	0.463966	0.384031	0.0833749
20365	0.165934	0.101664	3.66276	1.75031	0.477867	0.901773	2.93178	3.94834	1.70595	0.432069	14.7926	0.27073	0.454109	0.366945	0.0836679
20366	0.125356	0.0810749	3.96628	1.83101	0.461644	0.962073	2.96388	3.67325	1.85853	0.505964	11.8706	0.350047	0.482954	0.360368	0.0835997
20367	0.109088	0.0941639	3.64053	1.81366	0.498186	0.858756	2.92313	3.92626	1.86673	0.475448	14.2402	0.281001	0.486387	0.352289	0.0840749
20368	0.103223	0.148983	3.68733	1.8052	0.489568	0.945278	2.96065	3.6397	1.72931	0.475124	11.1493	0.354528	0.482393	0.358746	0.084422
20369	0.0919264	0.140264	3.83806	1.78381	0.464769	1.05036	3.04448	3.69126	1.59407	0.431849	9.18186	0.459301	0.44863	0.384447	0.0847796
20370	0.11881	0.148659	3.71579	1.82587	0.491382	1.07351	3.05259	3.50928	1.74784	0.498063	9.25207	0.455725	0.494627	0.371154	0.0852371
20371	0.0357622	0.0576269	3.65239	1.73373	0.474683	0.918923	2.9837	3.5041	1.72521	0.492341	10.9772	0.389987	0.483329	0.382387	0.0860985
20372	0.125201	0.0850802	3.6418	1.66465	0.457095	0.999641	3.02581	3.58233	1.6501	0.460623	11.3097	0.382323	0.458844	0.394876	0.0859167
20373	0.123122	0.067575	3.39069	1.63325	0.481687	1.00262	3.04269	3.70417	1.77274	0.478579	11.4431	0.386756	0.480064	0.393945	0.086161
20374	0.0635322	0.0568254	4.03134	1.81318	0.449772	1.04326	3.02822	3.72632	1.75144	0.470018	9.19839	0.479933	0.459497	0.382539	0.0866624
20375	-0.0927939	0.00602726	3.9613	1.82462	0.460613	1.08175	3.05708	3.77904	1.76332	0.466606	6.74771	0.689783	0.463539	0.393553	0.0870352
20376	-0.0813731	-0.0630234	3.89836	1.81007	0.464315	1.16475	3.11173	3.76005	1.74985	0.465379	6.49082	0.776407	0.464838	0.414578	0.0869912
20377	-0.0521128	-0.0600725	3.80434	1.80958	0.475661	1.04812	3.11142	3.75353	1.71427	0.456709	8.30914	0.60526	0.466249	0.416553	0.0869447
20378	0.00460865	0.00963582	3.971	1.86213	0.468931	1.17946	3.10019	3.70574	1.85553	0.500717	6.91998	0.690141	0.484275	0.39122	0.0872786
20379	-0.0683996	-0.0216351	4.16997	1.91639	0.45957	1.08867	3.10673	3.61248	1.77334	0.490892	7.30996	0.669408	0.474109	0.398834	0.0878806
20380	0.0127781	0.0591411	3.94325	1.94331	0.492819	1.12453	3.13946	3.85186	1.85417	0.48137	7.67674	0.617996	0.487162	0.384602	0.0878144
20381	0.0768369	0.0686974	3.56052	1.8702	0.52526	1.19634	3.14859	3.95973	1.97394	0.498504	7.56861	0.626649	0.511172	0.381649	0.0882158
20382	0.0871238	0.0683463	3.85575	1.69991	0.440877	1.19581	3.15129	4.0065	1.81245	0.452377	7.73241	0.614592	0.446737	0.403643	0.0882946
20383	0.0174317	0.0383084	3.67782	1.76546	0.480028	1.16602	3.19834	3.73882	1.7709	0.473654	7.56934	0.659623	0.476815	0.413934	0.088722
20384	0.138141	0.0642957	3.47888	1.77778	0.511022	1.22082	3.19322	3.77347	1.81332	0.480545	8.3519	0.586102	0.495165	0.405433	0.0887771
20385	0.0315854	0.0514349	3.89432	1.85525	0.476399	1.1391	3.09774	4.30495	1.86282	0.432716	7.56569	0.613292	0.453464	0.384346	0.089086
20386	-0.0682957	-0.00309485	3.65095	1.69992	0.46561	1.05252	3.06112	3.76886	1.73398	0.46008	7.47429	0.628113	0.462801	0.406149	0.089712
20387	-0.0390077	-0.0148488	3.68241	1.64895	0.447791	1.09658	3.00424	3.95298	1.75611	0.44425	7.06825	0.644777	0.445958	0.401037	0.0899112
20388	-0.0118146	-0.0205978	3.85854	1.74899	0.453278	1.00187	2.97655	3.5405	1.66891	0.471375	8.74199	0.513778	0.461938	0.396637	0.0907051
20389	0.00793374	0.0153992	3.70824	1.81396	0.48917	0.938597	2.95512	3.53344	1.6327	0.462071	9.97762	0.433067	0.475947	0.385428	0.0909051
20390	-0.0223323	0.0200567	3.99243	1.9421	0.486446	0.959073	2.98134	3.53176	1.67354	0.473854	9.10464	0.481578	0.480535	0.377583	0.0911101
20391	-0.00429331	0.00882854	3.72617	1.93029	0.518036	0.893683	3.00004	3.73604	1.87493	0.50185	11.096	0.403181	0.509932	0.370328	0.0915213
20392	0.115731	0.12208	3.80864	1.94151	0.509765	1.00597	3.05108	3.98333	1.90258	0.477637	10.8249	0.396264	0.493341	0.35824	0.0919018
20393	0.235969	0.141858	3.64638	1.84226	0.50523	1.13701	3.10181	4.18964	2.00975	0.479695	10.7914	0.405939	0.491577	0.362612	0.0917496
20394	0.128171	0.145173	4.2599	1.84914	0.434081	0.997626	3.01807	3.91073	1.89008	0.483305	10.918	0.377976	0.457641	0.355711	0.0921395
20395	0.123403	0.158951	3.8304	1.8798	0.490759	1.10077	3.08127	4.10086	1.89151	0.461248	8.94009	0.477622	0.4755	0.361592	0.0920157
20396	0.136551	0.184092	4.17542	1.90209	0.455546	1.10227	3.02809	3.83213	1.87648	0.48967	8.6727	0.466309	0.471876	0.348709	0.0923409
20397	0.203116	0.210329	3.97775	1.89908	0.477425	1.02373	3.04629	3.79781	1.78479	0.469953	11.9433	0.336702	0.473775	0.353201	0.0922224
20398	0.0795256	0.122653	3.81505	1.9088	0.500334	0.990133	2.99432	3.69958	1.84116	0.497667	9.94502	0.414603	0.499021	0.354858	0.0927357
20399	0.104145	0.10345	4.03006	2.06694	0.512882	1.1052	3.03317	3.905	1.76863	0.452915	8.56523	0.501052	0.483371	0.358863	0.0931187
20400	0.122962	0.0923459	3.69009	1.85756	0.503392	1.08813	3.04093	3.81938	1.79591	0.470209	9.3329	0.465779	0.486515	0.373128	0.0932558
20401	0.104726	0.141824	4.2129	1.81067	0.429792	1.01821	2.9906	3.8694	1.83575	0.474428	9.72555	0.417227	0.451161	0.357608	0.093585
20402	0.0573705	0.129025	4.00625	1.79286	0.447515	1.11705	3.05677	3.75864	1.9066	0.507258	7.63346	0.561456	0.476434	0.366906	0.0938862
20403	0.0883876	0.115809	3.66483	1.84146	0.502467	0.949084	3.00188	3.69213	1.74396	0.472345	11.2438	0.370399	0.48735	0.367518	0.093885
20404	0.100368	0.109216	3.69697	1.76133	0.476424	0.970006	3.03958	3.84164	1.78893	0.465668	11.3544	0.378135	0.470943	0.376939	0.0939045
20405	0.159005	0.144058	3.6444	1.751	0.480462	0.954029	2.96349	3.85162	1.7764	0.461208	12.5766	0.316031	0.470569	0.360479	0.0939966
20406	0.0889201	0.132092	3.48983	1.64582	0.471605	1.03767	2.98607	3.94472	1.73493	0.439811	9.04899	0.45006	0.454736	0.376022	0.0937761
20407	0.11715	0.129231	3.79061	1.85689	0.489867	0.919541	2.98164	3.75354	1.86386	0.496561	12.6372	0.321916	0.493198	0.353568	0.094257
20408	0.105847	0.146705	4.12585	1.79017	0.43389	0.918449	2.98564	3.90766	1.77793	0.454986	12.2055	0.330161	0.444151	0.361013	0.0946113
20409	0.174942	0.145986	3.76769	1.94521	0.516288	0.942111	2.95283	3.50775	1.76572	0.503378	13.3861	0.294274	0.510064	0.346841	0.0947748
20410	0.0638349	0.147702	3.93737	1.81014	0.459733	0.838136	2.91613	3.68206	1.69185	0.459486	12.7834	0.299771	0.459614	0.353757	0.0948931
20411	0.223273	0.179393	4.0323	1.96381	0.48702	0.942642	2.93008	3.85313	1.67739	0.435332	14.6211	0.258746	0.461763	0.341998	0.0945949
20412	0.205806	0.213495	3.45414	1.91542	0.554529	0.861041	2.86935	4.13115	1.80884	0.437854	16.4292	0.214666	0.490985	0.321448	0.0945882
20413	0.246152	0.193994	3.8926	1.89371	0.486489	0.748539	2.79338	3.89796	1.74626	0.447994	26.771	0.126197	0.467228	0.317082	0.0947228
20414	0.16838	0.183378	3.79882	1.85085	0.487218	0.748909	2.77557	3.87308	1.81571	0.468802	19.9382	0.168507	0.477921	0.314311	0.0949802
20415	0.184772	0.193372	3.97932	1.84969	0.464825	0.766672	2.74732	3.7583	1.89778	0.504958	19.2631	0.169304	0.484318	0.303307	0.0951037
20416	0.142271	0.140536	4.18564	1.92162	0.459097	0.736312	2.75027	3.559	1.74876	0.491363	19.3001	0.176442	0.473925	0.317	0.095552
20417	0.172616	0.160151	3.84662	1.84244	0.478976	0.66241	2.67064	3.62181	1.6957	0.46819	26.2718	0.119949	0.473745	0.308223	0.0958718
20418	0.0479429	0.104632	3.88056	1.94239	0.500543	0.78315	2.69207	3.75667	1.69505	0.451212	12.3857	0.270265	0.476278	0.315239	0.0958814
20419	0.0138514	0.0749521	3.88294	1.83983	0.473826	0.767334	2.70452	4.02635	1.81238	0.450131	12.1793	0.283868	0.461763	0.321369	0.0966644
20420	0.0254139	0.0324292	3.67311	1.7267	0.47009	0.60429	2.60056	3.7297	1.89447	0.50794	19.6817	0.167549	0.48916	0.312978	0.0966417
20421	0.065715	0.0790898	3.85536	1.79431	0.465407	0.650131	2.61319	4.14779	1.96985	0.474914	18.8019	0.170771	0.470335	0.299088	0.0966666
20422	0.0504053	0.0431027	3.99784	1.88731	0.472082	0.675229	2.66709	3.79	1.88427	0.49717	17.6364	0.195202	0.484291	0.313481	0.0966099
20423	0.109215	0.0641291	3.97915	1.86416	0.468483	0.758268	2.73921	3.99649	1.79435	0.448981	16.9869	0.210635	0.458711	0.32852	0.0967973
20424	0.0368549	0.0496014	3.84661	1.94553	0.505777	0.700314	2.78725	3.87048	1.75013	0.452175	17.0265	0.220089	0.478893	0.336539	0.0967062
20425	0.176014	0.0938546	4.01457	1.82562	0.454748	0.804783	2.75958	3.67477	1.72575	0.469622	17.9742	0.197675	0.461856	0.33355	0.0968593
20426	0.130522	0.111478	3.71288	1.81584	0.489066	0.767406	2.79023	4.03649	1.91915	0.475451	17.6907	0.20281	0.481974	0.324572	0.0970557
20427	0.0901645	0.0881754	3.97843	1.87309	0.47081	0.736409	2.75235	3.92946	1.86087	0.473569	16.9954	0.208816	0.472181	0.322245	0.0972343
20428	0.173878	0.120567	3.98206	1.84929	0.464406	0.808233	2.80049	3.73727	1.64827	0.441035	17.8476	0.201203	0.453091	0.33933	0.0969942
20429	0.144909	0.0833624	4.19622	1.92217	0.458071	0.700793	2.77633	3.67132	1.67919	0.45738	23.4691	0.154503	0.457749	0.334965	0.097313
20430	0.1386	0.118876	4.08989	1.90611	0.466054	0.699681	2.75384	3.95304	1.66026	0.419994	22.0545	0.157406	0.443416	0.32748	0.0974762
20431	0.0849379	0.0875945	4.01486	1.86631	0.46485	0.675383	2.70027	3.71573	1.66954	0.449316	19.5799	0.174313	0.457384	0.325634	0.0976074
20432	0.0942304	0.061755	3.75965	1.80212	0.479333	0.700421	2.73895	3.86673	1.70483	0.440898	19.5049	0.183734	0.459845	0.338273	0.0976047
20433	0.0664377	0.0436828	4.06306	1.93721	0.476787	0.777183	2.73317	3.89192	1.71368	0.440317	14.3189	0.252579	0.458945	0.331354	0.0982831
20434	0.00892214	0.0386394	4.05574	1.98639	0.489773	0.678478	2.68217	3.63142	1.78652	0.491961	15.5882	0.224152	0.490807	0.316607	0.0985258
20435	-0.0339365	0.0811196	3.78061	1.82654	0.483135	0.747321	2.71591	3.76421	1.79421	0.47665	11.3737	0.305182	0.479899	0.324127	0.0987552
20436	0.0102126	0.0519538	3.74176	1.76555	0.47185	0.751259	2.79516	3.73572	1.74176	0.466245	13.7033	0.274575	0.46905	0.349238	0.0987433
20437	-0.0825015	-0.0847706	3.85942	1.94246	0.503304	0.761972	2.73506	3.76352	1.74073	0.462526	11.15	0.356568	0.483171	0.350643	0.0991186
20438	-0.0952715	-0.123632	3.64896	1.92151	0.526592	0.779278	2.71937	3.59641	1.6889	0.469606	10.5679	0.382418	0.498306	0.358958	0.0991775
20439	-0.115841	-0.100465	3.78445	1.90709	0.503927	0.804661	2.74502	3.51243	1.74042	0.495504	9.5557	0.423662	0.499873	0.357008	0.0994265
20440	-0.108429	-0.115949	4.19254	1.99265	0.475284	0.87562	2.83332	3.54227	1.66127	0.468984	8.98246	0.484177	0.472399	0.373208	0.0993941
20441	-0.132698	-0.100723	3.91202	1.98242	0.50675	0.761743	2.83062	4.00716	1.84815	0.461212	10.7407	0.400013	0.483708	0.35942	0.0996129
20442	0.0402427	-0.00335621	4.05184	2.07679	0.512555	0.84224	2.89696	3.90582	1.84213	0.471636	13.0782	0.3216	0.492471	0.349334	0.0996902
20443	0.0446094	0.0225978	3.80076	1.87616	0.493627	0.917507	2.93491	3.63059	1.7608	0.484989	11.1313	0.380975	0.489407	0.368409	0.100306
20444	-0.0171355	-0.0104952	3.7714	1.82352	0.483512	1.0129	2.99671	3.99661	1.86417	0.466438	8.5236	0.530486	0.474728	0.380183	0.100058
20445	0.028928	0.028327	3.9298	1.82154	0.463521	1.04723	3.06218	4.03092	1.874	0.464906	8.87633	0.518472	0.464222	0.383846	0.100457
20446	0.060735	0.0489389	3.88078	1.83571	0.473026	1.10973	3.0593	3.44547	1.68769	0.48983	8.23551	0.550193	0.480929	0.391478	0.100767
20447	0.123858	0.109689	3.77903	1.95148	0.516397	1.06557	3.06186	3.53376	1.7929	0.507364	9.82757	0.443412	0.512032	0.367963	0.10057
20448	0.219148	0.133223	4.10825	1.82072	0.443187	1.13222	3.08584	3.87821	1.8671	0.481433	10.4568	0.416854	0.461759	0.37158	0.100681
20449	0.217056	0.163531	3.95639	1.83838	0.464662	1.11419	3.0716	3.82881	1.84038	0.480666	10.5074	0.402426	0.472533	0.365079	0.101
20450	0.0915988	0.128901	4.03902	1.90733	0.472226	1.12065	3.08885	4.09284	1.97076	0.481515	8.27368	0.529469	0.476901	0.361054	0.101047
20451	0.11513	0.112324	3.74166	1.79687	0.480233	1.12362	3.11887	3.66294	1.75362	0.478747	8.88777	0.508527	0.479498	0.389053	0.101157
20452	-0.0324182	0.0451609	3.9999	1.99722	0.499319	1.07976	3.11326	3.59267	1.67602	0.466512	7.61014	0.618467	0.483795	0.390609	0.101569
20453	0.083772	0.118988	3.90256	2.00417	0.513552	1.13082	3.15746	3.86739	1.71749	0.444096	8.42136	0.54815	0.478981	0.382902	0.101646
20454	0.106234	0.0711365	3.63292	1.7486	0.481321	1.20896	3.12402	3.95527	1.8136	0.458528	7.66455	0.607999	0.46944	0.39556	0.101886
20455	0.0983501	0.0957532	3.55718	1.61445	0.453856	1.10463	3.10922	3.89262	1.86405	0.478867	8.96807	0.506296	0.466925	0.395031	0.102066
20456	0.0668845	0.0747555	3.75338	1.67683	0.446751	1.01878	3.096	3.81898	1.83232	0.479793	10.0737	0.453054	0.463415	0.394167	0.102664
20457	0.214486	0.0752744	3.76791	1.87894	0.498671	1.1336	3.09826	3.9885	1.8252	0.457615	10.8177	0.422384	0.477559	0.381602	0.102853
20458	-0.0628379	-0.0755528	3.67278	1.83167	0.498714	1.05608	3.08361	3.56071	1.77888	0.499587	7.97156	0.625993	0.499144	0.408773	0.103033
20459	0.0617647	-0.00255839	4.09586	1.99559	0.487222	1.11262	3.05547	3.87456	1.80801	0.466637	8.46839	0.552144	0.477215	0.380789	0.103639
20460	0.184946	0.105592	3.84782	1.78521	0.463952	1.08717	3.06221	3.63279	1.86152	0.51242	10.7389	0.407005	0.48749	0.374834	0.103756
20461	-0.00208834	0.0115263	3.98166	1.9304	0.484822	0.971219	3.0518	3.90208	1.8833	0.482641	9.75718	0.473664	0.483742	0.377423	0.103942
20462	0.0637078	0.0248988	3.80921	1.82513	0.479136	1.0296	3.03905	3.94888	1.78302	0.451524	9.73802	0.466475	0.465082	0.386428	0.104225
20463	-0.085256	-0.0300434	3.78939	1.79022	0.472431	0.97598	3.03674	3.58785	1.75903	0.490275	8.35106	0.563111	0.481109	0.398606	0.104666
20464	-0.142206	-0.0925339	4.01702	1.89306	0.47126	0.991046	3.0036	3.45598	1.67584	0.48491	7.46425	0.642131	0.477572	0.401855	0.104789
20465	-0.0830489	-0.118781	4.01276	1.86705	0.46528	0.916355	2.99546	3.8961	1.5713	0.4033	9.71009	0.499404	0.434747	0.41367	0.104815
20466	-0.150063	-0.104587	4.06726	1.8385	0.452025	1.01599	2.97302	3.79013	1.82209	0.480746	6.96615	0.679834	0.465879	0.392906	0.105384
20467	-0.0907487	-0.101586	3.81719	1.8696	0.489784	0.945602	2.98368	3.68289	1.7367	0.471559	8.86283	0.537012	0.480835	0.397666	0.105358
20468	-0.187799	-0.0964348	3.60249	1.78039	0.494212	1.04819	3.01314	3.84262	1.86525	0.485411	6.32957	0.763832	0.48967	0.398827	0.105472
20469	-0.102909	-0.107744	3.62153	1.77441	0.489961	1.0435	3.04907	4.09397	1.91326	0.467336	7.58257	0.657129	0.477956	0.403317	0.105236
20470	0.0884245	0.00690421	3.6218	1.73234	0.478308	1.1363	3.09174	3.85383	1.79584	0.46599	8.66645	0.549025	0.471958	0.402855	0.105312
20471	-0.0326912	-0.0550507	3.82879	1.73036	0.451934	1.20262	3.1419	3.56267	1.75561	0.492779	6.69756	0.763003	0.471621	0.42308	0.105341
20472	-0.0484813	-0.0305891	4.01025	1.92717	0.480561	1.17206	3.11429	3.71215	1.77478	0.478101	6.63901	0.744858	0.479378	0.400566	0.105049
20473	0.0641792	0.0185124	4.11446	1.94908	0.473714	1.13331	3.08779	3.63441	1.75153	0.48193	8.24161	0.571517	0.477568	0.389026	0.105313
20474	0.126874	0.0691752	3.86835	2.01857	0.521817	1.13001	3.10139	3.94965	1.76842	0.447742	9.13693	0.503141	0.484394	0.377827	0.105587
20475	0.174408	0.133469	4.35316	2.02986	0.466296	1.08804	3.11272	3.598	1.83394	0.509711	10.6333	0.417366	0.485942	0.364913	0.1056
20476	0.112924	0.195304	4.22297	1.97163	0.466884	1.08663	3.12935	3.65465	1.80519	0.493945	9.07984	0.474051	0.479438	0.363104	0.105735
20477	0.274332	0.222948	3.7876	1.97425	0.521241	1.20337	3.14781	3.59746	1.84271	0.512225	9.91157	0.431558	0.516849	0.35922	0.106005
20478	0.16707	0.199797	3.6717	1.8833	0.512923	1.12535	3.14808	3.79166	1.77739	0.468762	9.46569	0.459152	0.490488	0.372619	0.106019
20479	0.108733	0.0960198	3.90625	1.94721	0.498486	1.17365	3.17861	3.63685	1.71819	0.472439	8.37917	0.567023	0.485928	0.393364	0.106152
20480	0.0417634	0.0994668	3.99677	1.76772	0.442287	1.25921	3.2204	3.89922	1.69352	0.434322	6.57157	0.741089	0.438354	0.413102	0.106174
20481	0.0394208	0.0928418	3.5352	1.67271	0.473158	1.19116	3.19646	3.6086	1.75541	0.486451	7.26152	0.663255	0.479873	0.412736	0.106546
20482	0.0306373	0.0602499	3.69295	1.60006	0.433273	1.17942	3.17789	3.75802	1.75261	0.466365	7.3651	0.659849	0.449964	0.420336	0.106816
20483	0.0289974	0.015681	3.92353	1.71983	0.438337	1.16796	3.20107	3.38119	1.76427	0.521789	7.82183	0.648614	0.476965	0.421442	0.10683
20484	0.0697191	0.0797084	3.63641	1.77934	0.489311	1.20458	3.20987	3.85945	1.88832	0.489273	7.60756	0.64396	0.489292	0.400549	0.107174
20485	-0.00628639	0.117288	3.79645	1.88061	0.495358	1.2843	3.22957	3.71851	1.76641	0.475031	5.81545	0.832806	0.4853	0.399154	0.107272
20486	0.132416	0.154349	3.63062	1.81699	0.500464	1.1789	3.13332	3.59813	1.79218	0.498086	8.10342	0.547564	0.49928	0.38081	0.10751
20487	0.129169	0.120374	3.80998	1.84144	0.483321	1.13681	3.18034	4.03612	1.78136	0.441355	9.22202	0.507665	0.461733	0.392639	0.107609
20488	0.176091	0.105989	3.86587	1.90349	0.492383	1.16888	3.13497	3.71984	1.67238	0.449583	9.30851	0.492814	0.471395	0.390896	0.107936
20489	0.126574	0.144381	4.29204	2.07137	0.482608	1.21968	3.11079	3.5494	1.78634	0.503279	7.36438	0.597444	0.491964	0.363279	0.108208
20490	0.172111	0.129918	4.28767	2.19217	0.511273	1.07009	3.10291	4.20609	1.91442	0.455153	10.9611	0.403183	0.483482	0.349953	0.108253
20491	0.17201	0.114005	3.98587	1.96301	0.492491	1.01363	3.01572	3.89773	1.77496	0.455384	11.8871	0.354162	0.474145	0.360376	0.108354
20492	0.254416	0.203113	4.09429	1.95944	0.478578	1.02645	3.01686	4.08519	1.83146	0.448316	13.2831	0.298017	0.463464	0.343133	0.10883
20493	0.296229	0.28121	4.0029	1.89995	0.474644	0.934512	2.95556	3.92571	1.7996	0.458415	17.5554	0.203702	0.466608	0.325942	0.108668
20494	0.230148	0.286306	3.96051	1.91746	0.484145	1.02901	3.01646	3.91801	1.95023	0.497759	11.6798	0.319087	0.490915	0.325253	0.108919
20495	0.26979	0.292779	3.70956	1.91317	0.515741	1.02359	3.04044	3.60463	1.90389	0.52818	13.2865	0.28411	0.521871	0.330975	0.108812
20496	0.340037	0.339934	3.64847	1.79677	0.492473	1.05723	3.05502	3.95783	1.75714	0.443967	14.3318	0.25718	0.467233	0.341594	0.109532
20497	0.243783	0.277293	3.64109	1.71331	0.47055	1.05951	2.98199	3.91693	1.7531	0.447569	10.9939	0.332705	0.45864	0.345488	0.109717
20498	0.278676	0.296887	3.49816	1.56235	0.446621	0.958014	2.95525	3.59482	1.63368	0.454454	15.3129	0.23075	0.450591	0.356112	0.110046
20499	0.235996	0.265502	3.65522	1.70679	0.466946	0.889458	2.90579	3.68591	1.69387	0.459551	16.3254	0.213506	0.463233	0.338948	0.109816
20500	0.175218	0.193936	3.51791	1.69731	0.482476	0.941986	2.91267	3.63404	1.74569	0.480371	12.572	0.293966	0.481406	0.349371	0.109823
