cycle	Zbar1	Gbar1	VP1	VG1	h21	Zbar2	Gbar2	VP2	VG2	h22	h2b	h2b_denom	h2w	Qst	Fst
20000	0.00342281	0.0141781	3.80758	1.85032	0.485956	3.86968	-0.0293023	3.65868	1.69421	0.463067	0.000126475	7.47399	0.47474	0.000133391	0.00038578
20001	0.0633429	0.0529675	3.68634	1.8194	0.49355	3.8374	-0.146194	3.78895	1.71284	0.452062	0.0027848	7.12177	0.472522	0.00280092	0.000647364
20002	0.0766652	0.0429634	3.84718	1.77161	0.460496	3.90731	-0.132926	3.91864	1.84458	0.47072	0.0021083	7.33693	0.465655	0.00213528	0.000916661
20003	0.108389	0.0752677	3.86644	1.59286	0.411971	3.78126	-0.219825	3.73524	2.08416	0.557971	0.00645516	6.74499	0.483711	0.00588864	0.00122645
20004	0.0981666	0.076997	3.55483	1.70565	0.479813	3.74498	-0.192116	3.7663	1.72484	0.457967	0.00544555	6.64962	0.468574	0.0052527	0.00151747
20005	0.0490684	0.0770482	3.48248	1.79084	0.514242	3.76229	-0.215236	4.06976	1.81348	0.445599	0.00619594	6.89402	0.477251	0.00589355	0.00171634
20006	0.0963416	0.0703499	3.68984	1.70483	0.462033	3.72649	-0.266869	4.11762	1.98946	0.483157	0.00862926	6.589	0.473174	0.00764045	0.00197219
20007	0.0818256	0.0550103	3.84547	1.8368	0.477654	3.73443	-0.275242	4.13631	2.03488	0.491956	0.00817497	6.67077	0.485065	0.00699681	0.00219694
20008	0.0846787	0.0876567	3.48535	1.82411	0.523365	3.74922	-0.26408	4.08062	1.86019	0.45586	0.00921285	6.71445	0.486957	0.00832922	0.00242843
20009	0.0791571	0.0738022	3.79954	1.95179	0.513692	3.68491	-0.357886	3.75134	1.91857	0.511438	0.0143334	6.50074	0.512572	0.0119	0.00264701
20010	0.0486744	0.11488	3.81351	1.83221	0.480453	3.51843	-0.350324	3.874	1.84116	0.47526	0.0179759	6.01959	0.477836	0.014522	0.00288798
20011	0.21068	0.196622	3.68973	1.81958	0.493147	3.68988	-0.376904	3.51273	1.73332	0.493438	0.0271737	6.0524	0.493289	0.0226329	0.00318955
20012	0.172608	0.175205	4.0658	1.94668	0.478794	3.55901	-0.440234	3.76766	1.78979	0.475042	0.0330289	5.73385	0.476989	0.0247282	0.00343673
20013	0.106528	0.175103	3.83616	1.85038	0.482353	3.54361	-0.429074	4.28529	2.04856	0.478044	0.0308992	5.90678	0.480079	0.0228816	0.00363733
20014	0.170156	0.147231	4.06571	1.8784	0.46201	3.45844	-0.513279	3.8386	1.89718	0.494237	0.0403477	5.40641	0.477661	0.0280904	0.00380671
20015	0.149691	0.186514	3.66917	1.7866	0.486923	3.39562	-0.60614	3.69064	1.75777	0.476279	0.0596332	5.26804	0.481586	0.0424564	0.00402188
20016	0.101301	0.153438	3.80449	1.79147	0.470885	3.41386	-0.63561	3.73941	1.77278	0.474081	0.056739	5.48651	0.472469	0.0418624	0.0042688
20017	0.0713743	0.142575	3.71786	1.77146	0.476472	3.33324	-0.677154	3.75503	1.8228	0.485429	0.0631552	5.31988	0.480973	0.0446726	0.00447244
20018	0.238736	0.151988	3.70308	1.86502	0.503641	3.30065	-0.677741	3.83769	1.72315	0.449008	0.0734322	4.68766	0.475837	0.045793	0.00485329
20019	0.193681	0.160973	3.85804	1.79976	0.466496	3.26295	-0.696611	3.82993	1.7858	0.466275	0.0780697	4.71022	0.466386	0.0488006	0.00518522
20020	0.18682	0.187313	3.95068	1.79661	0.454759	3.18963	-0.792573	3.89725	1.75734	0.450919	0.106486	4.50845	0.452852	0.0632991	0.00533917
20021	0.182562	0.164956	3.8864	1.86261	0.479264	3.06361	-0.840127	3.84676	1.83053	0.475862	0.121703	4.15022	0.477572	0.064036	0.00565939
20022	0.0764524	0.132219	3.77789	1.81216	0.479676	3.1538	-0.861232	4.02953	1.96907	0.488658	0.104218	4.73502	0.484312	0.0612846	0.0059418
20023	0.126767	0.0876248	3.44592	1.90377	0.552472	3.14183	-0.902202	4.0187	1.95558	0.486621	0.107777	4.54531	0.51702	0.0597068	0.00623713
20024	-0.123832	-0.0148642	3.56163	1.90217	0.534074	3.09536	-0.903639	3.73784	1.88024	0.503029	0.0762234	5.18161	0.518177	0.049643	0.00647291
20025	-0.0223028	-0.018164	3.97306	1.83612	0.462142	3.03332	-0.919978	3.5394	1.65632	0.467965	0.0871034	4.6684	0.464886	0.0550397	0.0068391
20026	0.00409424	-0.00167472	3.847	1.83782	0.477727	3.13846	-0.859578	3.88065	1.82167	0.469424	0.0749164	4.91213	0.473558	0.0478959	0.00715135
20027	0.0493472	-0.000194926	3.88777	2.0164	0.518651	3.13567	-0.804886	4.10267	2.08103	0.507237	0.067979	4.7627	0.51279	0.0380249	0.00732374
20028	-0.0699429	-0.0754932	3.97269	1.87655	0.472363	3.10595	-0.904719	4.00444	1.95745	0.48882	0.0681735	5.04313	0.480624	0.0429332	0.00746818
20029	-0.262308	-0.118273	3.89252	1.77539	0.456104	2.88299	-1.0926	3.81064	1.93349	0.507393	0.0959582	4.94644	0.481476	0.0601685	0.0077773
20030	-0.105703	-0.097493	3.74723	1.81002	0.48303	2.90669	-1.14205	4.00023	2.01389	0.503444	0.120237	4.53725	0.49357	0.0666149	0.00801339
20031	-0.0397137	-0.0385347	3.85992	1.81375	0.469894	2.80084	-1.24118	3.86739	1.97191	0.509881	0.179255	4.03437	0.489907	0.0872277	0.0084037
20032	-0.0961964	-0.0915804	3.77827	1.75967	0.465734	2.74841	-1.29863	4.05718	2.02635	0.499449	0.180054	4.04588	0.483191	0.0878031	0.00855051
20033	-0.115084	-0.118205	3.78639	1.76081	0.465036	2.68877	-1.32657	3.9134	1.9005	0.485639	0.185731	3.9308	0.475507	0.0907033	0.00879299
20034	-0.152525	-0.146217	3.63442	1.76402	0.485364	2.63323	-1.37449	3.85687	1.8693	0.484667	0.194405	3.8802	0.485005	0.0940875	0.00901463
20035	-0.233955	-0.15057	4.02456	1.91713	0.476357	2.66427	-1.32352	4.07839	1.76106	0.431802	0.163793	4.19986	0.453932	0.0855542	0.00928495
20036	-0.156338	-0.128077	3.88975	1.99708	0.513421	2.68632	-1.34454	3.74167	1.71525	0.458418	0.183124	4.04036	0.486453	0.0906631	0.00950598
20037	-0.123838	-0.111694	3.82904	1.85903	0.485507	2.52077	-1.43128	3.95008	1.69665	0.429523	0.248972	3.49698	0.45708	0.109125	0.00969418
20038	-0.00583431	-0.0693247	3.92344	1.71665	0.437537	2.64304	-1.41193	3.68602	1.78793	0.485058	0.256907	3.50826	0.460556	0.113988	0.00997005
20039	-0.0472629	-0.0605888	3.44587	1.67853	0.487114	2.57448	-1.41384	3.91228	1.70888	0.4368	0.266428	3.43677	0.460362	0.119115	0.0101427
20040	-0.0495107	-0.11656	3.93203	1.76008	0.447626	2.57924	-1.42532	4.11046	1.81526	0.44162	0.247867	3.45516	0.444557	0.107005	0.0103868
20041	-0.0502192	-0.0418559	3.83852	1.72781	0.450122	2.51443	-1.50054	3.80138	1.83946	0.483894	0.323494	3.2887	0.466926	0.129823	0.0105126
20042	-0.00147501	-0.0249656	3.75186	1.73459	0.462328	2.45389	-1.53311	3.98363	1.91156	0.479854	0.377271	3.01441	0.471353	0.134971	0.0107269
20043	0.000672501	-0.0175554	3.99378	1.73639	0.434774	2.42059	-1.56552	3.61792	1.80126	0.497872	0.409187	2.928	0.464765	0.144875	0.0111077
20044	-0.0407086	-0.0932098	3.67674	1.62489	0.441937	2.35336	-1.66847	4.10157	1.95176	0.475857	0.432942	2.86578	0.459823	0.147873	0.0114359
20045	-0.104686	-0.0864153	3.59489	1.73975	0.483952	2.29746	-1.70856	3.69481	1.94683	0.526909	0.456018	2.88516	0.505724	0.151487	0.01176
20046	-0.158747	-0.141268	3.71966	1.65308	0.444418	2.27846	-1.77624	3.6757	1.88455	0.512705	0.450024	2.96998	0.478358	0.158958	0.0119744
20047	-0.100891	-0.107028	3.64346	1.67286	0.459139	2.24032	-1.77554	3.41296	1.82682	0.535259	0.507901	2.74064	0.495956	0.165952	0.012168
20048	-0.127557	-0.127949	3.91156	1.73222	0.442845	2.13086	-1.81479	3.7008	1.75023	0.472933	0.55788	2.55021	0.457473	0.169691	0.0126043
20049	-0.158505	-0.142131	3.79247	1.73259	0.45685	2.11241	-1.88159	3.78715	1.8243	0.481708	0.586712	2.57852	0.46927	0.175442	0.012921
20050	-0.162108	-0.150609	3.83409	1.74574	0.455319	2.15073	-1.89875	3.87708	1.8016	0.46468	0.571296	2.6746	0.460026	0.177279	0.0132178
20051	-0.162594	-0.169573	3.56906	1.63077	0.456918	2.02518	-1.94372	3.77337	1.73619	0.460117	0.657621	2.39317	0.458562	0.189515	0.0135128
20052	-0.10789	-0.185315	3.87237	1.6126	0.416437	2.03127	-1.96242	3.50057	1.74112	0.497382	0.690143	2.28801	0.454869	0.190635	0.0134977
20053	-0.201672	-0.117204	3.68939	1.6251	0.44048	1.97538	-1.97658	3.72065	1.76417	0.474157	0.729457	2.36977	0.45739	0.203279	0.0138195
20054	-0.186672	-0.160805	3.62889	1.69716	0.467681	2.00803	-1.93999	3.9571	1.80187	0.455352	0.65719	2.40836	0.46125	0.184527	0.0141489
20055	-0.187513	-0.211683	3.79299	1.85235	0.488361	2.13578	-1.89018	3.93054	1.80232	0.458542	0.521954	2.69885	0.473186	0.16165	0.0145252
20056	-0.23524	-0.189384	3.88178	1.80386	0.464699	2.07897	-1.86932	3.54051	1.72963	0.488525	0.526964	2.67779	0.476064	0.16651	0.0148413
20057	-0.221466	-0.176153	3.83695	1.84102	0.479814	2.12898	-1.83199	3.56416	1.75902	0.493529	0.496288	2.76229	0.486419	0.160013	0.0152458
20058	-0.263833	-0.189896	3.99009	1.80097	0.451361	2.17225	-1.84562	3.90079	1.8403	0.471776	0.461949	2.96724	0.461453	0.158471	0.0152959
20059	-0.229022	-0.254862	3.83519	1.87208	0.488132	2.10476	-1.83579	3.66304	1.85099	0.505316	0.458886	2.72326	0.496526	0.143771	0.0154202
20060	-0.231474	-0.22904	3.65678	1.85454	0.50715	2.16278	-1.86014	3.92177	1.99283	0.508146	0.464111	2.86622	0.507665	0.147459	0.0159087
20061	-0.196294	-0.169667	3.98144	1.98266	0.497975	1.99929	-1.96945	3.84902	1.99304	0.517805	0.671953	2.41029	0.507722	0.16929	0.0159254
20062	-0.167883	-0.191945	4.07252	1.81774	0.446343	2.04065	-2.00837	4.05458	1.99966	0.493185	0.676434	2.43881	0.469712	0.177756	0.0161927
20063	-0.127567	-0.131704	3.84619	1.92712	0.501047	1.94459	-2.07021	3.71602	1.90688	0.513152	0.875157	2.14692	0.506995	0.196886	0.0165217
20064	-0.113898	-0.130051	3.54102	1.80903	0.510876	1.93497	-2.08465	3.54836	1.78428	0.502845	0.910097	2.09892	0.506857	0.210071	0.0168046
20065	-0.119011	-0.0994721	3.723	1.65734	0.445161	1.87927	-2.12447	3.50199	1.78614	0.510036	1.02692	1.99656	0.476606	0.2295	0.0170154
20066	-0.0569382	-0.0376816	3.72467	1.79078	0.480789	1.87848	-2.175	3.61838	1.82661	0.504814	1.21951	1.87293	0.492627	0.240043	0.0171483
20067	0.0564766	0.0545094	3.52458	1.74496	0.495084	2.0168	-2.02153	3.67424	1.86293	0.507024	1.12154	1.92144	0.501178	0.230057	0.0174329
20068	0.0879413	0.0821409	3.56966	1.78401	0.499771	2.00355	-1.98999	3.82207	1.84455	0.482605	1.17009	1.83479	0.490895	0.228381	0.0176603
20069	0.174501	0.0803311	3.96657	1.95398	0.492613	1.88934	-2.07939	3.89492	1.97531	0.50715	1.58617	1.47033	0.499816	0.228942	0.0178911
20070	0.0737638	0.0851472	3.90668	1.86305	0.476888	1.88038	-2.14794	3.95366	2.03531	0.514793	1.52783	1.63194	0.495953	0.242397	0.0182959
20071	0.179981	0.0930306	3.83755	1.84465	0.480684	1.83733	-2.10166	4.07223	1.98994	0.488661	1.75354	1.37341	0.484791	0.239071	0.0186404
20072	0.0307072	0.0514427	3.57837	1.61478	0.451261	1.94418	-2.08443	4.01281	1.97019	0.490976	1.24596	1.8307	0.472255	0.24144	0.0188314
20073	0.0242319	-0.00450234	3.87299	1.8289	0.472219	1.76017	-2.22154	3.68403	1.81657	0.493092	1.6311	1.50674	0.482394	0.252196	0.0189944
20074	0.020227	0.0216868	3.98965	1.98868	0.498459	1.7495	-2.31148	3.9513	1.79832	0.455122	1.82039	1.4952	0.476895	0.26446	0.0191971
20075	0.0167839	0.0477899	4.04829	2.06642	0.510442	1.73836	-2.29528	3.95846	1.93732	0.489411	1.85232	1.48192	0.500045	0.255385	0.0195596
20076	0.0503149	0.121838	3.79987	1.74913	0.460312	1.77917	-2.25823	3.98187	1.92707	0.483961	1.89522	1.49448	0.472413	0.278199	0.0198598
20077	0.107509	0.0717548	3.75734	1.80611	0.480688	1.6386	-2.26369	4.11083	1.87537	0.456203	2.32669	1.17212	0.467895	0.270379	0.019901
20078	0.0682011	0.0927443	3.87861	1.81055	0.466804	1.72174	-2.22697	3.84097	1.89788	0.494115	1.96807	1.3671	0.480393	0.266293	0.0203703
20079	0.132933	0.0740647	3.62911	1.72862	0.476321	1.81425	-2.28375	4.02341	1.82214	0.452886	1.96662	1.41341	0.463999	0.281409	0.0205353
20080	0.0663406	0.0316904	3.87467	1.77236	0.457422	1.70326	-2.26297	3.65558	1.87053	0.511693	1.9651	1.33974	0.483768	0.265534	0.0206535
20081	-0.0436414	-0.0339844	3.5928	1.78024	0.495503	1.80935	-2.24025	3.61579	1.72911	0.47821	1.41764	1.71679	0.486829	0.257572	0.0208103
20082	-0.0569928	-0.0800201	3.74522	1.7965	0.479679	1.8943	-2.20042	3.72497	1.7691	0.474929	1.18083	1.90378	0.47731	0.239774	0.0211234
20083	-0.0814794	-0.0653647	3.70637	1.75493	0.47349	1.72356	-2.32757	3.58143	1.6924	0.472548	1.57069	1.62908	0.473027	0.270771	0.0215125
20084	-0.077982	-0.0736493	3.98895	1.8037	0.452173	1.62788	-2.36891	4.05759	1.79589	0.442601	1.81041	1.45498	0.447346	0.267975	0.0215888
20085	-0.0538024	-0.0652971	3.87571	1.75084	0.451748	1.69431	-2.35167	3.98297	1.84137	0.46231	1.71062	1.52795	0.457101	0.266856	0.0215732
20086	-0.0810552	-0.0799005	3.52564	1.76582	0.500851	1.5125	-2.38965	4.1101	1.82945	0.445111	2.10086	1.2697	0.470848	0.270687	0.0217709
20087	-0.0879542	-0.0788867	3.70262	1.79288	0.484221	1.60834	-2.39909	3.91583	1.94905	0.497735	1.87089	1.43871	0.491167	0.264621	0.0221993
20088	-0.225585	-0.100847	3.65518	1.77916	0.48675	1.47432	-2.49206	3.66534	1.88696	0.514811	1.97873	1.44484	0.5008	0.280632	0.0224925
20089	-0.0680408	-0.0617029	3.74146	1.73958	0.464947	1.45931	-2.54241	4.09467	1.91553	0.46781	2.63799	1.1664	0.466443	0.29633	0.0230161
20090	-0.0490318	-0.0837243	3.71218	1.72015	0.463381	1.42497	-2.6037	3.80136	1.80854	0.475762	2.92277	1.08634	0.469645	0.310405	0.0232195
20091	-0.134443	-0.109935	4.05955	1.95512	0.481612	1.49923	-2.52173	3.96358	2.00664	0.506271	2.17945	1.33445	0.493794	0.268598	0.0235013
20092	-0.20281	-0.145742	3.95288	1.85833	0.47012	1.52737	-2.47323	4.1172	1.96051	0.476175	1.80965	1.49675	0.473209	0.261892	0.0237391
20093	-0.09796	-0.125841	3.6727	1.74615	0.475441	1.61308	-2.43774	4.02995	1.8693	0.463852	1.82565	1.46383	0.469378	0.269951	0.0241675
20094	-0.214056	-0.165453	3.81789	1.75588	0.459908	1.49226	-2.49572	3.85498	1.72847	0.448372	1.86505	1.45576	0.454112	0.280475	0.0244848
20095	-0.188775	-0.161497	3.81721	1.78716	0.468186	1.50164	-2.47984	3.91675	2.00781	0.51262	1.88092	1.42875	0.490689	0.261582	0.0246537
20096	-0.166931	-0.156052	3.84116	1.7939	0.467021	1.56827	-2.47846	3.75464	1.98224	0.527944	1.79134	1.50546	0.497136	0.263222	0.0250306
20097	-0.0789674	-0.0906088	3.88294	1.88933	0.486572	1.41769	-2.52166	3.92262	1.75976	0.448619	2.63843	1.11999	0.467499	0.288307	0.0252858
20098	-0.011879	-0.0409608	3.66073	1.83098	0.500166	1.45475	-2.57332	3.79521	1.92091	0.50614	2.98132	1.07551	0.503207	0.299485	0.0255574
20099	-0.0390602	-0.074216	3.84479	1.85568	0.482649	1.41655	-2.617	3.93395	1.9169	0.487272	3.05161	1.0594	0.484987	0.300056	0.0259967
20100	-0.0652709	-0.0437057	4.08746	1.85572	0.454003	1.27464	-2.66791	4.03367	1.95155	0.483814	3.83567	0.897683	0.46881	0.311492	0.0264471
20101	-0.0377073	-0.0308001	3.86148	1.86589	0.483205	1.28093	-2.71955	3.97804	1.873	0.470835	4.15766	0.869408	0.476928	0.325979	0.0267248
20102	0.0535774	-0.029407	3.19577	1.60839	0.503285	1.19103	-2.75816	3.6539	1.82794	0.50027	5.75523	0.646897	0.501677	0.351488	0.0270384
20103	0.0185112	-0.0134938	3.50901	1.68056	0.478926	1.18034	-2.76214	3.76087	1.83414	0.487691	5.59693	0.674928	0.48346	0.34966	0.0271615
20104	-0.0194822	-0.00288937	3.61873	1.71272	0.473292	1.33123	-2.68279	3.94219	1.93552	0.490975	3.93653	0.912205	0.482512	0.329935	0.0274416
20105	0.226018	0.116489	3.96987	1.80097	0.453659	1.46961	-2.58778	3.8139	1.8949	0.496841	4.72872	0.773261	0.474817	0.331071	0.0276251
20106	0.0856135	0.0704613	3.65887	1.77904	0.486225	1.37032	-2.55089	3.74576	1.80328	0.48142	4.16332	0.825241	0.483794	0.324225	0.0279722
20107	0.132149	0.101616	3.68605	1.81665	0.492845	1.45007	-2.52221	4.22383	1.91941	0.454423	3.96358	0.868464	0.472328	0.315493	0.0282809
20108	0.0483318	0.034058	3.86801	1.68068	0.434506	1.55709	-2.47578	3.60112	1.84603	0.512626	2.76726	1.13818	0.472171	0.308803	0.0285684
20109	-0.0426883	0.02584	3.89347	1.73912	0.446676	1.46339	-2.51944	3.74514	1.84157	0.491721	2.85612	1.13413	0.468761	0.311553	0.0287245
20110	0.0458072	0.0304297	3.83641	1.73619	0.452556	1.47931	-2.55942	3.98396	1.91445	0.480538	3.264	1.02747	0.466811	0.31486	0.0289858
20111	0.0598637	0.00413859	3.68612	1.82936	0.496285	1.4903	-2.5889	3.97425	1.95086	0.490875	3.28609	1.02308	0.493478	0.307909	0.0293157
20112	0.00583361	-0.0270218	3.85454	1.82202	0.472696	1.45207	-2.59794	4.59784	1.92391	0.418438	3.16007	1.0458	0.443181	0.306201	0.0296596
20113	-0.0549965	-0.00244306	3.78525	1.70549	0.450563	1.44046	-2.53413	3.97101	1.94953	0.49094	2.86597	1.1182	0.471235	0.304889	0.0298273
20114	-0.00107191	0.00937199	3.84426	1.75484	0.456483	1.43826	-2.53053	3.61003	1.83435	0.508125	3.11394	1.03584	0.481492	0.310139	0.0299962
20115	0.0775638	0.0987689	3.57424	1.68883	0.4725	1.50385	-2.51221	4.25984	2.00413	0.47047	3.35116	1.01714	0.471396	0.315879	0.0301174
20116	0.138637	0.095697	3.73262	1.66726	0.446673	1.43557	-2.54113	3.73124	1.95645	0.524342	4.13359	0.841021	0.485501	0.324287	0.0306601
20117	0.126107	0.111947	3.53452	1.56958	0.444071	1.44042	-2.54887	4.0458	1.85412	0.458282	4.09854	0.863715	0.451656	0.340909	0.0308155
20118	0.00360222	0.12372	3.55504	1.71696	0.482964	1.39731	-2.55534	4.02005	1.91789	0.477082	3.69509	0.971206	0.479843	0.33061	0.0309235
20119	0.13279	0.0868724	3.80523	1.87545	0.492862	1.35099	-2.63557	3.87047	1.87475	0.484374	4.99434	0.742009	0.488582	0.330805	0.0311308
20120	0.0302168	0.00711363	3.75692	1.64674	0.438323	1.32111	-2.64476	4.16086	1.9956	0.479611	4.22013	0.833199	0.46002	0.325658	0.0312234
20121	-0.014026	-0.0180922	3.6887	1.75623	0.476112	1.45491	-2.62212	3.45577	1.69519	0.490539	3.14255	1.07889	0.48309	0.329497	0.031708
20122	-0.0387575	0.0292146	3.90191	1.7243	0.441912	1.30249	-2.65142	3.79697	1.9679	0.518283	3.99444	0.899478	0.479577	0.327413	0.0319922
20123	0.0274572	-0.0280149	3.93585	1.66468	0.422954	1.30224	-2.69418	3.8881	1.83059	0.470818	4.3742	0.812542	0.44674	0.337172	0.0322741
20124	0.0703352	-0.0433591	3.65729	1.79334	0.490345	1.29909	-2.73511	3.80487	1.85798	0.488317	4.79885	0.754925	0.489311	0.331702	0.0328555
20125	0.0421487	-0.069212	3.58101	1.71808	0.479777	1.27923	-2.73919	4.01143	1.92924	0.480936	4.65823	0.765179	0.480389	0.328351	0.0331072
20126	-0.0801091	-0.0632556	3.78485	1.72556	0.455912	1.22605	-2.75812	3.84563	1.8513	0.481404	4.2568	0.853024	0.468759	0.336801	0.0332193
20127	0.0269626	-0.0345359	3.79718	1.72687	0.454776	1.26177	-2.75933	3.94569	1.80365	0.457119	4.86931	0.762376	0.45597	0.344692	0.0333781
20128	-0.140703	-0.0901485	3.99917	1.70414	0.426124	1.31839	-2.69176	3.93746	1.87296	0.475677	3.17922	1.06447	0.450708	0.321239	0.0334003
20129	-0.0189814	-0.111618	3.885	1.74259	0.448543	1.28153	-2.70585	3.91572	1.85604	0.473998	3.97911	0.845669	0.46132	0.318696	0.033576
20130	-0.042727	-0.123393	3.48472	1.82005	0.522295	1.34521	-2.70146	4.07756	1.93977	0.475717	3.45023	0.963186	0.497181	0.306595	0.0341002
20131	-0.153003	-0.116586	3.7334	1.77311	0.474932	1.33262	-2.74445	3.9496	1.95431	0.494813	3.12885	1.10354	0.485152	0.316658	0.0342335
20132	-0.103118	-0.103588	3.98522	1.84405	0.462722	1.18074	-2.82716	3.63216	1.90107	0.5234	4.50035	0.824142	0.491655	0.33129	0.0343245
20133	-0.0185171	-0.0514742	3.37451	1.6398	0.485938	1.22133	-2.80619	3.50799	1.89504	0.540206	4.93645	0.768613	0.513598	0.349364	0.0346281
20134	-0.0776111	-0.0875668	3.48753	1.63658	0.469265	1.23067	-2.7858	3.93852	1.93523	0.491361	4.25358	0.855804	0.480984	0.337675	0.0348416
20135	-0.0441672	-0.00988098	3.73774	1.76374	0.471873	1.27386	-2.7212	3.7587	1.91395	0.509206	4.23169	0.868596	0.490592	0.33332	0.0352028
20136	-0.049938	-0.0212629	3.51943	1.6517	0.469309	1.34124	-2.67759	3.52952	1.74163	0.493447	3.64585	0.967683	0.481395	0.342152	0.0355707
20137	0.0546658	0.040287	3.80833	1.65335	0.43414	1.34334	-2.70898	4.15136	1.95142	0.470068	4.55143	0.830341	0.452878	0.344031	0.035491
20138	0.039843	0.0345984	3.75098	1.79442	0.478386	1.20525	-2.75291	4.16524	2.04218	0.490291	5.72106	0.679085	0.48465	0.336242	0.0356134
20139	0.0925342	0.0748562	4.17813	1.73997	0.416448	1.15541	-2.83676	4.01783	1.84308	0.458725	7.50416	0.564853	0.437173	0.371779	0.0356829
20140	-0.0647312	0.0165362	3.44392	1.64207	0.476803	1.12882	-2.91604	3.75519	1.8993	0.505779	6.03691	0.712285	0.491917	0.377883	0.0360269
20141	-0.0991306	-0.036071	3.78854	1.7004	0.448827	1.08608	-2.89752	4.05179	2.1411	0.528432	5.82885	0.70236	0.489966	0.347737	0.0362634
20142	0.0195992	-0.0143973	3.48764	1.64049	0.470373	1.15479	-2.88144	3.93407	1.90452	0.484108	6.37874	0.644325	0.477654	0.367079	0.0367104
20143	0.0317461	-0.0394971	3.79314	1.70788	0.450253	1.03554	-2.88178	4.1716	1.93037	0.462741	8.01765	0.5038	0.456794	0.357076	0.0369469
20144	0.017177	-0.0228346	3.58564	1.62251	0.452503	1.2379	-2.85293	3.71994	1.80044	0.483998	5.37489	0.74508	0.46854	0.369194	0.0373465
20145	-0.116	-0.0858378	3.60648	1.67719	0.46505	1.11419	-2.8964	3.93157	1.81104	0.460641	5.21964	0.756686	0.46275	0.361601	0.037352
20146	-0.0771304	-0.0549367	3.87059	1.68283	0.434774	1.11985	-2.83754	3.92712	1.96451	0.500243	5.40418	0.716377	0.467745	0.346825	0.0375242
20147	-0.215094	-0.119625	3.78411	1.71699	0.453738	1.08233	-2.90952	4.12179	1.93042	0.468345	4.62396	0.841651	0.461354	0.348009	0.0378086
20148	-0.0924536	-0.0727607	3.88479	1.81272	0.466619	1.14912	-2.88131	3.90546	1.95575	0.500772	5.11702	0.770758	0.483741	0.343638	0.0381644
20149	-0.00154956	-0.0410876	3.57256	1.73901	0.486768	1.07243	-2.84111	3.70251	1.89087	0.510698	6.79714	0.576721	0.498947	0.350751	0.0383417
20150	-0.0290608	-0.0521545	3.63171	1.74386	0.480177	1.10269	-2.87055	3.92731	1.89443	0.482374	6.20164	0.640425	0.481318	0.353207	0.0386256
20151	0.0801439	0.0230745	3.67844	1.73076	0.470514	1.05939	-2.92295	4.17588	1.90898	0.457145	9.05089	0.479459	0.463406	0.373602	0.0390232
20152	0.0195729	0.00535025	4.04839	1.79264	0.442802	1.09577	-2.92568	3.7961	1.77038	0.466368	7.41752	0.579096	0.454206	0.376203	0.0392879
20153	0.0268479	-0.0112373	3.88141	1.74107	0.448567	1.07478	-2.88017	3.90432	1.77953	0.455785	7.49508	0.549079	0.452186	0.368992	0.0398301
20154	-0.0435297	-0.0409647	3.60414	1.82178	0.505469	1.15112	-2.86006	3.99556	1.84348	0.461383	5.56848	0.713595	0.48229	0.351634	0.0401416
20155	0.00403903	-0.0428195	3.72709	1.77057	0.475054	1.15804	-2.87645	3.93536	1.78944	0.454707	6.02936	0.665864	0.464604	0.360674	0.0404337
20156	-0.1547	-0.0307881	3.64875	1.70429	0.467089	0.942465	-2.97005	3.8315	1.87869	0.490328	7.17681	0.601885	0.478992	0.376208	0.0405977
20157	-0.103903	-0.112317	3.80611	1.69107	0.444303	1.15136	-2.92469	3.78013	1.92158	0.508337	5.0197	0.787838	0.476211	0.353845	0.0410317
20158	-0.0785242	-0.0860612	3.57048	1.67667	0.469592	1.02065	-2.94312	3.68656	1.92979	0.523466	6.7562	0.604096	0.49696	0.361483	0.0413971
20159	-0.0788603	-0.0736853	3.98469	1.71556	0.430539	0.996164	-2.99849	4.01895	2.01469	0.501297	7.40215	0.577838	0.46607	0.364517	0.0417521
20160	-0.125501	-0.101329	3.61905	1.60631	0.443848	0.963677	-3.04947	4.0359	1.82297	0.451687	7.32655	0.593154	0.447981	0.387984	0.041763
20161	-0.155408	-0.108149	3.48472	1.64336	0.47159	1.01122	-2.99017	3.62967	1.73887	0.47907	6.10283	0.680508	0.475406	0.380519	0.0419999
20162	-0.176378	-0.13936	3.75736	1.7156	0.456597	0.962951	-2.99133	4.23499	1.87035	0.441643	6.26604	0.649034	0.448673	0.361977	0.0420673
20163	-0.134355	-0.0955361	3.77686	1.59419	0.422096	0.974709	-3.06319	3.98355	1.87602	0.470943	7.16	0.615012	0.44717	0.388299	0.0423708
20164	-0.0743722	-0.09659	3.86173	1.65582	0.428776	1.03832	-3.05733	3.92421	1.92928	0.491635	7.08025	0.619046	0.460458	0.379494	0.0426987
20165	-0.0813968	-0.0300559	3.50388	1.61949	0.4622	1.06209	-2.96185	4.0029	1.8857	0.471084	6.57358	0.653784	0.466937	0.380174	0.0427999
20166	-0.0132556	-0.0342147	3.48889	1.55916	0.446892	0.953815	-2.98154	4.19282	1.97169	0.470255	9.28839	0.467612	0.459644	0.380946	0.0431388
20167	0.0936752	0.0387369	3.35379	1.58878	0.473727	1.02825	-2.95544	4.08603	1.94245	0.475387	10.2643	0.436715	0.474639	0.388387	0.0436184
20168	0.10524	0.0867484	3.49351	1.50128	0.429734	1.07101	-2.95942	3.81487	1.81926	0.476887	9.94849	0.466359	0.454347	0.411407	0.0437687
20169	0.0176426	0.0131305	4.0526	1.68451	0.415661	1.04059	-2.93132	3.65587	1.73543	0.474697	8.28518	0.52321	0.44366	0.388037	0.0443151
20170	-0.000987532	-0.00237427	3.60551	1.62248	0.45	1.12509	-2.92373	3.7564	1.86808	0.497304	6.73025	0.634026	0.474137	0.379479	0.04504
20171	-0.0435615	-0.0177116	4.01753	1.74745	0.434956	1.02221	-3.03692	3.98663	1.90428	0.477668	8.02527	0.567934	0.45623	0.384379	0.0456592
20172	-0.0404269	-0.0190444	3.83264	1.68963	0.440853	0.879662	-3.08328	4.11345	1.91763	0.466185	11.0914	0.423282	0.453966	0.394331	0.0459514
20173	-0.0234348	0.0485403	3.80123	1.72032	0.45257	0.972143	-2.98634	3.75908	1.85464	0.493375	9.29248	0.495588	0.472859	0.391883	0.0461654
20174	-0.0260442	0.00753447	3.3467	1.6284	0.486569	0.933296	-3.03277	3.66846	1.91327	0.521545	10.0436	0.460167	0.504859	0.394968	0.0465698
20175	-0.126822	-0.0664829	3.47669	1.60597	0.461926	1.04377	-2.95295	3.98436	1.81615	0.45582	6.08022	0.685148	0.458665	0.378484	0.0466221
20176	-0.145027	-0.153305	3.61051	1.72934	0.478974	1.11893	-2.90207	3.78997	1.77776	0.46907	4.72941	0.798799	0.473902	0.350172	0.0467045
20177	-0.102106	-0.117464	3.87417	1.89426	0.488947	1.13948	-2.87755	3.97464	1.88079	0.473197	4.94185	0.770771	0.480971	0.33544	0.0469942
20178	-0.15653	-0.105995	3.75773	1.78274	0.47442	1.15141	-2.8445	4.16683	1.77529	0.426053	4.38381	0.855355	0.448988	0.345207	0.0475448
20179	-0.137337	-0.118408	3.72115	1.84696	0.496342	1.18666	-2.86891	3.97026	1.82772	0.460352	4.31567	0.876487	0.477764	0.339911	0.0480419
20180	-0.217374	-0.161711	4.07638	1.74034	0.426933	1.211	-2.85131	3.97931	1.9232	0.4833	3.5456	1.02013	0.454777	0.330606	0.0483186
20181	-0.208382	-0.143893	3.50744	1.65149	0.470855	1.14322	-2.82161	4.01854	1.91477	0.476484	3.92493	0.913417	0.47386	0.334616	0.0484992
20182	0.0743093	-0.0272135	3.5377	1.70789	0.48277	1.13209	-2.81819	3.69703	1.88563	0.510038	6.9618	0.559449	0.496704	0.35157	0.0486253
20183	-0.00918546	0.0240345	3.86008	1.7747	0.459756	1.18792	-2.77684	3.91963	1.83696	0.468656	5.47425	0.716529	0.46424	0.352038	0.048857
20184	-0.0801722	-0.000730501	3.75219	1.8136	0.483344	1.31755	-2.72259	3.72891	1.85553	0.497605	3.79219	0.976814	0.490453	0.335566	0.0491766
20185	0.0550795	0.0421089	3.65144	1.76693	0.483899	1.25973	-2.80835	3.52085	1.7673	0.501953	5.59898	0.725587	0.492761	0.365092	0.0492515
20186	-0.0501244	0.00307424	3.76666	1.87468	0.497704	1.12812	-2.84178	3.9749	1.98905	0.500403	5.82974	0.694132	0.49909	0.343801	0.0494262
20187	-0.0622085	-0.0315655	3.60065	1.74622	0.484974	1.18602	-2.82256	3.81887	1.95201	0.511149	4.99954	0.779035	0.498446	0.345053	0.0496387
20188	-0.0654137	-0.0168078	3.77223	1.64809	0.4369	1.01891	-2.93207	3.87865	1.86417	0.480623	7.22828	0.587882	0.459066	0.37704	0.04993
20189	0.0192866	0.0134367	3.64084	1.78283	0.489675	1.11501	-2.97224	4.0085	1.99735	0.498278	7.42469	0.60031	0.494183	0.371003	0.0501421
20190	0.0198294	-0.00682597	3.85582	1.71591	0.445019	1.04652	-2.95192	3.95429	1.81595	0.459235	8.22849	0.527047	0.452216	0.380522	0.0502316
20191	0.111097	0.111198	3.73371	1.72427	0.46181	1.00513	-2.94684	3.90579	1.75982	0.450568	11.6997	0.399651	0.456063	0.401684	0.0503461
20192	0.248365	0.121841	3.65493	1.66579	0.455765	1.14265	-2.92512	3.7329	1.80026	0.482268	11.6086	0.399874	0.469156	0.401187	0.0502114
20193	0.111567	0.0816525	3.67595	1.61203	0.438533	1.06914	-2.92492	4.21381	1.9304	0.458112	9.85814	0.458477	0.44899	0.389597	0.0505403
20194	0.161021	0.0629306	3.59536	1.69643	0.471837	1.06086	-2.92939	3.87377	1.88239	0.485933	11.0583	0.404854	0.479148	0.384917	0.0508683
20195	0.0915203	0.0912773	3.8258	1.62394	0.424471	1.1144	-2.89838	3.64032	1.71115	0.470056	8.54261	0.523146	0.446697	0.401318	0.0512189
20196	0.144234	0.0783083	3.61437	1.65049	0.456647	0.965293	-2.9428	3.92312	1.69303	0.431551	13.5389	0.33707	0.443585	0.405748	0.0515696
20197	0.0813961	0.0883784	3.76993	1.77889	0.471863	1.02203	-2.99152	4.1794	1.8466	0.441834	10.721	0.442392	0.456075	0.395562	0.0514622
20198	0.147347	0.0916639	3.61053	1.73857	0.481528	0.877947	-3.06624	4.11519	1.9624	0.476866	18.6826	0.266888	0.479045	0.402617	0.0516472
20199	0.153803	0.142422	3.90633	1.74917	0.447779	0.972799	-3.03669	3.96625	2.04751	0.516233	15.0677	0.335378	0.482267	0.399699	0.0525416
20200	0.161463	0.162963	3.78492	1.72769	0.456466	0.951991	-3.05427	4.02481	2.11287	0.52496	16.5626	0.312467	0.491765	0.402666	0.0527289
20201	0.229456	0.225514	3.74041	1.75034	0.467954	1.01641	-3.01867	4.0681	2.02798	0.498507	16.9945	0.309651	0.483871	0.410633	0.0531628
20202	0.298568	0.2419	3.69298	1.72592	0.467352	0.970875	-3.05945	3.87134	1.94408	0.502172	24.1128	0.225999	0.485172	0.426212	0.0532383
20203	0.308972	0.278402	3.93049	1.78753	0.454785	1.01683	-3.03636	3.85235	1.93635	0.50264	21.9287	0.250532	0.478473	0.424632	0.0535135
20204	0.212799	0.256553	3.72131	1.82469	0.490337	0.967662	-2.99326	3.99021	1.91109	0.478945	18.5345	0.284909	0.484442	0.414218	0.0540998
20205	0.338246	0.318244	3.77652	1.64304	0.435067	0.966162	-3.06565	4.01006	2.00554	0.500128	29.0423	0.197139	0.468573	0.439775	0.0544973
20206	0.313548	0.27704	3.76763	1.71908	0.456275	0.839047	-3.13465	4.20192	2.17143	0.516771	42.1498	0.138074	0.488171	0.428023	0.0547654
20207	0.266352	0.229651	3.48355	1.59643	0.458276	0.745907	-3.19978	3.87148	1.98134	0.511777	51.1407	0.114987	0.486438	0.45122	0.0550446
20208	0.170238	0.171297	3.72792	1.67487	0.449278	0.757183	-3.23887	4.15811	1.95913	0.471158	33.7564	0.172252	0.460815	0.444577	0.0549826
20209	0.183654	0.200692	4.00742	1.78794	0.446156	0.769928	-3.23549	3.96216	1.85209	0.467445	34.352	0.171858	0.45674	0.447924	0.055091
20210	0.128758	0.195604	3.68919	1.92283	0.521206	0.833624	-3.17415	3.88203	1.80561	0.465118	22.8551	0.248418	0.492448	0.432391	0.0551639
20211	0.258584	0.206456	3.69307	1.73969	0.471068	0.813085	-3.19723	3.78195	1.8162	0.480228	37.6785	0.153736	0.475703	0.449008	0.0554456
20212	0.19001	0.188994	3.67245	1.64539	0.448035	0.742137	-3.24278	3.86026	1.85492	0.480517	38.6332	0.152422	0.464681	0.456984	0.0556496
20213	0.18514	0.194876	3.61678	1.58009	0.436878	0.738734	-3.26051	3.86895	1.83608	0.474569	38.9591	0.153233	0.456358	0.466438	0.0559581
20214	0.140025	0.138386	3.84922	1.66104	0.431527	0.757352	-3.28477	3.68736	1.7371	0.471095	30.7484	0.190547	0.450886	0.463093	0.0562343
20215	0.175085	0.114279	3.50996	1.63479	0.465757	0.73843	-3.21541	3.97217	1.79501	0.451897	34.9347	0.158679	0.458399	0.447064	0.056621
20216	0.112778	0.0842859	3.80477	1.59492	0.419188	0.729611	-3.28086	3.88592	1.69588	0.436417	29.7628	0.190241	0.427894	0.462574	0.0570371
20217	0.134582	0.112209	3.84295	1.74808	0.454879	0.750177	-3.27255	3.46268	1.72338	0.497701	30.2318	0.189479	0.475175	0.452195	0.0573153
20218	0.126459	0.0957979	3.70905	1.67822	0.452466	0.798625	-3.18434	3.76375	1.78711	0.474822	23.814	0.225903	0.463726	0.437127	0.0580221
20219	0.0241981	0.0647422	3.96873	1.74702	0.440196	0.736005	-3.19953	3.89427	1.86838	0.479776	21.0304	0.253334	0.459799	0.424354	0.0585874
20220	0.0193578	-0.0460001	3.82127	1.85563	0.485607	0.798892	-3.18633	4.05182	1.98553	0.490035	16.2286	0.303837	0.487886	0.391047	0.0592832
20221	0.074847	-0.0226185	3.63054	1.6286	0.448583	0.792417	-3.2494	3.79305	1.816	0.47877	20.2214	0.257453	0.464007	0.430544	0.0596238
20222	-0.099171	-0.0605826	4.03368	1.67451	0.415133	0.705324	-3.27826	3.92447	1.8897	0.481518	15.997	0.323606	0.44787	0.420818	0.0597016
20223	-0.0572711	-0.0551506	3.61196	1.67871	0.464765	0.684874	-3.31121	3.99819	1.9165	0.479343	19.2489	0.27539	0.472424	0.424491	0.0597467
20224	-0.0796169	-0.0151326	3.78227	1.82895	0.483559	0.770883	-3.24894	4.19157	1.76911	0.422064	14.4571	0.361675	0.451233	0.420952	0.0597804
20225	0.0727293	0.00916243	3.73341	1.71839	0.460273	0.77939	-3.23981	4.06065	1.76967	0.43581	21.1382	0.249685	0.447528	0.43083	0.059963
20226	-0.00798893	0.0155021	3.64459	1.83154	0.502537	0.802643	-3.21217	3.83709	1.8318	0.477393	15.8537	0.328562	0.489642	0.415652	0.0603196
20227	-0.0939465	-0.061303	3.67698	1.73981	0.473163	0.767546	-3.23268	4.04054	2.00288	0.495695	13.5517	0.371084	0.48496	0.40197	0.0603093
20228	-0.0282345	-0.0202165	3.74736	1.81287	0.483771	0.708312	-3.26385	3.81995	1.79147	0.468977	19.3938	0.27125	0.476303	0.422005	0.0601603
20229	0.0359311	0.0522637	3.74932	1.91494	0.510743	0.680534	-3.30401	3.78851	1.90839	0.503732	27.11	0.207757	0.507219	0.424274	0.0603566
20230	0.110613	0.098488	3.72215	1.68664	0.453135	0.613682	-3.28511	3.62836	1.8283	0.503893	45.2379	0.126539	0.47819	0.448944	0.0607009
20231	0.128712	0.0370682	3.90379	1.73274	0.44386	0.787956	-3.24311	3.95288	1.71264	0.433265	24.7573	0.217301	0.438529	0.438555	0.0610959
20232	0.0965283	0.118924	3.77509	1.74647	0.46263	0.749137	-3.2413	3.83288	1.85213	0.483222	26.5112	0.212949	0.473004	0.439713	0.0616646
20233	0.0620977	0.0657033	3.96844	1.75979	0.443446	0.745406	-3.22151	3.95489	2.02817	0.512825	23.1432	0.233455	0.478076	0.416407	0.0619
20234	0.166949	0.119432	3.40154	1.7589	0.517091	0.908801	-3.13502	3.8308	2.01161	0.525114	19.2451	0.275172	0.521341	0.412665	0.0618645
20235	0.207	0.102766	3.68926	1.71669	0.46532	0.948547	-3.06147	3.90851	1.93541	0.49518	18.2079	0.274946	0.480681	0.406784	0.0622458
20236	-0.00148711	0.0220285	3.43677	1.61631	0.4703	0.868596	-3.09615	3.93241	1.95642	0.497512	12.8434	0.378522	0.484821	0.405011	0.0626123
20237	0.0450233	0.019591	3.81868	1.84163	0.482268	0.869204	-3.07128	4.03074	2.0011	0.496461	14.0643	0.339637	0.489556	0.383417	0.0627889
20238	0.0321345	-0.0202965	3.78775	1.85388	0.48944	1.08205	-2.98845	3.71164	1.8115	0.48806	7.9922	0.551159	0.488757	0.375464	0.0626607
20239	0.089993	0.0845287	3.79465	1.78064	0.46925	1.15852	-2.84821	3.87502	1.84321	0.475665	7.53316	0.570872	0.472491	0.372511	0.0628485
20240	0.0173495	0.00479187	3.78564	1.79263	0.473533	1.11098	-2.87114	4.14202	1.94101	0.468614	6.91535	0.598015	0.470963	0.356537	0.0632067
20241	-0.0124899	0.0332787	3.54097	1.68345	0.47542	1.01788	-2.94296	3.62074	1.74191	0.481093	8.34346	0.530834	0.478288	0.39277	0.0631318
20242	0.0813818	0.0519198	3.82435	1.69321	0.442745	1.12474	-2.89168	3.62103	1.81102	0.50014	7.95964	0.544293	0.470659	0.382133	0.0635812
20243	0.0690891	0.0963023	3.91171	1.85471	0.474143	1.12433	-2.90157	3.49845	1.80475	0.515871	8.07092	0.556767	0.493844	0.380529	0.0639195
20244	0.17739	0.102503	3.72184	1.85005	0.49708	1.10577	-2.93894	3.4612	1.7517	0.506098	10.7327	0.430942	0.501425	0.391133	0.0641809
20245	0.079627	0.0633895	3.92186	1.84305	0.469943	1.03033	-3.04228	4.09444	1.92106	0.469188	10.6715	0.451914	0.469557	0.390586	0.0643977
20246	0.00435477	0.00778362	3.76507	1.84896	0.491081	0.948172	-3.07142	3.77016	1.88341	0.499558	10.6439	0.445396	0.495322	0.38853	0.0644257
20247	0.0074532	0.0297132	3.97338	1.90639	0.479791	0.87545	-3.09654	3.97878	1.91832	0.482137	12.9722	0.376709	0.480965	0.38993	0.0642706
20248	-0.0646545	0.0162452	3.7584	1.8997	0.505456	0.905178	-3.10988	3.87743	1.85592	0.478646	10.3901	0.470287	0.491842	0.394255	0.0647121
20249	0.0174595	0.063986	3.79947	1.80583	0.475285	0.765175	-3.17622	4.18698	1.96688	0.46976	18.779	0.279539	0.472388	0.4104	0.0647522
20250	0.157646	0.138949	4.02532	1.80778	0.449103	0.785404	-3.25479	3.70968	1.71703	0.46285	29.2261	0.19704	0.455696	0.449731	0.0650796
20251	0.115467	0.106102	3.90361	1.71831	0.440184	0.703159	-3.29523	3.61542	1.6848	0.466004	33.4964	0.172691	0.452599	0.459551	0.0654892
20252	0.154836	0.105659	3.79982	1.70912	0.449789	0.726777	-3.28042	3.60529	1.71153	0.474729	35.0503	0.163558	0.461932	0.456044	0.0657607
20253	0.0519049	0.0927182	3.70747	1.79814	0.485005	0.653426	-3.30783	3.60509	1.71754	0.476421	31.9593	0.180914	0.480773	0.451365	0.0661587
20254	0.223626	0.179219	3.90092	1.8987	0.486732	0.650183	-3.34524	3.62477	1.83878	0.507283	68.2702	0.0909755	0.49663	0.453943	0.0659565
20255	0.162494	0.164227	3.97874	1.79879	0.452102	0.573993	-3.38009	4.10822	1.99382	0.485324	74.1866	0.0846659	0.468979	0.453098	0.0661781
20256	0.128944	0.148912	3.85019	1.75429	0.455637	0.629787	-3.39164	4.1309	2.02517	0.49025	49.9732	0.125422	0.473552	0.453432	0.0664548
20257	0.19201	0.173128	3.77246	1.75169	0.464335	0.619359	-3.37293	3.84546	1.9195	0.49916	68.8533	0.0913137	0.481915	0.461418	0.0665658
20258	0.291198	0.240311	3.77666	1.85537	0.491272	0.526309	-3.42225	3.62967	1.75544	0.483636	242.674	0.0276386	0.48753	0.481658	0.0669929
20259	0.344296	0.319927	3.77352	1.78443	0.472884	0.680819	-3.34354	4.04499	1.7365	0.429296	118.51	0.0566238	0.450333	0.488077	0.0673575
20260	0.431908	0.374686	3.8753	1.74059	0.449149	0.673888	-3.34499	3.73003	1.75136	0.469529	236.293	0.0292772	0.459144	0.497755	0.0677912
20261	0.18148	0.284021	3.55058	1.70158	0.47924	0.667495	-3.31914	3.91384	1.83559	0.469001	54.9625	0.118106	0.473872	0.478638	0.0682256
20262	0.407802	0.311092	3.55357	1.74564	0.491237	0.766756	-3.30734	3.87815	1.86805	0.481685	101.616	0.0644241	0.486252	0.47541	0.0684908
20263	0.326984	0.304353	3.87815	1.80796	0.466192	0.652909	-3.30797	3.63555	1.82788	0.502778	122.839	0.0531135	0.483895	0.473042	0.0687894
20264	0.324116	0.273758	3.97036	1.77946	0.448185	0.746948	-3.26031	3.84397	1.743	0.453438	69.8573	0.0893937	0.450769	0.470022	0.0690927
20265	0.267522	0.32014	3.80166	1.75785	0.462391	0.685218	-3.28148	3.96518	1.96755	0.496207	74.3492	0.087235	0.479655	0.465505	0.0693388
20266	0.299052	0.30902	4.04603	1.82347	0.450682	0.679308	-3.31887	4.17096	2.02091	0.484519	91.0238	0.0722975	0.467857	0.461301	0.0696762
20267	0.336133	0.331253	3.8668	1.76468	0.456366	0.867381	-3.19769	3.98428	1.89865	0.476537	44.126	0.141112	0.466602	0.459546	0.0698878
20268	0.318443	0.312872	3.97881	1.66301	0.417967	0.838579	-3.18601	3.68633	1.8857	0.511539	45.2505	0.135271	0.462968	0.463193	0.0701644
20269	0.28105	0.313949	3.84947	1.79206	0.465535	0.819061	-3.20141	3.97044	1.91624	0.482626	42.693	0.144728	0.474213	0.454604	0.0707188
20270	0.324536	0.330955	3.49811	1.75153	0.500707	0.828601	-3.17085	4.01276	1.88611	0.470029	48.2627	0.127041	0.484317	0.457461	0.0709176
20271	0.324621	0.28249	3.66937	1.86166	0.507352	0.851499	-3.2029	3.98271	1.83725	0.461307	43.7605	0.1388	0.483387	0.45099	0.0711578
20272	0.232338	0.278249	3.90963	1.86575	0.477218	0.705608	-3.29104	3.64122	1.84156	0.505754	56.8782	0.111992	0.490979	0.46223	0.0713116
20273	0.357155	0.357962	3.60388	1.8582	0.515611	0.861578	-3.238	3.80446	1.79132	0.470847	50.8206	0.127222	0.492623	0.469845	0.0716011
20274	0.405774	0.393872	3.89466	1.93242	0.496171	0.710848	-3.28151	3.82865	1.8436	0.481527	145.143	0.046535	0.488912	0.472241	0.0718612
20275	0.386259	0.404253	4.00744	2.00437	0.500162	0.719607	-3.27317	3.66086	1.82974	0.499812	121.7	0.0555604	0.499995	0.468714	0.0720355
20276	0.484976	0.474484	4.01543	2.05686	0.512239	0.723229	-3.21025	3.76179	1.93545	0.514502	239.186	0.0283822	0.513333	0.459647	0.0723053
20277	0.547495	0.481072	4.00713	1.89852	0.473785	0.719422	-3.24513	3.85373	1.82138	0.472627	469.73	0.0147793	0.473217	0.48283	0.0724243
20278	0.389118	0.469247	4.11016	1.90693	0.463955	0.707101	-3.23274	3.92907	1.92789	0.490675	135.538	0.0505567	0.477014	0.471985	0.0725812
20279	0.507098	0.428547	3.94917	1.93961	0.491145	0.875476	-3.17076	3.57525	1.70624	0.477236	95.4665	0.067851	0.484536	0.470558	0.0724874
20280	0.362088	0.351509	3.67959	1.72899	0.469887	0.851134	-3.14764	4.05527	1.75446	0.432638	51.1947	0.119583	0.450358	0.46785	0.072709
20281	0.39591	0.415434	3.82602	1.82554	0.477137	0.907739	-3.10092	3.85163	1.866	0.48447	47.1991	0.130985	0.480816	0.455868	0.0726855
20282	0.339961	0.377183	3.79746	1.71592	0.451861	0.853166	-3.1607	3.99656	1.93902	0.485171	47.523	0.13169	0.468941	0.461372	0.0725282
20283	0.32123	0.397577	3.82752	1.70077	0.444354	0.854855	-3.19532	3.64142	1.89812	0.521259	45.3332	0.142378	0.481848	0.4729	0.0728957
20284	0.292433	0.309203	3.9432	1.83727	0.465934	0.960618	-3.12573	3.94715	1.72977	0.438232	26.4267	0.223236	0.452076	0.452758	0.0734104
20285	0.379943	0.259199	3.8612	1.94142	0.502801	0.909724	-3.05567	3.8019	1.78692	0.470007	39.1507	0.140334	0.486531	0.424355	0.073727
20286	0.255708	0.203755	4.02075	1.9133	0.475857	1.00729	-3.04982	4.23974	1.94525	0.458814	18.7398	0.282441	0.46711	0.406953	0.0738312
20287	0.186575	0.138069	4.06075	1.89348	0.466289	0.994612	-3.05852	4.06571	1.92851	0.474335	15.6499	0.326462	0.470315	0.400736	0.0740802
20288	0.114221	0.159962	3.61411	1.75077	0.484427	0.952193	-3.02818	3.98376	1.83489	0.460592	14.475	0.351098	0.47193	0.414873	0.0741496
20289	0.0796555	0.0984008	3.56927	1.72047	0.482024	1.02643	-2.99723	3.7007	1.64987	0.445826	10.6907	0.448191	0.463598	0.415609	0.0744236
20290	0.0952815	0.0748398	3.89792	1.81892	0.466639	1.0069	-3.01219	3.94415	1.8556	0.470469	11.4671	0.415525	0.468565	0.393459	0.0746959
20291	0.0755678	0.0516758	3.62626	1.78688	0.492761	0.885827	-3.0947	3.82813	1.78496	0.466275	15.079	0.32826	0.47916	0.409418	0.0749266
20292	0.0491562	0.0608533	3.86685	1.83194	0.473756	0.822949	-3.13013	3.90139	1.71905	0.440625	17.0059	0.299378	0.457117	0.417666	0.0754177
20293	0.0424152	0.0821404	3.84676	1.7788	0.462417	0.900245	-3.16026	3.95888	1.732	0.437498	14.2866	0.367936	0.449779	0.428245	0.0755863
20294	-0.0117128	0.00408175	3.5108	1.72981	0.49271	0.883223	-3.15949	4.05155	1.86272	0.459755	12.496	0.400455	0.475054	0.410657	0.0754844
20295	0.0138492	-0.0517172	3.72987	1.6893	0.452912	0.724886	-3.15398	3.74739	1.75275	0.467726	19.0358	0.252787	0.460336	0.41154	0.0755195
20296	-0.0423169	-0.0538167	3.81959	1.64597	0.430928	0.847055	-3.13449	4.02117	1.80724	0.449431	11.9984	0.395491	0.440418	0.407381	0.0757985
20297	0.0209652	-0.0211895	3.5398	1.62933	0.460289	0.924364	-3.13871	3.83705	1.91199	0.498296	11.9086	0.408065	0.480058	0.40704	0.0759459
20298	-0.106115	-0.0644071	3.42847	1.63664	0.477368	0.963158	-3.12445	3.88086	1.89061	0.487162	8.18988	0.571673	0.482568	0.399043	0.076104
20299	-0.0374308	-0.0646451	3.67956	1.60795	0.436996	0.845505	-3.13579	3.89123	1.75754	0.451666	12.0988	0.389788	0.444536	0.412105	0.0764703
20300	-0.132531	-0.0633883	3.69684	1.70805	0.46203	0.905871	-3.17344	3.87705	1.72609	0.445206	8.97021	0.53914	0.453417	0.413314	0.076363
20301	-0.0278589	-0.0362781	3.43702	1.54047	0.448198	0.930982	-3.15181	3.69028	1.64796	0.446567	10.5578	0.459688	0.447354	0.432288	0.0768239
20302	-0.0506101	-0.024285	3.66783	1.66541	0.454059	0.870192	-3.1699	3.70916	1.76781	0.476607	11.6702	0.423938	0.465396	0.418904	0.0769481
20303	-0.162898	-0.0535739	3.68921	1.57783	0.427689	0.862222	-3.14613	3.91951	1.76582	0.45052	9.10094	0.525436	0.43945	0.417059	0.0773385
20304	-0.0350092	-0.0719519	3.64917	1.68162	0.460822	0.833595	-3.14383	3.5089	1.70585	0.48615	12.5073	0.377236	0.473238	0.410644	0.0774029
20305	-0.146505	-0.00871436	3.58634	1.60577	0.447746	0.953808	-3.08279	3.57719	1.69337	0.47338	7.80545	0.605345	0.460547	0.417403	0.0776417
20306	-0.0302896	-0.0495364	3.59498	1.66339	0.462699	0.804773	-3.11324	3.52069	1.76512	0.501357	13.4603	0.348665	0.481826	0.406447	0.0778084
20307	0.0127978	-0.0475567	3.80689	1.78093	0.467818	0.850898	-3.1734	4.04697	1.78709	0.441587	13.9105	0.351206	0.454302	0.406513	0.0776918
20308	-0.0243838	-0.014492	3.92809	1.83179	0.466331	0.7883	-3.17251	3.92583	1.82042	0.463703	15.1004	0.330227	0.465018	0.405829	0.0779891
20309	0.0939004	0.0579402	3.90326	1.71135	0.438441	0.830713	-3.14874	3.58085	1.71226	0.478172	18.9408	0.271446	0.457451	0.428979	0.0783654
20310	-0.00219863	0.0169431	3.8072	1.70265	0.44722	0.862589	-3.08629	3.34454	1.62619	0.486223	12.8768	0.373929	0.465459	0.419815	0.0785007
20311	0.0293094	0.0551918	3.72895	1.78293	0.478134	0.953755	-3.05211	3.94432	1.80186	0.456824	11.2981	0.4273	0.46718	0.402518	0.0783279
20312	0.125216	0.0832641	3.61033	1.69056	0.468256	0.875261	-3.06991	3.8151	1.82999	0.479671	17.6734	0.281284	0.474121	0.413966	0.0787521
20313	0.0732999	0.0537157	3.81329	1.8362	0.481527	0.953912	-3.03555	3.51997	1.85234	0.526238	12.3067	0.387738	0.502988	0.392895	0.0792904
20314	0.104153	0.0640538	3.61881	1.69077	0.467216	0.92589	-3.12301	4.02217	1.78607	0.444056	15.0423	0.337626	0.455025	0.422207	0.0796132
20315	0.0386745	-0.0048125	3.83075	1.73333	0.452478	0.841736	-3.10249	3.748	1.85664	0.495368	14.879	0.322454	0.473689	0.40068	0.0803078
20316	-0.000472232	0.0173916	3.48789	1.70755	0.489564	0.925011	-3.14755	3.8926	1.66789	0.428477	11.6949	0.428259	0.457345	0.426034	0.0807309
20317	-0.0628858	0.0204898	3.71886	1.76447	0.474465	0.685641	-3.20137	3.65573	1.70356	0.465997	18.5268	0.280146	0.470267	0.428136	0.0809911
20318	-0.0444319	-0.034014	3.65704	1.68627	0.461102	0.913844	-3.12111	4.03051	1.87619	0.465498	10.3782	0.459146	0.463407	0.400884	0.0811117
20319	-0.0619081	-0.0655735	3.66014	1.77899	0.486044	0.927911	-3.08972	4.13996	1.80008	0.434807	9.33457	0.489871	0.45885	0.389922	0.0814147
20320	-0.0504265	0.000280294	3.81968	1.78395	0.467041	0.97241	-3.01089	3.86096	1.74577	0.45216	8.66678	0.523097	0.45956	0.39118	0.0812644
20321	0.0268265	0.0821245	3.76628	1.84456	0.489757	0.970799	-3.03962	3.6834	1.70715	0.463472	10.9364	0.445542	0.476761	0.406985	0.0814748
20322	0.0570183	0.0742876	3.83294	1.83704	0.479277	0.897498	-3.03977	3.978	1.8396	0.462444	13.7277	0.353203	0.470704	0.397488	0.0814973
20323	0.0810445	0.0929544	3.38316	1.65479	0.489124	1.09614	-2.98324	3.83524	1.71921	0.448266	9.18355	0.515213	0.467416	0.41229	0.0816294
20324	0.174298	0.0501717	3.8685	1.6681	0.431201	1.09183	-2.91352	3.9536	1.94344	0.491562	10.4334	0.420929	0.46171	0.378233	0.0819554
20325	0.0064147	0.054009	3.69057	1.68321	0.456084	0.977799	-2.98749	3.97545	1.91257	0.481096	9.80377	0.471794	0.469055	0.391537	0.0814895
20326	0.054208	0.0452517	3.63946	1.72738	0.474625	0.959243	-2.97744	3.73057	1.72015	0.461094	11.1547	0.409544	0.467776	0.398636	0.0812225
20327	0.00820726	-0.0227595	4.0365	1.7903	0.443527	1.02827	-2.96384	3.75925	1.84916	0.491897	8.3131	0.520262	0.466852	0.372835	0.0816337
20328	-0.0718479	-0.0707857	3.70246	1.75434	0.47383	1.0956	-2.98454	4.03512	1.88868	0.468061	6.22917	0.681468	0.470821	0.368252	0.0813046
20329	-0.0900331	-0.100169	3.58923	1.68673	0.46994	1.01	-3.00032	3.75293	1.96083	0.522479	6.9507	0.605038	0.496796	0.365789	0.0812825
20330	-0.0938614	-0.128189	3.79632	1.61053	0.424234	0.949592	-3.03528	3.70092	1.83401	0.495556	7.76198	0.544397	0.459442	0.3803	0.0812652
20331	-0.1241	-0.110176	3.71736	1.61132	0.433458	0.995126	-2.99571	3.69561	1.76355	0.4772	6.64685	0.626333	0.455265	0.381607	0.081193
20332	-0.0917454	-0.129654	3.89377	1.8447	0.473758	1.17985	-2.90636	3.90252	1.82636	0.467995	4.76823	0.808483	0.470873	0.3444	0.0814774
20333	-0.177253	-0.129028	3.69403	1.82226	0.493299	1.14281	-2.88915	3.91351	1.8878	0.482381	4.37188	0.871284	0.487682	0.339328	0.081374
20334	-0.0968082	-0.0923757	3.97576	1.92107	0.483195	1.12189	-2.8956	3.84293	1.91526	0.498386	5.29082	0.742615	0.490661	0.338773	0.0814278
20335	-0.133232	-0.0925133	4.0308	1.92038	0.476426	1.06754	-2.90073	3.88547	1.8174	0.467743	5.46938	0.720929	0.472164	0.34543	0.081543
20336	-0.0781234	-0.00894417	3.72195	1.71928	0.461928	1.10487	-2.88427	3.52073	1.76343	0.50087	5.90752	0.699742	0.480858	0.372555	0.0820047
20337	-0.0641438	0.00531941	3.84281	1.79413	0.466881	1.1868	-2.86514	4.03318	1.93415	0.479558	5.26532	0.782436	0.473373	0.355994	0.0822887
20338	0.0217632	0.0873231	3.7515	1.67786	0.447252	1.11594	-2.92136	4.02734	1.83482	0.45559	7.56103	0.598607	0.451569	0.391939	0.0823835
20339	0.064886	0.112644	3.66916	1.66643	0.454171	1.03188	-2.92559	3.80061	1.65856	0.436393	9.87177	0.467538	0.445126	0.40982	0.0824753
20340	0.0564699	0.112111	3.52462	1.73658	0.492702	1.14307	-2.90023	3.56541	1.91282	0.536493	7.68545	0.59035	0.514723	0.383452	0.0828317
20341	0.110251	0.0347974	3.87275	1.70216	0.439522	1.16558	-2.84181	4.02438	1.88587	0.46861	7.42989	0.556864	0.454345	0.365824	0.0829351
20342	0.13583	0.0673952	3.60701	1.71677	0.475953	1.20024	-2.83186	4.11678	1.97399	0.479497	7.41915	0.566487	0.477842	0.36292	0.083349
20343	0.0849833	0.122028	3.47894	1.71051	0.491677	1.15614	-2.81281	3.65977	1.87991	0.513668	7.50699	0.573684	0.502951	0.375016	0.0834031
20344	0.163627	0.205923	4.08133	1.90277	0.466214	1.17884	-2.84709	4.13624	1.85372	0.448164	9.04361	0.515331	0.457129	0.382956	0.0832147
20345	0.144952	0.116254	3.88054	1.80355	0.464769	1.20512	-2.86809	3.74834	1.65469	0.441445	7.92404	0.561982	0.453309	0.391791	0.0835104
20346	0.120656	0.127312	3.92955	1.78616	0.454546	1.21211	-2.83048	3.7083	1.74407	0.470315	7.3438	0.595641	0.462202	0.382661	0.0838398
20347	0.114612	0.06995	3.56129	1.73836	0.488126	1.25827	-2.77038	3.6807	1.74496	0.474082	6.16802	0.653974	0.480988	0.366807	0.084182
20348	0.112298	0.121156	3.7906	1.76237	0.464931	1.13954	-2.78961	3.75428	1.76957	0.471348	8.02922	0.527608	0.468124	0.375004	0.0840635
20349	0.175462	0.15658	3.79625	1.7565	0.462693	1.13733	-2.82902	3.55378	1.73916	0.489383	9.63457	0.462596	0.475598	0.389429	0.0846634
20350	0.189012	0.202205	3.93125	1.80753	0.459784	1.03143	-2.90807	3.59223	1.65145	0.459728	13.6314	0.354836	0.459757	0.411603	0.0849565
20351	0.236374	0.257631	3.85344	1.78867	0.464175	1.16632	-2.83462	3.53335	1.67224	0.473273	11.0569	0.432402	0.468527	0.408656	0.0851089
20352	0.339476	0.298945	3.81512	1.6856	0.441821	1.06277	-2.85763	3.59089	1.55662	0.43349	19.0458	0.26158	0.437782	0.434608	0.0851761
20353	0.318571	0.301602	3.43877	1.73607	0.504851	1.15597	-2.87454	3.60106	1.70755	0.474181	14.3859	0.350617	0.489162	0.422875	0.0856774
20354	0.254053	0.324811	3.59734	1.81095	0.503412	1.00579	-2.88282	3.8969	1.83859	0.471808	18.2069	0.282556	0.486978	0.413546	0.0857351
20355	0.276993	0.294504	3.83778	1.93953	0.505378	1.04497	-2.92309	3.86164	1.74799	0.452655	17.5536	0.294895	0.478935	0.412539	0.0854018
20356	0.271649	0.232335	3.98454	1.73761	0.436089	0.994583	-2.93453	3.97321	1.92901	0.485504	19.1893	0.261317	0.460761	0.406227	0.0858128
20357	0.210564	0.256481	3.7763	1.7063	0.451845	0.990413	-2.96106	3.47565	1.79328	0.515955	17.0227	0.304082	0.482571	0.425264	0.0855821
20358	0.25674	0.222061	3.50776	1.6356	0.46628	1.05121	-2.95595	3.76248	1.76825	0.46997	16.0015	0.315588	0.468189	0.426	0.0857708
20359	0.260356	0.26736	3.73812	1.68065	0.449598	1.02025	-3.01442	3.76559	1.70615	0.45309	18.6516	0.288717	0.45135	0.443021	0.0858998
20360	0.159942	0.143468	3.59376	1.65717	0.461123	0.880554	-3.09882	3.66923	1.88972	0.515018	20.2442	0.25964	0.48835	0.425727	0.0860786
20361	0.142698	0.0863429	3.82283	1.6514	0.431983	0.954929	-3.11479	4.06193	1.8853	0.464139	15.5328	0.32986	0.448549	0.420194	0.0862727
20362	0.12459	0.0607987	3.61605	1.67712	0.4638	0.872214	-3.08399	4.14468	1.91851	0.462885	17.6936	0.279471	0.463311	0.40757	0.0864279
20363	0.095421	0.098394	3.85883	1.73181	0.448793	0.908596	-3.04037	4.07819	1.71018	0.419348	14.8988	0.330627	0.433664	0.417223	0.0864904
20364	0.0746555	0.0696374	3.85582	1.77805	0.461133	0.993626	-3.03973	3.66923	1.64521	0.448379	11.4483	0.422253	0.454914	0.413977	0.0866631
20365	0.0164697	0.0891954	3.73917	1.76117	0.471006	0.931966	-3.07171	3.79985	1.80621	0.475337	11.9209	0.419067	0.473189	0.411951	0.0870258
20366	0.0762399	0.106005	3.36411	1.58333	0.470652	0.970433	-3.00127	3.85815	1.94391	0.503845	12.0753	0.399791	0.488384	0.406413	0.0872292
20367	0.06921	0.109288	3.63751	1.67902	0.461585	0.943182	-3.02978	3.81047	1.73086	0.454239	12.9005	0.381914	0.457827	0.41955	0.0873607
20368	0.0814394	0.0711745	4.06018	1.74673	0.430209	0.9567	-3.0197	3.75402	1.71683	0.45733	12.4706	0.38304	0.443238	0.408255	0.0873773
20369	-0.0758087	-0.00250583	4.01196	1.75081	0.436399	0.980502	-3.04316	3.90351	1.83041	0.468915	8.28609	0.557896	0.452434	0.392371	0.0880408
20370	0.0508139	0.0615267	3.88601	1.62658	0.418573	1.03269	-3.01728	3.9241	1.86216	0.474545	9.83215	0.482045	0.446695	0.404621	0.0880406
20371	0.144534	0.0535101	3.54116	1.65364	0.466976	0.969872	-3.03422	3.65973	1.69878	0.464182	13.9964	0.340592	0.465556	0.415664	0.0883522
20372	-0.0480175	0.0042629	3.94738	1.73851	0.440421	0.940286	-3.02728	3.56538	1.87143	0.52489	9.40905	0.488372	0.480508	0.389041	0.0886338
20373	-0.0437507	0.00968235	3.69094	1.69869	0.460232	1.0105	-2.98873	3.95477	1.64716	0.416498	8.08909	0.555718	0.437611	0.40195	0.0887512
20374	0.0804285	0.0666547	3.59342	1.59502	0.443871	0.974308	-2.99342	3.53532	1.64889	0.466406	11.7194	0.399511	0.455047	0.419288	0.089048
20375	0.0301853	0.0774998	3.70623	1.86863	0.504187	1.00485	-3.027	4.09567	1.96393	0.479514	10.1455	0.474986	0.491235	0.386127	0.0895903
20376	0.0346022	0.0619464	3.54818	1.79593	0.506156	0.999835	-2.99257	4.18808	1.97445	0.471446	10.0143	0.465837	0.487366	0.382317	0.0895871
20377	0.0423491	0.059183	3.7838	1.75929	0.464952	0.936387	-3.0618	4.26948	2.02326	0.473889	12.1863	0.399652	0.46969	0.391766	0.0900011
20378	0.0572771	0.0467541	3.85206	1.76471	0.45812	0.923697	-3.12728	4.0011	1.88643	0.471477	13.4204	0.375342	0.464926	0.408341	0.0902645
20379	0.108441	0.040317	3.88775	1.77665	0.456986	0.953629	-3.01015	3.65609	1.97648	0.540601	13.0264	0.357171	0.497509	0.382773	0.090272
20380	-0.0602869	-0.00813061	4.04128	1.75914	0.435293	0.986121	-3.02858	4.01494	1.97865	0.492821	8.33186	0.547485	0.463963	0.379075	0.090069
20381	0.0633283	0.0160217	4.01431	1.71654	0.427606	1.11345	-2.94937	3.78574	1.92838	0.50938	7.97408	0.551383	0.467295	0.37634	0.0906285
20382	0.110661	0.0536973	3.67262	1.78603	0.48631	0.931102	-3.00814	3.7823	1.80541	0.477331	13.9274	0.336561	0.481754	0.395006	0.0912046
20383	0.160828	0.147459	3.87092	1.66249	0.429482	0.989418	-3.00255	3.45638	1.73973	0.50334	14.4525	0.343281	0.464322	0.421794	0.0915151
20384	0.180487	0.168877	3.49893	1.65958	0.47431	0.932452	-3.01154	3.71936	1.75884	0.472887	17.8885	0.282726	0.473577	0.425327	0.0916143
20385	0.136025	0.152294	3.6139	1.66119	0.459668	0.99263	-3.02439	3.89235	1.79589	0.46139	13.7527	0.366886	0.460561	0.422006	0.0919063
20386	0.106479	0.0983801	3.75028	1.63711	0.43653	1.0836	-2.98801	4.01955	1.90679	0.474379	9.97699	0.477387	0.45611	0.402029	0.0919974
20387	0.0753586	0.0916809	3.83879	1.77423	0.462184	1.02669	-3.04802	4.21456	1.94095	0.460534	10.8921	0.452519	0.461321	0.39892	0.0921266
20388	0.0398746	0.0838635	3.67705	1.78554	0.485589	0.835098	-3.1285	4.06233	2.05165	0.505042	16.3182	0.31619	0.4958	0.402149	0.0924709
20389	0.0819623	0.103142	3.76165	1.78531	0.474609	0.842408	-3.13208	3.79956	1.98073	0.521305	18.0997	0.289138	0.498074	0.410083	0.0927653
20390	0.0476965	0.0966903	3.67104	1.68349	0.458587	0.958244	-3.06984	3.62402	1.81172	0.49992	12.0938	0.414549	0.47912	0.417774	0.0927705
20391	0.0962775	0.120434	3.84576	1.82111	0.473536	0.857776	-3.03336	3.45537	1.78554	0.516744	17.1526	0.28994	0.493984	0.408212	0.0931536
20392	0.160489	0.145926	3.98703	1.76503	0.442692	0.922403	-3.04489	4.07172	1.86911	0.459047	17.5385	0.290256	0.450955	0.412022	0.0931784
20393	0.24027	0.159829	3.54095	1.83408	0.517963	0.863926	-3.15165	3.71417	1.71739	0.462388	28.1938	0.194473	0.489512	0.435765	0.093215
20394	0.159819	0.152919	3.98605	1.8948	0.475358	0.782242	-3.20929	3.56365	1.76424	0.495067	29.1795	0.193706	0.484661	0.435905	0.0931075
20395	0.270167	0.179094	3.89258	1.78388	0.458277	0.83516	-3.16144	4.24156	1.8038	0.425269	34.9579	0.159608	0.441065	0.437568	0.0933596
20396	0.176935	0.20005	3.69536	1.73041	0.468265	0.905733	-3.14148	3.75365	1.87726	0.500117	21.0221	0.265573	0.484316	0.436348	0.0934949
20397	0.338515	0.258715	3.55631	1.68263	0.473139	0.98862	-3.08723	3.99941	1.84396	0.461058	26.4893	0.211318	0.466744	0.442597	0.0938713
20398	0.171704	0.20731	3.57	1.63376	0.457637	0.870541	-3.12363	3.91742	1.79789	0.458946	22.7186	0.244186	0.458322	0.447117	0.0941285
20399	0.293593	0.266919	3.58434	1.76302	0.491867	0.970373	-3.09504	3.72638	1.91458	0.51379	24.6768	0.229016	0.503042	0.434624	0.0944494
20400	0.286297	0.293122	3.62071	1.56195	0.431395	0.892528	-3.05621	3.75677	1.75556	0.467305	30.5238	0.183758	0.449681	0.458225	0.0946653
20401	0.259532	0.287334	3.62171	1.68513	0.465287	0.990491	-3.04688	4.01795	1.93333	0.481172	20.8065	0.267151	0.473642	0.434536	0.0950156
20402	0.353564	0.325347	3.83629	1.64262	0.42818	0.989086	-3.0206	3.7179	1.79107	0.481743	27.719	0.201944	0.454542	0.449194	0.0954148
20403	0.370531	0.368059	3.61007	1.68153	0.465788	0.947513	-3.03017	3.75435	1.72644	0.45985	34.688	0.166454	0.462761	0.458744	0.0957718
20404	0.380851	0.364384	3.99377	1.70648	0.427287	0.850561	-3.03443	3.88225	1.7931	0.461871	52.3593	0.110314	0.444334	0.45225	0.0958498
20405	0.371323	0.405764	3.91296	1.81128	0.462892	1.01302	-2.97819	3.85332	1.84786	0.479551	27.8089	0.205889	0.471158	0.439071	0.0957184
20406	0.556149	0.471555	3.52773	1.72181	0.488078	1.04287	-2.95707	3.75075	1.79959	0.479795	49.6233	0.118447	0.48381	0.455038	0.0962339
20407	0.470956	0.421904	3.60011	1.7099	0.474958	1.09161	-2.94447	3.51511	1.77949	0.506241	29.419	0.192605	0.490413	0.448224	0.0963064
20408	0.358921	0.382794	3.90243	1.84645	0.473154	1.15492	-2.82665	3.83627	1.76846	0.460983	16.2568	0.316808	0.467121	0.416135	0.0965341
20409	0.289411	0.323694	3.93754	1.84055	0.467437	1.13548	-2.82746	3.89203	1.79792	0.461948	13.8718	0.357913	0.464709	0.405687	0.0972851
20410	0.350127	0.350456	3.77399	1.87502	0.496826	1.2072	-2.76459	3.82758	1.90686	0.498189	13.2098	0.367286	0.497512	0.390902	0.0974598
20411	0.358868	0.334546	3.7808	1.84216	0.48724	1.22268	-2.79748	3.86832	1.8631	0.48163	13.1465	0.373089	0.484402	0.398388	0.0979831
20412	0.303592	0.363608	3.88267	1.75097	0.450969	1.18259	-2.81088	3.70191	1.81378	0.489957	13.0427	0.386322	0.469999	0.414209	0.0977887
20413	0.361386	0.378816	3.59457	1.82005	0.506332	1.20365	-2.85205	3.77731	1.86153	0.492819	14.7145	0.354701	0.499408	0.414927	0.0981319
20414	0.371008	0.415954	3.85874	1.8307	0.47443	1.22184	-2.8338	3.77947	1.8731	0.495598	14.5887	0.361956	0.484904	0.416297	0.0984553
20415	0.433325	0.398006	3.65806	1.79765	0.491422	1.13244	-2.84931	3.97721	1.94081	0.487983	21.5753	0.244378	0.489631	0.413671	0.09864
20416	0.455728	0.432468	3.57319	1.72515	0.482803	1.16835	-2.91833	4.01395	1.79966	0.448351	22.1092	0.253918	0.464576	0.443437	0.0988762
20417	0.476701	0.50892	3.76374	1.67348	0.444634	1.0846	-2.90594	4.01581	1.81698	0.452457	31.5566	0.184768	0.448672	0.455232	0.0993864
20418	0.499411	0.512147	3.81385	1.77686	0.465897	1.04309	-2.97064	3.78269	1.79051	0.473342	41.0356	0.147796	0.469604	0.459599	0.0995237
20419	0.371194	0.466261	4.38074	1.87049	0.42698	1.00398	-3.02596	3.56654	1.97045	0.552481	30.4569	0.20021	0.483302	0.442645	0.099487
20420	0.53807	0.518511	3.80284	1.72263	0.452985	0.944617	-3.04175	4.01715	2.00769	0.499779	76.6907	0.0826399	0.477023	0.459434	0.0996021
20421	0.433038	0.476845	3.73163	1.73595	0.4652	0.929242	-3.055	3.97553	1.93115	0.485758	50.6621	0.123109	0.475804	0.459698	0.100084
20422	0.42969	0.442832	3.46571	1.77483	0.512112	0.892814	-3.05683	3.88117	1.86521	0.480581	57.1027	0.107242	0.495455	0.456992	0.100347
20423	0.585147	0.499892	3.51416	1.73738	0.494393	0.940125	-3.0289	3.96848	1.89618	0.477811	98.8211	0.0630048	0.485599	0.461553	0.100491
20424	0.545634	0.528139	4.06237	1.87089	0.460541	0.961559	-3.01199	3.6767	1.84556	0.50196	72.4445	0.0864971	0.480218	0.457543	0.101222
20425	0.641609	0.547802	3.84966	1.95296	0.507307	0.93989	-3.0229	3.8211	1.81446	0.474852	143.303	0.0444858	0.49114	0.458431	0.10176
20426	0.581342	0.581107	3.64156	1.82298	0.500603	1.01607	-2.93241	3.79871	1.83882	0.484065	65.3203	0.0944946	0.492159	0.457475	0.101808
20427	0.60251	0.545715	4.10111	1.84437	0.449725	1.17175	-2.80993	3.96681	1.77859	0.448367	34.7509	0.162016	0.449057	0.437381	0.101958
20428	0.683183	0.612964	3.73536	1.79637	0.48091	1.14982	-2.80228	3.80608	1.74188	0.457658	53.5648	0.108876	0.469175	0.451916	0.101899
20429	0.606394	0.578422	3.81743	1.72634	0.452225	1.15566	-2.84349	3.78075	1.71504	0.453624	38.8118	0.150849	0.452921	0.45977	0.102634
20430	0.500466	0.560933	3.55662	1.63061	0.458473	1.26065	-2.7943	3.86216	1.72126	0.445672	19.4807	0.288942	0.451809	0.456543	0.102811
20431	0.588673	0.589678	3.74804	1.7461	0.465871	1.17881	-2.7885	3.93319	1.74867	0.444593	32.7691	0.174129	0.454975	0.449575	0.102811
20432	0.536852	0.577992	3.43088	1.75949	0.512839	1.04684	-2.86319	4.03818	1.94933	0.482724	45.5292	0.130046	0.496557	0.444017	0.103075
20433	0.50131	0.519986	3.74149	1.62081	0.433198	1.16562	-2.82557	3.85334	1.85651	0.481791	25.3627	0.220654	0.457853	0.446014	0.103082
20434	0.489839	0.473697	3.46377	1.56671	0.452313	1.21453	-2.78376	3.73088	1.67527	0.449029	20.2047	0.262589	0.45061	0.450146	0.103237
20435	0.541324	0.53156	3.7492	1.64064	0.437597	1.12738	-2.87927	3.57331	1.71081	0.478775	33.8721	0.171731	0.457692	0.46474	0.103437
20436	0.554415	0.503422	3.87096	1.75245	0.452717	1.03125	-2.91908	4.17233	2.00446	0.480417	51.5175	0.113685	0.467086	0.438157	0.103346
20437	0.456056	0.484927	3.62344	1.68055	0.463799	1.14919	-2.87962	3.71634	1.94455	0.523241	23.5622	0.240219	0.493897	0.438541	0.103894
20438	0.535329	0.524802	3.68297	1.62275	0.440608	1.06512	-2.88151	3.9974	1.89259	0.473455	41.3391	0.140339	0.457704	0.452229	0.104303
20439	0.496792	0.503027	3.77554	1.78746	0.473431	1.14944	-2.88196	3.80533	1.81637	0.477322	26.9005	0.212972	0.475385	0.442976	0.104429
20440	0.625185	0.514264	3.62788	1.71032	0.471437	1.06878	-2.94576	4.02625	1.96624	0.488355	60.8404	0.0983867	0.480336	0.448875	0.104508
20441	0.537952	0.535322	3.5944	1.67449	0.465859	1.03122	-2.97534	3.91368	1.95397	0.499268	50.6532	0.121658	0.483274	0.459341	0.104639
20442	0.475558	0.519067	3.46765	1.57761	0.45495	1.02945	-2.96749	4.00945	1.81428	0.452501	39.6233	0.153396	0.453637	0.472689	0.104411
20443	0.519553	0.54895	3.69286	1.66147	0.449915	0.926566	-2.99933	3.97289	1.84482	0.464353	76.0013	0.0828296	0.457398	0.473169	0.104336
20444	0.578127	0.513803	3.5151	1.68522	0.479421	0.865335	-3.05643	3.43956	1.78424	0.51874	154.525	0.0412442	0.498867	0.47888	0.104438
20445	0.452545	0.49068	3.71427	1.83165	0.493139	0.92291	-3.08771	3.52797	1.74936	0.495855	57.8768	0.110622	0.494462	0.472125	0.104484
20446	0.473855	0.500749	3.76555	1.79139	0.475731	0.898419	-3.07167	3.72114	1.79631	0.48273	70.8007	0.0901273	0.47921	0.470828	0.104571
20447	0.441071	0.453706	3.7081	1.79621	0.484401	0.808558	-3.12265	3.93835	1.72434	0.437833	94.7103	0.0675232	0.460416	0.476087	0.104912
20448	0.489064	0.458689	3.73034	1.84538	0.494694	0.974233	-3.06778	3.55429	1.79354	0.504613	52.8315	0.117695	0.499534	0.460859	0.105523
20449	0.513075	0.477169	3.63825	1.83677	0.504849	0.865387	-3.05475	4.01741	1.79081	0.445762	100.5	0.0620619	0.473842	0.462402	0.106004
20450	0.401212	0.431508	3.59611	1.66428	0.462799	0.949918	-3.03068	3.57389	1.74172	0.487344	39.8126	0.150539	0.475034	0.46816	0.106194
20451	0.515593	0.456644	3.93057	1.74309	0.443471	1.03293	-2.97202	3.99433	1.90427	0.476743	43.9247	0.133817	0.460241	0.446344	0.106689
20452	0.457552	0.439467	3.60582	1.61969	0.449187	0.970507	-2.98361	3.79282	1.70165	0.44865	44.5323	0.131562	0.448912	0.46877	0.106938
20453	0.508627	0.475319	3.71906	1.77854	0.478223	0.964992	-3.0095	3.95769	1.90236	0.480674	58.3091	0.104134	0.479486	0.452118	0.107228
20454	0.504526	0.480283	3.54078	1.67241	0.472328	0.896825	-3.05469	3.83106	1.80873	0.472124	81.1966	0.0769491	0.472222	0.47309	0.10757
20455	0.495412	0.516132	3.87587	1.8043	0.465522	1.04972	-2.96622	3.58322	1.68909	0.47139	39.4679	0.153628	0.468341	0.464745	0.108392
20456	0.42616	0.516367	3.72697	1.70226	0.45674	1.07185	-2.99152	3.54397	1.71771	0.484686	29.5147	0.20846	0.470361	0.473675	0.109122
20457	0.460988	0.465205	3.6534	1.72369	0.471805	0.996902	-2.92457	3.68233	1.77371	0.481683	40.0084	0.143602	0.476764	0.451085	0.108889
20458	0.526699	0.509312	3.56976	1.71603	0.480713	0.990029	-3.02433	3.65642	1.86166	0.509147	58.1652	0.107338	0.4951	0.466089	0.109178
20459	0.47557	0.500055	3.61316	1.67399	0.463303	0.92886	-3.10616	3.75315	1.7063	0.45463	63.2923	0.102736	0.458884	0.490391	0.109468
20460	0.555683	0.533363	3.73882	1.63506	0.437321	0.843618	-3.09979	3.87388	1.89387	0.488882	159.214	0.0414531	0.463559	0.483359	0.110269
20461	0.552082	0.544545	3.43746	1.69883	0.494211	0.926726	-3.08005	3.74142	1.79186	0.478925	93.6015	0.0701789	0.486245	0.484903	0.110223
20462	0.280643	0.407876	3.75337	1.72146	0.458644	0.729455	-3.24153	3.80044	1.84524	0.485534	66.1175	0.100716	0.472173	0.48293	0.11061
20463	0.41398	0.425397	3.84107	1.73142	0.450764	0.693139	-3.26191	3.55203	1.8376	0.517338	174.467	0.0389651	0.48275	0.487929	0.110855
20464	0.48725	0.468649	3.82321	1.75752	0.459697	0.820702	-3.26235	3.92611	1.91365	0.487416	125.194	0.0555951	0.47374	0.486766	0.11082
20465	0.533056	0.51666	3.64631	1.77166	0.485877	0.764213	-3.23314	3.83554	1.91033	0.498061	263.151	0.0267166	0.492123	0.488541	0.11127
20466	0.518531	0.509801	3.75779	1.68178	0.447545	0.82094	-3.23791	3.93873	1.88537	0.478674	153.583	0.0457255	0.463475	0.496182	0.111039
20467	0.530336	0.515603	3.7287	1.74657	0.468411	0.769538	-3.22403	4.03726	1.84182	0.456206	244.417	0.0286086	0.462066	0.49362	0.111409
20468	0.420165	0.398072	3.77084	1.64877	0.437243	0.807282	-3.2318	3.81016	1.83419	0.481396	87.9218	0.07493	0.459434	0.486182	0.11119
20469	0.418927	0.406077	3.92078	1.82217	0.464747	0.615518	-3.30584	4.08296	1.94455	0.476259	356.51	0.0193239	0.470619	0.47779	0.111695
20470	0.333563	0.425513	3.79079	1.69351	0.446742	0.605607	-3.36634	3.76732	1.8182	0.482626	194.278	0.037004	0.464628	0.505953	0.111746
20471	0.401752	0.391217	3.80031	1.47635	0.388481	0.596991	-3.36477	3.82513	1.86263	0.486945	370.099	0.019059	0.437873	0.513807	0.112158
20472	0.417461	0.422576	3.65001	1.63534	0.448037	0.606607	-3.35524	3.9645	1.8618	0.469618	398.922	0.0178881	0.459273	0.505139	0.112498
20473	0.428758	0.433808	3.74656	1.73757	0.463777	0.572791	-3.38404	3.77938	1.73112	0.458043	702.609	0.0103727	0.460898	0.512448	0.112733
20474	0.391246	0.448881	3.47024	1.62854	0.469286	0.547926	-3.41106	3.57848	1.68733	0.471523	606.928	0.0122742	0.470421	0.529164	0.112814
20475	0.429845	0.412595	3.54321	1.64294	0.463688	0.60793	-3.40057	3.6237	1.78675	0.493073	458.477	0.0158571	0.478546	0.51466	0.112991
20476	0.346975	0.404901	3.56457	1.62132	0.454842	0.582869	-3.41411	3.63199	1.76772	0.486709	262.1	0.027823	0.470924	0.518402	0.113199
20477	0.405885	0.380648	3.49122	1.73377	0.496609	0.661739	-3.38568	4.24885	1.95219	0.459464	216.697	0.0327306	0.476218	0.49047	0.113657
20478	0.447952	0.456954	3.66918	1.7062	0.465009	0.618019	-3.39421	4.1081	1.969	0.479297	512.793	0.0144615	0.472556	0.502337	0.113919
20479	0.427643	0.508833	3.71358	1.76422	0.475072	0.791488	-3.19511	4.24404	2.09361	0.493305	103.632	0.0661917	0.484796	0.470758	0.114244
20480	0.530975	0.525778	3.85765	1.68494	0.436779	0.750624	-3.30261	4.06186	1.98246	0.488066	303.789	0.0241229	0.463084	0.499902	0.114632
20481	0.41968	0.468788	3.70373	1.69202	0.456843	0.725437	-3.25991	3.65949	1.92707	0.526596	148.718	0.0467437	0.49151	0.490026	0.11513
20482	0.4461	0.452891	4.04342	1.69471	0.419129	0.676837	-3.24716	3.70162	1.85327	0.500664	257.146	0.0266198	0.458098	0.49113	0.115359
20483	0.38414	0.478085	3.76723	1.72487	0.457861	0.764906	-3.24779	4.11943	1.83357	0.445102	95.7499	0.0724915	0.451197	0.493872	0.11576
20484	0.505547	0.462823	3.92412	1.78356	0.454512	0.825938	-3.19334	3.64233	1.64941	0.452846	130.224	0.0513252	0.45371	0.493402	0.115601
20485	0.379193	0.415118	3.67042	1.66214	0.452846	0.775065	-3.23858	3.7108	1.67372	0.451039	85.1836	0.0783573	0.451938	0.500239	0.115899
20486	0.524553	0.51358	3.63582	1.70286	0.468356	0.751799	-3.25877	3.67826	1.66938	0.453851	275.571	0.0258202	0.461061	0.513503	0.115908
20487	0.499354	0.476005	3.76715	1.65583	0.439544	0.79598	-3.19573	3.97737	1.72954	0.434846	153.223	0.0439934	0.437132	0.499018	0.115681
20488	0.372707	0.441145	3.82666	1.79319	0.468605	0.942192	-3.15411	4.19438	1.8909	0.450817	39.856	0.162157	0.459303	0.467399	0.115552
20489	0.468459	0.391069	3.47356	1.64534	0.473676	0.706334	-3.21128	4.12873	1.77124	0.429004	229.338	0.0282922	0.449415	0.487187	0.11581
20490	0.329032	0.36467	3.69784	1.76216	0.476539	0.8087	-3.21257	3.7931	1.83379	0.483455	55.6178	0.115041	0.480041	0.470927	0.115413
20491	0.20906	0.293933	3.69495	1.80425	0.488301	0.866542	-3.15621	3.68514	1.79731	0.487719	27.5364	0.216141	0.48801	0.45256	0.115609
20492	0.217136	0.248325	3.72019	1.73187	0.465533	0.795355	-3.18815	3.89197	1.74265	0.447756	35.3216	0.167169	0.456444	0.459499	0.115676
20493	0.212566	0.236635	4.01014	1.88329	0.469631	0.734955	-3.23475	3.94013	1.78389	0.45275	44.1589	0.136445	0.461265	0.451129	0.115705
20494	0.310136	0.241076	3.796	1.87326	0.493483	0.837173	-3.1998	3.83778	1.73874	0.453059	42.6242	0.138884	0.47316	0.450512	0.115789
20495	0.224772	0.212864	3.71224	1.74042	0.468833	0.906833	-3.11892	3.70311	1.7973	0.48535	23.862	0.232604	0.477081	0.439729	0.115864
20496	0.172195	0.182036	3.82944	1.66739	0.435413	0.947789	-3.13811	3.53298	1.78375	0.504885	18.325	0.300773	0.46875	0.444114	0.115924
20497	0.309579	0.215689	3.64102	1.54772	0.425078	0.816326	-3.21607	3.58901	1.69398	0.47199	45.8618	0.128396	0.448365	0.476082	0.116114
20498	0.164942	0.167003	3.34179	1.58664	0.474788	0.749771	-3.22006	3.79821	1.73014	0.455515	33.5419	0.171013	0.464535	0.463848	0.116545
20499	0.211234	0.230752	3.74601	1.76006	0.46985	0.90185	-3.21547	3.85313	1.80176	0.46761	24.9008	0.238475	0.468714	0.454746	0.116767
20500	0.184171	0.220878	3.83873	1.63342	0.425509	0.877888	-3.1589	4.19146	1.99961	0.477068	23.7363	0.240622	0.452421	0.440227	0.116969
