cycle	Zbar1	Gbar1	VP1	VG1	h21	Zbar2	Gbar2	VP2	VG2	h22	h2b	h2b_denom	h2w	Qst	Fst
20000	0.176759	0.17237	4.05385	1.95773	0.48293	-1.82978	0.147749	4.10219	2.10644	0.513492	0.000150563	2.01309	0.498302	3.73062e-05	0.000373061
20001	0.0982196	0.161955	4.01575	2.06872	0.515152	-1.76434	0.194026	3.85825	1.96495	0.509286	0.000296489	1.73457	0.512277	6.37764e-05	0.00063186
20002	0.0994391	0.155231	4.11109	2.07442	0.504592	-1.66173	0.270929	3.95679	1.93754	0.489674	0.00431572	1.55087	0.497275	0.000833866	0.000904774
20003	0.133356	0.120484	4.25894	2.13401	0.501065	-1.76061	0.251478	4.28118	1.8353	0.428691	0.00478364	1.79356	0.464784	0.00108014	0.00115119
20004	0.102764	0.0786784	3.96822	2.03065	0.511727	-1.70523	0.279618	3.76579	1.98259	0.526474	0.0123519	1.63442	0.518908	0.00251016	0.00143125
20005	0.0968194	0.0608473	3.97475	2.1003	0.52841	-1.61584	0.377946	3.9269	1.9092	0.486185	0.0342803	1.4666	0.507425	0.00623361	0.00169999
20006	-0.061097	-0.0387269	3.91385	1.88696	0.482123	-1.66149	0.366955	4.07421	1.89586	0.465332	0.0642564	1.28063	0.473559	0.0107649	0.00195497
20007	-0.0297276	-0.0408889	3.93609	1.84135	0.467813	-1.66913	0.382752	4.00403	1.84768	0.461455	0.0667766	1.34382	0.464607	0.0120223	0.00223339
20008	-0.108454	-0.125182	4.02218	1.94559	0.483715	-1.56596	0.409372	4.02782	1.84454	0.457949	0.134512	1.06217	0.470823	0.0185086	0.00244551
20009	-0.106388	-0.112687	3.89519	1.89721	0.487065	-1.56787	0.442435	3.80069	1.96366	0.516659	0.144274	1.06797	0.50168	0.0195733	0.00271706
20010	-0.0804694	-0.065237	3.9511	1.83678	0.464879	-1.46996	0.518183	4.09245	2.02475	0.494752	0.176301	0.965336	0.480078	0.0215719	0.00301843
20011	-0.086636	-0.0763178	3.81034	1.84958	0.48541	-1.48797	0.55303	4.04345	1.98321	0.490474	0.201695	0.981874	0.488017	0.0251966	0.00316268
20012	-0.0241148	-0.061977	3.65396	1.82085	0.498324	-1.50273	0.572079	3.96803	1.90595	0.480326	0.183885	1.09315	0.488954	0.0262732	0.00347791
20013	-0.0620756	-0.0535919	3.834	1.78182	0.464743	-1.39831	0.533739	4.03239	1.76537	0.437797	0.193195	0.892767	0.45093	0.0237465	0.00374688
20014	-0.157437	-0.155519	3.73037	1.76086	0.472034	-1.50014	0.478437	4.08602	1.91795	0.469392	0.222923	0.901432	0.470653	0.0265987	0.00392834
20015	-0.216295	-0.195162	3.70503	1.79553	0.484619	-1.43564	0.538728	3.88103	2.04417	0.526708	0.36225	0.743402	0.506152	0.0338958	0.00414755
20016	-0.158944	-0.233504	3.77914	1.81474	0.480199	-1.36091	0.600953	4.08582	2.00711	0.491238	0.481974	0.72236	0.485933	0.0435851	0.004362
20017	-0.334123	-0.287399	3.74463	1.83558	0.490189	-1.49459	0.530904	3.94713	1.90443	0.482485	0.497236	0.673343	0.486236	0.0428635	0.00464528
20018	-0.301767	-0.341066	3.98472	1.90554	0.478212	-1.41572	0.617667	4.06608	1.97974	0.486892	0.740729	0.620448	0.482596	0.0558678	0.0048374
20019	-0.335934	-0.333089	3.50237	1.74284	0.497616	-1.49242	0.538032	3.69855	1.93679	0.523663	0.567385	0.668727	0.510994	0.049053	0.00496153
20020	-0.298446	-0.377332	3.86051	1.81759	0.470817	-1.49115	0.573581	4.05308	1.97769	0.487947	0.63565	0.711268	0.479591	0.0562413	0.00526503
20021	-0.394887	-0.382597	3.97806	1.90714	0.479415	-1.38991	0.643548	3.82218	1.95571	0.511673	1.06353	0.495038	0.495222	0.0638296	0.00545713
20022	-0.358932	-0.426009	4.03111	2.04021	0.506116	-1.27352	0.739865	4.08056	1.97392	0.483738	1.62498	0.418239	0.494859	0.0780837	0.00582904
20023	-0.436768	-0.418667	4.03251	1.92789	0.478086	-1.14073	0.812284	3.82744	1.99874	0.522214	3.05758	0.247785	0.499574	0.0880243	0.00616587
20024	-0.514124	-0.452208	4.03855	2.03335	0.503484	-1.03945	0.891744	4.08268	1.94681	0.476845	6.54503	0.137983	0.490092	0.101937	0.00641509
20025	-0.459507	-0.425404	3.8606	1.99057	0.515613	-1.11615	0.881232	4.11273	1.93947	0.471576	3.95961	0.215589	0.492898	0.0980103	0.00675525
20026	-0.450257	-0.431163	4.19497	2.11305	0.50371	-1.05692	0.972297	3.91692	1.89091	0.482755	5.3518	0.184022	0.493592	0.109565	0.00700494
20027	-0.457963	-0.381769	3.84301	1.93256	0.502878	-1.04583	1.01784	4.24482	1.99179	0.469229	5.66832	0.172795	0.485217	0.110996	0.00743048
20028	-0.258463	-0.330706	3.74365	1.98415	0.530004	-0.920307	1.07217	4.06753	1.96849	0.483951	4.49293	0.219019	0.506023	0.110748	0.00770238
20029	-0.316092	-0.323384	4.00899	1.9614	0.48925	-0.890308	1.0545	4.13211	1.9255	0.465986	5.758	0.164862	0.477442	0.108872	0.0081294
20030	-0.223849	-0.296256	3.75088	1.86299	0.496681	-0.91183	1.06158	4.0037	2.11799	0.529009	3.89529	0.236659	0.513372	0.103815	0.00847897
20031	-0.365872	-0.343187	4.02948	1.975	0.490137	-0.803258	1.19903	4.20579	2.08509	0.495766	12.4326	0.095653	0.493012	0.127799	0.00881759
20032	-0.332994	-0.364815	3.85075	2.00183	0.519855	-0.672621	1.28597	3.89669	2.02015	0.518427	23.6252	0.0576732	0.519136	0.144913	0.00908873
20033	-0.435422	-0.402878	4.06392	2.03015	0.499555	-0.703554	1.28804	3.88325	1.99526	0.513813	39.7691	0.0359474	0.506522	0.150858	0.00932679
20034	-0.405582	-0.389312	4.00043	1.96868	0.492117	-0.477595	1.40481	3.84266	1.88384	0.490243	620.685	0.00259299	0.491199	0.17286	0.00961296
20035	-0.399591	-0.3935	4.11346	1.85759	0.451589	-0.554202	1.41511	4.12119	1.92223	0.466426	136.839	0.0119523	0.459014	0.177942	0.00998534
20036	-0.410576	-0.397684	3.65245	1.8804	0.514834	-0.558452	1.4392	3.82832	1.89171	0.494136	154.3	0.0109337	0.504241	0.18283	0.0104657
20037	-0.358402	-0.337607	3.76932	1.75296	0.465059	-0.461908	1.52843	4.1646	1.88648	0.45298	325.022	0.00535668	0.458719	0.1931	0.0107205
20038	-0.314373	-0.377051	3.57738	1.86255	0.520647	-0.433174	1.56771	4.29054	2.0247	0.471898	267.974	0.00705688	0.494063	0.195728	0.0109351
20039	-0.428976	-0.389015	3.71937	1.92874	0.518565	-0.447566	1.5904	4.15128	1.88129	0.453185	11336.5	0.000172808	0.484081	0.204593	0.0112263
20040	-0.300373	-0.25307	4.08623	2.04382	0.500172	-0.444689	1.58101	3.98676	1.83159	0.459418	161.514	0.0104135	0.480046	0.178381	0.0115502
20041	-0.172769	-0.184335	4.0667	2.01005	0.494271	-0.469869	1.55385	3.81258	1.88665	0.494849	34.2282	0.0441343	0.494551	0.162432	0.0116452
20042	-0.0710338	-0.162413	3.86051	1.90226	0.492748	-0.389082	1.60386	3.97719	2.05149	0.515813	30.8412	0.0505773	0.504452	0.164831	0.0117027
20043	-0.233829	-0.194964	3.86371	1.9639	0.508294	-0.408378	1.61002	3.95422	1.98884	0.502966	106.934	0.0152336	0.505599	0.170923	0.012147
20044	-0.189118	-0.263802	4.133	1.93926	0.469215	-0.369128	1.61843	3.93144	1.93748	0.492817	109.333	0.0162018	0.480721	0.186051	0.0123182
20045	-0.216138	-0.259841	4.01991	1.85073	0.460391	-0.232944	1.68692	3.84991	1.82392	0.473758	13418.3	0.00014122	0.46693	0.205067	0.0125565
20046	-0.269488	-0.262982	3.96741	1.95816	0.493562	-0.394927	1.63542	4.19298	1.9301	0.460318	229.042	0.00786742	0.476481	0.188203	0.0128558
20047	-0.279113	-0.28553	4.02016	2.07304	0.515662	-0.308067	1.66028	4.01327	1.91918	0.478208	4516.44	0.000419158	0.496951	0.191734	0.0129091
20048	-0.310441	-0.286993	4.33692	2.18432	0.503657	-0.284756	1.70368	4.04215	1.96901	0.48712	6006.91	0.000329853	0.495679	0.19267	0.0131538
20049	-0.337842	-0.308882	4.12503	2.237	0.542299	-0.237601	1.75691	4.13566	1.90463	0.460538	424.703	0.00502407	0.501366	0.204914	0.0134875
20050	-0.298212	-0.263335	4.29238	2.09805	0.488784	-0.233837	1.78226	3.67734	1.9159	0.521001	1009.73	0.00207207	0.50365	0.206822	0.0137954
20051	-0.282629	-0.242405	3.98337	1.89141	0.474827	-0.223818	1.74844	4.18659	1.91323	0.456991	1145.94	0.00172935	0.465688	0.206706	0.01396
20052	-0.186652	-0.21772	3.97912	1.8513	0.465253	-0.200789	1.79199	3.82943	1.87125	0.488649	20208.9	9.99293e-05	0.476726	0.213455	0.0142917
20053	-0.152032	-0.186856	3.94777	1.86469	0.472341	-0.28055	1.83247	4.00647	1.98718	0.495992	246.88	0.00825846	0.484254	0.209354	0.0145178
20054	-0.198436	-0.203559	3.74372	1.88173	0.502637	-0.130566	1.85996	3.84611	1.91722	0.498482	924.409	0.00230315	0.500531	0.218968	0.0147727
20055	-0.183858	-0.224698	3.84572	1.96261	0.510337	-0.208258	1.83745	4.11961	2.00418	0.486497	7142.75	0.000297677	0.498007	0.211442	0.0151225
20056	-0.231028	-0.244512	4.10945	1.97922	0.481627	-0.183779	1.81138	4.26025	2.07485	0.487026	1893.21	0.00111627	0.484375	0.206836	0.0154776
20057	-0.262908	-0.26109	3.81424	1.93172	0.506449	-0.216372	1.84057	4.12808	2.18391	0.529037	2039.63	0.00108279	0.518189	0.21163	0.0155267
20058	-0.290297	-0.295607	4.1888	2.02513	0.483463	-0.164922	1.84532	4.22264	2.11695	0.501332	291.596	0.00785943	0.492434	0.216783	0.015731
20059	-0.259845	-0.32755	4.20991	2.08758	0.495874	-0.0635495	1.8853	3.40472	1.87993	0.552154	127.082	0.019266	0.521038	0.235886	0.0158673
20060	-0.322129	-0.301712	3.73291	2.21434	0.593195	-0.188163	1.85999	3.88607	1.91295	0.492258	260.376	0.00897346	0.541712	0.220694	0.0161011
20061	-0.286813	-0.261696	4.22773	2.0682	0.489198	-0.0934888	1.92572	4.04285	1.93338	0.478222	128.024	0.0186871	0.483833	0.230225	0.0161877
20062	-0.147034	-0.237501	3.79802	1.86924	0.492161	-0.160257	1.9087	4.07436	1.99127	0.488733	26342.1	8.74303e-05	0.490387	0.229844	0.0165203
20063	-0.252606	-0.252608	3.82818	1.87988	0.491063	-0.0552226	1.90223	4.07133	1.97146	0.48423	119.181	0.0194802	0.487541	0.231691	0.0168109
20064	-0.269997	-0.202398	3.80367	1.85629	0.488026	-0.0307764	1.94974	4.17127	1.95647	0.469036	80.9361	0.0286132	0.478093	0.23304	0.0170447
20065	-0.276909	-0.280063	3.7348	1.98378	0.53116	0.0232241	1.98203	3.85036	1.89208	0.491402	56.8057	0.0450399	0.510979	0.248247	0.0171771
20066	-0.359732	-0.337794	3.87293	1.88526	0.486778	-0.1275	1.94189	3.96944	1.72667	0.43499	96.3613	0.0269659	0.460565	0.264645	0.0174903
20067	-0.335747	-0.404609	4.01612	1.98591	0.494486	-0.208389	1.86193	3.89713	1.84001	0.472146	316.716	0.0081101	0.483484	0.251414	0.0177091
20068	-0.47332	-0.44306	4.43048	2.10751	0.475684	-0.0612939	1.88927	4.30928	2.10312	0.488044	32.0429	0.0848827	0.481778	0.244223	0.0179921
20069	-0.390596	-0.424862	4.04159	2.01909	0.499578	-0.033149	1.92293	3.92645	2.01344	0.512789	43.1417	0.0638841	0.506088	0.254788	0.0183291
20070	-0.502402	-0.441092	4.26021	2.03738	0.478234	-0.187242	1.926	3.77971	1.91122	0.505653	56.4116	0.049663	0.491124	0.261956	0.0184737
20071	-0.343979	-0.344639	3.67891	1.90187	0.516966	-0.0843209	1.95133	3.90434	1.81444	0.464723	78.1855	0.0337112	0.490068	0.26188	0.0184969
20072	-0.261728	-0.263892	3.88363	1.95366	0.50305	-0.0740408	1.95555	3.95805	2.01719	0.509641	139.835	0.0176133	0.506377	0.236808	0.0187347
20073	-0.135387	-0.177888	3.98491	1.94661	0.488494	0.130678	2.05229	3.99204	2.02094	0.506242	70.2595	0.0353953	0.497376	0.238708	0.0191317
20074	-0.199583	-0.210052	3.84195	2.01525	0.524539	0.200631	2.10958	3.87455	1.91481	0.4942	33.5936	0.0800855	0.509305	0.255094	0.0194056
20075	-0.16681	-0.154925	3.86211	1.87757	0.486153	0.167625	2.16569	3.77067	1.74323	0.462313	48.1482	0.0559236	0.474376	0.271143	0.0196763
20076	-0.084809	-0.113414	3.72168	1.85436	0.498259	0.187641	2.18972	3.67651	1.83803	0.499938	71.4607	0.0371144	0.499093	0.264342	0.0200422
20077	-0.0814211	-0.129392	4.05882	1.96624	0.484436	0.164447	2.13109	3.77968	1.84915	0.489234	84.5277	0.0302256	0.486749	0.250927	0.0201577
20078	-0.0310642	-0.0868849	3.87145	1.88628	0.487229	0.141917	2.16589	3.75075	1.90691	0.508409	169.604	0.0149613	0.497651	0.250738	0.0205438
20079	-0.148524	-0.0526941	4.06414	1.96947	0.484598	0.170024	2.18008	4.23607	1.9727	0.465692	49.1294	0.0507364	0.474949	0.240301	0.02078
20080	-0.0748411	-0.0396629	3.928	1.98272	0.504766	0.148129	2.14915	4.01906	1.91271	0.475909	96.3664	0.0248578	0.490172	0.235254	0.0210084
20081	-0.0225779	-0.00420137	3.77453	1.94958	0.516509	0.131645	2.18804	4.04319	2.0797	0.51437	202.058	0.0118924	0.515403	0.229784	0.0210545
20082	-0.0125499	-0.00944815	4.24808	1.92702	0.453621	0.132718	2.19652	3.96386	2.01232	0.507668	230.601	0.0105513	0.479709	0.236047	0.0213744
20083	-0.0120506	0.038241	3.72968	1.79432	0.481094	0.204714	2.22475	4.27566	2.01103	0.470345	101.748	0.0234935	0.475353	0.239105	0.0216518
20084	0.0658295	0.0148554	3.86942	1.74186	0.450162	0.199894	2.16546	3.44762	1.94299	0.563574	257.334	0.00898659	0.503599	0.238935	0.0219359
20085	0.0629974	-0.0073809	3.74714	1.56049	0.416449	0.193522	2.19058	3.75165	1.83005	0.487798	283.565	0.00851837	0.452145	0.26275	0.0223105
20086	0.0229074	0.0403701	3.74565	1.81096	0.483485	0.252012	2.2097	4.11472	1.81699	0.441583	89.657	0.0262444	0.46155	0.244969	0.0225843
20087	0.100802	0.0440676	3.58965	1.81481	0.505566	0.188534	2.25671	3.89998	1.90758	0.489126	636.067	0.00384848	0.497006	0.247538	0.022796
20088	-0.101105	-0.0210716	3.74451	1.84528	0.492796	0.140399	2.20285	3.96531	1.95661	0.493432	84.7984	0.0291622	0.493123	0.245502	0.0231044
20089	-0.0564653	-0.00491509	3.87905	1.93724	0.499411	0.169399	2.24053	3.80792	1.91944	0.504065	98.8351	0.0255073	0.501716	0.246421	0.0236214
20090	0.0513782	0.0104188	3.54098	1.89969	0.536486	0.340832	2.22898	3.91691	1.85053	0.472447	58.7464	0.0418919	0.502852	0.247146	0.023886
20091	-0.0482848	-0.071265	4.46862	2.13482	0.477737	0.254512	2.18477	3.75475	1.99824	0.532189	55.5122	0.045843	0.502599	0.235485	0.0241643
20092	-0.131136	-0.0707903	4.12608	1.94993	0.472586	0.171739	2.16513	3.84162	1.99287	0.518756	54.4986	0.0458665	0.494847	0.240785	0.0243644
20093	-0.100279	-0.111666	3.97692	1.96665	0.494514	0.147397	2.1347	3.9263	1.98116	0.504587	82.2607	0.0306718	0.499518	0.242261	0.0248583
20094	-0.186132	-0.133345	4.17122	2.04531	0.490338	0.0736726	2.17306	4.47012	2.19913	0.491963	78.8095	0.0337492	0.491179	0.238663	0.0250834
20095	-0.185625	-0.225673	3.7366	1.8998	0.508431	-0.00727965	1.97442	4.34125	1.96082	0.451673	152.181	0.0159035	0.477927	0.238735	0.0251169
20096	-0.17389	-0.195407	3.74838	2.0285	0.541166	0.0997034	2.05997	3.81117	1.91202	0.501689	67.9556	0.0374268	0.521263	0.244074	0.0254836
20097	-0.189177	-0.182572	3.93481	1.94873	0.495253	0.0629702	2.10355	3.74841	1.9441	0.518647	82.2037	0.0317891	0.506666	0.25139	0.025659
20098	-0.05293	-0.105786	3.97656	1.7953	0.45147	0.121619	2.11531	3.96101	1.92141	0.48508	161.92	0.0152336	0.468242	0.249247	0.0260408
20099	-0.103417	-0.193012	3.81345	1.77548	0.465583	0.103	2.1151	3.88	1.83091	0.471884	125.031	0.0213042	0.468761	0.269799	0.026011
20100	-0.144548	-0.200695	3.89233	1.9331	0.496644	0.0800142	2.10772	3.656	1.88048	0.514355	105.671	0.025214	0.505222	0.258988	0.0261681
20101	-0.201549	-0.200325	3.94045	1.96439	0.498518	0.00932447	2.03782	3.98382	1.87857	0.471549	112.651	0.0222338	0.48496	0.245875	0.0265459
20102	-0.0591307	-0.148643	4.10777	1.9568	0.476365	0.083773	2.07507	3.86182	1.89399	0.490439	242.143	0.0102107	0.483185	0.243109	0.0267557
20103	-0.0509743	-0.105982	3.68932	1.79249	0.485858	0.0422716	2.11937	3.88952	1.97962	0.508963	569.56	0.0043474	0.497716	0.247201	0.0270894
20104	-0.0699409	-0.0704718	4.03641	1.92372	0.476593	0.0606988	2.1771	4.04358	2.07596	0.513397	295.99	0.00853336	0.495011	0.240068	0.0273354
20105	-0.0440206	-0.0341878	3.50988	1.86027	0.530011	0.184475	2.18532	3.71787	1.84282	0.495665	94.3537	0.0261051	0.512344	0.249667	0.0277476
20106	0.0188856	-0.0480785	3.70078	1.73147	0.467866	0.171348	2.21531	4.07589	1.94254	0.476593	220.39	0.0116224	0.47244	0.258582	0.0281735
20107	-0.0276269	-0.0481525	3.74428	1.8871	0.503995	0.276608	2.27258	4.03939	2.10655	0.521501	58.1879	0.0462795	0.51308	0.252234	0.028225
20108	-0.103999	-0.0616189	3.91934	1.9855	0.50659	0.247171	2.32761	4.10221	1.95778	0.47725	46.2893	0.0616599	0.491586	0.265833	0.0284761
20109	0.105725	0.0921111	3.81603	1.96892	0.515959	0.410541	2.34557	3.87546	1.98143	0.511277	54.654	0.0464564	0.5136	0.2433	0.0290158
20110	-0.00900212	0.0212656	3.81546	2.00991	0.526782	0.414399	2.44347	3.74463	1.78116	0.475657	32.7279	0.0896342	0.501459	0.279068	0.0293925
20111	0.102175	0.0741011	3.70119	1.90291	0.514133	0.371042	2.40547	3.78603	1.78406	0.471221	75.1872	0.0361449	0.492434	0.269396	0.0295692
20112	0.158327	0.0700337	3.79781	1.8871	0.496892	0.42545	2.41572	3.89363	1.81683	0.466616	77.1111	0.0356775	0.481565	0.270906	0.0296878
20113	0.054375	0.113658	4.02399	1.97348	0.490428	0.389414	2.40833	4.05151	1.93412	0.477381	46.9082	0.0561257	0.483883	0.252082	0.0300859
20114	0.0850959	0.0810428	3.98089	2.04702	0.514211	0.396815	2.44063	4.01812	1.8321	0.455959	57.2985	0.0485844	0.484949	0.264165	0.030423
20115	0.175745	0.147961	3.79882	1.98839	0.523423	0.463878	2.4728	3.81858	1.9088	0.499871	65.1023	0.0415105	0.511616	0.257548	0.0304264
20116	0.0834995	0.0983991	3.69648	1.91991	0.519388	0.392593	2.44855	4.28181	2.08131	0.486081	57.8112	0.0477694	0.501513	0.256654	0.0305938
20117	0.0536974	0.0640684	3.63545	1.91372	0.526405	0.404979	2.44336	4.24843	2.06134	0.485201	45.8758	0.0616994	0.504201	0.262652	0.0312257
20118	0.0755714	0.0433614	3.97759	2.01219	0.505883	0.568816	2.43646	3.81634	1.98206	0.51936	23.5395	0.121645	0.512482	0.263963	0.0315277
20119	0.0478732	0.0413483	3.87759	1.88785	0.486861	0.555883	2.53565	3.90975	1.88569	0.482306	24.1076	0.129037	0.484574	0.29198	0.0318223
20120	0.0260429	0.0455021	3.83447	1.90846	0.497711	0.482162	2.52506	3.74682	2.0203	0.539205	29.5524	0.104022	0.518218	0.281313	0.0319312
20121	0.142721	0.0666476	3.90386	2.04222	0.523129	0.619415	2.62211	4.172	2.03847	0.488607	28.7382	0.113619	0.505295	0.285857	0.0321781
20122	0.00503829	0.00364379	4.00662	1.83272	0.457424	0.762712	2.71746	4.12849	1.80443	0.437069	12.8291	0.287035	0.447094	0.336197	0.0323727
20123	0.0611855	0.0345087	3.90093	1.87782	0.481376	0.732504	2.74374	3.85676	1.88389	0.488464	16.2868	0.225334	0.4849	0.327981	0.032477
20124	0.0653165	0.0302113	3.86175	1.80079	0.466313	0.780899	2.73439	4.22977	2.02409	0.478534	14.2807	0.256029	0.472701	0.323502	0.0325266
20125	0.0113879	0.0181069	3.88253	1.85436	0.477616	0.715478	2.7989	4.09032	2.20026	0.537919	15.5985	0.247871	0.508553	0.322966	0.0326843
20126	-0.0403525	-0.054985	3.80835	1.99696	0.524364	0.742592	2.75366	3.95683	2.00697	0.507216	12.8686	0.306501	0.515626	0.330114	0.0330157
20127	-0.0229365	-0.00491122	3.82795	1.86428	0.487017	0.746366	2.77373	3.78161	1.85437	0.490366	13.0458	0.295913	0.488681	0.341811	0.0332393
20128	0.0264899	0.00281816	3.47392	1.7974	0.517398	0.726995	2.73315	3.75489	1.86652	0.49709	15.1918	0.245354	0.506849	0.337271	0.0335233
20129	-0.0829271	-0.0490591	3.88049	1.77389	0.45713	0.787153	2.72359	3.91742	1.91182	0.488029	10.1548	0.37852	0.472653	0.342843	0.0336594
20130	-0.0411526	-0.019302	3.76189	1.87989	0.499721	0.682298	2.67733	4.19126	1.96184	0.468079	13.8939	0.26169	0.483046	0.32132	0.0339356
20131	-0.0247447	-0.0513421	3.84477	1.97603	0.513953	0.731054	2.73899	4.17119	1.97987	0.474652	13.6301	0.285616	0.493503	0.32989	0.0342759
20132	-0.00671938	0.00173085	3.95138	1.98533	0.50244	0.715919	2.75772	3.80688	1.93684	0.508775	14.545	0.261103	0.505549	0.326318	0.0342843
20133	-0.00201112	0.0681408	3.66686	1.88013	0.512735	0.724442	2.76059	4.03701	2.00052	0.495547	13.7366	0.263867	0.503728	0.318452	0.0346508
20134	0.0105572	0.0602747	3.99714	1.92524	0.481655	0.848004	2.83427	4.16549	2.12837	0.510953	10.9723	0.350658	0.496606	0.321949	0.0348886
20135	0.149855	0.135677	3.85659	1.98326	0.514253	0.901176	2.87102	4.03496	2.0421	0.506102	13.2547	0.282242	0.510085	0.317367	0.0349527
20136	0.14303	0.119216	3.94233	1.93841	0.491692	0.863945	2.90282	4.0046	2.17797	0.543868	14.909	0.259859	0.517984	0.320108	0.0352715
20137	0.150558	0.0977743	3.97963	1.98479	0.498739	0.91989	2.87894	4.07817	1.90118	0.466186	13.0685	0.295936	0.482263	0.332382	0.0356689
20138	0.0881582	0.0391871	3.86409	1.85156	0.479172	0.840767	2.86918	4.05848	2.05583	0.506552	14.1394	0.28321	0.493198	0.338919	0.035913
20139	0.0154032	0.0270223	3.79684	1.85545	0.488684	0.854391	2.86398	4.07947	1.93512	0.474356	11.4339	0.35195	0.481263	0.346865	0.0362332
20140	0.0712894	0.0183303	3.56373	1.8772	0.526752	0.936407	2.90455	3.6544	1.80416	0.493695	11.1303	0.374214	0.510016	0.361426	0.0365078
20141	0.085062	0.0324945	3.83215	2.12016	0.553256	0.990365	3.00016	3.96736	1.87991	0.473844	10.7459	0.409787	0.512862	0.355132	0.0368302
20142	0.13703	0.130537	4.10888	2.06369	0.502251	0.885304	2.98046	4.11839	2.01396	0.489016	14.5059	0.279957	0.495626	0.332538	0.0368543
20143	0.188963	0.206377	3.86202	1.95696	0.506719	0.937984	3.01211	4.11924	2.12724	0.516416	14.0315	0.280516	0.511723	0.325284	0.0368683
20144	0.173188	0.123205	4.02912	1.8663	0.463201	1.08016	3.09533	4.05984	2.12803	0.524165	10.7385	0.4113	0.493799	0.35615	0.0372823
20145	0.207508	0.0976032	3.87157	1.98236	0.512028	1.09231	3.05751	4.37648	2.0934	0.47833	11.191	0.391436	0.494148	0.349661	0.0372711
20146	0.254199	0.184949	4.06407	2.17046	0.534061	1.09903	3.07467	3.9673	1.93061	0.48663	11.6996	0.356872	0.510631	0.337441	0.0374243
20147	0.330519	0.280455	4.32598	2.06355	0.477012	1.07333	3.09101	3.82626	2.07495	0.542292	14.3162	0.275883	0.507651	0.323143	0.037167
20148	0.205773	0.229367	3.95387	1.85263	0.468561	1.00566	3.07824	3.82589	1.97445	0.516075	12.6851	0.319906	0.491927	0.346593	0.0373516
20149	0.347282	0.269382	3.75218	1.88094	0.501294	1.02578	3.06103	3.88351	1.90473	0.490466	16.9286	0.230182	0.495787	0.339897	0.0377817
20150	0.201241	0.212449	3.94449	1.98778	0.503939	1.13623	3.15102	3.98217	2.11266	0.530529	9.87781	0.437101	0.517297	0.345011	0.0382017
20151	0.201515	0.216892	3.6317	1.9038	0.524218	1.01119	3.06019	3.92632	1.95961	0.499097	12.3319	0.327783	0.511168	0.343573	0.0383885
20152	0.224593	0.210319	4.0827	1.92497	0.471496	1.05947	3.08602	3.71018	1.82243	0.491195	11.8645	0.348507	0.480875	0.355658	0.038785
20153	0.244038	0.209087	3.90586	1.93967	0.496606	1.18748	3.1191	3.7742	1.9484	0.516242	9.51398	0.445039	0.506255	0.352654	0.0390891
20154	0.160733	0.190748	3.86621	1.85646	0.480175	1.05265	3.09602	4.10885	2.03065	0.494214	10.6103	0.397756	0.487408	0.351966	0.0394817
20155	0.179614	0.148439	3.90899	1.99609	0.510639	1.0014	3.061	3.55004	1.93051	0.543798	12.5613	0.337666	0.526421	0.350806	0.0395786
20156	0.175508	0.167527	3.87873	1.93084	0.497803	0.980604	3.02202	3.99597	1.89266	0.473641	12.5708	0.32409	0.485542	0.347698	0.0395816
20157	0.125707	0.122542	3.75008	1.75115	0.466963	1.08252	3.06149	4.06986	1.85919	0.456819	9.43478	0.457743	0.461684	0.374375	0.0396436
20158	0.201823	0.181578	4.11536	1.8464	0.44866	0.950822	3.02685	4.03447	1.99047	0.493366	14.4306	0.280499	0.470791	0.345442	0.0402225
20159	0.124249	0.162819	4.1535	1.92802	0.464192	1.17211	3.09427	3.74198	1.76669	0.472126	7.82628	0.549009	0.467952	0.367792	0.0406559
20160	0.193423	0.198082	3.80339	1.96825	0.517499	1.10561	3.0982	3.89606	1.84662	0.47397	10.108	0.41604	0.495473	0.355443	0.0408204
20161	0.182187	0.192982	3.95324	2.01721	0.510268	1.10023	3.10927	3.94276	1.89068	0.479533	10.0909	0.421404	0.494921	0.352476	0.0415832
20162	0.238497	0.230026	3.80277	2.00058	0.526085	1.1527	3.14647	3.78002	1.85206	0.489961	10.1771	0.417879	0.508077	0.355758	0.0417416
20163	0.174608	0.143588	4.38322	2.13299	0.486625	1.1577	3.12454	3.68454	2.06608	0.560742	9.19427	0.483239	0.520474	0.346112	0.0417743
20164	0.0461308	0.124958	4.43948	2.20266	0.496151	1.03035	3.13206	3.88699	2.00763	0.516499	9.33506	0.48434	0.50565	0.34947	0.0420754
20165	0.033464	0.0280314	4.00816	2.15621	0.537954	1.22404	3.2201	3.92431	1.98369	0.505488	7.18832	0.70874	0.521893	0.381042	0.0422024
20166	0.0721977	0.0126802	4.09471	2.02063	0.493472	1.22437	3.17717	3.90973	2.0103	0.51418	7.54347	0.663753	0.503587	0.383243	0.0424846
20167	0.0368734	0.0469829	3.96627	2.03882	0.514041	1.23403	3.16575	3.93841	2.01009	0.510382	6.78683	0.716589	0.512218	0.375342	0.0425732
20168	-0.0705083	0.0106184	4.21572	2.25807	0.535631	1.13197	3.17276	4.31528	2.25358	0.522234	6.91523	0.722979	0.528854	0.356644	0.043101
20169	-0.0140432	0.0525323	4.3515	2.16061	0.49652	1.19955	3.21671	4.03752	2.1596	0.534883	6.79785	0.736409	0.514983	0.366953	0.0433306
20170	0.0779828	0.0828851	4.10417	2.0396	0.496957	1.24412	3.26571	3.46521	1.96394	0.566758	7.44942	0.679942	0.528911	0.387594	0.0436561
20171	0.0533782	0.0584896	3.78988	1.7829	0.470438	1.14441	3.15238	3.85308	2.15725	0.559878	8.04149	0.595175	0.515528	0.377975	0.0438527
20172	0.0747923	0.0613388	3.69191	1.83137	0.49605	1.07195	3.0406	3.9939	2.12665	0.532474	8.92674	0.497158	0.514978	0.35935	0.0438597
20173	0.0127136	0.00628134	3.95256	1.90296	0.481449	1.1097	3.04034	4.07503	2.06098	0.505758	7.64969	0.601691	0.493789	0.367436	0.0441198
20174	0.132925	-0.0307744	3.72625	1.81376	0.486753	1.13459	3.0757	4.15071	1.9583	0.4718	9.61808	0.501669	0.478874	0.390207	0.044246
20175	-0.089262	-0.107814	3.98836	1.85476	0.465044	1.05967	3.03015	3.87754	1.88336	0.485709	7.45944	0.660024	0.475231	0.39718	0.0445446
20176	-0.167536	-0.143815	3.76327	1.85141	0.491969	1.04742	3.0947	3.71772	1.8641	0.50141	7.10514	0.738056	0.496661	0.413848	0.0444429
20177	-0.0844986	-0.11785	3.78239	1.83644	0.485524	0.975189	3.06491	3.95048	1.94891	0.493335	9.02097	0.561469	0.489514	0.400968	0.0448165
20178	0.0338674	-0.0625611	3.75299	1.74381	0.464646	1.04141	3.03734	4.01949	1.98785	0.494553	9.46612	0.507567	0.480112	0.391763	0.0448945
20179	-0.0977846	-0.115326	3.84623	1.87775	0.488204	1.11516	3.07825	3.65556	1.74093	0.476242	6.93221	0.735619	0.482375	0.413474	0.0450207
20180	-0.0199473	-0.0523896	3.63199	1.82977	0.503794	1.06035	3.05348	3.72041	1.95289	0.524913	8.26578	0.583517	0.514481	0.389448	0.0451905
20181	-0.174097	-0.112342	4.00278	1.92058	0.47981	1.11135	3.09127	4.19357	1.97864	0.471827	6.21112	0.826189	0.475726	0.396992	0.0455127
20182	-0.0210275	0.0249469	3.6985	1.85027	0.500276	1.05496	3.04904	4.33534	2.04964	0.472775	7.89905	0.578874	0.485435	0.369695	0.045699
20183	-0.0485241	-0.0527077	4.15826	1.97372	0.474651	1.03241	2.997	4.09305	2.04938	0.500697	7.96016	0.584204	0.487571	0.366385	0.0460832
20184	0.0605255	-0.0323189	4.4873	2.05282	0.457472	1.05914	3.02382	3.90079	2.0914	0.536147	9.36603	0.498611	0.494059	0.360499	0.0463708
20185	-0.0737935	-0.10467	4.02148	1.85842	0.462123	0.99141	2.97839	4.03307	1.9982	0.495454	8.37719	0.567329	0.478812	0.381369	0.0461756
20186	-0.122268	-0.126535	3.78133	1.86031	0.491973	0.956911	2.93196	4.32564	2.06375	0.477097	8.03208	0.582313	0.484035	0.373536	0.0462737
20187	-0.139193	-0.149588	3.66745	1.8942	0.516491	0.926705	2.96145	3.90871	1.896	0.485071	8.51882	0.568069	0.500281	0.389764	0.0463807
20188	-0.160169	-0.1236	3.9798	2.06784	0.519583	0.975469	2.95415	4.3186	1.93746	0.448632	7.34489	0.644838	0.482659	0.37168	0.0463665
20189	-0.190972	-0.113928	3.87363	1.95668	0.505129	0.930474	3.0008	3.88124	1.9529	0.503165	7.71409	0.628821	0.504146	0.382975	0.0462853
20190	-0.162303	-0.180057	4.00805	1.98263	0.494661	1.03575	3.01412	3.91776	1.83413	0.468158	7.10825	0.71767	0.48156	0.400703	0.0466728
20191	-0.100516	-0.104818	4.18181	2.11127	0.504869	0.943999	3.00197	4.00961	1.94153	0.484219	8.84694	0.545506	0.494761	0.373315	0.0469271
20192	-0.110994	-0.0824309	3.88839	2.10122	0.540383	1.00984	3.01048	4.13865	1.95063	0.471321	7.61462	0.62814	0.504775	0.371277	0.0475284
20193	-0.0799174	-0.0582361	3.72189	1.97423	0.530439	1.10408	3.0106	3.84908	2.00057	0.519752	6.71808	0.700928	0.525005	0.372111	0.0477303
20194	-0.0891117	-0.0538313	3.74494	1.97418	0.52716	0.945993	2.99419	4.20824	2.01012	0.477662	8.67094	0.535721	0.500969	0.36838	0.0479896
20195	-0.121664	-0.123795	3.84561	1.99776	0.519491	1.01159	2.96723	3.76248	1.94955	0.518155	7.43958	0.642134	0.51883	0.377112	0.0481175
20196	-0.116799	-0.0858644	3.87936	1.91045	0.492466	1.08075	3.05359	3.80941	1.88449	0.494692	6.87263	0.71706	0.493569	0.393801	0.0484449
20197	-0.0804683	-0.117037	4.39842	2.07865	0.47259	1.02706	3.07488	3.85354	1.93874	0.503107	8.30608	0.613306	0.486841	0.388129	0.0485195
20198	-0.0528283	-0.116702	4.11621	2.11768	0.514474	1.08701	3.06208	3.66004	1.82373	0.498282	7.77739	0.649616	0.506853	0.390707	0.0482277
20199	0.0127045	-0.0333829	3.99859	2.13852	0.534819	0.992076	3.01507	4.1808	2.10293	0.502997	9.68868	0.479584	0.518553	0.354017	0.0482511
20200	0.0495023	0.00971598	3.97653	2.07771	0.522492	1.06257	3.04018	3.89454	1.98912	0.510746	8.94827	0.513156	0.51668	0.360954	0.0486472
20201	-0.0129985	-0.000227048	3.94709	1.99626	0.505754	1.11636	3.07329	3.96159	2.0993	0.529912	7.40637	0.637728	0.517855	0.365852	0.0489461
20202	-0.00272066	0.0120171	4.11637	1.97544	0.479899	0.870719	3.01215	4.12273	2.09192	0.507411	11.7981	0.381449	0.493665	0.356296	0.0488551
20203	0.0447099	-0.0053137	3.94054	1.84169	0.467371	1.04878	3.01523	4.21454	2.03744	0.48343	9.04983	0.50408	0.47567	0.370393	0.0493673
20204	-0.0735864	-0.0581231	3.76348	1.7928	0.476369	1.09896	3.02251	3.81569	2.04814	0.536767	6.90273	0.68743	0.506776	0.381959	0.0494505
20205	-0.033533	-0.0992651	3.79238	1.82012	0.479941	0.945656	2.99201	4.37176	2.03189	0.464775	9.96651	0.479405	0.47182	0.382909	0.0495667
20206	0.0446085	0.106175	3.57992	1.77988	0.497184	1.14328	3.15032	4.16736	1.92991	0.463101	7.67711	0.603535	0.47885	0.384538	0.0497388
20207	0.231769	0.158572	3.83759	1.82849	0.476468	1.2056	3.20324	4.01906	1.97363	0.491067	9.77485	0.474175	0.483936	0.378817	0.0501221
20208	0.118109	0.0796747	3.73581	1.84135	0.492891	1.16135	3.12597	4.02624	1.90015	0.471941	8.52661	0.544173	0.482024	0.38286	0.0501533
20209	0.130122	0.124698	3.67737	1.66754	0.453461	1.16156	3.10213	3.76965	1.86313	0.494246	8.33292	0.531931	0.474106	0.385761	0.0502679
20210	0.103847	0.0958487	3.88183	1.81271	0.466972	1.04418	3.06911	3.79618	1.9933	0.52508	9.99773	0.442113	0.495702	0.367476	0.0504408
20211	0.0461278	0.0871933	3.65924	1.75809	0.480452	1.17321	3.11055	4.06075	2.01719	0.496754	7.19557	0.635162	0.489027	0.377181	0.0508091
20212	-0.0292509	0.0170661	3.76575	1.76589	0.468935	1.12237	3.16712	3.7677	1.92007	0.509613	7.482	0.663112	0.489279	0.402397	0.0509448
20213	-0.0821945	-0.112796	4.03347	1.76223	0.436903	1.07582	3.19538	3.82441	1.88867	0.493847	8.16112	0.670499	0.464618	0.4285	0.0511462
20214	-0.084415	-0.0723219	3.71033	1.78767	0.481808	1.29644	3.24124	3.81788	1.96566	0.514857	5.75827	0.953386	0.498568	0.422532	0.0512805
20215	-0.0643596	-0.0316742	3.82518	1.8954	0.495505	1.2223	3.23612	3.82511	1.85266	0.484343	6.45034	0.827747	0.489924	0.416101	0.0517655
20216	0.0661873	-0.0463169	4.23142	2.10746	0.498049	1.1716	3.2432	4.14673	2.06531	0.498057	8.85561	0.610965	0.498053	0.393437	0.0521048
20217	0.00161278	-0.0809533	4.13558	1.97686	0.478013	1.18726	3.20292	4.17824	1.93188	0.462366	7.67118	0.702877	0.47015	0.408308	0.052464
20218	-0.0145096	-0.106938	3.94879	1.95661	0.495498	1.26619	3.24727	4.1203	1.95692	0.474945	6.85939	0.820095	0.485003	0.418288	0.0524743
20219	-0.127994	-0.154222	3.41379	1.85286	0.542758	1.20215	3.25665	3.88409	1.91791	0.493785	6.57554	0.884647	0.516693	0.435576	0.0524597
20220	-0.192332	-0.180224	3.64277	1.81995	0.499607	1.24855	3.2465	3.92689	1.87717	0.478028	5.65592	1.03807	0.488413	0.442717	0.0522513
20221	-0.11018	-0.13775	3.98687	1.78829	0.448545	1.19201	3.25289	3.90947	2.01188	0.514617	6.77975	0.84785	0.481257	0.430747	0.0521708
20222	-0.0752523	-0.132478	3.61898	1.74733	0.482825	1.22693	3.24893	3.93857	1.94925	0.494912	6.74297	0.84784	0.489124	0.436195	0.0520932
20223	-0.118718	-0.11845	3.69374	1.79568	0.486141	1.25877	3.2545	3.68113	1.92884	0.52398	5.99573	0.948741	0.505028	0.433114	0.0522868
20224	-0.161632	-0.151451	3.70178	1.82161	0.492089	1.37255	3.27155	3.89327	1.99412	0.512196	4.97806	1.17686	0.502396	0.434407	0.0524839
20225	-0.280303	-0.208206	3.79959	1.73569	0.456808	1.29926	3.34029	3.96656	1.84439	0.464984	5.0468	1.24751	0.460984	0.468012	0.0527752
20226	-0.168491	-0.183172	3.71074	1.8511	0.49885	1.3144	3.38481	3.83584	1.85418	0.483383	5.7893	1.09949	0.490988	0.462184	0.0531256
20227	-0.178357	-0.206474	3.78449	1.92995	0.509964	1.37439	3.43554	3.7925	1.76346	0.464986	5.50148	1.20552	0.487451	0.473208	0.0532256
20228	-0.204509	-0.167148	3.4984	1.92322	0.549743	1.41168	3.40391	3.84663	1.88631	0.490381	4.88213	1.30603	0.518655	0.455722	0.0531337
20229	-0.187639	-0.253749	4.16464	2.05465	0.493357	1.43477	3.36443	4.05837	1.78733	0.440404	4.97347	1.3161	0.467223	0.460125	0.0531529
20230	-0.138953	-0.227891	3.80418	1.83109	0.481337	1.49429	3.392	3.79579	1.89904	0.500302	4.91232	1.33375	0.490809	0.467707	0.0532682
20231	-0.271537	-0.233035	3.98124	1.94808	0.489315	1.29063	3.3174	4.06294	1.97997	0.487325	5.16542	1.22019	0.48831	0.445271	0.0535042
20232	-0.148583	-0.188867	4.06453	2.12401	0.522573	1.28913	3.29786	3.98116	1.93368	0.485708	5.88157	1.03351	0.504332	0.428376	0.0537124
20233	-0.154915	-0.218143	4.03325	2.02673	0.502507	1.42063	3.30494	4.1011	1.9556	0.476847	5.00018	1.24117	0.48957	0.438073	0.0536228
20234	-0.223022	-0.212052	3.95275	2.09429	0.529831	1.26897	3.31191	3.72801	1.96823	0.527955	5.57862	1.11302	0.528921	0.433293	0.0541202
20235	-0.24802	-0.228121	3.62232	1.89153	0.522189	1.29333	3.3463	3.93428	2.05289	0.521796	5.37784	1.18788	0.521984	0.447571	0.0543745
20236	-0.22047	-0.178307	3.90405	1.92448	0.492945	1.34101	3.29399	4.05871	2.07017	0.510055	4.94497	1.2191	0.501666	0.43018	0.0546622
20237	-0.194337	-0.194261	3.83741	1.89834	0.494694	1.2659	3.29842	4.0192	2.01024	0.500159	5.72103	1.06614	0.49749	0.438407	0.0551285
20238	-0.142071	-0.206999	4.0412	1.96839	0.48708	1.35925	3.35786	3.96106	1.89257	0.477795	5.63819	1.12697	0.482484	0.451537	0.0551229
20239	-0.208833	-0.155402	3.71869	1.99785	0.537246	1.29716	3.36859	4.21271	2.01769	0.478952	5.47553	1.134	0.506284	0.436156	0.0551693
20240	-0.118125	-0.124352	3.80915	1.89379	0.49717	1.28364	3.36341	4.10141	2.02928	0.494777	6.19076	0.982469	0.495929	0.436802	0.0553167
20241	-0.101278	-0.178228	4.13374	1.90189	0.460089	1.329	3.3572	3.68754	2.03885	0.552902	6.10998	1.02285	0.503848	0.442384	0.0557464
20242	-0.190682	-0.183405	3.89645	1.91567	0.491646	1.43855	3.40508	4.12608	1.98799	0.481811	4.8513	1.32719	0.486588	0.452086	0.0557725
20243	-0.148989	-0.199314	3.88298	2.03757	0.524744	1.47957	3.43355	3.85758	1.9996	0.518356	4.97615	1.3261	0.52156	0.449845	0.0558557
20244	-0.150104	-0.16241	4.11836	1.94981	0.473444	1.42783	3.46014	4.09179	1.9041	0.465347	5.27051	1.24493	0.469408	0.459954	0.0561911
20245	-0.058022	-0.0571086	3.75124	1.82179	0.485648	1.40135	3.4013	4.22018	2.16575	0.513188	5.61588	1.06489	0.500228	0.428653	0.0564493
20246	-0.0797146	-0.0914308	3.77775	1.81191	0.479627	1.47718	3.45247	4.14654	2.04571	0.493353	5.18137	1.21196	0.486809	0.448833	0.0568951
20247	-0.0827941	-0.0557194	3.42716	1.70123	0.496396	1.43397	3.42147	3.90382	2.05187	0.525606	5.25559	1.15028	0.511951	0.446226	0.0572672
20248	-0.193735	-0.130703	3.95716	1.76385	0.445737	1.39808	3.40277	4.23813	2.09933	0.495343	4.92741	1.26694	0.471391	0.44702	0.0577314
20249	-0.100418	-0.132404	3.59158	1.82366	0.507759	1.36425	3.35808	4.4926	2.22785	0.495894	5.67929	1.07263	0.501165	0.429278	0.0579768
20250	-0.0865692	-0.133051	3.82824	1.87682	0.490255	1.31961	3.3425	4.40524	2.25687	0.512314	6.10891	0.988673	0.502058	0.422271	0.0579959
20251	-0.154953	-0.121918	4.09972	1.97425	0.481558	1.32183	3.28316	4.04017	2.0918	0.51775	5.31639	1.09045	0.499522	0.416312	0.0581695
20252	-0.043675	-0.0699473	3.93806	1.82816	0.464229	1.29172	3.29644	4.15232	2.04521	0.492546	6.35492	0.891636	0.478763	0.422568	0.0584852
20253	0.0129557	-0.0310936	3.95198	1.90245	0.481391	1.24496	3.25933	3.98124	1.99988	0.502326	7.13311	0.75892	0.491897	0.40967	0.0587543
20254	-0.0389055	-0.0240521	4.00542	1.87262	0.467521	1.27728	3.22422	4.18177	2.24111	0.535923	6.09074	0.866175	0.502459	0.390818	0.0593637
20255	-0.131887	-0.104359	3.90683	1.85828	0.475649	1.15093	3.17223	3.96911	2.00491	0.505128	6.52403	0.822809	0.490505	0.41007	0.0594985
20256	-0.117764	-0.146498	3.99655	1.88831	0.472485	1.12868	3.14881	4.02208	1.88733	0.469241	6.98949	0.776814	0.470858	0.418396	0.0598691
20257	-0.14947	-0.141123	4.01347	2.0577	0.512699	1.13353	3.12083	4.08424	1.95386	0.47839	6.464	0.823048	0.495395	0.398835	0.0601482
20258	-0.196871	-0.152848	4.04673	1.91122	0.472287	1.13403	3.12654	4.13923	2.04427	0.493876	6.07148	0.885646	0.483203	0.404781	0.0601892
20259	-0.0659671	-0.118279	3.98608	1.90404	0.477673	1.21486	3.16264	3.72369	1.88661	0.506651	6.5616	0.820258	0.491669	0.415303	0.0600261
20260	-0.0867778	-0.0810196	3.79432	1.93076	0.508857	1.16235	3.22387	3.61633	1.76622	0.488402	6.99998	0.780165	0.498875	0.424945	0.0602443
20261	-0.0442085	-0.0742921	3.88427	1.94397	0.500472	1.14041	3.17505	3.65777	1.83073	0.500505	7.52372	0.701664	0.500488	0.411636	0.0605026
20262	-0.00849857	-0.0193174	4.05445	1.92241	0.474147	1.15611	3.21211	3.85115	1.75858	0.456638	7.69893	0.678155	0.465618	0.41505	0.0606653
20263	-0.00845816	0.0291996	4.00989	1.90601	0.475326	1.34852	3.3296	4.02302	1.90936	0.474608	5.91545	0.920696	0.474966	0.416601	0.0610789
20264	-0.0179444	-0.0350096	3.66948	1.91551	0.522012	1.2893	3.31353	3.99673	2.00988	0.50288	6.56136	0.85445	0.512038	0.41673	0.0611402
20265	-0.0292303	-0.00869166	3.84457	1.91299	0.497582	1.41801	3.3363	4.03883	2.00685	0.496889	5.34208	1.04725	0.497227	0.41656	0.0616406
20266	-0.0159151	-0.0592816	4.31102	2.0473	0.474899	1.38915	3.34247	4.19787	2.08053	0.495616	5.86154	0.987105	0.48512	0.412179	0.0616555
20267	-0.0798226	-0.014455	4.11107	1.83411	0.446139	1.36856	3.371	4.02212	2.04067	0.507363	5.4635	1.0489	0.476416	0.425238	0.0621796
20268	-0.0317071	-0.016927	3.98099	1.92796	0.484292	1.28727	3.34852	4.31166	2.05381	0.476339	6.51048	0.869849	0.480157	0.415713	0.0625251
20269	0.0963246	0.05129	3.98034	1.85259	0.465435	1.34591	3.35615	4.11594	2.04702	0.497339	6.99482	0.780729	0.481654	0.411957	0.0626334
20270	0.0259029	0.0429279	3.5685	1.91024	0.535306	1.47544	3.37125	3.74746	1.94791	0.519795	5.27219	1.05059	0.527361	0.417987	0.0628252
20271	0.107341	0.0526504	3.83122	1.82403	0.476096	1.40877	3.40652	4.09378	1.90291	0.464829	6.64122	0.846865	0.470276	0.430171	0.0633126
20272	0.10732	0.0745318	3.95824	2.01854	0.50996	1.32529	3.30893	4.13412	1.9745	0.477612	7.05206	0.741722	0.493434	0.39588	0.0637914
20273	0.14117	0.109078	3.87032	1.98352	0.512494	1.14969	3.21996	4.03392	1.89785	0.470472	9.51475	0.508558	0.491048	0.384103	0.0641707
20274	0.0991137	0.129549	3.81064	1.93696	0.508304	1.31609	3.24812	3.8671	1.82314	0.471448	6.56672	0.740512	0.489741	0.392816	0.0644137
20275	0.0801668	0.067249	4.02652	2.04731	0.508455	1.17778	3.20969	4.04515	1.95246	0.482666	8.19663	0.602379	0.495531	0.381774	0.0646319
20276	0.0781416	0.068224	4.01021	1.98583	0.495193	1.22163	3.16211	4.48045	2.08629	0.465642	7.32057	0.653782	0.479599	0.37026	0.0647791
20277	0.0371448	0.0423802	4.15152	1.99273	0.48	1.17115	3.17795	3.99931	2.03371	0.508516	7.64548	0.642983	0.493992	0.379175	0.0651406
20278	0.0467424	0.110975	3.75561	1.82834	0.486829	1.2046	3.18665	3.71965	1.91275	0.514229	7.05624	0.670315	0.500463	0.387432	0.0655376
20279	0.17238	0.163894	3.61499	1.84882	0.511433	1.19058	3.16598	4.05627	2.01313	0.496302	8.69327	0.518363	0.503432	0.368571	0.0659981
20280	0.145808	0.126198	3.9531	1.96096	0.496058	1.15097	3.12568	4.07549	1.98877	0.487983	8.90468	0.505177	0.491959	0.362954	0.0664485
20281	0.134541	0.105645	3.73128	1.98206	0.531201	1.06146	3.08518	3.86495	1.86804	0.483329	10.3327	0.429586	0.506844	0.36578	0.0666441
20282	0.134177	0.130724	3.77185	1.85528	0.491875	0.998884	3.01124	3.75946	1.90541	0.506831	11.097	0.373859	0.499341	0.355614	0.0672779
20283	0.00496591	0.0210715	3.87593	1.91746	0.494709	1.04698	3.10635	3.7216	1.8371	0.49363	8.76677	0.542901	0.494181	0.388059	0.0676344
20284	0.0256153	0.0385219	3.82983	1.87863	0.490526	1.12215	3.07143	3.77345	1.81284	0.480419	7.65023	0.601195	0.48551	0.383961	0.0675822
20285	-0.0926356	-0.0804978	3.75497	1.91232	0.509276	1.12845	3.07167	4.04249	1.97072	0.487501	6.66387	0.745525	0.497987	0.390257	0.0677783
20286	-0.189062	-0.134385	4.14949	1.74581	0.420729	1.08882	3.12949	4.15767	1.93652	0.465771	6.52355	0.816493	0.443272	0.41982	0.0679311
20287	-0.124801	-0.192669	3.6107	1.77944	0.492823	1.12214	3.11136	4.06077	2.00467	0.493668	7.02093	0.777431	0.49327	0.419136	0.0681867
20288	-0.191441	-0.185515	4.1077	1.87935	0.457519	1.19237	3.15766	4.07449	2.03764	0.500097	5.83671	0.957459	0.478721	0.416472	0.067849
20289	-0.223423	-0.222433	3.7749	1.89538	0.5021	1.20989	3.17502	4.07007	1.97399	0.485001	5.61858	1.02719	0.493229	0.427311	0.0682192
20290	-0.250147	-0.19145	3.73803	1.75643	0.469881	1.2807	3.24756	3.80596	2.00465	0.526713	5.04663	1.17175	0.498553	0.440253	0.0685564
20291	-0.189926	-0.212671	3.86532	1.86481	0.482445	1.20093	3.2486	3.60983	1.93866	0.537052	6.19312	0.967234	0.508815	0.440672	0.0687926
20292	-0.210076	-0.210696	3.95038	1.85329	0.469143	1.27436	3.28651	3.95466	1.94276	0.491259	5.55034	1.10178	0.480207	0.446252	0.0687538
20293	-0.0640272	-0.18455	3.96993	1.80716	0.455212	1.30269	3.31415	3.70032	1.92453	0.520098	6.55324	0.933959	0.486515	0.450693	0.0691183
20294	-0.159355	-0.166704	3.75133	1.9758	0.526694	1.39547	3.3422	3.69099	1.80402	0.488763	5.09311	1.20873	0.507882	0.448963	0.0692929
20295	-0.165746	-0.162168	4.10602	1.91185	0.465621	1.31891	3.30711	3.96138	1.83607	0.463492	5.46044	1.1021	0.464576	0.445442	0.0696843
20296	-0.118997	-0.177061	3.77932	1.96404	0.519682	1.30229	3.31909	4.10674	1.79247	0.436471	6.05085	1.01003	0.47635	0.44869	0.0699617
20297	-0.110261	-0.162726	3.88185	1.90951	0.491907	1.36287	3.35665	3.7899	1.82583	0.481763	5.70752	1.08506	0.486896	0.453369	0.0701738
20298	-0.117668	-0.115804	3.76616	1.80656	0.479681	1.33786	3.28348	3.91826	1.83192	0.467533	5.45424	1.05928	0.473487	0.442695	0.0704141
20299	-0.0709696	-0.155181	3.73564	1.77199	0.474348	1.32039	3.27616	3.66851	1.78367	0.486211	6.08204	0.967943	0.480226	0.453031	0.0703244
20300	-0.112996	-0.206474	3.97466	1.90418	0.47908	1.26333	3.26224	3.84189	1.86015	0.484177	6.35181	0.947132	0.481585	0.444284	0.07039
20301	-0.238253	-0.165688	3.82003	1.87605	0.491108	1.32082	3.3373	4.15398	2.03145	0.489038	5.0483	1.21535	0.49003	0.439927	0.0705161
20302	-0.220636	-0.209087	3.81992	1.78406	0.467042	1.41117	3.37208	3.83681	1.92906	0.502777	4.81629	1.33139	0.484949	0.463493	0.0705772
20303	-0.173991	-0.156126	3.64798	1.77772	0.487317	1.27811	3.32513	3.60512	1.77032	0.491057	5.74748	1.0543	0.489176	0.460731	0.0708855
20304	-0.221155	-0.108161	3.7704	1.91724	0.508499	1.32856	3.29602	3.91648	1.82156	0.465102	4.82528	1.20081	0.486388	0.436704	0.0711266
20305	-0.0475262	-0.0827334	4.03084	1.99645	0.495294	1.26331	3.29512	4.06632	1.9555	0.480902	6.64029	0.85914	0.488066	0.41933	0.0714615
20306	-0.0865343	-0.108331	3.96114	1.7766	0.448509	1.30338	3.30916	4.1453	1.89697	0.45762	6.04559	0.965932	0.453168	0.442963	0.0717491
20307	-0.205918	-0.126944	3.88108	1.90684	0.491316	1.37876	3.32521	4.11253	2.06803	0.50286	4.74567	1.25561	0.497255	0.428546	0.0717602
20308	-0.0576615	-0.146077	4.00854	2.00352	0.499812	1.43477	3.34322	4.01708	1.89494	0.471722	5.46622	1.11368	0.485752	0.438568	0.0724668
20309	-0.137014	-0.153385	4.06459	1.95674	0.481412	1.3038	3.34324	3.66855	1.8538	0.505322	5.88958	1.03797	0.492755	0.445228	0.0729725
20310	-0.185859	-0.171731	3.9161	1.88731	0.481935	1.32891	3.30474	4.17345	1.96085	0.46984	5.26726	1.14726	0.475695	0.439952	0.0730827
20311	-0.034594	-0.115137	3.85659	1.84315	0.477923	1.21695	3.27501	3.94742	2.06661	0.523535	7.33746	0.783182	0.500995	0.42372	0.0729371
20312	-0.134405	-0.123666	3.75458	1.85877	0.495068	1.24033	3.28803	3.98685	2.05611	0.515723	6.15887	0.944953	0.505706	0.426497	0.0729879
20313	-0.211376	-0.16517	3.98161	1.92372	0.483152	1.28146	3.29362	3.79888	1.87586	0.493794	5.36818	1.11427	0.488348	0.44057	0.0730344
20314	-0.127234	-0.117892	4.15689	1.9413	0.467007	1.27514	3.30039	4.13548	2.01439	0.487098	5.9414	0.983327	0.477027	0.424905	0.0728372
20315	-0.181738	-0.135945	4.0772	1.90781	0.467921	1.26493	3.25789	3.82698	1.9132	0.499924	5.50357	1.04642	0.483416	0.429868	0.0734689
20316	-0.200758	-0.141492	4.02054	2.08857	0.519474	1.22671	3.25002	3.68038	1.84344	0.500882	5.64488	1.01883	0.510589	0.422532	0.0736871
20317	-0.0403117	0.00673553	4.10812	2.01123	0.489575	1.46899	3.48243	3.59389	1.87965	0.523014	5.30313	1.13899	0.505178	0.437124	0.073648
20318	-0.029693	0.0077222	4.08378	1.89708	0.464541	1.49661	3.47898	3.58871	1.70934	0.476311	5.17238	1.1648	0.470046	0.455251	0.0736234
20319	0.180495	0.142715	3.92591	1.90163	0.484379	1.37018	3.4299	3.98617	1.93558	0.485574	7.63453	0.707677	0.484981	0.413266	0.0739653
20320	0.154183	0.175405	3.79687	1.81445	0.47788	1.39878	3.43065	3.86775	1.9916	0.514923	6.84079	0.774515	0.496573	0.410511	0.074045
20321	0.15028	0.165382	4.29446	1.86824	0.435035	1.31981	3.37757	3.89903	1.92383	0.493412	7.54357	0.683906	0.462815	0.40497	0.0747443
20322	0.152397	0.15298	3.84198	1.83154	0.476718	1.28014	3.29577	4.06164	2.04817	0.504272	7.76619	0.635906	0.490878	0.389044	0.0752112
20323	0.193767	0.156986	4.05466	1.82923	0.451142	1.29792	3.34507	3.98404	2.10352	0.527987	8.33681	0.609579	0.489227	0.392625	0.075671
20324	0.101513	0.142097	4.10589	1.93271	0.470716	1.35013	3.32592	4.14927	2.06244	0.497061	6.50188	0.779521	0.483958	0.388241	0.0759173
20325	0.0927192	0.117927	3.9243	2.02653	0.516405	1.32379	3.33402	3.82357	1.78562	0.467003	6.82478	0.757773	0.492025	0.404283	0.0758486
20326	0.130943	0.171061	4.01056	2.03092	0.506392	1.30294	3.32064	4.09336	1.82759	0.446477	7.22192	0.686786	0.476129	0.391374	0.0757295
20327	0.248564	0.212544	3.50202	1.75241	0.500399	1.30553	3.32864	3.91842	1.87384	0.478213	8.69152	0.558592	0.488684	0.401112	0.0759676
20328	0.158265	0.190109	3.72493	1.79303	0.481359	1.24107	3.30956	4.00092	1.91051	0.477518	8.29954	0.586236	0.47937	0.396572	0.0762425
20329	0.242315	0.228467	3.87959	1.79156	0.461792	1.26141	3.28666	3.75919	1.83306	0.487622	9.0053	0.519281	0.474503	0.392242	0.0765882
20330	0.347222	0.263016	3.86477	1.82057	0.471067	1.23128	3.18227	3.37457	1.79651	0.532367	10.9039	0.390781	0.499642	0.370796	0.0765391
20331	0.324188	0.293643	3.87682	1.85634	0.478831	1.20966	3.12678	3.69361	1.8052	0.488736	10.2373	0.39203	0.483664	0.354135	0.0767146
20332	0.321873	0.267194	3.8091	1.81552	0.476626	1.1167	3.10012	3.83497	1.86174	0.485464	12.7035	0.315876	0.48106	0.353122	0.0768665
20333	0.267064	0.281922	3.73321	1.90609	0.510575	1.0611	3.06719	3.72822	1.87844	0.503845	12.3041	0.31525	0.507212	0.338939	0.077109
20334	0.243525	0.226408	3.7355	1.84346	0.493499	1.04987	3.06879	3.75516	1.79634	0.478365	12.4258	0.325096	0.485912	0.356994	0.0775814
20335	0.320408	0.314156	3.61816	1.77601	0.490859	1.07857	3.1126	3.94842	1.76839	0.447873	13.6242	0.287405	0.468428	0.355939	0.0777309
20336	0.406378	0.349094	3.71244	1.85135	0.498687	1.13774	3.0966	3.76155	1.94689	0.517578	14.1129	0.267442	0.508194	0.332046	0.0780192
20337	0.463466	0.4207	3.80461	1.82631	0.480027	1.07557	3.11649	3.60016	1.89657	0.526801	19.3967	0.187333	0.502768	0.328074	0.078211
20338	0.352976	0.400423	3.94461	1.9507	0.494523	1.13704	3.10496	3.80681	1.84322	0.484188	11.8983	0.307376	0.489448	0.325341	0.0781434
20339	0.429545	0.428199	4.32065	2.00504	0.46406	1.08911	3.11427	4.13669	1.97396	0.477182	16.5853	0.21751	0.470478	0.312026	0.078088
20340	0.391577	0.430171	4.00869	1.89506	0.472739	1.1378	3.09803	4.61321	2.19302	0.475377	12.7818	0.278422	0.474151	0.303367	0.0780861
20341	0.374945	0.411167	3.97598	1.85737	0.467148	1.11709	3.13146	3.87375	2.06246	0.53242	13.4354	0.275393	0.499359	0.320742	0.0781907
20342	0.426073	0.429871	4.08151	2.06177	0.505148	1.15749	3.13792	4.00358	1.9533	0.487888	13.7085	0.267482	0.496601	0.31359	0.0785194
20343	0.395648	0.427141	4.21506	2.1205	0.503078	1.15644	3.16162	3.69714	2.041	0.552047	12.9188	0.289401	0.52596	0.310071	0.0790107
20344	0.522269	0.484556	4.0637	2.09841	0.516379	1.14604	3.16926	4.16429	2.09597	0.503321	18.5244	0.194544	0.50977	0.300609	0.0789541
20345	0.416669	0.443241	4.27491	2.12111	0.496177	1.15926	3.1297	3.86152	1.86635	0.48332	13.0878	0.275718	0.490075	0.311632	0.0790502
20346	0.453374	0.418623	4.04589	2.11715	0.523284	1.14405	3.0992	4.24877	2.06358	0.485688	15.0626	0.23852	0.504026	0.300647	0.0787198
20347	0.44293	0.409802	4.11186	2.10141	0.51106	1.0972	3.07164	4.08187	2.06024	0.504729	16.5521	0.214033	0.507906	0.298664	0.0791012
20348	0.500526	0.500479	4.02186	2.13215	0.530141	1.16443	3.08619	4.36678	2.11301	0.483882	15.1689	0.220382	0.50606	0.282606	0.0797039
20349	0.430471	0.460111	3.95684	1.97973	0.500331	1.15848	3.07137	4.21584	2.10261	0.498741	12.8654	0.264999	0.499511	0.294671	0.0802275
20350	0.390308	0.422406	4.27368	2.02344	0.473466	1.02816	3.0506	4.27151	2.22613	0.521158	16.9777	0.203425	0.497306	0.289046	0.0803676
20351	0.495204	0.457246	4.08917	1.94268	0.475081	1.04248	3.06396	4.31051	2.01613	0.467725	22.6865	0.149757	0.471306	0.300365	0.0808049
20352	0.457694	0.475605	3.9028	1.9309	0.494748	1.15686	3.10958	3.85213	1.91404	0.496878	14.1924	0.24442	0.495806	0.310975	0.0809293
20353	0.498443	0.492128	3.90345	1.978	0.506732	1.18147	3.11636	3.98651	1.8275	0.45842	14.7616	0.233261	0.482321	0.311597	0.0813217
20354	0.55411	0.549372	4.08436	1.8344	0.449129	1.17	3.15278	3.91484	1.96478	0.501881	17.8684	0.189657	0.474946	0.308544	0.0817051
20355	0.408963	0.521803	4.18737	1.99435	0.476278	1.2087	3.18302	4.12838	1.98418	0.48062	11.073	0.31979	0.478434	0.308074	0.0820155
20356	0.512946	0.488976	3.88441	1.96899	0.506895	1.16295	3.18994	3.88029	1.84483	0.475436	17.2664	0.211254	0.491174	0.323615	0.0824115
20357	0.503356	0.512186	3.88934	2.04216	0.525066	1.24774	3.20924	3.81148	1.84161	0.483173	13.1275	0.277055	0.504331	0.31902	0.0827415
20358	0.47059	0.462411	3.73806	1.97142	0.527391	1.25064	3.18871	3.5302	1.7877	0.506402	12.2153	0.304237	0.517197	0.330906	0.0830172
20359	0.461772	0.459902	4.0757	1.85541	0.455236	1.16334	3.12098	3.62547	1.67831	0.46292	14.3873	0.246097	0.458854	0.333881	0.0829377
20360	0.574311	0.483104	3.77375	1.8256	0.483761	1.06428	3.04799	3.89792	1.79476	0.46044	27.4032	0.120034	0.471912	0.312482	0.083022
20361	0.445862	0.491285	3.75589	1.7836	0.474881	0.955555	3.05187	3.75733	1.87465	0.498932	25.2383	0.129894	0.486908	0.309533	0.0834616
20362	0.579345	0.520928	4.04885	1.82347	0.450367	0.948249	2.98021	4.15175	1.87733	0.452177	44.4415	0.068045	0.451284	0.29016	0.0834297
20363	0.438227	0.483671	3.59249	1.91151	0.532086	0.993657	2.94859	3.83836	1.7804	0.463846	19.6946	0.154251	0.496837	0.291602	0.0837046
20364	0.41438	0.405984	4.23546	1.99133	0.470157	0.879125	2.96306	3.78318	1.88692	0.498765	30.2732	0.107994	0.483654	0.29662	0.0837125
20365	0.488767	0.447576	4.08079	1.92197	0.470981	1.09498	3.02297	3.90793	1.94144	0.496796	18.0483	0.183747	0.483609	0.300411	0.0841848
20366	0.42176	0.356697	4.06415	2.03196	0.499971	0.914047	3.03042	3.90204	2.05648	0.527027	29.4982	0.121173	0.513224	0.304276	0.084756
20367	0.423759	0.395814	3.89263	1.99182	0.51169	0.990749	2.97513	4.20493	1.99261	0.473874	20.6946	0.160739	0.492053	0.294601	0.0846823
20368	0.280374	0.33156	3.96004	1.98828	0.502085	0.986723	2.95364	3.79267	1.99725	0.526609	13.7801	0.249464	0.514083	0.301423	0.0849841
20369	0.299762	0.341973	3.9767	1.95384	0.491323	0.985165	2.99613	3.95616	1.94979	0.49285	14.9955	0.234889	0.492084	0.311	0.085257
20370	0.311081	0.331849	3.9639	1.97769	0.498927	0.919156	2.91373	4.05472	1.94565	0.479848	18.0285	0.184878	0.489279	0.298239	0.0856969
20371	0.346416	0.326314	3.91533	1.94605	0.497034	1.02989	2.96161	3.97127	2.00524	0.504936	14.8668	0.233568	0.501013	0.305373	0.0857461
20372	0.214972	0.235117	4.19048	2.10539	0.502421	0.935318	2.89923	3.72552	1.86914	0.501713	13.678	0.25945	0.502088	0.308752	0.0860994
20373	0.30857	0.318821	3.97762	1.92741	0.484563	0.798546	2.82909	3.78401	1.81537	0.479749	26.2476	0.120038	0.482216	0.296328	0.0862108
20374	0.341912	0.300228	4.14917	1.81419	0.437241	0.841228	2.87016	3.91368	1.83992	0.470126	26.4906	0.124658	0.453203	0.311334	0.0867065
20375	0.275812	0.328704	3.73795	1.89664	0.507401	0.821566	2.8219	3.58487	1.98701	0.554278	20.8698	0.148924	0.53035	0.285888	0.0871549
20376	0.33755	0.330816	4.03329	1.79131	0.444131	0.828091	2.80823	4.47682	2.14632	0.479429	25.5061	0.120316	0.4627	0.280508	0.0873793
20377	0.32489	0.378017	3.88098	1.86012	0.479293	0.861591	2.84583	4.03201	2.03146	0.503832	21.1427	0.144024	0.491797	0.281316	0.0875076
20378	0.388935	0.420755	4.17098	1.98172	0.475122	0.823417	2.82532	4.05804	2.03078	0.500434	30.6288	0.094387	0.487604	0.264935	0.0874596
20379	0.392374	0.394982	4.15351	1.9196	0.462162	0.81558	2.83541	3.76427	1.96226	0.521286	33.2529	0.0895517	0.490271	0.277327	0.0878161
20380	0.395637	0.39631	4.00896	2.00047	0.498999	0.788698	2.7718	4.14479	2.04986	0.494563	36.5248	0.0772484	0.496744	0.258423	0.0881103
20381	0.396695	0.31465	3.96132	1.89297	0.477864	0.614525	2.70378	4.01518	1.92987	0.480642	120.295	0.0237248	0.479263	0.271915	0.0882509
20382	0.413336	0.402348	3.99149	1.86209	0.466515	0.693944	2.6628	3.97083	1.91291	0.481741	64.8918	0.0393704	0.474108	0.252926	0.0887941
20383	0.416066	0.410442	3.60116	1.8467	0.512807	0.702633	2.67112	3.76089	1.85931	0.494379	62.2337	0.0410603	0.503393	0.256466	0.0893532
20384	0.495061	0.467069	3.73313	1.96388	0.526068	0.625463	2.7176	4.19681	2.02942	0.483563	297.851	0.00850235	0.503573	0.240839	0.0892565
20385	0.458332	0.45525	4.09187	2.05242	0.501586	0.767382	2.76629	3.79489	1.88776	0.497448	55.9189	0.0477558	0.499595	0.253198	0.0893783
20386	0.476188	0.389473	3.76558	1.87867	0.498906	0.757638	2.75988	3.64517	1.87906	0.515493	70.9322	0.0396072	0.507065	0.272201	0.0898594
20387	0.34916	0.358436	3.82601	1.76729	0.461914	0.76263	2.7956	3.90418	1.8682	0.478512	34.7442	0.0854788	0.470297	0.290107	0.090121
20388	0.389972	0.399058	3.92745	1.77704	0.452467	0.802129	2.79083	4.00246	1.82366	0.455635	33.6754	0.0849367	0.454066	0.284376	0.0904277
20389	0.310498	0.346616	3.84283	1.86029	0.484093	0.786408	2.80358	3.78645	1.83202	0.483836	26.6532	0.113245	0.483965	0.290246	0.0908631
20390	0.293352	0.282747	4.14706	1.98813	0.479407	0.888261	2.81546	3.98318	1.90288	0.477729	18.1248	0.176958	0.478585	0.291962	0.091074
20391	0.222692	0.261707	4.01302	1.88374	0.469408	0.771048	2.81979	3.6538	1.84725	0.50557	21.7623	0.150347	0.486642	0.304925	0.0913084
20392	0.337882	0.269341	3.84435	1.989	0.517384	0.862841	2.82585	4.05885	1.94309	0.47873	23.716	0.137791	0.497532	0.293658	0.0915793
20393	0.363596	0.350089	3.98105	1.88046	0.472353	0.842002	2.77296	3.8729	1.904	0.491621	25.6489	0.114436	0.481855	0.279531	0.0917202
20394	0.297816	0.31356	3.88097	1.80941	0.466225	0.79206	2.7774	3.7391	1.95041	0.521626	24.8508	0.122139	0.49341	0.28767	0.0915111
20395	0.16207	0.273656	3.71556	1.83782	0.494628	0.703026	2.73081	3.96566	2.05808	0.518976	20.632	0.146317	0.507199	0.279346	0.0918167
20396	0.256207	0.269262	4.03504	1.84946	0.45835	0.658746	2.74917	3.81264	1.80593	0.473667	37.9538	0.0810189	0.465792	0.296181	0.091887
20397	0.312401	0.280515	3.84394	1.8075	0.470222	0.693341	2.70503	3.58287	1.82845	0.510331	40.5075	0.0725576	0.489572	0.287941	0.0921294
20398	0.320249	0.35338	4.00115	1.81881	0.454572	0.65657	2.6999	3.69671	2.0773	0.561933	48.6788	0.0565561	0.506129	0.261169	0.0922636
20399	0.415839	0.435182	3.52804	1.76619	0.500615	0.740841	2.75077	3.8856	1.95172	0.502297	50.7633	0.0528132	0.501496	0.265099	0.0923557
20400	0.483679	0.478853	3.80923	1.93651	0.508372	0.761853	2.73898	4.09818	1.9771	0.482435	66.0136	0.0386904	0.49493	0.246121	0.0929085
20401	0.394133	0.384744	3.84056	1.8102	0.471338	0.733334	2.67051	4.15139	2.00686	0.483419	45.4095	0.0575287	0.477613	0.255047	0.0931232
20402	0.312595	0.321472	3.96016	1.86035	0.469767	0.552361	2.58544	3.91935	2.0754	0.529526	89.1592	0.0287439	0.499492	0.245704	0.0936706
20403	0.271445	0.243951	3.8185	1.8382	0.481393	0.596257	2.58784	4.04522	2.04078	0.504492	52.0728	0.0527513	0.493275	0.261586	0.0932909
20404	0.385704	0.300268	3.7672	1.83102	0.486043	0.611257	2.59135	4.00581	2.08103	0.519503	103.177	0.0254372	0.503287	0.251278	0.093274
20405	0.253221	0.256618	3.85393	1.95099	0.506234	0.58707	2.5955	4.2148	2.14499	0.508919	49.0812	0.0557279	0.507636	0.250406	0.0931453
20406	0.244849	0.242799	3.92386	2.13629	0.544437	0.609445	2.64754	4.00225	1.92562	0.481134	43.5022	0.0664654	0.512473	0.262588	0.0930763
20407	0.325237	0.306393	3.85744	1.93997	0.502916	0.654657	2.68173	4.20404	2.00482	0.47688	51.994	0.0542587	0.489338	0.26349	0.0928784
20408	0.277663	0.297409	3.71219	1.84981	0.498308	0.692212	2.67123	3.88916	1.86744	0.480166	32.7903	0.0859253	0.489026	0.274925	0.0931
20409	0.226035	0.253412	3.94072	2.0499	0.520183	0.702803	2.66201	3.70176	1.92441	0.519863	25.5221	0.113653	0.520028	0.267459	0.0931483
20410	0.335922	0.308825	3.63805	1.94231	0.533886	0.729368	2.68755	3.87153	1.97533	0.510219	36.5526	0.0773999	0.521685	0.265387	0.0932429
20411	0.262988	0.289962	3.6895	1.80577	0.489436	0.735081	2.65875	3.96239	1.93355	0.487975	25.1765	0.111436	0.48868	0.272903	0.0933205
20412	0.337008	0.28686	4.09205	2.01486	0.492383	0.60251	2.649	3.79566	1.85375	0.488387	79.1545	0.0352457	0.49046	0.265115	0.0937671
20413	0.239352	0.277971	3.68941	1.99794	0.541534	0.626847	2.59704	4.00999	1.91857	0.478448	35.8175	0.0750761	0.508678	0.255657	0.0939846
20414	0.268282	0.289853	4.28345	2.20272	0.514241	0.633289	2.66196	4.05327	1.98841	0.490569	42.2343	0.0666152	0.502732	0.251391	0.0942249
20415	0.384745	0.312803	4.5997	2.16784	0.471301	0.566967	2.61612	3.92823	2.03127	0.517097	159.776	0.0166023	0.492396	0.24013	0.0940514
20416	0.344889	0.329492	4.07864	2.15459	0.528263	0.637017	2.63484	3.88304	1.95083	0.502397	62.2766	0.0426694	0.515648	0.244597	0.0943074
20417	0.331496	0.374158	4.07517	2.00443	0.491864	0.746077	2.70025	3.87752	1.94467	0.501523	31.4801	0.0859387	0.496574	0.255232	0.0946391
20418	0.343613	0.330697	3.81414	1.97199	0.517022	0.691673	2.70553	4.00818	1.81788	0.453543	46.5542	0.0605729	0.484495	0.271254	0.0949655
20419	0.326983	0.383881	3.80609	2.04934	0.538438	0.695671	2.70453	4.09179	2.01911	0.493453	39.6188	0.0679655	0.515132	0.248737	0.0951253
20420	0.327056	0.319543	3.66586	1.90867	0.52066	0.636118	2.70641	3.90531	1.91705	0.490881	59.6437	0.0477596	0.5053	0.271391	0.0958664
20421	0.273222	0.283639	4.24591	1.95688	0.460887	0.786554	2.73896	4.02554	1.90293	0.472714	22.8781	0.131755	0.466643	0.280921	0.0957153
20422	0.29995	0.258673	4.12768	2.07324	0.502277	0.681845	2.74552	3.98794	1.99716	0.5008	42.404	0.0729222	0.501551	0.275378	0.095656
20423	0.190229	0.278901	4.21326	2.02223	0.479967	0.733704	2.81451	3.74912	1.82581	0.486996	21.7673	0.147683	0.483277	0.294737	0.0961822
20424	0.198446	0.247862	4.11575	2.03962	0.495564	0.800682	2.76999	3.91909	1.90933	0.487187	17.5389	0.181344	0.491478	0.287197	0.0961912
20425	0.200474	0.25749	4.1049	1.93755	0.472009	0.769296	2.80038	3.91328	1.87968	0.480333	19.985	0.161779	0.476072	0.297608	0.0964151
20426	0.222459	0.267157	4.03247	1.9971	0.495254	0.899112	2.82852	3.90265	1.95715	0.501492	14.3288	0.22893	0.498322	0.29328	0.0965921
20427	0.228148	0.30232	3.85157	1.90444	0.494457	0.76851	2.77637	4.069	1.98268	0.487264	20.9626	0.145996	0.490762	0.282569	0.0962539
20428	0.362638	0.364667	3.95962	1.8033	0.455421	0.684323	2.77411	4.07252	1.95838	0.480875	56.101	0.0517407	0.468327	0.27851	0.0962505
20429	0.311751	0.301279	4.14325	1.64454	0.396921	0.682832	2.71172	3.86669	1.8971	0.490626	42.1947	0.0688503	0.442156	0.290953	0.0961799
20430	0.316192	0.330161	3.67567	1.82284	0.495921	0.688094	2.72124	3.92039	1.92333	0.490595	41.3362	0.0691554	0.493172	0.27627	0.0963753
20431	0.334298	0.234844	4.00046	2.022	0.505442	0.630479	2.7337	4.13829	1.81645	0.438938	71.1816	0.0438617	0.471627	0.289216	0.0965629
20432	0.132701	0.15763	4.23849	2.03203	0.479423	0.746096	2.79257	3.79674	1.84866	0.486908	18.4527	0.188127	0.48296	0.309151	0.0966159
20433	0.2026	0.244695	4.01817	1.92113	0.47811	0.777802	2.77363	3.88766	1.85836	0.478013	19.3301	0.165429	0.478062	0.297384	0.0968346
20434	0.244689	0.261554	4.33824	2.08982	0.481721	0.88009	2.87659	3.8196	2.02818	0.530992	16.9379	0.201867	0.50479	0.293467	0.0967694
20435	0.194599	0.229121	4.1203	2.16204	0.524729	0.842321	2.85824	4.20801	2.02386	0.480955	16.4757	0.209772	0.502612	0.292304	0.0967241
20436	0.296248	0.238973	4.13873	2.11905	0.512007	0.863421	2.87186	4.20318	2.18573	0.520019	21.5494	0.160842	0.516044	0.287131	0.0968112
20437	0.23411	0.236742	3.88847	2.02924	0.52186	0.871939	2.87602	4.02859	2.32938	0.578212	17.1223	0.203413	0.550535	0.285583	0.0969929
20438	0.168574	0.190414	4.10505	2.00251	0.487817	0.808892	2.77669	4.21257	2.26427	0.537504	16.3139	0.205003	0.512982	0.281665	0.0971847
20439	0.182906	0.182138	3.87368	1.8049	0.46594	0.749126	2.75543	4.17624	2.26744	0.542938	20.6541	0.160303	0.505886	0.289124	0.0972617
20440	0.304863	0.292363	4.03535	1.96499	0.486943	0.933802	2.86243	3.92355	2.12643	0.541966	16.6983	0.197782	0.514068	0.28765	0.0975008
20441	0.313679	0.30977	3.74556	2.06174	0.550449	0.922175	2.92601	4.01427	1.99418	0.496772	18.486	0.185133	0.522681	0.296819	0.0979096
20442	0.322139	0.355073	3.87319	1.964	0.507077	0.905506	2.98278	3.64152	1.97411	0.542111	20.2894	0.170159	0.524054	0.304858	0.0978613
20443	0.426271	0.398652	4.03633	2.18665	0.541743	0.986918	2.97925	4.08156	1.96857	0.482307	21.1867	0.157162	0.511859	0.286158	0.0981092
20444	0.464205	0.479864	4.14297	2.13114	0.514399	1.01706	3.03758	3.84663	1.83073	0.47593	21.4033	0.152825	0.495878	0.292291	0.0982817
20445	0.4191	0.434391	3.90124	2.06087	0.52826	1.09103	3.11738	4.14522	2.06954	0.49926	15.9437	0.225746	0.51332	0.30358	0.0984789
20446	0.477525	0.497132	4.05276	1.95879	0.483323	1.19205	3.15404	3.92875	2.02311	0.514951	13.8268	0.255272	0.498891	0.307203	0.099078
20447	0.508387	0.560847	4.16799	2.03358	0.487903	1.26884	3.21059	3.92163	1.97941	0.504743	12.1413	0.289143	0.496067	0.304406	0.0993439
20448	0.503543	0.488821	3.98163	2.12032	0.532526	1.17029	3.21059	4.02491	2.06449	0.512928	16.6643	0.222273	0.522674	0.306893	0.0994846
20449	0.477335	0.439703	3.91722	1.92622	0.491732	1.18114	3.29221	4.24775	2.09412	0.492996	16.4265	0.247673	0.49239	0.33609	0.0995215
20450	0.393524	0.427278	3.79615	1.88374	0.496224	1.3942	3.40608	4.22352	1.94153	0.459696	8.86121	0.500681	0.476987	0.367169	0.0998797
20451	0.424045	0.448967	3.90278	2.03962	0.522607	1.40655	3.43253	4.10479	1.96318	0.478265	9.22142	0.482661	0.499877	0.357426	0.100132
20452	0.356191	0.400076	4.02133	1.86173	0.462964	1.44639	3.46668	3.93429	2.00514	0.509657	7.91231	0.594269	0.486055	0.378223	0.100596
20453	0.353998	0.352337	3.74517	1.92287	0.513425	1.42954	3.46387	4.11182	2.08165	0.506261	8.36935	0.578399	0.509676	0.376839	0.100367
20454	0.428713	0.424187	3.99053	1.85969	0.466025	1.39059	3.3397	3.77923	2.03218	0.537723	9.18743	0.4626	0.500899	0.353294	0.100778
20455	0.441811	0.405818	3.86474	1.75352	0.453723	1.30546	3.3195	3.93721	1.99036	0.505526	11.3817	0.372947	0.479865	0.361911	0.101217
20456	0.435038	0.424013	3.86263	1.93232	0.500259	1.32847	3.32387	4.01657	2.00606	0.499447	10.535	0.399107	0.499845	0.348137	0.10184
20457	0.440784	0.409676	3.83872	1.90699	0.496779	1.28966	3.32873	3.78428	1.91161	0.505144	11.8248	0.360297	0.500932	0.358206	0.101724
20458	0.441907	0.464269	3.78586	1.97845	0.522587	1.38089	3.35549	3.78619	1.91209	0.505016	9.48088	0.440843	0.513802	0.349558	0.101952
20459	0.445013	0.434027	4.19431	1.98132	0.472383	1.29609	3.35367	3.85516	1.86359	0.483401	11.7685	0.362168	0.47766	0.356723	0.102275
20460	0.318061	0.380995	4.13788	2.01332	0.48656	1.26003	3.2656	3.85856	1.89429	0.490932	9.37772	0.443655	0.488669	0.347523	0.102594
20461	0.337238	0.339959	4.23172	2.01297	0.475687	1.19605	3.23688	3.89386	1.81882	0.467098	11.3784	0.368777	0.471571	0.353926	0.103198
20462	0.270926	0.331254	3.98692	2.06946	0.519062	1.08734	3.20089	4.0421	1.95179	0.482864	12.3548	0.333264	0.500839	0.338717	0.103846
20463	0.29693	0.248356	3.90968	1.99136	0.509341	1.11536	3.1716	3.88463	1.83449	0.472244	12.7575	0.334915	0.490852	0.358429	0.103624
20464	0.319463	0.275248	4.09844	1.9534	0.47662	1.22306	3.25345	3.45783	1.9179	0.554654	10.8633	0.40824	0.51233	0.364301	0.103773
20465	0.215231	0.261854	4.16537	2.02344	0.485776	1.18406	3.18569	3.76599	1.827	0.485133	9.10768	0.469319	0.48547	0.35705	0.104185
20466	0.336675	0.273577	4.18178	2.08964	0.4997	1.22645	3.17405	3.62378	1.83891	0.507457	10.6261	0.395851	0.503301	0.3488	0.10447
20467	0.300655	0.289805	3.82551	1.96443	0.513509	1.09242	3.13402	3.62346	1.82049	0.502418	12.9041	0.313449	0.508114	0.348362	0.104668
20468	0.256247	0.271269	4.00939	2.12965	0.531165	1.04978	3.12735	3.7049	1.92251	0.518909	12.9541	0.314849	0.525279	0.334891	0.104854
20469	0.270448	0.274923	3.81307	2.06719	0.542132	1.0845	3.1096	4.04256	2.00841	0.496816	12.1256	0.33134	0.518812	0.330271	0.104697
20470	0.44496	0.352728	3.93468	2.12126	0.539119	1.07325	3.1175	3.84036	1.95307	0.508563	19.3639	0.197376	0.524026	0.319389	0.104802
20471	0.272283	0.287372	4.10371	2.03443	0.495753	1.19465	3.17094	4.01778	1.91647	0.476997	9.7735	0.425382	0.486474	0.344866	0.104959
20472	0.299601	0.229791	3.78369	1.98764	0.525316	1.18524	3.10678	4.18883	2.0103	0.479918	10.5527	0.392177	0.501464	0.341171	0.104869
20473	0.253596	0.238678	4.13327	1.99507	0.482685	1.08563	3.08401	3.71179	2.02376	0.545223	11.6944	0.346144	0.512274	0.335052	0.105264
20474	0.177291	0.227596	3.9704	1.93717	0.487904	1.09236	3.01313	4.14103	2.02117	0.488085	9.26638	0.418674	0.487997	0.328993	0.105405
20475	0.233143	0.197033	3.75831	1.89312	0.503715	0.980124	3.03303	4.06059	1.98637	0.489183	14.4142	0.278991	0.496168	0.341479	0.105353
20476	0.129208	0.162353	4.04371	1.85446	0.458604	1.01198	3.03636	3.87192	2.02991	0.524265	10.5994	0.389641	0.490722	0.347207	0.1057
20477	0.217537	0.163376	3.66477	1.80843	0.493464	0.97615	3.02041	4.00296	2.07876	0.519305	14.1837	0.287747	0.506955	0.344362	0.105768
20478	0.250618	0.181335	4.22611	1.988	0.470409	1.0806	3.05025	3.97076	2.06515	0.520089	11.948	0.344435	0.494475	0.336837	0.105807
20479	0.252064	0.187918	4.38133	2.24519	0.512444	1.0431	3.09442	3.95371	2.03468	0.514625	13.5005	0.312867	0.513478	0.330523	0.106034
20480	0.158791	0.165019	3.99682	1.88345	0.471238	1.10487	3.05613	3.79709	1.92439	0.506806	9.33847	0.44753	0.488566	0.35444	0.106473
20481	0.149618	0.196552	3.83933	1.82465	0.475254	1.10632	3.12764	3.92762	1.92483	0.490074	9.38649	0.457639	0.482748	0.364319	0.10655
20482	0.233925	0.198838	3.67694	1.80907	0.492005	1.14705	3.09374	3.76886	1.88503	0.500159	10.0509	0.416899	0.496132	0.362015	0.106951
20483	0.179304	0.180506	3.83548	1.93097	0.503449	1.14217	3.15697	3.6877	1.83922	0.498744	9.55588	0.463554	0.501143	0.37018	0.107155
20484	0.103891	0.0962653	3.64355	1.86481	0.51181	1.22126	3.17779	3.91038	1.91146	0.488817	7.60567	0.624256	0.499907	0.386112	0.107276
20485	0.125928	0.134677	3.96038	2.00905	0.507286	1.18652	3.2083	3.69569	1.85726	0.502548	8.39858	0.562427	0.504999	0.379333	0.107794
20486	0.0387555	0.158412	3.99101	1.98312	0.496896	1.13443	3.17419	4.04178	2.01649	0.498912	7.57585	0.600256	0.49791	0.362559	0.108019
20487	0.146372	0.182672	4.00445	1.83617	0.458532	1.05278	3.12514	3.82813	1.95304	0.510182	10.5384	0.41079	0.483776	0.363674	0.108465
20488	0.218229	0.246302	3.90967	1.8734	0.47917	1.17411	3.07546	4.34722	1.95005	0.448573	8.76015	0.45685	0.463061	0.343669	0.108574
20489	0.301726	0.249898	4.09934	1.88461	0.459734	0.998752	3.0278	3.71946	1.92627	0.51789	15.8831	0.242923	0.487399	0.336202	0.108727
20490	0.149363	0.219459	3.92879	1.88521	0.479844	0.941916	2.96155	3.96361	2.06033	0.519813	11.9703	0.314069	0.499916	0.322798	0.108854
20491	0.298443	0.293336	4.033	1.91634	0.475165	1.00709	3.00489	4.05571	1.98099	0.488443	14.6411	0.251093	0.481823	0.320595	0.108847
20492	0.201365	0.242021	3.9353	1.94961	0.495416	1.11508	3.06084	3.99117	1.86462	0.467187	9.5172	0.41744	0.481202	0.342561	0.10929
20493	0.272416	0.22853	4.02092	1.97491	0.491159	1.02616	3.01635	3.86223	1.87978	0.486707	13.6799	0.284064	0.488978	0.335243	0.109214
20494	0.272172	0.241973	3.80971	1.93419	0.507702	1.01997	2.98732	4.41605	2.01908	0.457213	13.4779	0.279604	0.480597	0.32289	0.108892
20495	0.233464	0.234267	3.73947	1.88287	0.503513	0.929134	2.93823	3.83255	1.87463	0.489134	15.1076	0.241979	0.496235	0.327369	0.109499
20496	0.307104	0.30375	3.61104	1.73791	0.481277	0.92372	2.94335	3.93611	1.77898	0.451965	18.3251	0.190108	0.46599	0.331343	0.109921
20497	0.322936	0.275846	3.95505	1.92348	0.486336	0.862288	2.87882	3.76307	1.82546	0.4851	23.2914	0.14545	0.485733	0.311319	0.109957
20498	0.374969	0.335773	4.10504	1.9307	0.470324	0.90571	2.89902	4.12692	2.10749	0.51067	23.3247	0.140843	0.49055	0.289248	0.10994
20499	0.343764	0.322797	3.66477	1.95339	0.533018	0.939651	2.88419	4.06995	2.20031	0.540623	18.4767	0.177541	0.53702	0.283191	0.110029
20500	0.383903	0.306835	3.73552	1.89937	0.508463	0.945046	2.91783	3.91574	2.07067	0.528808	21.6503	0.157441	0.518875	0.300459	0.110304
