cycle	Zbar1	Gbar1	VP1	VG1	h21	Zbar2	Gbar2	VP2	VG2	h22	h2b	h2b_denom	h2w	Qst	Fst
20000	-0.152955	-0.225775	3.71882	1.87941	0.505379	3.80188	-0.229842	3.73192	1.78367	0.47795	1.05729e-06	7.82036	0.49164	1.12917e-06	0.000366353
20001	-0.245237	-0.232681	3.61779	1.79281	0.495553	3.61566	-0.295553	3.75309	1.85336	0.493822	0.000265177	7.45325	0.494672	0.000271091	0.000606259
20002	-0.268424	-0.256246	3.63198	1.88107	0.517919	3.64734	-0.309567	3.95411	1.94327	0.491457	0.000185421	7.66659	0.504126	0.000185913	0.000869223
20003	-0.286102	-0.254016	3.77709	1.87094	0.49534	3.63259	-0.392921	3.94092	1.80496	0.458005	0.00125648	7.67809	0.476276	0.00131118	0.00113104
20004	-0.227115	-0.232813	3.75994	1.96278	0.522024	3.60582	-0.417257	4.08241	1.99658	0.489069	0.00231561	7.34568	0.504869	0.00214451	0.0013931
20005	-0.166012	-0.216805	3.99597	1.8435	0.46134	3.50041	-0.486618	3.54462	1.75778	0.4959	0.00541552	6.72131	0.477586	0.00503077	0.0016673
20006	-0.193914	-0.189688	3.81754	1.79616	0.470501	3.44082	-0.573203	3.97978	1.79035	0.449863	0.0111332	6.60563	0.459967	0.0101536	0.00192074
20007	-0.184566	-0.130687	3.81616	1.80489	0.472959	3.35622	-0.635836	3.66228	1.70466	0.465463	0.0203535	6.26857	0.469288	0.0178615	0.00218635
20008	-0.0974136	-0.0964164	3.70246	1.87144	0.505457	3.32503	-0.681309	3.69509	1.71587	0.464364	0.0292065	5.85657	0.484931	0.0232972	0.0025399
20009	-0.0850889	-0.0683294	3.9029	1.97005	0.504766	3.2661	-0.765933	3.71933	1.70019	0.457123	0.043333	5.61524	0.481518	0.0321004	0.00275492
20010	-0.00683699	-0.0280655	4.08708	2.00098	0.489586	3.17067	-0.738619	3.61952	1.85272	0.51187	0.0500059	5.04827	0.500052	0.03173	0.00289846
20011	0.0319641	-0.0128029	3.91422	1.86685	0.476939	3.29297	-0.725768	3.69059	1.71619	0.465017	0.0478006	5.31709	0.471153	0.0342688	0.00313824
20012	-0.084692	-0.0705377	3.99128	1.93611	0.485086	3.31511	-0.738337	3.68996	1.93611	0.524695	0.0385819	5.77934	0.504114	0.0279999	0.00344175
20013	-0.106228	-0.0648419	4.08374	1.84785	0.45249	3.26324	-0.81028	4.04852	2.01343	0.497325	0.048944	5.67667	0.47481	0.0347449	0.00372583
20014	-0.0928751	-0.0799247	4.514	2.1583	0.478133	3.09184	-0.840424	4.23109	2.02369	0.478289	0.0570241	5.07119	0.478209	0.0334352	0.00387271
20015	-0.0872368	-0.0655049	3.98185	2.22197	0.558025	3.08578	-0.919268	3.82121	1.86426	0.487873	0.0723987	5.03401	0.523671	0.0427121	0.00412223
20016	-0.0766092	-0.0568611	3.84207	2.06495	0.537456	3.05873	-0.923733	3.63164	1.86985	0.514879	0.0764435	4.91518	0.526485	0.045591	0.00428362
20017	0.0626377	0.0168767	4.1525	1.99104	0.47948	3.08285	-0.944454	3.44265	1.82996	0.531556	0.101314	4.56085	0.503084	0.0570449	0.00464974
20018	-0.0366067	-0.00807358	3.71989	1.97976	0.532208	3.0231	-0.993792	3.75583	1.9309	0.514108	0.103788	4.6809	0.523114	0.0585098	0.00497115
20019	0.0207499	-0.0231314	4.07369	1.93901	0.475983	2.93841	-1.0271	4.00651	2.00144	0.499546	0.118406	4.25637	0.487667	0.0601339	0.00525257
20020	-0.114754	-0.0736293	3.82109	1.90829	0.499409	2.99386	-1.04751	3.81151	1.96156	0.514641	0.0981483	4.83173	0.507016	0.0577617	0.00554417
20021	-0.0791425	-0.09411	4.03673	2.00561	0.49684	2.97731	-1.05617	3.87394	1.76803	0.456389	0.0990752	4.67095	0.477031	0.0578016	0.00569706
20022	-0.0183621	-0.0079287	3.75875	1.86819	0.497025	2.84218	-1.10748	4.09396	1.8697	0.456697	0.147752	4.09134	0.476	0.0748469	0.00580981
20023	-0.107303	-0.0360231	3.79078	1.79285	0.47295	2.78384	-1.16295	3.80053	1.92633	0.506858	0.151933	4.17935	0.489926	0.0786879	0.00604845
20024	-0.0342222	-0.0110993	3.94318	1.80525	0.457815	2.72164	-1.23356	3.97446	1.85004	0.465482	0.196769	3.7974	0.461664	0.0927735	0.00623965
20025	-0.0155354	-0.0312248	4.04145	1.96907	0.487218	2.61163	-1.32491	3.68557	1.75945	0.477388	0.242484	3.45101	0.48253	0.100941	0.00638762
20026	-0.0105074	-0.0130698	3.92587	1.94865	0.496361	2.68299	-1.2964	3.79009	1.82458	0.481408	0.227008	3.62747	0.489016	0.0984281	0.00646224
20027	-0.0798308	-0.0819761	4.00064	1.82757	0.456819	2.70213	-1.33665	3.36294	1.77633	0.528206	0.203405	3.86967	0.489421	0.0984958	0.00683863
20028	0.145495	0.0577164	4.0459	1.91841	0.47416	2.63506	-1.34633	3.50779	1.75362	0.499921	0.318068	3.09896	0.486123	0.118385	0.00704828
20029	0.0294144	0.069499	3.78582	1.76099	0.465154	2.61445	-1.40118	3.64853	1.72624	0.473132	0.32367	3.34121	0.469069	0.134302	0.00732045
20030	0.0350891	0.0330135	3.61879	1.86328	0.51489	2.52428	-1.49674	3.83903	1.83479	0.47793	0.377685	3.09803	0.495864	0.136651	0.00752929
20031	0.0784994	-0.00349393	3.73406	1.84203	0.493304	2.43871	-1.58281	3.78995	1.87358	0.494355	0.447754	2.78529	0.493833	0.143767	0.00781118
20032	-0.0164986	0.0353558	3.91408	1.91476	0.489198	2.30433	-1.63928	3.92288	1.93311	0.492779	0.520661	2.69312	0.49099	0.154188	0.00828775
20033	-0.00923647	-0.000413793	3.9092	1.77452	0.453933	2.39621	-1.61999	3.57855	1.91296	0.534565	0.453325	2.89309	0.492469	0.151047	0.00853269
20034	-0.036039	-0.0162284	3.81377	1.77454	0.465298	2.32616	-1.68156	4.12201	2.02939	0.492331	0.497017	2.78998	0.479339	0.154233	0.00878661
20035	0.136236	0.0826523	3.72107	1.79576	0.482594	2.26891	-1.71197	4.14328	1.95948	0.47293	0.708103	2.27415	0.477503	0.176628	0.00915452
20036	0.0729101	0.0682041	3.73336	1.72721	0.462641	2.29932	-1.69674	3.6269	1.78262	0.491499	0.628424	2.47845	0.476861	0.181663	0.009299
20037	0.0524481	0.0818699	3.79071	1.73771	0.458412	2.24037	-1.75534	3.80638	1.77251	0.465667	0.70511	2.3935	0.462047	0.193884	0.00965379
20038	0.13563	0.113591	3.8948	1.76682	0.453637	2.21255	-1.78923	3.82183	1.76822	0.462663	0.839381	2.15679	0.458107	0.203941	0.0097729
20039	0.10956	0.147151	3.65354	1.79143	0.490326	2.16076	-1.85454	3.6106	1.81344	0.502253	0.952314	2.1037	0.496255	0.217535	0.0100434
20040	0.0478898	0.105029	4.22608	1.84089	0.435601	2.08112	-1.88749	3.94301	1.83321	0.464928	0.960358	2.06701	0.449756	0.212772	0.0103205
20041	0.152137	0.0941287	3.88166	1.7201	0.443135	2.0863	-1.97114	4.03627	1.73368	0.429524	1.14016	1.8705	0.436197	0.235999	0.0104407
20042	0.0194475	0.0621145	3.55443	1.87325	0.527019	2.00144	-2.01185	4.11062	1.88382	0.458281	1.09496	1.96414	0.490156	0.222611	0.0108133
20043	0.035387	0.0072104	3.82238	1.80014	0.470948	1.96011	-2.08067	3.86814	1.85834	0.480423	1.17673	1.85228	0.475714	0.229605	0.0110681
20044	-0.109914	-0.05737	3.92466	1.87904	0.478779	1.90177	-2.12013	3.74214	1.95364	0.522066	1.05142	2.02344	0.499907	0.217334	0.0112988
20045	0.0312261	-0.0170762	3.81689	1.75361	0.459434	1.83125	-2.18491	4.06476	2.07867	0.511388	1.45043	1.62004	0.486228	0.23473	0.0115617
20046	0.00442934	0.00924372	3.96468	1.92088	0.484498	1.74188	-2.23351	3.86799	1.79482	0.464019	1.66623	1.50937	0.474385	0.252947	0.0118298
20047	-0.0667836	-0.00834185	3.90288	1.95635	0.501259	1.78329	-2.20999	3.8656	1.95721	0.506316	1.41617	1.71139	0.503775	0.236524	0.0121712
20048	0.0321591	0.00139689	4.10006	1.86962	0.455998	1.73762	-2.27396	3.87101	1.90624	0.492439	1.77998	1.45429	0.473695	0.255375	0.0124363
20049	0.041816	0.0171061	3.66988	1.66994	0.455038	1.68738	-2.31252	3.91903	1.92896	0.492204	2.00422	1.35393	0.474231	0.273884	0.0126303
20050	0.000888226	0.0310667	3.69117	1.85088	0.501435	1.72802	-2.28306	3.88585	1.75861	0.452569	1.79524	1.49149	0.476374	0.270656	0.0127839
20051	0.0910389	0.0664663	3.82985	1.8677	0.48767	1.78316	-2.26047	3.97869	1.90202	0.478051	1.89107	1.43164	0.482769	0.26431	0.0128812
20052	-0.0381154	0.00994685	3.67403	1.78773	0.486586	1.74186	-2.2617	3.99857	1.88568	0.47159	1.62874	1.58416	0.478771	0.260012	0.012962
20053	-0.0669761	-0.0889287	4.03207	1.97332	0.489405	1.62616	-2.33441	3.90979	1.80761	0.46233	1.75887	1.43336	0.476076	0.250129	0.0130741
20054	-0.0847735	-0.0987281	3.79537	1.89413	0.499063	1.74818	-2.33967	3.73087	1.79666	0.481568	1.49472	1.67986	0.490391	0.253914	0.0131191
20055	-0.103619	-0.0673976	4.12238	1.9325	0.468784	1.56204	-2.41112	4.22439	2.01539	0.477083	1.97987	1.38722	0.472984	0.258171	0.0133417
20056	-0.0339665	-0.00746227	3.80442	1.86434	0.490047	1.55607	-2.43161	4.14323	2.03026	0.490018	2.32437	1.2641	0.490032	0.274	0.0135997
20057	-0.0785691	-0.0423205	4.11638	1.8962	0.460647	1.65975	-2.4092	4.12103	2.06848	0.501931	1.85393	1.51088	0.481301	0.261137	0.0139493
20058	0.00913123	-0.00655615	3.95786	1.89386	0.478505	1.53009	-2.3967	3.98308	1.88959	0.474403	2.46954	1.15665	0.476448	0.27414	0.0141817
20059	0.0262454	0.0644983	3.82209	1.83163	0.479223	1.61907	-2.37973	3.89838	1.79819	0.461267	2.35476	1.26855	0.470156	0.291622	0.0144953
20060	0.0841193	0.108663	3.87893	2.02705	0.522579	1.6375	-2.37109	4.02521	1.82359	0.453042	2.54836	1.2065	0.487167	0.285424	0.0146439
20061	0.154505	0.174727	4.07683	1.94627	0.477399	1.59046	-2.36702	3.80249	1.78334	0.468993	3.13319	1.03098	0.473342	0.302295	0.014772
20062	0.0444496	0.0557854	3.86477	1.92975	0.499316	1.61093	-2.41489	3.86611	1.79515	0.46433	2.4876	1.22693	0.48182	0.290728	0.014983
20063	0.297962	0.182878	4.19584	2.04372	0.487083	1.64866	-2.313	3.96922	1.86971	0.471051	3.41453	0.912186	0.479289	0.284768	0.0152716
20064	0.277165	0.226727	3.7361	2.00173	0.535781	1.72319	-2.31383	3.98135	1.89192	0.475197	3.08681	1.04549	0.504526	0.2931	0.0154358
20065	0.316698	0.248888	3.79682	1.92011	0.505714	1.73908	-2.28055	3.76058	1.85185	0.492437	3.1624	1.01159	0.499107	0.297885	0.0155836
20066	0.161931	0.232142	4.17196	1.95889	0.469537	1.71835	-2.29981	3.8225	1.82724	0.478022	2.64641	1.21122	0.473594	0.297516	0.0158257
20067	0.338624	0.202628	3.97671	1.97189	0.49586	1.62517	-2.33504	3.93765	1.75506	0.445711	3.89064	0.827596	0.47091	0.301768	0.0160075
20068	0.176381	0.163506	4.08435	1.8615	0.455764	1.54604	-2.39715	3.59313	1.87266	0.521177	3.49527	0.937978	0.486378	0.305173	0.0164677
20069	0.129214	0.0984429	3.63551	1.77672	0.488713	1.53404	-2.39459	3.90145	1.89283	0.485161	3.14931	0.986762	0.486874	0.297578	0.0170093
20070	0.0779095	0.0960437	3.91093	1.7675	0.451939	1.63758	-2.43734	3.74801	1.79293	0.478368	2.63838	1.21628	0.464872	0.310762	0.017433
20071	0.0680766	0.0529269	3.53792	1.71155	0.483774	1.50594	-2.46041	3.75321	1.84601	0.491848	3.05541	1.03372	0.48793	0.30754	0.0178269
20072	0.12822	0.11877	3.66604	1.78544	0.487023	1.59139	-2.40984	3.64618	1.77613	0.487122	2.98659	1.07043	0.487072	0.309885	0.0180583
20073	0.150134	0.13311	3.78682	1.8839	0.497488	1.66388	-2.44562	3.66621	1.90228	0.51887	2.90205	1.14571	0.508006	0.30522	0.018125
20074	0.0684067	0.0536738	3.84858	1.85623	0.482314	1.58606	-2.49233	4.19651	1.96711	0.468749	2.8143	1.15164	0.475238	0.297785	0.0184664
20075	0.0574965	0.0437966	3.88937	1.7915	0.460615	1.57081	-2.43125	4.07419	1.95106	0.478883	2.67492	1.14506	0.469961	0.290482	0.01869
20076	0.0708727	0.0997794	3.71658	1.78487	0.480246	1.5438	-2.49346	4.03789	2.04733	0.507029	3.09972	1.08476	0.494192	0.305039	0.0189439
20077	0.135807	0.118157	4.02069	1.78132	0.443039	1.55275	-2.44459	3.81173	1.88587	0.494755	3.27121	1.00386	0.468207	0.309371	0.0191866
20078	0.105321	0.106156	3.55521	1.67172	0.470218	1.59926	-2.43345	3.63539	1.86761	0.51373	2.8898	1.11592	0.492216	0.313089	0.0194543
20079	0.0524631	0.0500913	3.66322	1.70873	0.466456	1.54084	-2.44058	3.92598	1.94348	0.495031	2.80033	1.10763	0.481238	0.298172	0.0197015
20080	0.0346833	0.0732336	3.84586	1.81184	0.471113	1.45092	-2.56954	4.06197	2.00651	0.493975	3.48216	1.00286	0.482856	0.313898	0.0196982
20081	0.148028	0.134067	3.55229	1.78298	0.501924	1.36882	-2.61526	4.01238	1.94989	0.485969	5.07194	0.74516	0.493461	0.336204	0.019937
20082	0.0344454	0.066614	3.75443	1.79822	0.478959	1.35835	-2.62994	3.77806	1.93506	0.512184	4.14866	0.876358	0.495624	0.327585	0.020193
20083	0.0236841	0.0435288	3.73519	1.83181	0.49042	1.33259	-2.6146	3.91639	1.7939	0.45805	4.12414	0.856622	0.473852	0.327701	0.0206009
20084	0.126806	0.0983799	3.97616	1.78574	0.449111	1.3318	-2.64166	3.84544	1.82426	0.474395	5.17066	0.726001	0.461542	0.342188	0.0208928
20085	0.203184	0.126381	3.77392	1.8438	0.488565	1.32125	-2.70119	3.80631	1.72497	0.453186	6.39582	0.625031	0.4708	0.359122	0.0211753
20086	0.163317	0.164897	3.71575	1.79098	0.481996	1.29422	-2.67491	3.55292	1.73463	0.488227	6.30565	0.639467	0.485041	0.363924	0.0215151
20087	0.189711	0.199142	3.73295	1.84666	0.49469	1.18776	-2.7377	3.97869	1.8752	0.47131	8.65879	0.498052	0.482628	0.366945	0.0216887
20088	0.201022	0.184937	3.5813	1.68929	0.471698	1.11579	-2.84353	3.76817	1.8122	0.480923	10.9602	0.418404	0.476427	0.39583	0.0216295
20089	0.128376	0.155146	3.41079	1.686	0.494313	1.10156	-2.86545	3.82863	1.80952	0.472628	9.63369	0.473548	0.482845	0.394995	0.0218552
20090	0.167609	0.157835	3.68662	1.76113	0.477708	1.12155	-2.83608	3.76758	1.67608	0.44487	9.85006	0.454999	0.461111	0.394774	0.0220843
20091	0.0489916	0.197592	3.59915	1.74234	0.484098	1.26997	-2.7852	4.10472	1.90181	0.463322	5.96803	0.745392	0.473029	0.379141	0.0222262
20092	0.219848	0.205774	3.85116	1.80399	0.468427	1.16972	-2.81762	3.86663	1.88072	0.486398	10.1313	0.451124	0.47743	0.382907	0.0225148
20093	0.179992	0.268389	3.85337	1.84849	0.479706	1.06788	-2.8945	3.61762	1.71132	0.47305	12.6896	0.394177	0.476483	0.41277	0.0227846
20094	0.260615	0.262539	3.66674	1.84695	0.503703	1.07232	-2.89197	3.73518	1.74385	0.466871	15.1033	0.329429	0.485117	0.409387	0.0233382
20095	0.348742	0.278886	3.74605	1.8177	0.485231	1.10019	-2.91831	3.73203	1.73311	0.464388	18.1024	0.28234	0.474829	0.418625	0.023656
20096	0.234882	0.202634	3.51209	1.67839	0.47789	1.10127	-2.93257	3.81368	1.92435	0.504592	13.095	0.375314	0.491791	0.40562	0.0239574
20097	0.206603	0.185512	3.62971	1.74275	0.480136	1.08582	-2.89389	3.99937	1.88621	0.471625	12.267	0.386515	0.475675	0.395257	0.0241942
20098	0.266587	0.215722	3.72341	1.87421	0.503359	1.03012	-2.86002	3.71846	1.86827	0.502431	16.2273	0.29149	0.502895	0.387353	0.0245687
20099	0.140828	0.217684	3.88546	1.98308	0.510383	1.15156	-2.85834	3.81116	1.88144	0.493667	9.26196	0.510794	0.502106	0.37981	0.0248928
20100	0.161327	0.170932	4.1371	1.92045	0.464203	1.17261	-2.8496	4.04691	1.97275	0.48747	8.92118	0.511346	0.475708	0.369547	0.0251553
20101	0.204433	0.177912	4.06117	1.91655	0.471922	1.20489	-2.82077	3.98412	1.98133	0.497308	8.98383	0.500461	0.484493	0.365892	0.0252045
20102	0.203426	0.175051	3.74111	1.86922	0.499644	1.2261	-2.81591	3.76802	1.89578	0.503123	8.55357	0.522931	0.50139	0.37277	0.0252436
20103	0.154208	0.193678	3.86013	1.75142	0.45372	1.23032	-2.81746	3.7273	1.86122	0.499346	7.82967	0.579011	0.476134	0.385659	0.0255233
20104	0.197287	0.21087	3.62628	1.76316	0.486217	1.16096	-2.82284	3.68096	1.80379	0.490033	9.91031	0.464334	0.488139	0.392234	0.0255575
20105	0.232933	0.288727	3.83422	1.86861	0.487352	1.14366	-2.84835	3.80129	1.85738	0.488618	11.8651	0.414714	0.487982	0.397822	0.0258389
20106	0.307547	0.334787	3.76618	1.82085	0.483473	1.14651	-2.89422	3.7461	1.71414	0.457579	14.8132	0.351934	0.47056	0.424543	0.0259829
20107	0.348268	0.336257	4.00522	1.97593	0.493337	1.19398	-2.93181	3.91801	1.76338	0.450071	14.9324	0.357619	0.471942	0.416709	0.0263124
20108	0.327744	0.316853	4.02936	1.98599	0.49288	1.07319	-2.93209	3.88896	1.77387	0.45613	18.9955	0.277845	0.474831	0.41253	0.0264394
20109	0.300227	0.33648	3.75063	1.95366	0.520888	1.13182	-2.89348	3.70243	1.84888	0.499369	15.086	0.345772	0.510198	0.406965	0.0269875
20110	0.181344	0.234926	4.01947	1.87964	0.467634	1.22336	-2.86387	3.98618	1.85965	0.466524	8.84367	0.542903	0.467081	0.391106	0.0273959
20111	0.234921	0.247087	3.99867	1.91429	0.478732	1.15473	-2.90031	3.75616	1.83129	0.487542	11.7086	0.423027	0.482999	0.398141	0.0277154
20112	0.27998	0.233155	3.75577	1.82256	0.485268	0.928465	-3.01544	4.0104	1.91305	0.477022	25.0952	0.210266	0.48101	0.414047	0.0279502
20113	0.332189	0.323835	3.44561	1.63557	0.474682	0.943785	-3.04783	3.52115	1.9475	0.553085	30.3921	0.187025	0.514308	0.442457	0.0283912
20114	0.330466	0.365667	3.93321	1.80928	0.460002	0.944456	-3.06947	3.89378	1.85789	0.477144	31.3016	0.188492	0.46853	0.445937	0.0285827
20115	0.3976	0.36577	3.69971	1.78088	0.481358	0.905975	-3.11783	3.94108	1.90005	0.482115	46.9556	0.129223	0.481748	0.451942	0.0288135
20116	0.260834	0.306604	3.95941	1.73336	0.437782	0.93791	-3.1073	4.03149	1.99022	0.493669	25.4231	0.229216	0.465978	0.439112	0.0290842
20117	0.38873	0.346308	3.94297	1.87394	0.475261	0.855124	-3.11781	4.03232	2.04784	0.507855	55.1669	0.108762	0.491741	0.43354	0.0293976
20118	0.345396	0.331076	3.89101	1.94107	0.49886	0.86416	-3.10604	4.04115	1.96703	0.48675	43.8984	0.134558	0.49269	0.430557	0.0294745
20119	0.311638	0.326309	3.92621	1.96156	0.499606	0.901202	-3.09875	3.8853	1.93674	0.49848	33.75	0.173793	0.499046	0.429449	0.0295787
20120	0.384137	0.295163	3.9139	1.87373	0.478738	0.861125	-3.1188	3.87478	1.97122	0.508732	51.2276	0.113759	0.49366	0.431237	0.0296577
20121	0.301771	0.288908	3.8076	1.92773	0.506285	0.911922	-3.04563	4.07216	1.87033	0.459296	29.8675	0.186142	0.482002	0.422721	0.02977
20122	0.246428	0.273615	4.11359	1.95493	0.475236	0.979373	-2.96609	4.128	1.96796	0.476734	19.5375	0.268604	0.475987	0.400915	0.029939
20123	0.227708	0.258294	3.6502	1.83744	0.503379	1.05405	-2.95291	3.81157	1.92482	0.504995	15.1013	0.341422	0.504205	0.406724	0.029937
20124	0.214981	0.268967	3.66037	1.76788	0.482978	1.07466	-2.90359	3.93736	1.88117	0.477775	13.6191	0.369522	0.480281	0.408255	0.0303255
20125	0.197909	0.183159	3.96184	1.77664	0.448438	1.08142	-2.89571	3.77483	1.83666	0.486553	12.144	0.390294	0.467035	0.396209	0.0305299
20126	0.183484	0.178342	3.7313	1.80326	0.48328	1.04358	-2.96433	3.89773	1.87754	0.481701	13.3506	0.369886	0.482473	0.401606	0.031145
20127	0.187847	0.217655	3.77541	1.69175	0.448097	1.1079	-2.93807	3.77629	1.87154	0.495602	11.7645	0.423247	0.471852	0.411433	0.0313793
20128	0.218416	0.244815	3.94997	1.83545	0.464674	1.10323	-2.95411	3.73395	1.8237	0.48841	13.071	0.391443	0.476208	0.41159	0.0316817
20129	0.235673	0.226013	3.70257	1.86356	0.503316	0.950142	-3.03456	3.77794	1.76228	0.466467	20.8267	0.255233	0.484706	0.423096	0.0318545
20130	0.235072	0.1986	4.00197	1.82605	0.456288	0.994259	-3.05265	3.56505	1.76343	0.494644	18.3401	0.288183	0.474358	0.424159	0.0320567
20131	0.119832	0.188762	3.63279	1.74828	0.48125	0.837995	-3.14	3.95255	1.91559	0.484645	21.4842	0.257879	0.483019	0.430672	0.0324186
20132	0.117247	0.164651	3.66052	1.75066	0.478253	0.908985	-3.15811	4.08202	1.93782	0.474722	17.6131	0.313424	0.476391	0.428146	0.0327417
20133	0.147828	0.136308	3.80322	1.87689	0.493501	0.821257	-3.11877	4.02384	2.10696	0.52362	23.3636	0.226753	0.508985	0.399485	0.0331457
20134	0.182713	0.162413	4.0315	1.86059	0.461513	0.89593	-3.1298	4.08684	1.97349	0.482887	21.3075	0.254339	0.472273	0.414206	0.0331815
20135	0.0959724	0.0954944	3.6811	1.76886	0.480525	0.831191	-3.16078	4.02112	2.08396	0.518253	19.616	0.270273	0.500222	0.407713	0.0332062
20136	0.132378	0.0795232	3.69732	1.76732	0.477999	0.923875	-3.08453	3.89556	2.11245	0.542271	15.9804	0.313234	0.510974	0.392251	0.033448
20137	0.0815131	0.107684	3.90283	1.82006	0.466343	0.994192	-2.99729	4.16975	2.01561	0.483389	11.5739	0.416491	0.475148	0.386007	0.0335034
20138	0.234896	0.194788	3.86591	1.86878	0.4834	1.09048	-2.93023	3.89482	2.11446	0.542889	13.3408	0.36601	0.513255	0.380128	0.0337994
20139	0.227981	0.173628	4.10342	1.85379	0.451767	1.10571	-2.93703	4.18941	2.11146	0.504	12.5598	0.385203	0.478155	0.379023	0.0339064
20140	0.201143	0.18391	4.00759	1.92459	0.480236	1.16288	-2.94224	3.85763	2.00339	0.519333	10.566	0.462465	0.499412	0.383595	0.0342587
20141	0.203537	0.175001	3.91706	1.77256	0.452522	1.03105	-2.98471	4.00835	2.05782	0.513382	14.5797	0.342387	0.483303	0.394653	0.0346094
20142	0.166102	0.221297	3.69685	1.92136	0.51973	0.971651	-2.95561	4.24666	1.99482	0.469738	15.5534	0.324454	0.493004	0.391957	0.0347249
20143	0.223629	0.216792	3.74346	1.808	0.482976	1.12932	-2.88318	3.94738	1.95342	0.494865	11.7153	0.410142	0.489078	0.389883	0.0353326
20144	0.241758	0.239127	3.57952	1.71855	0.480106	1.13774	-2.90421	3.94708	1.85477	0.469909	12.3077	0.401395	0.474759	0.40885	0.0353315
20145	0.210205	0.211709	3.70952	1.81996	0.490618	1.00707	-2.97679	4.08726	1.94925	0.47691	16.0106	0.317493	0.483432	0.402861	0.0357542
20146	0.125469	0.230644	3.81456	1.72178	0.45137	1.0909	-2.94495	3.67832	1.75131	0.476117	10.8196	0.466024	0.463518	0.420712	0.035824
20147	0.190285	0.258472	3.94912	1.65955	0.420232	0.990263	-2.98085	3.89165	1.82657	0.469356	16.3966	0.319982	0.444614	0.42951	0.0360685
20148	0.306114	0.291702	3.71193	1.68285	0.453363	0.948073	-2.99479	3.68054	1.76306	0.479023	26.2091	0.206056	0.466139	0.439464	0.0360066
20149	0.229448	0.255359	4.04307	1.79818	0.444755	0.964015	-3.03798	3.87793	1.74164	0.449117	20.1007	0.269794	0.44689	0.433874	0.0363696
20150	0.106304	0.150612	3.51169	1.66428	0.473925	0.959497	-3.01338	3.9877	1.6855	0.422676	13.7523	0.363969	0.446674	0.427754	0.0367075
20151	0.108373	0.146896	3.74918	1.7416	0.464529	0.984084	-3.03914	3.84054	1.89485	0.493381	13.2367	0.383435	0.479128	0.411142	0.0371709
20152	0.152753	0.158827	3.6371	1.78105	0.48969	1.00732	-3.03245	3.70992	1.97897	0.533425	13.9454	0.365146	0.511774	0.403867	0.0371625
20153	0.153832	0.132194	3.80386	1.7778	0.467367	0.864358	-3.01729	4.02227	1.79788	0.44698	19.648	0.252424	0.456889	0.409636	0.037599
20154	0.224242	0.109515	3.97424	1.88882	0.475265	0.876692	-3.06866	3.96113	1.8039	0.455399	23.728	0.212845	0.465348	0.406237	0.0378392
20155	0.090174	0.0920994	3.93437	1.92	0.488008	0.905716	-3.12326	3.76646	1.85219	0.491759	15.5442	0.332554	0.489842	0.406713	0.0379569
20156	0.124933	0.0456741	3.50809	1.72699	0.492288	0.913623	-3.15656	3.7493	1.88391	0.50247	16.4852	0.311016	0.497549	0.415311	0.0380839
20157	-0.0142292	0.010615	3.85022	1.69146	0.439316	0.936966	-3.11954	3.87653	1.80244	0.464961	10.8291	0.452386	0.452182	0.412255	0.038486
20158	-0.000866032	0.0273972	3.59103	1.7595	0.489971	0.885041	-3.10282	3.90316	1.95431	0.500699	12.4845	0.392416	0.495558	0.397558	0.0388541
20159	-0.0790061	-0.0187605	4.02323	1.8981	0.471786	0.914655	-3.10704	4.00125	1.87567	0.468771	9.65956	0.493681	0.470283	0.387309	0.039457
20160	-0.0387644	-0.0230923	4.22128	2.05308	0.486364	0.869671	-3.11223	3.71363	1.77835	0.478871	11.5634	0.412627	0.482857	0.383848	0.0398751
20161	0.0249089	0.0250548	4.23822	2.07868	0.49046	0.974729	-3.02921	3.77113	1.79912	0.477078	10.3402	0.451079	0.484159	0.375666	0.0399304
20162	0.00583627	-0.00605643	3.84413	1.81111	0.471137	1.00947	-3.03596	3.71536	1.82869	0.492199	9.114	0.503638	0.481488	0.386828	0.0400545
20163	0.0363407	0.00186054	3.92579	1.78015	0.453451	1.06534	-2.99433	4.18917	1.91768	0.457772	8.47831	0.529418	0.455682	0.377808	0.0402725
20164	0.111978	0.0621417	3.70528	1.87354	0.50564	1.09077	-2.85158	4.04883	1.87487	0.463065	8.86171	0.479016	0.48341	0.361638	0.0409368
20165	-0.00379133	0.00126104	4.0974	2.00046	0.488226	1.11569	-2.8575	3.8454	1.90351	0.495008	6.52107	0.626624	0.49151	0.343664	0.0407706
20166	-0.0087302	-0.0046534	3.40958	1.76022	0.516257	1.08983	-2.89576	3.99478	1.93675	0.484819	6.92604	0.603413	0.499296	0.361231	0.0410106
20167	0.0854532	0.0406321	3.99186	1.86931	0.468281	1.08216	-2.91027	4.07145	1.90199	0.467152	8.76548	0.496712	0.467711	0.366099	0.0408633
20168	0.0848491	0.0382159	3.82389	1.92516	0.503456	1.11259	-2.87371	3.74873	1.87774	0.5009	8.02771	0.528128	0.502191	0.358029	0.0412313
20169	-0.0203851	0.0366695	3.96729	1.98537	0.500435	1.07485	-2.85688	3.83753	1.88574	0.491395	6.97993	0.599765	0.49599	0.351064	0.0412689
20170	0.145674	0.075657	3.96632	1.90057	0.479177	1.27053	-2.81666	3.59254	1.83448	0.510637	6.61147	0.632651	0.494129	0.359062	0.0417407
20171	0.0635851	-0.0122497	3.84106	1.88994	0.492035	1.23599	-2.77994	3.77112	1.79995	0.477299	5.57282	0.687272	0.484735	0.341781	0.042177
20172	-0.0813163	-0.0839694	3.65001	1.73286	0.474755	1.30806	-2.76722	4.03727	1.8909	0.468362	3.72977	0.965184	0.471397	0.331979	0.0420407
20173	-0.216721	-0.12804	3.53685	1.65196	0.467071	1.2922	-2.67781	3.8124	1.78149	0.467287	2.85543	1.13842	0.467183	0.321399	0.0423602
20174	-0.141496	-0.127609	3.93495	1.87902	0.47752	1.3148	-2.70828	4.08778	1.78332	0.436258	3.14026	1.0604	0.456496	0.312643	0.0424927
20175	-0.130369	-0.114604	3.92276	1.83004	0.466519	1.23053	-2.75006	3.9342	1.8459	0.469192	3.75021	0.926028	0.467858	0.320932	0.0425822
20176	-0.143409	-0.149479	3.70643	1.79751	0.48497	1.32283	-2.74139	3.60326	1.91234	0.530723	3.12485	1.07493	0.507524	0.311741	0.0427442
20177	-0.217969	-0.188231	3.89473	1.8395	0.472306	1.33845	-2.7092	3.71925	1.72789	0.46458	2.62348	1.21123	0.468532	0.308243	0.0429686
20178	-0.136348	-0.153002	3.95375	1.93468	0.489327	1.20165	-2.75322	3.76645	1.8802	0.499197	3.77664	0.895123	0.494142	0.307142	0.0432457
20179	-0.143024	-0.119657	4.05527	1.80824	0.445898	1.2325	-2.74535	3.82614	1.8047	0.471675	3.64381	0.946026	0.458412	0.323087	0.0434997
20180	-0.1826	-0.124924	3.928	1.86581	0.475002	1.20237	-2.8191	3.68129	1.83671	0.498932	3.78417	0.95907	0.486579	0.329019	0.0438278
20181	-0.145847	-0.160086	4.14849	1.87513	0.452003	1.17652	-2.81124	3.8097	1.87191	0.491353	4.01941	0.874333	0.47084	0.319348	0.0440184
20182	-0.0721797	-0.154597	3.97774	1.98499	0.499025	1.06998	-2.86188	4.03472	1.94822	0.482865	5.6184	0.652265	0.490887	0.317917	0.044268
20183	-0.192641	-0.146134	3.84631	1.79766	0.467372	1.18705	-2.82112	3.87056	1.77754	0.459247	3.75905	0.951775	0.463297	0.333604	0.0445484
20184	-0.214441	-0.182481	3.91075	1.93528	0.49486	1.15582	-2.79383	3.76414	1.85006	0.491496	3.63183	0.938802	0.49321	0.310626	0.0447778
20185	-0.24623	-0.225485	3.91082	2.05268	0.524873	1.10717	-2.8222	3.85773	1.81622	0.470801	3.68128	0.915843	0.498022	0.303588	0.0449183
20186	-0.102728	-0.181359	3.60201	1.72594	0.479161	1.16636	-2.88026	3.73412	1.89502	0.507487	4.5226	0.805294	0.493579	0.334735	0.0450596
20187	-0.1182	-0.181578	3.78975	1.84807	0.48765	1.12725	-2.87238	3.73298	1.81876	0.487213	4.6678	0.775569	0.487433	0.330606	0.0452931
20188	-0.122523	-0.185371	4.10122	1.89451	0.461939	1.11173	-2.93159	3.85321	1.83781	0.476957	4.95062	0.761694	0.469214	0.335731	0.0451885
20189	-0.0604383	-0.0612729	3.78531	1.84496	0.487401	0.860219	-3.06973	4.13737	1.97889	0.478296	10.678	0.423805	0.482646	0.37187	0.0456596
20190	0.0638527	0.0369124	3.97576	2.04408	0.514136	0.958205	-3.05218	3.90352	2.02027	0.51755	11.9301	0.399933	0.515827	0.369982	0.0462641
20191	0.0452096	0.0630744	4.01053	1.99633	0.497771	1.04233	-3.03521	4.24526	2.08132	0.490269	9.65486	0.497127	0.493914	0.370607	0.046541
20192	0.189201	0.112935	4.22805	1.87407	0.443246	1.0013	-3.01305	4.05254	1.96425	0.484696	14.8167	0.329755	0.463532	0.389045	0.0466182
20193	0.0808691	0.0401946	4.12674	1.81059	0.438747	1.0438	-3.0204	3.78213	1.89722	0.501626	10.1024	0.463616	0.468817	0.387219	0.0468368
20194	0.0548988	-0.0147082	3.72401	1.90641	0.511924	0.980369	-3.0846	4.23185	1.95401	0.461739	11.0033	0.428247	0.48523	0.379121	0.0471453
20195	0.0405718	0.00853732	3.67648	1.82255	0.495733	0.996789	-3.03221	4.14792	2.13725	0.515259	10.1123	0.457176	0.506084	0.368704	0.0474098
20196	-0.0306665	-0.0313324	4.01259	1.82823	0.455623	0.941416	-2.99217	4.16212	2.01883	0.485049	9.27733	0.472472	0.470605	0.363048	0.0477491
20197	-0.0616199	-0.0630778	3.99983	1.79601	0.449023	0.944366	-2.98729	4.23813	2.05678	0.485303	8.44956	0.506004	0.467688	0.35697	0.0482036
20198	-0.0417265	-0.0415029	4.02512	1.83448	0.455757	0.968999	-3.00344	4.06186	2.04091	0.502457	8.58787	0.510783	0.479213	0.361525	0.0481658
20199	-0.0378831	-0.0347371	4.00598	1.86296	0.465044	0.990071	-3.01082	4.09706	1.8566	0.453154	8.38191	0.528345	0.459032	0.373278	0.0484996
20200	-0.0300578	-0.0345191	4.01255	1.84786	0.46052	0.989559	-3.07972	3.66019	1.91822	0.524077	8.91987	0.519809	0.490839	0.381144	0.0487752
20201	-0.0251067	-0.0231964	3.8586	1.84453	0.478032	0.820534	-3.17844	3.86599	2.03375	0.526062	13.9218	0.357554	0.50207	0.391014	0.048819
20202	-0.0407887	-0.00751814	3.779	1.84576	0.488424	0.759324	-3.17738	3.96565	1.96987	0.496734	15.6956	0.32009	0.492679	0.397109	0.0489792
20203	0.0653199	0.0686568	3.85096	1.92544	0.49999	0.797762	-3.22972	3.80953	1.84407	0.484068	20.2794	0.268236	0.492072	0.419244	0.0493055
20204	0.0914803	0.0426251	4.02307	2.01313	0.500397	0.659791	-3.28865	3.78151	1.86478	0.493132	34.3596	0.161489	0.496877	0.417174	0.0493195
20205	0.0392899	0.0678516	4.14559	1.86631	0.450193	0.736694	-3.19789	3.66252	1.91554	0.523011	21.9277	0.243186	0.484349	0.413616	0.0494128
20206	0.0648243	0.101071	3.72411	1.86664	0.501231	0.837176	-3.18254	4.00665	1.90677	0.475901	18.0748	0.298264	0.488103	0.416809	0.0497409
20207	0.0349068	0.0772908	3.6965	1.7856	0.483052	0.925115	-3.13373	4.09132	1.87664	0.458687	13.0108	0.396235	0.470252	0.413215	0.0501341
20208	0.0525758	0.0590907	3.99509	1.82559	0.456959	0.883317	-3.13329	3.80752	1.7521	0.460168	14.7672	0.345065	0.458525	0.416058	0.050346
20209	0.0879961	0.121746	3.64266	1.68189	0.46172	0.929659	-3.04207	3.62054	1.84522	0.509653	14.1301	0.354198	0.485613	0.41515	0.0501088
20210	0.121059	0.190779	3.67888	1.78037	0.483942	1.07297	-2.99553	3.92265	1.67815	0.42781	11.2044	0.453063	0.454976	0.423381	0.0500521
20211	0.256828	0.213877	3.91194	1.95152	0.498863	1.09726	-2.95503	3.88651	1.83625	0.472469	14.2173	0.353159	0.485709	0.39872	0.0502755
20212	0.344431	0.367263	3.61966	1.88446	0.520617	1.10137	-2.9076	3.91826	1.90787	0.486918	18.7183	0.286477	0.5031	0.414299	0.0503502
20213	0.370982	0.355476	3.74907	1.90752	0.508798	0.988083	-2.93347	3.81303	1.87172	0.490875	28.4054	0.190407	0.499761	0.417223	0.0506
20214	0.398157	0.394282	3.99301	1.94016	0.485891	1.24707	-2.81861	3.57452	1.84887	0.517236	14.3242	0.360323	0.500697	0.405268	0.0503703
20215	0.396302	0.395066	3.84784	2.02036	0.525064	1.23001	-2.81025	3.8853	1.89618	0.48804	14.7811	0.347539	0.506462	0.396185	0.0505508
20216	0.509369	0.45543	4.0593	1.90877	0.470222	1.16664	-2.86504	3.93615	1.93171	0.49076	25.5215	0.216005	0.480333	0.417954	0.0507317
20217	0.498478	0.507838	3.87453	1.9465	0.502382	1.18064	-2.85524	3.90097	2.06848	0.530248	24.305	0.232674	0.516363	0.413355	0.0507995
20218	0.52357	0.50181	3.91806	1.85098	0.472422	1.14448	-2.8833	3.98872	2.05231	0.514529	29.7228	0.192764	0.493664	0.423398	0.0508339
20219	0.600214	0.487099	3.93457	1.79487	0.456179	1.10449	-2.86886	3.57018	1.85758	0.520304	44.2888	0.127148	0.486685	0.435434	0.050902
20220	0.475114	0.489376	3.73392	1.81447	0.485941	1.14624	-2.82109	3.79204	1.97149	0.519901	24.3311	0.225209	0.503052	0.419965	0.0510985
20221	0.468085	0.470137	4.01289	1.88949	0.470854	1.15199	-2.84376	4.19359	1.9897	0.474462	23.4796	0.233861	0.472698	0.414554	0.0507725
20222	0.401787	0.468437	4.06749	2.04641	0.503115	1.13808	-2.86661	4.03177	1.93864	0.480841	20.5163	0.271065	0.492027	0.411112	0.0509237
20223	0.435659	0.442162	4.03868	2.09124	0.517804	1.1794	-2.85016	3.93232	2.02087	0.513912	19.5955	0.276578	0.515884	0.397344	0.0510437
20224	0.431334	0.426911	3.86096	1.96516	0.508983	1.12308	-2.8365	4.15203	1.99654	0.480858	22.2565	0.239253	0.49441	0.402052	0.0513745
20225	0.482741	0.440727	4.17711	2.02703	0.48527	1.18779	-2.82302	3.86005	1.90028	0.492293	21.4285	0.248548	0.488643	0.4042	0.0520381
20226	0.382806	0.406691	4.34567	2.09604	0.48233	1.27803	-2.77539	3.8238	1.75428	0.45878	12.6345	0.400716	0.471307	0.396785	0.0523117
20227	0.304947	0.337194	4.28418	2.04	0.476169	1.16645	-2.79114	3.64647	1.80721	0.495604	13.186	0.371095	0.485105	0.388853	0.0525115
20228	0.25647	0.30735	4.18396	2.17168	0.519049	1.24991	-2.77426	4.134	2.10484	0.509154	9.62209	0.493465	0.514131	0.357087	0.0526714
20229	0.319069	0.327025	4.03509	2.16755	0.537176	1.20818	-2.8076	3.87685	1.99879	0.515572	12.4297	0.395259	0.52659	0.371027	0.0529162
20230	0.355914	0.355548	4.13889	2.10135	0.50771	1.21395	-2.82659	3.82229	1.95716	0.512039	13.7538	0.368117	0.509788	0.38426	0.053445
20231	0.327447	0.349699	4.25328	2.14803	0.50503	1.17817	-2.83308	3.86198	1.91566	0.496032	13.9972	0.361863	0.500748	0.384054	0.0537872
20232	0.401551	0.360196	4.26612	2.06351	0.483697	1.21649	-2.80269	3.99993	1.79425	0.44857	15.063	0.332066	0.466699	0.393432	0.053768
20233	0.381817	0.316449	3.75499	1.82081	0.484905	1.15121	-2.8167	3.6497	1.80869	0.495572	16.5832	0.295981	0.490162	0.403521	0.0538963
20234	0.264112	0.253587	3.91053	1.99776	0.510866	1.24478	-2.75982	3.9149	1.82111	0.465175	9.4421	0.480858	0.488008	0.372944	0.0542315
20235	0.241544	0.248343	3.82283	1.84651	0.483023	1.25377	-2.7081	3.94368	2.04852	0.519443	8.53069	0.5123	0.501517	0.359502	0.0544675
20236	0.168882	0.221352	4.08775	1.92521	0.47097	1.24567	-2.74257	4.17309	2.01681	0.483289	7.57665	0.579731	0.477193	0.357907	0.0548595
20237	0.0917149	0.145856	4.01799	1.8647	0.464088	1.1616	-2.79796	3.71886	1.95191	0.524867	7.57086	0.572331	0.493302	0.362221	0.0549424
20238	0.198965	0.253772	3.91375	1.80002	0.459921	1.30581	-2.65173	3.90903	2.0154	0.515575	6.89076	0.612554	0.487732	0.35626	0.055437
20239	0.132864	0.269053	3.50899	1.83119	0.521857	1.28957	-2.67765	4.18048	1.87673	0.448927	6.48977	0.66898	0.482208	0.369377	0.0556741
20240	0.132681	0.242111	3.64333	1.90851	0.523836	1.27722	-2.75124	3.9289	2.01074	0.511783	6.83992	0.654989	0.517582	0.3638	0.0559808
20241	0.276215	0.335528	3.7423	1.96109	0.524033	1.24969	-2.73287	3.90092	1.93639	0.496393	9.9351	0.473827	0.509926	0.376644	0.0562489
20242	0.294396	0.33765	4.21996	2.00466	0.475042	1.24902	-2.72595	3.84958	1.89708	0.4928	10.299	0.455657	0.483513	0.375655	0.0563126
20243	0.234942	0.343179	3.80299	1.95573	0.514262	1.22878	-2.72761	3.93111	1.94108	0.493774	9.54714	0.493852	0.503848	0.377051	0.0565527
20244	0.435646	0.407216	4.07085	1.93889	0.476286	1.33196	-2.71816	3.87596	1.87414	0.483531	12.1586	0.401691	0.47982	0.390524	0.0569152
20245	0.354127	0.3487	3.71796	1.94195	0.522315	1.39018	-2.60125	3.9769	1.89789	0.477228	8.10719	0.536698	0.499013	0.361781	0.0570337
20246	0.361787	0.294351	4.00622	1.95555	0.488128	1.53596	-2.53691	3.95681	1.77231	0.447914	5.81426	0.689344	0.468146	0.34974	0.0573601
20247	0.369916	0.338913	3.79595	1.90667	0.502291	1.48679	-2.50879	3.92357	1.76766	0.450523	6.50093	0.62371	0.475979	0.355685	0.0577215
20248	0.291765	0.288778	3.80166	1.88628	0.496171	1.47431	-2.57306	3.88153	1.80837	0.465891	5.85667	0.699212	0.480874	0.356692	0.0578539
20249	0.281182	0.262325	3.71376	1.76555	0.475408	1.38987	-2.59648	3.85762	1.87579	0.486256	6.6489	0.614597	0.480935	0.359546	0.0580217
20250	0.304312	0.27467	4.18117	2.03795	0.487411	1.48407	-2.54684	3.82496	1.83659	0.480161	5.71976	0.695915	0.483947	0.339466	0.0581315
20251	0.296133	0.338856	3.99997	1.91468	0.478673	1.47595	-2.52718	3.73852	1.83793	0.491618	5.90105	0.695989	0.484927	0.353798	0.0585342
20252	0.550785	0.523262	3.74819	1.81115	0.483208	1.5841	-2.4673	3.49758	1.6675	0.476759	8.37611	0.533869	0.480095	0.39138	0.058868
20253	0.406182	0.479017	3.52783	1.78076	0.504773	1.53025	-2.44613	3.70586	1.74842	0.471799	6.77186	0.631767	0.487881	0.377501	0.0588644
20254	0.536132	0.497685	3.88814	1.72533	0.443741	1.52188	-2.46656	3.62542	1.76646	0.487241	9.04277	0.485845	0.464731	0.386284	0.0592676
20255	0.438779	0.516279	3.72964	1.82862	0.490293	1.61703	-2.42641	4.02501	1.83834	0.456729	6.23752	0.69414	0.472872	0.371332	0.0592392
20256	0.48018	0.477736	3.92609	1.95327	0.497511	1.51171	-2.47958	3.39582	1.81521	0.534544	8.21917	0.53203	0.514687	0.367279	0.0593777
20257	0.457983	0.467157	3.66545	1.69198	0.461603	1.44128	-2.52274	3.79605	1.89331	0.498759	9.24585	0.483433	0.480506	0.384106	0.059629
20258	0.467548	0.516215	3.95556	1.84308	0.465947	1.43973	-2.52343	4.01404	1.9652	0.489581	9.77581	0.472567	0.477851	0.377661	0.0600393
20259	0.568192	0.533332	3.79928	1.77955	0.468391	1.5281	-2.47981	3.91299	1.93398	0.494246	9.85316	0.460716	0.481509	0.379467	0.0602236
20260	0.516637	0.560578	3.87223	1.82343	0.470899	1.5555	-2.48105	4.07494	1.91219	0.469255	8.57228	0.539617	0.470056	0.382507	0.0607007
20261	0.520487	0.536016	3.90401	1.92546	0.493202	1.48768	-2.51091	4.06181	1.8472	0.454774	9.92425	0.46773	0.473608	0.380999	0.060955
20262	0.57041	0.538196	3.8343	1.84715	0.481743	1.5067	-2.45527	3.72868	1.85113	0.496456	10.2218	0.438323	0.488997	0.377354	0.0612643
20263	0.584901	0.55469	3.62556	1.79481	0.495044	1.54077	-2.46812	3.98099	1.90861	0.479431	10.0006	0.456843	0.486873	0.381621	0.0612414
20264	0.599717	0.548183	4.00398	1.88077	0.469726	1.61027	-2.42123	3.90152	1.94531	0.498603	8.63429	0.510605	0.483977	0.365654	0.061517
20265	0.513895	0.432036	3.94656	1.90223	0.481998	1.44017	-2.48898	3.9663	1.90142	0.479394	9.94472	0.428989	0.480693	0.359418	0.0616495
20266	0.375744	0.393988	3.6761	1.87337	0.509608	1.5565	-2.52776	3.79383	1.96671	0.518397	6.12304	0.697092	0.514072	0.357342	0.0620026
20267	0.291731	0.331527	3.97021	1.86216	0.469033	1.43671	-2.54791	3.95155	1.97383	0.499509	6.32442	0.655486	0.484235	0.350912	0.0624868
20268	0.305954	0.259185	3.85351	1.77586	0.460841	1.41769	-2.59886	3.74935	1.81542	0.484196	6.60898	0.61798	0.472359	0.362617	0.0627594
20269	0.252971	0.230613	4.16248	1.93424	0.464685	1.49284	-2.58517	3.66266	1.65864	0.452853	5.15756	0.768642	0.459147	0.355656	0.0628394
20270	0.182677	0.194137	3.93048	1.98303	0.504527	1.39726	-2.67864	3.52727	1.68954	0.478994	5.59434	0.737607	0.492451	0.359824	0.0627944
20271	0.168733	0.163454	4.0012	1.98037	0.494943	1.31154	-2.76265	3.74871	1.81422	0.483959	6.55596	0.653	0.48963	0.360769	0.0629682
20272	0.205946	0.169326	4.05459	2.06107	0.508329	1.31333	-2.70152	3.98892	1.69098	0.423919	6.72084	0.613151	0.466469	0.3546	0.0631438
20273	0.22535	0.184727	3.96233	1.86919	0.471741	1.33533	-2.65648	3.92738	1.78866	0.455433	6.55201	0.616027	0.463623	0.355669	0.063386
20274	0.243733	0.247493	3.73056	1.87553	0.502747	1.32479	-2.6393	3.75925	1.91918	0.510522	7.13076	0.584338	0.506649	0.354547	0.0635737
20275	0.199843	0.203642	3.75092	1.85829	0.495423	1.42694	-2.58806	3.63719	1.86393	0.512465	5.1758	0.752888	0.503813	0.343708	0.0638909
20276	0.223777	0.174183	3.62613	1.76626	0.487091	1.51756	-2.60484	3.79231	1.8355	0.484006	4.61384	0.836936	0.485514	0.349096	0.0642039
20277	0.259526	0.240307	3.70573	1.938	0.522975	1.28279	-2.67107	3.79736	1.80465	0.475238	8.0951	0.523534	0.498815	0.361621	0.0644398
20278	0.145586	0.171092	3.77415	1.74056	0.461178	1.34966	-2.66996	3.79152	1.83418	0.483759	5.56737	0.724902	0.472495	0.360929	0.0647864
20279	0.0147586	0.0881945	3.76081	1.7366	0.461763	1.24759	-2.70475	4.29277	2.01208	0.468714	5.13237	0.759936	0.465468	0.342313	0.0650071
20280	0.139197	0.177844	3.74891	1.81306	0.483623	1.32156	-2.65575	3.70943	2.0136	0.542834	5.74346	0.698989	0.513072	0.344186	0.0650814
20281	0.0581776	0.124443	3.66642	1.86026	0.507377	1.36995	-2.65026	4.17577	1.94436	0.465629	4.47421	0.860371	0.485147	0.336055	0.065496
20282	0.0463423	0.041008	3.97543	1.88616	0.474454	1.34841	-2.67364	3.89993	1.97587	0.506643	4.34668	0.847696	0.490394	0.323079	0.0655936
20283	-0.0247258	0.0451288	3.85178	1.9338	0.502052	1.12921	-2.77195	3.83241	2.00116	0.522168	5.95982	0.665786	0.512085	0.335304	0.0653656
20284	-0.0518879	0.0119959	3.72471	1.80061	0.483422	1.2159	-2.78056	4.12586	1.96239	0.475632	4.85185	0.803649	0.479328	0.341392	0.0654556
20285	-0.0262977	-0.0250454	3.53105	1.73114	0.490262	1.2861	-2.71126	3.94333	1.86753	0.473593	4.18939	0.861197	0.481468	0.334013	0.0657016
20286	-0.00184289	0.0083726	3.57924	1.59244	0.444909	1.24445	-2.74339	3.84374	1.8944	0.492854	4.87508	0.77662	0.469736	0.351989	0.0660751
20287	0.0106182	0.004506	3.64185	1.73065	0.475211	1.21879	-2.74435	3.69643	1.94129	0.525179	5.17662	0.72984	0.500381	0.33981	0.0665258
20288	0.00499588	0.00725358	3.9174	1.83657	0.468823	1.25046	-2.78609	4.25689	1.97466	0.463873	5.03021	0.775593	0.466246	0.338662	0.0669282
20289	0.00954622	0.0248874	3.74091	1.92484	0.514537	1.26588	-2.74053	4.0202	1.87078	0.465345	4.84522	0.789184	0.489056	0.335089	0.0674346
20290	-0.0264992	-0.00317018	4.16144	1.9269	0.463036	1.2864	-2.69296	3.70414	1.88249	0.508213	4.19733	0.861856	0.484311	0.322057	0.0677503
20291	-0.0233514	0.0481775	3.89882	1.89742	0.486666	1.2923	-2.70021	3.78597	1.86836	0.493495	4.36387	0.865475	0.49003	0.334096	0.0678533
20292	0.0360617	0.0313643	4.11348	1.79668	0.436779	1.22477	-2.66327	3.78052	1.77933	0.470658	5.13865	0.706512	0.453004	0.336815	0.0680001
20293	0.189462	0.200993	3.58467	1.72597	0.481488	1.37218	-2.65531	3.66318	1.67883	0.458299	5.83241	0.699408	0.469768	0.374742	0.0681712
20294	0.170306	0.222562	3.68499	1.88007	0.510197	1.33975	-2.60999	4.0432	1.86444	0.461131	5.8668	0.683794	0.484527	0.348934	0.0682166
20295	0.281807	0.304357	3.90021	1.88207	0.482556	1.32394	-2.65638	3.72163	1.88057	0.50531	8.07147	0.543021	0.493666	0.368178	0.0684012
20296	0.218831	0.225864	3.77444	1.87558	0.496915	1.26698	-2.79831	3.567	1.67179	0.468683	8.32475	0.549303	0.483198	0.392045	0.0686236
20297	0.170867	0.223277	3.676	1.70232	0.463092	1.08947	-2.8307	3.82488	1.77123	0.463083	11.0529	0.421916	0.463087	0.401772	0.0686237
20298	0.140407	0.154802	3.55139	1.68617	0.474793	1.23692	-2.81972	3.91228	1.68894	0.431703	7.35875	0.601175	0.452206	0.396025	0.0688366
20299	0.0950068	0.0860394	3.72249	1.66488	0.447248	1.2404	-2.84174	3.6992	1.82209	0.492562	6.53389	0.655958	0.469834	0.380758	0.0689667
20300	-0.0170688	0.101912	4.04329	1.81158	0.448047	1.00357	-2.92241	3.80451	1.79429	0.471623	8.78045	0.520848	0.459476	0.388177	0.0690384
20301	0.0607473	0.0945479	3.61318	1.60794	0.445019	0.992129	-2.94901	3.72882	1.7785	0.47696	10.6784	0.433736	0.461241	0.406243	0.0693589
20302	0.11087	0.122986	3.8782	1.73391	0.447092	1.14289	-2.85947	3.73382	1.73622	0.464998	8.35157	0.532536	0.455875	0.390671	0.0696476
20303	0.190236	0.166829	3.72225	1.81324	0.487134	1.12598	-2.84514	3.76826	1.70185	0.451627	10.3607	0.437806	0.469271	0.392296	0.0701277
20304	0.0594464	0.102617	3.90993	1.90256	0.486598	1.10403	-2.94236	3.61089	1.78643	0.494734	8.49736	0.545574	0.490504	0.385999	0.0703866
20305	0.128309	0.178741	3.5526	1.78791	0.503268	1.17709	-2.88631	3.97361	1.79484	0.451689	8.54101	0.549967	0.476036	0.396087	0.070657
20306	0.164237	0.156611	3.95887	1.74618	0.441082	1.13646	-2.95986	3.88823	1.89087	0.486305	10.2752	0.472611	0.46349	0.400456	0.0708612
20307	0.316263	0.23056	3.86164	1.86076	0.481856	1.00899	-3.04033	4.18125	2.04181	0.488325	22.2948	0.239937	0.485219	0.406777	0.071111
20308	0.244883	0.273036	3.88038	1.73998	0.448404	0.993619	-2.9779	4.09837	1.99166	0.485964	18.8521	0.280302	0.467697	0.414654	0.0714012
20309	0.305982	0.306309	3.90274	1.85474	0.47524	0.921273	-3.03979	3.79649	1.98142	0.521908	29.5745	0.189292	0.498252	0.421975	0.0717452
20310	0.271584	0.325787	4.15937	2.02032	0.485726	0.970249	-3.06714	4.06785	1.96844	0.483903	23.5836	0.244067	0.484825	0.419241	0.0721097
20311	0.205033	0.259325	3.64117	1.98613	0.545463	0.941964	-3.04027	3.72481	1.86484	0.500654	20.0479	0.271533	0.522804	0.414227	0.0720706
20312	0.24208	0.241512	3.93861	1.98357	0.503621	1.03071	-2.9635	3.88021	1.95235	0.503156	16.5163	0.310969	0.503391	0.39496	0.0723765
20313	0.279412	0.228919	3.74144	1.86619	0.498789	1.04285	-2.96228	4.1339	2.07855	0.502805	17.4726	0.291421	0.500897	0.392365	0.0722875
20314	0.205058	0.222147	3.59193	1.7531	0.488067	0.861984	-3.04931	4.00016	2.06337	0.515822	24.7999	0.215776	0.502691	0.412255	0.0726196
20315	0.246313	0.230541	4.04244	1.77515	0.439128	0.938856	-3.04365	3.89713	1.92949	0.495105	22.3519	0.239808	0.466604	0.419887	0.072732
20316	0.0998721	0.167257	3.74006	1.71499	0.458547	0.855078	-3.07022	3.74692	1.97603	0.527375	18.3774	0.285168	0.492993	0.415298	0.0730038
20317	0.177054	0.207582	3.8573	1.7777	0.460867	1.03204	-3.02724	3.92846	1.90386	0.484633	14.3147	0.3655	0.472859	0.415522	0.073287
20318	0.27945	0.243344	3.86147	1.92015	0.497258	0.968171	-3.03961	4.00112	1.89546	0.473732	22.7219	0.237168	0.485286	0.414012	0.0729818
20319	0.236606	0.263959	3.60206	1.69607	0.470861	1.0548	-3.01047	4.04115	1.93293	0.478313	16.0162	0.33472	0.474801	0.424955	0.0734316
20320	0.238966	0.274836	3.62688	1.73253	0.477692	0.989834	-3.01755	3.78153	1.84619	0.488212	19.2262	0.281901	0.483062	0.431048	0.0736311
20321	0.373147	0.296251	3.77029	1.62909	0.432087	0.974107	-2.96625	3.49831	1.82423	0.521461	29.472	0.180577	0.475102	0.435328	0.0736772
20322	0.300944	0.32185	3.73526	1.7225	0.461147	1.10399	-2.89585	3.83625	1.91552	0.499321	16.0552	0.322439	0.480488	0.415834	0.0736512
20323	0.43498	0.338927	3.94546	1.70031	0.430953	1.20768	-2.82902	3.76859	1.83073	0.485787	16.8088	0.29853	0.457741	0.415513	0.0736915
20324	0.177833	0.265819	3.72007	1.72738	0.464341	1.12067	-2.90536	3.79183	1.85545	0.489328	11.3127	0.444473	0.476954	0.412475	0.0736622
20325	0.199467	0.239908	3.27467	1.5603	0.476475	1.08914	-2.92992	3.95787	1.90806	0.482093	12.6943	0.39576	0.479549	0.420159	0.073504
20326	0.305324	0.308164	3.84494	1.76635	0.459396	1.08439	-2.95444	3.77359	1.94185	0.514589	17.538	0.303472	0.486734	0.417927	0.0736868
20327	0.319958	0.279618	3.91515	1.88465	0.481374	0.965396	-3.03891	3.76229	1.80328	0.479304	26.4352	0.208295	0.48036	0.427559	0.0744384
20328	0.254393	0.221983	3.95776	1.89925	0.47988	1.01092	-2.99267	3.86236	1.71577	0.444228	18.0558	0.286169	0.462272	0.416915	0.0745225
20329	0.248996	0.237964	3.81077	1.86723	0.489987	1.0751	-2.96275	3.71169	1.91143	0.514977	15.0116	0.341223	0.502318	0.404099	0.0748328
20330	0.261741	0.270177	4.0893	1.8226	0.445701	1.03599	-2.9936	3.79197	1.89241	0.499057	17.7697	0.299732	0.471373	0.417656	0.0747893
20331	0.29381	0.303519	3.7565	1.79489	0.477809	1.09559	-2.94642	4.19603	2.05514	0.489782	16.4299	0.321428	0.484126	0.406946	0.0750099
20332	0.393687	0.391378	3.7259	1.80025	0.483173	0.997989	-2.97095	3.74522	1.91383	0.511006	30.958	0.18259	0.497125	0.432255	0.0754725
20333	0.519817	0.393306	3.77212	1.91737	0.508302	1.04487	-2.9841	4.22365	1.98572	0.470143	41.3766	0.137842	0.488145	0.422298	0.0756643
20334	0.509342	0.4628	3.45861	1.69832	0.491042	0.953698	-3.01765	3.88934	1.78859	0.459869	61.3493	0.0987261	0.474542	0.464936	0.0752405
20335	0.384649	0.425667	4.10105	1.81027	0.441415	1.01543	-3.03583	3.91063	1.87001	0.478186	30.1143	0.198942	0.459364	0.448835	0.0754456
20336	0.271707	0.304862	3.84336	1.77717	0.462399	0.962443	-3.06237	4.01929	1.94107	0.482939	23.764	0.238559	0.472899	0.432695	0.0756855
20337	0.295885	0.254396	3.94258	1.81143	0.459452	0.977864	-3.068	4.00954	1.93877	0.48354	23.7335	0.232547	0.471598	0.424035	0.0758658
20338	0.260974	0.285443	4.0158	1.91082	0.475825	0.906064	-3.07747	4.19885	1.87957	0.44764	27.1764	0.20807	0.461419	0.427356	0.0762589
20339	0.275138	0.264474	3.94367	1.9378	0.491371	0.908107	-3.07842	3.49039	1.86839	0.535294	27.892	0.200325	0.511994	0.42342	0.0766873
20340	0.357447	0.383813	3.90913	1.93036	0.493809	1.00548	-2.98746	4.06969	1.96071	0.481783	27.0644	0.209971	0.487675	0.422164	0.0772892
20341	0.267604	0.343396	3.94787	1.89232	0.479327	1.01477	-2.94725	4.10494	1.91951	0.467611	19.3966	0.27913	0.473354	0.415388	0.0775212
20342	0.418141	0.358626	3.92201	1.85283	0.472419	1.14221	-2.86642	3.82792	1.88592	0.492674	19.8386	0.262138	0.482423	0.410318	0.077646
20343	0.298171	0.328224	3.67634	1.70072	0.462613	1.17841	-2.83025	3.98514	1.90233	0.477356	12.8753	0.387407	0.470281	0.40917	0.0780667
20344	0.348203	0.360039	3.98551	1.81971	0.456582	1.26317	-2.77134	3.59814	1.89228	0.525905	11.7127	0.418587	0.489473	0.397854	0.078019
20345	0.438973	0.400396	3.9019	1.77647	0.455283	1.06072	-2.83831	3.90839	1.79906	0.460307	27.1341	0.193285	0.457797	0.423222	0.078507
20346	0.31979	0.384918	3.67676	1.72772	0.469902	1.12003	-2.80825	3.76249	1.74872	0.464779	15.9223	0.32019	0.467311	0.423169	0.078395
20347	0.34304	0.358938	3.68659	1.80631	0.489968	1.2914	-2.77494	4.03691	1.83757	0.455191	10.9199	0.449695	0.471791	0.402683	0.0788624
20348	0.312618	0.350821	3.6882	1.72191	0.466869	1.2097	-2.78976	3.83504	1.75952	0.458801	12.2561	0.402379	0.462756	0.414736	0.0793842
20349	0.350049	0.379363	3.44279	1.71941	0.499423	1.24366	-2.75624	3.74216	1.75778	0.469723	12.3124	0.399273	0.483954	0.414262	0.0794462
20350	0.380824	0.424707	3.44746	1.73311	0.502721	1.26479	-2.72373	3.89098	1.75973	0.452258	12.6858	0.390699	0.475965	0.415154	0.0795192
20351	0.481629	0.433153	3.79431	1.74421	0.45969	1.21977	-2.75986	3.93173	1.69798	0.431865	18.7121	0.272426	0.44553	0.425564	0.0794542
20352	0.408013	0.455196	3.86899	1.81239	0.468439	1.32504	-2.70024	3.9695	1.77251	0.446532	11.8401	0.420469	0.457345	0.409926	0.079631
20353	0.386141	0.41903	3.60007	1.69829	0.471737	1.39727	-2.64675	3.8151	1.81346	0.475337	9.19332	0.511188	0.473589	0.401	0.0799741
20354	0.335585	0.370376	3.83318	1.77195	0.462266	1.39145	-2.58883	3.99008	1.87465	0.469827	7.85483	0.557422	0.466122	0.375253	0.0802437
20355	0.399702	0.446996	3.50837	1.73151	0.493539	1.38447	-2.54523	3.87431	1.84202	0.475444	9.23249	0.484887	0.484043	0.385253	0.0801955
20356	0.39623	0.437734	3.80611	1.74669	0.458917	1.41681	-2.55758	3.90531	1.82011	0.46606	8.61365	0.520795	0.462535	0.386188	0.0807433
20357	0.416451	0.409605	3.7088	1.73036	0.466556	1.53745	-2.51688	3.9562	1.98601	0.501999	6.81527	0.628316	0.484849	0.365646	0.0809976
20358	0.444973	0.423999	3.75996	1.73164	0.460548	1.50777	-2.50071	3.78324	1.88918	0.499354	7.57289	0.564772	0.480011	0.371426	0.08093
20359	0.406133	0.414865	3.61576	1.59096	0.440007	1.43742	-2.57037	3.85036	1.82634	0.474329	8.37912	0.531774	0.457707	0.394774	0.0811879
20360	0.485938	0.420333	3.40337	1.72252	0.506121	1.53287	-2.53512	3.81419	1.69874	0.445374	7.96909	0.548036	0.474018	0.389718	0.0809247
20361	0.455335	0.410656	3.52827	1.77472	0.502999	1.47585	-2.49785	3.81872	1.81369	0.474946	8.12267	0.520729	0.488418	0.370932	0.0817001
20362	0.414511	0.380709	3.81121	1.85662	0.487146	1.47617	-2.55568	3.99878	1.84138	0.460485	7.64991	0.563562	0.473496	0.368369	0.0818259
20363	0.358882	0.404066	3.83198	1.86121	0.485705	1.32647	-2.54995	3.76681	1.87825	0.49863	9.32069	0.468111	0.492112	0.36856	0.0820865
20364	0.424567	0.422222	3.81945	1.67058	0.437387	1.41569	-2.60707	4.23358	2.02953	0.479389	9.34182	0.491159	0.459468	0.382844	0.0822029
20365	0.473729	0.424004	3.86805	1.71247	0.442722	1.38446	-2.59999	3.95081	1.92958	0.488401	11.0251	0.414716	0.465803	0.385757	0.0823805
20366	0.447208	0.466521	3.78667	1.59969	0.422455	1.46828	-2.54168	3.90154	2.06457	0.529167	8.67959	0.521295	0.476608	0.381842	0.0825013
20367	0.485578	0.517155	3.52104	1.67941	0.476963	1.42763	-2.53161	4.26549	2.02868	0.475601	10.4736	0.443735	0.476217	0.385366	0.0825231
20368	0.438112	0.528439	3.49263	1.70633	0.488551	1.36905	-2.58324	3.55056	1.84435	0.519453	11.1724	0.433323	0.504129	0.405497	0.0825703
20369	0.496918	0.505002	3.62773	1.73619	0.478589	1.39409	-2.59351	4.13841	1.95941	0.47347	11.9278	0.402454	0.475861	0.393866	0.0825206
20370	0.498108	0.460638	3.73933	1.7214	0.460349	1.55652	-2.52129	3.89856	1.92741	0.494391	7.93755	0.560116	0.477725	0.378703	0.0827639
20371	0.513464	0.457838	3.64534	1.6578	0.454771	1.39838	-2.51286	3.96227	2.04587	0.516338	11.2698	0.391534	0.486837	0.373431	0.082981
20372	0.349147	0.366003	3.70581	1.66713	0.449869	1.44481	-2.53515	3.85099	1.89572	0.492267	7.01106	0.600242	0.471475	0.371418	0.0832578
20373	0.442341	0.401645	3.5859	1.72988	0.482412	1.48622	-2.46669	3.979	1.90812	0.479548	7.55017	0.544845	0.480905	0.361291	0.0836436
20374	0.362183	0.311458	3.83125	1.71771	0.448341	1.53624	-2.46734	4.01929	2.0004	0.497701	5.60187	0.68921	0.473612	0.34187	0.084186
20375	0.232148	0.241794	3.87174	1.70351	0.439986	1.47169	-2.45166	3.79325	1.84965	0.487615	4.72167	0.768233	0.463557	0.338053	0.0846619
20376	0.239779	0.18898	3.62726	1.70327	0.469575	1.56048	-2.48585	4.12543	1.84039	0.446109	4.1019	0.872123	0.457088	0.335552	0.0848264
20377	0.159319	0.125624	4.03994	1.83028	0.453046	1.47192	-2.51121	4.19887	2.00109	0.476578	4.03555	0.861456	0.465039	0.312199	0.0852037
20378	0.144892	0.190209	3.87917	1.86326	0.480324	1.58455	-2.42036	3.94399	2.05977	0.522256	3.28814	1.03631	0.501464	0.302902	0.0852604
20379	0.165444	0.16158	3.9117	1.70883	0.436851	1.51772	-2.46492	4.07309	1.99923	0.49084	3.77245	0.914326	0.464391	0.317562	0.0852161
20380	0.198064	0.196848	3.90458	1.82169	0.466552	1.63544	-2.41518	4.17897	1.86539	0.446377	3.3023	1.03302	0.456122	0.316398	0.0854551
20381	0.0859678	0.18102	4.01411	1.7219	0.428963	1.50948	-2.48877	3.72762	1.77968	0.477431	3.51749	1.01319	0.4523	0.337376	0.0858553
20382	0.215157	0.218673	4.11842	1.91456	0.464876	1.52027	-2.43228	4.04119	1.80279	0.446104	4.12576	0.851667	0.455579	0.321046	0.0860652
20383	0.32675	0.230101	3.84423	1.86776	0.485861	1.63151	-2.42234	4.07802	1.82374	0.447212	4.13267	0.851198	0.465966	0.322815	0.0866007
20384	0.292815	0.209411	3.59442	1.6941	0.471313	1.5744	-2.47896	4.05926	1.94122	0.478221	4.4003	0.82123	0.474976	0.332118	0.0866186
20385	0.200736	0.189449	3.80527	1.79594	0.471961	1.47434	-2.50213	3.8938	1.92422	0.494175	4.46626	0.811036	0.483196	0.327546	0.0869863
20386	0.157223	0.167322	3.5967	1.69429	0.471066	1.41573	-2.50293	3.9577	2.01896	0.510135	4.50186	0.791924	0.491534	0.324459	0.0871812
20387	0.142022	0.155249	3.79644	1.71001	0.450423	1.4441	-2.56899	3.84581	1.96868	0.511904	4.37736	0.847709	0.481362	0.335375	0.0865759
20388	0.156424	0.181592	3.4693	1.60282	0.462002	1.35515	-2.61158	3.95755	2.00443	0.506483	5.42946	0.718471	0.485705	0.35106	0.0870076
20389	0.0858077	0.164982	3.71105	1.71958	0.463367	1.40101	-2.65241	3.88155	1.94335	0.500662	4.58894	0.864876	0.482433	0.351505	0.0875486
20390	0.215515	0.198611	3.57348	1.62847	0.455711	1.45477	-2.56854	4.01374	1.89879	0.473072	4.98589	0.767881	0.464895	0.351905	0.087948
20391	0.128845	0.237444	3.83509	1.82237	0.475183	1.38778	-2.62406	4.16232	1.977	0.474975	5.16633	0.792459	0.475075	0.350251	0.0878879
20392	0.279886	0.274888	3.97553	1.85162	0.465754	1.36707	-2.68522	3.49462	1.8205	0.520942	7.4133	0.590982	0.491571	0.373762	0.0882426
20393	0.349088	0.276235	4.17509	2.02498	0.485015	1.32608	-2.65922	3.5755	1.80286	0.504227	9.0275	0.477258	0.493878	0.360229	0.0881667
20394	0.284751	0.237415	4.02839	1.92008	0.476637	1.25943	-2.71549	3.88676	2.01199	0.517652	9.17862	0.474999	0.496778	0.356777	0.0885243
20395	0.20964	0.225331	3.52005	1.80861	0.513803	1.24978	-2.73003	4.08186	2.06015	0.504708	8.07307	0.540944	0.50892	0.360894	0.0887051
20396	0.236266	0.218646	3.54413	1.77563	0.501005	1.35084	-2.68338	3.842	1.91002	0.497144	6.77925	0.621144	0.498997	0.363682	0.0888529
20397	0.319701	0.28177	3.76217	1.79888	0.478149	1.40442	-2.63791	3.83249	1.71544	0.447604	7.24492	0.588311	0.462736	0.377613	0.0893352
20398	0.22305	0.259603	3.66275	1.85838	0.507372	1.29404	-2.64197	3.36166	1.76846	0.526069	7.34004	0.573507	0.51632	0.367339	0.0891291
20399	0.292665	0.246152	3.70076	1.79862	0.486015	1.39209	-2.63567	3.91095	1.86964	0.478052	6.87069	0.604372	0.481924	0.361545	0.0891668
20400	0.18051	0.194815	3.5765	1.78897	0.500203	1.29156	-2.65733	3.93343	1.88426	0.479036	6.58981	0.617219	0.489117	0.356468	0.0892736
20401	0.271069	0.229889	3.95087	1.79086	0.453281	1.2719	-2.71084	3.69872	1.82356	0.493024	8.63359	0.500827	0.472497	0.374394	0.0896966
20402	0.245329	0.256562	3.77695	1.8346	0.485736	1.36714	-2.68253	3.82737	1.75871	0.459508	6.86413	0.629232	0.472535	0.375507	0.0900932
20403	0.303615	0.251974	4.01196	1.70463	0.424887	1.18401	-2.77626	3.43409	1.80328	0.525112	11.8311	0.387548	0.471111	0.395356	0.0903121
20404	0.225762	0.195875	3.74696	1.62651	0.434087	1.36311	-2.67364	3.90221	1.93789	0.496613	6.36549	0.646777	0.465985	0.366211	0.0903885
20405	0.186038	0.219391	3.49742	1.69467	0.484549	1.35227	-2.65288	3.67606	1.85729	0.505239	6.06572	0.680047	0.495152	0.36747	0.0899659
20406	0.285946	0.222118	3.58193	1.7834	0.497887	1.34633	-2.6961	4.19904	1.91561	0.456203	7.57371	0.562207	0.475392	0.36542	0.090161
20407	0.233934	0.249014	3.77944	1.77529	0.469722	1.2585	-2.69074	3.74838	1.87047	0.499009	8.23277	0.524864	0.484305	0.37222	0.0904209
20408	0.287941	0.265163	3.62841	1.79738	0.495365	1.2664	-2.76958	3.84357	1.93641	0.503805	9.61967	0.47869	0.499707	0.381553	0.0901314
20409	0.245548	0.246613	3.78139	1.83161	0.484375	1.21225	-2.80587	3.8626	1.75081	0.453273	9.97048	0.467261	0.468658	0.394144	0.0905526
20410	0.210714	0.268157	3.83132	1.8701	0.488109	1.21056	-2.81292	3.72208	1.77868	0.477873	9.49605	0.499842	0.483065	0.394215	0.0904552
20411	0.180814	0.279597	3.76977	1.81716	0.482034	1.16782	-2.82817	3.70401	1.63349	0.441007	9.91419	0.487089	0.461701	0.411795	0.0908082
20412	0.203303	0.177881	3.96288	1.88899	0.476671	1.20574	-2.83411	3.54199	1.59852	0.451305	9.02799	0.502444	0.464699	0.39418	0.0910959
20413	0.190078	0.204169	4.01057	1.87335	0.467104	1.15072	-2.90308	3.63294	1.69746	0.467241	10.4624	0.461415	0.467169	0.40345	0.0909404
20414	0.213186	0.172668	3.83612	1.93913	0.505492	1.16603	-2.84383	3.69281	1.75793	0.476041	10.0222	0.453956	0.491047	0.381039	0.0911099
20415	0.122726	0.124134	4.05104	2.03994	0.50356	1.2056	-2.77075	3.85347	1.87001	0.485278	7.14669	0.586311	0.494648	0.349003	0.0913148
20416	0.132212	0.0891192	4.22038	1.91069	0.452728	1.26295	-2.80545	3.89906	1.9211	0.492708	6.55308	0.639282	0.471927	0.353554	0.091392
20417	0.116166	0.102276	3.95612	1.77166	0.447828	1.18348	-2.81163	3.79963	1.99104	0.524007	7.45355	0.569583	0.485149	0.360788	0.0912726
20418	0.0897565	0.148469	3.84008	1.92827	0.502143	1.18653	-2.89296	3.734	1.96937	0.527416	7.68995	0.601452	0.514603	0.372499	0.0917684
20419	0.176914	0.146794	3.75403	1.70974	0.455441	1.18763	-2.81312	3.71876	1.87464	0.504103	8.57637	0.510769	0.479657	0.379409	0.0921318
20420	0.126561	0.165836	3.98365	1.75194	0.439782	1.2053	-2.78875	3.87217	1.93859	0.500648	7.50173	0.581839	0.469783	0.37172	0.0925504
20421	0.201232	0.178525	3.63122	1.69135	0.465781	1.26905	-2.79731	3.7674	1.91447	0.508167	7.76638	0.570123	0.487364	0.380531	0.0925433
20422	0.187709	0.134073	3.93851	1.82443	0.463229	1.18623	-2.87238	3.81209	1.76567	0.463177	9.06562	0.498518	0.463203	0.386404	0.0927553
20423	0.0103204	0.0672097	3.77502	1.74396	0.461975	1.18318	-2.7989	3.83949	1.92954	0.502551	5.97163	0.687799	0.482435	0.358696	0.0928949
20424	0.0922867	0.0539006	3.73199	1.85982	0.498344	1.22543	-2.74016	3.96696	1.97827	0.498688	6.08001	0.642003	0.498521	0.337204	0.0931037
20425	-8.40722e-05	0.0278063	3.63341	1.67703	0.461558	1.30016	-2.72013	3.83008	1.94838	0.508704	4.46647	0.845317	0.485752	0.342526	0.0935079
20426	0.0691171	0.0544381	3.64613	1.74253	0.477911	1.23766	-2.80346	3.94632	1.91179	0.48445	5.98146	0.682741	0.48131	0.35858	0.0937446
20427	0.0619989	0.0633913	3.72897	1.91922	0.514679	1.23834	-2.80601	4.0803	1.90238	0.466237	5.95001	0.691886	0.489368	0.350178	0.0939933
20428	0.119218	0.103782	3.67858	1.84897	0.502631	1.23869	-2.75993	4.16932	2.05419	0.492693	6.54383	0.626609	0.497351	0.344491	0.0948987
20429	0.0951085	0.0829096	3.81169	1.75383	0.460119	1.21392	-2.74704	4.32336	2.14781	0.496791	6.398	0.625867	0.479608	0.339242	0.09512
20430	0.0915949	0.132886	3.90123	1.76745	0.453049	1.33249	-2.67256	3.82981	1.91242	0.499351	5.11135	0.769908	0.475986	0.348522	0.0955284
20431	0.117791	0.100772	3.67419	1.69409	0.461079	1.29265	-2.74787	3.92471	1.89314	0.482363	5.87901	0.690147	0.472072	0.361355	0.0951847
20432	0.0258315	0.08151	3.62464	1.74926	0.482603	1.36562	-2.64788	3.78334	1.89546	0.501001	4.15011	0.897511	0.491999	0.338291	0.0953748
20433	0.159859	0.0785087	3.58447	1.78243	0.497266	1.35352	-2.64408	4.0024	1.89216	0.472756	5.20237	0.712416	0.484336	0.335354	0.0958131
20434	0.107388	0.0744935	3.56333	1.65749	0.465151	1.24725	-2.68667	3.47096	1.77927	0.512614	5.86789	0.64964	0.488571	0.356861	0.0961622
20435	0.239612	0.13629	3.61562	1.7042	0.471344	1.35499	-2.6278	3.95816	1.92017	0.485117	6.14126	0.622038	0.478542	0.345235	0.096339
20436	0.0947334	0.0995644	3.79056	1.72527	0.455149	1.41083	-2.59572	4.02453	1.96044	0.487123	4.19401	0.866061	0.471615	0.330206	0.0964173
20437	0.0585509	-0.00804187	3.86404	1.70581	0.441458	1.36866	-2.57698	4.33518	2.13328	0.492087	3.84496	0.858192	0.468227	0.300683	0.096744
20438	-0.0462714	-0.0147321	3.4727	1.55245	0.447043	1.33783	-2.66817	4.06452	2.18009	0.536371	3.67523	0.957866	0.495214	0.320567	0.0970399
20439	-0.12255	-0.032853	3.73706	1.66229	0.444813	1.3108	-2.64552	4.04589	2.08287	0.514813	3.3225	1.02724	0.481201	0.313132	0.0971818
20440	0.00955747	-0.00875349	3.92509	1.79901	0.458338	1.36362	-2.68886	3.65729	1.87623	0.513011	3.91767	0.916741	0.484709	0.328341	0.0980146
20441	-0.0580076	0.0326054	3.7176	1.83732	0.494222	1.35763	-2.68779	3.91933	1.93677	0.494159	3.69282	1.00202	0.494189	0.329069	0.0984606
20442	0.0280917	0.0428893	3.74005	1.82514	0.487999	1.37439	-2.60309	3.75839	1.9515	0.519238	3.8627	0.906255	0.503656	0.316793	0.0989756
20443	0.0727059	0.0328528	3.67744	1.74045	0.473278	1.45557	-2.5737	3.82708	1.89086	0.494074	3.55281	0.956161	0.483883	0.318792	0.0992198
20444	0.0622516	0.0835587	3.65994	1.66782	0.455697	1.45355	-2.55158	3.71385	1.74886	0.470902	3.58728	0.967859	0.463355	0.337023	0.0993989
20445	0.155627	0.074949	3.70769	1.8059	0.487069	1.53697	-2.4882	3.79929	1.97706	0.520376	3.44309	0.954048	0.503926	0.302837	0.0997026
20446	0.0672169	0.0938516	3.96042	1.82518	0.460855	1.44134	-2.53852	3.9685	2.02574	0.510454	3.66982	0.944105	0.48568	0.310382	0.100046
20447	-0.0716659	0.0132276	3.86469	1.79401	0.464205	1.4058	-2.5083	4.05048	1.92769	0.475917	2.91267	1.09146	0.470198	0.299381	0.100034
20448	-0.0178493	0.0267587	3.91253	1.86714	0.47722	1.49486	-2.48924	3.84623	1.89998	0.493986	2.76637	1.14414	0.485531	0.295927	0.100429
20449	0.00719405	0.0124712	3.9959	1.83241	0.458574	1.52645	-2.48739	3.6093	1.74735	0.484124	2.70752	1.15407	0.470699	0.303938	0.100606
20450	-0.00245533	0.07533	3.87569	1.77383	0.457681	1.52799	-2.46146	3.92319	1.85356	0.472463	2.74746	1.17114	0.465117	0.307357	0.100681
20451	0.0850091	0.0705265	3.91915	1.8318	0.467396	1.58515	-2.39254	4.0073	1.92978	0.481565	2.69579	1.12522	0.474559	0.287447	0.100825
20452	0.132188	0.0887042	3.70654	1.69315	0.456801	1.47637	-2.43896	3.90512	2.01131	0.515046	3.53611	0.903408	0.486683	0.301379	0.10137
20453	0.105932	0.0697986	3.78644	1.66052	0.438544	1.55743	-2.47643	3.63384	2.00489	0.551727	3.07723	1.05343	0.493972	0.306718	0.10151
20454	0.0264582	0.047027	3.7999	1.73755	0.457263	1.63005	-2.44438	3.88683	1.83541	0.472212	2.41379	1.28576	0.464822	0.302907	0.101603
20455	0.0289869	0.0388749	3.82822	1.75587	0.458666	1.62442	-2.42263	3.66098	1.72791	0.47198	2.38036	1.27271	0.465174	0.303145	0.102111
20456	0.0666961	0.0100832	3.7227	1.74869	0.469739	1.57932	-2.45937	3.76665	1.81121	0.480853	2.66526	1.14402	0.475328	0.299951	0.102562
20457	-0.0861948	0.0365239	3.72189	1.70413	0.457866	1.50884	-2.48096	4.15554	1.98133	0.476791	2.49113	1.27206	0.467849	0.300763	0.103119
20458	-0.0464895	-0.00730321	3.83178	1.77699	0.46375	1.37108	-2.58368	4.02764	1.90607	0.473248	3.30315	1.00475	0.468617	0.310716	0.103371
20459	0.0102536	0.0212268	3.66568	1.83384	0.500275	1.53015	-2.54184	3.78661	1.92509	0.508395	2.84377	1.15504	0.504401	0.30417	0.103843
20460	0.100309	0.0594488	3.95912	1.95091	0.492765	1.43093	-2.56326	4.10714	2.0789	0.506167	3.885	0.885278	0.499589	0.299202	0.104105
20461	0.0921637	0.0517214	4.14506	1.92269	0.463851	1.33729	-2.62301	3.53202	1.83696	0.520087	4.61461	0.775168	0.489724	0.322475	0.104316
20462	0.03058	0.0585214	3.94419	1.72353	0.436979	1.41557	-2.61841	3.76437	1.81001	0.480827	3.73578	0.959102	0.458391	0.336541	0.104834
20463	0.11904	0.106581	3.89727	1.82984	0.469518	1.37558	-2.61471	3.76846	1.90384	0.505203	4.69028	0.789447	0.487061	0.331597	0.105669
20464	0.189651	0.135723	3.8185	1.83856	0.481488	1.29498	-2.67569	3.95586	1.97943	0.500379	6.46947	0.610871	0.4911	0.341157	0.105778
20465	0.146292	0.123066	3.70561	1.75346	0.47319	1.25085	-2.73941	4.24564	1.92348	0.453047	6.71596	0.610024	0.462435	0.357898	0.106145
20466	0.0904331	0.135092	3.78922	1.74542	0.460628	1.37916	-2.66586	3.81413	1.89172	0.495975	4.72377	0.83041	0.478359	0.350448	0.106497
20467	0.0721607	0.0796938	3.73928	1.97612	0.528476	1.1894	-2.76288	3.76211	1.93953	0.515544	6.47342	0.62411	0.52199	0.340435	0.10683
20468	0.0993623	0.0796668	3.72677	1.8455	0.495201	1.28328	-2.7652	4.08763	2.06021	0.50401	5.77403	0.700835	0.499809	0.34137	0.107377
20469	0.0902285	0.0978082	3.80379	1.85781	0.48841	1.23074	-2.762	3.98369	1.91603	0.480969	6.28738	0.650388	0.484603	0.351516	0.107729
20470	0.140825	0.111214	3.50455	1.73234	0.494312	1.24975	-2.75427	3.79282	1.84346	0.486038	6.67716	0.614857	0.490012	0.364819	0.108184
20471	0.176235	0.179291	3.762	1.72326	0.458071	1.14709	-2.8101	3.85097	1.80459	0.468605	9.48106	0.47128	0.4634	0.387854	0.1082
20472	0.14856	0.169328	3.59344	1.7184	0.478204	1.11625	-2.82518	3.80598	1.92933	0.506921	9.576	0.468207	0.492975	0.380757	0.10825
20473	0.0472279	0.0728391	3.42975	1.75204	0.510834	1.17488	-2.87097	3.99642	1.98189	0.495916	6.81512	0.635795	0.502806	0.367294	0.108307
20474	0.169271	0.139092	3.86609	1.7668	0.456999	1.07474	-2.90126	3.39722	1.63872	0.482371	11.2747	0.409933	0.468866	0.404381	0.108703
20475	0.15198	0.0865928	3.68828	1.77048	0.480029	1.14531	-2.82229	3.89527	1.8482	0.474473	8.57553	0.493356	0.477175	0.369033	0.108828
20476	0.069343	0.0897763	3.84433	1.88167	0.489465	1.20562	-2.82315	3.65528	1.83021	0.500703	6.57193	0.64556	0.494942	0.363776	0.108996
20477	-0.018641	0.0911119	3.85868	1.89413	0.490875	1.21787	-2.83178	3.66624	1.79605	0.489887	5.58763	0.764481	0.490394	0.366718	0.109254
20478	0.108023	0.118314	3.73324	1.82222	0.488106	1.22608	-2.85054	4.50504	2.03812	0.452408	7.05092	0.62503	0.468585	0.363502	0.109395
20479	0.0892978	0.0972436	3.99401	1.82036	0.455771	1.25281	-2.80782	4.14833	1.9654	0.473781	6.23405	0.676878	0.464947	0.357983	0.109507
20480	0.117082	0.0888571	4.15333	1.92629	0.463794	1.26485	-2.77616	3.80957	1.79067	0.470045	6.23084	0.658687	0.466784	0.355821	0.10965
20481	0.0973005	0.0576885	3.87196	1.7377	0.448791	1.19843	-2.82546	4.04919	1.91869	0.473846	6.85583	0.60624	0.461599	0.362506	0.109657
20482	0.084313	0.0307662	3.90283	1.83938	0.471295	1.28503	-2.72798	4.01125	1.92203	0.47916	5.27885	0.720866	0.475282	0.33603	0.109248
20483	-0.0797074	-0.0208784	3.91594	1.77131	0.452333	1.33146	-2.65712	4.00705	1.88493	0.470405	3.48993	0.995692	0.461473	0.322235	0.109532
20484	-0.0212041	-0.0383857	3.63989	1.77557	0.487809	1.26109	-2.70857	3.82708	1.91277	0.4998	4.33616	0.822141	0.493955	0.325924	0.109964
20485	-0.162571	-0.0738796	3.51698	1.67758	0.476994	1.16237	-2.83393	3.9192	1.9104	0.487445	4.33951	0.877732	0.482502	0.346856	0.109956
20486	-0.118545	-0.0472652	3.86058	1.75616	0.454896	1.18076	-2.8223	4.09066	1.93285	0.472502	4.56156	0.8441	0.463954	0.343029	0.110292
20487	-0.0708476	0.00759883	3.63549	1.76059	0.484278	1.20899	-2.81777	3.9243	2.004	0.510665	4.87349	0.818992	0.497976	0.346569	0.110468
20488	0.0725911	0.0167785	4.08068	1.74115	0.426681	1.27463	-2.79072	3.75827	2.00974	0.534752	5.45507	0.722449	0.478494	0.344523	0.11044
20489	0.0483645	-0.0116324	3.66386	1.87308	0.511231	1.27348	-2.82361	3.79732	1.76573	0.464994	5.26826	0.750459	0.487699	0.352134	0.110766
20490	-0.0407196	-0.0612647	3.90287	1.85634	0.475635	1.19957	-2.83146	3.94551	1.82839	0.463411	4.98856	0.769155	0.46949	0.342503	0.11069
20491	-0.186103	-0.134548	4.16389	1.85264	0.444931	1.15776	-2.84426	3.70327	1.86913	0.504723	4.06567	0.90299	0.473077	0.330414	0.111042
20492	-0.101934	-0.128104	3.93124	1.83489	0.466744	1.14404	-2.82915	3.76214	1.88644	0.501426	4.69944	0.776226	0.483704	0.329026	0.111026
20493	-0.0535076	-0.113089	3.90589	1.72759	0.442302	1.15028	-2.81009	3.73419	1.80999	0.484706	5.01955	0.724549	0.463028	0.339627	0.111494
20494	-0.00949648	-0.0853634	3.67145	1.77759	0.484166	1.14903	-2.84012	4.00146	1.83371	0.458262	5.654	0.671091	0.470657	0.344523	0.112163
20495	-0.116894	-0.133544	3.89755	1.84263	0.472767	1.18001	-2.82953	3.91195	1.97789	0.505603	4.32137	0.840974	0.489215	0.322424	0.112263
20496	-0.0593147	-0.0704458	3.43125	1.62687	0.474133	1.14604	-2.8231	3.75865	1.83275	0.48761	5.21522	0.726442	0.481178	0.353927	0.112678
20497	-0.1328	-0.103698	3.5294	1.6659	0.472005	1.21643	-2.82159	3.90207	1.98855	0.509615	4.05783	0.910205	0.491753	0.335809	0.112653
20498	-0.0771991	-0.0686705	3.65348	1.72362	0.471774	1.27371	-2.74768	3.80279	1.93956	0.510035	3.93276	0.912478	0.491288	0.328886	0.112924
20499	-0.183548	-0.110545	3.90953	1.84384	0.471628	1.14379	-2.75536	3.97294	1.90643	0.479854	3.97033	0.880913	0.475774	0.31812	0.113245
20500	0.0111769	-0.0715426	3.78886	1.83684	0.484799	1.27107	-2.70803	3.95802	1.82291	0.46056	4.37908	0.793668	0.472415	0.322066	0.113602
