cycle	Zbar1	Gbar1	VP1	VG1	h21	Zbar2	Gbar2	VP2	VG2	h22	h2b	h2b_denom	h2w	Qst	Fst
20000	-0.00768275	-0.0418011	3.93017	1.93088	0.491297	4.11607	0.0686408	3.88272	1.93252	0.497724	0.00071727	8.50268	0.494491	0.000789066	0.000337299
20001	-0.105825	-0.0295096	3.92681	1.98102	0.504485	4.01176	0.0478829	4.29179	2.04683	0.476918	0.000353274	8.47727	0.490089	0.00037181	0.000571388
20002	-0.0335024	-0.0380244	3.78824	1.84271	0.486429	4.12577	0.0903661	4.13319	2.0573	0.497753	0.000952866	8.64976	0.492337	0.00105608	0.000859791
20003	-0.122256	-0.0387485	3.46834	1.91692	0.552689	4.04033	0.0422721	4.14315	2.11152	0.509642	0.000378848	8.66354	0.529257	0.000407413	0.00110319
20004	-0.107119	-0.0729975	4.03407	2.06352	0.511524	4.07031	0.0497041	3.78966	2.08706	0.550725	0.000862747	8.72544	0.530513	0.000906473	0.00128919
20005	-0.0604302	-0.0755817	3.8782	2.01052	0.518417	3.97786	-0.00472885	4.25568	2.1554	0.506475	0.000307837	8.15388	0.512169	0.000301322	0.00148908
20006	-0.0525498	-0.0192528	3.98813	2.04786	0.513489	3.88548	-0.17605	4.20981	2.06301	0.49005	0.00158532	7.75405	0.501453	0.00149365	0.0017654
20007	-0.069348	-0.0512347	4.07449	2.03818	0.500228	3.63559	-0.302802	4.18594	2.0776	0.496327	0.0046105	6.86328	0.498251	0.00383133	0.00203059
20008	-0.0805695	-0.0359377	3.99711	2.06255	0.51601	3.68157	-0.351937	3.73754	1.9743	0.528235	0.00705507	7.07685	0.521918	0.00614905	0.00224503
20009	0.00412018	-0.0555709	4.00744	2.12159	0.529413	3.56592	-0.419606	4.16615	2.02289	0.485553	0.0104459	6.34322	0.507058	0.00793438	0.00240731
20010	-0.148124	-0.104548	3.97529	2.05865	0.517862	3.47222	-0.52374	4.03583	1.93268	0.47888	0.0134068	6.55343	0.498224	0.010892	0.00262315
20011	-0.0356665	-0.123658	4.09254	2.21649	0.541591	3.47217	-0.53285	4.05654	2.00248	0.493643	0.0136074	6.15247	0.517723	0.00982917	0.00289783
20012	-0.134449	-0.134201	3.96017	2.17337	0.548806	3.41406	-0.626317	4.21175	2.11733	0.50272	0.0192327	6.29597	0.525053	0.0139211	0.00312897
20013	-0.217815	-0.222088	4.2047	2.04622	0.48665	3.29651	-0.665518	4.23548	2.13597	0.504305	0.0159209	6.17523	0.49551	0.0116232	0.00333713
20014	-0.111662	-0.246611	4.02785	2.03881	0.506177	3.27632	-0.708995	4.0203	2.13714	0.531586	0.0186262	5.7392	0.51887	0.0126439	0.00362247
20015	-0.084369	-0.126318	4.28154	2.13973	0.499757	3.31105	-0.762581	3.6935	1.99511	0.540166	0.0351144	5.76445	0.518472	0.0239037	0.00389634
20016	-0.102063	-0.151276	4.29952	2.02718	0.47149	3.19651	-0.799932	4.11471	1.96707	0.478057	0.0386701	5.44031	0.474702	0.0256718	0.00422457
20017	-0.1548	-0.191373	3.88623	1.9802	0.509542	3.3171	-0.751619	4.19412	2.05613	0.490241	0.026039	6.02704	0.499524	0.0190794	0.00440518
20018	-0.108253	-0.123633	4.04773	1.99762	0.493516	3.23778	-0.756884	3.97662	2.10889	0.530323	0.0358171	5.59797	0.511757	0.0238427	0.00465848
20019	-0.0839043	-0.104659	3.96885	2.01521	0.507756	3.37482	-0.668546	3.73674	2.07417	0.555074	0.0265799	5.98139	0.530702	0.0190774	0.00483608
20020	-0.17198	-0.123429	3.81505	2.06248	0.540616	3.27702	-0.756099	4.20384	2.08056	0.494918	0.0336486	5.94781	0.516659	0.0235952	0.00506296
20021	-0.0798469	-0.0937888	4.26753	2.11896	0.496532	3.16991	-0.807785	4.18492	2.06872	0.494328	0.0482713	5.28047	0.49544	0.0295494	0.00528177
20022	-0.0177472	-0.0888038	4.12592	2.09194	0.507025	3.1382	-0.849601	3.98968	2.05543	0.515186	0.0581134	4.98002	0.511037	0.0337303	0.00554554
20023	-0.0386303	-0.0828977	4.1008	2.19522	0.535313	3.1665	-0.89596	4.2482	2.12927	0.501219	0.0643511	5.13643	0.517965	0.0368277	0.00580863
20024	-0.018442	-0.027066	3.82523	2.05014	0.535953	3.10926	-0.919227	4.11997	2.24786	0.545602	0.0813646	4.89126	0.540956	0.0442702	0.00612689
20025	-0.00748742	-0.0224263	3.97846	1.92912	0.48489	3.09396	-0.920881	4.22621	2.17668	0.515043	0.0839195	4.8095	0.500422	0.046871	0.00649027
20026	-0.119837	-0.0823754	4.14554	2.0101	0.484882	2.99407	-0.971158	4.11249	2.01928	0.491012	0.0814667	4.8482	0.487934	0.0467434	0.00673995
20027	0.0493217	0.00404708	4.0614	2.04189	0.502756	3.01365	-1.06228	4.43507	2.13543	0.481488	0.129397	4.39361	0.491654	0.0637428	0.00705148
20028	-0.0807679	-0.00306404	3.98751	1.97835	0.496137	2.93199	-1.12423	4.15562	1.99103	0.479118	0.138488	4.53836	0.487451	0.0733955	0.00729211
20029	0.0209901	0.0100875	4.06897	2.00901	0.493739	2.85131	-1.21389	4.02175	1.95844	0.486962	0.187014	4.00534	0.49037	0.086297	0.00751058
20030	0.0499294	0.062171	3.90168	2.00906	0.514921	2.77215	-1.19671	4.29335	2.06798	0.48167	0.213855	3.70525	0.497501	0.0886102	0.00769268
20031	0.109055	0.145673	4.03697	1.94216	0.481094	2.77696	-1.21925	4.13318	2.21499	0.535904	0.261743	3.55887	0.508822	0.100795	0.00804091
20032	0.0369167	0.103886	3.83238	2.02352	0.528007	2.79587	-1.19555	4.25295	2.16009	0.507904	0.22183	3.8059	0.517433	0.0916949	0.00813798
20033	0.120531	0.10586	4.10407	2.04255	0.497689	2.78582	-1.2247	4.14954	2.16695	0.522213	0.249218	3.55189	0.510019	0.0951826	0.00849288
20034	-0.0388944	-0.0458373	4.04806	2.09219	0.516837	2.75224	-1.28043	3.85741	2.09193	0.542314	0.195653	3.89523	0.529269	0.0835085	0.00863575
20035	-0.0752064	-0.0534725	4.29566	2.09846	0.488507	2.63445	-1.3346	4.02857	2.20339	0.546941	0.22354	3.67112	0.516786	0.0871168	0.00873085
20036	-0.0690671	-0.100605	3.82462	2.10082	0.549289	2.65462	-1.32118	4.20993	2.36108	0.560837	0.200824	3.70923	0.55534	0.0770782	0.00901143
20037	-0.108345	-0.132736	3.84044	1.96745	0.512299	2.6771	-1.35344	4.34755	2.23384	0.513816	0.192057	3.87935	0.513104	0.0814852	0.00935735
20038	-0.255773	-0.178103	4.07822	2.16733	0.531441	2.67568	-1.38453	4.33005	2.10221	0.485493	0.16937	4.2967	0.507779	0.0785672	0.00945178
20039	-0.123833	-0.214897	4.28019	2.07297	0.484316	2.69074	-1.34147	4.20859	2.13189	0.506556	0.16021	3.96092	0.495343	0.0701962	0.00955029
20040	-0.228662	-0.244456	3.77188	1.9487	0.516638	2.67489	-1.38297	4.62325	2.34318	0.506826	0.15375	4.21532	0.511234	0.0702358	0.0100256
20041	-0.380654	-0.344972	4.01244	2.05847	0.513022	2.49663	-1.49602	4.50125	2.35077	0.522247	0.160038	4.13939	0.517899	0.0699053	0.0101735
20042	-0.183335	-0.252177	4.12214	2.20455	0.534806	2.53399	-1.42366	4.23561	2.3446	0.553544	0.185862	3.69194	0.544302	0.0701633	0.01031
20043	-0.161847	-0.242688	4.2327	2.29025	0.541084	2.60072	-1.43853	4.37206	2.32138	0.530959	0.18738	3.81589	0.53594	0.0719798	0.01064
20044	-0.211523	-0.170029	4.18337	2.24807	0.537381	2.58769	-1.39623	3.8589	2.22228	0.575883	0.19189	3.9178	0.555856	0.0775996	0.0108675
20045	-0.190271	-0.184782	4.00119	2.12665	0.531506	2.55842	-1.4595	4.19858	2.20248	0.524577	0.215067	3.77766	0.527958	0.0858246	0.0110396
20046	-0.309132	-0.311904	4.02852	2.03751	0.50577	2.49198	-1.48568	4.02192	2.12882	0.529305	0.175593	3.92312	0.517528	0.0763941	0.0112404
20047	-0.191122	-0.282583	3.89879	2.00191	0.51347	2.5038	-1.51951	4.02279	2.19449	0.545515	0.210665	3.6313	0.529743	0.0835725	0.0114189
20048	-0.220037	-0.224137	3.91595	1.97763	0.505019	2.5257	-1.51285	4.11637	2.2313	0.542055	0.220291	3.76952	0.523999	0.0898301	0.0117367
20049	-0.187929	-0.220552	3.86012	2.04154	0.528881	2.42141	-1.55608	4.05769	2.18809	0.539245	0.261966	3.40433	0.534192	0.0954139	0.0117595
20050	-0.17379	-0.202913	4.08285	2.13798	0.52365	2.49817	-1.5532	4.15671	2.24333	0.53969	0.255384	3.56968	0.531742	0.094276	0.0122017
20051	-0.212785	-0.174363	3.84779	1.96876	0.51166	2.40498	-1.59081	3.95666	1.98287	0.501148	0.29278	3.42635	0.50633	0.112684	0.0124645
20052	-0.18932	-0.182763	4.04262	2.04632	0.506186	2.29464	-1.7264	4.14522	2.07979	0.501731	0.386188	3.08503	0.503931	0.126215	0.0128004
20053	-0.0912391	-0.216382	4.04768	2.00721	0.495891	2.1788	-1.82878	3.91254	2.03465	0.520033	0.504517	2.57655	0.507757	0.138589	0.013037
20054	-0.228246	-0.23651	3.9954	2.01968	0.505502	2.14847	-1.8903	3.94319	2.17962	0.552755	0.484179	2.82439	0.528973	0.140086	0.013406
20055	-0.24297	-0.216894	3.83565	2.05885	0.536768	2.12576	-1.89185	4.00262	2.00094	0.499906	0.500008	2.80545	0.517944	0.147374	0.0137086
20056	-0.100773	-0.15264	4.20995	2.02473	0.480939	2.04991	-1.93399	4.33123	2.17309	0.501727	0.686038	2.31271	0.49148	0.15901	0.0138672
20057	-0.0863918	-0.0849798	3.75327	1.96668	0.523991	1.93106	-2.00269	4.21502	2.12961	0.505243	0.903565	2.03506	0.514074	0.18338	0.0140416
20058	-0.136027	-0.112707	3.95648	1.93436	0.488908	1.85656	-2.07821	4.31414	2.0053	0.464819	0.972999	1.9852	0.476343	0.196962	0.0140853
20059	-0.0864538	-0.115241	3.92898	1.94476	0.494978	1.90734	-2.10346	4.11141	2.10562	0.512142	0.994415	1.98761	0.503755	0.196214	0.0142373
20060	-0.169714	-0.131472	3.77261	1.88091	0.49857	1.88424	-2.09714	4.11348	2.06913	0.503013	0.915878	2.10936	0.500888	0.196572	0.0146723
20061	-0.118943	-0.138091	4.33877	1.96787	0.453554	1.83833	-2.12609	4.00983	2.13508	0.532463	1.03164	1.91545	0.491454	0.194153	0.0149656
20062	-0.195287	-0.185551	3.40168	1.85528	0.5454	1.81875	-2.20094	4.04736	1.98817	0.491225	1.00134	2.02818	0.515965	0.209071	0.0151057
20063	-0.285778	-0.209392	4.3882	1.99542	0.454725	1.81429	-2.19307	3.95009	1.95853	0.495818	0.892223	2.20515	0.474192	0.199311	0.0153096
20064	-0.173934	-0.193527	4.02357	2.00527	0.49838	1.91141	-2.16045	4.11784	2.07747	0.504505	0.889645	2.17433	0.501478	0.191604	0.0155252
20065	-0.199422	-0.219558	3.72601	1.88255	0.505247	1.78424	-2.18632	3.90363	1.96391	0.503099	0.983036	1.96745	0.504148	0.200981	0.0158568
20066	-0.156803	-0.214525	4.01369	1.95564	0.487242	1.75682	-2.22125	4.12947	2.01415	0.487751	1.09968	1.83097	0.4875	0.202378	0.015903
20067	-0.123095	-0.185283	4.04313	2.00885	0.496855	1.74019	-2.26673	4.08502	2.19267	0.536758	1.24788	1.73591	0.516909	0.205035	0.0162926
20068	-0.239056	-0.244536	3.5694	2.09515	0.586975	1.66769	-2.34355	4.27901	2.16159	0.505162	1.21185	1.81783	0.54237	0.205648	0.0164581
20069	-0.23339	-0.253009	3.86818	2.06124	0.53287	1.71422	-2.33049	4.20359	2.22407	0.529087	1.13781	1.89658	0.5309	0.201222	0.0165901
20070	-0.184425	-0.268444	4.15476	1.98613	0.478038	1.63362	-2.30007	4.07466	2.20243	0.54052	1.24876	1.65264	0.508975	0.197741	0.0166952
20071	-0.24149	-0.242143	3.87341	1.91878	0.495372	1.80322	-2.27022	3.99075	2.10754	0.528107	0.983794	2.09042	0.511984	0.203514	0.0169729
20072	-0.174002	-0.183512	3.87587	1.98551	0.512274	1.59379	-2.36813	4.00012	2.08455	0.521122	1.52717	1.56255	0.516768	0.226782	0.0172078
20073	-0.174379	-0.187881	3.85801	1.91962	0.497566	1.62656	-2.3874	4.27811	2.17815	0.509137	1.49161	1.62169	0.50365	0.227978	0.0175489
20074	-0.0813538	-0.137365	3.66611	1.91004	0.520999	1.50867	-2.52902	3.86937	2.22976	0.57626	2.26251	1.26409	0.549374	0.256837	0.0177196
20075	-0.208571	-0.156606	3.93	1.89193	0.481406	1.55287	-2.52125	4.29571	2.23013	0.519152	1.80218	1.55134	0.501118	0.253338	0.0180715
20076	-0.110261	-0.137641	3.92561	2.02226	0.515145	1.47411	-2.52712	4.07703	2.07063	0.507878	2.27453	1.25511	0.511443	0.258669	0.0182811
20077	-0.0871063	-0.0926466	3.85102	1.96741	0.51088	1.50204	-2.55191	3.90055	1.92149	0.49262	2.39485	1.2627	0.501691	0.280053	0.0185572
20078	-0.245316	-0.197415	3.92808	2.00446	0.510291	1.38112	-2.61917	3.83254	2.08093	0.542964	2.21711	1.32265	0.526426	0.264205	0.0187772
20079	-0.237349	-0.253738	4.04285	1.97022	0.487334	1.3541	-2.6367	3.96662	1.90921	0.481321	2.24205	1.26636	0.484356	0.267999	0.0190591
20080	-0.24665	-0.220148	3.8581	1.99388	0.516805	1.25731	-2.64517	4.03325	1.96501	0.487203	2.59992	1.13095	0.501676	0.270897	0.0193117
20081	-0.138509	-0.237265	3.752	1.80355	0.480692	1.34212	-2.65108	3.99525	1.88919	0.472858	2.65775	1.09613	0.476652	0.282976	0.0196072
20082	-0.201804	-0.213489	4.00067	1.87921	0.469725	1.33917	-2.64929	4.46085	2.17849	0.488359	2.49856	1.18731	0.479549	0.26779	0.0199594
20083	-0.277328	-0.245553	3.85218	1.81225	0.470448	1.26564	-2.66426	3.9616	2.2476	0.567346	2.45729	1.19037	0.519576	0.264935	0.0200933
20084	-0.139457	-0.162812	3.76595	1.9331	0.513311	1.39549	-2.64006	4.08728	2.01601	0.493239	2.60469	1.17802	0.502865	0.279894	0.0202119
20085	-0.299386	-0.249675	4.23459	1.95283	0.461161	1.26484	-2.72212	3.97192	2.05743	0.517995	2.49835	1.2234	0.488668	0.276031	0.0204091
20086	-0.231615	-0.25141	3.76518	1.94003	0.515255	1.27808	-2.73182	3.96577	2.12098	0.534823	2.69941	1.13959	0.525293	0.274806	0.0207756
20087	-0.289246	-0.265661	4.39227	2.03993	0.464436	1.24223	-2.76207	4.15498	2.14791	0.516949	2.65713	1.17271	0.489963	0.271254	0.0211084
20088	-0.258085	-0.27954	3.89013	1.92285	0.49429	1.28552	-2.74329	4.00596	1.96268	0.48994	2.54753	1.19136	0.492083	0.280963	0.0212704
20089	-0.317606	-0.238352	3.90813	1.98584	0.50813	1.12317	-2.80623	3.90743	2.05077	0.524837	3.17656	1.03791	0.516483	0.290072	0.0216078
20090	-0.253748	-0.225163	3.93892	1.99614	0.506773	1.1723	-2.83132	4.01387	2.17131	0.540952	3.3399	1.0168	0.524024	0.289597	0.0218666
20091	-0.302273	-0.26986	4.0173	2.19644	0.546745	1.14095	-2.81052	3.5992	2.06569	0.573931	3.09904	1.04144	0.559592	0.274737	0.0220247
20092	-0.226817	-0.201832	4.07924	2.14071	0.524781	1.20298	-2.75199	4.1608	2.14533	0.515605	3.18114	1.02216	0.520148	0.27511	0.0221523
20093	-0.157158	-0.191318	4.30857	2.18453	0.50702	1.24979	-2.78739	4.32539	1.91358	0.442407	3.40469	0.989752	0.474651	0.291456	0.0224297
20094	-0.168868	-0.170119	4.16201	2.14137	0.514504	1.23738	-2.78464	3.86952	2.00732	0.518752	3.45666	0.988773	0.516551	0.291848	0.022812
20095	-0.11804	-0.182049	4.14264	2.22914	0.538096	1.12996	-2.82046	3.8693	2.00867	0.51913	4.46946	0.778752	0.528937	0.291216	0.0231322
20096	-0.162758	-0.141572	4.39985	2.2081	0.501858	1.06776	-2.86619	4.04808	2.10692	0.520474	4.90271	0.757084	0.510778	0.300853	0.0234307
20097	-0.282468	-0.247534	4.21066	2.0869	0.495622	1.12385	-2.88799	3.99945	2.08757	0.521965	3.52527	0.988865	0.508455	0.294657	0.0238418
20098	-0.363721	-0.301214	3.91054	2.1189	0.541844	1.1378	-2.88553	3.83199	2.19531	0.57289	2.96229	1.12728	0.55721	0.279129	0.0239203
20099	-0.291105	-0.319123	3.83106	1.92968	0.503695	0.969858	-2.90802	3.92347	2.06126	0.525366	4.21528	0.795014	0.514659	0.295805	0.0243693
20100	-0.338977	-0.280889	3.93678	2.14162	0.544002	1.06405	-2.91069	4.23738	2.09859	0.495256	3.5133	0.984236	0.518733	0.289751	0.0246646
20101	-0.15205	-0.230271	4.22757	2.16687	0.512558	1.04821	-2.94782	4.46214	2.08706	0.467726	5.12632	0.72031	0.489537	0.302763	0.0247908
20102	-0.151272	-0.210908	4.02794	2.1975	0.545565	0.974261	-2.97758	4.13913	2.23293	0.539469	6.04225	0.633412	0.542475	0.301745	0.0249035
20103	-0.175472	-0.126001	4.10054	2.04356	0.498364	0.980497	-3.00746	4.14364	2.17338	0.524509	6.21346	0.668131	0.511505	0.329973	0.0250779
20104	-0.290159	-0.230674	4.18001	2.05196	0.490898	0.927511	-3.04023	4.41186	2.22855	0.505128	5.32373	0.741361	0.498205	0.315655	0.0254499
20105	-0.209935	-0.17726	4.08771	2.0814	0.509186	0.923728	-2.98103	4.60459	2.16872	0.470991	6.1167	0.642597	0.488953	0.316304	0.0257654
20106	-0.163248	-0.168806	3.96586	1.98192	0.499747	1.11274	-2.9222	4.27519	2.00968	0.47008	4.65634	0.814071	0.484356	0.32206	0.0260625
20107	-0.253294	-0.242455	3.70958	1.93295	0.521071	1.02561	-2.94539	3.87359	1.97156	0.508974	4.46678	0.817797	0.514892	0.318808	0.0264591
20108	-0.208001	-0.21959	3.94858	1.91969	0.486172	1.13203	-2.92826	4.22836	2.06604	0.488615	4.08588	0.897836	0.487435	0.31527	0.0265743
20109	-0.471075	-0.317402	3.90191	2.00486	0.513814	1.16832	-2.91644	4.39318	2.01459	0.458571	2.51339	1.3438	0.484557	0.295951	0.0270405
20110	-0.362629	-0.371731	4.1713	1.96703	0.471562	1.09681	-2.88659	3.90152	2.03596	0.521838	2.96932	1.06498	0.49586	0.283249	0.0271496
20111	-0.497849	-0.462567	3.99832	1.96992	0.492688	0.99085	-3.01327	4.2944	2.00424	0.466709	2.93566	1.10811	0.479235	0.290518	0.0275847
20112	-0.435668	-0.453849	4.34572	2.03724	0.468792	1.06034	-3.00166	4.17906	2.11056	0.505031	2.90045	1.11903	0.486557	0.281325	0.0279355
20113	-0.483951	-0.473452	4.23586	2.05077	0.484145	0.912908	-3.07834	4.01597	2.13635	0.531963	3.47754	0.975608	0.507417	0.288428	0.0282161
20114	-0.388814	-0.447268	4.25393	2.05268	0.482538	0.867061	-3.11293	3.9543	1.96326	0.496486	4.50523	0.788612	0.489257	0.306792	0.0285504
20115	-0.589438	-0.465361	4.1535	2.00586	0.482933	0.773711	-3.16393	4.06575	2.18337	0.537015	3.91904	0.929087	0.509685	0.303038	0.0287431
20116	-0.420901	-0.471085	3.96872	1.92746	0.485662	0.851081	-3.17634	4.32628	2.27307	0.525411	4.52328	0.808969	0.506393	0.303515	0.0291725
20117	-0.503829	-0.502316	4.0401	1.97022	0.487667	0.865743	-3.18401	4.00989	2.03293	0.50698	3.83396	0.937863	0.497287	0.310029	0.0292529
20118	-0.423995	-0.465674	4.17202	2.06245	0.494352	0.733821	-3.22501	4.47733	2.20606	0.492717	5.67976	0.670269	0.493506	0.308514	0.0295295
20119	-0.385094	-0.422061	4.01666	2.05864	0.512525	0.693867	-3.24023	3.98679	2.1551	0.540561	6.82219	0.582078	0.526491	0.320393	0.0296359
20120	-0.473558	-0.434456	4.28331	1.99001	0.464596	0.811363	-3.1669	3.99014	2.00377	0.50218	4.5222	0.825511	0.482722	0.318616	0.029955
20121	-0.376214	-0.412746	4.05397	1.92426	0.47466	0.859827	-3.15405	4.21003	2.05635	0.488441	4.9187	0.763898	0.481681	0.320743	0.0297453
20122	-0.390322	-0.353308	3.96728	1.97365	0.497482	0.766817	-3.18765	4.33661	2.10533	0.485479	5.99976	0.669485	0.491214	0.330036	0.0299262
20123	-0.417	-0.419648	4.03105	1.98371	0.492107	0.771006	-3.21224	4.20996	2.23135	0.530017	5.52558	0.70568	0.511474	0.316368	0.0300622
20124	-0.421549	-0.449453	4.14362	1.97398	0.47639	0.788529	-3.25222	3.98056	2.1204	0.532688	5.36472	0.732145	0.503974	0.324275	0.0299578
20125	-0.487117	-0.492073	3.7602	1.96464	0.522483	0.642469	-3.27495	4.14038	2.0475	0.49452	6.06946	0.637983	0.507829	0.325601	0.0300296
20126	-0.498642	-0.485091	4.16311	2.17054	0.521374	0.750725	-3.24637	3.98745	2.08064	0.521797	4.88472	0.780459	0.521581	0.309683	0.0303937
20127	-0.467969	-0.474671	4.0365	2.05916	0.510134	0.702399	-3.22934	4.24144	2.09588	0.494144	5.53978	0.684881	0.501941	0.313561	0.0307499
20128	-0.412983	-0.431458	4.0594	2.18386	0.537975	0.833701	-3.18878	4.04446	2.1057	0.520637	4.89171	0.77711	0.529322	0.307154	0.0310511
20129	-0.374477	-0.410791	4.08573	2.18537	0.53488	0.833203	-3.19472	4.11862	2.18528	0.530585	5.3139	0.729245	0.532724	0.307256	0.0310795
20130	-0.420287	-0.444863	3.70994	2.09633	0.565057	0.695315	-3.29779	4.03619	2.09687	0.519517	6.53976	0.622284	0.541328	0.326828	0.0315813
20131	-0.419661	-0.404202	3.98072	2.02693	0.509187	0.774842	-3.26189	4.21197	2.31476	0.549568	5.72341	0.713419	0.529947	0.319943	0.0318918
20132	-0.507587	-0.445796	4.08343	1.96783	0.481906	0.679928	-3.26766	4.11514	2.18776	0.531638	5.64668	0.705095	0.506868	0.323998	0.032055
20133	-0.423917	-0.456769	3.67938	1.92823	0.524064	0.678563	-3.32215	3.72782	2.00807	0.538671	6.75496	0.60773	0.531415	0.342847	0.0322444
20134	-0.477009	-0.434402	3.96898	1.91994	0.483736	0.69453	-3.29389	4.05366	2.02926	0.5006	5.9575	0.686252	0.492257	0.341184	0.0318815
20135	-0.332543	-0.339264	4.08875	2.07944	0.508575	0.743276	-3.25963	4.1542	2.16941	0.52222	7.36877	0.578694	0.515452	0.33425	0.0321174
20136	-0.41784	-0.42191	3.90125	1.97534	0.506335	0.835224	-3.18299	4.22639	2.16731	0.512805	4.85526	0.785085	0.509699	0.315208	0.0322467
20137	-0.56671	-0.481376	3.77285	1.96455	0.520707	0.880219	-3.1402	4.24227	2.23453	0.526729	3.37664	1.0468	0.523894	0.296319	0.0322695
20138	-0.578753	-0.499249	3.42062	1.85981	0.543706	0.910495	-3.15165	4.43619	2.18359	0.492221	3.17208	1.10893	0.514636	0.303233	0.0326072
20139	-0.454246	-0.4916	3.96322	2.16702	0.546781	0.810376	-3.1879	4.29834	2.24114	0.521397	4.54584	0.799634	0.533574	0.292041	0.0330675
20140	-0.475323	-0.478972	3.99194	1.97775	0.495436	0.807768	-3.20613	4.26115	2.05574	0.482439	4.51759	0.823161	0.488725	0.315635	0.0328426
20141	-0.496852	-0.505632	3.88216	1.94534	0.501098	0.779631	-3.14645	3.66283	2.00648	0.547796	4.28004	0.814704	0.523768	0.306232	0.0331859
20142	-0.516036	-0.488439	4.22865	2.05468	0.485896	0.922525	-3.11488	4.24359	2.03804	0.480264	3.33334	1.03473	0.483075	0.296558	0.0333959
20143	-0.457843	-0.472851	4.03543	2.03392	0.504015	0.961323	-3.07717	4.27592	2.20293	0.515194	3.36762	1.00702	0.509766	0.285923	0.0339319
20144	-0.391831	-0.401186	4.17342	2.03597	0.487841	0.95755	-3.0724	4.38452	2.15111	0.490615	3.91877	0.910413	0.489262	0.298861	0.0342839
20145	-0.399105	-0.44455	4.3611	1.96135	0.449738	0.982378	-3.02923	3.88006	1.95284	0.503302	3.50043	0.954248	0.474956	0.299181	0.0345551
20146	-0.45981	-0.471299	3.93853	2.04152	0.518344	0.931147	-3.02804	3.96037	2.04093	0.515338	3.37868	0.967381	0.516837	0.285973	0.0345248
20147	-0.482986	-0.435673	4.17262	2.00769	0.481158	0.972765	-2.99164	4.33539	2.24767	0.518447	3.08273	1.05961	0.500159	0.277456	0.0344356
20148	-0.530349	-0.508311	3.89572	2.0088	0.515643	1.11497	-2.89481	4.17009	2.05911	0.493781	2.10389	1.35354	0.504341	0.259366	0.0348341
20149	-0.431014	-0.444301	4.36271	2.11212	0.484131	1.06424	-2.90919	4.28736	2.13737	0.498529	2.71749	1.11789	0.491267	0.263414	0.0350806
20150	-0.411699	-0.380823	3.82111	1.89645	0.496309	1.0088	-2.95733	4.16037	1.89584	0.455691	3.28987	1.00891	0.475137	0.304513	0.0357125
20151	-0.347597	-0.349753	3.95182	1.93527	0.489715	1.13031	-2.94137	4.13631	2.07734	0.50222	3.07503	1.0921	0.49611	0.295114	0.0359824
20152	-0.284905	-0.356013	4.04207	1.97146	0.487735	1.12999	-2.92062	4.07042	2.15221	0.528742	3.28544	1.00096	0.50831	0.285177	0.036375
20153	-0.330062	-0.3238	4.08048	2.01316	0.493365	0.981894	-2.90789	4.0351	2.16479	0.53649	3.8795	0.860614	0.514807	0.285596	0.0365861
20154	-0.179362	-0.192747	4.05852	2.15416	0.530775	1.03665	-2.95596	4.05375	2.21104	0.54543	5.16358	0.739347	0.538098	0.30435	0.03689
20155	-0.188477	-0.196981	4.02791	2.08081	0.516598	1.05081	-2.94622	3.73131	2.08212	0.558014	4.92131	0.767916	0.536514	0.312305	0.0372691
20156	-0.191594	-0.236169	4.1088	2.01405	0.490179	1.00525	-2.94047	3.79879	1.98561	0.522695	5.10546	0.716221	0.5058	0.313822	0.0374671
20157	-0.210917	-0.207077	4.00878	1.97011	0.491448	1.07992	-2.91762	4.18711	2.21909	0.529982	4.40934	0.833124	0.511134	0.304914	0.0377311
20158	-0.247508	-0.232985	3.82031	1.98604	0.519864	1.13179	-2.96477	4.06816	2.26837	0.557591	3.92263	0.951233	0.53932	0.30495	0.038122
20159	-0.210136	-0.179072	3.92662	2.04276	0.520234	0.947826	-3.0085	4.05935	2.15818	0.531656	5.97048	0.670438	0.52604	0.322796	0.0384799
20160	-0.190064	-0.154665	4.34233	2.17083	0.499922	0.9962	-3.02911	4.16456	2.09131	0.502167	5.87147	0.703611	0.501021	0.326548	0.0383803
20161	-0.0972958	-0.109275	3.99637	2.16768	0.542413	0.960535	-3.00392	4.15251	2.27584	0.548063	7.48787	0.559503	0.545292	0.320491	0.0384327
20162	-0.160084	-0.230414	3.9724	2.12301	0.534442	0.947048	-3.01576	3.96186	2.07248	0.523106	6.32936	0.612871	0.528782	0.31625	0.0386185
20163	-0.257338	-0.235191	4.2063	2.01808	0.479776	1.00984	-2.948	4.1904	2.05075	0.489392	4.5831	0.802876	0.484575	0.311486	0.0391144
20164	-0.255003	-0.204613	3.94536	2.00259	0.507582	0.985093	-3.03467	3.82812	1.96279	0.512729	5.20812	0.768919	0.510117	0.335637	0.0392673
20165	-0.199761	-0.269297	4.02033	2.17999	0.542242	0.95092	-3.04353	4.16483	2.10466	0.505341	5.81268	0.662034	0.523466	0.310008	0.0395236
20166	-0.237797	-0.187449	4.07013	2.11898	0.520618	0.905339	-3.0613	4.18739	2.12176	0.506702	6.32022	0.653379	0.513562	0.327563	0.0398052
20167	-0.153791	-0.237453	4.17883	2.04601	0.489612	1.00592	-3.01965	3.94819	2.15581	0.546026	5.75537	0.672468	0.517019	0.315435	0.0399825
20168	-0.184303	-0.170346	4.04865	1.96083	0.484316	0.977374	-3.0407	4.20468	2.16631	0.515214	6.10521	0.674746	0.500057	0.333031	0.0405416
20169	-0.14092	-0.140813	3.97867	1.96666	0.494302	1.00657	-3.0565	3.83418	2.20875	0.576068	6.45633	0.658364	0.534429	0.337424	0.0405926
20170	-0.132879	-0.166556	4.11003	2.01459	0.490164	0.939784	-3.08664	4.1177	2.05519	0.49911	7.41077	0.575302	0.494641	0.343855	0.0410334
20171	-0.185815	-0.208161	4.11295	2.03004	0.493572	0.874635	-3.13377	3.76321	1.8872	0.501486	7.61119	0.562276	0.497353	0.353389	0.0414167
20172	-0.12241	-0.157962	4.12892	2.01194	0.487281	0.888602	-3.12112	3.95745	2.06715	0.522343	8.59006	0.511074	0.504441	0.349973	0.0415374
20173	-0.241083	-0.17345	3.9041	2.00511	0.513592	0.910516	-3.06531	4.01068	2.08998	0.521104	6.30598	0.66309	0.517398	0.338098	0.0417537
20174	-0.176311	-0.152016	4.24748	2.05571	0.483983	0.990061	-3.02196	4.1456	2.08278	0.502408	6.05442	0.680212	0.493084	0.332358	0.041943
20175	-0.0821214	-0.0894403	3.60799	1.93645	0.53671	0.917602	-3.08849	3.97915	2.03904	0.512432	8.99928	0.499724	0.523977	0.361387	0.0422856
20176	-0.026125	0.0128458	3.87773	1.94634	0.501928	0.988683	-3.03589	4.34105	2.12059	0.488497	9.02549	0.514917	0.494834	0.363725	0.0425344
20177	0.0676198	0.0680313	4.3269	2.17753	0.503254	1.1332	-2.94628	4.2018	2.08652	0.496578	8.00207	0.567734	0.499965	0.347676	0.0425597
20178	0.125957	0.118791	4.09242	2.24869	0.549478	0.996364	-2.94668	3.83553	2.02904	0.529011	12.4037	0.378804	0.539576	0.354616	0.0426755
20179	0.182444	0.19549	4.13934	2.11678	0.511382	1.0788	-2.91527	4.03763	1.97204	0.488414	12.0441	0.401725	0.50004	0.371844	0.0429163
20180	0.138771	0.0908345	3.91111	2.02802	0.518527	1.06002	-2.87479	4.06441	2.00044	0.492184	10.3627	0.424353	0.505103	0.3532	0.0428821
20181	0.108719	0.0704235	3.97648	1.98348	0.498805	1.09976	-2.8616	4.15435	2.15901	0.519698	8.75281	0.491085	0.50948	0.341704	0.0433449
20182	0.0658922	0.0341463	4.19317	2.10341	0.501628	1.22867	-2.85839	4.22514	1.97235	0.466814	6.18819	0.676027	0.484155	0.339262	0.0435714
20183	-0.0824111	-0.0146338	3.99077	2.11511	0.530001	1.06486	-2.89584	4.0728	1.99082	0.488809	6.30696	0.65811	0.509195	0.335858	0.0440399
20184	0.0701998	-0.0092134	3.82705	1.9112	0.499392	1.08514	-2.91151	4.0632	2.10315	0.517609	8.17718	0.515052	0.508773	0.344194	0.0438705
20185	-0.0959236	-0.0723218	3.82021	1.93281	0.505943	1.03671	-2.97846	4.24221	2.05189	0.483685	6.58339	0.641434	0.494231	0.346466	0.0442046
20186	-0.00708978	0.0484207	3.84002	1.92272	0.500706	0.98087	-2.97031	4.04637	2.21937	0.548483	9.33623	0.488032	0.52522	0.354957	0.0447371
20187	0.0175931	0.090479	4.09184	1.99791	0.488267	1.04707	-2.96357	4.09662	2.02587	0.494523	8.80077	0.529911	0.491396	0.367008	0.0447053
20188	0.0544142	0.0370667	3.61663	2.11329	0.584326	1.02229	-2.96267	3.85677	2.16667	0.561784	9.60572	0.46839	0.572693	0.34464	0.0448415
20189	0.0125927	-0.0102849	4.48346	2.33862	0.521611	1.13048	-2.94192	4.52012	2.23984	0.495526	6.87742	0.624832	0.508515	0.319507	0.0452718
20190	0.0276577	0.0147022	4.42844	2.22578	0.502611	1.01652	-2.97188	4.06385	2.31134	0.568756	9.12172	0.488927	0.534264	0.329638	0.0457455
20191	0.0605359	0.100318	3.90424	2.10361	0.5388	0.962787	-2.97926	4.02479	2.16746	0.538527	11.65	0.407029	0.538662	0.357077	0.0459115
20192	0.181868	0.173493	3.91081	2.01368	0.5149	1.06124	-2.94307	4.14692	2.13796	0.515553	12.5606	0.386644	0.515236	0.369157	0.0462362
20193	0.13956	0.17581	3.91406	1.98364	0.506798	0.952552	-3.02666	4.46426	2.25449	0.505008	15.5166	0.330478	0.505844	0.377053	0.0464956
20194	0.117182	0.13527	3.50368	1.97039	0.562375	1.04163	-3.01767	4.19608	2.02995	0.483773	11.6323	0.427302	0.51954	0.383314	0.0464975
20195	0.0873767	0.128123	4.06683	1.98423	0.487905	0.952387	-3.03841	3.76041	2.07636	0.552162	13.4007	0.374121	0.518776	0.381816	0.0468609
20196	0.147246	0.184102	3.8092	1.90301	0.499582	1.01302	-3.01508	4.29851	2.23364	0.519633	13.6542	0.374786	0.510212	0.382279	0.0467851
20197	0.112289	0.181534	3.69653	1.96141	0.530609	1.04868	-3.00925	4.16258	2.20212	0.529026	11.6111	0.438419	0.529771	0.379511	0.0469012
20198	0.22586	0.19702	3.92556	1.99976	0.50942	0.936198	-3.0651	4.04307	2.17833	0.538781	21.0897	0.252291	0.524317	0.389149	0.0472476
20199	0.180536	0.238527	3.91454	1.9626	0.501362	0.830735	-3.14495	4.32292	2.2251	0.514722	27.0791	0.211379	0.508373	0.406093	0.0474491
20200	0.229217	0.230996	4.33511	2.03342	0.469059	0.791403	-3.19188	4.45196	2.2988	0.516357	37.0699	0.158027	0.493022	0.403498	0.0475614
20201	0.259809	0.287008	4.01372	2.07258	0.516373	0.823076	-3.21901	4.04757	2.17457	0.537253	38.7435	0.158635	0.526857	0.419926	0.0479564
20202	0.373609	0.301178	4.35112	2.23777	0.514298	0.853301	-3.20302	4.01506	2.11366	0.526432	53.3644	0.115052	0.520121	0.413776	0.048256
20203	0.273788	0.292785	4.07568	2.1724	0.533015	0.818223	-3.28092	4.38596	2.24566	0.51201	43.0868	0.148205	0.522127	0.419631	0.0483097
20204	0.218997	0.252176	3.90993	2.07508	0.530721	0.891073	-3.16017	4.22341	2.23026	0.528072	25.7793	0.225843	0.529345	0.403513	0.048413
20205	0.239781	0.264203	4.24595	1.93253	0.455147	0.833288	-3.13153	3.78385	1.97427	0.521763	32.7353	0.176125	0.486538	0.424709	0.0489451
20206	0.326478	0.259127	3.91652	2.13572	0.54531	0.890312	-3.11923	3.86268	1.97366	0.510955	35.9012	0.158954	0.528251	0.409923	0.0492069
20207	0.291891	0.311191	4.18583	2.07288	0.495214	0.869079	-3.13842	4.08286	2.38213	0.583446	35.7196	0.166573	0.53878	0.40052	0.0497312
20208	0.2384	0.38473	4.23622	2.16101	0.510128	0.814409	-3.13871	4.04879	2.14551	0.529914	37.4175	0.165894	0.519797	0.418959	0.050135
20209	0.376436	0.383414	3.83021	2.04748	0.53456	0.851655	-3.12224	4.41896	2.16333	0.489557	54.4191	0.112916	0.510453	0.421969	0.0504553
20210	0.303325	0.330171	3.91937	1.98804	0.507234	0.941564	-3.08565	4.34893	2.18754	0.503007	28.6432	0.203675	0.505011	0.411392	0.0505899
20211	0.406524	0.336769	3.94993	1.98873	0.503484	0.788915	-3.15663	3.95181	2.08128	0.526664	83.4601	0.0731116	0.515077	0.42857	0.0510952
20212	0.27578	0.333229	3.98036	1.99807	0.501981	0.796783	-3.1659	3.90616	2.10001	0.537614	45.1065	0.135722	0.51963	0.42769	0.05117
20213	0.206269	0.30144	3.88104	2.09377	0.539487	0.879065	-3.13281	4.01346	2.09068	0.520918	26.0554	0.226327	0.530046	0.413486	0.0514807
20214	0.233259	0.25198	3.85049	1.85173	0.480908	0.902425	-3.16879	4.08465	2.01709	0.493823	26.1325	0.223891	0.487556	0.430696	0.0514567
20215	0.259671	0.275034	3.86512	2.0791	0.537913	0.698541	-3.19168	4.14282	2.29322	0.553541	62.3973	0.0963033	0.545998	0.407413	0.0519672
20216	0.257884	0.20561	4.4787	2.22024	0.495732	0.769623	-3.15212	4.17159	2.35778	0.565199	43.0521	0.130939	0.529232	0.381184	0.0521372
20217	0.138639	0.211531	4.25017	2.15396	0.506793	0.854194	-3.17328	4.2374	2.24494	0.529792	22.376	0.256009	0.518275	0.394472	0.0523813
20218	0.103874	0.138174	4.12228	1.97455	0.478994	0.789173	-3.20225	4.08725	2.21603	0.542181	23.7597	0.234817	0.510453	0.399766	0.0526183
20219	0.0904689	0.116143	3.8779	1.84029	0.474559	0.737799	-3.25852	4.25618	2.34088	0.549994	27.1774	0.209518	0.514031	0.405211	0.0528002
20220	-0.0447641	0.131447	3.87283	1.87283	0.483581	0.735705	-3.27547	4.50191	2.35084	0.522188	19.0551	0.304566	0.504334	0.407361	0.0534099
20221	0.213952	0.125732	3.87747	2.01305	0.519165	0.78222	-3.29114	4.57278	2.30598	0.504285	36.1536	0.161464	0.511113	0.403387	0.0536566
20222	0.104516	0.132607	4.19205	1.98857	0.474366	0.628086	-3.32571	4.21345	2.11434	0.501808	43.6294	0.137063	0.488122	0.421669	0.0539482
20223	0.145478	0.116445	3.95429	2.14459	0.542346	0.768805	-3.27959	3.91283	2.08462	0.532764	29.6832	0.194268	0.53758	0.405501	0.0542157
20224	-0.0425255	0.0287996	3.97042	2.20652	0.555739	0.590947	-3.2764	3.98063	2.13183	0.535549	27.2233	0.200644	0.545631	0.386442	0.0547269
20225	0.0979172	0.0984507	4.20611	2.16066	0.513695	0.682471	-3.28816	4.0763	2.07559	0.509184	33.5646	0.170851	0.511475	0.403762	0.054965
20226	0.199966	0.142247	3.94026	1.90598	0.483719	0.623741	-3.28156	4.11836	2.08954	0.507372	65.2751	0.0897928	0.495807	0.423246	0.0550538
20227	0.155671	0.114662	3.92465	1.87083	0.476685	0.692457	-3.30459	3.90294	2.19684	0.562867	40.5751	0.14407	0.519657	0.418236	0.0551948
20228	0.125206	0.0879121	3.88293	1.90041	0.489428	0.734567	-3.29503	4.16914	2.18697	0.524562	30.8206	0.18566	0.50762	0.411878	0.0553947
20229	0.115037	0.100335	3.68014	1.88752	0.512893	0.761321	-3.32323	4.22536	2.20357	0.52151	28.0615	0.208841	0.517498	0.417453	0.0560794
20230	0.1039	0.0892982	4.0045	1.99625	0.498502	0.641571	-3.32582	4.31987	2.15015	0.497735	40.3439	0.144545	0.498104	0.412992	0.0561038
20231	0.10675	0.088745	4.07322	2.12171	0.520892	0.632149	-3.32545	3.96131	1.99535	0.503709	42.2277	0.138022	0.51242	0.414583	0.0561898
20232	0.110268	0.12244	4.28948	2.18893	0.510302	0.665178	-3.34943	4.13251	2.27013	0.549335	39.1455	0.153963	0.529454	0.403394	0.0563186
20233	0.0706854	0.131947	4.19018	2.02194	0.482543	0.683666	-3.28083	4.15967	2.25591	0.542329	30.9972	0.187873	0.512327	0.405116	0.0562993
20234	0.193458	0.0656552	4.2856	2.08579	0.486698	0.698124	-3.31604	3.8405	2.17766	0.567025	44.9015	0.127344	0.524662	0.401524	0.0563732
20235	0.00171401	0.0383377	3.97069	2.08555	0.525236	0.558268	-3.35338	3.83678	2.09662	0.546452	37.1386	0.154876	0.535662	0.407587	0.0563568
20236	0.055284	0.0196988	4.42963	2.15892	0.487382	0.623497	-3.29975	4.43609	2.31478	0.521806	34.1278	0.161433	0.504606	0.38121	0.0570937
20237	-0.017344	-0.0046668	4.51266	2.13974	0.474164	0.768224	-3.26418	4.22349	2.22292	0.526323	17.2163	0.308559	0.49938	0.378548	0.0576135
20238	-0.0569148	-0.0495104	3.61258	1.99588	0.55248	0.90954	-3.18482	4.29288	2.26792	0.528298	10.5244	0.467017	0.539349	0.365748	0.0577221
20239	-0.0132138	-0.013615	3.97937	2.01678	0.50681	0.892472	-3.06067	4.27075	2.12692	0.498019	11.3189	0.410133	0.502259	0.359156	0.0578455
20240	-0.0869659	-0.0775135	3.94927	1.90991	0.483612	1.00312	-3.01732	4.20199	2.10246	0.500349	7.27303	0.594144	0.49224	0.350125	0.0582255
20241	-0.0934674	-0.0642303	3.86258	1.91987	0.497045	0.952454	-3.04691	3.83915	1.99957	0.520836	8.13235	0.546976	0.508904	0.362138	0.0582815
20242	-0.139712	-0.154216	3.9073	1.88402	0.482178	1.10143	-2.98069	4.00257	2.0506	0.51232	5.18623	0.770211	0.497431	0.33681	0.058436
20243	-0.253568	-0.178827	4.13821	2.00091	0.483521	1.07039	-2.9001	3.99252	2.1933	0.549352	4.22473	0.876429	0.515847	0.306338	0.0583951
20244	-0.158804	-0.176425	3.78246	1.92592	0.509172	1.1874	-2.93824	4.0957	2.16012	0.527412	4.20886	0.906137	0.518655	0.318299	0.058444
20245	-0.16272	-0.145993	4.01805	2.03296	0.505956	1.07541	-2.92181	3.93604	2.09411	0.532033	5.02632	0.76648	0.51886	0.318327	0.0587593
20246	-0.178155	-0.156787	3.9056	2.00384	0.513069	1.19135	-2.85906	4.14125	2.18274	0.527073	3.89341	0.937773	0.520276	0.303752	0.0586965
20247	-0.0894376	-0.108138	4.28134	2.05431	0.479828	1.10249	-2.92178	3.89604	2.00845	0.515511	5.57236	0.710343	0.496829	0.32768	0.0590232
20248	-0.145215	-0.144088	4.33935	2.07623	0.478467	1.13488	-2.80372	4.22777	1.99454	0.471771	4.31673	0.819327	0.475162	0.302958	0.0596253
20249	-0.168066	-0.193381	4.09758	2.1597	0.527068	1.24859	-2.81638	4.00928	1.98988	0.49632	3.42823	1.00345	0.511861	0.293143	0.0601754
20250	-0.227473	-0.193802	3.74305	2.13589	0.570627	1.26117	-2.78571	4.33219	1.99945	0.461534	3.03152	1.10802	0.512101	0.288933	0.0605204
20251	-0.204677	-0.213454	4.2286	2.05426	0.4858	1.19732	-2.75069	4.11806	2.12012	0.514834	3.27513	0.982794	0.500125	0.278361	0.0605706
20252	-0.211359	-0.162605	3.77139	1.92119	0.509412	1.1898	-2.8155	4.37382	2.15475	0.492647	3.5848	0.981619	0.500409	0.30162	0.0605347
20253	-0.135926	-0.145525	4.0658	1.85011	0.455043	1.19134	-2.79555	4.17138	2.19458	0.526104	3.98645	0.880813	0.491029	0.302787	0.0610036
20254	-0.195194	-0.175999	3.84191	1.90205	0.49508	1.21976	-2.74583	4.10011	2.13623	0.521019	3.29857	1.00105	0.508471	0.290299	0.0609685
20255	-0.190608	-0.223844	4.02309	2.00376	0.498066	1.25826	-2.75479	4.3258	2.12045	0.490187	3.05149	1.0496	0.493984	0.279795	0.061082
20256	-0.258012	-0.235148	3.96293	2.05699	0.519058	1.27366	-2.76847	4.20825	2.09619	0.498115	2.73559	1.173	0.508272	0.278763	0.0612161
20257	-0.248966	-0.203616	4.16968	2.0514	0.491979	1.24823	-2.78232	3.87729	1.95818	0.505039	2.96653	1.12079	0.498272	0.293197	0.0617528
20258	-0.265661	-0.210872	4.17925	2.06157	0.493287	1.30083	-2.74436	4.24943	2.05566	0.483749	2.61565	1.22695	0.488478	0.280541	0.0622121
20259	-0.195268	-0.194204	3.7966	2.07832	0.547416	1.29223	-2.68906	3.84621	1.91711	0.498441	2.81307	1.10632	0.52277	0.280399	0.0624107
20260	-0.245318	-0.298261	4.11188	1.97065	0.479257	1.34402	-2.64798	4.26108	1.95383	0.458529	2.18574	1.263	0.468708	0.260295	0.0628035
20261	-0.246795	-0.304336	4.10123	1.93377	0.471508	1.32785	-2.6241	4.12899	2.15027	0.520774	2.17032	1.23975	0.496224	0.24788	0.0629542
20262	-0.33823	-0.301738	3.99458	1.86129	0.465953	1.44837	-2.59238	4.22092	2.17007	0.514122	1.64384	1.59597	0.490701	0.245597	0.0632493
20263	-0.290869	-0.300187	3.73622	1.9377	0.518627	1.43767	-2.59786	4.29777	2.23458	0.519939	1.76692	1.49393	0.519329	0.240405	0.0634275
20264	-0.303572	-0.289049	4.11099	1.95004	0.474348	1.3808	-2.64054	4.36181	2.23479	0.512355	1.94898	1.41856	0.493914	0.2484	0.0634976
20265	-0.226969	-0.279061	3.85356	1.87134	0.485615	1.38646	-2.61305	4.24583	2.21266	0.521137	2.09266	1.30157	0.504236	0.250168	0.0639349
20266	-0.327098	-0.320759	3.72015	1.79866	0.483491	1.43877	-2.59026	4.14566	2.10577	0.507945	1.65175	1.55914	0.496379	0.248097	0.0642227
20267	-0.394831	-0.318106	4.04422	1.80888	0.447275	1.39462	-2.5655	4.32749	2.1694	0.501305	1.57732	1.60106	0.475204	0.241019	0.0642352
20268	-0.301205	-0.262145	3.58707	1.81278	0.505365	1.55451	-2.46978	4.41088	2.12365	0.481458	1.41524	1.72184	0.492181	0.236453	0.06472
20269	-0.261392	-0.25856	3.99575	1.79979	0.450425	1.58011	-2.44232	4.12033	1.92122	0.466278	1.40627	1.69556	0.458473	0.242745	0.0647403
20270	-0.329681	-0.276325	3.95999	1.84501	0.465913	1.48234	-2.55411	4.00993	1.98851	0.495896	1.58015	1.64172	0.480999	0.252907	0.065017
20271	-0.3454	-0.28602	3.79399	1.83938	0.484816	1.44107	-2.50625	4.03966	2.02582	0.501482	1.54456	1.59574	0.49341	0.241846	0.0651671
20272	-0.27592	-0.267986	3.76273	1.71594	0.456035	1.54417	-2.5036	3.90472	1.9222	0.492277	1.50871	1.65637	0.474492	0.255739	0.0650265
20273	-0.288072	-0.248591	3.82357	1.83594	0.480163	1.5036	-2.46886	3.98823	1.94483	0.487641	1.53566	1.60505	0.483981	0.245926	0.0649272
20274	-0.272397	-0.246429	3.87619	1.92167	0.495763	1.43104	-2.53244	4.1223	1.91473	0.464481	1.80096	1.45085	0.479641	0.254129	0.0652351
20275	-0.294394	-0.254631	4.0734	1.95091	0.478939	1.44807	-2.5702	3.78475	1.90966	0.504566	1.766	1.51808	0.491282	0.257827	0.0653375
20276	-0.309341	-0.239932	3.79237	1.91666	0.5054	1.42285	-2.58134	4.28671	2.12033	0.494629	1.8271	1.50025	0.499685	0.253546	0.0655282
20277	-0.236632	-0.233089	4.10577	1.89765	0.462191	1.44974	-2.59031	4.0864	1.9061	0.466448	1.95386	1.42192	0.464315	0.267604	0.065314
20278	-0.202033	-0.17655	3.96933	2.01827	0.508466	1.57402	-2.49048	3.69783	1.93381	0.522959	1.69741	1.57719	0.515456	0.253101	0.0653391
20279	-0.275873	-0.214962	4.0794	2.07714	0.509178	1.51862	-2.53316	3.77162	1.9878	0.527042	1.66885	1.61011	0.51776	0.248504	0.0657041
20280	-0.129389	-0.128972	3.96896	1.965	0.495091	1.35815	-2.6414	3.86455	1.9474	0.503912	2.85265	1.10639	0.499443	0.287523	0.0655803
20281	-0.0872349	-0.060766	3.84452	2.02099	0.525681	1.42255	-2.60225	4.35518	2.12649	0.488267	2.83363	1.13973	0.505809	0.280336	0.0655944
20282	-0.110382	-0.102866	4.06274	1.95415	0.480993	1.43421	-2.47741	4.43196	2.22309	0.501603	2.36338	1.19288	0.491746	0.252404	0.066357
20283	-0.102066	-0.0922386	4.01248	2.0156	0.502332	1.54643	-2.46683	4.06462	2.03013	0.499462	2.07492	1.35878	0.500888	0.258496	0.0665085
20284	-0.0863999	-0.0527486	3.79462	1.88879	0.497755	1.50044	-2.48194	4.23172	2.03186	0.480151	2.34347	1.25902	0.488474	0.2735	0.0665285
20285	-0.0689853	-0.0437753	4.15501	2.06378	0.496696	1.55898	-2.43692	4.30564	2.05142	0.476449	2.16098	1.32513	0.486392	0.258216	0.0667717
20286	-0.0647158	-0.0244077	3.80451	2.01506	0.52965	1.5976	-2.442	4.12656	2.15044	0.521121	2.11515	1.38164	0.525212	0.259786	0.0670568
20287	-0.0248045	-0.0405478	4.02238	2.07126	0.514934	1.64664	-2.40018	3.94773	2.01476	0.510358	1.99298	1.39687	0.512668	0.254197	0.0672989
20288	-0.106939	-0.0614214	3.96227	1.97063	0.497348	1.58584	-2.40944	4.16223	2.19057	0.526296	1.92398	1.43275	0.512179	0.248906	0.067446
20289	-0.0539348	-0.0206527	4.03954	2.08864	0.517048	1.60048	-2.49151	4.14983	2.12918	0.513076	2.23054	1.36854	0.515035	0.265812	0.0674803
20290	-0.0385526	-0.0444286	3.92647	2.02575	0.515923	1.57941	-2.44808	4.1389	2.0523	0.495856	2.20702	1.30889	0.505625	0.261644	0.0674327
20291	0.004343	-0.0493433	4.23322	2.08083	0.491549	1.53141	-2.4023	4.32707	2.19189	0.506552	2.37416	1.16597	0.499133	0.244771	0.0673399
20292	-0.0373753	0.0207115	4.04938	1.99397	0.492412	1.58738	-2.3389	4.17266	2.23819	0.536393	2.10913	1.31992	0.514732	0.247589	0.0678237
20293	0.131312	0.027865	4.25374	2.0617	0.484678	1.64863	-2.37666	4.01857	2.18842	0.544576	2.51133	1.15113	0.513776	0.253878	0.0677557
20294	0.0663011	0.0419096	4.08192	2.13505	0.52305	1.54107	-2.38347	4.38215	2.17375	0.496046	2.70466	1.08747	0.509069	0.254553	0.0680825
20295	0.0678955	0.0518456	3.85586	2.0586	0.533888	1.39169	-2.52766	4.23868	2.15442	0.508276	3.7969	0.87622	0.520476	0.283173	0.0679719
20296	0.00192337	0.0493532	3.89802	1.99528	0.511869	1.38915	-2.6158	4.39473	2.17742	0.495461	3.69105	0.962199	0.503174	0.29863	0.0679874
20297	0.0996208	0.0710488	3.99054	1.94386	0.487116	1.27005	-2.70264	4.40964	2.30905	0.523637	5.61596	0.684956	0.506287	0.311517	0.0679303
20298	0.162822	0.0819542	3.9836	1.97769	0.496459	1.4013	-2.65395	4.26745	2.2584	0.529214	4.8801	0.766909	0.5134	0.306505	0.0681404
20299	-0.0176959	-0.000759251	4.31595	2.0406	0.472804	1.32393	-2.68037	4.01484	2.23865	0.557594	3.98917	0.899977	0.513667	0.295623	0.0684903
20300	0.0285626	-0.0356986	4.1358	2.07543	0.50182	1.22309	-2.66087	4.23544	2.20727	0.521143	4.82968	0.713453	0.511596	0.286982	0.0684697
20301	-0.145225	-0.073085	4.27323	2.14304	0.501503	1.30215	-2.65428	4.24276	2.27763	0.536826	3.1804	1.04744	0.519101	0.27377	0.0689282
20302	-0.066052	-0.0561255	4.31174	2.14264	0.496932	1.37927	-2.64544	3.97998	2.21115	0.55557	3.20953	1.04448	0.525078	0.27807	0.0693508
20303	-0.0406176	-0.0775289	3.98501	2.11685	0.531203	1.28361	-2.67491	4.78684	2.22763	0.465366	3.84718	0.876794	0.495275	0.279751	0.0696169
20304	-0.117741	-0.067194	4.23198	1.98514	0.46908	1.37252	-2.64703	4.13281	2.22861	0.539248	2.99682	1.11044	0.503748	0.28319	0.0694733
20305	-0.0719164	-0.0106249	3.72847	1.9842	0.532176	1.28537	-2.68577	3.95947	2.11318	0.533702	3.88461	0.921119	0.532962	0.304039	0.0697716
20306	-0.0808577	-0.105201	3.95468	1.94886	0.4928	1.30439	-2.72693	4.21811	2.19728	0.520916	3.58196	0.959458	0.507311	0.293115	0.0701855
20307	-0.19773	-0.11544	3.69287	2.02191	0.547517	1.24997	-2.73758	4.50477	2.16865	0.481411	3.2806	1.04792	0.511191	0.290977	0.0703338
20308	-0.0871691	-0.0952444	3.95182	1.96954	0.498388	1.33606	-2.66254	3.83218	2.12981	0.555769	3.2539	1.01279	0.526638	0.286812	0.0706707
20309	-0.157752	-0.112571	3.79211	1.86744	0.492453	1.29687	-2.68087	3.9452	2.05847	0.521766	3.11738	1.05796	0.5074	0.295898	0.0712833
20310	-0.0705293	-0.107917	3.57429	2.0136	0.563358	1.40474	-2.65759	4.63567	2.12519	0.458442	2.98695	1.0882	0.504118	0.282059	0.0714695
20311	-0.0537709	-0.0738989	4.40292	2.19748	0.499095	1.2989	-2.70241	4.39554	2.09983	0.477718	3.77604	0.914854	0.488416	0.286806	0.0717381
20312	-0.00693933	-0.0329576	3.97415	2.10354	0.529305	1.26781	-2.69828	4.15376	2.1233	0.511177	4.3717	0.812489	0.52004	0.295962	0.0721071
20313	-0.0443103	-0.0696482	4.14873	2.12959	0.513311	1.11349	-2.80353	4.15981	2.06448	0.496292	5.57565	0.670246	0.50479	0.308312	0.0722358
20314	-0.0431683	-0.0489415	3.96937	1.98815	0.500873	1.19121	-2.84462	3.99368	2.01814	0.505333	5.12953	0.761843	0.50311	0.327941	0.0726008
20315	-0.0108705	-0.0715004	3.75484	1.92548	0.512799	1.00543	-2.91085	4.36858	2.0413	0.467267	7.80543	0.516431	0.488313	0.337022	0.0727754
20316	-0.057682	-0.047032	4.22139	2.00269	0.474416	1.27984	-2.84407	4.09393	2.016	0.492436	4.37311	0.894489	0.483288	0.327474	0.0728008
20317	-0.196748	-0.134081	3.85854	2.15121	0.557519	1.03085	-2.96522	3.92976	2.03857	0.518753	5.31874	0.753501	0.537959	0.323642	0.0731525
20318	-0.178762	-0.1496	4.42811	2.2214	0.50166	1.01443	-2.95412	4.0638	1.9189	0.472194	5.52457	0.711851	0.487559	0.322109	0.0734087
20319	-0.0362167	-0.0686499	4.09077	2.04066	0.498844	0.939764	-3.06309	3.83914	2.01657	0.525265	9.41346	0.476269	0.511635	0.355998	0.0739228
20320	-0.0284282	-0.0689706	3.87458	2.08651	0.538511	0.937622	-2.97751	3.91974	2.09765	0.53515	9.06466	0.466627	0.536821	0.335861	0.0739017
20321	-0.0340841	-0.0232403	4.21058	2.03114	0.482389	1.05008	-3.00924	4.11927	1.98056	0.480804	7.58564	0.587702	0.481605	0.357292	0.0739913
20322	-0.0446733	0.0255335	4.01244	1.98268	0.494134	0.965909	-3.00784	3.70248	2.01612	0.544533	9.00965	0.510638	0.518321	0.365298	0.0744692
20323	0.0277266	-0.00309255	4.11855	1.91682	0.465411	1.01645	-2.98964	3.80156	1.90971	0.502349	9.12401	0.488792	0.483141	0.368301	0.0746499
20324	0.0899231	-0.0140184	4.25688	2.04397	0.480156	1.03346	-2.96139	3.88032	1.85651	0.478441	9.75784	0.445128	0.479338	0.357768	0.0747815
20325	-0.00205351	-0.0202468	3.87173	2.13514	0.55147	1.08109	-2.98321	4.08175	1.9835	0.485944	7.48308	0.5866	0.517842	0.347751	0.0752129
20326	-0.0485737	-0.0295902	4.19181	2.04221	0.487191	0.989153	-3.03967	3.90547	1.96926	0.50423	8.41377	0.538438	0.495409	0.361002	0.0754868
20327	0.0243093	-0.0629138	4.20282	2.08926	0.497109	0.896367	-3.0479	3.90166	1.87176	0.479734	11.7164	0.380242	0.488744	0.36006	0.075756
20328	-0.117337	-0.117735	4.10316	1.99138	0.485328	0.878964	-3.02724	4.00973	1.95578	0.487758	8.52818	0.496308	0.486529	0.349139	0.0761257
20329	-0.1323	-0.135788	3.95946	1.99493	0.50384	0.952495	-3.07132	4.0162	2.00667	0.499644	7.32283	0.58839	0.501727	0.350075	0.0762679
20330	-0.040687	-0.133694	3.96684	2.07326	0.522647	0.896128	-3.10624	4.23251	2.00925	0.474719	10.0681	0.438812	0.497906	0.351223	0.0765837
20331	-0.0683932	-0.0747483	3.95284	1.91876	0.485412	0.874102	-3.12448	3.76711	1.91685	0.508837	10.4705	0.444149	0.496843	0.377538	0.0768712
20332	-0.154327	-0.121672	4.206	2.19625	0.522169	0.944054	-3.09929	4.0171	1.98564	0.494297	7.34908	0.603221	0.508554	0.346534	0.0773277
20333	-0.175371	-0.142331	4.15445	2.03116	0.488912	0.940444	-3.07852	3.85961	2.063	0.53451	6.92444	0.622521	0.510872	0.344992	0.0778338
20334	-0.0345398	-0.183268	4.17231	2.04959	0.491236	0.899132	-3.16349	3.7264	1.85395	0.497517	10.1884	0.435871	0.494199	0.362695	0.0781588
20335	-0.175996	-0.131471	4.13498	2.15955	0.522265	0.8959	-3.15147	3.70232	1.85066	0.499866	7.93795	0.574481	0.511684	0.362593	0.0781941
20336	-0.0558324	-0.0980472	4.1092	2.26919	0.552223	0.879727	-3.12289	4.0471	1.91853	0.474051	10.4535	0.437636	0.513434	0.353376	0.0783908
20337	-0.0903978	-0.0698167	4.31395	2.28788	0.530344	0.931383	-3.09362	4.04168	1.9942	0.493408	8.75775	0.522018	0.512478	0.348146	0.0784009
20338	-0.193849	-0.165934	4.24171	2.12775	0.501625	0.866003	-3.10728	3.96432	1.93532	0.488186	7.70199	0.561643	0.495133	0.347512	0.0786692
20339	-0.115616	-0.189912	4.24422	2.23225	0.52595	0.831934	-3.11923	4.08788	2.03428	0.497636	9.55714	0.448926	0.512058	0.334689	0.0787081
20340	-0.330835	-0.246619	3.8317	2.11586	0.552199	0.833572	-3.17641	4.25243	2.16181	0.508371	6.33088	0.677921	0.529145	0.33418	0.078777
20341	-0.227919	-0.221222	4.2118	2.10153	0.498962	0.929354	-3.08689	4.10088	2.06913	0.504557	6.13168	0.669641	0.501722	0.329982	0.0793898
20342	-0.12624	-0.153438	3.92457	1.99717	0.508889	0.868684	-3.0713	4.07969	2.17535	0.533215	8.60101	0.494938	0.521288	0.337912	0.0796882
20343	-0.181285	-0.194002	3.70534	2.02975	0.547791	0.86722	-3.06279	3.87945	2.04937	0.528263	7.48608	0.549682	0.537803	0.335392	0.0798253
20344	-0.184378	-0.202914	3.93237	1.95746	0.49778	0.962178	-3.0914	4.2445	1.97091	0.464345	6.34673	0.657296	0.480424	0.346932	0.0800714
20345	-0.16416	-0.233828	3.86561	1.90464	0.492715	0.86042	-3.1101	4.07928	1.854	0.454492	7.88079	0.524882	0.47309	0.355063	0.0798208
20346	-0.272572	-0.260976	3.76046	1.89514	0.503966	0.856634	-3.12648	3.8569	1.92467	0.499019	6.43954	0.637553	0.501461	0.349666	0.0799638
20347	-0.30717	-0.29029	3.88239	1.88426	0.485336	0.954726	-3.12995	3.83667	1.95239	0.508876	5.06392	0.79619	0.497036	0.344563	0.0801376
20348	-0.292517	-0.257156	3.95899	1.88647	0.476503	0.838791	-3.22504	4.03752	1.92942	0.477873	6.88228	0.639929	0.477194	0.366034	0.0800801
20349	-0.302558	-0.269124	3.59354	1.84467	0.513329	0.815468	-3.22507	3.93475	2.01775	0.512803	6.9902	0.624991	0.513054	0.361364	0.0803023
20350	-0.176701	-0.214881	4.06854	1.97701	0.485926	0.834	-3.1741	3.86716	1.94731	0.503549	8.57254	0.510759	0.494514	0.358212	0.0804819
20351	-0.260667	-0.235413	3.7121	1.88653	0.508212	0.819996	-3.11649	3.84545	1.90625	0.495716	7.10771	0.583916	0.501854	0.353757	0.0808993
20352	-0.165126	-0.207617	4.08998	2.07897	0.508307	0.85173	-3.13225	4.28089	2.08056	0.486011	8.27228	0.516998	0.496905	0.33965	0.0809206
20353	-0.10716	-0.143937	3.7745	1.92508	0.510022	0.915256	-3.14277	4.15772	2.03229	0.4888	8.60297	0.522668	0.498898	0.362408	0.0814771
20354	-0.141416	-0.146905	4.28978	2.06177	0.480622	0.902575	-3.12166	3.91604	2.06529	0.527394	8.11915	0.544958	0.502943	0.349092	0.0816388
20355	-0.0781893	-0.159691	4.08565	2.10898	0.516191	0.803382	-3.19218	4.23283	2.03916	0.481749	11.8327	0.388584	0.498666	0.356707	0.0818261
20356	-0.0821859	-0.0465406	4.05612	2.02602	0.499498	0.770283	-3.24521	3.99992	1.96513	0.491291	14.0793	0.363352	0.495423	0.390693	0.0821514
20357	-0.0415532	-0.0501084	4.26157	2.02837	0.475969	0.715834	-3.23734	4.08531	1.95354	0.478187	17.7089	0.286818	0.477055	0.389538	0.0825744
20358	0.0599519	-0.0377337	3.59937	1.99258	0.55359	0.615851	-3.30521	4.12836	2.00727	0.486216	34.5488	0.154512	0.517597	0.400347	0.0824791
20359	-0.153574	-0.0583092	4.09511	2.1185	0.517324	0.775894	-3.22693	4.26994	2.11391	0.495069	11.6217	0.431956	0.505964	0.37239	0.0824261
20360	-0.0925419	-0.13503	4.02888	1.91171	0.474503	0.74762	-3.29457	4.19269	2.22512	0.530714	14.1423	0.352936	0.503168	0.376396	0.0826878
20361	-0.110914	-0.126577	3.72008	1.88963	0.507954	0.575934	-3.37557	4.24147	2.18372	0.51485	22.3756	0.23588	0.511628	0.393273	0.0834247
20362	-0.0536138	-0.0855535	4.07128	1.9226	0.472235	0.531873	-3.43732	4.02454	2.19486	0.545369	32.7727	0.171397	0.508591	0.405631	0.0836103
20363	-0.121015	-0.126913	3.90253	1.95793	0.501707	0.599453	-3.36934	4.24444	2.1818	0.514037	20.2539	0.259537	0.508131	0.388462	0.0834845
20364	-0.0813083	-0.0427695	3.68835	2.01374	0.545974	0.606823	-3.36514	3.97728	2.18666	0.549787	23.3106	0.236762	0.547952	0.396609	0.0836995
20365	0.111573	0.0879211	4.10959	1.84717	0.449477	0.519604	-3.41814	4.14578	2.13153	0.514144	73.8334	0.0832446	0.481952	0.435914	0.083681
20366	-0.0761048	0.000152052	3.77563	1.89934	0.503051	0.55857	-3.43483	4.16529	2.21429	0.531605	29.2918	0.201406	0.518029	0.417735	0.083927
20367	-0.038216	-0.023463	3.91246	1.90998	0.48818	0.646336	-3.41219	4.21587	2.05935	0.488477	24.5053	0.234306	0.488334	0.419826	0.0841382
20368	-0.0122104	0.05462	4.20133	1.91574	0.455983	0.55269	-3.44642	3.79351	2.05309	0.541213	38.4107	0.159556	0.496424	0.43582	0.0846175
20369	-0.0149428	0.0206522	3.96724	1.95913	0.493827	0.679713	-3.33538	4.0931	2.13603	0.521862	23.3407	0.241273	0.508063	0.407556	0.0850918
20370	0.0540138	0.0127394	4.0765	1.84368	0.45227	0.6624	-3.27145	4.19463	2.07739	0.495249	29.1405	0.185067	0.474066	0.407594	0.0854288
20371	0.0396214	0.0912261	3.57935	1.7284	0.482881	0.723259	-3.23001	4.08414	1.98167	0.48521	23.6019	0.23368	0.484122	0.426494	0.0855299
20372	0.072062	0.107536	3.57695	1.8513	0.517565	0.743543	-3.24892	4.15516	2.20537	0.530756	24.9858	0.225443	0.524654	0.409897	0.0853416
20373	-0.0826576	0.0241315	4.2984	2.10355	0.489379	0.743902	-3.28818	4.2679	2.28316	0.534961	16.0589	0.3416	0.512089	0.384834	0.0855849
20374	-0.11991	-0.039793	4.46428	2.28511	0.511866	0.696461	-3.27257	4.14805	2.15331	0.519114	15.6811	0.333231	0.515357	0.370655	0.0860637
20375	-0.0792876	-0.017222	3.96346	2.05789	0.519216	0.777596	-3.24074	3.97951	2.07972	0.522607	14.1519	0.367125	0.520915	0.385808	0.0864414
20376	0.0457882	0.0264374	3.74415	1.93686	0.517303	0.840283	-3.15866	4.16663	2.26384	0.543326	16.0717	0.315611	0.531009	0.376582	0.0864899
20377	-0.0162533	0.0171336	4.02793	2.1572	0.535561	0.912969	-3.1203	4.14886	2.12989	0.513368	11.4002	0.431727	0.524301	0.3648	0.0869677
20378	0.138916	0.0374158	3.96748	1.98836	0.501165	0.970237	-3.06064	4.08632	2.1693	0.530868	13.888	0.345547	0.516235	0.366051	0.0870549
20379	-0.00257601	-0.0405146	4.28527	2.10804	0.491927	0.882579	-3.0587	4.23844	2.18295	0.515036	11.6266	0.39175	0.503418	0.346831	0.0870322
20380	-0.0862343	-0.0559482	4.25265	2.32761	0.547331	0.923674	-3.08297	4.22596	2.276	0.538577	8.98396	0.509958	0.542968	0.332372	0.0875098
20381	-0.0463475	-0.0475694	4.0632	2.14088	0.526895	0.842684	-3.10074	3.90204	2.00234	0.513152	11.7942	0.395189	0.520163	0.360106	0.0878499
20382	-0.117326	-0.102974	4.14355	2.08378	0.502898	0.902572	-3.08865	3.93734	1.91909	0.487408	8.56986	0.520095	0.495351	0.357748	0.0883857
20383	-0.133427	-0.0757003	4.06651	2.011	0.494528	1.06813	-2.98973	4.29353	2.23225	0.51991	5.88168	0.721865	0.507564	0.333577	0.0886663
20384	-0.0649851	-0.0205002	4.44431	2.18583	0.491827	0.992663	-3.03564	4.04886	2.09618	0.517722	8.12704	0.559309	0.504172	0.346847	0.0889584
20385	0.160017	0.0647977	4.07493	2.17314	0.533294	0.957995	-3.09511	4.10172	1.91401	0.466637	15.6807	0.318384	0.499856	0.379291	0.0891575
20386	-0.0107443	-0.0135944	4.19567	2.09886	0.500244	0.88668	-3.13897	3.8565	1.93447	0.501614	12.1285	0.402685	0.5009	0.37724	0.089288
20387	0.0453666	0.0745122	4.04946	1.92321	0.474932	0.971635	-3.06026	3.66841	1.90384	0.518982	11.4535	0.428986	0.49587	0.39108	0.0896607
20388	-0.00947926	0.0254561	3.84291	1.99532	0.519221	0.991523	-3.02833	4.2052	2.10023	0.499437	9.30696	0.501002	0.508884	0.36287	0.0900749
20389	0.0372318	0.0169619	3.99861	2.14609	0.536707	0.917759	-3.06767	4.00458	2.02963	0.506826	12.2722	0.387665	0.521756	0.363036	0.0902519
20390	-0.0309738	-0.058978	3.82958	2.15183	0.561896	0.896346	-3.08902	4.1318	2.14216	0.518457	10.6767	0.429961	0.539352	0.34845	0.090665
20391	0.0270863	-0.0427302	4.38165	2.14766	0.490149	0.966298	-3.09872	4.03804	2.08516	0.516381	10.5871	0.441059	0.502729	0.355612	0.090979
20392	0.121669	0.0487497	3.90904	2.09632	0.536274	0.966752	-3.06126	4.11118	2.0063	0.488011	13.5433	0.357083	0.511534	0.370945	0.0914297
20393	0.0347826	0.0411892	3.99471	2.07849	0.520312	0.908196	-3.07675	3.92839	1.95804	0.498432	12.7437	0.381426	0.509463	0.375936	0.0916378
20394	0.0201801	0.000340175	4.31412	1.94968	0.45193	0.909562	-3.03595	4.02389	2.03563	0.505887	11.6549	0.3955	0.477969	0.366529	0.0916621
20395	-0.0706748	-0.044521	3.62792	1.95009	0.537525	0.837484	-3.09149	3.88216	2.07082	0.533419	11.2567	0.412376	0.535403	0.366094	0.0918529
20396	-0.126728	-0.0954933	4.0257	2.09219	0.519709	0.806254	-3.17454	4.07251	2.18424	0.536337	10.8915	0.435227	0.528071	0.35671	0.0920266
20397	-0.0597131	-0.0713225	4.075	1.94402	0.477059	0.738649	-3.22972	4.18635	2.10785	0.503505	15.6507	0.318691	0.49046	0.381109	0.0922234
20398	-0.0814966	-0.0810409	4.13652	1.90449	0.460408	0.776079	-3.22671	3.85071	2.00976	0.521919	13.4549	0.367718	0.490063	0.387374	0.0922496
20399	-0.0815628	-0.0865364	4.1679	1.97194	0.473126	0.771509	-3.21193	3.73312	1.89158	0.506702	13.4227	0.363865	0.48899	0.387401	0.0924033
20400	-0.112646	-0.101123	3.96388	2.00011	0.504584	0.775993	-3.20264	3.78406	1.88718	0.498719	12.1814	0.39484	0.50172	0.382317	0.0926717
20401	-0.0837762	-0.108577	3.6298	1.85153	0.510093	0.708079	-3.2989	3.76927	1.9881	0.527449	16.2322	0.313517	0.518935	0.398689	0.0934423
20402	-0.200952	-0.141882	4.04899	1.98043	0.489118	0.758278	-3.24014	4.08247	2.16217	0.529622	10.4325	0.460061	0.509453	0.366923	0.0941814
20403	-0.14024	-0.128332	4.03228	1.99378	0.494454	0.798346	-3.26834	3.8321	2.0549	0.536233	11.1921	0.440471	0.514812	0.378544	0.0944702
20404	0.0205531	-0.0988624	3.85603	2.04423	0.530137	0.845741	-3.24495	4.78335	2.23474	0.46719	14.5357	0.340467	0.495286	0.366517	0.0950414
20405	0.0122754	-0.0424442	4.12071	2.30387	0.559095	0.708074	-3.24429	4.33371	2.29506	0.529582	21.1756	0.242068	0.543967	0.357976	0.0951598
20406	-0.0426587	5.81292e-05	4.54453	2.19901	0.48388	0.789778	-3.23761	4.34208	2.24263	0.516488	15.1273	0.346476	0.499813	0.371191	0.0954245
20407	0.0345382	0.00350501	4.6897	2.28532	0.487306	0.750798	-3.26055	4.43392	1.99695	0.450381	20.767	0.256514	0.469361	0.38359	0.095597
20408	0.125355	0.0767518	4.06856	2.10149	0.51652	0.690355	-3.32914	4.05315	2.17417	0.536415	36.3384	0.159612	0.526448	0.404266	0.0956561
20409	0.0127563	0.0267149	4.06853	2.014	0.495019	0.709996	-3.28536	4.18418	2.04549	0.488863	22.5651	0.243071	0.491898	0.403308	0.0957398
20410	-0.0504766	-0.00668685	4.29845	2.13433	0.496534	0.727194	-3.26545	4.23978	2.03419	0.479787	17.5595	0.302386	0.488218	0.389203	0.0958584
20411	0.00709507	-0.00215773	4.22083	2.23168	0.528731	0.694915	-3.3065	3.9835	2.22625	0.558867	23.0791	0.236548	0.543363	0.379892	0.0958349
20412	0.0248101	0.0580854	4.2134	2.24058	0.531775	0.655134	-3.30889	4.02629	2.25556	0.560209	28.5333	0.198654	0.545669	0.386752	0.0959519
20413	0.159895	0.133184	4.32288	2.20315	0.509649	0.641626	-3.35512	4.205	2.04877	0.487221	52.4349	0.116032	0.49859	0.417187	0.0962635
20414	0.14976	0.140173	4.20399	2.13353	0.507502	0.730836	-3.2837	4.22805	2.01601	0.476817	34.7191	0.168825	0.492116	0.414049	0.0968542
20415	0.203171	0.121365	4.00208	1.97641	0.493846	0.714004	-3.27266	4.11212	2.11804	0.515072	44.1442	0.130475	0.504603	0.413045	0.0968081
20416	-0.0244563	0.00466605	4.2862	2.00238	0.467168	0.74767	-3.2517	4.20164	2.13657	0.508509	17.7865	0.298089	0.487633	0.390548	0.0969194
20417	0.0223479	0.0849739	4.29721	2.29203	0.533377	0.715797	-3.31812	4.1927	2.15027	0.512861	24.0835	0.240436	0.523245	0.394701	0.0971493
20418	0.11401	0.115612	3.97428	2.10525	0.529718	0.656859	-3.32319	4.16998	2.29277	0.549827	40.1289	0.147343	0.540014	0.402106	0.0978453
20419	0.207676	0.108108	4.2596	2.06224	0.484139	0.627519	-3.35921	4.08129	2.24801	0.550807	68.2045	0.0881339	0.51676	0.410953	0.0979769
20420	0.121002	0.111379	3.97313	1.95305	0.491566	0.569716	-3.39437	3.75258	2.08546	0.555739	61.0409	0.100672	0.522736	0.432205	0.0982222
20421	0.0810489	0.132207	4.11549	1.98685	0.482774	0.57533	-3.39596	4.05727	1.98147	0.488376	50.9508	0.122157	0.485555	0.43965	0.0991052
20422	0.20906	0.176741	4.16819	2.11594	0.507639	0.710251	-3.3393	3.91444	1.97028	0.503336	49.2156	0.125596	0.505555	0.430762	0.0991817
20423	0.0765591	0.152807	4.26825	2.15143	0.504054	0.77588	-3.329	4.14539	2.20108	0.530971	24.7889	0.244525	0.517316	0.41061	0.0991908
20424	0.277082	0.264186	4.20273	2.15058	0.51171	0.588923	-3.39688	4.28989	2.25912	0.526614	137.832	0.0486223	0.519238	0.431903	0.0994116
20425	0.169425	0.233571	4.02801	2.01881	0.501193	0.667312	-3.37238	3.88986	2.1334	0.548451	52.454	0.123946	0.52441	0.439236	0.0998264
20426	0.1716	0.190377	3.79946	1.99769	0.525784	0.710914	-3.2947	4.01788	2.12218	0.528183	41.7582	0.14543	0.527017	0.424425	0.099799
20427	0.168649	0.119607	4.09415	2.05713	0.502457	0.719069	-3.29874	4.03121	2.08814	0.517992	38.5696	0.151481	0.510164	0.413517	0.100185
20428	0.16672	0.23638	3.88916	2.02546	0.520797	0.752548	-3.26844	3.88918	1.93839	0.498407	35.7924	0.171597	0.509602	0.436659	0.100305
20429	0.230414	0.269285	4.39304	2.12875	0.484573	0.644557	-3.30757	4.32617	2.14117	0.494934	74.5937	0.0857573	0.489714	0.428391	0.100517
20430	0.310648	0.274509	4.11157	1.96271	0.477363	0.660517	-3.32169	4.05823	2.23847	0.551586	105.652	0.061204	0.514232	0.435019	0.100455
20431	0.375593	0.301275	4.21804	2.09434	0.49652	0.790224	-3.28568	4.23235	2.13048	0.50338	74.8391	0.0859594	0.499956	0.432376	0.100573
20432	0.331922	0.349605	4.03571	2.1587	0.534899	0.58166	-3.34409	3.90123	2.00022	0.512714	218.753	0.0311845	0.523994	0.450712	0.100541
20433	0.329018	0.337353	3.98147	2.11349	0.530831	0.59917	-3.37527	4.09596	2.14334	0.523281	188.862	0.0364911	0.527003	0.447484	0.100585
20434	0.296078	0.330826	4.06494	2.13431	0.525055	0.597486	-3.42641	4.20134	2.11597	0.503643	155.392	0.0454233	0.514172	0.453779	0.100771
20435	0.318431	0.37915	4.44135	2.12972	0.479521	0.65099	-3.36979	4.44168	2.2608	0.508995	127.08	0.0552979	0.494259	0.444654	0.100927
20436	0.386178	0.348775	4.18421	2.06998	0.494713	0.657845	-3.31575	4.26981	2.3376	0.547472	181.954	0.0369014	0.521359	0.432484	0.101512
20437	0.318808	0.308347	4.30595	2.03474	0.472543	0.672662	-3.28249	4.22042	2.22424	0.52702	102.978	0.0626061	0.499508	0.43093	0.101405
20438	0.242956	0.284187	4.06847	2.15801	0.530423	0.662194	-3.31113	4.01917	2.06805	0.514546	73.5449	0.0878805	0.522533	0.433448	0.101714
20439	0.277685	0.265692	4.03775	2.09558	0.518997	0.69091	-3.33893	4.19742	2.21958	0.528796	76.0931	0.0853777	0.523991	0.429597	0.102318
20440	0.300025	0.295865	3.94956	1.98087	0.501542	0.578582	-3.40695	4.13795	2.07728	0.502008	176.699	0.0387971	0.501781	0.458015	0.102306
20441	0.283217	0.255073	4.24078	1.95668	0.461396	0.628568	-3.44603	3.76059	2.13143	0.56678	114.853	0.0596336	0.510926	0.455961	0.102283
20442	0.306364	0.308922	3.7526	1.85239	0.493629	0.538247	-3.44395	4.22844	2.05351	0.485643	261.931	0.0268849	0.489398	0.474212	0.102524
20443	0.146391	0.240479	3.82544	1.8735	0.489748	0.55191	-3.40537	3.75694	1.9753	0.525774	80.8306	0.0822227	0.507598	0.463471	0.102513
20444	0.240887	0.207581	4.38274	1.89341	0.432015	0.651463	-3.40862	3.93461	1.92249	0.488612	77.5743	0.0842864	0.458789	0.461545	0.102598
20445	0.197389	0.148645	3.87302	1.94103	0.501167	0.641812	-3.37317	4.27727	2.11862	0.49532	62.7972	0.0987558	0.498098	0.433168	0.10262
20446	0.197948	0.159433	3.79537	1.99064	0.524491	0.553988	-3.365	4.21172	1.96518	0.466597	97.9897	0.0633823	0.494039	0.439907	0.102849
20447	0.151972	0.091709	4.10034	2.13842	0.521522	0.59757	-3.3622	3.97598	2.09506	0.52693	60.0808	0.0992785	0.524184	0.413429	0.103334
20448	0.0921399	0.110228	4.07638	2.02667	0.497174	0.706965	-3.32101	4.37634	2.21622	0.506411	31.1456	0.189005	0.501956	0.409701	0.103263
20449	-0.0383423	0.030813	3.99448	2.03958	0.510599	0.691663	-3.30084	4.01995	1.99576	0.496464	20.829	0.266454	0.503509	0.407588	0.103324
20450	-0.02745	0.000920828	4.09938	2.05297	0.500799	0.647627	-3.27348	3.81051	1.90101	0.498886	23.5266	0.227864	0.499878	0.40414	0.10325
20451	-0.0437232	-0.00848678	4.29278	2.0647	0.48097	0.76153	-3.1858	4.11508	1.99463	0.484711	15.5688	0.324216	0.482801	0.383495	0.103349
20452	0.0258865	0.0372978	4.1401	2.11389	0.510589	0.857367	-3.13545	3.90945	1.99907	0.511342	14.5602	0.34568	0.510955	0.379719	0.10337
20453	0.000591247	0.0656108	4.17159	1.99977	0.479379	0.763807	-3.21802	4.11261	1.97902	0.481209	18.5103	0.29125	0.480287	0.403988	0.103731
20454	0.00050634	0.0346766	3.84934	2.03513	0.528697	0.686332	-3.2959	4.31176	2.11064	0.489509	23.5837	0.235179	0.507993	0.40093	0.104074
20455	0.0728984	0.0367791	4.07834	1.93261	0.473871	0.732192	-3.29832	3.77708	2.03036	0.537546	25.5894	0.217334	0.504488	0.412466	0.104386
20456	0.07331	0.0986436	3.83338	1.95688	0.510483	0.789752	-3.25906	4.3795	2.1877	0.499531	21.9646	0.256645	0.504643	0.404902	0.104442
20457	0.0534346	0.0882918	3.82816	1.99569	0.521318	0.704754	-3.3326	3.97423	2.31538	0.5826	27.5861	0.212109	0.552533	0.404397	0.105095
20458	0.0165569	-0.00203354	4.02165	2.08338	0.518041	0.566228	-3.40494	4.28809	2.41275	0.562664	38.3262	0.151069	0.541067	0.391801	0.105368
20459	0.0872869	0.0278337	3.9843	2.04194	0.512498	0.609748	-3.34961	4.37934	2.20609	0.503749	41.7898	0.136483	0.507917	0.40179	0.105848
20460	0.147537	0.0971633	4.00264	1.91702	0.478939	0.671714	-3.30005	4.0522	1.94699	0.480479	42.0039	0.13738	0.479713	0.427614	0.106087
20461	0.147972	0.0918038	4.27067	1.9907	0.466134	0.714622	-3.34208	4.22534	2.08483	0.49341	36.7232	0.160546	0.479699	0.419844	0.1062
20462	0.110578	0.0630865	4.17267	2.11273	0.506326	0.76757	-3.29181	4.20039	2.18925	0.521202	26.0758	0.215819	0.513788	0.395553	0.106206
20463	-0.0630306	-0.0136861	3.94014	1.93337	0.490687	0.708929	-3.30575	4.59048	2.29318	0.499552	18.1864	0.297961	0.495457	0.390752	0.106479
20464	-0.0149934	-0.0383702	3.78684	1.916	0.505963	0.771244	-3.25253	4.14665	2.15689	0.520152	16.7119	0.309085	0.513379	0.388168	0.106414
20465	-0.103554	-0.0951553	3.70924	1.82247	0.491333	0.828844	-3.25793	4.02976	2.14038	0.531144	11.5063	0.434683	0.512063	0.38702	0.107097
20466	-0.174299	-0.124381	3.7295	1.91296	0.512928	0.752243	-3.27816	4.31221	2.27601	0.527805	11.5859	0.429241	0.520905	0.372607	0.107193
20467	-0.00326067	-0.00634379	4.09292	2.10935	0.515365	0.931279	-3.12865	4.10311	2.17568	0.53025	11.1623	0.436682	0.522817	0.362674	0.107302
20468	0.0755272	0.0951405	4.46993	2.1295	0.476404	0.875789	-3.07689	4.36997	2.10108	0.480798	15.7113	0.32021	0.478576	0.372996	0.107227
20469	0.141442	0.122264	3.97893	1.98193	0.498106	0.897804	-3.111	4.07444	2.07683	0.509721	18.2735	0.286042	0.503982	0.391815	0.107196
20470	0.0922606	0.0895532	4.10392	2.03718	0.496399	0.892081	-3.14223	4.16188	1.96901	0.473107	16.3267	0.319856	0.484671	0.394707	0.107259
20471	0.153982	0.140615	3.91316	1.99291	0.509284	0.884001	-3.12467	3.98689	2.05979	0.516639	20.0066	0.266464	0.512996	0.39688	0.108018
20472	0.121404	0.182851	4.06867	2.1806	0.535948	0.829807	-3.13412	4.01612	2.07402	0.516425	21.9241	0.250917	0.52625	0.392767	0.108663
20473	0.17965	0.171973	3.7741	2.09082	0.553993	0.809986	-3.11466	3.94291	2.16945	0.550216	27.1868	0.198662	0.552063	0.388077	0.108945
20474	0.207465	0.171383	4.07082	2.02716	0.497972	0.86898	-3.11761	3.80704	2.04853	0.53809	24.7199	0.218801	0.517359	0.398992	0.10907
20475	0.140265	0.149295	4.00135	1.98826	0.496897	0.782977	-3.11264	3.84055	2.12664	0.553734	25.7583	0.206539	0.524733	0.39275	0.109689
20476	0.238223	0.246243	4.27965	1.98933	0.464835	0.901925	-3.11634	4.25613	2.13482	0.501586	25.6684	0.22025	0.48316	0.406793	0.109616
20477	0.243966	0.280623	4.03218	2.07053	0.5135	0.937046	-3.1505	4.26796	2.20696	0.517101	24.508	0.24018	0.515352	0.407724	0.109836
20478	0.281788	0.312712	3.9879	1.96779	0.493439	0.88597	-3.10321	4.50216	2.27384	0.505055	31.9654	0.182518	0.499599	0.407612	0.110354
20479	0.271599	0.334397	4.26887	2.03613	0.476971	0.908142	-3.0853	4.10721	2.2506	0.547963	28.8615	0.202594	0.511782	0.405593	0.110572
20480	0.337306	0.331395	3.9332	1.95497	0.497044	0.892134	-3.11045	4.18989	2.07627	0.495542	38.4829	0.153917	0.496269	0.423639	0.110541
20481	0.302338	0.322552	3.88809	1.90708	0.490492	1.00832	-3.03856	4.07218	2.12797	0.522564	22.666	0.249207	0.506899	0.411863	0.110648
20482	0.249871	0.272949	3.85143	2.0216	0.524897	0.981006	-2.9988	4.29745	2.20778	0.513741	20.0246	0.267279	0.519014	0.38765	0.111152
20483	0.316024	0.352773	4.18978	2.08745	0.498224	0.936396	-3.00649	3.94118	2.06358	0.523594	29.3213	0.192431	0.510521	0.404751	0.11107
20484	0.299743	0.344851	4.02247	2.06437	0.51321	0.936749	-3.08662	4.42507	2.01809	0.456059	29.0185	0.202888	0.483273	0.419089	0.111221
20485	0.326573	0.337859	3.90523	2.08743	0.534522	0.966047	-3.05784	4.26719	2.06426	0.483751	28.1976	0.204464	0.508012	0.409921	0.111199
20486	0.413394	0.321965	3.81492	2.05817	0.539505	0.949876	-3.05506	3.91948	2.07892	0.530408	39.624	0.143906	0.534895	0.408107	0.111076
20487	0.409318	0.292631	3.90311	1.91894	0.491645	0.869065	-3.11415	4.28192	2.12723	0.496793	54.9101	0.105683	0.494338	0.417748	0.111467
20488	0.286572	0.281244	4.45898	2.15236	0.482702	0.89444	-3.18634	3.88171	2.10016	0.541041	32.5413	0.184752	0.509853	0.414258	0.111648
20489	0.289172	0.265059	4.1832	2.13763	0.511004	0.776388	-3.20574	4.31589	2.15898	0.500239	50.7474	0.11869	0.505538	0.412206	0.11169
20490	0.218911	0.236391	4.34471	2.21678	0.510226	0.730752	-3.23888	4.45134	2.19427	0.492945	46.1008	0.13099	0.501481	0.406474	0.111912
20491	0.153372	0.246651	4.18183	2.16907	0.518689	0.729911	-3.29427	3.98323	2.13639	0.536346	37.7202	0.166199	0.527303	0.42143	0.112168
20492	0.18308	0.169213	4.18659	2.08343	0.497642	0.708758	-3.2839	3.89426	1.98651	0.510112	43.15	0.138169	0.503651	0.422902	0.112661
20493	0.145437	0.169344	4.26235	2.10381	0.49358	0.759944	-3.23556	3.94158	2.01899	0.512228	30.7013	0.188809	0.502539	0.412924	0.112789
20494	0.105421	0.106319	3.98147	2.0962	0.526489	0.663681	-3.28847	3.90701	1.92523	0.492764	36.9788	0.155827	0.509786	0.417523	0.112896
20495	0.0549697	0.0785758	3.91953	2.00016	0.510307	0.704532	-3.28609	3.97253	2.12297	0.534413	26.8313	0.210965	0.522441	0.407152	0.112999
20496	0.0966561	0.142814	4.03715	2.09813	0.519706	0.709641	-3.3041	4.23586	2.1546	0.508658	31.6198	0.187875	0.514049	0.411347	0.113117
20497	0.0712035	-0.000258016	3.83991	1.93987	0.505185	0.668906	-3.30175	4.06772	2.06299	0.507161	30.5105	0.178624	0.506201	0.405149	0.113384
20498	0.0261174	0.0357952	4.01629	1.9536	0.48642	0.768122	-3.27928	4.25628	2.07434	0.487359	19.9606	0.275285	0.486903	0.405623	0.1138
20499	0.00622195	0.0242124	4.00907	2.11602	0.527808	0.695774	-3.29943	3.90758	1.99306	0.510049	23.2325	0.237741	0.519042	0.402065	0.114133
20500	0.0365657	0.0305101	3.94153	2.04732	0.519421	0.706059	-3.34915	3.76332	2.05399	0.545793	25.4831	0.224111	0.532302	0.410584	0.113834
