cycle	Zbar1	Gbar1	VP1	VG1	h21	Zbar2	Gbar2	VP2	VG2	h22	h2b	h2b_denom	h2w	Qst	Fst
20000	0.285256	0.202327	3.90508	1.98915	0.509375	-1.68914	0.28073	4.2131	2.12971	0.505498	0.00157688	1.94913	0.507363	0.000373152	0.000380391
20001	0.217007	0.211647	3.87206	1.93211	0.498988	-1.65002	0.358442	4.06538	1.97697	0.486295	0.00618189	1.7429	0.492487	0.00137692	0.000622556
20002	0.123836	0.134481	4.27762	1.98486	0.46401	-1.54565	0.392806	3.77056	2.04455	0.54224	0.0239424	1.39359	0.500661	0.00412529	0.000889688
20003	0.092771	0.107989	3.85168	1.97958	0.513951	-1.58886	0.435414	3.87437	1.98561	0.512499	0.0379107	1.41395	0.513223	0.00671725	0.0011538
20004	0.0462642	0.0672132	3.83181	2.00722	0.523832	-1.49279	0.461156	4.07465	2.04646	0.502242	0.0655173	1.18435	0.512706	0.00948494	0.00140926
20005	0.189942	0.19929	4.29336	2.18567	0.509083	-1.32124	0.68884	3.95913	1.95984	0.49502	0.104945	1.14183	0.502336	0.0142541	0.0015734
20006	0.233161	0.253074	3.9531	2.02709	0.512785	-1.35667	0.700164	4.0224	2.00575	0.498646	0.0790843	1.26378	0.505654	0.0122458	0.00182908
20007	0.282524	0.302402	3.86265	1.94608	0.503821	-1.15927	0.824565	4.13168	2.09286	0.50654	0.131161	1.03939	0.505226	0.0166046	0.00207584
20008	0.237551	0.196779	4.36885	2.07957	0.476	-1.04063	0.931307	3.90654	1.96535	0.503091	0.330241	0.816875	0.488789	0.0322857	0.00230049
20009	0.247965	0.214446	4.19632	1.94595	0.463726	-1.00449	1.00224	4.05749	1.96163	0.483459	0.395635	0.784325	0.473427	0.0382078	0.00256072
20010	0.305811	0.325539	3.85567	2.08318	0.54029	-0.860508	1.05482	3.95128	1.99156	0.50403	0.390979	0.68015	0.521938	0.031615	0.00284032
20011	0.317538	0.326356	4.46456	2.06578	0.462707	-0.921464	1.08141	4.13279	2.10603	0.509589	0.371372	0.767564	0.485243	0.0330514	0.00305622
20012	0.258284	0.287451	4.17411	2.02907	0.486109	-0.7515	1.15597	3.81728	1.91235	0.500972	0.739784	0.509832	0.493209	0.0456834	0.00332777
20013	0.183419	0.235871	4.12602	2.04357	0.495287	-0.800678	1.1859	3.67453	1.89472	0.515636	0.931966	0.484223	0.504873	0.0542148	0.00356493
20014	0.247834	0.269841	3.71509	2.01449	0.542246	-0.690181	1.30187	4.08167	1.92879	0.472548	1.21049	0.439936	0.505759	0.0632833	0.00385221
20015	0.266662	0.214372	3.96291	2.04143	0.515135	-0.728867	1.28283	3.90044	1.85798	0.47635	1.15187	0.495539	0.495896	0.0682305	0.00421863
20016	0.258837	0.19788	3.97707	1.96199	0.493325	-0.713796	1.29118	3.72726	1.97225	0.529142	1.26351	0.473007	0.510653	0.0706261	0.00457994
20017	0.157877	0.225232	4.20567	2.14992	0.511194	-0.56877	1.41825	3.95579	2.02945	0.513031	2.69554	0.264008	0.512085	0.0784942	0.00478756
20018	0.215097	0.248289	4.07298	2.04984	0.503277	-0.456464	1.54177	4.09964	2.12618	0.518626	3.7098	0.225496	0.510977	0.0910834	0.00505087
20019	0.252413	0.270105	3.97646	2.16487	0.544422	-0.479359	1.56178	3.9356	1.84176	0.467973	3.11571	0.267746	0.506395	0.0943315	0.00524137
20020	0.264	0.259408	4.0991	2.132	0.520114	-0.460556	1.54896	3.97254	1.92141	0.483673	3.16761	0.26249	0.502179	0.0930655	0.00553721
20021	0.164368	0.175855	3.79532	1.99818	0.526486	-0.404185	1.6018	4.17889	2.10969	0.504844	6.29021	0.161626	0.515144	0.110168	0.00587396
20022	0.166934	0.10466	3.72587	1.88249	0.505248	-0.475932	1.56889	4.27999	1.9501	0.455632	5.18774	0.206638	0.478723	0.122747	0.00610608
20023	0.093254	0.0568365	4.1113	1.94643	0.473433	-0.384703	1.56228	4.16693	1.91543	0.459675	9.92089	0.114222	0.466508	0.127999	0.00632714
20024	0.0115387	0.0594324	4.06483	1.88833	0.464553	-0.298271	1.60204	4.12928	2.11825	0.512982	24.7923	0.0479912	0.488958	0.129342	0.00664389
20025	0.0722267	0.0854574	4.18104	2.09678	0.501498	-0.38224	1.63575	3.99923	2.00393	0.501078	11.6365	0.10327	0.501293	0.127854	0.00686092
20026	-0.0338546	0.0428201	4.02647	2.04295	0.507379	-0.442313	1.56787	4.01675	1.96381	0.488904	13.9403	0.0834189	0.498153	0.126781	0.00704085
20027	0.139238	0.13845	3.91759	1.92362	0.491021	-0.415221	1.60184	4.08819	1.90525	0.466036	6.96599	0.153712	0.478263	0.122728	0.00726144
20028	0.146046	0.153541	3.89943	1.94526	0.498858	-0.298122	1.67883	4.11367	1.95484	0.475204	11.7926	0.0986424	0.486715	0.129834	0.00748723
20029	0.136229	0.104964	3.87528	1.90739	0.492194	-0.348018	1.66567	3.98415	1.97937	0.496811	10.3874	0.117248	0.494535	0.13551	0.00780865
20030	0.0768438	0.0706497	3.88841	1.8787	0.483155	-0.391128	1.62676	4.13627	2.02731	0.490129	11.0571	0.109499	0.48675	0.134245	0.00809574
20031	0.0734571	0.0849402	4.00915	1.9541	0.48741	-0.339691	1.63346	4.18827	2.05054	0.489592	14.0483	0.0853458	0.488525	0.130262	0.00829777
20032	0.0705613	0.0817336	3.87048	1.90927	0.493289	-0.294074	1.63162	3.88137	1.90363	0.490453	18.0668	0.0664793	0.491869	0.136128	0.00859171
20033	0.241384	0.137415	3.87274	1.83174	0.472983	-0.30743	1.72146	4.10945	1.93696	0.471344	8.3308	0.150598	0.472139	0.142759	0.00884499
20034	0.122411	0.129933	3.91874	1.95274	0.498308	-0.251142	1.76688	3.99661	2.04465	0.511596	19.2028	0.069771	0.505017	0.143593	0.00901564
20035	0.0829432	0.131355	4.17456	2.12689	0.509489	-0.278642	1.78308	3.74471	1.87232	0.49999	20.8668	0.0653718	0.504998	0.14576	0.00931571
20036	0.159728	0.187979	4.05322	2.04064	0.503462	-0.17196	1.81494	4.02909	2.04241	0.506915	24.0601	0.0550084	0.505183	0.139529	0.00958137
20037	0.243073	0.240898	3.89972	1.92833	0.494479	-0.0932695	1.84945	4.15138	2.11047	0.50838	22.8723	0.056563	0.501647	0.138111	0.00986899
20038	0.216875	0.281353	4.17662	1.93249	0.462694	-0.139643	1.88659	3.99552	1.96907	0.49282	20.273	0.0635525	0.477423	0.141775	0.0101831
20039	0.221481	0.229234	4.07937	2.02258	0.495808	-0.077624	1.94544	3.78136	1.8921	0.500375	32.9223	0.0447318	0.498005	0.158384	0.0103415
20040	0.190983	0.268688	3.52673	2.1047	0.596784	-0.0997132	1.90948	3.62669	1.89481	0.522464	31.8585	0.0422523	0.559105	0.144104	0.0105143
20041	0.366204	0.304043	3.84402	1.86854	0.486092	-0.0381985	1.93936	3.86896	1.99578	0.515844	16.3523	0.0817707	0.501016	0.147556	0.0107712
20042	0.334956	0.281252	4.01372	1.85744	0.462772	-0.15912	1.8811	3.91995	1.96491	0.50126	10.485	0.122055	0.481788	0.14346	0.0110837
20043	0.226731	0.239303	3.97928	1.77148	0.445176	0.0123754	1.97004	3.84521	1.98766	0.516917	65.1922	0.0229741	0.480432	0.166189	0.0114189
20044	0.252356	0.239463	3.84329	1.95479	0.508623	-0.0290364	2.02978	3.95391	2.00206	0.506349	40.4795	0.0395908	0.50747	0.168477	0.0115438
20045	0.213146	0.23105	4.28468	2.10474	0.491225	0.0170936	1.98878	3.98224	2.06411	0.51833	80.3815	0.0192184	0.504282	0.156383	0.0118998
20046	0.247391	0.18091	3.9222	1.97232	0.502859	-0.0322179	1.97675	4.1462	2.08911	0.503861	41.2509	0.0390907	0.503374	0.165705	0.0123613
20047	0.165261	0.161821	3.94195	1.92133	0.487405	0.0255983	2.04045	3.80369	2.091	0.549729	180.934	0.00975287	0.518011	0.180335	0.0126575
20048	0.20855	0.130923	4.21402	2.04885	0.486199	0.102966	2.05716	3.74091	2.1732	0.580927	332.835	0.00557393	0.530746	0.180203	0.0129267
20049	0.0496479	0.115016	3.82046	1.86858	0.489097	0.127139	2.09584	4.10558	2.10239	0.512082	653.402	0.00300248	0.501003	0.198168	0.0129287
20050	0.194747	0.192962	4.18837	1.93875	0.462887	0.126053	2.13802	4.03527	2.07633	0.514545	801.738	0.00235941	0.488235	0.190732	0.0132553
20051	0.194557	0.205228	4.18857	2.14202	0.511397	0.236368	2.22148	4.17063	2.22253	0.5329	2325.46	0.000874085	0.522125	0.188954	0.0134403
20052	0.144551	0.221948	3.99145	1.93846	0.485653	0.353131	2.20472	4.1586	2.16774	0.521265	90.3646	0.0217528	0.503824	0.193208	0.0138546
20053	0.29548	0.301457	4.10304	2.09594	0.510827	0.348635	2.26446	4.21928	2.13184	0.50526	1363.8	0.00141274	0.508005	0.185651	0.01416
20054	0.297122	0.315703	3.70912	1.90884	0.514636	0.379215	2.33141	3.7767	2.1319	0.564487	602.898	0.00336961	0.539787	0.200963	0.0143823
20055	0.305501	0.285915	3.85687	2.06964	0.53661	0.23296	2.23392	3.96184	2.0328	0.513095	721.12	0.00263113	0.524694	0.187893	0.0148182
20056	0.311327	0.248791	4.09381	1.89994	0.464102	0.311634	2.27341	3.93408	1.99274	0.506533	4.37053e+07	4.68943e-08	0.484895	0.208476	0.0150493
20057	0.237162	0.221322	4.06446	1.9558	0.481196	0.243218	2.23262	4.2682	2.06814	0.484545	110309.0	1.83363e-05	0.482912	0.200929	0.0153817
20058	0.200129	0.196416	3.8618	1.91587	0.496109	0.198059	2.21151	4.11958	1.98757	0.48247	948225.0	2.14116e-06	0.489069	0.206472	0.0155532
20059	0.132508	0.106022	3.85016	1.94205	0.504407	0.220505	2.23166	3.8623	2.02983	0.525551	583.512	0.00387168	0.514996	0.22151	0.0158384
20060	0.149674	0.153696	4.02905	2.05454	0.50993	0.22318	2.17657	4.06389	1.89257	0.465705	757.351	0.00270153	0.487722	0.205913	0.0160403
20061	0.116075	0.133712	3.97999	1.99954	0.502397	0.233433	2.25661	4.0501	1.9175	0.473445	327.215	0.00688641	0.487794	0.223468	0.0160175
20062	0.169589	0.18782	3.8936	2.0367	0.523088	0.132989	2.19623	3.95699	1.99807	0.504947	3011.11	0.000669809	0.513944	0.200039	0.0161942
20063	0.289974	0.24589	4.20949	2.102	0.499346	0.216836	2.23487	4.07664	2.00951	0.492932	739.559	0.00267459	0.496191	0.193982	0.0165717
20064	0.156628	0.205486	3.96942	2.10642	0.530663	0.213915	2.26208	3.98295	2.11095	0.529998	1288.78	0.00164091	0.53033	0.200542	0.016802
20065	0.142924	0.167898	3.83543	2.09702	0.546751	0.287035	2.25101	3.96922	2.06625	0.520568	208.946	0.0103839	0.533435	0.206793	0.0166992
20066	0.143065	0.110179	4.07861	1.97238	0.483592	0.209874	2.22595	4.214	2.08425	0.494601	1002.93	0.00223172	0.489186	0.216309	0.0168243
20067	0.092205	0.0727935	4.11058	1.94179	0.472387	0.189255	2.23575	4.01542	2.09502	0.521744	496.718	0.00470931	0.496777	0.224733	0.0171873
20068	-0.0234465	0.0109989	3.94597	1.92849	0.488725	0.326067	2.30354	4.07659	2.04276	0.501095	43.0237	0.0610799	0.495011	0.248701	0.0173691
20069	0.131725	0.0774831	4.11847	1.90907	0.463538	0.457324	2.37562	4.25008	2.18473	0.514044	49.8178	0.0530075	0.489188	0.243964	0.0177055
20070	0.0241017	0.0129245	3.81591	1.94579	0.509916	0.33957	2.39334	4.18022	2.07357	0.496043	56.9372	0.0497601	0.502664	0.260694	0.0178887
20071	0.132204	0.101453	4.09907	2.02039	0.492889	0.452035	2.39888	4.04253	2.01028	0.497283	51.5992	0.0511459	0.495071	0.246727	0.018165
20072	0.177355	0.13937	3.97293	2.03518	0.51226	0.403942	2.40424	3.98801	1.96287	0.492192	99.9113	0.0256709	0.502207	0.242952	0.0183532
20073	0.143097	0.140377	3.99114	1.85144	0.463887	0.318146	2.34778	4.23052	2.18983	0.517627	159.018	0.015321	0.491539	0.231703	0.0185568
20074	0.0992861	0.145943	3.86182	1.9577	0.506937	0.270203	2.33944	4.3073	2.01235	0.467195	164.704	0.0146063	0.485982	0.23262	0.0186115
20075	0.0694672	0.170462	4.29961	2.12317	0.493805	0.364333	2.38339	4.03739	2.06303	0.510982	56.3228	0.043473	0.502123	0.226364	0.0190539
20076	0.139373	0.18819	3.87737	1.89672	0.489177	0.398065	2.4392	4.02504	2.01818	0.501407	75.7158	0.0334609	0.495406	0.244562	0.0193698
20077	0.179016	0.191614	3.92507	1.93066	0.49188	0.542612	2.53369	3.80072	1.9431	0.511244	41.4921	0.066101	0.501406	0.261547	0.0197677
20078	0.0790169	0.0927655	3.85113	2.02052	0.524656	0.500755	2.52712	4.18004	1.9722	0.471813	33.3183	0.0889317	0.497153	0.270734	0.0197553
20079	0.166165	0.124865	3.97883	1.89331	0.475844	0.531233	2.54078	3.70073	2.03289	0.549321	43.7941	0.0666372	0.511252	0.271048	0.0200104
20080	0.00448954	0.048716	4.02874	1.92175	0.477009	0.503624	2.51817	4.07297	2.03382	0.499346	24.4775	0.124568	0.488239	0.278298	0.0201822
20081	0.100876	0.182122	4.01183	2.09302	0.521714	0.539704	2.56554	4.12258	1.95651	0.474582	29.4992	0.0962851	0.497827	0.259739	0.0203286
20082	0.0486602	0.0876068	3.85844	1.95231	0.505985	0.553706	2.55461	4.17331	1.96486	0.470817	23.8604	0.127536	0.487712	0.27986	0.0204809
20083	0.0486851	0.0787244	3.9527	1.94681	0.492527	0.588098	2.60907	3.92959	1.98978	0.506358	22.0048	0.145483	0.499422	0.289175	0.0208653
20084	0.131796	0.0603737	3.87726	1.9227	0.495892	0.505314	2.56805	4.1055	1.95425	0.476007	45.0732	0.0697578	0.485665	0.288612	0.021101
20085	0.0929023	0.149779	4.03155	1.89532	0.470123	0.563512	2.54557	3.96266	1.88443	0.475547	25.9165	0.110737	0.472811	0.275274	0.0214507
20086	0.299586	0.229226	3.85112	2.00245	0.519966	0.516827	2.56033	3.77467	1.97834	0.524111	115.142	0.023597	0.522018	0.25453	0.0216001
20087	0.244651	0.267361	4.02774	1.95749	0.486002	0.557894	2.50796	3.92966	1.98247	0.50449	51.164	0.0490605	0.495132	0.241681	0.0220444
20088	0.319518	0.271286	3.88527	1.77703	0.457376	0.459041	2.46866	4.16821	2.05639	0.493351	248.037	0.00973335	0.475995	0.239573	0.0224053
20089	0.160674	0.256722	3.92217	1.81109	0.461757	0.473632	2.48703	4.17016	2.0605	0.494106	50.7875	0.0489716	0.478427	0.243207	0.0227865
20090	0.334782	0.309359	4.02499	2.02366	0.502773	0.448559	2.54384	4.19802	2.05331	0.489113	385.693	0.00647265	0.4958	0.23449	0.0228238
20091	0.358335	0.356737	4.23488	1.97672	0.466772	0.555236	2.52137	4.175	2.06604	0.494861	120.857	0.0193851	0.480716	0.224746	0.0230307
20092	0.265094	0.319805	3.70755	1.85975	0.50161	0.462684	2.44318	3.9813	2.04718	0.514198	115.485	0.0195208	0.508128	0.223997	0.0233072
20093	0.50295	0.415867	3.72465	1.87706	0.503955	0.448633	2.46837	3.93275	2.0676	0.525737	1427.92	0.00147515	0.515142	0.210813	0.0235946
20094	0.387399	0.448324	3.97124	1.87146	0.471252	0.442351	2.45709	4.37339	2.2031	0.503751	1336.22	0.0015099	0.488285	0.198528	0.0238082
20095	0.395389	0.432265	3.92439	1.88007	0.479073	0.326744	2.38546	4.08008	2.14298	0.52523	809.592	0.00235611	0.502601	0.191716	0.0239575
20096	0.465069	0.413959	3.97394	2.17489	0.547287	0.235066	2.24136	4.26002	2.148	0.504223	63.1247	0.0264507	0.525007	0.161931	0.0243629
20097	0.521532	0.410396	3.77062	1.94297	0.515293	0.297322	2.24968	3.93542	2.02516	0.514597	67.2954	0.0251351	0.514937	0.17576	0.0244671
20098	0.321372	0.3065	4.03114	2.01502	0.499862	0.295143	2.22867	3.81602	2.0303	0.532046	5370.73	0.000343969	0.515513	0.185965	0.024766
20099	0.241231	0.2405	3.99829	2.00584	0.501673	0.208831	2.2607	3.88716	2.00824	0.516633	3887.73	0.000524882	0.509048	0.202748	0.0250719
20100	0.15601	0.201959	4.08754	2.04723	0.500847	0.281447	2.28629	3.75449	1.99565	0.531536	276.112	0.00786717	0.51554	0.211843	0.0254871
20101	0.230937	0.182394	3.6795	1.96787	0.534821	0.217456	2.25387	4.04142	1.98871	0.492082	23609.9	9.08731e-05	0.51245	0.213383	0.0256083
20102	0.261218	0.249637	4.01725	2.00288	0.498571	0.0716333	2.17072	3.92213	1.99241	0.507993	102.679	0.0179712	0.503226	0.187683	0.0257907
20103	0.325585	0.260896	3.93381	2.05489	0.522365	0.147914	2.09655	4.31624	2.11962	0.49108	106.746	0.0157835	0.505997	0.167984	0.0259674
20104	0.318769	0.283748	3.99152	2.03824	0.510642	0.13972	2.1636	4.06713	2.06445	0.507593	110.231	0.0160292	0.509103	0.177256	0.0263501
20105	0.442769	0.331302	3.78017	1.95182	0.51633	0.116367	2.13374	3.6598	1.96629	0.537267	30.4942	0.0532691	0.526629	0.171772	0.0265024
20106	0.377457	0.330155	3.94202	2.00591	0.508853	0.114671	2.09069	3.91545	1.97663	0.504828	44.8836	0.0345282	0.506847	0.162945	0.0266534
20107	0.496055	0.385696	4.10383	1.99739	0.486715	0.0477574	2.06055	3.96935	1.96007	0.493801	13.958	0.100486	0.490199	0.150595	0.0269305
20108	0.370613	0.346038	4.35845	2.1782	0.499764	0.179915	2.18649	4.2559	2.06737	0.485766	93.1446	0.0181829	0.492849	0.166361	0.0269114
20109	0.298671	0.298372	4.04551	2.06054	0.50934	0.186452	2.19076	3.99861	2.06982	0.517635	284.375	0.00629649	0.513463	0.178216	0.0271979
20110	0.211715	0.204298	3.78725	2.02501	0.53469	0.128619	2.22869	3.87267	1.95633	0.505163	593.51	0.00345249	0.519762	0.20475	0.0271932
20111	0.154354	0.15293	3.80391	1.83199	0.481609	0.213588	2.20911	4.04888	2.08708	0.51547	1205.01	0.0017543	0.499068	0.212496	0.0275456
20112	0.131929	0.136362	4.08786	1.9919	0.487273	0.213482	2.21188	3.96297	1.98597	0.501133	647.709	0.00332541	0.494096	0.213137	0.0278066
20113	0.0275578	0.0374318	3.92867	2.0235	0.515058	0.276998	2.25882	4.00339	1.95693	0.488818	79.3082	0.0311101	0.501815	0.23669	0.0282252
20114	0.0267409	0.096235	4.21034	2.10733	0.500514	0.268618	2.31346	3.99704	2.03369	0.5088	84.0289	0.0292523	0.504549	0.228955	0.0284098
20115	0.0492992	0.0403158	4.19389	2.10757	0.502533	0.38111	2.34399	3.90352	1.94641	0.498628	48.2016	0.0550492	0.50065	0.246665	0.0286424
20116	0.0820065	0.0599202	4.43	2.1318	0.481219	0.288478	2.35045	4.05989	2.07195	0.510347	123.07	0.0213152	0.495148	0.237904	0.0289598
20117	0.0924566	0.127145	4.14647	2.14419	0.517111	0.330238	2.32942	4.12785	2.13147	0.516364	85.78	0.0282701	0.516739	0.221016	0.0294546
20118	0.297174	0.159992	4.26733	2.13383	0.500038	0.358271	2.32714	4.25672	2.12921	0.500199	1258.16	0.00186643	0.500118	0.216031	0.0298394
20119	0.187639	0.185285	3.86751	1.95036	0.504293	0.308678	2.28174	3.90992	1.98432	0.507508	299.999	0.00732523	0.505909	0.218381	0.0299235
20120	0.1585	0.140737	4.05139	2.07519	0.512216	0.133692	2.21451	3.76837	1.88936	0.501374	6988.25	0.000307698	0.506991	0.213418	0.0302961
20121	0.14256	0.163414	4.09708	1.93879	0.473213	0.230763	2.18331	4.19136	2.04664	0.4883	524.438	0.00388985	0.480842	0.203859	0.0303331
20122	0.182225	0.155227	3.74068	1.88311	0.503414	0.222488	2.25388	3.7096	1.94596	0.524575	2716.87	0.000810556	0.51395	0.223424	0.0306625
20123	0.13795	0.149253	3.83982	1.91688	0.499211	0.262758	2.28186	3.5388	1.81237	0.512143	291.967	0.00778854	0.505413	0.23374	0.0308583
20124	0.194848	0.226313	4.08285	2.07058	0.507141	0.405856	2.35012	4.24732	1.93838	0.456378	101.306	0.0222621	0.481259	0.219616	0.0309783
20125	0.227545	0.284439	4.10305	2.11942	0.516548	0.376117	2.40158	4.17657	2.02783	0.485526	203.06	0.0110368	0.500899	0.212804	0.0312188
20126	0.249176	0.225792	3.91863	2.0341	0.519083	0.492534	2.47087	3.69978	1.95991	0.529736	85.1087	0.0296113	0.524256	0.239922	0.0313603
20127	0.0827334	0.167385	4.00112	2.08209	0.520376	0.447283	2.43345	3.89656	1.98582	0.509634	38.6395	0.0664482	0.515076	0.239972	0.0317166
20128	-0.0227887	0.0796151	3.79546	2.00697	0.528782	0.519785	2.48831	3.97728	2.0206	0.508036	19.7081	0.147193	0.518166	0.264873	0.032027
20129	0.0491358	0.0379311	4.48488	2.05479	0.45816	0.56348	2.52142	4.00273	1.92538	0.481016	23.3141	0.132275	0.468939	0.27933	0.0320115
20130	0.140965	0.107772	4.13988	2.08573	0.503813	0.690826	2.62879	3.87141	1.99437	0.515154	21.0207	0.151173	0.509293	0.280377	0.0325826
20131	0.0754284	0.0775031	4.16928	2.14893	0.515422	0.662487	2.7148	4.05691	2.12213	0.52309	20.1816	0.172319	0.519203	0.289431	0.0329601
20132	0.139669	0.0953268	3.71728	2.01323	0.541587	0.750785	2.73028	4.41442	2.23208	0.505635	18.5908	0.186731	0.52207	0.29031	0.0334564
20133	0.0186836	0.0506714	3.87308	1.98618	0.512817	0.809509	2.75239	3.72236	2.12333	0.570427	11.6713	0.312703	0.54105	0.307608	0.0335412
20134	-0.0477953	0.0455206	3.80759	2.02007	0.530537	0.641079	2.74077	4.14673	2.05711	0.496079	15.308	0.237274	0.512574	0.308271	0.0335846
20135	-0.0013908	0.0464241	4.15097	2.04125	0.491752	0.66648	2.73428	3.90832	1.87958	0.480918	16.1967	0.223026	0.486498	0.315483	0.0338843
20136	0.167267	0.153027	4.2035	2.05069	0.487852	0.741856	2.76588	4.09491	2.02655	0.494896	20.6783	0.165076	0.491328	0.295185	0.0340669
20137	0.155821	0.148743	3.69174	1.99421	0.540181	0.711674	2.76565	4.04014	2.06764	0.511773	22.1645	0.154486	0.525337	0.296621	0.0341367
20138	0.11079	0.0819383	3.88039	1.98357	0.511177	0.839997	2.79287	3.82384	1.94291	0.508104	13.8209	0.265871	0.509651	0.318874	0.0342858
20139	0.181028	0.18023	4.39415	2.30969	0.525629	0.808043	2.81249	3.88861	1.99627	0.513363	17.6238	0.196574	0.51987	0.286977	0.0346973
20140	0.0965438	0.155799	4.1639	2.08104	0.499782	0.892919	2.81573	3.59566	1.91908	0.533721	11.1559	0.317107	0.515509	0.306716	0.0348262
20141	-0.0612642	0.0577991	4.10619	2.0824	0.507136	0.878554	2.83434	3.9294	2.01115	0.511822	8.72809	0.441629	0.509427	0.320212	0.0350132
20142	0.158701	0.10217	4.13209	2.01601	0.48789	0.852562	2.8233	3.95003	2.10754	0.53355	15.3799	0.240721	0.510206	0.309938	0.0354173
20143	0.158879	0.105161	4.1478	2.00797	0.484105	0.918051	2.91689	3.99994	2.02306	0.505772	13.7173	0.288171	0.494742	0.32911	0.0356925
20144	0.010285	0.0725318	4.10645	2.19829	0.535325	0.930669	2.93838	3.92401	2.0379	0.519342	9.69546	0.423553	0.527515	0.326572	0.0358919
20145	0.0978468	0.0190047	4.19637	2.20489	0.525428	0.877145	2.91413	4.13658	2.11746	0.511886	13.8016	0.303653	0.518705	0.326616	0.0362209
20146	-0.021913	-0.0335539	3.78548	2.06923	0.546622	0.97315	2.92789	4.09941	1.99852	0.487514	8.85742	0.495075	0.515891	0.350344	0.0364709
20147	0.0597733	0.00321691	3.78216	1.9036	0.503309	0.875858	2.9042	4.02703	1.98875	0.493851	12.6363	0.332997	0.498432	0.350986	0.036675
20148	0.102332	0.0107168	4.07092	2.00049	0.491409	0.836485	2.82282	4.11466	1.9661	0.477827	14.672	0.26949	0.484582	0.332737	0.0368279
20149	0.0126708	0.0249374	3.89622	1.90917	0.490007	0.867114	2.87621	4.34704	2.03799	0.468822	11.1355	0.365036	0.478835	0.340007	0.0372334
20150	0.0203416	0.0898447	3.90509	2.00296	0.51291	0.895764	2.92022	4.11355	2.08284	0.506336	10.4533	0.383182	0.509538	0.329048	0.0375703
20151	0.160139	0.14879	3.91216	2.0878	0.533671	0.897872	2.87734	4.21943	2.00663	0.47557	13.6793	0.272125	0.503523	0.312624	0.0376606
20152	0.36055	0.295829	4.3969	2.06316	0.46923	1.02669	3.01452	4.16278	2.15472	0.517616	16.6565	0.221874	0.492761	0.304741	0.0378009
20153	0.234652	0.293898	4.12519	1.90446	0.461666	0.932388	2.96572	4.11313	2.03493	0.494739	14.6633	0.243417	0.478179	0.31189	0.0382621
20154	0.221595	0.237614	3.96591	1.96683	0.495935	0.975532	2.94835	4.12858	2.26051	0.547528	12.9272	0.28421	0.52225	0.303026	0.0384881
20155	0.239548	0.196948	3.96052	1.87186	0.47263	0.975056	2.97727	4.17147	2.24142	0.537322	14.2894	0.270486	0.505815	0.319759	0.0387128
20156	0.204231	0.140911	3.75789	1.91879	0.510603	0.90992	2.93973	4.14771	2.23019	0.537691	15.7298	0.248999	0.524815	0.320765	0.0389655
20157	0.0786234	0.099899	4.33111	2.03166	0.469084	0.924766	2.94611	3.95734	2.19286	0.554123	11.3148	0.357978	0.509687	0.324159	0.0388924
20158	0.167373	0.111887	4.40192	2.05361	0.466526	0.901481	2.91316	4.41906	2.26603	0.512785	14.561	0.269458	0.4897	0.312423	0.0388896
20159	0.186753	0.15656	3.94158	1.90822	0.484126	0.893218	2.94815	4.11451	1.98953	0.483538	15.6142	0.249547	0.483826	0.333372	0.0392537
20160	0.30746	0.243309	4.02539	1.84044	0.457207	0.974558	2.9337	4.09002	2.13787	0.522705	16.2649	0.22251	0.490217	0.312753	0.0397552
20161	0.225197	0.219922	3.70571	1.91021	0.515477	0.946662	2.89068	4.14786	2.00175	0.482599	13.7038	0.260256	0.498112	0.31322	0.039793
20162	0.256729	0.309777	4.14632	2.03291	0.490292	0.904147	2.90159	4.25226	2.11009	0.496228	16.0265	0.209575	0.493297	0.288537	0.0402248
20163	0.40895	0.346395	4.24981	2.06865	0.486764	0.91935	2.87694	4.33163	2.10287	0.485468	24.5814	0.130254	0.48611	0.277438	0.0403696
20164	0.236873	0.300272	4.09961	2.25912	0.551056	0.915325	2.88777	4.19973	2.23	0.530986	14.5453	0.230149	0.5409	0.27169	0.0406517
20165	0.364482	0.342618	4.14203	2.30138	0.555617	0.976393	2.95211	3.95394	1.98886	0.503007	18.1859	0.187218	0.529923	0.284179	0.0410105
20166	0.401603	0.34764	4.1678	2.05826	0.493847	0.932227	2.88176	4.03708	2.08879	0.517401	22.8077	0.140781	0.505436	0.279188	0.0412119
20167	0.331832	0.367435	3.7505	1.8328	0.488681	0.808518	2.77246	3.87947	2.1014	0.541672	25.4551	0.113615	0.515624	0.268866	0.0413374
20168	0.439607	0.363383	3.98934	2.02851	0.508483	0.750415	2.77617	3.85867	2.11961	0.549312	60.2633	0.048301	0.528558	0.259824	0.0413299
20169	0.386289	0.355362	3.77971	2.00657	0.530878	0.848254	2.83969	4.16162	1.95183	0.469006	28.9202	0.106706	0.498455	0.280572	0.0415558
20170	0.374491	0.38322	3.87745	1.92082	0.495383	0.787185	2.81663	3.87119	1.92179	0.496433	34.7675	0.0851582	0.495908	0.27821	0.0420211
20171	0.316527	0.365217	3.8427	1.95099	0.507713	0.802573	2.79238	4.11323	1.92067	0.46695	24.9369	0.11812	0.486639	0.275672	0.042355
20172	0.343763	0.375676	4.08124	1.97245	0.483297	0.824038	2.82933	4.01232	2.11832	0.527955	26.1002	0.115332	0.505436	0.269064	0.042544
20173	0.418917	0.33968	3.82778	2.07585	0.542311	0.763836	2.76975	4.04856	2.04398	0.504866	49.6366	0.0594845	0.523063	0.263905	0.0429583
20174	0.312951	0.281378	4.06886	1.86616	0.458645	0.871212	2.78193	4.14361	2.05644	0.496292	20.0631	0.155828	0.47764	0.285054	0.0431306
20175	0.283172	0.323276	3.98556	2.02916	0.509128	0.746177	2.75724	3.75634	1.93257	0.514483	27.6347	0.107187	0.511726	0.272211	0.0432523
20176	0.282166	0.310441	4.12167	2.08445	0.50573	0.796213	2.81951	3.72104	2.01855	0.542468	23.8243	0.132122	0.523161	0.277341	0.0435544
20177	0.210314	0.248882	4.15682	2.02456	0.487044	0.826504	2.83967	3.82399	2.06923	0.541118	17.6781	0.189845	0.512954	0.290833	0.0436283
20178	0.280301	0.250507	4.01744	1.98903	0.495098	0.774143	2.80462	4.11299	1.99741	0.485634	26.7487	0.12194	0.49031	0.290433	0.0439938
20179	0.211146	0.269019	4.23839	2.00273	0.472522	0.931209	2.94077	3.95796	1.94301	0.490913	13.7674	0.259245	0.481403	0.311533	0.0444542
20180	0.25514	0.262716	3.96735	1.92272	0.484637	0.893818	2.9449	3.87204	1.9636	0.507122	17.6365	0.203955	0.495743	0.316481	0.0448118
20181	0.143761	0.185258	3.65905	1.82156	0.497823	0.967663	2.93704	4.03249	2.09944	0.520631	11.1551	0.339408	0.509781	0.325711	0.0453034
20182	0.147624	0.16952	3.8683	1.86067	0.481004	0.931516	2.93228	3.9612	2.13678	0.539427	12.4215	0.307244	0.510562	0.323225	0.0455136
20183	0.191032	0.220254	3.84902	1.98612	0.516007	1.01775	2.9467	3.82834	1.94868	0.509015	10.8762	0.341734	0.51252	0.320897	0.0458217
20184	0.12633	0.164049	4.16402	2.03711	0.489217	0.956975	2.90744	4.08599	1.84564	0.451699	10.908	0.344985	0.470635	0.326524	0.0461903
20185	0.105247	0.201992	4.16387	2.14518	0.515189	0.99695	2.98042	4.42557	1.95252	0.441189	9.70865	0.397567	0.477062	0.320288	0.0462882
20186	0.244209	0.153716	4.13239	2.0954	0.507067	1.10573	3.0606	3.92633	1.92696	0.49078	11.3849	0.371107	0.499132	0.344456	0.0464838
20187	0.268664	0.22556	4.04953	2.15581	0.532361	1.08576	3.1343	4.2363	2.0623	0.486816	12.6726	0.33382	0.509075	0.33409	0.0468223
20188	0.317055	0.296534	3.94997	2.01619	0.510431	0.973097	3.01823	3.81528	1.97571	0.517841	17.2114	0.215196	0.514072	0.317009	0.0470998
20189	0.33774	0.287762	3.95186	1.90238	0.48139	1.06213	3.01401	3.77875	1.97774	0.523385	14.1639	0.262371	0.501917	0.323921	0.0472521
20190	0.18368	0.265797	3.85462	1.92178	0.498564	1.02863	3.00796	3.90487	1.88677	0.483184	10.5323	0.356971	0.490824	0.330582	0.0472562
20191	0.209185	0.290833	3.843	2.03967	0.53075	1.03692	3.0578	3.96114	1.89372	0.478076	11.1743	0.342576	0.504014	0.327438	0.047684
20192	0.272416	0.266505	4.06577	2.12101	0.521674	0.978747	3.06878	3.89095	1.99031	0.511523	15.74	0.249452	0.51671	0.323294	0.0479362
20193	0.244023	0.224169	3.83008	1.91203	0.499216	1.02381	3.09837	3.97391	2.00412	0.504319	13.5857	0.304034	0.501814	0.345393	0.0481914
20194	0.149209	0.171932	4.22445	1.99158	0.471441	1.02877	3.08074	3.87596	2.0411	0.526604	10.9369	0.386817	0.497836	0.344177	0.0482613
20195	0.179243	0.230062	3.67952	1.97597	0.537017	1.15795	3.13393	3.77349	1.88505	0.499551	8.80331	0.478935	0.518048	0.353283	0.0485951
20196	0.209291	0.206514	3.8572	1.94293	0.503715	1.18617	3.14448	4.26563	2.07833	0.487226	9.04508	0.477145	0.495056	0.349337	0.0488173
20197	0.234086	0.192886	3.902	1.8807	0.481983	1.16342	3.2088	3.86331	2.05663	0.532351	10.5315	0.431835	0.507041	0.366214	0.0489583
20198	0.124267	0.164729	3.86828	1.74899	0.452136	1.25734	3.30451	4.12814	1.99669	0.483678	7.67867	0.641923	0.468419	0.396974	0.0490112
20199	0.171699	0.204586	4.02259	1.9214	0.477652	1.20767	3.26641	3.85927	2.02734	0.525318	8.73512	0.536613	0.500991	0.372579	0.048624
20200	-0.00300715	0.136894	3.88812	1.84241	0.473858	1.28468	3.28811	4.0352	2.04976	0.507971	5.98875	0.829066	0.491231	0.389554	0.0491185
20201	0.065791	0.0841254	4.07574	1.89428	0.464769	1.3898	3.3344	4.02207	2.1297	0.529504	6.02646	0.876494	0.496922	0.396377	0.0492876
20202	0.0551057	0.111972	3.89383	1.81945	0.467263	1.36757	3.38864	4.28714	2.1666	0.505372	6.23292	0.861278	0.487234	0.402529	0.049611
20203	0.0979353	0.122517	3.92444	1.8556	0.472832	1.33882	3.34034	4.08084	2.01742	0.494364	6.72456	0.769893	0.483808	0.400731	0.050028
20204	0.0811868	0.0652928	3.87925	1.81583	0.468088	1.27925	3.32443	4.19217	2.09898	0.50069	7.40022	0.71768	0.485021	0.404287	0.0506071
20205	0.0796416	0.109896	4.01527	1.9566	0.48729	1.33138	3.33157	3.85736	2.06735	0.53595	6.62424	0.783425	0.511132	0.392156	0.0510963
20206	0.145304	0.128641	4.06623	2.1403	0.526361	1.39243	3.35017	3.85393	1.92364	0.499138	6.67272	0.777662	0.513114	0.38978	0.0515274
20207	0.129996	0.120928	4.14778	2.09554	0.505219	1.38518	3.37876	3.83826	1.90207	0.495555	6.73665	0.787741	0.500574	0.399064	0.0517177
20208	-0.036183	-0.0427299	4.06225	2.03568	0.501121	1.30985	3.32177	3.97809	1.99665	0.501912	6.24787	0.905896	0.501513	0.412514	0.0522895
20209	-0.0461675	-0.0744618	4.04717	1.9577	0.483721	1.3526	3.32438	4.20007	2.03906	0.485483	5.90438	0.978269	0.484618	0.419602	0.0524707
20210	-0.00470357	-0.0217422	4.05045	2.09846	0.51808	1.44358	3.41253	3.99461	1.90292	0.476372	5.62294	1.04876	0.497371	0.424379	0.053018
20211	0.024775	-0.0173003	3.93044	2.02889	0.516198	1.4381	3.40906	3.99062	1.91799	0.480624	5.87738	0.998742	0.498276	0.426605	0.053334
20212	-0.0176232	-0.00622295	3.92716	2.05463	0.523183	1.41642	3.44525	4.03904	1.94281	0.481009	5.79272	1.02825	0.5018	0.427063	0.0535438
20213	-0.0411431	-0.0201417	3.97441	2.07592	0.52232	1.54921	3.47106	3.77355	1.90262	0.504199	4.81907	1.26461	0.513495	0.433836	0.0537209
20214	-0.0355932	-0.0439295	4.24273	2.22897	0.525363	1.4694	3.51417	3.78784	1.89534	0.500375	5.58938	1.13251	0.513577	0.434321	0.0542425
20215	-0.185044	-0.126211	4.10364	2.20085	0.536315	1.3679	3.45049	3.94844	1.98407	0.502494	5.30458	1.20582	0.519731	0.4333	0.0545776
20216	-0.0610623	-0.132308	4.13419	2.03373	0.491928	1.40564	3.44811	3.89561	2.05715	0.528068	5.95914	1.07561	0.509461	0.439401	0.054444
20217	-0.123584	-0.151605	4.19197	2.03757	0.486065	1.55913	3.52392	4.27607	2.04626	0.478537	4.7711	1.41577	0.482264	0.452782	0.0545625
20218	0.000457166	0.023676	3.92928	2.14907	0.546936	1.63378	3.64193	3.89658	2.04142	0.523901	4.9074	1.33388	0.535467	0.438653	0.0547886
20219	-0.0405462	0.0246269	4.07732	2.06873	0.507373	1.61406	3.61842	4.18064	2.36282	0.56518	4.71758	1.36885	0.536638	0.421621	0.055168
20220	0.0578292	0.042739	3.86154	1.9633	0.508423	1.53818	3.55774	4.09613	2.15151	0.525254	5.63797	1.09572	0.517087	0.428909	0.0553592
20221	0.0703567	-0.0176507	3.98289	1.97041	0.494718	1.60916	3.57799	4.06304	2.29083	0.563821	5.45997	1.18395	0.529614	0.431458	0.0554408
20222	-0.099005	-0.00841738	4.12267	1.96761	0.477266	1.53118	3.57679	4.17752	2.17697	0.521116	4.83677	1.32875	0.499336	0.436849	0.0561302
20223	-0.102786	-0.0833362	3.93245	1.93267	0.491467	1.44667	3.46682	4.16121	2.13482	0.513029	5.24971	1.20041	0.502552	0.436633	0.05641
20224	-0.0496972	-0.101058	3.95861	2.01118	0.508053	1.49374	3.42621	4.13516	2.0128	0.486753	5.22277	1.19109	0.497171	0.436097	0.0564475
20225	-0.0633207	-0.0937559	4.05609	1.9379	0.477777	1.54623	3.46998	4.22454	1.95145	0.461932	4.90229	1.29533	0.469693	0.449567	0.0566274
20226	-0.127315	-0.122019	3.73053	1.83644	0.492274	1.47942	3.4852	4.03583	2.05475	0.509127	5.04032	1.29079	0.501032	0.45546	0.0567191
20227	-0.137872	-0.141559	4.07632	1.98051	0.485857	1.37841	3.4175	3.9811	1.94355	0.488194	5.5095	1.14955	0.487012	0.446721	0.0570616
20228	-0.166499	-0.163891	4.18601	2.16887	0.518123	1.43774	3.41066	3.81041	2.05177	0.538464	4.96483	1.2868	0.527816	0.43092	0.057071
20229	-0.147797	-0.0666444	4.55027	2.15515	0.473631	1.42	3.45742	4.31295	1.99204	0.461875	5.05249	1.229	0.46791	0.42825	0.0574206
20230	-0.0438501	-0.074583	4.23167	2.13858	0.505376	1.45215	3.45599	3.80618	1.99022	0.522893	5.56967	1.119	0.513671	0.430243	0.0575288
20231	-0.0707997	-0.0672203	3.94651	2.05131	0.519777	1.39079	3.38837	3.83187	1.80023	0.469805	5.58972	1.06813	0.49516	0.436769	0.0575008
20232	-0.0795508	-0.0481986	3.97817	2.08374	0.523795	1.33192	3.36374	3.44463	1.82078	0.528583	5.84331	0.996124	0.526017	0.42718	0.0574598
20233	-0.125394	-0.0856985	3.95539	2.01005	0.50818	1.34527	3.30605	3.93039	2.01906	0.513704	5.31889	1.08143	0.510933	0.416624	0.057669
20234	-0.0768682	-0.0882989	4.2028	2.04149	0.485745	1.41146	3.39836	4.22857	2.1092	0.498798	5.48811	1.10756	0.492291	0.422827	0.057873
20235	-0.0427704	-0.0748529	3.71833	1.91424	0.514813	1.28554	3.36022	3.76163	1.93653	0.51481	6.68765	0.882202	0.514812	0.433891	0.0580647
20236	-0.105371	-0.0952581	3.8503	1.97531	0.513027	1.45948	3.4066	4.35426	2.05432	0.471795	5.00782	1.22438	0.491145	0.4322	0.0581173
20237	-0.0874438	-0.0647351	4.33103	2.18175	0.50375	1.33897	3.40869	3.91811	1.83336	0.46792	5.92954	1.01734	0.486732	0.429086	0.0584158
20238	-0.185159	-0.106135	4.1254	2.24189	0.543436	1.46044	3.4078	4.03584	1.96266	0.486308	4.55973	1.354	0.515185	0.423485	0.0584751
20239	-0.185489	-0.184723	4.1931	2.26975	0.541306	1.32246	3.41175	4.31173	2.20391	0.511142	5.68832	1.13695	0.526014	0.419679	0.0588186
20240	-0.161789	-0.113945	4.13016	2.03725	0.493262	1.47461	3.461	4.01407	2.23349	0.556414	4.77263	1.33891	0.524388	0.428082	0.059156
20241	-0.16437	-0.154599	4.2295	2.05633	0.486187	1.58783	3.50699	4.1802	2.06636	0.494319	4.36692	1.53509	0.490229	0.448557	0.059479
20242	-0.149176	-0.167952	3.98195	2.06888	0.519564	1.42145	3.40788	4.29182	2.13119	0.496571	5.18329	1.23344	0.507637	0.432293	0.0597678
20243	-0.193681	-0.161019	4.12491	1.92031	0.465539	1.36337	3.36562	4.05637	2.11073	0.520349	5.13	1.2122	0.492715	0.435578	0.060273
20244	-0.0212106	-0.0853414	4.2203	1.93748	0.459086	1.37754	3.37108	3.90675	2.07065	0.530019	6.10626	0.978248	0.493184	0.427111	0.0605229
20245	-0.183914	-0.113591	3.81428	1.90951	0.500621	1.44162	3.40471	4.10163	2.03056	0.495062	4.68461	1.32118	0.497741	0.440031	0.0605462
20246	-0.134156	-0.150786	3.95929	1.86514	0.471079	1.38626	3.39526	3.84	2.0766	0.540782	5.43953	1.15584	0.505397	0.4438	0.0610033
20247	-0.093601	-0.157693	4.20723	1.92103	0.456602	1.35885	3.33825	4.22324	2.223	0.526371	5.79328	1.05481	0.491553	0.424517	0.0612612
20248	-0.206352	-0.133656	3.88633	1.87435	0.482293	1.2284	3.31062	4.11776	2.2124	0.537282	5.76295	1.02925	0.510583	0.420648	0.0614686
20249	-0.157642	-0.167869	4.20684	1.93206	0.459266	1.38691	3.31917	4.2763	2.24114	0.524083	5.09689	1.19283	0.49194	0.42156	0.0617735
20250	-0.183575	-0.169127	4.10714	2.09621	0.510383	1.36882	3.35862	4.30174	2.03389	0.472806	5.16406	1.20496	0.49116	0.429772	0.0618292
20251	-0.293831	-0.239175	4.32316	2.10421	0.486729	1.18879	3.29271	4.11548	2.07388	0.503923	5.67483	1.09908	0.495115	0.427519	0.061978
20252	-0.17899	-0.23066	4.36232	2.11406	0.48462	1.31661	3.32561	4.31684	2.28868	0.530173	5.654	1.11842	0.507277	0.418095	0.0619649
20253	-0.237613	-0.233243	4.01667	2.11019	0.525357	1.24073	3.24724	4.23706	2.27686	0.537368	5.54282	1.09274	0.531523	0.408515	0.0620448
20254	-0.136413	-0.200227	3.90329	2.04523	0.523977	1.21495	3.20456	4.30032	2.11523	0.491878	6.34797	0.913094	0.507151	0.410704	0.0623283
20255	-0.307699	-0.258935	4.05864	2.11136	0.520213	1.25195	3.26298	4.07613	2.18246	0.535426	5.09925	1.21625	0.527836	0.419467	0.0627082
20256	-0.246214	-0.276946	3.95117	2.05133	0.519171	1.26676	3.26057	4.0204	1.97511	0.491271	5.46683	1.14454	0.5051	0.437374	0.0631042
20257	-0.216077	-0.240884	3.93228	1.92151	0.488649	1.21351	3.24502	3.94752	2.01421	0.510248	5.9458	1.02186	0.499469	0.435749	0.0633208
20258	-0.299206	-0.280164	4.17086	1.94203	0.465619	1.14233	3.22471	3.89848	1.94096	0.497875	5.91146	1.03901	0.481202	0.441744	0.0636052
20259	-0.322902	-0.292406	4.12756	1.88208	0.455979	1.21168	3.22464	3.93358	1.9704	0.500917	5.25262	1.17747	0.477907	0.445402	0.0635671
20260	-0.212834	-0.268234	3.90887	2.03148	0.519709	1.30736	3.25622	4.15881	2.01286	0.483999	5.37506	1.1555	0.501301	0.434464	0.063888
20261	-0.282957	-0.325041	4.29584	2.12111	0.493757	1.23262	3.17274	4.23722	2.23161	0.526669	5.32638	1.14848	0.5101	0.412816	0.0639026
20262	-0.339615	-0.374939	3.69371	1.85599	0.502472	1.1465	3.20673	4.34424	2.16646	0.498697	5.80851	1.10427	0.500432	0.443733	0.0639065
20263	-0.307266	-0.352967	3.90132	1.84579	0.47312	1.22776	3.28571	3.95926	2.15691	0.544776	5.61897	1.17815	0.509212	0.45276	0.0645801
20264	-0.388525	-0.385459	4.10805	1.80591	0.439602	1.37634	3.34301	3.96774	2.02801	0.511125	4.46315	1.55737	0.474742	0.475598	0.0650102
20265	-0.270328	-0.294046	4.16074	1.91382	0.459971	1.37447	3.31946	4.22727	2.26617	0.536084	4.82647	1.35269	0.498329	0.438624	0.0652049
20266	-0.279708	-0.275495	4.23723	1.80455	0.425879	1.29422	3.24352	4.17393	2.28975	0.548584	4.99889	1.23862	0.48677	0.430692	0.0652647
20267	-0.373684	-0.325154	4.09439	1.92399	0.469908	1.16867	3.22556	3.985	2.05746	0.5163	5.29986	1.18942	0.49279	0.441977	0.0655888
20268	-0.335737	-0.319635	3.78692	1.96692	0.519399	1.11194	3.17989	4.08783	2.06213	0.504457	5.84355	1.04788	0.511642	0.431908	0.0657815
20269	-0.323218	-0.328395	4.11783	2.01239	0.488703	1.16198	3.21397	3.94089	2.00024	0.507561	5.68874	1.10291	0.497925	0.438894	0.066073
20270	-0.276642	-0.404539	3.82483	1.99984	0.522856	1.38754	3.27699	4.16213	2.08873	0.50184	4.89387	1.38476	0.511904	0.453303	0.0665067
20271	-0.424057	-0.471005	4.05963	2.06226	0.507992	1.24036	3.26728	3.91451	2.16221	0.552358	5.0445	1.38515	0.529771	0.452783	0.0670464
20272	-0.387817	-0.390178	3.60299	1.97146	0.547175	1.3202	3.29964	3.91204	2.09429	0.535345	4.66687	1.45866	0.541017	0.455806	0.0672618
20273	-0.36103	-0.385733	4.02057	1.9472	0.484309	1.43673	3.40115	4.18801	2.02308	0.483064	4.4371	1.61597	0.483674	0.474636	0.0674926
20274	-0.341358	-0.341749	3.76992	1.98586	0.526766	1.36822	3.36936	4.2501	2.09242	0.492322	4.71224	1.46133	0.508512	0.457898	0.0675629
20275	-0.370026	-0.378734	3.62284	1.93075	0.532938	1.37657	3.41439	4.1029	2.0873	0.508738	4.71636	1.5253	0.520086	0.472474	0.0676613
20276	-0.415085	-0.367255	3.60465	1.94082	0.538422	1.44668	3.43809	4.28663	2.146	0.500628	4.17772	1.73308	0.517892	0.469849	0.0676824
20277	-0.381313	-0.405192	3.59841	1.75591	0.487969	1.31557	3.4203	4.03648	1.98751	0.492387	5.08239	1.43971	0.490305	0.494395	0.0680201
20278	-0.310336	-0.341883	3.75485	1.81325	0.48291	1.41619	3.43795	4.25606	2.14733	0.504535	4.79289	1.49045	0.494399	0.474316	0.0679238
20279	-0.402195	-0.377968	3.68544	1.71974	0.466632	1.4287	3.40308	3.90567	2.01383	0.515618	4.26479	1.67609	0.491836	0.489212	0.0682551
20280	-0.458166	-0.373323	3.9648	1.73134	0.436678	1.43381	3.39768	4.13722	1.99754	0.482823	3.97266	1.78979	0.460241	0.488197	0.0687562
20281	-0.224938	-0.288467	3.59558	1.70984	0.47554	1.32944	3.33469	4.17549	2.15863	0.516977	5.43325	1.20805	0.497805	0.459101	0.0689642
20282	-0.358095	-0.331201	4.21231	1.92475	0.456935	1.28143	3.24687	4.04942	2.03411	0.502322	4.76279	1.34403	0.479181	0.447173	0.0691677
20283	-0.301549	-0.263152	3.95785	1.98257	0.500922	1.20452	3.17867	3.69504	1.78205	0.482282	5.22259	1.13412	0.491922	0.440424	0.0696382
20284	-0.198008	-0.191825	3.93959	1.99381	0.506096	1.19352	3.16537	3.94808	1.80118	0.456216	5.82064	0.968172	0.481129	0.426226	0.0697468
20285	-0.204434	-0.251749	3.82001	1.8788	0.491833	1.17411	3.15616	3.9583	1.93631	0.489177	6.11136	0.950188	0.490481	0.432278	0.0701829
20286	-0.174568	-0.208855	3.41266	1.82344	0.534317	1.14876	3.17155	4.06784	2.01842	0.49619	6.52538	0.875594	0.513584	0.426594	0.0705508
20287	-0.213565	-0.239074	3.98811	1.9272	0.483236	1.17191	3.15637	4.19472	1.95991	0.467233	6.0062	0.959764	0.475032	0.425903	0.0706482
20288	-0.331259	-0.290057	3.68901	1.82684	0.495213	1.04186	3.07925	3.77356	1.91165	0.50659	6.02096	0.942723	0.500966	0.431664	0.0711688
20289	-0.201314	-0.260062	3.67762	1.79943	0.489293	1.08099	3.06791	3.83608	1.86337	0.485747	6.73557	0.822157	0.487483	0.430627	0.0714951
20290	-0.363988	-0.260727	3.79852	1.86887	0.491999	0.987445	3.00301	3.85392	1.88768	0.489808	5.83231	0.913185	0.490896	0.414947	0.0719442
20291	-0.233328	-0.286519	3.7804	2.00404	0.530112	0.89898	2.90759	3.65751	1.88873	0.516397	7.95738	0.641061	0.523368	0.395967	0.071819
20292	-0.147778	-0.0963299	4.15935	1.94901	0.468584	0.943123	2.98641	4.23811	2.02095	0.476852	7.98554	0.595032	0.472757	0.374512	0.0719885
20293	-0.0446887	-0.147652	3.69151	1.88014	0.509314	0.97041	3.00538	4.21775	1.90496	0.451653	9.64806	0.515213	0.478565	0.396484	0.0721289
20294	-0.204857	-0.144567	3.88809	1.89813	0.48819	0.952361	2.99084	3.94211	2.00466	0.508525	7.34103	0.669576	0.498428	0.386519	0.0724165
20295	-0.10553	-0.152326	3.95362	1.96625	0.49733	0.94982	2.95899	3.69082	1.99936	0.54171	8.69151	0.556882	0.518757	0.379102	0.0726
20296	-0.0314422	-0.0666664	3.87199	1.9374	0.500362	1.14656	3.08486	4.03365	2.13191	0.528531	7.15731	0.693845	0.514734	0.379071	0.07272
20297	-0.136502	-0.0655703	3.68982	1.89415	0.513345	0.907472	3.01372	3.91915	2.01451	0.514018	8.70005	0.544941	0.513692	0.377636	0.0729831
20298	-0.064424	-0.117639	3.992	1.92238	0.481559	1.08437	3.056	4.232	1.96991	0.46548	7.63181	0.659868	0.473285	0.392925	0.0732297
20299	-0.150511	-0.115589	4.0046	1.98815	0.496467	0.980525	3.04935	3.83903	2.04732	0.53329	7.83028	0.639622	0.51449	0.383044	0.073534
20300	-0.181962	-0.132706	3.9924	1.91176	0.47885	0.987444	3.01774	3.81898	2.04114	0.534472	7.25793	0.683755	0.506044	0.385763	0.0741558
20301	-0.239643	-0.218198	4.24511	2.00293	0.47182	0.928191	3.01023	3.80061	2.12009	0.557829	7.64222	0.681918	0.512449	0.387368	0.0744514
20302	-0.128034	-0.17597	3.89362	1.91628	0.49216	0.862129	2.97091	4.35274	2.09707	0.481782	10.1006	0.490212	0.486682	0.381639	0.0749338
20303	-0.143389	-0.10482	4.05682	2.08824	0.514749	0.962164	2.94513	4.31223	2.15929	0.500737	7.6107	0.611125	0.507529	0.353913	0.0756779
20304	-0.0808244	-0.0554144	4.28567	2.18837	0.510625	0.956732	2.92608	4.1035	1.99751	0.486783	8.25741	0.538262	0.498963	0.346907	0.0759084
20305	-0.107049	-0.0410207	4.1227	1.95972	0.475349	0.885856	2.87565	3.98417	2.02722	0.508819	8.62898	0.492931	0.491798	0.34798	0.075822
20306	-0.145743	-0.110344	4.24732	2.127	0.500786	0.923421	2.89094	4.12417	2.13488	0.51765	7.87999	0.571555	0.509094	0.345829	0.0759425
20307	-0.0265262	-0.0606131	3.83701	2.02566	0.527926	0.980316	2.95473	3.96877	2.07034	0.521658	8.96915	0.506865	0.524739	0.357007	0.0759219
20308	-0.0776101	-0.0785639	4.0381	2.05629	0.509221	0.95328	2.93007	4.30603	2.15482	0.500419	8.51753	0.531368	0.504679	0.349657	0.0761217
20309	-0.00618102	-0.0749772	3.83631	2.11876	0.552292	0.876818	2.94387	4.22483	2.08327	0.493101	11.6886	0.389844	0.52127	0.351692	0.0763414
20310	-0.204903	-0.170646	4.18023	2.1377	0.511385	0.996885	2.96555	4.21286	2.25518	0.535308	6.81007	0.722147	0.523393	0.358989	0.0769489
20311	-0.120631	-0.116702	4.23973	2.07443	0.489284	0.928236	2.89996	4.14113	2.18993	0.528824	8.27205	0.550061	0.508821	0.348013	0.0771204
20312	-0.15595	-0.110946	3.78704	1.85036	0.488604	0.842747	2.9009	4.05022	2.16316	0.534084	9.0949	0.498698	0.512107	0.361155	0.0772262
20313	-0.128523	-0.0961152	3.92106	2.06979	0.527865	0.909578	2.95595	4.17451	2.27646	0.545325	8.64391	0.538826	0.536868	0.348993	0.0771452
20314	0.0330624	-0.00417636	3.80405	2.05907	0.541283	0.89769	2.95122	4.13193	2.0992	0.508043	11.6835	0.37379	0.523976	0.344427	0.0771524
20315	0.071682	-0.00862118	3.79374	2.00598	0.52876	0.996931	2.92396	4.21364	2.19738	0.521491	10.0458	0.428042	0.524935	0.338516	0.0771483
20316	0.074864	0.0409122	4.06645	1.91993	0.472138	0.958326	2.97546	4.0396	2.1142	0.523368	11.0333	0.390252	0.497668	0.348083	0.0775347
20317	-0.000648596	0.027497	3.77349	1.95773	0.51881	0.99291	2.94998	4.24617	2.04391	0.481353	8.65202	0.493579	0.498977	0.348049	0.0778836
20318	0.0761989	0.0786185	3.70981	2.03303	0.548015	0.96373	2.97277	4.00654	2.0521	0.512187	10.6335	0.393855	0.529412	0.338999	0.0776232
20319	0.0765854	0.0734385	3.74666	1.90554	0.508598	1.08564	3.0332	4.09986	1.95513	0.476876	8.60375	0.509091	0.492023	0.362064	0.0779628
20320	-0.111339	0.00812937	3.83952	1.81424	0.472517	0.960297	3.00607	4.62004	2.28097	0.493712	7.82621	0.574202	0.484092	0.354399	0.0782175
20321	-0.00934968	-0.0389175	3.9667	1.92	0.48403	1.06223	3.06222	4.29438	2.06796	0.481551	8.37515	0.574144	0.482741	0.376241	0.0783339
20322	0.00384388	-0.0162805	3.71774	1.968	0.529354	1.15619	3.08706	3.73723	1.93905	0.518847	7.25258	0.663953	0.524087	0.381399	0.0781565
20323	0.0298594	0.0156335	3.93433	2.09222	0.531785	1.08299	3.08913	3.78666	1.93515	0.511044	8.51733	0.554538	0.521613	0.369753	0.0784174
20324	0.210211	0.103486	4.34707	2.09641	0.482258	1.15098	3.1425	3.82829	1.83753	0.479986	10.4352	0.442521	0.481194	0.369964	0.0785939
20325	0.0790368	0.0914353	4.33209	2.12837	0.491303	1.07356	3.07114	4.08691	2.01518	0.493083	8.97666	0.494542	0.492167	0.348941	0.0788978
20326	0.133671	0.132411	3.98858	1.86922	0.468643	1.09924	3.06121	3.87922	2.0366	0.525004	9.2006	0.466158	0.496432	0.354555	0.079041
20327	0.0767692	0.10428	3.82349	1.94388	0.508404	1.03721	3.03918	3.6317	1.93046	0.531559	9.33781	0.461223	0.519684	0.357364	0.0794939
20328	0.120744	0.085473	4.00177	2.03848	0.509396	1.02569	3.04621	4.17573	1.98629	0.475674	10.7042	0.409464	0.492177	0.352656	0.0800017
20329	0.0202497	-0.00443012	3.96017	1.9948	0.503715	0.989606	3.00602	4.18909	2.05634	0.49088	9.64484	0.469826	0.497117	0.358791	0.0800536
20330	0.0657667	0.0381278	3.7099	1.9643	0.529475	1.03586	3.01137	4.22107	2.0194	0.478408	9.39375	0.470536	0.502296	0.356934	0.079935
20331	0.0854631	0.0448041	4.10676	1.89719	0.461968	1.11965	3.04023	3.91735	2.06784	0.527866	8.38916	0.534773	0.494139	0.361437	0.080039
20332	-0.0773869	0.0347498	3.82768	1.91274	0.499713	1.09421	3.07538	4.01496	2.12532	0.52935	6.73556	0.686316	0.514885	0.364143	0.0805021
20333	0.148763	0.124474	3.96291	1.91986	0.484457	1.05473	3.04626	4.14711	2.07382	0.500063	10.4009	0.410388	0.492437	0.348392	0.081078
20334	0.0735262	0.0685625	4.10182	2.01634	0.491571	0.953349	2.96772	3.98933	1.98942	0.498685	10.8581	0.387044	0.495079	0.344189	0.0810031
20335	0.0209036	0.0329823	3.97658	1.94171	0.488286	0.962944	2.93111	3.75253	1.93929	0.516795	9.46446	0.443721	0.502127	0.351203	0.0812993
20336	-0.0439416	0.0377695	3.86877	2.00146	0.517338	0.915647	2.98933	4.15591	2.05312	0.494025	9.4609	0.460405	0.505264	0.349559	0.0816865
20337	0.0900152	0.0776118	4.11134	2.03345	0.494594	1.00686	2.94127	4.17598	1.96521	0.470598	9.75553	0.420303	0.482503	0.339046	0.0819862
20338	0.155923	0.184363	3.82531	2.03133	0.531024	0.904909	2.95074	4.31174	2.11188	0.489798	13.6419	0.28049	0.509179	0.316006	0.0821492
20339	0.143883	0.173675	3.72715	1.90255	0.510457	0.952461	2.92724	4.23668	2.20786	0.52113	11.5971	0.326899	0.516135	0.315718	0.0822637
20340	0.146794	0.203105	4.01751	2.00818	0.499857	0.925408	2.95542	3.78901	2.06781	0.545739	12.4954	0.30312	0.522126	0.31734	0.0822482
20341	0.102635	0.152841	4.05712	1.95185	0.481093	1.00434	2.95838	3.91989	2.08401	0.531651	9.68063	0.406535	0.505937	0.327872	0.0824551
20342	0.216743	0.279924	4.27595	2.07284	0.484766	1.01456	3.01688	3.83145	2.05042	0.535155	11.7687	0.318256	0.508579	0.312438	0.0826534
20343	0.236562	0.273867	3.9119	2.07398	0.530172	1.04184	2.98185	4.27122	2.19616	0.514176	11.3084	0.324235	0.521823	0.300476	0.0825792
20344	0.0863289	0.168175	3.82417	1.98406	0.518822	0.982267	2.99696	3.81316	2.07797	0.544948	9.9688	0.401353	0.531866	0.330088	0.0830021
20345	0.081691	0.0952269	3.84024	1.98328	0.516447	1.02759	3.03948	4.00055	2.04286	0.510644	9.68862	0.447361	0.513486	0.350034	0.0830888
20346	0.17973	0.0666996	4.09816	2.03414	0.496355	1.14505	3.10552	4.13145	2.04259	0.494399	9.90986	0.465921	0.495373	0.361664	0.0833148
20347	0.155829	0.0808344	3.67274	2.01589	0.548879	1.0288	3.00385	4.10016	1.95913	0.477819	11.2114	0.381043	0.511395	0.349647	0.0835642
20348	0.106006	0.0915038	3.87101	1.85398	0.478939	1.15543	3.03088	3.89074	1.99715	0.513308	7.84531	0.550643	0.496168	0.359447	0.0835574
20349	0.009896	0.0175748	3.8829	1.76382	0.454253	0.970348	2.95606	4.37904	2.13589	0.487754	9.36044	0.461234	0.472009	0.356427	0.0839101
20350	0.0473601	0.0283315	3.51668	1.84921	0.525839	1.0194	2.93188	4.21176	2.03428	0.483	8.92249	0.472435	0.502493	0.351909	0.0841711
20351	-0.0887691	0.0668364	3.86596	1.86571	0.482598	0.736494	2.82563	3.97406	2.03394	0.511805	11.1751	0.34053	0.497403	0.328033	0.0842784
20352	0.0994679	0.0737041	3.84763	2.00917	0.522183	0.753462	2.77782	4.21092	1.9626	0.466073	17.0963	0.213854	0.492863	0.3153	0.0848907
20353	-0.0198149	-0.00814655	3.97833	1.98059	0.497844	0.815767	2.81213	4.16018	2.07199	0.498052	11.3921	0.349099	0.49795	0.329272	0.0853237
20354	-0.0533131	-0.0610644	4.05337	2.03114	0.501099	0.744161	2.73043	3.86691	1.95369	0.505234	12.2529	0.317983	0.503117	0.328465	0.0854283
20355	-0.0895871	-0.0764434	4.18459	1.98341	0.473978	0.639	2.68859	3.92437	1.98154	0.504931	14.4025	0.26542	0.488958	0.325374	0.0860387
20356	-0.0949397	-0.123864	4.36643	2.09592	0.480007	0.736819	2.70015	3.93109	2.01969	0.513774	11.5276	0.345911	0.496005	0.326455	0.0858654
20357	-0.170615	-0.108482	3.91936	1.97016	0.502675	0.809548	2.81107	4.10257	1.90499	0.464341	8.87228	0.48036	0.48307	0.354911	0.0864139
20358	-0.129795	-0.0777592	3.88638	1.9903	0.512122	0.767101	2.80483	4.20871	2.01715	0.479279	10.3295	0.402211	0.495046	0.34151	0.086156
20359	-0.0632375	-0.06316	3.9187	1.96834	0.502295	0.807894	2.82311	4.0478	1.94876	0.481437	10.9776	0.379435	0.491697	0.347235	0.0865558
20360	-0.00159852	-0.0382267	4.33941	1.96348	0.452477	0.849565	2.87225	4.17092	2.0184	0.483923	11.6924	0.362239	0.467888	0.347303	0.0864588
20361	0.0443429	0.0264887	3.93225	2.02468	0.514889	0.976627	2.91877	4.30631	2.10608	0.489068	9.62466	0.434577	0.501393	0.336225	0.0864781
20362	0.108279	0.0692164	4.20972	2.07613	0.493174	0.952682	2.95925	4.09972	2.05498	0.501249	11.714	0.356509	0.497158	0.335859	0.0862311
20363	0.152859	0.121278	3.79682	1.90696	0.502251	0.947578	2.95168	4.13457	2.15805	0.521953	12.6843	0.315789	0.512521	0.330179	0.0866731
20364	0.143195	0.156495	3.8938	1.85624	0.476717	0.837226	2.8696	4.04809	2.05987	0.508851	15.2818	0.24084	0.493096	0.319797	0.0866506
20365	0.122921	0.10321	3.95536	1.88503	0.476575	0.914906	2.85847	4.10911	2.10433	0.512114	12.103	0.31362	0.494683	0.32248	0.0868436
20366	0.215994	0.164733	4.21981	2.06427	0.489185	0.861265	2.86634	4.01175	1.94944	0.485932	17.529	0.208188	0.4876	0.312637	0.0869428
20367	0.190094	0.177863	4.01753	1.99278	0.496022	1.01048	2.9298	3.94279	2.0225	0.512962	11.2522	0.336517	0.504412	0.320539	0.0866042
20368	0.182735	0.207516	4.2126	2.01958	0.479414	0.932578	2.9557	3.85403	1.86715	0.484468	13.4323	0.281132	0.481829	0.327067	0.0871439
20369	0.0423273	0.0651707	4.10605	2.0359	0.49583	0.943975	2.9738	3.76599	1.89424	0.502985	10.4065	0.406484	0.499253	0.349985	0.0870382
20370	0.116338	0.0893509	3.72556	1.92759	0.517396	0.947073	2.97835	3.98062	1.99729	0.501753	12.094	0.345061	0.509316	0.347214	0.0877723
20371	0.0769159	0.107656	3.85488	2.01517	0.522758	0.936468	2.95458	3.94909	2.06408	0.522673	10.97	0.369415	0.522715	0.331983	0.0879246
20372	0.117915	0.0633693	3.94215	1.99122	0.505109	0.939877	2.97273	4.2953	2.24765	0.52328	12.5283	0.33781	0.514584	0.333095	0.0878641
20373	0.0581586	0.0934479	4.10617	2.02844	0.493999	1.01414	2.98577	4.02049	1.95542	0.486364	9.15363	0.456951	0.490222	0.344359	0.087804
20374	0.0366613	0.0973504	4.21839	2.08737	0.494826	0.935568	2.95319	3.87805	1.89583	0.488863	10.0934	0.404017	0.491969	0.338688	0.087954
20375	0.0732183	0.0487988	4.02461	2.15724	0.536012	0.960349	2.93921	3.75689	1.93483	0.515008	10.6156	0.3935	0.525871	0.338038	0.0880324
20376	-0.0149316	0.0254347	4.4384	2.07428	0.467349	0.921897	2.92329	4.27619	1.99479	0.466487	9.56827	0.438824	0.466926	0.340455	0.0879392
20377	0.0721775	0.0813898	4.20631	2.09839	0.498868	0.872653	2.92559	4.18575	1.9762	0.472124	12.6248	0.320381	0.485529	0.331812	0.0881692
20378	0.209627	0.150751	4.12414	2.02742	0.491598	0.925465	2.92719	4.12381	2.00614	0.486476	15.0434	0.256212	0.489037	0.323418	0.0886551
20379	0.312203	0.324008	4.01025	1.99301	0.496977	0.911071	2.90976	3.97283	2.0505	0.51613	18.6427	0.179322	0.506509	0.292582	0.08863
20380	0.288053	0.27087	4.19157	1.96562	0.468947	0.869246	2.9388	4.40058	2.21166	0.502584	21.072	0.168893	0.486174	0.298835	0.0890542
20381	0.259581	0.244728	4.17491	1.92779	0.461757	0.929807	2.90228	4.22813	2.09716	0.496001	15.7225	0.224601	0.478988	0.305022	0.0895327
20382	0.29848	0.229718	3.96121	1.95457	0.493428	0.950437	2.92798	4.04282	2.20245	0.544779	17.129	0.212524	0.519366	0.304624	0.0894127
20383	0.204717	0.244684	3.94972	2.08652	0.528271	0.980114	2.9615	4.00651	2.21322	0.552407	12.2764	0.300621	0.540425	0.300393	0.0895714
20384	0.296571	0.247934	4.03042	2.08958	0.518453	0.966762	2.9341	4.14843	2.12004	0.511046	16.0645	0.224578	0.514696	0.300075	0.0897147
20385	0.136964	0.208759	4.12246	2.03773	0.494301	0.937065	2.94415	3.93085	1.99163	0.506668	11.6883	0.32008	0.500337	0.31716	0.0900724
20386	0.0975338	0.184846	4.23033	2.06641	0.488473	0.960031	2.87766	4.12252	2.08426	0.50558	9.74758	0.371951	0.496916	0.304091	0.090306
20387	0.168787	0.16062	4.07757	2.0156	0.494315	0.875979	2.8949	3.78031	2.0041	0.530141	14.949	0.25006	0.51155	0.317504	0.0904532
20388	0.207501	0.233366	3.97928	1.92887	0.484727	0.884743	2.94981	4.11855	2.02967	0.492812	16.0884	0.229328	0.488839	0.31799	0.0910496
20389	0.230511	0.199186	4.14556	1.93069	0.465725	0.995624	2.9278	4.08213	2.00956	0.492283	12.7184	0.292699	0.478902	0.320942	0.0910571
20390	0.279675	0.176495	3.72117	1.96359	0.527682	1.02356	2.99404	4.11446	2.1227	0.515912	14.3462	0.276679	0.521501	0.327019	0.0912958
20391	0.013821	0.109986	4.17316	2.03029	0.486512	0.98372	2.96726	3.97084	1.92151	0.483905	8.67864	0.470352	0.485241	0.340689	0.0914257
20392	0.159799	0.122823	3.89398	1.98502	0.509766	0.910169	2.92173	3.81781	1.94995	0.51075	13.9132	0.281527	0.510253	0.332424	0.091787
20393	0.266521	0.192148	3.67134	1.88414	0.513201	1.06564	2.99968	3.82392	2.01319	0.526472	12.3432	0.319294	0.519971	0.335933	0.0921288
20394	0.145591	0.194493	3.90545	1.95755	0.501235	1.14769	3.11994	4.10553	2.03976	0.496832	8.52247	0.502098	0.498979	0.348754	0.0922651
20395	0.164352	0.188593	3.74551	1.86786	0.498694	1.19665	3.14559	4.33512	2.1622	0.498764	8.2052	0.532821	0.498731	0.351779	0.0926867
20396	0.172215	0.186202	3.58089	1.76796	0.493722	1.19913	3.21475	3.8997	2.01165	0.515848	8.69759	0.527277	0.505256	0.377716	0.0928569
20397	0.140889	0.179294	3.63272	1.86619	0.513718	1.17726	3.20473	4.05788	1.92003	0.47316	8.52216	0.537028	0.492318	0.376824	0.0930385
20398	0.123607	0.175442	3.84243	2.03094	0.528557	1.1687	3.19538	4.05998	1.91909	0.472684	8.34995	0.546114	0.499851	0.366087	0.0931822
20399	0.123853	0.190148	4.34986	1.98351	0.455995	1.26664	3.23129	3.93369	2.06403	0.524706	7.08182	0.652978	0.488624	0.363678	0.0932237
20400	0.208736	0.14844	4.11736	1.88673	0.458238	1.23632	3.23117	4.01229	2.19147	0.546189	8.9999	0.527964	0.501645	0.368231	0.0931405
20401	0.286036	0.215494	3.93507	1.94459	0.494167	1.21226	3.19433	3.96612	2.09253	0.5276	10.3434	0.428943	0.510949	0.354743	0.0928148
20402	0.187507	0.217198	4.16364	2.02912	0.487342	1.2	3.21166	4.00187	2.08015	0.519796	8.74689	0.512569	0.503247	0.353083	0.0925217
20403	0.294601	0.214905	3.98319	1.89677	0.476194	1.208	3.21608	4.1959	2.12403	0.506216	10.7959	0.417151	0.491595	0.359102	0.0929299
20404	0.253278	0.222272	4.19529	2.15164	0.512871	1.17065	3.22551	3.63776	1.88953	0.519421	10.7174	0.420785	0.515913	0.358256	0.0934279
20405	0.371767	0.311981	4.10346	2.04042	0.497243	1.11497	3.1964	4.00647	1.82689	0.455985	15.0626	0.276175	0.476861	0.349848	0.0937701
20406	0.360219	0.29261	3.78117	2.03257	0.53755	1.21238	3.23698	4.08285	1.95698	0.479317	11.9383	0.36309	0.507317	0.352132	0.0941971
20407	0.24275	0.262437	3.89183	1.91754	0.492709	1.28524	3.27166	3.82923	1.94231	0.507233	8.33229	0.543393	0.499912	0.369803	0.0942656
20408	0.314454	0.268403	3.90473	1.95528	0.500746	1.27992	3.26701	3.80775	2.03589	0.534671	9.64646	0.46606	0.517495	0.360411	0.0942516
20409	0.307427	0.244444	3.75124	1.97375	0.526158	1.25413	3.2388	3.96372	2.02081	0.509826	10.0042	0.448119	0.517767	0.359561	0.094425
20410	0.311235	0.241484	3.98015	1.80103	0.452502	1.18611	3.20951	3.91505	1.87984	0.480157	11.5092	0.3827	0.466215	0.374456	0.0949177
20411	0.228322	0.225021	3.78849	1.9468	0.513871	1.31409	3.2928	3.92725	2.00553	0.51067	7.98323	0.589441	0.512242	0.373276	0.0951918
20412	0.166827	0.138618	3.88409	2.02233	0.520672	1.34163	3.30599	4.12025	2.17824	0.528667	7.26894	0.690078	0.524787	0.373974	0.0952449
20413	0.121277	0.160214	4.04533	2.01728	0.498669	1.19291	3.2013	4.15339	2.06915	0.498183	8.05318	0.574195	0.498423	0.361459	0.09543
20414	0.161823	0.139891	4.29067	2.08235	0.48532	1.23556	3.24499	4.15504	1.95397	0.470265	8.36292	0.576453	0.477913	0.374015	0.0952449
20415	0.148424	0.138022	4.26313	2.15865	0.506354	1.24905	3.28463	4.26622	2.11375	0.495462	8.17344	0.605689	0.500906	0.36695	0.0955693
20416	0.16282	0.143122	3.93733	2.09367	0.531749	1.26199	3.27173	3.92511	1.90123	0.484376	8.10168	0.604083	0.508099	0.379979	0.0959368
20417	0.113296	0.0666808	3.99368	2.11123	0.528643	1.27195	3.28809	3.99285	1.87223	0.468895	7.73004	0.671244	0.498772	0.394531	0.0961437
20418	-0.0358248	0.0262457	3.63019	1.96864	0.542298	1.16515	3.14862	3.92834	1.92573	0.490214	6.75926	0.721174	0.515229	0.385057	0.096226
20419	-0.0825458	-0.0227552	3.98293	2.04719	0.513992	1.12484	3.106	4.00195	1.87024	0.467331	6.71506	0.728893	0.490606	0.384626	0.096478
20420	-0.128931	-0.0916967	3.86468	2.04637	0.529505	1.09253	3.10155	3.82224	1.9103	0.499785	6.83452	0.745982	0.514727	0.391952	0.0971439
20421	-0.152441	-0.0760033	3.95417	2.12476	0.537346	1.19067	3.20408	4.08902	1.91041	0.467204	5.96408	0.901977	0.501687	0.400087	0.0974896
20422	-0.0637183	-0.0610249	3.84872	1.98611	0.516043	1.19846	3.21709	3.85775	1.91478	0.496346	6.74533	0.796552	0.506183	0.407946	0.0978399
20423	-0.0095398	0.00530142	4.06562	2.17784	0.535673	1.26167	3.28338	4.00839	1.93403	0.482495	6.64978	0.807982	0.509272	0.395284	0.0979156
20424	0.00187831	0.016006	4.00008	2.20961	0.552391	1.26743	3.30102	3.94093	1.94987	0.494774	6.7378	0.800806	0.523797	0.393544	0.0976255
20425	-0.0872774	-0.0251014	4.21761	2.08927	0.495369	1.27571	3.24697	4.01266	1.91859	0.478133	5.76317	0.92887	0.486965	0.400543	0.0977196
20426	0.0324565	0.00521253	4.27321	2.06546	0.483351	1.1716	3.18805	3.77502	1.9269	0.510436	7.8068	0.648824	0.496055	0.388261	0.0979931
20427	0.0683313	0.0388747	4.22148	2.08616	0.494178	1.13704	3.16549	4.04121	2.07348	0.513084	8.55909	0.571072	0.503425	0.370209	0.0980764
20428	0.197468	0.132901	3.90682	2.02874	0.519282	1.14287	3.13645	4.3112	2.12808	0.493617	10.0933	0.446897	0.505818	0.351841	0.0981865
20429	0.110787	0.0967186	4.39438	2.1034	0.478657	0.999957	3.09789	4.16459	2.11181	0.507087	11.3923	0.395312	0.49249	0.348308	0.0984503
20430	0.121766	0.166913	3.94313	2.00955	0.509633	1.08367	3.09327	3.77385	2.12427	0.562891	9.25533	0.462629	0.535678	0.341306	0.0986648
20431	0.240194	0.220933	3.96712	2.06702	0.521038	1.11072	3.11908	4.2841	2.11627	0.493981	11.0834	0.378912	0.50699	0.334312	0.0988221
20432	0.237837	0.253328	3.79032	2.03087	0.535804	1.11837	3.09193	3.86007	1.92556	0.498842	10.3924	0.38767	0.517154	0.337487	0.0994682
20433	0.268575	0.221285	4.06591	1.96949	0.48439	1.07579	3.16171	4.07349	1.97784	0.485538	13.2691	0.325799	0.484964	0.35395	0.099401
20434	0.158247	0.185353	3.95122	2.0308	0.513969	1.24101	3.16851	4.07335	2.09682	0.514766	7.59078	0.586186	0.514373	0.350343	0.100375
20435	0.188962	0.217053	3.94931	1.87469	0.474687	1.06575	3.07611	4.41994	2.12654	0.481124	10.6329	0.384382	0.478087	0.338181	0.10069
20436	0.177455	0.224185	4.03963	1.90104	0.470598	1.12694	3.12053	3.98407	1.96348	0.492833	9.30525	0.450759	0.481639	0.351893	0.100783
20437	0.15088	0.161854	4.29977	1.93397	0.449785	1.15151	3.11953	3.87343	2.01166	0.519349	8.73679	0.500631	0.482753	0.356727	0.10113
20438	0.204085	0.178595	4.0992	1.9537	0.476605	1.18783	3.15497	3.89497	1.95323	0.501474	9.15399	0.483878	0.488722	0.361899	0.101339
20439	0.195568	0.146743	3.78636	1.84377	0.48695	1.15065	3.13781	4.09925	2.02037	0.492865	9.80787	0.456087	0.490024	0.36673	0.101646
20440	0.193936	0.181411	3.63479	1.81076	0.498174	1.0614	3.10702	4.21522	2.03732	0.483323	11.3745	0.376246	0.490199	0.35747	0.101934
20441	0.150989	0.185511	3.93328	1.7461	0.44393	1.14207	3.1024	3.76692	1.87825	0.498616	8.66209	0.49112	0.470682	0.36995	0.102237
20442	0.238662	0.159262	3.73263	1.80582	0.483792	1.01926	3.06164	3.74044	1.78309	0.476705	13.8245	0.304671	0.480245	0.369916	0.10291
20443	0.20324	0.213239	3.97768	1.97846	0.497391	1.09479	3.09096	4.00129	2.02751	0.506714	10.4186	0.397429	0.502066	0.340834	0.103288
20444	0.253717	0.240288	3.92847	1.96836	0.501052	1.14477	3.11521	4.25439	2.18421	0.513402	10.4098	0.39699	0.507473	0.332373	0.103544
20445	0.231408	0.20872	3.95322	1.94253	0.49138	1.08086	3.12811	3.98966	2.00009	0.501318	11.8116	0.36078	0.496372	0.350944	0.103923
20446	0.107376	0.104554	4.11289	2.07317	0.504066	1.07977	3.14255	4.20697	2.04158	0.485285	9.76088	0.472775	0.49457	0.359398	0.104316
20447	0.0744017	0.0822514	3.86977	1.90387	0.491986	1.14492	3.21446	4.22797	2.02757	0.479562	8.5607	0.57301	0.485499	0.384303	0.104595
20448	0.169201	0.162598	4.00792	1.91959	0.478951	1.1921	3.18569	4.01885	2.03683	0.50682	8.73449	0.523162	0.492905	0.366195	0.105235
20449	0.167096	0.169268	3.80697	1.83027	0.480768	1.21247	3.2038	3.905	2.06836	0.529669	8.42627	0.546408	0.50553	0.371379	0.105346
20450	0.232943	0.159225	3.9291	1.88088	0.478704	1.22866	3.23269	4.04451	2.00834	0.496559	9.52769	0.495724	0.487761	0.377919	0.10582
20451	0.0804097	0.0754327	3.74719	1.88393	0.502757	1.33368	3.27521	3.79851	1.86306	0.49047	6.51859	0.785337	0.496572	0.405987	0.10665
20452	0.0965044	0.0886553	4.01931	2.02098	0.502818	1.41648	3.26966	4.04682	1.86876	0.461784	5.80758	0.871169	0.482231	0.394188	0.106704
20453	0.0259635	0.0974738	3.76873	2.11332	0.560751	1.267	3.30309	4.13197	2.09041	0.505911	6.67198	0.770084	0.53207	0.379433	0.107061
20454	0.0966254	0.119071	4.10314	2.09839	0.511411	1.27587	3.36816	3.79006	2.06954	0.546045	7.59123	0.695314	0.528041	0.387825	0.107253
20455	0.0875526	0.0493284	4.03033	2.08599	0.517573	1.36663	3.37094	4.08303	2.00316	0.490607	6.74374	0.818023	0.504002	0.402939	0.107555
20456	0.106401	0.128628	3.79707	1.92152	0.506053	1.48528	3.47371	3.86708	2.0082	0.519305	5.88523	0.95065	0.51274	0.415961	0.107377
20457	0.134108	0.172182	3.8046	1.94735	0.511841	1.55001	3.5658	3.94682	2.00329	0.507572	5.7446	1.00239	0.509667	0.421681	0.107961
20458	0.19467	0.219288	4.04312	1.77478	0.438964	1.4637	3.55711	4.1203	1.92819	0.467973	6.91805	0.805216	0.453606	0.429402	0.108422
20459	0.284465	0.242707	3.94015	1.96607	0.498985	1.47883	3.48779	4.08077	1.85272	0.454013	7.38203	0.713255	0.476105	0.408191	0.108413
20460	0.233584	0.280867	3.85476	2.02027	0.524098	1.48721	3.55044	3.84334	1.81497	0.472238	6.80211	0.785793	0.498206	0.410788	0.108152
20461	0.203179	0.24804	4.38206	2.0706	0.472519	1.53937	3.49969	3.75411	1.82598	0.486394	5.92202	0.892703	0.478921	0.404303	0.10839
20462	0.183507	0.217454	3.73314	1.78972	0.479415	1.46513	3.45137	3.91289	1.9	0.485574	6.36706	0.821274	0.482567	0.414848	0.108515
20463	0.275449	0.285902	3.88457	1.91279	0.492408	1.51995	3.44389	4.0116	1.94198	0.484092	6.43914	0.774394	0.488183	0.392876	0.108952
20464	0.282941	0.309246	4.03029	1.96854	0.488435	1.47656	3.42883	3.7619	1.96284	0.52177	6.83062	0.712367	0.504528	0.382397	0.10967
20465	0.290396	0.289624	4.11617	2.12879	0.517177	1.42265	3.45345	3.78673	1.84678	0.487698	7.80799	0.640998	0.503052	0.386417	0.109872
20466	0.226596	0.233801	3.9461	2.06115	0.522324	1.44272	3.47933	3.83016	1.75619	0.458517	7.12224	0.739477	0.490896	0.40835	0.110107
20467	0.247739	0.233068	4.02948	2.05596	0.510231	1.54138	3.53681	4.10118	1.89901	0.46304	6.52207	0.83675	0.486428	0.408382	0.110337
20468	0.26334	0.217477	4.2257	2.18751	0.517668	1.47515	3.52849	4.10565	2.12676	0.518006	7.46534	0.734247	0.517835	0.388597	0.11098
20469	0.480146	0.398689	4.27525	2.06035	0.481924	1.52237	3.48353	3.84538	2.0289	0.527619	8.76085	0.543111	0.503562	0.367919	0.111211
20470	0.449855	0.405053	4.11434	2.13827	0.519711	1.4863	3.45833	3.79488	1.92217	0.506516	8.67841	0.53711	0.51338	0.364786	0.111274
20471	0.404675	0.400697	3.9645	1.98119	0.499733	1.48761	3.4007	3.98379	1.96542	0.493354	7.67427	0.586377	0.496536	0.363219	0.111595
20472	0.311242	0.355705	3.80815	1.8654	0.489844	1.37745	3.42805	3.80668	1.88914	0.49627	8.30341	0.5684	0.493056	0.386067	0.111744
20473	0.236013	0.279278	3.8764	1.87914	0.484764	1.33086	3.40737	4.01581	2.02174	0.503444	8.16305	0.599344	0.494269	0.385528	0.112161
20474	0.29314	0.323651	3.95172	1.97434	0.499614	1.39639	3.39078	4.06798	2.12376	0.522067	7.7289	0.608576	0.511003	0.364744	0.11222
20475	0.246525	0.261851	4.02016	2.07458	0.516043	1.3162	3.2869	4.25011	2.15108	0.506125	7.9976	0.572104	0.510946	0.351349	0.112584
20476	0.412477	0.329453	4.2111	2.08394	0.494868	1.27882	3.22129	4.21304	2.18999	0.519813	11.1422	0.375273	0.507344	0.328596	0.113153
20477	0.22211	0.276112	3.86146	1.92926	0.499621	1.25242	3.24667	4.09394	2.10691	0.51464	8.31259	0.530772	0.50735	0.353522	0.113489
20478	0.222899	0.277593	3.65319	1.80414	0.493854	1.27242	3.28693	3.58852	1.94644	0.542408	8.22169	0.550746	0.517914	0.376539	0.113603
20479	0.201096	0.249453	3.86854	1.85743	0.480136	1.35157	3.39916	4.03352	1.94377	0.481903	7.49528	0.661793	0.481038	0.394965	0.113565
20480	0.344643	0.306716	3.7466	1.89733	0.506413	1.29644	3.38947	4.21586	2.1445	0.508674	10.4903	0.45296	0.50761	0.37032	0.114003
20481	0.319151	0.326246	3.93414	1.87369	0.476265	1.40706	3.38235	3.72227	1.87581	0.503944	7.89129	0.591776	0.489721	0.383874	0.114208
20482	0.357339	0.407885	4.14344	2.16727	0.523061	1.44119	3.42761	3.7934	1.94495	0.51272	7.76238	0.587366	0.518119	0.356766	0.114419
20483	0.402544	0.453454	4.09458	2.06696	0.504803	1.41205	3.43607	4.14657	2.12064	0.511421	8.7292	0.509554	0.508133	0.346985	0.114597
20484	0.510145	0.412579	3.87666	1.86955	0.482258	1.38263	3.42671	3.9329	1.98482	0.504671	11.9346	0.380618	0.493545	0.370896	0.114649
20485	0.387046	0.424557	4.3879	2.02429	0.461335	1.4335	3.45839	4.02573	1.91819	0.476483	8.40505	0.547536	0.468583	0.368664	0.115036
20486	0.479271	0.520667	3.93826	2.01421	0.511445	1.50171	3.47247	4.09893	1.94268	0.473949	8.33486	0.522692	0.492322	0.355163	0.115061
20487	0.472625	0.499262	4.29014	2.05284	0.478502	1.54072	3.51105	4.18486	1.93685	0.462822	7.9511	0.570415	0.47076	0.36252	0.114931
20488	0.471886	0.464743	3.82699	1.98426	0.518492	1.48656	3.53222	4.12364	1.91087	0.463393	9.13914	0.514786	0.489915	0.376645	0.114672
20489	0.572336	0.554336	3.82439	2.05448	0.537205	1.54549	3.50311	3.96214	1.97919	0.499526	9.1817	0.473512	0.518033	0.350307	0.114833
20490	0.550907	0.52822	3.66736	1.94712	0.530933	1.59354	3.4933	4.16779	1.98481	0.476225	8.08742	0.543542	0.501832	0.358676	0.114479
20491	0.581377	0.566649	3.74007	1.97743	0.528714	1.47212	3.47522	3.86309	2.09896	0.543338	10.6625	0.396708	0.536144	0.34171	0.114818
20492	0.598512	0.576096	4.17759	2.04518	0.489559	1.41832	3.45941	4.01817	2.0237	0.503636	12.3696	0.336046	0.496461	0.338211	0.115049
20493	0.631769	0.673363	3.71256	1.97063	0.530799	1.38135	3.40526	4.20164	2.13285	0.507623	13.2829	0.280934	0.518495	0.312676	0.114979
20494	0.671775	0.699806	4.12365	2.05732	0.498908	1.31322	3.37062	3.83879	1.92197	0.500671	17.3366	0.205728	0.499758	0.30957	0.115082
20495	0.532807	0.600489	3.89769	1.98172	0.508434	1.32506	3.37357	4.01109	2.17156	0.541388	12.2517	0.313832	0.525147	0.316528	0.115154
20496	0.657396	0.622409	4.13714	1.9552	0.472597	1.56489	3.46913	4.31058	2.23142	0.517661	9.84008	0.411776	0.495592	0.326215	0.114714
20497	0.670356	0.619642	3.81263	1.88629	0.494747	1.51397	3.50924	4.38547	2.2988	0.524185	11.7324	0.355843	0.510494	0.332902	0.114326
20498	0.594693	0.575931	3.91653	1.92797	0.492265	1.5185	3.5092	4.09388	2.1796	0.532405	10.0818	0.426712	0.512779	0.343804	0.114184
20499	0.616099	0.595383	3.98801	2.06565	0.517966	1.6213	3.61695	4.25782	2.13811	0.502162	9.03564	0.505215	0.509805	0.352009	0.114457
20500	0.618987	0.544904	3.846	2.07636	0.539875	1.62826	3.59989	4.01519	2.13827	0.532544	9.16229	0.509313	0.536131	0.356451	0.114464
