cycle	Zbar1	Gbar1	VP1	VG1	h21	Zbar2	Gbar2	VP2	VG2	h22	h2b	h2b_denom	h2w	Qst	Fst
20000	-0.00346745	-0.0307091	4.04364	1.92701	0.476553	-1.91006	0.116275	4.02918	1.88499	0.467835	0.00594326	1.81755	0.472202	0.00141557	0.000350377
20001	-0.0933861	-0.0842296	3.76207	1.9128	0.508443	-1.83389	0.183167	4.07374	1.99194	0.48897	0.0236028	1.51468	0.498319	0.00455925	0.000590704
20002	-0.0107555	-0.049633	3.71331	1.59897	0.430605	-1.81237	0.290357	3.79827	1.86799	0.491799	0.035613	1.62291	0.461548	0.00827055	0.000851817
20003	-0.0217659	-0.0149996	3.63176	1.72154	0.474025	-1.76982	0.290133	3.97187	2.01177	0.506505	0.0304696	1.52785	0.490992	0.00619923	0.00110638
20004	0.0301513	-0.00590321	4.09029	1.97271	0.482291	-1.74923	0.290486	4.09999	1.9609	0.47827	0.0277449	1.58311	0.480278	0.00555482	0.0013199
20005	-0.0516493	-0.0134513	3.75857	1.91461	0.5094	-1.55915	0.32463	4.13673	1.9392	0.468776	0.0502951	1.13628	0.488115	0.00736373	0.00157455
20006	-0.00401871	0.0398968	3.61507	1.86694	0.516433	-1.52246	0.467627	3.98327	1.97918	0.496873	0.07935	1.15282	0.506179	0.0117581	0.00177507
20007	0.00901884	0.0921974	3.95939	1.84079	0.464918	-1.45386	0.552998	3.97046	2.07057	0.521495	0.0992218	1.07001	0.493246	0.0133967	0.00198042
20008	0.0642595	0.0706741	3.74898	1.78117	0.475107	-1.54702	0.513331	3.91407	1.99712	0.510243	0.0754731	1.29811	0.493053	0.0128056	0.00224816
20009	-0.0059559	0.0337034	3.63321	1.84555	0.507966	-1.45963	0.544612	4.23035	2.10313	0.497153	0.123525	1.05658	0.502149	0.0162656	0.00251495
20010	0.0932542	0.110494	3.85866	1.84217	0.477411	-1.5008	0.504002	3.90114	1.89888	0.486751	0.0609396	1.27051	0.482107	0.010247	0.00274469
20011	0.0535361	0.0597737	3.91512	1.85328	0.473365	-1.45172	0.590464	3.9819	1.88081	0.472338	0.124297	1.1329	0.472847	0.0185156	0.00298458
20012	0.118905	0.11059	3.97428	1.91154	0.480977	-1.29027	0.688383	3.86002	2.04586	0.530014	0.168118	0.992891	0.505138	0.0206644	0.00324492
20013	0.0313806	0.0919516	3.94033	1.83501	0.465699	-1.28797	0.724199	3.78256	1.90785	0.504382	0.229644	0.870342	0.484646	0.0260183	0.00356766
20014	0.163959	0.0906242	3.99931	1.96628	0.491654	-1.20274	0.808169	4.29795	2.13826	0.497507	0.275646	0.933933	0.494686	0.0304211	0.00379288
20015	0.0700779	0.0315041	3.82805	1.87268	0.4892	-1.21916	0.74507	4.0488	1.97659	0.488191	0.306341	0.831061	0.488681	0.0320267	0.00405681
20016	0.0771068	0.0514461	3.69585	1.73373	0.469101	-1.26464	0.76539	3.86801	1.95026	0.504201	0.28313	0.900143	0.48705	0.0334497	0.00432039
20017	-0.00696829	0.038325	3.89514	1.87134	0.48043	-1.09921	0.858755	4.08025	1.85912	0.455639	0.564221	0.596492	0.467747	0.0431825	0.00456474
20018	0.105419	0.0819437	3.98046	1.90245	0.477948	-1.12243	0.898104	3.97986	1.96827	0.494557	0.441839	0.753803	0.486252	0.0412681	0.00474027
20019	0.152915	0.0678698	4.11662	1.99196	0.483881	-1.00443	0.982474	3.88502	1.90207	0.489591	0.624513	0.669722	0.486654	0.0509911	0.00503201
20020	0.121613	0.0790384	4.08243	1.93293	0.473475	-0.948672	0.887273	3.73466	1.86973	0.500642	0.570265	0.572755	0.486454	0.0411979	0.00525785
20021	0.0646873	0.113143	4.08914	1.93575	0.473387	-1.02527	0.969919	3.97534	1.93563	0.486911	0.61789	0.594009	0.480054	0.0452794	0.00553154
20022	0.0880007	0.0669008	4.14425	1.91874	0.462988	-1.06615	0.959505	4.09611	2.04291	0.498744	0.598123	0.666036	0.480762	0.0478944	0.00574616
20023	0.0442545	0.0553318	3.82769	1.82142	0.475855	-1.08667	0.970763	3.99758	1.88046	0.4704	0.655221	0.63949	0.473068	0.0535878	0.00600187
20024	0.0987803	0.104893	3.76328	1.90612	0.506507	-1.00999	0.913561	3.96366	1.98416	0.500588	0.531931	0.614689	0.503471	0.0403487	0.00625313
20025	0.139106	0.142428	3.78116	1.80545	0.477487	-1.05121	0.988446	4.23233	2.00613	0.474	0.505169	0.708422	0.475645	0.0448619	0.00646665
20026	0.177398	0.112639	3.69928	1.86017	0.502845	-1.10416	0.971149	3.75457	1.99033	0.530111	0.448761	0.821192	0.516579	0.0456898	0.00678923
20027	0.0693738	0.120335	4.17164	1.99144	0.477375	-0.999608	0.946402	3.63678	1.75367	0.482204	0.597159	0.571361	0.479624	0.0435881	0.0069924
20028	0.110886	0.127887	4.25227	2.1727	0.510951	-1.09112	0.994416	3.80814	1.99558	0.524029	0.519698	0.722414	0.51713	0.0431149	0.00722013
20029	0.183239	0.199171	3.76413	2.10179	0.558374	-1.02038	1.00464	3.77113	1.9378	0.513852	0.447834	0.724352	0.536092	0.0386198	0.00751809
20030	0.215083	0.242196	4.26492	2.04514	0.479526	-1.0212	1.04889	3.86196	1.85273	0.479738	0.42578	0.764198	0.479626	0.0400852	0.00771706
20031	0.278037	0.226267	4.0327	2.07239	0.513897	-0.877794	1.17457	4.14582	2.00557	0.483757	0.673142	0.667973	0.498619	0.0522747	0.00791116
20032	0.188117	0.194457	3.86408	1.96102	0.507501	-0.865275	1.21319	3.9993	1.93064	0.482745	0.935284	0.554817	0.49491	0.0625319	0.00812535
20033	0.11777	0.161454	3.81997	1.88153	0.49255	-0.661287	1.32936	3.79741	1.85849	0.489411	2.24737	0.303465	0.490985	0.0835957	0.00824818
20034	0.168105	0.184263	3.51359	1.79834	0.511823	-0.705805	1.32854	4.2948	1.98409	0.461975	1.71447	0.38186	0.484406	0.0796866	0.00846105
20035	0.145449	0.179148	3.64391	1.79822	0.493487	-0.587811	1.38015	3.72578	1.89386	0.508311	2.68268	0.268835	0.500981	0.0890184	0.00884049
20036	0.174774	0.122846	3.75791	1.78945	0.476181	-0.593894	1.44787	3.88261	1.8741	0.482691	2.97147	0.295425	0.479489	0.107038	0.00905782
20037	0.169665	0.0905361	4.08906	1.89778	0.46411	-0.494411	1.48857	4.00403	1.91509	0.478291	4.43197	0.220499	0.471126	0.113644	0.00929884
20038	0.066663	0.115597	4.26421	1.89306	0.443942	-0.550923	1.52339	3.95249	1.89739	0.480049	5.19619	0.190706	0.461311	0.115656	0.00957573
20039	0.109732	0.0969927	3.83793	1.95678	0.509852	-0.429285	1.52916	3.91168	1.9388	0.495643	7.05963	0.145269	0.50268	0.11637	0.00989007
20040	0.15431	0.0724483	3.97025	1.95215	0.491696	-0.392453	1.56987	3.90731	1.98072	0.506928	7.50053	0.149475	0.499251	0.124808	0.00991095
20041	0.00455373	0.0374186	3.84318	1.88828	0.491333	-0.313224	1.60538	3.90358	1.87444	0.480184	24.3459	0.0504912	0.485715	0.140471	0.0101298
20042	-0.00215917	0.0348083	3.91309	1.74096	0.444906	-0.419441	1.64045	3.91642	1.95607	0.499452	14.8059	0.087062	0.472191	0.148517	0.0105106
20043	-0.0562102	0.00766803	3.95651	1.81679	0.459191	-0.393528	1.60304	3.71498	1.94522	0.523615	22.3689	0.0568916	0.490388	0.144731	0.0106704
20044	-0.0506787	-0.00726905	3.85988	1.89998	0.492238	-0.338158	1.61431	3.86376	2.08411	0.539399	31.8173	0.0413221	0.51583	0.141693	0.0109141
20045	0.0450873	0.00737983	4.19283	2.05247	0.489518	-0.351175	1.63781	3.83943	2.05199	0.534453	16.9292	0.0785117	0.510997	0.139412	0.0113394
20046	-0.025267	0.00750027	3.91639	1.95681	0.499647	-0.374254	1.59529	3.93014	1.97174	0.501698	20.7	0.0608958	0.500675	0.138312	0.0115643
20047	0.0673108	0.0435969	3.91498	1.9401	0.495557	-0.380967	1.62143	3.98627	1.85961	0.466503	12.3887	0.100477	0.480899	0.140805	0.0121229
20048	0.114826	0.113531	4.04391	2.06787	0.511354	-0.188498	1.74246	3.71839	1.75509	0.472003	28.8397	0.0460027	0.492504	0.147924	0.0123408
20049	0.0817117	0.0970969	4.03508	2.01057	0.498272	-0.282797	1.76976	3.83643	1.77387	0.462376	21.0573	0.0664332	0.480777	0.156058	0.0126807
20050	0.0905865	0.121298	3.60122	1.82039	0.505492	-0.195177	1.78408	3.6706	1.76631	0.481203	33.8577	0.0408304	0.493232	0.161645	0.0128418
20051	0.164538	0.118162	4.1844	1.9096	0.456361	-0.149533	1.82733	4.0879	1.81198	0.443254	29.6153	0.0493203	0.449884	0.164115	0.0131045
20052	0.270586	0.19907	3.80248	1.88799	0.496515	-0.115125	1.84727	3.93611	2.04962	0.520723	18.2598	0.0743865	0.508828	0.147166	0.0133368
20053	0.047972	0.016742	3.80315	1.74636	0.459189	-0.336271	1.68734	3.73863	1.82907	0.489236	18.9032	0.0738213	0.474084	0.16335	0.0135974
20054	0.0778108	0.0472134	4.07504	1.7833	0.437616	-0.202984	1.73289	3.57735	1.79411	0.501519	36.0388	0.0394229	0.46749	0.165743	0.0138059
20055	0.0881181	0.0961705	4.30818	2.09915	0.487248	-0.217966	1.81056	4.16442	2.00578	0.481647	31.3718	0.0468438	0.484495	0.151889	0.0140059
20056	0.0600364	0.0700737	3.728	1.96082	0.52597	-0.147541	1.88337	3.93621	1.87276	0.475776	76.3092	0.0215442	0.500191	0.176637	0.0142679
20057	0.071353	0.0993928	3.97524	1.7998	0.452752	-0.107801	1.87387	4.04993	1.78805	0.441501	98.1052	0.016048	0.447074	0.180003	0.0144924
20058	0.0594868	0.0435667	3.81597	1.90754	0.499884	-0.0699466	1.9131	4.01769	1.7654	0.439406	208.628	0.00837649	0.468866	0.192257	0.0149166
20059	0.0279863	0.0704165	3.82171	1.90715	0.499031	-0.0971966	1.926	3.87986	1.80958	0.466404	219.722	0.00783538	0.482595	0.188126	0.0151624
20060	0.147658	0.122964	3.70711	2.05388	0.554038	-0.0157166	1.9799	4.01158	1.88162	0.469048	129.189	0.0133456	0.509866	0.17976	0.0155735
20061	0.223442	0.167726	3.56525	1.92265	0.539274	0.0512091	1.99032	3.86106	1.92088	0.497501	111.982	0.014832	0.517555	0.17775	0.015824
20062	0.246215	0.185669	4.2235	1.93015	0.457002	-0.0108646	1.93861	3.93537	1.8634	0.4735	46.4942	0.0330451	0.46496	0.168471	0.0162382
20063	0.193403	0.211129	3.7698	1.92844	0.511549	0.0734884	1.98007	3.83016	1.79112	0.467636	217.611	0.00718979	0.489418	0.173843	0.016545
20064	0.259645	0.227417	4.19402	1.91778	0.457265	0.0400474	1.99657	3.74624	1.8596	0.496391	64.9043	0.0241116	0.475725	0.171672	0.0167539
20065	0.136043	0.141189	4.0822	2.03854	0.499374	0.0145038	2.00485	3.93163	1.93722	0.492728	235.129	0.00738584	0.496114	0.179326	0.0171279
20066	0.0452721	0.0752505	4.16707	1.91312	0.459104	0.095162	2.07678	3.88244	1.89387	0.487805	1609.52	0.0012445	0.472947	0.208364	0.0173164
20067	-0.0647927	0.0145941	4.21638	1.99582	0.47335	0.116815	2.13176	4.04533	2.01243	0.49747	135.907	0.0164907	0.485161	0.218575	0.0176654
20068	0.0518049	0.0298168	3.98217	2.06227	0.517876	0.132057	2.17023	4.14038	2.11633	0.511144	711.349	0.00322021	0.514444	0.215216	0.0178411
20069	0.0527753	-0.000641101	3.90111	1.98418	0.508619	0.179157	2.21398	4.34143	2.20132	0.507048	307.066	0.00798614	0.507791	0.226662	0.0180292
20070	-0.0978001	-0.0478015	4.00855	1.92387	0.479943	0.19797	2.21003	4.06802	2.09013	0.513795	58.274	0.0437401	0.496994	0.24108	0.0181682
20071	-0.0507185	-0.0148397	4.20786	2.16164	0.513714	-0.00188131	2.10752	4.15899	1.95297	0.469578	1888.58	0.00119253	0.491775	0.21496	0.0181713
20072	0.0539857	0.0659775	4.18653	1.96498	0.469357	0.0746725	2.05977	3.90716	1.93333	0.494816	9289.06	0.000213972	0.481647	0.203225	0.0184354
20073	0.101133	0.0681838	3.73936	1.81332	0.484929	0.101212	2.0921	4.17577	1.94399	0.465542	6.52325e+08	3.13972e-09	0.474701	0.214261	0.018568
20074	0.00229786	0.0526064	3.61649	1.85323	0.512439	0.0741701	2.12529	3.52422	1.76036	0.499504	831.653	0.00258281	0.506055	0.229204	0.0189643
20075	0.0269528	0.0729273	3.67767	1.78705	0.485919	0.192911	2.05603	3.89394	1.86227	0.478249	142.789	0.0137711	0.481975	0.212318	0.0192256
20076	0.0444454	0.121967	3.62843	1.79233	0.493968	0.0634585	2.0886	3.82044	1.9188	0.502246	10698.9	0.00018075	0.498213	0.206773	0.0193857
20077	0.103364	0.0604202	3.90499	1.84908	0.473518	0.00815544	2.10364	4.18288	1.80643	0.431862	460.554	0.00453233	0.451974	0.222186	0.0196132
20078	0.0144191	0.0539153	3.96712	1.80442	0.454843	0.118098	2.12819	3.75574	1.78449	0.475136	400.269	0.00537464	0.464712	0.230689	0.0198301
20079	0.0646972	0.0633793	3.71523	1.74707	0.470244	0.239997	2.15444	3.63809	1.71273	0.470776	142.289	0.0153649	0.470507	0.240185	0.0200809
20080	0.0597061	0.0734878	3.81322	1.8739	0.491421	0.0832009	2.03543	3.70849	1.80503	0.486728	6973.2	0.000276002	0.489107	0.207421	0.0201625
20081	0.0592023	0.10065	3.62124	1.76919	0.488559	-0.0311645	2.01495	3.81161	1.80574	0.473748	448.75	0.00408308	0.480964	0.204073	0.0204887
20082	-0.000335025	0.0754324	3.81751	1.74298	0.456576	-0.0824392	1.95017	3.71911	1.83894	0.494456	521.378	0.00337055	0.475269	0.197063	0.0207459
20083	0.109272	0.142527	3.48672	1.80414	0.517432	0.0353237	2.03383	4.35008	2.06675	0.475107	654.139	0.00273416	0.493938	0.187743	0.0210821
20084	0.171292	0.170058	3.75117	1.82743	0.487163	0.0121252	2.06031	4.0258	1.98858	0.493959	141.038	0.012667	0.490681	0.189758	0.0210465
20085	0.0327067	0.0634261	3.98753	1.86512	0.467739	-0.0287439	2.00768	4.09282	1.96994	0.481316	1001.04	0.00188809	0.474616	0.197781	0.0215442
20086	0.0157782	0.0566108	4.00375	1.8309	0.457296	-0.031908	2.00397	3.94261	1.87348	0.475188	1667.65	0.00113699	0.466173	0.203856	0.0217858
20087	0.0248718	0.0564673	3.75026	1.90676	0.508435	-0.0519161	2.00547	4.08991	1.93994	0.474322	644.23	0.0029482	0.49064	0.198075	0.022053
20088	0.0037324	0.056108	3.88139	1.88907	0.486699	0.121614	2.09182	4.0039	1.82678	0.45625	298.224	0.00694798	0.471238	0.21811	0.0224679
20089	0.0636427	0.0540695	3.67032	1.92016	0.523159	0.199537	2.20242	3.84485	1.91177	0.49723	249.925	0.0092336	0.509893	0.231517	0.0226316
20090	0.0342655	0.0666488	3.45438	1.80382	0.522183	0.130965	2.15651	3.67096	1.83024	0.498574	467.078	0.00467538	0.51002	0.231129	0.0229334
20091	0.0775645	0.0960083	3.97357	1.8791	0.4729	0.218908	2.20282	3.96187	1.88262	0.475184	222.177	0.009989	0.47404	0.22788	0.0231497
20092	0.156116	0.136441	3.98743	1.8897	0.473914	0.309848	2.26376	4.19446	1.81176	0.431941	191.486	0.0118167	0.452397	0.23419	0.0232702
20093	0.166851	0.176738	3.84988	1.90222	0.494098	0.360557	2.31134	3.70261	1.74057	0.470092	121.437	0.0187609	0.482329	0.238307	0.0235981
20094	0.12346	0.130534	3.90832	1.94552	0.49779	0.278571	2.28757	3.76439	1.85231	0.49206	193.389	0.0120296	0.494979	0.234557	0.0238946
20095	0.12953	0.137453	3.77252	1.84767	0.48977	0.255113	2.22596	3.70974	1.88952	0.50934	276.568	0.00788566	0.499473	0.225966	0.0240921
20096	0.180541	0.168714	3.73633	1.84308	0.493286	0.216234	2.28004	3.86891	1.85335	0.479038	3499.12	0.000636976	0.486038	0.231737	0.0244481
20097	0.192851	0.194713	3.8482	1.80998	0.470343	0.27566	2.28373	3.93953	1.82868	0.464188	636.399	0.00342866	0.467229	0.230761	0.0245138
20098	0.116512	0.177591	3.59581	1.73531	0.482592	0.392166	2.34129	3.62759	1.87534	0.516966	61.6117	0.0379927	0.499855	0.244892	0.0247968
20099	0.192952	0.232324	3.63317	1.63604	0.450308	0.40322	2.38305	3.94776	1.97202	0.499529	104.622	0.0221064	0.47594	0.242807	0.0252643
20100	0.201068	0.231557	3.97789	1.82547	0.458903	0.422674	2.42411	4.07868	1.98185	0.485906	97.8897	0.0245546	0.472573	0.240017	0.0255999
20101	0.330896	0.28528	3.71256	1.94895	0.524963	0.421837	2.47225	3.92164	1.93806	0.494196	578.312	0.00413516	0.509158	0.23534	0.0259204
20102	0.187388	0.256544	3.78507	1.97184	0.520953	0.502045	2.44692	3.99846	1.96868	0.492361	48.4575	0.0495047	0.506265	0.233445	0.0258827
20103	0.358952	0.339857	3.72642	1.87966	0.504415	0.552287	2.52393	4.08385	1.93637	0.474152	127.619	0.0186891	0.488591	0.238192	0.0262239
20104	0.2792	0.315034	3.73206	1.83219	0.490933	0.537809	2.57573	3.71108	1.92768	0.519439	76.4182	0.0334393	0.505146	0.253727	0.0263353
20105	0.34325	0.30369	3.69582	1.81504	0.491106	0.622385	2.55196	4.04264	1.80346	0.446108	64.8735	0.0389583	0.467599	0.258931	0.0265006
20106	0.227716	0.298808	3.50645	1.76166	0.502407	0.496669	2.5421	3.93576	1.86083	0.472801	69.57	0.0361677	0.48675	0.257871	0.0268284
20107	0.267119	0.277533	3.81121	1.74362	0.457498	0.470248	2.48686	3.71543	1.82639	0.491568	118.296	0.0206308	0.474316	0.254835	0.027259
20108	0.262465	0.234955	3.49108	1.6047	0.459658	0.417527	2.41879	3.86151	1.83467	0.475117	198.349	0.012022	0.467777	0.257515	0.027618
20109	0.216314	0.176899	3.97296	1.7996	0.452961	0.470962	2.43074	3.91072	1.89059	0.483439	78.3367	0.0324227	0.46808	0.256126	0.0279552
20110	0.174448	0.239767	3.8105	1.71459	0.449965	0.382532	2.387	3.86453	1.98015	0.51239	106.484	0.0216495	0.481397	0.237879	0.0280475
20111	0.309267	0.284981	3.64265	1.75734	0.482433	0.377594	2.37133	3.98045	1.99249	0.50057	932.378	0.00233427	0.491903	0.225015	0.0283184
20112	0.361368	0.346482	3.89006	1.77119	0.455311	0.392069	2.37113	3.99547	1.97465	0.494222	4349.25	0.000471256	0.475026	0.214899	0.0282155
20113	0.287535	0.353926	3.92264	1.87606	0.478265	0.428237	2.37217	3.91684	2.05082	0.52359	205.755	0.00989847	0.500911	0.206005	0.0282066
20114	0.367918	0.385633	3.97193	1.9364	0.487521	0.331043	2.36357	3.8489	1.93166	0.501874	2877.12	0.000679888	0.494585	0.201904	0.0281957
20115	0.34234	0.400999	3.94415	1.86663	0.473264	0.382913	2.3606	3.99029	1.72773	0.432984	2332.7	0.000823087	0.453007	0.210871	0.0283064
20116	0.422712	0.412771	3.82417	1.80295	0.471461	0.504586	2.46536	3.95328	1.91289	0.483874	628.503	0.00335171	0.47777	0.22094	0.0283919
20117	0.336253	0.356378	3.74422	1.77364	0.473701	0.468928	2.4854	4.06123	1.81866	0.447809	257.502	0.00880137	0.460229	0.239894	0.0287469
20118	0.294518	0.37076	3.88014	1.75426	0.452111	0.449096	2.46607	3.95947	1.89125	0.477652	183.739	0.0119472	0.465011	0.231495	0.029055
20119	0.346512	0.361663	3.90258	1.70526	0.436956	0.577179	2.48755	4.09575	1.89459	0.462574	84.9397	0.0266035	0.450075	0.238975	0.0291347
20120	0.36074	0.391657	3.69781	1.68273	0.455062	0.299984	2.41368	3.94042	1.91438	0.485832	1107.61	0.00184566	0.470936	0.221364	0.0292817
20121	0.401879	0.372473	3.74294	1.60413	0.428574	0.419199	2.4648	4.09746	2.07328	0.505991	14594.4	0.000149983	0.469033	0.229446	0.0294857
20122	0.388033	0.345834	3.81772	1.75453	0.459576	0.435613	2.49266	3.78619	1.96909	0.520073	2035.84	0.00113194	0.489699	0.236402	0.0295887
20123	0.336892	0.332622	3.65325	1.76725	0.483748	0.568744	2.51957	3.84055	1.8469	0.480895	88.9722	0.0268777	0.482286	0.248685	0.0297009
20124	0.298916	0.299982	3.44666	1.83115	0.531284	0.395892	2.48011	4.06815	1.86683	0.45889	505.402	0.00470214	0.492094	0.243273	0.0300456
20125	0.290708	0.289233	4.04572	1.87309	0.462981	0.66491	2.60412	3.55957	1.83971	0.516834	38.2691	0.0700135	0.488187	0.26525	0.0302773
20126	0.289952	0.273343	3.66323	1.9414	0.529968	0.519889	2.60688	3.8707	1.90401	0.491904	102.994	0.0264356	0.510412	0.261555	0.0304836
20127	0.268396	0.267569	4.0487	1.82491	0.450739	0.474508	2.5902	4.05092	2.00713	0.495475	126.985	0.0212411	0.473113	0.26042	0.0308786
20128	0.168704	0.168322	3.89799	1.83676	0.471207	0.592817	2.56682	4.25473	2.0261	0.476199	31.9826	0.0899362	0.473813	0.271402	0.0312366
20129	0.221505	0.234183	3.5076	1.72584	0.492028	0.640318	2.63668	3.9371	1.98288	0.50364	32.9067	0.0877021	0.498169	0.2802	0.0313611
20130	0.231186	0.279023	3.83941	1.79434	0.467348	0.704094	2.65589	3.6648	1.90971	0.521093	25.2613	0.111821	0.493596	0.276147	0.0317319
20131	0.207058	0.216396	3.76966	1.87237	0.496694	0.715625	2.71399	4.017	2.0211	0.503138	24.1184	0.12932	0.500018	0.286093	0.0319558
20132	0.255019	0.219949	4.02654	2.0433	0.507459	0.620095	2.74403	3.74744	1.93101	0.515289	47.8013	0.0666403	0.511233	0.286204	0.0318622
20133	0.313707	0.271316	3.84906	1.8765	0.487521	0.689433	2.67801	3.73248	1.87819	0.503202	41.0297	0.0705849	0.495241	0.278424	0.0320703
20134	0.261932	0.282508	3.87455	1.77541	0.458222	0.653207	2.72025	4.00494	1.93875	0.48409	38.8161	0.0765479	0.47137	0.285814	0.0326822
20135	0.296115	0.249291	3.86421	1.77668	0.459778	0.689065	2.71065	3.93496	2.0738	0.527018	39.2352	0.0772048	0.493703	0.282405	0.0327516
20136	0.288791	0.230779	3.8263	1.8166	0.474766	0.683927	2.6758	4.08495	2.16431	0.529826	38.2887	0.0780662	0.503196	0.273051	0.0330352
20137	0.265038	0.238413	3.7875	1.81489	0.47918	0.656359	2.65058	4.09538	2.01114	0.491076	37.9969	0.0765658	0.48536	0.275564	0.0331138
20138	0.343304	0.254795	3.694	1.75846	0.476032	0.673729	2.63191	3.67742	1.88359	0.512204	51.7555	0.0545902	0.494078	0.279576	0.0334215
20139	0.144584	0.184658	3.58064	1.74515	0.487385	0.656158	2.6409	3.90612	1.90708	0.488229	23.0529	0.130854	0.487825	0.292377	0.0333727
20140	0.058263	0.196077	3.58176	1.66014	0.463498	0.614587	2.58833	3.89811	1.81259	0.464991	18.4909	0.154748	0.464276	0.291882	0.0334775
20141	0.144301	0.177069	3.57286	1.76403	0.493732	0.609387	2.59754	3.73276	1.91666	0.513471	27.0853	0.108153	0.503817	0.284761	0.0338941
20142	0.233924	0.180398	3.86477	1.73657	0.449333	0.708974	2.5921	3.98337	1.93635	0.486109	25.7733	0.112836	0.467999	0.283714	0.034211
20143	0.195004	0.166873	3.77702	1.80879	0.478895	0.590352	2.64138	3.72743	1.80971	0.485511	39.1759	0.0781499	0.482181	0.297387	0.0342421
20144	0.173438	0.180084	3.90473	1.87077	0.479105	0.671855	2.67291	3.9653	1.9894	0.501702	25.0149	0.12421	0.49049	0.287067	0.0346559
20145	0.203448	0.187831	3.67796	1.68843	0.459066	0.709854	2.68734	3.95361	2.05137	0.518859	24.362	0.128223	0.490042	0.294707	0.0348482
20146	0.0969449	0.0929553	3.64988	1.66214	0.455396	0.707182	2.66744	4.16684	2.06197	0.494852	17.7986	0.186195	0.476429	0.308035	0.0353039
20147	-0.0633813	-0.0131306	3.45634	1.66376	0.481365	0.640082	2.67021	4.02336	2.05157	0.509915	14.5502	0.247431	0.496722	0.326483	0.0353098
20148	0.0715753	0.0766345	3.57764	1.6971	0.474365	0.622958	2.66337	4.20582	2.12382	0.504971	22.0089	0.152011	0.490903	0.304599	0.035523
20149	0.0736586	0.0974764	3.52944	1.84691	0.523285	0.723425	2.67632	4.0543	2.00186	0.493763	15.752	0.211098	0.507503	0.301774	0.0357106
20150	0.125166	0.117431	3.88971	1.94691	0.500528	0.6327	2.61494	4.02898	1.77236	0.439902	24.2148	0.128796	0.469682	0.295518	0.0361663
20151	0.164113	0.183298	3.81831	1.84315	0.482715	0.629437	2.57931	3.75274	1.87688	0.500135	26.5134	0.108263	0.491349	0.2785	0.0364183
20152	0.119013	0.15651	4.03983	2.02506	0.501274	0.58429	2.56654	3.73051	1.89889	0.509017	26.8301	0.108241	0.504991	0.270199	0.0364213
20153	0.107588	0.151722	3.98106	1.89264	0.475411	0.525555	2.55048	4.0273	1.78035	0.442069	32.9374	0.0873482	0.458644	0.281527	0.0369781
20154	0.240032	0.196329	3.68761	1.87867	0.509456	0.613256	2.61315	3.94201	1.84305	0.46754	41.9326	0.069648	0.487799	0.281897	0.0372378
20155	0.293307	0.219835	3.58658	1.74669	0.487008	0.489351	2.5514	3.99969	1.80866	0.452199	141.445	0.0192165	0.468656	0.276644	0.0376347
20156	0.320178	0.223024	3.517	1.68584	0.479339	0.603624	2.56311	3.88746	1.84964	0.475797	68.1583	0.0401711	0.477479	0.279233	0.0380591
20157	0.286935	0.249847	3.80603	1.69024	0.444094	0.648652	2.58476	3.73293	1.87444	0.502136	41.668	0.0654195	0.472833	0.276694	0.038429
20158	0.266892	0.278579	3.81604	1.76163	0.461639	0.523263	2.57646	4.42255	1.94719	0.440287	80.3368	0.0328632	0.450177	0.262592	0.0386371
20159	0.360713	0.27897	4.02911	1.77129	0.439624	0.603414	2.61447	4.05616	1.89623	0.467495	92.6007	0.029452	0.453606	0.271137	0.0388206
20160	0.292214	0.288449	3.88969	1.72665	0.443905	0.464964	2.52891	3.82602	1.83432	0.479435	168.206	0.0149212	0.461523	0.260675	0.0388996
20161	0.311653	0.307288	4.02109	1.78595	0.444146	0.571209	2.51205	3.67921	1.89226	0.514311	72.154	0.0336846	0.477671	0.248433	0.0395061
20162	0.31478	0.283693	3.7657	1.62088	0.430434	0.478388	2.42817	4.06246	2.01267	0.495431	171.806	0.0133837	0.464165	0.240451	0.0395938
20163	0.268808	0.262726	3.46341	1.72878	0.499153	0.370437	2.38344	3.89296	1.96288	0.504214	435.439	0.00516423	0.501831	0.233551	0.0395732
20164	0.387595	0.332625	3.68438	1.85448	0.503336	0.391961	2.42239	4.14884	1.97484	0.475997	229039.0	9.53359e-06	0.488856	0.221944	0.0399046
20165	0.352173	0.328524	3.68507	1.85081	0.502247	0.369535	2.41082	3.77119	1.9677	0.521772	14384.4	0.000150718	0.512122	0.221196	0.0400738
20166	0.231977	0.283439	4.2746	1.90767	0.446279	0.400296	2.44149	3.98391	1.89995	0.476905	164.383	0.0141656	0.461053	0.234264	0.0401674
20167	0.341877	0.326988	3.90185	1.87767	0.481225	0.545631	2.51711	4.00576	2.02222	0.504829	115.538	0.0207578	0.493182	0.235263	0.0403576
20168	0.40929	0.357691	4.25506	2.04886	0.48151	0.550198	2.54335	3.98489	1.99133	0.499721	240.598	0.00992754	0.490317	0.228244	0.0405291
20169	0.302902	0.334834	3.84763	1.93494	0.502891	0.375278	2.44498	4.03834	1.91573	0.474384	850.037	0.00261913	0.488293	0.224345	0.0407201
20170	0.290978	0.346534	4.00002	1.89295	0.473234	0.434639	2.46597	4.04004	1.88043	0.465447	217.653	0.0103192	0.469321	0.229442	0.0410077
20171	0.319187	0.314824	4.001	1.92455	0.481017	0.532235	2.47076	3.78972	1.92789	0.508717	102.404	0.0226948	0.494491	0.231822	0.0415104
20172	0.343279	0.285532	3.66514	1.78904	0.488122	0.532039	2.49312	3.8241	1.82034	0.476017	136.778	0.0178151	0.481941	0.252461	0.0418448
20173	0.197301	0.171833	3.92964	1.95021	0.496282	0.495385	2.54621	3.6777	1.87738	0.510478	63.4487	0.044427	0.503145	0.269225	0.0420808
20174	0.184736	0.162977	3.91029	1.97204	0.504319	0.619572	2.59368	3.87975	1.88509	0.485878	31.2473	0.0945412	0.495135	0.277007	0.0423684
20175	0.0652885	0.115761	3.70871	1.91453	0.516225	0.596879	2.61705	4.04886	1.97365	0.487458	22.1398	0.141294	0.501211	0.286974	0.0425854
20176	0.0324862	0.0512363	3.82574	1.92056	0.50201	0.527204	2.569	3.76923	1.69818	0.450538	25.9008	0.122373	0.476466	0.304665	0.0424512
20177	0.0497544	0.0436895	4.05157	1.79725	0.443594	0.518624	2.55178	3.76502	1.86011	0.494051	28.6142	0.10992	0.467898	0.300799	0.04284
20178	0.0360634	0.0232909	3.74627	1.78755	0.477155	0.521018	2.55528	4.06976	2.0554	0.505041	27.2598	0.11759	0.491675	0.294418	0.0431899
20179	-0.00736244	0.0278608	3.58568	1.68945	0.471167	0.536491	2.55978	3.98307	2.17753	0.546697	21.6738	0.147888	0.510915	0.293113	0.0434556
20180	0.0816533	0.0674895	3.86187	1.84408	0.477509	0.521038	2.53911	4.192	2.12849	0.507749	31.6427	0.0965293	0.493249	0.277788	0.0435032
20181	-0.00179784	0.0461263	3.71392	1.89962	0.511487	0.498337	2.50943	3.93997	1.97791	0.502013	24.2583	0.125067	0.50661	0.281306	0.0436956
20182	0.0632327	0.0299866	4.07687	1.94904	0.478073	0.57689	2.54902	3.93581	2.03488	0.517016	24.0503	0.131922	0.497201	0.284895	0.0438928
20183	-0.0299539	0.0248021	3.92504	1.85481	0.47256	0.608282	2.54873	3.78593	1.84764	0.488027	15.6384	0.203673	0.480154	0.300871	0.0441069
20184	0.0907232	0.0368202	3.66845	1.85301	0.505119	0.561531	2.54721	3.72704	1.85084	0.496599	28.4311	0.11083	0.500825	0.298533	0.0444862
20185	-0.0699244	0.0235167	4.01772	1.83349	0.456351	0.532686	2.57686	4.01846	1.72486	0.429234	17.9533	0.18157	0.442791	0.314259	0.0445259
20186	-0.0431829	0.0165546	4.12986	1.83685	0.444772	0.601777	2.55452	3.91568	1.87026	0.477633	15.4847	0.207987	0.460765	0.302943	0.0445952
20187	0.0405826	0.0445093	3.97208	1.78749	0.450013	0.567023	2.594	4.01959	1.83311	0.456044	23.4535	0.13857	0.453046	0.309887	0.0447739
20188	0.143428	0.130799	3.93655	1.806	0.458778	0.535194	2.53276	3.78147	1.94319	0.513871	37.5905	0.0767405	0.485771	0.277928	0.0451894
20189	0.0578117	0.141964	3.71715	1.66584	0.448149	0.555465	2.51612	3.7736	1.87998	0.498191	22.7596	0.123829	0.473359	0.284494	0.0454951
20190	0.152532	0.145709	3.79183	1.72982	0.456196	0.517262	2.59434	3.53096	1.71907	0.486854	45.0718	0.0665137	0.470979	0.303056	0.0453021
20191	0.218805	0.165167	3.79412	1.80277	0.475148	0.609277	2.59807	3.66394	1.80112	0.491581	38.8211	0.0762343	0.483221	0.291184	0.0454392
20192	0.180223	0.150699	3.7578	1.77364	0.471989	0.659928	2.63854	3.71525	1.87358	0.504294	26.8965	0.115058	0.48805	0.297981	0.0455037
20193	0.152934	0.148474	3.76216	1.69661	0.450967	0.610974	2.6086	3.87648	1.82035	0.469589	28.8474	0.1049	0.460417	0.30091	0.0457054
20194	0.167899	0.121744	3.53085	1.81419	0.513811	0.69754	2.69185	3.66032	1.88368	0.514622	23.5472	0.14026	0.514224	0.308817	0.0458866
20195	0.1628	0.122993	3.81198	1.87694	0.492381	0.703109	2.67079	4.13176	1.80569	0.437026	22.2354	0.145967	0.463589	0.305983	0.0459023
20196	0.161322	0.164698	3.76524	1.86104	0.494269	0.646772	2.63954	3.84196	1.818	0.473194	25.9901	0.117831	0.483626	0.293989	0.0461989
20197	0.0431344	0.0579893	3.82986	1.82881	0.477512	0.638675	2.6649	3.91755	1.84533	0.47104	19.1616	0.177334	0.47424	0.316311	0.0462252
20198	0.0716739	0.0431417	4.1197	2.04966	0.497527	0.850378	2.76895	3.79783	1.93868	0.510471	12.2531	0.30319	0.503736	0.317856	0.0470466
20199	0.190945	0.14695	4.12644	1.90787	0.462353	0.744184	2.75279	3.7264	1.87134	0.502185	22.1856	0.153036	0.481255	0.310068	0.0471805
20200	0.219422	0.163254	3.61117	1.76561	0.48893	0.746709	2.7506	3.7632	1.79524	0.477051	24.0777	0.139016	0.482868	0.319835	0.0468495
20201	0.143069	0.142643	3.81742	1.84024	0.482065	0.723429	2.78196	4.05785	1.98513	0.489207	20.6818	0.168409	0.485745	0.312941	0.0471053
20202	0.163022	0.140767	3.65259	1.78476	0.488629	0.852442	2.82315	3.86779	2.04241	0.528056	15.1382	0.23765	0.508907	0.31984	0.0475138
20203	0.121434	0.0803125	3.70205	1.90217	0.513817	0.746954	2.77447	3.85258	2.07878	0.53958	18.5509	0.195638	0.526955	0.313213	0.0477013
20204	-0.0366805	-0.0449956	3.75472	1.81114	0.482363	0.590699	2.5915	4.24722	2.22894	0.524799	17.6601	0.196802	0.504887	0.30087	0.0480252
20205	0.0346783	-0.0246125	3.69762	1.76909	0.478439	0.608292	2.63009	4.43099	2.1973	0.495894	21.4187	0.164516	0.487954	0.307681	0.0483174
20206	-0.0162928	-0.0260769	3.95809	1.82229	0.460396	0.690803	2.69901	3.79826	1.83821	0.483962	14.8526	0.249993	0.471936	0.33662	0.0486208
20207	0.0636573	-0.01704	3.71331	1.8736	0.504564	0.682236	2.69036	3.90016	1.7322	0.444136	19.1565	0.19132	0.473609	0.337074	0.0489228
20208	-0.0842744	-0.0632574	3.98595	1.79657	0.450725	0.767285	2.74498	3.89743	1.87778	0.4818	10.8752	0.362577	0.466088	0.349315	0.0490133
20209	-0.07626	-0.0317973	3.89078	1.74713	0.449044	0.723836	2.82012	4.02619	1.99739	0.496099	12.7054	0.320077	0.472974	0.352034	0.0489727
20210	0.0581336	0.0143377	3.90282	1.91135	0.489736	0.840036	2.81496	4.13582	2.00155	0.483954	12.8293	0.305686	0.486761	0.333947	0.0491385
20211	0.0260808	0.016805	4.08185	1.96467	0.48132	0.791701	2.8455	3.88991	1.76125	0.452774	13.6504	0.293087	0.467391	0.349445	0.049317
20212	-0.0110565	0.024446	4.08252	2.00016	0.489934	0.983697	2.88988	4.33883	1.94537	0.448363	8.29756	0.494768	0.468516	0.342328	0.0497943
20213	-0.0433085	-0.0521106	4.17187	2.0644	0.494837	0.885201	2.87833	3.68657	1.89255	0.513362	9.96078	0.431065	0.503528	0.35184	0.0501143
20214	0.00426057	-0.0248665	3.9063	1.82323	0.46674	0.909826	2.87165	3.68913	1.90722	0.516983	10.2309	0.410025	0.491143	0.360015	0.0501921
20215	-0.0608923	-0.0622357	4.25897	1.90344	0.446924	0.860777	2.83337	4.01328	2.00217	0.498885	9.87027	0.424737	0.472133	0.349368	0.0502267
20216	-0.0654379	-0.121236	3.81325	1.8083	0.474214	0.769115	2.84829	4.42877	2.14225	0.483713	12.661	0.34824	0.479318	0.358279	0.0503636
20217	-0.221274	-0.210838	3.60488	1.76242	0.488899	0.802158	2.87132	3.92401	2.01949	0.514651	9.06965	0.523707	0.502321	0.385856	0.0504378
20218	-0.100032	-0.182196	3.57838	1.80211	0.503612	0.77906	2.83339	3.84399	2.09959	0.5462	11.7672	0.386402	0.525668	0.368276	0.0508044
20219	-0.186726	-0.210446	3.59787	1.70717	0.474495	0.935397	2.84742	4.48698	2.09194	0.466225	7.426	0.62958	0.469905	0.381042	0.0512194
20220	-0.207435	-0.194084	3.49438	1.66262	0.475799	0.837151	2.84467	3.93666	1.915	0.486454	8.46258	0.54558	0.481443	0.392313	0.0519477
20221	-0.1402	-0.161519	3.53467	1.7341	0.490597	0.85547	2.91659	3.70639	1.76909	0.477309	9.55735	0.495679	0.483796	0.403516	0.0519638
20222	-0.11815	-0.121356	3.67962	1.60944	0.437394	0.900355	2.92713	3.86624	1.74349	0.450952	8.95865	0.518676	0.44434	0.409426	0.0519225
20223	-0.199766	-0.166396	3.26687	1.64273	0.502845	1.01034	2.92412	3.7844	1.78692	0.472181	6.52257	0.732172	0.486388	0.410578	0.0520969
20224	-0.300901	-0.278806	3.68572	1.6942	0.459666	0.768085	2.82695	3.85905	1.88428	0.488274	8.44091	0.571366	0.474299	0.402702	0.0520186
20225	-0.320029	-0.316763	3.70944	1.7319	0.46689	0.789592	2.78845	4.14329	1.95701	0.472333	7.83129	0.615629	0.469762	0.39533	0.052282
20226	-0.231691	-0.305078	3.93019	1.73336	0.441038	0.768947	2.73681	4.20139	2.17165	0.516889	9.24131	0.500639	0.480228	0.372128	0.0525348
20227	-0.269615	-0.210791	3.9439	1.73709	0.440449	0.742322	2.73347	3.88745	1.83566	0.472201	8.46537	0.512008	0.456211	0.377679	0.0529118
20228	-0.173267	-0.203316	3.94605	1.79769	0.455567	0.752408	2.70794	4.18725	2.06576	0.493346	9.89103	0.428438	0.475017	0.3543	0.0530599
20229	-0.209904	-0.184129	4.05582	1.76431	0.435007	0.628058	2.68161	4.02516	2.03515	0.505608	11.6956	0.351091	0.470174	0.350919	0.0529338
20230	-0.140403	-0.156555	3.68701	1.66894	0.452655	0.777885	2.71126	3.61501	1.88375	0.521091	9.75317	0.421626	0.486535	0.366701	0.0533722
20231	-0.0853805	-0.0791934	3.604	1.74752	0.484884	0.676029	2.71022	4.29296	1.98738	0.46294	13.4211	0.289873	0.472954	0.342572	0.0538508
20232	-0.0620786	-0.0592969	3.80517	1.70808	0.448884	0.680711	2.72672	3.96104	1.87927	0.474437	14.0681	0.275868	0.461917	0.351153	0.0537621
20233	0.0201811	0.00211402	3.73375	1.7154	0.459432	0.7109	2.73865	3.95762	1.90529	0.481423	15.6965	0.238546	0.470748	0.340949	0.0540147
20234	-0.0211135	-0.0265466	4.06198	1.82222	0.448603	0.834364	2.7542	3.97955	1.86399	0.468391	10.5659	0.365921	0.458395	0.344128	0.0539151
20235	-0.0415504	-0.0489299	3.9958	1.79605	0.449486	0.752747	2.76939	3.92569	1.80303	0.459289	12.5897	0.315454	0.454344	0.355674	0.0543221
20236	0.165847	0.0969639	3.8749	1.96024	0.505881	0.758984	2.73524	3.73654	1.82533	0.488507	19.7848	0.175906	0.497352	0.315024	0.0545628
20237	0.13478	0.108405	4.04917	1.87972	0.464225	0.77183	2.80108	3.94422	1.95315	0.495194	17.8657	0.202917	0.479506	0.321183	0.0548189
20238	0.147443	0.0949347	4.10018	1.96375	0.478943	0.849811	2.86391	3.806	1.81188	0.476058	15.5421	0.24666	0.477555	0.33684	0.0552235
20239	0.18016	0.144619	3.66233	1.78977	0.488697	0.840961	2.8477	3.99392	1.89333	0.474055	16.7332	0.218329	0.481059	0.331643	0.0554593
20240	0.0914203	0.111799	3.89534	1.8168	0.466403	0.936946	2.87435	3.71435	1.82714	0.491913	10.675	0.357457	0.478855	0.343767	0.055501
20241	0.134906	0.110736	3.69092	1.69137	0.458253	0.90365	2.94001	3.80214	1.76659	0.464632	13.5452	0.295484	0.461489	0.366693	0.0560631
20242	0.0806454	0.0800641	3.66697	1.76592	0.481575	1.04065	2.93501	3.78987	1.85762	0.490152	8.84398	0.460805	0.485935	0.360051	0.0560538
20243	-0.0198622	0.00269268	3.70732	1.85052	0.499153	0.92119	2.96197	4.05199	1.85972	0.458963	9.88884	0.44279	0.478165	0.371218	0.0562831
20244	0.0572649	0.0451542	3.92766	1.84985	0.47098	0.959142	2.92301	3.93398	1.85127	0.470584	10.1822	0.406691	0.470782	0.358854	0.0567683
20245	0.0176196	0.028021	3.85635	1.85644	0.481398	0.976333	2.94389	4.01398	1.98334	0.494108	9.25039	0.459565	0.487881	0.356435	0.0569981
20246	0.0346096	0.0244669	3.56155	1.84806	0.518891	0.978838	2.90923	3.96388	1.95847	0.494079	9.33399	0.445784	0.505822	0.353515	0.0572525
20247	-0.0366856	0.0548583	3.77688	1.9128	0.506449	0.892078	2.89424	4.09532	2.02438	0.494315	9.34623	0.431301	0.500137	0.338702	0.0574204
20248	0.0196189	0.0326674	3.90666	2.05228	0.52533	0.89325	2.83161	4.00386	2.06318	0.515297	10.2643	0.381616	0.520252	0.322553	0.0578848
20249	0.0274746	0.0186817	3.9498	1.99891	0.506079	0.716022	2.80256	3.90443	2.01476	0.51602	16.3468	0.237049	0.511021	0.325675	0.058198
20250	0.0757556	0.0265985	4.08082	1.87672	0.459889	0.833216	2.84528	3.75396	1.87293	0.498919	13.8475	0.286873	0.47859	0.346396	0.0585249
20251	-0.094963	-0.022472	3.74528	1.86307	0.497444	0.865121	2.85435	3.82312	1.95638	0.511724	8.97857	0.460881	0.504657	0.351483	0.0586951
20252	0.0871668	0.0567103	3.90268	1.99903	0.51222	0.873887	2.87105	3.83628	1.89804	0.494761	12.7972	0.309464	0.503566	0.337029	0.0588841
20253	-0.00360307	0.0969956	3.93632	2.03293	0.516455	0.827887	2.85057	3.78952	1.84912	0.487956	10.9668	0.345688	0.502476	0.328196	0.0591001
20254	0.143634	0.147388	4.22386	1.99963	0.473412	0.76835	2.75527	3.91564	1.81785	0.464253	17.4265	0.195135	0.469006	0.308251	0.0592269
20255	0.152839	0.170208	3.90228	2.00654	0.514197	0.673589	2.71943	3.73716	1.69569	0.453738	23.9639	0.13559	0.484621	0.305095	0.0592965
20256	0.263712	0.206107	4.22482	1.95214	0.462065	0.782646	2.74279	4.07139	1.93637	0.475603	23.8951	0.134646	0.468709	0.292742	0.0591188
20257	0.247669	0.215075	3.80916	1.73489	0.455453	0.712311	2.69886	4.08164	1.99174	0.487975	28.5753	0.107947	0.472275	0.29282	0.0593986
20258	0.278787	0.287319	3.81572	1.68994	0.44289	0.702656	2.72067	3.96513	2.03502	0.513229	32.9571	0.0898322	0.478735	0.284488	0.0595523
20259	0.257205	0.321419	3.86134	1.71097	0.443102	0.704961	2.72042	3.8794	2.01114	0.518415	28.7064	0.100243	0.480846	0.278889	0.0597814
20260	0.264674	0.278503	3.81404	1.78364	0.46765	0.720287	2.71876	3.99423	1.97832	0.495294	28.6868	0.103791	0.481791	0.283631	0.0597629
20261	0.422294	0.353202	3.56581	1.7051	0.478181	0.773231	2.78293	4.20296	1.98387	0.472016	47.9354	0.0615782	0.474846	0.285858	0.0597694
20262	0.360669	0.397057	3.39055	1.53997	0.454196	0.62379	2.64819	4.14312	1.94891	0.470397	73.197	0.0346162	0.463106	0.266489	0.0597291
20263	0.426462	0.448013	3.66757	1.72261	0.469687	0.777081	2.83368	3.84123	1.75225	0.45617	46.2963	0.0614669	0.462772	0.290616	0.0597124
20264	0.376128	0.367029	3.90362	1.79453	0.459709	0.769068	2.76806	3.42357	1.71815	0.501858	37.3375	0.0772009	0.479403	0.291033	0.0600575
20265	0.407989	0.371462	3.8797	1.75382	0.452051	0.70991	2.77399	3.8091	1.74727	0.458709	63.3216	0.045578	0.455349	0.291972	0.0605088
20266	0.473336	0.402027	3.82972	1.73313	0.452546	0.73856	2.77945	3.68534	1.79374	0.486725	80.3506	0.0351718	0.469307	0.286148	0.0608051
20267	0.386249	0.399762	3.59638	1.75269	0.487348	0.836985	2.80445	3.54592	1.80032	0.507716	28.4623	0.101582	0.49746	0.289307	0.0610683
20268	0.346947	0.367896	4.03166	1.75428	0.435126	0.8567	2.81293	3.6266	1.77508	0.489462	23.0065	0.129924	0.460857	0.297592	0.0610158
20269	0.419733	0.30666	3.61434	1.71466	0.474405	0.956501	2.88079	3.79423	1.70483	0.449321	22.9979	0.14406	0.461558	0.326455	0.0607797
20270	0.243063	0.281868	3.55183	1.72158	0.484702	0.939163	2.9319	3.94789	1.89555	0.480143	14.493	0.242278	0.482302	0.32688	0.0609175
20271	0.257726	0.23428	3.76917	1.76207	0.467496	0.83751	2.91519	3.80049	1.84731	0.486072	21.3813	0.168075	0.476822	0.332475	0.0613165
20272	0.206383	0.272912	3.64206	1.75662	0.482316	0.788362	2.91316	3.6031	1.87266	0.519737	20.5813	0.16935	0.500926	0.324518	0.0610884
20273	0.220628	0.218065	3.9559	1.8346	0.463763	0.939687	2.94817	3.82416	1.96513	0.513872	14.4155	0.258523	0.488393	0.329147	0.0614311
20274	0.164445	0.170307	3.77197	1.82502	0.483836	1.05606	3.01262	3.89522	1.83376	0.470772	10.1623	0.397486	0.477199	0.35579	0.061426
20275	0.102092	0.101979	3.41517	1.66694	0.488098	0.918169	2.96438	3.78355	1.86097	0.491858	12.3027	0.332991	0.490074	0.36745	0.0618203
20276	0.0573147	0.0629535	3.76144	1.81441	0.48237	0.956855	2.90512	3.9373	1.97032	0.500425	9.98291	0.404586	0.491604	0.348047	0.0624073
20277	0.0489706	0.0355622	3.71273	1.85572	0.499826	0.894062	2.8835	3.63496	1.82577	0.50228	11.3568	0.35709	0.50104	0.355278	0.0623979
20278	-0.0254679	-0.0179238	3.86513	1.97548	0.511102	0.808879	2.80619	4.15835	1.90614	0.458389	11.457	0.348068	0.483782	0.339471	0.062721
20279	-0.0539431	-0.0218136	3.85653	1.8138	0.47032	0.826361	2.78356	3.90023	1.91035	0.489806	10.1558	0.387468	0.480118	0.345798	0.0631503
20280	0.0458329	0.00898991	4.23644	1.85009	0.436708	0.827776	2.81303	3.71639	1.87859	0.505489	12.8593	0.305717	0.46885	0.345308	0.0632468
20281	0.0367019	-0.011441	3.90976	1.83592	0.469573	0.883665	2.82571	4.03447	1.81281	0.449331	11.2211	0.358673	0.459293	0.355586	0.0635869
20282	0.0560733	0.0571114	3.83948	1.86546	0.485864	0.933594	2.91687	3.8083	1.84347	0.484066	10.6205	0.385021	0.484969	0.355473	0.0640952
20283	0.0279576	0.0835404	3.9027	1.75412	0.449462	0.887332	2.90119	4.23894	1.92462	0.454032	10.75	0.369262	0.451842	0.350564	0.0642105
20284	0.0675954	-0.0100808	3.93019	1.74966	0.445184	0.775084	2.82539	3.8223	1.87928	0.491663	16.0625	0.25027	0.4681	0.356562	0.0643046
20285	-0.0891388	-0.0403832	3.65822	1.7664	0.482856	0.748826	2.8381	3.88817	1.88896	0.485823	11.7999	0.351093	0.484385	0.361823	0.0647081
20286	0.0581139	0.0332309	3.98235	1.81736	0.456353	0.826923	2.81831	3.74694	1.84159	0.49149	13.1232	0.295534	0.473386	0.34651	0.0651286
20287	0.00103583	0.0373637	4.02291	1.67176	0.41556	0.815853	2.80152	3.88215	1.76444	0.454499	11.5081	0.331964	0.434683	0.357395	0.0658904
20288	-0.0827325	0.0158537	3.7898	1.77834	0.469244	0.841356	2.80104	3.90104	1.92384	0.493161	9.08407	0.42697	0.481376	0.343872	0.0657631
20289	-0.0406711	0.0180171	3.84941	1.95465	0.507779	0.726564	2.75724	3.74546	1.89469	0.505863	12.7467	0.294325	0.506834	0.327757	0.0660124
20290	0.00344002	0.0426862	3.91029	1.89873	0.485572	0.836477	2.79991	4.00431	1.9501	0.486999	10.9551	0.346975	0.486294	0.330679	0.0662296
20291	0.0209077	0.020106	4.34381	1.98078	0.456001	0.885471	2.82524	3.71132	1.78426	0.48076	10.5272	0.373735	0.467409	0.343294	0.0664512
20292	0.00634843	0.0412902	3.98404	1.91182	0.47987	0.866826	2.92249	3.83518	1.83031	0.477242	11.2116	0.370211	0.478581	0.356856	0.066433
20293	-0.00750859	0.0259846	4.12433	1.91735	0.464888	0.9754	3.00511	3.64389	1.71006	0.469294	9.18655	0.483054	0.466955	0.379646	0.0667301
20294	0.071064	0.0432194	3.93162	2.01034	0.511325	1.04268	3.02717	3.78486	1.81642	0.479919	9.43168	0.472024	0.495921	0.367881	0.0670524
20295	0.0206097	0.0436338	3.43899	1.73775	0.505308	0.962056	2.9715	3.95968	1.87115	0.472551	9.67186	0.443161	0.487777	0.3727	0.0667929
20296	0.00402343	0.0309635	3.81914	1.80789	0.473375	0.988482	2.98058	4.14786	1.82579	0.440175	8.97714	0.484579	0.45609	0.374565	0.0671313
20297	0.0186715	0.042369	3.92391	1.82758	0.465755	0.960986	2.91508	3.67854	1.88716	0.51302	9.2938	0.443978	0.488625	0.357188	0.0674821
20298	0.0322881	0.103007	3.51327	1.8214	0.518435	1.01784	2.98363	4.11967	1.87905	0.456117	8.54312	0.485655	0.484801	0.35934	0.0675624
20299	0.0779814	0.12948	3.68527	1.832	0.497113	0.96613	3.05246	3.74431	1.89942	0.507282	10.8313	0.394404	0.502238	0.364154	0.0680076
20300	0.140026	0.106521	3.78561	1.81255	0.4788	1.03588	3.02542	3.88105	1.91746	0.494057	10.6161	0.401277	0.486523	0.363596	0.0680225
20301	0.165386	0.12542	3.54973	1.73397	0.488478	0.971652	3.02276	4.1157	1.9719	0.479118	12.9135	0.325032	0.483452	0.361669	0.0680441
20302	0.160987	0.114036	3.58914	1.75984	0.490323	1.00356	3.04596	3.91635	1.9454	0.496738	12.1086	0.354962	0.49367	0.367206	0.0683591
20303	0.129483	0.11607	3.6834	1.78605	0.484892	1.03523	3.01831	3.8277	1.81448	0.474039	10.2671	0.410192	0.479361	0.369139	0.068425
20304	0.0941053	0.126451	4.12523	1.85128	0.44877	1.06905	3.03906	3.56654	1.79997	0.504681	8.92489	0.47526	0.474695	0.367545	0.069163
20305	0.119714	0.11454	4.11328	1.8763	0.456158	1.05102	3.06402	4.12661	1.87575	0.454551	10.0301	0.433665	0.455353	0.367062	0.0694288
20306	0.133745	0.0729009	3.9481	1.85031	0.468658	1.04907	2.98907	4.04127	1.85449	0.458889	10.1503	0.418906	0.463717	0.364733	0.0694924
20307	0.0586805	0.0106491	3.93625	1.91113	0.485521	1.04824	3.02995	3.8231	1.80106	0.471098	9.30952	0.489616	0.478415	0.380514	0.06972
20308	-0.0616172	-0.0265936	3.74143	1.93113	0.516147	1.05333	3.04622	3.87037	1.89502	0.489622	7.59561	0.621555	0.50266	0.381671	0.0697609
20309	-0.086356	-0.0698759	4.01058	1.8445	0.459907	1.13302	3.02625	3.86952	1.95491	0.505206	6.44705	0.743441	0.482151	0.386906	0.0697679
20310	-0.068574	-0.0297906	3.87578	1.83558	0.473603	0.974128	2.96314	3.82282	1.94426	0.508595	8.23897	0.543613	0.490978	0.372158	0.0700157
20311	-0.0893617	-0.0745405	3.59865	1.86585	0.518487	0.980554	2.94922	3.96226	2.00573	0.506208	7.9872	0.57236	0.512052	0.371343	0.0702711
20312	-0.081963	-0.0712766	4.05963	1.9269	0.474648	1.00809	2.96129	4.10119	2.01499	0.491319	7.7397	0.594111	0.483026	0.368506	0.0703137
20313	0.0263363	-0.0401493	3.59731	1.94907	0.541813	0.962245	2.9844	3.80641	1.96652	0.516635	10.4437	0.437962	0.528868	0.368831	0.07073
20314	0.00328252	-0.0239889	3.66959	1.8093	0.493051	0.944188	2.92569	3.80929	1.87581	0.49243	9.82784	0.442652	0.492735	0.371287	0.0710943
20315	0.0534219	-0.006222	3.59073	1.69806	0.472903	0.967933	2.9016	3.76355	1.89736	0.50414	10.1102	0.418166	0.488888	0.370367	0.0714788
20316	-0.0195506	-0.00991537	3.87996	1.76088	0.453838	0.895936	2.88699	3.91103	1.99831	0.510943	10.013	0.419058	0.482505	0.358309	0.0717575
20317	-0.0394788	-0.0643664	4.01351	1.94233	0.483949	0.911159	2.83517	4.21632	1.96497	0.46604	9.30306	0.451856	0.474774	0.349885	0.0715507
20318	-0.02931	-0.0688521	3.97283	2.00903	0.505691	0.882058	2.82554	4.00068	1.92582	0.481373	10.0862	0.415296	0.493489	0.347485	0.0720506
20319	-0.215185	-0.172874	3.6647	1.80716	0.493127	0.816867	2.81017	3.79001	1.81738	0.479518	8.35444	0.532566	0.486208	0.380452	0.0724542
20320	-0.196878	-0.20427	3.92338	1.97358	0.503031	0.685684	2.76008	4.07163	1.94908	0.478697	11.2816	0.389457	0.490638	0.359106	0.0726142
20321	-0.154654	-0.197062	4.07218	1.97548	0.485115	0.77087	2.79913	4.04343	1.92986	0.477283	10.48	0.428297	0.481213	0.365063	0.0727894
20322	-0.200226	-0.176949	3.62443	1.77498	0.489725	0.86342	2.83458	3.52885	1.82731	0.517821	8.01642	0.565671	0.503585	0.386401	0.0730641
20323	-0.256133	-0.225312	3.89607	1.89785	0.487118	0.858455	2.87826	3.92017	1.95082	0.497636	7.75342	0.621154	0.492393	0.384991	0.0735252
20324	-0.189816	-0.18191	3.89773	1.88819	0.484433	0.893389	2.90414	3.90165	1.94426	0.498318	8.1168	0.586667	0.491379	0.383312	0.0736079
20325	-0.185697	-0.191439	4.03985	1.8804	0.465463	0.845152	2.86764	4.02153	1.93015	0.479953	8.80623	0.531326	0.472692	0.38052	0.0741711
20326	-0.224331	-0.189614	3.77159	1.93745	0.513695	0.823655	2.8155	3.64714	1.84767	0.506607	8.22265	0.549138	0.51021	0.373733	0.0741844
20327	-0.198028	-0.179332	3.97172	2.0013	0.503887	0.79794	2.77209	3.88969	1.90116	0.488769	8.78154	0.495976	0.496407	0.358282	0.0745671
20328	-0.377897	-0.313671	3.9753	1.9132	0.481272	0.649605	2.70063	4.22884	2.12012	0.501348	8.60615	0.527881	0.49162	0.360396	0.0745592
20329	-0.356675	-0.341136	3.73541	1.8507	0.495447	0.851324	2.79413	3.84416	1.97031	0.512547	6.73621	0.729632	0.50412	0.391532	0.074305
20330	-0.267314	-0.310896	3.67072	1.96741	0.535975	0.699881	2.67244	3.96013	2.10026	0.530352	9.51426	0.467733	0.533057	0.353707	0.0744281
20331	-0.337163	-0.326881	3.998	1.96275	0.490933	0.65509	2.69493	4.21193	2.04589	0.485736	9.27447	0.492282	0.488267	0.362961	0.0745842
20332	-0.278039	-0.23562	4.26334	1.9583	0.459333	0.870676	2.82548	3.77139	1.9955	0.529116	7.10116	0.659774	0.492089	0.372169	0.0748786
20333	-0.236224	-0.241234	4.03498	1.9395	0.480671	0.807102	2.77003	3.84759	1.96957	0.511898	8.33026	0.544265	0.495913	0.367171	0.0752764
20334	-0.277725	-0.242389	3.56417	1.87929	0.527273	0.74994	2.76563	3.80021	1.94966	0.513039	8.56758	0.528048	0.519928	0.371492	0.0757058
20335	-0.0520467	-0.19191	3.61995	1.79006	0.494498	0.756695	2.81828	3.79368	1.83447	0.483561	13.8538	0.327032	0.488901	0.384732	0.0758221
20336	-0.201058	-0.214079	3.82838	1.91272	0.499615	0.779406	2.82612	3.98078	1.96674	0.494058	9.6148	0.480655	0.496782	0.373403	0.0764058
20337	-0.147805	-0.247525	4.01617	2.0274	0.50481	0.78107	2.81081	3.54295	1.76718	0.498789	10.8406	0.431405	0.501988	0.381395	0.076578
20338	-0.275647	-0.21396	3.90341	2.10361	0.538916	0.784704	2.79251	3.63277	1.74208	0.479547	8.03921	0.562173	0.510297	0.370234	0.0766714
20339	-0.219836	-0.111378	4.04999	1.86779	0.461184	0.860858	2.82033	3.73777	1.72529	0.461583	7.35929	0.583949	0.461375	0.374342	0.0767553
20340	-0.122119	-0.0641825	4.01855	1.82622	0.454448	0.763758	2.78316	3.45441	1.73901	0.503418	10.3308	0.392389	0.477085	0.362564	0.0767448
20341	-0.0482327	-0.0757122	3.95286	1.83845	0.465094	0.782361	2.70445	3.47776	1.8205	0.52347	11.2038	0.344943	0.492416	0.34571	0.0773011
20342	-0.161062	-0.0577168	3.87117	1.86872	0.482726	0.635196	2.67477	3.86568	1.95015	0.504479	11.7763	0.317014	0.493595	0.328423	0.0775528
20343	-0.0640205	-0.0423724	4.23864	1.96421	0.463405	0.638815	2.69831	4.21246	2.04442	0.485327	15.2058	0.246989	0.474332	0.319117	0.0777296
20344	0.0109195	0.0117536	4.04878	1.83349	0.452851	0.687247	2.68598	3.92804	1.89344	0.482031	15.6345	0.228709	0.46722	0.324305	0.0779463
20345	0.0427545	0.0289606	4.08252	1.82285	0.446501	0.677455	2.66986	4.04371	2.04882	0.506669	17.3127	0.201422	0.476442	0.310615	0.0782283
20346	0.0100596	0.0472015	3.94191	1.90501	0.483271	0.682959	2.67613	4.2691	1.96781	0.460942	15.2636	0.226397	0.471662	0.30861	0.0780569
20347	0.00445929	0.0705702	3.98374	1.9997	0.501964	0.809815	2.71384	3.68543	1.91399	0.519339	10.7723	0.324299	0.510314	0.308692	0.0783486
20348	-0.000255072	0.0725988	3.65207	1.82538	0.499819	0.730593	2.72883	3.85218	1.81194	0.470368	13.2093	0.267069	0.484701	0.326684	0.0786282
20349	0.0237887	0.0425863	3.99694	1.88875	0.472547	0.769535	2.78637	4.02484	1.91185	0.475012	13.5369	0.278069	0.473784	0.331308	0.0789915
20350	0.0449282	0.0570704	3.51616	1.80063	0.5121	0.750401	2.80847	3.40276	1.91665	0.563263	15.2106	0.248846	0.537262	0.337475	0.0792698
20351	0.0712442	0.0261956	3.85865	1.93038	0.500274	0.81704	2.81078	3.95436	1.89601	0.479472	13.9406	0.278105	0.489746	0.336369	0.0799291
20352	-0.0102268	0.0326027	3.81934	2.045	0.535433	0.844398	2.80785	3.8419	1.90236	0.495162	10.5451	0.365192	0.515238	0.327974	0.0799943
20353	0.0714825	0.081709	4.15974	2.05024	0.492877	0.800314	2.8298	3.94045	1.8618	0.472483	14.217	0.265598	0.482956	0.325625	0.0804588
20354	0.121228	0.142952	3.84476	1.96446	0.510946	0.928823	2.92378	4.14897	1.94236	0.468154	11.8566	0.326104	0.488736	0.331143	0.0807938
20355	0.234201	0.201678	3.8338	1.95571	0.510122	0.884756	2.86034	3.91759	1.9411	0.495484	16.7017	0.211611	0.502724	0.312104	0.0812689
20356	0.0929636	0.143901	3.84526	1.97294	0.513084	0.902805	2.8987	3.86967	1.94167	0.501767	11.5712	0.327921	0.507408	0.326551	0.0814214
20357	0.192483	0.216427	3.62041	1.88438	0.520486	0.797927	2.79049	3.78668	1.82219	0.48121	18.0755	0.183281	0.500407	0.308973	0.0812017
20358	0.305112	0.318203	4.06989	1.9448	0.47785	0.653035	2.71582	3.80668	1.80502	0.474173	47.4888	0.0605253	0.476073	0.277168	0.0814113
20359	0.457789	0.443614	3.55545	1.93055	0.542983	0.735431	2.75441	3.82645	1.81859	0.475269	69.2715	0.0385424	0.507883	0.26267	0.0815951
20360	0.496743	0.47337	4.02997	1.97001	0.488839	0.815023	2.76337	3.85718	1.95932	0.507967	51.7672	0.050651	0.498193	0.250273	0.0819801
20361	0.541	0.51424	3.85061	1.96877	0.511288	0.764785	2.77549	3.59708	1.90857	0.530591	102.103	0.0250397	0.520611	0.248037	0.0825866
20362	0.54087	0.558936	3.66132	1.8722	0.511345	0.82086	2.77171	4.11371	2.03908	0.495677	62.4579	0.0391974	0.503055	0.238456	0.0830397
20363	0.54372	0.468813	3.81532	1.98972	0.521509	0.682078	2.74454	3.80413	1.85381	0.487314	270.541	0.00957147	0.504437	0.252073	0.0833155
20364	0.471825	0.445782	4.07216	1.96914	0.483561	0.751685	2.75929	3.86033	1.77801	0.460586	68.3374	0.0391608	0.47238	0.263227	0.0834705
20365	0.438274	0.452083	4.02014	1.97374	0.490963	0.870982	2.84977	3.60397	1.60194	0.444494	30.7039	0.0936183	0.468997	0.286807	0.0834399
20366	0.388895	0.411589	3.99661	2.01602	0.504432	0.815405	2.81226	3.92218	1.69891	0.433154	31.6816	0.0909556	0.469128	0.279558	0.0833408
20367	0.407528	0.416197	3.8033	1.97172	0.518422	0.804923	2.86754	4.01267	1.72957	0.431028	38.0506	0.0789616	0.473555	0.288803	0.0837511
20368	0.322703	0.384444	3.94428	1.88064	0.4768	0.822538	2.92296	4.01178	1.80807	0.450689	25.7932	0.124917	0.463634	0.304087	0.0841468
20369	0.371002	0.402976	3.88069	1.8396	0.47404	0.8629	2.87388	3.77426	1.75475	0.464925	25.2326	0.120981	0.469546	0.298177	0.0847587
20370	0.479254	0.460932	3.98029	1.90853	0.479494	0.931862	2.92252	4.12924	1.88014	0.455322	29.5792	0.102427	0.467186	0.285735	0.0849625
20371	0.377772	0.435659	3.99037	2.00949	0.503585	0.836449	2.84087	3.79218	1.92742	0.508262	27.4975	0.105192	0.505864	0.268762	0.0850763
20372	0.398884	0.392462	3.82943	1.88015	0.490974	0.89015	2.83673	3.93098	1.86207	0.47369	24.755	0.120671	0.482219	0.285369	0.0853591
20373	0.358427	0.353671	3.908	1.82008	0.465733	0.691228	2.76231	4.14016	1.94591	0.470008	52.3812	0.0553782	0.467932	0.278145	0.0852832
20374	0.215628	0.233481	4.03233	1.9652	0.487361	0.760018	2.72476	4.26055	1.98735	0.466454	20.9423	0.14818	0.47662	0.281999	0.0857813
20375	0.196946	0.208028	3.89135	1.87374	0.481515	0.669683	2.67002	3.74247	1.75422	0.468733	27.1227	0.11174	0.475249	0.294729	0.0859362
20376	0.142016	0.167988	3.85624	1.81397	0.470399	0.641271	2.70619	3.84288	1.83092	0.476446	25.8467	0.124628	0.473417	0.306568	0.0857435
20377	0.16405	0.180706	3.79301	1.89002	0.498291	0.753471	2.74248	3.64089	1.84857	0.507725	18.8899	0.173709	0.502911	0.305106	0.0863903
20378	0.163928	0.210725	4.18433	1.96781	0.47028	0.870907	2.79822	3.81861	1.81372	0.474968	13.3951	0.24991	0.472517	0.306923	0.0866048
20379	0.11734	0.186323	4.21293	1.84422	0.437753	0.811926	2.74799	3.97313	2.01035	0.505988	13.6017	0.241225	0.470871	0.29865	0.0870559
20380	0.168993	0.181789	4.04953	1.93944	0.47893	0.713353	2.73511	4.25215	2.00113	0.470615	22.0007	0.148164	0.474671	0.292695	0.087302
20381	0.156046	0.207861	4.10846	1.91738	0.466691	0.760937	2.71641	3.76003	1.77197	0.471266	17.1985	0.182947	0.468877	0.299048	0.0875574
20382	0.206956	0.221678	4.26271	1.87891	0.440778	0.71627	2.75397	3.80773	1.70713	0.448333	24.7203	0.129701	0.444342	0.309044	0.088124
20383	0.233849	0.25607	3.6975	1.86403	0.504132	0.656203	2.69674	4.30966	2.02649	0.47022	33.3937	0.0891916	0.48588	0.27692	0.0881702
20384	0.278323	0.302524	4.04175	1.94496	0.481217	0.699242	2.70665	4.06519	1.87183	0.460453	32.6226	0.0885866	0.470805	0.274716	0.0884884
20385	0.337375	0.327495	3.64732	1.80586	0.495119	0.651744	2.67028	4.0711	1.92355	0.47249	55.5371	0.0494141	0.483183	0.269066	0.0884377
20386	0.321891	0.286617	3.77005	1.82966	0.485315	0.706318	2.72327	3.97775	2.00938	0.505156	40.1751	0.0738922	0.495502	0.278931	0.0886191
20387	0.24086	0.252298	3.6776	1.79429	0.487895	0.676559	2.69448	3.77428	1.98965	0.527161	31.4184	0.0949166	0.507783	0.282767	0.0887687
20388	0.295109	0.232889	4.08867	1.82384	0.446072	0.567462	2.62102	4.01922	1.93877	0.482375	76.8868	0.037088	0.464068	0.274903	0.0888604
20389	0.271336	0.190826	3.5653	1.71157	0.480065	0.611954	2.5788	3.77136	1.85717	0.49244	49.15	0.0580102	0.486426	0.285545	0.0885921
20390	0.0617675	0.0855038	3.86109	1.84568	0.47802	0.616817	2.56064	3.82617	1.82922	0.478082	19.8854	0.15404	0.478051	0.294271	0.0887672
20391	-0.0273211	0.0366228	3.62598	1.81122	0.49951	0.600185	2.54097	3.66224	1.71451	0.468158	15.9278	0.196882	0.483756	0.307929	0.0892686
20392	-0.0369458	0.00894746	4.07613	1.81333	0.444866	0.394911	2.47363	3.64572	1.73475	0.475831	32.5718	0.09325	0.459486	0.299836	0.0894443
20393	-0.0227165	-0.0386551	3.87013	1.84499	0.476726	0.441866	2.52612	3.60586	1.83395	0.508602	30.477	0.107918	0.492101	0.309025	0.0898251
20394	0.049886	0.0411987	3.86529	1.79295	0.46386	0.487244	2.53912	3.72865	1.75167	0.469787	32.6199	0.0956412	0.46677	0.305698	0.0899399
20395	0.0216982	0.0756368	3.95717	1.8772	0.474378	0.4994	2.51526	3.92732	1.76898	0.45043	26.0814	0.1141	0.46245	0.289917	0.0903883
20396	0.0965614	0.0360343	3.86921	1.85489	0.479398	0.41835	2.44319	3.69256	1.94015	0.525422	55.9588	0.0517739	0.501873	0.276359	0.0907376
20397	0.0581784	0.0297728	4.16078	1.95902	0.47083	0.436491	2.485	3.89368	1.94784	0.500257	42.1191	0.0715604	0.485055	0.278464	0.0908825
20398	0.0201995	-0.00711303	3.84749	1.99071	0.517406	0.435669	2.4936	4.03188	1.76978	0.438946	36.2283	0.0863074	0.477258	0.293759	0.0909691
20399	0.0370043	0.0307217	3.69223	1.89639	0.513617	0.478185	2.52287	3.83633	2.04356	0.532686	31.9091	0.0973202	0.523334	0.282789	0.0913002
20400	0.0511707	0.103991	3.52139	1.76117	0.500135	0.488211	2.54522	3.83487	2.0293	0.52917	31.2014	0.0955021	0.515272	0.28226	0.0914533
20401	0.214301	0.131356	4.06076	1.75449	0.43206	0.528172	2.54697	4.06529	2.10826	0.5186	59.2311	0.0492578	0.475354	0.274229	0.0916957
20402	0.138317	0.154849	3.72318	1.84222	0.494798	0.495762	2.5039	3.72174	1.87531	0.503879	43.1881	0.0638836	0.499338	0.270747	0.0915785
20403	0.272967	0.166341	4.07911	1.92019	0.470738	0.504915	2.45426	3.63449	1.7839	0.490825	97.2975	0.0268998	0.480202	0.26116	0.0915045
20404	0.14209	0.173747	3.84893	1.86923	0.485649	0.376496	2.42552	3.8023	1.92494	0.506258	92.2803	0.0274732	0.495891	0.250523	0.0921867
20405	0.186436	0.149236	3.82663	1.75525	0.458692	0.429433	2.41852	3.73188	1.95005	0.522539	87.2125	0.0295236	0.490216	0.257954	0.0923593
20406	0.169371	0.155686	4.16505	1.92972	0.463314	0.457296	2.52306	3.82509	1.80846	0.472788	67.6043	0.0414504	0.467849	0.272727	0.092731
20407	0.217715	0.189209	3.85908	1.91027	0.495007	0.533602	2.5091	4.00013	1.86189	0.465459	53.9347	0.0498926	0.479967	0.263006	0.093054
20408	0.156018	0.174041	4.0134	1.89934	0.47325	0.466089	2.48929	3.7164	1.91192	0.514453	55.7538	0.0480721	0.49306	0.260241	0.0932022
20409	0.118373	0.169816	3.91377	1.98533	0.507267	0.556069	2.48396	4.26813	1.9132	0.448253	27.9535	0.0957889	0.476482	0.255724	0.0932667
20410	0.172691	0.169701	3.97415	1.9495	0.490546	0.426369	2.47374	3.82769	1.85181	0.483793	82.4919	0.0321763	0.487233	0.258876	0.0931965
20411	0.109557	0.122075	3.50625	1.86236	0.531153	0.559572	2.55706	3.85979	1.90623	0.493868	29.2777	0.101257	0.511616	0.282395	0.0932435
20412	0.0997626	0.137747	3.80879	1.88073	0.493787	0.597987	2.56666	3.80381	1.84838	0.48593	23.767	0.124114	0.489861	0.283518	0.0933251
20413	0.180233	0.149686	3.69155	1.86071	0.504046	0.506715	2.53889	3.59271	1.78425	0.49663	53.5534	0.0532954	0.500388	0.281463	0.093801
20414	0.0902467	0.128628	3.896	1.75642	0.450827	0.581158	2.59115	3.99634	1.80596	0.451905	25.1625	0.120497	0.451373	0.298625	0.0938288
20415	0.231357	0.194196	3.77984	1.72153	0.455449	0.563068	2.60593	3.64412	1.84281	0.505692	52.8614	0.0550161	0.480112	0.289857	0.0940321
20416	0.128502	0.131207	3.87121	1.81601	0.469107	0.59095	2.60917	3.93375	1.95417	0.496769	28.712	0.106929	0.483049	0.289453	0.094083
20417	0.186804	0.132704	4.13633	2.0019	0.483979	0.616968	2.58743	4.07003	2.04116	0.501511	32.5639	0.0925207	0.492674	0.271551	0.0944721
20418	0.0795492	0.114351	4.22031	1.9546	0.46314	0.583263	2.59014	4.31811	2.07101	0.479612	24.158	0.126864	0.47147	0.275809	0.0944761
20419	0.0260046	0.0520326	3.90605	1.94054	0.496803	0.406334	2.49001	4.2443	2.13441	0.502888	41.0902	0.0723254	0.499972	0.26731	0.0946533
20420	0.0347626	0.0195328	4.09674	1.94057	0.473686	0.500157	2.55218	4.03232	2.01151	0.498849	29.6145	0.108296	0.486167	0.288741	0.0950636
20421	-0.149945	-0.0902819	3.99158	1.78519	0.44724	0.629421	2.54829	3.75327	1.98876	0.529875	11.4619	0.303705	0.487286	0.315735	0.0949544
20422	0.0246864	-0.0279826	4.24056	1.82258	0.429796	0.631335	2.64909	3.79372	1.88947	0.498051	19.4736	0.184011	0.462026	0.325649	0.0953066
20423	-0.0536246	-0.0185233	3.59333	1.76349	0.490768	0.693696	2.65465	3.89949	1.89297	0.485439	12.795	0.279244	0.487994	0.328328	0.0956669
20424	-0.101673	-0.0353295	3.78805	1.83252	0.483764	0.574486	2.62527	3.97503	1.96475	0.494275	15.4832	0.228596	0.489146	0.318001	0.0961554
20425	-0.0107851	-0.0246524	3.755	1.78796	0.476153	0.8183	2.71093	4.0309	2.00034	0.496253	10.8868	0.343691	0.486559	0.330699	0.0964405
20426	-0.00299046	-0.017614	4.29829	1.859	0.432497	0.723839	2.68281	3.9922	1.86727	0.46773	13.8038	0.264141	0.449463	0.328631	0.0965789
20427	-0.0869867	-0.133581	3.7489	1.8837	0.502468	0.440926	2.53145	3.88786	1.99733	0.513735	25.4847	0.139346	0.508204	0.314005	0.0964947
20428	-0.109209	-0.111009	3.76232	1.82527	0.485145	0.625224	2.5427	3.8741	1.96609	0.507495	13.0557	0.269696	0.496484	0.317214	0.0967164
20429	-0.017982	-0.110169	3.88314	1.7661	0.454814	0.596632	2.57419	4.08761	1.91422	0.468298	19.0756	0.188875	0.461729	0.328736	0.0967837
20430	-0.0945246	-0.083064	3.56747	1.72739	0.484207	0.577143	2.59329	3.88264	1.88077	0.484406	15.8774	0.225569	0.484311	0.331794	0.0971504
20431	-0.0812924	-0.0872772	3.57987	1.69408	0.473225	0.551945	2.55734	3.65978	1.89378	0.517458	17.4419	0.200495	0.495586	0.327768	0.0972566
20432	-0.131018	-0.101844	3.75135	1.73566	0.462676	0.579686	2.58446	3.96987	1.95562	0.492615	14.2867	0.25255	0.478069	0.328399	0.0977754
20433	-0.0549624	-0.0909491	3.43953	1.72947	0.502821	0.662141	2.67407	3.65571	1.90003	0.519743	14.8673	0.257119	0.51154	0.345068	0.0976785
20434	-0.115425	-0.118558	3.68446	1.86771	0.506916	0.752035	2.71814	4.07208	1.97034	0.483867	10.6937	0.376243	0.494815	0.34401	0.0974427
20435	-0.197427	-0.0798143	3.87618	1.78464	0.460412	0.703014	2.70154	3.95738	2.01191	0.508396	9.54114	0.405398	0.484653	0.337598	0.0979691
20436	-0.114672	-0.134387	3.85592	1.72073	0.446257	0.727737	2.69641	4.03561	1.88497	0.467085	11.292	0.354826	0.456908	0.357279	0.098113
20437	-0.142911	-0.131321	3.96016	1.78084	0.44969	0.632873	2.66165	4.02349	1.86834	0.464358	12.9614	0.30092	0.457082	0.348399	0.098257
20438	-0.165428	-0.203962	3.78542	1.84905	0.488465	0.646403	2.64991	3.78076	1.82075	0.481583	12.3577	0.329535	0.485026	0.356962	0.0979169
20439	-0.243215	-0.22363	3.6945	1.78273	0.482535	0.672434	2.69138	4.08012	1.80388	0.442114	10.1349	0.419207	0.461322	0.372091	0.0975127
20440	-0.0581587	-0.156072	3.73204	1.87341	0.50198	0.77844	2.76071	3.85721	1.87713	0.486655	12.1555	0.349949	0.494191	0.361991	0.0978554
20441	-0.216182	-0.0884647	3.62091	1.67801	0.463422	0.832487	2.85664	4.13699	1.92809	0.466062	7.88722	0.549853	0.46483	0.375631	0.0979849
20442	-0.0626486	-0.0555657	4.00891	1.7773	0.443337	0.919048	2.89205	3.78482	1.9456	0.514053	9.01543	0.481864	0.477678	0.368582	0.0980709
20443	-0.075404	-0.118073	3.73794	1.76306	0.471665	0.863853	2.88884	3.77398	2.0128	0.533336	10.2488	0.441102	0.502648	0.374586	0.0979226
20444	-0.220238	-0.155532	3.86154	1.82282	0.472046	0.873997	2.89704	4.2494	2.20097	0.517949	7.78235	0.598675	0.496095	0.366781	0.0985003
20445	-0.182586	-0.126034	3.6415	1.70026	0.466911	0.920326	2.92807	3.69604	1.85633	0.502248	7.66806	0.608207	0.484711	0.396128	0.098515
20446	-0.143927	-0.221317	3.68026	1.60139	0.43513	0.982881	2.97969	3.77752	1.89452	0.501525	8.07003	0.634847	0.46876	0.423004	0.0985347
20447	-0.186909	-0.164622	3.46608	1.68502	0.486146	0.991719	3.00585	3.97909	1.83924	0.462227	7.23594	0.694582	0.473362	0.416367	0.0987526
20448	-0.145669	-0.210868	3.7992	1.86382	0.490582	1.08219	3.03766	4.07682	2.07091	0.507972	6.99963	0.75382	0.499583	0.401497	0.0991905
20449	-0.241236	-0.210204	4.12352	1.76531	0.428108	1.02884	3.0141	3.99173	1.89684	0.475192	6.44484	0.806548	0.451267	0.415225	0.0992959
20450	-0.215615	-0.236255	3.8937	1.88195	0.483332	0.932326	2.94481	3.89735	1.97252	0.50612	7.679	0.658885	0.494731	0.396373	0.0995332
20451	-0.181379	-0.188876	3.96022	1.88787	0.476708	1.04539	2.96008	4.13328	1.98573	0.480424	6.58886	0.752476	0.478606	0.390351	0.0998629
20452	-0.114894	-0.215502	3.61541	1.94123	0.536933	0.911029	2.95836	3.86105	1.99316	0.516221	9.57075	0.526259	0.526237	0.390395	0.100441
20453	-0.253044	-0.28491	3.99734	1.83978	0.460252	0.902148	2.97757	4.02371	2.1998	0.546709	7.97607	0.667234	0.503623	0.397245	0.100827
20454	-0.396878	-0.352988	3.91778	1.77587	0.453285	1.0192	3.03358	4.02189	1.94837	0.484441	5.71927	1.00265	0.469067	0.435112	0.100914
20455	-0.323091	-0.314933	3.84308	1.70905	0.444709	0.994519	2.95166	4.01345	1.98377	0.494281	6.14634	0.868048	0.470032	0.419533	0.101045
20456	-0.359048	-0.369731	3.6428	1.78177	0.489122	0.995926	2.96465	4.19313	2.02073	0.481915	6.05575	0.917978	0.485265	0.422412	0.101242
20457	-0.388291	-0.393542	3.59026	1.71336	0.477224	0.976325	2.95103	4.0749	1.909	0.468478	6.00704	0.931088	0.472575	0.435796	0.101394
20458	-0.386196	-0.398657	3.79177	1.81572	0.478858	1.00346	2.98519	3.67694	1.7891	0.486572	5.92935	0.965574	0.482655	0.442743	0.101389
20459	-0.469104	-0.416269	3.91179	1.77285	0.453205	0.873721	2.94781	3.80003	1.80347	0.474593	6.27615	0.90159	0.463744	0.44181	0.101666
20460	-0.403221	-0.390671	3.66005	1.70091	0.464725	0.96109	2.97279	3.86759	1.82967	0.473077	6.07778	0.930671	0.469016	0.444895	0.101756
20461	-0.446082	-0.444702	3.83548	1.96767	0.513019	0.947319	2.97287	4.1775	1.97194	0.472039	6.01565	0.970782	0.491654	0.425797	0.10213
20462	-0.424267	-0.421919	3.80664	1.87908	0.493632	0.885757	2.94707	3.9287	2.03178	0.517163	6.61365	0.858081	0.505583	0.420597	0.102438
20463	-0.491632	-0.449772	3.98379	1.95112	0.489765	0.890273	2.90311	3.93682	1.97832	0.502518	5.88681	0.954831	0.496104	0.417109	0.102511
20464	-0.417164	-0.467362	3.95597	2.05039	0.518301	0.961969	2.94339	4.06546	1.884	0.463415	6.11628	0.951004	0.490484	0.425146	0.102673
20465	-0.434503	-0.463936	4.22638	1.96734	0.465491	0.924661	2.89712	3.90869	1.97717	0.505838	6.11517	0.923663	0.484877	0.417363	0.10252
20466	-0.572116	-0.523933	4.02192	1.86076	0.462654	0.985422	2.93365	3.82833	2.03614	0.53186	4.92796	1.21296	0.496404	0.434175	0.102575
20467	-0.586996	-0.516587	3.59125	1.81447	0.505247	0.875749	2.94251	4.21246	1.91772	0.455248	5.59228	1.06981	0.478257	0.44503	0.10306
20468	-0.475207	-0.528313	3.95073	1.81626	0.459728	0.867944	2.89743	4.05115	1.80392	0.445286	6.5052	0.902027	0.452416	0.447771	0.103703
20469	-0.505937	-0.532164	3.82878	1.95002	0.509306	0.85927	2.88754	3.57625	1.76266	0.492879	6.2745	0.931896	0.501373	0.44067	0.104181
20470	-0.407648	-0.416996	3.86986	1.97826	0.511197	0.969097	2.89467	4.01042	1.85849	0.463415	5.78611	0.947713	0.48688	0.416899	0.104457
20471	-0.324324	-0.333295	3.82134	1.93208	0.505602	0.950799	2.94888	3.91822	1.90393	0.485918	6.6255	0.812969	0.495637	0.412603	0.104338
20472	-0.410383	-0.451326	3.74817	1.91988	0.512216	0.930391	2.95803	4.01319	1.84772	0.460411	6.46597	0.898838	0.485429	0.435565	0.104594
20473	-0.428343	-0.554122	4.10572	2.04151	0.497235	0.917312	2.93784	3.79524	1.7911	0.471934	6.73398	0.905393	0.485082	0.443144	0.10466
20474	-0.476872	-0.522607	4.02142	2.04056	0.507422	0.957567	2.91963	3.62532	1.81621	0.500979	5.75861	1.02881	0.504367	0.434533	0.105122
20475	-0.480615	-0.478412	4.22351	2.07675	0.491711	0.848444	2.86494	4.25893	1.99391	0.468172	6.32813	0.883199	0.479893	0.407176	0.105788
20476	-0.464061	-0.456131	3.81921	1.95189	0.51107	0.921699	2.9192	4.03495	1.92766	0.477739	5.93275	0.960165	0.493947	0.423474	0.10622
20477	-0.416399	-0.438934	3.90381	1.9267	0.493543	0.969968	2.9371	3.80381	2.01953	0.530923	5.93005	0.961007	0.511991	0.419421	0.106187
20478	-0.394293	-0.429133	3.85454	1.9161	0.497102	0.979388	2.95525	3.90814	1.93993	0.496382	6.06997	0.9435	0.49674	0.426268	0.106153
20479	-0.408075	-0.396363	3.65222	1.78076	0.487583	0.902688	2.92415	3.86446	1.91909	0.4966	6.41746	0.859049	0.492219	0.427063	0.106267
20480	-0.353654	-0.423484	4.00734	1.87	0.466644	1.00442	2.97459	3.92731	1.7945	0.456927	6.26067	0.922176	0.461834	0.440762	0.106411
20481	-0.549359	-0.47265	4.03044	2.00417	0.497258	1.05507	2.9959	3.81983	1.88182	0.492644	4.67365	1.28709	0.495013	0.436421	0.106156
20482	-0.463432	-0.485467	3.79821	1.84901	0.486812	0.8695	2.93988	3.72727	1.98639	0.532933	6.6038	0.888354	0.509655	0.433481	0.106144
20483	-0.644264	-0.577722	3.61233	1.80019	0.498346	0.900337	2.90053	3.78371	1.99894	0.528302	5.07096	1.1929	0.513671	0.443368	0.106431
20484	-0.549012	-0.576434	4.06278	1.78077	0.438312	0.903744	2.89385	4.17421	2.05427	0.492133	5.70617	1.05525	0.465586	0.439917	0.106442
20485	-0.501105	-0.592379	3.61536	1.67909	0.464432	0.862485	2.94817	4.07084	2.05824	0.505605	6.74175	0.929689	0.486238	0.456212	0.106507
20486	-0.60063	-0.633633	3.76986	1.70814	0.453104	0.931983	2.96946	3.8119	1.9162	0.50269	5.52696	1.17445	0.478034	0.472557	0.106513
20487	-0.604338	-0.612529	4.05215	1.91911	0.473603	0.930565	3.01681	4.29559	2.08023	0.484272	5.59106	1.17796	0.479093	0.451696	0.106514
20488	-0.688558	-0.613153	4.08448	1.90866	0.467295	1.01173	3.01158	3.82064	2.02431	0.529836	4.54473	1.44549	0.497522	0.455214	0.106879
20489	-0.624991	-0.60276	4.04038	1.90717	0.472026	1.07937	3.02726	3.74171	1.95046	0.521275	4.53624	1.45242	0.495706	0.460738	0.107207
20490	-0.619103	-0.528709	3.63863	1.80963	0.497339	1.01874	3.05032	3.86718	1.81571	0.469517	4.77513	1.34127	0.483004	0.469149	0.107231
20491	-0.55205	-0.519815	3.56795	1.78259	0.499611	1.03444	3.03031	4.01827	1.97461	0.49141	5.00737	1.25848	0.495267	0.456236	0.107732
20492	-0.547604	-0.508416	3.97393	1.86025	0.468113	1.01385	2.99113	4.04253	2.03067	0.502325	5.02301	1.21907	0.485365	0.440491	0.10794
20493	-0.513971	-0.492929	3.81239	1.90749	0.500338	1.04997	3.06846	4.21063	1.98877	0.472322	5.18558	1.22296	0.485635	0.448802	0.107528
20494	-0.506504	-0.500613	3.81144	1.85374	0.486362	1.03197	3.0842	4.3687	1.974	0.451851	5.42942	1.18345	0.467931	0.456447	0.107664
20495	-0.453132	-0.477993	3.91825	1.91819	0.489553	1.01672	3.11188	3.90779	1.80381	0.461593	5.96498	1.08024	0.475591	0.464107	0.10753
20496	-0.53558	-0.549899	4.08026	1.97086	0.483024	1.10993	3.12122	3.76141	1.85271	0.492557	4.9773	1.35386	0.487596	0.468545	0.107815
20497	-0.537727	-0.525237	3.81659	1.90527	0.499207	1.06685	3.0627	4.18273	1.86264	0.445318	5.0	1.28733	0.471029	0.460791	0.107953
20498	-0.468204	-0.515227	3.86772	1.94967	0.504088	1.06915	3.1029	3.98243	1.89378	0.475532	5.53886	1.18173	0.489602	0.460023	0.107941
20499	-0.532453	-0.518597	3.86074	1.81405	0.46987	1.00219	3.07551	3.82414	1.94613	0.508908	5.48488	1.17756	0.489296	0.462154	0.108076
20500	-0.447604	-0.448821	3.77094	1.82467	0.483877	1.0943	3.06549	4.22997	1.99617	0.471911	5.19474	1.18874	0.477551	0.447055	0.108373
