cycle	Zbar1	Gbar1	VP1	VG1	h21	Zbar2	Gbar2	VP2	VG2	h22	h2b	h2b_denom	h2w	Qst	Fst
20000	0.443755	0.441605	4.28312	2.15197	0.502431	4.35061	0.338535	3.9468	2.04843	0.51901	0.000696011	7.63175	0.510381	0.000632211	0.00037634
20001	0.402276	0.384774	4.01473	1.98442	0.494284	4.33071	0.35563	4.25332	2.11143	0.49642	5.50368e-05	7.71628	0.495383	5.18659e-05	0.000620164
20002	0.202256	0.277142	3.84965	1.89096	0.491203	4.19097	0.226086	4.10207	2.24403	0.547049	0.000163841	7.95492	0.520013	0.000157653	0.000872988
20003	0.221142	0.236469	3.92444	1.9311	0.492069	4.10792	0.131773	4.08716	2.195	0.537047	0.000725566	7.55351	0.515015	0.000664026	0.00108446
20004	0.276822	0.232653	3.78099	1.82548	0.482804	4.03723	0.0139614	3.94997	2.09138	0.529469	0.00338217	7.07034	0.506646	0.00304482	0.0013611
20005	0.274861	0.258837	4.16193	1.95996	0.470925	3.95702	-0.0625694	4.27298	2.09933	0.491303	0.00761912	6.77913	0.481248	0.00632501	0.0016172
20006	0.334574	0.248138	3.73718	1.91448	0.512278	3.83257	-0.147129	4.42852	2.26918	0.512401	0.0127685	6.118	0.512345	0.00925432	0.00189216
20007	0.264811	0.238855	3.88975	1.98147	0.509409	3.80006	-0.21443	3.87281	2.01567	0.520467	0.01644	6.249	0.514926	0.0126941	0.00212024
20008	0.288367	0.217727	3.87955	2.04702	0.527644	3.6921	-0.299637	3.79606	1.82065	0.479615	0.0231036	5.79271	0.503891	0.0170156	0.002343
20009	0.125305	0.153528	3.93151	2.06991	0.526492	3.56086	-0.411329	3.82785	1.82343	0.476359	0.0270323	5.90153	0.50176	0.0200863	0.00264777
20010	0.196404	0.13552	4.2843	2.1499	0.501808	3.55974	-0.469526	3.77559	1.93091	0.511421	0.032362	5.65602	0.506311	0.0219457	0.0028338
20011	0.103482	0.059472	4.2929	2.24372	0.522657	3.42542	-0.493195	3.91549	1.853	0.473248	0.0276785	5.51764	0.499089	0.0183073	0.00305867
20012	0.082435	0.0726778	3.82081	2.1033	0.550487	3.55198	-0.465415	4.19277	2.04309	0.487288	0.024053	6.01887	0.517421	0.0171665	0.00327979
20013	0.16615	0.107624	3.96471	2.1498	0.542233	3.42765	-0.517388	3.83582	2.01867	0.526268	0.0367232	5.3187	0.534382	0.0229031	0.00354007
20014	0.121958	0.166325	3.74932	2.03439	0.542602	3.57355	-0.458586	4.07118	2.00116	0.491545	0.0327791	5.95674	0.516023	0.0236322	0.00377863
20015	0.230862	0.176416	4.24476	1.85576	0.437189	3.42185	-0.502093	3.80325	2.09107	0.549811	0.0452126	5.09121	0.490411	0.0283485	0.00406858
20016	0.216614	0.172212	3.89361	1.9675	0.505315	3.45374	-0.569082	3.93606	1.90279	0.483426	0.0524399	5.23948	0.494311	0.0342956	0.00439336
20017	0.234912	0.1913	4.0415	2.08112	0.514937	3.42567	-0.637894	4.01657	1.80431	0.449217	0.0675343	5.09048	0.482178	0.0423859	0.00465382
20018	0.25156	0.221381	3.9783	1.99153	0.500599	3.33941	-0.643395	4.03962	1.82957	0.452907	0.0784322	4.76741	0.476571	0.0466681	0.00484419
20019	0.227373	0.211821	3.87754	2.0144	0.519506	3.31946	-0.666413	3.9777	1.87421	0.471179	0.080671	4.78049	0.495034	0.0472666	0.00517719
20020	0.249475	0.249533	3.81679	1.84088	0.48231	3.39765	-0.672311	4.03445	2.07737	0.514907	0.0857426	4.95551	0.499061	0.0514563	0.00548488
20021	0.278775	0.204513	3.90962	1.85735	0.475073	3.4179	-0.57789	3.92735	2.15251	0.548082	0.0621218	4.92705	0.51166	0.0367802	0.00573286
20022	0.160241	0.156833	4.0036	1.93768	0.483984	3.41824	-0.597769	4.00302	2.0523	0.512688	0.0536456	5.30728	0.498335	0.0344659	0.00603266
20023	0.141329	0.159799	3.69568	1.72507	0.466781	3.37207	-0.671718	3.78373	2.05389	0.542823	0.0662426	5.21885	0.50525	0.0437616	0.00619412
20024	0.178846	0.139854	3.89177	1.79296	0.460705	3.28878	-0.779588	3.71861	1.92777	0.518412	0.0874069	4.83585	0.488902	0.053774	0.00651875
20025	0.0987143	0.0904817	3.65926	1.79466	0.490445	3.14711	-0.879134	3.71212	1.8526	0.499069	0.101171	4.64636	0.494788	0.0605694	0.006745
20026	0.138172	0.102568	3.9024	1.84055	0.471647	3.08345	-0.932546	4.17076	1.9695	0.472217	0.123517	4.33732	0.471941	0.0657175	0.00702828
20027	0.248623	0.153952	4.0351	1.93147	0.478668	3.01726	-0.969292	3.98418	2.07641	0.521164	0.164595	3.83267	0.499781	0.0729919	0.00724798
20028	0.239357	0.183552	3.83245	1.85953	0.485207	3.04717	-0.960034	4.0964	2.14874	0.524545	0.165883	3.94192	0.50553	0.0754515	0.00762208
20029	0.30824	0.244297	3.98379	2.00859	0.504192	3.00694	-0.965586	4.09536	1.99275	0.486589	0.200991	3.6415	0.495269	0.0838325	0.00789964
20030	0.191692	0.215717	3.83615	2.01285	0.524706	2.9863	-1.04231	4.27693	2.11631	0.494821	0.202647	3.90491	0.508952	0.0874817	0.00817879
20031	0.228774	0.186546	3.9086	1.85768	0.475282	2.93417	-1.04811	4.01914	2.08823	0.519572	0.208272	3.6596	0.497735	0.0881136	0.00831534
20032	0.292151	0.21582	3.84356	1.81389	0.47193	2.91466	-1.06727	4.30508	2.04188	0.474296	0.239376	3.43878	0.47318	0.0964922	0.00845613
20033	0.131947	0.138286	4.14073	1.92668	0.465298	2.98762	-1.15092	4.16885	2.10339	0.50455	0.203809	4.07744	0.48499	0.0935084	0.00870844
20034	0.153558	0.153565	4.06378	1.85984	0.457661	2.83395	-1.17581	3.88436	1.92253	0.494943	0.245977	3.59226	0.475881	0.104637	0.00898049
20035	0.226004	0.147323	4.06459	1.86523	0.458899	2.66449	-1.25521	4.15317	2.05099	0.493837	0.330812	2.97311	0.476556	0.111613	0.00919296
20036	0.0393808	0.0896528	4.03318	1.97815	0.49047	2.61514	-1.33318	4.29636	2.11341	0.491908	0.305139	3.31726	0.491212	0.110129	0.00956482
20037	0.0272997	0.0782479	3.8865	1.90927	0.491256	2.69775	-1.33138	3.96265	2.1659	0.546578	0.278638	3.56566	0.519186	0.108704	0.00997877
20038	0.162726	0.113872	3.74352	1.90785	0.50964	2.64078	-1.34072	4.19833	2.22929	0.530994	0.344555	3.07038	0.520928	0.113412	0.0104496
20039	0.0429828	0.0363933	4.19565	2.11099	0.503137	2.59144	-1.43531	3.95069	2.05861	0.521074	0.333493	3.24731	0.511836	0.114988	0.0108198
20040	0.0189607	0.0597089	4.04024	2.13799	0.529174	2.48522	-1.41243	4.11379	1.98347	0.482153	0.356302	3.04121	0.505451	0.116235	0.0111812
20041	0.0898257	0.096158	3.93036	2.02328	0.514784	2.66355	-1.38763	4.00564	2.00391	0.500273	0.332366	3.31204	0.50746	0.120292	0.0115153
20042	0.058545	0.101483	4.22602	2.14661	0.507949	2.54628	-1.47273	3.80979	1.8163	0.476745	0.400422	3.09441	0.493155	0.135256	0.0116545
20043	0.0352813	0.0351922	4.0349	2.02554	0.502006	2.46842	-1.52534	4.20826	2.03897	0.484515	0.41135	2.96009	0.493077	0.130331	0.0118216
20044	0.087338	0.0419042	4.03856	1.95155	0.48323	2.3924	-1.57394	4.02114	1.9391	0.482226	0.491396	2.65666	0.482729	0.143729	0.0119309
20045	0.00400244	0.0436868	3.85733	1.92653	0.499447	2.38196	-1.60337	3.85089	1.98619	0.515774	0.479746	2.82734	0.507604	0.14779	0.0120138
20046	0.142509	0.0861724	3.85675	1.99066	0.516151	2.26992	-1.65367	3.84661	1.91966	0.499054	0.668836	2.26293	0.507614	0.162217	0.0123063
20047	0.010164	0.019363	3.87005	1.96626	0.508072	2.40267	-1.64269	4.02659	1.931	0.479564	0.482597	2.86205	0.493535	0.150593	0.012437
20048	-0.0320207	-0.0237812	3.93783	1.95713	0.497007	2.29793	-1.67675	4.02361	2.00299	0.49781	0.50331	2.71434	0.497413	0.147176	0.0124976
20049	-0.094133	-0.0395047	3.74983	1.93211	0.515254	2.38127	-1.69752	4.05632	2.12938	0.524955	0.448624	3.06381	0.520295	0.144784	0.0126264
20050	-0.067922	-0.0610265	4.02165	1.98987	0.49479	2.27578	-1.65521	4.022	1.9938	0.495723	0.462672	2.74646	0.495257	0.137611	0.0128681
20051	-0.155044	-0.0860637	4.08751	2.08501	0.510092	2.27727	-1.67152	3.61307	1.98681	0.549895	0.424882	2.95809	0.528768	0.133758	0.0129924
20052	-0.043605	-0.0676103	4.00436	1.95296	0.487708	2.3115	-1.70723	3.96798	2.02762	0.510996	0.48469	2.77326	0.499299	0.144514	0.0132495
20053	-0.00343295	-0.0760293	3.90899	1.98539	0.507904	2.32994	-1.75097	4.2131	1.98268	0.470598	0.515269	2.72231	0.488553	0.150266	0.0135107
20054	-0.151584	-0.12553	3.84462	2.07254	0.539075	2.24764	-1.70287	4.24226	2.01619	0.475264	0.432224	2.87814	0.5056	0.132097	0.0136253
20055	-0.195329	-0.15265	3.95286	2.13947	0.541247	2.27039	-1.71812	3.86356	2.01646	0.521919	0.403093	3.03988	0.531693	0.128537	0.013858
20056	-0.0142777	-0.0673936	4.27161	2.14498	0.502149	2.32341	-1.72513	4.17392	2.02328	0.484744	0.502869	2.7324	0.493547	0.14156	0.0139759
20057	0.138326	0.056077	4.34116	2.09507	0.482606	2.23537	-1.76392	4.0085	2.08192	0.519376	0.753224	2.19881	0.500259	0.16552	0.0142014
20058	0.134246	0.10695	3.83134	1.99531	0.520787	2.2373	-1.78063	4.52904	2.25048	0.496901	0.805579	2.21142	0.507847	0.173484	0.0144901
20059	0.122586	0.0868259	4.26784	2.13129	0.499385	2.20883	-1.78076	4.1369	2.1668	0.523773	0.801369	2.17621	0.511389	0.168728	0.0148358
20060	0.029486	0.0550434	3.70356	2.05188	0.554029	2.31827	-1.72561	3.99094	2.07232	0.519257	0.605271	2.61927	0.535994	0.161284	0.0149725
20061	0.00737108	0.0286593	4.06621	1.90306	0.468017	2.14198	-1.80899	3.97281	2.00679	0.505132	0.741126	2.27827	0.486359	0.177655	0.0151882
20062	-0.0247936	0.0201196	3.79986	1.87533	0.493525	2.17649	-1.83619	4.0912	2.09078	0.511044	0.711134	2.42282	0.502608	0.178522	0.0154513
20063	0.0634944	0.0183811	4.12733	2.20769	0.534896	2.14911	-1.81206	3.87136	2.06093	0.532353	0.77027	2.1749	0.533665	0.164109	0.0155195
20064	0.0250107	0.066644	3.95959	2.04148	0.51558	2.13516	-1.85955	4.10181	1.99573	0.486548	0.833242	2.22637	0.500808	0.186903	0.0158725
20065	0.163264	0.109196	3.8804	1.97971	0.510182	2.14635	-1.83504	3.92668	2.02254	0.515077	0.961204	1.96631	0.512644	0.191094	0.0160177
20066	0.0294168	0.00994223	3.89559	1.89677	0.486902	2.20225	-1.8315	4.05128	2.00851	0.495773	0.718224	2.36061	0.491424	0.178429	0.0162231
20067	-0.00143656	0.0721177	3.97213	1.86659	0.469923	2.16075	-1.84774	3.86365	2.06176	0.53363	0.788411	2.33752	0.501336	0.190077	0.0164068
20068	-0.0357069	-0.0364068	3.85146	1.93206	0.501643	2.20554	-1.87784	4.07817	1.94837	0.477755	0.67504	2.5116	0.489357	0.179365	0.0168237
20069	-0.116153	-0.13386	4.10259	1.9394	0.472725	2.02793	-1.97474	3.78433	1.83524	0.484958	0.737171	2.29855	0.478595	0.18338	0.0169956
20070	-0.21765	-0.137695	3.91006	1.91752	0.490409	2.08127	-1.99687	3.95071	1.91277	0.484159	0.654023	2.64251	0.487268	0.184151	0.0170233
20071	-0.0843665	-0.0620551	3.84146	1.78239	0.463987	1.95159	-2.02725	3.82235	1.94741	0.509479	0.931699	2.07255	0.486676	0.205713	0.0173328
20072	-0.00181551	-0.0694545	3.88376	2.00367	0.51591	1.95159	-2.07384	3.69331	1.98592	0.537708	1.05288	1.90789	0.526535	0.201201	0.0179979
20073	0.0409495	-0.00566949	3.97659	2.02227	0.508545	1.96166	-2.02966	3.99996	2.00838	0.5021	1.11043	1.84457	0.505313	0.202687	0.0182823
20074	0.0156087	0.0103356	3.8119	2.09837	0.550479	1.91562	-2.05633	4.1944	2.02808	0.48352	1.18311	1.80503	0.5154	0.205651	0.0185406
20075	-0.00375616	0.0217566	4.17027	1.96912	0.47218	1.9859	-2.03514	3.93696	2.06255	0.523894	1.06874	1.97936	0.497293	0.207909	0.0188862
20076	-0.014078	0.00382777	3.96705	2.03762	0.513637	1.81647	-2.10903	3.96489	1.98628	0.500967	1.33223	1.67545	0.507304	0.217217	0.0190984
20077	-0.0224644	-0.00356619	3.94705	2.14024	0.542239	1.88566	-2.134	4.04608	1.97058	0.487035	1.24659	1.82046	0.514295	0.2164	0.0195741
20078	-0.102619	0.0326523	3.92224	2.06766	0.527162	1.85601	-2.15488	4.0068	1.91553	0.47807	1.2474	1.91812	0.502354	0.231061	0.0198066
20079	0.0301885	0.0356777	4.14892	2.04735	0.493466	1.88559	-2.08173	4.07217	1.90926	0.468855	1.30236	1.72126	0.481275	0.220836	0.0198414
20080	0.0189034	0.0470524	3.52404	1.7533	0.497524	1.8943	-2.09699	4.10339	1.94967	0.475136	1.307	1.75856	0.48548	0.236937	0.0200422
20081	-0.00143772	-0.0431525	4.29475	2.01861	0.470019	1.90179	-2.11763	4.02359	2.08672	0.518622	1.18805	1.81114	0.493528	0.20773	0.0203529
20082	-0.0730551	-0.0474488	3.98325	1.89731	0.476323	1.87862	-2.13847	3.8344	2.10776	0.549697	1.14789	1.90452	0.512312	0.214493	0.0206057
20083	-0.0251368	-0.0736872	4.20318	2.0546	0.488819	1.82357	-2.14693	3.9352	2.01215	0.511322	1.25766	1.70886	0.4997	0.209091	0.0209418
20084	-0.173338	-0.174463	3.93734	1.89763	0.481956	1.7921	-2.13341	4.13174	1.97352	0.477648	0.993408	1.93147	0.47975	0.198686	0.0211297
20085	-0.286979	-0.309611	3.96524	2.10431	0.530689	1.73011	-2.25714	4.14145	1.97425	0.476705	0.932228	2.03431	0.50311	0.188711	0.0215269
20086	-0.240967	-0.244486	3.92619	1.95543	0.498047	1.74368	-2.30248	4.13134	1.85997	0.450209	1.07528	1.96941	0.473519	0.217316	0.021983
20087	-0.274485	-0.227604	3.85886	1.91243	0.495595	1.6671	-2.35939	3.79188	1.80081	0.474913	1.20552	1.88487	0.485344	0.234374	0.0222233
20088	-0.204253	-0.209875	3.7853	1.89334	0.500182	1.66896	-2.31843	3.88681	1.95488	0.502952	1.26705	1.75447	0.501586	0.224192	0.0227097
20089	-0.203059	-0.216019	3.94375	1.96692	0.498743	1.74352	-2.34756	3.86734	1.92803	0.49854	1.19906	1.89458	0.498643	0.225869	0.0228422
20090	-0.127286	-0.218534	3.71571	1.99047	0.535692	1.66707	-2.31906	3.89572	1.92335	0.493708	1.37038	1.60986	0.514204	0.219955	0.0228885
20091	-0.146183	-0.144507	3.8686	2.05049	0.530035	1.58406	-2.3377	3.93701	1.91018	0.485187	1.60671	1.49687	0.507414	0.232992	0.023317
20092	-0.172682	-0.198029	3.78288	1.92113	0.507847	1.66904	-2.31171	3.94977	1.9435	0.492055	1.31714	1.69596	0.499781	0.224297	0.0236545
20093	-0.130126	-0.152742	3.83877	1.86662	0.486254	1.63296	-2.36368	3.93685	1.85552	0.471321	1.57256	1.55423	0.478693	0.247264	0.023715
20094	-0.152119	-0.172582	3.84996	1.8489	0.480238	1.54327	-2.43621	3.85115	2.05359	0.53324	1.78267	1.43717	0.506743	0.247224	0.0237807
20095	-0.0340077	-0.0924718	3.90367	1.78483	0.45722	1.44139	-2.53394	3.98614	1.97508	0.495487	2.73832	1.0884	0.476553	0.283942	0.0241888
20096	-0.100574	-0.11118	3.99766	1.82848	0.457388	1.44681	-2.54689	4.03457	2.1685	0.537479	2.47773	1.1972	0.497617	0.270743	0.0244678
20097	-0.0696695	-0.108988	3.72192	1.87897	0.504839	1.42398	-2.60278	4.06452	2.0964	0.51578	2.78756	1.11549	0.51055	0.281244	0.0246507
20098	-0.0841739	-0.0972117	4.04379	1.94049	0.47987	1.43904	-2.58892	4.18142	2.18639	0.522882	2.67592	1.16009	0.501736	0.273412	0.0251324
20099	-0.0981714	-0.133272	4.14296	1.8955	0.457523	1.32216	-2.67093	3.97264	2.0156	0.507369	3.19217	1.00867	0.481923	0.291703	0.0255478
20100	-0.182592	-0.145332	3.83577	2.02525	0.52799	1.28824	-2.73066	4.03605	1.94299	0.481408	3.08962	1.08167	0.504106	0.296418	0.0257516
20101	-0.304905	-0.301773	3.73195	1.90136	0.509482	1.16299	-2.84552	4.27163	2.08719	0.488618	3.003	1.07736	0.498346	0.288651	0.0259466
20102	-0.339698	-0.341523	4.00443	1.93444	0.483075	1.11331	-2.89854	4.12074	1.98908	0.482699	3.09694	1.05561	0.482885	0.294194	0.026349
20103	-0.265023	-0.232012	4.16572	1.9738	0.47382	1.1212	-2.83781	3.64992	1.98409	0.543596	3.53357	0.960813	0.506406	0.300268	0.02688
20104	-0.117684	-0.171464	4.17429	2.0522	0.49163	1.27173	-2.81554	4.06851	2.06084	0.506534	3.62143	0.965243	0.498986	0.298319	0.0269773
20105	-0.156672	-0.193988	4.02913	1.93438	0.4801	1.20587	-2.8002	4.01437	2.08558	0.519528	3.65864	0.928264	0.499778	0.297075	0.0271139
20106	-0.23891	-0.239627	3.87246	1.93266	0.499078	1.22601	-2.73772	4.10589	2.04793	0.498779	2.90796	1.073	0.498924	0.281675	0.0272744
20107	-0.302855	-0.234825	4.04335	1.94344	0.480652	1.24136	-2.7604	4.11644	2.0768	0.504515	2.67489	1.1923	0.49269	0.284104	0.0274369
20108	-0.216731	-0.263618	3.9333	1.91759	0.487526	1.32207	-2.73733	3.88138	2.04016	0.525628	2.58423	1.18396	0.50645	0.278878	0.0272451
20109	-0.293499	-0.282903	3.88241	1.76243	0.453953	1.18849	-2.78015	3.86133	2.12095	0.549279	2.83945	1.09815	0.501486	0.286566	0.027649
20110	-0.282286	-0.245854	3.65456	1.77985	0.487024	1.30671	-2.7177	4.14386	2.10722	0.508517	2.41989	1.26246	0.498444	0.282211	0.0278803
20111	-0.182132	-0.21356	3.52702	1.71529	0.486329	1.33148	-2.63614	4.06689	1.96783	0.483865	2.56171	1.1455	0.48501	0.284981	0.0281769
20112	-0.267123	-0.288843	4.01977	1.87441	0.466296	1.2126	-2.73488	4.02769	1.93282	0.479884	2.73254	1.09478	0.473097	0.282163	0.0281304
20113	-0.263098	-0.222856	4.04154	1.76417	0.436511	1.1866	-2.80564	4.00533	2.14262	0.534941	3.17412	1.05081	0.485504	0.299271	0.0285592
20114	-0.228983	-0.237596	3.79598	1.75511	0.462361	1.19633	-2.85248	3.99892	2.16591	0.541625	3.36574	1.01577	0.503025	0.303707	0.0286334
20115	-0.270308	-0.307813	3.97967	1.81551	0.456196	1.09466	-2.93349	4.21256	2.12419	0.504252	3.7003	0.931574	0.480907	0.304445	0.0291528
20116	-0.351315	-0.354512	3.32654	1.7124	0.514769	1.0552	-2.96528	3.97517	1.97874	0.497775	3.44548	0.989142	0.505517	0.315952	0.0295095
20117	-0.293402	-0.342252	3.68511	1.85522	0.503436	0.951769	-2.9556	3.92122	1.94623	0.496333	4.40492	0.775225	0.499774	0.310045	0.0295582
20118	-0.335178	-0.353648	4.20526	1.93589	0.46035	1.06008	-2.89218	3.89165	1.97014	0.506248	3.31021	0.973372	0.48241	0.292113	0.0296855
20119	-0.395346	-0.362574	3.69837	1.94858	0.526876	1.13132	-2.89058	4.1016	2.17253	0.529678	2.74201	1.16535	0.528349	0.279477	0.0301242
20120	-0.345561	-0.36313	3.92124	1.83019	0.466739	1.03722	-2.91877	4.00206	2.00537	0.501085	3.4158	0.956038	0.484087	0.298697	0.0306453
20121	-0.234334	-0.285699	3.96992	1.90868	0.480786	1.06695	-2.90637	3.77521	1.88184	0.498471	4.05587	0.846666	0.489406	0.311861	0.0303705
20122	-0.246085	-0.280386	3.74765	1.96535	0.524422	1.08229	-2.85144	3.98694	2.1276	0.533643	3.7461	0.882296	0.529175	0.287731	0.0304292
20123	-0.326628	-0.304026	3.92621	1.78867	0.45557	1.24428	-2.84839	4.12197	2.15929	0.523849	2.62335	1.23388	0.49054	0.290856	0.0309207
20124	-0.302341	-0.349454	3.29739	1.7976	0.545158	1.24442	-2.7817	4.27703	2.12622	0.497124	2.47267	1.19624	0.518035	0.273839	0.0309927
20125	-0.427971	-0.375517	4.33212	1.95092	0.450338	1.19713	-2.77374	4.17254	2.02692	0.485775	2.17781	1.32047	0.467724	0.265597	0.0312274
20126	-0.270945	-0.292534	3.98511	1.88352	0.47264	1.10053	-2.91642	4.23049	2.15779	0.510056	3.6603	0.940466	0.491907	0.298793	0.031577
20127	-0.364102	-0.370537	3.85936	1.98398	0.514071	0.99744	-2.93658	4.10114	1.96764	0.479778	3.55194	0.926898	0.496404	0.294175	0.0316613
20128	-0.253774	-0.268874	3.94147	2.04164	0.517989	1.09373	-2.91483	3.93908	2.03345	0.516224	3.85569	0.907887	0.517107	0.300562	0.0317139
20129	-0.306129	-0.294821	3.81141	1.89742	0.497825	1.06135	-2.90735	3.78979	2.01039	0.530474	3.6499	0.935001	0.514103	0.30404	0.0321353
20130	-0.230045	-0.273145	3.50886	1.84567	0.526004	0.995573	-2.94069	3.91815	2.02197	0.516052	4.7371	0.751069	0.520754	0.315156	0.0324242
20131	-0.331416	-0.33757	3.7715	1.80531	0.478673	0.987781	-2.97454	4.01588	2.08631	0.519514	3.99569	0.870141	0.499735	0.308881	0.0324951
20132	-0.387206	-0.351797	3.74678	1.82568	0.487265	1.12249	-2.94341	4.09748	1.9862	0.484737	2.94687	1.13959	0.485945	0.3059	0.0326404
20133	-0.430144	-0.367443	3.69871	1.95847	0.5295	1.06726	-2.92792	3.72428	1.96651	0.528025	2.92393	1.1211	0.52876	0.294679	0.0328647
20134	-0.37227	-0.395934	3.61776	1.92111	0.53102	1.03895	-2.93623	3.97464	2.09642	0.527448	3.24024	0.995774	0.52915	0.286611	0.0329443
20135	-0.39916	-0.327444	4.01515	1.88673	0.469904	1.0564	-2.98622	4.25134	2.15509	0.506919	3.3366	1.05932	0.48894	0.304331	0.0333257
20136	-0.306509	-0.31432	4.00904	1.88363	0.469846	1.00681	-3.01658	4.36249	2.16067	0.495283	4.23363	0.862406	0.483101	0.311113	0.0336764
20137	-0.318436	-0.283258	3.99242	2.06315	0.516766	1.02993	-2.99141	4.27796	2.12455	0.496627	4.03396	0.909043	0.506349	0.304616	0.0335992
20138	-0.265018	-0.246646	4.07754	2.20098	0.539783	1.01212	-2.95485	4.12023	2.12189	0.514994	4.49661	0.815544	0.527324	0.297937	0.0336235
20139	-0.241344	-0.283815	4.1284	2.05476	0.497712	0.948961	-2.98742	3.99993	2.21223	0.553067	5.15907	0.708413	0.524952	0.299952	0.0339985
20140	-0.286527	-0.23861	4.0515	2.04644	0.505107	1.11344	-2.88619	4.42527	2.17668	0.491876	3.57653	0.979957	0.4982	0.293369	0.0342125
20141	-0.256086	-0.290092	3.75938	1.84439	0.490609	1.01801	-2.92003	4.05656	2.08788	0.514692	4.26074	0.811663	0.503108	0.305533	0.0345535
20142	-0.346178	-0.281262	3.53825	1.7144	0.484535	1.04954	-2.88319	4.08708	2.06976	0.506415	3.47529	0.97402	0.496262	0.309146	0.0348385
20143	-0.269319	-0.295226	3.82327	1.95223	0.510618	1.12401	-2.83604	4.19044	1.89455	0.452112	3.32536	0.970683	0.480025	0.295658	0.035098
20144	-0.202403	-0.298406	3.76562	1.86854	0.496212	1.15049	-2.82256	4.15587	2.00151	0.481611	3.48102	0.915158	0.488552	0.291678	0.0350067
20145	-0.347691	-0.349907	3.92934	1.89694	0.482763	1.13632	-2.85675	3.9118	1.90954	0.48815	2.85353	1.10114	0.48545	0.292256	0.0350904
20146	-0.262521	-0.291334	3.84812	1.88596	0.490099	1.24002	-2.80233	4.07668	2.12131	0.520354	2.7928	1.12881	0.505663	0.282408	0.0353763
20147	-0.370354	-0.329079	3.95177	1.93818	0.49046	1.195	-2.81014	4.22669	2.18509	0.516975	2.51218	1.22516	0.504163	0.271887	0.0355427
20148	-0.189105	-0.283854	3.9639	1.78217	0.4496	1.16871	-2.8528	3.97582	1.9356	0.486843	3.57953	0.921835	0.468249	0.30748	0.035463
20149	-0.325881	-0.279981	3.55064	1.66933	0.470149	1.26657	-2.81275	3.98995	2.11944	0.531195	2.52963	1.26796	0.50245	0.297505	0.0357287
20150	-0.349264	-0.320901	3.64739	1.80147	0.493906	1.31298	-2.7509	4.18442	2.10968	0.504174	2.13709	1.38152	0.499392	0.274114	0.0357973
20151	-0.294995	-0.309499	3.69317	1.78991	0.484654	1.17588	-2.78748	4.03526	2.17512	0.539029	2.83821	1.08173	0.513045	0.279202	0.0362195
20152	-0.232825	-0.269883	3.95018	1.94096	0.49136	1.19454	-2.77622	4.33852	2.10034	0.484114	3.08323	1.01869	0.487567	0.279948	0.036149
20153	-0.340294	-0.266297	4.08321	1.95199	0.478053	1.14781	-2.80928	3.98416	1.97421	0.495516	2.92025	1.10723	0.486677	0.291773	0.0364147
20154	-0.268199	-0.299788	4.14185	1.82715	0.441145	1.27309	-2.79749	4.32894	2.16223	0.499482	2.62609	1.18779	0.470958	0.281165	0.0367165
20155	-0.261343	-0.285956	3.92954	2.0325	0.517237	1.31625	-2.71113	3.78137	1.96036	0.518426	2.36316	1.24441	0.51782	0.269237	0.0370853
20156	-0.237429	-0.256741	4.09764	2.05389	0.501237	1.28701	-2.71626	4.25103	2.16061	0.508255	2.60302	1.16196	0.504811	0.264172	0.0374414
20157	-0.248664	-0.24649	4.2395	2.15933	0.509336	1.20568	-2.81261	4.41709	2.04014	0.461873	3.11327	1.05756	0.485118	0.281717	0.0376336
20158	-0.266428	-0.249622	3.70219	1.90289	0.513989	1.18938	-2.85676	4.03584	2.04971	0.507878	3.20717	1.05969	0.510802	0.300765	0.038156
20159	-0.186979	-0.248799	3.9967	1.94252	0.486031	1.14682	-2.88713	4.08676	2.02422	0.495311	3.9127	0.889514	0.490723	0.305033	0.038211
20160	-0.267057	-0.281793	3.76173	1.92814	0.512567	1.10036	-2.892	4.21982	2.10345	0.498468	3.64374	0.934917	0.505113	0.297111	0.0384122
20161	-0.217993	-0.226353	3.86926	1.85572	0.479606	0.9617	-2.93701	4.35513	2.19848	0.504803	5.27974	0.695838	0.492949	0.311919	0.0382983
20162	-0.274599	-0.222749	4.16207	2.00965	0.482849	1.02317	-2.95159	4.07102	2.08932	0.513218	4.42144	0.842098	0.497866	0.312431	0.0384416
20163	-0.155166	-0.149354	3.76859	2.02513	0.53737	1.05301	-2.91703	4.07468	2.2242	0.545858	5.2477	0.729845	0.54178	0.310766	0.0390547
20164	-0.133066	-0.174185	3.91415	1.98755	0.507784	1.00912	-2.90645	4.10114	2.05544	0.501188	5.72231	0.652296	0.504409	0.315935	0.0388848
20165	-0.149097	-0.161663	3.90173	1.90204	0.487485	0.975101	-2.99882	4.07007	2.1654	0.532031	6.36914	0.631911	0.510229	0.331102	0.0392818
20166	-0.144913	-0.124824	3.99605	2.02889	0.507725	1.03713	-2.97804	4.49119	2.21392	0.492948	5.82644	0.69861	0.499905	0.324289	0.0395392
20167	-0.216239	-0.157577	3.89789	1.90314	0.488248	0.931924	-2.94496	4.00637	2.17171	0.542065	5.89367	0.65914	0.515526	0.322912	0.0397632
20168	-0.117636	-0.175683	4.25587	1.9862	0.466697	1.063	-2.92191	4.088	2.1862	0.534785	5.41053	0.696953	0.500056	0.311347	0.0401627
20169	-0.215658	-0.192052	4.28717	2.0362	0.474952	1.12026	-2.89509	4.43208	2.19694	0.49569	4.09395	0.892344	0.485493	0.301538	0.0403362
20170	-0.182911	-0.203421	4.07899	1.97536	0.484276	1.07171	-2.91165	4.08687	2.08274	0.509618	4.65958	0.787034	0.496959	0.311327	0.0402717
20171	-0.313906	-0.259364	3.96092	1.99706	0.504192	1.0663	-2.89883	4.01434	2.03321	0.506487	3.65719	0.952477	0.505347	0.301856	0.0404853
20172	-0.247589	-0.257312	4.08464	2.00393	0.490602	0.986102	-2.89847	4.07294	2.12316	0.521284	4.58327	0.760997	0.505921	0.297145	0.0408137
20173	-0.148402	-0.204025	3.87371	1.91405	0.494114	1.06932	-2.8446	4.22258	2.14874	0.508869	4.70222	0.741419	0.501809	0.300342	0.0409196
20174	-0.197601	-0.14736	3.80608	1.92437	0.505605	1.20292	-2.82776	3.49883	1.8813	0.537694	3.66284	0.980733	0.520975	0.320743	0.0411064
20175	-0.109498	-0.0850733	4.03124	1.78884	0.443746	1.10626	-2.84533	3.72523	2.05011	0.55033	5.15469	0.73904	0.494936	0.331736	0.0413636
20176	-0.127024	-0.12452	4.02578	1.97738	0.491181	1.22011	-2.84997	3.98801	2.03065	0.50919	4.0931	0.907389	0.500143	0.316732	0.0414619
20177	-0.196052	-0.143332	3.85941	1.95961	0.507749	1.21495	-2.79054	4.12594	2.23002	0.540487	3.51979	0.995469	0.524664	0.294964	0.0419417
20178	-0.156932	-0.166204	3.78199	1.92916	0.510093	1.16549	-2.72586	3.85656	2.14565	0.556363	3.74646	0.874406	0.533454	0.286822	0.0420753
20179	-0.124945	-0.0963392	4.02305	1.93261	0.480385	1.27027	-2.71563	4.41539	2.20093	0.498467	3.5244	0.973313	0.489846	0.29336	0.0424874
20180	-0.0389618	-0.0997947	3.85638	1.86739	0.484233	1.21719	-2.73924	4.2754	2.17524	0.50878	4.41512	0.788955	0.497139	0.301208	0.0425592
20181	-0.0349678	-0.0636154	4.28574	2.06235	0.481212	1.30726	-2.73584	3.76612	1.99534	0.529814	3.96367	0.900781	0.503945	0.30564	0.0426069
20182	-0.12588	-0.0580486	3.74451	1.93666	0.517199	1.36794	-2.67003	4.04052	2.03011	0.502438	3.05734	1.11575	0.509538	0.300792	0.0428981
20183	0.00230982	0.00661922	4.21417	1.8898	0.448439	1.33274	-2.67496	4.05042	2.03782	0.503113	4.06256	0.885018	0.475234	0.314101	0.0427239
20184	0.0266166	0.0507176	3.91325	1.92124	0.490957	1.1887	-2.73273	4.00734	2.07155	0.516938	5.73709	0.675219	0.504102	0.326754	0.0427901
20185	-0.0426857	-0.0249988	3.63972	1.90682	0.523892	1.27393	-2.74442	4.04549	2.10762	0.520981	4.26615	0.866735	0.52236	0.31543	0.0428789
20186	-0.0119427	0.00816076	3.87244	1.98894	0.513615	1.22369	-2.75707	4.2178	2.08809	0.495067	5.00822	0.763397	0.503945	0.319317	0.0436282
20187	0.0270546	0.0206082	3.6674	1.82567	0.497811	1.2758	-2.73479	4.04378	2.08598	0.515849	4.86879	0.779684	0.507271	0.326815	0.0437907
20188	0.0774222	0.0101677	3.76387	1.8839	0.500523	1.26837	-2.7393	3.95728	2.11727	0.535031	5.32984	0.709176	0.518209	0.320916	0.0441972
20189	0.0326862	0.0367607	4.1477	1.99203	0.480273	1.26704	-2.73195	3.79312	1.91214	0.504109	5.03123	0.761817	0.491659	0.329361	0.0446368
20190	-0.00412272	0.0195935	3.68196	2.15184	0.584427	1.32214	-2.70468	3.90486	1.8917	0.484449	4.21931	0.879487	0.53297	0.314641	0.0449276
20191	0.0599232	0.00878407	4.29302	2.12462	0.494901	1.28687	-2.70712	4.25314	1.96595	0.462236	4.89979	0.752697	0.478644	0.310832	0.0453814
20192	0.171426	0.0621871	4.31109	2.05871	0.477539	1.2287	-2.75508	4.26931	2.05624	0.481633	7.10037	0.558912	0.479576	0.325438	0.0456423
20193	0.0309132	0.00386612	4.13839	2.14291	0.517812	1.21839	-2.72417	4.17804	2.04813	0.490213	5.27777	0.705049	0.503947	0.307554	0.0459233
20194	-0.0379105	0.0245969	4.04792	2.04534	0.505282	1.18791	-2.75681	3.93019	1.97158	0.501651	5.14843	0.751321	0.503493	0.325108	0.0462479
20195	0.0112981	0.0139375	4.01934	2.05584	0.511486	1.23938	-2.80024	3.77659	1.95092	0.516583	5.25109	0.754093	0.513955	0.33083	0.0463154
20196	-0.00383607	-0.0331421	3.73431	1.78541	0.478111	1.21488	-2.80039	3.96217	2.0199	0.509797	5.15579	0.74263	0.494423	0.334816	0.0463495
20197	-0.102413	-0.1253	4.08402	1.97695	0.484068	1.11817	-2.8274	3.64548	1.91382	0.524985	4.90085	0.744905	0.503366	0.31944	0.0464078
20198	-0.118291	-0.0930738	4.27118	1.95171	0.456949	1.21478	-2.8251	4.15773	1.98921	0.478438	4.20016	0.888536	0.467549	0.321449	0.0465044
20199	0.0509865	0.0257005	4.11343	2.01147	0.489002	1.36219	-2.66083	4.24236	2.06342	0.486386	4.19803	0.859625	0.487674	0.30701	0.0465398
20200	0.113576	0.0279084	3.94384	2.11894	0.537278	1.38815	-2.64522	4.21179	2.13456	0.506805	4.39854	0.812273	0.521541	0.295872	0.0464271
20201	0.0368613	0.0322598	3.92855	2.08023	0.529517	1.30748	-2.6971	3.804	2.09157	0.549834	4.61417	0.807235	0.539512	0.308743	0.0463791
20202	-0.0163474	-0.0193544	4.03308	1.91028	0.473654	1.36171	-2.60492	4.02313	2.20434	0.547918	3.52028	0.949517	0.51074	0.288957	0.0466188
20203	-0.0634495	-0.0506158	3.84245	1.80958	0.470945	1.38057	-2.6025	4.13698	2.22443	0.537694	3.12303	1.04259	0.505552	0.287636	0.0469308
20204	-0.0923695	-0.0932344	3.99381	1.97449	0.494388	1.43088	-2.6033	4.17236	2.05399	0.492284	2.71535	1.16015	0.493313	0.28119	0.0470295
20205	-0.0455167	-0.0673381	3.84943	1.94348	0.504874	1.37382	-2.6453	4.00327	2.02463	0.505745	3.299	1.00726	0.505318	0.295237	0.0473797
20206	0.011547	-0.0261498	3.90991	1.96239	0.501903	1.29899	-2.68544	4.08599	1.96647	0.481271	4.26654	0.828757	0.49136	0.310449	0.0475242
20207	-0.0381659	-0.0696191	3.95502	1.92466	0.486638	1.29846	-2.70222	3.91718	1.92457	0.491315	3.87927	0.893289	0.488965	0.310513	0.0477013
20208	-0.126587	-0.061329	4.10616	2.00997	0.4895	1.35795	-2.64732	3.96423	2.07635	0.523771	3.03438	1.10193	0.506334	0.290446	0.0480351
20209	-0.058991	0.00196221	4.0496	1.95615	0.483048	1.48228	-2.55349	4.22661	2.05092	0.485239	2.74903	1.18776	0.484167	0.289586	0.0480421
20210	-0.00603234	0.0430337	4.03618	1.90846	0.472839	1.26114	-2.72867	4.11086	2.14488	0.52176	4.78436	0.802863	0.497524	0.321604	0.0486089
20211	0.170678	0.0579961	3.95929	1.8517	0.467684	1.19737	-2.75466	4.35143	2.09012	0.480328	7.50504	0.527048	0.474304	0.334216	0.0489572
20212	0.223237	0.168734	3.86998	1.9499	0.503854	1.29291	-2.70638	3.8784	2.07389	0.534728	7.22449	0.5721	0.519307	0.33943	0.0490183
20213	0.213068	0.188407	3.83343	1.99999	0.521723	1.32209	-2.67536	4.08701	2.00204	0.489853	6.66798	0.614964	0.505278	0.338873	0.0492964
20214	0.171198	0.209996	3.9176	1.8782	0.479425	1.34951	-2.71469	4.25844	2.07093	0.486312	6.16084	0.694207	0.483012	0.351395	0.0491709
20215	0.308963	0.261907	3.63926	1.77262	0.487083	1.25394	-2.71142	3.71405	2.08708	0.561943	9.90015	0.446491	0.524894	0.364236	0.0493879
20216	0.256873	0.250884	3.79207	1.99288	0.525539	1.27307	-2.74238	3.95479	1.91564	0.484385	8.67631	0.516327	0.50453	0.364421	0.0497607
20217	0.233384	0.185884	3.79155	1.80512	0.476089	1.16234	-2.81484	3.81419	1.98264	0.519807	10.4343	0.431482	0.498013	0.372886	0.0498887
20218	0.151085	0.140437	3.73139	1.83855	0.492726	1.21522	-2.81328	4.09953	1.99262	0.486059	7.70454	0.566188	0.489236	0.362891	0.0502135
20219	-0.00217981	0.142749	3.8712	1.89925	0.49061	1.18386	-2.81157	3.7419	2.03835	0.544737	6.20459	0.703349	0.517214	0.356674	0.0506264
20220	0.1569	0.134175	3.8867	1.98298	0.510197	1.12562	-2.82129	3.98876	2.09335	0.524813	9.30794	0.46921	0.517599	0.348944	0.0508478
20221	0.15144	0.105095	3.72635	1.88183	0.505006	1.21074	-2.84867	4.14458	2.02007	0.487401	7.77522	0.56106	0.495736	0.35868	0.0511061
20222	0.0581038	0.0911115	3.97347	1.92432	0.484291	1.14689	-2.86875	3.91046	1.95441	0.499789	7.3902	0.592729	0.491978	0.361003	0.0515728
20223	0.097715	0.090227	3.8931	1.99333	0.512016	1.02909	-2.90918	4.06262	1.99201	0.490326	10.3709	0.433734	0.50094	0.360871	0.0516653
20224	0.0826981	0.0370771	3.75551	1.8814	0.500971	1.07929	-2.90586	3.88571	2.0079	0.516739	8.72022	0.496597	0.508989	0.357735	0.0518106
20225	0.0361525	0.0407858	3.84516	2.00089	0.520364	1.12253	-2.83666	4.21448	2.24028	0.531567	7.01536	0.590112	0.526223	0.328092	0.0520291
20226	0.0464697	0.0413365	4.2146	1.96693	0.466695	1.09851	-2.91835	4.2771	2.05333	0.480075	7.91459	0.553394	0.473435	0.35275	0.0517633
20227	0.0239876	0.03929	3.91023	2.03268	0.519837	1.10597	-2.92155	4.30324	2.12885	0.494709	7.48834	0.585347	0.506672	0.345081	0.0521735
20228	-0.0946516	-0.0862797	3.96822	2.11458	0.532878	0.899368	-3.0582	3.99523	2.00388	0.501568	8.93891	0.494037	0.51717	0.349132	0.0522897
20229	-0.0252425	-0.0442134	4.30977	2.12945	0.494097	0.975948	-3.06148	3.97203	1.98984	0.500964	9.08226	0.501191	0.497391	0.355999	0.0522907
20230	-0.0507686	-0.0655134	4.01092	1.93296	0.481925	0.864228	-3.11335	4.16267	2.06548	0.496192	11.0955	0.418609	0.489191	0.367529	0.0525153
20231	-0.106573	-0.0739668	3.98732	1.97458	0.495216	0.923759	-3.02715	3.94401	1.95328	0.495252	8.21535	0.530792	0.495234	0.357066	0.0530165
20232	-0.00328921	-0.0384828	3.92641	1.90045	0.484018	1.00286	-3.02137	3.61488	1.91004	0.528383	8.78927	0.506164	0.505284	0.368707	0.0535159
20233	-0.00750831	-0.00250766	3.85235	1.90206	0.49374	0.898026	-3.08718	3.75173	1.9441	0.518189	11.604	0.409996	0.505803	0.382258	0.0536283
20234	-0.00500337	0.027119	3.98687	1.95182	0.489562	1.03537	-2.97936	3.9022	1.92758	0.493972	8.35098	0.541189	0.491744	0.368203	0.0537129
20235	0.0958025	0.0839081	4.3517	2.06706	0.475001	0.985101	-3.00635	4.2008	1.90042	0.452395	12.0752	0.395426	0.463897	0.3758	0.0538152
20236	-0.0293873	0.0214913	4.06055	2.10838	0.519235	0.953619	-3.0627	4.11252	2.01509	0.48999	9.84394	0.483151	0.504519	0.365884	0.0540249
20237	0.124349	0.0760481	4.07219	2.06037	0.50596	0.859568	-3.09747	4.08774	1.99803	0.488786	18.6315	0.270274	0.497357	0.382984	0.0542583
20238	0.136865	0.107723	3.88398	1.92023	0.494397	0.955442	-3.10359	3.86167	2.01054	0.520641	15.3903	0.335034	0.507481	0.396213	0.054247
20239	0.138644	0.164235	4.2503	1.9123	0.449922	0.909217	-3.07574	3.84314	2.05549	0.534847	17.6789	0.296891	0.490248	0.398223	0.0545545
20240	0.231172	0.144277	3.88564	1.87436	0.48238	0.987172	-3.02891	4.07235	2.05382	0.504334	17.6177	0.285768	0.493615	0.390671	0.0546438
20241	0.129411	0.110305	3.63184	1.84371	0.507652	0.977362	-3.01488	3.91637	1.99336	0.50898	13.5834	0.359511	0.508341	0.389	0.0546929
20242	0.127281	0.126461	3.83376	1.77217	0.462253	0.973421	-3.04202	3.993	1.85291	0.464039	14.0222	0.357977	0.463164	0.409226	0.0549943
20243	0.0870874	0.152172	3.85516	1.85894	0.482197	0.880436	-3.03838	4.19142	1.99264	0.47541	16.1735	0.314701	0.478662	0.397979	0.0554641
20244	0.114175	0.139029	4.18973	2.0034	0.478168	0.978768	-3.03078	3.82202	1.8524	0.484664	13.4413	0.37376	0.481267	0.394597	0.0557907
20245	0.048418	0.0987285	4.09892	1.93109	0.471122	1.0027	-3.03812	4.24512	1.97948	0.466294	10.8053	0.455324	0.468666	0.386265	0.0561211
20246	0.114939	0.137437	3.97545	1.96485	0.494246	1.06146	-2.96143	3.61978	1.82341	0.503735	10.7188	0.447948	0.498768	0.388023	0.0565323
20247	0.183098	0.183548	3.82909	1.96948	0.514346	1.11993	-2.93141	4.20535	2.04052	0.485221	11.0554	0.438831	0.499102	0.377034	0.0566808
20248	0.189736	0.169179	4.27603	2.14547	0.501744	1.14885	-2.88054	3.7977	2.00457	0.527838	10.1106	0.459952	0.514018	0.359206	0.0568375
20249	0.162369	0.122435	3.79379	2.01845	0.532042	1.07311	-2.92439	4.18044	2.01286	0.481494	11.1918	0.414728	0.505542	0.365474	0.0574269
20250	0.164207	0.107804	4.27038	2.15926	0.505637	1.08548	-2.929	4.05048	2.08676	0.515188	10.8657	0.424374	0.510286	0.352022	0.0578962
20251	0.0623395	0.0645332	4.16802	2.00543	0.481147	1.0863	-2.95288	4.57465	2.10793	0.460786	8.6836	0.524252	0.470493	0.356352	0.058102
20252	0.0260978	0.0266485	3.99396	1.93965	0.485647	1.00605	-2.93213	4.18801	1.95075	0.465794	9.11622	0.480152	0.475485	0.36014	0.0580862
20253	-0.0340777	-0.0243548	4.00974	2.06648	0.515365	1.17951	-2.82159	4.28138	2.06402	0.482093	5.31267	0.736403	0.498184	0.321491	0.0582665
20254	-0.132447	-0.0575368	4.13004	1.87238	0.453357	1.19235	-2.80075	3.75629	1.99614	0.531412	4.28768	0.877538	0.490535	0.327303	0.0584177
20255	-0.0823393	-0.0201908	3.97016	1.98026	0.498786	1.20196	-2.82024	4.14957	2.00671	0.483594	4.75332	0.824716	0.491022	0.329698	0.05846
20256	-0.0121894	-0.0992908	4.01094	2.08785	0.520538	1.19905	-2.82343	4.21001	1.9912	0.472968	5.05826	0.733546	0.496177	0.312737	0.0584559
20257	-0.124097	-0.156864	3.96326	2.11052	0.532522	1.2255	-2.80839	4.15859	2.0837	0.501059	3.85997	0.910703	0.516412	0.295414	0.0587096
20258	0.0495011	-0.1002	4.07077	2.0198	0.49617	1.30578	-2.74757	4.12891	2.1188	0.513163	4.44074	0.789123	0.504727	0.297545	0.058853
20259	-0.122712	-0.139573	3.8965	1.88707	0.4843	1.20052	-2.78672	4.03526	2.06454	0.511624	4.00209	0.875469	0.498201	0.307262	0.0589353
20260	-0.0889145	-0.195039	3.80521	1.9764	0.519393	1.15607	-2.84752	4.0331	1.99363	0.494318	4.53915	0.774995	0.506491	0.307128	0.0594409
20261	-0.245623	-0.232158	4.18823	1.88657	0.450445	1.18959	-2.83069	3.8512	1.95912	0.508705	3.2781	1.02992	0.478354	0.305158	0.0594328
20262	-0.233811	-0.248551	3.67013	1.89697	0.516867	1.03432	-2.8132	4.11532	2.05356	0.499003	4.09005	0.804078	0.507424	0.294008	0.0595012
20263	-0.398859	-0.3129	4.3618	2.14287	0.49128	1.1901	-2.81472	3.89965	1.88151	0.482482	2.47904	1.2624	0.487127	0.280067	0.0595128
20264	-0.222799	-0.275355	4.2705	2.24805	0.526414	1.25448	-2.82141	4.10253	1.945	0.474097	2.9704	1.09117	0.50078	0.278859	0.0599573
20265	-0.272822	-0.234168	4.45524	2.29059	0.514133	1.09051	-2.91405	3.75506	1.82269	0.485395	3.86393	0.929335	0.50099	0.303969	0.0601862
20266	-0.219597	-0.21733	3.99585	2.0603	0.51561	1.11906	-2.92495	3.99564	1.88469	0.471687	4.09107	0.896003	0.493649	0.317324	0.0599391
20267	-0.154937	-0.197345	4.11777	2.13709	0.518991	1.17067	-2.85032	3.97742	1.92073	0.482908	4.0053	0.878619	0.501262	0.302573	0.0598635
20268	-0.0187763	-0.0804669	4.09224	2.03698	0.497766	1.20355	-2.81348	4.23657	2.10365	0.496545	4.99925	0.747045	0.497145	0.310917	0.0603312
20269	-0.033428	-0.0485515	3.82817	1.93669	0.505904	1.11069	-2.8332	4.1952	2.11676	0.504567	5.92377	0.654503	0.505205	0.323634	0.0605726
20270	-0.00422378	0.011029	3.85458	1.90764	0.4949	1.14884	-2.85254	4.1538	2.03877	0.490822	6.16746	0.66478	0.492785	0.341984	0.060686
20271	0.0706712	-0.0185753	3.75787	1.85127	0.492638	1.11777	-2.72801	3.93109	2.14816	0.546454	6.69552	0.548206	0.520152	0.314651	0.0607507
20272	0.0172858	-0.0615848	3.97161	1.92772	0.485375	1.19796	-2.73702	4.04856	1.95512	0.482917	5.13486	0.696998	0.484134	0.315586	0.0609726
20273	-0.150529	-0.0950683	3.92615	1.89797	0.483416	1.1876	-2.74044	3.86727	1.82298	0.471387	3.90819	0.8953	0.477447	0.319918	0.0610498
20274	-0.170099	-0.12233	3.61603	1.9333	0.534647	1.29856	-2.75521	3.69777	1.93193	0.522457	3.21379	1.07849	0.528484	0.309671	0.0614489
20275	-0.162482	-0.137707	3.90546	1.95522	0.500638	1.19725	-2.80331	3.82285	1.81751	0.475433	3.84311	0.92444	0.48817	0.320227	0.0615874
20276	-0.0904723	-0.16713	3.75767	1.93262	0.514314	1.13333	-2.88772	3.98255	1.97257	0.495304	4.94201	0.748846	0.504533	0.321605	0.0619032
20277	-0.206857	-0.230607	3.79564	1.76452	0.464882	1.09558	-2.88908	3.94856	2.07863	0.526428	4.16632	0.848171	0.496262	0.315057	0.0621893
20278	-0.227877	-0.242763	3.8933	1.83969	0.472525	1.19185	-2.82905	4.05323	2.11097	0.520811	3.31851	1.00781	0.497154	0.297501	0.0625245
20279	-0.475431	-0.438886	3.88913	1.81349	0.466297	1.01549	-3.01084	4.15664	2.03131	0.488689	2.97589	1.11143	0.477865	0.300865	0.062641
20280	-0.514412	-0.483866	3.87441	1.89297	0.488582	1.00139	-3.00273	4.10515	2.0978	0.511018	2.76137	1.14883	0.500124	0.284518	0.0631963
20281	-0.444723	-0.47595	4.13854	1.90772	0.460965	0.932181	-3.02903	4.4039	2.17535	0.49396	3.43813	0.947932	0.477975	0.285357	0.0635986
20282	-0.443832	-0.468971	4.22275	2.05397	0.486406	0.921604	-3.0241	3.92753	2.07035	0.527138	3.50174	0.932209	0.506034	0.283638	0.0636052
20283	-0.654507	-0.606962	3.95426	2.01829	0.510409	0.903623	-3.10552	4.16471	2.0081	0.482171	2.5714	1.21389	0.495924	0.27944	0.0642242
20284	-0.717617	-0.638571	4.0737	1.97522	0.484871	0.905261	-3.07723	4.04894	2.09316	0.516965	2.25804	1.31687	0.500869	0.267736	0.0644429
20285	-0.625616	-0.640642	3.90166	1.99983	0.512557	0.961924	-3.0943	4.10393	2.1384	0.521062	2.3888	1.26014	0.516917	0.266804	0.0646789
20286	-0.626998	-0.640581	4.06187	2.00779	0.494302	0.984227	-3.05043	3.89561	2.09829	0.538631	2.237	1.29802	0.516003	0.261316	0.0650701
20287	-0.676452	-0.656201	3.87896	1.78649	0.46056	1.04123	-2.98478	4.06123	2.16611	0.533363	1.83779	1.47521	0.497797	0.255469	0.0651193
20288	-0.672187	-0.618135	3.98505	1.80993	0.45418	1.05943	-2.98971	4.19498	2.06975	0.493386	1.87572	1.49925	0.474286	0.266112	0.0652166
20289	-0.566582	-0.594493	3.89165	1.86057	0.478093	1.06985	-2.89218	4.10246	1.98863	0.484742	1.97144	1.33896	0.481505	0.255431	0.0651937
20290	-0.560466	-0.639726	3.96546	2.05669	0.51865	1.11554	-2.86262	3.83382	1.92	0.500807	1.75909	1.4045	0.509879	0.237104	0.0653135
20291	-0.652335	-0.628906	4.25682	2.17196	0.510231	1.17894	-2.79012	4.30084	2.13759	0.497016	1.3928	1.67678	0.50359	0.213277	0.0655743
20292	-0.598359	-0.600252	4.26791	2.09129	0.490004	1.21647	-2.84446	4.18773	2.15457	0.514496	1.52917	1.64679	0.502133	0.228811	0.065495
20293	-0.547747	-0.621757	4.07321	2.06193	0.506218	1.18877	-2.84426	4.23356	2.25185	0.531904	1.63805	1.50775	0.519309	0.222642	0.0656717
20294	-0.595575	-0.634304	3.68581	1.94536	0.527798	1.26745	-2.7852	4.1935	2.18534	0.521126	1.33291	1.73543	0.524247	0.218834	0.0656607
20295	-0.701722	-0.653007	3.78068	1.87639	0.496309	1.21008	-2.81123	4.11524	2.11348	0.513574	1.2744	1.8275	0.505307	0.22601	0.0657872
20296	-0.664247	-0.692569	3.67461	1.61454	0.439378	1.34733	-2.77294	4.20201	1.97502	0.470018	1.06957	2.02322	0.455724	0.231701	0.0660521
20297	-0.65705	-0.66221	3.73502	1.76449	0.472418	1.14522	-2.81992	3.91514	1.9336	0.493878	1.43334	1.62408	0.483401	0.239483	0.0664536
20298	-0.623525	-0.670019	3.94219	1.84618	0.468314	1.22787	-2.76169	4.00682	2.00995	0.501633	1.27641	1.71382	0.485109	0.221054	0.066529
20299	-0.621647	-0.563003	4.15246	1.98314	0.477582	1.20848	-2.80492	4.01505	2.26475	0.564064	1.50064	1.67469	0.520096	0.228368	0.0667291
20300	-0.490804	-0.510795	3.73812	1.94381	0.519998	1.21104	-2.79392	4.25386	2.22659	0.523429	1.79977	1.44814	0.521824	0.238174	0.0672094
20301	-0.442245	-0.475291	3.83382	1.96377	0.512222	1.18101	-2.79306	4.06376	2.02501	0.498308	2.03876	1.31748	0.505063	0.251981	0.0670807
20302	-0.488802	-0.456827	4.03179	1.84919	0.458653	1.27417	-2.81056	4.27148	2.10659	0.493175	1.78248	1.55404	0.476412	0.259424	0.0670622
20303	-0.462896	-0.457662	3.94016	1.81625	0.460959	1.24419	-2.83223	4.03536	2.1592	0.535069	1.93489	1.45707	0.498456	0.261864	0.0674857
20304	-0.46404	-0.468085	4.1385	1.92948	0.466227	1.14377	-2.81109	4.07159	2.21093	0.543014	2.12363	1.29252	0.504308	0.249044	0.0679647
20305	-0.446952	-0.475166	4.25287	1.91473	0.45022	1.3113	-2.74204	4.21922	2.2337	0.529412	1.66224	1.54572	0.489658	0.236544	0.0682316
20306	-0.442506	-0.446617	3.81644	1.99735	0.523355	1.27144	-2.74701	3.9944	2.07779	0.520177	1.8014	1.46881	0.521729	0.245171	0.0685454
20307	-0.339123	-0.336675	3.7515	1.89166	0.504241	1.29566	-2.77098	4.15876	2.09003	0.50256	2.21733	1.33625	0.503357	0.271272	0.068674
20308	-0.280322	-0.296051	3.95464	1.85979	0.47028	1.27586	-2.80208	3.84219	1.89672	0.493654	2.59328	1.21086	0.481799	0.294862	0.0689024
20309	-0.354761	-0.377344	3.90645	1.95955	0.50162	1.26275	-2.70986	4.21232	2.10141	0.498871	2.07948	1.30817	0.500194	0.250994	0.0688924
20310	-0.432495	-0.400057	4.00682	1.89443	0.472802	1.36346	-2.67296	4.13279	1.97927	0.478918	1.60166	1.61272	0.475907	0.250135	0.0690893
20311	-0.508587	-0.459107	4.056	2.06284	0.50859	1.29613	-2.64823	3.98335	1.93346	0.485386	1.47137	1.6285	0.497093	0.230735	0.0693978
20312	-0.576563	-0.529923	3.85987	2.02939	0.525766	1.44651	-2.61132	3.92153	1.95759	0.499191	1.05849	2.04642	0.512373	0.213703	0.0693561
20313	-0.41224	-0.454662	4.16893	2.05803	0.493659	1.46411	-2.59642	3.6107	1.98221	0.548981	1.3029	1.76034	0.519335	0.221173	0.0696786
20314	-0.431819	-0.477387	3.77641	1.87374	0.496169	1.40818	-2.58437	4.18037	2.08252	0.498166	1.31125	1.69281	0.497218	0.219159	0.0696134
20315	-0.446907	-0.474899	3.63208	1.87625	0.516579	1.49177	-2.49889	3.6647	2.18554	0.596376	1.08995	1.87923	0.556655	0.201447	0.0694638
20316	-0.345415	-0.35968	4.22566	1.91464	0.453098	1.47944	-2.50633	3.88341	2.03112	0.523024	1.38378	1.66505	0.486586	0.226074	0.069614
20317	-0.349183	-0.35889	3.93062	1.89758	0.48277	1.38826	-2.53827	3.70102	1.95685	0.528733	1.57342	1.50935	0.50506	0.235603	0.0700225
20318	-0.317973	-0.322584	3.71818	1.90695	0.512872	1.48116	-2.54718	4.32463	2.11947	0.490092	1.52888	1.61844	0.500623	0.235138	0.0700079
20319	-0.322603	-0.328758	4.14377	2.13632	0.51555	1.41627	-2.57526	4.23191	2.15193	0.508502	1.66909	1.51184	0.511989	0.227422	0.0702565
20320	-0.239234	-0.316408	3.7957	1.99009	0.524301	1.41186	-2.60315	4.49336	2.03843	0.453653	1.91818	1.36306	0.486004	0.245097	0.070384
20321	-0.43079	-0.367296	4.16995	2.05999	0.494009	1.34494	-2.62347	4.21922	2.00998	0.476387	1.61432	1.57662	0.485146	0.238288	0.0709218
20322	-0.348177	-0.338733	4.38003	1.9542	0.446161	1.33791	-2.64392	4.19027	2.15268	0.513732	1.86919	1.42145	0.479198	0.244506	0.0711774
20323	-0.351394	-0.408249	3.85701	2.06446	0.53525	1.40569	-2.61633	3.9797	2.13948	0.537598	1.57923	1.54367	0.536442	0.224859	0.0713016
20324	-0.441298	-0.398525	4.06112	2.08535	0.513491	1.29598	-2.67029	3.97083	2.13191	0.536893	1.70996	1.50907	0.52506	0.234358	0.0713969
20325	-0.422918	-0.384623	3.51784	1.92281	0.546589	1.369	-2.64954	4.00171	2.11532	0.528606	1.5976	1.60548	0.537018	0.241129	0.0715657
20326	-0.351058	-0.364292	4.05467	1.98408	0.489332	1.28752	-2.62285	4.41711	2.23812	0.506694	1.89988	1.34247	0.498385	0.232062	0.0718239
20327	-0.344483	-0.319336	4.12341	1.99425	0.483642	1.3717	-2.63124	4.22071	2.15608	0.510833	1.81473	1.47265	0.497396	0.243638	0.0717303
20328	-0.410127	-0.435287	3.98556	1.86355	0.467576	1.29478	-2.67478	3.81256	2.00484	0.525852	1.72545	1.45335	0.496068	0.244876	0.0722057
20329	-0.447813	-0.445938	3.83575	1.99977	0.521351	1.30715	-2.66926	4.20367	2.17598	0.517638	1.60498	1.53995	0.519409	0.228451	0.0725637
20330	-0.375273	-0.394842	3.92262	2.03277	0.518217	1.24835	-2.66835	3.94931	2.15225	0.544968	1.96075	1.31808	0.531638	0.236015	0.0728666
20331	-0.350564	-0.360296	3.74556	1.88634	0.503621	1.30651	-2.65136	4.21231	2.16585	0.514172	1.91157	1.37295	0.509206	0.244712	0.0734189
20332	-0.420742	-0.337993	3.82574	2.05907	0.538216	1.32559	-2.66361	3.91682	2.10532	0.537508	1.77346	1.52484	0.537858	0.245197	0.0738743
20333	-0.413674	-0.383205	4.28261	2.12571	0.496358	1.42288	-2.59842	4.01898	2.04131	0.507917	1.45487	1.68646	0.501954	0.227533	0.0737978
20334	-0.322065	-0.333535	4.3361	2.16649	0.49964	1.47493	-2.57806	4.26742	2.1717	0.508902	1.56012	1.61459	0.504234	0.225088	0.0740716
20335	-0.362299	-0.355209	3.98102	2.05833	0.517035	1.35957	-2.60019	4.25855	2.0594	0.483593	1.6999	1.48242	0.499751	0.234388	0.0739856
20336	-0.359331	-0.371247	3.78785	1.88277	0.497055	1.38089	-2.60857	4.09376	1.99239	0.486689	1.65291	1.51418	0.491671	0.244194	0.0741872
20337	-0.331138	-0.334418	3.94188	1.9536	0.495602	1.33475	-2.61717	4.0626	1.94617	0.479046	1.87771	1.38758	0.487199	0.250499	0.0742146
20338	-0.271973	-0.338046	3.99184	1.91646	0.480095	1.34611	-2.61134	3.9915	2.01702	0.505328	1.97384	1.30909	0.492711	0.247339	0.0742196
20339	-0.384029	-0.329496	3.70239	1.85108	0.499968	1.38857	-2.57527	3.85872	1.89669	0.491534	1.60515	1.57105	0.495664	0.251835	0.0742112
20340	-0.358629	-0.306192	3.627	1.74639	0.481497	1.43541	-2.58501	4.04528	1.945	0.480808	1.61345	1.6093	0.481134	0.260286	0.074313
20341	-0.398633	-0.379364	3.63846	1.7612	0.48405	1.41594	-2.56646	4.02239	1.94328	0.483116	1.45274	1.64634	0.48356	0.244127	0.0747223
20342	-0.295002	-0.364006	4.03626	1.88857	0.467902	1.45929	-2.57767	3.72255	1.9524	0.52448	1.59229	1.53876	0.495047	0.241913	0.0749218
20343	-0.303003	-0.320137	3.70738	1.81808	0.490395	1.49947	-2.55744	4.24531	2.1763	0.512636	1.54067	1.62446	0.502268	0.238642	0.0748399
20344	-0.289301	-0.314129	4.04101	1.94734	0.481895	1.35655	-2.57952	4.29456	2.10182	0.489415	1.89455	1.35441	0.485769	0.240706	0.0749674
20345	-0.316196	-0.329019	4.17649	1.92514	0.460946	1.39042	-2.57529	4.03998	2.002	0.495547	1.73242	1.45628	0.477959	0.24321	0.0748737
20346	-0.370666	-0.351717	3.84672	1.99762	0.519306	1.3497	-2.56391	3.94703	2.08598	0.528495	1.65348	1.47984	0.523959	0.230621	0.0749969
20347	-0.429746	-0.380151	4.22174	1.98784	0.470857	1.4908	-2.4932	3.83377	1.92332	0.501678	1.21051	1.84425	0.485525	0.222118	0.0755689
20348	-0.497604	-0.454559	3.95409	2.03075	0.513582	1.49865	-2.46403	3.70709	1.89896	0.51225	1.01328	1.99252	0.512938	0.204465	0.0755973
20349	-0.51125	-0.501635	4.06051	1.96861	0.484819	1.60746	-2.42991	4.07455	1.98592	0.487396	0.828318	2.24446	0.486109	0.190402	0.0754404
20350	-0.592293	-0.522461	4.20024	2.02271	0.48157	1.52189	-2.47231	4.14538	1.91741	0.462541	0.850578	2.23489	0.472118	0.194426	0.0759584
20351	-0.448017	-0.482266	3.94814	2.02025	0.511696	1.50421	-2.51579	3.99559	1.87893	0.470251	1.08502	1.9056	0.49085	0.209654	0.0761697
20352	-0.536329	-0.497499	4.07605	1.98892	0.487952	1.66851	-2.42814	3.66924	1.75675	0.478779	0.766747	2.43065	0.483606	0.199298	0.0760585
20353	-0.465554	-0.515958	4.05987	1.89345	0.466383	1.60936	-2.35898	3.77208	1.98598	0.526494	0.788968	2.15264	0.495334	0.179657	0.076174
20354	-0.487855	-0.478797	3.69213	1.81424	0.49138	1.56248	-2.39326	4.05951	2.0021	0.493189	0.871857	2.10193	0.492327	0.193689	0.0762956
20355	-0.459463	-0.428172	3.79934	1.88526	0.496207	1.51845	-2.47578	3.98923	2.12187	0.5319	1.07172	1.95606	0.514489	0.207424	0.0764984
20356	-0.312737	-0.419799	4.06536	2.14192	0.52687	1.4791	-2.53471	4.37855	2.12642	0.485646	1.39312	1.60534	0.505494	0.207676	0.0767836
20357	-0.491892	-0.49669	3.83246	1.92265	0.501676	1.35942	-2.59917	3.91239	2.09784	0.536205	1.28975	1.71368	0.519119	0.21569	0.0767428
20358	-0.497675	-0.463355	4.03075	1.88497	0.467647	1.56997	-2.58094	3.64242	1.94018	0.532661	1.04888	2.13758	0.498509	0.226735	0.0771438
20359	-0.425873	-0.441243	3.97327	1.91375	0.481656	1.35297	-2.67539	3.93626	1.92497	0.489034	1.57741	1.58214	0.485328	0.245415	0.0769275
20360	-0.42289	-0.463194	3.78622	1.94051	0.512519	1.30252	-2.69921	3.75412	2.04127	0.543741	1.67944	1.48852	0.528063	0.239008	0.0773788
20361	-0.51171	-0.440684	3.67242	1.8381	0.500514	1.3982	-2.6702	4.1045	2.00979	0.489655	1.36268	1.82389	0.494782	0.244208	0.077896
20362	-0.420029	-0.418434	3.81938	1.75643	0.459874	1.38751	-2.65608	3.8953	1.9689	0.505455	1.53253	1.63359	0.482889	0.2516	0.0778989
20363	-0.282834	-0.380469	3.94437	1.82381	0.462382	1.41503	-2.66781	4.28399	2.13183	0.497626	1.81492	1.44137	0.480731	0.248589	0.078102
20364	-0.468768	-0.404153	4.00543	2.03056	0.506951	1.41038	-2.61613	4.30507	2.19227	0.509229	1.38561	1.7656	0.508131	0.224693	0.0779409
20365	-0.215053	-0.313448	4.12926	2.16745	0.524901	1.34474	-2.64479	3.83411	2.07323	0.540732	2.23397	1.21647	0.532523	0.242755	0.0779251
20366	-0.246379	-0.297461	4.13912	1.99907	0.482971	1.34266	-2.6809	3.87397	1.85317	0.478364	2.24976	1.26253	0.480744	0.269461	0.0783811
20367	-0.17832	-0.263831	3.62901	1.95046	0.537464	1.48158	-2.62873	3.74352	2.06872	0.552615	2.02984	1.37763	0.545157	0.258189	0.0784246
20368	-0.248598	-0.277931	3.84072	1.84671	0.480823	1.38749	-2.6442	3.87383	2.09171	0.539959	2.09177	1.3384	0.510518	0.26232	0.0785952
20369	-0.277958	-0.315048	3.69212	1.88421	0.510333	1.32208	-2.66793	4.06696	2.05887	0.506242	2.1624	1.28007	0.508189	0.259903	0.0787732
20370	-0.294632	-0.338862	4.08172	1.90488	0.466687	1.26171	-2.69085	3.78943	2.15817	0.569524	2.28381	1.2111	0.516196	0.254035	0.0787044
20371	-0.486871	-0.389145	4.0689	2.05117	0.504109	1.27842	-2.71128	3.79821	1.83564	0.483292	1.73038	1.55812	0.494059	0.257613	0.0786994
20372	-0.389418	-0.415683	3.89463	1.8823	0.483305	1.33135	-2.65978	3.60006	1.82257	0.506261	1.70073	1.48053	0.494332	0.253727	0.079138
20373	-0.351675	-0.333903	3.87486	1.89685	0.489527	1.34242	-2.65017	4.26141	1.99298	0.46768	1.8694	1.43497	0.478085	0.256498	0.0794548
20374	-0.227593	-0.278099	3.80156	1.82259	0.479431	1.29745	-2.70382	3.85546	1.9637	0.50933	2.52998	1.16288	0.494486	0.279907	0.079991
20375	-0.36475	-0.354426	3.84995	1.88495	0.489602	1.23566	-2.80635	4.21512	2.07377	0.491984	2.34719	1.28066	0.490847	0.275286	0.080648
20376	-0.343396	-0.307933	3.76743	1.83951	0.488265	1.23273	-2.73606	3.85491	1.9997	0.518742	2.37334	1.24209	0.503678	0.277515	0.0806489
20377	-0.231564	-0.259146	3.75611	1.90465	0.50708	1.23256	-2.71906	4.03568	2.02398	0.501521	2.82285	1.07183	0.504201	0.278115	0.080804
20378	-0.199721	-0.211046	4.00484	1.79795	0.448944	1.26048	-2.71352	4.10816	2.20182	0.535963	2.93707	1.06609	0.493007	0.281411	0.0810097
20379	-0.273033	-0.259509	3.99994	1.81983	0.454965	1.20669	-2.79515	4.14333	2.18065	0.526304	2.93641	1.09479	0.491263	0.286731	0.0811444
20380	-0.278502	-0.249639	3.98082	1.8646	0.468397	1.16304	-2.84823	4.30201	2.17656	0.50594	3.24954	1.03902	0.487897	0.294758	0.0813589
20381	-0.266511	-0.263126	3.93674	1.84358	0.468301	1.12025	-2.92589	4.57753	2.30356	0.503233	3.6869	0.961556	0.487081	0.299541	0.0817506
20382	-0.189787	-0.227285	3.86486	1.85289	0.47942	0.978783	-2.95138	4.40826	2.14071	0.485614	5.4342	0.682778	0.482721	0.317299	0.082063
20383	-0.276529	-0.262923	3.7292	1.88152	0.504536	1.21813	-2.86201	4.28897	2.1608	0.503804	3.02381	1.11701	0.504145	0.294777	0.0820479
20384	-0.330456	-0.303328	4.17764	1.95303	0.467496	1.176	-2.81209	4.10184	2.06771	0.504093	2.77337	1.1347	0.485627	0.281369	0.082604
20385	-0.334022	-0.301345	3.8337	1.75887	0.458793	1.20553	-2.78278	3.96907	2.23705	0.563621	2.59787	1.18511	0.512116	0.278203	0.0823132
20386	-0.302512	-0.345085	3.57417	1.76643	0.494221	1.16869	-2.83219	4.2028	2.10904	0.501819	2.85785	1.08222	0.498327	0.285319	0.082557
20387	-0.346329	-0.34027	3.64829	1.80195	0.493915	1.19304	-2.76518	4.13779	2.13116	0.515048	2.48147	1.18482	0.505146	0.272171	0.0826691
20388	-0.20267	-0.214459	3.69257	1.8804	0.509239	1.32027	-2.70915	4.22566	2.10238	0.497526	2.68331	1.15967	0.502988	0.281014	0.0829569
20389	-0.245554	-0.239622	4.07253	1.88024	0.461687	1.3007	-2.6991	4.24073	2.34343	0.552599	2.53002	1.19545	0.508063	0.263744	0.0832877
20390	-0.196716	-0.175041	3.83832	1.80263	0.46964	1.21812	-2.70927	4.16115	2.272	0.546002	3.20833	1.00088	0.509362	0.282764	0.0833731
20391	-0.274439	-0.171868	3.60136	1.70532	0.473522	1.37567	-2.75698	4.24035	2.08135	0.490843	2.45432	1.36144	0.482888	0.306242	0.0834206
20392	-0.21865	-0.202303	3.73662	1.93377	0.517517	1.34798	-2.72004	4.04255	2.00097	0.494978	2.58278	1.22717	0.505804	0.287221	0.083376
20393	-0.240128	-0.259747	4.08323	1.97675	0.484115	1.38143	-2.70619	4.19553	1.97559	0.470879	2.27618	1.31472	0.477407	0.274715	0.0836966
20394	-0.233378	-0.242528	4.10371	1.99524	0.486205	1.19523	-2.72464	4.18163	2.00547	0.47959	3.01865	1.02047	0.482867	0.278071	0.0839176
20395	-0.220498	-0.198735	3.71629	1.86223	0.5011	1.22407	-2.74373	3.90417	2.04433	0.523629	3.10381	1.04339	0.512642	0.293137	0.083937
20396	-0.158315	-0.158805	4.02474	1.87499	0.465865	1.22229	-2.76818	4.32204	1.93843	0.448499	3.57218	0.953035	0.456873	0.308722	0.0844463
20397	-0.20452	-0.221335	3.81557	1.79715	0.471004	1.22884	-2.76951	3.88091	1.9269	0.496507	3.16045	1.02726	0.483864	0.303677	0.084826
20398	-0.245781	-0.230215	3.95859	1.84794	0.466818	1.16414	-2.81207	4.07336	1.98965	0.488456	3.35333	0.993935	0.477791	0.30288	0.0853605
20399	-0.254022	-0.251017	3.92174	1.80341	0.45985	1.22359	-2.78748	4.24072	2.00787	0.473475	2.94669	1.09167	0.466929	0.296876	0.0856224
20400	-0.236598	-0.269071	4.04199	1.94034	0.480044	1.13169	-2.81895	4.03856	2.01844	0.499793	3.47281	0.936111	0.489914	0.291184	0.0856255
20401	-0.312056	-0.271215	4.0292	2.08022	0.516286	1.13347	-2.88169	3.97103	2.04189	0.514197	3.26125	1.04478	0.515249	0.292536	0.086279
20402	-0.256813	-0.255423	4.05202	2.10262	0.518905	1.03499	-2.92518	3.53843	1.89441	0.535381	4.27125	0.834372	0.526585	0.308452	0.0868241
20403	-0.279317	-0.28429	3.82616	2.00372	0.52369	1.07642	-2.96883	3.96657	1.918	0.483541	3.92093	0.91901	0.503254	0.3149	0.086847
20404	-0.445509	-0.336744	3.95225	1.94778	0.492828	1.02646	-2.99623	3.93737	1.93087	0.490396	3.26436	1.08335	0.491614	0.313239	0.0870301
20405	-0.37324	-0.356912	3.6955	1.84553	0.499399	1.08948	-2.99392	4.07557	1.97548	0.484712	3.25013	1.06978	0.491696	0.31281	0.0871471
20406	-0.517654	-0.429319	3.72075	1.8479	0.496646	0.951781	-3.02362	4.22982	2.12535	0.502468	3.11701	1.07962	0.499743	0.297602	0.0874267
20407	-0.409361	-0.415603	3.88188	1.92129	0.494938	0.978725	-3.06896	4.15932	2.07159	0.49806	3.65391	0.963391	0.496553	0.306049	0.0873141
20408	-0.407827	-0.466472	4.06764	1.92982	0.474432	0.970973	-3.00439	3.89469	2.03611	0.522791	3.38808	0.950545	0.498086	0.288877	0.0875333
20409	-0.426421	-0.446932	3.98156	1.91564	0.481127	1.03836	-2.98371	3.85837	1.98789	0.515216	2.99931	1.07279	0.497904	0.291959	0.0879125
20410	-0.406607	-0.393103	4.06003	1.99283	0.490842	1.08904	-2.92074	4.15623	2.02922	0.488235	2.85609	1.11848	0.489523	0.284345	0.0883085
20411	-0.479921	-0.477134	3.84757	1.93995	0.504203	0.999217	-2.98789	4.0249	2.12964	0.529117	2.88131	1.09392	0.51694	0.279252	0.0886533
20412	-0.453566	-0.509467	3.77305	1.88303	0.499075	1.02645	-2.97441	4.18675	2.11232	0.504525	2.77383	1.09523	0.501942	0.275561	0.0888558
20413	-0.473552	-0.468872	3.8147	1.76705	0.463221	1.00377	-2.98962	3.88239	1.98517	0.511328	2.91143	1.09124	0.487486	0.297542	0.0893256
20414	-0.539086	-0.476188	3.55083	1.80231	0.507574	1.02853	-2.99483	3.92157	1.9796	0.504798	2.58139	1.22871	0.506117	0.295548	0.0895711
20415	-0.454806	-0.480225	4.00831	1.82477	0.455247	1.03056	-3.03165	4.11663	1.94576	0.472657	2.95053	1.10315	0.464068	0.301597	0.0899306
20416	-0.518961	-0.510359	3.89239	1.77506	0.456033	0.889047	-3.05957	3.75867	1.7787	0.473225	3.27795	0.991243	0.464479	0.313839	0.0902431
20417	-0.549042	-0.505915	3.77731	1.91628	0.507314	0.936447	-3.09608	3.63689	1.76334	0.484849	3.0403	1.10334	0.496294	0.313209	0.0902956
20418	-0.477629	-0.513167	4.07814	1.95274	0.478831	0.847771	-3.08234	3.88904	1.90053	0.488689	3.75743	0.878343	0.483643	0.299947	0.0905023
20419	-0.448973	-0.497137	4.12391	1.93393	0.468956	0.987925	-3.10277	4.0879	1.94901	0.476776	3.28832	1.03234	0.472849	0.304272	0.0908692
20420	-0.590027	-0.525376	3.68113	1.88771	0.512807	0.99717	-3.03819	4.14124	2.05382	0.495943	2.50646	1.2596	0.503879	0.286069	0.0909725
20421	-0.50453	-0.541049	3.99722	1.80308	0.451083	1.05586	-3.05382	3.97101	2.10508	0.530112	2.5932	1.21741	0.490467	0.287801	0.0917781
20422	-0.47826	-0.484415	3.69188	1.94192	0.525999	0.881599	-3.06995	3.84307	2.04954	0.533308	3.61505	0.924609	0.529727	0.295237	0.0922628
20423	-0.528984	-0.489389	3.88647	1.83607	0.472425	0.870097	-3.06054	4.07998	1.99913	0.489984	3.3773	0.978714	0.481418	0.301259	0.0925211
20424	-0.471705	-0.43712	3.96646	1.84838	0.466002	0.915634	-3.11377	4.062	2.08273	0.512734	3.72234	0.962356	0.489646	0.313117	0.0927413
20425	-0.451638	-0.446405	3.62915	1.84577	0.508594	0.915561	-3.11869	4.05016	2.00799	0.495782	3.82034	0.934617	0.501837	0.316701	0.0926433
20426	-0.453163	-0.41833	3.96052	1.92416	0.485835	0.855001	-3.10109	3.74389	1.93722	0.517436	4.20571	0.855646	0.501191	0.317968	0.0929948
20427	-0.362599	-0.413784	3.96872	2.00165	0.504356	0.905876	-3.1384	3.87379	2.02553	0.52288	4.61368	0.804514	0.513506	0.31557	0.0932607
20428	-0.423046	-0.413082	3.79546	1.90422	0.50171	0.830095	-3.15153	4.16738	2.03293	0.487819	4.77538	0.785181	0.49444	0.322682	0.0935813
20429	-0.405151	-0.3946	3.74042	1.94216	0.519235	0.832133	-3.16066	3.72625	1.93896	0.520353	4.99786	0.765437	0.519793	0.330247	0.0938594
20430	-0.4641	-0.477479	3.98589	2.03174	0.509733	0.867652	-3.22957	4.0204	2.08906	0.519615	4.2705	0.886782	0.514695	0.314941	0.0939933
20431	-0.397733	-0.408981	3.93192	1.87969	0.47806	0.831548	-3.22906	4.01155	2.10339	0.524333	5.26283	0.755566	0.501428	0.333073	0.0938768
20432	-0.411568	-0.411913	3.87599	1.80336	0.465263	0.806803	-3.22975	3.92677	2.17237	0.55322	5.34898	0.742215	0.509528	0.33313	0.0944154
20433	-0.350356	-0.312749	3.67565	1.78572	0.485825	0.773168	-3.20327	4.17819	2.08631	0.499334	6.61895	0.631153	0.493012	0.350533	0.0943827
20434	-0.308521	-0.302534	3.73776	1.80313	0.482411	0.787729	-3.26345	3.55918	1.85834	0.522125	7.29515	0.600882	0.501782	0.374571	0.0947228
20435	-0.301746	-0.289222	3.92668	1.85513	0.472443	0.668514	-3.30182	3.76565	1.79651	0.477079	9.64067	0.470702	0.474712	0.383348	0.0950379
20436	-0.265988	-0.294403	3.76998	1.67218	0.443551	0.658975	-3.28863	3.83871	1.944	0.506421	10.479	0.427779	0.47527	0.382763	0.0953524
20437	-0.28946	-0.227857	3.589	1.75111	0.487911	0.69294	-3.28255	3.69266	2.01133	0.544683	9.66845	0.482556	0.516701	0.382841	0.0955295
20438	-0.158832	-0.195853	3.84893	1.83545	0.476873	0.761687	-3.2781	4.09025	2.05879	0.50334	11.2117	0.423678	0.490509	0.378958	0.0957651
20439	-0.210421	-0.177728	3.94792	1.71524	0.434468	0.693549	-3.27008	3.70922	1.96177	0.52889	11.7023	0.408581	0.480207	0.39412	0.095756
20440	-0.0834288	-0.105299	3.76046	1.79046	0.476127	0.699654	-3.29082	4.00035	1.97952	0.494835	16.548	0.30661	0.48577	0.402363	0.0958229
20441	-0.0447559	-0.143915	4.03208	1.93383	0.479612	0.722897	-3.20083	3.73861	1.81386	0.485169	15.8576	0.294645	0.482286	0.384114	0.095648
20442	-0.0595903	-0.103162	3.83564	2.03202	0.529773	0.817045	-3.22899	3.71228	1.86202	0.501585	12.7143	0.384244	0.515909	0.385601	0.0960838
20443	-0.0581602	-0.115311	3.95977	1.91278	0.483053	0.665067	-3.23724	3.76288	2.00016	0.531549	18.6336	0.261529	0.506683	0.383865	0.0964414
20444	-0.108081	-0.0961121	3.88318	1.96759	0.506695	0.779362	-3.26107	4.15085	2.1274	0.512521	12.719	0.393778	0.509705	0.379592	0.0963195
20445	-0.0944598	-0.0424976	3.81273	1.93889	0.508532	0.705307	-3.26481	3.59855	1.91573	0.53236	16.2333	0.319813	0.520101	0.402545	0.0965794
20446	0.0410269	0.000447694	4.1401	1.99673	0.48229	0.790598	-3.21753	4.34986	2.09694	0.48207	18.4306	0.280929	0.482177	0.387525	0.0969112
20447	0.0705859	0.022134	3.78859	1.88124	0.496555	0.851133	-3.17425	3.81473	2.18291	0.572231	16.7695	0.304627	0.534523	0.386047	0.0973313
20448	0.0123449	-0.00790249	3.90556	1.93546	0.495566	0.803681	-3.14177	4.1683	2.10591	0.50522	15.6834	0.313106	0.50055	0.378048	0.097534
20449	-0.0394586	0.0230677	3.93147	1.95244	0.496618	0.849998	-3.11095	3.85622	2.03995	0.529001	12.4152	0.395566	0.512653	0.380942	0.0974931
20450	-0.0560814	-0.0306342	3.88295	1.87599	0.483134	0.879077	-3.08223	3.73763	2.06731	0.553107	10.6484	0.43726	0.517454	0.371338	0.097799
20451	-0.126012	-0.0583583	3.68579	1.77998	0.482932	0.879175	-3.17839	4.05316	2.04113	0.503589	9.63443	0.5052	0.493751	0.389207	0.0975802
20452	-0.17901	-0.137271	3.84282	1.82252	0.474266	0.83605	-3.14704	4.16725	2.16942	0.520587	8.79189	0.515174	0.498365	0.36208	0.0976566
20453	-0.171282	-0.191328	3.77604	1.83118	0.484948	0.832731	-3.11279	4.42037	2.14719	0.485749	8.46686	0.504021	0.48538	0.349214	0.0981922
20454	-0.280073	-0.240411	3.56682	1.85392	0.519767	0.756444	-3.18652	4.36297	2.3396	0.536239	8.07878	0.537184	0.52883	0.341108	0.0982217
20455	-0.164926	-0.202003	3.76294	1.85256	0.492317	0.934127	-3.13629	4.25642	2.3815	0.559508	7.12802	0.603958	0.52798	0.337149	0.0983714
20456	-0.151523	-0.15273	3.85481	1.86334	0.483382	0.844409	-3.11407	4.44117	2.24651	0.505839	8.84131	0.49594	0.495404	0.347987	0.0985974
20457	-0.284289	-0.256417	3.9944	1.86292	0.466382	0.829338	-3.06818	4.19548	2.17553	0.518541	6.37495	0.620082	0.493102	0.328708	0.0982904
20458	-0.260552	-0.296196	3.95918	1.97505	0.498853	0.918676	-3.09253	3.97794	2.12662	0.534603	5.62317	0.69529	0.51677	0.322879	0.0983596
20459	-0.364483	-0.410621	3.95782	1.8822	0.475566	0.79111	-3.11933	4.19302	2.30116	0.548807	5.49432	0.667698	0.513243	0.304922	0.0986766
20460	-0.441772	-0.387754	4.19171	1.81665	0.433393	0.982263	-3.05643	4.40307	2.35514	0.534885	3.51198	1.01394	0.485387	0.299229	0.0989862
20461	-0.312106	-0.327726	3.46082	1.80599	0.521838	1.02701	-2.97349	4.21579	2.35498	0.558609	3.90361	0.896615	0.542032	0.296166	0.0985494
20462	-0.377619	-0.301885	3.87344	1.96084	0.506227	0.977451	-2.97444	4.51857	2.22672	0.492794	3.88981	0.918107	0.498994	0.299046	0.0992169
20463	-0.176436	-0.22955	3.93854	1.92845	0.489636	1.05895	-2.92212	4.50112	2.21986	0.49318	4.75039	0.763089	0.491526	0.304173	0.0993217
20464	-0.254745	-0.214031	3.96462	1.93055	0.486944	1.04213	-2.91798	3.93507	2.00443	0.509374	4.34712	0.840938	0.498117	0.317286	0.0994298
20465	-0.161232	-0.212814	3.88879	1.97331	0.507436	1.16977	-2.83473	4.07618	2.09514	0.513997	3.88044	0.88578	0.510794	0.297078	0.0994542
20466	-0.220045	-0.23385	3.74981	1.91098	0.509621	1.22108	-2.78166	3.94802	2.08077	0.527042	3.12559	1.03842	0.518556	0.289142	0.0999627
20467	-0.222554	-0.235561	3.88773	1.91878	0.493548	1.23261	-2.75499	4.07602	2.11022	0.517716	2.99764	1.05875	0.505918	0.282671	0.0999394
20468	-0.223481	-0.255612	3.57588	1.80226	0.504004	1.22946	-2.77732	3.7851	2.05723	0.543506	3.01226	1.05552	0.524317	0.291842	0.100376
20469	-0.217687	-0.199499	3.65619	1.90022	0.519728	1.24719	-2.74736	3.89864	2.06758	0.530334	3.02516	1.07293	0.525201	0.290388	0.100785
20470	-0.213105	-0.202281	3.60724	1.93275	0.535797	1.19443	-2.79752	3.67246	2.08561	0.567906	3.39966	0.990582	0.551995	0.295398	0.100887
20471	-0.285687	-0.234075	4.21911	1.93681	0.459057	1.20017	-2.76303	4.01229	2.10428	0.52446	2.89687	1.10389	0.490937	0.283596	0.100986
20472	-0.295479	-0.230427	3.76165	1.88718	0.501689	1.27126	-2.79029	3.68598	2.01308	0.546145	2.66956	1.22734	0.523691	0.295894	0.10137
20473	-0.23123	-0.2123	3.95726	1.93388	0.488692	1.18471	-2.74944	4.15348	1.97804	0.476237	3.2107	1.00244	0.482314	0.291574	0.101906
20474	-0.241082	-0.184494	3.96694	1.97492	0.497845	1.20833	-2.7741	4.05679	1.95849	0.482767	3.19217	1.05039	0.490221	0.298954	0.10236
20475	-0.254238	-0.220635	3.82996	1.8768	0.490031	1.28092	-2.69306	3.8376	1.73976	0.453346	2.59382	1.17836	0.47167	0.297147	0.102187
20476	-0.277975	-0.254447	4.02626	1.90984	0.474345	1.35552	-2.64659	4.06711	2.00652	0.493353	2.14457	1.33415	0.483897	0.26765	0.102517
20477	-0.173084	-0.236026	3.90218	1.90365	0.487842	1.35631	-2.6736	4.04875	2.05477	0.507508	2.54024	1.16953	0.497856	0.272965	0.102385
20478	-0.338355	-0.265126	4.12555	1.84457	0.447108	1.27444	-2.80185	4.12507	2.12084	0.514134	2.47392	1.30056	0.480619	0.28871	0.102905
20479	-0.132121	-0.21747	3.68354	1.80432	0.489832	1.19946	-2.7925	4.05034	1.94469	0.48013	3.73964	0.886554	0.484751	0.306707	0.102824
20480	-0.285283	-0.328785	3.97405	1.85338	0.466372	1.20783	-2.8172	4.26546	2.01024	0.471284	2.77752	1.1147	0.468915	0.286159	0.102947
20481	-0.289054	-0.292201	3.74922	1.87071	0.498959	1.19485	-2.80694	4.22866	2.11482	0.500115	2.87193	1.10099	0.499572	0.284118	0.103049
20482	-0.330016	-0.263129	3.72474	1.89192	0.507932	1.11372	-2.87096	4.10176	2.0481	0.499322	3.26273	1.04219	0.50342	0.301547	0.102909
20483	-0.21825	-0.265639	4.12013	1.98268	0.481219	1.01425	-2.93196	4.05985	2.01324	0.495891	4.68009	0.759523	0.488501	0.307961	0.103279
20484	-0.310993	-0.254916	3.88109	2.08052	0.536065	0.963544	-2.97592	4.10601	2.08561	0.50794	4.55779	0.812223	0.521607	0.307725	0.103373
20485	-0.281223	-0.249381	3.94313	1.97199	0.500108	0.990497	-3.01742	3.94442	2.06919	0.524586	4.73764	0.808635	0.512349	0.321682	0.103686
20486	-0.225305	-0.264672	4.09603	1.98791	0.485327	0.947733	-3.05121	3.87566	1.96684	0.507486	5.64296	0.68801	0.4961	0.329354	0.103486
20487	-0.36666	-0.304041	3.99763	1.86796	0.467268	0.946518	-2.99356	3.87979	2.01067	0.518241	4.19471	0.862218	0.492373	0.318093	0.103851
20488	-0.397811	-0.278529	3.82561	1.88229	0.492023	0.910559	-2.97037	4.07888	1.98858	0.487531	4.2329	0.855916	0.489705	0.318902	0.104168
20489	-0.189842	-0.270791	4.11164	1.97862	0.481224	0.931875	-3.00836	4.03388	1.96879	0.488063	5.95612	0.629125	0.484611	0.321975	0.104921
20490	-0.264027	-0.258349	3.95822	1.89485	0.478713	0.87914	-3.04998	4.04415	2.06767	0.511275	5.96344	0.653415	0.495169	0.329726	0.1051
20491	-0.180188	-0.175844	3.88591	1.95705	0.503626	0.832622	-3.09373	3.79151	1.92213	0.506957	8.30005	0.512892	0.505271	0.354413	0.105252
20492	-0.0738977	-0.0642391	3.97726	1.87353	0.471059	0.838658	-3.11309	3.86523	2.12461	0.549671	11.1623	0.416379	0.509804	0.367701	0.105804
20493	-0.0422881	-0.0552423	3.8853	1.80666	0.464999	0.959977	-3.08012	4.05137	2.04366	0.504436	9.10856	0.502268	0.48513	0.372803	0.106138
20494	0.0336228	-0.00328902	3.95626	1.80964	0.457413	0.869248	-3.14621	4.0913	2.09329	0.511643	14.1463	0.349135	0.484983	0.387647	0.106279
20495	-0.0536244	-0.0459482	4.18954	1.8875	0.450527	0.887685	-3.14968	4.13689	2.09377	0.506122	10.8719	0.443032	0.478149	0.377028	0.10672
20496	-0.0533057	-0.0140615	3.96072	1.88063	0.474819	0.940701	-3.10928	4.20131	2.17634	0.518015	9.69627	0.494025	0.497054	0.371331	0.107094
20497	-0.047138	-0.00217322	4.04836	2.01645	0.498089	0.958141	-3.01518	4.40547	2.14049	0.485872	8.98311	0.505292	0.491722	0.35327	0.107235
20498	0.0504727	0.0440449	3.86656	2.03344	0.525904	1.02492	-2.96892	4.01416	2.15108	0.535871	9.5603	0.474773	0.530981	0.351754	0.10731
20499	0.0758807	0.014552	3.95748	1.99967	0.505288	1.11548	-2.94331	4.06445	2.05949	0.506709	8.09514	0.540382	0.506008	0.350274	0.107429
20500	-0.0656365	-0.0510556	3.8624	1.9281	0.499196	0.932865	-3.05106	3.9723	2.07628	0.522689	9.02706	0.498503	0.511107	0.359864	0.107226
