cycle	Zbar1	Gbar1	VP1	VG1	h21	Zbar2	Gbar2	VP2	VG2	h22	h2b	h2b_denom	h2w	Qst	Fst
20000	0.313999	0.24588	3.90439	1.87485	0.480192	-1.71093	0.300542	3.94009	1.85259	0.47019	0.000728702	2.05017	0.475168	0.000200461	0.00037293
20001	0.192773	0.240432	4.04613	1.92151	0.4749	-1.78158	0.28199	4.09558	1.9825	0.484058	0.00044307	1.94904	0.479507	0.000110643	0.000623287
20002	0.226387	0.306953	3.75971	1.94044	0.516113	-1.5762	0.369936	3.91972	2.00032	0.510323	0.00122083	1.62466	0.513158	0.000251718	0.000846265
20003	0.200404	0.249766	3.64353	1.83929	0.50481	-1.51129	0.427732	4.18942	2.11409	0.504626	0.0108099	1.46495	0.504711	0.00199984	0.00108869
20004	0.250933	0.26819	4.12757	1.87365	0.453934	-1.5305	0.502815	4.03884	2.12542	0.526245	0.0173464	1.58674	0.489697	0.00343125	0.00133755
20005	0.216418	0.212127	3.74632	2.00245	0.534511	-1.3736	0.622801	4.26261	2.10259	0.493262	0.0667098	1.26408	0.512557	0.0101717	0.00153374
20006	0.217492	0.173516	3.91127	2.07859	0.531436	-1.38759	0.582974	4.02351	2.24614	0.558254	0.0650771	1.28814	0.545034	0.00960345	0.00176751
20007	0.239614	0.189126	3.97956	2.06123	0.517952	-1.33403	0.637835	4.32265	2.1324	0.493309	0.0813053	1.23817	0.505122	0.0118662	0.00202807
20008	0.149556	0.167448	4.09761	2.06475	0.503891	-1.28062	0.747122	4.53307	2.18824	0.482728	0.164281	1.0227	0.492776	0.0193791	0.00230893
20009	0.185566	0.214591	4.156	2.1724	0.522712	-1.1967	0.732932	4.1341	2.02998	0.491034	0.14062	0.955332	0.506915	0.0157399	0.00252889
20010	0.220045	0.230662	3.73271	1.82848	0.489852	-1.18078	0.829309	4.217	1.99429	0.472918	0.18263	0.981156	0.480869	0.0229115	0.00276217
20011	0.237261	0.228633	3.84989	1.87613	0.487322	-1.09367	0.888941	4.11736	2.09646	0.509175	0.24614	0.885691	0.498615	0.0267187	0.00302117
20012	0.237534	0.259813	3.80408	1.98116	0.520798	-1.10972	0.909113	4.12153	2.04271	0.49562	0.23227	0.907542	0.507705	0.025537	0.00328003
20013	0.308845	0.282654	3.97975	2.00268	0.503218	-0.998406	0.979992	3.70448	1.92218	0.518879	0.284557	0.854452	0.510768	0.0300584	0.00357053
20014	0.259711	0.260322	4.29402	2.0694	0.481926	-1.03978	0.998114	3.95261	2.04349	0.516997	0.322344	0.844342	0.498736	0.0320431	0.00368332
20015	0.252821	0.334327	3.92913	1.90731	0.485429	-0.904441	1.11651	3.9635	2.01413	0.50817	0.456828	0.669627	0.496849	0.0375579	0.0039582
20016	0.360424	0.379634	4.18675	2.10157	0.501957	-0.729703	1.17256	4.05497	2.05163	0.505955	0.529065	0.594188	0.503924	0.0364835	0.00428565
20017	0.35498	0.377974	4.44423	2.0793	0.467866	-0.815051	1.16026	3.84963	2.12209	0.551245	0.44703	0.684486	0.506567	0.0351523	0.00450158
20018	0.373225	0.3716	3.99804	2.0702	0.517804	-0.703374	1.20365	4.0388	2.03819	0.504653	0.597299	0.579534	0.511195	0.0404442	0.00471232
20019	0.438068	0.358832	3.65296	1.91834	0.525148	-0.656909	1.30367	3.8497	2.06671	0.53685	0.744564	0.599487	0.531152	0.0530589	0.0050164
20020	0.395876	0.362299	3.78704	2.01826	0.532938	-0.771082	1.32429	4.12429	2.00286	0.485626	0.679561	0.680895	0.508274	0.0544305	0.00531906
20021	0.400595	0.389725	4.33997	2.16353	0.498512	-0.592685	1.36758	4.02198	2.0095	0.499629	0.969179	0.493303	0.499049	0.0542064	0.00547447
20022	0.384141	0.394538	3.99738	2.01912	0.505112	-0.609632	1.37679	3.90792	1.96149	0.501927	0.976944	0.493793	0.503537	0.0571596	0.00569643
20023	0.430971	0.397428	4.02784	2.06677	0.513121	-0.552847	1.41383	3.93295	2.09765	0.533351	1.06734	0.483949	0.523116	0.0584239	0.0059206
20024	0.416926	0.341701	3.96337	2.02838	0.511783	-0.62795	1.3543	3.97874	1.97841	0.497245	0.939165	0.545883	0.5045	0.0601571	0.00609695
20025	0.288205	0.343209	3.96195	2.0174	0.509194	-0.659285	1.40109	3.97906	1.92059	0.482673	1.2466	0.448868	0.495905	0.0663646	0.00636542
20026	0.396748	0.451696	4.41294	2.06425	0.467772	-0.524243	1.45741	3.98877	1.95581	0.490329	1.19245	0.424113	0.478482	0.0592065	0.00662111
20027	0.477096	0.492237	4.01634	1.90032	0.473147	-0.548414	1.48187	4.21616	2.11561	0.501786	0.931251	0.525835	0.487814	0.0574914	0.00682545
20028	0.432421	0.426315	4.07788	2.06769	0.50705	-0.511151	1.49213	4.2033	2.0537	0.488592	1.2759	0.445165	0.497681	0.0644952	0.00719696
20029	0.348237	0.404179	3.96313	2.0325	0.512852	-0.578586	1.49857	4.00557	2.13665	0.53342	1.39428	0.429501	0.52319	0.0670377	0.0075047
20030	0.383772	0.366477	3.94607	1.93229	0.489674	-0.523523	1.567	4.02212	2.16464	0.538184	1.75083	0.411591	0.51416	0.0808748	0.0076733
20031	0.461646	0.358012	3.81844	1.95565	0.512159	-0.47159	1.58774	4.12432	1.94537	0.471683	1.73634	0.435465	0.491142	0.0883908	0.00788811
20032	0.345474	0.401915	4.03547	1.99707	0.494878	-0.448912	1.6266	3.97867	2.01604	0.506712	2.37675	0.315524	0.500753	0.0854893	0.00813051
20033	0.344056	0.380566	4.01611	2.05234	0.511027	-0.326102	1.66002	3.59964	1.83865	0.510789	3.64496	0.224555	0.510914	0.0952116	0.008377
20034	0.424221	0.375245	4.08503	2.08799	0.511132	-0.313808	1.6887	4.03492	2.04284	0.506289	3.16725	0.272344	0.508726	0.0945803	0.00847563
20035	0.434012	0.403567	4.01029	1.99781	0.498171	-0.344172	1.62434	4.1677	2.00626	0.481383	2.46096	0.302785	0.489615	0.0851658	0.00879704
20036	0.369461	0.358163	3.926	1.91034	0.486588	-0.337916	1.69028	4.03043	2.04428	0.507211	3.54637	0.250191	0.497035	0.100912	0.00915539
20037	0.304207	0.370807	3.96365	2.01559	0.508518	-0.247409	1.74747	3.99558	1.94249	0.486159	6.22843	0.15214	0.497294	0.106954	0.00934713
20038	0.395824	0.398749	4.18212	2.04902	0.489948	-0.267661	1.7527	3.69806	1.92926	0.521696	4.16432	0.220106	0.504847	0.103346	0.00966252
20039	0.324336	0.370052	3.73041	1.83938	0.493078	-0.166766	1.83003	4.05707	2.0791	0.512464	8.83787	0.120591	0.503177	0.119765	0.00984974
20040	0.428826	0.362739	4.10738	2.03433	0.495286	-0.135961	1.84311	4.52299	2.11205	0.466959	6.87021	0.159492	0.480441	0.116763	0.0101305
20041	0.375076	0.373063	4.06983	2.02598	0.497805	-0.0275349	1.95028	4.14376	2.10341	0.507609	15.3467	0.0810477	0.502751	0.130949	0.0103363
20042	0.4385	0.358552	4.09718	2.02115	0.493302	-0.0115704	1.99284	4.45958	2.21958	0.49771	13.1856	0.101282	0.495599	0.136095	0.0106439
20043	0.275933	0.313485	3.94303	2.16669	0.5495	0.0358794	1.97103	4.19854	2.21677	0.527987	47.6779	0.0288128	0.538406	0.135526	0.0108733
20044	0.316921	0.298721	3.97079	2.07201	0.521814	0.0385034	1.97976	4.02206	2.09123	0.51994	36.4555	0.0387582	0.520871	0.145137	0.0112198
20045	0.341606	0.265207	3.86602	2.07384	0.536428	-0.154749	1.93471	4.16436	1.96847	0.472694	11.3132	0.123185	0.503377	0.147096	0.011359
20046	0.266998	0.268508	4.09667	2.05124	0.500709	-0.169832	1.92766	4.01634	1.88083	0.468296	14.4261	0.0954105	0.484663	0.149015	0.0115473
20047	0.27306	0.226091	4.09348	1.97519	0.48252	0.0651948	2.06551	4.01046	1.98653	0.495336	78.3064	0.0216039	0.488863	0.176016	0.0117813
20048	0.231919	0.270484	3.84935	2.06559	0.536608	0.10309	2.09087	3.97566	2.0226	0.508746	199.666	0.00829836	0.522452	0.168569	0.012106
20049	0.260952	0.231499	4.13386	2.03749	0.492878	0.0593894	2.10175	3.851	2.04858	0.531961	86.0955	0.0203137	0.511727	0.176356	0.012341
20050	0.150063	0.17921	4.28267	2.08398	0.486607	0.0874279	2.11717	4.28091	2.09068	0.488373	957.307	0.00196159	0.48749	0.183689	0.0124669
20051	0.169765	0.147645	4.29498	2.04473	0.476074	0.172319	2.14316	4.10478	2.22192	0.541301	610440.0	3.26165e-06	0.507949	0.189261	0.0128102
20052	0.133108	0.108978	4.20099	2.09088	0.497712	0.193703	2.20468	3.93326	2.12521	0.540316	1196.14	0.00183589	0.518313	0.206701	0.0129273
20053	0.208581	0.106761	4.42402	2.12223	0.479707	0.22699	2.18627	3.92952	1.96221	0.499352	12760.4	0.000169444	0.488948	0.209371	0.0131915
20054	0.141275	0.116302	4.11428	2.22383	0.540515	0.188564	2.17647	4.1982	1.9327	0.460365	1897.92	0.00111814	0.500035	0.203445	0.0134444
20055	0.114999	0.0933588	3.99435	2.11895	0.530486	0.246051	2.23289	3.84319	1.89196	0.492289	266.532	0.00858736	0.511756	0.222072	0.0137327
20056	0.0887605	0.114767	4.12459	2.12074	0.514169	0.233418	2.24355	3.84711	1.94895	0.506601	216.561	0.0104629	0.510517	0.217846	0.0138893
20057	0.0671475	0.0691631	3.81583	2.1213	0.555922	0.221862	2.23127	3.93616	1.94112	0.493151	195.296	0.0119683	0.524049	0.223496	0.0140007
20058	0.267506	0.162466	3.79199	1.9464	0.513292	0.246463	2.1905	4.25608	2.19386	0.515464	9288.68	0.000221394	0.514441	0.199022	0.0141217
20059	0.159126	0.176524	4.00647	1.95355	0.4876	0.284588	2.22806	4.114	2.16533	0.526333	267.382	0.0078704	0.507223	0.203559	0.014312
20060	0.248045	0.234413	3.89743	1.86187	0.477718	0.300876	2.229	4.16065	2.09226	0.502868	1425.39	0.00139554	0.490704	0.20106	0.0146575
20061	0.217455	0.271723	3.99761	1.96692	0.492025	0.283346	2.25994	4.00678	2.04361	0.510038	910.488	0.00217081	0.501042	0.197777	0.0148108
20062	0.261644	0.282444	4.06262	2.02382	0.498157	0.260999	2.25374	4.08051	1.9298	0.472931	9.31605e+06	2.08564e-07	0.485516	0.197333	0.0151413
20063	0.207051	0.267769	3.68964	1.81713	0.492495	0.128757	2.19755	4.13836	1.92628	0.46547	607.523	0.00306497	0.478208	0.199252	0.0154433
20064	0.338307	0.330042	4.01758	1.99389	0.496292	0.226398	2.22329	4.04011	1.96312	0.485907	286.211	0.00626178	0.491085	0.184719	0.0157596
20065	0.399099	0.362413	4.09853	1.96612	0.479713	0.169233	2.23108	3.99899	2.12319	0.530931	66.087	0.0264191	0.505007	0.175996	0.0158716
20066	0.343612	0.280581	4.04317	1.94242	0.48042	0.317978	2.33767	4.2766	2.22133	0.519416	6440.2	0.000328531	0.500465	0.20268	0.016136
20067	0.219534	0.240412	3.91886	1.93672	0.494204	0.258396	2.29844	3.97268	2.15827	0.543278	2804.45	0.000755133	0.518909	0.205533	0.016592
20068	0.19219	0.253482	4.19578	1.86517	0.444535	0.216173	2.24963	4.01473	2.14805	0.535041	6927.41	0.000287598	0.48879	0.198938	0.0171121
20069	0.230813	0.228705	3.86477	1.78694	0.462367	0.325834	2.33888	4.14388	2.03865	0.491966	493.169	0.0045145	0.477682	0.225488	0.0173752
20070	0.318714	0.21222	4.03511	1.99904	0.495411	0.38761	2.43039	4.03321	2.14438	0.53168	1036.58	0.00237332	0.513541	0.229004	0.0175548
20071	0.222545	0.23316	4.22416	2.09566	0.496112	0.507486	2.44251	4.27284	2.09204	0.489614	60.12	0.0405958	0.492844	0.225736	0.0178827
20072	0.116598	0.181107	3.9324	1.98638	0.505133	0.426402	2.40939	4.10856	1.92313	0.468081	51.7327	0.0479893	0.486201	0.241083	0.0180709
20073	0.201675	0.202957	3.8473	2.03315	0.528461	0.444224	2.39241	4.28266	2.02211	0.472162	81.4838	0.029415	0.498804	0.228199	0.0181227
20074	0.262738	0.201041	3.59412	1.85959	0.517398	0.290862	2.38443	4.19801	1.97923	0.47147	6026.89	0.000395492	0.492654	0.236998	0.0185036
20075	0.133908	0.141182	3.65839	1.88686	0.515761	0.398205	2.4159	4.08142	2.01609	0.493968	74.0749	0.0349265	0.504269	0.249027	0.0189764
20076	0.159224	0.133113	4.26187	2.03061	0.476458	0.519191	2.55611	4.04006	2.02517	0.501273	45.3085	0.0647882	0.488534	0.265821	0.0191468
20077	0.148565	0.154112	3.88699	1.95289	0.502417	0.540635	2.56244	4.24718	2.13087	0.501713	37.7316	0.0768595	0.50205	0.262127	0.0196685
20078	0.097866	0.117377	4.16121	2.00968	0.482957	0.668431	2.59792	4.354	2.20239	0.505831	18.9009	0.162772	0.494653	0.267607	0.0199949
20079	0.0683823	0.138068	4.04924	2.0699	0.511183	0.535289	2.62944	4.1756	2.07424	0.496753	28.4719	0.109001	0.503857	0.27253	0.0203288
20080	0.210984	0.131742	4.08256	1.99979	0.489837	0.609146	2.6305	3.9923	2.07939	0.520851	39.3849	0.0792662	0.50517	0.276858	0.0206974
20081	0.169586	0.123996	4.11213	2.03994	0.496077	0.614842	2.57805	4.33068	2.08609	0.4817	30.3772	0.0991264	0.488702	0.267444	0.0208169
20082	0.148095	0.102277	4.25526	2.18379	0.513198	0.594068	2.64614	4.41012	2.26661	0.513958	32.5364	0.0994459	0.513585	0.266701	0.0211615
20083	0.104849	0.145114	4.03278	2.05668	0.509991	0.649444	2.63508	4.76951	2.29552	0.48129	20.9045	0.148292	0.494439	0.262709	0.0215113
20084	0.193137	0.101019	3.97822	2.00355	0.503631	0.680943	2.6817	3.78258	2.01978	0.533967	27.9883	0.118977	0.518417	0.292806	0.0215712
20085	0.0526229	0.0821674	4.30642	2.18403	0.507158	0.763309	2.72955	4.06807	2.17431	0.534481	13.8764	0.252537	0.52043	0.286848	0.021934
20086	-0.0568081	0.0328117	4.00858	2.26785	0.56575	0.717707	2.73672	4.21669	2.15157	0.510252	12.1878	0.299937	0.537299	0.29268	0.022175
20087	-0.0380099	-0.00671764	4.37294	2.25395	0.515432	0.746583	2.73808	3.8704	2.04758	0.529035	12.2386	0.307793	0.521819	0.30463	0.0221792
20088	-0.097438	-0.0676182	4.03505	2.01197	0.498623	0.70115	2.74204	3.8681	2.04057	0.527539	12.3783	0.318872	0.512775	0.327611	0.0224804
20089	-0.145308	-0.122823	4.02636	1.85097	0.459713	0.702294	2.77259	3.9443	1.93348	0.490196	11.6691	0.359214	0.474797	0.356534	0.0228397
20090	-0.0253273	-0.0959752	4.18631	2.13579	0.510185	0.73486	2.81146	3.95558	1.97557	0.499439	14.6278	0.288942	0.504964	0.339616	0.0233153
20091	-0.0580414	-0.098295	3.87012	1.94067	0.501451	0.819227	2.79579	4.079	1.9331	0.473915	10.8832	0.3848	0.487321	0.350991	0.0234093
20092	-0.118792	-0.0745625	3.91253	1.91149	0.488557	0.707919	2.68022	3.59587	1.94389	0.54059	11.1036	0.341726	0.513476	0.32991	0.0233968
20093	-0.0723473	-0.0238722	3.93766	1.96091	0.497988	0.733594	2.68203	4.22082	1.98101	0.469342	11.2724	0.324771	0.483168	0.317218	0.0236641
20094	0.0187932	0.0183104	4.11641	1.96879	0.478279	0.769048	2.75496	4.04585	1.96697	0.486169	13.3052	0.281441	0.48219	0.322473	0.023716
20095	-0.0410141	0.00961015	4.0088	2.0243	0.504965	0.66226	2.73104	3.89132	1.87333	0.481411	14.9742	0.247297	0.493363	0.322163	0.0239534
20096	0.0203559	-0.0562583	3.92008	1.95082	0.497649	0.7388	2.71897	4.08705	1.86951	0.457423	14.9214	0.258081	0.477117	0.33522	0.024303
20097	-0.0191231	-0.0114	4.15253	1.97022	0.474462	0.683921	2.73954	3.96176	1.96696	0.496485	15.3108	0.247135	0.485215	0.324674	0.0244005
20098	0.104617	-0.029491	3.57317	1.90239	0.532409	0.730669	2.75343	3.90304	1.90262	0.487471	19.7598	0.195971	0.508949	0.337354	0.02455
20099	0.0378168	-0.00282386	4.06365	1.95643	0.481445	0.643333	2.6527	4.00342	1.98279	0.495274	19.2331	0.183325	0.488308	0.309279	0.0246876
20100	0.132103	0.0994182	3.59551	1.83458	0.510241	0.656161	2.64877	4.18026	2.02215	0.483737	23.6647	0.137318	0.495992	0.296518	0.0247369
20101	-0.0357508	-0.0081141	3.87335	1.97159	0.509015	0.734147	2.67748	3.94142	1.82737	0.463633	12.1679	0.296371	0.486126	0.321973	0.0247164
20102	0.0238235	0.0505908	3.80151	1.9927	0.524185	0.610339	2.65276	4.04655	1.96719	0.486141	19.684	0.172	0.504569	0.299576	0.0250207
20103	0.0617217	0.0113675	3.94653	1.98616	0.503269	0.747224	2.75202	4.02403	1.96103	0.487331	15.9842	0.234957	0.495222	0.322478	0.0256118
20104	0.028199	0.0561928	3.86182	1.81387	0.469693	0.818686	2.77876	4.02452	2.03162	0.504811	11.8623	0.312435	0.487614	0.325295	0.0259655
20105	0.106799	0.134168	3.91527	1.95592	0.499563	0.83332	2.75062	3.93145	1.93128	0.49124	12.9697	0.263917	0.495393	0.305797	0.0262042
20106	0.174627	0.124354	4.38958	2.07711	0.473191	0.850188	2.8226	3.99891	2.00314	0.500921	15.9527	0.228191	0.48641	0.308584	0.0266012
20107	0.0287463	0.0524346	4.08988	2.12506	0.51959	0.899922	2.8873	4.10904	1.99208	0.484804	10.5889	0.379474	0.502156	0.328061	0.0269139
20108	0.0206825	0.0483608	4.2335	2.13995	0.50548	0.848332	2.82527	4.2734	2.1959	0.513853	11.2572	0.342502	0.509686	0.307884	0.0269334
20109	-0.0754698	-0.0751854	3.86417	2.17951	0.56403	0.796906	2.83667	4.41689	2.10993	0.477696	11.1412	0.38052	0.517982	0.330844	0.027471
20110	-0.0258633	-0.0992079	3.86657	2.01358	0.520766	0.777031	2.83183	4.03205	1.93766	0.480564	13.3268	0.322319	0.500244	0.352262	0.0277683
20111	-0.0748032	-0.101306	4.25981	1.97951	0.464696	0.836409	2.88235	3.92568	2.10138	0.53529	10.7215	0.415154	0.498552	0.353015	0.0282045
20112	0.0149435	-0.0411862	3.60758	1.8563	0.514555	0.970142	2.93441	4.07287	2.16333	0.531156	9.70422	0.456203	0.523359	0.355238	0.0283373
20113	0.036457	0.00234901	3.65324	2.03487	0.557004	0.976247	2.98741	3.84407	1.92112	0.499762	10.0889	0.441603	0.527655	0.360364	0.0284133
20114	-0.0315863	-0.00571703	3.87783	2.05002	0.52865	0.94825	2.94651	3.87485	1.90471	0.491558	9.07803	0.48004	0.510111	0.355354	0.0289252
20115	-0.0725683	-0.023359	3.9537	1.87554	0.474376	1.02004	2.97075	3.72967	1.93522	0.518872	7.50938	0.5969	0.495975	0.37044	0.0290776
20116	0.0676225	0.0642003	3.50968	1.90019	0.541413	0.992759	3.01169	4.19631	2.06333	0.491701	10.1506	0.427939	0.514342	0.354111	0.0290649
20117	0.0758892	0.112962	3.86079	1.86465	0.482971	1.02663	3.03737	4.06155	2.14783	0.52882	9.4614	0.45195	0.506476	0.347733	0.0294028
20118	0.0724872	0.100143	3.92762	2.0521	0.522479	1.09266	3.07175	4.05464	2.03884	0.502841	8.48463	0.520378	0.512504	0.350609	0.0298022
20119	-0.0162703	0.0599844	3.98527	2.02172	0.507298	1.05424	3.07565	3.95365	1.8619	0.470932	7.93564	0.572999	0.489188	0.36937	0.0298421
20120	0.0154976	0.0445788	3.97137	2.04421	0.514736	1.07571	3.0719	4.09133	1.99251	0.487009	8.15326	0.562026	0.500666	0.362191	0.0302883
20121	0.119599	0.079686	4.16905	2.17307	0.52124	1.0323	3.06239	4.3113	2.00567	0.465212	10.6797	0.416516	0.492756	0.347479	0.0307454
20122	0.0466275	0.065135	3.96027	2.04869	0.51731	1.08137	3.09607	3.94901	1.84049	0.466064	8.57997	0.53535	0.491724	0.371392	0.0308595
20123	0.0523396	0.056333	4.20994	2.3008	0.546515	1.11273	3.12195	3.6929	1.93816	0.524834	8.35809	0.562211	0.536384	0.356724	0.0312216
20124	0.0335381	0.0668532	4.07915	2.21561	0.543156	1.16578	3.12404	3.81502	1.89074	0.495603	7.29065	0.640983	0.520175	0.362775	0.0313967
20125	0.0756903	0.079038	4.03694	2.06176	0.510724	1.18693	3.12585	4.08182	2.08688	0.511263	7.5175	0.617429	0.510995	0.358844	0.0315492
20126	-0.0115056	0.0310854	3.80764	1.94446	0.510673	1.09402	3.09956	4.05931	1.98711	0.48952	7.70382	0.611093	0.499758	0.374613	0.0317564
20127	-0.0912812	-0.0848945	3.70612	1.89271	0.5107	1.13328	3.1351	3.98177	1.96488	0.493468	6.91429	0.749775	0.501775	0.402014	0.0320739
20128	0.0370567	0.00602351	4.06122	1.97598	0.486548	1.16103	3.23415	4.32642	2.03116	0.469478	8.24877	0.631657	0.477743	0.39411	0.0323535
20129	0.018487	0.034268	3.8491	1.96585	0.51073	1.29716	3.35163	4.09331	2.00206	0.489106	6.73083	0.817499	0.499585	0.409582	0.0323258
20130	0.016285	-0.0125563	4.34962	2.04049	0.46912	1.25717	3.32697	4.17524	2.09086	0.500777	7.24281	0.769898	0.484625	0.403058	0.03249
20131	0.0822858	0.0228986	3.96377	2.01364	0.508012	1.36962	3.308	4.00385	2.06632	0.516083	6.51196	0.82862	0.512068	0.398172	0.032661
20132	-0.0249136	0.025989	4.15604	2.10282	0.505968	1.26093	3.28996	4.7618	2.12653	0.446582	6.44336	0.826701	0.474258	0.386522	0.0326489
20133	0.110351	0.113078	3.99877	1.99891	0.499882	1.34989	3.33651	4.17164	2.12272	0.508846	6.76267	0.768227	0.504459	0.386713	0.0325166
20134	0.185022	0.152354	4.05856	2.02442	0.498802	1.47253	3.41408	4.27244	2.06314	0.482895	6.41797	0.828835	0.490644	0.394311	0.0327314
20135	0.190327	0.173524	4.04808	2.06774	0.510795	1.46828	3.39787	4.16675	2.07326	0.497572	6.36578	0.816586	0.504088	0.385736	0.0332771
20136	0.120149	0.223331	3.82182	1.86885	0.488996	1.46661	3.39978	4.11672	2.09006	0.507699	5.56537	0.906482	0.498695	0.389304	0.0334492
20137	0.327465	0.266774	3.75725	1.92916	0.513449	1.28376	3.36851	3.99229	2.06875	0.518187	10.5203	0.45725	0.51589	0.375747	0.0336455
20138	0.175726	0.191564	4.00537	1.98829	0.496406	1.32319	3.26838	3.93287	2.0046	0.509705	7.1899	0.658341	0.502995	0.372264	0.0336312
20139	0.183014	0.22796	3.8791	2.05589	0.529993	1.34182	3.31973	4.05715	2.03635	0.501917	7.11854	0.671418	0.51564	0.368792	0.0336726
20140	0.219403	0.159468	3.88503	1.94412	0.500413	1.3085	3.3034	4.15363	2.12393	0.511343	8.33313	0.593071	0.50606	0.378008	0.0335989
20141	0.155423	0.115547	3.88268	2.1956	0.565486	1.28018	3.31974	3.96621	2.07977	0.524373	8.11552	0.632544	0.544711	0.375253	0.0337441
20142	0.0409319	0.0553157	4.34723	2.01903	0.464439	1.32691	3.33657	4.06693	2.03248	0.499758	6.51044	0.826873	0.48151	0.399288	0.0340531
20143	0.100854	0.128082	4.2108	2.06303	0.489939	1.30296	3.27875	4.52364	2.07616	0.458958	6.86946	0.722527	0.473894	0.374944	0.0341544
20144	0.186415	0.189807	4.53047	2.09524	0.462478	1.34944	3.30708	3.89797	1.93965	0.497606	7.18406	0.676315	0.478724	0.37593	0.0343753
20145	0.153628	0.159725	4.08491	2.1858	0.53509	1.24478	3.20576	4.0882	2.04746	0.500821	7.79284	0.595311	0.517949	0.354096	0.0348693
20146	0.134376	0.13693	4.1951	2.15095	0.51273	1.28776	3.23852	3.7671	1.87299	0.497196	7.23142	0.665143	0.50538	0.374203	0.0352109
20147	0.244157	0.239483	4.04799	2.03517	0.50276	1.20832	3.2483	3.63179	1.811	0.498652	9.73845	0.464807	0.500817	0.37057	0.0354609
20148	0.219747	0.25147	3.91019	2.14941	0.549694	1.17895	3.2236	4.1105	2.00929	0.488819	9.60097	0.460034	0.518496	0.346957	0.0357307
20149	0.307461	0.27631	4.1083	2.12871	0.518149	1.07159	3.15081	4.10909	2.21647	0.539405	14.1513	0.291944	0.528778	0.322326	0.0360174
20150	0.111159	0.156032	3.93313	2.07045	0.526411	1.09401	3.12558	4.09999	2.15418	0.52541	9.12851	0.483003	0.5259	0.343011	0.0362012
20151	0.179613	0.168147	3.77734	1.94421	0.514704	1.17829	3.19942	4.0256	2.11268	0.52481	9.2129	0.498681	0.519918	0.361642	0.0364121
20152	0.15318	0.170239	3.93476	1.92941	0.490351	1.1025	3.16406	3.9572	2.0821	0.526154	9.94541	0.450608	0.508303	0.358504	0.0368299
20153	0.0680097	0.140588	4.41596	2.12186	0.480498	1.12275	3.18004	3.9504	1.93042	0.488665	8.30431	0.556234	0.484354	0.36315	0.0370394
20154	0.133922	0.118734	4.02464	1.95702	0.486259	1.20807	3.16523	3.92269	2.05811	0.524669	8.04394	0.576902	0.505218	0.366356	0.0371777
20155	0.062727	0.0583987	3.94355	1.99801	0.506652	1.23776	3.19481	4.03889	1.99713	0.494475	7.12472	0.69035	0.50049	0.38114	0.0372491
20156	0.153481	0.0330864	4.20931	2.14827	0.51036	1.16687	3.20106	4.23966	2.02243	0.477027	9.77255	0.513481	0.493634	0.375734	0.0373732
20157	-0.0298116	-0.000639161	3.84984	2.01077	0.522299	1.15406	3.16667	4.16758	2.08884	0.501212	7.15768	0.700775	0.511338	0.379677	0.0375321
20158	0.0175772	0.025843	4.11792	2.06815	0.502231	1.19286	3.22362	3.99269	1.91472	0.479557	7.40307	0.690644	0.491069	0.391054	0.0379403
20159	-0.0641317	-0.0500572	4.14349	1.99133	0.480593	1.22369	3.24327	3.83162	1.9357	0.505192	6.53971	0.829242	0.492411	0.40857	0.0381629
20160	-0.0365855	-0.0750511	4.04261	2.05207	0.507609	1.23425	3.22697	3.85706	1.91804	0.497279	6.75126	0.807506	0.502565	0.407209	0.0382696
20161	-0.135499	-0.138591	4.00415	2.05695	0.513703	1.32027	3.26041	3.93222	1.96954	0.500873	5.45155	1.05963	0.507346	0.417821	0.0383831
20162	-0.277542	-0.144435	3.75281	1.98222	0.528196	1.26839	3.27594	3.98087	2.11611	0.531571	4.89517	1.19495	0.529933	0.416569	0.0384696
20163	-0.182057	-0.214199	4.00279	1.8753	0.4685	1.33675	3.27958	4.04485	1.96597	0.486043	5.29159	1.15339	0.477317	0.442844	0.038608
20164	-0.186116	-0.20933	3.8352	1.99826	0.521032	1.28817	3.29764	4.13721	1.98952	0.480884	5.6585	1.08676	0.500197	0.43548	0.0391266
20165	-0.258991	-0.143699	4.22353	2.08581	0.493853	1.31096	3.33344	3.63076	1.92762	0.530913	4.90534	1.23238	0.510985	0.429713	0.0390906
20166	-0.190643	-0.109248	3.83027	2.09912	0.548033	1.3692	3.39746	3.85184	1.95345	0.507147	5.05402	1.21656	0.527533	0.431487	0.0392227
20167	-0.172021	-0.14767	3.66271	1.94448	0.530885	1.35	3.30511	4.08097	2.09796	0.514085	5.1463	1.15828	0.522031	0.42451	0.0393644
20168	-0.00723147	-0.0222356	3.67069	1.89143	0.515279	1.27278	3.18981	4.12728	2.09746	0.508195	6.29705	0.819214	0.51153	0.392816	0.039513
20169	-0.133612	-0.0661832	4.07331	2.03033	0.498447	1.19108	3.17151	4.02417	1.92404	0.478121	5.9737	0.877401	0.488345	0.398698	0.0394656
20170	-0.0777249	-0.0825716	4.25339	2.11058	0.496212	1.07643	3.08308	3.86377	1.96164	0.507701	7.52312	0.666037	0.501681	0.38101	0.0397721
20171	-0.254416	-0.220786	4.29279	2.17567	0.50682	1.07462	3.06328	4.08115	1.75819	0.430808	6.10593	0.883167	0.469775	0.40679	0.0398716
20172	-0.18814	-0.214032	3.87574	1.9386	0.500187	1.06415	3.0597	3.93538	1.85866	0.472295	6.83399	0.78412	0.486135	0.413816	0.0400006
20173	-0.127888	-0.120041	3.92979	1.9702	0.501351	1.10037	3.04879	3.93353	1.89143	0.480848	6.65606	0.754314	0.491095	0.394089	0.0402203
20174	-0.153658	-0.124238	3.62918	1.83053	0.504392	0.955114	2.9977	3.98681	1.96438	0.49272	7.92803	0.614687	0.498282	0.391135	0.0403749
20175	-0.098423	-0.137226	3.89586	1.93694	0.49718	0.972764	2.9615	4.08392	2.03045	0.497181	8.36827	0.573721	0.49718	0.37709	0.0405286
20176	-0.101309	-0.0662602	3.87124	1.9075	0.492735	1.00123	2.99052	4.39299	2.08667	0.474999	7.68675	0.607794	0.483308	0.369142	0.0408684
20177	0.011276	-0.0464446	3.82899	1.90226	0.496804	0.995228	3.00421	3.66322	1.88494	0.514559	9.61254	0.484081	0.505485	0.380669	0.0410758
20178	-0.10398	-0.0567219	3.96546	2.08375	0.525475	0.973046	2.93223	4.34012	2.12713	0.490109	7.70171	0.579992	0.506994	0.346691	0.0414501
20179	-0.0181744	-0.0538265	4.0861	1.98876	0.486713	0.882272	2.90716	4.02795	2.08763	0.518285	10.8133	0.405402	0.502386	0.349791	0.0417591
20180	-0.140911	-0.114947	3.9397	2.11899	0.537857	1.01655	2.99123	4.22832	2.06948	0.489433	7.20179	0.669856	0.512789	0.365552	0.041669
20181	-0.136473	-0.0513392	3.70708	1.86891	0.504148	1.08857	2.9982	4.05756	1.86771	0.460305	6.19676	0.750369	0.481237	0.383671	0.041841
20182	-0.123053	-0.129793	3.77809	1.7927	0.4745	1.03889	3.00732	3.89675	1.93772	0.497267	7.28941	0.675054	0.486059	0.397544	0.042044
20183	-0.125553	-0.109625	3.88538	1.79961	0.463174	0.910742	2.96946	4.20068	2.24271	0.533893	8.82826	0.536954	0.499912	0.369736	0.041934
20184	-0.0978948	-0.118764	3.97861	1.90568	0.478981	0.87663	2.9206	4.04237	2.19806	0.543756	9.72701	0.47485	0.511626	0.360223	0.0424496
20185	-0.17911	-0.149779	3.98615	1.88343	0.472494	0.972984	2.96727	3.96206	1.97227	0.49779	7.32001	0.66366	0.485103	0.386613	0.0428385
20186	-0.107955	-0.150223	3.61809	1.93801	0.535644	1.00102	2.9813	4.08128	2.082	0.510133	7.9739	0.614908	0.522121	0.378942	0.0432072
20187	-0.182036	-0.18402	4.21784	2.06559	0.489728	1.0287	3.02541	4.1669	2.0282	0.486741	7.02675	0.732944	0.488244	0.386255	0.0431316
20188	-0.227551	-0.175317	3.68943	1.98022	0.536729	0.953693	2.99398	3.95212	2.00447	0.507188	7.19857	0.697669	0.521451	0.386693	0.0434669
20189	-0.0893315	-0.144223	4.35337	2.13942	0.491439	0.936273	2.9084	3.85612	1.82115	0.472276	8.85902	0.525932	0.482438	0.370475	0.0437349
20190	-0.176513	-0.209738	4.11657	2.02375	0.491612	0.936129	2.97022	3.93465	1.88259	0.478466	8.16829	0.618986	0.485187	0.393014	0.0436548
20191	-0.175327	-0.245554	4.02655	2.06161	0.512003	1.17446	3.04269	3.94207	1.8783	0.476476	5.93469	0.910964	0.494428	0.407034	0.0435773
20192	-0.251229	-0.26969	3.89833	2.00085	0.513258	1.04811	3.00603	3.74326	1.78357	0.476475	6.35577	0.844142	0.49524	0.414933	0.0434995
20193	-0.219475	-0.214678	3.80885	2.08823	0.548259	0.94719	2.9979	3.8375	1.92954	0.50281	7.58255	0.680554	0.525449	0.391176	0.0436374
20194	-0.127121	-0.128331	3.80293	2.03671	0.535564	1.03258	3.00049	4.06369	2.07342	0.510232	7.27899	0.672451	0.522478	0.373335	0.0440222
20195	-0.22293	-0.172857	3.86084	1.89749	0.491471	1.06341	3.03326	4.29521	2.10511	0.490106	6.21222	0.827336	0.490752	0.391117	0.0438858
20196	-0.216073	-0.178786	3.86381	1.91303	0.495115	1.01474	3.06091	4.50984	2.20835	0.489675	6.92825	0.757452	0.492185	0.389117	0.0435363
20197	-0.242432	-0.197703	3.43579	1.72857	0.503108	1.06961	3.02345	4.25701	2.21954	0.521385	6.0273	0.860733	0.513222	0.396623	0.0438261
20198	-0.250413	-0.212912	4.02556	1.80528	0.448453	1.04568	3.06192	4.19456	2.13025	0.50786	6.38418	0.83993	0.478767	0.40533	0.0443599
20199	-0.135248	-0.189173	3.89851	1.95042	0.500299	1.07502	3.01086	3.91841	2.00308	0.511197	6.99113	0.732372	0.505762	0.393154	0.0444079
20200	-0.168624	-0.158897	4.35348	1.95608	0.449313	1.13869	3.07836	4.15736	1.96843	0.47348	6.13187	0.854538	0.461118	0.400452	0.0447162
20201	-0.206735	-0.202041	4.05492	1.89484	0.467294	1.11718	3.07963	4.11829	2.12634	0.516315	6.1443	0.87637	0.491995	0.401153	0.044854
20202	-0.163514	-0.131913	4.03458	1.9074	0.472762	0.995063	3.01175	4.08684	2.05517	0.502875	7.36243	0.671151	0.487916	0.384164	0.0454299
20203	-0.208388	-0.15213	4.04695	2.08277	0.514653	0.978481	2.97407	3.94604	1.96133	0.497039	6.9379	0.704329	0.505957	0.376738	0.0460113
20204	-0.118354	-0.115002	4.24039	2.26448	0.534026	0.935497	2.95947	4.11203	2.0587	0.500653	8.51106	0.555301	0.517596	0.35354	0.0459786
20205	-0.191569	-0.169875	4.50084	2.22589	0.49455	1.00924	2.98447	4.10097	1.86829	0.455572	6.90037	0.720969	0.475967	0.378059	0.0462745
20206	-0.0649062	-0.1167	4.42865	2.07371	0.468249	1.00483	2.9715	4.07918	2.00918	0.492547	8.33404	0.57217	0.479899	0.368787	0.0468372
20207	-0.0638594	-0.0710066	4.07669	1.95874	0.480473	1.0164	2.97467	4.05337	1.91182	0.471662	7.94896	0.583481	0.476081	0.374784	0.0472043
20208	-0.195046	-0.175732	3.86048	1.99655	0.517176	1.017	3.05321	4.05843	2.06426	0.508634	7.09707	0.734531	0.512798	0.391058	0.0473875
20209	-0.128508	-0.140481	3.92359	2.02278	0.515542	1.09052	3.08155	4.00216	1.99452	0.498361	6.98602	0.743018	0.506866	0.392604	0.0473268
20210	-0.10743	-0.0864867	3.95509	1.92421	0.486514	1.09713	3.07098	3.86798	1.88587	0.487559	6.87103	0.725483	0.48703	0.395584	0.0475822
20211	0.0386761	-0.0829903	4.04061	1.9688	0.487252	1.02058	3.02548	3.64889	1.76017	0.482384	10.0221	0.482066	0.484942	0.393252	0.0474842
20212	-0.116786	-0.081709	3.79654	1.89422	0.498933	1.10723	3.04865	3.93896	1.85624	0.471251	6.54049	0.749113	0.484837	0.395231	0.0478213
20213	-0.0159362	0.00133222	3.79571	2.08748	0.549958	0.980641	3.04612	4.00613	1.93716	0.483548	9.3345	0.496583	0.515858	0.365547	0.0480933
20214	0.00143351	-0.0040108	4.18946	2.07839	0.4961	0.947768	2.9655	4.03171	1.92538	0.477559	9.84646	0.447774	0.487007	0.355205	0.0482666
20215	0.0548808	0.021042	3.94119	1.98167	0.502809	0.852576	2.93085	3.96592	1.85703	0.468249	13.3062	0.318159	0.485475	0.355545	0.0480594
20216	0.0303855	0.0319863	3.89503	1.96071	0.503389	0.887154	2.93019	3.96666	1.87807	0.473464	11.4428	0.367027	0.48829	0.353711	0.0484199
20217	0.0443705	0.062972	4.06616	2.08235	0.512117	0.965212	2.91372	4.10593	1.87178	0.455873	9.58404	0.423975	0.483858	0.33953	0.0487328
20218	0.137337	0.0786381	3.79092	1.8925	0.49922	0.822573	2.8684	3.64644	1.78292	0.488948	16.575	0.234774	0.494184	0.346253	0.0489829
20219	-0.0237303	-0.0513282	3.81023	1.74342	0.457563	0.915632	2.89769	3.93358	1.82302	0.463451	9.85571	0.441201	0.460554	0.378853	0.0494268
20220	-0.0246801	-0.0605701	3.88457	1.80164	0.463794	0.842297	2.85357	3.87941	1.86876	0.481712	11.2981	0.375824	0.472747	0.366573	0.0496643
20221	-0.0711776	-0.0581815	4.01794	2.00807	0.499777	0.859175	2.83472	3.87882	1.82697	0.471011	9.66881	0.432778	0.485647	0.353098	0.0499551
20222	-0.0350474	-0.0570478	3.92771	1.99903	0.508954	0.799567	2.82389	4.18155	2.08072	0.497596	11.915	0.34829	0.503097	0.337244	0.0501948
20223	-0.094925	-0.103107	4.00068	2.02541	0.506268	0.753457	2.80168	4.04191	2.06836	0.511727	11.7232	0.359876	0.509011	0.340169	0.0503107
20224	-0.274652	-0.185027	4.09208	2.06039	0.503508	0.919234	2.85897	4.04281	2.16714	0.536048	6.50076	0.712681	0.519679	0.3541	0.0505528
20225	-0.140418	-0.157675	3.80845	2.01713	0.529645	0.876995	2.79063	4.13199	2.01781	0.488339	8.3975	0.517564	0.508151	0.350162	0.0508641
20226	-0.194239	-0.16733	3.91279	1.97722	0.505322	0.888512	2.79721	3.80425	1.9766	0.519577	7.49647	0.586174	0.512349	0.357316	0.0509532
20227	-0.22645	-0.159405	3.9018	1.95849	0.501946	0.784404	2.81226	3.65547	1.916	0.524146	8.64218	0.510913	0.512684	0.363093	0.0514231
20228	-0.0993826	-0.07432	3.60633	1.89168	0.524545	0.842729	2.85604	4.37949	1.95763	0.447	9.6747	0.443787	0.482019	0.358142	0.0516209
20229	-0.162597	-0.131481	3.92127	1.99329	0.508329	0.905403	2.85385	3.86054	1.86173	0.482246	7.81343	0.570312	0.495389	0.366386	0.0521372
20230	-0.166514	-0.151978	4.38625	2.21137	0.50416	0.853879	2.7837	3.99847	1.89062	0.472837	8.27715	0.520601	0.489223	0.34448	0.052286
20231	-0.203802	-0.22376	4.05142	2.09527	0.517168	0.842226	2.83346	4.05538	1.96727	0.4851	8.54216	0.547087	0.501126	0.365265	0.0526505
20232	-0.141706	-0.210104	4.10413	2.13764	0.520851	0.826051	2.85294	4.04913	2.16683	0.535134	10.0178	0.468278	0.527945	0.352828	0.0530261
20233	-0.0815745	-0.161798	4.18185	2.04343	0.488642	0.88062	2.81422	4.14181	2.05085	0.495158	9.5663	0.462909	0.491885	0.351098	0.0530724
20234	-0.135845	-0.14612	4.0161	2.11083	0.525593	0.847892	2.78448	3.95102	1.89126	0.478677	8.87475	0.48387	0.502327	0.349283	0.052821
20235	-0.137999	-0.158901	4.13469	2.1104	0.510414	0.755756	2.778	3.79432	1.87128	0.493179	10.798	0.399399	0.502166	0.351424	0.0530628
20236	-0.214251	-0.171697	4.24424	2.12413	0.500474	0.834892	2.80988	3.69752	2.02833	0.548565	8.07649	0.550351	0.522864	0.348738	0.0532305
20237	-0.156937	-0.180774	3.98919	2.02105	0.506633	0.705464	2.79639	3.98874	2.0102	0.503969	11.9175	0.371868	0.505301	0.354818	0.0535119
20238	-0.0945345	-0.110584	3.92539	2.00106	0.509775	0.704723	2.72606	3.83542	1.95694	0.510227	12.5961	0.319406	0.509998	0.33709	0.0539406
20239	-0.0426606	-0.089073	4.0118	1.96141	0.488911	0.742547	2.70419	3.79907	1.8527	0.487672	12.6548	0.308276	0.488308	0.338479	0.0539619
20240	-0.0289298	-0.0578998	3.80891	1.864	0.489379	0.717243	2.77334	3.72039	1.76	0.473068	14.397	0.278387	0.481319	0.356189	0.054236
20241	-0.0753797	-0.022309	3.77621	1.92182	0.508928	0.883767	2.81289	3.6531	1.86113	0.509466	8.73769	0.459981	0.509192	0.34704	0.0543871
20242	-0.113189	-0.0661157	4.35159	1.98354	0.45582	0.800882	2.79252	3.90398	1.93251	0.49501	9.78039	0.417763	0.474353	0.342946	0.0550822
20243	-0.0313536	-0.102557	3.98247	2.00732	0.50404	0.823746	2.76425	4.02547	1.88196	0.467514	11.2399	0.365597	0.485679	0.345784	0.0550912
20244	-0.156641	-0.150527	4.37391	2.03863	0.466088	0.903873	2.84449	3.85022	1.98255	0.514919	7.97566	0.562345	0.488949	0.358135	0.0551165
20245	-0.130523	-0.117407	4.22603	2.07346	0.490642	0.885534	2.86723	3.98282	1.9906	0.499797	8.62872	0.516186	0.495084	0.35411	0.0554291
20246	-0.0418352	-0.05039	3.84782	2.05048	0.532893	0.910353	2.93274	3.77254	1.95373	0.517881	9.81521	0.453331	0.525461	0.35728	0.0558645
20247	-0.00500552	-0.000933866	4.18201	2.00419	0.479241	0.99598	2.92993	4.0387	2.02483	0.501358	8.57309	0.500986	0.490106	0.347801	0.0559775
20248	0.0153614	-0.00530201	4.15403	2.0997	0.505461	1.01653	2.96285	3.71113	1.94584	0.524326	8.78937	0.501169	0.514363	0.352622	0.0561145
20249	-0.0200692	-0.0463433	3.73298	1.9224	0.514977	0.92757	2.92206	3.77985	1.95393	0.516932	9.81203	0.44901	0.515961	0.362476	0.0565045
20250	-0.0989012	-0.078282	4.06929	1.97397	0.485091	0.978486	2.9486	3.96885	2.09004	0.526612	7.89311	0.580381	0.505592	0.360568	0.056625
20251	-0.0906869	-0.114827	3.81266	2.00226	0.52516	1.0444	3.01398	3.53317	2.01426	0.5701	7.59805	0.644206	0.546775	0.378738	0.0570274
20252	-0.148734	-0.124978	3.90642	1.92021	0.491553	1.05605	3.06449	3.98556	2.10451	0.528033	7.00839	0.72575	0.509976	0.387331	0.0573084
20253	-0.114739	-0.133043	3.89899	1.9138	0.490845	1.14002	3.11633	4.1037	2.03667	0.496302	6.70618	0.787214	0.493643	0.400662	0.057414
20254	-0.0188479	-0.0459967	4.04044	2.01717	0.499244	1.09654	3.05427	3.98429	1.90732	0.478709	7.72584	0.622047	0.489048	0.379882	0.0575529
20255	-0.0377645	-0.0734229	4.17987	2.13357	0.510439	1.15273	3.04495	3.89055	1.89149	0.486177	6.86121	0.708641	0.498743	0.376669	0.0581724
20256	-0.0405972	-0.0250708	4.33567	2.17034	0.500579	1.10317	3.07777	4.28115	2.1516	0.502576	7.35945	0.654098	0.501571	0.357814	0.0584146
20257	-0.0506289	-0.0329961	3.80116	2.06542	0.543364	1.08882	3.06362	3.78588	1.90446	0.503044	7.38558	0.649171	0.523245	0.376622	0.0587074
20258	0.0916028	0.046894	4.15753	2.15185	0.51758	1.02645	3.02426	4.2005	1.97736	0.470743	10.1433	0.436973	0.494041	0.349371	0.05906
20259	0.128121	0.0446549	3.80513	2.09408	0.550331	0.980351	3.05906	3.74476	1.90931	0.509861	12.5109	0.363148	0.530258	0.36213	0.0589478
20260	0.052043	0.0477188	4.08879	2.0767	0.5079	1.09027	3.06988	3.9439	1.95127	0.494757	8.47327	0.538959	0.501447	0.361904	0.0589554
20261	0.000543517	-0.039803	4.13611	1.97949	0.478586	1.14306	3.13415	4.0004	2.02109	0.505221	7.71743	0.652676	0.491682	0.386446	0.0588945
20262	-0.146302	-0.103544	4.10555	2.2136	0.539172	1.04043	3.05709	3.88462	2.10511	0.541909	7.09322	0.704167	0.540503	0.366513	0.0592326
20263	-0.119465	-0.0294346	4.36589	2.18395	0.500231	1.02785	3.09451	3.80859	1.99851	0.524736	7.41389	0.65816	0.511648	0.368537	0.0592822
20264	0.0330256	0.000735665	4.26461	2.24357	0.526091	1.12401	3.10338	4.11879	1.93698	0.470279	8.08774	0.595123	0.49867	0.365464	0.0595525
20265	0.0145843	0.0608911	4.67435	2.35114	0.502987	1.1683	3.17662	3.66715	1.92765	0.525653	7.29321	0.665533	0.512952	0.362036	0.0597457
20266	0.198916	0.14603	4.381	2.24202	0.511761	1.19385	3.24486	4.03283	1.93437	0.479656	9.70068	0.494951	0.496373	0.365124	0.0601274
20267	0.0851166	0.0815812	4.1119	2.11192	0.51361	1.32331	3.29899	3.9283	1.84563	0.469828	6.75204	0.76656	0.492219	0.395496	0.0601971
20268	0.141317	0.139051	3.86712	2.06023	0.532757	1.30845	3.29612	4.20625	2.02973	0.48255	7.31695	0.681096	0.506599	0.378707	0.0606712
20269	0.0505482	0.105029	3.94384	2.12525	0.538879	1.25294	3.28636	4.14688	2.18583	0.527102	7.00049	0.722867	0.532843	0.369961	0.0609513
20270	0.135983	0.129734	3.92753	2.05801	0.523995	1.30585	3.28015	3.91048	2.19003	0.560041	7.25213	0.684292	0.541979	0.368844	0.0611177
20271	0.153947	0.117118	4.05431	2.1022	0.51851	1.23851	3.23475	4.05055	2.14036	0.528412	8.26304	0.588137	0.523459	0.364284	0.0610315
20272	0.188662	0.112157	4.43568	2.14278	0.483077	1.26248	3.23528	4.26172	2.13999	0.502141	8.45892	0.576545	0.492418	0.362917	0.0613773
20273	0.0600768	0.0606815	4.11695	1.97869	0.480621	1.20344	3.2481	4.42751	2.20583	0.498209	7.77159	0.653639	0.489735	0.377831	0.0611635
20274	0.0112773	0.0160417	4.00923	2.02789	0.505805	1.19991	3.23025	4.37295	2.27722	0.520751	7.31232	0.706419	0.513602	0.375091	0.061042
20275	0.0371949	0.0402209	3.9382	2.03316	0.516265	1.24288	3.24476	4.49887	2.27183	0.504978	7.06423	0.726836	0.510247	0.373687	0.0611822
20276	-0.0608785	-0.0345677	3.9672	2.0911	0.527096	1.25302	3.28291	4.29036	2.11883	0.493859	6.37518	0.863166	0.509827	0.395362	0.0614073
20277	-0.0558391	-0.0586842	4.13485	2.00075	0.483874	1.2224	3.21895	3.86905	1.97474	0.510395	6.57496	0.816953	0.496694	0.403308	0.0616995
20278	-0.0763899	-0.101582	4.15507	2.10127	0.505712	1.31696	3.28455	3.73368	2.01467	0.539595	5.90595	0.970707	0.521749	0.410648	0.0619071
20279	-0.121437	-0.137987	4.14344	2.17264	0.524357	1.29241	3.24731	3.92944	2.05908	0.524013	5.73311	0.999481	0.52419	0.403833	0.0622458
20280	-0.122836	-0.194338	3.82651	1.96054	0.512358	1.15814	3.24699	3.94835	2.10479	0.53308	7.21722	0.820451	0.522881	0.421511	0.062452
20281	-0.318747	-0.283064	3.93897	1.89606	0.481358	1.12296	3.16791	4.0758	1.89405	0.464707	5.72967	1.03926	0.47289	0.44007	0.0627003
20282	-0.304403	-0.298276	3.83619	1.87445	0.488624	1.20272	3.15665	4.00113	1.99139	0.497706	5.25506	1.13572	0.493261	0.435764	0.063075
20283	-0.244987	-0.306475	3.87124	1.96565	0.507757	1.06833	3.11156	3.87438	1.9378	0.500159	6.7735	0.8624	0.503956	0.42812	0.0634167
20284	-0.337972	-0.279783	4.03085	2.08668	0.517678	1.13541	3.15415	4.09343	2.16656	0.529276	5.43192	1.08543	0.523522	0.409493	0.0636094
20285	-0.272617	-0.289265	4.24432	2.05946	0.485226	1.08594	3.12749	3.96644	2.21825	0.559254	6.3252	0.922834	0.520988	0.405686	0.0640698
20286	-0.192256	-0.234351	4.1937	2.02537	0.482955	1.19282	3.17468	3.7831	1.93969	0.512725	6.05782	0.959212	0.497074	0.423002	0.0645194
20287	-0.328717	-0.23849	4.24185	2.00461	0.472579	1.19345	3.19813	3.93914	2.0042	0.508792	5.09728	1.15849	0.490015	0.424259	0.0648044
20288	-0.274412	-0.273682	4.0551	1.97485	0.487003	1.12004	3.08934	4.04737	2.05579	0.507932	5.81635	0.972251	0.497458	0.412403	0.0649415
20289	-0.436775	-0.455168	4.23347	2.17374	0.513466	0.998385	3.01924	3.74672	2.00928	0.536278	5.86087	1.02984	0.524176	0.419219	0.06521
20290	-0.539137	-0.516947	4.31576	2.18046	0.505232	1.10975	3.08806	4.12179	2.12999	0.516765	4.78003	1.35941	0.510866	0.429917	0.0654717
20291	-0.504759	-0.503278	3.74235	1.97355	0.527357	1.15197	3.11465	4.00868	2.07071	0.516558	4.7689	1.37237	0.521772	0.447372	0.0658243
20292	-0.5561	-0.509679	4.06095	2.04539	0.503672	1.04948	3.10742	4.07135	1.96237	0.481994	5.07525	1.28894	0.492819	0.449503	0.0657186
20293	-0.593509	-0.611679	4.25224	2.17474	0.511434	1.05567	3.06135	3.7938	1.97601	0.520851	4.96037	1.35989	0.515874	0.448422	0.0658763
20294	-0.620189	-0.587619	4.34273	2.28587	0.526368	0.972126	2.99746	4.15387	2.11377	0.508868	5.06919	1.26773	0.517813	0.422197	0.0661832
20295	-0.528443	-0.547933	4.20257	2.19071	0.521279	1.11393	3.10473	4.20896	1.99574	0.474163	4.94623	1.3487	0.497703	0.443558	0.0663398
20296	-0.51255	-0.529037	3.99856	2.2662	0.566754	1.01539	3.04558	4.07304	2.00398	0.49201	5.47327	1.1673	0.529037	0.42807	0.0665343
20297	-0.489608	-0.515606	4.04695	2.17484	0.537403	1.04447	3.09975	4.09619	1.98869	0.485497	5.55401	1.1767	0.511293	0.439849	0.0666435
20298	-0.473205	-0.494426	4.15521	2.11152	0.508162	1.12719	3.1091	3.91895	1.95307	0.498365	5.0699	1.28064	0.503407	0.444163	0.0669343
20299	-0.581005	-0.564869	4.34039	2.28396	0.526212	1.16131	3.17551	4.0606	2.19993	0.541774	4.60868	1.51784	0.533734	0.438338	0.0672994
20300	-0.564412	-0.595227	4.28821	2.12281	0.495034	1.15321	3.12528	4.13917	2.20419	0.53252	4.69192	1.47511	0.513446	0.444493	0.067599
20301	-0.614258	-0.57057	4.28301	2.09277	0.48862	1.08664	3.10221	4.3826	2.22599	0.507914	4.66265	1.44653	0.498378	0.438596	0.0676332
20302	-0.537806	-0.552014	3.93133	2.11885	0.538966	1.09347	3.06218	4.12714	2.2087	0.535166	4.90871	1.33053	0.53702	0.430194	0.0678915
20303	-0.548061	-0.495156	4.20415	2.07538	0.493651	1.12337	3.04522	4.20234	2.18299	0.519469	4.48666	1.39683	0.506557	0.424039	0.0681594
20304	-0.494027	-0.496788	3.80005	2.048	0.538941	1.16188	3.10454	4.12673	2.18629	0.529786	4.72991	1.37101	0.534175	0.43379	0.0685284
20305	-0.42205	-0.446508	3.85828	2.03687	0.527921	1.12692	3.11583	4.03623	2.04648	0.507026	5.28914	1.19965	0.517238	0.437361	0.0685741
20306	-0.404432	-0.444756	4.52444	2.28915	0.505953	1.0434	3.07465	3.88493	1.93346	0.497682	5.90883	1.04811	0.502132	0.423197	0.0688391
20307	-0.441736	-0.429649	4.14243	2.17581	0.525251	1.03255	3.08923	3.85397	1.98015	0.513795	5.697	1.08676	0.51973	0.427012	0.0693711
20308	-0.397289	-0.394521	4.02585	2.0527	0.50988	1.00411	3.00395	4.04387	1.96415	0.48571	5.88091	0.981955	0.497768	0.418328	0.0699169
20309	-0.382041	-0.37002	3.99743	1.81176	0.453232	0.945759	2.95214	3.95957	1.99906	0.504866	6.26003	0.881526	0.478926	0.42009	0.0700736
20310	-0.443899	-0.348515	3.85224	1.84585	0.479163	0.894953	2.94953	3.93966	1.99992	0.507639	6.06806	0.896261	0.493561	0.414327	0.0701642
20311	-0.312155	-0.380943	3.8741	2.0505	0.529283	0.830953	2.88631	3.89509	2.0235	0.519501	8.16942	0.653348	0.524379	0.395914	0.0703247
20312	-0.448807	-0.372685	3.87418	2.15877	0.557221	0.950251	2.9101	3.84304	1.98643	0.516889	5.50572	0.978682	0.537136	0.394041	0.0708874
20313	-0.392463	-0.39919	4.12209	2.17805	0.528383	0.944254	2.90645	4.25708	2.03683	0.478458	6.11549	0.893406	0.503019	0.393373	0.0710179
20314	-0.373588	-0.378167	3.96064	1.91269	0.482925	0.910524	2.93769	3.98547	2.04783	0.513823	6.66787	0.824471	0.498422	0.409814	0.0710547
20315	-0.533057	-0.461696	3.95204	2.00666	0.507754	0.843221	2.84299	3.82257	1.90002	0.497053	5.76563	0.947071	0.502492	0.411492	0.0708702
20316	-0.494032	-0.438602	4.03469	2.00392	0.496673	0.783694	2.75987	4.04099	2.08262	0.515375	6.26627	0.816291	0.506031	0.385055	0.0706938
20317	-0.44578	-0.392169	3.89276	1.88163	0.483367	0.77137	2.78526	4.26926	2.15602	0.505009	6.81496	0.740728	0.494687	0.38478	0.0713467
20318	-0.5023	-0.402932	3.987	2.01503	0.5054	0.766452	2.7389	4.38569	2.22669	0.507718	6.13214	0.804865	0.506614	0.36792	0.0719558
20319	-0.412959	-0.41274	3.95919	2.01976	0.510144	0.638763	2.69764	3.88928	2.10894	0.542244	8.74631	0.55306	0.526051	0.369523	0.0717896
20320	-0.427055	-0.369615	3.83132	1.94762	0.508341	0.754832	2.74179	4.25255	2.37177	0.557729	6.93045	0.698428	0.534322	0.359218	0.07166
20321	-0.371281	-0.370816	4.09844	1.98876	0.485247	0.80779	2.7326	4.30408	2.19577	0.51016	6.92787	0.695105	0.498008	0.365359	0.0716994
20322	-0.538429	-0.465917	4.02798	1.94459	0.482771	0.776608	2.79091	4.01744	2.0641	0.513785	6.13359	0.864661	0.498258	0.398253	0.0716244
20323	-0.483165	-0.498521	4.17703	1.9556	0.468179	0.845472	2.84347	3.96463	2.17397	0.548341	6.32701	0.882639	0.507214	0.403517	0.0720281
20324	-0.458391	-0.513282	4.00092	1.9081	0.476915	0.795036	2.80407	4.15235	2.22358	0.535498	7.00465	0.785539	0.506751	0.399838	0.0722122
20325	-0.532355	-0.505618	3.99304	2.03205	0.508896	0.830408	2.84705	4.21013	2.13095	0.506148	6.05256	0.928561	0.507486	0.403111	0.0722056
20326	-0.440082	-0.507574	4.13625	2.20178	0.532314	0.821149	2.83007	3.94377	2.00939	0.509508	7.00311	0.795352	0.521183	0.398192	0.0727912
20327	-0.665251	-0.540712	4.03652	2.00788	0.497427	0.771432	2.84251	3.86545	1.85963	0.481091	5.54548	1.03203	0.489436	0.425375	0.073154
20328	-0.480606	-0.490237	4.11402	2.10423	0.511479	0.752819	2.82457	3.83748	1.92365	0.501279	7.22258	0.760669	0.506557	0.405589	0.0732894
20329	-0.513012	-0.520634	4.00387	2.31065	0.577104	0.913008	2.89515	3.78102	1.95879	0.518059	5.73759	1.01677	0.548426	0.406016	0.0735049
20330	-0.545739	-0.458197	4.62433	2.35474	0.509207	0.957215	2.93571	4.05935	1.9151	0.471776	5.09926	1.12944	0.491709	0.402897	0.0740706
20331	-0.493642	-0.493147	4.38023	2.25374	0.514527	1.04217	2.95065	4.168	2.02857	0.486702	5.02802	1.17936	0.50096	0.409232	0.0745775
20332	-0.482683	-0.562074	4.08199	2.30989	0.565873	1.03609	3.02454	4.1683	2.06656	0.49578	5.57679	1.15333	0.53046	0.423698	0.0748854
20333	-0.552466	-0.499024	4.08216	2.21356	0.542251	0.936638	2.99087	4.03223	1.97341	0.48941	5.49256	1.10871	0.515993	0.421156	0.0751661
20334	-0.456935	-0.516003	4.23214	2.14006	0.505668	1.04327	2.93926	4.13976	2.01005	0.485549	5.30473	1.1253	0.49572	0.418452	0.0753846
20335	-0.544468	-0.522855	4.05739	2.04226	0.503342	0.962409	2.99664	4.37381	2.13373	0.487843	5.45514	1.13534	0.495302	0.425922	0.0755779
20336	-0.472866	-0.489615	4.1398	2.01721	0.487272	1.02643	3.00678	4.05963	1.93967	0.477795	5.43834	1.12394	0.48258	0.435908	0.0760737
20337	-0.466717	-0.471448	4.08661	1.95437	0.478236	1.02105	2.98247	3.98237	1.96403	0.493183	5.38955	1.10673	0.485613	0.432304	0.0761966
20338	-0.431377	-0.43821	3.99367	2.07458	0.519467	1.0094	2.98767	3.97884	1.97546	0.496492	5.65389	1.03793	0.508001	0.420235	0.0761201
20339	-0.443966	-0.444784	4.58252	2.14617	0.468338	0.952807	2.96603	4.14605	2.18503	0.527015	5.96301	0.975488	0.49621	0.401857	0.0760735
20340	-0.517383	-0.504124	4.25278	2.08765	0.49089	0.893992	2.86321	4.30611	2.13146	0.494985	5.69228	0.99599	0.49295	0.401991	0.0763098
20341	-0.495477	-0.512758	4.16149	2.09987	0.504596	0.909281	2.85883	4.08957	2.12831	0.520423	5.76057	0.986672	0.512441	0.402081	0.0764356
20342	-0.578582	-0.527687	3.8271	1.91464	0.500284	0.936174	2.83747	3.99297	2.08871	0.523096	4.93542	1.14724	0.511932	0.414358	0.0767188
20343	-0.545845	-0.488116	4.26519	2.0737	0.486191	0.819783	2.86178	4.22789	2.02522	0.479014	6.01725	0.93247	0.482618	0.406451	0.0768382
20344	-0.404645	-0.450024	4.02996	1.94457	0.482528	0.901842	2.9185	4.63918	2.17498	0.468829	6.64767	0.853454	0.475197	0.407916	0.0774484
20345	-0.47261	-0.453552	3.92887	1.96256	0.499522	0.958198	2.90056	4.06401	2.16459	0.532624	5.49534	1.0236	0.516353	0.405403	0.0774838
20346	-0.423121	-0.460193	4.08416	2.21195	0.541593	1.00141	2.95141	4.32646	2.29284	0.529957	5.73551	1.01465	0.535608	0.392559	0.077383
20347	-0.502846	-0.473836	3.98543	1.95547	0.490655	1.02324	2.9643	4.19866	2.17208	0.517328	5.07561	1.16447	0.504339	0.417359	0.0778532
20348	-0.494645	-0.456012	3.83989	1.99242	0.518874	0.863276	2.92733	4.09772	2.07743	0.506974	6.20787	0.921975	0.512731	0.412976	0.0781937
20349	-0.380495	-0.411456	4.33188	2.07365	0.478696	0.922085	2.95958	4.05944	2.12649	0.523838	6.6976	0.848357	0.500534	0.403604	0.078443
20350	-0.430876	-0.401166	4.04571	2.10459	0.520202	0.939661	2.95775	3.87793	2.00506	0.517043	6.00644	0.939185	0.518656	0.407118	0.0785816
20351	-0.378227	-0.333293	3.94239	2.13162	0.540692	0.923326	2.90721	3.77648	1.92795	0.510514	6.19871	0.84702	0.525927	0.392835	0.0787412
20352	-0.335451	-0.329151	4.38804	2.2435	0.511275	0.998242	2.91544	3.99459	1.94521	0.48696	5.91846	0.889369	0.499688	0.385989	0.0792784
20353	-0.315985	-0.368199	4.61947	2.2726	0.49196	0.885512	2.90876	3.95299	1.99256	0.504062	7.43868	0.721798	0.497541	0.386407	0.079663
20354	-0.366079	-0.372072	4.08915	2.15179	0.526219	0.93043	2.90268	3.71914	1.91868	0.515894	6.37979	0.840469	0.521301	0.397219	0.0799229
20355	-0.395899	-0.337277	3.99512	1.99801	0.500112	0.92519	2.90969	3.99255	1.97055	0.493557	6.04074	0.872638	0.496836	0.39921	0.0801807
20356	-0.242714	-0.310954	4.02022	1.99498	0.496237	0.93619	2.9398	4.22026	2.08085	0.493064	7.60347	0.694908	0.494612	0.393388	0.0804246
20357	-0.365832	-0.303302	4.21308	1.87554	0.44517	0.875509	2.93028	4.15543	2.19266	0.527662	6.78554	0.770464	0.486131	0.391308	0.0803707
20358	-0.401196	-0.384133	3.96157	1.72695	0.435927	0.872284	2.90824	3.86657	2.00249	0.517899	6.68395	0.810875	0.476415	0.420959	0.0805754
20359	-0.428301	-0.409477	3.74646	1.70952	0.456301	0.853903	2.85534	3.86247	2.06812	0.535439	6.48341	0.822023	0.496473	0.41375	0.0808096
20360	-0.356334	-0.38708	3.86998	1.89235	0.488984	0.730711	2.79939	4.03362	2.02149	0.501161	8.59261	0.590833	0.495198	0.393533	0.0806855
20361	-0.31661	-0.289141	4.05607	1.96779	0.485146	0.836022	2.78123	3.93816	1.94767	0.494563	7.09581	0.66428	0.489785	0.375868	0.0808763
20362	-0.368342	-0.305843	4.02693	2.07381	0.514985	0.809618	2.78755	4.00242	2.08633	0.521267	6.89618	0.693795	0.518117	0.365213	0.0809361
20363	-0.379615	-0.276029	4.17742	2.03478	0.48709	0.732762	2.70387	3.83852	1.95299	0.508789	7.17629	0.618691	0.49748	0.357726	0.0808598
20364	-0.352083	-0.314694	4.36286	2.15875	0.494801	0.62441	2.64202	3.81171	2.02879	0.532253	9.16816	0.476769	0.512264	0.343047	0.0809251
20365	-0.253835	-0.278491	4.03428	2.09777	0.519986	0.566495	2.59791	3.77338	1.95655	0.518514	12.2948	0.336471	0.519274	0.337938	0.0812
20366	-0.169336	-0.243365	4.05336	2.03725	0.502608	0.631726	2.60515	4.32896	2.14485	0.495466	12.6446	0.320851	0.49892	0.32673	0.0809618
20367	-0.342475	-0.255875	4.50078	2.08792	0.463901	0.627198	2.62835	3.92446	2.11934	0.540032	8.84723	0.470133	0.499363	0.330906	0.0811396
20368	-0.168638	-0.243237	4.313	2.04476	0.474092	0.690692	2.63394	3.84881	2.06263	0.535913	11.2102	0.369224	0.503245	0.335155	0.0814791
20369	-0.275638	-0.234731	4.03954	2.0096	0.497484	0.590539	2.6164	4.5939	2.16181	0.470584	10.8348	0.375131	0.48317	0.327698	0.0816035
20370	-0.293923	-0.25694	3.7887	2.01752	0.53251	0.698907	2.64552	4.06413	2.12745	0.523471	8.5464	0.492856	0.527832	0.337027	0.0817639
20371	-0.357405	-0.294073	4.22274	2.02772	0.48019	0.61614	2.62837	4.06759	2.26472	0.556772	9.01117	0.473895	0.517764	0.332299	0.0817217
20372	-0.229816	-0.2633	4.37459	2.13169	0.48729	0.694478	2.63074	4.12285	2.14705	0.520769	9.80371	0.427159	0.503533	0.328684	0.0818218
20373	-0.235029	-0.21917	4.20482	2.15538	0.512597	0.58164	2.60458	4.31432	2.17681	0.504556	11.9553	0.333474	0.508525	0.31524	0.081938
20374	-0.185168	-0.216883	4.12243	2.14505	0.520338	0.616321	2.65064	4.04557	2.24685	0.555385	12.8003	0.321192	0.537696	0.318938	0.081876
20375	-0.30788	-0.300104	4.25465	2.07916	0.48868	0.668413	2.6544	4.03383	2.06581	0.51212	9.15821	0.476574	0.500088	0.345015	0.0821336
20376	-0.380899	-0.386072	4.07185	2.15241	0.528609	0.665303	2.66392	4.2736	2.06897	0.484128	8.49896	0.547269	0.505831	0.355332	0.0821753
20377	-0.352327	-0.363356	3.96748	2.13938	0.539229	0.679566	2.66114	3.95501	2.03297	0.514024	8.59086	0.532401	0.526646	0.354164	0.0825228
20378	-0.3006	-0.324341	3.94074	1.97722	0.501739	0.798515	2.71685	3.86583	1.94495	0.503114	7.656	0.604027	0.50242	0.370997	0.0821967
20379	-0.330463	-0.273886	4.02132	2.06879	0.514455	0.789372	2.74835	4.14084	2.02699	0.489511	7.28365	0.627015	0.501801	0.358069	0.0825738
20380	-0.225102	-0.247556	4.04037	1.82528	0.45176	0.673927	2.74996	4.30346	2.16965	0.504165	11.1167	0.404126	0.478789	0.360026	0.0827215
20381	-0.272584	-0.257839	4.07309	1.87979	0.461515	0.75255	2.75507	4.33796	2.27109	0.523538	8.63795	0.525449	0.493503	0.353588	0.0827054
20382	-0.250155	-0.254981	3.79371	1.91852	0.505711	0.876641	2.82117	3.88165	2.11123	0.543901	7.45289	0.634835	0.525025	0.370018	0.083023
20383	-0.279912	-0.296754	3.93531	1.85198	0.470607	0.784885	2.88027	4.01249	2.04691	0.510134	8.90241	0.566897	0.490562	0.39303	0.0832908
20384	-0.268458	-0.264447	3.82174	1.91917	0.502172	0.813866	2.83453	3.95878	2.08458	0.526571	8.19827	0.585713	0.514586	0.374987	0.0836639
20385	-0.194867	-0.214883	4.19326	2.08844	0.498047	0.866902	2.82369	3.94806	2.18141	0.552525	8.18988	0.563677	0.524466	0.351011	0.0839709
20386	-0.255874	-0.202699	4.25291	2.26125	0.531695	0.959734	2.91177	4.06942	2.17629	0.534792	6.56419	0.738851	0.533209	0.35348	0.0841068
20387	-0.250895	-0.167251	4.06027	2.11683	0.521351	0.988734	2.91971	4.16743	2.21902	0.532466	6.20123	0.76834	0.526981	0.354724	0.084313
20388	-0.0337588	-0.0449105	4.16657	2.03476	0.488354	1.0035	2.95245	4.12882	2.30883	0.559198	8.35031	0.537954	0.523615	0.340957	0.0846807
20389	-0.0735555	-0.0726759	4.37081	2.18336	0.499533	0.948226	2.94941	3.97614	2.21354	0.556705	8.7478	0.522018	0.526767	0.341909	0.0850085
20390	-0.163857	-0.173121	4.05412	2.22358	0.548473	0.936086	2.83874	3.75955	2.17085	0.577423	7.49774	0.604937	0.562402	0.340512	0.0853086
20391	-0.0968713	-0.118137	4.30118	2.26106	0.525684	0.861927	2.89177	4.26842	2.16198	0.506507	9.85488	0.459647	0.516132	0.338765	0.0853464
20392	-0.0699273	-0.0803593	4.19095	2.15236	0.513574	0.93515	2.84647	3.93543	1.97378	0.501541	8.48001	0.505091	0.507746	0.341797	0.0853624
20393	-0.0669838	-0.0783955	3.81445	1.96342	0.51473	0.918322	2.86905	3.96161	2.03244	0.513034	8.94849	0.485414	0.513866	0.352248	0.0854011
20394	-0.0339349	-0.0250669	3.94503	1.94756	0.493674	0.739657	2.77342	4.17077	2.26371	0.542756	13.0865	0.299222	0.518897	0.317476	0.0850613
20395	-0.0847032	-0.090133	4.17463	2.09344	0.501467	0.770381	2.72358	4.05158	2.08425	0.514429	10.8278	0.365584	0.507851	0.321575	0.0851294
20396	-0.0589864	-0.114316	4.16925	2.10242	0.504269	0.751754	2.75759	3.97114	2.07442	0.522375	12.548	0.32865	0.513102	0.330616	0.0857187
20397	-0.0253804	-0.0393836	4.1538	1.99531	0.480358	0.797056	2.83971	4.53985	2.32095	0.51124	12.2549	0.338201	0.496485	0.324486	0.0859047
20398	-0.0181224	0.00337887	3.75792	1.88869	0.50259	0.84029	2.80352	4.28566	2.16462	0.505085	10.6407	0.368436	0.503919	0.326076	0.0860094
20399	0.0831659	0.0202537	3.54999	1.87562	0.528344	0.779126	2.80434	4.2864	2.36289	0.551252	16.0028	0.24218	0.540875	0.313853	0.0863092
20400	-0.0398539	-0.0493636	3.89244	1.99842	0.513411	0.801968	2.83512	4.30788	2.21817	0.51491	11.7407	0.354332	0.514198	0.330454	0.0859693
20401	-0.0649394	-0.0830913	3.90038	1.81783	0.466066	0.829905	2.7932	4.21772	2.30473	0.546439	10.3316	0.400373	0.507823	0.334196	0.0863388
20402	-0.0950911	-0.0667254	3.87302	1.9637	0.50702	0.882828	2.8616	3.85834	2.00912	0.52072	8.96669	0.478163	0.513857	0.350598	0.086244
20403	-0.0718311	-0.0650782	4.52092	1.96001	0.433542	0.890351	2.86978	3.95512	2.02804	0.512764	9.30378	0.462897	0.470509	0.350742	0.0864034
20404	-0.0744808	-0.051194	4.27997	2.10126	0.490952	1.00173	2.91458	4.19426	2.0263	0.483113	7.59413	0.579119	0.487072	0.347691	0.0864105
20405	-0.0766747	-0.078317	4.12585	2.03737	0.493805	0.883529	2.92958	4.11459	2.05785	0.500135	9.81296	0.460996	0.496965	0.355917	0.0865783
20406	0.0263836	0.00672202	3.84221	1.80912	0.470853	0.927681	2.97151	4.06306	1.99293	0.490499	10.8206	0.406168	0.480951	0.366393	0.0866202
20407	0.0925448	0.00345505	3.87173	1.88875	0.487832	0.925028	2.93384	4.19446	1.98403	0.473013	12.3908	0.346514	0.480126	0.35675	0.0868995
20408	0.0418564	0.0277126	4.04376	2.059	0.509178	0.865775	2.88852	4.31501	2.00995	0.465804	12.0562	0.339421	0.486787	0.334708	0.086976
20409	0.0171744	0.0441187	3.99042	1.96012	0.491207	0.903936	2.95951	3.57735	2.0023	0.559715	10.8089	0.393173	0.523592	0.349181	0.0873319
20410	-0.0962331	-0.0904083	3.79389	2.07119	0.545927	0.934534	2.9419	3.9916	2.12441	0.532219	8.65417	0.531241	0.538899	0.354074	0.0875605
20411	-0.10358	-0.0411975	4.32032	2.08147	0.481786	0.977912	2.91417	3.97762	1.94255	0.488372	7.4675	0.584813	0.484943	0.351869	0.0877723
20412	-0.187573	-0.117117	3.89291	1.98105	0.508888	0.896877	2.91554	4.13426	1.96797	0.476016	7.82036	0.588015	0.491958	0.368097	0.0881206
20413	-0.106179	-0.0943423	4.31473	2.02373	0.469029	0.889822	2.85797	4.00448	2.02168	0.504855	8.78631	0.496008	0.486274	0.350191	0.0887295
20414	-0.217193	-0.160781	3.91875	1.96768	0.502121	0.838208	2.83894	4.06981	2.08578	0.5125	8.07842	0.556936	0.507408	0.357019	0.0889538
20415	-0.0317057	-0.0873526	3.8145	1.93018	0.506011	0.748122	2.75801	3.85894	2.06897	0.53615	13.313	0.304066	0.521168	0.336151	0.0889126
20416	-0.089884	-0.0957028	4.03727	1.89135	0.468472	0.789391	2.76535	3.8327	1.97809	0.516109	10.5877	0.386563	0.491671	0.346033	0.0895013
20417	-0.117735	-0.103978	3.85547	1.9944	0.517291	0.816975	2.77646	3.89358	1.94331	0.499106	9.49647	0.436841	0.508154	0.345131	0.089842
20418	-0.137851	-0.139133	3.95642	2.05768	0.520086	0.78297	2.82456	3.93886	1.90697	0.484144	10.3589	0.423956	0.502155	0.356557	0.0903388
20419	-0.0895737	-0.0711474	4.05229	2.01857	0.49813	0.808361	2.7989	4.02439	2.03613	0.505948	10.2162	0.403143	0.502025	0.336928	0.090449
20420	-0.1034	-0.131564	4.11244	2.0726	0.503982	0.731707	2.75631	3.91182	1.94026	0.496001	11.9584	0.348701	0.500091	0.342031	0.0902732
20421	-0.137672	-0.160349	3.87938	2.00395	0.516563	0.81326	2.68836	4.05197	1.99267	0.491778	8.97423	0.452136	0.503901	0.336817	0.0906243
20422	-0.0706057	-0.130643	3.91387	1.87763	0.479738	0.767398	2.71566	4.25275	1.96217	0.461387	11.5364	0.351125	0.470182	0.345434	0.0911973
20423	-0.128761	-0.135092	3.75679	1.93491	0.515044	0.73887	2.71251	4.30256	2.0612	0.479063	10.7718	0.376392	0.495835	0.336671	0.0916431
20424	-0.0957095	-0.136506	3.81499	1.935	0.50721	0.641089	2.72751	4.15857	2.17441	0.522874	15.1096	0.271436	0.515379	0.333005	0.0916571
20425	-0.133309	-0.158902	4.31181	1.9814	0.459528	0.651403	2.66565	3.82974	2.01942	0.527299	12.9562	0.307886	0.491407	0.33279	0.0922057
20426	-0.0646578	-0.093812	4.02931	2.13859	0.530759	0.619657	2.58971	4.06933	2.03782	0.500776	15.3779	0.234143	0.515694	0.301327	0.0923657
20427	0.00175574	-0.0632069	3.94793	1.93277	0.489564	0.602271	2.60157	3.97832	2.08843	0.524952	19.6912	0.18031	0.507326	0.306373	0.0925331
20428	-0.0892279	-0.102299	4.02799	1.86872	0.463933	0.548368	2.63555	4.25065	2.05577	0.483636	18.4386	0.203264	0.474049	0.323292	0.0931525
20429	-0.0438682	-0.0812533	3.80819	1.88669	0.495429	0.568328	2.58271	4.0057	2.0698	0.516713	18.9355	0.187392	0.50634	0.309701	0.0934256
20430	-0.171958	-0.154242	3.96023	1.93045	0.487458	0.663607	2.56621	4.04929	2.22812	0.55025	10.6004	0.349085	0.519203	0.308026	0.0934921
20431	-0.116187	-0.120988	3.91385	1.81578	0.463937	0.473734	2.46326	3.90861	2.16032	0.552709	19.1902	0.174003	0.508294	0.295831	0.0934246
20432	-0.129289	-0.111866	3.74833	1.86218	0.496801	0.585053	2.56156	4.37035	2.39319	0.547596	14.0063	0.255143	0.524144	0.295827	0.0939558
20433	-0.0988547	-0.125771	3.89465	1.8193	0.467127	0.55736	2.60621	4.10435	2.0591	0.501688	17.3325	0.215309	0.484861	0.324939	0.0936109
20434	-0.0641062	-0.102131	3.66684	1.78891	0.48786	0.520447	2.59118	4.46156	2.10094	0.470898	21.2288	0.170851	0.47855	0.318078	0.0937857
20435	-0.0493981	-0.0404575	3.83055	1.727	0.45085	0.585908	2.61367	3.94136	1.94638	0.493835	17.4533	0.201807	0.472649	0.32417	0.0942413
20436	0.0720905	-0.00394792	3.89684	1.86586	0.478812	0.669197	2.65624	4.31419	2.10961	0.488993	19.8481	0.178268	0.484161	0.308073	0.0943238
20437	-0.0108604	0.0362424	4.29707	2.16128	0.502966	0.686333	2.63596	4.05946	2.24666	0.553438	13.9043	0.243039	0.527484	0.2772	0.0942528
20438	0.0310095	-0.0487237	3.78713	2.01584	0.532288	0.653447	2.63891	4.16559	2.18273	0.523992	18.6444	0.193714	0.527942	0.300858	0.09451
20439	-0.143003	-0.137068	4.15205	2.11503	0.509395	0.726981	2.70434	3.99157	2.01444	0.504672	10.6671	0.378436	0.50708	0.32842	0.0942498
20440	-0.153172	-0.135254	3.94228	1.93236	0.490164	0.683889	2.68265	3.95491	1.98833	0.502749	11.3329	0.350335	0.496467	0.336245	0.0945282
20441	-0.152354	-0.112373	4.01703	1.92353	0.478845	0.654388	2.66051	3.91796	1.99505	0.509206	11.8139	0.325416	0.493836	0.329212	0.0945217
20442	-0.0680323	-0.131726	3.73784	1.91699	0.51286	0.62564	2.68328	3.83922	2.01329	0.5244	16.4683	0.24059	0.518707	0.335241	0.0945472
20443	-0.232715	-0.177177	3.76061	2.04545	0.543914	0.692148	2.69961	4.12097	1.96021	0.475667	9.6752	0.427686	0.50823	0.340705	0.0944501
20444	-0.23838	-0.247884	3.70426	1.95429	0.52758	0.693039	2.70997	3.90836	1.94572	0.497836	10.0847	0.43377	0.512309	0.359428	0.0944479
20445	-0.287699	-0.265873	3.68579	1.86543	0.506114	0.90381	2.79198	3.86716	1.85776	0.480394	6.58624	0.709847	0.492945	0.385812	0.0946505
20446	-0.198118	-0.239786	4.07174	2.02163	0.496503	0.791386	2.82011	4.05827	1.86289	0.459036	9.56265	0.489559	0.4778	0.376124	0.094864
20447	-0.16264	-0.179596	3.77736	2.02784	0.53684	0.970037	2.96484	3.9229	1.98588	0.506228	7.70677	0.641478	0.521245	0.38125	0.0952279
20448	-0.277612	-0.233987	4.0419	1.94018	0.480017	0.893214	2.90042	4.09901	2.13608	0.521121	7.16682	0.685416	0.500713	0.376109	0.0954781
20449	-0.330971	-0.256918	3.979	1.92157	0.482928	0.988216	2.98251	4.17389	2.12479	0.509067	6.0301	0.870126	0.49631	0.393453	0.0953846
20450	-0.300733	-0.27657	3.96817	1.89415	0.477337	1.07634	3.00848	4.11333	2.19003	0.532423	5.69079	0.948158	0.505374	0.397917	0.0956726
20451	-0.245423	-0.238936	4.06881	1.84093	0.45245	0.947821	2.92196	4.14706	2.12786	0.513102	7.01716	0.711915	0.483065	0.386382	0.0960431
20452	-0.210004	-0.235899	3.8502	1.81842	0.472292	0.977111	2.9638	4.03993	2.10492	0.521029	7.26494	0.70462	0.497246	0.394933	0.0961432
20453	-0.234623	-0.251417	3.70729	1.79441	0.484022	0.986577	2.98232	4.3625	2.0203	0.463108	7.01187	0.745666	0.472716	0.406758	0.0963041
20454	-0.252275	-0.247061	3.817	1.91495	0.501689	1.00882	3.08367	3.84342	2.12027	0.551662	6.97569	0.795174	0.526762	0.407461	0.0964618
20455	-0.188842	-0.278721	3.82324	2.01006	0.525748	1.05163	3.07039	3.95792	2.10502	0.531849	7.28923	0.76939	0.528851	0.405389	0.0966287
20456	-0.248271	-0.287635	3.92287	1.92319	0.490252	1.04656	3.06663	4.24671	2.03095	0.478242	6.71066	0.8383	0.484009	0.415787	0.0964102
20457	-0.33958	-0.259713	3.99685	2.00958	0.502793	1.09595	3.04444	3.77432	1.84885	0.489852	5.29775	1.03038	0.496507	0.414426	0.0965021
20458	-0.219457	-0.241382	4.08197	2.11587	0.518344	1.13035	3.07171	4.21704	1.96682	0.466398	6.02455	0.910986	0.491948	0.402084	0.0963874
20459	-0.228688	-0.209582	3.8619	2.01794	0.522525	1.06757	3.00846	3.96782	2.08764	0.526142	6.16316	0.840139	0.524358	0.386846	0.0962155
20460	-0.258965	-0.261064	4.01563	2.03132	0.505853	0.99436	2.93435	4.08718	1.9136	0.468195	6.50018	0.785412	0.486858	0.392983	0.0964013
20461	-0.298303	-0.299248	3.9778	2.00703	0.504558	0.885076	2.88942	3.87371	1.97187	0.50904	7.26056	0.700193	0.506769	0.389933	0.0965697
20462	-0.338832	-0.309449	3.69423	1.83377	0.496388	0.845022	2.90073	3.86568	1.88486	0.487588	7.35299	0.700754	0.491888	0.409389	0.0967352
20463	-0.244024	-0.297478	4.16818	2.11096	0.506446	0.959271	2.91139	4.06179	2.02319	0.498103	7.11146	0.72396	0.502328	0.38385	0.0970856
20464	-0.361364	-0.298068	4.19341	1.90638	0.454614	0.862956	2.95034	3.79312	2.07398	0.546774	7.03964	0.749479	0.498385	0.398711	0.0971705
20465	-0.196974	-0.243966	3.84507	1.97361	0.513283	0.854705	2.91887	4.06927	2.09033	0.513686	9.04458	0.553014	0.51349	0.381071	0.0971832
20466	-0.225304	-0.195507	4.08339	2.07213	0.507453	1.01267	2.98057	3.86826	2.06269	0.533234	6.58197	0.766296	0.519995	0.378965	0.0975115
20467	-0.358406	-0.285594	4.16669	2.03427	0.488223	0.987787	2.98409	3.74161	1.99514	0.533231	5.89924	0.906118	0.509518	0.398905	0.0976871
20468	-0.352077	-0.304575	3.84411	2.11598	0.550447	0.960825	2.94629	3.82021	1.8215	0.476806	6.13104	0.861856	0.513741	0.401675	0.0978997
20469	-0.145512	-0.231727	3.96298	1.99176	0.502592	0.943899	2.91398	3.85677	1.96981	0.510741	8.33782	0.593407	0.506611	0.384531	0.0982027
20470	-0.230305	-0.203588	3.98411	2.07875	0.521762	0.851484	2.86634	4.18028	2.1881	0.523434	8.05323	0.585134	0.522618	0.355863	0.0983513
20471	-0.226089	-0.214883	4.15769	2.01978	0.485793	0.882479	2.87197	3.92665	2.12717	0.541726	7.75365	0.614461	0.51296	0.364968	0.098746
20472	-0.175138	-0.180942	4.05901	2.02287	0.498365	0.868609	2.87565	3.91701	2.1345	0.54493	8.57597	0.544704	0.521233	0.359836	0.0992872
20473	-0.281398	-0.233877	4.1736	2.04738	0.490554	0.902482	2.85554	4.17106	2.107	0.505149	6.80985	0.700786	0.497849	0.364939	0.0996097
20474	-0.366793	-0.381023	3.9697	2.08369	0.524899	0.699387	2.68957	3.93333	2.00424	0.509553	8.29435	0.56837	0.517261	0.365842	0.0997431
20475	-0.356312	-0.32141	4.18156	2.12844	0.509006	0.765884	2.72831	3.92264	2.13719	0.544833	7.38553	0.629662	0.526347	0.352907	0.0996912
20476	-0.392121	-0.379601	4.1602	2.05538	0.494059	0.770051	2.75229	4.36599	2.13036	0.487945	7.26228	0.675322	0.490928	0.369537	0.0998272
20477	-0.297334	-0.282922	3.91258	2.02928	0.518655	0.72763	2.70349	3.95032	2.0504	0.519045	8.48948	0.525275	0.518851	0.353505	0.099942
20478	-0.209593	-0.25216	4.09742	2.00683	0.489778	0.689722	2.71763	4.27971	1.96157	0.458343	10.9051	0.404383	0.473718	0.357284	0.100162
20479	-0.24106	-0.321622	3.97545	1.95519	0.491817	0.657334	2.68367	4.04124	2.07012	0.512248	11.1902	0.403556	0.502116	0.359474	0.10039
20480	-0.369167	-0.30776	3.96551	2.08343	0.525387	0.618113	2.69261	4.36437	2.10027	0.481231	9.2357	0.487361	0.502252	0.349892	0.100442
20481	-0.341203	-0.332315	3.84805	1.97362	0.512889	0.669158	2.68745	4.02551	2.0493	0.509078	8.93293	0.510415	0.510941	0.361827	0.100576
20482	-0.310218	-0.298616	4.16855	2.20357	0.528619	0.706717	2.68426	3.67456	1.92594	0.524128	8.60368	0.517079	0.526515	0.350196	0.10094
20483	-0.303712	-0.326176	4.21413	2.11901	0.502835	0.784888	2.7486	4.08188	1.94639	0.476837	7.97793	0.592525	0.490043	0.367759	0.101366
20484	-0.243958	-0.305309	3.82548	2.04377	0.534253	0.729053	2.72993	4.03068	2.01687	0.50038	9.73083	0.473375	0.516874	0.362032	0.101507
20485	-0.275204	-0.262231	4.08438	2.1536	0.527278	0.63808	2.65504	3.80894	2.01559	0.529173	10.2033	0.417043	0.528192	0.338	0.101906
20486	-0.275394	-0.293192	4.1805	1.96863	0.470908	0.58298	2.69628	3.8728	1.84063	0.475272	12.1293	0.368404	0.473006	0.369809	0.101832
20487	-0.320463	-0.341803	3.78044	1.85803	0.491486	0.569584	2.66422	3.87072	1.81618	0.46921	11.4066	0.396092	0.480217	0.38086	0.101827
20488	-0.316555	-0.286721	3.91181	2.04473	0.522708	0.68346	2.71201	3.55263	1.92241	0.541122	8.9921	0.500015	0.531472	0.361822	0.102083
20489	-0.295394	-0.275239	4.23424	2.05864	0.486188	0.757053	2.73574	3.77557	1.89019	0.500638	8.18495	0.553822	0.492999	0.364779	0.102287
20490	-0.226948	-0.269924	4.64088	2.15384	0.464101	0.80827	2.78945	4.10226	2.06409	0.503158	8.73379	0.535838	0.482426	0.35693	0.102411
20491	-0.328096	-0.29361	3.95694	2.0192	0.510295	0.889688	2.85028	3.84374	2.01759	0.524903	6.66492	0.741498	0.517493	0.379817	0.102633
20492	-0.293448	-0.283013	4.09111	1.96157	0.479471	0.627874	2.69319	4.14509	1.97458	0.476366	10.4352	0.424417	0.477908	0.360153	0.102649
20493	-0.270586	-0.240674	3.8303	1.88741	0.492757	0.574929	2.62239	3.90953	1.97767	0.50586	11.4662	0.357448	0.499376	0.346606	0.102717
20494	-0.197397	-0.255568	4.06167	1.9144	0.471334	0.661404	2.66076	3.77569	1.92892	0.51088	11.5316	0.36877	0.490385	0.356296	0.10271
20495	-0.212404	-0.23585	4.14301	2.08657	0.503635	0.603791	2.65022	4.0705	1.93893	0.476337	12.5033	0.333087	0.490107	0.341042	0.103202
20496	-0.219845	-0.241679	3.87173	1.99642	0.515638	0.640447	2.61131	4.07303	1.88212	0.462094	10.9978	0.370051	0.488188	0.344226	0.103773
20497	-0.185784	-0.193437	4.07959	2.00313	0.491012	0.709969	2.63959	3.63263	1.8292	0.503547	10.0029	0.401186	0.496916	0.343763	0.103714
20498	-0.22295	-0.183358	3.85763	2.03078	0.526433	0.58625	2.60415	4.05172	1.9662	0.485275	11.8665	0.327402	0.505349	0.327165	0.104249
20499	-0.230232	-0.224275	3.86413	2.03811	0.527444	0.412831	2.49273	3.88946	1.95163	0.501773	17.8514	0.206765	0.514566	0.316379	0.104746
20500	-0.233583	-0.244372	3.82685	2.00632	0.524274	0.602942	2.59467	3.97964	1.86823	0.469446	11.5183	0.349887	0.496323	0.342249	0.105203
