cycle	Zbar1	Gbar1	VP1	VG1	h21	Zbar2	Gbar2	VP2	VG2	h22	h2b	h2b_denom	h2w	Qst	Fst
20000	0.00281045	-0.0484325	3.99358	1.85634	0.464831	3.96243	0.0118613	3.62478	1.97898	0.545957	0.000231867	7.8393	0.503431	0.000237028	0.00035406
20001	-0.0352668	0.00227342	3.70882	1.65254	0.44557	3.98662	-0.00854439	3.76676	1.77859	0.472182	7.23468e-06	8.08778	0.458979	8.53091e-06	0.000569427
20002	0.108389	0.00321563	3.58397	1.68927	0.471341	3.99831	-0.0156302	3.82598	1.78295	0.46601	2.34719e-05	7.56574	0.468588	2.5584e-05	0.000803362
20003	-0.104787	-0.0145171	3.85444	1.71667	0.445375	3.94884	-0.0690826	3.729	1.73462	0.465171	0.000181196	8.21594	0.45511	0.000215734	0.00108746
20004	0.0489891	0.0348686	3.73711	1.77533	0.475055	3.85754	-0.102487	3.83	1.72367	0.450043	0.00130068	7.25254	0.462396	0.00134685	0.00136059
20005	0.0382386	0.0250639	3.69426	1.73935	0.470826	3.85464	-0.18766	4.02426	1.76631	0.438917	0.00310688	7.28247	0.454189	0.00321825	0.00159851
20006	0.0700764	0.00833031	3.87606	1.7797	0.459153	3.76983	-0.250717	3.68645	1.76788	0.479562	0.00490243	6.84409	0.469102	0.00470903	0.00188401
20007	-0.0622801	0.0144432	3.86115	1.78703	0.462824	3.61761	-0.281599	3.7392	1.76396	0.471746	0.00647197	6.7708	0.467213	0.00613539	0.00220066
20008	0.0179089	0.0461183	3.50408	1.75198	0.499983	3.6673	-0.284271	3.72426	1.70478	0.457752	0.00819615	6.65903	0.478224	0.00783649	0.00244638
20009	-0.0125485	-0.0108275	3.67766	1.72198	0.468228	3.75852	-0.280678	3.65277	1.79818	0.492277	0.00512056	7.1105	0.480212	0.00514755	0.00270417
20010	0.0216793	0.0345235	3.82554	1.77392	0.463703	3.64777	-0.413563	3.82839	1.85592	0.484778	0.0152703	6.57427	0.474245	0.0136467	0.00294259
20011	0.0814674	0.05497	4.03738	1.82274	0.451467	3.40541	-0.538881	3.77005	1.83647	0.48712	0.0319188	5.5243	0.468683	0.0235385	0.00314144
20012	0.00395297	0.0259086	4.06509	1.92169	0.472729	3.39059	-0.605465	3.85827	1.89923	0.492247	0.0347565	5.73464	0.482234	0.0254317	0.00343273
20013	0.0598373	0.0756393	3.94623	1.80102	0.456391	3.25216	-0.643166	3.97769	1.83791	0.462054	0.0507	5.09547	0.459234	0.0342965	0.00375603
20014	0.0466466	0.0351066	3.40226	1.67703	0.492916	3.27969	-0.703933	3.80401	1.89512	0.498191	0.0522531	5.22629	0.4957	0.0368353	0.00409027
20015	0.0133056	0.140802	3.86594	1.78567	0.461899	3.29457	-0.729958	4.05299	1.98368	0.489435	0.0704231	5.38335	0.475992	0.0479038	0.00428739
20016	0.232343	0.201488	3.71289	1.80383	0.485828	3.20242	-0.838204	3.91274	1.92381	0.491678	0.122539	4.41067	0.48883	0.0676274	0.00457851
20017	0.111499	0.119369	3.53427	1.68615	0.477085	3.25623	-0.840136	4.01831	1.9203	0.477889	0.093095	4.94468	0.477513	0.0600192	0.00480084
20018	0.199193	0.15695	3.72333	1.75634	0.471711	3.03935	-0.898292	4.01464	2.18186	0.543476	0.138044	4.03325	0.508945	0.0660522	0.00512054
20019	0.191359	0.126505	3.60688	1.78963	0.496172	2.92029	-0.945808	4.03118	1.9418	0.481696	0.154403	3.72354	0.488532	0.0715611	0.00539068
20020	0.170911	0.145886	4.14082	1.91483	0.462428	2.95445	-1.01296	4.01167	1.8153	0.452505	0.173323	3.87404	0.457545	0.0826108	0.0055978
20021	0.190083	0.204805	3.7421	1.741	0.465247	3.03402	-1.01975	3.50846	1.78876	0.509842	0.185404	4.04399	0.486826	0.0960536	0.00591654
20022	0.135441	0.170676	3.86525	1.70715	0.441665	2.93981	-1.09944	3.92456	1.89421	0.482655	0.205126	3.93224	0.462316	0.100754	0.00624439
20023	0.17807	0.180261	3.37127	1.76551	0.523692	2.83189	-1.12138	3.91585	1.92358	0.49123	0.240569	3.52137	0.506248	0.103037	0.00657442
20024	0.160911	0.175803	3.9297	1.80797	0.460078	2.7642	-1.16747	3.93218	1.90751	0.485102	0.266249	3.38855	0.472594	0.108315	0.00678682
20025	0.120317	0.189386	4.14263	1.81514	0.438161	2.85951	-1.17624	3.88928	1.83169	0.470959	0.24855	3.7516	0.454043	0.113404	0.00696578
20026	0.255259	0.217104	3.80875	1.74545	0.458274	2.89836	-1.13792	4.14044	1.93704	0.467834	0.262825	3.49299	0.463254	0.110884	0.00713915
20027	0.223853	0.247634	3.73587	1.78352	0.477406	2.76323	-1.20247	3.98926	2.02916	0.508656	0.326093	3.22422	0.493544	0.121227	0.00744936
20028	0.233806	0.241483	3.67869	1.77129	0.4815	2.66389	-1.34379	3.95171	1.8144	0.459142	0.425567	2.95265	0.469921	0.149157	0.00773671
20029	0.203567	0.218307	3.79285	1.72422	0.454597	2.56808	-1.39845	4.08948	1.82485	0.446232	0.467529	2.79546	0.450257	0.155561	0.00797574
20030	0.275654	0.297423	3.79487	1.85829	0.489685	2.58985	-1.38964	4.09124	1.96273	0.479739	0.531451	2.67776	0.484525	0.157052	0.00824545
20031	0.313256	0.298384	3.89835	1.85712	0.476385	2.52589	-1.43076	4.03426	1.84014	0.456127	0.610717	2.44788	0.466083	0.168242	0.00848183
20032	0.179078	0.232011	4.22106	2.01446	0.477239	2.55364	-1.4913	3.83932	1.89232	0.49288	0.526692	2.81928	0.484689	0.15976	0.00866849
20033	0.237677	0.295206	4.25424	1.98431	0.466431	2.46945	-1.52553	3.83874	1.92807	0.502266	0.665573	2.4904	0.483429	0.174876	0.00906584
20034	0.28935	0.281296	3.96874	1.90571	0.48018	2.4124	-1.63246	3.57245	1.8512	0.518188	0.812549	2.25368	0.498185	0.196035	0.00921214
20035	0.24101	0.263032	3.68659	1.97459	0.535614	2.39545	-1.61195	3.63703	1.75787	0.483326	0.757405	2.3208	0.509647	0.190671	0.0095636
20036	0.201012	0.186321	3.99308	1.92389	0.481806	2.31393	-1.74084	3.88368	1.86075	0.47912	0.831905	2.2322	0.480481	0.19708	0.00981138
20037	0.143122	0.142079	3.53344	1.76665	0.49998	2.21193	-1.77277	3.62391	1.85755	0.512581	0.856699	2.13999	0.50636	0.201951	0.0100976
20038	0.118144	0.126844	3.76691	1.8631	0.494595	2.2806	-1.72502	3.76774	1.91658	0.508681	0.733372	2.3381	0.501639	0.184968	0.0103763
20039	0.132529	0.159872	3.76008	1.87758	0.499346	2.34155	-1.7196	3.82835	1.82372	0.476373	0.723885	2.43989	0.487756	0.192709	0.0105801
20040	0.177983	0.153792	3.90636	1.86147	0.476524	2.28039	-1.72098	3.66312	1.75651	0.479513	0.795175	2.21005	0.47797	0.195488	0.0107862
20041	0.327006	0.27971	3.93591	1.92524	0.489148	2.29197	-1.72551	4.01298	1.70846	0.425732	1.04139	1.93054	0.457133	0.216779	0.0109817
20042	0.311135	0.271843	3.86932	1.8397	0.475458	2.23471	-1.72896	3.8867	1.6937	0.435769	1.08191	1.85007	0.455569	0.220809	0.0111745
20043	0.202611	0.220158	4.11837	1.77238	0.430358	2.14742	-1.8135	3.64479	1.66378	0.45648	1.09346	1.89114	0.442623	0.231392	0.0114112
20044	0.279374	0.215106	3.65591	1.8015	0.492764	2.14754	-1.82459	3.81086	1.86603	0.489662	1.19207	1.74502	0.49118	0.221024	0.011743
20045	0.184057	0.25491	3.98175	1.86445	0.468249	2.07672	-1.80051	3.85652	1.74282	0.451916	1.17939	1.79108	0.460213	0.22657	0.0120396
20046	0.214908	0.242033	3.69477	1.79215	0.485049	2.17429	-1.84823	3.64365	1.8549	0.509076	1.13806	1.91959	0.496979	0.230564	0.0122199
20047	0.158324	0.206324	3.70209	1.79484	0.484819	2.03414	-1.8866	4.00469	1.9873	0.496244	1.24487	1.75934	0.490756	0.224617	0.0125042
20048	0.169205	0.234076	3.82905	1.76014	0.45968	2.04775	-1.9717	4.09617	1.79079	0.437187	1.37873	1.76446	0.448054	0.255242	0.0127566
20049	0.302259	0.317175	4.10901	1.78547	0.434525	2.09155	-1.95823	3.87363	1.92058	0.49581	1.61717	1.60078	0.464264	0.258948	0.0130207
20050	0.307536	0.345813	3.97147	1.80091	0.453463	2.0129	-1.94237	4.23567	1.97042	0.465196	1.80029	1.45414	0.459518	0.257747	0.013254
20051	0.379984	0.357498	3.94977	1.74101	0.440786	2.03154	-1.93984	4.02015	2.01902	0.502225	1.93493	1.36382	0.471777	0.259856	0.0136351
20052	0.305242	0.306529	3.64437	1.97211	0.54114	1.94777	-1.99147	3.91293	1.94434	0.496902	1.95736	1.34896	0.518235	0.252201	0.0139316
20053	0.184462	0.220318	4.12152	1.96083	0.475753	2.03171	-1.94129	4.27483	1.98852	0.46517	1.36932	1.70616	0.470365	0.228352	0.0139712
20054	0.275081	0.255404	3.90363	1.77913	0.455763	1.98359	-1.96819	3.90465	1.96315	0.502773	1.69386	1.4595	0.479271	0.248385	0.0143765
20055	0.233633	0.299064	3.88913	1.69389	0.435543	2.11221	-1.95417	4.03384	1.79079	0.443942	1.43865	1.76452	0.439819	0.26709	0.0147036
20056	0.345232	0.32945	3.81714	1.84686	0.483834	1.93275	-2.01406	3.34118	1.71622	0.513657	2.17922	1.2601	0.497754	0.278258	0.0151388
20057	0.334667	0.365213	3.75188	1.83165	0.488196	1.94912	-2.0177	3.83371	1.71793	0.448111	2.17853	1.30323	0.467937	0.285778	0.0154506
20058	0.419129	0.374886	3.9149	1.77098	0.452368	1.848	-2.04419	3.7127	1.79891	0.484527	2.86626	1.02083	0.468021	0.29079	0.0159099
20059	0.395673	0.382662	3.93001	1.83491	0.466896	1.88317	-2.11022	3.66471	1.76434	0.481441	2.8086	1.10633	0.473915	0.301611	0.0162326
20060	0.269144	0.32719	3.94317	1.84511	0.467925	1.8247	-2.20134	3.69641	1.82564	0.493896	2.6422	1.20988	0.480491	0.303453	0.0164944
20061	0.324696	0.318401	3.87877	1.96966	0.507807	1.65854	-2.28896	3.9249	1.87661	0.478129	3.82114	0.889572	0.49288	0.306567	0.0166293
20062	0.339214	0.366752	3.81465	1.79688	0.471048	1.67375	-2.25162	3.40543	1.72024	0.505147	3.84948	0.890493	0.487131	0.327761	0.0169431
20063	0.325589	0.365654	3.90347	1.70127	0.435836	1.73873	-2.33325	3.83582	1.7349	0.452289	3.64755	0.998488	0.44399	0.346499	0.0172212
20064	0.348154	0.378386	3.62194	1.62433	0.448471	1.75058	-2.3007	3.72023	1.69807	0.456443	3.64932	0.983406	0.45251	0.350799	0.0175661
20065	0.333792	0.357821	3.762	1.73232	0.46048	1.67407	-2.31724	3.54055	1.72657	0.487655	3.98365	0.898167	0.473655	0.34101	0.0179457
20066	0.36224	0.359232	3.83859	1.89941	0.49482	1.74901	-2.25274	3.79438	1.76803	0.465962	3.54756	0.961562	0.480474	0.317545	0.0182295
20067	0.451431	0.424256	4.08603	1.86922	0.457466	1.7653	-2.2924	3.79044	1.74744	0.461012	4.27527	0.863126	0.459173	0.337927	0.0181535
20068	0.445716	0.465374	4.02656	1.80222	0.447584	1.6263	-2.34969	3.62191	1.82976	0.505191	5.68573	0.696885	0.474863	0.353064	0.0181904
20069	0.460021	0.431356	3.4725	1.83847	0.529438	1.6288	-2.27801	3.75474	1.81782	0.484138	5.37364	0.683025	0.505904	0.334297	0.018382
20070	0.44058	0.473871	3.63364	1.87751	0.516701	1.81916	-2.2372	3.79596	1.70063	0.44801	3.86739	0.950241	0.481605	0.339405	0.0185423
20071	0.451081	0.471685	3.97778	2.02112	0.508102	1.91006	-2.16669	3.85088	1.85015	0.480448	3.27021	1.06431	0.494499	0.310229	0.0186231
20072	0.491181	0.501772	3.84311	1.90226	0.494981	1.79886	-2.25334	4.00382	1.85873	0.464239	4.43894	0.855008	0.479295	0.335467	0.0186785
20073	0.455069	0.543741	3.87645	1.80691	0.466126	1.58506	-2.34153	3.85993	1.85262	0.479961	6.51968	0.638436	0.473029	0.362648	0.0188858
20074	0.648539	0.602675	3.83625	1.90319	0.496107	1.65716	-2.33495	3.9225	1.78863	0.455994	8.48279	0.508657	0.475827	0.368953	0.0193138
20075	0.601842	0.610046	3.70659	1.74793	0.471575	1.49491	-2.43296	3.56198	1.68853	0.474044	11.61	0.398787	0.472785	0.402623	0.0193326
20076	0.561969	0.509524	3.80234	1.67252	0.439867	1.7495	-2.38164	3.88434	1.94401	0.500474	5.92734	0.70511	0.470494	0.366331	0.0196436
20077	0.489727	0.500249	3.81172	1.72246	0.451885	1.64188	-2.36346	3.67072	1.83276	0.499292	6.17788	0.663727	0.475142	0.36587	0.0199335
20078	0.525842	0.570094	3.49386	1.65964	0.475017	1.58031	-2.3302	3.96473	1.84265	0.464761	7.56508	0.555954	0.469565	0.375289	0.0198729
20079	0.554436	0.607513	3.9686	1.81274	0.456771	1.68934	-2.31749	3.79967	1.87086	0.492376	6.64258	0.644001	0.474186	0.367468	0.0199627
20080	0.552744	0.568205	3.84056	1.85971	0.48423	1.65497	-2.34325	3.64405	1.87713	0.515122	6.97723	0.607446	0.499271	0.361992	0.020329
20081	0.65199	0.603369	3.92512	1.77595	0.452457	1.7381	-2.33701	3.81113	1.94376	0.510022	7.32929	0.589814	0.480815	0.367639	0.0206489
20082	0.659551	0.617163	4.12712	1.79669	0.435337	1.65134	-2.29402	3.7237	1.81115	0.486385	8.61584	0.491824	0.459549	0.3701	0.020782
20083	0.55685	0.581473	3.66646	1.75528	0.478739	1.69219	-2.34564	3.76906	1.79999	0.477571	6.64707	0.644493	0.478147	0.376086	0.0209292
20084	0.689172	0.660136	3.62903	1.83635	0.506016	1.69801	-2.30876	3.87736	1.82419	0.470471	8.66053	0.508881	0.487656	0.375892	0.0209284
20085	0.614056	0.624633	3.73746	1.85592	0.496573	1.69326	-2.33539	3.7697	1.86206	0.493954	7.52286	0.582341	0.495258	0.370848	0.0211182
20086	0.530935	0.564798	3.77165	1.92822	0.51124	1.6006	-2.37363	4.14602	1.93799	0.467434	7.54633	0.572089	0.488301	0.358399	0.0215442
20087	0.472469	0.533337	4.09857	1.87986	0.458662	1.59087	-2.45499	3.77769	1.86938	0.494848	7.13946	0.625405	0.476018	0.373339	0.0220305
20088	0.542583	0.532174	3.79239	1.69693	0.447457	1.56715	-2.45565	3.94824	1.87448	0.474764	8.50406	0.524872	0.461385	0.384696	0.0224062
20089	0.612399	0.592424	3.45315	1.64929	0.477619	1.52588	-2.43629	4.16704	1.88647	0.452711	10.9931	0.417222	0.463998	0.393543	0.0226951
20090	0.64191	0.62752	3.84091	1.61861	0.421412	1.56649	-2.48822	4.03833	2.00963	0.497638	11.3563	0.42742	0.46048	0.400927	0.0227923
20091	0.686328	0.651575	3.74645	1.75969	0.469695	1.51402	-2.51234	4.41593	2.16066	0.489288	14.6122	0.342535	0.480295	0.389752	0.0230475
20092	0.53301	0.57476	3.55439	1.71714	0.483103	1.5206	-2.51828	3.98874	2.07615	0.520503	9.80892	0.487664	0.50288	0.386816	0.0231707
20093	0.539796	0.535148	3.76634	1.83872	0.488198	1.38487	-2.53656	4.26245	2.02032	0.47398	13.2119	0.357079	0.48065	0.379482	0.0234388
20094	0.59366	0.510657	3.60971	1.68327	0.466316	1.45085	-2.56518	3.78643	1.89905	0.501541	12.8759	0.367383	0.484349	0.397797	0.0235248
20095	0.537064	0.507807	3.84123	1.79013	0.466031	1.45514	-2.63776	3.90115	1.83139	0.469449	11.7392	0.421436	0.467753	0.405959	0.0237515
20096	0.517118	0.488056	3.83492	1.88211	0.490784	1.29028	-2.63647	3.71263	1.71517	0.461983	16.3314	0.298893	0.476616	0.404342	0.0242081
20097	0.469496	0.496066	3.57428	1.74283	0.487604	1.32193	-2.66127	3.56084	1.69494	0.475993	13.719	0.36332	0.48181	0.420394	0.0245489
20098	0.488814	0.532025	3.69975	1.69401	0.45787	1.39349	-2.61874	3.81696	1.76046	0.46122	12.1297	0.409217	0.459571	0.4182	0.0248837
20099	0.506708	0.5348	3.56977	1.70724	0.478251	1.40296	-2.65593	3.69764	1.75973	0.475907	12.6741	0.401638	0.477058	0.423462	0.0250891
20100	0.542891	0.527176	3.60706	1.70062	0.471469	1.28303	-2.73985	3.62372	1.77474	0.489755	19.484	0.273904	0.480633	0.434447	0.025289
20101	0.605397	0.548976	3.64632	1.71391	0.470037	1.28006	-2.7303	3.75666	1.74921	0.465628	23.6259	0.227582	0.4678	0.437156	0.0252665
20102	0.516097	0.574711	3.82259	1.85367	0.484925	1.31075	-2.71359	3.5648	1.6585	0.465244	17.1232	0.31574	0.475427	0.435048	0.0255561
20103	0.476456	0.46481	3.70293	1.75176	0.473074	1.25834	-2.71864	3.60443	1.75695	0.487443	16.5772	0.305672	0.480162	0.419431	0.0258411
20104	0.457831	0.425606	3.6802	1.78976	0.486321	1.27565	-2.72083	3.82075	1.82561	0.477815	14.8022	0.334411	0.481989	0.406501	0.0260144
20105	0.4797	0.429683	3.74236	1.81945	0.486176	1.20507	-2.70438	3.85045	1.77238	0.460304	18.668	0.263079	0.473056	0.406176	0.0261832
20106	0.443642	0.425514	3.89746	1.88261	0.483035	1.29917	-2.69109	3.69264	1.64366	0.445118	13.2707	0.365966	0.464588	0.407926	0.0263247
20107	0.438513	0.363376	3.81499	1.796	0.470775	1.14959	-2.76846	3.68202	1.75366	0.476275	19.3986	0.252812	0.473476	0.408685	0.0265621
20108	0.333293	0.343177	3.86046	1.72309	0.446343	1.13586	-2.80988	3.66097	1.7905	0.489079	15.435	0.322054	0.467144	0.414429	0.0271868
20109	0.281143	0.332001	3.88564	1.82258	0.469054	1.2131	-2.77295	4.01824	1.78466	0.444139	11.0998	0.434276	0.456387	0.400655	0.0273069
20110	0.229412	0.270034	3.81678	1.76159	0.461539	1.21878	-2.75866	3.76692	1.91928	0.509508	9.37122	0.489425	0.485366	0.383983	0.0275615
20111	0.309003	0.266131	3.85228	1.74909	0.45404	1.24736	-2.77689	3.71187	1.85909	0.50085	10.5165	0.440257	0.477011	0.390955	0.0277151
20112	0.347842	0.239615	3.84099	1.72488	0.449072	1.29366	-2.76876	3.70565	1.74171	0.470014	10.1169	0.447288	0.459356	0.395042	0.0278411
20113	0.247929	0.250789	3.72143	1.68839	0.453693	1.13949	-2.83473	3.74836	1.82853	0.487823	11.9772	0.39744	0.47082	0.403732	0.0282894
20114	0.316143	0.285661	3.93094	1.84088	0.468305	1.09503	-2.82257	3.77777	1.78702	0.473035	15.9248	0.303335	0.470623	0.39979	0.0289388
20115	0.385412	0.331536	4.23901	1.83544	0.432987	1.1428	-2.87759	4.05227	1.91799	0.473312	17.9528	0.286822	0.452696	0.40698	0.0292829
20116	0.452501	0.385799	3.77768	1.80767	0.478514	1.07123	-2.8745	3.61415	1.76176	0.487461	27.7662	0.191411	0.482889	0.426887	0.0294093
20117	0.344115	0.346165	3.65265	1.82113	0.498577	0.951098	-2.95811	3.72743	1.69854	0.455687	29.6347	0.184214	0.476915	0.436907	0.0298284
20118	0.383512	0.31623	3.74518	1.78442	0.476458	1.04597	-2.94579	3.70503	1.79881	0.485505	24.2469	0.219426	0.480957	0.426202	0.0303178
20119	0.330872	0.267199	3.68839	1.84537	0.500319	1.10996	-2.93579	3.78581	1.83116	0.48369	16.9021	0.303487	0.491896	0.411058	0.0306254
20120	0.216527	0.266976	4.2213	1.98591	0.470449	1.0933	-2.91686	3.8666	1.6856	0.435938	13.1864	0.384368	0.45395	0.408488	0.0311713
20121	0.318746	0.251909	4.03989	1.89448	0.468945	1.05882	-2.96124	3.83363	1.683	0.439009	18.85	0.273855	0.454369	0.419226	0.0313502
20122	0.286065	0.321721	3.59057	1.77454	0.494223	1.00738	-2.94972	3.95357	1.78836	0.452342	20.5698	0.260147	0.472275	0.429006	0.0320116
20123	0.284979	0.335965	3.83129	1.9315	0.504137	1.08313	-2.95598	3.77664	1.76769	0.46806	17.0112	0.318522	0.486228	0.422883	0.0322746
20124	0.349099	0.345697	3.61461	1.79493	0.496575	0.959248	-2.94114	3.80822	1.70913	0.448801	29.0191	0.186141	0.472065	0.435397	0.0325501
20125	0.317313	0.344179	3.8384	1.71847	0.447705	1.09047	-2.92758	4.09955	1.74203	0.424932	17.9072	0.298885	0.435944	0.436211	0.0327588
20126	0.310847	0.292748	3.81167	1.78994	0.469594	1.08431	-2.94973	3.931	2.0171	0.513126	17.5743	0.299119	0.491695	0.408548	0.0329986
20127	0.244982	0.23918	3.5759	1.64503	0.460031	1.01532	-2.94553	3.61872	1.76961	0.489015	17.0915	0.296707	0.474609	0.426256	0.0331073
20128	0.35442	0.335331	3.83271	1.56275	0.407739	1.04488	-2.94294	3.65325	1.85506	0.507783	22.5433	0.238365	0.456562	0.440247	0.0332382
20129	0.269386	0.369286	3.50129	1.63271	0.466316	1.07126	-2.89335	3.9546	1.84136	0.465626	16.5549	0.3215	0.46595	0.433878	0.0335695
20130	0.426055	0.395738	3.87709	1.77419	0.457609	0.942457	-2.9775	3.85686	1.77099	0.459179	42.6696	0.133336	0.458392	0.445311	0.0337436
20131	0.366322	0.408825	3.89752	1.76274	0.452271	1.02409	-3.00634	3.81702	1.80856	0.473815	26.9574	0.216329	0.462931	0.449604	0.0335961
20132	0.311009	0.37408	3.7777	1.69855	0.449625	0.82204	-3.1141	3.85835	1.88228	0.487846	46.5913	0.130576	0.468937	0.459433	0.0339883
20133	0.378267	0.399513	3.7566	1.79948	0.479019	0.92404	-3.08265	3.87839	1.86573	0.481059	40.7073	0.148934	0.480055	0.452797	0.0341742
20134	0.396261	0.424697	3.92572	1.82656	0.46528	0.987154	-3.08389	3.82777	1.81487	0.474133	35.2571	0.174578	0.46965	0.458163	0.0343348
20135	0.51898	0.485459	3.85112	1.87908	0.487931	0.891237	-3.03327	3.85101	1.82292	0.473361	89.3481	0.0692876	0.480646	0.455501	0.0346751
20136	0.42467	0.429556	3.88808	1.91788	0.493271	1.02479	-3.03845	3.74866	1.84905	0.493258	33.3953	0.180071	0.493265	0.444012	0.0350867
20137	0.443039	0.452972	3.93625	1.82339	0.463231	0.882468	-3.0526	3.91916	1.77885	0.453886	63.6415	0.0965486	0.458569	0.460422	0.0355442
20138	0.44139	0.443739	3.90268	1.83973	0.471402	0.964234	-3.03247	3.63132	1.71869	0.473297	44.2048	0.136683	0.472315	0.459284	0.0358994
20139	0.460798	0.436313	3.63461	1.83641	0.505257	0.950045	-3.03137	3.74066	1.80554	0.48268	50.2367	0.119681	0.493806	0.45231	0.0361521
20140	0.325746	0.42858	3.6998	1.81234	0.489849	0.910862	-3.10009	3.56596	1.90803	0.535068	36.3696	0.17118	0.512042	0.455673	0.0361824
20141	0.417957	0.408576	3.87291	1.73922	0.449073	0.896896	-3.18279	3.74328	1.81252	0.484206	56.2287	0.114691	0.46634	0.475977	0.0362016
20142	0.379241	0.314934	3.91444	1.76956	0.452061	0.779688	-3.18469	3.7585	1.94654	0.517902	76.3755	0.0801788	0.484312	0.451861	0.036458
20143	0.22197	0.241898	3.66855	1.77829	0.48474	0.644741	-3.24428	3.93858	1.89183	0.480332	67.9967	0.0893678	0.482458	0.453037	0.0365008
20144	0.293367	0.340936	3.72012	1.69937	0.456805	0.731783	-3.27537	3.94102	1.86231	0.472546	68.0387	0.0961044	0.464903	0.478732	0.0364265
20145	0.364193	0.357221	3.93402	1.70413	0.433178	0.853014	-3.21794	3.86739	1.97094	0.509631	53.4924	0.119473	0.471078	0.465219	0.036821
20146	0.387521	0.447015	3.74409	1.71544	0.458171	0.776052	-3.20629	4.34623	1.90474	0.438251	88.4141	0.0754781	0.44747	0.479748	0.0372257
20147	0.418312	0.441348	3.68422	1.68098	0.456266	0.74601	-3.20497	3.93913	1.81827	0.461591	123.812	0.053693	0.459018	0.487276	0.0374755
20148	0.414346	0.421361	3.60372	1.70726	0.473748	0.871974	-3.15273	3.97245	1.9213	0.483656	60.997	0.104711	0.478943	0.468242	0.0377922
20149	0.530909	0.479485	3.71773	1.79423	0.482616	0.875396	-3.14195	3.94936	1.86984	0.473453	110.513	0.0593357	0.477896	0.472371	0.0380778
20150	0.393751	0.478892	3.73578	1.78801	0.478617	0.943164	-3.12675	3.69462	1.90443	0.51546	43.0694	0.150927	0.496936	0.468273	0.0378981
20151	0.476565	0.479919	3.67008	1.7839	0.486066	0.675673	-3.2167	3.69709	1.75974	0.47598	344.692	0.0198221	0.481005	0.490973	0.0380013
20152	0.43826	0.475309	3.64552	1.72905	0.474296	0.868518	-3.2081	3.87073	1.83221	0.473351	73.2894	0.092561	0.473809	0.487944	0.0382609
20153	0.609056	0.568995	4.0159	1.81036	0.450798	0.849627	-3.17694	3.60676	1.75279	0.485973	242.458	0.028937	0.467442	0.496226	0.0386809
20154	0.429033	0.44042	4.31848	1.8805	0.435453	0.853257	-3.18222	3.71671	1.74685	0.469999	72.9223	0.0899829	0.451432	0.475048	0.0387692
20155	0.331554	0.386258	4.13595	1.93997	0.46905	0.758316	-3.21132	3.66445	1.75884	0.479973	71.0643	0.0910626	0.474181	0.466729	0.0390586
20156	0.323829	0.328799	3.99468	1.84367	0.461532	0.811641	-3.18895	3.92471	1.81235	0.461779	52.0026	0.11898	0.461654	0.458465	0.0393886
20157	0.446367	0.417014	3.54622	1.80026	0.507656	0.912926	-3.12145	3.87808	1.80185	0.464624	57.5197	0.108838	0.485178	0.465074	0.0397816
20158	0.445264	0.379771	3.76204	1.75194	0.465688	0.855315	-3.08647	3.80297	1.91848	0.504468	71.4564	0.084071	0.485183	0.450176	0.040165
20159	0.35788	0.36694	3.83535	1.79265	0.467403	0.938009	-3.10148	3.86606	1.86818	0.483227	35.7448	0.168275	0.475346	0.451135	0.0405524
20160	0.373209	0.382075	3.83053	1.82295	0.4759	0.9745	-3.04027	3.86976	1.90956	0.493456	32.3951	0.180776	0.484723	0.439739	0.0407287
20161	0.47443	0.421109	3.45398	1.89161	0.547661	0.903187	-3.1089	3.9387	1.89735	0.48172	67.7846	0.091916	0.512529	0.451334	0.041037
20162	0.345687	0.384491	3.56552	1.76874	0.496067	0.836548	-3.15116	3.88591	1.99626	0.513717	51.8826	0.120472	0.505271	0.453696	0.0412724
20163	0.433327	0.418847	3.72718	1.6757	0.44959	0.853897	-3.08422	4.15703	1.95204	0.469577	69.3776	0.0884398	0.460128	0.458315	0.0412534
20164	0.337384	0.394991	3.97116	1.74633	0.439752	0.950881	-3.07664	3.71834	1.81833	0.489017	32.0215	0.188189	0.463575	0.458194	0.0413199
20165	0.414719	0.395036	3.95025	1.85525	0.469654	0.936255	-3.08552	3.6909	1.77756	0.481605	44.5378	0.136	0.475427	0.45477	0.0414378
20166	0.402296	0.382367	3.62355	1.7148	0.473238	0.845891	-3.13472	4.00758	1.89704	0.473363	62.8626	0.0983883	0.473304	0.461391	0.0416823
20167	0.331238	0.376123	3.71932	1.77927	0.478386	0.857066	-3.11979	3.51173	1.81871	0.517896	44.2012	0.138247	0.497574	0.459345	0.0420705
20168	0.315881	0.3785	3.50368	1.64315	0.468978	0.826401	-3.13401	3.85627	1.72104	0.446297	47.3379	0.130315	0.457094	0.478433	0.0421081
20169	0.45388	0.421232	3.69108	1.67326	0.453326	0.92982	-3.08776	3.75204	1.83439	0.488903	54.3575	0.11326	0.47126	0.467525	0.0422494
20170	0.398862	0.405878	3.35394	1.7561	0.523592	0.930794	-3.11946	3.97272	1.96086	0.493582	43.9228	0.141476	0.50732	0.455432	0.0422033
20171	0.498229	0.449635	3.71182	1.65453	0.445745	0.970786	-3.09819	3.76512	1.85239	0.491987	56.3659	0.111655	0.469031	0.47306	0.0424906
20172	0.43215	0.464807	3.52699	1.7641	0.500171	0.857647	-3.07126	3.53866	1.71964	0.485958	69.0634	0.0905238	0.493053	0.473059	0.0427003
20173	0.501567	0.550415	3.99218	1.80602	0.452389	0.885273	-3.06382	3.69352	1.65007	0.446748	88.7232	0.0736149	0.449678	0.485961	0.0428756
20174	0.44752	0.501913	3.34276	1.654	0.494801	0.88583	-3.09291	3.91232	1.75155	0.447701	67.2655	0.0960579	0.469402	0.48695	0.0431744
20175	0.580339	0.550756	3.73388	1.59063	0.425999	1.01522	-3.00475	3.43301	1.6572	0.482724	66.8455	0.0945585	0.453171	0.493304	0.0435005
20176	0.679703	0.571051	3.74332	1.71091	0.457058	1.01459	-3.00445	3.76336	1.65893	0.440812	113.996	0.0560732	0.448913	0.48689	0.0440211
20177	0.583705	0.606883	3.87663	1.78546	0.460571	0.952926	-2.99088	3.97838	1.81847	0.457088	94.9491	0.0681623	0.458807	0.473227	0.0442136
20178	0.605691	0.676906	3.72133	1.67304	0.449581	1.13594	-2.86595	3.69706	1.788	0.483628	44.643	0.14058	0.466549	0.475645	0.0444487
20179	0.577423	0.645298	3.46804	1.63041	0.470125	1.03015	-2.91385	3.8782	1.92093	0.495313	61.8029	0.102483	0.483422	0.471512	0.0446993
20180	0.650831	0.631856	3.84229	1.77612	0.462256	1.00464	-2.98077	3.6849	1.93407	0.524862	104.258	0.0625905	0.492905	0.468042	0.0448204
20181	0.543428	0.575917	4.13013	1.9095	0.462334	1.07702	-3.02293	3.63557	1.75366	0.482363	45.4898	0.142358	0.471711	0.469314	0.0449216
20182	0.461995	0.451928	3.50984	1.7892	0.509766	1.00971	-2.99779	4.00311	1.77851	0.444281	39.6696	0.149996	0.474874	0.45484	0.0454074
20183	0.514498	0.513593	3.7516	1.83126	0.48813	0.911207	-3.05878	3.57513	1.90136	0.531829	81.0904	0.0786892	0.509453	0.460969	0.0453551
20184	0.496476	0.514402	3.75406	1.81692	0.483989	0.897741	-3.14457	4.12532	1.96041	0.475212	83.149	0.0805067	0.479394	0.469925	0.0453917
20185	0.450026	0.461615	3.89007	1.84804	0.475066	0.921279	-3.10776	4.01054	1.89623	0.472811	57.3689	0.111039	0.473921	0.459777	0.0456764
20186	0.448045	0.492349	4.02429	1.89287	0.470362	0.804569	-3.18682	4.02231	1.93676	0.481503	106.493	0.0635548	0.475931	0.469242	0.0460365
20187	0.502211	0.497606	3.92457	1.94627	0.495919	0.792002	-3.19523	3.89967	1.936	0.496452	162.387	0.0419892	0.496185	0.467688	0.046355
20188	0.525933	0.540137	3.67204	1.74559	0.475374	0.772493	-3.27371	4.08473	1.97513	0.48354	239.267	0.0303958	0.479674	0.494392	0.0464377
20189	0.487078	0.493775	3.98908	1.8229	0.456974	0.698024	-3.30145	3.86066	1.8616	0.482199	323.693	0.0222491	0.46938	0.494389	0.046522
20190	0.430755	0.454544	4.00753	1.88401	0.470118	0.626798	-3.26065	4.16893	1.94397	0.466299	359.139	0.0192164	0.468171	0.474206	0.0465457
20191	0.48572	0.464958	3.91559	1.86514	0.476338	0.813857	-3.25195	3.79584	1.79455	0.472767	128.308	0.0538369	0.47458	0.485656	0.04662
20192	0.373929	0.389216	3.92035	1.92796	0.491783	0.795632	-3.24112	3.62739	1.77536	0.489431	74.1103	0.0889169	0.490653	0.470939	0.0466467
20193	0.372095	0.375251	3.78302	1.87156	0.494725	0.719943	-3.2532	3.85903	1.8119	0.469522	108.808	0.0604992	0.481998	0.47202	0.0469881
20194	0.328142	0.3739	3.72046	1.97234	0.530133	0.737435	-3.28212	3.68385	1.72448	0.468119	79.79	0.0837604	0.499279	0.474892	0.0472436
20195	0.327725	0.369761	3.77989	1.85713	0.491319	0.699447	-3.31244	3.7193	1.79202	0.481816	98.1249	0.0690886	0.486606	0.481692	0.0476013
20196	0.40525	0.360786	4.09293	1.91999	0.469099	0.711556	-3.29827	3.81728	1.8036	0.472483	142.701	0.0469116	0.470732	0.473507	0.0478943
20197	0.256288	0.34518	3.90384	1.78338	0.456828	0.675428	-3.33662	3.65745	1.84771	0.505191	77.1618	0.0878392	0.480222	0.482876	0.0480501
20198	0.400285	0.328466	3.90518	1.73324	0.44383	0.667106	-3.27659	3.95232	1.81491	0.4592	182.551	0.0355967	0.451561	0.478128	0.0479806
20199	0.275996	0.291445	3.67782	1.65775	0.450741	0.60582	-3.35273	3.91149	1.83924	0.470215	122.077	0.0543919	0.460778	0.487144	0.0482734
20200	0.307381	0.339614	3.90392	1.74751	0.447629	0.750613	-3.27332	3.59302	1.87921	0.523017	66.4442	0.0982272	0.48376	0.473753	0.0484992
20201	0.313869	0.356168	3.62765	1.8008	0.496409	0.649275	-3.2945	3.66711	1.71526	0.467741	118.469	0.0562486	0.481997	0.486675	0.0484597
20202	0.42098	0.405852	3.65463	1.68809	0.461904	0.700467	-3.31352	3.61191	1.72153	0.476626	177.099	0.0390564	0.469221	0.503679	0.0484466
20203	0.427636	0.421026	3.71047	1.85724	0.50054	0.68195	-3.32003	3.87075	1.81906	0.469949	216.397	0.0323377	0.484921	0.487762	0.0488662
20204	0.302237	0.379898	3.64845	1.78445	0.489097	0.693382	-3.3294	4.00334	1.85427	0.463181	89.9303	0.0764974	0.475538	0.486068	0.0492823
20205	0.434671	0.337613	3.76057	1.86225	0.495204	0.65898	-3.33857	3.50972	1.81109	0.51602	268.596	0.0251573	0.505253	0.479226	0.0492532
20206	0.322345	0.31756	3.80979	1.88207	0.494008	0.625199	-3.35403	4.10895	1.92058	0.467414	146.974	0.0458605	0.480209	0.469976	0.0494356
20207	0.255875	0.278326	3.59113	1.83758	0.511701	0.773758	-3.30041	3.94025	1.91452	0.485887	47.7526	0.134101	0.498196	0.460559	0.0496625
20208	0.2117	0.25436	3.64415	1.87484	0.514479	0.624244	-3.29087	3.50481	1.6958	0.483848	73.8499	0.0850962	0.499462	0.468211	0.0498103
20209	0.14958	0.181705	3.60799	1.86321	0.516412	0.65935	-3.24143	3.77442	1.71575	0.454573	45.0921	0.129933	0.484795	0.450228	0.0503455
20210	0.104656	0.15126	3.9239	1.88536	0.480482	0.776355	-3.19332	3.75488	1.74434	0.464553	24.7932	0.22559	0.472693	0.435299	0.0505103
20211	0.224615	0.183738	4.01057	1.97238	0.491796	0.837892	-3.20818	3.89529	1.71001	0.438993	30.5898	0.188054	0.46578	0.438669	0.0507912
20212	0.219337	0.17358	3.32971	1.86461	0.55999	0.71238	-3.23962	3.64225	1.672	0.459056	47.924	0.121546	0.507261	0.451736	0.0510658
20213	-0.0112354	0.0609502	3.70186	1.92277	0.519405	0.674098	-3.25589	3.98023	1.8564	0.466406	23.4231	0.234841	0.491946	0.42134	0.0512945
20214	0.0613926	0.0784766	4.00505	1.90358	0.475294	0.642617	-3.26773	3.74271	1.82493	0.487595	33.145	0.168911	0.481236	0.428947	0.0513816
20215	0.103598	0.125938	3.72439	1.71526	0.460547	0.716878	-3.276	3.86384	1.84092	0.476449	30.7705	0.188056	0.468644	0.448734	0.0518991
20216	0.0434915	0.0471406	4.07137	1.77982	0.437155	0.811062	-3.21651	3.81299	1.89787	0.497737	18.0788	0.294582	0.466453	0.420094	0.0521507
20217	0.0587723	0.0583996	3.54855	1.82032	0.512975	0.724031	-3.27284	4.03858	1.98694	0.49199	25.0745	0.221284	0.501805	0.421648	0.0522882
20218	0.0647376	0.073523	3.83036	1.75605	0.458456	0.585213	-3.29947	3.81703	1.98667	0.520475	41.9983	0.135447	0.489411	0.431924	0.052345
20219	0.0812132	0.0802322	3.69139	1.84304	0.49928	0.756113	-3.2583	3.91366	1.94983	0.498212	24.4699	0.227745	0.498731	0.423638	0.0527779
20220	0.133496	0.111213	3.63935	1.78642	0.490862	0.750523	-3.23489	4.03057	1.92526	0.477665	29.4084	0.190361	0.483927	0.430041	0.0531226
20221	0.180856	0.122011	3.94759	1.87237	0.474308	0.718196	-3.25471	3.77382	1.83346	0.485837	39.4903	0.144367	0.479943	0.434898	0.0534515
20222	0.0952115	0.109209	4.23243	2.06883	0.488804	0.812717	-3.13199	3.76523	1.72887	0.459168	20.4062	0.257407	0.474852	0.408952	0.0533992
20223	0.139171	0.115938	3.59457	1.74698	0.486006	0.725554	-3.18774	3.70553	1.71485	0.462781	31.7419	0.171922	0.474217	0.440898	0.0535042
20224	0.107807	0.0889955	3.66925	1.70952	0.465905	0.777863	-3.197	3.64804	1.85596	0.508754	24.0499	0.224487	0.487267	0.431005	0.0537943
20225	0.0736905	0.102006	4.08585	1.937	0.474075	0.852175	-3.15479	3.72557	1.78978	0.480403	17.5018	0.303019	0.477093	0.415846	0.053858
20226	0.0345864	0.0390478	3.72027	1.80008	0.483858	0.957618	-3.09356	3.70833	1.70154	0.458844	11.5181	0.425993	0.471371	0.412101	0.0541799
20227	-0.0310604	0.0344872	3.95789	1.78168	0.45016	0.92575	-3.08986	3.72261	1.69952	0.456541	10.6627	0.457743	0.453252	0.412238	0.0545082
20228	0.0745706	0.0712867	3.74955	1.72637	0.46042	0.892795	-3.08622	4.09174	1.87175	0.457447	14.8917	0.334745	0.458869	0.409353	0.0546991
20229	0.0157583	0.0664757	3.72982	1.63817	0.439209	0.854844	-3.09329	4.03187	1.89326	0.469575	14.1807	0.352033	0.454983	0.414231	0.0548134
20230	0.0638879	0.0214724	3.66335	1.79082	0.488847	0.949084	-3.05487	4.03591	1.93332	0.47903	12.0779	0.391786	0.483701	0.388613	0.0549678
20231	0.0981174	0.0615931	3.96158	1.89919	0.479403	0.869974	-3.1012	3.78357	1.82886	0.483368	16.7906	0.297881	0.48134	0.401608	0.0553898
20232	0.0145823	0.00860136	3.71296	1.82039	0.490279	0.960413	-3.07577	3.68056	1.73129	0.470388	10.6342	0.447297	0.480377	0.401188	0.0554509
20233	0.0447186	0.0298855	3.78626	1.91254	0.505126	0.981003	-3.03744	4.07472	1.95465	0.479701	10.7326	0.438314	0.491947	0.378314	0.0555679
20234	-0.0203203	-0.0756258	4.09304	1.76059	0.430142	0.947425	-3.03707	4.11024	1.99656	0.485752	9.36451	0.468266	0.458005	0.36863	0.0557711
20235	-0.0339601	-0.0278316	3.88838	1.71989	0.442315	0.945063	-3.06786	4.06745	1.91219	0.470121	9.64205	0.479243	0.456531	0.388917	0.0559119
20236	0.0284165	-0.0404926	3.77427	1.83711	0.486744	0.970646	-3.0262	3.72968	1.81444	0.486487	10.0411	0.443898	0.486617	0.379123	0.0560313
20237	-0.0960714	-0.0790464	3.82105	1.72539	0.451549	0.953852	-2.97153	3.84389	1.78101	0.463336	7.58974	0.55117	0.45746	0.373752	0.0563799
20238	-0.235273	-0.237677	3.41028	1.71394	0.502579	0.949892	-3.03319	3.93787	1.96795	0.499749	5.56373	0.702307	0.501062	0.346788	0.0567168
20239	-0.246515	-0.236393	3.74399	1.63554	0.436843	0.951978	-3.04469	3.79714	1.93555	0.509739	5.49053	0.718193	0.473548	0.35583	0.0570232
20240	-0.279131	-0.254201	3.80015	1.77814	0.467914	0.989154	-2.98778	3.93234	1.94166	0.493766	4.64547	0.804273	0.481061	0.334424	0.057291
20241	-0.285135	-0.280445	4.02901	1.73417	0.430422	1.03752	-2.93473	3.77861	1.78833	0.473277	4.0272	0.874706	0.451162	0.333452	0.0570378
20242	-0.219242	-0.207022	4.0752	1.77394	0.435301	1.08137	-2.9426	3.65695	1.84863	0.505511	4.4239	0.845791	0.468507	0.340674	0.0571234
20243	-0.184162	-0.138161	4.00524	1.91169	0.477298	1.08708	-2.89813	3.79622	1.87377	0.493588	4.71362	0.808024	0.485225	0.334807	0.0573323
20244	-0.154522	-0.165851	3.95622	1.88279	0.475907	1.07972	-2.93861	3.89035	1.91177	0.491413	5.04688	0.761676	0.483595	0.336333	0.0572891
20245	-0.0905229	-0.122321	3.6094	1.82266	0.504976	1.00393	-2.93783	3.90208	1.75168	0.448908	6.61784	0.598916	0.47585	0.356798	0.0573916
20246	-0.180977	-0.137874	3.90679	1.87895	0.480945	1.10703	-2.89204	3.73903	1.8732	0.500984	4.57238	0.829487	0.490745	0.33584	0.0576407
20247	-0.101254	-0.123231	3.57478	1.80161	0.503979	1.13852	-2.91443	3.78648	1.82361	0.48161	5.0687	0.768519	0.492473	0.349607	0.0577533
20248	-0.249691	-0.214258	3.75325	1.77424	0.472721	1.0252	-2.95738	3.9465	1.84804	0.468274	4.62962	0.812673	0.470442	0.341931	0.0580277
20249	-0.204417	-0.169429	3.79881	1.58061	0.416081	1.12116	-2.90281	3.78478	1.80404	0.476657	4.25198	0.878576	0.446313	0.355725	0.0579835
20250	-0.216626	-0.146023	3.67431	1.68514	0.458626	1.07328	-2.90104	4.00943	1.93014	0.481399	4.56178	0.831926	0.470509	0.344317	0.0580167
20251	-0.134889	-0.156557	3.87598	1.82674	0.471297	1.11866	-2.90062	3.95728	1.92849	0.487327	4.79184	0.785696	0.479395	0.334018	0.0585105
20252	-0.097075	-0.114674	3.88637	1.88361	0.484669	1.01858	-2.977	4.11039	1.87273	0.45561	6.58231	0.622345	0.469733	0.35298	0.0588615
20253	-0.157332	-0.101723	3.85668	1.74651	0.452853	0.979073	-3.01688	3.951	1.92296	0.486701	6.5805	0.645708	0.469982	0.366795	0.0591436
20254	-0.224572	-0.191496	3.69535	1.67028	0.451996	0.920667	-3.04782	4.2173	2.01235	0.477165	6.22048	0.655786	0.465411	0.356555	0.059278
20255	-0.0818415	-0.183572	3.91419	1.64966	0.421457	0.970515	-3.01245	3.66739	1.93861	0.528607	7.22605	0.553727	0.473288	0.35808	0.0595794
20256	-0.267418	-0.252181	4.01145	1.83345	0.457055	1.03111	-2.99273	4.12266	1.83601	0.445344	4.45425	0.843086	0.45112	0.338604	0.0598198
20257	-0.190561	-0.272983	3.88437	1.66641	0.429004	1.07996	-2.94707	3.76424	1.86942	0.496627	4.42983	0.807114	0.462285	0.335921	0.0599759
20258	-0.283172	-0.282787	4.03681	1.81088	0.448592	1.14715	-2.91159	3.83033	1.71333	0.447304	3.37791	1.02291	0.447965	0.329071	0.0600697
20259	-0.319959	-0.329367	3.67022	1.75147	0.477212	1.07684	-2.92683	3.72915	1.77345	0.475565	3.45804	0.975529	0.476382	0.323752	0.0601841
20260	-0.382868	-0.363745	3.89421	1.7298	0.444198	1.22742	-2.85399	3.84726	1.79367	0.46622	2.39153	1.29652	0.455142	0.305663	0.0604923
20261	-0.378414	-0.316941	3.75015	1.94566	0.518822	1.14143	-2.83805	3.70568	1.7742	0.478778	2.75161	1.15496	0.49892	0.299417	0.0602162
20262	-0.395931	-0.351273	3.66754	1.63703	0.446356	1.20232	-2.87732	3.93002	1.78172	0.453361	2.49799	1.27721	0.449979	0.318265	0.0603668
20263	-0.304179	-0.34254	4.20382	1.83012	0.435346	1.05282	-2.87833	3.527	1.82867	0.518476	3.49196	0.920717	0.473272	0.305357	0.0604374
20264	-0.511897	-0.472167	4.15697	1.79662	0.432196	1.14094	-2.88871	3.79481	1.81425	0.478087	2.13762	1.36593	0.454097	0.28801	0.0609691
20265	-0.410692	-0.394417	4.00299	1.92287	0.480358	1.09918	-2.90549	3.7021	1.76236	0.476043	2.76588	1.13986	0.478285	0.299704	0.0612669
20266	-0.466394	-0.470258	3.54399	1.76001	0.496617	1.02074	-2.94017	3.59207	1.66037	0.462233	2.75844	1.10578	0.479309	0.308492	0.0619723
20267	-0.41038	-0.417218	3.64293	1.67305	0.459259	1.00627	-2.97554	3.63822	1.74297	0.479073	3.26128	1.00344	0.46916	0.323974	0.0620985
20268	-0.27594	-0.323405	3.67267	1.69455	0.461394	1.01031	-2.98725	4.02703	1.82675	0.453622	4.28908	0.827222	0.457329	0.335127	0.0625764
20269	-0.407515	-0.335415	4.0251	1.91566	0.47593	0.983989	-2.98104	3.53499	1.81021	0.512085	3.61484	0.968142	0.492835	0.319672	0.062827
20270	-0.346516	-0.395724	3.88365	1.9283	0.496516	1.02867	-2.9917	3.95039	1.86784	0.472824	3.56353	0.945563	0.484569	0.307495	0.0626731
20271	-0.423497	-0.40833	3.51842	1.64308	0.466993	0.926622	-3.06155	4.05782	1.95789	0.482498	3.8619	0.911412	0.475298	0.328395	0.0629591
20272	-0.404673	-0.463187	3.99331	1.81594	0.454746	0.917358	-3.09532	3.62161	1.74416	0.481598	3.96399	0.873883	0.467517	0.327394	0.0630527
20273	-0.412925	-0.452788	3.72236	1.80187	0.484066	0.895104	-3.11478	3.43555	1.70341	0.495821	4.14171	0.85547	0.489708	0.335834	0.0637052
20274	-0.514502	-0.509091	3.77972	1.79238	0.474209	0.867577	-3.12836	3.52007	1.73246	0.492166	3.59166	0.955072	0.482868	0.327429	0.0636607
20275	-0.432464	-0.467891	3.64952	1.76858	0.484607	0.937399	-3.1099	3.6195	1.78297	0.4926	3.71975	0.938263	0.488587	0.329577	0.0637823
20276	-0.507663	-0.463418	4.01015	1.67327	0.41726	0.925797	-3.06603	3.77972	1.8754	0.496174	3.29646	1.0274	0.455549	0.323149	0.0638596
20277	-0.429101	-0.361266	3.76278	1.78842	0.475293	0.86031	-3.09019	4.02157	2.02863	0.504437	4.47922	0.83129	0.490349	0.327954	0.0643084
20278	-0.289131	-0.351447	3.79546	1.70683	0.449703	0.945966	-3.07837	4.07448	2.02485	0.496959	4.87465	0.762733	0.474169	0.332632	0.0647289
20279	-0.445348	-0.35967	3.63696	1.70849	0.469758	0.850105	-3.15485	4.12221	2.01182	0.488043	4.65561	0.839099	0.479472	0.344387	0.0650853
20280	-0.43386	-0.384886	3.57598	1.74372	0.487621	0.811251	-3.17778	4.1915	1.90676	0.454912	5.03145	0.775151	0.469971	0.348305	0.0652739
20281	-0.322422	-0.302678	3.66891	1.76139	0.480084	0.844308	-3.19559	3.7505	1.93257	0.515284	6.14795	0.68063	0.497877	0.361707	0.0654929
20282	-0.316642	-0.26211	3.9608	1.88232	0.475236	0.753828	-3.31572	3.79307	1.7931	0.472731	8.13725	0.572953	0.474011	0.388217	0.0655664
20283	-0.163149	-0.172193	3.78873	1.8904	0.498953	0.735577	-3.25123	3.96397	1.83938	0.464025	11.7375	0.403854	0.481094	0.388669	0.0656544
20284	-0.239488	-0.252226	3.6929	1.76655	0.478363	0.60458	-3.34439	3.96842	1.83081	0.461346	13.4206	0.356225	0.469548	0.399332	0.0657797
20285	-0.213896	-0.187131	3.82577	1.87306	0.48959	0.667705	-3.3494	3.67483	1.79841	0.489385	12.8663	0.38861	0.489489	0.40521	0.066009
20286	-0.12916	-0.185378	3.92971	1.91778	0.488022	0.645591	-3.36762	3.57417	1.72191	0.481766	16.8711	0.300119	0.485042	0.410349	0.0663144
20287	-0.176095	-0.212892	3.82491	1.90592	0.49829	0.63377	-3.34828	4.11987	1.76342	0.428029	14.9885	0.327941	0.461855	0.401241	0.0664466
20288	-0.110051	-0.161646	3.8186	1.76475	0.462146	0.499189	-3.41971	3.82865	1.75091	0.457318	28.5984	0.185587	0.459729	0.430268	0.0664617
20289	-0.178874	-0.211374	3.69252	1.73006	0.46853	0.61462	-3.41548	3.49706	1.71328	0.489919	16.3052	0.314817	0.478934	0.42718	0.06697
20290	-0.176955	-0.231147	3.82842	1.80747	0.472118	0.575762	-3.47169	3.73371	1.59061	0.426015	18.5342	0.283291	0.449355	0.435973	0.0672463
20291	-0.153236	-0.237575	3.57406	1.75492	0.491016	0.353001	-3.56744	3.7734	1.80211	0.477582	43.2659	0.128138	0.484117	0.438105	0.0674557
20292	-0.20208	-0.275571	3.75864	1.7461	0.464558	0.510016	-3.48684	3.77659	1.83043	0.484678	20.3365	0.25354	0.474642	0.419005	0.0677533
20293	-0.226485	-0.276697	3.47501	1.61256	0.464044	0.541612	-3.46306	3.78943	1.83798	0.485029	17.2091	0.294986	0.474991	0.423954	0.0679314
20294	-0.279626	-0.275199	3.68926	1.71705	0.465419	0.547764	-3.41673	4.056	1.88841	0.465585	14.4166	0.342288	0.465506	0.406411	0.0683571
20295	-0.301614	-0.317292	3.42832	1.67646	0.489003	0.523111	-3.44439	4.06482	2.00671	0.493678	14.3769	0.340085	0.491539	0.399066	0.0687679
20296	-0.272452	-0.313109	3.52701	1.72385	0.488757	0.578315	-3.4964	3.81996	1.82737	0.478374	14.0001	0.361902	0.483358	0.416477	0.068814
20297	-0.357457	-0.346345	3.67148	1.73874	0.473582	0.560369	-3.52193	3.60707	1.75268	0.485901	11.9709	0.421202	0.479687	0.419428	0.0691808
20298	-0.31232	-0.357323	3.59954	1.66417	0.462328	0.412631	-3.5449	4.01329	1.85397	0.461959	19.3332	0.262777	0.462133	0.419407	0.069566
20299	-0.446228	-0.386304	3.8213	1.72186	0.450594	0.495639	-3.54123	3.6658	1.75658	0.479181	11.2201	0.443557	0.464591	0.417158	0.0699199
20300	-0.317158	-0.406576	3.63079	1.90453	0.524551	0.523487	-3.45709	3.54517	1.72858	0.487587	13.168	0.353342	0.506289	0.390487	0.0702094
20301	-0.386665	-0.391713	4.00316	1.97352	0.49299	0.604355	-3.49637	3.61366	1.8244	0.504862	9.81438	0.49106	0.498622	0.388306	0.0701957
20302	-0.355969	-0.394424	3.88499	1.96978	0.507023	0.43879	-3.49495	3.72516	1.77267	0.475864	15.2195	0.315821	0.491771	0.391172	0.0705083
20303	-0.376216	-0.410979	3.96728	1.96924	0.496369	0.522436	-3.43746	3.96572	1.79732	0.453214	11.3421	0.403788	0.474796	0.37821	0.0705237
20304	-0.267637	-0.33502	3.83887	1.83282	0.477438	0.498479	-3.40733	3.98572	1.77532	0.445419	16.082	0.293467	0.461128	0.395529	0.0705631
20305	-0.375925	-0.333373	3.69719	1.68897	0.456825	0.539136	-3.42871	3.84803	1.8441	0.479232	11.4424	0.418668	0.468252	0.404159	0.0706056
20306	-0.277796	-0.330894	3.80193	1.75547	0.461731	0.521718	-3.4564	3.97854	1.71328	0.430629	15.2823	0.319611	0.445827	0.413287	0.0709317
20307	-0.28344	-0.307282	3.98357	1.87864	0.471598	0.557305	-3.51156	3.66435	1.76841	0.482598	14.5255	0.353426	0.476868	0.413203	0.0709799
20308	-0.266503	-0.282607	3.98357	1.87068	0.4696	0.534434	-3.52146	3.62483	1.71633	0.473491	16.3526	0.32075	0.471454	0.422462	0.0710248
20309	-0.220857	-0.240026	3.92087	1.82019	0.464231	0.481266	-3.54084	3.61532	1.71868	0.475388	22.1012	0.246488	0.469583	0.435054	0.0713531
20310	-0.148347	-0.170367	3.80108	1.83575	0.482955	0.420513	-3.58716	3.88701	1.76338	0.453661	36.0768	0.161801	0.468144	0.447919	0.0712927
20311	-0.127425	-0.150921	3.89734	1.81515	0.465741	0.435627	-3.58289	3.73057	1.89565	0.508139	37.1527	0.158514	0.486476	0.442561	0.0710742
20312	-0.0871954	-0.126871	4.15797	2.06292	0.496137	0.430861	-3.55102	3.72664	1.69538	0.454935	43.6869	0.134191	0.476663	0.438302	0.0711479
20313	-0.090419	-0.12213	3.82849	1.96251	0.512607	0.430188	-3.58148	3.79617	1.74803	0.460473	44.1538	0.135516	0.48665	0.446502	0.0713166
20314	-0.124725	-0.174232	3.61987	1.84625	0.510031	0.462156	-3.56272	3.69816	1.72705	0.467001	33.3359	0.172214	0.488286	0.445588	0.0714986
20315	-0.244292	-0.210999	3.81048	1.84859	0.485133	0.527163	-3.5352	4.11436	1.94294	0.472233	18.5675	0.297571	0.478436	0.421625	0.0715375
20316	-0.042195	-0.132549	3.70881	1.72471	0.46503	0.596208	-3.37817	4.02168	1.98334	0.493161	25.8467	0.203779	0.479665	0.4154	0.071495
20317	-0.153796	-0.159363	3.96277	1.74154	0.439476	0.617859	-3.38251	3.60606	1.8931	0.524976	17.4466	0.297726	0.480211	0.416881	0.0717638
20318	-0.124248	-0.112973	3.73369	1.81384	0.485803	0.687645	-3.34548	3.78485	1.93265	0.510628	15.8519	0.329585	0.4983	0.410937	0.0718613
20319	-0.0490475	-0.118672	3.52633	1.82493	0.517514	0.602788	-3.35616	3.86458	1.82859	0.473167	24.6684	0.212445	0.494326	0.417782	0.0722351
20320	-0.191141	-0.152405	3.76479	1.776	0.471738	0.670152	-3.35533	3.87312	1.78338	0.460451	13.829	0.370913	0.466015	0.41891	0.0723983
20321	-0.194351	-0.141385	3.80885	1.88582	0.495116	0.654171	-3.37236	3.67131	1.72473	0.469786	14.4991	0.359995	0.482684	0.419681	0.0725244
20322	-0.10008	-0.0988241	4.2928	1.99417	0.464538	0.632976	-3.35713	4.10035	1.87909	0.458274	19.7566	0.268685	0.461478	0.406737	0.0724619
20323	-0.0120074	-0.0563156	3.8929	1.92621	0.494801	0.577861	-3.35272	3.76783	1.84442	0.489519	31.23	0.173972	0.492203	0.41888	0.072413
20324	0.000910982	-0.0728883	4.10188	1.99539	0.486458	0.585862	-3.3528	3.7729	1.81935	0.482216	31.4402	0.171084	0.484425	0.413617	0.0725786
20325	0.0134483	-0.0109736	3.98413	1.80737	0.453644	0.526005	-3.45864	3.5045	1.77919	0.507686	45.2444	0.131357	0.478934	0.453238	0.0726581
20326	-0.0628712	-0.0153576	3.78796	1.83027	0.483181	0.417826	-3.57732	3.91096	1.89284	0.483982	54.908	0.115535	0.483588	0.460152	0.0724969
20327	-0.0214873	-0.0373389	3.93287	1.76649	0.44916	0.569084	-3.47845	3.61752	1.86748	0.516232	33.9511	0.174387	0.481295	0.449045	0.0727704
20328	-0.100781	-0.0578054	3.87813	1.78777	0.460987	0.551025	-3.46602	3.70638	1.79603	0.484577	27.3412	0.212425	0.472515	0.447731	0.0728574
20329	0.00811721	-0.028846	3.90957	1.73969	0.444982	0.571574	-3.46305	3.71445	1.74967	0.471045	37.1476	0.158742	0.45768	0.458113	0.0729251
20330	-0.00412948	-0.0118075	3.82122	1.85902	0.486498	0.558219	-3.46989	3.91404	1.80553	0.461296	37.8147	0.158118	0.473746	0.449407	0.0732558
20331	-0.0434737	-0.100691	3.47859	1.821	0.523489	0.516002	-3.48978	3.93792	1.94823	0.494737	36.6947	0.156507	0.508222	0.432528	0.0733577
20332	-0.140502	-0.158766	3.84624	1.91239	0.49721	0.56593	-3.45507	3.59857	1.77255	0.492569	21.7728	0.249523	0.494967	0.424472	0.0731499
20333	-0.112257	-0.102551	3.86782	2.04306	0.52822	0.47535	-3.47824	3.95375	1.96264	0.4964	33.0029	0.172641	0.512135	0.415733	0.0733332
20334	-0.133105	-0.162303	4.08775	2.06247	0.504548	0.463905	-3.50187	3.87346	1.8892	0.48773	31.2909	0.17821	0.496366	0.413807	0.0736385
20335	-0.10178	-0.143933	3.95743	1.97073	0.497983	0.448718	-3.49696	4.02229	1.97305	0.490528	37.099	0.151524	0.494225	0.416245	0.0738517
20336	-0.187054	-0.124687	4.21652	1.98566	0.470924	0.556288	-3.47187	3.77964	2.06396	0.546072	20.276	0.276278	0.506445	0.408982	0.074024
20337	-0.109503	-0.0842094	3.84681	1.89397	0.492348	0.540654	-3.4925	3.98501	2.01474	0.505581	27.4813	0.211352	0.499081	0.426394	0.0741377
20338	-0.144271	-0.0946806	3.83136	1.90257	0.496577	0.496619	-3.47456	3.69528	1.75972	0.476207	27.8121	0.20537	0.486576	0.438266	0.074845
20339	-0.0183305	-0.0561843	3.68776	1.85441	0.502856	0.600351	-3.45311	4.11599	1.76972	0.429962	30.1466	0.191383	0.464409	0.443328	0.0752281
20340	-0.125817	-0.123391	3.91286	1.95365	0.49929	0.548179	-3.48048	3.58175	1.73178	0.483502	24.809	0.227135	0.491745	0.433389	0.0755966
20341	-0.163167	-0.134927	3.79257	1.86978	0.493011	0.431603	-3.46404	3.81962	1.80759	0.473238	31.3299	0.176876	0.483089	0.429822	0.0758046
20342	-0.272582	-0.205825	3.84075	1.84053	0.47921	0.606204	-3.39193	3.84648	1.82454	0.474339	13.1448	0.386132	0.476773	0.409256	0.0762632
20343	-0.17624	-0.16934	3.89694	1.71518	0.440136	0.490603	-3.44912	3.80114	1.96525	0.517015	24.1903	0.22234	0.478097	0.422316	0.0767502
20344	-0.154413	-0.180669	3.89606	1.91238	0.49085	0.643935	-3.39376	3.64827	1.86369	0.510841	16.198	0.31868	0.500517	0.406125	0.0771956
20345	-0.21714	-0.181568	3.88471	1.90295	0.489857	0.54323	-3.42617	3.55955	1.79872	0.505321	18.2084	0.289082	0.497252	0.415666	0.0773717
20346	-0.145587	-0.172144	4.05466	1.94972	0.480859	0.613974	-3.37185	3.95116	1.83716	0.464967	17.7458	0.288466	0.473016	0.403424	0.0778089
20347	-0.127607	-0.19589	4.08325	2.07048	0.507067	0.738298	-3.32513	3.86311	1.82994	0.473695	13.0598	0.374896	0.490843	0.38573	0.0778844
20348	-0.246868	-0.269345	4.0261	2.01408	0.500256	0.656647	-3.32216	3.83004	1.73088	0.451923	11.4165	0.408169	0.476693	0.383652	0.078156
20349	-0.320368	-0.263084	3.87314	1.87864	0.485043	0.718835	-3.35803	3.72363	1.69315	0.454704	8.86961	0.539972	0.470172	0.401475	0.0785056
20350	-0.282577	-0.24893	4.00782	1.81558	0.453011	0.626081	-3.36682	3.61664	1.71168	0.473278	11.7739	0.41283	0.462624	0.408058	0.0785814
20351	-0.218853	-0.218816	3.50824	1.72868	0.492748	0.653936	-3.27922	3.70355	1.7901	0.483346	12.2953	0.38088	0.48792	0.399677	0.0784032
20352	-0.186791	-0.240148	3.46901	1.76849	0.509795	0.652586	-3.33148	3.8619	1.85825	0.481175	13.5637	0.352277	0.494718	0.397254	0.0789116
20353	-0.137008	-0.209281	3.52612	1.84071	0.522022	0.64549	-3.3394	3.86468	1.87629	0.485495	16.0013	0.306152	0.502922	0.397339	0.0791259
20354	-0.206075	-0.151801	4.07789	1.85026	0.45373	0.636342	-3.39038	3.84317	1.8291	0.475934	14.7793	0.354833	0.464503	0.416231	0.0791974
20355	-0.169067	-0.161269	3.56563	1.76024	0.493669	0.592659	-3.40421	4.06467	1.88421	0.463558	18.1252	0.290113	0.477629	0.419205	0.0793457
20356	-0.197529	-0.203151	3.86496	1.70859	0.442072	0.664644	-3.37315	3.73954	1.72632	0.46164	13.5185	0.371672	0.451695	0.422548	0.0797168
20357	-0.159755	-0.187355	3.8522	1.76256	0.457548	0.705135	-3.32787	3.98789	1.85897	0.466153	13.185	0.374017	0.461925	0.405183	0.0797892
20358	-0.268177	-0.232795	3.39246	1.74149	0.513341	0.653302	-3.37928	3.86052	1.85393	0.480229	11.6595	0.424562	0.495716	0.407844	0.0797441
20359	-0.191511	-0.220325	3.70489	1.61388	0.435608	0.557432	-3.42725	3.53612	1.82573	0.516308	18.335	0.280458	0.475018	0.427876	0.0799714
20360	-0.229374	-0.170388	3.60126	1.65186	0.458688	0.547637	-3.41256	3.78093	1.8073	0.478006	17.4108	0.301873	0.468582	0.431844	0.0801367
20361	-0.0978641	-0.115037	3.78544	1.84965	0.488622	0.5273	-3.44526	4.08201	1.7698	0.433562	28.3765	0.195415	0.460055	0.43388	0.0805166
20362	-0.117578	-0.125986	3.65102	1.86047	0.509574	0.590648	-3.42862	3.73722	1.85929	0.497507	21.7459	0.250792	0.50347	0.423112	0.0810564
20363	-0.0236456	-0.101991	4.04287	1.91437	0.473516	0.531123	-3.44748	3.91864	1.85463	0.473285	36.366	0.153884	0.473402	0.426199	0.0815776
20364	-0.120989	-0.14388	3.93236	1.86069	0.473174	0.629712	-3.40017	3.70608	1.75269	0.472922	18.8153	0.281776	0.473051	0.423295	0.0815593
20365	-0.234562	-0.271804	3.92815	1.80484	0.459464	0.588795	-3.39887	3.72375	1.74561	0.468779	14.4244	0.338959	0.463997	0.407894	0.0816188
20366	-0.194633	-0.242906	3.92564	1.82109	0.463895	0.546723	-3.41191	3.88487	1.83049	0.471183	18.2722	0.274804	0.46752	0.407546	0.0820809
20367	-0.180553	-0.209187	3.83766	1.90676	0.496854	0.599478	-3.39838	3.7178	1.73175	0.4658	16.7162	0.304224	0.481573	0.411484	0.0826222
20368	-0.194487	-0.175474	4.15764	1.86203	0.447859	0.594164	-3.36048	3.47238	1.7398	0.501041	16.3099	0.310985	0.472062	0.413303	0.082669
20369	-0.242983	-0.145274	4.01917	1.9657	0.48908	0.632209	-3.4036	3.90648	2.0016	0.51238	13.8606	0.382981	0.500564	0.400963	0.08292
20370	-0.245181	-0.175624	3.8272	1.83019	0.478205	0.674339	-3.37177	3.95381	1.97544	0.49963	12.0817	0.422758	0.489092	0.4017	0.0830391
20371	-0.124601	-0.144347	3.79841	1.65472	0.435634	0.726283	-3.33917	3.71628	1.8933	0.50946	14.0979	0.362001	0.472143	0.418455	0.0829668
20372	-0.10067	-0.160279	3.63407	1.75266	0.482287	0.643113	-3.34047	3.88126	1.64655	0.424232	18.2816	0.276606	0.452305	0.426668	0.0833181
20373	-0.22018	-0.198607	3.7141	1.87737	0.50547	0.750464	-3.28055	3.49629	1.61187	0.461022	10.0816	0.471076	0.483917	0.405077	0.0832729
20374	-0.229928	-0.20804	3.67236	1.70674	0.464754	0.690231	-3.26301	4.0385	1.8062	0.447245	11.0227	0.423347	0.455584	0.399222	0.0832813
20375	-0.239006	-0.225064	4.13243	1.83498	0.444045	0.690612	-3.32083	4.12275	1.98046	0.480374	11.0899	0.432095	0.462188	0.385852	0.0834615
20376	-0.223259	-0.244995	3.68018	1.68577	0.458068	0.670226	-3.32991	3.77104	1.74441	0.46258	11.921	0.399158	0.460352	0.409663	0.0836595
20377	-0.147043	-0.130006	3.81312	1.72177	0.451538	0.598722	-3.27185	3.78448	1.7871	0.472219	17.7486	0.278083	0.46184	0.413025	0.0836973
20378	-0.146707	-0.115373	3.86502	1.75411	0.453843	0.764512	-3.29028	3.47293	1.6638	0.479078	12.1399	0.41516	0.465787	0.424514	0.0843224
20379	-0.0684069	-0.0753325	3.69587	1.69582	0.458841	0.705331	-3.31195	3.82358	1.76127	0.460634	17.4983	0.299335	0.459753	0.431149	0.0848811
20380	-0.140226	-0.0997674	3.84237	1.77743	0.462588	0.698868	-3.29934	3.54203	1.77549	0.501263	14.54	0.352039	0.481139	0.418842	0.0849396
20381	0.0146799	0.0049791	3.81727	1.94331	0.509083	0.704582	-3.30345	3.70204	1.67152	0.451514	22.9969	0.237983	0.48074	0.430971	0.085438
20382	0.126643	0.120546	3.90718	1.89858	0.48592	0.575508	-3.37459	3.70876	1.71755	0.463108	60.6312	0.10074	0.474811	0.457986	0.0852296
20383	0.145687	0.17861	4.19204	1.93085	0.460599	0.573649	-3.37857	3.38894	1.64266	0.484712	69.0877	0.0915759	0.471378	0.469686	0.0853663
20384	0.112981	0.181271	3.57525	1.82298	0.509888	0.593386	-3.38862	3.72632	1.72178	0.462058	55.2198	0.115394	0.485478	0.473476	0.0858675
20385	0.281143	0.269438	3.50803	1.6896	0.481638	0.634054	-3.34851	3.46191	1.6057	0.46382	105.098	0.0622729	0.472788	0.498381	0.0861042
20386	0.276061	0.217971	3.69799	1.76203	0.476483	0.461931	-3.42341	3.75126	1.69075	0.450715	383.806	0.0172739	0.463507	0.489939	0.0861081
20387	0.161749	0.227072	3.84275	1.80132	0.468756	0.669983	-3.30854	3.75754	1.69069	0.449946	48.3951	0.129151	0.459457	0.472403	0.0858704
20388	0.31112	0.203109	3.97318	1.95367	0.491714	0.773171	-3.24478	3.53834	1.64646	0.465319	55.6836	0.106746	0.479281	0.452336	0.0863803
20389	0.0892421	0.159775	4.18813	1.92632	0.459948	0.585814	-3.39473	3.6864	1.62853	0.441768	51.2382	0.123292	0.451437	0.470615	0.0866603
20390	0.157018	0.177408	3.82603	2.01435	0.526485	0.631963	-3.38072	3.69758	1.80625	0.488496	56.125	0.112787	0.507815	0.453205	0.0872282
20391	0.073705	0.137071	3.73326	1.76635	0.47314	0.657355	-3.30884	3.9291	1.75386	0.446375	34.8581	0.170324	0.459416	0.457618	0.0871893
20392	0.177283	0.125149	4.08079	1.89685	0.464823	0.678984	-3.28342	3.8232	1.7664	0.46202	46.1587	0.125852	0.463467	0.442367	0.0872958
20393	0.168464	0.111627	4.19049	1.9116	0.456175	0.739443	-3.24389	3.77616	1.85116	0.490221	34.5365	0.163009	0.472313	0.428069	0.0875653
20394	0.0906724	0.1081	4.05464	1.8566	0.457895	0.777932	-3.21732	3.84968	1.76045	0.457298	23.4127	0.236163	0.457604	0.433334	0.0880444
20395	0.116037	0.0825115	3.79442	1.80984	0.476975	0.756245	-3.21467	3.7369	1.70518	0.456309	26.5243	0.204933	0.466721	0.436175	0.0887018
20396	0.112192	0.0496848	3.40293	1.70223	0.500226	0.812026	-3.2563	3.58979	1.71535	0.477842	22.3157	0.244884	0.488735	0.444415	0.0891102
20397	0.026168	0.0465201	3.66433	1.74517	0.476258	0.676238	-3.28079	3.64022	1.69478	0.465571	26.198	0.211295	0.470932	0.445982	0.089174
20398	0.151115	0.0489114	3.50583	1.75613	0.500918	0.782779	-3.2395	3.84261	1.77244	0.461261	27.1019	0.1995	0.48018	0.433919	0.0893026
20399	0.056531	0.0863925	3.77343	1.74831	0.46332	0.753013	-3.24752	3.97838	1.72443	0.433451	22.9133	0.242544	0.447991	0.444617	0.0898652
20400	0.0799378	0.0945285	3.62271	1.85632	0.512411	0.71359	-3.28903	3.60037	1.56487	0.43464	28.5132	0.200758	0.473645	0.455637	0.0902148
20401	0.182002	0.166343	3.81056	1.93488	0.507768	0.799515	-3.23233	3.78526	1.71583	0.453294	30.2919	0.190661	0.480622	0.441779	0.0903631
20402	0.338937	0.232783	3.95537	1.9513	0.493328	0.705235	-3.29732	3.43707	1.72004	0.500437	92.8764	0.0670871	0.496634	0.459167	0.0900152
20403	0.143179	0.202902	3.64707	1.77383	0.486371	0.76755	-3.28246	3.54018	1.71645	0.484848	31.1609	0.194919	0.485621	0.465397	0.0904107
20404	0.222398	0.209123	3.44707	1.69355	0.491303	0.681132	-3.32486	3.91019	1.71259	0.43798	59.3479	0.105219	0.462963	0.478382	0.0902722
20405	0.158155	0.170288	3.58464	1.55358	0.4334	0.626576	-3.33758	3.66311	1.69011	0.461388	56.0809	0.109709	0.447545	0.486881	0.0905604
20406	0.045771	0.105662	3.86083	1.69228	0.438321	0.692404	-3.38496	3.72895	1.6799	0.450502	29.1399	0.209067	0.444306	0.474723	0.0907966
20407	0.0458802	0.0725435	3.76629	1.75023	0.46471	0.619358	-3.33003	3.447	1.55102	0.449963	35.2032	0.164438	0.457663	0.467289	0.0910334
20408	0.0726022	0.0777092	3.84508	1.71228	0.445316	0.748062	-3.25898	3.65628	1.58806	0.434338	24.4024	0.228123	0.439965	0.457637	0.0911197
20409	-0.0127992	0.0723651	3.98666	1.83773	0.460969	0.667085	-3.26336	3.42827	1.58984	0.463742	24.0719	0.231121	0.462251	0.448121	0.0918292
20410	0.121338	0.129379	3.81095	1.7843	0.468204	0.795242	-3.23401	3.36589	1.58434	0.470704	24.9092	0.227073	0.469377	0.45651	0.0920108
20411	0.160687	0.0848957	3.45561	1.64114	0.474921	0.814525	-3.22989	3.60248	1.62904	0.452201	25.7022	0.213752	0.463325	0.456645	0.0920278
20412	0.0507645	0.076339	3.83181	1.83954	0.480072	0.648284	-3.28349	3.55018	1.67234	0.471057	31.6177	0.178515	0.475736	0.445674	0.0921639
20413	0.0627435	0.0236461	3.52715	1.70953	0.484677	0.63605	-3.28065	3.59729	1.74898	0.486194	33.2188	0.16434	0.485443	0.441226	0.0922816
20414	0.00856651	0.0199497	3.79404	1.82001	0.479703	0.743294	-3.23701	3.77066	1.6802	0.445599	19.6505	0.269912	0.462704	0.431183	0.0922574
20415	0.0357243	0.0183305	3.61158	1.72375	0.477283	0.828205	-3.25047	3.48562	1.83699	0.527021	17.0137	0.314013	0.501711	0.428759	0.092044
20416	0.00657541	0.0243458	3.71469	1.73203	0.466265	0.787198	-3.19943	3.94706	1.85997	0.47123	17.0548	0.304686	0.468823	0.419847	0.0920843
20417	-0.0793997	-0.0350927	3.71618	1.59639	0.429577	0.896134	-3.11493	3.7786	1.85101	0.489867	9.96718	0.475833	0.459974	0.407658	0.0921524
20418	-0.0848453	-0.0247157	3.50298	1.61814	0.461932	0.908483	-3.0942	3.83643	1.84904	0.481968	9.54871	0.49335	0.472405	0.404653	0.0922327
20419	0.0208971	0.030649	3.57549	1.71447	0.479508	0.894923	-3.1062	3.90595	1.87253	0.479403	12.8806	0.381961	0.479453	0.406929	0.0920654
20420	0.0096858	0.0202775	3.72411	1.72868	0.464187	0.937757	-3.08838	3.9223	1.73377	0.442029	11.2197	0.430658	0.452821	0.411107	0.0922454
20421	0.00926467	-0.0448458	3.65523	1.72553	0.472071	0.889979	-3.03693	3.86668	1.64714	0.425984	11.5419	0.387829	0.44838	0.399018	0.0921823
20422	-0.0750843	-0.0394841	3.89783	1.62429	0.416718	0.995987	-3.00458	3.63326	1.68423	0.463558	7.66377	0.573596	0.439315	0.399278	0.0926626
20423	-0.19843	-0.129112	3.8374	1.76722	0.460526	0.923098	-2.99447	4.37545	1.95223	0.446179	6.52736	0.628912	0.452882	0.355721	0.0925691
20424	-0.130143	-0.114878	3.79208	1.74896	0.461214	1.04517	-2.95575	3.89218	1.91227	0.491311	5.84252	0.690675	0.476459	0.355403	0.0927497
20425	-0.216621	-0.19254	3.80852	1.76054	0.462263	0.981059	-2.97043	3.89774	1.74935	0.448811	5.37959	0.717219	0.455459	0.354803	0.09287
20426	-0.249609	-0.189926	3.91788	1.66166	0.424122	0.968428	-3.03947	3.7657	1.72535	0.458175	5.47307	0.741807	0.440811	0.37486	0.0932149
20427	-0.262246	-0.227523	3.76192	1.77051	0.470639	0.892842	-3.08528	3.83153	1.70866	0.445946	6.12097	0.667114	0.458179	0.369931	0.0933215
20428	-0.226663	-0.217804	3.99179	1.8297	0.458367	0.871159	-3.07659	3.73323	1.83569	0.491717	6.78108	0.602607	0.474484	0.358027	0.0933736
20429	-0.166414	-0.207027	3.89089	1.92282	0.494185	0.932942	-3.08724	3.97324	1.95907	0.493066	6.8639	0.604292	0.49362	0.348329	0.0932908
20430	-0.179408	-0.166053	3.94987	1.80326	0.456536	0.989422	-3.04755	3.84932	1.76475	0.458458	6.07764	0.683081	0.457485	0.367913	0.0935597
20431	-0.104895	-0.0800252	3.79732	1.6399	0.431856	1.0998	-2.93754	3.77262	1.81928	0.482234	5.6263	0.725645	0.456963	0.371236	0.0937925
20432	-0.0784635	-0.0548912	3.94605	1.80628	0.457743	1.0728	-2.88667	3.94518	1.77187	0.449123	6.05016	0.662708	0.453434	0.359202	0.094159
20433	-0.123392	-0.135036	3.58378	1.80721	0.504276	1.0109	-2.93139	3.60524	1.75855	0.487777	6.07761	0.64331	0.496002	0.35422	0.0943884
20434	-0.26028	-0.196991	3.76231	1.66636	0.442908	1.12158	-2.92484	3.95188	1.75079	0.443028	3.89681	0.954775	0.44297	0.352613	0.0945502
20435	-0.292203	-0.174498	4.10917	1.89047	0.46006	1.13182	-2.87467	3.84228	1.87571	0.488175	3.59542	1.01392	0.473646	0.326243	0.094697
20436	-0.276665	-0.227181	3.85123	1.85843	0.482554	1.1402	-2.8924	3.6827	1.78704	0.485252	3.53843	1.00375	0.483873	0.327678	0.0948451
20437	-0.130267	-0.160009	3.65714	1.80261	0.492903	1.09091	-2.94304	3.59997	1.62617	0.451717	5.19371	0.745639	0.472472	0.361025	0.0950295
20438	-0.135052	-0.129386	4.07328	1.88816	0.463547	1.04569	-2.98224	3.92223	1.84572	0.47058	5.83777	0.697081	0.466997	0.352835	0.0952646
20439	-0.15362	-0.174642	3.61159	1.85925	0.514801	0.96624	-2.97928	3.77848	1.70195	0.450432	6.27228	0.627044	0.48189	0.355868	0.095495
20440	-0.231659	-0.198869	3.93132	1.86121	0.473431	0.97764	-2.99402	3.9623	1.77755	0.448614	5.34249	0.731202	0.460974	0.349403	0.0955339
20441	-0.0633368	-0.170361	3.68854	1.77722	0.481822	0.999032	-3.01589	3.64451	1.74329	0.478334	7.17423	0.564314	0.480089	0.365191	0.0955927
20442	-0.220503	-0.147924	3.8829	1.91724	0.493764	0.987838	-3.07216	3.55657	1.66029	0.466823	5.85661	0.730044	0.480885	0.374163	0.0962346
20443	-0.186655	-0.138487	3.94877	1.84732	0.467821	0.879676	-3.1245	3.85501	1.52266	0.394982	7.84151	0.568531	0.431839	0.398236	0.0962804
20444	-0.188117	-0.136037	3.7903	1.81611	0.479147	0.925565	-3.07247	3.73352	1.57617	0.422168	6.95211	0.620144	0.450872	0.38867	0.0966664
20445	-0.0964347	-0.108216	3.6252	1.8218	0.502537	1.00629	-2.98871	3.69105	1.69824	0.460097	6.82335	0.608002	0.481126	0.370903	0.0966903
20446	-0.0446967	-0.02334	4.03986	1.86677	0.462089	1.00825	-3.01965	3.72977	1.60444	0.430172	8.09766	0.55435	0.446767	0.392805	0.0970717
20447	0.030381	0.028165	4.02025	1.93325	0.480879	0.995692	-3.0275	3.60503	1.66772	0.46261	10.0203	0.465912	0.472242	0.39341	0.0973923
20448	-0.0795263	-0.0723963	3.94939	1.89579	0.480022	1.09046	-2.96653	3.75988	1.68678	0.448626	6.11896	0.68443	0.46471	0.369001	0.0975725
20449	-0.223347	-0.203642	4.14781	2.13119	0.513811	1.06582	-2.91084	3.83209	1.76598	0.460841	4.4098	0.83098	0.488374	0.319903	0.0979392
20450	-0.303436	-0.229217	3.79423	1.80186	0.474895	1.13311	-2.87799	3.83695	1.85976	0.484697	3.39979	1.03183	0.479824	0.323988	0.0980237
20451	-0.339393	-0.290194	3.93531	2.00905	0.510519	1.10928	-2.87564	3.76419	1.69361	0.449926	3.18512	1.04933	0.480896	0.311085	0.0986017
20452	-0.328279	-0.337902	3.95244	1.95553	0.494764	1.15416	-2.88391	3.67844	1.6004	0.435075	2.9496	1.09882	0.465991	0.313167	0.0990602
20453	-0.424446	-0.40128	4.36103	2.13156	0.488775	1.10855	-2.88823	3.67273	1.69453	0.461382	2.63179	1.17504	0.476252	0.287917	0.099378
20454	-0.369379	-0.387011	3.90377	1.99955	0.512209	0.948417	-2.9819	3.99186	1.79585	0.449878	3.87742	0.868292	0.480696	0.30736	0.0998841
20455	-0.438622	-0.41911	3.91722	1.90398	0.486053	1.06544	-2.98176	4.00571	1.86455	0.465472	2.90298	1.13111	0.475648	0.303561	0.10047
20456	-0.407416	-0.413348	3.88557	1.79754	0.46262	0.977646	-2.94078	3.58816	1.79319	0.499752	3.32981	0.959198	0.480447	0.307944	0.100636
20457	-0.438324	-0.416106	3.69624	1.78445	0.482775	1.09774	-2.96291	3.83678	1.80367	0.4701	2.74897	1.17975	0.476319	0.311364	0.100785
20458	-0.336072	-0.384437	3.99893	1.9441	0.486156	0.990814	-2.92694	4.01447	1.90832	0.47536	3.67161	0.880313	0.480748	0.295629	0.101247
20459	-0.389307	-0.401279	3.75382	1.98819	0.529643	1.03788	-2.92665	3.80336	1.89979	0.499504	3.13105	1.01843	0.514475	0.290922	0.101212
20460	-0.337202	-0.365608	3.88885	1.87458	0.482041	1.09105	-2.93117	4.11319	1.93129	0.469535	3.22667	1.01996	0.475613	0.30196	0.100987
20461	-0.237546	-0.294927	3.81	1.97081	0.517272	1.0161	-2.95139	3.81528	1.89455	0.496569	4.49014	0.785809	0.506914	0.313489	0.101128
20462	-0.204071	-0.242596	3.7852	1.99797	0.527837	1.02985	-3.00493	4.04892	1.86968	0.461772	5.01161	0.761281	0.493693	0.330419	0.101248
20463	-0.242168	-0.204792	4.16198	1.96736	0.472697	1.09635	-2.97636	3.94077	1.82513	0.463141	4.28751	0.895813	0.468049	0.336264	0.10158
20464	-0.273426	-0.235869	3.83041	1.95335	0.509957	1.20711	-2.92956	3.64354	1.82762	0.501607	3.31023	1.09599	0.505886	0.324329	0.101185
20465	-0.176336	-0.21203	4.02202	2.03679	0.506411	1.07593	-2.96407	3.96532	1.86996	0.471578	4.82966	0.784083	0.489118	0.326553	0.10133
20466	-0.312796	-0.231952	4.27248	2.04564	0.478795	1.04237	-2.94305	3.93055	1.83544	0.466967	4.00224	0.918241	0.473127	0.321431	0.10165
20467	-0.241304	-0.218319	3.85819	1.90661	0.494172	1.1606	-2.9442	3.49788	1.83486	0.524565	3.78076	0.982665	0.508624	0.331881	0.101905
20468	-0.145263	-0.162998	3.88622	1.76	0.452882	1.1344	-2.90226	3.84302	1.83071	0.476373	4.58222	0.818768	0.464562	0.343267	0.102137
20469	-0.160611	-0.20004	3.85386	1.82491	0.473529	1.0898	-2.89623	3.87086	1.77326	0.458106	4.64941	0.781762	0.465801	0.335695	0.102181
20470	-0.229977	-0.162925	3.45375	1.64206	0.475442	1.10812	-2.87968	3.69256	1.83912	0.49806	4.12214	0.895257	0.487129	0.346539	0.102173
20471	-0.165264	-0.191277	3.80921	1.88225	0.494132	1.13092	-2.81343	3.958	1.83826	0.464441	4.09243	0.840049	0.479002	0.31612	0.102319
20472	-0.276095	-0.224228	4.33957	1.96273	0.452287	1.17051	-2.83137	3.98105	1.933	0.48555	3.24811	1.04633	0.468202	0.303821	0.102731
20473	-0.157629	-0.190208	3.87207	1.88703	0.487343	1.244	-2.78996	4.14338	1.91253	0.461587	3.44029	0.982283	0.474029	0.307922	0.102872
20474	-0.276799	-0.194654	3.7527	1.73418	0.462115	1.14839	-2.83286	3.76767	1.95476	0.518825	3.42669	1.01558	0.490526	0.320618	0.103235
20475	-0.298175	-0.256015	4.05552	1.80537	0.445164	1.10315	-2.89518	3.57393	1.8533	0.518559	3.54696	0.981858	0.479545	0.322575	0.103577
20476	-0.22949	-0.22843	3.98705	1.78157	0.446839	1.13032	-2.91746	3.6509	1.85957	0.509345	3.91051	0.924544	0.476717	0.331872	0.103731
20477	-0.270931	-0.232672	3.67133	1.79976	0.490219	1.05574	-2.92859	3.7187	1.90228	0.511544	4.12939	0.880032	0.50095	0.329334	0.103514
20478	-0.227314	-0.219145	3.80895	1.84991	0.485676	1.09243	-2.92475	3.93084	1.89718	0.48264	4.2029	0.870862	0.484134	0.328247	0.103302
20479	-0.144364	-0.162193	3.7765	1.82211	0.482486	1.18987	-2.88894	3.78275	1.7425	0.460645	4.17663	0.890091	0.471556	0.342848	0.103374
20480	-0.0752828	-0.104349	3.63949	1.7898	0.491772	1.23203	-2.81782	4.00684	1.89815	0.473728	4.30815	0.854534	0.482317	0.333053	0.103751
20481	-0.0194913	-0.0869078	3.82211	1.89245	0.495133	1.15742	-2.86007	3.86573	1.76961	0.457769	5.55216	0.692561	0.476345	0.344378	0.104047
20482	-0.279677	-0.143472	3.61857	1.90097	0.525337	1.13347	-2.8723	3.81143	1.74056	0.456667	3.72889	0.998486	0.490111	0.338395	0.104665
20483	-0.239147	-0.185151	3.86919	1.82692	0.472173	1.1988	-2.84015	3.5607	1.7592	0.494061	3.40912	1.03385	0.482662	0.329604	0.104848
20484	-0.300335	-0.219912	3.87427	1.79587	0.463538	1.13737	-2.859	3.55633	1.70698	0.479985	3.3695	1.0335	0.47141	0.332143	0.105151
20485	-0.153229	-0.24122	4.15467	1.83365	0.441345	1.18658	-2.8648	3.7155	1.80659	0.486231	3.83447	0.89754	0.462536	0.321091	0.105403
20486	-0.340767	-0.245729	3.92902	1.85793	0.472874	1.07469	-2.9414	4.06443	1.85186	0.455627	3.62693	1.00176	0.464104	0.328831	0.105575
20487	-0.263147	-0.207737	4.08545	1.81714	0.444784	0.897786	-2.97755	3.6592	1.85839	0.507869	5.69227	0.673882	0.47459	0.343004	0.106106
20488	-0.154338	-0.145761	3.71648	1.81857	0.489326	1.07701	-2.96696	3.6022	1.75943	0.488432	5.24935	0.75811	0.488886	0.35749	0.106713
20489	-0.306093	-0.224817	3.91433	1.86998	0.477727	0.898739	-3.06268	3.70558	1.79794	0.485198	5.54791	0.72581	0.48136	0.3545	0.106673
20490	-0.283771	-0.226466	4.02071	1.7965	0.446811	0.965526	-3.07956	4.10667	1.73525	0.422546	5.21554	0.780372	0.43455	0.365683	0.106882
20491	-0.29376	-0.238841	3.89292	1.89455	0.486666	1.05336	-3.03586	3.51745	1.69759	0.482619	4.311	0.907368	0.484745	0.352645	0.106554
20492	-0.144305	-0.189629	3.95067	1.77428	0.449108	0.989691	-2.99319	3.72749	1.82105	0.488545	6.1122	0.642974	0.468254	0.35351	0.107157
20493	-0.124793	-0.19043	3.91189	1.74048	0.444921	0.980793	-3.02352	3.93299	1.92572	0.489633	6.56654	0.61116	0.467337	0.353837	0.107593
20494	-0.195877	-0.163816	3.8418	1.78432	0.464449	1.0409	-2.93223	4.02345	1.95453	0.485785	5.01051	0.764805	0.475363	0.33894	0.107754
20495	-0.133778	-0.1649	3.90307	1.81391	0.464738	1.12945	-2.92427	3.8056	1.80648	0.474689	4.77149	0.797877	0.469651	0.344711	0.107582
20496	-0.169657	-0.148406	3.68319	1.84121	0.499895	1.06989	-2.963	3.94355	1.81791	0.460983	5.15594	0.768237	0.479775	0.351289	0.108302
20497	-0.149872	-0.0983848	4.086	1.9165	0.469041	0.994025	-3.07308	3.78422	1.87533	0.495566	6.76255	0.65425	0.481795	0.368569	0.108496
20498	-0.0869726	-0.0338838	3.57947	1.84026	0.514116	0.92809	-3.0441	3.60293	1.67087	0.463754	8.79444	0.515177	0.488852	0.392287	0.108857
20499	0.0160619	-0.0798085	3.88527	1.83139	0.471369	0.957213	-2.99971	3.7212	1.77432	0.476814	9.62535	0.442883	0.474032	0.371633	0.109144
20500	-0.060669	-0.0794774	3.8554	1.79884	0.466577	1.04113	-2.95663	3.90173	1.8161	0.46546	6.81895	0.606985	0.466015	0.36418	0.108992
