cycle	Zbar1	Gbar1	VP1	VG1	h21	Zbar2	Gbar2	VP2	VG2	h22	h2b	h2b_denom	h2w	Qst	Fst
20000	0.399144	0.369762	3.78054	1.75908	0.4653	4.33049	0.368376	4.087	1.87847	0.459619	1.24309e-07	7.72773	0.462349	1.3211e-07	0.000448263
20001	0.382047	0.374446	3.98845	1.8122	0.454363	4.31288	0.333024	3.54428	1.79603	0.50674	0.000111043	7.72573	0.479007	0.000118925	0.000693834
20002	0.379818	0.378389	3.73054	1.7742	0.475587	4.28693	0.256276	3.77163	1.85481	0.491779	0.000976825	7.63275	0.483727	0.00102672	0.000928487
20003	0.366633	0.359983	3.74019	1.82509	0.487966	4.2469	0.223085	4.18495	2.00804	0.479826	0.00124472	7.52823	0.483667	0.00122143	0.00113041
20004	0.336907	0.357748	3.54402	1.7513	0.494157	4.10535	0.154794	4.02101	1.90729	0.474331	0.00290048	7.1006	0.483619	0.00280813	0.00141239
20005	0.368013	0.390194	3.9277	1.77651	0.452303	4.07511	0.143625	3.58471	1.8265	0.509525	0.00442394	6.87129	0.479608	0.00420281	0.00171081
20006	0.447209	0.415785	4.01638	1.83206	0.456148	4.11243	0.144227	3.92094	1.78363	0.454898	0.0054894	6.71693	0.455531	0.00507554	0.00201342
20007	0.371937	0.40655	3.85561	1.75342	0.454772	4.01866	0.0227509	3.65737	1.79047	0.489551	0.0110765	6.6493	0.471702	0.0102895	0.00224589
20008	0.346641	0.412356	3.52387	1.80221	0.511429	3.92346	-0.0185751	3.79423	1.75039	0.46133	0.0145151	6.39683	0.485454	0.0129058	0.00249419
20009	0.505483	0.418829	3.97645	1.95927	0.492719	3.87008	-0.04801	4.01527	1.80209	0.448808	0.0192517	5.66025	0.470657	0.0142856	0.00279212
20010	0.413859	0.471804	3.54885	1.89639	0.534368	3.82361	-0.114658	3.88523	1.86877	0.480993	0.0295825	5.8132	0.506473	0.0223379	0.0030267
20011	0.397352	0.429633	3.77163	1.75257	0.464673	3.79571	-0.222556	3.64465	1.85067	0.507778	0.0368307	5.77441	0.485856	0.0286797	0.0032298
20012	0.404142	0.402784	3.96029	1.80262	0.455174	3.56907	-0.268992	3.83791	1.91159	0.498082	0.0450529	5.00837	0.476291	0.0294943	0.0034293
20013	0.424105	0.408756	4.06727	1.95422	0.480474	3.6834	-0.26287	3.69676	1.75175	0.47386	0.0424626	5.31151	0.477325	0.0295451	0.00362626
20014	0.376878	0.416651	4.13205	1.93225	0.467626	3.83363	-0.223931	3.81075	1.84788	0.484911	0.034341	5.97457	0.475919	0.0264342	0.00397342
20015	0.486843	0.433916	3.86044	1.86938	0.48424	3.74947	-0.301606	3.87112	1.81859	0.469783	0.0508225	5.32238	0.477002	0.0353926	0.00420212
20016	0.478701	0.421719	3.97475	1.84246	0.463541	3.57627	-0.361581	3.76347	1.63662	0.43487	0.0639461	4.79746	0.449597	0.0422475	0.00456449
20017	0.327562	0.402361	3.78636	1.89277	0.499891	3.58312	-0.430489	3.56609	1.76713	0.495536	0.065446	5.29932	0.497779	0.0452593	0.00490592
20018	0.399657	0.411363	3.63836	1.78942	0.491819	3.56354	-0.469893	3.89196	1.81999	0.467627	0.0775823	5.00508	0.479316	0.0510694	0.00524022
20019	0.352183	0.387037	3.81688	1.73684	0.455042	3.49655	-0.54086	4.02942	1.69057	0.419558	0.087083	4.94352	0.436819	0.0591187	0.0054848
20020	0.297292	0.349512	3.69519	1.89437	0.512659	3.38895	-0.526948	3.83717	1.79047	0.466612	0.0803675	4.77919	0.489201	0.0495596	0.00574419
20021	0.316538	0.34382	3.87098	1.84911	0.477687	3.46096	-0.538684	3.55754	1.63582	0.459817	0.0787684	4.9437	0.469129	0.0529389	0.0059688
20022	0.328608	0.316968	3.4465	1.73901	0.504572	3.4306	-0.646489	3.77341	1.71658	0.454915	0.0964684	4.81116	0.478619	0.0629591	0.00617374
20023	0.367202	0.379348	3.64333	1.77902	0.488295	3.31319	-0.703654	3.69541	1.75338	0.474474	0.135144	4.33942	0.481336	0.0766826	0.00649166
20024	0.339547	0.359462	3.68029	1.78851	0.485969	3.31216	-0.697851	3.74291	1.69988	0.454159	0.126512	4.41821	0.46993	0.0742084	0.00682846
20025	0.269083	0.295779	3.74053	1.75629	0.469529	3.28007	-0.73948	3.5753	1.70781	0.477671	0.118217	4.53302	0.473508	0.071828	0.00689375
20026	0.263814	0.267384	3.92826	1.80702	0.460006	3.12358	-0.837565	3.72821	1.81652	0.487237	0.149288	4.08912	0.473266	0.0777263	0.0070182
20027	0.293058	0.30839	3.87094	1.74209	0.450044	3.10146	-0.807719	3.70113	1.81922	0.49153	0.157941	3.94355	0.470322	0.0804517	0.00716975
20028	0.184832	0.229018	3.74001	1.67633	0.448217	3.08523	-0.840827	3.79763	1.81876	0.478919	0.136059	4.20615	0.463685	0.0757093	0.00749645
20029	0.232185	0.19545	3.75885	1.66856	0.443901	3.09972	-0.863197	3.53486	1.74675	0.494148	0.136296	4.11139	0.468253	0.0758526	0.00762763
20030	0.218288	0.164448	4.23588	1.85056	0.436878	3.15502	-0.801939	3.73611	1.85493	0.496487	0.108286	4.3122	0.464814	0.0593013	0.007956
20031	0.120112	0.0681117	3.8652	1.82765	0.472847	3.08021	-0.88272	3.71489	1.76456	0.474996	0.10318	4.38109	0.4739	0.059223	0.0081308
20032	0.0527661	0.0324035	3.93296	1.88216	0.47856	3.13715	-0.896588	3.88846	1.83819	0.47273	0.0907162	4.75673	0.475662	0.0548406	0.00841212
20033	0.0204354	0.0514506	3.64389	1.83629	0.503937	3.05156	-0.899051	3.8736	1.7938	0.463084	0.0983328	4.59386	0.482886	0.0586028	0.00867962
20034	0.11609	0.0931748	3.82238	1.69072	0.44232	3.07615	-0.968684	3.86823	1.895	0.489887	0.128686	4.38098	0.466245	0.0729179	0.00899702
20035	0.116704	0.134005	4.20698	1.79896	0.427612	3.05515	-1.02399	3.94747	1.91274	0.484547	0.155303	4.31722	0.455174	0.0828758	0.00937295
20036	0.148654	0.101908	3.67791	1.79809	0.48889	2.82625	-1.11106	3.89427	1.74789	0.448835	0.205213	3.58477	0.46829	0.0940229	0.00967112
20037	0.140586	0.133584	3.8692	1.80329	0.466064	2.85329	-1.12342	3.61694	1.76046	0.486728	0.214718	3.67939	0.476048	0.0998271	0.00968568
20038	0.0993056	0.117292	3.78635	1.7746	0.468684	2.88109	-1.11148	3.85137	1.83888	0.477462	0.195117	3.86917	0.47311	0.0946243	0.00994569
20039	0.125341	0.0923738	3.6776	1.92805	0.524268	2.86312	-1.14861	3.40974	1.59513	0.467817	0.205464	3.74771	0.497109	0.0985582	0.0102138
20040	0.104993	0.108923	3.80585	1.81885	0.477908	2.83181	-1.13702	3.641	1.58538	0.435424	0.208779	3.71777	0.457136	0.102383	0.0104797
20041	0.143234	0.158459	3.78148	1.72514	0.456207	2.96203	-1.08908	3.48456	1.70848	0.490299	0.195877	3.9728	0.472556	0.10183	0.0108225
20042	0.113358	0.174445	3.49997	1.72712	0.493468	2.92946	-1.07763	3.72846	1.72586	0.462888	0.19768	3.96521	0.477695	0.101979	0.011131
20043	0.149275	0.171638	3.66208	1.72062	0.469849	2.92392	-1.11309	3.64634	1.63605	0.448682	0.214392	3.84932	0.459288	0.10952	0.011482
20044	0.129255	0.153129	3.88002	1.97535	0.509109	2.85988	-1.1219	3.58455	1.60684	0.448268	0.218028	3.72816	0.479893	0.101941	0.0117474
20045	0.265227	0.175281	3.8443	1.8547	0.482455	2.83735	-1.19177	3.46391	1.70289	0.491609	0.28248	3.30791	0.486794	0.116134	0.0120221
20046	0.158628	0.111944	3.70289	1.77813	0.4802	2.70838	-1.25321	4.11132	1.82096	0.442914	0.28666	3.25062	0.460582	0.114666	0.0122057
20047	0.127912	0.100128	3.68224	1.64726	0.447353	2.65929	-1.31521	3.73267	1.85728	0.497575	0.312613	3.20393	0.472635	0.125087	0.0124551
20048	0.0395816	0.0753572	3.50318	1.64455	0.469444	2.6188	-1.33173	3.79844	1.74067	0.458259	0.297623	3.32618	0.463625	0.12762	0.0126519
20049	0.0679398	0.0695386	3.56264	1.64148	0.460749	2.70201	-1.32617	3.82426	1.79432	0.469194	0.28076	3.46917	0.465121	0.124201	0.0129778
20050	0.0623623	0.104224	3.75898	1.84726	0.491427	2.6452	-1.35112	3.70991	1.77769	0.479174	0.317498	3.33552	0.485341	0.127511	0.0131656
20051	0.0453055	0.0648451	3.85793	1.76048	0.456327	2.67515	-1.39093	3.80158	1.85587	0.488184	0.306428	3.45805	0.472138	0.127842	0.0131748
20052	0.0557305	0.0452015	3.71228	1.65961	0.447059	2.54243	-1.52341	4.0472	1.91116	0.472217	0.397907	3.09184	0.460181	0.147016	0.0133376
20053	0.103588	0.0620048	4.09584	1.78917	0.436826	2.36831	-1.56816	3.58099	1.58845	0.44358	0.518124	2.56449	0.439977	0.164434	0.013711
20054	0.132727	0.0725548	3.75479	1.83124	0.487708	2.5322	-1.55076	3.85807	1.68461	0.436647	0.457694	2.87873	0.461831	0.157873	0.0139542
20055	0.146968	0.05261	3.5145	1.62132	0.461324	2.52951	-1.56511	3.78682	1.8135	0.478897	0.461027	2.83825	0.470438	0.160068	0.0142654
20056	0.128378	0.0632278	4.05516	1.78904	0.441177	2.50461	-1.58037	3.72052	1.79648	0.482857	0.478425	2.82324	0.46112	0.158568	0.0143571
20057	0.0723634	0.0586452	3.93816	1.81704	0.461392	2.35471	-1.59917	3.96713	1.76418	0.4447	0.527604	2.60456	0.453016	0.161042	0.0145894
20058	0.00697884	0.00740093	3.88115	1.7913	0.461539	2.33591	-1.66687	3.83387	1.77351	0.462591	0.516817	2.71196	0.462062	0.164358	0.0149744
20059	0.184382	0.111082	3.59481	1.62044	0.450772	2.23684	-1.73672	3.84471	1.86374	0.484755	0.810515	2.1063	0.468334	0.19686	0.0154863
20060	0.0299008	0.0420849	3.74746	1.80825	0.482527	2.13966	-1.74614	3.75363	1.7632	0.469731	0.718423	2.22554	0.476123	0.182975	0.0159159
20061	0.0849176	0.0287076	3.70862	1.83851	0.49574	2.20514	-1.76694	4.08592	1.72309	0.421714	0.717266	2.24767	0.456936	0.184632	0.0161552
20062	-0.155992	-0.143836	3.59959	1.78735	0.496541	2.03115	-1.9541	3.94023	1.93854	0.491986	0.685061	2.39179	0.494161	0.180323	0.0162742
20063	-0.013333	-0.127675	4.03565	1.88242	0.466449	2.01647	-1.94946	3.93607	1.894	0.481191	0.805538	2.06005	0.473728	0.180208	0.0164212
20064	-0.0911553	-0.0390043	3.98563	1.76917	0.443887	2.16355	-1.92708	3.87425	1.89517	0.489172	0.701231	2.54185	0.466208	0.195711	0.0165004
20065	0.00414467	-0.058497	3.53819	1.64166	0.463982	2.03685	-1.93525	3.53546	1.84346	0.521421	0.85245	2.06594	0.49269	0.20178	0.0170221
20066	-0.0186135	-0.0657158	3.73012	1.68191	0.450902	2.05537	-1.93082	3.68189	1.81717	0.493543	0.808714	2.15071	0.472084	0.199143	0.0172379
20067	-0.0928063	-0.0651857	3.61563	1.65565	0.457915	2.02271	-1.96153	3.86956	1.82489	0.4716	0.803526	2.23771	0.464989	0.20536	0.0173888
20068	-0.135878	-0.079383	3.78051	1.75301	0.463697	2.01018	-2.00881	3.50355	1.63856	0.467685	0.808303	2.30278	0.465615	0.215406	0.0176802
20069	-0.142032	-0.150776	3.85061	1.79578	0.466363	2.03351	-1.971	3.70875	1.70227	0.458988	0.700028	2.3665	0.462745	0.191534	0.018004
20070	-0.0707336	-0.0953813	3.76702	1.82268	0.483853	2.03712	-2.00179	3.63453	1.78131	0.490108	0.818	2.22152	0.486925	0.201428	0.0184449
20071	-0.0355701	-0.0464808	3.67937	1.79386	0.487545	1.9273	-2.08704	3.76523	1.84709	0.490563	1.08072	1.92643	0.489071	0.222424	0.0186092
20072	-0.0827762	-0.127356	3.7843	1.68877	0.446257	1.89316	-2.13638	3.82617	1.79493	0.469119	1.03377	1.95216	0.457751	0.224682	0.0186738
20073	-0.159301	-0.129362	3.65671	1.82043	0.497834	1.9589	-2.12176	3.76225	1.92786	0.512422	0.884741	2.24339	0.505232	0.209421	0.0187858
20074	-0.201112	-0.177617	3.74791	1.90057	0.507103	1.956	-2.09955	3.71037	1.80135	0.48549	0.793835	2.32656	0.496351	0.199729	0.0191226
20075	-0.0613175	-0.201738	3.88948	1.95011	0.501381	1.93382	-2.13689	3.61732	1.82262	0.50386	0.94077	1.99029	0.502575	0.198893	0.0194726
20076	-0.191617	-0.208013	3.95836	1.81874	0.459468	1.76865	-2.20461	3.69643	1.72399	0.466392	1.03742	1.92132	0.462812	0.219635	0.0196585
20077	-0.200334	-0.260299	3.86497	1.77214	0.458514	1.78684	-2.17913	3.93879	1.80119	0.457295	0.932398	1.97443	0.457898	0.204914	0.019871
20078	-0.280902	-0.277948	3.72849	1.74261	0.467376	1.88616	-2.09241	3.96368	1.8968	0.478546	0.701057	2.34808	0.473132	0.184517	0.0201531
20079	-0.165661	-0.233498	3.89792	1.80734	0.463669	1.8461	-2.12207	3.28602	1.72368	0.524549	0.881279	2.02359	0.491516	0.201694	0.0205561
20080	-0.255516	-0.22774	3.70733	1.7603	0.474815	1.86886	-2.1316	3.72316	1.80261	0.484162	0.803168	2.25649	0.479498	0.202846	0.0209386
20081	-0.140111	-0.194174	3.99546	1.76275	0.441189	1.79195	-2.17011	3.92454	1.85375	0.472349	1.04593	1.86643	0.456629	0.212617	0.0211573
20082	-0.174468	-0.111415	3.69375	1.83741	0.497438	1.89044	-2.16113	3.90395	1.88345	0.482447	0.985337	2.13193	0.489735	0.220227	0.0214716
20083	-0.139663	-0.0788554	3.69919	1.83738	0.496698	1.8769	-2.17223	3.55513	1.77766	0.500025	1.07763	2.03327	0.498328	0.232662	0.021665
20084	0.00307978	-0.0308512	3.9789	1.75203	0.44033	1.72896	-2.22656	3.91332	1.72017	0.439567	1.61855	1.48934	0.439952	0.257774	0.0220106
20085	0.110592	0.0858177	3.50683	1.79605	0.512159	1.73551	-2.2091	3.68057	1.75349	0.476417	1.99467	1.32017	0.493856	0.270671	0.0223327
20086	0.0877604	0.119653	3.6431	1.74078	0.477829	1.82617	-2.20124	3.65763	1.69868	0.464421	1.78242	1.51103	0.471112	0.281466	0.0226505
20087	0.123858	0.0981991	3.74637	1.78169	0.475577	1.78107	-2.18067	3.96834	1.83212	0.461684	1.89097	1.37317	0.46843	0.264405	0.0228237
20088	0.122694	0.0898668	3.80203	1.83427	0.482444	1.78061	-2.13966	3.85666	1.88116	0.48777	1.80841	1.37435	0.485126	0.250732	0.0229974
20089	0.0656613	0.113158	4.01899	1.79774	0.447311	1.79659	-2.1681	3.80561	1.93421	0.508251	1.73696	1.49806	0.47695	0.258598	0.0233845
20090	0.167261	0.132571	4.32721	1.89172	0.437168	1.78618	-2.18431	3.78132	1.90862	0.504751	2.04812	1.31045	0.468685	0.261065	0.0238127
20091	0.142411	0.16824	3.75422	1.85448	0.493971	1.68716	-2.2448	3.91061	1.93999	0.496084	2.44012	1.19313	0.495049	0.277366	0.0242907
20092	0.229926	0.170264	3.52667	1.69409	0.480365	1.70415	-2.24272	3.91821	1.76109	0.449463	2.67907	1.08666	0.464102	0.296517	0.0244524
20093	0.138738	0.175191	3.6625	1.62798	0.444499	1.6714	-2.24937	3.75939	1.70146	0.45259	2.50249	1.17453	0.448597	0.306338	0.0245923
20094	0.202981	0.211994	3.65342	1.68513	0.461247	1.8065	-2.26895	4.03717	1.63681	0.405435	2.39381	1.28563	0.431949	0.316682	0.0248001
20095	0.225791	0.259037	3.78805	1.78357	0.470841	1.63173	-2.31671	3.79651	1.68495	0.443814	3.35639	0.988337	0.457312	0.323608	0.0251057
20096	0.348869	0.310489	3.73183	1.6915	0.453263	1.68792	-2.28784	3.54751	1.71966	0.484751	3.76525	0.896531	0.468608	0.331123	0.025367
20097	0.295615	0.235225	3.79725	1.7327	0.456305	1.62644	-2.3009	3.83141	1.87323	0.488914	3.63159	0.885553	0.472682	0.308509	0.025502
20098	0.221677	0.22998	3.74343	1.75319	0.468337	1.63384	-2.3023	4.17775	1.94377	0.465267	3.21556	0.997097	0.466718	0.302576	0.025978
20099	0.324125	0.256213	3.63963	1.71289	0.470621	1.85824	-2.20292	3.77823	1.77696	0.470315	2.56951	1.17675	0.470465	0.302371	0.0261529
20100	0.250566	0.27754	3.37233	1.71182	0.507609	1.75839	-2.17627	3.9093	1.85877	0.475474	2.64838	1.13677	0.490357	0.296663	0.0263615
20101	0.24379	0.26896	3.68821	1.64496	0.446006	1.85516	-2.28971	3.97191	1.84459	0.464409	2.52139	1.29825	0.455548	0.319386	0.0266363
20102	0.187068	0.201722	3.685	1.71988	0.466724	1.70803	-2.33177	3.78857	1.80373	0.4761	2.7746	1.15667	0.471477	0.31301	0.0267221
20103	0.111381	0.126005	3.73789	1.6717	0.447231	1.60131	-2.38904	3.67147	1.72012	0.46851	2.84944	1.10995	0.457775	0.318087	0.0269286
20104	0.0847379	0.0737848	3.94769	1.75321	0.444111	1.41311	-2.493	3.77054	1.85411	0.491738	3.73372	0.882282	0.467377	0.313577	0.0271858
20105	0.12072	0.0927126	3.71437	1.80574	0.48615	1.46201	-2.55114	3.73664	1.81994	0.487054	3.88533	0.899534	0.486603	0.325335	0.0273881
20106	0.134359	0.0535283	4.0127	1.9691	0.490718	1.38157	-2.61668	3.95135	1.94383	0.49194	4.58365	0.777763	0.491324	0.313078	0.0277103
20107	0.132876	0.147741	3.66208	1.84085	0.502678	1.29647	-2.69239	4.09538	1.92987	0.471232	5.9577	0.67697	0.486077	0.348564	0.0282044
20108	0.0846345	0.111173	3.7504	1.82204	0.485826	1.26216	-2.72298	4.01886	1.90559	0.474162	5.79306	0.693279	0.479793	0.350218	0.0285136
20109	0.0508055	0.101163	3.97779	1.81895	0.457276	1.17522	-2.78847	4.07742	1.9837	0.486508	6.60442	0.632151	0.472072	0.354519	0.0288701
20110	0.19509	0.173599	3.55767	1.66956	0.469284	1.21848	-2.78612	3.73614	1.90693	0.510401	8.3641	0.523661	0.490346	0.379896	0.0289689
20111	0.151217	0.184126	3.68932	1.75915	0.476821	1.19187	-2.82826	3.84567	1.95422	0.50816	8.37928	0.541482	0.492816	0.379359	0.0294488
20112	0.120393	0.152885	3.78763	1.62948	0.43021	1.15814	-2.82318	4.10064	1.92027	0.468285	8.22434	0.538461	0.450003	0.38427	0.0298597
20113	0.0665703	0.122277	3.68198	1.85135	0.502813	1.09889	-2.86274	3.89423	1.76852	0.45414	8.36108	0.532847	0.477795	0.381068	0.0300018
20114	0.180793	0.164289	3.8196	1.79738	0.470567	1.03932	-2.92399	3.73218	1.7382	0.465734	12.9397	0.368536	0.468178	0.402889	0.0301124
20115	0.0252411	0.108819	3.64846	1.71324	0.469579	1.00447	-2.91426	4.10163	1.91267	0.466319	9.53077	0.479447	0.467854	0.386666	0.0302962
20116	0.0510687	0.105926	3.66774	1.86121	0.507455	1.04862	-2.97624	3.85363	1.81217	0.47025	9.54644	0.497553	0.488393	0.392779	0.0305219
20117	0.120542	0.149505	3.74003	1.86347	0.49825	1.12594	-3.01063	3.77864	1.68503	0.445935	9.87949	0.505412	0.471959	0.413118	0.0305534
20118	0.126955	0.104245	3.74296	1.85248	0.494923	0.879227	-3.06872	3.91028	1.6692	0.426875	17.7902	0.282956	0.460155	0.416928	0.0309118
20119	0.165739	0.153042	3.90128	1.83967	0.471555	0.896365	-3.13202	3.88838	1.76855	0.45483	20.2161	0.266907	0.463206	0.427947	0.0311857
20120	0.131412	0.176421	3.6622	1.68447	0.45996	0.931631	-3.1173	3.60065	1.74827	0.485541	16.9417	0.320175	0.472642	0.441491	0.0315186
20121	0.171914	0.162927	3.77951	1.67157	0.442272	0.906378	-3.08057	3.63116	1.98399	0.54638	19.5024	0.269718	0.493284	0.418548	0.0319425
20122	0.13295	0.0992853	3.81218	1.81824	0.476954	0.850013	-3.11771	3.97144	1.9601	0.493549	20.1274	0.257089	0.485421	0.406566	0.0323135
20123	0.180257	0.154492	3.69886	1.78095	0.481487	0.852347	-3.11311	3.76621	1.83873	0.488218	23.6376	0.225852	0.484883	0.424563	0.0325075
20124	0.0860321	0.13119	3.52679	1.7949	0.508933	0.942708	-3.06161	3.63084	1.65357	0.455424	13.8903	0.366946	0.48179	0.425086	0.0330515
20125	0.0349847	0.0957221	3.7513	1.84876	0.492831	0.949413	-3.01179	3.84929	1.60232	0.416263	11.5485	0.41809	0.454053	0.411727	0.0334002
20126	0.123414	0.0950232	3.80657	1.75887	0.46206	1.05755	-2.98089	3.41302	1.75485	0.514164	10.8425	0.436306	0.486692	0.402451	0.0336069
20127	0.0794895	0.0363847	3.79175	1.74723	0.460798	1.0207	-2.99789	3.77379	1.78092	0.471917	10.393	0.442935	0.466344	0.394934	0.0335484
20128	0.0221098	0.0910205	4.16987	1.87309	0.449195	0.984582	-2.97658	3.85113	1.74574	0.453307	10.1583	0.463177	0.451169	0.39409	0.0335342
20129	0.103276	0.109784	3.90479	1.79191	0.458902	0.958093	-2.99414	4.15754	1.96709	0.473137	13.1849	0.365357	0.466243	0.390643	0.033531
20130	0.0459191	0.0798533	3.79384	1.70679	0.449884	1.05258	-2.96077	3.72754	1.89502	0.508383	9.12345	0.506682	0.478876	0.391001	0.0339987
20131	0.0789418	0.0313957	3.9656	1.76293	0.444556	0.979419	-2.98019	3.71932	2.03698	0.547675	11.1852	0.40543	0.494463	0.373826	0.0342494
20132	0.0871638	0.0155032	3.98872	1.90235	0.476934	1.01938	-3.00424	4.18496	2.03012	0.485099	10.4932	0.434515	0.481114	0.367091	0.0344758
20133	0.0741708	0.0786074	3.83641	1.77059	0.461522	0.995273	-2.99223	3.78482	2.01702	0.532925	11.1147	0.424215	0.496982	0.383757	0.0346734
20134	0.103455	0.0925888	3.8935	1.81247	0.465512	1.02409	-2.9654	3.74958	1.90273	0.507451	11.0332	0.423782	0.486087	0.386343	0.0350327
20135	0.220437	0.132129	3.51718	1.7035	0.484335	1.11293	-2.94326	3.94554	1.91501	0.48536	11.8738	0.39827	0.484877	0.395322	0.0350478
20136	0.135646	0.123976	4.1321	1.79846	0.43524	1.07619	-2.94342	3.94545	1.88892	0.478758	10.636	0.442316	0.456496	0.389586	0.0355696
20137	0.144823	0.147303	3.67918	1.74787	0.475071	1.02478	-2.93665	3.88935	1.88983	0.485899	12.2826	0.387164	0.480635	0.395387	0.0358184
20138	0.0894039	0.128857	3.80967	1.65911	0.4355	0.950051	-2.94263	4.21801	1.89786	0.449943	12.7365	0.370357	0.443089	0.398822	0.036023
20139	0.0851574	0.122701	3.67875	1.63204	0.443639	1.04861	-2.97124	3.65718	1.78615	0.488396	10.3124	0.464124	0.465952	0.411925	0.0360898
20140	0.141842	0.0572463	3.53492	1.76141	0.498288	0.985376	-3.00048	3.74637	1.79853	0.480072	13.1399	0.355775	0.488916	0.396471	0.0361767
20141	0.0801861	0.100081	3.72479	1.67951	0.4509	0.929923	-3.07643	3.51354	1.81443	0.516411	13.9744	0.361026	0.4827	0.419395	0.0361973
20142	-0.0466131	0.0254692	3.59515	1.86806	0.519608	0.892186	-3.08491	3.85184	1.83868	0.477351	10.9769	0.440672	0.497751	0.394971	0.0364441
20143	-0.037025	-0.0547049	3.7209	1.72679	0.464079	0.988879	-3.06103	3.97725	1.74796	0.439491	8.58735	0.52624	0.451376	0.394155	0.0365549
20144	-0.0506884	-0.0212977	3.78674	1.9065	0.503467	0.950752	-3.03393	4.0324	1.77301	0.439691	9.04987	0.501442	0.470577	0.381558	0.0367578
20145	0.0610261	0.0347583	3.72256	1.82314	0.489754	1.00702	-2.94481	3.72792	1.75366	0.470413	9.92037	0.447454	0.480077	0.38303	0.0369669
20146	0.144088	0.101966	3.63806	1.71574	0.471608	1.03133	-2.99919	3.7384	1.90188	0.50874	12.217	0.393597	0.490427	0.399377	0.0373033
20147	0.0816467	0.127646	3.63588	1.80367	0.496077	1.04756	-2.94867	3.75935	1.94237	0.516677	10.1435	0.466493	0.506549	0.387217	0.0376955
20148	0.122111	0.12915	3.52753	1.69125	0.479443	0.94137	-3.07637	3.68366	1.8553	0.503657	15.3093	0.335593	0.491812	0.420184	0.0379465
20149	0.190043	0.16809	3.98805	1.85623	0.465447	0.859156	-3.14671	4.11613	1.9061	0.46308	24.5423	0.223856	0.464245	0.42213	0.0380829
20150	0.10726	0.110675	3.70038	1.86379	0.503676	0.837934	-3.15734	4.06947	1.95433	0.480241	20.0043	0.266942	0.491402	0.411641	0.0384039
20151	0.0766873	0.0638215	3.75607	1.87141	0.498236	0.73608	-3.27421	3.70199	1.92981	0.521289	25.6266	0.2174	0.509679	0.423028	0.038486
20152	0.0588279	0.0925622	3.77575	1.84688	0.489141	0.783967	-3.26917	3.72564	1.889	0.507028	21.4924	0.262913	0.498025	0.430733	0.0386177
20153	0.0958013	0.0886365	3.34348	1.71283	0.512289	0.775297	-3.21081	4.05339	2.04123	0.503585	23.578	0.230857	0.507519	0.420402	0.0387663
20154	0.019384	0.0361028	3.48615	1.82523	0.523567	0.859923	-3.19551	3.74188	1.83586	0.490626	14.7817	0.353253	0.506513	0.416395	0.0392457
20155	0.0129769	0.030056	3.83357	1.79725	0.46882	0.92274	-3.15222	3.76122	1.93854	0.515403	12.2355	0.413834	0.491889	0.404064	0.0393067
20156	0.0793855	0.0847899	3.54664	1.73824	0.490108	0.970176	-3.08433	3.88046	1.87854	0.484102	12.6569	0.396754	0.48697	0.409878	0.0395623
20157	0.175394	0.19993	3.78625	1.8655	0.492704	0.893709	-3.11026	4.02316	1.92397	0.478224	21.2362	0.257989	0.485244	0.4197	0.0396164
20158	0.122065	0.19437	3.89463	1.831	0.470134	0.938129	-3.08807	3.91592	1.90153	0.48559	16.1788	0.332981	0.477883	0.419286	0.0397747
20159	0.108097	0.142464	3.77352	1.92802	0.510934	1.01788	-3.04971	4.04096	1.89201	0.468207	12.311	0.413856	0.488839	0.400196	0.0400564
20160	0.251351	0.213305	3.96786	1.80564	0.455065	0.888159	-3.055	3.88466	1.73233	0.445942	26.3408	0.202763	0.450552	0.430258	0.040124
20161	0.242096	0.272642	4.09266	1.82804	0.446662	1.00603	-3.05713	3.92896	1.72276	0.438478	18.9984	0.291798	0.442654	0.438523	0.0403466
20162	0.288947	0.290939	4.04801	1.75195	0.432794	0.88361	-3.05761	3.47524	1.74991	0.503538	31.7083	0.176812	0.465473	0.444719	0.0405727
20163	0.31677	0.294389	3.73751	1.78208	0.47681	0.804303	-3.17864	3.79711	1.72472	0.45422	50.7468	0.118844	0.465426	0.46246	0.0410274
20164	0.311288	0.298403	3.61669	1.70503	0.471434	0.80966	-3.13613	3.60066	1.7856	0.495908	47.4927	0.124188	0.483644	0.45807	0.0412162
20165	0.364221	0.322079	3.64565	1.74875	0.479681	0.755368	-3.23773	3.88968	1.8729	0.481506	82.827	0.0764981	0.480623	0.466721	0.0416535
20166	0.337504	0.318748	3.62159	1.75319	0.484093	0.731907	-3.24136	3.75123	2.00293	0.533939	81.4789	0.0777769	0.509454	0.457702	0.0418038
20167	0.273186	0.272171	3.58889	1.63128	0.454536	0.735297	-3.23843	4.15452	2.02367	0.487101	57.7126	0.106773	0.472008	0.457527	0.0420341
20168	0.243508	0.258715	3.59331	1.77544	0.494096	0.810533	-3.21879	3.67072	1.83584	0.500131	37.6123	0.160759	0.497146	0.455809	0.0421708
20169	0.301132	0.292799	3.85769	1.82357	0.472711	0.815835	-3.22219	3.75203	1.96413	0.523484	46.6374	0.132459	0.497745	0.449304	0.0425672
20170	0.275715	0.263165	3.73322	1.80187	0.48266	0.767061	-3.28695	3.94766	1.89127	0.479087	52.2048	0.12071	0.480824	0.460504	0.0429145
20171	0.370549	0.272916	3.82021	1.77407	0.46439	0.734552	-3.30416	3.82177	1.95888	0.512558	96.5706	0.0662494	0.488479	0.461601	0.0430207
20172	0.252932	0.267029	3.67733	1.66475	0.452706	0.683046	-3.3221	4.20952	1.9904	0.472833	69.6322	0.0924991	0.463448	0.468514	0.04323
20173	0.128237	0.169787	3.78444	1.6098	0.425373	0.601124	-3.35859	3.89959	1.90303	0.488006	55.6717	0.111811	0.457159	0.469901	0.0431879
20174	0.205646	0.214095	3.59553	1.70334	0.473737	0.642516	-3.32576	4.10275	1.99534	0.486343	65.6547	0.0954281	0.480455	0.458696	0.0435062
20175	0.217652	0.241055	3.98006	1.79561	0.451151	0.616591	-3.34982	3.82682	1.93531	0.505724	81.0192	0.0795762	0.477902	0.46365	0.0437707
20176	0.299696	0.268667	3.37665	1.70277	0.504277	0.657912	-3.32535	3.81426	1.89124	0.495834	100.664	0.0641591	0.499799	0.473395	0.0439529
20177	0.217745	0.253806	3.68329	1.81482	0.492718	0.633487	-3.30367	3.49348	1.89387	0.542117	73.2211	0.0864206	0.516764	0.460489	0.044352
20178	0.28784	0.194017	3.70028	1.75141	0.473318	0.684439	-3.25876	4.17558	1.90517	0.456264	75.7937	0.0786454	0.464276	0.449185	0.0442188
20179	0.182867	0.219981	4.039	2.02084	0.500332	0.732517	-3.22041	3.6694	1.79248	0.488495	39.178	0.151058	0.494697	0.437054	0.0446287
20180	0.155115	0.164306	4.26967	1.87231	0.438513	0.833891	-3.19135	3.70972	1.82217	0.491188	24.44	0.230369	0.463002	0.432578	0.045002
20181	0.154576	0.154451	3.58442	1.76121	0.491352	0.727954	-3.22586	3.80527	1.77239	0.465772	34.7562	0.164381	0.47818	0.447154	0.0453045
20182	0.232106	0.180398	4.26508	1.86231	0.436642	0.790918	-3.23571	3.93534	1.80106	0.457663	37.3708	0.156135	0.44673	0.443449	0.045353
20183	0.193442	0.197422	3.82263	1.77026	0.4631	0.87199	-3.207	3.64447	1.70038	0.466566	25.1724	0.230214	0.464792	0.455125	0.0454761
20184	0.147591	0.145028	3.81402	1.81736	0.476495	0.787783	-3.20418	4.07824	1.89787	0.465364	27.3693	0.204923	0.470743	0.430261	0.0457145
20185	0.197859	0.157092	3.74945	1.69877	0.45307	0.848125	-3.21657	4.01797	1.89914	0.472661	26.9166	0.211423	0.463204	0.441729	0.0457813
20186	0.0755082	0.120909	3.76955	1.77601	0.471145	0.816849	-3.18161	3.88112	1.78434	0.459748	19.8452	0.274793	0.465363	0.433821	0.0461475
20187	0.135133	0.109797	3.75861	1.77917	0.473359	0.895139	-3.12604	4.06924	1.87349	0.460402	18.1275	0.288805	0.466623	0.41759	0.0463242
20188	0.0131293	-0.0053741	3.56172	1.56033	0.438084	0.908454	-3.16961	3.82693	1.81521	0.474327	12.4904	0.400803	0.456856	0.425917	0.0466245
20189	-0.056263	-0.0012005	3.52958	1.69487	0.48019	0.828061	-3.17093	3.87598	1.73228	0.446926	12.8476	0.391015	0.46278	0.423058	0.0469276
20190	-0.103183	-0.00487012	3.76819	1.83603	0.487245	0.942318	-3.12565	3.76642	1.80307	0.478721	8.90997	0.546537	0.482984	0.400984	0.0471733
20191	0.0482257	-0.000339416	3.82068	1.76652	0.462358	0.786652	-3.19866	3.77572	1.86253	0.493291	18.7598	0.272637	0.477733	0.4135	0.0475199
20192	0.0509312	0.044039	3.65084	1.69134	0.463275	0.929484	-3.1456	3.68799	1.80384	0.489111	13.1809	0.385927	0.476258	0.421318	0.0478469
20193	0.0682821	0.0646844	3.71653	1.70696	0.45929	0.930478	-3.14174	3.88191	1.92647	0.496268	13.8303	0.371691	0.478181	0.414436	0.0484022
20194	0.112783	0.0985248	3.63506	1.77692	0.488828	0.85196	-3.13504	4.04272	1.96624	0.486366	19.1366	0.273192	0.487532	0.411309	0.0486501
20195	0.0772664	0.0437151	3.95764	1.86053	0.470111	0.919112	-3.09548	3.87698	1.82329	0.470286	13.905	0.354352	0.470197	0.400878	0.048925
20196	0.00776986	0.0217022	3.75709	1.885	0.501719	0.88182	-3.10436	3.7002	1.79855	0.486069	12.7915	0.381982	0.493954	0.398883	0.0490401
20197	0.123366	0.0443619	3.84854	2.00081	0.519887	0.922896	-3.07034	4.07103	1.78238	0.437821	15.1762	0.319624	0.477702	0.390765	0.0494446
20198	0.000308672	0.000340397	3.78672	1.83333	0.484147	0.999972	-3.02771	3.99921	1.77652	0.444218	9.17527	0.499664	0.463638	0.3885	0.0498554
20199	-0.0662864	-0.0713451	3.75368	1.71168	0.456001	1.04525	-2.97488	3.52726	1.68005	0.476305	6.82349	0.617756	0.465837	0.383368	0.0498499
20200	-0.209888	-0.143399	3.68332	1.60519	0.435799	1.03604	-3.00426	3.82358	1.67893	0.439098	5.27242	0.776163	0.437479	0.38399	0.0499099
20201	-0.187166	-0.159308	3.67945	1.74823	0.475133	1.1358	-2.94154	3.81717	1.80033	0.47164	4.4227	0.875125	0.473355	0.353012	0.0502324
20202	-0.290194	-0.206675	3.56715	1.67301	0.469005	1.0866	-2.9414	3.68602	1.70224	0.461809	3.9454	0.947779	0.465348	0.356589	0.0506175
20203	-0.121349	-0.192889	3.7742	1.69976	0.450364	0.933285	-3.04203	3.475	1.6452	0.47344	7.29835	0.556126	0.461426	0.377725	0.0508543
20204	-0.203008	-0.210341	3.59446	1.57859	0.439175	0.920593	-3.05951	3.61052	1.72598	0.478042	6.43001	0.631239	0.458652	0.380589	0.0511589
20205	-0.107065	-0.143259	3.54449	1.57871	0.4454	0.942368	-3.07336	3.66008	1.78407	0.48744	7.79571	0.550655	0.466757	0.38972	0.0514823
20206	-0.158859	-0.10786	3.66541	1.63856	0.447034	0.991989	-3.04231	3.6089	1.77396	0.49155	6.50154	0.662226	0.469119	0.386936	0.0518741
20207	-0.086355	-0.12047	3.58968	1.67553	0.466763	0.983691	-3.02339	3.84835	1.69343	0.440041	7.35979	0.572499	0.452937	0.384861	0.0518318
20208	-0.160771	-0.145353	3.52914	1.68383	0.477121	1.04653	-2.95465	3.9702	1.81757	0.457803	5.41461	0.728783	0.466894	0.360525	0.0517654
20209	-0.201205	-0.155107	3.76836	1.58728	0.421214	1.04998	-2.94663	3.69992	1.92146	0.519324	4.9778	0.782736	0.469819	0.357122	0.052157
20210	-0.17072	-0.158964	3.87101	1.72764	0.446303	0.957478	-3.00469	3.92856	1.93287	0.492006	6.36233	0.636416	0.469323	0.356231	0.0524736
20211	-0.0262207	-0.149629	3.65043	1.72254	0.471873	1.03587	-2.96924	3.89957	1.79077	0.459222	7.0479	0.564014	0.465339	0.361433	0.0526227
20212	-0.179141	-0.130415	4.02327	1.84515	0.45862	1.00144	-3.01522	3.69303	1.81732	0.492094	5.97095	0.696881	0.474641	0.362387	0.0528791
20213	-0.149495	-0.179326	3.58005	1.71818	0.479931	1.0465	-2.94344	3.85546	1.89787	0.492256	5.34138	0.715203	0.486322	0.345759	0.0532378
20214	-0.167349	-0.17553	3.79276	1.78954	0.47183	1.04947	-2.92029	3.9148	1.9791	0.505543	5.08815	0.740321	0.488953	0.33334	0.0533699
20215	-0.184032	-0.18327	3.4495	1.71893	0.498313	1.07098	-3.00129	4.12723	1.88293	0.456221	5.04189	0.787525	0.475385	0.355448	0.0532005
20216	-0.196571	-0.187306	3.57141	1.67694	0.469545	1.01643	-3.04438	3.87649	1.91544	0.494117	5.54778	0.735691	0.482335	0.362389	0.0536303
20217	-0.230256	-0.129276	3.60657	1.76599	0.489658	1.00093	-3.01983	3.68349	1.86326	0.505839	5.51206	0.757913	0.497834	0.365419	0.0537856
20218	-0.157745	-0.118355	3.66432	1.56922	0.428243	0.931875	-3.0418	3.70588	1.85598	0.50082	7.19845	0.593636	0.464736	0.384278	0.05421
20219	-0.158755	-0.187466	3.62947	1.72919	0.476432	0.839368	-3.10532	3.81298	1.89578	0.49719	8.54593	0.498125	0.487067	0.370064	0.0544801
20220	-0.187233	-0.162334	3.71405	1.69152	0.455437	0.903543	-3.06687	3.77057	1.84887	0.490343	7.09058	0.594896	0.473022	0.373441	0.0546252
20221	-0.192595	-0.160071	3.85571	1.79842	0.466429	0.799193	-3.11367	3.77682	1.71158	0.45318	8.86878	0.491822	0.459873	0.383348	0.0544758
20222	-0.16233	-0.146719	3.84892	1.82939	0.475299	0.942934	-3.08195	3.89766	1.77403	0.455153	7.05265	0.610804	0.465163	0.374232	0.0550058
20223	-0.210884	-0.23346	3.71187	1.64677	0.44365	0.93905	-3.10276	3.6672	1.94632	0.530738	6.22597	0.661175	0.48693	0.364319	0.0558141
20224	-0.308333	-0.228547	3.66308	1.61019	0.439575	0.912747	-3.04601	3.87559	1.93604	0.499548	5.32388	0.745518	0.470406	0.358931	0.0560416
20225	-0.132258	-0.193329	3.57427	1.73037	0.484118	0.854477	-3.11288	4.04922	1.82126	0.449782	8.75452	0.486823	0.46588	0.375114	0.0559469
20226	-0.205417	-0.174052	3.66505	1.78641	0.487417	0.920958	-3.09388	3.75529	1.85414	0.493742	6.71966	0.63436	0.490618	0.369378	0.0563477
20227	-0.170425	-0.168174	4.19745	1.85702	0.442417	0.860108	-3.08426	3.88652	1.96338	0.505177	8.0071	0.530999	0.47259	0.35763	0.056499
20228	-0.124669	-0.150301	3.80029	1.84625	0.485819	0.985609	-3.0677	3.94804	1.88666	0.477873	6.90445	0.616358	0.48177	0.363178	0.0566715
20229	-0.164508	-0.132771	3.81385	1.76071	0.461664	0.924407	-3.04608	4.38649	2.11123	0.481301	7.15788	0.592868	0.472168	0.354121	0.0569195
20230	0.00592314	-0.050187	3.81377	1.78853	0.468966	0.900523	-3.07299	4.48354	1.95195	0.435359	11.4173	0.400155	0.450806	0.379273	0.0572352
20231	-0.0748233	-0.0690547	3.85285	1.78001	0.461998	0.95264	-3.06608	3.84596	1.92074	0.499417	8.50844	0.52784	0.480691	0.377756	0.0576186
20232	-0.128288	-0.0574272	3.8308	1.81313	0.473303	1.01109	-3.02588	3.93277	1.86047	0.473069	6.78769	0.649095	0.473184	0.374986	0.0577359
20233	-0.0206391	-0.0653797	3.78198	1.75909	0.465125	0.99734	-3.01108	3.79227	1.75019	0.461516	8.37334	0.518141	0.463318	0.38213	0.0580069
20234	-0.129675	-0.0406573	3.47765	1.65618	0.476234	1.03112	-2.96685	4.08034	1.80221	0.441681	6.35466	0.673728	0.45758	0.382444	0.0579756
20235	-0.0689374	-0.0364803	4.07275	1.82171	0.447294	1.15816	-2.86253	3.6814	1.73714	0.471868	5.304	0.752881	0.458961	0.359515	0.0579049
20236	-0.0563487	-0.0595431	3.85562	1.70069	0.441095	1.15781	-2.9086	3.86762	1.84699	0.477553	5.50616	0.737093	0.459352	0.363984	0.0584814
20237	-0.0465578	-0.103334	3.71482	1.71523	0.461728	1.13464	-2.85883	3.84989	1.77156	0.460158	5.44195	0.697613	0.460929	0.352611	0.0586915
20238	-0.0989554	-0.0949875	3.84366	1.81258	0.471578	1.20301	-2.86006	3.81079	1.83634	0.481878	4.5104	0.847553	0.476706	0.34387	0.0591494
20239	-0.172962	-0.114359	3.78973	1.81764	0.479624	1.07855	-2.79	3.86246	1.88071	0.486921	4.57073	0.78314	0.483307	0.326225	0.0592527
20240	-0.10066	-0.153555	3.84964	1.82889	0.475082	1.21778	-2.78934	3.88777	1.91343	0.492167	3.99668	0.869141	0.483666	0.317098	0.0593635
20241	0.0120498	0.00714754	3.79368	1.66348	0.438489	1.28513	-2.66873	3.4818	1.70044	0.488381	4.41792	0.810372	0.462366	0.347431	0.0598358
20242	0.0520156	0.028118	3.6178	1.70632	0.471644	1.32862	-2.72439	3.64199	1.73713	0.476974	4.64887	0.814854	0.474318	0.354975	0.060303
20243	0.0135882	0.0277691	3.64591	1.73507	0.475894	1.15745	-2.83682	3.91083	1.73753	0.444288	6.27159	0.65421	0.459537	0.371486	0.060472
20244	0.0750752	0.0496943	4.1017	1.78225	0.434514	1.17772	-2.91052	3.70098	1.81649	0.490813	7.20734	0.607913	0.461218	0.378516	0.0607595
20245	0.0578773	-0.0139173	3.45446	1.75252	0.50732	1.10845	-2.95616	3.75864	1.70628	0.453963	7.84336	0.551853	0.479517	0.385001	0.0609085
20246	0.0591455	0.0160739	4.29248	1.83733	0.428035	1.07032	-2.96251	3.53957	1.60769	0.454205	8.67691	0.51124	0.439862	0.391782	0.0610652
20247	0.00390099	0.0077054	3.97117	1.76704	0.444966	1.1666	-2.90009	4.03376	1.71231	0.424494	6.25455	0.675929	0.43465	0.378047	0.0616487
20248	0.208762	0.103462	3.75908	1.68914	0.449351	1.0995	-2.88911	3.99994	1.84582	0.461461	11.2873	0.396708	0.455594	0.387881	0.0617564
20249	0.156138	0.119336	3.79326	1.74809	0.460842	1.1309	-2.89537	3.92586	1.83098	0.466389	9.56518	0.47508	0.463663	0.388435	0.0618015
20250	0.0374048	0.10528	3.48881	1.68381	0.482633	1.00098	-2.96603	3.57886	1.82133	0.508914	10.1596	0.46424	0.495941	0.402318	0.0621396
20251	0.160976	0.100476	3.77586	1.81904	0.481755	0.990076	-3.01851	3.91479	1.88533	0.48159	14.1518	0.343704	0.481671	0.396447	0.062565
20252	0.0546749	0.102869	4.08343	1.73364	0.424554	0.919801	-3.0553	3.71683	1.76252	0.474199	13.3264	0.374221	0.44821	0.416424	0.0629091
20253	0.133666	0.120659	3.61964	1.65416	0.456997	0.922775	-3.07913	3.65798	1.70587	0.466341	16.4425	0.311347	0.461694	0.43252	0.063072
20254	0.0958646	0.0535513	3.63731	1.77703	0.488557	0.95124	-3.03204	3.66638	1.66953	0.455363	13.0126	0.365834	0.471894	0.408616	0.0630337
20255	-0.00431246	0.0552653	4.01234	1.77741	0.442985	0.905715	-3.04014	3.78999	1.74029	0.459182	11.5698	0.414075	0.450853	0.40522	0.063273
20256	0.0693643	0.0433795	3.67387	1.85023	0.503618	1.02629	-2.99949	3.98404	1.93646	0.486054	10.1114	0.45785	0.494481	0.379497	0.0635443
20257	0.0742191	0.0583252	3.8037	1.81614	0.477468	0.98816	-2.9778	3.86414	1.84051	0.476305	11.0357	0.417644	0.476882	0.386706	0.0634173
20258	0.0117101	0.0393637	3.63691	1.85537	0.510151	1.08386	-2.97632	3.98026	1.93065	0.485057	7.91154	0.574752	0.497038	0.37532	0.0634351
20259	0.0154365	0.0645925	3.89816	1.85118	0.474886	1.0279	-3.0021	3.6271	1.82763	0.503883	9.17456	0.512538	0.488863	0.39003	0.0636501
20260	-0.00217782	0.0688439	3.95859	1.77879	0.449351	0.968281	-3.02133	3.54788	1.7433	0.491366	10.1394	0.470895	0.469209	0.404104	0.063866
20261	0.164795	0.123979	3.79902	1.70001	0.447487	1.01466	-3.02012	3.79676	1.7321	0.456205	13.6865	0.361135	0.451845	0.418749	0.0641897
20262	0.153207	0.122668	3.70983	1.66168	0.447912	0.930813	-3.04069	3.73096	1.74406	0.467454	16.5492	0.302336	0.457711	0.423606	0.0644487
20263	0.142419	0.187169	3.52329	1.55855	0.442357	0.943644	-3.0197	3.64288	1.6781	0.460653	16.0197	0.32098	0.451658	0.442815	0.0640675
20264	0.257479	0.149711	3.93104	1.75601	0.446705	0.947859	-3.05971	3.79551	1.78112	0.469269	21.6111	0.238312	0.457789	0.421424	0.0644281
20265	0.163532	0.118636	3.91418	1.77579	0.45368	0.996783	-3.01244	3.87903	1.73941	0.448413	14.1201	0.347153	0.451058	0.410927	0.0650822
20266	0.156446	0.189272	4.17749	1.92514	0.460837	0.902581	-3.03765	3.83223	1.80764	0.471694	18.7043	0.278359	0.466031	0.410986	0.0652607
20267	0.192474	0.156043	3.60537	1.72849	0.47942	1.0937	-2.97749	3.67067	1.69291	0.4612	12.0893	0.406103	0.470228	0.417871	0.0655082
20268	0.346856	0.23087	3.72786	1.81445	0.486726	1.0546	-2.93072	3.62823	1.76912	0.487599	19.9556	0.250448	0.487157	0.410959	0.0657997
20269	0.234958	0.24907	3.46404	1.56652	0.452225	1.19198	-2.91021	3.68202	1.80528	0.490297	10.8976	0.457946	0.471841	0.425421	0.0662818
20270	0.229254	0.28058	3.50459	1.64325	0.468887	1.07288	-2.87881	3.49012	1.7561	0.503165	14.0253	0.35585	0.485991	0.423451	0.0666536
20271	0.454143	0.363248	3.56023	1.72215	0.483717	1.17384	-2.88057	3.51764	1.77621	0.504944	20.3146	0.258984	0.494267	0.429329	0.0665906
20272	0.263461	0.305972	3.8531	1.883	0.488696	1.16695	-2.90908	3.57359	1.83246	0.512778	12.6629	0.408145	0.500284	0.410328	0.0671335
20273	0.288763	0.26956	3.70924	1.8712	0.504471	1.1513	-2.8579	3.97252	1.83575	0.462113	13.1471	0.371983	0.482566	0.397579	0.0672462
20274	0.231878	0.250087	3.70909	1.81236	0.488628	1.09113	-2.87654	3.89538	1.94099	0.498279	13.2407	0.36916	0.493572	0.394477	0.0672492
20275	0.297899	0.279018	3.94388	1.78367	0.452262	1.05707	-2.86579	3.99806	1.89056	0.47287	17.1598	0.288169	0.462636	0.402362	0.0674331
20276	0.317718	0.326839	3.64353	1.77239	0.48645	1.17957	-2.89708	3.83461	1.92031	0.500784	13.9929	0.371391	0.4938	0.413151	0.0678595
20277	0.30316	0.326969	3.77043	1.88735	0.500565	1.14582	-2.85924	3.75637	1.71809	0.457379	14.2969	0.355039	0.479013	0.413244	0.0678583
20278	0.3048	0.296639	3.70807	1.76482	0.475941	1.11612	-2.86126	3.75005	1.9146	0.510554	15.1499	0.329121	0.493345	0.404022	0.0679125
20279	0.40264	0.426613	3.84621	1.79063	0.465558	1.03169	-2.94411	3.55512	1.72553	0.485365	28.7124	0.197854	0.475072	0.446972	0.0685052
20280	0.401425	0.412745	3.61583	1.90194	0.526005	0.991704	-2.95633	3.69481	1.69051	0.457538	32.5767	0.174214	0.491402	0.441431	0.0685823
20281	0.277533	0.338403	3.80597	1.83026	0.480892	1.10386	-2.91148	3.51652	1.67564	0.476504	15.4681	0.341406	0.478784	0.429718	0.0685615
20282	0.320529	0.335181	3.88169	1.73766	0.447655	1.2394	-2.84559	3.77035	1.64587	0.43653	11.9826	0.422166	0.442174	0.427889	0.0688584
20283	0.371619	0.352483	3.63368	1.8469	0.508272	1.09634	-2.89385	3.52978	1.61341	0.457086	20.065	0.262614	0.48305	0.432392	0.0693474
20284	0.334009	0.379173	3.87665	1.90087	0.490337	1.09365	-2.86371	3.7299	1.83793	0.492757	18.224	0.288528	0.491524	0.412986	0.0696795
20285	0.467982	0.442067	3.88834	1.87915	0.483279	1.22667	-2.80121	3.61644	1.66167	0.459476	18.2744	0.287803	0.471809	0.426296	0.069963
20286	0.387535	0.43438	3.92604	1.9015	0.48433	1.20761	-2.78867	3.48574	1.7329	0.497139	15.4463	0.336264	0.490354	0.416883	0.0704031
20287	0.349643	0.395699	3.82419	1.79767	0.470079	1.17822	-2.80947	3.48996	1.7298	0.495652	14.9637	0.343268	0.482281	0.421445	0.0703487
20288	0.387231	0.39994	3.68435	1.83963	0.499309	1.14486	-2.85989	3.78632	1.78677	0.471902	18.5129	0.287002	0.485418	0.422947	0.0705389
20289	0.379062	0.395382	4.06327	1.8354	0.451705	1.18489	-2.80815	3.86151	1.76812	0.457882	15.8042	0.32468	0.454715	0.416005	0.0710179
20290	0.320252	0.39905	3.84252	1.91794	0.499135	1.20742	-2.78567	3.80715	1.88753	0.495785	12.8863	0.393536	0.497468	0.399991	0.0711587
20291	0.450964	0.493272	3.61644	1.85057	0.51171	1.19901	-2.78516	3.90905	1.9517	0.499277	19.208	0.279783	0.505252	0.414193	0.0718533
20292	0.573332	0.564284	3.84884	1.92046	0.498972	1.1642	-2.80487	3.67454	1.83228	0.498642	32.5131	0.174563	0.498811	0.430709	0.0717827
20293	0.566465	0.57154	3.81724	1.83706	0.481254	1.1748	-2.85814	3.54868	1.61482	0.455048	31.7854	0.185034	0.468629	0.460141	0.0721611
20294	0.519653	0.548361	3.80833	1.83068	0.480704	1.25236	-2.78718	3.56612	1.65907	0.465232	20.7242	0.268426	0.473222	0.443652	0.072222
20295	0.527389	0.464643	3.72329	1.94248	0.52171	1.1586	-2.79811	3.36347	1.59087	0.472985	26.7192	0.199211	0.498584	0.429743	0.072394
20296	0.343707	0.3991	3.84952	1.92741	0.50069	1.27552	-2.78196	3.94461	1.65488	0.419529	11.6544	0.434136	0.459614	0.414021	0.0728108
20297	0.25344	0.356479	3.97856	1.88117	0.472828	1.20207	-2.83363	3.518	1.76285	0.501094	11.3088	0.44995	0.486093	0.411256	0.072529
20298	0.419051	0.326077	3.47459	1.77144	0.509828	1.08938	-2.84535	3.79666	1.66513	0.438579	22.3836	0.224672	0.472626	0.42265	0.0725431
20299	0.305506	0.313442	3.6846	2.00085	0.543031	1.10402	-2.83543	3.84194	1.70164	0.442911	15.5507	0.318809	0.491924	0.401142	0.0728452
20300	0.349174	0.342049	3.86759	1.96459	0.507962	1.11384	-2.85255	3.73946	1.76035	0.47075	17.4539	0.292355	0.48967	0.406629	0.0729369
20301	0.315603	0.356419	3.80481	1.86759	0.49085	1.16495	-2.83342	3.79843	1.7303	0.455532	14.1048	0.360694	0.473205	0.414303	0.0733085
20302	0.306918	0.315435	4.13287	2.02024	0.488823	1.23771	-2.81597	3.778	1.94584	0.515044	11.3182	0.433183	0.501345	0.382109	0.0737108
20303	0.218711	0.260396	3.96928	1.97098	0.496559	1.14792	-2.87359	3.79264	1.96804	0.518911	11.3754	0.431714	0.507481	0.384115	0.0742143
20304	0.139129	0.19368	3.96907	1.9786	0.498505	1.08514	-2.89523	4.13757	1.91424	0.462648	10.6616	0.447467	0.480204	0.38006	0.0744397
20305	0.0731054	0.188575	3.89004	2.02364	0.52021	1.15805	-2.86108	3.8691	1.80371	0.466184	7.901	0.588556	0.49327	0.378031	0.0744572
20306	0.100724	0.171052	4.20976	2.00073	0.47526	1.1168	-2.90233	3.61952	1.74142	0.481121	9.14925	0.5162	0.477969	0.38701	0.0750608
20307	0.0547436	0.11274	4.2299	2.0034	0.473629	1.15602	-2.88598	3.53446	1.62856	0.460767	7.41451	0.606401	0.467774	0.382442	0.0750653
20308	0.0669845	0.123376	3.96083	1.84045	0.464663	1.02849	-2.90717	3.91973	1.7075	0.435616	9.93442	0.462243	0.450215	0.393011	0.0753211
20309	0.128037	0.14118	3.48794	1.81823	0.52129	1.06801	-2.94224	3.46483	1.72092	0.496681	10.7606	0.441771	0.509027	0.401888	0.0757968
20310	0.161895	0.157802	3.66637	1.88328	0.513663	1.0566	-2.951	3.64519	1.84526	0.506217	12.0734	0.400244	0.509951	0.39333	0.075644
20311	0.166858	0.178839	3.65062	1.71324	0.469302	1.10972	-2.94766	3.58496	1.78948	0.499163	10.9955	0.444498	0.484097	0.411078	0.0757982
20312	0.163268	0.1699	4.02319	1.84657	0.45898	1.0258	-2.96935	3.54411	1.82902	0.516072	13.2464	0.371983	0.485719	0.401423	0.0757473
20313	0.178859	0.159365	4.15457	1.94942	0.469223	1.04491	-2.93633	3.82567	1.76153	0.46045	12.7771	0.375021	0.465018	0.392443	0.0758428
20314	0.224481	0.152717	3.89658	1.7991	0.461713	1.09457	-2.97193	3.66181	1.89446	0.517356	12.8967	0.378523	0.48867	0.398016	0.0760121
20315	0.0514603	0.13872	3.94976	1.88919	0.478304	1.02003	-2.94496	3.74014	1.74758	0.46725	10.1361	0.469068	0.472928	0.395407	0.0764095
20316	0.165246	0.129022	3.63981	1.80872	0.496926	1.0975	-2.94117	3.71258	1.74933	0.471189	10.8457	0.434552	0.48393	0.398546	0.0763854
20317	0.143268	0.183829	3.73334	1.72472	0.461978	1.05134	-2.99993	3.7612	1.8141	0.482319	12.2926	0.412293	0.472187	0.417398	0.076335
20318	0.0316453	0.134991	3.65077	1.63529	0.44793	0.950077	-2.966	3.85421	1.86436	0.483722	11.4001	0.421758	0.466311	0.407331	0.076531
20319	0.094996	0.0810373	3.43965	1.59492	0.463686	1.13202	-2.92419	3.87087	1.84366	0.476292	8.39806	0.537708	0.470361	0.396482	0.0770078
20320	0.052811	0.092095	3.50106	1.707	0.487567	1.10556	-2.91841	3.99469	1.91321	0.478939	8.17761	0.554143	0.482969	0.385063	0.0768076
20321	0.0216119	0.0627779	4.1669	1.95059	0.468116	1.09961	-2.91573	3.72269	1.80425	0.484663	7.63418	0.581037	0.475923	0.371451	0.0771137
20322	-0.052222	0.0385335	3.63613	1.8458	0.507628	1.01599	-2.97062	3.64517	1.86737	0.512286	7.93554	0.570533	0.50996	0.378866	0.0771064
20323	0.000132013	0.046254	3.69746	1.74521	0.472002	1.03057	-2.94866	3.97695	1.84456	0.463814	8.44754	0.530896	0.467759	0.384605	0.0774311
20324	0.100713	0.043088	4.06633	1.91384	0.470656	1.03363	-2.87834	3.69681	1.75399	0.47446	9.80626	0.435167	0.472467	0.367897	0.0778535
20325	0.183779	0.123634	3.60525	1.65706	0.459626	1.05065	-2.89955	3.61102	1.84981	0.512268	12.1625	0.375733	0.485968	0.394629	0.0782669
20326	0.055309	0.0928161	3.69059	1.68891	0.457625	0.975334	-2.97602	3.87201	1.94592	0.50256	11.1262	0.423223	0.480632	0.393229	0.0784627
20327	0.0794893	0.153014	3.66218	1.62764	0.444444	1.02354	-2.98367	3.88657	2.04807	0.526962	11.0394	0.445618	0.486929	0.401022	0.0788002
20328	0.130003	0.169036	3.74783	1.87225	0.499557	1.11732	-2.93532	4.06391	2.03694	0.501227	9.88619	0.487397	0.500426	0.381422	0.0789647
20329	0.131029	0.16585	3.45515	1.84773	0.534777	1.08883	-2.90203	3.97353	1.87962	0.473035	10.2594	0.458694	0.501752	0.3871	0.07912
20330	0.104281	0.114449	3.84414	1.88155	0.489459	1.1877	-2.84242	3.91148	1.86814	0.477605	7.44862	0.586893	0.483481	0.368373	0.0793965
20331	0.14342	0.130654	3.76428	1.67216	0.444218	1.13913	-2.8137	3.86219	1.83716	0.475679	8.74413	0.495717	0.46015	0.381913	0.0792449
20332	0.16169	0.171234	3.76983	1.69209	0.44885	1.2688	-2.76182	3.88161	1.86134	0.479528	7.01872	0.612847	0.464413	0.37716	0.0796109
20333	0.25895	0.271815	3.85415	1.90903	0.495317	1.21928	-2.72801	3.83371	1.93282	0.504166	9.75781	0.461115	0.499729	0.369435	0.079606
20334	0.284059	0.363331	3.95295	1.74596	0.441685	1.1944	-2.75582	3.75815	1.97066	0.524369	11.7398	0.414363	0.481982	0.395682	0.0800305
20335	0.310002	0.333672	3.7182	1.77756	0.478071	1.29382	-2.7304	3.87957	1.69646	0.437282	9.69995	0.483948	0.457243	0.403328	0.0800732
20336	0.281704	0.338883	3.88784	1.87501	0.482275	1.29248	-2.7145	3.90773	1.94186	0.496928	9.12533	0.510837	0.48962	0.379252	0.0801612
20337	0.346214	0.36023	3.85883	1.93852	0.50236	1.35206	-2.57158	3.74089	1.89426	0.506367	8.49583	0.505865	0.504332	0.359359	0.0804053
20338	0.328489	0.352522	3.90007	1.98856	0.509878	1.46435	-2.59053	4.0868	2.01596	0.493285	6.71343	0.645091	0.501388	0.351073	0.0804063
20339	0.463482	0.393758	3.95593	1.89538	0.479124	1.42487	-2.56747	3.94622	1.91934	0.486375	9.48732	0.462136	0.482745	0.365063	0.0803795
20340	0.287969	0.386724	3.87915	1.84013	0.474365	1.40192	-2.57093	3.82951	1.83997	0.480471	7.04956	0.620445	0.477398	0.372866	0.080621
20341	0.364747	0.357347	3.75264	1.8166	0.484086	1.35474	-2.68037	4.11902	1.83331	0.445084	9.41518	0.490044	0.463677	0.387393	0.0813017
20342	0.292283	0.293333	3.66549	1.813	0.494613	1.32746	-2.69562	3.8402	1.75652	0.457403	8.33708	0.535791	0.475575	0.385001	0.0818079
20343	0.198454	0.230105	4.29833	1.8535	0.431214	1.2863	-2.71731	3.94071	1.87062	0.474692	7.34084	0.591706	0.45201	0.368474	0.0820726
20344	0.176786	0.256402	4.0462	2.03498	0.502936	1.25302	-2.74979	3.71697	1.85399	0.498792	7.80229	0.579139	0.500952	0.367586	0.0825734
20345	0.249804	0.268381	3.93069	1.8957	0.482282	1.23779	-2.80753	4.08365	1.85189	0.453489	9.6928	0.488054	0.467611	0.387055	0.0829104
20346	0.229722	0.213042	3.75525	1.75101	0.466284	1.28519	-2.75045	3.68232	1.90162	0.516419	7.88344	0.557009	0.491106	0.375544	0.0832021
20347	0.117595	0.13437	3.68405	1.72626	0.468578	1.21592	-2.80703	4.14752	1.89064	0.45585	7.17208	0.60316	0.461837	0.37434	0.0833333
20348	0.130821	0.169093	3.84297	1.81902	0.473337	1.07116	-2.86112	3.79199	1.8582	0.490033	10.3842	0.442122	0.481629	0.384454	0.0835971
20349	0.180426	0.164463	4.14572	1.93	0.465541	1.12843	-2.90733	3.70273	1.80604	0.487759	10.4993	0.44936	0.476023	0.387153	0.0838479
20350	0.175693	0.215898	3.55991	1.89546	0.532446	1.04533	-2.96788	3.76193	1.8591	0.494188	13.4031	0.378138	0.512789	0.403086	0.0840172
20351	0.209188	0.183214	3.65274	1.77461	0.485829	1.10285	-2.91144	3.68052	1.73075	0.470246	11.9916	0.399316	0.478008	0.40595	0.084339
20352	0.157976	0.144594	3.58547	1.79715	0.501233	1.08502	-2.89609	3.7083	1.74623	0.470897	10.7583	0.429704	0.48581	0.394912	0.0845748
20353	0.12739	0.132536	3.68594	1.81026	0.491127	1.1442	-2.85423	3.93613	1.91792	0.487261	8.62821	0.516953	0.489131	0.374412	0.0847262
20354	0.0258305	0.0964422	3.87705	1.83212	0.472556	1.08778	-2.88037	3.62134	1.76761	0.488109	7.85763	0.563872	0.480067	0.381084	0.08459
20355	0.0572066	0.0757315	3.66766	1.71282	0.467006	1.0632	-2.86135	3.79244	1.76842	0.466301	8.52398	0.50601	0.466648	0.382642	0.0846125
20356	0.0991472	0.0576508	3.8831	1.89301	0.4875	1.07022	-2.87378	3.77319	1.68021	0.445303	9.1129	0.471491	0.466705	0.375597	0.0845178
20357	0.0885576	-0.0160645	4.0049	1.95718	0.488697	1.10122	-2.87151	3.55741	1.7617	0.495221	7.9509	0.512743	0.491766	0.354168	0.0846894
20358	-0.0544199	-0.0823252	3.78296	1.95667	0.517232	1.08811	-2.93418	3.96573	1.84803	0.465999	6.23045	0.652687	0.491011	0.348397	0.0845659
20359	-0.130615	-0.0596266	3.89427	1.83517	0.471247	1.12812	-2.87544	4.07902	1.95302	0.478795	5.00425	0.792205	0.475109	0.343625	0.0844457
20360	0.00162414	0.0159635	3.48506	1.76873	0.507518	1.08042	-2.84902	3.88272	1.92273	0.495202	7.05291	0.581896	0.501028	0.357394	0.0845378
20361	0.0634303	0.0770995	3.60287	1.69735	0.471111	1.18939	-2.82055	3.88668	1.80593	0.464645	6.62283	0.633894	0.467755	0.374796	0.0845859
20362	0.0488532	0.0638584	3.89776	1.76803	0.453602	1.17555	-2.85034	3.76082	1.84163	0.489689	6.68999	0.634722	0.471323	0.370466	0.0848329
20363	0.117112	0.0873862	3.76485	1.84171	0.489185	1.22573	-2.83078	3.86856	1.75975	0.454884	6.92872	0.614523	0.471802	0.371632	0.0849676
20364	0.0810679	0.0802335	3.94194	1.81079	0.459365	1.15215	-2.79311	3.48021	1.76094	0.505986	7.19664	0.573607	0.481226	0.366353	0.0856153
20365	0.0910798	0.0551554	3.87145	1.75755	0.453977	1.26592	-2.78885	3.93614	1.74786	0.444055	5.86007	0.690127	0.448975	0.36594	0.0857792
20366	0.0505416	0.0673428	4.06588	1.87106	0.460187	1.27719	-2.71486	4.09472	1.7781	0.434243	5.14446	0.752331	0.447169	0.346648	0.0858993
20367	0.0542989	0.0711913	3.44439	1.75547	0.50966	1.34716	-2.65887	4.14083	1.89272	0.457086	4.45903	0.835748	0.48096	0.338189	0.0862222
20368	0.0884609	0.0698911	3.98048	1.87856	0.471944	1.29017	-2.6457	3.90145	1.92906	0.494447	5.10659	0.72205	0.483082	0.326341	0.0864097
20369	0.104504	0.0899341	3.92448	1.97049	0.502103	1.34757	-2.65747	3.84064	1.8631	0.485103	4.88492	0.772605	0.493695	0.329978	0.0864824
20370	0.147849	0.103527	3.8029	1.94677	0.511918	1.36069	-2.59878	3.88786	1.79361	0.461336	4.96438	0.735488	0.486348	0.328105	0.086583
20371	0.168795	0.0805256	4.02171	2.02153	0.502653	1.48241	-2.57632	3.81571	1.89443	0.496482	4.0907	0.862792	0.499649	0.310759	0.0867035
20372	0.190414	0.135582	4.07316	1.98013	0.486141	1.45274	-2.55252	3.62556	1.85433	0.511461	4.53466	0.796739	0.498065	0.320352	0.0870825
20373	0.139573	0.123265	3.64093	1.748	0.480097	1.4803	-2.47329	4.12518	1.91321	0.463789	3.75073	0.898775	0.471435	0.315352	0.0870041
20374	0.0812509	0.0831605	4.03739	1.85866	0.460362	1.59944	-2.44789	3.80744	1.82768	0.480029	2.77938	1.15246	0.469907	0.302978	0.0873342
20375	0.160001	0.1518	3.73856	1.69117	0.452359	1.44204	-2.52529	4.05376	1.87008	0.461319	4.36037	0.821814	0.45702	0.334825	0.0873251
20376	0.301362	0.198869	3.57701	1.71929	0.480651	1.51688	-2.63038	3.55087	1.67547	0.471847	5.41778	0.738737	0.476265	0.370982	0.0875504
20377	0.128666	0.206839	3.91752	1.84098	0.469935	1.35498	-2.63126	3.50536	1.59145	0.454003	5.35612	0.751926	0.462412	0.369866	0.0879102
20378	0.211147	0.234372	4.09114	1.9749	0.482728	1.27003	-2.62903	3.56607	1.71508	0.480943	7.31256	0.560614	0.481897	0.357232	0.0879519
20379	0.229025	0.209768	4.13328	1.8929	0.457966	1.45595	-2.58731	3.52846	1.67134	0.473673	5.19723	0.752674	0.465199	0.354437	0.0883536
20380	0.218502	0.250632	3.79462	1.82219	0.480203	1.48503	-2.54365	3.58367	1.74942	0.488165	4.86756	0.802047	0.48407	0.353507	0.0886889
20381	0.277436	0.257282	3.7444	2.03453	0.543352	1.4632	-2.55565	3.9754	1.90764	0.479861	5.62756	0.703022	0.510657	0.33424	0.0892126
20382	0.12559	0.130118	4.11501	2.12135	0.515514	1.37695	-2.59252	4.08483	1.93636	0.474037	4.73388	0.782948	0.494852	0.313629	0.0895334
20383	0.0249879	0.0951551	4.10055	1.91352	0.466649	1.34208	-2.66658	3.74739	1.84869	0.493328	4.39679	0.86736	0.479388	0.336467	0.0894295
20384	0.112211	0.0424806	3.92949	1.99225	0.507001	1.46285	-2.57073	3.48618	1.7996	0.516211	3.74342	0.912118	0.511331	0.310563	0.0897511
20385	0.103972	0.0809614	4.16933	1.98623	0.476391	1.35961	-2.60546	3.84357	1.86699	0.485744	4.57741	0.788315	0.480878	0.31902	0.0898642
20386	0.168839	0.129335	4.00953	1.9385	0.483472	1.51239	-2.53999	3.9168	1.90138	0.485443	3.94725	0.902565	0.484446	0.317002	0.0904001
20387	0.135024	0.149835	3.93727	1.87846	0.477097	1.51539	-2.54483	3.94826	1.83759	0.465419	3.81083	0.952711	0.47125	0.328295	0.0908144
20388	0.0645104	0.152245	3.9191	1.8477	0.47146	1.43263	-2.54296	4.01414	1.80025	0.448478	3.88091	0.935881	0.459832	0.332476	0.0908535
20389	0.136526	0.162528	3.72535	1.84184	0.494406	1.4521	-2.54275	3.44731	1.79708	0.5213	4.22859	0.865364	0.507332	0.334685	0.0908934
20390	0.129844	0.152698	3.70709	1.72572	0.465518	1.52685	-2.47995	3.93385	1.8334	0.466057	3.55131	0.975814	0.465796	0.327541	0.0910023
20391	0.190898	0.175642	3.50936	1.59045	0.453203	1.48183	-2.55634	3.79211	1.90017	0.501085	4.47865	0.833255	0.478071	0.348459	0.0913403
20392	0.174447	0.160907	3.63923	1.78389	0.490183	1.45178	-2.53671	4.01773	1.84103	0.458227	4.46017	0.815793	0.473415	0.33428	0.0916894
20393	0.100455	0.13602	4.07594	1.86257	0.456966	1.42074	-2.53006	3.84909	1.9249	0.500093	4.0777	0.87157	0.477912	0.319456	0.0916608
20394	0.112506	0.0566756	3.79406	1.87269	0.493584	1.45071	-2.55636	4.02737	1.89822	0.47133	3.81284	0.895391	0.482125	0.311721	0.0919848
20395	-0.0224566	0.00757059	4.03825	1.91323	0.473776	1.48784	-2.48944	3.74658	1.86708	0.498343	2.73348	1.1405	0.485599	0.292057	0.0919831
20396	-0.00207564	-0.0190259	3.62859	1.70684	0.470386	1.48765	-2.47985	3.91144	1.86369	0.476472	2.72865	1.10964	0.473543	0.297859	0.0919412
20397	-0.107084	-0.0550351	3.57111	1.64587	0.460886	1.42259	-2.54568	3.77325	1.82167	0.482787	2.65108	1.16995	0.472138	0.309136	0.0922949
20398	-0.070798	-0.0572398	3.95266	1.83657	0.464643	1.45147	-2.50814	3.87461	1.98102	0.511283	2.59222	1.15865	0.48773	0.282417	0.0922062
20399	-0.0492937	-0.059597	4.03809	1.91621	0.474534	1.5127	-2.47842	3.52726	1.94072	0.550207	2.39798	1.21992	0.509816	0.275058	0.0929207
20400	-0.0264052	-0.0459701	4.00026	1.83811	0.459498	1.50272	-2.49843	3.69828	1.82671	0.493935	2.57229	1.16911	0.476041	0.291029	0.0929368
20401	-0.069939	-0.0226923	3.94575	1.90843	0.483669	1.49321	-2.48986	3.5965	1.85921	0.51695	2.49112	1.22172	0.499539	0.287798	0.0933063
20402	0.00626513	-0.124523	3.96596	1.9883	0.501343	1.48441	-2.52767	3.97945	1.88927	0.474756	2.64316	1.09246	0.488027	0.271417	0.0931724
20403	-0.0333674	-0.0789362	3.984	1.96522	0.493278	1.45171	-2.49745	3.79774	1.93264	0.508893	2.65215	1.10273	0.500899	0.272908	0.0935581
20404	-0.076653	-0.0665982	4.07639	1.93546	0.474797	1.44368	-2.50776	3.8684	1.8453	0.477019	2.57817	1.15571	0.475879	0.282767	0.0934688
20405	-0.155052	-0.080778	3.27608	1.75462	0.535584	1.43402	-2.54909	3.95615	1.89554	0.479136	2.41275	1.26257	0.504706	0.294527	0.0937293
20406	-0.111334	-0.0927607	3.87465	1.90255	0.491026	1.51442	-2.55161	4.08088	1.88493	0.461893	2.28747	1.32154	0.476082	0.285344	0.093671
20407	-0.0530104	-0.0366167	3.7252	1.86601	0.500915	1.45298	-2.5203	3.83815	1.91596	0.499188	2.71988	1.134	0.500039	0.289759	0.0938238
20408	-0.050804	-0.0426021	3.98427	1.8811	0.472131	1.47959	-2.54747	4.02434	2.04333	0.507743	2.67894	1.17106	0.490026	0.285663	0.0939604
20409	-0.0774312	-0.0494688	3.89916	1.99797	0.512411	1.51029	-2.49934	3.92154	2.03783	0.519652	2.38086	1.26043	0.516042	0.271123	0.0940585
20410	0.0245593	-0.0569926	3.90274	2.00269	0.51315	1.53896	-2.4738	3.68618	1.74702	0.473938	2.54684	1.1467	0.494103	0.280379	0.0942318
20411	-0.00607085	0.00193612	4.07813	1.99882	0.490132	1.52674	-2.43993	3.85686	1.86824	0.484395	2.53785	1.17476	0.487343	0.278329	0.0945908
20412	0.0378258	0.0261355	3.74693	2.01652	0.538178	1.5863	-2.42367	4.08007	1.98474	0.486447	2.50297	1.19888	0.511211	0.272815	0.0949454
20413	-0.0215723	-0.013752	4.05675	1.97131	0.485935	1.62744	-2.39692	4.26286	1.91841	0.450029	2.08862	1.35963	0.467537	0.267514	0.0949972
20414	-0.0329878	0.0159429	3.86182	1.98684	0.514484	1.55433	-2.42794	4.16393	1.89011	0.453925	2.37048	1.25978	0.483065	0.278148	0.0948985
20415	0.014333	0.0234035	3.94379	1.81551	0.460347	1.44224	-2.42538	3.85193	1.75681	0.456086	2.94103	1.01946	0.458242	0.295706	0.0950965
20416	-0.0381784	-0.0231053	4.12068	1.99664	0.48454	1.51884	-2.4682	3.62944	1.83406	0.50533	2.46607	1.21215	0.494276	0.280764	0.0949422
20417	-0.0851008	-0.0333327	4.08039	1.98316	0.486021	1.48707	-2.48095	3.91386	1.87865	0.479999	2.42375	1.23586	0.483073	0.27955	0.0953366
20418	-0.0905759	-0.0976374	3.80055	1.85148	0.487162	1.58472	-2.46862	4.14534	1.88694	0.455196	2.00297	1.40331	0.470485	0.273319	0.0954001
20419	-0.19483	-0.172009	3.8357	1.96662	0.512714	1.54852	-2.44347	3.84143	1.875	0.4881	1.69762	1.51964	0.500398	0.25146	0.0952646
20420	-0.230992	-0.290799	4.13296	2.10365	0.508993	1.61418	-2.39843	3.75991	1.82706	0.485932	1.3047	1.70234	0.498007	0.220374	0.0956955
20421	-0.318292	-0.332346	3.7204	2.0	0.537578	1.66045	-2.38607	3.96331	1.8926	0.47753	1.07722	1.95771	0.506605	0.213231	0.0957978
20422	-0.388333	-0.406113	4.00758	2.04393	0.510018	1.58168	-2.40168	3.76041	1.87996	0.499936	1.02612	1.94047	0.505137	0.202455	0.0958106
20423	-0.357644	-0.364084	4.09574	2.01573	0.492152	1.60202	-2.41411	3.53144	1.77183	0.501731	1.09435	1.92014	0.496587	0.217243	0.0963561
20424	-0.298019	-0.271978	4.06487	1.96982	0.484597	1.64483	-2.38622	3.76786	1.7703	0.469843	1.18422	1.88733	0.4775	0.230141	0.0961948
20425	-0.313177	-0.346286	3.5952	1.88901	0.525426	1.59149	-2.41552	4.09255	2.01116	0.491419	1.18027	1.81388	0.507323	0.215437	0.0961945
20426	-0.315317	-0.354847	4.01477	1.87778	0.467719	1.63656	-2.40243	4.10031	1.87894	0.458242	1.10048	1.9049	0.46293	0.218229	0.0963304
20427	-0.291879	-0.314629	4.14218	1.86224	0.449581	1.57648	-2.41041	3.91007	1.79239	0.458404	1.25827	1.74537	0.453865	0.231131	0.0962824
20428	-0.302676	-0.372784	3.65634	2.01083	0.549957	1.5603	-2.42964	3.98488	1.79344	0.45006	1.21898	1.73533	0.497861	0.217626	0.0964942
20429	-0.391686	-0.353816	3.93788	1.87524	0.476205	1.49412	-2.48307	3.94034	1.8226	0.462548	1.27485	1.77813	0.469374	0.234692	0.0968077
20430	-0.280111	-0.355911	4.01298	1.91205	0.476468	1.38285	-2.55681	3.75376	1.87802	0.500302	1.75161	1.38272	0.487987	0.242239	0.0968998
20431	-0.248523	-0.265011	3.99033	1.98347	0.497069	1.35723	-2.59306	3.8978	1.90604	0.489006	2.10199	1.28921	0.493085	0.258455	0.0973288
20432	-0.220945	-0.189602	4.05801	1.93995	0.478054	1.40817	-2.6288	4.11376	1.87851	0.456641	2.24177	1.32701	0.467274	0.280436	0.0977312
20433	-0.180223	-0.183661	4.23365	1.99214	0.47055	1.3929	-2.58114	4.00811	1.95291	0.487239	2.32265	1.23736	0.478666	0.267094	0.0978693
20434	-0.160128	-0.148142	3.92163	1.85624	0.473332	1.32963	-2.61648	4.08892	2.00641	0.490694	2.74522	1.10969	0.482195	0.282914	0.0978512
20435	-0.163823	-0.207828	3.94118	1.81091	0.459484	1.42175	-2.55992	3.94646	2.02891	0.51411	2.20059	1.25702	0.486815	0.264909	0.0976158
20436	-0.186204	-0.173573	3.90141	1.90537	0.488381	1.47758	-2.53075	3.73849	1.95204	0.522148	2.0072	1.38409	0.504905	0.264859	0.0973848
20437	-0.258114	-0.228938	3.68559	1.91914	0.520714	1.45204	-2.51928	3.88848	1.80305	0.463689	1.79361	1.46232	0.491438	0.260629	0.0974493
20438	-0.249781	-0.260412	4.04996	1.92986	0.476514	1.48648	-2.51212	4.04717	1.85343	0.457957	1.68187	1.50731	0.467239	0.251051	0.097632
20439	-0.0175449	-0.138285	4.29263	1.99147	0.463928	1.44169	-2.55112	3.76426	1.8142	0.481955	2.73406	1.06468	0.472351	0.276741	0.0975429
20440	-0.113277	-0.164699	3.88372	1.82419	0.469701	1.48918	-2.54499	3.64787	1.77655	0.487012	2.20641	1.28394	0.478086	0.282421	0.0974704
20441	-0.164002	-0.194771	3.86784	1.92548	0.497816	1.52249	-2.49245	3.86711	1.96216	0.507395	1.85614	1.42212	0.502605	0.253544	0.0979913
20442	-0.117073	-0.183017	3.63422	1.80731	0.497305	1.57556	-2.49941	4.06165	1.98749	0.48933	1.87284	1.4325	0.493096	0.261266	0.0983525
20443	-0.253926	-0.216384	3.60964	1.9492	0.539999	1.44889	-2.51571	4.00769	1.99564	0.497952	1.82332	1.4498	0.517877	0.251059	0.0986373
20444	-0.24869	-0.258827	4.07083	1.84642	0.453573	1.4993	-2.53958	4.27283	1.91852	0.449005	1.70246	1.52774	0.451234	0.256829	0.0991892
20445	-0.348694	-0.311945	3.93713	1.85202	0.470399	1.38044	-2.58477	3.92713	1.83199	0.466497	1.72773	1.49495	0.468451	0.259658	0.0991421
20446	-0.209183	-0.264331	3.9082	1.91471	0.48992	1.47291	-2.55157	4.06712	1.84395	0.45338	1.84894	1.41472	0.471286	0.258235	0.0994261
20447	-0.306464	-0.199626	4.21799	1.83503	0.435048	1.49402	-2.51284	4.07924	2.02704	0.496916	1.65063	1.62088	0.465465	0.257362	0.0999967
20448	-0.175293	-0.206	4.01086	2.00757	0.500534	1.49626	-2.48185	3.96989	1.91217	0.481667	1.85372	1.39705	0.491149	0.248409	0.0999317
20449	-0.0613204	-0.0861878	3.85631	1.93816	0.502593	1.66975	-2.43202	4.09097	1.95967	0.479023	1.83639	1.4983	0.49046	0.26097	0.0998924
20450	-0.0845524	-0.124629	4.16471	2.01949	0.484906	1.5138	-2.55288	4.10224	2.02517	0.493674	2.30805	1.27736	0.489257	0.267206	0.100436
20451	-0.0462093	-0.0612403	4.03876	1.95211	0.483344	1.44475	-2.55668	3.90798	1.81545	0.464549	2.80132	1.11148	0.474101	0.292496	0.10032
20452	-0.141459	-0.0841866	3.84072	1.76136	0.4586	1.48137	-2.58466	3.84211	1.86949	0.48658	2.37409	1.31679	0.472592	0.30105	0.101124
20453	-0.130471	-0.108159	3.54793	1.77353	0.499878	1.38418	-2.58597	3.88972	1.85202	0.476132	2.67617	1.14708	0.487459	0.297539	0.101419
20454	-0.0775649	-0.141705	3.71795	1.74825	0.470218	1.53315	-2.52666	3.49941	1.81444	0.518499	2.19241	1.2972	0.493627	0.285376	0.101299
20455	-0.188186	-0.121332	4.05054	1.86893	0.461404	1.50379	-2.55268	3.94718	1.84318	0.46696	2.06493	1.4314	0.464146	0.284856	0.101653
20456	-0.26415	-0.18825	4.16821	1.8169	0.435895	1.3034	-2.63563	4.11826	1.87093	0.4543	2.43758	1.22861	0.445042	0.288887	0.101719
20457	-0.214128	-0.186238	3.78324	1.89754	0.501565	1.35461	-2.64231	3.87182	2.10031	0.54246	2.45122	1.23046	0.522249	0.273999	0.101237
20458	-0.111427	-0.126473	3.70074	1.66	0.448559	1.43903	-2.61219	4.10941	2.04791	0.498347	2.57031	1.20196	0.474756	0.294186	0.101748
20459	-0.106603	-0.160222	3.61297	1.73884	0.481277	1.37838	-2.62658	4.04134	2.09347	0.518013	2.75847	1.10259	0.500673	0.284189	0.10187
20460	-0.0467848	-0.108431	3.6962	1.85503	0.501876	1.39037	-2.62966	4.08832	1.98347	0.485154	3.07762	1.03271	0.493094	0.292891	0.10212
20461	-0.0927628	-0.116175	4.10569	1.89647	0.461913	1.38872	-2.56941	3.95627	1.90958	0.482673	2.74209	1.0974	0.4721	0.283417	0.102692
20462	-0.168927	-0.148432	3.94976	1.87745	0.475334	1.41817	-2.57455	3.60561	1.84599	0.511978	2.33676	1.25944	0.492821	0.283359	0.102863
20463	-0.122585	-0.139812	3.99093	2.04458	0.512308	1.50523	-2.58843	4.14183	1.90903	0.460914	2.26272	1.3249	0.486134	0.275005	0.103135
20464	-0.121179	-0.112141	4.27237	2.04422	0.478475	1.2799	-2.67016	3.58556	1.77657	0.495478	3.33334	0.981516	0.486234	0.299897	0.103478
20465	-0.10803	-0.16584	4.12428	2.11961	0.513936	1.33158	-2.66299	4.04542	2.09406	0.517637	3.00885	1.03624	0.515768	0.270157	0.10403
20466	-0.222255	-0.151388	3.9276	2.0798	0.529534	1.23988	-2.73091	3.54557	1.94036	0.547264	3.11243	1.06893	0.537946	0.292782	0.103881
20467	-0.0155687	-0.0666368	4.15195	1.90422	0.458632	1.31009	-2.64678	3.8605	1.822	0.47196	3.78811	0.878687	0.465054	0.308851	0.104098
20468	0.0746187	0.00411427	3.64545	1.96896	0.540113	1.37419	-2.72637	3.78688	1.85669	0.490296	4.41447	0.844444	0.51473	0.32771	0.104006
20469	-0.0290358	0.0244914	4.03482	2.14566	0.531786	1.30324	-2.7338	3.78764	1.91978	0.506855	4.2864	0.887481	0.519714	0.318844	0.10464
20470	0.0175666	0.093757	4.1866	2.00943	0.479966	1.25088	-2.71089	3.98686	1.98426	0.497699	5.17141	0.76053	0.488616	0.330051	0.105124
20471	0.124501	0.0974458	3.754	1.82459	0.48604	1.34952	-2.7143	3.71428	1.88017	0.506201	5.2683	0.750332	0.496067	0.34801	0.105475
20472	0.0869104	0.148328	3.7116	1.81755	0.489695	1.345	-2.72575	3.84951	1.91127	0.496497	5.21881	0.791399	0.493158	0.356538	0.105826
20473	0.20351	0.135226	3.90276	1.85569	0.475481	1.29494	-2.72378	3.88176	1.83921	0.473806	6.86181	0.595611	0.474646	0.356223	0.106355
20474	0.0998698	0.0973303	3.86963	1.78835	0.46215	1.27149	-2.76601	3.76427	1.70801	0.453743	5.97273	0.686343	0.458005	0.369691	0.106803
20475	0.0909051	0.0420229	3.90446	1.94727	0.49873	1.24798	-2.77584	3.807	1.91727	0.503616	5.9308	0.669415	0.501142	0.339464	0.107014
20476	0.060729	0.0609685	3.74441	1.83114	0.489033	1.1622	-2.77331	3.83224	2.00055	0.522032	6.62122	0.606622	0.505724	0.343999	0.107127
20477	0.00700523	0.0146959	3.71202	1.81792	0.489738	1.20646	-2.7903	4.02672	1.95411	0.485285	5.46884	0.719348	0.487421	0.342854	0.10732
20478	-0.112923	0.00481887	3.82313	1.78495	0.466882	1.33141	-2.78014	3.84158	1.84033	0.479056	3.71793	1.04305	0.472984	0.348586	0.107264
20479	6.8972e-05	0.000403107	3.70744	1.81882	0.490587	1.15996	-2.81955	3.86434	1.82113	0.471265	5.91087	0.672671	0.480726	0.353355	0.107083
20480	0.0182357	-0.015167	3.84277	1.73311	0.451005	1.18926	-2.77914	3.88014	1.92952	0.497281	5.57107	0.685645	0.474255	0.342846	0.107167
20481	-0.0699106	0.000455765	3.85711	1.90469	0.493813	1.18789	-2.77784	3.93672	1.79322	0.45551	4.879	0.791034	0.474466	0.343015	0.107241
20482	0.115289	0.074509	4.38207	1.96322	0.448012	1.28512	-2.71728	4.01267	1.87121	0.466326	5.6953	0.684257	0.456766	0.337055	0.107155
20483	-0.00925473	0.0543087	4.19791	1.98348	0.472492	1.30436	-2.71666	4.16732	1.95657	0.469504	4.4497	0.862788	0.471003	0.327704	0.107769
20484	-0.000537373	-0.0311583	3.62509	1.74275	0.480747	1.41335	-2.70494	3.97795	1.89066	0.475284	3.57618	0.999543	0.477889	0.329824	0.107996
20485	-0.0900953	-0.0924546	4.01927	1.77173	0.440808	1.26233	-2.73462	3.84358	2.00891	0.522666	3.81677	0.914523	0.480823	0.315942	0.108085
20486	-0.106171	-0.0868936	3.76077	1.76454	0.469196	1.2629	-2.75892	4.02164	1.9722	0.490398	3.80915	0.937181	0.480153	0.323369	0.108214
20487	-0.0415764	-0.0555721	4.05584	1.82502	0.449975	1.27848	-2.7452	3.67632	1.88952	0.51397	4.15143	0.871275	0.480402	0.327559	0.108977
20488	-0.0695344	-0.0745849	3.98888	1.88507	0.47258	1.2317	-2.80241	3.9723	1.82797	0.460179	4.39462	0.846606	0.466393	0.333892	0.109206
20489	-0.00279804	-0.00907044	3.86004	1.84337	0.477551	1.15616	-2.82728	3.92734	1.88723	0.480536	5.91305	0.67159	0.479056	0.347475	0.109236
20490	-0.0225552	-0.0266238	3.95493	1.94244	0.491144	1.23053	-2.77208	3.97954	1.85404	0.465892	4.80029	0.785109	0.478479	0.331818	0.10947
20491	-0.0175392	0.00560173	3.93274	2.02213	0.514178	1.21942	-2.77018	3.84588	1.80252	0.468689	5.03573	0.765028	0.491688	0.335058	0.109809
20492	0.113408	0.0566143	3.8913	1.852	0.475932	1.28175	-2.73553	3.92411	1.93746	0.493733	5.71132	0.682511	0.48487	0.339753	0.110136
20493	0.0437018	0.0565478	3.82583	1.73178	0.452655	1.27436	-2.78492	4.25738	1.9929	0.468105	5.33101	0.757264	0.460793	0.351573	0.110179
20494	0.0526586	0.062384	3.82447	1.89557	0.495642	1.25418	-2.69182	3.81911	1.98433	0.519579	5.25445	0.721831	0.507602	0.328419	0.110242
20495	0.126178	0.0984059	3.7837	1.91736	0.506743	1.22465	-2.7248	3.84122	2.036	0.530039	6.60551	0.603322	0.518478	0.335233	0.111049
20496	0.167112	0.189681	3.91588	1.87592	0.479055	1.25358	-2.78768	4.20606	2.00213	0.476011	7.50979	0.590209	0.477479	0.363767	0.111508
20497	0.237082	0.262949	3.86451	1.72851	0.447277	1.22369	-2.80391	3.9547	1.91987	0.485465	9.66267	0.486698	0.466591	0.392034	0.112186
20498	0.243124	0.263149	3.94575	1.78453	0.452267	1.21261	-2.83028	3.9255	1.89074	0.481656	10.1811	0.469955	0.466924	0.394398	0.112492
20499	0.357447	0.276955	3.61307	1.74243	0.482259	1.23309	-2.75694	3.80605	1.84976	0.486006	12.0045	0.383377	0.484181	0.390582	0.112542
20500	0.256284	0.207807	3.87827	1.86193	0.480093	1.27688	-2.76239	3.81307	1.80223	0.472644	8.46962	0.520808	0.4764	0.375866	0.112906
