cycle	Zbar1	Gbar1	VP1	VG1	h21	Zbar2	Gbar2	VP2	VG2	h22	h2b	h2b_denom	h2w	Qst	Fst
20000	0.274212	0.303506	3.60917	1.72802	0.478787	4.1951	0.165939	3.7205	1.75821	0.472574	0.00123099	7.68667	0.475634	0.00135592	0.000374483
20001	0.27277	0.276608	3.6461	1.68583	0.462366	4.14427	0.115459	3.7457	1.66019	0.443227	0.00173259	7.49427	0.452668	0.00193749	0.000597148
20002	0.324349	0.305114	3.75187	1.63205	0.434996	4.09134	0.095642	3.58614	1.70014	0.474086	0.00309217	7.09513	0.4541	0.00328287	0.000903257
20003	0.321941	0.305638	3.75067	1.63785	0.436682	4.11609	0.0606092	3.87136	1.87304	0.483821	0.00417066	7.19777	0.460625	0.00425911	0.00114005
20004	0.241568	0.282944	3.6554	1.72884	0.472955	3.95379	-0.00361307	3.54226	1.75557	0.495608	0.00595873	6.89031	0.484103	0.00586001	0.00139846
20005	0.137436	0.221015	3.62378	1.73845	0.479732	3.80987	-0.139044	3.95013	1.84164	0.466222	0.00961261	6.74338	0.472686	0.00897629	0.00158853
20006	0.278949	0.241878	3.81307	1.75604	0.460533	3.94754	-0.13772	4.07744	1.85947	0.456038	0.0107065	6.72927	0.45821	0.00987021	0.00181014
20007	0.288559	0.249772	3.62609	1.89413	0.522362	3.86125	-0.173696	3.67464	1.74324	0.474397	0.0140491	6.38205	0.49822	0.0121811	0.0021206
20008	0.283243	0.249254	3.62765	1.86287	0.513519	3.75504	-0.15892	3.73973	1.61735	0.432477	0.0138224	6.02668	0.472382	0.0118324	0.00235628
20009	0.12803	0.221359	4.02207	1.75028	0.435169	3.77057	-0.239522	3.6957	1.66748	0.451193	0.0160092	6.63403	0.442842	0.0153071	0.00258506
20010	0.13352	0.201767	3.95438	1.79748	0.454554	3.73529	-0.269638	3.55999	1.66776	0.468472	0.0171299	6.48637	0.461148	0.0157871	0.00281361
20011	0.279435	0.245399	3.85735	1.84409	0.478072	3.75264	-0.248606	3.79173	1.72413	0.454708	0.0202303	6.03159	0.46649	0.0168191	0.00315219
20012	0.285301	0.243961	3.64533	1.67056	0.458274	3.65862	-0.323417	3.67727	1.87035	0.508624	0.0282899	5.68963	0.483559	0.0222343	0.00342673
20013	0.30503	0.285942	3.67376	1.71875	0.467846	3.54005	-0.390965	3.85735	1.94129	0.503269	0.0437828	5.23269	0.485989	0.0303626	0.00364727
20014	0.165928	0.223516	3.76821	1.76853	0.46933	3.60907	-0.358562	3.9412	1.96344	0.498184	0.0285793	5.92762	0.484081	0.0222039	0.003908
20015	0.260009	0.217653	3.93763	1.8794	0.477293	3.54454	-0.429755	3.95245	1.92135	0.486117	0.0388517	5.39408	0.481713	0.0268428	0.00418594
20016	0.291553	0.22061	3.9433	1.93361	0.490353	3.42924	-0.520764	3.84759	1.8763	0.487655	0.0558285	4.92254	0.489021	0.0348275	0.00440306
20017	0.206069	0.225678	3.53977	1.80561	0.510093	3.38874	-0.586363	3.93632	1.8825	0.478238	0.0650986	5.06471	0.493321	0.0428064	0.0046434
20018	0.118793	0.120062	3.8831	1.7602	0.453299	3.46169	-0.59844	3.84325	1.76851	0.460159	0.0461965	5.5875	0.456711	0.0353012	0.00492609
20019	0.243899	0.164164	3.74011	1.69292	0.45264	3.43913	-0.632958	4.01316	1.81878	0.453205	0.0622365	5.10475	0.452932	0.0432978	0.00513738
20020	0.154264	0.173293	3.93003	1.82289	0.463835	3.22455	-0.725493	3.62648	1.78842	0.493157	0.085695	4.71333	0.477907	0.0529861	0.00536195
20021	0.170931	0.139199	4.17542	1.81927	0.435711	3.25988	-0.803587	3.84928	1.81791	0.472273	0.093155	4.77079	0.453249	0.0576039	0.00555278
20022	0.228416	0.150543	3.4996	1.99498	0.57006	3.08206	-0.872448	3.94202	1.65836	0.420688	0.128512	4.07163	0.490934	0.0668587	0.00575999
20023	0.176429	0.174493	3.77924	1.82628	0.48324	3.09476	-0.862513	3.49657	1.72071	0.492114	0.126268	4.25833	0.487505	0.070488	0.00594516
20024	0.150082	0.109684	3.50687	1.61582	0.460759	3.07597	-0.874904	3.81963	1.8132	0.474706	0.113238	4.28041	0.46803	0.0660423	0.0061132
20025	0.0918761	0.0988617	3.26625	1.7354	0.531314	3.07892	-0.928629	3.83027	1.87143	0.488589	0.118324	4.46121	0.508253	0.0682184	0.00639415
20026	0.116346	0.141132	3.90267	1.85941	0.476446	3.14392	-0.863365	3.36319	1.77034	0.526387	0.11008	4.5831	0.499562	0.0650106	0.00662793
20027	0.203963	0.195458	3.9736	1.73071	0.435553	2.96108	-0.981627	3.6692	1.68745	0.459897	0.182266	3.80085	0.44724	0.0920535	0.00687825
20028	0.331602	0.214028	3.67402	1.77356	0.48273	2.98268	-1.00091	3.60243	1.75311	0.486648	0.21002	3.51412	0.48467	0.0947673	0.00714517
20029	0.271678	0.249178	3.64006	1.73933	0.47783	3.00855	-1.05443	3.8783	1.72953	0.44595	0.226876	3.74522	0.461385	0.109161	0.00732335
20030	0.182881	0.250591	3.86743	1.7162	0.443757	2.89228	-1.11973	3.85594	1.69765	0.440267	0.255801	3.67041	0.442015	0.120942	0.00742054
20031	0.285033	0.254939	3.78124	1.69747	0.448919	2.85554	-1.20981	3.67756	1.85804	0.505237	0.324703	3.30375	0.476687	0.131138	0.00777229
20032	0.178448	0.269415	3.83005	1.81888	0.474897	2.74249	-1.27494	3.60938	1.92064	0.532124	0.362778	3.28716	0.502662	0.137579	0.00796396
20033	0.199853	0.206883	3.3349	1.7039	0.510931	2.73113	-1.34024	3.87744	1.81462	0.467994	0.373571	3.20367	0.487848	0.145413	0.00817843
20034	0.283591	0.204346	3.84315	1.71459	0.44614	2.62536	-1.35322	3.71466	1.7607	0.473986	0.442385	2.74195	0.459826	0.14865	0.00833584
20035	0.058678	0.154952	3.58278	1.61504	0.450777	2.56415	-1.42871	3.6713	1.70607	0.464706	0.399527	3.1387	0.457826	0.158877	0.00855909
20036	0.186508	0.192071	3.70193	1.60505	0.433572	2.53159	-1.48293	3.72365	1.7409	0.467524	0.510167	2.74971	0.450598	0.173371	0.00875519
20037	0.160722	0.158393	3.67973	1.77047	0.48114	2.37452	-1.59425	4.28768	1.79759	0.419245	0.626775	2.45045	0.447831	0.177181	0.00898073
20038	0.102832	0.178182	3.94166	1.78186	0.452059	2.46203	-1.55479	4.02226	2.01912	0.501988	0.53958	2.78291	0.477276	0.165015	0.00933934
20039	0.214853	0.199871	3.80756	1.73182	0.454836	2.38098	-1.58342	4.0052	1.85517	0.46319	0.677758	2.34606	0.459118	0.181505	0.00952417
20040	0.116154	0.194419	3.75004	1.65501	0.441332	2.40856	-1.57159	4.1551	1.93444	0.465558	0.593478	2.62755	0.454066	0.178529	0.00980214
20041	0.198954	0.179825	3.59303	1.60764	0.447433	2.56562	-1.48508	3.77147	1.79413	0.475712	0.494886	2.80055	0.461915	0.169306	0.00997695
20042	0.15247	0.107386	3.62915	1.67421	0.461323	2.42116	-1.50713	4.14688	1.9944	0.48094	0.506447	2.57348	0.471785	0.150903	0.0102362
20043	0.0506568	0.0391898	3.6321	1.72402	0.474663	2.52566	-1.48405	3.92388	1.92227	0.489891	0.378779	3.06282	0.482571	0.137309	0.0106129
20044	0.0407615	0.0768325	3.72159	1.67209	0.449293	2.43991	-1.53895	3.94468	1.74784	0.44309	0.45358	2.87795	0.446101	0.160331	0.0109249
20045	0.03641	0.0509716	3.59722	1.73505	0.482332	2.37536	-1.59596	3.44403	1.77375	0.515023	0.495801	2.73534	0.498322	0.162024	0.0111884
20046	-0.00795733	0.00803191	3.83241	1.78782	0.4665	2.34163	-1.64823	3.6604	1.82016	0.497259	0.496908	2.76029	0.481526	0.159787	0.0115195
20047	-0.0498854	-0.0422199	3.55272	1.70609	0.48022	2.38203	-1.65751	3.74701	1.80247	0.481043	0.441166	2.9571	0.480643	0.156834	0.0119314
20048	0.032194	0.0138986	3.75357	1.64793	0.43903	2.25997	-1.71767	4.05702	1.87461	0.462066	0.604142	2.48148	0.450996	0.175532	0.0122112
20049	0.0417794	0.0544433	3.79762	1.74767	0.460202	2.32483	-1.73458	3.88032	1.7733	0.456998	0.614047	2.60616	0.458583	0.185248	0.0122474
20050	0.138484	0.0597195	4.08695	1.86781	0.457018	2.14913	-1.70972	3.61261	1.7481	0.483889	0.774461	2.02135	0.469626	0.178021	0.0126124
20051	0.117818	0.109602	3.6915	1.9058	0.516265	2.20299	-1.78599	4.09426	1.78117	0.43504	0.826427	2.17397	0.473552	0.195992	0.012862
20052	0.0998318	0.10312	3.40871	1.74324	0.511407	2.18555	-1.80042	3.70409	1.64599	0.44437	0.832931	2.17512	0.476497	0.21099	0.0130563
20053	0.123095	0.167679	3.73151	1.74939	0.468814	2.17338	-1.7973	3.94093	1.88504	0.478325	0.918516	2.10184	0.473699	0.209941	0.0134128
20054	0.16889	0.22025	3.87285	1.81356	0.468274	2.19679	-1.81074	3.71442	1.78431	0.480373	1.00305	2.05618	0.474197	0.222858	0.0136788
20055	0.14526	0.171984	3.80099	1.84376	0.485075	2.3308	-1.74869	3.78657	1.70025	0.449022	0.772304	2.38829	0.467082	0.206573	0.0141314
20056	0.101937	0.12301	3.69724	1.73561	0.469434	2.16011	-1.82322	3.78248	1.65224	0.436814	0.894179	2.11803	0.452939	0.218538	0.0142104
20057	0.161721	0.142853	3.53623	1.64435	0.464999	2.13741	-1.84843	3.55692	1.72525	0.48504	1.01585	1.95167	0.475049	0.227404	0.0145408
20058	0.253838	0.226729	3.82069	1.76424	0.461759	2.34496	-1.74771	3.73263	1.84984	0.495586	0.891514	2.1864	0.478476	0.212477	0.0146805
20059	0.265575	0.234808	3.87687	1.85506	0.478496	2.29816	-1.74957	3.71577	1.77524	0.477758	0.953133	2.0657	0.478135	0.213409	0.0149841
20060	0.292226	0.230795	3.92918	1.81061	0.460811	2.21865	-1.79261	3.98885	1.93792	0.485835	1.10322	1.85556	0.473418	0.21457	0.0151561
20061	0.255186	0.215709	3.65139	1.72691	0.472945	2.24921	-1.75439	3.79532	1.78121	0.469318	0.976145	1.98807	0.471096	0.21675	0.0151627
20062	0.134968	0.178745	3.62109	1.7372	0.479744	2.22137	-1.80117	3.84621	1.74477	0.453634	0.900529	2.17654	0.466296	0.219723	0.01551
20063	0.147318	0.177507	3.76447	1.69673	0.450723	2.20396	-1.78497	4.01906	1.81726	0.45216	0.910526	2.11489	0.451465	0.215155	0.0157543
20064	0.271653	0.221984	3.84456	1.86887	0.486107	2.12805	-1.85412	3.47151	1.73548	0.49992	1.2507	1.72311	0.492661	0.230242	0.0159439
20065	0.265329	0.194494	3.74206	1.78555	0.477157	2.15667	-1.85926	3.76146	1.68836	0.448857	1.17911	1.78859	0.462971	0.232948	0.0161261
20066	0.122389	0.146042	3.41233	1.69803	0.497617	2.05397	-1.95075	3.66318	1.63189	0.445483	1.17838	1.86551	0.470626	0.248258	0.0166904
20067	0.0258586	0.0493102	3.79991	1.6238	0.427327	2.14269	-1.90652	3.52618	1.65881	0.470428	0.853673	2.24049	0.448072	0.225692	0.0168755
20068	0.0921034	0.033781	3.64459	1.64564	0.451531	2.04166	-1.93806	3.68531	1.65681	0.449573	1.023	1.90038	0.450546	0.227493	0.0171113
20069	0.0881875	0.0380652	3.72163	1.64635	0.442372	2.06195	-1.87813	3.71255	1.67707	0.451731	0.942521	1.94786	0.447046	0.216513	0.0171994
20070	0.0335167	-0.000607924	3.90114	1.8184	0.46612	2.05843	-1.90564	3.54658	1.73061	0.487965	0.8851	2.05014	0.476523	0.203678	0.0176174
20071	-0.0608532	-0.0453295	4.21866	1.90143	0.45072	2.0891	-1.91908	4.02763	1.6963	0.421167	0.759564	2.31116	0.436286	0.1962	0.0179057
20072	0.0108918	-0.0621821	3.88013	1.89594	0.488628	2.02511	-1.9124	3.74524	1.67856	0.448186	0.843787	2.02853	0.468765	0.193252	0.0179195
20073	-0.12125	-0.113241	3.50181	1.80318	0.514927	2.10276	-1.94767	3.88674	1.67167	0.430096	0.68034	2.47311	0.470302	0.194994	0.0180196
20074	-0.11783	-0.174591	3.90663	1.75236	0.44856	2.05648	-1.93941	3.7681	1.72498	0.457787	0.658807	2.36381	0.45309	0.183028	0.018398
20075	-0.0903736	-0.112218	4.03965	1.91024	0.472872	2.06985	-1.92176	3.63513	1.73362	0.476907	0.701682	2.33329	0.474783	0.183519	0.0187272
20076	-0.132497	-0.127661	4.17583	1.95238	0.467543	2.08369	-1.91411	3.71439	1.95975	0.527612	0.649784	2.45575	0.495821	0.169466	0.0188888
20077	-0.0792772	-0.068412	3.74728	1.9013	0.507382	2.11388	-1.91761	3.6822	1.82655	0.496048	0.710928	2.40498	0.501764	0.18662	0.0189118
20078	0.0254608	0.00474683	3.98356	1.75011	0.439332	2.00632	-1.98825	3.69531	1.72421	0.466594	1.01229	1.96191	0.452451	0.222369	0.0192688
20079	-0.0741275	-0.0247932	3.7812	1.84584	0.488162	2.07679	-1.96333	4.04766	1.80279	0.44539	0.812273	2.31323	0.466048	0.204847	0.0197201
20080	-0.000106437	0.015163	3.94796	1.82777	0.462966	2.01737	-1.97416	3.69407	1.70604	0.461832	0.972282	2.0351	0.462418	0.218815	0.0203004
20081	0.0146411	-0.00902364	3.99379	1.84615	0.462253	2.07245	-1.97391	3.89669	1.77028	0.454305	0.911731	2.11728	0.458328	0.21075	0.0203585
20082	-0.0947046	-0.0203108	3.99959	1.96399	0.49105	1.98608	-2.04111	3.70244	1.84514	0.498357	0.943179	2.16483	0.494562	0.21145	0.0206018
20083	0.014465	-0.0194248	3.73129	1.91659	0.513652	1.96274	-2.0946	3.67362	1.78542	0.48601	1.13451	1.8979	0.499939	0.225382	0.0210357
20084	-0.00681221	-0.00561545	3.69764	1.95475	0.528649	1.98144	-2.03482	3.87698	1.70007	0.438504	1.04161	1.97658	0.482509	0.219847	0.0211296
20085	-0.0139143	-0.0482841	4.06858	1.99388	0.490067	1.89235	-2.14855	3.75758	1.8311	0.487308	1.2139	1.81692	0.488742	0.223876	0.0215951
20086	0.00326091	-0.0401424	3.72598	1.9377	0.52005	1.89555	-2.12872	3.7811	1.85897	0.491648	1.21822	1.79038	0.505745	0.223228	0.0219983
20087	-0.0478317	-0.0491244	3.98157	1.90186	0.477667	1.74634	-2.22014	3.71239	1.78206	0.480031	1.46419	1.60952	0.478808	0.242433	0.0224258
20088	-0.0760828	-0.0481102	3.9348	1.96666	0.499812	1.66578	-2.28351	3.45282	1.78275	0.516316	1.64697	1.51704	0.507526	0.250012	0.0226179
20089	-0.0585666	0.013069	3.89816	1.82979	0.469397	1.67222	-2.33042	3.49517	1.75176	0.501194	1.83332	1.49781	0.484429	0.277217	0.022797
20090	0.0128748	-0.0401628	3.91415	1.98414	0.506915	1.64392	-2.27911	3.88185	1.74038	0.448337	1.88432	1.33016	0.477747	0.251859	0.0232831
20091	-0.0660977	-0.0235112	3.84059	1.86193	0.484803	1.63861	-2.29296	3.78485	1.80478	0.476842	1.77231	1.45301	0.480852	0.259991	0.0232496
20092	-0.0450301	0.0251745	3.74149	1.83811	0.491279	1.6504	-2.32297	3.62062	1.81503	0.501305	1.91818	1.43725	0.496209	0.274058	0.0236002
20093	0.11748	0.0623651	3.87694	1.81224	0.467441	1.6509	-2.30524	3.9221	1.88321	0.480152	2.38394	1.17569	0.473834	0.275053	0.0235552
20094	0.089626	0.106459	3.77191	1.74424	0.462428	1.66433	-2.36374	3.62745	1.75351	0.483401	2.46074	1.23985	0.47271	0.30379	0.0239707
20095	0.219581	0.134081	3.669	1.7688	0.482093	1.55069	-2.459	3.78574	1.63302	0.431361	3.79494	0.885923	0.45633	0.330835	0.0242624
20096	0.0872788	0.170512	3.31421	1.70225	0.513623	1.52011	-2.43682	3.53914	1.68289	0.475508	3.31134	1.0265	0.49394	0.334359	0.0248307
20097	0.156837	0.169034	3.56484	1.81228	0.508377	1.59955	-2.42005	3.48916	1.74535	0.500219	3.22059	1.04071	0.504342	0.320325	0.0252171
20098	0.250453	0.169235	3.80209	1.85659	0.488309	1.68676	-2.38591	4.14791	1.76682	0.425954	3.16476	1.03148	0.455775	0.31067	0.0254341
20099	0.0468341	0.116257	3.65487	1.81193	0.495759	1.69628	-2.36371	3.72424	1.81057	0.486158	2.26056	1.36033	0.490914	0.298078	0.025608
20100	0.0287751	0.0635153	3.47375	1.67924	0.48341	1.61169	-2.36699	3.63889	1.80705	0.496593	2.35764	1.25281	0.490155	0.297667	0.0257497
20101	0.0217116	0.0530972	3.83433	1.75565	0.457878	1.60434	-2.42598	3.85144	1.74768	0.453773	2.45371	1.25235	0.455821	0.304971	0.0259581
20102	0.0543872	0.0607924	3.5741	1.70722	0.477665	1.52933	-2.47648	3.91216	1.79015	0.457587	2.95926	1.08773	0.467172	0.315263	0.0262415
20103	-0.0103689	0.00755276	3.90627	1.85891	0.475878	1.51541	-2.52555	3.97136	1.88425	0.47446	2.75628	1.164	0.475163	0.300097	0.0263572
20104	0.0626007	0.0563914	3.90607	1.895	0.485142	1.42216	-2.55666	3.68823	1.77176	0.480383	3.69403	0.924195	0.48283	0.317764	0.0267319
20105	0.0160636	-0.0349396	3.98163	1.85439	0.465736	1.47912	-2.56929	3.84805	1.68246	0.437225	3.00063	1.07026	0.451724	0.31235	0.0270627
20106	-0.0263275	-0.0393993	3.67207	1.8688	0.508922	1.43122	-2.58208	3.8109	1.71853	0.450951	3.04324	1.06223	0.479399	0.310718	0.027526
20107	0.0509406	-0.029779	3.99388	1.87104	0.468476	1.39785	-2.55886	3.605	1.62271	0.450127	3.52572	0.907086	0.459771	0.314093	0.0280681
20108	-0.09732	-0.0433576	4.07008	1.87472	0.460611	1.44239	-2.50513	3.46288	1.65	0.476483	2.55634	1.18535	0.467908	0.300728	0.0283692
20109	0.0289917	0.00557205	3.83749	1.86093	0.484935	1.49569	-2.51433	3.65387	1.71731	0.469998	2.9518	1.0756	0.477649	0.307416	0.02868
20110	-0.00469634	-0.00205169	3.7671	1.83711	0.487673	1.29271	-2.554	3.69869	1.68092	0.454463	3.86895	0.841626	0.47122	0.316483	0.0290934
20111	-0.0918629	-0.0469748	3.51256	1.72353	0.490677	1.45962	-2.51487	3.58433	1.66025	0.463198	2.53023	1.20355	0.476799	0.310442	0.0294522
20112	-0.0669433	-0.0454518	3.60757	1.69764	0.470577	1.4296	-2.54286	3.86916	1.67924	0.434006	2.78485	1.11982	0.451652	0.315996	0.0297678
20113	-0.0532624	-0.00864493	3.92235	1.82225	0.464582	1.34105	-2.62347	3.86795	1.74718	0.451707	3.51693	0.97206	0.458189	0.323922	0.0300115
20114	-0.00179214	-0.0705612	3.82956	1.81785	0.47469	1.45468	-2.59772	3.51291	1.65782	0.471921	3.01065	1.06066	0.473365	0.314883	0.0303061
20115	-0.00109393	-0.0676792	4.00921	1.8179	0.453431	1.36566	-2.69641	3.68658	1.76225	0.478017	3.6992	0.934014	0.465209	0.32559	0.0304645
20116	-0.0852263	-0.116519	4.06291	1.72569	0.424741	1.19106	-2.80398	3.49206	1.88547	0.53993	4.43389	0.814457	0.477984	0.333448	0.0307569
20117	-0.175823	-0.189369	3.75955	1.74877	0.465155	1.21129	-2.81926	3.79803	1.65418	0.435536	3.59461	0.962043	0.45027	0.337032	0.0310275
20118	-0.206649	-0.176472	3.75264	1.87647	0.50004	1.21657	-2.72453	3.57058	1.64902	0.461837	3.20538	1.01277	0.481413	0.315367	0.0310866
20119	-0.162511	-0.19832	3.94766	1.8256	0.462451	1.32834	-2.67558	3.4322	1.73003	0.504061	2.76107	1.11131	0.481803	0.301531	0.0313787
20120	-0.286405	-0.242403	3.66343	1.70704	0.465967	1.30811	-2.70715	3.95716	1.74693	0.44146	2.38941	1.27123	0.453241	0.305523	0.0315346
20121	-0.352959	-0.25644	3.76157	1.80013	0.478557	1.36715	-2.67649	3.44867	1.69816	0.492411	1.97942	1.47938	0.485184	0.295152	0.0317061
20122	-0.171765	-0.148918	3.60307	1.72609	0.479061	1.3144	-2.70666	3.76525	1.78898	0.475129	2.96196	1.10434	0.477052	0.317647	0.0319574
20123	-0.175456	-0.179433	3.72	1.82461	0.490486	1.29394	-2.73161	3.73276	1.74664	0.467921	3.01679	1.07956	0.479184	0.313283	0.0322324
20124	-0.257837	-0.202687	3.68336	1.84155	0.499966	1.27519	-2.7812	3.76909	1.72527	0.457741	2.82903	1.17509	0.47861	0.317986	0.0322285
20125	-0.237942	-0.216862	3.57691	1.7491	0.488998	1.15133	-2.83977	3.81767	1.72077	0.450738	3.56443	0.965039	0.469245	0.331514	0.0324578
20126	-0.181326	-0.203164	4.05222	1.78767	0.441159	1.14992	-2.8414	3.83137	1.83916	0.480027	3.92745	0.886107	0.460048	0.324332	0.0329495
20127	-0.173697	-0.152871	3.93481	1.85415	0.471218	1.12565	-2.89308	3.75909	1.72101	0.457826	4.44747	0.844158	0.464675	0.344402	0.0329768
20128	-0.211061	-0.198853	3.66879	1.77354	0.483413	1.12872	-2.87645	3.63986	1.74339	0.478971	3.99413	0.897506	0.481201	0.337704	0.0327754
20129	-0.209909	-0.209537	3.79358	1.88893	0.497927	1.12561	-2.87908	3.65458	1.6892	0.462216	3.9955	0.891811	0.480405	0.332518	0.0332257
20130	-0.20499	-0.224758	3.78864	1.7941	0.473547	1.18261	-2.88477	3.69765	1.72081	0.46538	3.67485	0.962715	0.469513	0.334891	0.0333814
20131	-0.266886	-0.22843	4.03246	1.76119	0.436753	1.17707	-2.84785	3.99433	1.75961	0.440527	3.29082	1.0425	0.438631	0.327706	0.0337454
20132	-0.181245	-0.185827	4.09401	1.78986	0.43719	1.05354	-2.89881	3.98396	1.91109	0.479695	4.82738	0.762347	0.458153	0.332192	0.033999
20133	-0.173911	-0.105448	3.86608	1.80962	0.468076	1.06464	-2.92858	3.94179	1.78691	0.453324	5.19558	0.767005	0.460629	0.356619	0.0340156
20134	-0.136797	-0.178197	3.87245	1.89482	0.489308	1.04526	-2.92994	3.78919	1.77158	0.467536	5.41922	0.698631	0.47854	0.340619	0.0343765
20135	-0.163471	-0.136041	3.85735	1.88062	0.487543	0.950662	-2.98634	3.67312	1.74815	0.475931	6.54495	0.620646	0.481879	0.358969	0.0345746
20136	-0.185548	-0.205857	4.00687	1.84491	0.460436	1.06925	-2.96588	3.81081	1.72538	0.45276	4.83815	0.787255	0.456694	0.347973	0.0347115
20137	-0.256651	-0.190102	4.21547	1.90822	0.45267	0.896213	-3.03193	3.88714	1.68979	0.434712	6.07631	0.664549	0.444055	0.35956	0.0350998
20138	-0.343689	-0.249295	3.81954	1.8291	0.47888	0.948492	-3.02342	3.92082	1.72033	0.438768	4.60899	0.834866	0.458561	0.351624	0.0352966
20139	-0.191096	-0.212623	3.60963	1.79138	0.496279	0.946881	-3.03193	3.96511	1.82766	0.460936	6.1379	0.647495	0.477778	0.354568	0.0355957
20140	-0.111538	-0.16326	3.53739	1.69449	0.479024	0.986079	-3.0042	3.77001	1.73706	0.460757	6.69919	0.602381	0.4696	0.370392	0.0358729
20141	-0.128487	-0.154744	3.82714	1.64482	0.429778	1.03285	-3.00128	3.69941	1.71793	0.46438	6.0078	0.674354	0.446785	0.37605	0.0359559
20142	-0.249596	-0.232836	3.9652	1.69539	0.427567	0.996612	-2.97996	3.7641	1.82123	0.483841	4.85933	0.776517	0.454972	0.349286	0.0364602
20143	-0.126893	-0.188215	3.63339	1.79535	0.494125	1.10707	-2.95746	3.75437	1.80084	0.479663	5.03635	0.761335	0.486776	0.347846	0.0366
20144	-0.218381	-0.268146	3.70706	1.74903	0.47181	1.04259	-2.93574	3.96101	1.72228	0.434809	4.47536	0.795027	0.452697	0.338951	0.0364923
20145	-0.341919	-0.293091	3.89765	1.91605	0.49159	1.09162	-2.95992	3.62823	1.65921	0.457306	3.46077	1.02752	0.475062	0.332245	0.0367884
20146	-0.31663	-0.342142	3.94579	1.92518	0.487908	1.1007	-2.91704	3.74614	1.65289	0.441225	3.30047	1.00441	0.465172	0.316695	0.0368782
20147	-0.332173	-0.314655	3.9073	1.76453	0.451599	1.10894	-2.91562	3.77508	1.72367	0.456593	3.25742	1.03841	0.454053	0.326642	0.0372388
20148	-0.52143	-0.458405	3.66847	1.72996	0.471575	0.937903	-3.0997	3.69547	1.63723	0.443038	3.27585	1.06483	0.457254	0.341338	0.037378
20149	-0.451286	-0.408878	3.92115	1.73902	0.443497	0.899248	-3.15307	3.9244	1.65819	0.422535	4.12874	0.911971	0.433012	0.356686	0.0377538
20150	-0.398975	-0.419253	3.59752	1.85477	0.51557	0.893344	-3.17234	3.76043	1.73247	0.460711	4.53836	0.835045	0.487534	0.345758	0.038102
20151	-0.530854	-0.449627	4.00907	1.88455	0.47007	0.802889	-3.15556	3.74667	1.74859	0.466705	4.11613	0.889435	0.468445	0.335146	0.038387
20152	-0.389347	-0.380415	3.89136	1.85706	0.477226	0.816279	-3.21471	3.8807	1.76812	0.455618	5.5267	0.726767	0.466437	0.35661	0.0386459
20153	-0.402971	-0.412608	3.96633	1.92346	0.484947	0.793465	-3.18913	3.82135	1.71717	0.449361	5.38545	0.71573	0.467485	0.346252	0.038859
20154	-0.32481	-0.363279	3.85318	1.87264	0.485998	0.807694	-3.18043	3.88405	1.7804	0.458389	6.18785	0.641283	0.472138	0.352081	0.039057
20155	-0.367852	-0.339892	3.87062	1.88351	0.486618	0.860809	-3.15144	3.74637	1.59633	0.4261	5.23634	0.754804	0.456852	0.36232	0.0392356
20156	-0.312976	-0.298771	3.49031	1.7112	0.490271	0.920476	-3.11976	3.88563	1.74456	0.448976	5.23067	0.760702	0.468517	0.365479	0.039503
20157	-0.320081	-0.346514	3.83549	1.69751	0.442581	0.975256	-3.10118	4.01936	1.75917	0.437673	4.52242	0.83895	0.440069	0.354455	0.0398091
20158	-0.326524	-0.274415	3.68984	1.70953	0.463307	0.927095	-3.0831	3.63035	1.57986	0.43518	5.01965	0.78578	0.449358	0.374944	0.0399829
20159	-0.289084	-0.276525	3.67664	1.80682	0.491433	0.973035	-3.04925	3.77458	1.75501	0.464954	4.82628	0.796472	0.47802	0.350599	0.0401492
20160	-0.242168	-0.292414	3.57648	1.7598	0.492048	0.834442	-3.10568	3.78955	1.80201	0.47552	6.82819	0.579545	0.483545	0.357239	0.0404846
20161	-0.265041	-0.277691	3.82698	1.86844	0.488228	0.928876	-3.09686	3.65741	1.7378	0.475145	5.57564	0.712719	0.481835	0.355358	0.0406359
20162	-0.290522	-0.294137	4.04579	1.95758	0.483857	0.878812	-3.10615	3.96726	1.71008	0.431049	5.78303	0.683671	0.457712	0.350338	0.0412007
20163	-0.384217	-0.346524	3.71602	1.74885	0.470625	0.913426	-3.12746	3.52276	1.61409	0.458188	4.59274	0.841938	0.464573	0.36516	0.0413724
20164	-0.283551	-0.258939	3.48135	1.73581	0.498603	0.847835	-3.16811	3.82673	1.5891	0.415263	6.61176	0.640017	0.454963	0.389004	0.0412778
20165	-0.465234	-0.384686	3.775	1.81177	0.479939	0.648281	-3.34595	3.72001	1.67619	0.450588	7.07232	0.619958	0.465371	0.386066	0.0414918
20166	-0.400748	-0.36668	3.78793	1.80141	0.475567	0.676813	-3.25171	3.68419	1.61289	0.437786	7.16832	0.580568	0.456938	0.378788	0.041581
20167	-0.392791	-0.408997	4.00099	1.85223	0.462942	0.756991	-3.29466	3.61288	1.68673	0.466866	6.29885	0.660999	0.464804	0.37049	0.0416677
20168	-0.392853	-0.388004	3.86479	1.77938	0.460408	0.690893	-3.30373	3.48703	1.66777	0.478276	7.23834	0.587253	0.468883	0.38152	0.0417743
20169	-0.372882	-0.358435	3.84308	1.66601	0.433509	0.67977	-3.26433	3.59518	1.63277	0.454154	7.62063	0.554038	0.443487	0.390346	0.0418562
20170	-0.273868	-0.377278	3.37606	1.6452	0.487313	0.710061	-3.26826	3.61475	1.62903	0.450663	8.63305	0.484057	0.468362	0.389674	0.0420859
20171	-0.350614	-0.415598	3.81216	1.75275	0.459778	0.780859	-3.26866	3.43222	1.70633	0.497152	6.35822	0.640116	0.477485	0.370515	0.0426256
20172	-0.440359	-0.42902	3.77121	1.82114	0.482908	0.785695	-3.23923	3.99573	1.80241	0.451085	5.2536	0.751605	0.466536	0.352805	0.0431283
20173	-0.424846	-0.480792	4.01245	1.85702	0.462816	0.711509	-3.20398	3.8536	1.80129	0.46743	5.74283	0.645652	0.465076	0.336442	0.0435633
20174	-0.579117	-0.516383	4.30101	1.95056	0.453512	0.722422	-3.26514	3.70921	1.6763	0.451928	4.46025	0.847002	0.452779	0.34257	0.0437065
20175	-0.499528	-0.487805	3.99875	1.9439	0.486125	0.646554	-3.30475	3.45972	1.56699	0.452925	6.04121	0.656752	0.470725	0.361153	0.0441424
20176	-0.543514	-0.544715	4.12748	1.9067	0.461953	0.70817	-3.3406	3.41745	1.68222	0.492244	4.98942	0.783357	0.475673	0.352665	0.0445178
20177	-0.427806	-0.531649	3.63905	1.74864	0.480521	0.593952	-3.35308	3.6527	1.68247	0.46061	7.62506	0.521995	0.470547	0.367214	0.045236
20178	-0.647681	-0.555429	3.67264	1.70047	0.463009	0.673023	-3.35173	3.8393	1.83153	0.477047	4.48289	0.872129	0.470184	0.356392	0.0453385
20179	-0.606541	-0.619826	4.00476	1.7825	0.445096	0.646563	-3.33619	3.46489	1.77003	0.510848	4.69896	0.785135	0.475596	0.341894	0.0456614
20180	-0.614368	-0.591526	3.56863	1.65822	0.464664	0.59742	-3.34863	3.46199	1.67747	0.484539	5.17672	0.734214	0.474451	0.36306	0.0458726
20181	-0.585123	-0.505062	3.70722	1.77467	0.478706	0.605835	-3.37039	3.5585	1.70038	0.477835	5.78835	0.70919	0.478279	0.371441	0.0458884
20182	-0.489699	-0.435744	3.80072	1.79936	0.473425	0.55306	-3.43716	3.69227	1.67608	0.453943	8.28487	0.543673	0.463825	0.393328	0.0461398
20183	-0.293263	-0.401562	3.54806	1.71244	0.482641	0.594634	-3.43608	3.82357	1.81973	0.475926	11.6803	0.394181	0.479158	0.394699	0.0463262
20184	-0.394215	-0.329729	3.6855	1.78244	0.483637	0.659762	-3.37267	3.65333	1.684	0.460948	8.33537	0.555434	0.472342	0.400526	0.0464641
20185	-0.292559	-0.270974	3.79384	1.70982	0.450684	0.61798	-3.38791	3.79976	1.75036	0.46065	11.7181	0.41454	0.455671	0.412554	0.047081
20186	-0.415086	-0.377849	3.64205	1.75022	0.480559	0.581191	-3.4332	3.64127	1.78013	0.488877	9.40507	0.496284	0.484717	0.398097	0.0473663
20187	-0.367772	-0.323226	3.78859	1.67734	0.442735	0.574628	-3.38102	3.7392	1.75126	0.468352	10.528	0.444059	0.455459	0.40551	0.0475241
20188	-0.319566	-0.306751	3.73447	1.79566	0.480834	0.584179	-3.36004	3.68113	1.77306	0.481663	11.4142	0.408378	0.481245	0.395187	0.0475232
20189	-0.372471	-0.351384	3.9707	1.82442	0.459472	0.664172	-3.35586	3.65591	1.75792	0.480844	8.39998	0.537314	0.469717	0.386605	0.0479649
20190	-0.36518	-0.39911	3.97907	1.80023	0.452423	0.660345	-3.38307	3.67333	1.70349	0.463746	8.46628	0.525851	0.457859	0.38862	0.0482737
20191	-0.432503	-0.433877	3.69762	1.84647	0.499367	0.598995	-3.33773	3.66158	1.64873	0.450279	7.92526	0.531994	0.474943	0.376341	0.0486231
20192	-0.452116	-0.435395	3.89085	1.85202	0.475995	0.704846	-3.34659	3.64594	1.70596	0.467906	6.33147	0.669281	0.472082	0.373353	0.0486801
20193	-0.377816	-0.381674	3.96373	1.87896	0.474037	0.70871	-3.30662	3.90628	1.73012	0.442906	7.24697	0.590269	0.458585	0.372223	0.0489802
20194	-0.434185	-0.370675	3.80007	1.88685	0.496531	0.701225	-3.3462	3.84582	1.6549	0.430313	6.86788	0.644579	0.463224	0.384717	0.0494876
20195	-0.308986	-0.366195	3.83507	1.91727	0.499932	0.780245	-3.27341	3.65932	1.65876	0.453297	7.12382	0.593213	0.477161	0.37153	0.0498079
20196	-0.443324	-0.415459	4.22507	1.88884	0.447056	0.738357	-3.29619	3.70018	1.67974	0.453962	5.94299	0.698186	0.45028	0.367752	0.0502502
20197	-0.347503	-0.406834	3.72084	1.81318	0.487304	0.679224	-3.28779	3.55046	1.77553	0.500086	7.87342	0.527084	0.493545	0.366481	0.0503992
20198	-0.316444	-0.344525	3.60107	1.72112	0.477948	0.766615	-3.26297	3.94803	1.79778	0.455361	7.26104	0.586508	0.466135	0.377108	0.0507232
20199	-0.345336	-0.354997	3.97805	1.72905	0.434646	0.763163	-3.23617	4.13613	1.97859	0.478369	6.75569	0.614384	0.456933	0.35898	0.0508447
20200	-0.363104	-0.362133	3.62511	1.80669	0.49838	0.643291	-3.31518	4.11836	1.94631	0.472595	8.61	0.506415	0.484666	0.367565	0.0511645
20201	-0.402955	-0.385149	3.74916	1.75704	0.468648	0.73895	-3.27335	4.12761	2.03325	0.492597	6.39728	0.651974	0.481198	0.355038	0.051385
20202	-0.390578	-0.391933	3.33678	1.64404	0.492703	0.647316	-3.31372	3.83889	2.01096	0.523839	7.92486	0.538612	0.50936	0.36877	0.0516859
20203	-0.362054	-0.35059	3.69765	1.84228	0.498232	0.722043	-3.30926	3.90099	1.85187	0.474718	7.44829	0.587633	0.48616	0.372136	0.052058
20204	-0.282887	-0.357839	3.88566	1.77015	0.455561	0.617854	-3.3175	3.66765	1.8595	0.507001	10.7965	0.405667	0.480539	0.376417	0.0517981
20205	-0.45021	-0.408501	3.90599	1.78447	0.456855	0.646098	-3.35428	3.70117	1.78892	0.483338	7.21996	0.600946	0.46974	0.377879	0.0519319
20206	-0.381867	-0.388388	3.601	1.90804	0.529864	0.694108	-3.3455	3.96729	1.83803	0.463298	7.5532	0.578862	0.49497	0.368635	0.0527266
20207	-0.495565	-0.413383	3.89369	1.82437	0.468546	0.508729	-3.39913	3.77456	1.81402	0.480592	8.8386	0.504304	0.474475	0.379979	0.0528106
20208	-0.442329	-0.406637	3.79102	1.83858	0.484982	0.678851	-3.32865	3.85698	1.8228	0.472599	6.79228	0.628522	0.478737	0.3684	0.052749
20209	-0.429305	-0.439023	3.57011	1.92748	0.539893	0.767273	-3.24294	4.00851	1.83015	0.456565	5.49096	0.715899	0.495819	0.343543	0.0528633
20210	-0.387453	-0.415655	3.90461	2.00678	0.513952	0.676935	-3.32223	3.72525	1.76743	0.474447	7.45699	0.566461	0.494664	0.358925	0.0532851
20211	-0.375739	-0.3988	4.03907	1.92225	0.475913	0.753299	-3.28889	3.75366	1.73858	0.463169	6.5525	0.637363	0.469774	0.363338	0.053389
20212	-0.420185	-0.426292	3.76124	1.70212	0.452543	0.704732	-3.29825	3.85646	1.74841	0.453373	6.51802	0.632718	0.452963	0.374178	0.0538656
20213	-0.392512	-0.419259	3.65628	1.62939	0.445642	0.727473	-3.26326	3.63896	1.71296	0.470728	6.44813	0.627184	0.458155	0.37706	0.0541858
20214	-0.31791	-0.388696	3.95339	1.78929	0.452598	0.740386	-3.26241	3.72854	1.83157	0.491229	7.37347	0.559995	0.471348	0.363247	0.05468
20215	-0.322031	-0.42736	3.90688	1.83082	0.468613	0.665577	-3.33169	3.8682	1.93222	0.499514	8.64811	0.487685	0.483987	0.359251	0.0547678
20216	-0.441147	-0.438978	3.80994	1.81136	0.475432	0.650326	-3.39272	3.91791	1.83943	0.469494	7.32349	0.595657	0.472421	0.374117	0.0551658
20217	-0.447471	-0.40171	3.75725	1.84279	0.490463	0.549446	-3.44949	3.99514	1.91978	0.48053	9.3465	0.496921	0.485344	0.381763	0.0551626
20218	-0.362599	-0.400952	3.78996	1.74673	0.460883	0.516008	-3.48279	3.91752	1.82917	0.46692	12.3036	0.385975	0.463951	0.399163	0.0554485
20219	-0.399578	-0.340819	3.46841	1.6335	0.470964	0.427774	-3.51096	3.97431	1.9315	0.485997	14.6817	0.342256	0.478992	0.413526	0.0556765
20220	-0.340739	-0.351339	3.84502	1.74368	0.45349	0.521812	-3.47651	3.75519	1.85496	0.493972	13.1274	0.371997	0.473492	0.404351	0.0559815
20221	-0.27682	-0.319478	3.88788	1.80285	0.463711	0.508833	-3.50779	4.01493	1.91437	0.476812	16.4688	0.308625	0.470367	0.406179	0.056517
20222	-0.312494	-0.26572	3.7229	1.70039	0.456739	0.427183	-3.54923	3.63811	1.92011	0.527775	19.7057	0.273561	0.491848	0.426883	0.056546
20223	-0.239191	-0.284114	3.5421	1.7134	0.483724	0.492826	-3.51721	3.84143	1.86666	0.485928	19.5072	0.267924	0.484871	0.422068	0.0565896
20224	-0.236207	-0.241039	3.68141	1.75216	0.475948	0.471476	-3.5073	3.77263	1.78235	0.472443	21.3023	0.250408	0.474174	0.43019	0.0567707
20225	-0.211218	-0.214584	3.74908	1.6322	0.43536	0.491111	-3.48407	3.83656	1.80317	0.469997	21.6709	0.246633	0.452878	0.437662	0.0566998
20226	-0.280221	-0.294219	3.54479	1.68639	0.475739	0.513606	-3.45207	3.70272	1.63579	0.44178	15.8246	0.31508	0.45839	0.428829	0.0566408
20227	-0.297947	-0.31994	3.76047	1.65249	0.439438	0.554328	-3.42859	3.95288	1.73121	0.437963	13.3041	0.363186	0.438682	0.416687	0.0565376
20228	-0.359625	-0.341311	3.86718	1.67456	0.433019	0.469504	-3.46418	3.81542	1.81305	0.475191	14.1861	0.343728	0.453963	0.411562	0.056626
20229	-0.371691	-0.356688	3.72337	1.75435	0.471173	0.451562	-3.46271	3.98061	1.83769	0.461661	14.2345	0.338873	0.466258	0.401834	0.0567999
20230	-0.414215	-0.337114	3.94888	1.83599	0.46494	0.540157	-3.49829	3.41974	1.73001	0.505889	10.9714	0.455413	0.483944	0.412085	0.0569417
20231	-0.311327	-0.363834	3.94887	1.86203	0.471534	0.570754	-3.44626	3.76914	1.80008	0.477584	12.2115	0.389033	0.474489	0.393554	0.0575631
20232	-0.329854	-0.311392	3.84021	1.81899	0.473669	0.505869	-3.50625	4.08744	1.80352	0.441234	14.6143	0.349217	0.456946	0.413413	0.0581678
20233	-0.36598	-0.407063	3.63902	1.71457	0.471162	0.5247	-3.48715	3.69321	1.77435	0.480436	11.9587	0.396655	0.475833	0.404808	0.0582848
20234	-0.529077	-0.476638	3.95404	1.85096	0.468117	0.414316	-3.55102	3.82933	1.79951	0.469929	10.6201	0.444995	0.469009	0.393066	0.0583683
20235	-0.38312	-0.476472	4.01199	1.94325	0.484361	0.564536	-3.4755	3.76854	1.79462	0.476211	10.0152	0.449026	0.480414	0.375724	0.0584105
20236	-0.478757	-0.503316	3.92302	1.86172	0.474563	0.432034	-3.53066	3.96296	1.74911	0.441365	11.048	0.41477	0.45788	0.388324	0.0585418
20237	-0.593301	-0.536266	3.71512	1.69668	0.456696	0.376399	-3.58987	3.85722	1.64046	0.425296	9.91633	0.470159	0.440701	0.41138	0.0586936
20238	-0.484414	-0.50206	3.57821	1.59372	0.445396	0.363917	-3.58103	3.6499	1.65685	0.453944	13.1729	0.359833	0.449713	0.421789	0.0586943
20239	-0.335891	-0.408362	3.94154	1.66798	0.42318	0.453585	-3.5566	3.89481	1.83704	0.471664	15.9022	0.311636	0.447277	0.414279	0.0590668
20240	-0.455312	-0.417783	3.71248	1.6544	0.445633	0.442599	-3.64444	4.28649	2.03466	0.474669	12.9133	0.403123	0.461193	0.413801	0.0593636
20241	-0.349632	-0.415098	3.64615	1.72269	0.472467	0.418444	-3.65247	3.74551	1.92732	0.514567	17.7655	0.294971	0.4938	0.417998	0.0596597
20242	-0.41726	-0.403001	3.98959	1.83687	0.460415	0.427418	-3.65337	3.95322	1.69286	0.428223	14.8075	0.356741	0.444393	0.428132	0.0595141
20243	-0.428582	-0.409228	4.1266	1.81217	0.439144	0.355728	-3.66596	3.91111	1.75274	0.448145	17.242	0.307571	0.443524	0.426661	0.0595895
20244	-0.453567	-0.443376	3.7434	1.69702	0.453337	0.241681	-3.71899	3.63001	1.75956	0.484725	22.1975	0.241685	0.46879	0.437069	0.0598206
20245	-0.380501	-0.411529	3.94401	1.79883	0.456091	0.276113	-3.72541	3.74359	1.74579	0.466341	25.4715	0.215571	0.461083	0.436598	0.0605806
20246	-0.4593	-0.400383	3.75744	1.83258	0.487721	0.286433	-3.73519	3.69747	1.702	0.460315	19.9975	0.278059	0.474128	0.440395	0.0606494
20247	-0.356489	-0.42101	3.79838	1.79669	0.473015	0.279122	-3.69766	3.46602	1.57853	0.45543	26.5753	0.202	0.464625	0.443095	0.0608925
20248	-0.362905	-0.360409	3.82314	1.73713	0.454373	0.321975	-3.70275	3.48539	1.6056	0.460666	23.8162	0.234531	0.457374	0.455309	0.0608672
20249	-0.344424	-0.322281	3.76974	1.83897	0.487824	0.231556	-3.70403	3.66015	1.69753	0.463788	34.4721	0.165877	0.475983	0.447162	0.0608251
20250	-0.266918	-0.283192	3.85001	1.71465	0.445363	0.303251	-3.66003	3.70372	1.85721	0.501443	35.0761	0.162547	0.47286	0.443986	0.0608108
20251	-0.236224	-0.264576	3.78827	1.74008	0.459335	0.229442	-3.75663	3.90535	1.94324	0.497584	56.2358	0.108422	0.478751	0.452982	0.061026
20252	-0.264255	-0.260523	4.08621	1.78161	0.436006	0.201339	-3.74768	3.97568	1.70164	0.428012	56.0954	0.108389	0.432064	0.466155	0.0611128
20253	-0.271876	-0.281522	3.8165	1.65894	0.434676	0.22042	-3.71747	3.66116	1.64715	0.4499	48.7125	0.121178	0.44213	0.471786	0.061221
20254	-0.327782	-0.347811	3.67673	1.78552	0.485627	0.110062	-3.76534	3.5638	1.75316	0.491935	60.9234	0.0958538	0.488732	0.452218	0.0618878
20255	-0.329597	-0.352838	3.77705	1.7551	0.464675	0.251839	-3.79659	3.59217	1.6533	0.460251	35.0799	0.169034	0.462518	0.465327	0.0619728
20256	-0.307244	-0.335854	3.7282	1.73561	0.465534	0.190184	-3.82397	3.65303	1.6386	0.448558	49.1725	0.123717	0.457133	0.474216	0.0622893
20257	-0.305027	-0.31466	3.79584	1.71837	0.452697	0.161756	-3.83187	3.58999	1.71321	0.477218	56.7765	0.108943	0.464616	0.474155	0.0625352
20258	-0.211578	-0.306938	3.60751	1.6704	0.463034	0.158965	-3.85864	4.03581	1.90713	0.472551	91.8748	0.0686511	0.468059	0.468639	0.0628944
20259	-0.280429	-0.263324	3.94523	1.77638	0.450261	0.133465	-3.8275	3.87424	2.02555	0.522826	74.1548	0.0856542	0.486214	0.455261	0.063226
20260	-0.183345	-0.218191	3.67079	1.80207	0.490922	0.155205	-3.82756	4.27873	1.97208	0.460903	113.663	0.0573078	0.474765	0.46334	0.0634316
20261	-0.145917	-0.14837	3.688	1.76991	0.47991	0.202561	-3.8197	3.68749	1.82254	0.494251	110.993	0.0607187	0.48708	0.484125	0.0637543
20262	-0.0996921	-0.131805	3.78111	1.69945	0.449459	0.201356	-3.79775	3.99247	1.95585	0.489883	148.286	0.0453148	0.470221	0.479062	0.0641215
20263	-0.0856823	-0.108211	3.56651	1.75255	0.491391	0.193817	-3.82825	4.12395	1.85975	0.450964	177.147	0.0390599	0.469712	0.489334	0.0641019
20264	-0.0889954	-0.121796	3.61067	1.72513	0.477786	0.16325	-3.7965	3.72292	1.82062	0.489031	212.227	0.0318138	0.483494	0.487853	0.0645694
20265	-0.13514	-0.115982	3.78555	1.68413	0.444883	0.195292	-3.83179	3.70319	1.8494	0.499407	126.457	0.0545926	0.471845	0.494276	0.0646459
20266	-0.141147	-0.0828879	3.63746	1.6705	0.459247	0.145344	-3.85013	3.91559	1.91376	0.488752	172.912	0.0410387	0.474543	0.497586	0.0651134
20267	-0.0802412	-0.0773119	3.70892	1.72296	0.464545	0.119647	-3.77746	3.5694	1.73702	0.486642	342.66	0.0199777	0.475382	0.497422	0.0654352
20268	-0.0746011	-0.0793388	3.48621	1.63081	0.46779	0.292372	-3.7189	3.63101	1.76635	0.486464	98.3624	0.0673347	0.477317	0.493748	0.0654206
20269	0.129634	0.0730483	3.56406	1.57158	0.440951	0.526043	-3.54304	3.75269	1.73747	0.462994	83.2132	0.0785699	0.452257	0.497083	0.0661653
20270	-0.0171245	0.00484845	3.98822	1.75133	0.439125	0.55103	-3.50631	3.7985	1.59889	0.420927	38.1917	0.161399	0.430248	0.47928	0.0659374
20271	0.033706	0.0115522	3.7884	1.8284	0.482631	0.37451	-3.57012	3.85316	1.6616	0.431229	110.449	0.0580738	0.456712	0.479004	0.0663837
20272	-0.0157163	0.0356221	3.53499	1.67963	0.475145	0.360686	-3.67906	3.65575	1.74553	0.477476	97.3952	0.0708394	0.47633	0.50191	0.066541
20273	0.129965	0.0538999	3.7457	1.74058	0.464688	0.358011	-3.66987	3.66199	1.7396	0.475042	266.638	0.0260025	0.469806	0.499149	0.066942
20274	0.0530146	0.0351414	3.5029	1.59389	0.45502	0.360892	-3.68088	3.92654	1.75766	0.447635	145.681	0.0473941	0.451117	0.507523	0.0671281
20275	0.000312052	-0.0092968	3.49657	1.522	0.435285	0.542303	-3.5416	3.82278	1.83505	0.480031	42.4747	0.146877	0.458655	0.481768	0.0671943
20276	-0.123992	-0.0540726	3.26039	1.31276	0.402639	0.512761	-3.50855	3.89411	1.84638	0.474146	29.4322	0.202727	0.44156	0.485816	0.0675895
20277	-0.0106079	-0.10078	3.65824	1.54102	0.421245	0.491273	-3.46014	4.06091	1.87894	0.462689	44.8033	0.125942	0.443048	0.452166	0.0674111
20278	-0.0948974	-0.154196	3.64409	1.62765	0.446655	0.544365	-3.4592	3.90181	1.76217	0.451629	26.7292	0.204328	0.449227	0.446285	0.0679559
20279	-0.0379114	-0.0879799	3.85282	1.60623	0.416899	0.608789	-3.43711	3.93393	1.75133	0.445187	26.8199	0.209111	0.43119	0.455218	0.0683826
20280	-0.0766836	-0.123986	3.85918	1.62325	0.420621	0.413321	-3.4855	3.65668	1.75646	0.480342	47.062	0.120052	0.449677	0.455419	0.0687163
20281	-0.254377	-0.126144	3.7394	1.74198	0.465844	0.521558	-3.47813	3.80122	1.82423	0.479905	18.6618	0.301037	0.472932	0.440732	0.0689675
20282	-0.0555228	-0.101574	3.54726	1.69829	0.47876	0.600766	-3.45953	3.91599	1.81623	0.463797	26.1794	0.215358	0.470909	0.445214	0.0690215
20283	0.0291748	-0.0458854	3.52391	1.60216	0.454653	0.467643	-3.43371	3.98252	1.88499	0.473317	59.6988	0.0961271	0.464555	0.451527	0.0693188
20284	-0.059621	-0.0586001	3.48909	1.53194	0.439066	0.637216	-3.37702	3.68388	1.80904	0.491068	22.6778	0.242791	0.465773	0.451879	0.0693298
20285	-0.0177971	-0.0429071	3.52667	1.57177	0.44568	0.64092	-3.40649	3.65563	1.78337	0.487841	26.0739	0.216954	0.467139	0.457534	0.0693777
20286	-0.0509513	-0.0385777	3.81628	1.73494	0.454616	0.520116	-3.44418	3.95408	1.82936	0.46265	35.5643	0.163059	0.458704	0.448702	0.0696821
20287	-0.134857	-0.0493275	3.55505	1.57856	0.444034	0.597928	-3.396	3.76044	1.8258	0.485528	20.8581	0.268487	0.465364	0.451425	0.0702489
20288	0.0400018	0.000641386	3.4389	1.60687	0.467262	0.638171	-3.29329	3.86814	1.99826	0.516594	30.3236	0.178903	0.493377	0.429477	0.0704862
20289	0.0386965	0.0134638	3.55238	1.5869	0.446715	0.639149	-3.3231	3.8937	1.89731	0.487276	30.8775	0.180272	0.467925	0.444195	0.0705242
20290	-0.0212821	0.017926	3.37246	1.64083	0.486536	0.68867	-3.30968	3.75483	1.83068	0.487552	21.9687	0.252016	0.487071	0.44377	0.070604
20291	0.0621622	0.0234722	3.51366	1.65408	0.470758	0.705762	-3.27154	3.83214	1.74028	0.454127	26.2109	0.20711	0.462082	0.444457	0.0710327
20292	0.0636896	0.0797668	3.89776	1.65792	0.42535	0.688179	-3.23324	3.6258	1.66359	0.458819	28.1446	0.194994	0.44148	0.452519	0.0713601
20293	0.017572	0.0641843	3.45125	1.7925	0.519376	0.881235	-3.17176	3.77217	1.77026	0.469295	14.0383	0.372957	0.493223	0.423679	0.0713735
20294	0.125704	0.0847182	3.87734	1.68804	0.435361	0.826026	-3.1671	3.78952	1.79218	0.472931	21.5604	0.245226	0.453931	0.431812	0.0714348
20295	0.110488	0.0883537	3.56762	1.72924	0.484703	0.840495	-3.1025	3.81113	1.81894	0.47727	19.1055	0.266456	0.480864	0.417839	0.0712969
20296	0.214774	0.160171	3.34802	1.70074	0.507984	0.795567	-3.15842	3.67108	1.85105	0.504224	32.6486	0.16866	0.506017	0.436799	0.0709497
20297	0.255638	0.189363	3.85864	1.7556	0.454978	0.823716	-3.14542	3.67909	1.80772	0.49135	34.4602	0.161357	0.472731	0.438397	0.0712236
20298	0.0975004	0.183144	3.40288	1.61969	0.475977	0.848014	-3.12296	3.8016	1.66914	0.439061	19.4051	0.281636	0.456498	0.453935	0.0712126
20299	0.186986	0.171588	3.68855	1.72497	0.467654	0.858982	-3.13032	3.73293	1.71253	0.458764	24.1434	0.225789	0.463183	0.442373	0.0716232
20300	0.0789141	0.123781	3.81221	1.61041	0.422433	0.884469	-3.11879	3.5847	1.76957	0.493644	16.2028	0.324459	0.456943	0.437595	0.0721349
20301	0.220999	0.155829	3.60071	1.63133	0.453058	0.87197	-3.11901	4.03781	1.75871	0.435561	25.3079	0.211882	0.443809	0.441741	0.0719672
20302	0.181163	0.173832	3.79202	1.59681	0.421096	0.866014	-3.12981	3.95129	1.81126	0.458398	23.2699	0.23451	0.440131	0.444755	0.071945
20303	0.198932	0.218502	3.81919	1.63905	0.429162	0.780673	-3.17804	3.73381	1.69332	0.453509	34.089	0.169211	0.441198	0.464072	0.0718126
20304	0.203875	0.189319	3.5969	1.62126	0.450737	0.828146	-3.20821	3.63268	1.80465	0.496781	29.6196	0.194857	0.473873	0.457338	0.0718877
20305	0.139846	0.204884	3.58412	1.61	0.449204	0.748877	-3.28088	3.56317	1.65326	0.463985	32.7579	0.185459	0.456573	0.482221	0.0720136
20306	0.266071	0.259779	3.87449	1.76939	0.456678	0.790341	-3.19665	3.81998	1.72511	0.451602	43.4655	0.13743	0.454158	0.460952	0.0720528
20307	0.204428	0.258674	3.57077	1.71478	0.480227	0.943977	-3.0848	3.78962	1.79559	0.473817	20.4391	0.273467	0.476927	0.44337	0.0723686
20308	0.337413	0.308892	3.79492	1.76857	0.466037	0.841168	-3.11262	3.83468	1.6961	0.442306	46.1315	0.126884	0.454109	0.458037	0.072658
20309	0.212457	0.246039	3.96385	1.75701	0.443259	0.880076	-3.10888	3.96195	1.75607	0.443235	25.2527	0.222858	0.443247	0.444867	0.0731012
20310	0.28164	0.262043	3.86866	1.76866	0.457176	0.823909	-3.14815	3.46998	1.73973	0.501364	39.5482	0.147028	0.47807	0.453283	0.0731466
20311	0.206042	0.254811	3.9857	1.82012	0.456663	0.859222	-3.10505	3.95948	1.74924	0.441787	26.4592	0.213322	0.449249	0.441671	0.0729698
20312	0.207852	0.247866	3.70588	1.75521	0.473628	0.890986	-3.09633	4.02474	1.74916	0.434601	23.9646	0.233336	0.45331	0.443899	0.0731338
20313	0.175358	0.261273	3.84882	1.85549	0.482092	0.894622	-3.05031	3.97944	1.85649	0.466521	21.198	0.258671	0.474177	0.424945	0.0733193
20314	0.30275	0.294592	3.65479	1.72645	0.47238	0.987908	-3.09088	3.77516	1.86428	0.493829	24.415	0.234721	0.483278	0.443945	0.0736811
20315	0.234499	0.27156	3.84408	1.90158	0.494678	0.956865	-3.11885	3.7531	1.76969	0.471528	22.0288	0.260906	0.483241	0.439195	0.0739225
20316	0.303258	0.309484	3.97776	1.69764	0.426782	0.871013	-3.14038	3.75292	1.74429	0.464783	36.9218	0.161173	0.445229	0.463775	0.0741616
20317	0.381734	0.348077	3.88853	1.77962	0.457659	0.844446	-3.1691	3.78583	1.902	0.502399	57.7785	0.107051	0.47973	0.456652	0.0742564
20318	0.363849	0.357952	3.74806	1.8217	0.486038	0.912063	-3.1522	3.59509	1.74069	0.484186	40.997	0.150269	0.485131	0.463837	0.074681
20319	0.302933	0.3397	3.84346	1.78528	0.464498	0.846256	-3.1928	4.06781	1.81602	0.446435	42.2715	0.1476	0.45521	0.464292	0.0750239
20320	0.294407	0.32954	3.53055	1.59497	0.451763	0.812746	-3.19554	3.88345	1.88921	0.486477	46.2498	0.134338	0.469946	0.471476	0.0749915
20321	0.380097	0.383448	3.41914	1.5514	0.45374	0.788435	-3.19985	3.86439	1.73808	0.449769	77.0061	0.08337	0.451633	0.49401	0.0749618
20322	0.251906	0.310697	3.71886	1.60123	0.430571	0.806552	-3.18013	3.9866	1.79852	0.451143	39.6117	0.153816	0.441214	0.472722	0.0750777
20323	0.313681	0.25985	3.81824	1.64878	0.431817	0.849115	-3.14196	3.63478	1.63871	0.450841	40.3654	0.143345	0.441095	0.468218	0.0756788
20324	0.345212	0.321036	3.7186	1.61878	0.435319	0.986376	-3.1064	3.80593	1.76766	0.46445	28.576	0.205545	0.450053	0.464572	0.0760509
20325	0.220443	0.27663	3.47182	1.61092	0.463999	1.0367	-3.10147	3.5823	1.71462	0.478638	17.1272	0.333141	0.471433	0.461874	0.076339
20326	0.218592	0.238976	3.56661	1.61158	0.451852	0.854171	-3.1311	3.64685	1.58272	0.433998	28.1151	0.20198	0.442825	0.47071	0.0762679
20327	0.274015	0.221054	3.48625	1.63624	0.469341	0.784815	-3.18263	4.05044	1.78999	0.441926	44.4015	0.130458	0.454608	0.458213	0.0766352
20328	0.256483	0.193768	3.74943	1.73258	0.462093	0.854808	-3.14516	3.88036	1.794	0.46233	31.1415	0.178996	0.462213	0.441561	0.0766683
20329	0.106073	0.166818	3.96151	1.78973	0.451779	0.940195	-3.13442	3.47754	1.77666	0.510895	15.6637	0.34788	0.479414	0.433214	0.0771598
20330	0.271408	0.199056	3.50932	1.65479	0.471542	0.893182	-3.10311	3.69819	1.80225	0.487332	28.2054	0.193302	0.479644	0.441015	0.0776017
20331	0.136749	0.129256	3.80158	1.76994	0.465581	0.892593	-3.0871	3.63852	1.6705	0.459115	18.1077	0.28565	0.462419	0.429254	0.0779356
20332	0.152199	0.171346	3.77133	1.82405	0.483664	0.830853	-3.1469	3.90088	1.6721	0.428647	23.9067	0.230286	0.455691	0.440635	0.0781934
20333	0.130825	0.239869	3.91835	1.86808	0.47675	0.769129	-3.1482	3.6782	1.73125	0.470678	28.1741	0.203716	0.47381	0.443735	0.0785359
20334	0.307413	0.208273	3.98288	1.73744	0.436228	0.801706	-3.18089	3.89289	1.82314	0.468326	47.0127	0.122163	0.452093	0.446566	0.0786339
20335	0.166504	0.195183	3.60692	1.7167	0.475945	0.919058	-3.11299	3.51048	1.73816	0.495136	19.3241	0.283169	0.485411	0.442065	0.0787219
20336	0.163904	0.188548	3.79668	1.73513	0.457013	0.885223	-3.14089	3.84526	1.66799	0.433778	21.3053	0.260151	0.445322	0.448959	0.0790439
20337	0.182053	0.180313	3.73573	1.62868	0.435974	0.845563	-3.18795	3.7793	1.68011	0.444555	25.7702	0.220123	0.440289	0.46168	0.0795506
20338	0.12076	0.170998	3.70336	1.65239	0.446186	0.805064	-3.22591	3.39996	1.66057	0.488409	24.6416	0.234136	0.466396	0.465579	0.079794
20339	0.189024	0.143322	3.55416	1.75493	0.493767	0.871406	-3.17079	3.59801	1.64232	0.456452	23.5874	0.232822	0.474995	0.447104	0.0800804
20340	0.192668	0.158225	3.69035	1.82129	0.493526	0.916485	-3.17737	3.4593	1.59777	0.461875	21.2368	0.261955	0.478212	0.448717	0.0801205
20341	0.108661	0.108232	3.9332	1.68135	0.427477	0.798041	-3.21205	3.58797	1.68995	0.471004	23.1971	0.237622	0.448242	0.44992	0.080475
20342	0.138753	0.0953831	3.95665	1.78378	0.450831	0.802046	-3.17122	3.77565	1.71347	0.45382	24.254	0.219979	0.452291	0.432841	0.0805614
20343	0.204781	0.140125	3.57341	1.77376	0.496377	0.856723	-3.18046	4.01879	1.80065	0.448057	25.9426	0.212514	0.4708	0.435534	0.0806377
20344	0.153185	0.14925	3.84033	1.81122	0.471632	0.825	-3.18019	3.60056	1.73104	0.480768	24.5608	0.225667	0.476053	0.439066	0.0807312
20345	0.142959	0.106739	4.1087	1.82346	0.443804	0.813044	-3.18114	3.7129	1.63941	0.441543	24.0753	0.224507	0.442731	0.438463	0.0807979
20346	0.0134801	0.0741288	3.84218	1.68579	0.43876	0.846705	-3.17291	3.82164	1.71534	0.44885	15.1863	0.347132	0.443792	0.436737	0.0807394
20347	0.199387	0.111644	3.76637	1.72654	0.458409	0.848451	-3.14547	3.66025	1.65635	0.452525	25.1821	0.210642	0.455509	0.439586	0.0811319
20348	0.178695	0.176349	3.56161	1.81092	0.508457	0.841779	-3.14982	3.65484	1.74273	0.476829	25.1625	0.21984	0.492438	0.437792	0.0815183
20349	0.144133	0.155552	3.69912	1.79912	0.486364	0.827689	-3.08068	3.62667	1.65279	0.455731	22.4145	0.233625	0.471199	0.431458	0.0817038
20350	0.150088	0.177362	3.69298	1.63319	0.442241	0.847645	-3.10957	3.79402	1.58645	0.418143	22.2034	0.243293	0.43003	0.456323	0.0819304
20351	0.229952	0.188745	3.49427	1.58641	0.454003	0.865109	-3.14871	3.69469	1.66006	0.449309	27.6102	0.201712	0.451591	0.461839	0.0819599
20352	0.236947	0.195578	3.77941	1.58394	0.419098	0.904689	-3.15047	3.84145	1.76877	0.460442	25.1099	0.22294	0.439938	0.45512	0.0824363
20353	0.234683	0.21343	3.33987	1.57624	0.471946	0.8691	-3.09741	3.67472	1.77382	0.482709	27.235	0.201242	0.477584	0.450075	0.0826927
20354	0.176023	0.165673	3.5855	1.46811	0.409458	0.931319	-3.08762	3.78826	1.79188	0.473008	18.553	0.285236	0.442107	0.448142	0.082616
20355	0.148174	0.17523	3.66786	1.59086	0.433729	0.910195	-3.07322	3.7072	1.8046	0.486781	18.1726	0.290338	0.460396	0.437361	0.082943
20356	0.239782	0.206688	3.89777	1.6797	0.430938	0.857645	-3.04857	3.64564	1.64381	0.450898	27.7578	0.190877	0.440584	0.443672	0.0829589
20357	0.133327	0.14078	3.81064	1.68294	0.441643	0.984354	-3.04399	4.05198	1.67313	0.412916	14.0046	0.362123	0.426839	0.430502	0.0833401
20358	0.0463789	0.0664624	3.67833	1.70078	0.462378	1.04043	-3.013	3.74605	1.71962	0.459048	9.59702	0.494066	0.460698	0.409499	0.0831007
20359	0.122417	0.0970364	3.82437	1.78878	0.467732	1.11603	-2.97333	3.72963	1.69301	0.453935	9.54867	0.493637	0.46092	0.403779	0.083303
20360	0.0628598	0.0594109	4.13871	1.88042	0.454349	0.998385	-2.98585	3.56368	1.65837	0.465353	10.5959	0.437604	0.45944	0.395941	0.0838341
20361	0.0429909	0.0506198	3.61822	1.77445	0.490421	1.02074	-2.9459	3.60004	1.61849	0.449576	9.39239	0.478001	0.47005	0.398292	0.084099
20362	0.0424765	0.0651143	3.84132	1.75474	0.456807	1.01175	-2.93854	3.80745	1.78853	0.469744	9.60304	0.469743	0.463247	0.389079	0.0845485
20363	0.125904	0.0672829	3.52964	1.6871	0.477981	1.073	-2.88957	3.88621	1.80658	0.46487	9.74693	0.4485	0.47111	0.384972	0.0846734
20364	0.0543682	0.0712748	3.72408	1.71027	0.459246	1.09107	-2.82925	3.55635	1.66662	0.46863	7.82791	0.537374	0.46383	0.383915	0.0851954
20365	0.067719	0.105465	3.59788	1.64775	0.457978	1.19999	-2.84344	3.73187	1.74336	0.467154	6.78303	0.641014	0.46265	0.390769	0.0853357
20366	0.0724219	0.0539958	3.65098	1.66369	0.455681	1.173	-2.86169	4.02113	1.75195	0.435685	7.01849	0.605631	0.445201	0.383683	0.0857146
20367	-0.0555602	-0.0209134	3.69621	1.76012	0.476196	1.23525	-2.82237	3.73623	1.70353	0.455948	4.71026	0.833094	0.466018	0.361737	0.0860618
20368	-0.0205652	-0.0451844	3.66403	1.74489	0.476222	1.21341	-2.75315	3.66217	1.65215	0.45114	4.81584	0.761348	0.463684	0.350622	0.0860893
20369	-0.0619921	-0.0361123	3.88774	1.76244	0.453332	1.20928	-2.76505	3.87982	1.72133	0.443662	4.60797	0.808065	0.448502	0.348399	0.085985
20370	-0.0641089	-0.0764925	3.75901	1.75769	0.467595	1.24213	-2.74718	3.56579	1.82385	0.511487	4.18024	0.85313	0.488962	0.332496	0.0860308
20371	0.00568947	-0.00349992	3.70095	1.69007	0.456657	1.13013	-2.77781	3.72572	1.8263	0.490186	6.08746	0.632184	0.473477	0.353791	0.0860636
20372	-0.117865	-0.124428	3.66802	1.76925	0.482347	1.17457	-2.78397	3.67751	1.77011	0.481334	4.23448	0.835189	0.48184	0.33327	0.0862679
20373	-0.234185	-0.222496	3.92332	1.90558	0.485706	1.23747	-2.75255	3.90264	1.76089	0.451205	2.95561	1.08288	0.468501	0.303953	0.0862706
20374	-0.168283	-0.0991976	3.43258	1.64523	0.479297	1.35451	-2.63744	3.51159	1.8517	0.527313	2.77835	1.15945	0.503578	0.315456	0.0862489
20375	-0.146766	-0.102398	3.81894	1.79019	0.468766	1.32176	-2.646	3.59296	1.75466	0.488359	3.0001	1.07828	0.478264	0.313431	0.0862898
20376	-0.0882292	-0.0899089	3.75229	1.75907	0.468799	1.30499	-2.66953	3.64293	1.77799	0.488067	3.42824	0.970536	0.478291	0.319993	0.0866691
20377	-0.0829007	-0.0666746	3.8568	1.83144	0.47486	1.2199	-2.70043	3.70096	1.76446	0.476758	4.08692	0.848643	0.475789	0.325465	0.0868238
20378	-0.0898725	-0.11711	3.90053	1.73988	0.446063	1.34869	-2.67994	3.51488	1.73641	0.494016	3.17382	1.03473	0.468793	0.320923	0.0872827
20379	0.130837	0.0333783	3.84467	1.67325	0.435214	1.30821	-2.66823	3.87224	1.83527	0.473955	5.26524	0.693101	0.454654	0.342247	0.0873133
20380	0.0563731	0.0553124	3.96843	1.78174	0.448978	1.33233	-2.62949	3.76563	1.81977	0.483258	4.42744	0.814031	0.465668	0.333603	0.087457
20381	0.159499	0.13459	3.68906	1.73555	0.470459	1.4233	-2.54374	3.5269	1.67047	0.473638	4.49132	0.798591	0.472012	0.345032	0.087281
20382	0.0646008	0.0765043	3.6053	1.57275	0.436232	1.46284	-2.54478	3.85995	1.74698	0.452591	3.51451	0.977539	0.444691	0.341111	0.0874991
20383	0.101969	0.0573561	3.53661	1.68974	0.477785	1.48448	-2.52258	3.84502	1.82911	0.475709	3.48241	0.955673	0.476704	0.321171	0.0878867
20384	0.0476469	0.0627984	3.74168	1.67765	0.448368	1.50298	-2.48838	3.63928	1.8299	0.502819	3.07295	1.059	0.475216	0.316999	0.0876124
20385	0.108231	0.0465477	3.62492	1.81927	0.50188	1.45897	-2.51644	3.69538	1.62848	0.440679	3.6004	0.912243	0.470985	0.322748	0.0876634
20386	0.0630123	0.0165831	3.77997	1.73025	0.457743	1.41604	-2.55122	3.88684	1.85681	0.477717	3.6017	0.915348	0.46787	0.314961	0.0876882
20387	0.0631914	0.0139973	3.59388	1.68104	0.467751	1.41673	-2.60899	3.72428	1.76074	0.472774	3.75535	0.916032	0.470307	0.333331	0.0877693
20388	0.122444	0.138617	3.52943	1.61283	0.456967	1.27671	-2.69823	4.06489	1.95811	0.481712	6.04029	0.666168	0.470212	0.36049	0.0882359
20389	0.188252	0.131807	3.54997	1.6116	0.453974	1.28006	-2.74789	3.79159	1.81668	0.479134	6.9567	0.596019	0.466968	0.376958	0.0884506
20390	0.101434	0.116848	3.62698	1.63185	0.449919	1.30623	-2.75837	3.96743	1.86264	0.469484	5.69525	0.725769	0.46014	0.371748	0.0887916
20391	0.0649417	0.0870317	3.5468	1.62813	0.459042	1.32089	-2.77651	3.77496	1.83604	0.486374	5.19833	0.788703	0.473134	0.371883	0.0888348
20392	0.0659164	0.144411	3.74279	1.69986	0.454169	1.20838	-2.77709	3.76022	1.74787	0.464832	6.53921	0.652617	0.459513	0.382414	0.089383
20393	0.0904412	0.187883	3.38372	1.65677	0.489629	1.21829	-2.79958	3.69391	1.74778	0.473152	7.0162	0.636022	0.48103	0.396024	0.08946
20394	0.285689	0.25134	3.83784	1.73873	0.453049	1.24234	-2.82751	3.36313	1.64416	0.488877	10.3579	0.457589	0.469782	0.41207	0.0898492
20395	0.213889	0.195866	3.72545	1.78277	0.478537	1.15643	-2.85038	3.98981	1.77205	0.444145	10.4454	0.444196	0.460752	0.395016	0.0903292
20396	0.210165	0.180422	3.68703	1.78908	0.485237	1.10598	-2.87313	3.69885	1.73876	0.470081	11.6192	0.401242	0.477647	0.397985	0.0908273
20397	0.225906	0.202472	3.78272	1.80659	0.477589	1.09255	-2.8614	3.64709	1.62059	0.444353	12.4986	0.375536	0.461274	0.406568	0.0910066
20398	0.290013	0.246932	3.88012	1.80311	0.464705	1.01464	-2.89395	3.85907	1.63248	0.423024	18.7877	0.262542	0.443921	0.418002	0.0911667
20399	0.237697	0.196571	3.64965	1.67791	0.459745	1.15013	-2.92591	3.7681	1.8127	0.481064	11.711	0.416268	0.470575	0.411294	0.0909327
20400	0.150625	0.179087	3.80554	1.72377	0.452963	1.09231	-2.92306	3.88925	1.87781	0.482822	10.852	0.443387	0.468055	0.400597	0.0913724
20401	0.173442	0.0918113	3.66382	1.70306	0.464832	1.0542	-2.92306	3.88335	1.91188	0.492326	11.7172	0.387867	0.478979	0.386095	0.0911323
20402	0.0734407	0.067867	3.60941	1.77508	0.491792	1.00028	-2.98165	3.73777	1.72411	0.461267	10.8256	0.429514	0.476263	0.399305	0.0915404
20403	0.0585788	0.0909815	3.57267	1.67159	0.467881	1.04625	-2.97408	3.88601	1.75401	0.451365	9.63049	0.487752	0.459276	0.406866	0.0916628
20404	0.129253	0.145966	3.33975	1.57048	0.47024	1.10668	-2.92478	3.83296	1.74647	0.455646	9.87008	0.477679	0.462442	0.415566	0.0916296
20405	0.215323	0.176023	3.78706	1.79051	0.472798	1.10163	-2.91294	3.79811	1.81624	0.478195	12.1466	0.392773	0.4755	0.39821	0.091901
20406	0.130533	0.171654	3.45917	1.74942	0.505734	1.06298	-2.87738	4.02789	1.91534	0.47552	10.6925	0.434725	0.489479	0.388194	0.0923332
20407	0.173335	0.192167	3.70342	1.70121	0.459362	1.17012	-2.87153	3.80018	1.93326	0.508729	9.4469	0.49679	0.484364	0.392453	0.0922609
20408	0.298892	0.221031	3.84394	1.74685	0.454443	1.11394	-2.87204	3.91142	1.99149	0.509149	14.4016	0.332155	0.482034	0.390286	0.092604
20409	0.312162	0.220636	3.77478	1.70462	0.451581	1.17391	-2.83033	4.01583	1.99812	0.497562	12.5347	0.371305	0.475282	0.38605	0.0928786
20410	0.196111	0.256357	3.73876	1.80683	0.483271	1.14228	-2.8061	4.08064	1.99187	0.488128	10.4762	0.447614	0.485806	0.381775	0.0927726
20411	0.283817	0.253873	3.28258	1.71516	0.522503	1.14779	-2.81476	4.00556	1.9775	0.493689	12.615	0.373224	0.506667	0.389437	0.093089
20412	0.353365	0.264728	3.89347	1.75843	0.451635	1.25783	-2.83685	4.30586	1.96604	0.456597	11.7594	0.409024	0.45424	0.392481	0.0931814
20413	0.364734	0.297786	3.73316	1.73718	0.465339	1.24834	-2.79183	3.94235	1.88738	0.478746	12.2261	0.390383	0.472225	0.397131	0.0935114
20414	0.363103	0.404893	3.69656	1.76151	0.476526	1.22322	-2.74871	3.9482	1.87423	0.474705	13.4433	0.369897	0.475586	0.406245	0.0937246
20415	0.370068	0.387609	3.92168	1.74532	0.445043	1.09353	-2.88117	4.01782	1.94898	0.485084	20.4146	0.261698	0.465306	0.419762	0.0939167
20416	0.403168	0.428143	3.79299	1.83452	0.483662	1.1395	-2.80129	3.75191	1.71047	0.455893	19.2354	0.271095	0.469853	0.423916	0.0943292
20417	0.398575	0.421143	3.73984	1.77157	0.473701	1.24526	-2.72161	3.8803	1.71747	0.442613	13.7778	0.358434	0.45787	0.414542	0.0940144
20418	0.3503	0.356754	3.52103	1.69459	0.481276	1.38924	-2.67902	3.76333	1.83955	0.488808	8.53807	0.539696	0.485167	0.394764	0.0943505
20419	0.313196	0.352783	3.80501	1.82901	0.480684	1.2644	-2.73598	3.91405	1.82685	0.466742	10.5445	0.45239	0.473615	0.394943	0.0944791
20420	0.419613	0.407688	3.69391	1.81706	0.491908	1.22714	-2.75275	3.80793	1.86481	0.489717	15.3174	0.326047	0.490796	0.404249	0.0945486
20421	0.419912	0.360528	3.8101	1.71368	0.449774	1.16384	-2.77958	3.96894	1.83764	0.463005	17.8168	0.276713	0.456524	0.409847	0.0948377
20422	0.295747	0.333909	3.91717	1.6661	0.425332	1.31211	-2.70713	3.88938	1.78263	0.458333	8.95247	0.516502	0.441774	0.401457	0.095386
20423	0.385632	0.342533	4.00434	1.74299	0.435276	1.20401	-2.73606	3.77133	1.71272	0.454143	14.1512	0.334873	0.444427	0.40688	0.0956861
20424	0.298226	0.295255	3.78563	1.75628	0.463932	1.17665	-2.74602	3.75851	1.75184	0.466099	11.9868	0.385816	0.465012	0.397398	0.0959251
20425	0.354949	0.355816	3.88913	1.68245	0.432602	1.35406	-2.66341	3.84473	1.7212	0.447676	9.13194	0.499112	0.440096	0.401159	0.096382
20426	0.344902	0.359016	3.62345	1.62542	0.448583	1.33456	-2.68954	3.96063	1.73523	0.438119	9.48897	0.48971	0.443118	0.408881	0.0964109
20427	0.37056	0.38122	3.75918	1.57046	0.417766	1.36614	-2.67978	3.6407	1.57754	0.433307	9.4531	0.495591	0.425412	0.426762	0.0967177
20428	0.345543	0.375632	3.48657	1.59549	0.45761	1.33782	-2.67148	3.41599	1.59476	0.46685	9.42997	0.492307	0.462183	0.421284	0.0965275
20429	0.315944	0.303705	3.49927	1.59777	0.4566	1.31796	-2.64231	3.50675	1.55698	0.443994	8.64406	0.502023	0.45029	0.407625	0.096868
20430	0.379967	0.365995	3.71045	1.73672	0.468062	1.29862	-2.69179	3.72421	1.53914	0.413279	11.0793	0.421961	0.44062	0.41654	0.0971667
20431	0.398061	0.389741	3.60601	1.58367	0.439173	1.36183	-2.64333	3.75747	1.66613	0.443418	9.90418	0.464426	0.441339	0.414538	0.0967617
20432	0.406799	0.402652	3.77672	1.6386	0.433868	1.43729	-2.54619	3.64437	1.68504	0.462368	8.18873	0.530953	0.447864	0.395553	0.0969378
20433	0.492664	0.430955	3.57269	1.63329	0.45716	1.43392	-2.55862	4.09419	1.8757	0.458137	10.0879	0.442981	0.457681	0.389156	0.0967577
20434	0.40619	0.444169	3.77182	1.57125	0.416576	1.53551	-2.55848	3.88153	1.81169	0.466745	7.06933	0.637678	0.44202	0.39998	0.096859
20435	0.549448	0.506226	3.52167	1.6342	0.464039	1.5258	-2.49227	3.70458	1.76297	0.475889	9.43183	0.476629	0.470114	0.398309	0.0971294
20436	0.612147	0.563178	3.74404	1.77109	0.473043	1.41275	-2.57998	3.69456	1.92725	0.521646	15.4132	0.320486	0.497183	0.400538	0.097274
20437	0.61719	0.595841	3.82421	1.80555	0.472136	1.36978	-2.58751	3.87438	1.89143	0.488188	17.8919	0.283192	0.480214	0.406744	0.0976872
20438	0.55576	0.54242	3.66903	1.79266	0.488592	1.44042	-2.55129	3.96005	1.90404	0.480811	12.2295	0.391308	0.484553	0.393054	0.0985684
20439	0.457628	0.500258	3.85802	1.85391	0.480533	1.4766	-2.52813	3.64576	1.74345	0.478213	8.83278	0.519153	0.479406	0.389377	0.0987298
20440	0.580714	0.512027	3.59772	1.70288	0.473322	1.55034	-2.5443	3.74582	1.84049	0.491345	9.93558	0.470085	0.482516	0.397367	0.0986332
20441	0.557016	0.579846	3.78166	1.80959	0.478517	1.412	-2.62247	3.70228	1.73099	0.467546	14.0285	0.365499	0.47309	0.420107	0.0989457
20442	0.510391	0.586919	3.75033	1.88025	0.501354	1.30332	-2.66506	3.72087	1.80557	0.485256	16.8198	0.314371	0.493337	0.417812	0.0992724
20443	0.548764	0.5028	3.62781	1.73139	0.477254	1.37351	-2.59381	3.53094	1.71184	0.484812	14.0973	0.3401	0.480982	0.410575	0.0993721
20444	0.554461	0.50554	3.81816	1.81776	0.476083	1.26043	-2.66261	4.1653	1.82816	0.438903	20.1393	0.249195	0.456685	0.407791	0.0997065
20445	0.481129	0.550915	3.97311	1.80225	0.453613	1.37706	-2.62788	3.64822	1.7638	0.483469	12.5887	0.401342	0.467905	0.414778	0.0997277
20446	0.525569	0.551189	3.51286	1.74708	0.497338	1.25992	-2.65923	3.96431	1.76468	0.445143	19.1126	0.269635	0.469665	0.423333	0.100174
20447	0.569718	0.587212	3.72804	1.734	0.465123	1.29755	-2.70158	3.99955	1.77843	0.444657	20.4181	0.264868	0.45453	0.435103	0.100025
20448	0.536158	0.553564	3.69079	1.69866	0.460242	1.33428	-2.70717	3.62604	1.82126	0.502273	16.6914	0.318498	0.481071	0.430374	0.100101
20449	0.612059	0.555002	3.69179	1.63215	0.442101	1.36005	-2.70156	3.75941	1.88695	0.501928	18.955	0.279747	0.472286	0.429803	0.0999188
20450	0.50519	0.539551	3.6736	1.61292	0.439056	1.32345	-2.62934	4.32423	1.96886	0.455308	14.9979	0.334777	0.447843	0.412198	0.0999626
20451	0.460008	0.477173	3.6625	1.58167	0.431854	1.47565	-2.59154	3.69984	1.98561	0.536674	9.12912	0.515769	0.48453	0.397695	0.100108
20452	0.53558	0.50408	3.66568	1.59504	0.435129	1.41189	-2.63386	3.65221	1.8621	0.509856	12.8226	0.383959	0.472423	0.416028	0.100555
20453	0.619028	0.516	3.60283	1.66055	0.460903	1.36811	-2.61068	3.83986	1.7967	0.467907	17.4225	0.28056	0.464516	0.414274	0.100876
20454	0.607939	0.567674	3.68383	1.74926	0.474848	1.49456	-2.48009	3.9459	1.85202	0.469353	11.8166	0.393044	0.472006	0.392154	0.100655
20455	0.502266	0.487198	3.88616	1.81578	0.467243	1.5242	-2.48355	3.86302	1.88605	0.488233	8.45056	0.522175	0.477707	0.373555	0.10099
20456	0.515253	0.478442	3.59202	1.68332	0.468627	1.57576	-2.46138	3.90478	1.9005	0.486711	7.68444	0.562342	0.478046	0.376244	0.101332
20457	0.433965	0.505248	3.60189	1.71012	0.474784	1.61531	-2.43216	3.7463	1.80031	0.480558	6.18268	0.697785	0.477727	0.380723	0.101399
20458	0.461604	0.438017	3.78652	1.7215	0.454639	1.61141	-2.45187	3.78186	1.91012	0.505075	6.31703	0.661028	0.479841	0.36516	0.101602
20459	0.382112	0.429867	3.65645	1.77244	0.484744	1.40325	-2.50139	4.01152	1.99014	0.496106	8.24015	0.521365	0.490688	0.363538	0.101897
20460	0.499616	0.45138	3.94139	1.75552	0.445408	1.55775	-2.50612	3.79938	1.98139	0.521504	7.81216	0.55982	0.482758	0.369266	0.101574
20461	0.371802	0.439415	3.84093	1.88213	0.490019	1.5183	-2.51499	3.83264	1.91082	0.498565	6.64043	0.657226	0.494287	0.365321	0.101932
20462	0.445565	0.463848	4.02557	1.79141	0.445007	1.36388	-2.52415	3.60416	1.88093	0.521879	10.5871	0.421649	0.48132	0.378148	0.102532
20463	0.439794	0.427249	3.42972	1.61677	0.471399	1.49824	-2.48147	3.99137	1.93757	0.485439	7.55207	0.560154	0.47895	0.373194	0.102549
20464	0.483207	0.427245	3.97446	1.74475	0.438989	1.49611	-2.50669	3.89799	1.91607	0.491552	8.39014	0.512982	0.465016	0.370333	0.103082
20465	0.507802	0.445458	3.91199	1.74019	0.444835	1.51712	-2.55676	3.97031	1.93421	0.487169	8.84762	0.509363	0.466158	0.380251	0.103534
20466	0.473469	0.501304	3.59589	1.63191	0.453827	1.46643	-2.58375	3.9157	1.83669	0.469059	9.65296	0.492987	0.461767	0.406994	0.103682
20467	0.509442	0.436537	3.76351	1.70785	0.453792	1.29573	-2.66414	3.87437	1.96362	0.506823	15.5507	0.309124	0.480692	0.395764	0.104027
20468	0.428329	0.471382	3.67843	1.8149	0.493391	1.3012	-2.70794	3.79959	1.78582	0.470003	13.2669	0.380952	0.481507	0.412511	0.104177
20469	0.522938	0.516391	3.76662	1.74339	0.462852	1.20601	-2.73296	3.4877	1.72423	0.494376	22.6288	0.233292	0.478008	0.432329	0.104444
20470	0.626011	0.6223	3.73136	1.7251	0.462326	1.28646	-2.78126	3.89071	1.7863	0.459121	26.5575	0.218097	0.46069	0.452106	0.104374
20471	0.58306	0.586941	3.57207	1.62976	0.45625	1.21245	-2.84838	3.78234	1.70442	0.450625	29.792	0.198064	0.453357	0.469587	0.104807
20472	0.522793	0.537517	3.86327	1.81508	0.469831	1.08853	-2.90603	3.59103	1.62634	0.452889	37.0492	0.160031	0.461669	0.4629	0.105185
20473	0.457085	0.543606	4.08217	1.93424	0.473826	1.08525	-2.92918	3.7226	1.65578	0.444792	30.5643	0.197293	0.459978	0.4566	0.10543
20474	0.489177	0.527636	3.62021	1.82841	0.505056	1.09746	-2.92748	3.76582	1.62455	0.431392	32.2637	0.185004	0.467498	0.463736	0.105565
20475	0.547712	0.524674	3.96304	1.94332	0.490359	0.994364	-2.94685	3.60784	1.62716	0.451008	60.4091	0.0997486	0.471607	0.457774	0.106134
20476	0.542197	0.572185	3.61404	1.91889	0.530954	1.14088	-2.91949	3.95571	1.79173	0.452947	34.0158	0.179208	0.49019	0.451099	0.106332
20477	0.54904	0.534318	3.87759	1.86058	0.479829	1.09191	-2.91649	3.9998	1.83125	0.457835	40.4063	0.147354	0.468661	0.446531	0.106829
20478	0.567958	0.534132	4.01165	1.90614	0.475152	1.05506	-2.97205	3.47197	1.74302	0.502027	51.8115	0.118635	0.48762	0.457295	0.107076
20479	0.527979	0.501209	4.02619	1.80423	0.448122	0.994333	-2.94854	3.56365	1.61656	0.453625	54.7194	0.108743	0.450706	0.46529	0.107075
20480	0.500965	0.467926	3.48247	1.71211	0.491636	1.03572	-2.95657	3.77712	1.65041	0.436948	41.0093	0.142981	0.463182	0.465909	0.107216
20481	0.398125	0.404607	3.76832	1.71985	0.456397	1.0301	-2.98045	3.82388	1.75195	0.458159	28.6905	0.199693	0.457285	0.452215	0.107328
20482	0.389941	0.394898	3.92862	1.79044	0.455743	1.14326	-2.90265	3.78374	1.8395	0.48616	19.1611	0.283747	0.470665	0.428333	0.107647
20483	0.370724	0.382729	3.54883	1.77624	0.500514	1.06946	-2.93176	3.84097	1.85991	0.48423	22.5012	0.244117	0.49205	0.430426	0.107655
20484	0.387378	0.389332	3.52909	1.69564	0.480476	1.08198	-2.92477	4.02595	1.70104	0.422518	22.7647	0.241234	0.449591	0.447143	0.107174
20485	0.409074	0.462522	3.61253	1.78017	0.492778	1.05504	-2.90105	3.94864	1.73166	0.438544	27.1133	0.208635	0.464456	0.446227	0.107136
20486	0.421098	0.40808	3.69798	1.70879	0.462087	1.10825	-2.91729	3.82265	1.79635	0.469922	23.4194	0.236088	0.466069	0.44106	0.107321
20487	0.484401	0.414388	3.78998	1.79116	0.472603	1.04817	-2.8859	3.73562	1.76493	0.472461	34.2686	0.15892	0.472532	0.433782	0.107533
20488	0.365639	0.356777	3.67743	1.7757	0.482865	1.12688	-2.95554	3.70248	1.89317	0.511324	18.9333	0.28974	0.497143	0.427911	0.107817
20489	0.317773	0.374834	3.77879	1.62861	0.430987	1.01347	-3.00117	3.57623	1.7663	0.4939	23.5488	0.241996	0.461577	0.45644	0.107815
20490	0.371507	0.384289	3.68006	1.64426	0.446803	0.994298	-2.99753	3.86917	1.75687	0.454069	29.4861	0.193934	0.450527	0.456839	0.10809
20491	0.325234	0.394778	3.76653	1.60796	0.426909	0.966931	-3.02338	3.61814	1.65358	0.457025	28.3742	0.205888	0.441664	0.47258	0.108346
20492	0.367147	0.414265	3.60145	1.58194	0.43925	0.880215	-3.01913	4.03537	1.86608	0.462432	44.7813	0.13162	0.4515	0.460955	0.108684
20493	0.417531	0.385834	3.8444	1.74984	0.455165	0.969373	-3.0813	4.34669	2.01725	0.46409	39.474	0.152265	0.459901	0.443877	0.109017
20494	0.314384	0.29331	3.4932	1.72012	0.49242	1.08283	-2.9678	3.73453	1.91321	0.512304	18.0096	0.295256	0.502694	0.422674	0.109547
20495	0.340427	0.3075	3.68278	1.72096	0.4673	1.05802	-2.92172	3.62644	1.7293	0.476859	20.2507	0.257468	0.472042	0.430511	0.110062
20496	0.321815	0.335293	3.64151	1.87052	0.513665	1.17532	-2.90391	3.76844	1.78033	0.472432	14.4033	0.364237	0.492696	0.418217	0.110457
20497	0.313725	0.327645	3.94581	1.85831	0.470958	1.10159	-2.89236	4.06789	1.86227	0.457798	16.7035	0.310367	0.464278	0.41074	0.11077
20498	0.391331	0.356457	3.88695	1.80245	0.463719	0.999985	-2.95007	3.7701	1.86872	0.495668	29.5123	0.18523	0.47945	0.426901	0.110985
20499	0.318605	0.334869	3.86009	1.80745	0.468241	1.16993	-2.91039	3.59592	1.83616	0.510625	14.5314	0.36238	0.488682	0.419609	0.110973
20500	0.272893	0.2716	3.76789	1.69228	0.449132	1.04918	-2.9453	3.70939	1.79842	0.484828	17.1725	0.301309	0.466841	0.425788	0.111345
