cycle	Zbar1	Gbar1	VP1	VG1	h21	Zbar2	Gbar2	VP2	VG2	h22	h2b	h2b_denom	h2w	Qst	Fst
20000	-0.207008	-0.160269	3.8517	1.77896	0.461863	3.88575	-0.153775	3.76051	1.72996	0.460034	2.518e-06	8.37534	0.460959	3.00657e-06	0.000337424
20001	-0.117437	-0.107196	3.71996	1.60445	0.43131	3.93132	-0.171101	3.55079	1.69068	0.476142	0.000249135	8.19624	0.453204	0.000309904	0.000568407
20002	-0.0123253	-0.0703373	3.87367	1.70911	0.441212	3.87645	-0.198372	3.75146	1.80367	0.480792	0.001084	7.56127	0.460685	0.00116588	0.000770983
20003	-0.125509	-0.0835784	3.56969	1.77157	0.496282	3.55257	-0.334255	3.95999	1.74696	0.441152	0.00464497	6.76415	0.467288	0.0044472	0.00103258
20004	-0.102248	-0.146323	4.03549	1.88009	0.465889	3.54114	-0.443759	3.5683	1.75234	0.491086	0.00666463	6.63715	0.477714	0.00605494	0.0012529
20005	-0.115193	-0.112099	3.79802	1.80504	0.475259	3.52683	-0.491135	3.87698	1.79758	0.463654	0.0108312	6.63216	0.469397	0.00987619	0.00155101
20006	-0.180412	-0.192854	3.50639	1.70049	0.48497	3.4994	-0.46545	3.60377	1.72987	0.480017	0.00548768	6.7705	0.482459	0.00538902	0.00178743
20007	-0.275104	-0.206253	3.88848	1.81729	0.467354	3.56314	-0.532364	3.71052	1.79454	0.483637	0.00721882	7.36606	0.475305	0.00731095	0.00206135
20008	-0.167223	-0.155667	3.89238	1.86227	0.47844	3.4327	-0.623115	3.80256	1.73064	0.455125	0.0168609	6.47972	0.466918	0.0149838	0.00234769
20009	-0.214204	-0.184131	3.78355	1.83669	0.485441	3.25115	-0.718969	3.81381	1.90388	0.499207	0.0238205	6.00433	0.492351	0.0187688	0.00262295
20010	-0.213341	-0.263458	4.05424	1.81092	0.446672	3.24415	-0.751458	4.04147	1.84402	0.456274	0.0199213	5.97712	0.451466	0.016036	0.00292688
20011	-0.257452	-0.246022	3.80603	1.87407	0.492394	3.23948	-0.80852	3.73294	1.69494	0.454049	0.0258741	6.11428	0.473408	0.0216933	0.00325413
20012	-0.267873	-0.226582	4.13491	2.04733	0.495133	3.09054	-0.910296	3.94068	1.79701	0.456014	0.0414458	5.63947	0.476044	0.029517	0.00355037
20013	-0.238711	-0.215517	3.97539	1.87614	0.471939	3.11773	-0.89243	3.62265	1.81722	0.501628	0.040673	5.63286	0.486094	0.0300974	0.00377929
20014	-0.199562	-0.199708	3.84646	1.81602	0.472129	3.07993	-0.931825	4.06722	1.88196	0.462714	0.0498366	5.37752	0.46729	0.0349854	0.0040103
20015	-0.308011	-0.255626	3.95402	1.81806	0.459802	2.9806	-0.994106	3.80913	1.6891	0.443434	0.0504258	5.40748	0.45177	0.0374376	0.00432985
20016	-0.0742601	-0.163013	3.87462	1.87607	0.484194	2.96099	-1.04699	3.95877	1.76711	0.446378	0.0848184	4.60638	0.465083	0.0509167	0.00458645
20017	-0.146236	-0.128699	3.99311	1.86863	0.467964	2.93491	-1.12665	3.54623	1.69997	0.479375	0.104905	4.74671	0.473331	0.0652492	0.00477885
20018	-0.102544	-0.11537	4.03288	1.89104	0.468906	2.86265	-1.20399	3.77707	1.6954	0.448865	0.134787	4.39618	0.459214	0.0763409	0.00505189
20019	-0.0868889	-0.103114	4.00974	1.81405	0.452411	2.77822	-1.25157	3.92344	1.76582	0.45007	0.160673	4.10442	0.451253	0.0843785	0.00514856
20020	-0.23475	-0.112105	3.72331	1.86806	0.501719	2.72882	-1.20401	3.70111	1.80353	0.487296	0.135749	4.39138	0.494529	0.0751201	0.00546777
20021	-0.183818	-0.18885	4.18385	1.90164	0.45452	2.64283	-1.32559	3.95218	1.89984	0.480706	0.161724	3.99497	0.46724	0.0783584	0.00562992
20022	-0.142803	-0.199967	4.34565	1.96525	0.452233	2.48018	-1.39933	3.89689	1.88654	0.484114	0.209078	3.44002	0.467305	0.0854302	0.00581454
20023	-0.161601	-0.158606	4.05552	1.8673	0.460435	2.49724	-1.44826	3.75533	1.75951	0.468535	0.235269	3.53472	0.464329	0.102902	0.00602681
20024	-0.136368	-0.162009	3.91673	1.99014	0.508113	2.54487	-1.50574	3.79108	1.76643	0.465943	0.251162	3.59452	0.487372	0.107322	0.0062152
20025	-0.113588	-0.118938	4.16313	2.0672	0.496549	2.48693	-1.53723	3.85594	1.83807	0.476685	0.297451	3.38133	0.486998	0.114132	0.00638404
20026	-0.125464	-0.116086	3.85709	2.0053	0.519901	2.46909	-1.51361	4.0019	1.79429	0.448359	0.29013	3.36585	0.483471	0.113923	0.00683556
20027	-0.152229	-0.179016	3.94325	1.93571	0.490893	2.48142	-1.54364	3.7783	1.86096	0.492538	0.268481	3.46804	0.491698	0.109276	0.00691803
20028	-0.217023	-0.191265	4.04903	1.90399	0.470234	2.31512	-1.66626	3.89033	1.82703	0.469634	0.339318	3.20587	0.46994	0.127287	0.00723747
20029	-0.193084	-0.161093	3.93511	1.87578	0.476678	2.3672	-1.62657	3.63882	1.84229	0.506287	0.327627	3.27752	0.490903	0.126238	0.00748542
20030	-0.271012	-0.194859	4.01133	1.77977	0.443686	2.44561	-1.63377	3.98189	1.83392	0.460565	0.28055	3.69002	0.452094	0.125346	0.00774188
20031	-0.107718	-0.178843	4.0822	2.04562	0.501108	2.35159	-1.62788	3.87319	1.87746	0.484734	0.347162	3.02411	0.493136	0.118066	0.00779613
20032	-0.11783	-0.11264	4.13858	2.03835	0.492523	2.22713	-1.65876	3.82326	1.89978	0.496899	0.434726	2.74943	0.494624	0.131816	0.0081855
20033	-0.0558528	-0.175247	3.63368	1.97142	0.54254	2.29299	-1.65538	3.6367	1.71585	0.471814	0.397097	2.75852	0.507162	0.129385	0.00837375
20034	-0.259531	-0.201525	3.92532	1.99629	0.508568	2.31009	-1.73722	4.00254	1.88474	0.470886	0.357166	3.30147	0.489543	0.131938	0.00863884
20035	-0.145082	-0.16026	3.58832	1.99834	0.556901	2.22775	-1.77119	3.78591	1.81713	0.479973	0.460912	2.81518	0.517406	0.145389	0.00902613
20036	-0.120014	-0.148622	3.96207	1.8535	0.467811	2.26256	-1.74098	3.85448	1.77318	0.460031	0.446669	2.83834	0.463975	0.148846	0.00931223
20037	-0.123087	-0.135941	3.91647	1.97969	0.505479	2.27462	-1.68333	3.62019	1.71458	0.473616	0.416491	2.87449	0.490174	0.1395	0.00971205
20038	-0.121689	-0.157231	3.6256	1.84922	0.510044	2.27736	-1.73579	3.68545	1.91349	0.5192	0.432954	2.87773	0.51466	0.142106	0.00987183
20039	-0.20455	-0.200441	3.79653	1.87883	0.494879	2.23962	-1.7661	3.86407	1.94944	0.504504	0.410327	2.98699	0.499734	0.138049	0.0100745
20040	-0.214223	-0.171046	3.60754	1.64746	0.45667	2.24327	-1.7517	3.91283	1.93479	0.494475	0.413704	3.01964	0.47634	0.148539	0.0103348
20041	-0.230338	-0.109784	3.80542	1.68719	0.443364	2.34876	-1.69966	3.93797	1.91356	0.485927	0.380007	3.32586	0.46501	0.149361	0.0105506
20042	-0.0373672	-0.0998985	3.85924	1.74193	0.451367	2.26318	-1.78806	3.68261	1.82759	0.496276	0.538473	2.64626	0.473296	0.166457	0.0108352
20043	-0.120857	-0.0981077	3.90797	1.88082	0.481277	2.26402	-1.73928	3.78253	1.89955	0.502191	0.473566	2.84381	0.491563	0.151255	0.0109806
20044	-0.0727393	-0.0907283	3.90091	1.93068	0.49493	2.16808	-1.84903	3.8331	1.91771	0.500304	0.615708	2.51062	0.497593	0.167318	0.0112591
20045	0.00458479	-0.00571453	4.22408	2.04999	0.48531	2.07891	-1.89368	3.52446	1.7644	0.500616	0.82839	2.15141	0.492272	0.189452	0.0115653
20046	0.067459	0.053304	3.709	1.97522	0.532548	2.06298	-1.96252	3.55676	1.70953	0.480641	1.02045	1.99104	0.507138	0.216201	0.0118535
20047	-0.024691	-0.000744052	4.10013	1.96562	0.479403	2.06727	-1.99438	3.95824	1.85441	0.468493	0.908211	2.18815	0.474044	0.206504	0.0122203
20048	-0.026341	0.0061212	4.19741	2.09186	0.49837	2.02117	-1.98294	3.82644	1.88794	0.493393	0.943726	2.09615	0.495997	0.199137	0.0124786
20049	0.078785	-0.00868421	3.87583	1.94703	0.502353	2.05472	-1.97345	3.60829	1.76643	0.489548	0.988734	1.95215	0.49618	0.20636	0.0126599
20050	-0.0706321	-0.0576881	3.90188	1.78246	0.456821	2.01532	-2.0184	4.11276	1.89553	0.460889	0.883526	2.1756	0.458909	0.207256	0.0128868
20051	-0.00640667	-0.0498946	3.8177	1.66586	0.436352	2.05232	-1.95385	4.12873	1.89789	0.459679	0.855297	2.11917	0.448472	0.202823	0.0131757
20052	-0.151291	-0.102566	3.81968	1.79871	0.470906	2.01284	-1.96557	3.50489	1.84541	0.526525	0.741075	2.34173	0.49752	0.192394	0.0133751
20053	-0.192028	-0.133443	3.7173	1.95551	0.526056	1.99977	-1.98659	3.58286	1.89057	0.527671	0.714853	2.40199	0.526849	0.182563	0.0135077
20054	-0.151101	-0.138556	3.92229	2.00506	0.511196	2.04416	-2.01599	3.498	1.70653	0.48786	0.731405	2.40958	0.500195	0.191941	0.0138122
20055	-0.0862799	-0.122272	3.79696	1.87614	0.494115	2.02043	-2.05215	3.7861	1.70167	0.449451	0.839169	2.21911	0.471815	0.206585	0.0141961
20056	-0.192889	-0.140089	3.64189	1.7839	0.489828	1.98944	-2.05116	3.50976	1.71266	0.48797	0.766851	2.38129	0.488916	0.207141	0.0143895
20057	-0.112445	-0.132484	3.6636	1.75379	0.478707	2.0398	-1.99863	3.8865	1.79788	0.462595	0.751814	2.31608	0.470413	0.196952	0.0147052
20058	-0.24218	-0.209488	3.78796	1.73208	0.45726	2.02323	-1.98282	3.8397	1.91555	0.498879	0.61276	2.56603	0.478211	0.177388	0.0148397
20059	-0.238891	-0.247824	3.74269	1.76455	0.471466	2.11545	-1.98719	3.84207	1.91924	0.499532	0.545812	2.77146	0.485683	0.170414	0.0150822
20060	-0.227027	-0.200948	3.30158	1.66909	0.505542	1.96105	-1.95422	3.92952	1.87154	0.476278	0.64206	2.39384	0.489639	0.178414	0.0153682
20061	-0.209281	-0.175231	3.90241	1.81057	0.463963	2.05967	-1.95601	4.03979	1.90403	0.471318	0.615986	2.57407	0.467704	0.175961	0.0157166
20062	-0.207397	-0.265974	3.48005	1.7962	0.516143	1.9312	-2.01108	4.07357	1.88486	0.462705	0.665867	2.28679	0.487324	0.171453	0.0161689
20063	-0.235239	-0.240331	3.56577	1.75713	0.492778	1.93533	-2.02324	3.46841	1.71582	0.4947	0.674701	2.35568	0.493726	0.186288	0.0164678
20064	-0.199367	-0.230318	3.6255	1.82235	0.502647	1.96694	-1.98441	3.56247	1.67903	0.471312	0.655639	2.34644	0.487117	0.180192	0.0167036
20065	-0.25092	-0.286896	3.74803	1.78074	0.475114	2.02891	-1.96225	3.88944	1.71152	0.440043	0.540021	2.59881	0.457254	0.167383	0.0172108
20066	-0.296193	-0.248123	3.76852	1.68471	0.447047	2.05497	-1.93103	3.88512	1.95676	0.503654	0.512335	2.76398	0.475782	0.162855	0.017433
20067	-0.233392	-0.258412	3.70115	1.67586	0.452795	2.13059	-1.95796	3.94357	1.98521	0.503404	0.516866	2.79422	0.478902	0.164816	0.0173864
20068	-0.314285	-0.225476	4.08401	1.79611	0.439792	2.13765	-1.90141	3.97186	2.01974	0.508511	0.467194	3.00599	0.473673	0.155485	0.0176633
20069	-0.171913	-0.201498	3.96407	1.95664	0.493595	2.00681	-1.98209	3.82169	2.07381	0.542642	0.667927	2.37341	0.51767	0.16441	0.0177913
20070	-0.26419	-0.19265	3.87181	2.00094	0.516795	1.941	-2.04971	4.0328	1.83522	0.455074	0.709188	2.43143	0.485306	0.183581	0.017943
20071	-0.216539	-0.245175	4.42899	2.21855	0.500917	1.93992	-2.09573	3.65679	1.88814	0.516337	0.736419	2.32515	0.507891	0.172582	0.0181536
20072	-0.241045	-0.241244	3.72072	1.9433	0.522292	1.88679	-2.16556	3.79364	1.73189	0.456525	0.817862	2.26383	0.489089	0.201289	0.0184246
20073	-0.272613	-0.233144	3.81203	1.93791	0.508367	1.83918	-2.11227	3.80186	1.63172	0.42919	0.791791	2.22982	0.468831	0.198349	0.0188652
20074	-0.257852	-0.226831	3.73378	1.83226	0.490725	1.81426	-2.10206	3.60792	1.74812	0.484523	0.818999	2.14682	0.487677	0.197213	0.0191936
20075	-0.239048	-0.22515	3.73198	1.83143	0.490739	1.83273	-2.14327	3.53698	1.70704	0.482626	0.857168	2.14614	0.486791	0.206395	0.019244
20076	-0.0814601	-0.141467	3.91047	1.92277	0.491698	1.80341	-2.13612	3.74398	1.74288	0.465516	1.11989	1.77637	0.478892	0.213517	0.0197021
20077	-0.173768	-0.124291	4.19033	2.03159	0.48483	1.92013	-2.11493	3.84187	1.72265	0.448388	0.903801	2.19221	0.467399	0.208867	0.0199851
20078	-0.128454	-0.11594	4.04169	1.90898	0.472323	1.88543	-2.06387	3.84842	1.72652	0.44863	0.935576	2.02785	0.460767	0.207016	0.020296
20079	-0.0716829	-0.0489572	3.78561	1.85541	0.490122	1.87369	-2.07209	4.32749	1.83977	0.425136	1.08154	1.89223	0.455459	0.216949	0.0206192
20080	-0.00349246	-0.0293423	4.04229	1.99024	0.492354	1.88441	-2.04599	3.82401	2.01034	0.525715	1.14104	1.78209	0.508572	0.202723	0.0208252
20081	-0.0119733	-0.0425405	4.03046	1.99318	0.494528	1.85825	-2.07935	4.17184	1.9307	0.462793	1.18609	1.74886	0.478387	0.209143	0.0210818
20082	0.0276115	-0.0274075	3.9128	1.84915	0.47259	2.04646	-2.00283	3.83666	1.98796	0.51815	0.957445	2.03788	0.495146	0.20279	0.0209678
20083	-0.182894	-0.152676	4.03199	1.77352	0.439863	2.07741	-2.00527	3.77354	1.79584	0.475904	0.671781	2.55448	0.457287	0.193877	0.021199
20084	-0.212543	-0.192036	4.00901	1.74243	0.434628	1.9065	-2.06395	4.10255	1.8956	0.462054	0.780361	2.24516	0.448499	0.194143	0.0211355
20085	-0.160433	-0.208874	3.88784	1.88663	0.485265	1.83647	-2.11194	3.80864	1.82904	0.480235	0.908228	1.99382	0.482776	0.196011	0.0213298
20086	-0.176586	-0.165031	3.96783	1.78463	0.449774	1.91005	-2.14385	3.57995	1.83187	0.511705	0.899329	2.17702	0.479148	0.213107	0.0216729
20087	-0.131006	-0.167067	3.75051	1.56908	0.418363	1.75284	-2.23275	3.71639	1.74063	0.468365	1.20237	1.77443	0.44325	0.243842	0.0221963
20088	-0.10841	-0.146713	3.37846	1.63075	0.482691	1.84226	-2.21398	3.69236	1.68833	0.45725	1.12313	1.90255	0.469405	0.243603	0.022407
20089	-0.075746	-0.0996922	4.03607	1.64552	0.407702	1.85944	-2.19225	3.94986	1.73153	0.438379	1.16925	1.87248	0.422875	0.244896	0.0224907
20090	-0.190346	-0.159118	3.62972	1.64305	0.452667	1.81652	-2.19012	3.60809	1.78405	0.494458	1.02419	2.01376	0.4735	0.231394	0.0227394
20091	-0.207721	-0.186865	4.04724	1.82561	0.451075	1.76862	-2.17703	3.75454	1.82763	0.486778	1.01404	1.95295	0.468257	0.213329	0.0229477
20092	-0.227397	-0.230023	3.81449	1.86822	0.489769	1.84762	-2.2191	3.77616	1.71554	0.454308	0.918887	2.15284	0.472128	0.216384	0.0230539
20093	-0.26914	-0.217771	3.73259	1.86823	0.50052	1.75979	-2.22706	3.98218	1.7481	0.438981	0.980737	2.05828	0.468755	0.218285	0.0234482
20094	-0.262336	-0.264496	3.93219	1.69158	0.430188	1.8126	-2.25677	4.08262	1.85228	0.4537	0.921916	2.15267	0.442164	0.218837	0.0236818
20095	-0.211708	-0.246146	3.98787	1.77956	0.446242	1.70941	-2.24812	3.89242	1.6726	0.429705	1.08595	1.84534	0.438074	0.225041	0.0238079
20096	-0.209815	-0.209482	3.74929	1.69661	0.452516	1.75134	-2.21799	3.97422	1.85938	0.46786	1.04888	1.92306	0.460412	0.221036	0.0242191
20097	-0.337912	-0.248206	4.04661	1.8231	0.450525	1.8005	-2.18736	3.86202	1.85404	0.480069	0.822322	2.2864	0.464952	0.203684	0.0244133
20098	-0.19692	-0.163801	4.07466	1.85025	0.454086	1.6844	-2.29241	3.75983	1.86045	0.494823	1.28017	1.76968	0.473636	0.233962	0.0245546
20099	-0.192039	-0.162485	3.92042	1.75102	0.446641	1.74639	-2.23616	4.07544	2.00503	0.491978	1.1444	1.87876	0.469749	0.22261	0.0248015
20100	-0.134187	-0.135971	3.90977	1.88893	0.48313	1.83757	-2.21492	4.28187	1.99698	0.46638	1.11168	1.94392	0.474374	0.217648	0.0250794
20101	-0.183241	-0.164716	4.06395	1.96107	0.482554	1.74983	-2.27638	3.65569	1.81578	0.496699	1.19332	1.86838	0.489252	0.227984	0.0252003
20102	-0.228818	-0.17012	3.50544	1.70259	0.485701	1.79294	-2.22588	3.4716	1.67711	0.483095	1.03392	2.04375	0.484404	0.238251	0.0252321
20103	-0.218729	-0.166861	3.88117	1.84389	0.475088	1.79739	-2.20812	3.56751	1.5626	0.438008	1.02509	2.03237	0.457329	0.234272	0.025212
20104	-0.0379132	-0.0762595	3.97786	2.02413	0.50885	1.77606	-2.19767	3.65447	1.6504	0.451612	1.36769	1.64525	0.481444	0.234503	0.0256749
20105	-0.238823	-0.140244	3.75713	1.76756	0.470456	1.79062	-2.22746	3.75547	1.71583	0.456889	1.05775	2.05931	0.463674	0.23828	0.0256909
20106	-0.187552	-0.138217	3.68946	1.82589	0.494893	1.84201	-2.19979	3.55993	1.79253	0.50353	1.03179	2.05957	0.499135	0.227077	0.0262619
20107	-0.118732	-0.114008	3.69229	1.7744	0.480569	1.68568	-2.30179	3.84376	1.74262	0.453365	1.47007	1.62795	0.466694	0.253955	0.026455
20108	0.0190245	0.0156085	3.90352	1.89497	0.485451	1.74195	-2.26798	3.72853	1.69107	0.453549	1.75673	1.48423	0.469866	0.266716	0.0265947
20109	-0.0392516	-0.0347105	3.79546	1.85298	0.488211	1.66843	-2.33405	3.78521	1.73209	0.457594	1.81297	1.45809	0.472923	0.269466	0.0266555
20110	-0.0324354	-0.0356784	3.64449	1.8186	0.499001	1.75587	-2.30034	3.70829	1.65544	0.446416	1.60371	1.59901	0.47248	0.269678	0.0266805
20111	-0.145141	-0.075296	3.84742	1.6902	0.439307	1.78342	-2.31351	3.4605	1.62896	0.47073	1.34691	1.85967	0.454187	0.274055	0.0268857
20112	0.0174784	-0.0265225	3.58309	1.73346	0.48379	1.66737	-2.2773	3.57332	1.61919	0.453132	1.86103	1.36107	0.468482	0.274284	0.0271242
20113	-0.0368949	0.0109243	3.56716	1.69194	0.47431	1.70563	-2.25536	3.7795	1.63385	0.432294	1.69149	1.5182	0.452695	0.27864	0.0274177
20114	-0.110868	-0.00940644	3.46345	1.61835	0.467264	1.64277	-2.29206	3.48939	1.64573	0.471638	1.69433	1.53763	0.469459	0.285346	0.0278691
20115	-0.0341097	0.0381896	4.13926	1.77414	0.428612	1.7874	-2.21663	3.89771	1.77073	0.454301	1.53237	1.65894	0.44107	0.264025	0.0281162
20116	-0.0069933	0.0699535	3.94405	1.89377	0.480158	1.86091	-2.13887	3.80868	1.86879	0.490666	1.39834	1.74453	0.48532	0.244904	0.0282052
20117	0.0891876	0.182348	4.14653	1.92485	0.464206	1.84829	-2.23448	3.64968	1.79901	0.492922	1.8876	1.54722	0.477649	0.281782	0.0286396
20118	0.130402	0.180528	3.8112	1.89878	0.49821	1.73487	-2.25867	4.0416	1.8676	0.462095	2.31117	1.28716	0.479623	0.283214	0.0291625
20119	0.180689	0.196619	4.07025	1.82057	0.447287	1.67408	-2.2865	3.85163	1.95189	0.506769	2.7647	1.11511	0.476208	0.290184	0.0295349
20120	0.179477	0.179537	3.72517	1.87152	0.502398	1.68649	-2.33112	3.808	1.85016	0.485861	2.77548	1.13555	0.494038	0.297573	0.0297467
20121	0.173704	0.152683	3.67281	1.85208	0.504268	1.70331	-2.33417	3.7874	1.96247	0.518156	2.64326	1.16985	0.511319	0.288521	0.0298786
20122	0.168314	0.171003	3.95047	1.8768	0.475084	1.73852	-2.32528	3.86462	1.91535	0.495611	2.52738	1.23278	0.485235	0.29129	0.0302824
20123	0.144972	0.166085	3.70143	1.86545	0.503981	1.51224	-2.45421	3.84505	1.98502	0.516252	3.67278	0.934705	0.510233	0.308441	0.0306486
20124	0.140539	0.1846	3.79536	1.72355	0.45412	1.59371	-2.49149	4.29381	1.92845	0.449123	3.39132	1.05585	0.451468	0.329078	0.0308133
20125	0.261849	0.207357	3.64183	1.8267	0.501587	1.52517	-2.50355	3.40644	1.78201	0.523128	4.60472	0.797986	0.511998	0.337473	0.0311812
20126	0.175449	0.215774	3.72857	1.73143	0.46437	1.52031	-2.48527	3.72653	1.76492	0.47361	4.03377	0.904323	0.468988	0.342936	0.0313146
20127	0.225039	0.245466	4.12642	1.85531	0.449618	1.51988	-2.45515	3.72107	1.83842	0.494058	4.35003	0.83831	0.47069	0.330601	0.0314186
20128	0.275106	0.263862	3.75627	1.86794	0.497287	1.61485	-2.40365	4.01769	1.84589	0.459441	3.96433	0.897453	0.477727	0.323974	0.031525
20129	0.228293	0.267545	3.96311	1.76681	0.445814	1.48849	-2.43556	4.0757	1.84905	0.453677	4.60099	0.794043	0.449801	0.335743	0.0317609
20130	0.260381	0.297152	4.05573	1.94469	0.479493	1.54691	-2.48638	4.0391	1.87	0.462974	4.68117	0.827574	0.471251	0.336883	0.0318394
20131	0.327104	0.347641	3.88564	2.01158	0.517697	1.48931	-2.53318	4.10872	2.05628	0.500466	6.14425	0.675356	0.508841	0.337879	0.0322326
20132	0.450485	0.398917	3.94951	2.10613	0.533263	1.51268	-2.51648	3.85105	2.052	0.532842	7.53339	0.564124	0.533055	0.338307	0.0326004
20133	0.350039	0.380261	3.78223	1.88909	0.499465	1.43777	-2.55036	4.0289	2.06332	0.51213	7.25894	0.591585	0.505998	0.35213	0.0329487
20134	0.397297	0.391146	3.97485	2.03289	0.511439	1.38572	-2.59564	4.31408	2.01742	0.467637	9.13114	0.488488	0.488642	0.355216	0.0329396
20135	0.412979	0.397531	3.55427	1.86596	0.524991	1.44152	-2.56176	3.9823	2.07909	0.522082	8.27811	0.52895	0.523454	0.357012	0.0331512
20136	0.402335	0.383181	3.80241	1.944	0.511255	1.55344	-2.51975	3.85988	2.09028	0.541541	6.35982	0.662522	0.526511	0.343175	0.0336394
20137	0.29768	0.360404	3.85776	1.85552	0.480985	1.56068	-2.4819	3.98922	1.97241	0.494435	5.06443	0.79759	0.487823	0.345497	0.0340237
20138	0.219981	0.29782	3.9441	1.89565	0.48063	1.53334	-2.46572	3.97797	1.90688	0.479361	4.42754	0.86246	0.479993	0.334381	0.0343707
20139	0.288489	0.307575	3.90875	1.94503	0.497608	1.56229	-2.43128	4.01055	1.84722	0.46059	4.62309	0.811288	0.478861	0.330998	0.0349244
20140	0.295303	0.2918	3.96588	1.82407	0.459941	1.57325	-2.45227	4.07625	1.85015	0.453885	4.61066	0.816575	0.456871	0.338888	0.0353884
20141	0.397848	0.369977	3.80883	1.83171	0.480912	1.5854	-2.46019	3.89142	1.79836	0.462135	5.67967	0.705134	0.471423	0.355632	0.0354513
20142	0.355431	0.346338	4.00539	1.90703	0.476115	1.5215	-2.44956	3.9205	1.79698	0.458356	5.749	0.679862	0.467331	0.345495	0.0355706
20143	0.359937	0.361054	3.82145	1.85592	0.485658	1.58961	-2.46695	3.46598	1.68203	0.485296	5.28907	0.756053	0.485486	0.361192	0.0357866
20144	0.410229	0.382576	3.6864	1.90876	0.517784	1.56251	-2.48997	3.69365	1.86298	0.504372	6.21465	0.663876	0.511072	0.353673	0.0359682
20145	0.359944	0.392962	3.77016	1.73667	0.460636	1.53384	-2.44015	3.61539	1.67931	0.46449	5.8246	0.689019	0.462522	0.370165	0.0360218
20146	0.334504	0.322768	4.1067	1.82818	0.445171	1.49202	-2.49132	3.45176	1.71485	0.496804	5.91048	0.669918	0.468751	0.358587	0.0363585
20147	0.382875	0.371438	3.56464	1.75204	0.491505	1.48368	-2.49237	3.68655	1.74394	0.473054	6.76809	0.605887	0.482124	0.369794	0.0365712
20148	0.333836	0.281295	3.93685	1.94121	0.493088	1.4583	-2.51919	3.80711	1.77949	0.467413	6.20266	0.632205	0.480465	0.345218	0.0367349
20149	0.392211	0.341465	3.87494	1.87737	0.48449	1.43261	-2.46599	4.10701	1.9147	0.466202	7.28165	0.541211	0.47508	0.342056	0.0370608
20150	0.257695	0.305576	3.4535	1.79947	0.521059	1.5602	-2.42345	3.78602	1.90822	0.504019	4.38991	0.848261	0.512147	0.334408	0.0373794
20151	0.315778	0.293817	3.65372	1.7042	0.466428	1.51706	-2.40173	3.89078	1.86916	0.480406	5.03506	0.721538	0.473637	0.337133	0.037601
20152	0.302831	0.351061	3.75065	1.58953	0.423802	1.51006	-2.39688	3.68947	1.81683	0.492435	5.18129	0.728698	0.457837	0.356696	0.0379299
20153	0.349236	0.280064	3.78178	1.59841	0.42266	1.61116	-2.42323	3.99562	1.94113	0.485815	4.58904	0.796224	0.455106	0.340549	0.0382097
20154	0.249237	0.298228	3.62747	1.60754	0.443158	1.6002	-2.43491	4.01759	2.09949	0.522575	4.09294	0.912551	0.484893	0.335118	0.0382572
20155	0.298436	0.224064	3.56933	1.65074	0.462477	1.49081	-2.51741	3.85763	1.82289	0.472542	5.28618	0.710879	0.467705	0.351146	0.0385384
20156	0.282073	0.207594	3.7065	1.79349	0.483877	1.47855	-2.54967	3.98778	1.84804	0.463426	5.31066	0.715779	0.473278	0.343053	0.0390302
20157	0.126646	0.112054	4.0167	1.81315	0.451402	1.40449	-2.55217	4.18295	1.88229	0.449991	4.34695	0.816447	0.450682	0.324523	0.0394328
20158	0.173056	0.167601	3.58476	1.69756	0.47355	1.4641	-2.52578	4.25433	1.96169	0.461103	4.35221	0.833402	0.466795	0.331489	0.0397295
20159	0.176682	0.193056	3.7166	1.73925	0.467969	1.4762	-2.46539	4.01665	2.04553	0.509262	4.18496	0.844376	0.489417	0.318365	0.0399183
20160	0.190602	0.177548	3.69669	1.7579	0.475534	1.58178	-2.38643	3.92075	2.02304	0.515983	3.39673	0.967693	0.496354	0.303085	0.0400009
20161	0.221715	0.162805	3.73631	1.72433	0.461505	1.64029	-2.3326	3.82796	1.9029	0.497107	3.09438	1.00618	0.479521	0.300406	0.040152
20162	0.200394	0.153473	3.78754	1.67477	0.442179	1.6994	-2.381	3.56873	1.75781	0.492559	2.85873	1.1235	0.46662	0.318835	0.0405718
20163	0.0648744	0.103869	3.41589	1.69199	0.495328	1.61153	-2.42057	3.76955	1.74489	0.462892	2.66406	1.19606	0.478312	0.316842	0.0406474
20164	0.148062	0.103054	3.78077	1.79637	0.475134	1.68438	-2.34245	3.56978	1.72984	0.48458	2.53384	1.18013	0.479721	0.297859	0.0409694
20165	0.0329578	0.0751221	3.72017	1.7178	0.461754	1.60954	-2.35301	3.88961	1.81998	0.467909	2.37198	1.24281	0.4649	0.294205	0.0413837
20166	0.102949	0.0951413	3.83009	1.77924	0.464542	1.55421	-2.41112	3.94429	1.91194	0.484735	2.98235	1.05308	0.474787	0.298562	0.0412649
20167	0.108507	0.0796556	3.93812	1.91675	0.486717	1.58836	-2.42528	4.03229	2.02639	0.502541	2.86523	1.09498	0.494722	0.284704	0.0416763
20168	0.190985	0.15086	3.74224	1.71385	0.457975	1.47471	-2.4756	4.15942	2.01015	0.483275	4.18597	0.823978	0.471293	0.316627	0.0422563
20169	0.156545	0.165027	3.89193	1.89895	0.48792	1.53251	-2.48615	3.85378	1.89241	0.491053	3.7125	0.946633	0.489479	0.316802	0.0428673
20170	0.272929	0.196929	3.84744	1.77778	0.462068	1.54788	-2.4732	3.54619	1.8569	0.523634	4.38609	0.81275	0.491596	0.329143	0.0430921
20171	0.172924	0.195196	3.79155	1.67278	0.441186	1.67485	-2.41613	3.90415	1.95769	0.501438	3.02288	1.1279	0.471753	0.319637	0.0433158
20172	0.182516	0.186221	4.02818	1.7434	0.432802	1.56396	-2.42784	4.26578	1.92672	0.451668	3.58066	0.954197	0.442505	0.317733	0.0435543
20173	0.117519	0.123702	3.91847	1.88872	0.482003	1.51527	-2.46907	3.78512	1.75233	0.462951	3.44087	0.976856	0.472642	0.315915	0.0439424
20174	0.15141	0.128009	4.00092	1.85612	0.463924	1.42179	-2.57259	3.62984	1.70983	0.471049	4.51915	0.806928	0.467314	0.338435	0.0445433
20175	0.200031	0.151725	3.96566	2.01813	0.508901	1.45685	-2.57991	3.68434	1.83527	0.498127	4.72387	0.789803	0.503712	0.326305	0.0447533
20176	0.163018	0.180528	3.76582	1.91733	0.509141	1.39025	-2.61261	3.82061	1.86868	0.489106	5.18	0.75305	0.499051	0.340116	0.0448864
20177	0.184224	0.147697	3.65718	1.80519	0.493602	1.31756	-2.66019	3.84024	1.84039	0.479238	6.13824	0.642222	0.486245	0.351046	0.0449233
20178	0.220355	0.203012	3.94639	1.84825	0.468341	1.47876	-2.61304	3.8719	1.7612	0.454868	5.00778	0.791786	0.461668	0.354647	0.0453763
20179	0.140883	0.167307	3.75735	1.771	0.471343	1.4252	-2.62295	3.90139	1.96662	0.504082	4.72005	0.824732	0.48802	0.342545	0.0456184
20180	0.152358	0.122753	4.11536	1.82687	0.443915	1.27653	-2.66155	3.88074	1.94903	0.502231	6.13437	0.631877	0.472217	0.339295	0.0460692
20181	0.0747644	0.080113	3.52162	1.67522	0.475696	1.3231	-2.69613	3.82814	1.85833	0.485439	4.94599	0.779169	0.480771	0.352995	0.0460305
20182	0.0338172	0.0758957	3.6033	1.74268	0.483634	1.19548	-2.73521	4.03906	1.83881	0.455257	5.85595	0.674725	0.468637	0.355622	0.0465955
20183	0.0416031	0.0486475	3.80646	1.81165	0.475941	1.28291	-2.73781	3.86825	1.78518	0.461496	5.03906	0.770416	0.46866	0.350622	0.0470525
20184	0.0131924	0.0614278	3.91117	1.69697	0.43388	1.27962	-2.69556	3.92135	1.8396	0.469123	4.73924	0.801923	0.451524	0.349629	0.0471575
20185	0.152658	0.0681014	3.81227	1.89365	0.496726	1.41945	-2.60642	3.96572	1.78041	0.44895	4.45737	0.802384	0.472367	0.327492	0.0476928
20186	0.169985	0.0657171	4.05478	1.92509	0.474769	1.34504	-2.64901	3.89167	1.99615	0.512929	5.33748	0.690377	0.493458	0.319772	0.0479169
20187	-0.0329156	0.003016	3.7992	1.75607	0.46222	1.37181	-2.64904	3.95226	1.81994	0.46048	3.56436	0.986631	0.461333	0.329739	0.0485087
20188	-0.110895	-0.052325	3.76722	1.90952	0.506878	1.33038	-2.65039	3.95262	1.89288	0.478891	3.24941	1.03864	0.492549	0.307487	0.0485222
20189	-0.064598	-0.0285032	3.77996	1.79304	0.474354	1.35887	-2.63764	3.99532	1.87257	0.468692	3.35966	1.01314	0.471444	0.317182	0.0484968
20190	-0.00581772	-0.00458829	4.01294	1.89799	0.472969	1.46468	-2.60553	3.85844	1.81016	0.469143	3.12845	1.08119	0.471093	0.313333	0.0488436
20191	-0.0709213	0.0529519	3.58489	1.84686	0.515181	1.44913	-2.5396	4.04403	1.85088	0.457683	2.90898	1.15527	0.484701	0.312548	0.0489249
20192	0.0205882	0.0771348	3.70927	1.8025	0.485944	1.55743	-2.54039	3.79552	1.84031	0.484863	2.90085	1.18094	0.485397	0.319931	0.0490882
20193	0.0523926	0.0882938	4.02238	1.82732	0.454288	1.28997	-2.57426	3.83695	1.77391	0.462324	4.62865	0.765796	0.458211	0.329931	0.0491148
20194	0.222179	0.141489	3.89666	1.92644	0.494383	1.48651	-2.5307	4.0512	1.72907	0.426806	4.46693	0.79927	0.459937	0.328222	0.049201
20195	0.139719	0.159152	3.71125	1.8981	0.511444	1.4613	-2.53007	3.93905	1.79715	0.456239	4.14064	0.873286	0.483019	0.328642	0.0494537
20196	0.163455	0.20493	3.66478	1.89673	0.517557	1.52737	-2.51059	3.83869	1.86747	0.486486	3.96394	0.930138	0.501662	0.328856	0.0496734
20197	0.234507	0.289214	3.93682	1.84252	0.468022	1.59279	-2.45645	3.94509	1.80534	0.457616	4.08618	0.922461	0.462813	0.340765	0.0502637
20198	0.263752	0.252403	3.72968	1.69403	0.454202	1.48595	-2.45513	4.01451	1.93893	0.482981	4.90753	0.746887	0.469121	0.335422	0.0506324
20199	0.218143	0.249748	3.87711	1.79884	0.463964	1.45901	-2.41365	3.87078	1.9993	0.516509	4.60706	0.76987	0.490215	0.318407	0.050754
20200	0.236106	0.229589	3.67908	1.72617	0.469184	1.57173	-2.42503	4.14219	1.93576	0.467328	3.95034	0.891945	0.468201	0.324935	0.0513364
20201	0.25174	0.264131	3.54684	1.77793	0.501271	1.52467	-2.47573	3.92331	1.81658	0.463022	4.63281	0.81018	0.481183	0.343127	0.0514449
20202	0.277441	0.219597	3.76938	1.7637	0.467902	1.54796	-2.43385	3.7531	1.82917	0.487375	4.36173	0.807108	0.477617	0.32893	0.0515345
20203	0.249429	0.22126	3.99753	1.78137	0.445617	1.5603	-2.43653	3.99249	1.85545	0.464735	4.11076	0.859188	0.45517	0.326972	0.0518517
20204	0.138222	0.167958	3.59521	1.85424	0.515754	1.54989	-2.43406	3.99426	1.89189	0.473653	3.39748	0.9964	0.493597	0.311323	0.0520836
20205	0.132461	0.146901	3.89567	1.94513	0.499305	1.69784	-2.33886	3.77099	1.96183	0.520243	2.52164	1.2252	0.509604	0.283454	0.0522332
20206	0.144674	0.159266	3.80958	1.84519	0.484355	1.65755	-2.32096	4.0596	1.97174	0.485698	2.68768	1.14439	0.485048	0.287298	0.0520737
20207	0.177732	0.178052	4.0196	1.76249	0.438473	1.69533	-2.33347	4.17183	1.97982	0.474569	2.73882	1.15155	0.456856	0.296564	0.0519947
20208	0.142619	0.219226	3.80956	1.73596	0.455685	1.58238	-2.38591	3.80734	1.96184	0.515278	3.27404	1.03645	0.485473	0.31463	0.0524922
20209	0.259238	0.186641	3.63543	1.75765	0.483478	1.54464	-2.46602	3.71832	1.96497	0.528456	4.25876	0.826134	0.506221	0.321018	0.0527607
20210	0.307047	0.234553	3.72492	1.82785	0.490709	1.50483	-2.45447	4.16464	2.07357	0.497898	5.04005	0.717339	0.494504	0.316743	0.052952
20211	0.152732	0.170024	3.87525	1.82617	0.47124	1.55116	-2.49424	4.09899	1.93277	0.471524	3.62976	0.977796	0.471386	0.320805	0.0529194
20212	0.0959182	0.154191	3.93344	1.75144	0.44527	1.57644	-2.4653	3.8986	1.91364	0.490854	3.13045	1.09597	0.467961	0.318932	0.0532558
20213	0.227578	0.18057	3.78752	1.80064	0.475414	1.40957	-2.56835	3.97272	1.93134	0.48615	5.4087	0.698558	0.48091	0.336191	0.0537396
20214	0.139091	0.165371	3.6131	1.72578	0.477645	1.44562	-2.55317	4.01856	1.91493	0.476522	4.32948	0.853505	0.477054	0.336756	0.0539085
20215	0.156632	0.225221	3.87398	1.81601	0.468771	1.35379	-2.62971	4.04442	2.04764	0.506289	5.68706	0.716595	0.487934	0.345402	0.0543219
20216	0.356341	0.238375	3.81516	1.71692	0.450026	1.26614	-2.67602	3.7093	1.86174	0.501911	10.2613	0.41387	0.475604	0.372511	0.0543582
20217	0.183906	0.212556	3.51725	1.62006	0.460604	1.46548	-2.6396	3.98239	1.9595	0.492042	4.95293	0.82121	0.477298	0.362418	0.0546084
20218	0.25816	0.244121	3.51411	1.6319	0.464384	1.29971	-2.66431	3.7023	1.75504	0.47404	7.79756	0.542411	0.469338	0.3845	0.0552772
20219	0.250026	0.179334	3.55912	1.62134	0.455546	1.14434	-2.77316	3.72347	1.85264	0.497556	10.8992	0.399903	0.477025	0.385613	0.0554973
20220	0.16721	0.174947	3.65754	1.82097	0.497867	1.15053	-2.82265	3.80511	1.83072	0.481121	9.2929	0.483464	0.489328	0.380986	0.0558628
20221	0.0628686	0.136203	3.551	1.66966	0.470194	1.17568	-2.73254	3.72056	1.73966	0.467581	6.6457	0.619175	0.468857	0.37647	0.0561607
20222	0.0121486	0.0306488	3.86579	1.73328	0.448363	1.20818	-2.74079	3.85424	1.67313	0.4341	5.3694	0.715247	0.441242	0.36061	0.0564188
20223	-0.0463289	-0.00542522	3.96017	1.7326	0.437506	1.26184	-2.76763	3.67601	1.67803	0.45648	4.45845	0.855653	0.44664	0.358788	0.0564386
20224	-0.020002	0.0319283	3.74078	1.81686	0.485691	1.17773	-2.80217	3.96645	1.83636	0.462972	5.599	0.71728	0.473999	0.354812	0.0568906
20225	0.0337784	0.033392	3.85221	1.67865	0.435763	1.30735	-2.7577	3.88868	1.67315	0.430262	4.80285	0.810997	0.433	0.367623	0.0568833
20226	0.00895108	0.0381345	3.97247	1.79569	0.452034	1.30059	-2.71543	3.84959	1.66648	0.432897	4.5447	0.834171	0.442616	0.35391	0.0570079
20227	0.319214	0.29132	3.99475	1.82395	0.456588	1.39633	-2.56451	3.79705	1.63923	0.431711	7.02977	0.580086	0.444465	0.37069	0.0573443
20228	0.344451	0.312124	3.80563	1.75415	0.460935	1.41441	-2.57448	3.75099	1.64357	0.43817	7.2785	0.572404	0.449635	0.380191	0.0579616
20229	0.313911	0.314949	3.73678	1.67948	0.449446	1.55244	-2.56985	3.8518	1.77832	0.461685	5.42527	0.766973	0.455658	0.375776	0.0582939
20230	0.371719	0.326192	3.85612	1.69359	0.439196	1.45123	-2.54822	3.87725	1.75054	0.451489	7.0899	0.582677	0.445359	0.375013	0.0584121
20231	0.308318	0.311687	4.07789	1.90713	0.467675	1.48011	-2.51811	3.49953	1.77398	0.506921	5.83194	0.686544	0.4858	0.352379	0.0589376
20232	0.280156	0.315834	3.84209	1.75603	0.457051	1.54854	-2.45949	3.94141	1.90073	0.482246	4.78765	0.804403	0.469809	0.345057	0.059048
20233	0.322392	0.327332	3.54255	1.66114	0.46891	1.52577	-2.47033	3.95998	1.93925	0.489712	5.4049	0.724055	0.479889	0.352226	0.0592844
20234	0.256175	0.282067	3.74762	1.71342	0.457203	1.49616	-2.50825	3.88595	1.95567	0.503267	5.06372	0.768787	0.480653	0.346733	0.0594492
20235	0.264404	0.236666	3.81905	1.73631	0.454643	1.46088	-2.49488	3.80266	1.87848	0.49399	5.21206	0.715775	0.474275	0.340494	0.0597795
20236	0.20475	0.181994	3.6655	1.69557	0.462574	1.49578	-2.49734	4.17769	1.94598	0.465802	4.30709	0.833374	0.464293	0.330248	0.059949
20237	0.243923	0.193344	3.61643	1.79573	0.496548	1.46274	-2.49231	3.83765	1.90826	0.497248	4.85539	0.742757	0.496908	0.327535	0.0603286
20238	0.11449	0.180278	3.73156	1.80067	0.482551	1.45968	-2.50878	3.9331	1.89233	0.481131	3.99607	0.904765	0.481822	0.328748	0.0606541
20239	0.114305	0.14896	3.76851	1.90631	0.505851	1.54716	-2.44767	3.6639	1.85039	0.505033	3.28411	1.02653	0.505448	0.309832	0.0608869
20240	0.24445	0.164121	3.88032	1.91469	0.493435	1.40097	-2.53066	3.80668	1.80192	0.473358	5.42925	0.668774	0.483493	0.328281	0.0610038
20241	0.193276	0.172483	3.82763	1.84878	0.483008	1.5132	-2.52477	3.78531	1.75496	0.463623	4.17588	0.871095	0.47337	0.335526	0.0607939
20242	0.232661	0.216296	3.74739	1.74718	0.46624	1.50408	-2.55711	3.66528	1.71709	0.468476	4.75824	0.808258	0.467345	0.35706	0.0611344
20243	0.238238	0.24409	3.78574	1.80496	0.476779	1.38467	-2.58421	3.93007	1.90181	0.483913	6.08636	0.657149	0.480412	0.350555	0.0612205
20244	0.224953	0.271954	3.66156	1.84852	0.504846	1.4414	-2.59972	3.95897	1.81775	0.459146	5.57292	0.739875	0.481104	0.360043	0.0616341
20245	0.32046	0.230122	3.61082	1.69483	0.469375	1.3988	-2.60525	3.67468	1.91916	0.522267	6.91361	0.581414	0.496053	0.357493	0.0616789
20246	0.171447	0.237333	3.60557	1.84708	0.512284	1.35887	-2.64676	3.89632	2.02096	0.518684	5.89936	0.704989	0.515608	0.349753	0.061771
20247	0.332702	0.288037	4.13486	1.76419	0.426662	1.25255	-2.72985	3.81957	1.99246	0.521645	10.7641	0.423057	0.472271	0.377493	0.0617412
20248	0.246266	0.28916	3.79371	1.83066	0.482552	1.32244	-2.70738	3.86579	1.95769	0.506414	7.75314	0.579072	0.494595	0.372195	0.0616195
20249	0.27485	0.254983	4.16076	1.97209	0.473972	1.24941	-2.73691	4.21412	1.97811	0.469402	9.42478	0.474887	0.471672	0.361756	0.0617467
20250	0.264852	0.239688	3.89555	1.83769	0.471741	1.189	-2.76282	3.70643	1.77647	0.479294	10.5557	0.427021	0.475424	0.384199	0.0622957
20251	0.319995	0.291823	4.25203	1.96722	0.462654	1.20837	-2.81576	3.79285	1.86663	0.492145	12.2363	0.394608	0.476558	0.386518	0.0626109
20252	0.326064	0.33489	3.80803	1.9316	0.507244	1.22192	-2.79111	4.01482	1.83373	0.45674	12.176	0.401276	0.481324	0.393621	0.0625476
20253	0.383386	0.307779	4.02153	1.99367	0.495749	1.17311	-2.75654	3.75816	1.84901	0.492	15.0563	0.311832	0.493938	0.379349	0.0630577
20254	0.360068	0.303085	3.74103	1.89728	0.507155	1.19909	-2.81217	3.76923	1.82026	0.482927	13.786	0.35198	0.494995	0.395025	0.063294
20255	0.240713	0.355353	4.0035	1.90691	0.476311	1.19638	-2.82356	3.72115	1.76388	0.474014	11.0649	0.456649	0.475205	0.407787	0.0637452
20256	0.355712	0.417966	3.89819	1.95173	0.500676	1.13736	-2.85911	3.76027	1.83555	0.488143	17.5773	0.305486	0.494522	0.41495	0.0643062
20257	0.380733	0.411239	3.73195	1.75002	0.46893	1.12376	-2.83337	3.64212	1.76054	0.483384	19.0686	0.276042	0.476069	0.428596	0.0645209
20258	0.402585	0.404433	3.73228	1.78104	0.4772	1.05287	-2.91525	3.80647	1.82163	0.47856	26.0604	0.211438	0.477887	0.433464	0.0648231
20259	0.432682	0.410668	3.51159	1.68402	0.479561	1.04438	-2.94723	3.82339	1.92845	0.504383	30.1342	0.187088	0.4925	0.438426	0.0650874
20260	0.358138	0.399589	3.57904	1.68994	0.472177	1.00481	-2.92173	3.82844	1.88918	0.49346	26.3791	0.20909	0.483177	0.435318	0.0653532
20261	0.39888	0.46674	3.73747	1.74897	0.467954	1.08956	-2.90826	3.89406	1.74481	0.44807	23.8777	0.23852	0.457808	0.449179	0.0657238
20262	0.463238	0.473627	3.64316	1.75541	0.481837	1.02481	-2.90685	3.70987	1.65083	0.444984	36.237	0.157679	0.463243	0.45627	0.0664691
20263	0.510949	0.478458	4.02377	1.76885	0.439599	1.11287	-2.90845	3.64172	1.76346	0.484237	31.6611	0.181155	0.460806	0.448209	0.0665615
20264	0.362235	0.44338	3.88813	1.76954	0.455115	1.00988	-3.00519	3.89542	1.86622	0.479081	28.3536	0.20972	0.467109	0.449995	0.066785
20265	0.487277	0.468999	4.12708	1.84283	0.446521	0.981153	-2.96778	3.8835	1.93461	0.498161	48.4248	0.121957	0.471556	0.438865	0.066564
20266	0.444183	0.42026	4.01713	1.81638	0.452159	1.10659	-2.93488	3.77293	1.85286	0.491093	25.6552	0.21939	0.471016	0.434186	0.0670155
20267	0.245201	0.347449	3.70699	1.73709	0.468599	1.05251	-2.91292	3.51719	1.80077	0.51199	16.31	0.325873	0.489725	0.429073	0.0670606
20268	0.330572	0.350283	3.76872	1.64957	0.4377	1.06742	-2.93548	3.79699	1.98549	0.522912	19.8846	0.271473	0.480465	0.426237	0.0672822
20269	0.41475	0.378419	3.70434	1.80753	0.487949	0.979672	-3.04067	3.86788	1.88069	0.486234	36.6305	0.159568	0.487073	0.442211	0.0672422
20270	0.40812	0.407352	3.77145	1.70605	0.452359	0.911148	-3.0804	3.88886	1.97143	0.506943	48.0736	0.126519	0.480069	0.452765	0.0674291
20271	0.349163	0.366545	3.60969	1.79381	0.496943	0.864911	-3.07657	3.83208	1.82536	0.476338	44.5686	0.132998	0.486333	0.450343	0.0676655
20272	0.285305	0.345965	3.78984	1.83802	0.484986	0.99572	-3.00026	3.67582	1.72167	0.468378	22.1864	0.252345	0.476809	0.440335	0.067816
20273	0.341907	0.401688	4.14613	2.00791	0.484285	0.987431	-3.02166	3.80335	1.83309	0.481967	28.1241	0.20835	0.483176	0.432836	0.0680382
20274	0.441544	0.429126	3.68924	1.90186	0.515515	1.05127	-3.0185	3.70538	1.78545	0.481853	31.9723	0.185882	0.498647	0.446378	0.0683311
20275	0.479415	0.505584	3.92465	1.86141	0.474288	0.932063	-3.06722	3.78962	1.84915	0.487951	62.3016	0.102445	0.481	0.462502	0.0682437
20276	0.61379	0.586455	3.98287	1.96297	0.492853	0.975523	-3.0818	4.11022	1.96055	0.476993	102.835	0.0654253	0.484798	0.461737	0.0685447
20277	0.56083	0.563497	4.17323	1.98594	0.475876	1.01547	-3.05676	3.92896	1.97825	0.503505	63.4091	0.103347	0.489274	0.452641	0.0686631
20278	0.651463	0.640329	4.02419	1.93829	0.48166	1.00143	-3.04751	3.92764	1.9181	0.488359	111.045	0.0612372	0.484969	0.468679	0.0690967
20279	0.779603	0.685088	4.19603	1.90191	0.453265	1.00005	-2.99383	3.63827	1.89856	0.52183	278.516	0.0242974	0.485107	0.471112	0.0692657
20280	0.596615	0.553368	3.70989	1.91269	0.515565	0.792676	-3.16097	3.49559	1.73337	0.495874	358.904	0.01922	0.506012	0.486243	0.069556
20281	0.45054	0.531223	3.68322	1.85379	0.503306	0.876205	-3.08586	3.59818	1.67035	0.464222	72.2072	0.0905952	0.483992	0.481484	0.0697291
20282	0.590906	0.546094	3.82707	1.83945	0.480641	1.01724	-3.02775	3.95997	1.90059	0.47995	70.2716	0.0908784	0.480289	0.46068	0.0697953
20283	0.559581	0.559273	3.76453	1.84266	0.48948	1.02149	-3.02431	3.80831	1.77045	0.46489	60.1893	0.106681	0.477114	0.470624	0.0702439
20284	0.504259	0.540089	3.63951	1.68229	0.462229	0.946202	-3.07129	3.79005	1.87663	0.495147	66.7749	0.0976569	0.479022	0.478246	0.0703509
20285	0.612944	0.589408	3.67812	1.8452	0.501669	0.928808	-3.08688	3.9209	1.82661	0.465865	135.462	0.0498851	0.483195	0.479344	0.0705758
20286	0.552832	0.581357	3.75969	1.82483	0.485369	0.841258	-3.1235	3.78913	1.83448	0.484142	164.995	0.0415949	0.484753	0.48406	0.0707382
20287	0.57474	0.578474	3.9325	1.84285	0.468622	0.954564	-3.09997	3.8274	1.73103	0.452273	93.7917	0.0721331	0.460558	0.486387	0.0709663
20288	0.641651	0.595629	3.83549	1.87143	0.487926	0.825251	-3.09321	3.84495	1.66466	0.432948	403.676	0.0168545	0.460403	0.490453	0.0712131
20289	0.624355	0.624129	3.72113	1.7249	0.463541	0.994403	-3.00535	3.67818	1.68014	0.456787	96.1994	0.0684677	0.460184	0.491783	0.0715866
20290	0.624795	0.663438	4.23556	1.81672	0.428922	0.937125	-3.05619	3.76354	1.83338	0.487143	141.83	0.0487752	0.456315	0.486677	0.0717594
20291	0.680643	0.645182	3.82432	1.74007	0.455002	0.917158	-3.04279	3.69106	1.81635	0.492095	243.141	0.0279697	0.47322	0.488904	0.0723238
20292	0.556419	0.592824	3.75594	1.6846	0.448517	0.876174	-3.07275	4.03214	1.90511	0.472482	131.416	0.0511216	0.460925	0.483531	0.0727426
20293	0.619797	0.582512	3.82162	1.76035	0.460629	0.916925	-3.04616	3.9131	1.97699	0.505222	149.144	0.0441428	0.483189	0.468433	0.0731384
20294	0.702412	0.613219	3.68995	1.757	0.476157	0.969855	-3.08769	3.98371	1.76784	0.443766	191.495	0.0357627	0.459341	0.492883	0.0736297
20295	0.702287	0.639441	3.81512	1.74985	0.458661	0.976195	-3.08429	3.8616	1.86196	0.482172	184.819	0.0375129	0.470488	0.489864	0.0740836
20296	0.679665	0.607236	3.78958	1.67357	0.441624	0.87607	-3.07069	3.85363	1.91874	0.497906	350.673	0.0192874	0.470001	0.485032	0.0740723
20297	0.645181	0.595253	3.51231	1.6444	0.468184	0.887276	-3.08709	3.95539	2.00441	0.506755	231.355	0.0293049	0.488613	0.481734	0.0748255
20298	0.590882	0.605377	3.86838	1.70059	0.439614	0.896128	-3.11969	3.9352	2.04308	0.519181	148.925	0.0465878	0.479738	0.481086	0.0749299
20299	0.518843	0.591899	3.9655	1.87017	0.471611	0.865871	-3.10469	3.95038	2.0683	0.52357	113.468	0.0602142	0.497541	0.464618	0.0749284
20300	0.539134	0.559948	3.71928	1.75364	0.4715	0.791029	-3.12928	3.98866	1.87574	0.470269	214.502	0.0317256	0.470863	0.484	0.0754416
20301	0.64894	0.607649	3.8619	1.96807	0.509613	0.91902	-3.06818	3.64962	1.83343	0.502362	185.237	0.0364716	0.50609	0.470626	0.0758686
20302	0.560902	0.545993	4.11845	1.90828	0.463349	0.899324	-3.0798	3.69756	1.80965	0.489418	114.786	0.0572649	0.475681	0.469335	0.0759401
20303	0.697875	0.567033	3.78093	1.84603	0.488248	1.02278	-3.05625	3.84291	1.8467	0.480546	124.365	0.0527807	0.484366	0.470684	0.0759025
20304	0.625643	0.578811	3.71814	1.8341	0.493284	0.958629	-3.07334	3.84324	2.00476	0.521633	120.294	0.05544	0.507693	0.464973	0.0762624
20305	0.574749	0.568295	3.77171	1.87589	0.497357	1.1095	-3.00946	4.07151	1.98843	0.488377	44.7633	0.142978	0.492695	0.453111	0.0765649
20306	0.496886	0.54365	4.0105	1.97721	0.493008	1.03116	-2.99257	3.69876	1.86507	0.504241	43.8079	0.142724	0.498397	0.448746	0.0768373
20307	0.507185	0.528012	3.91971	1.87792	0.479096	1.09396	-2.97907	3.80918	1.80342	0.47344	35.723	0.172152	0.476309	0.455244	0.076872
20308	0.531146	0.506513	3.95	1.86437	0.471993	1.12266	-2.86542	3.83499	1.94529	0.507248	32.496	0.174944	0.48936	0.427426	0.0773064
20309	0.506675	0.470527	3.59408	1.72422	0.479739	1.19584	-2.87397	3.82581	1.88212	0.491954	23.5512	0.237476	0.486037	0.436875	0.077865
20310	0.452791	0.481442	4.20026	1.85298	0.441158	1.09537	-2.89	3.80966	1.86818	0.490379	27.5284	0.206452	0.464568	0.433116	0.0783478
20311	0.456962	0.474984	3.63273	1.81329	0.499153	1.08644	-2.94109	4.0202	1.91429	0.476167	29.4505	0.198121	0.487078	0.43916	0.078789
20312	0.482858	0.476285	3.55683	1.82811	0.51397	1.00299	-2.99826	4.13285	1.94685	0.471068	44.6244	0.135268	0.490912	0.444417	0.0787564
20313	0.550063	0.529373	3.70256	1.77208	0.478611	0.945788	-3.06043	3.78696	1.81292	0.478726	82.291	0.0782994	0.478669	0.473435	0.0784181
20314	0.473417	0.542586	3.83131	1.74092	0.454392	0.925789	-3.08077	3.71581	1.83787	0.494608	64.1551	0.10232	0.474193	0.478509	0.0786657
20315	0.538043	0.520301	3.76146	1.63885	0.435694	0.907358	-3.15103	3.58706	1.70826	0.476229	98.8222	0.0681966	0.455481	0.501805	0.0789931
20316	0.491236	0.505626	3.59768	1.68902	0.469475	0.76803	-3.21829	3.95251	1.86168	0.471013	181.003	0.0383074	0.47028	0.494153	0.0791305
20317	0.360421	0.369405	4.0084	1.76805	0.441086	0.623145	-3.35192	3.50884	1.81884	0.518359	200.631	0.0345118	0.477155	0.491271	0.0791485
20318	0.370709	0.351642	3.60244	1.66932	0.463386	0.651285	-3.29716	3.63471	1.72174	0.473694	169.123	0.0393612	0.468563	0.495465	0.0792747
20319	0.236444	0.35981	3.84924	1.84262	0.478696	0.587883	-3.39052	3.76819	1.79321	0.475883	113.878	0.0617544	0.477304	0.491765	0.0796056
20320	0.314365	0.362925	4.03005	1.9577	0.485775	0.575469	-3.39044	4.08089	1.90657	0.467195	206.641	0.0340875	0.476427	0.476951	0.0797643
20321	0.308944	0.323004	3.95945	1.92528	0.486248	0.588548	-3.38949	3.90125	1.84757	0.473583	176.296	0.0390894	0.479962	0.477462	0.0801723
20322	0.285869	0.294696	4.22447	2.00411	0.474406	0.653434	-3.39724	3.91158	1.93498	0.49468	100.888	0.067552	0.484153	0.463952	0.0799524
20323	0.367195	0.303489	3.99543	1.80265	0.451178	0.525077	-3.39667	3.89722	1.7448	0.447703	549.256	0.0124634	0.449462	0.491183	0.0800095
20324	0.257264	0.18671	3.69932	1.71436	0.463425	0.590092	-3.34474	3.9146	1.78092	0.454942	112.581	0.0553874	0.459064	0.471583	0.0802891
20325	0.223719	0.215075	4.04139	1.94627	0.481584	0.700166	-3.32336	3.87423	1.78512	0.460769	55.1563	0.113501	0.471396	0.456311	0.0803498
20326	0.256012	0.194408	3.65433	1.74367	0.477152	0.597907	-3.32466	3.83966	1.83232	0.477208	105.943	0.058446	0.477181	0.464151	0.0807804
20327	0.108518	0.20639	3.99937	1.67047	0.417684	0.705582	-3.34921	3.91694	1.90705	0.486873	35.4638	0.178243	0.451918	0.469185	0.080688
20328	0.206065	0.198378	3.45035	1.54107	0.446641	0.668289	-3.31377	3.93375	1.84954	0.470173	57.7351	0.106825	0.459177	0.47643	0.0807515
20329	0.112515	0.185685	3.59883	1.67006	0.464055	0.608734	-3.36629	3.72291	1.7861	0.47976	51.238	0.123117	0.472041	0.477279	0.080829
20330	0.267361	0.177688	3.46292	1.66659	0.481268	0.585163	-3.38226	3.87083	1.80157	0.465423	125.48	0.0504991	0.472904	0.477533	0.0811416
20331	0.146378	0.191329	3.87148	1.71339	0.442568	0.553793	-3.41061	3.77658	1.91571	0.507261	78.1625	0.0829936	0.474513	0.47207	0.0810837
20332	0.217587	0.217092	3.84292	1.8028	0.469122	0.560862	-3.41185	3.74441	1.92554	0.514243	111.757	0.0589189	0.491389	0.469071	0.0810347
20333	0.300928	0.2548	3.9374	1.77214	0.45008	0.656233	-3.43988	4.03988	1.80468	0.446717	108.131	0.0631207	0.448377	0.488382	0.0815015
20334	0.204344	0.223044	3.75693	1.66244	0.4425	0.594038	-3.46128	3.88301	1.77881	0.4581	89.3858	0.0759305	0.450429	0.496636	0.0817566
20335	0.220205	0.237861	3.96216	1.85599	0.468429	0.552611	-3.43603	3.85427	1.76407	0.457693	122.156	0.0552468	0.463135	0.482561	0.0819185
20336	0.199297	0.263323	4.06664	1.79921	0.442432	0.501421	-3.43135	4.014	1.77243	0.441561	149.549	0.0456393	0.441999	0.488744	0.0822153
20337	0.274265	0.254681	3.84619	1.81101	0.470859	0.70551	-3.30893	3.628	1.63354	0.45026	68.2861	0.0929862	0.460861	0.479751	0.0825197
20338	0.275021	0.264475	4.01776	1.94559	0.484247	0.720835	-3.27389	3.66052	1.75748	0.480119	62.9937	0.0993751	0.482279	0.458191	0.0822674
20339	0.287716	0.225558	3.87444	1.94707	0.502542	0.669227	-3.26886	3.91832	1.84383	0.470568	83.8951	0.0727752	0.486465	0.446193	0.0823849
20340	0.225696	0.218503	3.60009	1.76882	0.491328	0.735471	-3.2117	3.88671	1.90638	0.490486	45.2776	0.129935	0.490891	0.444687	0.0827206
20341	0.169885	0.207335	3.70881	1.87272	0.504938	0.820375	-3.19169	3.76378	1.81068	0.481081	27.3041	0.211568	0.492922	0.439632	0.0825908
20342	0.204959	0.201946	4.05681	1.97216	0.486135	0.829242	-3.12609	3.94278	1.88084	0.477035	28.4193	0.194865	0.48165	0.41827	0.0828897
20343	0.261808	0.256368	3.98377	1.8333	0.460193	0.870307	-3.16671	3.6564	1.99497	0.54561	31.6457	0.185135	0.501072	0.433613	0.0831738
20344	0.285117	0.261975	3.84616	1.84296	0.479169	0.934191	-3.15516	3.81406	1.85824	0.487208	27.7163	0.210648	0.483172	0.441063	0.0832053
20345	0.283612	0.263659	3.89131	1.85667	0.477133	0.840767	-3.19363	3.96648	1.80932	0.456152	38.5053	0.155211	0.466542	0.449195	0.0830632
20346	0.315329	0.268825	3.80462	1.92166	0.505087	0.785852	-3.22847	3.75702	1.8191	0.484186	55.2464	0.110696	0.494702	0.449894	0.0833056
20347	0.306347	0.338119	3.98444	1.88675	0.473529	0.856364	-3.15098	4.27074	1.93437	0.452935	40.2415	0.15126	0.462875	0.443481	0.0837879
20348	0.391271	0.420233	4.09218	1.98675	0.4855	0.947581	-3.10499	4.05246	1.87208	0.46196	40.155	0.15474	0.473787	0.446143	0.0838963
20349	0.356219	0.414904	3.67485	1.83942	0.500544	0.997364	-3.05986	3.69289	1.7596	0.476483	29.3722	0.205534	0.488484	0.456261	0.0842581
20350	0.425396	0.417896	3.7878	1.81791	0.479937	0.930108	-3.06779	3.74896	1.73794	0.463578	47.6969	0.127367	0.4718	0.460816	0.0846945
20351	0.483772	0.419049	3.9189	1.79544	0.458151	0.936171	-3.07345	3.70846	1.67084	0.450548	59.5976	0.102332	0.454454	0.468133	0.0849598
20352	0.534831	0.45998	3.857	1.79417	0.465173	1.02539	-3.01571	3.77986	1.81064	0.479023	50.1988	0.120326	0.472028	0.455995	0.0847742
20353	0.441976	0.48647	3.90883	1.88052	0.481097	1.02489	-3.01044	3.92187	1.89894	0.484192	35.9878	0.169896	0.482647	0.447292	0.0848497
20354	0.554173	0.54208	3.88426	1.78724	0.460123	0.931574	-3.03711	4.03605	1.90989	0.473207	89.942	0.0712161	0.46679	0.464293	0.0849132
20355	0.461282	0.475342	3.99617	1.85559	0.464343	0.887903	-3.0201	4.0659	1.96258	0.482692	67.1305	0.0910028	0.473597	0.444567	0.0853217
20356	0.537863	0.527104	3.57189	1.70738	0.478005	0.992633	-3.02645	3.77951	1.79922	0.476046	61.0581	0.103408	0.476998	0.473888	0.0856261
20357	0.40987	0.507897	3.65149	1.83786	0.503318	0.985158	-3.0231	4.0655	1.84984	0.45501	37.6725	0.165478	0.477868	0.458189	0.0861248
20358	0.463061	0.473313	3.67713	1.8612	0.506154	0.939046	-3.09037	3.85259	1.75053	0.454378	56.0548	0.113281	0.479663	0.467946	0.0864371
20359	0.413739	0.443448	3.83985	1.78686	0.465346	1.01756	-2.9878	3.82719	1.9231	0.502484	32.2913	0.1823	0.483884	0.442513	0.0867242
20360	0.38948	0.424285	3.73351	1.59138	0.426241	0.903548	-3.00404	3.5225	1.75474	0.498152	44.4756	0.132133	0.461151	0.467683	0.0871184
20361	0.388235	0.408301	3.67192	1.76182	0.47981	1.00183	-2.97092	3.93422	1.81902	0.462358	30.3298	0.18825	0.470783	0.443715	0.0875803
20362	0.367654	0.38247	3.98142	1.90624	0.478783	0.884046	-3.08202	3.81137	1.83512	0.481485	45.0112	0.13333	0.480105	0.445194	0.088161
20363	0.437021	0.389547	3.86923	1.95786	0.506008	0.931431	-3.12508	3.59661	1.85332	0.515296	50.5341	0.122221	0.510483	0.447726	0.0885898
20364	0.397507	0.375142	3.83036	1.94237	0.507098	0.947679	-3.158	3.8386	1.87167	0.487593	41.2408	0.151344	0.497335	0.45014	0.0887327
20365	0.3383	0.350055	3.84947	1.98912	0.516726	0.873389	-3.19435	3.89021	1.84782	0.474994	43.8769	0.14316	0.49575	0.450233	0.0887666
20366	0.285542	0.288634	3.92049	1.91148	0.487562	0.80939	-3.21184	3.84449	1.89286	0.492356	44.6524	0.137208	0.489936	0.446175	0.0889444
20367	0.313729	0.288496	3.94535	1.82648	0.462943	0.79407	-3.22735	4.06499	1.98244	0.487687	53.5748	0.115364	0.4755	0.448043	0.0891782
20368	0.347129	0.302789	3.73998	1.8683	0.499549	0.777722	-3.18946	3.97787	1.99447	0.501391	65.7774	0.0927051	0.500498	0.441251	0.0891798
20369	0.359052	0.354559	3.76858	1.76149	0.467414	0.814122	-3.21977	4.0494	1.98647	0.490558	61.6927	0.103544	0.479402	0.460222	0.0899258
20370	0.383461	0.380908	3.95461	1.81987	0.46019	0.728821	-3.17173	3.91513	1.99123	0.508599	105.817	0.0596369	0.484273	0.453056	0.0902438
20371	0.298408	0.327561	3.53912	1.85432	0.523949	0.850388	-3.17395	3.91153	1.96847	0.503247	40.2405	0.152341	0.513081	0.445126	0.0903034
20372	0.24492	0.223791	4.16584	1.94722	0.467425	0.757477	-3.19952	3.94865	1.86744	0.47293	44.6078	0.131357	0.470104	0.434522	0.0907103
20373	0.36077	0.256168	3.77693	1.86959	0.495003	0.895416	-3.18092	3.93725	1.76783	0.449002	41.3284	0.142923	0.471524	0.44823	0.0905832
20374	0.172445	0.162757	3.90212	1.92137	0.492391	0.900964	-3.16324	3.90324	1.81281	0.464437	20.843	0.26537	0.478412	0.42561	0.090881
20375	0.172431	0.150635	3.98596	2.04246	0.512414	0.801274	-3.15101	3.85976	1.88178	0.487539	27.5662	0.197721	0.500177	0.409961	0.0911254
20376	0.197629	0.140541	3.93751	1.84907	0.469603	0.848026	-3.15923	3.6215	1.63038	0.450196	25.7401	0.211508	0.460305	0.439064	0.0913355
20377	0.116334	0.194307	3.96225	1.96053	0.494802	0.70625	-3.19147	3.59133	1.75888	0.489759	32.9409	0.174	0.492404	0.435316	0.0917336
20378	0.248901	0.221607	3.97774	1.78689	0.449223	0.802553	-3.17902	3.77706	1.70644	0.45179	37.7262	0.153265	0.450473	0.452957	0.0919088
20379	0.292549	0.239916	3.88526	1.90929	0.491419	0.797728	-3.21662	4.18901	1.84387	0.440168	46.8159	0.127603	0.464829	0.443281	0.0923397
20380	0.154705	0.190055	4.0776	1.98393	0.486543	0.857714	-3.13796	3.96064	1.76097	0.444617	22.4104	0.247111	0.465885	0.425207	0.0921555
20381	0.18559	0.167009	4.10512	2.03554	0.495855	0.90007	-3.09152	3.80875	1.75468	0.460698	20.8	0.25524	0.478934	0.412009	0.0928282
20382	0.0933232	0.131553	3.69789	1.84794	0.499729	0.985526	-3.03711	3.53427	1.70333	0.481946	12.6132	0.398013	0.491038	0.414237	0.0929426
20383	0.154604	0.201033	3.65247	1.77966	0.487247	0.998576	-2.99153	3.73953	1.70044	0.454721	14.3094	0.356144	0.470793	0.422819	0.0932633
20384	0.164082	0.144648	3.57643	1.68741	0.471815	0.989109	-2.96489	3.67649	1.81093	0.49257	14.2055	0.340334	0.482336	0.408751	0.0934668
20385	0.197667	0.180144	3.65519	1.74721	0.478008	1.05101	-2.93197	4.02454	2.02158	0.502314	13.3002	0.3641	0.490745	0.391277	0.0934141
20386	0.182926	0.148595	3.97194	1.87048	0.470925	0.998809	-2.98147	4.0118	1.99774	0.497966	14.718	0.332833	0.484513	0.38782	0.0937732
20387	0.160293	0.175529	3.67627	1.94333	0.528615	0.98241	-2.99625	4.04316	2.05634	0.508597	14.8846	0.337939	0.51813	0.386174	0.0937015
20388	0.125569	0.16305	3.71804	1.87628	0.504642	1.01639	-3.03171	3.65344	1.75969	0.481651	12.8617	0.396777	0.493247	0.412499	0.0934645
20389	0.137057	0.14675	3.63459	1.82691	0.502647	1.01789	-3.05049	3.61042	1.62358	0.449691	13.1754	0.387935	0.476257	0.425623	0.0936542
20390	0.145957	0.175231	3.68095	1.67888	0.456101	0.923615	-3.07723	3.58931	1.68521	0.469509	17.4923	0.302376	0.46272	0.440255	0.0937857
20391	0.146623	0.229223	3.5194	1.61453	0.458752	0.941442	-3.04507	3.97694	1.74537	0.438873	16.9706	0.315869	0.448206	0.443862	0.0938799
20392	0.274266	0.255961	3.77686	1.73953	0.460577	0.817514	-3.06091	3.76553	1.77405	0.47113	37.2787	0.147559	0.465846	0.439205	0.0940959
20393	0.242839	0.302921	3.82924	1.66847	0.435719	1.05342	-2.97884	3.73721	1.78533	0.477717	16.3917	0.328519	0.456462	0.438191	0.0944737
20394	0.205916	0.233698	3.6007	1.85405	0.514915	1.04556	-2.98096	3.66615	1.71302	0.467253	14.658	0.352504	0.490869	0.420164	0.0946858
20395	0.408165	0.293766	3.95017	1.82212	0.461276	1.04079	-2.98753	3.56454	1.88041	0.527531	26.9026	0.200109	0.492703	0.421082	0.0946207
20396	0.286797	0.327786	3.86072	1.91536	0.496114	0.989928	-3.02589	3.9944	1.85761	0.465055	22.7495	0.247196	0.48032	0.427137	0.0948299
20397	0.297064	0.320404	3.8612	1.99003	0.51539	1.03769	-3.02712	3.89023	1.8453	0.474343	20.4292	0.274262	0.49479	0.422235	0.0945533
20398	0.389596	0.332621	3.96744	1.90982	0.481374	1.04511	-2.94945	3.81375	1.75426	0.459983	25.069	0.214847	0.470889	0.423744	0.0943801
20399	0.216764	0.308151	4.05469	1.94432	0.479524	1.04647	-2.92368	3.91812	1.82823	0.466609	15.1722	0.344207	0.473177	0.409158	0.0944408
20400	0.312347	0.342398	3.87751	2.01815	0.520476	1.19109	-2.86908	3.90231	1.9477	0.499113	13.3563	0.386094	0.509761	0.394114	0.0944746
20401	0.303621	0.321871	4.3581	2.00343	0.459702	1.20098	-2.92322	3.89049	1.97393	0.507372	13.0773	0.402629	0.482186	0.398403	0.0947232
20402	0.276346	0.331266	3.97049	1.89159	0.476413	1.10066	-2.92169	3.73559	1.80527	0.483261	15.5731	0.339745	0.479733	0.417232	0.0948204
20403	0.306481	0.328178	4.07333	1.89246	0.464598	1.17502	-2.88958	3.77445	1.79433	0.475387	13.7256	0.377179	0.469787	0.412612	0.0951844
20404	0.444858	0.388429	3.93793	1.94574	0.494101	1.08304	-2.96476	3.93015	1.89934	0.483275	27.6074	0.203639	0.488693	0.422441	0.0957733
20405	0.407167	0.397492	4.48584	2.01931	0.450152	0.910704	-3.03314	3.65064	1.88751	0.517037	46.4178	0.126775	0.480161	0.429711	0.0960054
20406	0.323954	0.381127	4.04537	2.02467	0.500492	1.00203	-3.02023	3.62519	1.8126	0.500002	25.1625	0.22989	0.50026	0.429912	0.0960459
20407	0.442307	0.370149	3.82703	2.0392	0.532843	1.02354	-3.02525	4.07485	1.95881	0.480707	34.1257	0.168916	0.505957	0.419032	0.0959552
20408	0.411205	0.41882	3.91589	1.93086	0.493084	0.934094	-3.03629	3.75792	1.84854	0.491904	43.6621	0.136706	0.492506	0.441358	0.0960331
20409	0.320696	0.357644	3.70984	1.87331	0.504957	1.00892	-2.98697	3.97843	1.77509	0.446179	23.6173	0.236827	0.474541	0.434042	0.0960863
20410	0.412192	0.355362	3.85028	1.89297	0.491646	0.949773	-3.01153	4.07362	2.04434	0.50185	39.2259	0.144496	0.496892	0.418652	0.0968774
20411	0.45892	0.45954	4.23942	2.01931	0.476317	1.10577	-2.93929	4.03969	1.95453	0.483832	27.6089	0.209209	0.479984	0.421001	0.097024
20412	0.52628	0.467566	4.13802	2.02139	0.488493	1.0216	-2.92013	4.02781	1.87331	0.465095	46.7775	0.122671	0.476952	0.424309	0.0971598
20413	0.447939	0.425306	3.89768	1.94384	0.498717	1.07159	-2.90831	3.95944	1.94097	0.490214	28.5728	0.194469	0.494432	0.417085	0.0974909
20414	0.293215	0.331377	3.69116	1.90228	0.515361	1.06057	-2.9446	3.46273	1.77441	0.512431	18.2259	0.294418	0.513943	0.421999	0.0974405
20415	0.11837	0.220114	3.86401	1.89845	0.491315	0.989541	-2.96936	3.49016	1.71976	0.492746	13.4039	0.37947	0.491994	0.412883	0.0973722
20416	0.259232	0.23393	3.69597	1.86596	0.504864	0.987596	-2.97094	3.64727	1.7575	0.481868	19.3608	0.265257	0.493443	0.414866	0.0980121
20417	0.201792	0.188374	3.64197	1.74052	0.477906	1.00117	-3.01161	3.63098	1.70306	0.469036	16.0248	0.319501	0.473478	0.426532	0.0981448
20418	0.120841	0.126959	3.66274	1.82613	0.498569	1.00922	-3.06463	3.77297	1.81862	0.482014	12.9068	0.394609	0.490169	0.411434	0.0981541
20419	0.0680764	0.114238	3.91272	1.90402	0.486623	0.957729	-3.08368	3.82073	1.72164	0.450604	12.9209	0.395741	0.468828	0.413666	0.0981395
20420	0.108887	0.0327596	3.68684	1.90218	0.515938	0.994188	-3.0452	3.7791	1.72341	0.456036	12.0877	0.391878	0.485617	0.395254	0.0985136
20421	0.0635566	0.0346991	3.96471	1.80581	0.45547	0.961164	-3.04492	3.86518	1.8828	0.487119	11.7712	0.40285	0.471093	0.3914	0.0988315
20422	0.0184683	0.0358034	3.94223	1.90096	0.482204	0.899015	-3.05253	3.35453	1.7577	0.523977	12.3011	0.387681	0.501408	0.394694	0.099135
20423	-0.00974006	-0.013041	3.91335	1.88229	0.480992	0.756815	-3.14396	3.5915	1.6752	0.466435	16.6824	0.293803	0.474026	0.408011	0.0994672
20424	0.00207105	-0.0408603	3.87232	1.88081	0.485705	0.90158	-3.14179	3.5768	1.59351	0.445514	11.8843	0.404558	0.466407	0.409076	0.0992282
20425	-0.0692924	-0.00645467	4.09124	1.95808	0.478604	0.723635	-3.12231	3.56418	1.69278	0.474943	15.4415	0.314367	0.476899	0.399452	0.0994152
20426	0.000589255	-0.0313608	3.8129	1.92215	0.504118	0.811145	-3.14653	3.69423	1.71258	0.463583	14.7706	0.3285	0.484171	0.400409	0.100014
20427	-0.000345448	-0.00637003	4.04885	1.91188	0.472202	0.844082	-3.13313	3.86551	1.78208	0.46102	13.7109	0.356529	0.466741	0.398314	0.10062
20428	-0.0514649	-0.0567664	3.92168	1.90782	0.486481	0.873483	-3.07318	4.03663	1.7454	0.43239	10.6352	0.427764	0.459045	0.383843	0.100545
20429	-0.0536254	-0.0319087	3.95447	1.96175	0.496085	0.855944	-3.10473	3.47199	1.73323	0.499203	11.4131	0.413658	0.497543	0.389937	0.100862
20430	-0.0934879	-0.111764	3.82892	1.8691	0.488153	0.856249	-3.08186	4.10193	1.97546	0.481593	9.77987	0.451	0.48476	0.364643	0.101316
20431	-0.105323	-0.110368	3.76783	1.82255	0.483714	0.925342	-3.0836	4.08342	1.91106	0.468005	8.3219	0.531135	0.475544	0.371947	0.101527
20432	-0.198263	-0.209105	3.70629	1.79851	0.485258	0.811019	-3.22644	3.65958	1.7207	0.47019	8.9376	0.509326	0.477772	0.392866	0.102091
20433	-0.18278	-0.207572	3.83161	1.86078	0.485639	0.747007	-3.22116	3.88673	1.84097	0.473656	10.5051	0.432251	0.479605	0.380285	0.102567
20434	-0.308308	-0.325446	3.8015	1.81887	0.47846	0.78707	-3.21179	3.61269	1.85764	0.514199	6.94331	0.599927	0.495875	0.361749	0.102764
20435	-0.249065	-0.317859	3.99768	1.81385	0.453726	0.730253	-3.20929	3.58765	1.79181	0.499437	8.71721	0.479531	0.475346	0.367072	0.103256
20436	-0.229135	-0.285645	3.82368	1.91242	0.500151	0.826793	-3.19683	3.94589	1.83307	0.464552	7.60101	0.557492	0.482072	0.361416	0.103759
20437	-0.305757	-0.22944	3.79915	1.81261	0.47711	0.734273	-3.25377	3.62777	1.86017	0.512759	8.45605	0.540831	0.494523	0.383821	0.103781
20438	-0.244994	-0.26527	3.66435	1.76726	0.482284	0.70792	-3.26566	3.66944	1.76057	0.479792	9.91396	0.454023	0.481037	0.3896	0.103972
20439	-0.174413	-0.157888	3.77246	1.76875	0.46886	0.737653	-3.19585	3.77494	1.76922	0.468674	11.0946	0.415932	0.468767	0.394849	0.104094
20440	-0.174953	-0.164771	3.73764	1.76697	0.47275	0.782676	-3.15689	3.61014	1.77227	0.490913	9.76256	0.458526	0.481674	0.387522	0.104161
20441	-0.109904	-0.122928	3.89786	1.78276	0.45737	0.857815	-3.12878	3.83364	1.8509	0.482804	9.648	0.46824	0.469981	0.383455	0.104212
20442	-0.0959553	-0.0725839	4.28189	1.86487	0.435526	0.90812	-3.10202	3.72919	1.78821	0.479515	9.10314	0.504084	0.456003	0.385893	0.104514
20443	-0.0985157	-0.0838738	4.13179	1.79147	0.433582	0.878343	-3.09799	3.89413	1.72197	0.442197	9.52044	0.477126	0.437762	0.392748	0.104466
20444	-0.07212	-0.147196	3.87595	1.86558	0.481321	0.913633	-3.11077	3.55728	1.77117	0.497901	9.03846	0.485855	0.489256	0.376579	0.104297
20445	-0.0817269	-0.111802	3.88324	1.83356	0.472172	0.824403	-3.12989	3.90151	1.77898	0.455971	11.0938	0.410536	0.464053	0.386759	0.104775
20446	0.0954631	0.0101826	3.74495	1.74474	0.465891	1.01525	-3.05692	3.8034	1.82056	0.478668	11.1195	0.423	0.472329	0.397576	0.104728
20447	0.0108578	-0.052426	4.04926	1.79486	0.443256	0.973053	-3.11288	3.72574	1.84369	0.494853	10.1168	0.46291	0.467981	0.391681	0.105287
20448	-0.119925	-0.104743	3.90872	1.80225	0.461085	0.910282	-3.09924	3.83567	1.90731	0.497254	8.44887	0.530664	0.478999	0.3768	0.105516
20449	-0.110318	-0.0754828	3.72748	1.79718	0.482144	0.855865	-3.17004	3.87381	2.08832	0.539088	10.2584	0.466755	0.511164	0.381365	0.106013
20450	-0.129934	-0.126685	3.68154	1.72643	0.468942	0.809747	-3.19682	3.5571	1.69443	0.476351	10.6747	0.4415	0.472583	0.408	0.106038
20451	-0.129374	-0.106632	3.69025	1.85333	0.502224	0.780236	-3.21719	3.74216	1.69639	0.453317	11.6941	0.413695	0.4776	0.405389	0.106252
20452	-0.0795752	-0.114384	3.71216	1.86144	0.501444	0.814658	-3.25199	3.85384	1.73574	0.450391	12.3111	0.399826	0.475439	0.406363	0.106224
20453	-0.104463	-0.105832	4.05488	1.8578	0.458163	0.837417	-3.20269	3.96281	1.80697	0.455981	10.8106	0.44357	0.457085	0.395611	0.10656
20454	-0.222693	-0.18511	3.9086	1.95589	0.500407	0.732387	-3.2647	3.91636	1.84235	0.470424	10.397	0.456088	0.485401	0.384442	0.106707
20455	-0.231858	-0.165707	3.82113	1.92834	0.504652	0.731292	-3.22639	4.05027	1.78328	0.440288	10.0984	0.463828	0.471533	0.386989	0.106644
20456	-0.116579	-0.0847137	3.79895	2.01932	0.531548	0.921468	-3.13564	3.71492	1.75893	0.473476	8.63832	0.538771	0.502837	0.381269	0.106876
20457	-0.0320071	-0.101462	4.01122	2.01596	0.50258	0.786065	-3.15855	3.53134	1.7584	0.497941	13.9647	0.334621	0.500408	0.382464	0.107154
20458	-0.134421	-0.071086	4.23995	1.99674	0.470934	0.766952	-3.15949	3.76638	1.81705	0.48244	11.7397	0.406237	0.476347	0.384827	0.10746
20459	-0.176463	-0.169795	3.86808	1.80299	0.466121	0.816924	-3.16201	3.74247	1.69407	0.452662	9.07294	0.493409	0.459502	0.390386	0.107692
20460	-0.157826	-0.137019	3.85869	1.77195	0.459209	0.84149	-3.1297	3.76472	1.89602	0.503629	8.9684	0.499315	0.481145	0.379165	0.108153
20461	-0.126793	-0.138844	3.66833	1.77477	0.483809	0.822078	-3.16761	3.90689	1.73747	0.444719	10.1887	0.450178	0.463649	0.395145	0.108437
20462	-0.167622	-0.155467	3.8316	1.86356	0.486365	0.80654	-3.20054	3.86324	1.73234	0.448415	9.77084	0.474496	0.467312	0.392089	0.108799
20463	-0.162616	-0.152602	4.17354	1.93455	0.463527	0.729806	-3.23779	4.07024	1.66101	0.408085	11.9515	0.398209	0.436153	0.398369	0.108756
20464	-0.242018	-0.239148	3.65101	1.83872	0.50362	0.805683	-3.23211	3.71523	1.81438	0.488363	8.16073	0.548838	0.495925	0.380167	0.108957
20465	-0.188321	-0.195159	3.79126	1.71653	0.452759	0.82627	-3.21123	3.69723	1.9537	0.528423	8.83693	0.514697	0.490116	0.382692	0.109304
20466	-0.372208	-0.287251	3.66333	1.81238	0.494736	0.734451	-3.27981	3.96219	2.01043	0.507403	7.31236	0.612347	0.501318	0.369463	0.109554
20467	-0.287314	-0.281696	4.04156	2.02768	0.501709	0.912177	-3.19415	3.98999	1.91788	0.480672	5.89556	0.71939	0.491258	0.349693	0.109537
20468	-0.192686	-0.234476	3.72512	1.82174	0.489042	0.919212	-3.15057	3.79327	1.86087	0.490571	6.87819	0.618158	0.489813	0.366114	0.110128
20469	-0.225269	-0.245042	4.04546	1.81881	0.449593	0.913115	-3.06189	4.01566	1.8981	0.472674	6.12279	0.647959	0.46109	0.348089	0.110177
20470	-0.203805	-0.143838	4.00505	1.96044	0.489492	0.814263	-3.11576	3.82423	1.96921	0.514929	8.5216	0.518231	0.501917	0.35987	0.110198
20471	-0.0979275	-0.104698	3.82045	2.06411	0.54028	0.916954	-3.0753	3.94889	1.94762	0.493207	8.56757	0.514993	0.516354	0.354919	0.110237
20472	-0.117903	-0.088994	3.8708	1.97302	0.509718	0.91791	-3.08748	3.86148	1.88113	0.487152	8.37995	0.536455	0.498449	0.368484	0.110656
20473	-0.0894856	-0.0136139	3.74027	1.85955	0.49717	1.07551	-3.00659	4.24951	2.04612	0.481495	6.60016	0.678612	0.488833	0.364546	0.1109
20474	-0.0318402	0.0363583	3.56272	1.74375	0.489444	1.08237	-2.97064	3.78305	2.00103	0.528946	7.28331	0.620737	0.509787	0.376537	0.110924
20475	-0.0341546	-0.000502721	3.95096	1.77281	0.448704	0.995666	-3.01638	4.07468	2.13577	0.524157	8.5764	0.530265	0.487012	0.367912	0.111434
20476	-0.0706498	-0.0287973	3.70217	1.73863	0.469624	1.00351	-3.03672	3.90154	1.89658	0.486111	7.84142	0.57691	0.478084	0.383679	0.11154
20477	0.0828586	0.00557419	3.75093	1.85054	0.493354	0.879604	-3.07532	3.48619	1.75852	0.504426	14.9525	0.317402	0.498687	0.396804	0.111768
20478	-0.0444126	-0.0683802	3.93301	1.75122	0.445262	0.961207	-3.0371	3.82851	1.83348	0.478902	8.71506	0.505636	0.461856	0.380787	0.112164
20479	0.0146585	-0.0254172	4.11277	1.95996	0.476556	1.01309	-2.97685	4.12885	1.83472	0.444366	8.73842	0.498429	0.460429	0.364749	0.112701
20480	-0.100084	-0.0168654	4.19117	2.09074	0.498844	0.975415	-2.9592	3.64131	1.67409	0.45975	7.48451	0.578349	0.480669	0.365147	0.112864
20481	-0.0817079	-0.00570053	3.79707	2.04814	0.5394	0.883462	-3.05517	3.87127	1.86563	0.481916	9.98251	0.465777	0.510379	0.372768	0.112895
20482	0.0121116	-0.0313578	3.75062	1.80496	0.481243	0.954659	-3.04885	3.40745	1.73299	0.508589	10.2491	0.444198	0.494261	0.391625	0.11297
20483	0.0404672	-0.0429901	4.00221	1.95939	0.489577	0.874802	-3.04303	3.7561	1.81869	0.484197	12.9292	0.348057	0.486973	0.373376	0.113241
20484	-0.00231091	-0.0196459	4.07836	2.01171	0.493265	0.976377	-3.0362	3.62631	1.73897	0.479541	9.50025	0.478915	0.486805	0.377659	0.113226
20485	-0.103596	-0.0233635	3.90099	1.93466	0.49594	0.802783	-3.17472	3.7833	1.89231	0.500175	12.0886	0.410761	0.498025	0.3936	0.113335
20486	-0.0839926	-0.0648985	3.682	1.88436	0.511776	0.841795	-3.12909	4.0299	2.02982	0.503689	10.9549	0.428542	0.50755	0.374999	0.113117
20487	-0.0945923	-0.0990659	3.94224	1.76594	0.447954	0.920469	-3.09943	3.6638	1.75138	0.478023	8.73704	0.515174	0.462438	0.390306	0.113556
20488	-0.0596647	-0.0827876	3.78578	1.76883	0.467231	0.98085	-3.11368	3.95902	1.93936	0.489859	8.48489	0.541335	0.478798	0.382578	0.113868
20489	-0.0771085	-0.0878368	3.92175	1.93377	0.493087	0.788881	-3.14786	3.7174	1.76399	0.474521	12.486	0.374969	0.484053	0.387775	0.114059
20490	-0.0456467	-0.0475032	3.61026	1.80403	0.499695	0.732614	-3.1953	3.61871	1.85672	0.513089	16.3593	0.302844	0.5064	0.403703	0.114187
20491	-0.0869867	-0.0594939	3.68785	1.78196	0.483197	0.831505	-3.19164	3.38671	1.74384	0.514909	11.6288	0.421814	0.498378	0.410363	0.114526
20492	-0.117335	-0.0906267	3.48992	1.73773	0.497927	0.763917	-3.16918	3.88845	1.87292	0.481664	12.2038	0.388302	0.489356	0.396335	0.11471
20493	-0.0842065	-0.0603686	3.6564	1.84036	0.503325	0.852581	-3.15483	4.04357	1.97622	0.488733	10.9116	0.438785	0.495662	0.385582	0.11508
20494	-0.000830913	-0.0304068	3.63245	1.90623	0.524778	0.78854	-3.16543	3.77207	1.90371	0.504686	15.7732	0.311553	0.514543	0.392186	0.115274
20495	-0.0342974	0.00401422	3.92643	1.89605	0.482893	0.869197	-3.1438	4.07614	1.99733	0.490006	12.1386	0.408151	0.486516	0.388968	0.11499
20496	0.0187492	0.0517983	3.66242	1.76899	0.483013	0.81459	-3.12093	3.97387	1.97661	0.497403	15.8932	0.316682	0.490501	0.401987	0.115115
20497	0.0604116	0.074287	4.01697	1.89241	0.471103	0.886387	-3.13931	3.79932	1.78598	0.470079	15.1373	0.341118	0.470605	0.412538	0.115059
20498	0.149443	0.131722	3.8809	1.86057	0.479416	0.863975	-3.17073	4.08295	1.97494	0.483703	21.3615	0.255277	0.481614	0.415625	0.115263
20499	0.122783	0.0774711	3.78457	1.81573	0.479773	0.774436	-3.19016	3.837	2.05936	0.536712	25.1439	0.212326	0.508438	0.408001	0.115666
20500	0.118698	0.0953581	4.128	1.78233	0.431766	0.801079	-3.204	3.89103	2.07476	0.533216	23.3778	0.232822	0.480992	0.413806	0.11545
