cycle	Zbar1	Gbar1	VP1	VG1	h21	Zbar2	Gbar2	VP2	VG2	h22	h2b	h2b_denom	h2w	Qst	Fst
20000	-0.114784	-0.126089	3.83857	1.92649	0.501877	3.95503	-0.119976	3.95051	1.80207	0.456162	2.25556e-06	8.2817	0.478691	2.50622e-06	0.000358762
20001	-0.134168	-0.132173	3.93169	1.8361	0.467001	3.91707	-0.187595	3.83784	1.78084	0.464022	0.000187152	8.20625	0.465529	0.000212369	0.000582727
20002	-0.186125	-0.169593	4.14824	1.86405	0.449361	3.79513	-0.226945	3.72767	1.82666	0.490026	0.000207518	7.92518	0.468607	0.000222867	0.000845823
20003	-0.147726	-0.167664	4.05963	1.91611	0.471991	3.70707	-0.283354	3.67437	1.83539	0.499511	0.00090072	7.42973	0.485065	0.000891575	0.00108962
20004	-0.135329	-0.186737	3.55674	1.93494	0.544019	3.58795	-0.336548	4.00267	1.8646	0.465838	0.00161897	6.93139	0.502623	0.00147528	0.00137862
20005	-0.246453	-0.253529	3.82482	1.79393	0.469023	3.59374	-0.42076	3.68302	1.65822	0.450233	0.00189638	7.37354	0.459806	0.00202218	0.00164288
20006	-0.100202	-0.146713	3.88641	1.77729	0.457308	3.58691	-0.481528	3.409	1.60113	0.469676	0.00824586	6.79742	0.463088	0.00823124	0.00189022
20007	-0.127247	-0.167008	4.05612	1.83322	0.451965	3.36629	-0.64164	3.66851	1.62993	0.444303	0.018458	6.10239	0.448326	0.0160099	0.00201866
20008	-0.17719	-0.128722	3.75172	1.83843	0.490023	3.371	-0.672725	3.74523	1.77552	0.474076	0.0235066	6.29482	0.482057	0.0200711	0.00217601
20009	0.00095948	-0.0784186	3.71755	1.78975	0.481432	3.31851	-0.683389	3.86857	1.83801	0.475113	0.0332532	5.50307	0.47821	0.024613	0.0024111
20010	-0.0362378	-0.0225308	3.86739	1.85726	0.480235	3.35907	-0.716859	3.76326	1.7899	0.475624	0.0418186	5.76407	0.477961	0.0320042	0.00266902
20011	-0.0452768	-0.0640681	3.92373	1.73177	0.441358	3.29345	-0.776635	3.7413	1.74132	0.465431	0.0455502	5.57354	0.453108	0.0352774	0.00294201
20012	-0.0578992	-0.118496	3.6502	1.74426	0.477852	3.23765	-0.755421	3.68073	1.7786	0.483219	0.0373527	5.43032	0.480547	0.0279968	0.00311091
20013	-0.113661	-0.0864476	3.71955	1.60914	0.432617	3.12789	-0.857975	3.84098	1.75194	0.456118	0.0566497	5.25382	0.444556	0.0424187	0.00343673
20014	-0.139003	-0.0786871	3.50673	1.68042	0.4792	3.16072	-0.854258	3.97549	1.81481	0.456499	0.0552444	5.44408	0.467138	0.0412688	0.00378714
20015	-0.0261254	-0.0392829	3.7197	1.87538	0.504175	3.20473	-0.810557	3.74428	1.73789	0.464146	0.0569878	5.21923	0.484094	0.0395503	0.00404324
20016	-0.0670884	-0.0178837	3.69627	1.71033	0.462718	3.19564	-0.764382	3.74595	1.80705	0.4824	0.0523476	5.32269	0.472625	0.038117	0.00427133
20017	-0.072966	-0.0576104	3.98415	1.71513	0.430489	3.31035	-0.706665	3.66765	1.82723	0.498203	0.0368024	5.72343	0.462945	0.0288866	0.0045063
20018	-0.0462098	-0.0517274	3.73801	1.74143	0.46587	3.22715	-0.739486	3.63151	1.76899	0.487123	0.0441454	5.35743	0.476343	0.0326043	0.00467756
20019	0.0370608	-0.0641809	3.66645	1.74527	0.47601	3.29948	-0.682409	3.68464	1.68194	0.456474	0.0359103	5.32168	0.466218	0.0271373	0.00495031
20020	-0.0387288	-0.0329538	3.48148	1.69161	0.485889	3.24425	-0.707156	3.93974	1.89092	0.47996	0.042174	5.38897	0.482741	0.0307595	0.00524784
20021	-0.0209084	-0.0296247	3.75579	1.59216	0.423921	3.22042	-0.821362	3.50933	1.81288	0.516591	0.0596645	5.25311	0.468684	0.0440196	0.00545528
20022	-0.1096	-0.107425	4.21557	1.79687	0.426246	3.1693	-0.864676	3.72572	1.60464	0.430693	0.0533362	5.37561	0.428333	0.0404602	0.0056107
20023	-0.102079	-0.132765	3.99841	1.84028	0.460253	3.08175	-0.882987	3.84207	1.73007	0.450296	0.0555239	5.06838	0.455374	0.0379342	0.00571056
20024	-0.109426	-0.131295	3.94591	1.95695	0.495944	3.02582	-0.999078	3.69753	1.77362	0.479678	0.076609	4.91488	0.488075	0.0480632	0.00588985
20025	-0.205618	-0.189144	4.00062	2.03077	0.507613	2.881	-1.09051	3.87635	1.79769	0.463758	0.0852773	4.7636	0.486032	0.0504046	0.00613312
20026	-0.320121	-0.253614	3.73221	1.79415	0.480721	2.82446	-1.17285	3.55831	1.74954	0.491679	0.0854534	4.94419	0.486069	0.0562855	0.00645524
20027	-0.139046	-0.130907	3.96678	1.79021	0.451299	2.88155	-1.15655	3.7144	1.71784	0.46248	0.115294	4.56199	0.456706	0.0697709	0.00674984
20028	-0.0306107	-0.0447413	4.07768	1.84964	0.453599	2.73681	-1.25931	3.69273	1.71402	0.46416	0.192617	3.8293	0.458618	0.0938249	0.00702743
20029	-0.0691308	-0.106883	3.90747	1.90194	0.486744	2.75385	-1.28607	3.77259	1.81686	0.481594	0.174482	3.98461	0.484214	0.0855249	0.00732649
20030	-0.0387053	-0.127137	4.36359	1.88798	0.432667	2.75442	-1.30249	3.92884	1.78186	0.453532	0.177073	3.90077	0.442553	0.0860529	0.00759938
20031	-0.166022	-0.149609	3.80071	1.81665	0.477976	2.69876	-1.32944	3.89789	1.86733	0.479061	0.169611	4.1035	0.478525	0.0863495	0.00799026
20032	-0.165198	-0.127876	3.89469	1.91946	0.49284	2.55901	-1.39589	3.62089	1.79174	0.494835	0.216654	3.71066	0.493801	0.0977705	0.00815973
20033	-0.0804147	-0.124419	4.19207	2.01321	0.480242	2.54919	-1.41747	3.6925	1.7599	0.476614	0.241796	3.45742	0.478543	0.0997789	0.00840254
20034	-0.150154	-0.162765	3.86024	1.98001	0.512924	2.62643	-1.38372	3.72179	1.6266	0.437048	0.193367	3.8547	0.475679	0.0936987	0.00845884
20035	-0.138755	-0.11764	3.56814	1.77008	0.49608	2.53028	-1.39785	3.68698	1.80427	0.489363	0.230068	3.56186	0.492667	0.102889	0.00876248
20036	-0.171745	-0.129886	3.89752	1.96659	0.504576	2.59768	-1.39723	4.07862	2.04835	0.502216	0.209416	3.83486	0.503369	0.09096	0.00906113
20037	-0.152147	-0.158432	3.89818	1.98228	0.508515	2.64572	-1.43791	3.85829	1.97585	0.512104	0.209128	3.91402	0.5103	0.0937515	0.00923132
20038	-0.0999324	-0.115847	4.05622	1.90668	0.470063	2.58283	-1.41542	3.87157	1.91398	0.494368	0.234657	3.59862	0.481933	0.0995577	0.00939199
20039	-0.116532	-0.112929	3.98864	2.03943	0.511309	2.59584	-1.38555	3.93345	1.9344	0.491783	0.220141	3.67849	0.501614	0.0925104	0.00960927
20040	-0.0390457	-0.0337196	4.03774	1.97777	0.48982	2.57607	-1.47199	4.08889	2.0651	0.50505	0.302481	3.41942	0.497483	0.113461	0.00989323
20041	-0.0755016	-0.0375613	3.93799	1.87667	0.476554	2.57196	-1.46352	3.65956	1.95291	0.533647	0.290105	3.50454	0.504054	0.117237	0.0102321
20042	-0.0799657	-0.0697039	3.64029	1.76434	0.484671	2.52961	-1.46044	3.88199	1.9119	0.492506	0.28402	3.40495	0.488714	0.116292	0.0104465
20043	-0.0346606	-0.0386431	3.69249	1.81906	0.492638	2.45045	-1.51827	3.85483	1.94741	0.505185	0.354496	3.08788	0.499047	0.126933	0.0106315
20044	-0.0427914	-0.0636715	3.84585	1.80617	0.469641	2.43037	-1.52844	3.85335	1.93762	0.50284	0.350779	3.05826	0.486257	0.125374	0.0108839
20045	-0.0784977	-0.0793415	3.86868	1.81045	0.467975	2.42659	-1.56197	3.73054	1.99904	0.535859	0.350281	3.13773	0.5013	0.126125	0.0110383
20046	-0.0158767	-0.061438	3.82062	1.76895	0.463	2.43957	-1.56759	3.7767	1.86231	0.493105	0.376251	3.0146	0.477966	0.13514	0.0113376
20047	-0.0317078	-0.0341268	3.76581	1.79458	0.476545	2.3327	-1.64319	3.97321	1.94253	0.488905	0.463129	2.79522	0.482891	0.147695	0.0113679
20048	-0.0632637	0.0260723	3.73334	1.75585	0.470317	2.29769	-1.65247	3.54646	1.6797	0.473627	0.50546	2.78706	0.47193	0.170212	0.0115805
20049	0.085243	0.0286521	3.7829	1.84188	0.486896	2.41495	-1.60734	3.49843	1.61323	0.46113	0.493131	2.71376	0.474517	0.162309	0.011948
20050	0.0473824	0.0031371	3.84766	1.79247	0.46586	2.45125	-1.61052	3.755	1.73987	0.463348	0.450609	2.8893	0.46462	0.155677	0.0122548
20051	-0.0124565	-0.0106223	3.97558	1.8045	0.453897	2.33924	-1.66254	3.76885	1.72622	0.458022	0.493417	2.76523	0.455904	0.161999	0.0124052
20052	-0.108083	-0.0788158	3.75839	1.82397	0.485305	2.34978	-1.67101	3.58962	1.82326	0.507926	0.419643	3.02054	0.496356	0.148106	0.0129186
20053	0.00660278	-0.0779347	3.94974	1.87869	0.475649	2.29611	-1.69083	3.94865	1.92186	0.486714	0.496285	2.62091	0.48118	0.146181	0.0132229
20054	0.00831918	-0.0711789	3.79891	1.77131	0.466267	2.31649	-1.7232	4.24345	1.9697	0.464175	0.512264	2.66384	0.465163	0.154315	0.0134971
20055	-0.0668643	-0.0949214	3.99844	1.74367	0.436088	2.20493	-1.75786	3.84311	1.90349	0.4953	0.535816	2.58053	0.465107	0.159418	0.0138004
20056	-0.129211	-0.137154	3.6375	1.74125	0.478695	2.16314	-1.80073	4.04146	1.88866	0.467322	0.526652	2.62743	0.472709	0.160156	0.0140159
20057	-0.0543955	-0.0998539	3.58969	1.63473	0.455397	2.23703	-1.78685	3.83892	1.74438	0.454393	0.542021	2.62533	0.454878	0.174005	0.0142245
20058	-0.129532	-0.124315	3.8793	1.77896	0.458577	2.15966	-1.71974	3.90623	1.86078	0.476363	0.485724	2.6202	0.467501	0.148878	0.014628
20059	-0.152157	-0.0788674	3.6789	1.75563	0.477218	2.33229	-1.72167	4.04314	1.96729	0.486575	0.43723	3.08624	0.482117	0.153488	0.0149688
20060	-0.134062	-0.082003	3.84663	1.77312	0.460953	2.24698	-1.7568	3.69953	1.9418	0.524878	0.494758	2.83468	0.492292	0.158857	0.0154008
20061	-0.114413	-0.103483	3.82969	1.7374	0.453666	2.23858	-1.74711	3.83977	1.87319	0.487839	0.48794	2.7683	0.470775	0.157646	0.0155201
20062	-0.113873	-0.0786584	3.88266	1.7524	0.45134	2.16822	-1.76884	3.9388	2.05352	0.521357	0.548532	2.60397	0.4866	0.158068	0.0158384
20063	-0.0905974	-0.0795931	4.03562	1.88164	0.466259	2.24399	-1.7448	4.45246	2.1072	0.473267	0.508764	2.72514	0.469935	0.148123	0.0161194
20064	-0.0535469	-0.0563603	3.78328	1.82543	0.4825	2.15994	-1.82204	3.90074	1.93748	0.496697	0.636311	2.44976	0.489707	0.171658	0.0163583
20065	-0.183504	-0.093355	3.87828	1.79774	0.46354	2.25989	-1.80511	3.70965	1.93349	0.521205	0.490789	2.98509	0.491732	0.164174	0.0164596
20066	-0.197062	-0.140914	3.86503	1.90153	0.491984	2.00701	-1.93196	4.06893	1.88997	0.464489	0.660337	2.42896	0.477883	0.17466	0.016782
20067	0.0131224	-0.0527327	3.66752	1.82696	0.498145	2.03817	-1.94436	4.01735	1.95866	0.487549	0.872571	2.05042	0.492606	0.191217	0.01718
20068	9.62203e-05	0.033502	3.62062	1.76721	0.488096	2.08542	-1.93889	3.94323	2.03716	0.516624	0.894622	2.17429	0.502968	0.20368	0.0173412
20069	-0.0485679	0.00499669	3.64684	1.58765	0.43535	1.94757	-1.96466	4.18225	1.94275	0.464522	0.973653	1.99227	0.450933	0.215602	0.017781
20070	0.082356	-0.00106202	3.90382	1.8183	0.465774	1.99412	-2.04378	3.63858	1.82782	0.502345	1.14169	1.82741	0.483417	0.222545	0.0181036
20071	-0.0318935	0.0246278	3.79528	1.82262	0.480232	1.87083	-2.0945	3.63414	1.79447	0.493782	1.2404	1.81019	0.48686	0.236954	0.0184707
20072	0.0355134	0.0291154	3.82192	1.81229	0.474182	1.89121	-2.16017	3.89253	1.87374	0.481366	1.39185	1.7218	0.477807	0.24542	0.0189178
20073	0.0995165	0.0660183	3.9691	1.9177	0.483158	1.89184	-2.12791	4.10248	1.81681	0.442857	1.49836	1.6062	0.462674	0.243788	0.0191662
20074	0.0606595	0.0419556	3.85327	1.84559	0.478966	1.81833	-2.21064	3.54783	1.86236	0.524928	1.64246	1.5447	0.500999	0.255003	0.0192758
20075	0.0948683	0.109621	4.03692	1.96014	0.485553	1.89825	-2.12551	3.66596	1.78245	0.486217	1.53614	1.62609	0.485869	0.250308	0.0195178
20076	0.109189	0.084988	4.05426	1.98991	0.49082	1.83184	-2.16954	3.70967	1.84191	0.496515	1.71284	1.48376	0.493541	0.24913	0.0196227
20077	0.254415	0.142979	3.69441	1.82315	0.493488	1.75894	-2.19811	3.69654	1.80021	0.486998	2.42124	1.13179	0.490242	0.27449	0.019911
20078	0.151532	0.130083	4.14467	1.88897	0.45576	1.91523	-2.16348	3.99339	1.88224	0.471338	1.69111	1.55531	0.463404	0.258654	0.0200777
20079	0.143191	0.206166	4.06644	2.02338	0.49758	1.74615	-2.22578	3.94823	1.77751	0.450203	2.30179	1.28473	0.474241	0.280165	0.0202508
20080	0.190254	0.193884	3.86217	1.92765	0.499111	1.70643	-2.25296	3.7247	1.91335	0.513693	2.60442	1.1494	0.50627	0.28051	0.0203794
20081	0.312156	0.301929	4.04691	1.91952	0.474316	1.75714	-2.2333	4.03788	1.94055	0.480586	3.0783	1.04398	0.477448	0.294026	0.0207626
20082	0.250054	0.24538	3.84912	1.76719	0.459114	1.75499	-2.18024	3.79862	1.85893	0.489371	2.59783	1.13241	0.474143	0.288685	0.0210108
20083	0.203502	0.215359	3.65902	1.74559	0.477066	1.80051	-2.20254	3.47271	1.86717	0.537671	2.29226	1.27521	0.506577	0.288133	0.0213997
20084	0.221542	0.193828	3.68107	1.82486	0.495741	1.79264	-2.20544	3.60082	1.89024	0.524948	2.33212	1.23418	0.510183	0.279313	0.0215477
20085	0.338	0.301799	4.04882	1.92449	0.475321	1.71877	-2.24482	4.02137	1.79358	0.446012	3.40163	0.953261	0.460717	0.303759	0.0215238
20086	0.221582	0.206975	3.84054	1.79877	0.468365	1.78917	-2.20463	4.13837	1.95227	0.471748	2.36672	1.22867	0.47012	0.279439	0.0218897
20087	0.140457	0.172237	3.89225	1.73044	0.444586	1.79967	-2.22487	4.21418	1.88745	0.447881	2.08723	1.3765	0.446299	0.284315	0.0219183
20088	0.18829	0.19302	3.77195	1.84624	0.489464	1.77454	-2.17555	3.60819	1.71604	0.475596	2.22961	1.2581	0.482684	0.282596	0.0219725
20089	0.194921	0.179192	3.82575	1.8172	0.474993	1.79511	-2.21951	4.0921	1.7487	0.427335	2.24704	1.2803	0.450362	0.287541	0.0221043
20090	0.142118	0.152046	3.94977	1.79508	0.454478	1.76217	-2.21207	3.68162	1.88892	0.513067	2.12952	1.31228	0.482743	0.275083	0.0224352
20091	0.205618	0.17505	3.97025	1.88703	0.475293	1.67856	-2.2938	3.49258	1.82712	0.523142	2.80942	1.08478	0.497686	0.291019	0.0226447
20092	0.140004	0.0941109	3.84435	1.87902	0.488773	1.69581	-2.30992	3.84532	1.80544	0.469515	2.38765	1.21027	0.479143	0.281786	0.0230708
20093	0.122164	0.0811804	3.95449	1.85733	0.469678	1.5947	-2.33628	4.02269	1.78194	0.442972	2.69518	1.08418	0.456211	0.286562	0.0233
20094	0.0704284	0.103656	3.95656	1.81141	0.457825	1.66257	-2.29107	3.69844	1.73658	0.469543	2.26228	1.26746	0.463486	0.287893	0.0233751
20095	0.0178964	0.081281	3.86803	1.76602	0.456569	1.65965	-2.28325	3.57994	1.65848	0.463271	2.07433	1.34767	0.45979	0.289958	0.0238099
20096	0.156746	0.12513	3.84708	1.76974	0.460022	1.788	-2.23252	3.71038	1.73507	0.467627	2.0889	1.3305	0.463756	0.284022	0.0241542
20097	0.171423	0.134779	3.77401	1.84264	0.488245	1.8366	-2.21161	3.60332	1.76956	0.491091	1.98556	1.3864	0.489635	0.276008	0.0244477
20098	0.0940269	0.136707	3.93659	1.86253	0.473133	1.81036	-2.22976	4.26285	2.02545	0.475139	1.90108	1.47289	0.474176	0.264855	0.0244503
20099	0.248196	0.184907	3.64495	1.78248	0.489027	1.69379	-2.27477	3.78558	1.89811	0.501405	2.8951	1.04487	0.495333	0.291356	0.0249088
20100	0.219784	0.224751	3.88928	1.8003	0.462887	1.74618	-2.27294	3.92172	1.79256	0.457085	2.6776	1.16494	0.459974	0.302799	0.0253832
20101	0.225538	0.238182	3.68538	1.79087	0.485939	1.75404	-2.32312	3.84038	1.78154	0.463896	2.80795	1.16816	0.474691	0.314751	0.0256549
20102	0.315229	0.280871	3.78222	1.85503	0.490462	1.63955	-2.36771	3.96926	1.76731	0.445249	3.9998	0.876913	0.46731	0.326321	0.0258416
20103	0.349701	0.306375	4.10634	1.87519	0.456656	1.5617	-2.40584	4.18309	1.94321	0.464539	5.00778	0.734468	0.460634	0.325174	0.0257513
20104	0.339858	0.339464	3.65179	1.62193	0.444146	1.67202	-2.40184	3.85241	1.78155	0.46245	4.23446	0.887332	0.453542	0.355781	0.0257824
20105	0.333566	0.320786	3.87362	1.82932	0.47225	1.62501	-2.38501	3.76279	1.84456	0.49021	4.38972	0.833917	0.4811	0.332644	0.0258621
20106	0.383031	0.361559	3.93291	1.88125	0.478335	1.61059	-2.39788	3.73742	1.75237	0.468872	5.05304	0.753456	0.473724	0.343898	0.0261619
20107	0.337877	0.327206	4.01275	1.87363	0.466919	1.59835	-2.41625	3.70973	1.79799	0.484668	4.73726	0.794398	0.475445	0.338947	0.0264951
20108	0.392636	0.388755	3.60489	1.76611	0.48992	1.64992	-2.39244	3.89297	1.80346	0.463261	4.89324	0.79038	0.476078	0.351494	0.0268969
20109	0.349879	0.392559	3.72301	1.76743	0.474731	1.65884	-2.36544	3.88885	1.68386	0.432997	4.4395	0.856691	0.453409	0.355367	0.0271685
20110	0.392494	0.342376	3.57576	1.8905	0.528699	1.66631	-2.39511	3.68786	1.71702	0.465588	4.6184	0.811303	0.496656	0.341924	0.0273797
20111	0.266595	0.322389	3.78008	1.9519	0.516364	1.64839	-2.42468	3.58868	1.75538	0.489142	3.95232	0.954676	0.503107	0.337373	0.0276542
20112	0.286894	0.346402	3.81126	1.83302	0.480947	1.54592	-2.47356	3.88659	1.74047	0.447814	5.01668	0.792577	0.464219	0.35758	0.0277796
20113	0.480318	0.401392	3.84513	1.78281	0.463655	1.47123	-2.54988	3.53264	1.7763	0.502826	8.87051	0.490953	0.482411	0.379697	0.0282005
20114	0.487209	0.409226	3.72075	1.79159	0.481514	1.25867	-2.65141	4.01891	1.79281	0.446094	15.7397	0.297576	0.463122	0.395287	0.0283969
20115	0.267155	0.369194	3.6931	1.85654	0.502705	1.4536	-2.61424	3.98032	1.86339	0.468151	6.32321	0.703826	0.484781	0.374409	0.0286431
20116	0.262362	0.367281	3.6893	1.81376	0.491627	1.45442	-2.59554	3.78316	1.86477	0.492912	6.17753	0.710505	0.492278	0.373783	0.0291018
20117	0.451923	0.411344	3.82372	1.85285	0.484566	1.27933	-2.60663	3.96436	1.87218	0.472254	13.3043	0.342301	0.478299	0.379494	0.029532
20118	0.36053	0.374057	3.93742	1.81212	0.460231	1.31761	-2.66884	3.83842	1.75325	0.456763	10.1084	0.457999	0.458519	0.393783	0.0294745
20119	0.283208	0.333509	3.71207	1.8011	0.4852	1.39076	-2.64146	3.56913	1.76678	0.495017	7.21505	0.613331	0.490012	0.38289	0.0297108
20120	0.299611	0.334624	3.72834	1.91059	0.51245	1.3949	-2.63637	4.1892	1.95101	0.465724	7.35778	0.599827	0.487727	0.363759	0.029842
20121	0.28806	0.321291	3.99757	1.90226	0.475854	1.37043	-2.64715	3.51033	1.74568	0.497298	7.52158	0.585757	0.48588	0.376628	0.0299108
20122	0.332168	0.303029	3.91897	1.92766	0.491881	1.27596	-2.67522	3.86348	1.78472	0.461948	9.95794	0.445372	0.477021	0.37407	0.0301559
20123	0.181044	0.1729	4.02822	1.73081	0.429669	1.2926	-2.75608	3.72263	1.80323	0.484397	6.9434	0.617773	0.455954	0.377792	0.0306288
20124	0.16986	0.199918	3.98713	1.72685	0.433107	1.25794	-2.76428	3.66734	1.73105	0.472019	7.4216	0.591953	0.45175	0.38859	0.0307599
20125	0.292504	0.212512	3.75487	1.79968	0.479292	1.27939	-2.75272	4.0005	1.96167	0.490357	9.02784	0.48697	0.485	0.368964	0.0310362
20126	0.283989	0.253897	3.84295	1.82382	0.474589	1.24483	-2.77468	3.8368	1.92611	0.502009	9.93526	0.461603	0.488288	0.379577	0.0312301
20127	0.250098	0.226376	3.84409	1.79408	0.466711	1.27116	-2.72253	4.16997	1.97501	0.473626	8.34098	0.521284	0.470309	0.36592	0.0316266
20128	0.193045	0.188418	4.06951	1.80685	0.443998	1.3336	-2.70782	4.1413	1.86291	0.449837	6.44821	0.650429	0.446943	0.363757	0.0321517
20129	0.170949	0.165296	3.54727	1.72075	0.485092	1.34316	-2.72718	4.02084	2.03358	0.50576	6.08877	0.687039	0.496073	0.357903	0.0324536
20130	0.120526	0.121506	3.87479	1.84	0.474865	1.32489	-2.73872	3.97071	1.87652	0.472591	5.64005	0.725253	0.473714	0.355081	0.0326817
20131	0.169367	0.146715	3.67079	1.791	0.487906	1.20793	-2.77505	4.10314	1.97393	0.481077	7.91449	0.539309	0.484301	0.361895	0.0330368
20132	0.213145	0.150456	3.84082	1.85486	0.482934	1.13554	-2.80142	4.03749	2.05408	0.508752	10.2414	0.425409	0.496165	0.357971	0.0330059
20133	0.136907	0.0985645	3.77353	1.81406	0.480735	1.15846	-2.7963	4.02005	2.00989	0.499965	8.03033	0.521787	0.490654	0.354069	0.033674
20134	0.183705	0.104929	4.47051	2.15237	0.481459	1.18799	-2.78585	4.06597	1.95043	0.479696	8.28552	0.50429	0.48062	0.33751	0.0338796
20135	0.0872133	0.0853933	4.45528	2.08215	0.467344	1.17872	-2.82124	3.65202	1.94386	0.53227	7.09126	0.595698	0.496591	0.344211	0.0341992
20136	0.0370541	0.0628467	4.17576	2.02941	0.485998	1.22849	-2.77191	4.02617	1.91627	0.475953	5.66098	0.70976	0.481067	0.33749	0.0343575
20137	0.140047	0.157907	4.26533	2.02309	0.47431	1.18808	-2.75612	4.26635	1.91068	0.447849	7.73106	0.549185	0.461078	0.350619	0.0348674
20138	0.137098	0.109537	3.76693	1.85497	0.492435	1.20262	-2.76561	4.00997	1.90245	0.474429	7.28105	0.567669	0.483151	0.354957	0.0349362
20139	0.00204578	0.0810514	3.81822	1.78528	0.467568	1.18323	-2.79081	3.83344	1.90134	0.495988	5.9114	0.697599	0.481807	0.358798	0.0353094
20140	0.0165413	0.00641948	3.47063	1.77374	0.511072	1.14736	-2.76188	3.83524	1.96098	0.511305	5.99298	0.639373	0.511194	0.339169	0.0354021
20141	-0.0740406	-0.0627508	4.04085	1.95837	0.484643	1.3706	-2.72325	3.87949	1.89181	0.487644	3.39163	1.04349	0.486113	0.314991	0.0354618
20142	-0.108044	-0.064352	4.16399	1.9526	0.468926	1.25945	-2.72815	3.71094	1.76586	0.475853	3.79447	0.935019	0.47219	0.323091	0.0354182
20143	-0.144977	-0.093767	3.72781	1.89062	0.507166	1.26498	-2.7176	4.1525	1.8713	0.450645	3.46305	0.993991	0.477382	0.314007	0.035875
20144	-0.0137427	-0.0183938	3.95905	2.02451	0.511363	1.33356	-2.70084	4.01864	1.7682	0.44	3.96401	0.907606	0.475415	0.321821	0.0359765
20145	-0.0140534	-0.0462499	4.11671	1.9402	0.471298	1.26432	-2.70137	3.9919	1.92712	0.482757	4.31373	0.817121	0.476939	0.313163	0.0361841
20146	-0.0982991	-0.110751	3.7642	1.7531	0.465729	1.361	-2.6858	3.59862	1.89232	0.525845	3.11372	1.06478	0.495111	0.312699	0.0366596
20147	-0.166424	-0.101135	3.7633	1.75255	0.465694	1.27178	-2.71099	3.93708	1.86904	0.474727	3.293	1.03421	0.470313	0.319924	0.0369442
20148	-0.0505154	-0.0524223	3.95124	1.79965	0.455464	1.39601	-2.59414	3.99871	1.96671	0.491837	3.08746	1.04622	0.473759	0.300226	0.0372626
20149	0.0252189	-0.0114001	3.84338	1.89265	0.492445	1.45341	-2.56174	3.90304	1.96789	0.504194	3.18879	1.01986	0.498364	0.296474	0.0374533
20150	-0.0291947	-0.00842869	3.92135	1.9737	0.503322	1.391	-2.57812	3.68893	1.913	0.518577	3.27389	1.00848	0.510717	0.298221	0.0376159
20151	-0.118035	-0.104788	4.12201	1.80085	0.436886	1.3962	-2.56551	4.01319	1.98797	0.495359	2.64082	1.14645	0.465731	0.285583	0.0376763
20152	-0.10304	-0.137611	3.62834	1.69546	0.467284	1.34188	-2.66128	3.65362	1.76967	0.48436	3.05054	1.04389	0.475852	0.314941	0.0377832
20153	-0.15813	-0.1117	3.54826	1.74497	0.491781	1.36576	-2.66611	4.09279	1.92128	0.46943	2.80979	1.16112	0.47981	0.308035	0.037923
20154	-0.206725	-0.167694	3.6755	1.92173	0.522849	1.37544	-2.63186	3.81251	1.80938	0.474591	2.42568	1.25163	0.498278	0.289298	0.0380534
20155	-0.0814826	-0.113311	4.19145	2.07635	0.495378	1.37723	-2.61847	4.06911	1.98764	0.488471	2.94941	1.06391	0.491976	0.278633	0.0385948
20156	-0.169349	-0.160842	3.93422	1.97714	0.502548	1.44852	-2.57626	4.17699	1.82352	0.436564	2.22895	1.30875	0.468569	0.277435	0.0389084
20157	-0.0905644	-0.141046	4.39738	1.96432	0.446702	1.32933	-2.60785	3.81667	1.87358	0.490892	3.01827	1.00805	0.467235	0.283967	0.0390769
20158	-0.20081	-0.157043	3.86154	2.07282	0.536785	1.41628	-2.60634	3.61759	1.89674	0.524312	2.2941	1.3075	0.530752	0.274314	0.0391857
20159	-0.153721	-0.189377	3.74159	1.85638	0.496147	1.40118	-2.59114	3.64157	1.87452	0.514756	2.3859	1.20887	0.505326	0.278877	0.0392703
20160	-0.165702	-0.183942	3.82077	1.87145	0.489809	1.39922	-2.60677	3.64263	1.98272	0.54431	2.39695	1.22449	0.516409	0.275862	0.0395096
20161	-0.220292	-0.234226	4.09567	1.90085	0.464111	1.47616	-2.59748	3.88448	2.00121	0.515181	1.94061	1.43897	0.48897	0.263623	0.0400156
20162	-0.29063	-0.271092	4.01022	1.85286	0.462034	1.29779	-2.68085	3.85701	2.01406	0.522183	2.30153	1.26154	0.491523	0.273051	0.040488
20163	-0.20474	-0.251022	3.546	1.94662	0.548963	1.23174	-2.77283	3.99754	2.00624	0.501869	3.08191	1.03174	0.524006	0.286941	0.0405923
20164	-0.2529	-0.250696	3.79473	1.89482	0.499329	1.12242	-2.81154	3.78556	1.89362	0.500222	3.46701	0.945759	0.499775	0.302151	0.0407775
20165	-0.216357	-0.235782	4.15179	1.97891	0.47664	1.10783	-2.83314	3.73344	1.82502	0.48883	3.84736	0.876738	0.482412	0.307286	0.0409058
20166	-0.217272	-0.184467	3.68312	1.79456	0.487239	1.09699	-2.83756	3.98181	1.89167	0.475078	4.07509	0.863649	0.480922	0.323234	0.041163
20167	-0.249172	-0.20224	3.93056	2.00651	0.51049	1.05465	-2.85086	3.79178	1.95432	0.515409	4.12666	0.849981	0.512905	0.307002	0.0412614
20168	-0.170045	-0.174904	3.83622	1.81048	0.471944	1.03689	-2.91505	3.97282	1.79885	0.452788	5.15444	0.728341	0.462199	0.342247	0.0413237
20169	-0.132534	-0.142557	3.68145	1.84136	0.500172	1.02108	-2.99033	3.67044	1.76361	0.480492	6.09379	0.665418	0.490347	0.360077	0.0416086
20170	-0.127007	-0.129854	3.58892	1.88521	0.525285	0.961094	-3.03269	3.62767	1.82798	0.503898	7.11715	0.591981	0.514534	0.362089	0.0415681
20171	-0.0805471	-0.0581879	3.95341	1.81859	0.460004	1.02476	-2.95184	3.53015	1.78144	0.504637	6.8538	0.610847	0.481058	0.367794	0.0419917
20172	-0.0206458	-0.080135	4.02072	1.7999	0.447656	0.948235	-3.00453	3.94743	1.74275	0.44149	9.11028	0.469366	0.444601	0.376486	0.0423557
20173	-0.0437395	-0.0812727	3.70775	1.78806	0.482249	1.04849	-2.99042	3.64135	1.87206	0.51411	7.09425	0.596478	0.498036	0.366429	0.0424885
20174	-0.0877353	-0.0735242	3.90736	1.7987	0.460336	1.00208	-3.01326	3.62664	1.69196	0.466536	7.2763	0.593849	0.463321	0.382431	0.0430752
20175	-0.0724624	-0.0929718	3.82931	1.8469	0.482307	1.02274	-3.02855	3.66452	1.70505	0.465285	7.18449	0.599737	0.473983	0.377662	0.0433069
20176	-0.0919201	-0.0885614	3.76676	1.84957	0.491024	1.0642	-3.03393	4.06267	1.97705	0.486639	6.4904	0.668308	0.488749	0.361857	0.0433714
20177	-0.0672122	0.0235822	3.64486	1.69462	0.464934	1.00872	-3.01999	3.95964	1.8957	0.478756	8.00203	0.578813	0.472131	0.392225	0.0441281
20178	-0.0236237	0.0492522	3.6756	1.75024	0.476179	1.01283	-2.95923	3.77258	1.9224	0.50957	8.42557	0.537114	0.493092	0.381348	0.0445849
20179	0.0361047	0.00745113	3.63121	1.78368	0.491208	1.06948	-2.91318	3.87113	1.99089	0.514292	7.98803	0.533929	0.503119	0.361126	0.045014
20180	0.0847902	0.0395569	3.89447	1.69103	0.434213	1.08069	-2.92076	3.77843	1.88722	0.499472	8.83575	0.49591	0.466349	0.379876	0.0452789
20181	0.065035	0.0647226	3.98664	1.91656	0.480746	1.12566	-2.86785	3.7553	1.68866	0.449675	7.64497	0.56246	0.465675	0.37369	0.0453313
20182	-0.0164072	-0.00738203	3.77563	1.9307	0.511357	1.23891	-2.83108	3.6522	1.77717	0.486603	5.05976	0.787909	0.499186	0.349746	0.0455329
20183	0.0645095	0.0266993	4.04745	1.85813	0.459087	1.06564	-2.92646	3.52838	1.70714	0.48383	8.70148	0.501129	0.470611	0.379591	0.0459299
20184	0.0348542	0.0797611	3.62615	1.74642	0.481617	1.03549	-2.92826	4.01894	1.86252	0.463436	9.03668	0.500638	0.472059	0.385412	0.0463694
20185	0.0864908	0.0907575	3.71489	1.75838	0.473334	1.13926	-2.87196	4.29008	1.83713	0.428228	7.91981	0.55416	0.44916	0.379124	0.0465658
20186	0.252155	0.187635	3.60741	1.8115	0.502161	1.14861	-2.87567	3.7624	1.83821	0.488573	11.6768	0.401814	0.495224	0.391395	0.0469806
20187	0.198998	0.191767	3.79924	1.71848	0.452321	1.15878	-2.92781	3.7087	1.70006	0.458397	10.5644	0.46059	0.455322	0.415904	0.0472606
20188	0.116653	0.209442	3.84328	1.76217	0.458508	1.06559	-2.90838	3.67497	1.7339	0.471813	10.7951	0.450245	0.465011	0.410195	0.0475777
20189	0.269536	0.199537	3.88316	1.83369	0.472216	1.09421	-2.85122	3.86947	1.76453	0.456013	13.6852	0.340045	0.464129	0.392825	0.0474648
20190	0.191498	0.200227	3.76409	1.87234	0.49742	1.11314	-2.86308	3.95197	1.89478	0.479453	11.0474	0.424708	0.488218	0.383879	0.0477321
20191	0.257205	0.227467	3.74305	1.84344	0.492495	1.09878	-2.90176	4.06573	1.94272	0.477829	13.8257	0.354125	0.484859	0.392797	0.0479261
20192	0.196946	0.230276	3.89024	1.87812	0.482778	1.03743	-2.91549	3.75233	1.85011	0.493055	14.0086	0.353205	0.487824	0.399005	0.0483315
20193	0.22112	0.215845	3.77819	1.97637	0.523101	1.14977	-2.83695	3.84108	1.82178	0.474289	10.8067	0.431194	0.498494	0.38032	0.0487093
20194	0.149143	0.159849	3.74532	1.69106	0.451513	1.29241	-2.75153	3.64233	1.69759	0.466074	6.48492	0.653528	0.458692	0.38486	0.0490705
20195	0.211364	0.180672	3.97704	1.87404	0.471214	1.23151	-2.74725	3.82125	1.79876	0.470725	8.23749	0.520349	0.470974	0.368616	0.0493117
20196	0.17766	0.211682	3.84193	1.98966	0.517882	1.26637	-2.77159	3.72821	1.81444	0.486679	7.50858	0.592649	0.502515	0.369157	0.0496148
20197	0.163105	0.228325	3.80433	1.78402	0.468946	1.30506	-2.73377	4.11649	1.91536	0.46529	6.72824	0.652029	0.467046	0.372346	0.0498114
20198	0.334776	0.274314	3.72625	1.73548	0.465746	1.27052	-2.72409	3.77913	1.83741	0.4862	10.2675	0.437811	0.476045	0.386273	0.050105
20199	0.250837	0.257709	4.02791	1.85425	0.46035	1.19441	-2.7792	3.98048	1.88886	0.47453	10.359	0.445162	0.467398	0.381301	0.0500496
20200	0.248358	0.303301	3.90376	1.80669	0.462807	1.24244	-2.80248	4.06608	1.98561	0.488336	9.76098	0.494104	0.475832	0.388829	0.0499347
20201	0.371347	0.325855	3.85253	1.67394	0.434504	1.1234	-2.82533	3.9714	2.01149	0.506495	17.5567	0.282796	0.471046	0.402604	0.0500785
20202	0.36827	0.358408	4.01332	1.86528	0.464774	1.19478	-2.82246	3.71379	1.98361	0.534121	14.8115	0.341556	0.498103	0.39669	0.050392
20203	0.273881	0.343825	3.82159	1.94406	0.508704	1.14321	-2.83978	3.79121	1.8475	0.487311	13.4112	0.377868	0.49805	0.400702	0.050838
20204	0.327277	0.336519	3.70137	1.93332	0.522324	1.13278	-2.86536	4.0534	1.92346	0.474531	15.8008	0.324416	0.497343	0.399356	0.0510465
20205	0.270598	0.337457	4.03173	1.89993	0.471244	1.19148	-2.88346	4.1169	2.03166	0.493492	12.2336	0.424009	0.482484	0.397593	0.0512515
20206	0.495222	0.448613	3.67602	1.8545	0.504487	1.00702	-2.94354	4.20278	1.96693	0.468006	43.9291	0.130969	0.485027	0.429599	0.0516342
20207	0.416296	0.468659	4.09104	1.79869	0.439666	1.16203	-2.94515	4.00842	1.81962	0.453949	20.9561	0.278059	0.446735	0.446173	0.0516211
20208	0.417785	0.454674	3.94116	1.78867	0.453844	1.13225	-2.92236	3.79183	1.89907	0.500831	22.3412	0.255232	0.476884	0.436148	0.0520326
20209	0.489235	0.421632	3.41481	1.7209	0.503951	1.14604	-2.91627	4.14992	2.04849	0.493621	25.827	0.215697	0.498284	0.425064	0.0523253
20210	0.391357	0.387308	3.90789	1.87711	0.48034	0.974652	-2.97191	4.31435	1.94389	0.450563	33.1666	0.170116	0.464716	0.424851	0.0525025
20211	0.355362	0.352052	3.82532	1.95424	0.510869	1.0515	-2.98646	3.92412	1.91572	0.488192	22.999	0.242307	0.499386	0.41873	0.0526969
20212	0.562188	0.432021	4.00853	2.00774	0.500867	1.08657	-3.00203	3.75101	1.86041	0.495976	42.886	0.137489	0.498503	0.432639	0.0527325
20213	0.439709	0.445653	4.23817	2.10772	0.49732	0.970325	-3.01432	4.01544	1.93826	0.4827	42.519	0.140777	0.490207	0.425313	0.0529308
20214	0.406463	0.405448	3.68134	2.10072	0.57064	0.943678	-3.06495	3.76879	2.00952	0.533202	41.7315	0.1443	0.551701	0.422935	0.0532562
20215	0.302433	0.341253	4.00992	2.11269	0.526867	0.893557	-3.10654	3.86019	1.83897	0.476393	34.0193	0.174714	0.50211	0.429361	0.0535803
20216	0.406149	0.417796	3.9854	1.9051	0.47802	0.854353	-3.1389	3.61859	1.78002	0.491911	62.971	0.100444	0.484631	0.461965	0.0538493
20217	0.545382	0.452172	3.71369	1.88927	0.508731	0.933276	-3.08018	3.79894	1.86373	0.490591	82.9279	0.0752311	0.499558	0.454025	0.0541902
20218	0.374045	0.394256	4.1619	1.92979	0.463679	0.938089	-3.11752	3.98545	1.83369	0.460097	38.7641	0.159072	0.461927	0.45044	0.0545135
20219	0.331832	0.39832	3.85227	1.94109	0.503883	0.91873	-3.10962	3.83859	1.90663	0.496701	35.7255	0.172225	0.500298	0.444426	0.0551842
20220	0.490538	0.428177	3.76451	1.87704	0.498615	0.879562	-3.09402	4.07204	1.90331	0.467408	81.974	0.0756697	0.482399	0.4508	0.0552283
20221	0.481987	0.489621	4.13812	1.89158	0.45711	0.856269	-3.13249	3.45178	1.83198	0.530733	93.6534	0.0700438	0.490593	0.468452	0.0555415
20222	0.525879	0.487016	3.77623	1.94159	0.514162	0.912685	-3.08551	4.16814	1.8549	0.445017	85.303	0.0748093	0.477884	0.456776	0.0559376
20223	0.477823	0.470753	3.92906	1.94046	0.493873	0.78663	-3.13226	3.77463	1.87788	0.4975	136.131	0.0476809	0.49565	0.459572	0.0559189
20224	0.572403	0.519178	4.02933	1.90981	0.473978	0.891295	-3.13382	3.63577	1.77238	0.487484	131.224	0.050846	0.480384	0.475468	0.0564675
20225	0.489971	0.544323	3.96439	1.81393	0.457556	0.748169	-3.17891	3.94871	2.01599	0.510545	207.939	0.0333331	0.483998	0.475157	0.056321
20226	0.471494	0.542608	3.72866	1.95428	0.524124	0.846364	-3.20105	3.84328	1.90325	0.495215	99.7314	0.0702635	0.509451	0.476094	0.0568723
20227	0.544472	0.473755	3.94312	1.9362	0.491034	0.740056	-3.20275	4.19049	2.02658	0.483615	353.348	0.0191265	0.487212	0.460379	0.0573568
20228	0.346111	0.452261	3.87183	1.92768	0.497874	0.866031	-3.17029	3.59256	1.84496	0.513549	48.5462	0.135158	0.505418	0.465253	0.057823
20229	0.465905	0.47697	3.84997	1.93745	0.503237	0.874237	-3.13128	3.96856	1.87538	0.472558	78.0851	0.0833674	0.487665	0.460653	0.0576935
20230	0.48261	0.47701	4.09355	2.04045	0.498455	0.87657	-3.11322	3.90956	1.84174	0.471086	83.0503	0.077602	0.485085	0.453693	0.0579572
20231	0.434119	0.417121	3.7205	2.00293	0.538351	0.978111	-3.05412	3.56581	1.78686	0.50111	40.7179	0.147964	0.520126	0.442979	0.0579998
20232	0.408689	0.398515	3.97293	1.89355	0.476613	0.924177	-3.09763	3.91825	1.89931	0.484735	45.9983	0.132864	0.480646	0.44631	0.0579888
20233	0.41377	0.408093	4.20572	2.00751	0.47733	0.968866	-3.02962	3.73835	1.86563	0.499053	38.3532	0.154066	0.487552	0.432845	0.057852
20234	0.350158	0.317786	3.89093	1.95329	0.502011	0.950482	-3.0416	3.90855	1.82657	0.467327	31.3148	0.180194	0.48463	0.427523	0.0583518
20235	0.372479	0.332689	4.24839	2.07566	0.488575	0.889615	-3.03651	3.97643	1.8249	0.458929	42.4468	0.133715	0.474242	0.42127	0.0582861
20236	0.26631	0.295246	3.88021	2.00433	0.516551	0.943528	-3.03416	3.73573	1.77922	0.47627	24.17	0.229312	0.496793	0.422903	0.0586579
20237	0.282253	0.341001	3.79388	1.89258	0.498849	0.967912	-3.00545	3.67694	1.8508	0.503353	23.8206	0.235064	0.501066	0.428009	0.0592161
20238	0.348201	0.356432	3.98784	2.07081	0.519282	1.04	-2.93969	3.57713	1.90455	0.532425	22.701	0.239294	0.525497	0.406026	0.0593548
20239	0.339252	0.323447	3.89484	1.9543	0.501765	0.993475	-2.93958	4.07656	1.90342	0.466918	24.8766	0.214004	0.483944	0.408406	0.0593541
20240	0.334663	0.284788	4.00486	1.90263	0.475081	1.01965	-3.00774	3.87117	1.97491	0.510159	23.1044	0.234604	0.492323	0.41152	0.0599781
20241	0.215308	0.207202	3.81669	1.71313	0.448853	0.923903	-3.05519	4.01892	1.85811	0.46234	21.1971	0.251054	0.455771	0.427078	0.0603219
20242	0.215627	0.230219	3.4919	1.82989	0.524039	0.944679	-3.07936	3.93441	1.92661	0.489681	20.6076	0.265759	0.505837	0.421739	0.0600276
20243	0.15161	0.183479	4.06365	1.8487	0.454935	0.959718	-3.06761	3.74985	1.93754	0.516699	16.1852	0.32652	0.484577	0.411156	0.0605473
20244	0.0969269	0.166895	3.71271	1.73414	0.467082	1.12342	-2.98288	3.86947	1.81859	0.469984	9.41551	0.526847	0.468563	0.411238	0.0610982
20245	0.147616	0.2021	3.74794	1.66388	0.443947	1.07713	-2.93459	3.49829	1.64132	0.469178	11.3876	0.431995	0.456128	0.426791	0.0613272
20246	0.216272	0.259166	3.6831	1.70886	0.463974	1.02733	-2.97313	3.61171	1.6971	0.469887	15.8825	0.328907	0.466902	0.434151	0.0620549
20247	0.250591	0.225084	3.83423	1.74754	0.455775	0.994641	-2.96327	3.78082	1.87654	0.496332	18.3623	0.276805	0.475911	0.412319	0.0627687
20248	0.256253	0.221022	3.60082	1.71871	0.477312	1.07585	-2.91201	3.87489	1.99431	0.514675	14.6128	0.335866	0.496678	0.39804	0.0635293
20249	0.157358	0.219601	3.66429	1.75858	0.479924	0.974939	-2.95678	3.77577	1.63676	0.43349	15.094	0.33422	0.456359	0.426362	0.0636469
20250	0.253831	0.230424	3.71034	1.94557	0.524366	1.20226	-2.9042	3.72437	1.81278	0.486736	10.9236	0.449755	0.505515	0.395378	0.0640935
20251	0.271331	0.247335	4.06987	1.98684	0.488182	1.09947	-2.9079	3.70128	1.79747	0.485633	14.5165	0.342904	0.486968	0.396868	0.0641534
20252	0.30525	0.259167	4.02067	1.98605	0.49396	1.21381	-2.83093	3.80176	1.73994	0.457666	11.5674	0.412744	0.476321	0.390617	0.0643932
20253	0.242361	0.245981	4.09911	2.00152	0.48828	1.08402	-2.86389	4.04686	1.93275	0.477592	13.6526	0.354193	0.48297	0.380753	0.0644363
20254	0.268258	0.272371	4.0889	2.024	0.494998	1.17335	-2.82353	4.05575	1.95797	0.482765	11.7002	0.409592	0.488906	0.3758	0.0649223
20255	0.297025	0.257857	3.78126	1.9642	0.519457	1.1627	-2.85106	4.14869	1.97803	0.476785	12.8976	0.374696	0.497132	0.380131	0.0650209
20256	0.216203	0.210607	3.73857	1.90742	0.510201	1.13377	-2.83286	4.08116	1.95063	0.47796	11.0018	0.420961	0.493374	0.375203	0.0657413
20257	0.314894	0.265113	3.5786	1.97266	0.551238	1.22922	-2.78419	3.89316	1.95791	0.50291	11.1224	0.417995	0.526057	0.371742	0.0661229
20258	0.244265	0.261172	4.20453	1.79244	0.426311	1.19041	-2.77047	3.8525	1.76865	0.459091	10.2669	0.447597	0.441985	0.392301	0.0662267
20259	0.283464	0.293753	3.68526	1.78952	0.485588	1.13103	-2.84399	3.85888	1.80134	0.466803	13.7054	0.359181	0.475979	0.406809	0.0663761
20260	0.311437	0.27635	3.70464	1.75394	0.473444	1.18239	-2.82912	3.96476	1.87142	0.472012	12.7133	0.379283	0.472704	0.399532	0.0659397
20261	0.287742	0.313791	3.88883	1.83798	0.472629	1.16783	-2.86295	3.91419	2.02234	0.51667	13.0291	0.387276	0.494721	0.395361	0.0662461
20262	0.336486	0.385641	3.77128	1.78725	0.473911	1.08621	-2.9149	3.61838	1.77785	0.49134	19.3809	0.281039	0.482445	0.433199	0.0667685
20263	0.394701	0.380872	3.80125	1.90048	0.499962	1.24977	-2.84913	3.94314	1.83951	0.466509	14.2694	0.36557	0.482929	0.410981	0.0671976
20264	0.383413	0.410624	4.07742	1.84993	0.453701	1.1505	-2.86665	3.93602	1.91607	0.486803	18.2529	0.294214	0.46996	0.416348	0.0676378
20265	0.400584	0.362997	3.6082	1.70098	0.47142	1.02098	-2.90893	3.91291	1.82058	0.465276	27.8144	0.192445	0.468224	0.43194	0.067503
20266	0.369354	0.332979	3.72452	1.76538	0.473988	1.0507	-2.94955	3.59917	1.78359	0.495556	23.2099	0.23212	0.484588	0.431625	0.0671932
20267	0.180094	0.258733	3.8742	1.76102	0.454551	1.00893	-3.02235	4.01391	1.79528	0.447264	15.6709	0.343486	0.450843	0.430903	0.0676243
20268	0.246761	0.253719	3.91167	1.85158	0.473346	0.913664	-3.03542	3.92226	1.73086	0.441292	24.3243	0.22238	0.457297	0.43031	0.0677014
20269	0.213629	0.238711	3.70197	1.81973	0.491557	0.889754	-3.08832	3.78549	1.72074	0.454562	24.2136	0.228573	0.472853	0.438835	0.0680215
20270	0.222309	0.228773	3.67933	1.93538	0.526015	0.87851	-3.10437	3.87398	1.7623	0.454908	25.8008	0.2153	0.489545	0.429064	0.0682361
20271	0.29948	0.260923	3.84039	1.72671	0.44962	0.822261	-3.08987	3.87758	1.85737	0.479003	41.0823	0.13665	0.464382	0.439324	0.0688349
20272	0.340327	0.283145	3.9534	1.89939	0.480445	0.867963	-3.12696	3.91753	1.92467	0.491296	41.7702	0.1392	0.485846	0.432018	0.0688493
20273	0.305544	0.248325	3.92401	1.84807	0.470964	0.842476	-3.12201	3.98151	1.86679	0.468864	39.4009	0.144148	0.469906	0.433371	0.0689666
20274	0.300778	0.254605	3.80151	1.83018	0.481436	1.03671	-3.05899	4.09782	1.92542	0.469864	20.2735	0.270795	0.475433	0.422389	0.0691442
20275	0.237971	0.205003	3.75575	1.78359	0.474897	0.99179	-3.03819	4.23826	2.02599	0.478023	18.5103	0.284121	0.476554	0.408494	0.0696137
20276	0.235552	0.20759	4.02694	1.77317	0.440327	1.02258	-3.00935	3.98571	2.01382	0.505261	16.7073	0.309707	0.472627	0.406006	0.0698444
20277	0.224712	0.212922	4.08492	1.89069	0.462847	1.06151	-2.94506	3.81791	1.88339	0.493304	14.2423	0.350115	0.477561	0.397934	0.070417
20278	0.128906	0.159141	3.90542	1.9752	0.505759	1.00922	-2.98773	3.87323	1.89443	0.489109	12.7785	0.387479	0.497468	0.390279	0.0707053
20279	0.148513	0.123753	3.85373	1.87129	0.485579	1.11411	-2.8771	4.09964	1.87917	0.458374	9.6583	0.466186	0.471556	0.375222	0.070509
20280	0.131508	0.192574	3.91777	1.77198	0.452294	1.0889	-2.92847	3.75712	1.85968	0.494975	10.6271	0.458305	0.473187	0.401517	0.0706205
20281	0.160264	0.191735	3.75426	1.98269	0.528117	0.964114	-3.01693	3.89349	1.9397	0.498192	15.933	0.323088	0.512882	0.396328	0.0705271
20282	0.163288	0.163453	4.0259	1.98599	0.493303	1.07556	-3.01916	4.16841	2.04651	0.490956	12.1707	0.416124	0.492109	0.385854	0.0706798
20283	0.135686	0.152226	4.17651	1.92225	0.460252	1.07743	-2.97999	3.78446	1.85072	0.489033	11.062	0.443443	0.473934	0.394084	0.070553
20284	0.0854914	0.0858686	3.7219	1.82755	0.491025	0.977392	-3.00268	4.14102	1.83529	0.443197	11.9916	0.397744	0.465837	0.394455	0.0711048
20285	0.0789891	0.0753051	3.75355	1.82398	0.485936	0.97341	-2.99496	3.60381	1.86531	0.517594	11.7833	0.399995	0.501443	0.389907	0.0712216
20286	0.0516599	0.0312157	4.32795	2.12757	0.491589	1.05231	-2.99483	3.8666	1.97779	0.511506	9.14505	0.500651	0.500987	0.358111	0.0715913
20287	0.0288867	0.0447951	4.04892	2.04104	0.504094	1.12834	-2.97335	3.87052	1.92746	0.497985	7.53578	0.604396	0.501108	0.364729	0.0716005
20288	-0.00237322	0.00559766	3.72728	1.8763	0.503395	0.999918	-2.97065	3.87124	1.88211	0.486178	8.8176	0.502294	0.494623	0.370876	0.0714437
20289	-0.0631995	-0.0764881	4.12433	2.02471	0.490919	1.02943	-2.96698	3.79449	1.93737	0.510573	6.99834	0.596922	0.500337	0.345312	0.0712056
20290	-0.176963	-0.0571198	4.12655	1.94647	0.471695	1.06181	-2.97883	3.72233	1.8486	0.496625	5.56275	0.767283	0.483518	0.360048	0.0713133
20291	-0.0653929	-0.0888392	3.76747	1.83216	0.486311	1.11618	-2.96931	3.56306	1.79394	0.503482	5.94301	0.698054	0.494657	0.363999	0.071919
20292	-0.062494	-0.0692629	3.86778	1.82884	0.472839	0.826865	-3.04778	3.66193	1.78804	0.488278	11.2162	0.39548	0.480347	0.380235	0.0721174
20293	-0.0891247	-0.0811767	4.03444	2.00217	0.496269	0.906254	-3.07807	3.98509	1.91943	0.481653	9.06498	0.49539	0.489006	0.36421	0.0723605
20294	-0.0828695	-0.0966243	3.86159	1.96953	0.510032	0.910851	-3.06227	3.78214	1.97331	0.521743	8.90659	0.49374	0.515827	0.358127	0.0726278
20295	-0.105285	-0.118291	3.71399	1.86919	0.503284	0.87524	-3.12864	3.96585	1.79923	0.453682	9.42576	0.480714	0.47767	0.381911	0.0729463
20296	-0.258036	-0.221519	3.75315	1.80864	0.481898	0.795466	-3.19527	3.86452	1.83944	0.475981	7.96778	0.554933	0.478896	0.377459	0.072801
20297	-0.267051	-0.232009	3.71498	1.82309	0.49074	0.824772	-3.18489	3.84648	1.74555	0.453803	7.31454	0.596039	0.47195	0.379325	0.072957
20298	-0.232567	-0.215372	3.89614	1.8192	0.466922	0.759365	-3.20791	3.69267	1.71078	0.46329	9.10157	0.491965	0.465155	0.388211	0.073064
20299	-0.285495	-0.272578	3.98175	1.86209	0.467657	0.782241	-3.21563	3.56892	1.7112	0.479474	7.59746	0.57003	0.473242	0.37745	0.0731007
20300	-0.252879	-0.237835	3.3958	1.78127	0.524551	0.657817	-3.24244	3.73391	1.78039	0.476815	10.885	0.414683	0.499551	0.387999	0.0734351
20301	-0.30486	-0.259612	3.79425	1.88468	0.496721	0.804342	-3.23559	3.88336	1.81132	0.466432	7.19845	0.615164	0.4814	0.374748	0.0735388
20302	-0.232817	-0.195499	3.60405	1.88467	0.522931	0.745324	-3.24521	4.14143	2.01821	0.487322	9.72111	0.478379	0.503891	0.373457	0.073439
20303	-0.170277	-0.232142	3.61488	1.88508	0.521478	0.800339	-3.22687	3.96004	2.00586	0.506526	9.5196	0.471048	0.513661	0.365693	0.0739583
20304	-0.285617	-0.211835	3.85213	1.86644	0.484523	0.717762	-3.27632	3.73858	1.99606	0.533909	9.32792	0.503384	0.508846	0.378163	0.0738477
20305	-0.262737	-0.189647	3.62682	1.835	0.505953	0.679856	-3.26954	3.76081	1.83318	0.487444	10.6764	0.444241	0.49653	0.392766	0.0742891
20306	-0.20548	-0.189329	3.74064	1.86846	0.499503	0.800772	-3.20474	3.98123	1.88891	0.474454	8.98006	0.506271	0.486588	0.377061	0.0747015
20307	-0.24438	-0.214498	4.03808	1.9692	0.487658	0.835522	-3.14364	3.85304	1.827	0.474171	7.35719	0.583094	0.481073	0.36115	0.074849
20308	-0.172802	-0.131051	3.97151	1.97558	0.497438	0.868204	-3.13759	3.79937	1.8638	0.490556	8.34118	0.541847	0.494073	0.370628	0.0751002
20309	-0.198215	-0.173179	3.98315	1.75806	0.441375	0.667549	-3.1741	3.98849	1.93806	0.485912	12.0146	0.374774	0.463658	0.37866	0.0752459
20310	-0.250106	-0.139168	3.6779	1.74022	0.473155	0.832742	-3.17577	3.99645	1.94247	0.48605	7.86393	0.58628	0.47987	0.385099	0.0753412
20311	-0.220414	-0.181579	3.77705	1.77393	0.46966	0.852886	-3.14254	3.93761	1.7982	0.456673	7.61067	0.575987	0.463031	0.380382	0.0759218
20312	-0.133528	-0.140222	3.79134	1.88404	0.496933	0.78705	-3.15398	3.84183	1.87291	0.487505	10.7175	0.423731	0.492188	0.376829	0.0760811
20313	-0.104681	-0.0866594	3.89751	1.84643	0.473746	0.764444	-3.19122	3.94141	1.85111	0.469656	12.7596	0.377689	0.471689	0.394672	0.076
20314	-0.0226925	-0.00633634	3.81949	1.87865	0.491859	0.825585	-3.16156	3.76278	1.77974	0.472986	13.8352	0.359787	0.482493	0.404994	0.0762072
20315	0.0861147	0.0388002	3.77493	1.99694	0.529001	0.812088	-3.20667	3.82314	1.98131	0.518242	19.9854	0.263518	0.523588	0.398404	0.0763801
20316	0.17904	0.103581	4.03996	2.04812	0.506966	0.899115	-3.14604	3.95662	1.89063	0.477839	20.3663	0.259254	0.492555	0.401413	0.0764715
20317	0.0939351	0.137419	4.06954	2.00802	0.493427	0.73227	-3.24212	3.95947	2.1037	0.531308	28.0296	0.203736	0.512108	0.409953	0.0767269
20318	0.108672	0.120207	3.81569	1.97688	0.518092	0.613041	-3.29245	3.99307	2.04277	0.511579	45.7814	0.127194	0.514761	0.420187	0.0769982
20319	0.210991	0.22407	3.82894	1.8728	0.489119	0.735924	-3.25971	3.97646	1.83545	0.461579	44.0446	0.137778	0.475088	0.450137	0.077374
20320	0.293929	0.274479	4.08091	1.89918	0.46538	0.80123	-3.2116	3.89541	1.83514	0.471103	47.2216	0.128677	0.468175	0.44873	0.0776145
20321	0.250893	0.218865	3.60598	1.79408	0.497528	0.806388	-3.19174	4.30043	1.93603	0.450195	37.6968	0.154287	0.471783	0.438205	0.0782926
20322	0.279901	0.277917	3.93662	1.82733	0.464186	0.841465	-3.17438	3.8144	1.93917	0.508383	37.7935	0.157677	0.485936	0.4418	0.0787995
20323	0.19591	0.211494	3.78676	1.82649	0.482336	0.722374	-3.19765	4.00349	2.02924	0.506869	41.9327	0.138582	0.494944	0.429857	0.0787989
20324	0.247042	0.227828	3.86627	1.88656	0.487953	0.709464	-3.22242	3.94509	1.95714	0.496096	55.6702	0.106917	0.492065	0.43651	0.0790062
20325	0.217643	0.239719	4.17383	2.03447	0.487434	0.827094	-3.21608	3.75004	1.82516	0.486703	32.1528	0.185716	0.487088	0.436284	0.0790678
20326	0.0917583	0.15683	4.20698	2.10619	0.500642	0.690113	-3.25139	3.84252	1.80808	0.470546	32.4442	0.179014	0.486275	0.426036	0.0794607
20327	0.162207	0.150993	3.87087	1.89727	0.49014	0.650627	-3.26054	3.93982	2.01007	0.510192	48.7877	0.119277	0.500254	0.426944	0.0795978
20328	0.123399	0.132929	3.89015	1.92253	0.494204	0.800433	-3.27141	3.69488	1.70189	0.460608	25.284	0.229187	0.477838	0.444385	0.0795618
20329	0.167488	0.137068	4.01748	2.04073	0.507963	0.812763	-3.28936	3.6268	1.72083	0.474478	28.1964	0.20819	0.492076	0.438416	0.0795595
20330	0.186551	0.121256	3.77986	1.70867	0.452045	0.712415	-3.27458	3.70386	1.76339	0.476095	41.701	0.138267	0.463948	0.453772	0.0799248
20331	0.0421391	0.0519686	3.69934	1.77249	0.479139	0.792438	-3.24252	3.73716	1.77789	0.475733	19.28	0.281474	0.477427	0.433313	0.0801689
20332	0.135876	0.0298705	3.7305	1.85885	0.498285	0.681386	-3.25073	3.55428	1.72581	0.485559	36.1659	0.148791	0.492076	0.428884	0.0804679
20333	0.100221	0.0369157	3.77923	1.99052	0.526699	0.724517	-3.30408	3.88803	1.76237	0.453282	28.6398	0.194873	0.48947	0.426588	0.0806052
20334	0.0122332	0.0901454	4.16393	1.94695	0.467576	0.731784	-3.30141	3.65181	1.71924	0.47079	22.2165	0.258876	0.469078	0.439702	0.0804963
20335	0.0905247	0.159241	3.98412	1.90921	0.479205	0.722649	-3.35254	3.73754	1.82174	0.487418	30.8638	0.199791	0.48318	0.45259	0.0807161
20336	0.0835531	0.131008	4.41495	1.95286	0.44233	0.672625	-3.33351	3.70971	1.87181	0.504571	34.5898	0.173503	0.470749	0.439763	0.0812247
20337	0.202894	0.181786	3.78653	1.9167	0.506189	0.726748	-3.34483	3.83229	1.83792	0.479587	45.3205	0.137212	0.492808	0.453113	0.0813863
20338	0.126632	0.158236	3.87471	1.83667	0.474015	0.661315	-3.32492	3.60896	1.73253	0.480065	42.4377	0.142943	0.476932	0.459524	0.0815147
20339	0.0591101	0.0900297	3.7417	1.85527	0.495835	0.637694	-3.33365	3.68827	1.80557	0.489545	35.0149	0.16738	0.492713	0.444713	0.0819534
20340	0.101591	0.107854	3.86692	1.84346	0.476726	0.651078	-3.40318	3.80324	1.92803	0.506943	40.8278	0.150968	0.491709	0.44981	0.0821003
20341	0.0373575	0.0317399	3.23822	1.66791	0.51507	0.694999	-3.3196	4.03039	1.98139	0.491612	25.9692	0.216246	0.502063	0.434968	0.0824815
20342	0.0588064	0.0717601	3.68222	1.7359	0.471428	0.652333	-3.38064	4.27187	1.93691	0.453411	33.8347	0.176137	0.461752	0.448035	0.0828857
20343	0.0145391	0.0140233	3.86464	1.86841	0.483463	0.512693	-3.4143	3.56645	1.78329	0.50002	47.3627	0.124079	0.491409	0.446001	0.0828378
20344	0.10196	0.0209209	3.77237	1.88826	0.500549	0.687455	-3.35879	3.95063	1.80507	0.456906	33.3207	0.171402	0.478224	0.436166	0.0830594
20345	0.050937	0.0422077	3.73865	1.83387	0.490518	0.69874	-3.32002	3.69445	1.76775	0.478487	26.9381	0.209824	0.484538	0.4398	0.0830057
20346	0.022491	0.0332493	4.13926	1.87205	0.452266	0.615774	-3.35081	3.65628	1.77232	0.484735	32.5351	0.175993	0.467494	0.440083	0.0829788
20347	0.103925	0.0541544	3.6928	1.79022	0.484787	0.522204	-3.38823	3.86228	1.88655	0.488455	67.731	0.0874785	0.486662	0.446332	0.0832744
20348	0.115377	0.0838844	3.76289	1.71672	0.456222	0.73739	-3.33599	3.98825	1.86056	0.466509	30.2289	0.19345	0.461515	0.449873	0.0835556
20349	0.156911	0.130055	4.05013	1.81885	0.449084	0.60036	-3.34387	3.94871	1.90334	0.482016	61.3695	0.0983237	0.465342	0.447806	0.0835498
20350	0.133313	0.0898615	3.96208	1.8647	0.470637	0.623237	-3.30372	4.22283	1.89447	0.448625	47.98	0.120012	0.45928	0.433835	0.0839218
20351	0.105251	0.0658743	3.73918	1.7226	0.46069	0.805665	-3.21598	3.86509	1.93794	0.501396	21.9548	0.24529	0.48138	0.423948	0.0839029
20352	0.103328	0.128267	3.56482	1.80179	0.505436	0.761576	-3.2757	3.81759	1.77001	0.463646	26.7418	0.216645	0.483826	0.447944	0.0841494
20353	0.115897	0.137997	3.81882	1.79953	0.471225	0.724921	-3.28192	3.73908	1.81792	0.486196	31.5327	0.185455	0.478632	0.447116	0.0845436
20354	0.132609	0.100394	3.85791	1.89089	0.490132	0.649913	-3.28393	3.88437	1.94026	0.499505	42.8009	0.133801	0.494834	0.427845	0.0849935
20355	0.207575	0.174052	3.95244	1.83507	0.464288	0.705934	-3.25152	4.12156	1.87551	0.455048	47.2476	0.124181	0.459571	0.441655	0.0846154
20356	0.16491	0.169858	3.66388	1.92413	0.525162	0.824379	-3.21388	3.9403	1.79935	0.456652	26.3272	0.21745	0.489662	0.434752	0.0849218
20357	0.190211	0.173985	3.86384	1.91001	0.49433	0.667715	-3.27304	3.66031	1.73323	0.473521	52.1114	0.114005	0.484207	0.449263	0.0851058
20358	0.0883242	0.160332	3.84289	1.94908	0.50719	0.739041	-3.27901	3.87188	1.82734	0.471953	27.9362	0.211716	0.489506	0.439298	0.0851969
20359	0.177975	0.210167	4.0173	2.07126	0.515584	0.744084	-3.26845	3.77797	1.82856	0.484006	37.7583	0.16024	0.50028	0.436973	0.0856878
20360	0.28345	0.28592	4.16967	2.05679	0.493274	0.761935	-3.2592	3.71301	1.83494	0.494193	54.8942	0.114474	0.493707	0.446826	0.0861394
20361	0.346346	0.303986	3.64963	1.85604	0.508556	0.822373	-3.22823	3.92379	1.95366	0.497901	55.0592	0.113301	0.503036	0.450291	0.0863881
20362	0.267768	0.278939	4.11494	1.97593	0.480185	0.670088	-3.29168	3.8548	1.89551	0.491727	78.7669	0.0809305	0.485767	0.451665	0.0863459
20363	0.356359	0.2905	3.79731	1.93096	0.508508	0.637105	-3.31566	3.69837	1.78279	0.482048	164.992	0.0394092	0.495452	0.466912	0.0868671
20364	0.234208	0.230711	4.17436	1.909	0.457317	0.717478	-3.25633	3.77503	1.7591	0.465981	52.0638	0.116775	0.461431	0.453297	0.0870974
20365	0.231218	0.209187	3.90063	1.94912	0.499694	0.673722	-3.22257	3.72501	1.84381	0.494982	60.1448	0.0979051	0.497392	0.437138	0.08747
20366	0.190745	0.19752	4.033	1.92923	0.478361	0.828001	-3.21215	3.93372	1.86142	0.473197	28.6283	0.203048	0.475811	0.434109	0.0872443
20367	0.191228	0.203647	4.11773	1.88237	0.457138	0.781521	-3.19504	3.77381	1.82054	0.482413	33.1502	0.174223	0.469225	0.438282	0.0880257
20368	0.20631	0.181444	3.88758	1.80925	0.465392	0.804207	-3.18589	3.86905	1.79416	0.46372	31.719	0.178741	0.464558	0.440427	0.0878479
20369	0.190351	0.179574	4.022	1.99495	0.496011	0.864851	-3.0981	3.78933	1.8139	0.478685	23.6139	0.227475	0.487606	0.41366	0.0877155
20370	0.250235	0.184695	3.9529	1.90027	0.480727	0.891029	-3.12038	3.65089	1.89363	0.518676	26.6027	0.205308	0.498948	0.418662	0.0879371
20371	0.0871427	0.081266	3.99744	1.89541	0.474156	0.839336	-3.12219	4.17273	1.96304	0.470446	18.1375	0.282897	0.472261	0.399487	0.0882353
20372	0.114732	0.0612581	3.72697	1.92203	0.515709	0.856617	-3.10539	3.93507	1.87284	0.475936	18.2191	0.275196	0.495282	0.397931	0.088347
20373	-0.0834427	-0.0430393	3.90314	1.95359	0.500517	0.87866	-3.12068	3.68614	2.04014	0.553461	10.2327	0.462821	0.526232	0.372339	0.0885587
20374	-0.154243	-0.0816319	3.59164	1.86081	0.518095	0.808885	-3.13532	3.8099	1.87981	0.493401	10.0527	0.463807	0.505384	0.384061	0.0889284
20375	-0.102398	-0.11357	4.00143	1.86242	0.465438	0.918425	-3.14872	3.81541	1.92037	0.503319	8.84016	0.52104	0.483928	0.378544	0.0891254
20376	-0.13134	-0.0807558	3.95023	1.92894	0.488311	0.675758	-3.19505	3.78216	1.80396	0.476964	14.8891	0.325704	0.482761	0.393894	0.0897248
20377	-0.0801023	-0.0649634	3.94743	1.9937	0.505064	0.926427	-3.12797	3.72906	1.88137	0.504516	9.26067	0.50655	0.504798	0.377172	0.0896829
20378	-0.0750647	-0.0322554	4.03864	2.08393	0.515999	0.955316	-3.14014	4.07648	1.8715	0.459098	9.09775	0.530842	0.487416	0.379187	0.0897233
20379	0.066051	0.00673191	4.12633	1.97529	0.478704	0.875892	-3.15321	4.03874	1.90904	0.472682	15.2251	0.327921	0.475725	0.391351	0.089778
20380	0.111929	0.0131365	4.15482	2.04459	0.4921	0.74051	-3.1801	3.86647	1.85469	0.479687	25.8072	0.197557	0.486117	0.395437	0.0900508
20381	0.0560484	0.0403419	3.82933	1.92573	0.502888	0.778173	-3.17079	3.93232	1.83444	0.466504	19.7738	0.260732	0.484455	0.406848	0.0903362
20382	-0.0404273	-0.0171564	3.79975	1.85801	0.488982	0.854102	-3.18008	4.09276	1.9873	0.485565	12.5022	0.400092	0.48721	0.394208	0.0906214
20383	-0.0488459	-0.0297064	3.57545	1.79359	0.501639	0.829016	-3.20433	4.06005	2.0317	0.500412	13.0777	0.385321	0.500987	0.397223	0.0906652
20384	-0.172135	-0.129783	4.21445	1.9547	0.463808	0.735768	-3.23095	3.63209	1.78283	0.490856	11.6673	0.412144	0.476328	0.391583	0.0907696
20385	-0.147148	-0.133689	3.78844	1.92483	0.508079	0.708894	-3.28121	3.68598	1.89307	0.513587	13.5191	0.366404	0.510795	0.393586	0.0905997
20386	-0.247265	-0.150944	4.17582	1.88747	0.452	0.693848	-3.29309	3.87768	1.87845	0.484428	11.1473	0.442847	0.467613	0.396045	0.0910174
20387	-0.099586	-0.137919	4.16769	1.95679	0.469514	0.722864	-3.33796	3.79711	1.76919	0.46593	15.1388	0.338212	0.467805	0.407382	0.091238
20388	-0.144717	-0.106189	3.71427	1.92831	0.519163	0.658992	-3.34831	3.89532	1.88991	0.485174	16.2727	0.322974	0.501764	0.407786	0.0918763
20389	-0.287429	-0.184467	3.90385	1.81592	0.46516	0.58868	-3.38758	3.92426	1.80527	0.460028	13.3668	0.383784	0.462587	0.414753	0.0919611
20390	-0.199103	-0.225248	3.74818	1.89305	0.505058	0.668239	-3.36404	4.04212	1.83159	0.453127	13.0962	0.37614	0.478113	0.398172	0.0920842
20391	-0.1296	-0.187214	3.88611	1.89859	0.488557	0.602421	-3.40166	3.76218	1.72949	0.459705	19.2826	0.267927	0.474365	0.416007	0.0920287
20392	-0.105768	-0.082543	3.80701	1.75209	0.460227	0.636893	-3.31716	3.78588	1.72476	0.455578	18.9698	0.275773	0.457909	0.429449	0.0918762
20393	-0.0322915	-0.0123526	4.01937	1.8619	0.463232	0.720371	-3.2404	3.79557	1.75163	0.461494	18.3941	0.28325	0.462388	0.419037	0.0921686
20394	-0.0448556	-0.00127706	3.96694	1.97126	0.496922	0.806182	-3.18409	3.35567	1.5695	0.467715	13.987	0.362133	0.483537	0.417121	0.092296
20395	-0.00704992	0.0318763	4.06353	2.00825	0.494214	0.779596	-3.14725	3.55599	1.63694	0.460332	16.3327	0.309406	0.478402	0.40951	0.0926501
20396	0.0401279	0.0355743	4.11534	1.9861	0.482608	0.819147	-3.16516	3.6661	1.65332	0.450976	16.8811	0.303436	0.467705	0.413174	0.0928823
20397	-0.040731	0.0326494	3.73481	1.97345	0.528395	0.805673	-3.13083	3.63881	1.69951	0.46705	13.9693	0.3582	0.498122	0.405296	0.0929612
20398	-0.0352376	0.0261331	3.69929	1.88415	0.509329	1.0062	-3.03624	3.55184	1.66449	0.468627	8.64675	0.542291	0.489392	0.397958	0.093236
20399	-0.000839423	0.0256246	3.68944	1.72686	0.468055	0.995838	-3.01255	3.53552	1.71964	0.486388	9.29212	0.496683	0.477026	0.401158	0.0934226
20400	-0.0441557	-0.0665185	3.74681	1.76691	0.471577	0.905891	-3.09602	3.74517	1.78432	0.476432	10.1684	0.451294	0.474004	0.392625	0.0934134
20401	-0.0733555	-0.0688546	4.10554	1.85185	0.451061	0.963511	-2.99429	3.87341	1.76739	0.456287	7.96039	0.537546	0.453598	0.371644	0.0940439
20402	-0.0597179	-0.0506667	3.62563	1.84924	0.510046	1.03052	-2.96796	3.75047	1.78747	0.476598	7.1601	0.594306	0.493039	0.369221	0.0936938
20403	-0.125495	-0.0421724	4.16152	1.8887	0.453849	0.982784	-2.97398	3.85504	1.87284	0.485816	6.99799	0.614141	0.469221	0.36369	0.0934905
20404	-0.0373053	0.00636109	4.10554	1.8292	0.445545	1.14503	-2.93905	3.88978	1.88691	0.485095	6.20596	0.69896	0.464786	0.368658	0.09353
20405	-0.0779213	-0.0503929	4.07116	1.97792	0.485836	1.02131	-2.92977	3.54664	1.8824	0.530756	6.86151	0.604156	0.50675	0.349465	0.0935772
20406	-0.108344	-0.076686	3.88248	1.9025	0.490023	0.947346	-3.01919	3.65534	1.78709	0.4889	7.76895	0.557241	0.489478	0.369867	0.0937187
20407	-0.0474854	-0.0427732	3.69673	1.84764	0.499805	0.96813	-3.02372	3.75809	1.83044	0.487066	8.61491	0.515737	0.493383	0.376671	0.094105
20408	-0.0855324	-0.120718	3.71127	1.70376	0.459076	0.943171	-3.03309	3.832	1.74732	0.45598	8.01517	0.529115	0.457503	0.380708	0.0944458
20409	-0.0673745	-0.0849527	3.6122	1.75974	0.487167	0.992759	-3.02179	3.72756	1.75199	0.470009	7.6743	0.561942	0.478453	0.380545	0.0944334
20410	0.0447154	-0.0296908	3.58402	1.81084	0.505254	1.00863	-3.00623	3.79799	1.73954	0.458016	9.53553	0.464568	0.48095	0.384303	0.0946394
20411	-0.179737	-0.117767	3.81645	1.83801	0.481603	0.968612	-3.0429	3.61732	1.75437	0.484992	6.48849	0.659353	0.483252	0.373336	0.0950398
20412	-0.0535354	-0.109005	3.92691	1.97535	0.503028	1.04665	-2.9991	3.52313	1.77052	0.502543	6.90075	0.6052	0.502799	0.358043	0.0953106
20413	-0.125921	-0.173364	3.58583	1.73854	0.484835	1.02284	-2.96083	3.83583	1.81206	0.472404	5.88794	0.659823	0.47841	0.35374	0.095166
20414	-0.258435	-0.261114	3.98462	1.78452	0.447852	1.08239	-2.93836	3.8232	1.70435	0.445791	3.98685	0.898908	0.446843	0.339438	0.0959946
20415	-0.268291	-0.267328	3.82938	1.82721	0.477155	1.07857	-2.97653	3.845	1.71129	0.445068	4.0461	0.907016	0.461079	0.341596	0.096103
20416	-0.28821	-0.274903	3.78128	1.88355	0.498125	1.14383	-2.92261	3.97948	1.79884	0.452029	3.41843	1.02537	0.474488	0.322574	0.0960657
20417	-0.411511	-0.348603	3.86447	1.98209	0.5129	1.05552	-2.95514	3.71727	1.87581	0.50462	3.15683	1.07608	0.508841	0.305791	0.0961652
20418	-0.423355	-0.395755	3.73717	2.07014	0.553934	1.06012	-2.94331	3.64981	1.77161	0.485397	2.94909	1.10034	0.520071	0.297035	0.0962675
20419	-0.377263	-0.423037	4.07655	2.06463	0.506464	0.993142	-2.93501	3.90368	1.73776	0.445158	3.35993	0.939004	0.476475	0.293325	0.0964133
20420	-0.512493	-0.476333	3.95814	1.90023	0.480082	1.04493	-2.97333	3.83715	1.94575	0.507082	2.57051	1.21279	0.493372	0.288507	0.0964976
20421	-0.510678	-0.457105	3.80726	1.9234	0.505192	1.00193	-2.95707	3.86977	1.94012	0.501353	2.73158	1.144	0.503257	0.288062	0.0965156
20422	-0.381842	-0.404967	3.53143	1.82386	0.516466	1.10767	-2.94032	4.02654	1.95905	0.486535	2.89728	1.10932	0.50052	0.298254	0.0968047
20423	-0.425166	-0.393006	3.9161	1.78104	0.454799	1.09969	-2.95567	3.65099	1.77108	0.485095	2.82439	1.16259	0.469416	0.31621	0.0969798
20424	-0.349052	-0.401576	3.54875	1.77435	0.499992	1.08278	-2.94013	3.76236	1.80207	0.478974	3.14331	1.02508	0.489176	0.310675	0.0971728
20425	-0.450326	-0.417384	3.9259	1.83304	0.466909	1.04208	-2.9241	3.93898	1.89553	0.481224	2.82122	1.11364	0.474078	0.296532	0.0975138
20426	-0.495521	-0.441976	3.95841	1.92406	0.486067	1.05006	-2.95026	4.04067	1.87023	0.462851	2.63372	1.19441	0.47434	0.293158	0.0976567
20427	-0.484373	-0.499243	3.85759	1.87909	0.487114	1.05665	-2.95743	3.86607	1.78541	0.461814	2.54456	1.18737	0.47445	0.292011	0.0980307
20428	-0.521548	-0.499721	3.81037	1.76874	0.46419	1.0098	-2.93785	3.986	1.87555	0.470533	2.53492	1.17252	0.467433	0.289773	0.0983188
20429	-0.47513	-0.471331	3.69479	1.69802	0.459572	0.993419	-2.92615	3.89544	1.84796	0.474391	2.79424	1.07832	0.467177	0.29828	0.0981129
20430	-0.488156	-0.469874	3.4967	1.79536	0.513445	1.16126	-2.89	4.16629	1.9177	0.460289	2.15287	1.36028	0.484545	0.282923	0.0983461
20431	-0.522535	-0.444233	3.68761	1.78247	0.483368	1.14861	-2.90188	3.85839	1.84086	0.477105	2.16278	1.39635	0.480166	0.29426	0.0985121
20432	-0.505504	-0.520336	4.05728	1.97917	0.487807	1.17796	-2.85081	3.78852	1.8451	0.487023	1.91639	1.41702	0.487429	0.262112	0.0989958
20433	-0.514734	-0.498224	4.04652	2.0104	0.496822	1.18379	-2.78033	4.02586	1.8034	0.447956	1.80522	1.44249	0.472451	0.254601	0.0991446
20434	-0.454015	-0.497235	3.96319	1.89692	0.478635	1.17081	-2.7796	3.80645	1.70432	0.447745	1.97315	1.32003	0.463501	0.265682	0.0990776
20435	-0.436173	-0.470334	4.02579	1.96378	0.4878	1.24942	-2.84585	3.68088	1.62096	0.440374	1.98615	1.42061	0.465148	0.282509	0.0993724
20436	-0.514937	-0.510677	3.78247	1.75057	0.462811	1.18765	-2.82923	4.01631	1.67106	0.416068	1.85445	1.4494	0.438739	0.282109	0.0994353
20437	-0.552175	-0.559061	3.80813	1.86622	0.490063	1.20238	-2.81285	3.86791	1.95486	0.505406	1.65004	1.53923	0.497794	0.249534	0.0998639
20438	-0.566893	-0.53881	4.13229	2.01963	0.488743	1.15065	-2.80651	3.79787	1.78023	0.468744	1.74323	1.47498	0.479165	0.252897	0.100149
20439	-0.386764	-0.410135	4.02963	1.99668	0.495499	1.21625	-2.76561	3.7483	1.7473	0.466159	2.15915	1.28483	0.48136	0.270426	0.100298
20440	-0.420033	-0.481473	4.00854	2.03642	0.508021	1.25777	-2.81535	3.49596	1.68002	0.480561	1.93497	1.40751	0.495229	0.268255	0.100447
20441	-0.549344	-0.547442	3.78978	2.08128	0.549182	1.12617	-2.82446	3.47872	1.71724	0.493643	1.84687	1.40367	0.522601	0.254515	0.10101
20442	-0.48441	-0.504592	3.96139	1.8695	0.471931	1.02156	-2.82909	3.76359	1.79838	0.477836	2.38245	1.13398	0.474808	0.269256	0.100888
20443	-0.475535	-0.50747	4.01711	2.0705	0.515421	1.141	-2.85919	3.8456	1.715	0.445964	2.1164	1.3066	0.48145	0.26763	0.100943
20444	-0.441727	-0.44989	4.01189	2.14496	0.534651	1.1134	-2.89187	3.98764	1.85337	0.464778	2.46579	1.2092	0.499821	0.271693	0.100881
20445	-0.490178	-0.487628	3.97337	2.16132	0.543952	1.16331	-2.88208	3.83936	1.87963	0.489568	2.09707	1.36701	0.517226	0.26193	0.100951
20446	-0.48976	-0.463923	3.9267	1.96664	0.500837	1.07099	-2.85583	3.69027	1.77591	0.481242	2.34866	1.21798	0.491343	0.276602	0.10149
20447	-0.279694	-0.317389	4.16967	1.97288	0.47315	1.29097	-2.68582	3.74187	1.81277	0.484455	2.27381	1.2335	0.478497	0.270408	0.101295
20448	-0.356928	-0.333728	4.16106	1.88537	0.453099	1.271	-2.72787	3.83386	1.83878	0.479614	2.16288	1.32507	0.465814	0.277964	0.101013
20449	-0.332568	-0.317965	3.89809	1.88326	0.483124	1.30546	-2.75114	3.88269	1.88315	0.485012	2.20649	1.34157	0.484066	0.28221	0.100974
20450	-0.222087	-0.311461	3.75125	2.06712	0.551048	1.24892	-2.77068	3.56608	1.68781	0.473297	2.79488	1.08193	0.513156	0.287168	0.101086
20451	-0.292806	-0.331115	4.12668	2.09044	0.506568	1.15739	-2.82691	3.91643	1.82042	0.464818	2.96185	1.05153	0.486239	0.284889	0.101287
20452	-0.267613	-0.291888	3.87123	2.07445	0.535863	1.27047	-2.80878	3.81478	1.71937	0.450714	2.67775	1.18285	0.493602	0.294606	0.101278
20453	-0.248406	-0.302847	3.76476	1.98255	0.526607	1.2444	-2.78878	3.71449	1.76364	0.474801	2.77313	1.11424	0.500878	0.292094	0.101456
20454	-0.378433	-0.319596	3.76554	1.88122	0.499587	1.172	-2.76527	3.83291	1.85317	0.48349	2.48821	1.20193	0.491467	0.286031	0.101806
20455	-0.280508	-0.242914	3.93535	2.01003	0.510762	1.21152	-2.7906	4.05851	1.91156	0.471	2.91569	1.11307	0.490575	0.292781	0.101957
20456	-0.271231	-0.221493	4.02174	2.07369	0.51562	1.2818	-2.7103	3.61437	1.7655	0.488466	2.56816	1.20595	0.502767	0.287523	0.102033
20457	-0.243748	-0.274325	3.87319	2.00122	0.516684	1.36912	-2.7027	3.78868	1.82066	0.480554	2.2669	1.30067	0.498818	0.278464	0.102338
20458	-0.339333	-0.242966	3.97846	2.00242	0.503315	1.28978	-2.65141	3.88579	1.83929	0.473338	2.1856	1.32701	0.488503	0.274134	0.10274
20459	-0.343118	-0.242578	3.96822	1.99312	0.502271	1.37324	-2.67551	3.61418	1.82697	0.5055	2.0093	1.47294	0.50381	0.279312	0.1029
20460	-0.243123	-0.202647	4.08608	2.00695	0.491167	1.39075	-2.66353	3.83176	1.95403	0.509956	2.26853	1.33477	0.50026	0.276628	0.102648
20461	-0.219571	-0.224015	3.85847	1.93038	0.500297	1.37918	-2.66117	3.76891	1.86492	0.494818	2.32384	1.278	0.49759	0.281326	0.102627
20462	-0.271591	-0.233494	4.15864	1.90977	0.45923	1.26818	-2.70045	3.74216	1.74999	0.467642	2.5669	1.18545	0.463214	0.293753	0.10285
20463	-0.29652	-0.241522	3.93639	1.94449	0.493977	1.33615	-2.71903	3.72757	1.87865	0.503987	2.30267	1.33281	0.498846	0.286518	0.10318
20464	-0.168144	-0.245171	4.02511	1.89168	0.469971	1.28802	-2.7251	4.05385	2.09578	0.516985	2.9004	1.0602	0.493562	0.278384	0.103551
20465	-0.244804	-0.229873	3.92641	1.88714	0.480629	1.19127	-2.80624	4.23834	1.98733	0.468893	3.21855	1.03116	0.474537	0.29997	0.103847
20466	-0.310303	-0.283409	3.98579	1.93054	0.484356	1.14553	-2.8633	4.12223	1.98665	0.481935	3.14037	1.05973	0.483125	0.298245	0.104102
20467	-0.314285	-0.284926	3.89411	1.95563	0.502203	1.15603	-2.91393	3.86927	1.95983	0.506512	3.19712	1.08092	0.50435	0.30629	0.104266
20468	-0.295315	-0.291033	4.13967	2.01209	0.486052	1.01054	-2.9433	3.93249	1.97174	0.501398	4.1252	0.852631	0.493528	0.306357	0.1042
20469	-0.241755	-0.294078	3.97683	2.00064	0.503076	1.02145	-2.9763	3.80187	1.84137	0.484332	4.50862	0.797842	0.493915	0.318973	0.104768
20470	-0.345682	-0.311131	3.99543	1.91175	0.478485	1.01071	-2.99405	4.05585	1.86516	0.45987	3.91243	0.919895	0.469107	0.32281	0.105242
20471	-0.405446	-0.33583	3.67493	1.84302	0.501512	1.0675	-3.03772	4.02012	1.84205	0.458209	3.36483	1.08479	0.478889	0.331329	0.105324
20472	-0.299832	-0.35208	3.82151	1.93393	0.506065	0.830195	-3.12978	3.67874	1.74404	0.474088	6.04217	0.63848	0.490381	0.344137	0.105487
20473	-0.303309	-0.304892	3.77355	1.9314	0.511825	0.866489	-3.11455	4.09217	1.96103	0.479215	5.76882	0.684213	0.49486	0.336552	0.1062
20474	-0.200676	-0.219968	3.699	1.84873	0.499792	0.825018	-3.14715	3.74206	1.91976	0.513023	8.14447	0.526024	0.506446	0.362532	0.106631
20475	-0.302566	-0.199594	4.03507	1.95136	0.4836	0.876745	-3.13286	3.60281	1.77709	0.49325	6.18653	0.695388	0.488152	0.365969	0.106652
20476	-0.296368	-0.218869	4.13063	2.03212	0.491965	0.823993	-3.16843	3.79974	1.78827	0.47063	6.93107	0.627605	0.481743	0.362893	0.106591
20477	-0.311037	-0.251932	3.90752	1.88467	0.482319	0.974217	-3.11798	4.10828	1.93538	0.471093	4.97265	0.825939	0.476565	0.349738	0.106929
20478	-0.354124	-0.303346	4.01347	1.96105	0.488617	0.885795	-3.1487	3.43068	1.81741	0.529752	5.26606	0.7687	0.507574	0.348932	0.106932
20479	-0.300451	-0.3382	4.18109	1.9133	0.457608	0.850716	-3.14792	3.91558	1.84059	0.470068	5.95731	0.662593	0.463634	0.344701	0.106846
20480	-0.233151	-0.275376	3.49883	1.90272	0.543817	0.874251	-3.1775	4.08139	2.01124	0.492784	6.86784	0.61317	0.516339	0.349904	0.107474
20481	-0.270911	-0.28607	3.8613	1.91314	0.495466	0.806961	-3.21876	3.96603	1.94329	0.489984	7.40284	0.580904	0.492688	0.358082	0.108059
20482	-0.274607	-0.317109	3.85047	1.77999	0.46228	0.802862	-3.17681	3.82747	1.78999	0.467669	7.04418	0.580471	0.464966	0.36426	0.108476
20483	-0.296915	-0.295947	3.62441	1.78871	0.493517	0.86884	-3.17332	3.78239	1.83448	0.485006	6.09226	0.679492	0.489171	0.363688	0.108488
20484	-0.19294	-0.252188	3.47894	1.7921	0.515128	0.736161	-3.22607	3.82842	1.89972	0.496214	10.2452	0.431614	0.505218	0.374683	0.108718
20485	-0.118494	-0.174425	3.86544	1.85871	0.480854	0.745242	-3.2156	3.83686	1.86108	0.485052	12.3971	0.37302	0.482945	0.38344	0.108533
20486	-0.143965	-0.196688	4.12895	2.04009	0.494096	0.733862	-3.27952	3.77057	1.91016	0.506596	12.3333	0.385291	0.500062	0.375691	0.109231
20487	0.100257	0.0726	3.83724	1.9532	0.509011	0.933573	-3.02065	3.44313	1.74775	0.507604	13.7788	0.347208	0.508346	0.39271	0.109326
20488	0.13813	0.10311	4.39027	1.9679	0.44824	0.966437	-3.00263	3.85129	1.80099	0.467633	14.0588	0.343046	0.457302	0.390296	0.109508
20489	0.0549048	0.105435	4.08209	1.97397	0.483569	0.98864	-3.00033	3.75558	1.73707	0.462529	11.0634	0.435931	0.473487	0.393986	0.109447
20490	0.0364224	0.11554	3.91084	2.0113	0.514288	1.01189	-2.98116	3.51697	1.78432	0.507346	10.078	0.475768	0.511001	0.38723	0.109479
20491	0.0785989	0.0630373	3.85286	1.86343	0.483649	0.925798	-3.01279	3.78368	1.71145	0.452323	13.1811	0.358873	0.468128	0.398295	0.109768
20492	-0.0578898	-0.00815489	4.08599	1.84704	0.452043	0.962696	-3.01241	3.85933	1.70363	0.44143	8.66511	0.520798	0.446888	0.388678	0.109806
20493	-0.0161184	-0.0030263	3.76319	1.88112	0.499874	1.03041	-2.97701	3.99184	1.77269	0.444077	8.07551	0.547616	0.471153	0.377127	0.110329
20494	0.0133654	-0.0224062	3.63955	1.97856	0.543626	1.08452	-2.94776	3.91537	1.7616	0.449918	7.4585	0.573689	0.495062	0.36399	0.110815
20495	-0.0595994	0.00179508	4.01368	2.09467	0.521882	1.08031	-2.93969	3.6305	1.7813	0.49065	6.6587	0.649702	0.507049	0.358298	0.110893
20496	0.0469218	0.0424875	3.81358	2.00526	0.525823	1.06455	-2.97614	3.68146	1.6819	0.456857	8.79914	0.517784	0.491948	0.382005	0.111118
20497	0.057241	0.0819002	3.6862	1.9079	0.517578	1.11003	-2.94883	3.83578	1.8749	0.488792	8.28722	0.554184	0.502898	0.377857	0.110933
20498	0.095473	0.128614	3.9925	1.88146	0.47125	1.1471	-2.95369	4.03435	1.87705	0.465267	8.59063	0.552963	0.468243	0.387351	0.111237
20499	0.0722881	0.0606254	3.9096	1.99721	0.510848	0.9202	-3.01532	3.94974	2.00537	0.507721	13.1601	0.359477	0.509276	0.371566	0.111923
20500	0.0329766	0.0508659	4.23193	2.13906	0.505457	1.05266	-3.01431	4.00447	1.82575	0.455928	9.03617	0.519873	0.481376	0.372142	0.112526
