cycle	Zbar1	Gbar1	VP1	VG1	h21	Zbar2	Gbar2	VP2	VG2	h22	h2b	h2b_denom	h2w	Qst	Fst
20000	0.258464	0.216071	3.57752	1.77391	0.495849	4.276	0.230523	3.71301	1.726	0.464853	1.294e-05	8.0703	0.480063	1.49262e-05	0.000378404
20001	0.075262	0.145565	3.78797	1.79251	0.473212	4.17737	0.249425	3.63525	1.85187	0.50942	0.00064103	8.41365	0.490944	0.000739784	0.000637398
20002	0.131425	0.130667	4.05779	1.83915	0.453239	4.21228	0.224999	3.87941	1.73708	0.447769	0.000534335	8.32667	0.450565	0.000621981	0.000900485
20003	0.14862	0.167779	3.83359	1.81296	0.472913	4.21239	0.181355	3.61282	1.69293	0.46859	1.11606e-05	8.25711	0.470816	1.31492e-05	0.00110658
20004	0.182284	0.196216	3.72323	1.8215	0.489226	4.17521	0.14232	3.79857	1.72638	0.454482	0.000182197	7.97172	0.47168	0.000204749	0.00140749
20005	0.207549	0.184167	3.8301	1.73538	0.453089	4.21078	0.147363	3.69134	1.88007	0.50932	8.45205e-05	8.01292	0.480686	9.36996e-05	0.00162012
20006	0.214781	0.212725	3.69047	1.89638	0.513858	4.10747	0.0732295	3.77486	1.75997	0.466234	0.00128416	7.57653	0.489777	0.00132939	0.00186896
20007	0.0999425	0.156544	4.0201	1.83009	0.455235	3.99013	0.0299638	3.73207	1.77034	0.474359	0.00105874	7.56677	0.464442	0.00111186	0.00202293
20008	0.146682	0.146564	3.65658	1.73987	0.475818	3.95717	0.0179827	3.38865	1.5485	0.456966	0.00113866	7.2599	0.466751	0.00125599	0.00227391
20009	0.114907	0.100946	3.96258	1.71694	0.433288	3.91839	-0.0531318	3.71431	1.7945	0.48313	0.00164104	7.23326	0.457403	0.00168819	0.00254364
20010	0.0293294	0.0905915	3.84792	1.94077	0.504368	3.72187	-0.165908	3.85111	1.81542	0.471402	0.00482529	6.81743	0.487878	0.004362	0.00281522
20011	0.122898	0.037131	4.15011	1.91544	0.461539	3.77635	-0.220266	3.98429	1.87424	0.470406	0.00496366	6.67385	0.465882	0.0043538	0.00298658
20012	-0.00545925	0.057671	3.89875	1.92077	0.492663	3.66355	-0.375158	4.16376	1.9756	0.474474	0.0139166	6.73083	0.48327	0.0118833	0.00317139
20013	0.0644681	0.070993	4.04303	1.9836	0.490622	3.56409	-0.369494	4.23994	1.88078	0.443587	0.0158425	6.12368	0.466545	0.0124029	0.00342758
20014	0.037024	0.0296766	3.89774	1.96929	0.505238	3.5948	-0.366828	3.95465	1.87439	0.473971	0.0124205	6.32889	0.489491	0.0101271	0.00368388
20015	0.0848978	0.0566778	3.88413	1.94957	0.501933	3.56354	-0.451398	3.85614	1.85687	0.481537	0.0213323	6.05049	0.491772	0.0166798	0.00380006
20016	0.117385	0.0829685	3.82349	1.82172	0.476453	3.4105	-0.572037	3.68199	1.84376	0.500752	0.0395617	5.42231	0.488374	0.0284436	0.00405334
20017	0.0649886	0.0786764	4.15104	1.91632	0.461649	3.39353	-0.650004	3.92027	1.87343	0.477883	0.0479253	5.53961	0.469534	0.033858	0.00425562
20018	0.174439	0.101496	3.82421	1.9576	0.511897	3.28823	-0.728936	3.47366	1.74494	0.502335	0.071126	4.84785	0.507345	0.0445133	0.00441044
20019	-0.0386012	0.0227441	3.83106	1.82179	0.475532	3.18258	-0.811856	3.8512	1.86479	0.484211	0.0671313	5.18802	0.479883	0.0451269	0.00471126
20020	-0.0464875	-0.0679518	3.68538	1.80034	0.488509	3.19529	-0.847241	3.41976	1.74888	0.511405	0.057787	5.25457	0.499529	0.0410413	0.00488167
20021	-0.0340403	-0.0610738	3.64263	1.78615	0.490346	3.00303	-0.99346	3.73773	1.83615	0.491248	0.0942501	4.61189	0.490803	0.0566299	0.00519384
20022	-0.103848	-0.128336	3.73033	1.88084	0.504202	3.01134	-1.03493	3.81427	1.915	0.502063	0.0846952	4.8522	0.503121	0.0513772	0.00548679
20023	-0.0793406	-0.124123	4.0336	1.80589	0.447713	2.9356	-1.0582	3.99043	1.91509	0.479921	0.0959859	4.54495	0.463731	0.0554004	0.00581391
20024	-0.187475	-0.137272	3.71545	1.75998	0.473694	2.92311	-1.16409	3.90153	1.84202	0.472128	0.10897	4.83785	0.472892	0.0682205	0.00599776
20025	-0.185539	-0.169167	3.58729	1.77328	0.494323	2.74107	-1.19778	3.76223	1.85779	0.4938	0.123531	4.28252	0.494056	0.0679321	0.00618044
20026	-0.234613	-0.213721	3.89363	1.83975	0.472501	2.78618	-1.21967	3.78217	1.79063	0.473439	0.110894	4.56259	0.472963	0.0651755	0.0064386
20027	-0.236455	-0.212894	3.87023	1.91414	0.49458	2.76042	-1.20856	3.80853	1.78308	0.468181	0.11038	4.49063	0.481486	0.0628518	0.00671912
20028	-0.231353	-0.224448	3.89506	1.91325	0.491201	2.65729	-1.27348	3.87058	1.82792	0.47226	0.131884	4.17214	0.48176	0.0685325	0.00695843
20029	-0.213132	-0.160335	3.97083	1.94395	0.489558	2.74444	-1.28376	3.80844	1.72543	0.453055	0.144285	4.3736	0.471687	0.0792157	0.00721366
20030	-0.0377851	-0.0569973	3.65573	1.87988	0.514228	2.67504	-1.32317	3.82394	1.92561	0.503566	0.217841	3.67972	0.508778	0.0953285	0.00753721
20031	0.0239078	-0.033746	3.3001	1.78934	0.542208	2.67268	-1.3258	3.77267	1.86051	0.493155	0.237944	3.508	0.516043	0.10266	0.00779083
20032	-0.0291766	-0.0513863	3.98578	2.00395	0.502774	2.62663	-1.41644	3.72176	1.80566	0.485163	0.264183	3.52666	0.49427	0.109006	0.00805998
20033	-0.0546605	-0.0897342	3.87256	1.84656	0.476831	2.55465	-1.46639	4.01918	1.87942	0.467612	0.278354	3.40426	0.472136	0.112864	0.00834159
20034	0.0863598	-0.0207822	3.76405	1.74895	0.464645	2.48174	-1.49214	4.18229	1.8284	0.437177	0.3773	2.86891	0.450188	0.131467	0.00860415
20035	-0.0364511	-0.024921	4.088	1.78852	0.437504	2.43339	-1.58937	3.73848	1.7617	0.471235	0.401225	3.05005	0.453616	0.147075	0.00870142
20036	-0.0507516	-0.00820373	3.94673	1.82084	0.461354	2.40824	-1.55895	4.24023	1.90949	0.450327	0.397709	3.02332	0.455643	0.138856	0.00911373
20037	-0.05763	-0.0461493	3.7794	1.698	0.449277	2.40801	-1.56487	3.75059	1.85819	0.495439	0.379397	3.0397	0.47227	0.139584	0.00929738
20038	-0.0815728	-0.0322813	3.78278	1.77619	0.469547	2.43564	-1.55945	3.73393	1.97463	0.528835	0.368075	3.16817	0.498999	0.134594	0.00950711
20039	-0.1373	-0.0860391	3.78803	1.97963	0.5226	2.42654	-1.50882	4.18307	1.95535	0.467444	0.307959	3.28664	0.493655	0.114005	0.0099188
20040	-0.116942	-0.116604	3.85284	1.88695	0.489757	2.43021	-1.53305	3.53796	1.73288	0.489796	0.309234	3.244	0.489776	0.121754	0.00998547
20041	-0.170103	-0.144336	3.70559	1.88752	0.509371	2.46679	-1.56315	3.56592	1.83175	0.513683	0.28951	3.4766	0.511485	0.119236	0.0103671
20042	-0.168945	-0.163965	3.84931	1.86597	0.484755	2.479	-1.56961	4.23252	1.91181	0.451695	0.281794	3.5058	0.467441	0.115685	0.0106288
20043	-0.0806291	-0.169479	3.84197	1.84508	0.480243	2.39309	-1.61757	3.68108	1.95449	0.530957	0.342683	3.05964	0.505058	0.121299	0.0107631
20044	-0.0580766	-0.101816	3.85714	1.71159	0.443746	2.28869	-1.63907	3.81632	1.82121	0.477216	0.429093	2.75365	0.460392	0.143331	0.0111357
20045	-0.131781	-0.142057	3.94652	1.87033	0.473918	2.29533	-1.68604	3.80199	1.77928	0.467988	0.404677	2.94542	0.471008	0.140435	0.011349
20046	-0.108288	-0.151693	3.73864	1.83915	0.491932	2.24603	-1.73558	3.94331	1.82592	0.463041	0.452605	2.77141	0.477102	0.146181	0.01161
20047	-0.039892	-0.082052	3.81033	2.01129	0.527851	2.2402	-1.72544	3.81545	1.78147	0.46691	0.519487	2.59941	0.49736	0.151181	0.011953
20048	0.0599719	-0.00549335	3.88725	1.86799	0.480543	2.25801	-1.71215	4.11928	1.78039	0.43221	0.602869	2.41569	0.455676	0.16645	0.0121814
20049	-0.061113	-0.0411625	3.83529	1.88679	0.491956	2.26093	-1.71309	3.72193	1.76166	0.473319	0.518438	2.69593	0.482777	0.16082	0.0124734
20050	-0.0369728	-0.0453584	4.26132	1.92706	0.452223	2.24157	-1.76226	3.76201	1.73606	0.46147	0.567779	2.59588	0.456559	0.167554	0.0127578
20051	-0.0372423	-0.0302642	3.72836	1.83377	0.491844	2.14637	-1.8489	3.60546	1.83167	0.508027	0.693644	2.38409	0.4998	0.184136	0.0130573
20052	0.0224096	-0.02898	3.9455	1.70282	0.431586	2.09923	-1.87026	3.96085	1.86155	0.469987	0.786029	2.1566	0.450824	0.192186	0.0133057
20053	-0.0982047	-0.0429042	3.84219	1.84675	0.480649	2.05072	-1.92202	3.81196	1.85507	0.486646	0.764655	2.30894	0.483636	0.19263	0.0136273
20054	-0.0848829	-0.0541512	4.00753	1.90729	0.475927	2.09004	-1.89992	3.93902	1.79396	0.455432	0.720226	2.36513	0.465768	0.187145	0.0137436
20055	-0.132027	-0.0820606	4.13262	1.89533	0.458627	1.92838	-1.97801	3.97246	1.73573	0.436942	0.846731	2.12265	0.447998	0.198471	0.0138776
20056	-0.0695071	-0.00335777	3.81339	1.93975	0.508668	2.01633	-1.94835	3.53396	1.68432	0.476611	0.869518	2.17535	0.493249	0.207038	0.0141504
20057	-0.169176	-0.100901	3.76763	1.81107	0.480691	2.1203	-1.88333	4.01486	1.80952	0.450705	0.606111	2.62085	0.465222	0.179981	0.0144746
20058	-0.177074	-0.136473	4.07023	1.82765	0.449029	2.11602	-1.8995	3.87717	1.80244	0.464886	0.591118	2.62914	0.456765	0.176392	0.0147321
20059	-0.0850277	-0.0924388	3.6375	1.69886	0.467041	2.01752	-1.944	3.72468	1.80893	0.485662	0.775511	2.21035	0.476462	0.196436	0.0149856
20060	-0.207303	-0.116988	4.07598	1.82223	0.447066	2.05048	-1.95833	3.6693	1.78865	0.487463	0.665123	2.5488	0.466204	0.190193	0.0152299
20061	-0.101116	-0.0767289	3.59005	1.93176	0.538087	1.98317	-1.96545	4.07133	1.94295	0.477227	0.821144	2.17213	0.505746	0.187176	0.0153135
20062	-0.132993	-0.0756652	3.79765	1.91885	0.505275	2.06502	-1.96989	3.6423	1.72817	0.474473	0.742684	2.41563	0.490196	0.197486	0.0155236
20063	0.030041	-0.0216809	3.8854	1.79956	0.463158	2.04241	-1.9484	3.63199	1.74658	0.480887	0.916689	2.02481	0.471724	0.207507	0.0155407
20064	0.0570312	0.0733182	3.80982	1.87158	0.491252	1.95936	-1.99509	3.63088	1.85462	0.510791	1.18222	1.80943	0.500787	0.223112	0.0157086
20065	0.0554219	0.0816944	3.73292	1.88421	0.504755	2.05994	-1.98514	3.44132	1.76366	0.512495	1.06315	2.00904	0.508468	0.226549	0.0160126
20066	0.0623353	0.0713169	3.69257	1.8543	0.502172	1.99378	-2.03035	3.96791	1.8309	0.461427	1.18403	1.86524	0.481067	0.230648	0.0160888
20067	0.0447316	0.0689939	3.62276	1.83817	0.507395	1.87449	-2.05142	3.71376	1.77442	0.477798	1.34293	1.67401	0.492413	0.237398	0.0162576
20068	0.123254	0.114327	3.97855	2.13963	0.537792	1.96001	-2.03125	3.49256	1.81032	0.518337	1.36453	1.68684	0.528697	0.225712	0.0165695
20069	0.190137	0.133913	3.92386	2.11927	0.540099	1.934	-2.07913	3.58315	1.7181	0.479494	1.61048	1.52052	0.511172	0.241982	0.0167578
20070	-0.0513457	0.0108053	4.09593	1.92151	0.469127	1.87077	-2.10242	3.74377	1.68916	0.451191	1.20874	1.84727	0.460562	0.236267	0.0168783
20071	0.0370399	0.0520992	3.82597	1.96078	0.512492	1.81336	-2.12858	3.7149	1.66638	0.448565	1.50709	1.57766	0.480999	0.246945	0.0170809
20072	0.0162487	0.0116742	3.81618	2.01111	0.526995	1.89075	-2.13151	3.51388	1.57059	0.446967	1.30722	1.75687	0.488631	0.242864	0.0171953
20073	-0.155054	-0.064379	3.91584	1.89193	0.483147	1.84944	-2.10397	3.65466	1.63548	0.447505	1.03533	2.00899	0.465941	0.227786	0.0173429
20074	-0.157488	-0.0807479	3.85465	1.90731	0.494808	1.87789	-2.06584	3.54235	1.6671	0.470619	0.951197	2.07139	0.483224	0.216147	0.0173568
20075	-0.150916	-0.118705	4.13214	1.96249	0.474933	1.8708	-2.12273	3.62381	1.83842	0.507317	0.982577	2.04366	0.490064	0.20904	0.0176966
20076	-0.09832	-0.14866	3.97133	1.91801	0.482963	1.84911	-2.17216	3.45767	1.76749	0.511179	1.07965	1.89624	0.496095	0.217458	0.0178836
20077	-0.108829	-0.0965294	3.90889	1.89662	0.485208	1.79725	-2.19614	3.92294	1.87781	0.478674	1.21337	1.81657	0.481935	0.226087	0.0179657
20078	-0.0850175	-0.125021	3.58713	1.78416	0.49738	1.79573	-2.21571	3.73389	1.75151	0.469085	1.23572	1.76861	0.482949	0.236185	0.0183674
20079	-0.131524	-0.126346	3.83837	1.74008	0.453339	1.81941	-2.22177	4.07317	1.85439	0.455269	1.15361	1.90307	0.454333	0.234032	0.0185127
20080	-0.102065	-0.108008	3.98564	1.92036	0.481821	1.71715	-2.26502	3.81916	1.81282	0.474664	1.40584	1.65478	0.478319	0.237651	0.0188569
20081	-0.074254	-0.0877435	3.76255	1.81733	0.483006	1.74572	-2.25132	3.77572	1.73555	0.459661	1.41323	1.65615	0.471313	0.247866	0.018997
20082	-0.104057	-0.111781	3.6503	1.93069	0.528911	1.81839	-2.23139	3.69934	1.71016	0.462289	1.21563	1.84791	0.495378	0.235854	0.0194802
20083	-0.0509415	-0.0372334	3.75683	1.89782	0.505166	1.8192	-2.21364	3.43163	1.72657	0.503134	1.35435	1.74872	0.504196	0.246359	0.0196534
20084	-0.0607528	-0.018324	4.01029	1.91016	0.476313	1.75042	-2.2436	3.87941	1.80841	0.466154	1.50955	1.64018	0.471318	0.249859	0.0198218
20085	0.0683464	0.00877184	3.88951	1.98757	0.511009	1.78906	-2.26098	3.97706	1.80428	0.453672	1.73995	1.48043	0.482021	0.253637	0.020141
20086	0.0817801	-0.00208327	3.76724	1.89534	0.50311	1.71477	-2.26219	4.00858	1.87579	0.467943	1.91554	1.33332	0.484981	0.253062	0.0204736
20087	-0.0707604	-0.0531527	3.91169	1.89266	0.483848	1.735	-2.30445	3.79141	1.80996	0.477384	1.55434	1.63038	0.480666	0.255057	0.0207254
20088	-0.150943	-0.0792008	3.72866	1.89094	0.507137	1.76287	-2.23026	4.06541	1.89923	0.467169	1.26329	1.83135	0.48629	0.233924	0.0209109
20089	-0.0536576	-0.0405456	3.81735	1.88507	0.493816	1.67531	-2.2873	3.68104	1.64284	0.446297	1.68864	1.49467	0.470489	0.263564	0.0210151
20090	-0.0838962	-0.0447986	3.65491	1.88019	0.514427	1.75659	-2.35671	3.54111	1.60967	0.454568	1.57789	1.6937	0.484971	0.276977	0.0211586
20091	-0.0399632	-0.0572021	4.04559	1.98788	0.49137	1.6956	-2.3278	3.72163	1.65559	0.444857	1.7116	1.50608	0.469084	0.261412	0.021476
20092	-0.111422	-0.0544952	3.99478	2.03376	0.509105	1.68467	-2.32599	3.62646	1.57519	0.43436	1.59942	1.61298	0.473539	0.263406	0.0215923
20093	-0.0856418	-0.0703497	3.93374	2.08411	0.529803	1.68701	-2.30493	3.60178	1.63515	0.453985	1.58907	1.57115	0.493564	0.25139	0.0217698
20094	-0.0701526	-0.0809308	4.02689	1.92159	0.477189	1.60918	-2.3329	3.60205	1.69943	0.471795	1.79825	1.41009	0.474642	0.25943	0.022086
20095	-0.0254466	-0.0645028	4.16234	1.85334	0.445263	1.61696	-2.36978	3.74537	1.81914	0.485704	1.97008	1.34875	0.464418	0.265756	0.0224718
20096	-0.0965706	-0.0854517	3.94395	1.71963	0.436017	1.66521	-2.33675	3.70323	1.79519	0.484762	1.63291	1.55194	0.459622	0.265073	0.0225548
20097	-0.054142	-0.0719496	3.79129	1.81756	0.479404	1.62911	-2.39238	3.93425	1.86165	0.47319	1.90039	1.41666	0.476239	0.267963	0.0224113
20098	0.00562826	-0.0401788	3.63007	1.80753	0.497933	1.55231	-2.49385	3.57417	1.71613	0.480149	2.51671	1.19611	0.48911	0.299407	0.0228554
20099	-0.0190146	-0.0332071	3.61522	1.92773	0.533228	1.49403	-2.49975	3.82805	1.8424	0.481289	2.6575	1.14465	0.506516	0.287559	0.0229899
20100	-0.0641265	-0.00515277	3.74742	1.82936	0.488166	1.46575	-2.47726	3.69129	1.7648	0.478098	2.61108	1.17027	0.48317	0.298392	0.023224
20101	0.0687718	0.0258148	3.74903	1.75772	0.468845	1.53243	-2.46732	3.71854	1.70368	0.458158	2.90144	1.07115	0.463523	0.309944	0.0235717
20102	0.064321	0.0597647	3.76012	1.85223	0.492597	1.60006	-2.47293	3.98711	1.6926	0.424518	2.71978	1.17924	0.45756	0.311587	0.0237009
20103	-0.0292416	-0.0304586	3.7705	1.78592	0.473657	1.39041	-2.53238	3.80051	1.74037	0.457931	3.10589	1.0077	0.465763	0.307481	0.0237718
20104	-0.14732	-0.08615	3.78384	1.7727	0.468494	1.47103	-2.59774	3.81547	1.78586	0.468058	2.40852	1.30953	0.468275	0.307183	0.0238861
20105	-0.156694	-0.0815162	4.12044	1.91688	0.465213	1.36144	-2.60884	3.64886	1.78168	0.488283	2.77142	1.15237	0.476048	0.301658	0.0240595
20106	-0.0938035	-0.13222	4.01027	1.9701	0.491263	1.54754	-2.53884	3.64382	1.67532	0.459769	2.1499	1.347	0.47627	0.284385	0.0245127
20107	-0.174532	-0.126022	3.90939	1.98068	0.506646	1.37699	-2.61937	3.50274	1.68604	0.48135	2.58254	1.20361	0.494692	0.297791	0.0248712
20108	-0.0606888	-0.0734455	4.05048	1.931	0.476735	1.3777	-2.59632	3.93251	1.78272	0.453329	3.07635	1.03449	0.465205	0.300056	0.0251328
20109	-0.0573255	-0.0540866	3.96395	1.99752	0.503922	1.39984	-2.57017	3.73581	1.74777	0.467842	2.9815	1.06166	0.486417	0.297154	0.0253294
20110	-0.04083	-0.0574452	3.88189	1.87096	0.481972	1.35127	-2.59911	3.71571	1.75327	0.471855	3.33345	0.968975	0.477024	0.30836	0.025373
20111	-0.0394443	-0.0171481	3.56943	1.72634	0.483644	1.46886	-2.57067	3.91143	1.76857	0.452154	2.86615	1.1375	0.467179	0.318179	0.0256091
20112	0.0762289	0.0223971	3.82708	1.89362	0.494794	1.48028	-2.5576	3.76985	1.87903	0.498436	3.37655	0.985679	0.496601	0.30619	0.025991
20113	-0.00680425	-0.019999	3.74743	1.89969	0.506933	1.44087	-2.46786	3.62096	1.8113	0.500228	2.85912	1.04787	0.503638	0.287682	0.0261289
20114	-0.0364713	-0.0226059	3.70606	1.85209	0.499746	1.44216	-2.4612	3.56496	1.7955	0.503653	2.71993	1.09318	0.501661	0.289664	0.0264767
20115	-0.0681285	-0.0373814	4.06266	1.92219	0.473136	1.50553	-2.44757	3.77871	1.81709	0.480876	2.34575	1.2382	0.476866	0.279836	0.0268544
20116	-0.100625	-0.0813262	3.95549	1.98893	0.502826	1.49705	-2.4412	3.65045	1.85269	0.507523	2.18173	1.27628	0.505081	0.266106	0.0270384
20117	-0.0821248	-0.0784943	3.80039	1.99149	0.524022	1.47767	-2.4996	4.09852	1.89938	0.46343	2.4093	1.21648	0.492583	0.273691	0.027177
20118	-0.111916	-0.0981904	3.87137	1.91307	0.494158	1.57378	-2.47829	3.96045	1.88657	0.476352	1.99356	1.42079	0.485154	0.27162	0.0275511
20119	-0.0088437	-0.0905856	3.80038	1.78279	0.46911	1.55837	-2.47651	3.69914	1.80196	0.487131	2.31771	1.22807	0.477999	0.284284	0.0277594
20120	-0.179858	-0.121969	3.36255	1.72942	0.514319	1.49168	-2.51308	3.71431	1.71171	0.460842	2.04629	1.39701	0.486251	0.293575	0.0280641
20121	-0.0314616	-0.0193793	3.50815	1.71634	0.489244	1.4905	-2.55038	3.71562	1.75603	0.472608	2.76552	1.15818	0.480687	0.315743	0.0283411
20122	-0.102298	-0.119324	3.36544	1.77918	0.528661	1.37435	-2.55091	3.80673	1.95498	0.51356	2.7116	1.09025	0.520646	0.283691	0.0284492
20123	-0.0646156	-0.0866959	3.981	1.83101	0.459936	1.4342	-2.52337	3.95428	1.83535	0.464142	2.64301	1.12323	0.462032	0.288287	0.0286525
20124	-0.00503285	-0.0690947	3.8817	1.89523	0.488247	1.4615	-2.57839	3.7899	1.808	0.477057	2.92766	1.07536	0.482719	0.298386	0.0290057
20125	0.0117998	-0.0155064	4.32886	2.01175	0.464729	1.37824	-2.63148	3.80916	1.7999	0.472519	3.66507	0.933586	0.468375	0.309901	0.029313
20126	0.0711654	0.029365	3.7785	1.89014	0.500237	1.37514	-2.63749	3.73091	1.73849	0.465968	4.18278	0.85017	0.483211	0.32897	0.0294046
20127	0.0359408	0.00943968	4.29037	2.07203	0.482949	1.27363	-2.65354	3.77438	1.904	0.504454	4.6293	0.765933	0.493013	0.308491	0.0295044
20128	0.0601422	0.0334687	4.09538	1.94118	0.473993	1.3965	-2.65574	3.80183	1.91167	0.502829	4.04949	0.892931	0.487875	0.31949	0.0297377
20129	0.11915	0.0154229	3.88044	1.869	0.481646	1.26375	-2.72881	3.73232	1.74906	0.468624	5.74824	0.655055	0.475262	0.342376	0.0300365
20130	0.0209141	0.0124429	3.74458	1.93258	0.516102	1.3121	-2.69113	3.89214	1.77934	0.457161	4.38432	0.833575	0.486062	0.329998	0.0304058
20131	0.0987114	-0.00943193	3.71712	1.894	0.509533	1.27814	-2.71703	3.60659	1.73935	0.48227	5.27016	0.695529	0.496107	0.335409	0.0304239
20132	0.0292638	0.0797443	3.63369	1.87497	0.515996	1.27133	-2.78954	3.52103	1.74886	0.49669	5.33651	0.771366	0.506495	0.362345	0.0307948
20133	0.029621	0.0313149	3.94135	1.85568	0.470825	1.18254	-2.75896	3.74762	1.8112	0.483293	5.85727	0.664614	0.476901	0.346864	0.0312313
20134	0.0752734	0.129624	3.97934	1.80168	0.452759	1.27081	-2.76239	4.183	1.81847	0.434729	5.85164	0.714648	0.443519	0.366234	0.0315539
20135	0.0667694	0.121816	3.63914	1.86993	0.513837	1.17558	-2.7775	3.89337	1.84737	0.474491	6.83712	0.614735	0.4935	0.361274	0.0320409
20136	0.205681	0.146656	3.57944	1.73476	0.484646	1.17576	-2.75301	3.72805	1.89181	0.507453	8.93478	0.470524	0.496281	0.367051	0.0320666
20137	0.0276257	0.0542685	3.90321	1.84782	0.473412	1.21177	-2.79589	3.60016	1.95619	0.543363	5.79337	0.701095	0.506975	0.348168	0.0320153
20138	0.0509383	0.057015	3.75204	1.84317	0.491245	1.13104	-2.87359	3.79566	2.02365	0.533149	7.36183	0.583309	0.512318	0.357138	0.0323427
20139	0.151009	0.131475	3.81748	1.83639	0.481049	1.05677	-2.91147	4.17458	2.0154	0.482779	11.2865	0.410203	0.481952	0.375502	0.0328298
20140	0.198395	0.207744	4.09298	1.90038	0.464302	1.20134	-2.86136	4.04634	2.00083	0.494478	9.36412	0.502951	0.479303	0.376528	0.0328488
20141	0.229253	0.231741	3.84695	1.86108	0.483782	1.0067	-2.96188	4.02445	1.93526	0.480874	16.8741	0.302215	0.482295	0.401908	0.0330961
20142	0.133307	0.178502	3.98225	1.89452	0.47574	1.0368	-2.93162	3.80692	1.82012	0.478109	11.8496	0.408151	0.476898	0.394424	0.0334302
20143	0.0999489	0.111527	3.92706	1.95387	0.49754	1.09983	-2.90017	3.79935	1.79563	0.472615	9.07241	0.499884	0.485284	0.376974	0.0339482
20144	0.190554	0.163928	3.92607	1.85221	0.471771	1.14304	-2.88329	4.12646	1.91006	0.462882	10.235	0.453617	0.467216	0.381695	0.0343478
20145	0.167287	0.161569	3.91476	1.85691	0.474336	1.2373	-2.85935	3.8665	1.84719	0.477742	7.97073	0.572467	0.476029	0.381282	0.0343792
20146	0.118681	0.132971	3.70768	1.86874	0.50402	1.10268	-2.91687	3.91696	1.96151	0.500774	9.60652	0.484126	0.502352	0.377882	0.0344597
20147	0.21224	0.151458	3.85213	1.8773	0.487341	1.03585	-2.96446	4.17452	2.00336	0.479903	14.3129	0.339168	0.483473	0.384911	0.0347148
20148	-0.0114861	0.0878533	3.73005	1.83195	0.491133	1.03077	-2.91317	3.85247	1.86252	0.483461	8.29073	0.543145	0.487235	0.378781	0.0350093
20149	0.0296199	0.0992703	3.65587	1.87533	0.512963	1.01792	-2.96819	3.84544	1.80484	0.469345	9.63349	0.488366	0.490603	0.390063	0.0352333
20150	-0.0102543	0.0454877	3.62673	1.87403	0.516726	1.12131	-2.90911	3.88185	1.73732	0.447548	6.81774	0.640214	0.480962	0.3768	0.0355327
20151	0.0558538	0.061877	3.68121	1.85019	0.502602	1.07087	-2.91113	3.89675	2.01932	0.518206	8.57923	0.515127	0.510626	0.3636	0.0357715
20152	0.141644	0.138721	3.73553	1.84036	0.492665	0.989209	-2.94886	3.88279	1.95418	0.503291	13.2705	0.359184	0.498081	0.385899	0.0360171
20153	0.113506	0.17328	3.83295	1.90976	0.498248	1.14715	-2.9061	3.88376	1.97609	0.508807	8.87538	0.534209	0.503562	0.379028	0.036422
20154	0.248435	0.225732	3.60535	1.97775	0.54856	1.09349	-2.88845	4.03901	1.83647	0.454683	13.5804	0.357063	0.498959	0.388744	0.0368153
20155	0.337403	0.309026	3.74962	1.86892	0.498429	1.21763	-2.78569	3.91987	1.9218	0.490271	12.3609	0.387401	0.49426	0.387233	0.0368827
20156	0.25176	0.259205	3.91703	2.02808	0.517759	1.14785	-2.75072	3.77669	1.71903	0.455168	11.2827	0.401486	0.487035	0.376848	0.0373604
20157	0.321792	0.323844	4.18822	1.97769	0.472202	1.33442	-2.70903	3.66343	1.7351	0.473628	8.97032	0.512711	0.472868	0.382594	0.0373949
20158	0.333611	0.336719	3.62943	1.86977	0.515169	1.39485	-2.61766	3.99313	1.95768	0.490261	7.75004	0.563116	0.502121	0.36322	0.0376768
20159	0.297341	0.307952	3.75324	1.8298	0.487527	1.38478	-2.57818	4.13745	1.93768	0.468326	7.04399	0.591265	0.477459	0.356091	0.0380544
20160	0.24962	0.285596	3.84578	1.85048	0.48117	1.37129	-2.62345	4.12114	1.84776	0.448362	6.72621	0.62907	0.464199	0.36401	0.0381794
20161	0.28428	0.306739	3.85605	1.91541	0.496727	1.28422	-2.7065	3.60581	1.80809	0.501439	9.08067	0.499941	0.499004	0.378851	0.0383175
20162	0.318883	0.357301	3.72308	1.92474	0.516975	1.23827	-2.74692	4.02069	1.87935	0.467419	11.4001	0.422638	0.491245	0.387853	0.038492
20163	0.429202	0.379255	3.87456	1.85592	0.479002	1.32141	-2.69032	4.01546	1.89568	0.472095	11.8365	0.398019	0.475487	0.385825	0.0382164
20164	0.369407	0.41355	3.71617	1.8698	0.503152	1.33975	-2.70411	4.17414	1.81555	0.434951	10.3231	0.47078	0.467073	0.397476	0.0383545
20165	0.353683	0.366749	3.86112	1.87668	0.486045	1.38071	-2.67377	3.90715	1.78598	0.457107	8.7646	0.527391	0.47149	0.387003	0.0383707
20166	0.364944	0.330013	4.01065	1.91429	0.477301	1.3059	-2.74148	3.70125	1.86408	0.503635	10.6552	0.442697	0.489939	0.384436	0.0385842
20167	0.395775	0.387341	3.88097	1.8815	0.484801	1.44189	-2.57854	3.63338	1.74494	0.480252	8.03798	0.54718	0.482601	0.377612	0.038961
20168	0.346703	0.37759	3.67515	1.73639	0.472469	1.31444	-2.64093	3.75278	1.78556	0.475796	9.72905	0.468261	0.47415	0.392867	0.0391123
20169	0.343389	0.380151	3.75126	1.77763	0.473875	1.32142	-2.62678	3.96434	1.94346	0.490236	9.45247	0.478268	0.482282	0.378017	0.0393135
20170	0.438499	0.34012	3.93752	1.84089	0.467526	1.34624	-2.59209	4.03364	2.09306	0.518901	10.4344	0.411994	0.493523	0.353445	0.0395185
20171	0.365516	0.333817	3.80462	1.7634	0.46349	1.32355	-2.6183	3.78722	1.70266	0.449579	9.49532	0.458911	0.456551	0.386093	0.0397685
20172	0.371104	0.360366	3.80615	1.67531	0.440157	1.28268	-2.69183	3.79625	1.74168	0.45879	11.2108	0.415487	0.449462	0.405444	0.0399978
20173	0.297816	0.333379	3.77539	1.74416	0.461981	1.31027	-2.71823	4.05958	1.98358	0.488617	9.0847	0.512527	0.475783	0.384555	0.0400848
20174	0.255187	0.255038	3.57396	1.67096	0.467538	1.25232	-2.78802	3.7604	1.91559	0.50941	9.31348	0.49714	0.489006	0.392395	0.0402806
20175	0.254075	0.231295	3.90222	1.91406	0.490505	1.1539	-2.74532	3.85648	1.90905	0.495024	10.9428	0.404842	0.492751	0.366959	0.0404466
20176	0.323091	0.308535	4.13227	1.93692	0.46873	1.28609	-2.74955	3.7059	1.8317	0.494267	10.0843	0.463684	0.480804	0.382978	0.0407912
20177	0.287455	0.311889	3.81662	1.85207	0.485265	1.28209	-2.7884	3.99542	1.88541	0.471892	9.71579	0.494647	0.478426	0.391451	0.0410516
20178	0.368712	0.329643	3.76579	1.78806	0.474816	1.18855	-2.81115	3.82318	1.85503	0.485207	14.6766	0.336064	0.48005	0.403795	0.0409946
20179	0.350238	0.332179	3.58154	1.73069	0.483226	1.23595	-2.80878	3.77134	1.77982	0.471934	12.576	0.39224	0.477434	0.412776	0.0414413
20180	0.37382	0.389325	3.88712	1.77686	0.457114	1.2466	-2.8343	3.69135	1.68543	0.45659	13.6419	0.380876	0.456859	0.428809	0.0416467
20181	0.3718	0.370202	3.60748	1.61639	0.448065	1.17483	-2.84376	4.21284	1.86032	0.441583	16.0183	0.32243	0.444573	0.426323	0.0415766
20182	0.463043	0.46849	3.67448	1.69515	0.461331	1.05169	-2.94256	3.72858	1.86526	0.500261	33.579	0.173252	0.480938	0.449763	0.04199
20183	0.435802	0.488641	3.70338	1.85881	0.501923	0.969419	-3.02074	3.92219	2.04721	0.521955	43.2517	0.142373	0.512227	0.440919	0.0420857
20184	0.608194	0.525637	4.26369	1.98826	0.466324	0.914964	-3.0412	4.10733	1.95211	0.475275	135.189	0.0470539	0.470716	0.446774	0.0420699
20185	0.521328	0.477651	3.90805	2.08169	0.532668	1.00359	-2.99631	3.69045	2.0087	0.544298	51.8909	0.116286	0.538316	0.424617	0.0420329
20186	0.443065	0.439273	4.16338	2.13505	0.512817	1.03745	-2.95826	4.00644	2.06326	0.514987	32.6738	0.176644	0.513881	0.407484	0.0423459
20187	0.367103	0.384838	4.07149	2.06611	0.507459	0.937451	-2.9674	4.13772	2.01417	0.486784	34.5454	0.162649	0.497038	0.407888	0.0427616
20188	0.345937	0.365451	3.7718	1.90659	0.505485	1.14173	-2.94991	4.22919	1.90612	0.450704	17.3563	0.316646	0.476529	0.418971	0.0431942
20189	0.257337	0.326611	4.10687	1.97166	0.480087	1.14264	-2.8648	3.82059	1.906	0.498875	12.995	0.391884	0.489141	0.396493	0.0438152
20190	0.325365	0.272752	4.05419	1.95289	0.481696	1.07957	-2.89842	3.9922	1.90256	0.47657	17.6791	0.284414	0.479153	0.394824	0.0442051
20191	0.212341	0.265632	4.02384	2.07727	0.516241	1.15078	-2.8324	3.88866	1.86575	0.479793	10.8984	0.440329	0.498328	0.378432	0.0444335
20192	0.253687	0.274073	4.08083	2.05563	0.503727	1.13477	-2.86431	3.91523	1.96554	0.502023	12.6876	0.388152	0.502893	0.379905	0.0447047
20193	0.289051	0.269554	3.75673	2.03597	0.541952	1.17285	-2.8438	4.14772	1.98073	0.477548	12.4094	0.390549	0.508157	0.3764	0.0446469
20194	0.348185	0.253316	3.47696	1.85004	0.532086	1.10389	-2.86195	4.0836	1.98728	0.486649	16.9937	0.285545	0.507545	0.387475	0.0447083
20195	0.305629	0.196187	4.02381	1.83975	0.457217	1.05749	-2.92876	3.83257	1.95204	0.509329	17.2749	0.282644	0.482638	0.39179	0.0452621
20196	0.271219	0.208597	3.66069	1.77943	0.486092	1.02149	-2.95398	4.15268	2.03385	0.489769	17.7683	0.281455	0.488046	0.396156	0.0453107
20197	0.154599	0.212609	3.60075	1.79747	0.499195	1.08	-2.95554	4.22759	2.00313	0.473822	11.7206	0.428185	0.485493	0.397796	0.0454667
20198	0.171323	0.210492	3.92983	1.79721	0.457326	1.14059	-2.98182	3.89397	1.99726	0.512911	10.8473	0.469743	0.484991	0.401829	0.0457128
20199	0.215821	0.201305	4.1377	1.92923	0.466255	0.962718	-2.9918	4.18483	2.08977	0.499367	18.277	0.278928	0.482905	0.388211	0.0462035
20200	0.212201	0.170753	3.81107	1.84262	0.483491	1.14584	-2.94655	3.97728	2.11864	0.532685	11.1481	0.435841	0.508613	0.380266	0.0464341
20201	0.181715	0.210655	3.78394	1.98062	0.523427	1.00905	-3.02901	4.13528	2.02172	0.488895	15.3335	0.342238	0.505395	0.396102	0.0468565
20202	0.198582	0.193924	3.88326	1.9598	0.50468	0.985715	-3.00475	3.85742	1.89272	0.490671	16.5136	0.309789	0.497699	0.39914	0.0471647
20203	0.0828683	0.117826	4.08984	1.89319	0.462901	0.922073	-3.0356	3.87647	1.89036	0.487649	14.1198	0.352132	0.474944	0.396642	0.0474893
20204	0.186873	0.192557	3.8932	1.95345	0.501758	1.0565	-2.96364	4.16261	1.86503	0.448042	13.1723	0.378127	0.474002	0.394865	0.0481808
20205	0.251791	0.245307	3.83362	1.92072	0.501019	1.02092	-2.95472	3.91247	2.00519	0.512511	17.3106	0.295777	0.506823	0.394825	0.04821
20206	0.22568	0.204607	4.06464	1.9257	0.473769	1.09043	-2.94579	4.11942	1.83381	0.445161	13.2724	0.373896	0.459369	0.397708	0.0484483
20207	0.119116	0.12981	3.96254	1.76524	0.445482	1.09839	-2.93978	3.8779	1.93671	0.499421	9.82554	0.479485	0.47216	0.388989	0.0485667
20208	0.0457845	0.0663026	3.95058	1.82673	0.462396	1.06858	-3.00213	3.5848	1.88934	0.52704	9.00026	0.523055	0.493149	0.387905	0.0486743
20209	0.0283138	0.0352154	3.85253	1.77025	0.459503	0.995023	-3.01434	3.75983	1.82288	0.484829	9.9513	0.467264	0.472012	0.392974	0.0490562
20210	-0.0279154	0.0326308	4.03709	1.84348	0.456635	0.951423	-3.04107	3.68463	1.76795	0.479817	9.8505	0.479551	0.467697	0.395529	0.0492524
20211	-0.00307449	-0.024191	3.9897	1.89645	0.475336	0.967825	-3.00925	3.86819	1.7524	0.453029	9.45277	0.471323	0.464355	0.379196	0.0496162
20212	-0.194807	-0.0531853	3.76874	1.74876	0.464017	1.01743	-2.98698	3.84105	1.90203	0.495184	5.85714	0.734755	0.479748	0.37095	0.0498129
20213	-0.0450128	-0.0491875	3.77751	1.77566	0.470061	1.0793	-2.94416	4.10233	1.93029	0.470535	6.63004	0.632037	0.470308	0.361287	0.0499712
20214	-0.0575459	-0.0288115	3.92407	1.8047	0.459906	1.05961	-2.92103	3.7245	1.7918	0.481083	6.70243	0.624021	0.470218	0.36779	0.0498847
20215	0.089565	0.00846434	3.83489	1.78588	0.465693	1.24109	-2.85518	4.15023	2.01343	0.485138	6.18427	0.663009	0.4758	0.350595	0.0500912
20216	0.0403378	0.00150755	3.5139	1.73835	0.494706	1.06155	-2.90608	4.10182	1.87805	0.457857	8.1065	0.521437	0.474859	0.368973	0.050567
20217	0.109933	0.04928	3.51006	1.71096	0.487446	0.947538	-2.9841	3.80855	1.95837	0.514203	13.1152	0.350791	0.50137	0.385458	0.0505889
20218	0.125032	0.103645	3.85218	1.92125	0.498743	1.07437	-2.94016	4.11827	2.13804	0.51916	10.2801	0.450617	0.509293	0.363412	0.0510223
20219	0.0406857	0.0979175	3.97859	1.89404	0.476058	1.07466	-2.89516	3.84279	1.92361	0.500576	8.37944	0.534552	0.488104	0.369858	0.0512293
20220	0.176357	0.193932	3.94386	1.96632	0.498579	1.19512	-2.85756	4.16229	1.86668	0.448474	8.97172	0.518943	0.472851	0.377969	0.0511867
20221	0.0936723	0.109757	3.99364	1.99676	0.499986	1.09078	-2.90894	4.09598	1.88457	0.460103	9.16554	0.497109	0.479792	0.369976	0.0514118
20222	0.0239322	0.0861016	3.69873	1.96996	0.532605	1.13771	-2.90615	3.86139	1.90573	0.493535	7.21764	0.620255	0.512649	0.36622	0.0512832
20223	0.0137772	0.0392337	4.1939	1.97445	0.470791	0.995439	-2.99666	3.93423	1.92993	0.490548	9.56424	0.48183	0.480354	0.371245	0.0517511
20224	0.0462666	0.0311962	4.01611	1.94077	0.483247	1.00122	-2.97399	4.10811	1.95092	0.474895	9.90322	0.455969	0.479024	0.367267	0.0516681
20225	0.0456941	0.0989394	3.87853	1.88322	0.485549	0.968783	-2.99674	3.8438	1.98238	0.515735	11.2467	0.426047	0.500574	0.382749	0.0521577
20226	0.114728	0.135794	3.96354	1.97075	0.497221	1.129	-3.01313	3.77394	1.87957	0.49804	9.63862	0.514374	0.49762	0.391781	0.052439
20227	0.0888034	0.0711179	3.86176	1.86687	0.483426	0.86012	-3.10926	3.96285	1.98899	0.501909	17.0017	0.297465	0.492787	0.396185	0.0526903
20228	0.0590693	0.0742067	3.97849	1.76175	0.442819	0.893983	-3.15122	3.9485	1.99717	0.505806	14.9242	0.34854	0.474193	0.409074	0.0527166
20229	0.114585	0.120525	3.4616	1.8303	0.528744	0.816154	-3.16352	4.0126	1.89945	0.473372	21.9117	0.246099	0.499017	0.419705	0.0528159
20230	0.110102	0.0589274	3.87569	1.92803	0.497467	0.915473	-3.09297	3.81103	1.9876	0.521538	15.3162	0.324311	0.509401	0.38823	0.053139
20231	0.0498064	0.114405	3.94284	1.81145	0.459428	0.930683	-3.10322	4.10276	2.07052	0.504665	13.3426	0.387972	0.482496	0.400148	0.0534806
20232	0.147429	0.159105	3.84552	1.89193	0.491982	0.726596	-3.17179	3.9151	2.02313	0.51675	33.076	0.167717	0.504477	0.414803	0.0537823
20233	0.203588	0.229885	3.9423	1.81506	0.460405	0.917072	-3.14681	4.24593	2.02033	0.475827	22.3983	0.25453	0.468402	0.42647	0.0542812
20234	0.260803	0.262744	3.89685	1.84674	0.473905	0.814795	-3.16747	4.21077	2.04455	0.485552	38.3385	0.153453	0.479954	0.430628	0.0542485
20235	0.245097	0.29037	3.80335	1.93591	0.509002	0.779832	-3.18135	3.92915	1.9842	0.504995	42.1514	0.142971	0.506966	0.434721	0.0544435
20236	0.377178	0.335662	3.80659	1.8777	0.493275	0.765036	-3.20575	4.20439	2.0159	0.479475	83.3695	0.0752169	0.486033	0.44619	0.0547344
20237	0.389865	0.352577	4.10614	1.94659	0.474069	0.867098	-3.17601	3.73234	1.91043	0.51186	54.6689	0.113876	0.492063	0.446729	0.0549074
20238	0.374566	0.411093	3.73843	1.83873	0.491846	0.821773	-3.1918	3.81581	2.00069	0.524315	64.906	0.0999973	0.508247	0.458188	0.0551409
20239	0.388985	0.434235	4.02541	1.93973	0.481871	0.740995	-3.2463	4.11104	1.88255	0.457924	109.323	0.0619556	0.469772	0.469906	0.0551546
20240	0.401245	0.377256	3.91378	1.94233	0.496278	0.856193	-3.19745	4.12488	1.91388	0.463985	61.7387	0.103489	0.479707	0.453209	0.0548603
20241	0.341389	0.353577	3.91963	1.92639	0.491473	0.745642	-3.26103	3.60114	1.94231	0.539359	79.9494	0.0817103	0.514402	0.457913	0.0550647
20242	0.402007	0.359023	3.59393	1.80524	0.502302	0.61658	-3.30464	3.82601	1.96064	0.51245	291.527	0.0230209	0.507534	0.47132	0.0553001
20243	0.263912	0.359556	3.93223	1.81579	0.461771	0.702498	-3.30841	3.92342	1.87378	0.477588	69.9425	0.096179	0.469671	0.47701	0.0552119
20244	0.352956	0.327419	3.70044	1.87633	0.507055	0.669643	-3.30214	3.68235	1.80067	0.489	131.356	0.0501452	0.49805	0.472611	0.0557058
20245	0.439694	0.391198	4.07494	2.07645	0.509565	0.624646	-3.34899	3.78829	1.80406	0.47622	408.948	0.0171037	0.4935	0.474151	0.0560862
20246	0.41522	0.443858	4.01949	1.80245	0.448427	0.770786	-3.26283	3.69116	1.83079	0.495993	108.675	0.0632138	0.471197	0.486094	0.0568611
20247	0.462842	0.430873	3.94919	1.90228	0.481688	0.656694	-3.32085	3.72286	1.73476	0.465975	374.559	0.0187893	0.474063	0.491867	0.0572244
20248	0.32473	0.344651	3.79539	1.83803	0.484281	0.685573	-3.28259	3.65949	1.75063	0.478381	101.045	0.0651039	0.481385	0.478356	0.0579045
20249	0.392292	0.404232	3.88887	2.00254	0.514943	0.609134	-3.3471	3.72932	1.85081	0.496287	299.285	0.0235101	0.50581	0.477386	0.0581254
20250	0.399796	0.338102	3.84434	1.98292	0.515803	0.660295	-3.36288	3.89903	1.75332	0.449682	201.847	0.0339298	0.482509	0.478343	0.0582163
20251	0.297074	0.323276	4.00329	2.00287	0.500305	0.586758	-3.40096	3.65415	1.76456	0.482892	165.282	0.0419583	0.491996	0.479396	0.0589845
20252	0.274648	0.285749	3.61053	1.84205	0.510188	0.627881	-3.38163	4.02163	1.86655	0.464127	107.793	0.0623869	0.485917	0.475646	0.0591659
20253	0.223135	0.226237	4.35636	2.02677	0.465244	0.653725	-3.39392	3.81626	1.81328	0.475145	70.685	0.092704	0.469867	0.460522	0.0592319
20254	0.154597	0.174042	4.29099	1.9981	0.465651	0.43056	-3.43205	3.8686	1.83752	0.474984	170.754	0.0380778	0.470076	0.458873	0.0594224
20255	0.128579	0.202034	3.47113	1.94777	0.561135	0.537126	-3.44771	4.01985	1.93515	0.481399	79.8068	0.0834553	0.518346	0.461807	0.0598187
20256	0.203112	0.183849	4.14227	1.90472	0.459825	0.60688	-3.39409	3.87097	1.89707	0.490075	78.5239	0.0815142	0.474438	0.457182	0.0600432
20257	0.235897	0.240295	3.84253	1.81726	0.472932	0.568746	-3.39768	3.99388	1.9161	0.479758	119.461	0.055394	0.476411	0.469975	0.0602334
20258	0.209459	0.199594	3.73854	1.81325	0.485017	0.661106	-3.32672	4.14466	2.0677	0.498884	60.9598	0.101992	0.492308	0.444882	0.0604086
20259	0.126535	0.20915	3.97689	1.8645	0.468834	0.65507	-3.30714	3.97759	2.09838	0.527549	44.261	0.139675	0.498194	0.438328	0.0608736
20260	0.273122	0.228848	4.05567	2.04624	0.504539	0.705866	-3.30415	4.26891	2.18482	0.5118	66.6538	0.0936335	0.508262	0.424591	0.0607341
20261	0.301912	0.305411	3.74106	1.92913	0.515665	0.722373	-3.28651	3.98321	2.10524	0.528527	72.9796	0.0883937	0.522298	0.444413	0.0610496
20262	0.297929	0.325009	3.92532	1.83325	0.467033	0.650885	-3.25831	4.20554	2.10268	0.49998	103.069	0.0622893	0.484074	0.449333	0.0612076
20263	0.382549	0.319708	3.73304	1.82627	0.489217	0.716979	-3.2592	3.96271	1.93481	0.488254	114.522	0.0559219	0.488721	0.45999	0.0615652
20264	0.389012	0.313582	4.04561	1.98438	0.490503	0.7027	-3.26871	3.92238	1.8807	0.479478	130.414	0.0492002	0.485076	0.453691	0.061665
20265	0.374704	0.307282	3.81942	2.0453	0.535502	0.757294	-3.21416	3.41452	1.83098	0.536233	84.7173	0.0731877	0.535847	0.444497	0.0612752
20266	0.178969	0.247086	4.02602	1.93706	0.481134	0.655377	-3.285	4.04115	2.07165	0.512639	54.9672	0.113482	0.496916	0.437703	0.061394
20267	0.145975	0.229206	3.88166	1.88458	0.48551	0.743233	-3.19679	3.69983	1.97997	0.535152	32.904	0.178359	0.509736	0.431715	0.0618959
20268	0.274983	0.243165	3.79789	1.90957	0.502796	0.69289	-3.2127	4.33553	1.9562	0.451201	68.384	0.0873229	0.475294	0.435902	0.0621184
20269	0.243835	0.293137	3.858	1.81234	0.469761	0.809243	-3.14787	3.97157	2.00958	0.505991	37.038	0.159843	0.488139	0.436589	0.0625936
20270	0.31819	0.262844	3.82421	1.87598	0.490554	0.873953	-3.09001	4.19727	1.91968	0.457365	36.3958	0.154436	0.473188	0.42555	0.0630075
20271	0.321439	0.322486	3.68753	1.81127	0.491187	0.923717	-3.04436	3.84779	1.84572	0.479684	31.25	0.18137	0.485313	0.43672	0.0633471
20272	0.297437	0.333631	3.60256	1.85582	0.51514	0.89589	-3.0011	3.81017	1.85997	0.488161	31.05	0.179073	0.501273	0.428101	0.0634288
20273	0.447831	0.435247	3.89279	1.90248	0.488718	0.969482	-2.9942	3.94192	1.95894	0.496951	43.2202	0.13606	0.49286	0.432409	0.0637995
20274	0.476027	0.410475	3.58747	2.01664	0.562133	1.06919	-2.91001	4.34377	2.01922	0.464855	31.3365	0.175923	0.508856	0.405936	0.0637918
20275	0.390629	0.435975	4.0045	1.97381	0.492899	0.986863	-2.93428	4.05188	2.01153	0.496444	31.9516	0.177747	0.494682	0.416188	0.0639072
20276	0.468257	0.443624	4.03762	1.97772	0.489822	1.1061	-2.86458	3.94792	2.00479	0.507808	26.9005	0.20342	0.498714	0.407358	0.0638975
20277	0.481038	0.403021	4.04773	1.98361	0.490055	1.11941	-2.91625	3.69252	1.9505	0.528229	27.0353	0.203762	0.508266	0.411931	0.0642604
20278	0.427999	0.37772	4.18292	1.97623	0.472452	1.16205	-2.85232	4.02525	1.99582	0.495825	19.3623	0.269419	0.483914	0.396496	0.0649707
20279	0.307806	0.368592	4.25427	2.08526	0.490157	1.0943	-2.90115	3.88321	1.9292	0.496807	17.2838	0.309285	0.49333	0.399806	0.0650099
20280	0.417088	0.35864	3.87988	1.99018	0.512948	1.04029	-2.97158	4.15028	1.97515	0.475909	28.5554	0.19419	0.493805	0.411611	0.0650835
20281	0.358327	0.377192	3.88888	1.8767	0.482581	1.12703	-2.88852	3.82848	1.97365	0.515519	18.0482	0.295455	0.498921	0.409265	0.0653071
20282	0.449704	0.505129	3.74464	1.79677	0.479825	1.18494	-2.88614	3.90875	1.99304	0.509893	21.2748	0.27029	0.495181	0.431508	0.0655571
20283	0.513374	0.530642	3.58782	1.845	0.514239	1.09359	-2.88787	4.05469	2.08607	0.514485	34.7129	0.168326	0.514369	0.426463	0.0656279
20284	0.417285	0.445627	3.71499	1.77552	0.477933	1.17057	-2.87323	3.99072	2.08797	0.523206	19.4113	0.283721	0.501379	0.416266	0.0659151
20285	0.377611	0.420497	3.8066	1.91443	0.502924	1.09062	-2.85663	4.17541	2.13105	0.510381	21.1252	0.254188	0.506825	0.399042	0.0659925
20286	0.405648	0.377296	3.99639	2.00614	0.501987	1.23949	-2.83639	4.09824	2.28703	0.558052	14.8537	0.347649	0.530372	0.375667	0.0663901
20287	0.379338	0.395056	4.02071	2.03802	0.50688	1.17485	-2.79534	3.99672	2.10904	0.527692	16.0841	0.316419	0.517255	0.380388	0.0662983
20288	0.478874	0.438871	3.94039	1.96471	0.498607	1.21898	-2.82549	4.06505	1.98477	0.488252	19.4538	0.273881	0.493349	0.402935	0.0664056
20289	0.445768	0.477671	3.96772	1.9794	0.498875	1.12466	-2.83649	3.75013	1.92047	0.512106	23.8313	0.230447	0.505304	0.413303	0.0665147
20290	0.471704	0.484014	4.1588	2.01915	0.485512	1.24487	-2.7797	4.05312	2.06382	0.509194	17.8186	0.298896	0.4972	0.39487	0.0667534
20291	0.423386	0.357831	3.88969	1.82052	0.468039	1.16995	-2.84669	3.94232	1.92731	0.488876	18.4242	0.278681	0.478527	0.406647	0.0668416
20292	0.537146	0.503741	4.03507	1.93017	0.478349	1.15885	-2.85588	3.92498	1.92104	0.489438	29.2017	0.193261	0.483817	0.422987	0.0672045
20293	0.499856	0.502658	3.98818	1.92864	0.48359	1.15332	-2.88235	3.84827	1.90123	0.494047	26.8333	0.213509	0.488725	0.428026	0.0673669
20294	0.490165	0.455192	3.79428	1.78692	0.47095	1.18018	-2.91467	3.87672	1.76561	0.455439	23.8512	0.238059	0.463112	0.444305	0.0676883
20295	0.50519	0.500392	3.9879	1.87732	0.470755	1.11113	-2.92172	3.75368	1.69237	0.450855	31.8955	0.183582	0.461106	0.450722	0.0682156
20296	0.59715	0.54624	3.68797	1.83945	0.49877	1.04803	-2.94897	3.67629	1.79681	0.488755	60.094	0.101645	0.49377	0.456619	0.0684076
20297	0.5695	0.557157	3.73336	1.86891	0.500598	1.00668	-2.92011	3.63297	1.77103	0.487489	63.2638	0.0955632	0.494133	0.453815	0.0688257
20298	0.601085	0.584409	3.68069	1.77099	0.481157	1.11108	-2.9283	3.69118	1.8888	0.511706	47.4405	0.130048	0.496453	0.457497	0.0689372
20299	0.578391	0.561912	3.92831	1.88574	0.480038	1.09656	-2.94956	3.77189	1.91716	0.508274	45.9236	0.134249	0.49387	0.447819	0.0691712
20300	0.533407	0.572065	4.03611	2.03799	0.504939	1.03609	-2.92168	4.00211	1.90487	0.475966	48.3044	0.126347	0.490513	0.436409	0.06932
20301	0.502485	0.562983	3.96139	1.89722	0.478928	1.00306	-2.96599	3.97362	1.88645	0.474742	49.6999	0.125288	0.476832	0.451535	0.0693544
20302	0.486837	0.511069	3.86054	1.9135	0.495657	1.12167	-2.92431	3.65979	1.82526	0.498734	29.2838	0.201508	0.497154	0.4412	0.0696318
20303	0.400543	0.463962	4.16454	1.86853	0.448677	1.06147	-2.91502	4.08307	1.95237	0.478161	26.1379	0.21841	0.463273	0.427727	0.0697503
20304	0.541468	0.460053	3.53885	1.79243	0.506499	1.02024	-2.9392	3.67982	1.81166	0.492323	50.4082	0.114613	0.499273	0.445035	0.0702063
20305	0.323348	0.430864	3.90178	1.80919	0.463683	1.06108	-2.87936	3.49238	1.82507	0.522586	20.1336	0.272121	0.491504	0.429922	0.0704068
20306	0.399542	0.427024	3.89481	1.88284	0.483423	1.16338	-2.86253	3.95083	1.94679	0.492756	18.5471	0.291722	0.488123	0.414096	0.0708008
20307	0.434443	0.424014	3.75893	1.74102	0.463169	1.23097	-2.86691	3.76924	1.91111	0.507028	17.0702	0.317225	0.485128	0.425859	0.0709599
20308	0.481455	0.438963	3.99174	2.00287	0.501755	1.0698	-2.8719	3.72915	1.8675	0.500785	31.6673	0.173078	0.501287	0.414661	0.0713896
20309	0.327946	0.346751	4.02161	1.95781	0.486821	1.15742	-2.88972	3.82376	1.94206	0.507892	15.2241	0.344017	0.497091	0.401848	0.0715602
20310	0.270704	0.349375	3.89335	1.9272	0.494999	1.01047	-2.92107	4.22499	1.92615	0.455894	19.5443	0.27363	0.474648	0.409777	0.0721386
20311	0.375043	0.327284	4.28072	1.97013	0.460233	1.0354	-2.99059	3.86377	2.00691	0.519417	25.2438	0.218039	0.48831	0.409101	0.0724876
20312	0.267493	0.319315	4.0258	2.0383	0.50631	1.01234	-3.0211	3.71219	1.90664	0.513617	20.1127	0.277396	0.509815	0.414343	0.0725775
20313	0.352258	0.401248	3.79233	1.84163	0.485619	0.915003	-3.0708	3.69265	1.88254	0.509807	38.0669	0.158341	0.497552	0.447408	0.0729802
20314	0.373588	0.395401	4.15979	1.89536	0.455638	0.982272	-3.03356	3.82659	1.86159	0.486488	31.7352	0.185248	0.47042	0.439082	0.0731316
20315	0.489598	0.416829	4.19117	2.0206	0.482109	0.920394	-3.06184	4.00555	2.02916	0.506586	65.2053	0.0927924	0.49407	0.427722	0.0733722
20316	0.411619	0.405552	3.73792	1.82432	0.488058	0.999376	-3.00452	4.02922	1.92444	0.477621	33.6613	0.172729	0.482644	0.4369	0.0735893
20317	0.311402	0.341453	3.95652	1.83851	0.464677	0.947199	-3.05671	4.29172	1.98307	0.462069	28.5661	0.202119	0.46332	0.430456	0.0738566
20318	0.266129	0.319512	3.97436	1.92891	0.485339	0.931821	-3.08741	3.6879	1.82372	0.494513	26.1926	0.221573	0.489755	0.436192	0.0739806
20319	0.278314	0.325509	3.72547	1.70014	0.456357	0.929587	-3.06162	4.03544	1.81721	0.450313	27.0482	0.212078	0.453214	0.449291	0.0737564
20320	0.306951	0.292052	3.65139	1.72278	0.471815	0.884609	-3.10889	4.02453	1.83264	0.455367	34.6623	0.166844	0.463191	0.448641	0.0741755
20321	0.349911	0.31235	3.86378	1.71909	0.444924	0.877386	-3.12458	3.87393	1.83094	0.472632	42.4557	0.139115	0.458797	0.454229	0.0744724
20322	0.323034	0.297616	3.74812	1.80492	0.481554	0.888863	-3.12385	3.79602	1.7985	0.473785	36.5641	0.160081	0.477645	0.448301	0.0745767
20323	0.24767	0.251791	3.91867	1.86156	0.47505	0.842793	-3.11148	3.78546	1.89498	0.500596	31.9383	0.177085	0.487602	0.429605	0.0751087
20324	0.172883	0.247126	3.93956	1.90456	0.483445	0.971203	-3.02014	3.87554	1.83093	0.472433	16.75	0.318657	0.477984	0.416837	0.0754526
20325	0.358769	0.220334	4.03828	1.91026	0.473037	1.04016	-2.99932	3.78697	1.86871	0.493457	22.3267	0.232147	0.482919	0.406924	0.0755525
20326	0.189696	0.267298	3.74951	1.74616	0.465703	1.03653	-2.98048	3.80723	1.86228	0.489142	14.7087	0.358566	0.477512	0.422352	0.0756162
20327	0.246877	0.252182	3.81288	1.77409	0.465288	1.11301	-2.92845	3.82127	2.05084	0.536692	13.4852	0.375094	0.50103	0.398151	0.0759447
20328	0.238474	0.252803	4.07646	1.86472	0.457435	1.05926	-2.90579	3.79795	1.83631	0.483501	14.809	0.336846	0.470007	0.402718	0.0764854
20329	0.163765	0.124515	3.97959	1.87077	0.470091	1.0646	-2.92449	3.66338	1.9377	0.528938	11.4558	0.405754	0.498297	0.379095	0.0765976
20330	0.190454	0.183724	3.92335	1.87146	0.477004	1.133	-2.90369	3.8387	1.86312	0.485353	10.7296	0.444196	0.481133	0.389655	0.0768804
20331	0.248549	0.207602	3.76823	1.92826	0.511714	1.0513	-2.95116	3.87898	1.95851	0.504904	15.4836	0.322205	0.50826	0.391024	0.0771468
20332	0.132598	0.165338	4.02022	1.97639	0.491614	1.08797	-2.90621	3.81909	1.93219	0.505929	10.3364	0.456367	0.498588	0.376459	0.0775433
20333	0.136263	0.163605	4.01032	1.81335	0.452169	1.0893	-2.97737	4.05639	1.93955	0.478146	10.862	0.454141	0.465232	0.396696	0.0774574
20334	0.254807	0.245869	4.16201	2.00649	0.482096	0.976295	-2.99988	3.96828	2.04894	0.51633	20.2382	0.260272	0.498805	0.39385	0.0776248
20335	0.170064	0.175703	3.8543	2.01763	0.523475	1.11231	-2.96783	3.80389	1.92425	0.505863	11.1302	0.443918	0.514727	0.385384	0.0778612
20336	0.146042	0.115367	3.89667	1.84238	0.472808	0.962591	-2.92201	3.91245	1.86098	0.475654	13.8367	0.333376	0.474234	0.383895	0.0778939
20337	0.126344	0.193447	3.96621	1.87424	0.472553	1.02935	-2.97433	3.88589	1.91629	0.493141	12.3062	0.407713	0.482742	0.398375	0.0779529
20338	0.134152	0.146916	3.97533	2.05006	0.515694	0.933102	-2.99085	4.05899	1.81518	0.447199	15.4242	0.319161	0.48109	0.389172	0.078522
20339	0.195113	0.150093	3.96878	1.89335	0.477061	1.12918	-2.94556	3.87905	1.84202	0.474864	10.9837	0.436241	0.475975	0.390873	0.0786758
20340	0.16029	0.171865	4.04172	1.88032	0.465227	1.14055	-2.86785	4.01764	1.88743	0.469786	9.6157	0.480456	0.4675	0.380189	0.0789322
20341	0.221467	0.157179	3.72289	1.66494	0.447218	1.14431	-2.89888	3.83011	2.00152	0.522574	10.9664	0.425822	0.485431	0.389178	0.0791921
20342	0.136856	0.14587	3.62894	1.70708	0.470406	1.04651	-2.93285	3.85052	1.91996	0.498623	11.4547	0.413739	0.484933	0.395278	0.079408
20343	0.052275	0.0678174	3.58321	1.65406	0.461614	1.02193	-2.93929	3.65541	1.87912	0.514066	9.61759	0.470114	0.488102	0.390305	0.0793773
20344	0.0198831	0.0878118	3.87719	1.70348	0.439359	1.05852	-2.93903	4.17855	1.96173	0.469476	8.49275	0.539387	0.454981	0.384701	0.0798743
20345	0.152338	0.109715	3.91716	1.75207	0.447281	1.06228	-2.90249	4.10166	1.91496	0.466875	10.9583	0.413996	0.457304	0.382292	0.0801704
20346	0.130872	0.138836	4.1792	1.91241	0.457601	0.954211	-2.99673	3.93845	1.85656	0.471394	14.5035	0.338944	0.464293	0.394848	0.0805494
20347	0.255313	0.168109	3.87899	1.86715	0.481349	0.936669	-3.02905	3.96908	1.91185	0.481685	22.0181	0.232123	0.481519	0.403542	0.0805199
20348	0.175789	0.184815	3.70887	1.85605	0.500437	1.03011	-2.97774	4.09569	1.89024	0.461519	13.7035	0.364936	0.480014	0.4004	0.0807822
20349	0.154599	0.158991	4.12892	1.98288	0.480241	1.02475	-2.97883	4.05645	1.96145	0.483538	13.0036	0.378582	0.481875	0.384376	0.0807745
20350	0.175829	0.168697	3.74477	2.04667	0.546542	0.865955	-3.06405	3.97684	1.94123	0.488133	21.9425	0.238137	0.51646	0.395944	0.0807547
20351	0.338923	0.231132	3.85845	1.74661	0.452672	0.916706	-3.03064	3.74728	1.79474	0.478945	31.8697	0.166917	0.465617	0.429042	0.0807318
20352	0.263595	0.198324	3.64061	1.7975	0.493736	0.957218	-3.03222	3.59755	1.7812	0.495113	21.6922	0.240557	0.49442	0.421775	0.080853
20353	0.166405	0.215049	3.97341	1.86767	0.470043	0.974798	-3.01699	3.69109	1.86955	0.506504	15.9848	0.32675	0.487602	0.411466	0.0810605
20354	0.0966404	0.183461	4.33773	2.14458	0.494403	0.936774	-2.99367	3.7107	1.95615	0.527164	14.3013	0.352912	0.509507	0.381072	0.0812615
20355	0.286664	0.199178	3.91902	1.9874	0.507116	1.08993	-2.98699	4.13658	1.96788	0.475727	15.7332	0.322619	0.490998	0.390977	0.0815965
20356	0.26826	0.226902	4.03808	1.99903	0.495043	1.02081	-2.98158	3.816	1.92004	0.503155	18.1772	0.283165	0.498984	0.396504	0.0819374
20357	0.146087	0.180733	3.78669	1.97227	0.520842	1.01135	-2.98511	4.00452	1.98147	0.49481	13.3871	0.374338	0.507462	0.388026	0.0820101
20358	0.162971	0.192764	3.75606	1.92965	0.513742	1.0739	-2.95539	3.82403	1.90285	0.497603	11.9438	0.414895	0.5056	0.392771	0.0821765
20359	0.114455	0.202639	4.00836	1.86185	0.464491	1.05453	-2.90882	3.91292	1.90806	0.487632	10.9548	0.441872	0.475923	0.391107	0.0825803
20360	0.108654	0.170127	4.28835	1.94997	0.454712	1.30429	-2.83371	3.95075	1.93702	0.49029	6.31185	0.71477	0.471772	0.36734	0.0831141
20361	0.143295	0.179037	3.9503	2.02405	0.512378	1.2113	-2.83912	3.93191	1.94419	0.494465	7.9861	0.570319	0.503442	0.364746	0.0831332
20362	0.202595	0.203503	3.62595	1.84251	0.508145	1.25472	-2.78786	4.19214	1.98771	0.47415	8.08355	0.553486	0.489917	0.368826	0.0832829
20363	0.20769	0.206418	4.06446	1.92404	0.47338	1.2065	-2.80833	3.88036	1.86984	0.481874	9.11039	0.498812	0.477529	0.37469	0.0832251
20364	0.225955	0.258247	4.01162	1.99596	0.497545	1.05615	-2.859	4.01026	1.94443	0.484864	14.0987	0.344614	0.491205	0.381503	0.0836581
20365	0.225831	0.185401	3.81683	1.71127	0.448348	1.12918	-2.82891	3.84134	1.97756	0.514811	11.1343	0.408021	0.481686	0.381223	0.0839876
20366	0.284668	0.262662	3.56332	1.68343	0.472432	1.10299	-2.89529	4.15407	2.13197	0.513225	14.8922	0.334828	0.49439	0.395324	0.0841333
20367	0.321979	0.314797	3.52178	1.73449	0.492502	1.05774	-2.87196	4.19139	1.9481	0.464785	18.7596	0.270672	0.47744	0.408203	0.084548
20368	0.338632	0.281688	3.657	1.78885	0.489157	1.10327	-2.84658	3.75151	1.89868	0.50611	16.7376	0.292337	0.497742	0.398962	0.0848558
20369	0.270822	0.315341	3.79001	1.80374	0.475919	1.2153	-2.83267	4.05672	1.90809	0.470353	11.1093	0.446023	0.473042	0.400405	0.0848384
20370	0.372107	0.404956	4.11371	1.89899	0.461625	1.25086	-2.86227	3.87374	1.86097	0.480407	13.8237	0.386104	0.470734	0.415246	0.0852064
20371	0.460679	0.463119	3.84424	1.81981	0.473385	1.21997	-2.83272	3.75717	1.87482	0.498998	18.8417	0.28826	0.486044	0.423762	0.0851039
20372	0.456281	0.442348	3.95462	1.77338	0.448434	1.04812	-2.85783	3.72066	1.7312	0.465294	31.0934	0.175137	0.456607	0.437353	0.0853614
20373	0.481732	0.469972	3.88283	1.84609	0.475449	1.16713	-2.85807	3.86542	1.76679	0.457075	23.5773	0.234884	0.466282	0.434005	0.0855134
20374	0.495955	0.561345	3.91148	1.77703	0.454311	1.12966	-2.87155	3.73948	1.80928	0.483833	29.3456	0.200793	0.46874	0.451129	0.0854902
20375	0.64334	0.566595	3.70956	1.8025	0.485907	1.19612	-2.85367	4.01433	1.92918	0.480575	38.2836	0.152784	0.483136	0.439494	0.0854328
20376	0.379364	0.330464	4.01379	1.82549	0.454805	1.0258	-2.94369	3.75979	1.90761	0.507372	25.6534	0.20894	0.48023	0.418018	0.0854524
20377	0.364179	0.340969	3.8028	1.85409	0.487558	0.995914	-3.02868	4.31196	1.98436	0.460198	28.4511	0.199545	0.47302	0.425254	0.0855376
20378	0.324448	0.369075	4.01754	1.8562	0.462023	1.02241	-3.05934	4.11124	1.9524	0.474894	24.1281	0.243576	0.468533	0.435644	0.0856847
20379	0.330578	0.303757	3.79112	1.89809	0.500666	0.909876	-3.05498	3.66888	1.82525	0.497494	33.6161	0.167793	0.499106	0.43112	0.086107
20380	0.23304	0.288577	3.84266	1.95799	0.509539	0.869529	-3.06158	4.07613	1.86175	0.456745	27.7045	0.202559	0.482363	0.423613	0.0862337
20381	0.24178	0.283531	3.71222	1.82905	0.492709	0.881693	-3.08441	4.07359	1.81897	0.446527	27.7005	0.204745	0.468546	0.437486	0.0865589
20382	0.154968	0.247751	3.28907	1.67702	0.509877	0.881762	-3.0677	4.0117	1.78906	0.445961	20.8096	0.264115	0.474756	0.44235	0.0865558
20383	0.197965	0.209556	3.75572	1.69549	0.451442	0.962467	-3.00143	4.15095	1.99733	0.481175	17.6409	0.292232	0.467051	0.411195	0.0866213
20384	0.285977	0.258778	3.87438	1.57359	0.406152	1.04675	-2.96482	3.94863	1.9679	0.498376	17.9543	0.289388	0.452702	0.423274	0.0868322
20385	0.242305	0.256156	3.55584	1.66302	0.467686	1.12027	-2.97501	3.95976	1.9718	0.497959	13.5444	0.385415	0.483636	0.418078	0.0873571
20386	0.263927	0.240299	3.99124	1.76152	0.441346	0.954872	-3.03397	4.05536	2.06448	0.509074	22.4565	0.238702	0.47548	0.412067	0.0877124
20387	0.11094	0.165374	3.68674	1.72566	0.468072	0.909018	-3.03768	4.12941	1.94312	0.470556	16.1079	0.318464	0.469384	0.411579	0.0884238
20388	0.157178	0.157861	3.62931	1.73431	0.477861	0.994918	-3.02359	3.88535	1.90409	0.490071	14.4222	0.350904	0.484174	0.410315	0.0882208
20389	0.024594	0.11911	3.93658	1.84874	0.469632	1.04312	-3.03334	3.91029	1.79294	0.458519	9.57967	0.518698	0.464094	0.405673	0.0882909
20390	0.0453844	0.0827985	4.04903	1.91098	0.471959	1.00767	-3.05557	3.8985	1.8735	0.48057	10.6365	0.462996	0.476183	0.394294	0.0883598
20391	0.0536696	0.144892	3.78474	1.86043	0.49156	0.953702	-3.04438	3.99398	1.95787	0.490204	12.5564	0.40503	0.490864	0.399869	0.0883574
20392	0.165415	0.0887816	3.88496	1.84676	0.47536	0.879283	-3.03636	3.88062	1.98194	0.510729	19.1647	0.254804	0.493035	0.389512	0.0884149
20393	0.220813	0.158613	4.22747	2.02922	0.480009	0.955692	-3.03529	4.03521	1.94633	0.482336	18.8892	0.270023	0.481145	0.390915	0.0887166
20394	0.0172277	0.0442767	3.66449	1.82362	0.497646	1.03162	-3.00882	3.91818	1.92564	0.491463	9.05886	0.514492	0.494451	0.383425	0.0892849
20395	0.0469945	0.0570278	3.81002	1.88704	0.495283	1.05601	-3.02866	4.00796	1.91921	0.478849	9.35207	0.509055	0.486858	0.384879	0.0897972
20396	0.00111455	0.105565	3.91153	1.84131	0.47074	1.0444	-2.98289	3.71687	1.78511	0.480273	8.76349	0.544221	0.475384	0.396828	0.0902763
20397	0.229233	0.150275	3.67018	1.79557	0.489233	1.01156	-2.98728	3.71147	1.72046	0.463552	16.0845	0.306018	0.476321	0.411871	0.0903969
20398	0.134846	0.155698	3.45459	1.77097	0.512644	1.00665	-2.97404	3.94622	1.7803	0.451141	12.8877	0.380024	0.479849	0.40825	0.0903889
20399	0.116442	0.166342	4.00745	1.82439	0.45525	1.05	-2.99775	4.01156	1.79929	0.448528	11.4872	0.435765	0.451887	0.408648	0.0905815
20400	0.287774	0.19199	3.70314	1.78802	0.48284	1.00519	-2.97262	3.92088	1.76532	0.450236	19.4578	0.257345	0.466073	0.413474	0.0902655
20401	0.237752	0.216586	3.61002	1.81894	0.50386	0.905812	-3.02117	3.99522	2.01549	0.504474	23.4885	0.223152	0.504183	0.406113	0.0909727
20402	0.185629	0.163069	3.87419	1.75032	0.451789	1.07999	-2.97898	4.22927	1.97068	0.465962	12.3425	0.399939	0.459186	0.398904	0.0911268
20403	0.199568	0.167053	3.74549	1.7921	0.478468	1.11809	-2.93261	3.88488	1.98909	0.512007	11.388	0.421845	0.495544	0.388591	0.0915946
20404	0.16475	0.194379	3.60753	1.67918	0.465465	1.15758	-2.88229	4.02679	1.98422	0.492755	9.60319	0.492851	0.479859	0.392578	0.0915252
20405	0.0623123	0.101453	3.6633	1.67535	0.457333	1.07441	-2.95426	3.99553	2.0121	0.503587	9.11542	0.512174	0.481464	0.387768	0.0920344
20406	0.0754494	0.111919	3.73364	1.78104	0.477024	0.956637	-2.95682	3.90482	1.92959	0.494155	12.1278	0.388246	0.485781	0.3883	0.0919249
20407	-0.0201854	0.0555006	3.82434	1.7343	0.45349	0.997561	-2.95033	3.67246	1.76903	0.4817	8.72267	0.517904	0.467309	0.392122	0.0922241
20408	0.0295089	-0.00519934	3.87141	1.75054	0.452171	1.15331	-2.86717	3.99236	1.98534	0.497286	6.48563	0.631464	0.475075	0.354171	0.0924534
20409	0.0171384	0.0272203	3.75127	1.81953	0.485044	1.18296	-2.80758	4.0732	1.99856	0.490662	5.91268	0.679566	0.487968	0.344885	0.0925817
20410	-0.0871124	-0.0622395	3.82112	1.75945	0.460453	1.20876	-2.84919	4.11459	2.14674	0.52174	4.62523	0.839643	0.49223	0.332153	0.0928833
20411	-0.0524952	-0.0892766	3.8207	1.77387	0.464278	1.16379	-2.78208	3.76993	1.87571	0.497545	4.90161	0.739673	0.480801	0.33198	0.0928156
20412	-0.12892	-0.0729345	3.79197	1.97088	0.51975	1.28849	-2.77156	3.99214	1.84395	0.461895	3.62489	1.00452	0.490079	0.323178	0.0927499
20413	-0.0176312	0.0149097	3.98937	2.03585	0.510318	1.19684	-2.78594	3.75537	1.91462	0.509835	5.3187	0.737472	0.510084	0.331861	0.0933074
20414	0.0357582	0.0246021	3.94019	1.92899	0.489567	1.20328	-2.82467	4.02786	2.0001	0.496566	5.95575	0.681558	0.493105	0.340724	0.0933039
20415	0.0352159	-0.000698811	3.91413	1.92804	0.492584	1.17161	-2.85906	4.00968	1.9809	0.494029	6.3267	0.645693	0.493315	0.343313	0.0934926
20416	0.0411628	0.0157409	3.85323	1.91645	0.497363	1.16076	-2.86751	4.02628	1.93324	0.480156	6.63197	0.626748	0.48857	0.350703	0.0937267
20417	0.0291564	0.041514	3.93025	2.01253	0.512063	1.09859	-2.88321	3.76657	1.94873	0.517376	7.47932	0.571845	0.514663	0.350702	0.0938802
20418	0.0148254	0.0531798	3.88213	1.98802	0.512094	0.989266	-2.88005	3.79552	1.96212	0.516957	9.06111	0.474768	0.514498	0.352667	0.0938705
20419	-0.0546508	0.0267003	4.04471	1.98479	0.490711	1.04157	-2.87687	3.7596	1.85796	0.49419	7.01561	0.600854	0.492387	0.354321	0.0938991
20420	-0.023168	0.00784428	4.07156	2.09609	0.514813	1.23645	-2.8488	3.6929	1.79592	0.486316	5.14318	0.793321	0.50126	0.344021	0.0938864
20421	0.00426907	0.00755816	3.5837	1.88525	0.526063	1.11835	-2.85477	4.02082	1.72814	0.429798	6.60099	0.620585	0.475163	0.361891	0.0944004
20422	-0.0690855	-0.00279292	3.94325	1.81624	0.460596	1.15094	-2.82263	3.69569	1.7381	0.470304	5.34206	0.744236	0.465293	0.358794	0.0948363
20423	-0.0481968	-0.00660636	3.85701	1.86081	0.482448	1.22724	-2.82197	3.94015	1.89359	0.480589	4.87252	0.813365	0.481509	0.345577	0.0945272
20424	-0.109355	-0.0453713	3.67337	1.85634	0.505351	1.2399	-2.77899	3.78217	1.91763	0.507018	4.10476	0.910245	0.506197	0.331221	0.0952145
20425	0.00899868	0.0315618	3.91042	1.98877	0.508584	1.09231	-2.79394	3.77877	1.78372	0.472036	6.80276	0.586782	0.490623	0.346116	0.0950781
20426	-0.0225253	0.0110805	4.00507	1.87262	0.467562	1.16867	-2.81108	4.0013	1.78946	0.44722	5.61306	0.709468	0.457396	0.352327	0.0953354
20427	-0.0173356	0.0183743	3.73155	1.85157	0.496192	1.19952	-2.80632	3.54604	1.76582	0.497971	5.38844	0.740369	0.497059	0.355546	0.0958097
20428	-0.0227734	0.0326347	3.80975	1.90993	0.501326	1.22567	-2.81627	3.99997	1.87923	0.469811	5.20737	0.779307	0.485185	0.348857	0.0961369
20429	-0.0128042	0.00514153	4.00827	2.0318	0.506903	1.12027	-2.86341	4.12396	1.96373	0.476177	6.40921	0.641933	0.491321	0.339985	0.0963705
20430	0.000928352	0.0407242	3.90392	1.91173	0.489694	1.1708	-2.84838	3.96262	2.14343	0.540912	6.09886	0.684301	0.515494	0.339866	0.0967744
20431	0.0906826	0.0714025	4.0423	1.89721	0.469338	1.20942	-2.78006	4.21812	2.14484	0.508483	6.49653	0.625784	0.489327	0.334727	0.0968953
20432	0.0570141	0.0350905	3.72536	1.90153	0.51043	1.25688	-2.80101	4.30599	2.07361	0.481563	5.58699	0.719841	0.494953	0.33604	0.0969479
20433	-0.0209432	0.0160977	3.95132	1.83217	0.463686	1.12417	-2.847	4.12017	1.92797	0.467934	6.2514	0.65564	0.465855	0.352871	0.0970669
20434	-0.0718876	-0.0107515	4.14381	1.84277	0.444703	1.19206	-2.84327	4.09493	1.94754	0.475597	5.02217	0.798777	0.460059	0.346173	0.0975515
20435	-0.000381139	0.0229651	4.10838	1.99573	0.485771	1.13904	-2.84461	4.0854	2.02366	0.495339	6.33376	0.649139	0.490541	0.338499	0.0981787
20436	0.00897296	0.0668567	4.11961	1.85471	0.450215	1.09713	-2.86629	3.87348	2.0835	0.537889	7.26587	0.59204	0.492702	0.353345	0.0987584
20437	0.143674	0.115863	3.8884	1.88413	0.484552	1.15396	-2.87349	3.96064	1.94189	0.490297	8.75515	0.51034	0.487451	0.368768	0.0990563
20438	0.121048	0.0849364	3.73028	1.78867	0.4795	1.02102	-2.90997	3.81846	1.86103	0.487376	11.0741	0.404975	0.483484	0.380692	0.0991854
20439	0.176329	0.136425	4.03105	1.84372	0.457381	1.04774	-2.95234	3.73842	1.85452	0.496071	12.5637	0.379682	0.475997	0.392191	0.0994317
20440	0.153319	0.115702	3.73288	1.83928	0.492723	0.951932	-3.01973	3.88931	1.87389	0.481805	15.4142	0.318892	0.487152	0.398398	0.099774
20441	0.0393341	0.0663576	3.85493	1.86359	0.483431	1.07315	-2.96669	3.99471	1.80641	0.452201	8.60749	0.534383	0.467538	0.385362	0.100018
20442	0.0379251	0.0717535	3.61745	1.6361	0.452281	1.08655	-2.94339	3.92908	1.89647	0.482676	8.2675	0.54981	0.468106	0.391616	0.0999543
20443	0.0900847	0.117115	3.78276	1.70854	0.451666	1.02555	-3.02448	3.81439	1.74547	0.457603	11.2783	0.437549	0.454647	0.416813	0.099942
20444	0.101471	0.181821	3.74841	1.74591	0.465773	0.956217	-3.00413	3.83749	1.89746	0.494453	13.8933	0.365296	0.480281	0.410669	0.0999886
20445	0.258995	0.239186	3.95376	1.90473	0.481752	1.03055	-3.00694	3.79044	1.96345	0.517999	17.7012	0.297645	0.499493	0.405246	0.100633
20446	0.226288	0.24092	4.14183	1.85348	0.447503	1.06621	-2.97044	3.80683	1.95807	0.514356	14.6184	0.352735	0.47952	0.403612	0.100806
20447	0.228354	0.276462	3.99269	1.88928	0.473185	1.04176	-2.99076	4.26218	1.94082	0.455358	16.134	0.330815	0.463981	0.410765	0.101088
20448	0.28435	0.280431	3.79594	1.85168	0.487805	1.09359	-2.97752	3.95271	1.92538	0.487103	16.2083	0.327433	0.487447	0.412767	0.101064
20449	0.389094	0.340449	3.85108	1.92141	0.498927	1.08547	-2.95038	3.93821	1.88927	0.479728	22.3319	0.242469	0.48922	0.415489	0.10101
20450	0.397889	0.355262	4.00071	1.9841	0.495938	0.916264	-2.99775	3.74835	1.79837	0.479777	41.8391	0.134356	0.488121	0.426424	0.100621
20451	0.40708	0.435282	3.76859	1.87944	0.498712	0.999652	-3.00298	3.70635	1.85566	0.500669	33.6661	0.175571	0.499683	0.441855	0.100596
20452	0.400222	0.379977	3.96654	1.90776	0.480962	0.913608	-3.05127	3.85943	1.86814	0.484044	44.6703	0.131782	0.482482	0.438173	0.100887
20453	0.386753	0.363654	4.13656	2.01601	0.487363	0.950103	-3.09004	3.84304	2.00267	0.521116	37.5845	0.158682	0.503619	0.426081	0.100557
20454	0.428587	0.405715	3.74261	1.85485	0.495604	0.939389	-3.08173	3.90033	1.97911	0.507421	46.6131	0.13046	0.501635	0.442418	0.100635
20455	0.379527	0.432233	3.77553	1.83434	0.485848	0.899742	-3.13536	3.81464	1.76944	0.463854	47.031	0.135312	0.474794	0.469041	0.100833
20456	0.389008	0.358766	3.68622	1.87776	0.509399	0.934862	-3.14574	3.74029	1.86839	0.499532	41.2194	0.148978	0.504429	0.450557	0.100832
20457	0.385951	0.368419	3.54452	1.91353	0.539855	0.933974	-3.12237	4.08335	1.939	0.474854	40.5742	0.150165	0.505059	0.4417	0.100534
20458	0.310166	0.296194	3.67747	1.86498	0.507138	0.977711	-3.09815	3.79765	1.83573	0.483386	25.8553	0.222808	0.495071	0.437799	0.100669
20459	0.26677	0.317722	3.82648	1.79238	0.468415	0.882964	-3.13433	4.10137	1.79005	0.436451	31.3849	0.189847	0.451879	0.454155	0.101024
20460	0.379792	0.38221	3.90883	1.89869	0.485744	0.849094	-3.13439	3.82055	1.89237	0.495313	56.1492	0.110122	0.490474	0.449312	0.10151
20461	0.352587	0.338109	3.63177	1.70995	0.47083	1.01581	-3.05448	3.93635	1.84628	0.469035	26.1667	0.21993	0.469896	0.447369	0.101836
20462	0.400693	0.395852	3.74084	1.75625	0.46948	0.861971	-3.05451	3.62574	1.84797	0.50968	55.9504	0.106389	0.489266	0.452409	0.101807
20463	0.434477	0.44424	3.8337	1.82985	0.477306	1.10255	-2.91905	3.93598	1.82861	0.464589	25.3444	0.22316	0.470864	0.436101	0.102064
20464	0.494199	0.425983	3.78776	1.81053	0.477994	1.08827	-2.9258	3.68587	1.90578	0.51705	31.8328	0.17646	0.497256	0.430566	0.10288
20465	0.463398	0.391809	3.94585	1.88372	0.477392	0.991151	-2.90024	3.93092	1.97865	0.503355	38.9109	0.139262	0.490349	0.4124	0.102708
20466	0.313601	0.358823	4.00192	1.88945	0.472137	1.10315	-2.88695	3.95965	1.77712	0.448808	16.8996	0.311694	0.460534	0.418157	0.103165
20467	0.342825	0.287107	3.6966	1.77533	0.48026	1.07079	-2.89432	4.03797	1.95853	0.485028	19.0995	0.264968	0.482749	0.40406	0.10293
20468	0.268291	0.309795	3.55915	1.77427	0.498509	1.11227	-2.91308	3.97913	1.93679	0.486736	14.5822	0.35615	0.492295	0.411791	0.103417
20469	0.247719	0.267106	4.07642	1.85714	0.45558	1.11078	-2.8981	3.89734	1.82686	0.468747	13.4499	0.37244	0.462015	0.404836	0.103735
20470	0.150833	0.189231	3.87866	1.76301	0.454541	1.138	-2.90097	4.03989	1.92909	0.477511	9.79925	0.48725	0.46626	0.39281	0.104237
20471	0.212026	0.196488	3.8287	1.84834	0.482759	1.06914	-2.91056	3.96768	2.0662	0.520758	13.1407	0.367324	0.502097	0.38151	0.104223
20472	0.144022	0.117633	3.81859	1.91024	0.500247	0.989065	-2.94453	4.18369	2.03671	0.486821	13.131	0.357049	0.493228	0.372736	0.10403
20473	0.0245944	0.0562779	3.98916	1.8915	0.474161	1.01563	-2.93619	3.86469	1.90287	0.492374	9.11752	0.491079	0.483123	0.371189	0.104561
20474	0.0781359	0.074645	3.77213	1.84683	0.489598	0.988956	-2.92674	3.85254	1.94704	0.505389	10.8587	0.414797	0.497577	0.372611	0.104499
20475	0.118086	0.0760753	3.84555	1.82167	0.473708	1.04931	-2.94986	3.96907	1.78144	0.448832	10.5586	0.433592	0.461074	0.388611	0.10493
20476	0.0581038	0.0867006	3.56859	1.82113	0.510323	0.929454	-3.04156	3.78663	1.84535	0.487332	12.889	0.379626	0.498487	0.400334	0.105146
20477	0.11241	0.0557783	3.81993	1.7728	0.464092	0.980765	-3.04756	4.01832	1.82334	0.453757	12.7722	0.37702	0.458794	0.401145	0.1051
20478	0.0125675	0.0599861	3.75787	1.83729	0.488918	0.927397	-3.06792	3.78252	1.91533	0.506365	11.6903	0.418457	0.49767	0.394718	0.105468
20479	0.0939091	0.115063	4.08869	1.90353	0.465559	0.931944	-3.07636	3.82938	1.99445	0.520828	14.5026	0.351151	0.492289	0.395245	0.105878
20480	0.133439	0.136359	4.08648	1.91222	0.467938	0.938361	-3.09334	3.8511	1.90221	0.493939	16.0996	0.323949	0.480553	0.406173	0.106261
20481	0.17814	0.161198	3.80809	1.7996	0.472572	0.876144	-3.067	3.78165	1.91548	0.506519	21.3897	0.243605	0.489486	0.41233	0.106626
20482	0.143403	0.162769	3.80766	1.80937	0.475191	0.749403	-3.18557	3.91901	2.03553	0.5194	30.5291	0.183618	0.497614	0.421745	0.106618
20483	0.1004	0.0870295	3.58889	1.74968	0.487526	0.793544	-3.18209	3.77031	1.73797	0.460961	22.2441	0.240225	0.473916	0.433895	0.106536
20484	0.179764	0.103762	3.50701	1.72155	0.490888	0.986593	-3.12281	3.83573	1.85443	0.483462	15.9926	0.325487	0.487008	0.42136	0.10618
20485	0.0361221	0.0409527	3.75539	1.77884	0.473675	0.920142	-3.08376	3.61332	1.88152	0.520717	12.4939	0.390746	0.496743	0.400192	0.106143
20486	0.0524042	0.0427131	3.91814	1.78587	0.455794	0.907687	-3.04086	3.94464	1.88965	0.479043	12.9984	0.365754	0.467458	0.392859	0.106219
20487	0.00799729	-0.00758299	3.7027	1.89092	0.510688	0.861743	-3.04054	4.05053	1.87793	0.463626	12.6204	0.364441	0.486101	0.379072	0.106296
20488	0.0234626	0.0136231	3.80618	1.86421	0.489785	0.988339	-3.03754	3.93418	1.92997	0.490564	9.9997	0.465493	0.490181	0.380314	0.106968
20489	-0.0361525	-0.00108203	4.20027	1.78801	0.425689	0.972331	-3.03477	3.93754	2.01044	0.510583	9.04909	0.50852	0.466766	0.377346	0.107161
20490	-0.0175832	-0.0202564	3.57145	1.88503	0.527804	0.951869	-3.06055	3.95001	2.02775	0.513354	9.83505	0.469919	0.520215	0.371418	0.107406
20491	0.026003	-0.00208408	3.59051	1.70826	0.475771	0.927847	-3.08615	3.81431	2.00936	0.526795	11.6946	0.406661	0.502054	0.390222	0.107757
20492	0.00597197	0.0156255	3.86659	1.83181	0.473753	0.94209	-3.06227	3.89581	1.96019	0.503152	10.8105	0.438159	0.488508	0.38457	0.107669
20493	0.0733434	0.0386392	3.97636	1.8476	0.464646	0.926919	-3.04868	4.15818	1.98318	0.476935	13.0822	0.364296	0.470928	0.38361	0.108084
20494	-0.0171096	0.0278909	3.93908	1.9806	0.502807	1.13389	-2.95486	3.68694	1.81636	0.492646	6.71554	0.662405	0.497894	0.369514	0.108421
20495	0.0676565	0.07736	4.21475	1.8333	0.434974	1.00992	-3.03618	4.01548	1.96361	0.48901	10.9186	0.443929	0.461338	0.389727	0.10866
20496	0.0867097	0.109438	3.94602	2.00126	0.507158	0.897948	-3.13021	3.89834	1.97533	0.50671	15.9477	0.329054	0.506935	0.397644	0.108974
20497	0.137084	0.145568	3.66546	1.99094	0.543164	0.857656	-3.12237	4.20001	2.01814	0.480507	20.568	0.259612	0.509706	0.399862	0.108784
20498	0.0876684	0.0906991	3.65538	1.89652	0.518829	0.78548	-3.14407	3.88746	2.0059	0.515992	21.4887	0.24347	0.517367	0.401438	0.109326
20499	0.0748682	0.127825	3.45755	1.93863	0.560694	0.81709	-3.17513	3.87541	1.96758	0.507708	19.8033	0.275447	0.532691	0.411268	0.109493
20500	0.0350495	0.127128	3.8262	1.89206	0.494502	0.752245	-3.1792	3.89391	1.85904	0.477423	21.2529	0.257184	0.485888	0.42161	0.109631
