cycle	Zbar1	Gbar1	VP1	VG1	h21	Zbar2	Gbar2	VP2	VG2	h22	h2b	h2b_denom	h2w	Qst	Fst
20000	-0.166044	-0.148956	3.86923	1.77794	0.459508	3.79323	-0.192898	3.71732	1.84803	0.49714	0.000123177	7.83795	0.477947	0.00013318	0.000386152
20001	-0.193373	-0.187466	4.00912	2.04192	0.509319	3.67711	-0.297749	4.09644	1.78925	0.436782	0.000811873	7.49032	0.47266	0.000793412	0.000654451
20002	-0.0507474	-0.141076	3.81081	1.96391	0.515352	3.65002	-0.3679	4.22679	1.81172	0.428628	0.0037566	6.84784	0.469746	0.00339679	0.000879708
20003	-0.169837	-0.180455	3.58823	1.71509	0.477976	3.62353	-0.442814	3.73547	1.9819	0.530561	0.00478346	7.19482	0.504797	0.00463537	0.00105666
20004	-0.147306	-0.156341	3.60468	1.7227	0.477906	3.49829	-0.467142	4.28133	2.11607	0.494256	0.00726821	6.64518	0.486783	0.00625466	0.0012082
20005	-0.134235	-0.183418	3.90375	1.7505	0.448414	3.47822	-0.545007	4.30063	2.10231	0.488837	0.0100191	6.5249	0.469603	0.00841667	0.00142089
20006	-0.170577	-0.193825	3.74126	1.78273	0.476505	3.37992	-0.592811	4.04149	1.92083	0.475277	0.012628	6.30303	0.475867	0.0106368	0.00166948
20007	-0.120754	-0.222459	3.89729	1.7772	0.456008	3.39213	-0.607534	4.01683	1.90887	0.475219	0.0120161	6.17017	0.465758	0.00996179	0.00192461
20008	-0.282058	-0.242808	3.98372	1.81508	0.455625	3.45234	-0.621847	3.78616	1.89167	0.499628	0.0103021	6.97287	0.477067	0.00960154	0.00214956
20009	-0.196092	-0.253103	4.05041	1.82268	0.449999	3.35233	-0.664827	3.85855	1.77541	0.460124	0.013463	6.29563	0.454939	0.0116469	0.00245286
20010	-0.27291	-0.335433	3.91697	1.81279	0.462806	3.33525	-0.661926	3.77048	1.8142	0.48116	0.00818797	6.50942	0.471808	0.00729756	0.00280172
20011	-0.343629	-0.374339	3.95927	1.85418	0.468314	3.37837	-0.608185	4.08288	2.00882	0.492009	0.00394736	6.92665	0.480344	0.00352824	0.00307059
20012	-0.426187	-0.397345	4.00418	1.97832	0.494065	3.44979	-0.602449	4.09345	2.01048	0.491145	0.00280017	7.51161	0.492589	0.00263099	0.00326839
20013	-0.384227	-0.379444	4.02494	1.91564	0.475943	3.25634	-0.736253	4.27353	2.20697	0.516429	0.0096058	6.62685	0.496792	0.00766502	0.00353367
20014	-0.337528	-0.310406	3.89259	1.86194	0.478329	3.06532	-0.876873	4.03369	2.01515	0.499581	0.0277118	5.78968	0.489144	0.0202816	0.00374929
20015	-0.29494	-0.255403	3.87072	1.8311	0.473064	3.24378	-0.841513	3.99017	1.92168	0.481603	0.0274326	6.26127	0.477399	0.0223837	0.00402714
20016	-0.222606	-0.227852	4.04646	1.86568	0.461065	3.02646	-0.931826	3.68444	1.77035	0.480494	0.0469456	5.27823	0.470324	0.0329674	0.00423416
20017	-0.0638689	-0.116928	3.67983	1.85247	0.503412	3.03668	-0.942361	3.74149	1.95716	0.523096	0.070874	4.8067	0.513336	0.0428186	0.00451405
20018	-0.187989	-0.185257	3.94431	1.96056	0.497062	3.01547	-0.903142	3.69422	1.90514	0.515708	0.0502191	5.13109	0.50608	0.0322695	0.00472668
20019	-0.113894	-0.170017	3.85606	1.91028	0.495395	3.02088	-0.98221	3.96663	1.96635	0.495723	0.0671284	4.9134	0.495561	0.0408244	0.00501832
20020	-0.220463	-0.189763	3.90109	1.98073	0.507736	2.89304	-1.07578	4.10882	1.89464	0.461116	0.0809808	4.84695	0.483822	0.0482236	0.00514007
20021	-0.130869	-0.166661	3.77558	1.89988	0.503201	2.87828	-1.0992	3.98765	1.92935	0.483831	0.0960379	4.52749	0.493252	0.0537505	0.00534776
20022	-0.30005	-0.253071	3.95321	1.81087	0.458077	2.91106	-1.0669	3.52605	1.8274	0.518256	0.0642329	5.15562	0.486448	0.0435504	0.00550134
20023	-0.229989	-0.239724	4.04016	1.96735	0.48695	2.9489	-1.05295	4.07916	1.92677	0.472345	0.0654446	5.05268	0.479612	0.0407479	0.00570013
20024	-0.260014	-0.270618	4.08448	2.08472	0.5104	2.87939	-1.14046	3.99572	1.9137	0.478938	0.07677	4.92791	0.494842	0.0451928	0.00610492
20025	-0.270502	-0.232592	3.77635	1.90912	0.505546	2.88435	-1.16508	4.00568	1.96991	0.491778	0.0873622	4.97655	0.498459	0.0530915	0.00639211
20026	-0.208821	-0.235649	3.80438	1.76235	0.463241	2.9344	-1.09366	3.91337	1.94653	0.497405	0.0745138	4.93992	0.480564	0.0472997	0.00657294
20027	-0.213223	-0.212815	3.95916	1.82699	0.461458	2.94486	-1.14598	3.73842	1.89942	0.508081	0.0873107	4.98675	0.484101	0.055222	0.00680956
20028	-0.264248	-0.210364	3.6419	1.74599	0.479417	2.85299	-1.17496	3.78342	1.87146	0.494648	0.0957525	4.85859	0.487177	0.0604459	0.006979
20029	-0.191287	-0.194085	3.95252	1.82664	0.462147	2.82717	-1.20005	3.95083	1.99464	0.504864	0.11107	4.55555	0.483501	0.0621242	0.00717649
20030	-0.178007	-0.168476	3.37664	1.66627	0.493469	2.85589	-1.1842	3.72655	1.83211	0.491637	0.112084	4.60227	0.492508	0.0686957	0.00755195
20031	-0.251287	-0.174857	3.98399	1.69711	0.425984	2.85605	-1.20079	4.05181	1.89285	0.467162	0.10901	4.82776	0.446746	0.0683241	0.00780518
20032	-0.0613669	-0.103959	3.92035	1.72136	0.439083	2.87374	-1.17727	3.85613	1.87846	0.487137	0.133722	4.30742	0.462912	0.0741113	0.00806399
20033	-0.127122	-0.0437378	3.93566	1.77101	0.449991	2.6764	-1.23828	4.04357	2.03302	0.502779	0.181549	3.92987	0.476742	0.0857764	0.00832366
20034	0.00988988	-0.0481194	4.01049	1.97818	0.493251	2.66203	-1.2832	4.23383	2.08011	0.491307	0.216869	3.51693	0.492253	0.0859371	0.00860543
20035	-0.0583029	-0.0116427	4.10419	1.94661	0.474297	2.74503	-1.28352	4.16432	1.92102	0.461305	0.205845	3.92934	0.467754	0.0947086	0.0089798
20036	0.0443397	-0.0157029	4.00916	1.8811	0.469199	2.6559	-1.31264	3.90959	1.83538	0.469455	0.246625	3.41012	0.469326	0.101692	0.00923877
20037	-0.0235741	0.00533474	3.49711	1.76858	0.505726	2.68385	-1.34138	3.7458	1.79172	0.478327	0.247422	3.66507	0.491556	0.113016	0.00938982
20038	0.0575858	0.0456704	3.94891	1.79401	0.454306	2.67042	-1.31552	4.08674	1.77317	0.433884	0.271402	3.41346	0.44392	0.11498	0.00974688
20039	0.0622224	0.0485317	3.8176	1.9741	0.517105	2.77189	-1.31165	3.88988	1.73658	0.446435	0.251976	3.67115	0.481438	0.110881	0.0100703
20040	0.0407132	0.0932185	4.06571	1.89333	0.465682	2.74138	-1.2585	3.86552	1.93572	0.500765	0.250514	3.64679	0.482781	0.106628	0.0103468
20041	0.0947592	0.0707214	3.79866	1.86255	0.490318	2.7429	-1.24209	4.03411	1.81338	0.449511	0.245766	3.50633	0.469301	0.104963	0.0106446
20042	0.0623906	0.0505855	4.15496	1.98913	0.478738	2.67899	-1.26316	3.94935	1.76228	0.446219	0.252084	3.4233	0.462891	0.1032	0.0108685
20043	0.0909638	0.0484616	3.99569	2.02126	0.50586	2.77344	-1.26	3.76998	1.79646	0.476517	0.237932	3.59785	0.491615	0.100857	0.0112818
20044	0.104703	0.107774	4.09742	2.00799	0.490062	2.809	-1.24666	3.73582	1.81335	0.485396	0.250845	3.65661	0.487837	0.107203	0.0115357
20045	0.193811	0.165848	3.88887	1.99386	0.51271	2.69012	-1.27871	3.78708	1.9916	0.525893	0.334867	3.11578	0.519214	0.115798	0.0117371
20046	0.217564	0.182712	4.00581	1.79745	0.448712	2.81743	-1.28714	3.79722	1.94199	0.511425	0.319629	3.37966	0.47923	0.126264	0.012122
20047	0.250467	0.221475	4.23011	1.8317	0.433016	2.80867	-1.20724	3.76915	1.79719	0.476814	0.311903	3.27221	0.453653	0.123341	0.0123376
20048	0.258993	0.222721	4.14439	1.92015	0.463313	2.81301	-1.24952	3.68485	1.67998	0.455914	0.332287	3.26149	0.459831	0.130882	0.0125854
20049	0.260507	0.167608	3.53627	1.93953	0.548467	2.72701	-1.27305	3.96694	1.81979	0.45874	0.341163	3.04181	0.501028	0.121337	0.0127809
20050	0.183978	0.147699	3.9356	1.74944	0.444518	2.7709	-1.239	3.90278	1.84301	0.47223	0.287339	3.34609	0.458316	0.118075	0.0128657
20051	0.173017	0.156007	3.74347	1.82113	0.486482	2.64351	-1.22225	4.1044	1.90326	0.463712	0.311239	3.05166	0.474573	0.11314	0.0129999
20052	0.156475	0.141354	4.07048	1.83731	0.451376	2.72053	-1.27555	3.99186	1.97177	0.493949	0.305369	3.2872	0.472455	0.116476	0.0131362
20053	0.113949	0.13153	3.72299	1.97042	0.529258	2.67462	-1.3263	4.18872	2.00761	0.47929	0.32412	3.27853	0.502803	0.117878	0.0133787
20054	0.0914373	0.103461	3.84524	1.81737	0.472628	2.68587	-1.34961	3.9729	2.0708	0.521232	0.31368	3.36554	0.497327	0.119584	0.0134598
20055	0.0627622	0.0887636	3.8167	1.96186	0.51402	2.67554	-1.33547	3.9038	1.90495	0.487972	0.297138	3.41331	0.500849	0.115991	0.0138007
20056	0.00904901	0.0759437	3.99924	1.86531	0.466416	2.6485	-1.30015	3.57433	1.75157	0.490041	0.271814	3.48335	0.477566	0.115792	0.013826
20057	0.163928	0.174544	4.02048	1.95227	0.485582	2.70665	-1.2684	3.99655	1.97031	0.493002	0.322031	3.23273	0.489281	0.117204	0.0142202
20058	0.21178	0.192622	4.19647	1.9839	0.472754	2.70121	-1.30018	4.17801	2.04548	0.489583	0.359588	3.09862	0.48115	0.121522	0.0143254
20059	0.216378	0.219285	3.71649	1.78869	0.481285	2.71311	-1.32792	3.98957	1.86465	0.467382	0.384019	3.11683	0.474088	0.140815	0.014618
20060	0.269144	0.221403	3.75357	1.86794	0.497642	2.65705	-1.36052	4.04589	1.97054	0.487048	0.43887	2.85105	0.492146	0.140205	0.0146362
20061	0.310672	0.215181	3.87186	1.8864	0.487208	2.66878	-1.36536	4.13232	1.89109	0.457633	0.449244	2.78033	0.471939	0.141933	0.0146643
20062	0.0335187	0.0995389	3.97715	1.82133	0.457948	2.67175	-1.37258	3.73169	1.77755	0.476339	0.311359	3.48012	0.466851	0.130902	0.0148528
20063	0.0348133	0.0868928	3.96401	1.91628	0.483421	2.66367	-1.36479	3.89914	1.79644	0.460728	0.304937	3.45545	0.472168	0.124323	0.0150859
20064	0.1255	0.139576	3.78678	1.82911	0.483025	2.54424	-1.4655	3.98315	1.80496	0.453149	0.440363	2.92515	0.46771	0.150612	0.0153242
20065	0.265684	0.196789	3.87066	1.90383	0.491862	2.5519	-1.42309	3.96571	1.87987	0.474031	0.50203	2.61339	0.482839	0.147821	0.015561
20066	0.257752	0.146526	3.88525	1.82405	0.469481	2.57799	-1.49627	3.73297	1.90998	0.511652	0.501306	2.69175	0.490145	0.153101	0.0158962
20067	0.0735238	0.099794	3.79371	1.71014	0.450782	2.43977	-1.47862	3.83291	2.00159	0.522212	0.444963	2.79956	0.486681	0.143755	0.0162853
20068	0.0385617	0.0597264	3.71101	1.94444	0.523965	2.5637	-1.483	4.04366	1.98911	0.491909	0.373258	3.18815	0.50725	0.131446	0.0164525
20069	-0.0680442	0.00869711	4.1364	2.04351	0.494031	2.50503	-1.48738	3.74151	1.98957	0.531757	0.338068	3.31035	0.511949	0.121892	0.016715
20070	0.0505425	0.0388683	4.26392	2.18278	0.511919	2.46914	-1.46259	4.03187	1.92786	0.478155	0.385391	2.9248	0.495509	0.120628	0.0168212
20071	0.0836065	0.0785652	3.90357	2.04646	0.524255	2.5664	-1.42664	4.21073	1.86182	0.442162	0.367545	3.08213	0.481655	0.126636	0.0173394
20072	0.0835133	0.0805993	4.29915	2.17224	0.505272	2.57022	-1.476	3.92835	1.89979	0.483609	0.391835	3.09186	0.494929	0.129552	0.0176471
20073	0.130817	0.0836906	3.83845	2.03302	0.529648	2.44924	-1.57516	3.77304	1.85526	0.491716	0.511954	2.68754	0.510845	0.150395	0.0180475
20074	-0.0126502	0.0416426	3.87528	1.97545	0.509756	2.42663	-1.61696	3.64994	1.91847	0.525617	0.462338	2.97505	0.517449	0.150171	0.0182769
20075	0.149152	0.0393055	4.01201	1.96598	0.490023	2.30126	-1.6349	4.22093	2.06769	0.489866	0.605186	2.31578	0.489943	0.148073	0.018643
20076	-0.0479161	-0.010974	3.94075	1.9861	0.503992	2.22773	-1.70528	3.89213	1.97195	0.506651	0.554336	2.58929	0.505313	0.153553	0.0189108
20077	-0.0154094	-0.0257679	3.99125	2.07633	0.52022	2.2899	-1.71608	3.97421	1.99008	0.500749	0.53762	2.65724	0.510505	0.149475	0.0189012
20078	0.0512478	-0.0111062	3.62893	1.99701	0.550303	2.2637	-1.69528	3.8849	1.9188	0.493912	0.579462	2.44746	0.521147	0.153388	0.0193895
20079	0.0175789	-0.0171936	4.05964	2.07035	0.509983	2.2554	-1.74016	3.87477	1.77211	0.457346	0.592791	2.50393	0.484278	0.161947	0.019438
20080	0.00381549	-0.0135658	3.87979	2.0267	0.522372	2.26445	-1.70721	3.84418	1.86158	0.48426	0.561282	2.55524	0.503404	0.155776	0.0196506
20081	0.0113046	0.00631982	3.75284	1.86197	0.49615	2.21119	-1.762	3.85796	1.98047	0.513347	0.646135	2.41974	0.504868	0.169125	0.0201717
20082	-0.0203816	0.0166591	4.27818	1.93822	0.453048	2.08032	-1.79934	3.91538	2.05892	0.525854	0.747316	2.20647	0.487839	0.171065	0.0205188
20083	0.130365	0.0532746	3.87122	1.89541	0.489616	2.19895	-1.78479	3.83264	1.91388	0.499365	0.78954	2.13952	0.494466	0.18156	0.0205811
20084	0.056934	0.0212912	3.56104	1.71984	0.482961	2.21795	-1.82053	3.98037	1.84542	0.46363	0.726399	2.335	0.472758	0.192239	0.0208055
20085	-0.0293792	-0.0304179	3.91152	1.85966	0.475432	2.23144	-1.79684	4.106	1.94367	0.473372	0.610464	2.55564	0.474377	0.170264	0.0210213
20086	0.0038902	-0.0227701	3.94934	1.81	0.458305	2.24347	-1.81603	3.97635	2.00394	0.503966	0.641141	2.50786	0.481213	0.174166	0.0213037
20087	0.0064872	-0.0754894	3.96564	1.92706	0.48594	2.06106	-1.8646	3.72782	1.90323	0.510547	0.758288	2.11063	0.497863	0.172888	0.0213247
20088	-0.106829	-0.0718198	3.8302	1.90865	0.498315	2.17391	-1.84195	3.88047	1.86069	0.479501	0.602361	2.60089	0.488847	0.172133	0.0216251
20089	-0.0735781	-0.0338794	3.74595	1.87771	0.501265	2.05039	-1.83031	3.97202	1.8538	0.466715	0.71536	2.25562	0.483484	0.177846	0.0219423
20090	-0.148214	-0.0986723	3.62588	1.80227	0.497057	2.28115	-1.83092	4.1864	1.97573	0.471941	0.508436	2.9509	0.483598	0.165737	0.0223019
20091	-0.0579869	-0.121234	3.568	1.84234	0.51635	2.17975	-1.8757	3.53786	1.81089	0.511859	0.614715	2.50373	0.514114	0.174067	0.0226212
20092	-0.123124	-0.0678226	3.66968	1.79114	0.488093	2.07598	-1.93924	3.76	1.95999	0.521276	0.724185	2.41803	0.504886	0.189316	0.0230784
20093	-0.108153	-0.112164	3.64994	1.81097	0.496164	1.91527	-1.97541	4.14633	1.86562	0.449944	0.847945	2.04711	0.471583	0.19106	0.0232527
20094	-0.00611643	-0.0813569	3.71794	1.84969	0.497502	1.93388	-2.03373	3.82394	2.04091	0.53372	1.0128	1.88179	0.515866	0.196824	0.0235574
20095	0.00301493	-0.00226147	3.93648	1.93337	0.491142	1.88914	-2.03606	4.14471	1.93568	0.467024	1.16272	1.77873	0.478772	0.210986	0.023857
20096	0.0175576	0.0447068	3.88748	1.96898	0.506494	1.95593	-2.08946	4.0423	1.99389	0.493256	1.21222	1.87865	0.499746	0.223288	0.0241028
20097	-0.0342456	0.0336347	4.23989	1.93094	0.455423	1.79208	-2.16369	4.00665	1.87727	0.468539	1.44753	1.66774	0.461795	0.240767	0.0245292
20098	0.100682	0.0834007	4.08657	1.89655	0.464094	1.87587	-2.13993	3.93607	1.96204	0.498475	1.56863	1.57564	0.480962	0.242673	0.0247343
20099	0.106884	0.0878848	3.75247	1.87577	0.499875	1.68243	-2.20551	4.32863	1.99084	0.459924	2.11882	1.24118	0.478475	0.253865	0.0251092
20100	0.0827538	0.0562246	3.96192	1.86688	0.471205	1.72793	-2.2235	4.06583	1.95347	0.48046	1.92017	1.3533	0.475893	0.253879	0.0253755
20101	0.0503687	0.0521619	3.77345	1.83725	0.486888	1.8279	-2.20755	3.98515	2.01293	0.505109	1.61612	1.5798	0.496247	0.249096	0.0252966
20102	0.0615365	0.0346285	3.73298	1.90415	0.510087	1.67841	-2.25693	3.76343	1.98241	0.526755	2.00868	1.30713	0.518455	0.252589	0.0254962
20103	-0.0147555	0.026928	3.77041	1.9026	0.504613	1.63972	-2.36141	3.93134	2.00941	0.511127	2.08388	1.36864	0.507938	0.267245	0.0257972
20104	-0.0030701	-0.0313416	4.34368	2.04182	0.470068	1.71018	-2.29851	3.69462	1.89341	0.512479	1.75115	1.46762	0.489561	0.246252	0.0260752
20105	0.0103424	-0.072033	4.11295	2.08344	0.506556	1.75013	-2.27294	4.08599	2.02588	0.49581	1.60034	1.51342	0.501201	0.227705	0.0260534
20106	-0.252063	-0.130133	3.70801	1.87414	0.50543	1.68351	-2.27093	3.76418	1.94025	0.51545	1.22331	1.87321	0.510478	0.231082	0.0262247
20107	-0.14082	-0.135532	3.88851	1.75857	0.452249	1.72111	-2.29855	4.00619	1.86582	0.465734	1.34957	1.73339	0.459092	0.244074	0.0267841
20108	-0.112608	-0.0800998	3.93081	1.81774	0.462434	1.71179	-2.2957	4.05896	1.96223	0.483431	1.47483	1.66421	0.473101	0.245184	0.0273233
20109	-0.0429118	-0.0657489	4.03301	1.80803	0.448307	1.58285	-2.39752	4.2088	1.92531	0.457448	2.05711	1.32155	0.452975	0.267011	0.0274321
20110	-0.0680955	-0.115611	3.44489	1.76855	0.513382	1.54981	-2.44694	3.98182	1.88676	0.473844	2.07635	1.30881	0.492184	0.271091	0.0276875
20111	-0.000406268	-0.0112833	3.76217	1.79301	0.47659	1.5029	-2.47217	3.69412	1.92701	0.521644	2.67973	1.12996	0.498911	0.289363	0.0278079
20112	-0.185041	-0.126447	4.00071	1.87551	0.468795	1.38682	-2.60449	3.99086	1.89504	0.474845	2.48534	1.23538	0.471816	0.289445	0.0280238
20113	-0.083004	-0.0798063	3.57597	1.82625	0.5107	1.40767	-2.59445	3.8651	1.74066	0.450354	2.84566	1.11106	0.479355	0.307202	0.0283125
20114	-0.116971	-0.136638	3.96371	1.7583	0.443598	1.43647	-2.58774	3.4799	1.82059	0.523174	2.48963	1.20658	0.4808	0.295718	0.0287155
20115	-0.0617624	-0.157013	4.23057	1.83835	0.43454	1.46205	-2.59162	3.76161	1.79806	0.478002	2.55267	1.16101	0.454996	0.289623	0.0290578
20116	-0.187075	-0.157452	4.14438	2.01211	0.485503	1.46429	-2.57221	3.54253	1.91498	0.540566	2.13826	1.36351	0.510879	0.270815	0.0291028
20117	-0.173913	-0.174689	4.05478	1.98259	0.488951	1.38164	-2.57844	3.80104	1.94395	0.511425	2.38787	1.20986	0.499825	0.269041	0.0292906
20118	-0.154387	-0.172277	4.03214	1.92888	0.478377	1.32155	-2.64974	3.9901	1.92596	0.482684	2.8176	1.08919	0.480519	0.284825	0.029664
20119	-0.132466	-0.210603	4.0116	1.907	0.47537	1.37041	-2.70118	3.79472	1.87687	0.494601	2.74632	1.12932	0.484719	0.290797	0.030098
20120	-0.259315	-0.235615	3.81683	1.98104	0.519029	1.32799	-2.65715	3.67523	1.7861	0.485985	2.32737	1.25976	0.502819	0.280233	0.0304958
20121	-0.239643	-0.233003	3.98801	2.04169	0.511958	1.38498	-2.59954	3.72661	1.87967	0.504392	2.12189	1.31969	0.508303	0.263204	0.0306965
20122	-0.187107	-0.176118	4.28901	1.99503	0.465148	1.37703	-2.55281	3.85291	1.80585	0.468698	2.30887	1.22326	0.466828	0.27099	0.0309698
20123	-0.13762	-0.152165	3.97379	1.80581	0.454432	1.421	-2.56943	3.83938	1.83153	0.47704	2.40529	1.21465	0.465541	0.286636	0.0310788
20124	-0.0384814	-0.118341	3.49879	1.70105	0.486183	1.50644	-2.49878	3.71319	1.97086	0.530772	2.37412	1.19339	0.50914	0.278496	0.0312446
20125	-0.0886875	-0.130922	3.86056	1.75723	0.455173	1.48767	-2.51149	3.81389	1.98979	0.521722	2.28061	1.24245	0.488245	0.274466	0.0316599
20126	-0.0408352	-0.0686711	3.72626	1.79742	0.482366	1.34222	-2.62916	3.92133	1.9687	0.502049	3.42741	0.95642	0.492459	0.303339	0.0319545
20127	0.0248111	-0.045749	3.8478	1.80122	0.468116	1.40391	-2.67017	4.02768	1.86557	0.463187	3.62139	0.95096	0.465595	0.319648	0.0323028
20128	-0.152686	-0.0736748	4.17643	1.8519	0.443417	1.36668	-2.68687	3.7491	1.93366	0.515768	2.95814	1.15423	0.477642	0.310915	0.0325397
20129	-0.11064	-0.0482705	3.99407	1.85917	0.465483	1.11368	-2.80775	3.83122	2.01095	0.524884	5.08004	0.749477	0.494565	0.329822	0.0325349
20130	-0.0641694	-0.0246245	3.8831	1.85001	0.476427	1.21892	-2.80877	4.0994	2.19924	0.536478	4.70832	0.823166	0.507266	0.323782	0.0326356
20131	-0.00679325	0.0169791	3.84974	2.04083	0.530121	1.24274	-2.73493	4.40053	2.01358	0.457577	4.85033	0.78067	0.491428	0.318427	0.0330404
20132	-0.06501	-0.0629968	4.35733	1.98374	0.455264	1.23822	-2.69351	3.82506	1.98655	0.51935	4.07417	0.849203	0.485223	0.303587	0.0333268
20133	-0.139348	-0.0672013	3.97815	1.98157	0.498113	1.21988	-2.74416	3.85011	1.88909	0.490658	3.8788	0.923752	0.494447	0.31651	0.0335232
20134	-0.108068	-0.0668576	4.04191	1.90226	0.470634	1.12907	-2.81702	3.85495	1.92854	0.500277	4.94172	0.765261	0.485104	0.330584	0.0339763
20135	-0.025882	-0.0857809	3.93871	1.90521	0.483713	1.13653	-2.83181	4.07457	1.98878	0.488095	5.58071	0.675603	0.485941	0.326312	0.0342962
20136	-0.229696	-0.214544	4.05277	1.90613	0.470329	1.21326	-2.83083	4.00061	2.00462	0.501079	3.28746	1.04107	0.485604	0.304489	0.0347666
20137	-0.139121	-0.163936	3.81911	1.95052	0.510726	1.2471	-2.78106	3.84837	1.84437	0.47926	3.56438	0.960801	0.494933	0.311031	0.0349562
20138	-0.160334	-0.188152	4.08108	1.98119	0.485457	1.30696	-2.76393	4.0838	1.87317	0.458683	3.08166	1.07647	0.472065	0.300968	0.0349479
20139	-0.201426	-0.233368	4.0128	1.97139	0.491274	1.16663	-2.82119	3.86915	1.91418	0.49473	3.57815	0.935793	0.492971	0.301233	0.0351476
20140	-0.372209	-0.292181	3.71498	1.78482	0.480439	1.20392	-2.8269	3.86767	1.92963	0.498913	2.5863	1.24209	0.489862	0.301986	0.0358213
20141	-0.32345	-0.311298	3.79055	1.83338	0.483671	1.22022	-2.80545	4.52877	1.99652	0.440853	2.61057	1.19146	0.460363	0.288899	0.0362024
20142	-0.264884	-0.253957	3.7727	1.98272	0.525545	1.19234	-2.76729	3.78568	1.86365	0.492289	2.97472	1.06175	0.508888	0.29117	0.0365545
20143	-0.157282	-0.240681	3.77002	1.912	0.507161	1.16608	-2.81984	3.73004	1.78182	0.477695	3.79836	0.875647	0.492507	0.310554	0.0369702
20144	-0.301456	-0.290009	3.81094	1.96632	0.515968	1.29444	-2.72383	3.66725	1.90341	0.519029	2.32577	1.27345	0.517469	0.276867	0.0372054
20145	-0.371455	-0.32228	3.97424	1.93895	0.48788	1.26845	-2.7692	4.14811	2.081	0.501675	2.22639	1.34464	0.494925	0.271425	0.0372249
20146	-0.231408	-0.290524	4.1182	2.0308	0.493129	1.22931	-2.75227	4.01915	1.89172	0.470676	2.84023	1.06685	0.482039	0.278727	0.0375988
20147	-0.309568	-0.262266	4.05144	2.10016	0.518374	1.11153	-2.87627	3.79925	2.02133	0.532033	3.3835	1.00976	0.524984	0.293128	0.037642
20148	-0.152726	-0.239475	3.81927	2.0291	0.53128	1.01204	-2.95107	4.06384	1.88312	0.463384	5.41964	0.678341	0.496279	0.31977	0.0379006
20149	-0.213067	-0.196728	3.80737	1.91561	0.503133	1.07111	-3.00029	4.21327	1.88623	0.447688	4.76621	0.824552	0.474007	0.340853	0.0381383
20150	-0.161191	-0.179384	3.79963	1.97681	0.520265	1.01368	-2.93598	3.83887	1.80966	0.471404	5.50507	0.690164	0.495709	0.334202	0.0381873
20151	-0.149669	-0.153103	3.97529	1.92478	0.484186	1.05138	-2.92501	4.15886	1.97632	0.475206	5.32643	0.72126	0.479595	0.330046	0.0383256
20152	-0.179339	-0.129915	3.9107	1.83505	0.469239	1.08151	-2.93478	3.72841	1.83248	0.491493	4.94877	0.794871	0.4801	0.34919	0.0386162
20153	-0.180157	-0.168365	3.84236	1.96617	0.51171	1.07876	-2.88443	4.05444	1.94786	0.480426	4.65461	0.792441	0.495648	0.320387	0.0385358
20154	-0.208762	-0.16762	3.90327	1.92565	0.493343	1.17192	-2.83155	4.16717	1.9698	0.472696	3.72272	0.953139	0.482682	0.313029	0.0388478
20155	-0.0813144	-0.136542	3.76294	1.84077	0.489184	1.1308	-2.87865	3.82199	1.8344	0.479961	5.11776	0.734613	0.484536	0.33851	0.0392502
20156	-0.0822489	-0.0659969	4.11632	1.91349	0.464855	1.20808	-2.81029	3.95801	1.91419	0.483625	4.52333	0.832478	0.474056	0.329818	0.0394077
20157	-0.00427895	-0.00627205	3.98598	1.82676	0.458296	1.23324	-2.85212	3.96683	1.92693	0.485761	5.28835	0.765725	0.471996	0.350507	0.0398704
20158	-0.0319424	-0.0592141	3.94748	1.83826	0.46568	1.11429	-2.87905	3.81305	1.87944	0.492897	6.05201	0.65693	0.479053	0.348523	0.0400289
20159	-0.0943841	-0.116756	3.73211	1.83497	0.491671	1.12011	-2.87407	3.56653	1.89552	0.531473	5.15445	0.737499	0.511121	0.337643	0.0401648
20160	-0.199633	-0.0791653	3.88535	2.01953	0.51978	1.01003	-2.89731	3.90164	1.93137	0.495014	5.42747	0.731643	0.507371	0.334572	0.0407382
20161	-0.168149	-0.109129	4.09518	1.96615	0.480112	1.09209	-2.91281	3.7264	1.86575	0.500684	4.94941	0.794095	0.489913	0.339104	0.0411807
20162	-0.0958618	-0.124353	3.78124	1.79832	0.47559	1.00825	-2.95022	3.96241	1.89242	0.477593	6.55054	0.609532	0.476615	0.351149	0.041448
20163	-0.148727	-0.147447	4.16846	2.07102	0.49683	1.0141	-2.96237	3.67989	1.87576	0.509732	5.86004	0.676086	0.502879	0.334294	0.0418508
20164	-0.192817	-0.18644	4.27969	1.97392	0.461229	1.03414	-2.9196	3.8638	1.72863	0.447391	4.9622	0.752709	0.454664	0.335392	0.0419483
20165	-0.278597	-0.209058	3.77995	1.75358	0.463916	1.21082	-2.84495	4.3052	1.86077	0.432214	3.13201	1.10918	0.447035	0.324699	0.0424275
20166	-0.228382	-0.187111	3.53875	1.87854	0.530847	0.921691	-2.97282	3.75504	1.81452	0.483223	5.86707	0.661333	0.506329	0.344513	0.0423587
20167	-0.248547	-0.156866	3.7856	1.88168	0.497061	1.02348	-2.97408	3.78379	1.86616	0.493197	4.90505	0.809031	0.49513	0.34627	0.0424955
20168	-0.13151	-0.187217	3.41386	1.8001	0.527293	1.06969	-2.94903	3.44412	1.75579	0.509793	5.28636	0.721442	0.518504	0.349185	0.0428271
20169	-0.28814	-0.212523	3.88299	1.89737	0.488635	1.00697	-2.92834	3.90966	1.93025	0.493713	4.39728	0.83866	0.491183	0.325227	0.0431518
20170	-0.238694	-0.172056	3.91791	1.89486	0.483642	1.05315	-2.94606	3.66684	1.94107	0.529357	4.61097	0.834435	0.505743	0.334117	0.0433171
20171	-0.211119	-0.184585	3.81417	1.85956	0.487539	1.0714	-2.93217	3.9292	1.92533	0.490007	4.58959	0.822426	0.488791	0.33284	0.0438763
20172	-0.208335	-0.171709	3.92717	1.9057	0.485261	1.13117	-2.9004	3.78776	2.02869	0.535592	4.1497	0.897142	0.509972	0.321277	0.0440728
20173	-0.114444	-0.133747	3.7301	1.82949	0.490468	1.11082	-2.97136	4.11099	1.94005	0.471918	5.36349	0.750632	0.480743	0.348231	0.0444513
20174	-0.070988	-0.0321848	4.22478	1.97854	0.468317	1.07652	-2.93633	3.96786	2.02868	0.51128	6.40505	0.65839	0.489125	0.344881	0.044502
20175	-0.0248495	-0.00148874	3.77379	1.95968	0.519287	1.07414	-2.93662	4.04891	1.90969	0.471656	7.13293	0.603888	0.494634	0.357695	0.0449032
20176	-0.0619667	-0.0659444	3.95528	1.8961	0.479386	0.973316	-2.96879	4.15207	1.96656	0.473634	7.86196	0.535905	0.47644	0.353025	0.0452956
20177	-0.112544	-0.0954335	4.10751	2.00215	0.487436	0.855329	-3.09399	4.07026	2.0374	0.500558	9.59813	0.46839	0.493968	0.35763	0.0459098
20178	-0.0295017	-0.0347905	3.89437	1.94305	0.498938	0.901695	-3.09919	4.05498	1.97712	0.487579	10.8295	0.433563	0.493144	0.374672	0.0463336
20179	-0.11012	-0.0869159	4.04273	2.04947	0.506953	0.76622	-3.1454	4.0546	1.97763	0.487749	12.1806	0.383986	0.497337	0.36749	0.0467929
20180	-0.0758566	-0.0788925	4.00679	2.04818	0.511176	0.87605	-3.10844	3.77805	1.8936	0.501211	10.129	0.453063	0.50634	0.368049	0.0470623
20181	0.0880875	-0.0242	3.96338	1.93348	0.487835	0.821681	-3.16556	3.9005	1.80189	0.461963	18.3368	0.26908	0.475003	0.397874	0.0472108
20182	0.0313829	0.00158239	3.92587	1.98749	0.506254	0.810405	-3.16834	3.60097	1.89163	0.525312	16.5576	0.303438	0.515372	0.393175	0.0476455
20183	-0.0344622	0.00239798	3.80716	1.98782	0.522126	0.843349	-3.17011	3.99231	2.0109	0.503692	13.0618	0.385277	0.51269	0.38634	0.0479363
20184	-0.196376	-0.112237	3.83903	1.94844	0.507534	0.850779	-3.17516	3.73853	2.11344	0.565313	8.55561	0.548266	0.536041	0.366166	0.0487125
20185	-0.0611131	-0.102205	3.95885	1.99165	0.503088	0.890274	-3.16817	3.92907	2.0124	0.512183	10.3853	0.452569	0.507618	0.369963	0.0493089
20186	0.00563849	-0.0305336	3.88061	1.94036	0.500015	0.739664	-3.22475	3.72657	1.86019	0.499169	18.9367	0.269397	0.4996	0.401731	0.0497036
20187	-0.0489526	-0.0212704	4.14645	2.02804	0.489102	0.666703	-3.25656	4.00534	1.92079	0.479556	20.4371	0.256081	0.484412	0.398679	0.0501012
20188	0.0100897	-0.0272519	4.05803	2.04064	0.502865	0.676249	-3.3022	3.89856	1.89979	0.487305	24.1686	0.221884	0.495241	0.405046	0.050272
20189	-0.0546232	-0.00754161	4.23887	2.01964	0.476457	0.673866	-3.32606	3.99054	1.87108	0.468879	20.7512	0.265348	0.472782	0.41451	0.0509744
20190	0.0591997	-0.00385357	4.01237	1.90676	0.475221	0.595245	-3.32153	3.86524	1.82578	0.472359	38.3059	0.143672	0.473817	0.424494	0.051389
20191	0.0956681	0.0100282	3.96727	1.84594	0.465293	0.6769	-3.30441	3.55249	1.78038	0.501163	32.5178	0.168915	0.482239	0.431083	0.0517678
20192	0.0520768	-0.0202396	3.9386	2.14406	0.544372	0.628834	-3.34236	4.03462	1.87961	0.465871	33.1777	0.166324	0.504649	0.406904	0.0517523
20193	-0.0330156	-0.00915963	4.05987	1.95758	0.482178	0.660777	-3.31396	3.83141	1.90174	0.496356	22.6898	0.240674	0.489062	0.414466	0.0516195
20194	-0.109583	-0.0368059	3.68002	1.80711	0.491058	0.666417	-3.3259	3.87447	1.962	0.506391	17.965	0.301088	0.498922	0.417898	0.0518635
20195	-0.00609354	-0.0278393	3.98251	1.95438	0.490741	0.655591	-3.27692	3.83691	1.92278	0.501128	24.1112	0.218913	0.495838	0.405125	0.052088
20196	-0.0912018	-0.0694844	3.82721	1.85969	0.485913	0.703273	-3.27106	3.98961	1.9706	0.493933	16.2393	0.315595	0.490006	0.400964	0.0524812
20197	-0.144272	-0.183432	3.9358	1.98422	0.504148	0.662695	-3.36284	3.80112	1.94679	0.512163	15.5232	0.325598	0.508085	0.391432	0.0526367
20198	-0.103409	-0.103699	4.27824	2.04268	0.477457	0.74787	-3.3506	3.69206	1.80687	0.489393	14.5477	0.362338	0.482986	0.406525	0.052857
20199	-0.0298359	-0.0633629	4.20216	2.17309	0.517136	0.691111	-3.34972	3.76032	1.70956	0.454633	20.7789	0.259882	0.487619	0.410293	0.0529629
20200	0.019254	-0.0188523	3.90223	2.02197	0.518158	0.677414	-3.38089	3.63891	1.73393	0.476496	26.0941	0.216588	0.498054	0.429467	0.0533277
20201	-0.0789639	-0.0360043	3.95299	1.8677	0.472478	0.69937	-3.33584	4.14406	2.04716	0.494	17.9743	0.302902	0.483493	0.410275	0.0531981
20202	-0.0819305	-0.13519	3.75647	1.84315	0.490659	0.645984	-3.32846	3.8267	2.0321	0.531031	19.2446	0.26493	0.511032	0.396921	0.0534946
20203	-0.146013	-0.154636	4.0338	1.95945	0.485759	0.796352	-3.24565	4.07776	1.99996	0.490457	10.7588	0.444025	0.488121	0.376391	0.0536253
20204	-0.155268	-0.164582	4.08021	1.96726	0.482147	0.607625	-3.29035	4.01649	2.0774	0.517218	16.7876	0.291002	0.499544	0.376641	0.0537506
20205	-0.14458	-0.215754	3.93323	2.05842	0.52334	0.754282	-3.26711	3.96209	2.13946	0.539984	11.5239	0.403977	0.531692	0.356818	0.0539695
20206	-0.216399	-0.238207	4.0003	1.87313	0.468247	0.766331	-3.24095	3.86674	2.00937	0.519656	9.33615	0.482879	0.493515	0.367439	0.054268
20207	-0.274601	-0.207155	3.67618	1.86569	0.507509	0.821162	-3.22493	3.76066	1.70854	0.454321	7.58474	0.600349	0.480613	0.389241	0.0545869
20208	-0.277186	-0.232299	3.94353	1.88456	0.477887	0.839648	-3.21023	3.69041	1.80085	0.487982	7.10973	0.623658	0.482767	0.375728	0.0549364
20209	-0.00274807	-0.0757663	4.30943	1.88946	0.438448	0.765303	-3.23335	3.63532	1.8839	0.518221	16.9016	0.294951	0.47495	0.397918	0.0547169
20210	-0.0467379	-0.0827825	3.78028	1.87968	0.497233	0.790312	-3.20228	3.76795	1.84271	0.489049	13.8888	0.350326	0.493148	0.395364	0.0547946
20211	-0.108417	-0.0825027	3.94173	1.8214	0.462081	0.844446	-3.19421	3.76662	1.80293	0.478661	10.6644	0.453973	0.470183	0.400563	0.0549961
20212	-0.0225081	-0.027978	3.74549	1.92378	0.513624	0.774801	-3.1649	3.60049	1.71831	0.477243	15.4794	0.317851	0.495793	0.403268	0.0551931
20213	0.0345198	0.0301943	3.73666	1.80429	0.482862	0.851355	-3.12964	3.77154	1.76332	0.467534	14.9644	0.333609	0.475163	0.41177	0.0554084
20214	0.0693094	0.0569073	3.98116	2.00085	0.502579	0.924871	-3.1204	3.79848	1.84535	0.485813	13.7917	0.365993	0.494393	0.396323	0.055677
20215	0.125819	0.0820061	4.18221	1.97506	0.472252	0.884786	-3.14146	3.87553	1.82988	0.472162	18.0385	0.288015	0.472209	0.405843	0.0556841
20216	0.035015	0.0647509	4.13372	2.08108	0.503439	0.844051	-3.15188	4.14702	1.97963	0.477361	15.8076	0.32727	0.490379	0.389246	0.055859
20217	0.0640424	0.092215	3.93315	1.89462	0.481706	0.707687	-3.23467	3.84189	2.06082	0.536408	26.7167	0.207139	0.508736	0.411731	0.0560268
20218	0.0544922	0.117021	4.05627	2.04494	0.504142	0.832032	-3.22393	3.64963	1.86618	0.511333	18.4627	0.302284	0.507548	0.416513	0.0567299
20219	0.150248	0.160756	4.13278	2.05144	0.496382	0.816888	-3.24581	3.95234	1.87194	0.473628	26.1126	0.222205	0.485259	0.42523	0.0568057
20220	0.194389	0.156507	3.85127	1.97824	0.513659	0.769614	-3.24019	3.72654	1.87176	0.50228	34.869	0.165442	0.508063	0.42843	0.0570273
20221	0.237417	0.178163	3.64103	2.0145	0.553277	0.821762	-3.16403	3.97035	1.83553	0.462308	32.7133	0.17073	0.505825	0.420525	0.0571985
20222	0.226742	0.147529	3.90402	1.93694	0.496139	0.754458	-3.18502	3.74528	1.77341	0.473507	39.8797	0.139242	0.485058	0.428139	0.0574988
20223	0.106292	0.127572	3.92344	1.88244	0.479794	0.843051	-3.17994	3.88436	1.95255	0.502669	20.1536	0.271407	0.491174	0.416401	0.0576384
20224	0.238851	0.22863	3.89169	1.95642	0.502716	0.874972	-3.14169	4.17563	1.97807	0.473719	28.0714	0.202325	0.487707	0.419321	0.0581535
20225	0.346473	0.229657	4.23687	1.97387	0.46588	0.797202	-3.19796	3.83507	2.07253	0.540415	57.8301	0.101578	0.501292	0.420703	0.0584815
20226	0.267412	0.196537	4.20451	2.15037	0.511444	0.835859	-3.1589	3.86704	2.0705	0.535422	34.8431	0.161566	0.522932	0.40019	0.0590266
20227	0.0786132	0.12256	3.78247	1.98363	0.524426	0.851526	-3.14676	3.97022	1.89097	0.476289	17.8918	0.298697	0.499775	0.408281	0.0592964
20228	0.181135	0.196125	4.06606	1.93565	0.47605	0.850636	-3.178	4.07618	1.80665	0.44322	25.3992	0.224116	0.459615	0.432117	0.0596725
20229	0.168704	0.183259	4.22825	1.84303	0.435886	0.763941	-3.24181	3.69564	1.75634	0.475245	33.11	0.177154	0.454243	0.4491	0.0600842
20230	0.186094	0.162886	3.95262	1.87938	0.475476	0.742524	-3.32027	3.57836	1.74193	0.486795	39.1853	0.154807	0.480854	0.455927	0.0603072
20231	0.239248	0.16333	3.64768	1.71761	0.470879	0.658787	-3.34963	4.02588	1.93987	0.48185	70.1138	0.0880062	0.476635	0.457689	0.0602281
20232	0.100017	0.145498	3.76046	1.81225	0.481921	0.706501	-3.28795	4.14372	1.96251	0.473611	32.0496	0.183911	0.477565	0.438561	0.0607864
20233	0.126131	0.165591	4.18552	1.91555	0.45766	0.768354	-3.2185	4.34268	1.99842	0.460181	27.7659	0.206225	0.458944	0.422584	0.0610909
20234	0.166489	0.145818	3.84199	1.81893	0.473434	0.706842	-3.27345	3.93943	1.8974	0.481642	40.0415	0.145991	0.477589	0.440366	0.0610367
20235	0.272677	0.222734	3.66835	1.75465	0.478322	0.806363	-3.28718	3.73456	1.88014	0.503444	43.2535	0.14241	0.490996	0.458803	0.0611953
20236	0.255394	0.269548	3.49648	1.76142	0.503768	0.746662	-3.33179	3.78693	1.90583	0.503264	53.7392	0.120672	0.503506	0.469383	0.0615058
20237	0.23543	0.21969	4.01204	1.88981	0.471035	0.717128	-3.28102	3.81575	1.86317	0.488284	52.8156	0.116017	0.479443	0.449569	0.061632
20238	0.184026	0.221163	4.0029	1.86468	0.465833	0.768199	-3.19183	3.93079	1.89586	0.482309	34.1341	0.170629	0.473996	0.43655	0.0617053
20239	0.250127	0.237481	3.96945	1.85988	0.468548	0.821466	-3.15968	3.82437	1.91817	0.501565	35.3544	0.163214	0.484749	0.433122	0.0619525
20240	0.282927	0.275265	3.78656	1.80298	0.476153	0.883695	-3.17075	4.01888	1.9327	0.480906	32.9019	0.180461	0.4786	0.442927	0.0619764
20241	0.130295	0.203024	3.75617	1.80355	0.480158	0.867682	-3.12169	3.80607	1.95825	0.514506	20.3291	0.271869	0.497445	0.423621	0.062045
20242	0.196822	0.177467	3.73798	1.73233	0.463441	0.816092	-3.08948	3.57633	1.84794	0.516713	27.8307	0.191748	0.489488	0.427143	0.062329
20243	0.0830681	0.094983	3.76552	1.78777	0.474775	0.937706	-3.0609	3.93855	1.77026	0.449471	13.6357	0.365203	0.461839	0.411815	0.062461
20244	0.0983096	0.0907704	3.44648	1.78911	0.519112	0.817636	-3.1101	3.70321	1.70539	0.460518	19.8009	0.258715	0.488763	0.423081	0.0626181
20245	0.0893955	0.125733	3.66888	1.8403	0.501599	0.807951	-3.12626	4.15302	1.87812	0.452229	20.4823	0.258161	0.475386	0.415674	0.0625665
20246	0.0990908	0.178278	3.8573	1.81965	0.471741	0.812904	-3.17094	4.19406	2.04907	0.488565	22.0149	0.254765	0.480505	0.420368	0.0625069
20247	0.215498	0.196401	3.98043	1.71595	0.431096	0.816253	-3.17903	3.95469	2.07672	0.525127	31.5692	0.180454	0.477959	0.429029	0.0625304
20248	0.148108	0.134866	3.93534	1.82622	0.464056	0.803247	-3.19808	4.32396	2.10083	0.485857	25.8816	0.214604	0.47547	0.414361	0.0628868
20249	0.124431	0.163809	3.83092	1.9339	0.504814	0.908988	-3.19567	3.9541	2.10234	0.531687	18.3355	0.307765	0.518463	0.411556	0.0631378
20250	0.23476	0.186888	4.1589	2.09015	0.502574	0.756984	-3.16021	4.1938	2.09164	0.498747	41.0794	0.136359	0.500653	0.401229	0.0631097
20251	0.263615	0.287396	3.63046	1.7803	0.490379	0.826377	-3.17989	3.84599	2.04851	0.532634	37.9603	0.15835	0.512116	0.439891	0.0630148
20252	0.355186	0.32023	3.71232	1.83248	0.493621	0.742706	-3.25469	3.73499	1.97657	0.529203	85.1031	0.0750857	0.511466	0.45629	0.0631933
20253	0.34984	0.357247	3.69936	1.83406	0.495779	0.804443	-3.1943	4.01421	1.86794	0.465331	61.0337	0.103332	0.479934	0.460109	0.0635155
20254	0.339496	0.370834	3.63542	1.88519	0.518563	0.749926	-3.22855	3.71612	1.82976	0.492384	76.9092	0.0842266	0.50533	0.465895	0.0641756
20255	0.3727	0.365827	3.7776	1.8478	0.489147	0.815037	-3.23226	4.16904	1.90203	0.456228	66.1664	0.0978311	0.471877	0.463391	0.064488
20256	0.352936	0.330372	3.73811	1.77292	0.474283	0.809293	-3.28037	3.93192	1.9168	0.487499	62.6011	0.104131	0.481058	0.469159	0.064681
20257	0.345841	0.36702	3.73518	1.88999	0.505998	0.759409	-3.23655	3.80866	2.00699	0.526955	75.9228	0.0855192	0.516578	0.454589	0.0648692
20258	0.362195	0.331954	3.93634	1.81887	0.462073	0.79039	-3.21207	4.04611	1.86991	0.462149	68.5032	0.0916754	0.462111	0.459945	0.0653735
20259	0.273657	0.239265	4.00784	1.88534	0.470412	0.771817	-3.2933	3.99218	1.99112	0.498756	50.2855	0.124082	0.484557	0.446044	0.0654802
20260	0.1982	0.222786	3.88238	1.91618	0.493558	0.807737	-3.25661	3.93265	2.03324	0.517015	32.5842	0.185768	0.505362	0.433977	0.065801
20261	0.105357	0.170015	3.87499	1.78829	0.461496	0.797956	-3.22417	3.85879	1.82735	0.473556	24.0163	0.239846	0.467513	0.443508	0.0660375
20262	0.106863	0.166207	4.18822	1.81112	0.432431	0.816148	-3.24949	3.94968	1.75462	0.444244	23.1909	0.251542	0.438165	0.450066	0.0662828
20263	0.141208	0.186058	3.69194	1.75894	0.476427	0.722209	-3.1969	3.91305	1.93893	0.495504	33.903	0.168781	0.486243	0.436334	0.0667586
20264	0.211557	0.192732	3.8953	1.9813	0.508639	0.754563	-3.24805	4.15018	2.10843	0.508034	40.1517	0.147428	0.508327	0.419974	0.0672621
20265	0.240923	0.227459	3.86854	2.02497	0.523445	0.728306	-3.31602	4.1288	2.01178	0.487254	52.8591	0.118771	0.504761	0.437574	0.067735
20266	0.188365	0.115825	4.23646	2.0014	0.472424	0.7749	-3.29139	3.8188	1.86282	0.487804	33.7452	0.172012	0.479715	0.429042	0.0681836
20267	0.019413	0.0905933	3.79747	2.03056	0.534713	0.754886	-3.26	4.02297	1.99696	0.496391	20.7543	0.27046	0.514999	0.410797	0.0682119
20268	0.0745677	0.0820459	4.07353	2.08487	0.511809	0.706632	-3.27609	4.05816	1.92895	0.475325	28.2276	0.199753	0.493602	0.412712	0.0685039
20269	0.0662184	0.040967	4.15107	2.14464	0.516648	0.726365	-3.26498	3.98042	2.02033	0.507567	25.079	0.217897	0.512203	0.396263	0.0690737
20270	0.0349757	0.0839499	3.82469	1.98701	0.519522	0.761724	-3.26667	3.94989	1.8565	0.470013	21.256	0.264081	0.494369	0.422165	0.0694678
20271	0.0775163	0.0626849	4.18697	2.09265	0.499801	0.673438	-3.28775	4.16603	1.8887	0.453357	31.61	0.177562	0.476637	0.413568	0.0695904
20272	0.0399533	0.0765499	4.12563	2.07707	0.503456	0.617939	-3.33359	3.82808	1.73973	0.454466	34.8104	0.167034	0.479877	0.432489	0.0696092
20273	0.152952	0.0355265	3.88727	2.028	0.521703	0.679553	-3.3252	3.67888	1.81442	0.493198	40.7289	0.138655	0.507843	0.423705	0.0700885
20274	0.03411	-0.0558159	4.39753	1.96928	0.447815	0.660849	-3.37635	3.80318	1.72554	0.453708	28.07	0.196401	0.450548	0.427399	0.0703837
20275	-0.125636	-0.07451	4.10077	1.91593	0.467212	0.637564	-3.36974	3.87169	1.8236	0.471009	18.6422	0.291237	0.469056	0.420724	0.070639
20276	-0.105912	-0.0972101	3.69159	1.76795	0.478912	0.643653	-3.34371	4.0673	1.94134	0.477305	18.759	0.280924	0.47807	0.41545	0.0710351
20277	-0.00756032	-0.0503127	3.91187	1.89418	0.484213	0.512965	-3.42101	3.85006	1.86964	0.485613	41.9331	0.135473	0.484907	0.430212	0.0713674
20278	-0.0507069	-0.0786975	4.1018	2.07051	0.504779	0.655455	-3.35272	3.66025	1.88456	0.514872	21.4958	0.249332	0.509539	0.404017	0.0714368
20279	-0.13341	-0.0756672	3.67916	2.03198	0.552295	0.653156	-3.29184	3.71718	1.8611	0.500675	16.7189	0.309343	0.526353	0.399246	0.0716378
20280	-0.11591	-0.106974	3.98244	1.96937	0.494514	0.729554	-3.27349	3.91466	1.88628	0.481851	14.0273	0.357404	0.488237	0.394109	0.0719061
20281	-0.0385013	-0.109122	3.85504	1.87193	0.48558	0.657733	-3.32247	3.91377	1.89053	0.483046	21.3012	0.242371	0.484303	0.407034	0.0724833
20282	-0.095723	-0.125776	3.98032	1.83596	0.461259	0.676026	-3.34731	3.86529	1.95061	0.504649	17.425	0.297798	0.482636	0.406721	0.0729066
20283	-0.0452392	-0.116142	3.88915	1.77564	0.456564	0.7361	-3.25265	3.99023	2.04974	0.513689	16.1144	0.305245	0.485493	0.391448	0.0732916
20284	-0.0989879	-0.0686447	3.81927	1.87665	0.491362	0.739598	-3.22408	3.6745	1.7866	0.486215	14.1587	0.351613	0.488839	0.404706	0.0735139
20285	-0.119403	-0.155702	4.01099	1.94941	0.486016	0.739593	-3.24662	3.8292	1.78361	0.465792	12.9477	0.368937	0.476139	0.390295	0.0736031
20286	-0.0968106	-0.137393	3.95063	2.02358	0.512217	0.626056	-3.3077	3.93767	1.7917	0.455015	19.2347	0.261268	0.483663	0.397198	0.0739358
20287	-0.120456	-0.0778021	4.0308	2.02456	0.502274	0.689664	-3.36009	3.88166	1.80799	0.465779	16.4155	0.328147	0.48437	0.412838	0.0743536
20288	-0.0936348	-0.14569	4.07	2.05531	0.50499	0.645041	-3.35928	3.74118	1.63034	0.435782	18.9266	0.272821	0.471843	0.412058	0.0746831
20289	-0.0770014	-0.137575	3.9242	1.85847	0.473592	0.645132	-3.36045	3.8958	1.89473	0.486352	19.9182	0.260738	0.479949	0.409059	0.0751244
20290	-0.121636	-0.14298	3.88512	1.93192	0.49726	0.647364	-3.37793	4.06987	2.03988	0.501215	17.6963	0.295681	0.499283	0.397239	0.075523
20291	-0.252971	-0.217554	3.88007	1.8742	0.483034	0.636195	-3.3526	3.81066	1.94431	0.51023	12.4314	0.395309	0.496509	0.391653	0.0759424
20292	-0.233601	-0.241014	3.95671	1.93952	0.490185	0.567784	-3.33687	3.81777	1.88385	0.493442	14.9238	0.321109	0.491785	0.385375	0.0760544
20293	-0.246271	-0.24513	4.03847	2.04083	0.505346	0.63717	-3.40986	3.93996	1.94981	0.494882	12.8327	0.390234	0.500179	0.385656	0.0763395
20294	-0.308382	-0.298175	3.98122	2.07504	0.521206	0.639789	-3.37281	3.71482	1.93548	0.521016	10.5151	0.449515	0.521114	0.370904	0.0763089
20295	-0.339961	-0.265877	3.84087	1.94648	0.506779	0.585999	-3.37717	4.01271	2.05689	0.512593	11.2901	0.428701	0.50975	0.376871	0.0765762
20296	-0.297098	-0.293185	3.91698	1.9764	0.504573	0.539184	-3.47639	4.10742	1.97554	0.480969	14.4886	0.349683	0.492491	0.390735	0.0768022
20297	-0.27575	-0.223729	3.8315	1.97233	0.514768	0.4575	-3.53005	3.48946	1.85461	0.531488	20.3323	0.268828	0.522737	0.416736	0.0768407
20298	-0.297715	-0.215701	3.73457	1.83134	0.490374	0.546354	-3.4813	3.8608	1.95471	0.506296	14.9683	0.356226	0.498467	0.413327	0.0768679
20299	-0.117793	-0.190377	4.08534	1.93598	0.473885	0.49135	-3.5133	3.86158	2.03019	0.525741	29.7579	0.185528	0.499083	0.410498	0.0769538
20300	-0.147739	-0.18684	4.15748	2.12504	0.511137	0.545269	-3.44587	4.03742	1.91373	0.473999	22.1157	0.24013	0.49284	0.396786	0.0769254
20301	-0.256072	-0.201107	3.7545	1.87813	0.500233	0.562098	-3.38582	3.94588	1.72109	0.436175	15.1514	0.334701	0.467408	0.413434	0.0771329
20302	-0.284105	-0.27204	3.67398	1.80631	0.491648	0.616766	-3.37943	3.725	1.7428	0.467867	11.8978	0.405784	0.479676	0.404939	0.0774965
20303	-0.171026	-0.228584	3.86732	1.81724	0.469897	0.525964	-3.35384	3.57925	1.68933	0.471978	20.1056	0.242898	0.470897	0.41062	0.0779675
20304	-0.31821	-0.222535	4.09178	1.92138	0.46957	0.542909	-3.42981	3.90909	1.82353	0.466485	13.8722	0.370763	0.468063	0.407249	0.0781671
20305	-0.143416	-0.13763	3.94272	1.94135	0.492388	0.641673	-3.32643	3.70851	1.76127	0.474926	16.4974	0.308183	0.483924	0.407202	0.0781284
20306	-0.0651222	-0.0783257	4.14617	1.86922	0.450831	0.66841	-3.28253	3.9868	1.8377	0.460945	19.0811	0.269035	0.455789	0.40925	0.078491
20307	-0.110163	-0.0527756	4.26774	2.02413	0.474287	0.789362	-3.26187	3.76567	1.81651	0.482387	12.7274	0.404572	0.478084	0.401443	0.0789303
20308	-0.0171627	-0.0238021	4.23071	2.13187	0.503903	0.697058	-3.30444	3.72832	1.75474	0.470652	21.0985	0.255056	0.488327	0.409204	0.0791181
20309	0.0385751	-0.0258843	3.82417	1.92623	0.5037	0.674123	-3.27353	3.66242	1.76832	0.482827	26.112	0.201961	0.493489	0.416589	0.0789961
20310	-0.0561328	-0.0376093	3.80206	1.92276	0.505717	0.736342	-3.25349	4.11106	1.81868	0.442386	16.4675	0.314008	0.472815	0.408767	0.0791255
20311	-0.0387234	-0.019987	4.05795	2.01568	0.496725	0.688541	-3.25185	3.76009	1.7886	0.475679	19.7479	0.264456	0.486603	0.407139	0.0793091
20312	-0.0460022	-0.0329861	3.97122	1.98488	0.499816	0.68854	-3.2726	4.0656	1.88842	0.464488	19.4515	0.269776	0.481945	0.403959	0.0796519
20313	0.00757283	-0.0635447	4.11608	2.01126	0.488637	0.78593	-3.22666	3.85297	1.86078	0.482948	16.5148	0.30292	0.485886	0.392584	0.0793788
20314	-0.149383	-0.2285	4.02721	2.03491	0.505289	0.748672	-3.22028	3.57915	1.82119	0.508833	11.0982	0.403251	0.506956	0.367325	0.0796354
20315	-0.09582	-0.203671	3.97333	1.97513	0.497098	0.71052	-3.28363	3.78221	1.94968	0.515487	14.5899	0.325092	0.506066	0.37677	0.0795465
20316	-0.145514	-0.155316	3.87586	2.01814	0.520695	0.683531	-3.33052	3.95906	1.91649	0.484078	14.6686	0.343658	0.502192	0.390582	0.0797152
20317	-0.221143	-0.142541	3.95547	2.06275	0.521494	0.643328	-3.3172	3.83955	1.6505	0.429867	13.4863	0.373655	0.476362	0.404367	0.0798944
20318	0.0312106	-0.072346	4.15929	1.99663	0.480042	0.616731	-3.33072	3.68566	1.69545	0.460014	30.9684	0.171417	0.470633	0.418356	0.0799859
20319	-0.0653159	-0.0976701	3.81877	1.84933	0.484273	0.65389	-3.35587	3.72189	1.84113	0.494675	20.5234	0.258629	0.489407	0.418437	0.080226
20320	-0.104115	-0.102483	4.10568	2.02392	0.492956	0.683468	-3.34435	3.81834	1.76897	0.463283	16.9433	0.310143	0.478657	0.409358	0.0805789
20321	-0.12099	-0.0241839	4.0951	1.98566	0.484886	0.653137	-3.27823	3.7226	1.87361	0.503306	17.6695	0.299636	0.493657	0.406978	0.0809118
20322	0.0677349	0.0193076	4.29942	1.95404	0.454489	0.850087	-3.21025	4.01326	1.96672	0.490055	17.0404	0.306037	0.47166	0.399538	0.0813384
20323	0.0988767	0.0809726	4.08041	1.88257	0.461368	0.819339	-3.14912	3.76107	1.94995	0.518456	20.1005	0.259533	0.48875	0.405091	0.0812172
20324	0.112984	0.0434575	3.74572	1.70695	0.455707	0.820755	-3.16416	4.0737	1.94397	0.477201	20.5389	0.25047	0.466904	0.413451	0.0814726
20325	0.0953786	0.0501909	3.738	1.88777	0.505022	0.774494	-3.18952	3.93609	1.82096	0.462633	22.7576	0.230599	0.48328	0.414471	0.0815799
20326	-0.00955613	0.0248589	4.00789	2.05255	0.512128	0.812522	-3.19201	3.74007	1.79652	0.480344	15.3124	0.337906	0.496785	0.40208	0.0819492
20327	0.0560233	0.0373861	4.3596	2.03483	0.466746	0.872306	-3.16159	3.82966	1.81149	0.473016	15.3582	0.333159	0.469679	0.399572	0.0821351
20328	0.0767414	0.010718	3.7852	2.07778	0.548921	0.554005	-3.34785	3.91746	1.87286	0.47808	49.5212	0.11389	0.512892	0.416625	0.0826998
20329	0.163794	0.110008	4.36514	2.15151	0.492885	0.715832	-3.33004	3.79984	1.82173	0.479421	38.832	0.152373	0.486619	0.426925	0.0829312
20330	0.131192	0.130947	4.29642	2.00649	0.467014	0.582299	-3.3499	4.02954	1.84332	0.457451	59.5402	0.101749	0.462386	0.440468	0.0829605
20331	0.145825	0.167664	3.99839	2.06599	0.516706	0.683863	-3.30078	3.79775	1.82863	0.481504	41.5568	0.144743	0.499558	0.43586	0.0832272
20332	0.191779	0.171544	3.83035	1.85696	0.4848	0.777358	-3.26625	3.83249	1.79222	0.467639	34.4658	0.171452	0.476217	0.447535	0.0832128
20333	0.179151	0.186493	3.89594	1.88521	0.48389	0.816625	-3.18058	3.71414	1.92017	0.51699	27.8985	0.203187	0.500045	0.426996	0.0831792
20334	0.265338	0.215912	3.83827	1.8373	0.478681	0.765727	-3.24809	3.94918	1.9694	0.498685	47.9226	0.125195	0.488825	0.440851	0.0834376
20335	0.280101	0.220603	4.20696	2.00837	0.477392	0.766664	-3.21755	3.80998	1.90357	0.499628	49.9313	0.118372	0.487959	0.430465	0.0836125
20336	0.114777	0.126782	3.59614	1.79544	0.499268	0.735497	-3.23596	3.94856	1.93088	0.489009	29.3491	0.192647	0.493899	0.431507	0.0837127
20337	0.179629	0.199747	4.05349	1.88949	0.46614	0.786057	-3.23439	3.88303	2.02479	0.521445	32.0683	0.183878	0.493198	0.429744	0.0840784
20338	0.129507	0.139195	3.8951	1.741	0.446973	0.78605	-3.22688	3.90589	1.95774	0.501229	26.2858	0.215525	0.474138	0.433818	0.0844692
20339	0.146599	0.124052	3.50665	1.87849	0.535694	0.815745	-3.20337	4.00869	2.01313	0.50219	24.7271	0.223879	0.517823	0.415755	0.0848903
20340	0.0859795	0.101057	4.16551	1.93224	0.463867	0.723181	-3.24415	3.75409	1.95335	0.520325	27.5608	0.203013	0.490629	0.418725	0.085101
20341	0.257828	0.211628	3.92091	1.92096	0.489927	0.798353	-3.21752	3.9956	1.97102	0.493296	40.2477	0.146083	0.491627	0.430432	0.0855151
20342	0.218368	0.20069	4.14422	2.11629	0.51066	0.656872	-3.28273	3.89352	2.03807	0.523451	63.1051	0.0961427	0.516856	0.422157	0.0858541
20343	0.23532	0.192966	4.24416	2.08922	0.492256	0.646578	-3.29261	4.10382	2.11382	0.515087	71.8323	0.0845665	0.503479	0.419619	0.0857847
20344	0.129526	0.176374	3.82707	1.92048	0.501816	0.636418	-3.27584	3.79698	1.95116	0.513872	46.3837	0.12847	0.50782	0.435009	0.0861077
20345	0.0992628	0.170459	3.9959	1.82902	0.457725	0.782409	-3.20541	3.60181	1.81235	0.503178	24.4199	0.233344	0.479273	0.439091	0.0863458
20346	0.143622	0.118126	4.00808	1.84035	0.459159	0.771768	-3.19146	3.87254	1.98991	0.513851	27.7604	0.197284	0.486035	0.417005	0.0865261
20347	0.20631	0.170031	4.01705	1.85483	0.46174	0.777549	-3.26024	3.82185	1.97144	0.515834	36.0597	0.163157	0.488114	0.434772	0.0867557
20348	0.1957	0.225549	3.81074	1.78754	0.469081	0.765117	-3.27085	3.95753	1.90369	0.481029	37.7036	0.162117	0.475168	0.453067	0.0872043
20349	0.246104	0.283283	4.14525	1.89519	0.457197	0.743197	-3.20375	3.84649	1.96803	0.511643	49.2082	0.123551	0.483402	0.440485	0.0876335
20350	0.274856	0.26121	3.72374	1.89648	0.509294	0.930308	-3.13945	3.86596	2.01053	0.520059	26.9181	0.214809	0.514777	0.425405	0.0874972
20351	0.374369	0.331718	4.0074	2.09571	0.52296	0.838741	-3.13169	3.9904	1.99271	0.499376	55.6256	0.107821	0.511193	0.423249	0.087613
20352	0.485711	0.41416	4.02032	1.98401	0.493497	0.946616	-3.09062	4.14203	1.85136	0.446968	57.8227	0.106217	0.469886	0.444775	0.0880692
20353	0.360158	0.389886	4.22046	1.90308	0.450919	1.04517	-3.00473	3.85895	1.80523	0.467802	24.5576	0.23462	0.458983	0.437334	0.0880081
20354	0.402077	0.384857	4.04936	1.90458	0.470342	1.01568	-3.00952	3.89827	1.94742	0.499561	30.6018	0.188254	0.484674	0.427968	0.0883968
20355	0.431169	0.386691	3.72286	1.96249	0.527145	1.08298	-3.02482	3.63743	2.00064	0.550017	27.3935	0.21243	0.538448	0.423476	0.0883093
20356	0.427719	0.38144	3.8414	1.87329	0.487658	0.942743	-3.03245	4.30332	2.01194	0.467532	43.9383	0.132625	0.477024	0.428672	0.0884002
20357	0.325045	0.344549	3.95817	1.97909	0.500002	1.04885	-2.9531	3.93313	1.95953	0.498211	20.7572	0.261946	0.499109	0.408492	0.0884985
20358	0.258414	0.283317	4.32055	1.97647	0.457457	1.18944	-2.87431	3.67859	1.95994	0.532796	11.5027	0.433401	0.492103	0.387835	0.088586
20359	0.231383	0.231854	3.80891	1.92292	0.504848	1.15946	-2.8256	3.84867	1.84	0.478087	10.8529	0.430668	0.491398	0.383238	0.0887385
20360	0.187742	0.187205	3.81949	1.96718	0.515038	1.2679	-2.77986	3.85636	1.97414	0.511917	7.54529	0.583376	0.51347	0.358435	0.0894989
20361	0.0803946	0.10831	3.95647	1.84197	0.465559	1.2277	-2.79399	4.20871	1.99057	0.472966	6.39925	0.658152	0.469377	0.354729	0.0899261
20362	0.138154	0.125155	4.10558	1.94815	0.474513	1.25933	-2.75884	3.80632	1.7972	0.472162	6.61673	0.628517	0.473382	0.357104	0.0902624
20363	0.0670664	0.0771457	3.95235	1.89956	0.480616	1.03374	-2.919	3.80486	1.84339	0.484482	9.60652	0.467227	0.482512	0.374955	0.0907515
20364	0.150286	0.13688	4.01444	1.86656	0.46496	1.16819	-2.85629	4.00137	1.88018	0.469883	8.64676	0.518059	0.467418	0.374253	0.0909353
20365	0.0747943	0.118833	4.08204	1.82736	0.447659	1.11176	-2.90756	3.47051	1.86056	0.536105	8.51765	0.537651	0.488301	0.38317	0.0911245
20366	0.135704	0.148445	3.98823	2.04242	0.512111	1.16078	-2.92435	3.91964	1.9103	0.487366	8.98581	0.525388	0.499846	0.374018	0.0911997
20367	0.205425	0.161369	3.76505	1.93941	0.515108	1.05602	-2.90716	3.61646	1.67992	0.46452	13.0142	0.361753	0.490323	0.394201	0.091727
20368	0.195477	0.129629	3.85535	1.90454	0.494001	1.03151	-2.92154	4.0498	1.93126	0.476877	13.3193	0.349479	0.485228	0.377746	0.0921198
20369	0.116819	0.146506	3.82057	1.83247	0.479632	1.23095	-2.84971	3.92729	1.86545	0.474996	7.23231	0.620641	0.477282	0.377809	0.0924083
20370	0.144175	0.169624	3.60394	1.804	0.500563	1.14454	-2.8373	3.99271	1.86981	0.468307	9.03492	0.500369	0.48361	0.381027	0.0926182
20371	0.21953	0.193126	3.91875	1.71718	0.438196	1.0711	-2.84995	3.72492	2.03015	0.545018	12.7698	0.362587	0.490252	0.381993	0.0931589
20372	0.201751	0.224773	3.99853	1.71394	0.428642	1.113	-2.8729	3.87049	1.92761	0.498027	11.5556	0.415191	0.46277	0.397259	0.0931067
20373	0.117366	0.158038	3.56773	1.7915	0.502139	1.11792	-2.90264	4.21505	1.86522	0.442514	9.35743	0.500553	0.469847	0.39053	0.0938025
20374	0.155872	0.194662	3.8551	1.84284	0.478027	1.14393	-2.87988	3.66164	1.64347	0.448834	9.68268	0.488128	0.463806	0.40412	0.0938287
20375	0.0499564	0.0211994	4.11264	1.90273	0.462655	0.996593	-3.0337	3.70096	1.76576	0.47711	10.4142	0.44806	0.469501	0.388866	0.0939864
20376	0.0839098	0.0470173	3.97545	1.93712	0.487272	0.999367	-2.99975	3.85731	1.95783	0.507565	11.0765	0.419031	0.497265	0.37348	0.0942873
20377	0.0280108	0.0597516	3.9639	1.92193	0.484859	1.04985	-2.95527	3.75121	1.77934	0.474337	8.706	0.522073	0.479743	0.38054	0.0949296
20378	0.0785661	0.0728385	3.92301	1.90091	0.484555	0.982853	-2.96896	3.93072	1.84236	0.468707	11.3148	0.408868	0.476623	0.38205	0.0953951
20379	0.113745	0.142956	3.95763	1.9069	0.481829	0.890594	-3.02473	3.56173	1.81212	0.508776	16.6269	0.301747	0.494593	0.402934	0.0958607
20380	0.128872	0.153181	4.27156	1.97288	0.461864	0.983858	-2.99068	4.05928	1.98495	0.488991	13.521	0.3655	0.475082	0.384477	0.0957841
20381	0.12983	0.179336	3.92947	1.92726	0.490463	1.0155	-3.00129	4.23705	2.06463	0.48728	12.8968	0.392206	0.488812	0.387958	0.0955694
20382	0.260546	0.185666	3.92971	1.92447	0.489725	0.833872	-3.14145	4.05912	2.1115	0.520187	33.677	0.164351	0.505203	0.406892	0.095653
20383	0.204399	0.221254	3.94719	1.94773	0.493446	0.882296	-3.09314	4.14081	1.93542	0.467401	23.9047	0.229772	0.480112	0.41438	0.096133
20384	0.144359	0.177257	3.71813	1.86808	0.502426	0.876734	-3.10809	3.68124	1.81288	0.492464	20.1232	0.268186	0.49747	0.42311	0.0960848
20385	0.209623	0.135079	4.04564	1.88557	0.466074	0.917518	-3.10669	3.74246	1.91023	0.510421	20.9715	0.250557	0.487384	0.409158	0.0959036
20386	0.147329	0.121407	3.85901	1.95644	0.50698	0.920038	-3.06518	4.04847	1.93112	0.477001	17.0067	0.29854	0.491632	0.395159	0.096511
20387	0.129634	0.14007	3.67864	1.92579	0.523505	0.859341	-3.09518	3.911	1.87056	0.478281	19.6571	0.266236	0.500201	0.408149	0.0963521
20388	0.227587	0.220424	3.84216	2.02288	0.526494	0.918288	-3.09512	3.66001	1.78762	0.48842	23.0426	0.238534	0.507919	0.419139	0.09639
20389	0.186302	0.213721	4.17492	2.0328	0.486908	0.833702	-3.11318	3.89378	1.71884	0.441433	26.4079	0.209564	0.464963	0.424604	0.0963768
20390	0.259651	0.260203	3.97043	2.08347	0.524746	0.973125	-3.08711	3.93228	1.88354	0.478995	22.0109	0.254523	0.501981	0.413992	0.0965113
20391	0.297024	0.285013	3.92291	1.82724	0.465788	0.900611	-3.15423	3.59033	1.69847	0.47307	32.4673	0.182159	0.469267	0.456268	0.0967908
20392	0.30694	0.269158	3.91415	1.81446	0.463565	0.842572	-3.15134	3.44792	1.74112	0.504977	40.7799	0.143451	0.482959	0.451468	0.0968839
20393	0.288576	0.280926	4.01699	1.81919	0.452874	0.863916	-3.11667	3.91986	1.88161	0.48002	34.8735	0.165508	0.466281	0.438265	0.0969934
20394	0.256116	0.307937	3.92585	1.94915	0.496491	0.863967	-3.12707	4.02989	1.97881	0.491032	31.9346	0.184741	0.493726	0.429014	0.097141
20395	0.298953	0.26039	3.7453	1.8541	0.495048	0.86548	-3.14547	4.27427	1.90227	0.445051	36.142	0.160476	0.4684	0.435793	0.0973449
20396	0.267257	0.19623	3.6891	1.76641	0.478818	0.939125	-3.17628	3.82444	1.84634	0.482774	25.1963	0.225703	0.480832	0.440545	0.0975962
20397	0.202916	0.180684	3.88732	1.78261	0.45857	0.851033	-3.10318	3.66639	1.95437	0.53305	25.6723	0.210028	0.494721	0.419207	0.0975926
20398	0.078706	0.108545	3.79514	1.92099	0.506171	0.997171	-3.12047	3.67196	1.76913	0.481793	12.3599	0.421789	0.494183	0.414087	0.0978684
20399	0.227788	0.12478	3.75376	1.94248	0.517476	0.853478	-3.10135	3.82592	1.85544	0.484966	26.5856	0.195743	0.501066	0.406687	0.0979522
20400	-0.00163987	0.0660838	3.94208	1.85756	0.471214	0.813339	-3.11661	3.85677	1.81211	0.469853	15.2509	0.332096	0.470541	0.408434	0.0977284
20401	0.0847989	0.0904251	4.11571	1.89603	0.460681	0.92082	-3.15407	3.45902	1.73193	0.500699	15.0612	0.349465	0.478955	0.420543	0.0977449
20402	0.110027	0.12992	3.502	1.60346	0.45787	0.880106	-3.08393	3.92552	1.78187	0.453919	17.4173	0.296511	0.455782	0.432832	0.0982291
20403	0.245415	0.220287	3.69964	1.71888	0.464607	0.991187	-3.03126	3.93801	1.86412	0.473366	19.0094	0.278088	0.469123	0.424646	0.0985755
20404	0.191185	0.191011	3.99416	1.82975	0.458105	0.91087	-3.05137	3.81476	1.90027	0.498136	20.2976	0.258973	0.477661	0.413482	0.0989807
20405	0.24651	0.192233	3.93389	1.94538	0.494518	0.983572	-3.00812	4.07153	1.92281	0.472258	18.8533	0.27163	0.483197	0.398418	0.0993892
20406	0.293305	0.307732	3.78468	1.90523	0.503405	1.07591	-2.99832	3.95432	1.91033	0.483099	17.8455	0.306238	0.49303	0.41742	0.0994962
20407	0.217534	0.260006	3.88863	1.76542	0.453996	1.04158	-3.01507	3.92271	1.94712	0.496371	15.7958	0.339525	0.475276	0.4195	0.099614
20408	0.268768	0.261871	4.36442	1.88901	0.43282	1.07244	-2.98478	3.73857	1.85737	0.496814	16.3196	0.322947	0.462346	0.413058	0.0997889
20409	0.235448	0.221036	4.11779	1.77465	0.430971	1.08606	-2.98299	3.76479	1.82067	0.483604	14.1881	0.361773	0.456109	0.416632	0.0997601
20410	0.251256	0.276192	3.87678	1.9303	0.497915	1.16865	-2.90106	4.11364	1.93276	0.469841	11.9947	0.420809	0.483462	0.395269	0.0999526
20411	0.242174	0.271387	3.62319	1.99857	0.551606	1.02381	-2.91593	3.87609	1.93289	0.498669	16.628	0.305478	0.524245	0.392589	0.100224
20412	0.335078	0.260953	4.47983	2.15902	0.481942	1.09539	-2.93191	3.74509	1.8456	0.492804	17.6352	0.289036	0.486888	0.389027	0.100301
20413	0.20781	0.219279	4.08712	2.04054	0.49926	1.15842	-2.85243	3.78037	1.81528	0.480185	10.4414	0.451825	0.490094	0.379679	0.100611
20414	0.199605	0.186294	4.07062	1.9069	0.468454	1.26186	-2.81508	3.9511	1.85553	0.469623	7.98336	0.564189	0.46903	0.374557	0.101102
20415	0.218978	0.237815	3.90786	1.83941	0.470695	1.23348	-2.82964	3.89613	1.78975	0.459365	9.14222	0.514607	0.465039	0.393387	0.10156
20416	0.245468	0.250245	3.90646	2.02242	0.517711	1.10327	-2.86802	3.59983	1.79223	0.497865	13.2145	0.367913	0.508193	0.38934	0.101255
20417	0.360345	0.271778	4.13909	1.97529	0.477227	1.03489	-2.93521	3.64132	1.78915	0.491347	22.6031	0.227508	0.483835	0.405951	0.101514
20418	0.356807	0.28863	3.65204	1.88884	0.517201	1.00432	-2.93712	3.79528	1.69982	0.447877	24.8175	0.209639	0.481873	0.420372	0.101159
20419	0.282121	0.23483	4.0094	2.00206	0.499342	0.888504	-3.04067	3.65669	1.79376	0.490541	29.1785	0.18385	0.495144	0.414171	0.101329
20420	0.362333	0.301063	4.29295	2.11939	0.493692	1.02129	-3.07873	3.65718	1.68998	0.462101	26.3064	0.217114	0.47916	0.428584	0.101205
20421	0.115075	0.189369	4.02793	1.99178	0.494491	0.685503	-3.22397	3.76953	1.7148	0.454909	35.8061	0.162694	0.475356	0.440158	0.101968
20422	0.182616	0.188077	3.64085	1.85549	0.509631	0.757451	-3.28126	3.92207	1.83201	0.467103	36.4256	0.165218	0.487576	0.449469	0.102855
20423	0.273156	0.200316	4.06105	1.86262	0.458656	0.764718	-3.22906	3.91026	1.88223	0.481356	48.6713	0.120817	0.469791	0.439936	0.103432
20424	0.128106	0.163896	3.70549	1.84973	0.499186	0.783009	-3.21932	3.93469	1.8563	0.471778	26.6873	0.214449	0.485071	0.435831	0.103645
20425	0.167094	0.186082	3.80936	1.85398	0.486691	0.745504	-3.24199	4.03142	1.9921	0.494144	35.126	0.167279	0.490523	0.433189	0.103767
20426	0.209119	0.160181	4.00988	1.90969	0.476245	0.818291	-3.20436	3.71697	1.83687	0.494184	30.5051	0.185546	0.484875	0.430443	0.103673
20427	0.100791	0.11558	3.73062	1.86303	0.499389	0.810985	-3.1764	3.77627	1.79224	0.474606	21.4862	0.252188	0.486922	0.425805	0.103434
20428	0.129262	0.079703	3.92864	1.86363	0.47437	0.833124	-3.21869	3.88954	1.7962	0.461802	21.9599	0.247711	0.468118	0.426453	0.103871
20429	0.0139758	0.0553321	3.83687	1.98536	0.517444	0.82861	-3.20375	3.6767	1.7789	0.48383	16.0054	0.331814	0.500995	0.413758	0.104037
20430	0.0190787	0.0649819	4.15313	1.98283	0.477432	0.689449	-3.25671	3.71013	1.72805	0.465765	24.5521	0.224698	0.471927	0.426507	0.104411
20431	0.0180075	-0.0579786	3.87519	1.95805	0.505279	0.767449	-3.24321	3.81836	1.84838	0.484076	18.0637	0.280831	0.494756	0.400008	0.104953
20432	-0.0302769	-0.0418065	4.14617	1.96364	0.473602	0.849183	-3.18302	3.74863	1.98571	0.529717	12.7574	0.386725	0.500247	0.384586	0.105458
20433	0.0218228	0.0365198	3.86826	1.91365	0.494706	0.841276	-3.1721	3.53462	1.79327	0.507344	15.3317	0.335752	0.50074	0.409916	0.105893
20434	0.087765	0.0908125	3.74145	1.88098	0.50274	0.838294	-3.19909	3.94657	1.85096	0.469005	19.2146	0.281647	0.485422	0.42043	0.106056
20435	0.08498	0.0425465	3.8942	2.01748	0.518073	0.789111	-3.20077	3.56894	1.80344	0.505315	21.2164	0.2479	0.511972	0.407794	0.106284
20436	-0.0158992	0.0599179	4.08067	1.94349	0.476268	0.771767	-3.21187	3.65791	1.7911	0.489651	17.2538	0.310209	0.482594	0.417569	0.106541
20437	0.150266	0.0760444	3.89381	1.85241	0.475732	0.806891	-3.16044	4.18184	1.84502	0.441199	24.2947	0.215578	0.45785	0.414727	0.107114
20438	0.0683336	0.0560594	3.5608	1.84617	0.518471	0.885303	-3.15981	3.93279	2.0151	0.512383	15.4947	0.333719	0.515276	0.401169	0.107371
20439	0.0962089	0.103696	3.95803	1.94656	0.491799	0.922201	-3.07629	3.78589	1.85715	0.490546	14.8218	0.341131	0.491187	0.399388	0.107481
20440	0.0580026	0.086844	3.88367	2.00647	0.516641	0.846441	-3.08221	4.09329	1.92137	0.469395	16.1556	0.310818	0.492397	0.390071	0.107378
20441	0.0496674	0.0768363	3.67922	1.87482	0.509569	0.928663	-3.04177	4.19712	1.90764	0.454511	12.5878	0.386317	0.48023	0.391409	0.107858
20442	0.0932056	0.114358	4.12587	1.94878	0.472333	1.02382	-2.98099	3.6659	1.78748	0.487598	11.0633	0.433018	0.479515	0.39077	0.10795
20443	0.125046	0.0922995	4.14503	2.03937	0.492003	1.1389	-2.95504	3.62041	1.91749	0.529633	9.03421	0.513952	0.509547	0.369886	0.107969
20444	0.0709129	0.107287	3.96367	2.0289	0.511875	1.10673	-2.84286	3.88199	1.83793	0.47345	8.11186	0.536461	0.492863	0.360195	0.10814
20445	0.0273913	0.103049	4.13788	2.02626	0.489686	1.17131	-2.82501	3.7179	1.94541	0.523255	6.55191	0.654275	0.505573	0.350622	0.10832
20446	-0.00943344	0.00448905	3.76286	1.89191	0.502784	1.11692	-2.88523	3.96652	1.94344	0.489961	6.58208	0.634335	0.496204	0.352577	0.108451
20447	-0.0205514	0.0752181	3.87036	2.02678	0.523667	1.09065	-2.90586	3.81566	1.96867	0.515944	7.19719	0.617381	0.519833	0.357466	0.109112
20448	0.0848727	0.0563705	3.99686	1.96148	0.490755	1.0963	-2.9154	3.87063	2.05047	0.52975	8.6329	0.511496	0.509939	0.355086	0.109638
20449	0.0946615	0.0869673	3.961	1.93946	0.48964	1.05916	-2.96217	4.09961	1.91455	0.467007	9.99426	0.465128	0.478129	0.376321	0.109952
20450	0.123927	0.102962	3.83225	1.95862	0.511087	0.976503	-2.97126	3.52615	1.94284	0.550982	13.0018	0.363443	0.530205	0.377297	0.110159
20451	0.065461	0.0444189	3.55008	1.89369	0.533421	0.945391	-3.02866	3.97872	1.94099	0.487841	12.1969	0.387138	0.509334	0.381185	0.109951
20452	0.0284357	0.00206224	4.04889	1.88815	0.466339	0.955773	-3.00904	3.82374	1.81335	0.474236	10.5433	0.429977	0.470174	0.379913	0.110116
20453	-0.0601832	-0.0162672	3.9322	1.97381	0.501961	1.04473	-2.96614	3.94581	1.84054	0.466454	7.1277	0.61042	0.484177	0.363307	0.110005
20454	-0.0063428	-0.0285009	4.03513	1.98172	0.491117	1.08672	-2.95114	3.62759	1.78074	0.490887	7.14923	0.597394	0.491008	0.362185	0.110063
20455	0.0867257	0.0340624	3.66595	1.83843	0.501488	0.982015	-2.99366	4.00572	1.82613	0.455879	11.4368	0.400771	0.477673	0.384882	0.110164
20456	-0.0386645	0.00935698	4.16197	2.06463	0.496071	1.0294	-2.9694	3.77795	1.64656	0.435834	7.77817	0.570378	0.467409	0.374225	0.110219
20457	0.0922999	0.0544344	3.91443	1.94248	0.496237	0.991861	-2.95599	3.92034	1.84715	0.471171	11.1994	0.404605	0.483695	0.37428	0.110495
20458	0.0886369	0.0607065	4.00367	1.88396	0.470557	1.18291	-2.85579	4.00237	1.72492	0.430976	7.10349	0.598717	0.45077	0.370884	0.110728
20459	0.0906579	0.0351425	3.62962	1.70422	0.469532	1.12249	-2.88252	3.49422	1.84079	0.526809	7.99558	0.532343	0.497626	0.375248	0.110617
20460	0.179036	0.107028	3.72147	1.85934	0.499625	1.09328	-2.86152	3.58266	1.77004	0.494058	10.5431	0.417917	0.496894	0.377844	0.110849
20461	0.101045	0.132194	4.0652	1.86811	0.459538	1.12247	-2.905	3.9031	1.94074	0.49723	8.84172	0.52165	0.478001	0.377247	0.111109
20462	0.198377	0.126848	3.58034	1.77428	0.495563	1.02797	-2.94291	3.87796	1.85027	0.477124	13.6924	0.34411	0.485976	0.394048	0.111409
20463	0.204322	0.167997	3.83324	1.65148	0.43083	1.09463	-2.90334	3.92437	1.91048	0.486823	11.9008	0.396323	0.459156	0.398463	0.111386
20464	0.228735	0.202431	3.617	1.6306	0.450817	1.00836	-2.96208	3.92449	1.77479	0.452235	16.4756	0.303908	0.451555	0.423808	0.111774
20465	0.260253	0.192755	3.67937	1.89101	0.513951	1.00269	-2.93169	3.73321	1.71686	0.45989	17.7104	0.275606	0.486724	0.403621	0.111945
20466	0.202476	0.234112	4.30812	1.99122	0.462201	1.12657	-2.88321	3.92678	1.80241	0.459005	11.3796	0.426979	0.460677	0.39051	0.112379
20467	0.287411	0.260028	4.19686	1.9575	0.46642	1.15991	-2.87803	4.1317	1.92945	0.466987	12.9357	0.380628	0.466701	0.387884	0.11242
20468	0.219515	0.228026	3.73825	1.9874	0.53164	1.17378	-2.90404	3.73417	1.9966	0.534683	10.7726	0.455313	0.533161	0.381144	0.112776
20469	0.123664	0.157905	4.0059	2.06023	0.514298	1.08172	-2.93885	4.0366	1.8633	0.461601	10.4478	0.45894	0.487849	0.379404	0.11288
20470	0.0745246	0.104013	4.2208	2.09357	0.496013	0.915544	-2.99784	3.77216	1.84579	0.489319	13.6029	0.353657	0.492853	0.379232	0.113157
20471	0.335698	0.252073	3.9947	2.04837	0.512771	0.980186	-3.00965	3.75033	1.80848	0.482218	25.6133	0.207682	0.497977	0.408268	0.113638
20472	0.300418	0.237466	3.88418	1.9154	0.493129	0.893952	-3.0855	3.93647	1.8563	0.471565	31.3444	0.176141	0.482275	0.422723	0.113905
20473	0.391723	0.337887	3.79633	1.89551	0.4993	0.99438	-3.04966	3.84704	1.95152	0.507279	31.5958	0.181598	0.503316	0.427298	0.113609
20474	0.301579	0.319878	3.66248	2.00735	0.548084	0.902545	-3.12479	3.88134	1.94743	0.501742	32.8546	0.18058	0.524241	0.428724	0.113444
20475	0.384029	0.407177	3.57869	1.93904	0.54183	0.888306	-3.1137	3.916	1.87158	0.477931	48.7489	0.127147	0.508443	0.44864	0.114071
20476	0.389448	0.373977	4.0052	1.86529	0.465717	0.904085	-3.11104	3.84346	1.85856	0.483565	45.857	0.132426	0.474457	0.449273	0.113923
20477	0.347403	0.39614	3.72309	1.85249	0.497568	0.917028	-3.11515	3.67872	1.88684	0.512906	37.9977	0.162236	0.505191	0.451966	0.11465
20478	0.36879	0.363057	4.32768	1.96595	0.454274	0.900979	-3.07937	3.90321	1.91874	0.491579	41.8407	0.141612	0.471964	0.432789	0.114373
20479	0.355788	0.367977	3.83458	1.87262	0.488351	1.00415	-3.00414	3.88395	1.83816	0.473271	27.0507	0.210183	0.480763	0.433901	0.114229
20480	0.367422	0.356478	3.91095	1.86411	0.47664	0.968285	-3.02111	3.8289	1.84446	0.481721	31.5983	0.180518	0.479153	0.434844	0.114542
20481	0.255346	0.326885	3.81496	1.85191	0.485435	0.990602	-3.01772	4.19423	1.91365	0.456258	20.6924	0.270301	0.470156	0.426292	0.114959
20482	0.373247	0.314102	4.04422	1.86094	0.460148	1.00243	-2.9975	3.8615	1.81683	0.470499	27.703	0.197933	0.465203	0.427211	0.115335
20483	0.334367	0.361987	3.65302	1.85336	0.507352	1.01952	-3.04939	3.84758	1.86265	0.484111	24.7902	0.23472	0.49543	0.439248	0.115643
20484	0.366471	0.291384	3.98399	1.84894	0.464092	0.931647	-3.1007	3.71809	1.87591	0.504536	36.0219	0.159712	0.483616	0.435873	0.115944
20485	0.192286	0.24725	3.91129	1.78698	0.456878	0.798937	-3.14574	4.00162	1.93318	0.4831	31.2815	0.184013	0.470138	0.436313	0.116232
20486	0.263606	0.231477	4.06423	2.08719	0.513552	0.765197	-3.16269	3.7151	1.82424	0.491035	45.7895	0.125797	0.502798	0.424193	0.116335
20487	0.180772	0.214975	3.98943	1.95956	0.491188	0.886358	-3.13475	4.08715	1.98427	0.48549	22.5381	0.248926	0.488304	0.415764	0.116568
20488	0.135198	0.184817	4.23311	2.00997	0.47482	0.905308	-3.03515	3.9613	1.99155	0.502751	17.4823	0.296534	0.488322	0.393238	0.117205
20489	0.166879	0.157505	3.93095	1.9374	0.492858	0.987493	-3.01444	3.98346	2.00418	0.503125	14.9408	0.336704	0.498026	0.389673	0.117424
20490	0.0183479	0.0700141	3.95949	1.99747	0.504477	0.924993	-3.0663	3.8853	2.03191	0.522973	11.9664	0.411003	0.513637	0.379114	0.117735
20491	0.0676358	0.0378739	3.89068	1.93285	0.496791	0.915935	-3.11512	3.91765	1.84078	0.469869	13.8149	0.359806	0.483284	0.397205	0.117721
20492	0.0668346	0.0600492	3.89048	1.91012	0.490974	0.888139	-3.09747	3.74717	1.76812	0.471856	14.7804	0.33727	0.481594	0.404041	0.117934
20493	0.143823	0.0454906	3.76625	1.87712	0.498404	0.952688	-3.07699	3.68168	1.74224	0.473218	14.9021	0.327131	0.485954	0.402555	0.118169
20494	0.0697291	0.0526985	3.8386	1.90902	0.497321	0.975816	-3.01487	3.70606	1.83714	0.495713	11.4617	0.410497	0.496531	0.385859	0.118367
20495	0.0698664	0.0946524	4.0512	2.03647	0.502683	0.973329	-3.00111	3.81389	1.84146	0.482831	11.7413	0.408122	0.493057	0.382009	0.118413
20496	7.73186e-05	0.0601421	3.97057	1.89778	0.477962	1.0763	-2.98854	3.71249	1.90181	0.512275	8.02448	0.57913	0.494542	0.379594	0.118326
20497	0.180159	0.152669	3.89106	1.91629	0.492486	0.978222	-3.03785	3.92469	1.86912	0.476246	15.9826	0.318453	0.484331	0.402135	0.118845
20498	0.0890316	0.0755236	3.92574	1.93064	0.491791	0.949088	-3.01414	3.85166	1.84714	0.479569	12.9053	0.369849	0.485738	0.387269	0.118682
20499	-0.0557618	0.0439131	3.93453	1.91946	0.487851	1.00775	-2.97164	3.7062	1.86379	0.502883	8.03982	0.565532	0.495142	0.375472	0.119036
20500	-0.0840156	0.00873073	4.14825	1.85285	0.446658	0.922483	-2.93846	4.11721	1.89577	0.46045	8.57415	0.506519	0.453528	0.366915	0.119392
