cycle	Zbar1	Gbar1	VP1	VG1	h21	Zbar2	Gbar2	VP2	VG2	h22	h2b	h2b_denom	h2w	Qst	Fst
20000	0.099725	0.131598	4.15824	1.89297	0.455234	4.19305	0.189069	3.74024	1.77019	0.473283	0.000197131	8.37767	0.463781	0.000225481	0.000413789
20001	0.193931	0.149098	4.24002	1.91521	0.451698	4.17706	0.15371	3.70161	1.82316	0.492533	1.34059e-06	7.93266	0.470731	1.42305e-06	0.000656843
20002	0.0378639	0.116237	3.90784	1.81541	0.464555	4.05907	0.133371	3.76042	1.93489	0.514542	1.81553e-05	8.08504	0.489068	1.95793e-05	0.000888227
20003	0.153556	0.164987	3.99786	1.84333	0.461079	4.07166	0.0543473	3.74402	1.99563	0.533019	0.000797384	7.67578	0.495869	0.000796926	0.00110341
20004	0.170039	0.14356	3.86924	1.94306	0.502181	3.98049	-0.0554357	4.04446	1.90065	0.46994	0.00272732	7.25978	0.485704	0.00257026	0.00132717
20005	0.179631	0.134081	3.84002	1.92565	0.501468	3.95604	-0.11313	3.68103	1.81634	0.493432	0.00428527	7.13063	0.497535	0.00406838	0.00158939
20006	0.086169	0.039756	3.99268	1.92743	0.482742	3.78369	-0.208647	3.66026	1.86849	0.510482	0.00451326	6.83584	0.496009	0.00404939	0.00185426
20007	0.0356872	0.0146232	4.01523	1.84315	0.459039	3.68395	-0.290087	4.09371	1.76384	0.430867	0.00697592	6.65492	0.444816	0.00639735	0.00213346
20008	-0.0406486	-0.0176714	3.7561	1.8217	0.484998	3.73036	-0.251865	3.50431	1.74299	0.497383	0.00385689	7.11024	0.490976	0.0038337	0.00232133
20009	0.0709601	-0.0201189	3.60299	1.67081	0.463729	3.65827	-0.27986	3.7445	1.77105	0.472974	0.00524258	6.43438	0.46844	0.0048789	0.00250472
20010	0.0543604	0.0246589	3.71133	1.67751	0.451997	3.64277	-0.345625	4.00519	1.81581	0.453365	0.0106479	6.43833	0.452707	0.00972176	0.00275325
20011	0.0150133	0.022391	3.90683	1.72099	0.440508	3.53322	-0.399567	3.77058	1.79855	0.476995	0.0143845	6.1889	0.458428	0.0124954	0.00305026
20012	0.187573	0.0754447	3.65805	1.72428	0.471367	3.49212	-0.483789	3.77671	1.74457	0.46193	0.0286393	5.46002	0.466573	0.0220533	0.00323764
20013	0.119229	0.0841948	3.99132	1.82087	0.456206	3.39378	-0.544578	3.63227	1.77744	0.489347	0.0368709	5.36134	0.471996	0.0267468	0.00361707
20014	0.0656856	0.0531201	3.77737	1.62267	0.429578	3.39366	-0.644344	3.95924	1.82975	0.462147	0.0439221	5.53772	0.446245	0.0340435	0.00387291
20015	0.102696	0.127035	4.09366	1.72469	0.421307	3.32368	-0.678327	3.74596	1.77888	0.474881	0.0625179	5.18738	0.446906	0.0442559	0.00404945
20016	0.15664	0.126128	3.57335	1.64221	0.45957	3.23664	-0.775028	3.72512	1.80624	0.484882	0.085605	4.74319	0.472489	0.055626	0.00423839
20017	0.179875	0.173741	3.79312	1.83117	0.48276	3.13757	-0.853377	3.60698	1.74888	0.48486	0.120597	4.37397	0.483784	0.0686472	0.00449437
20018	0.123718	0.127983	3.78117	1.70428	0.450727	3.10406	-0.800092	3.8643	1.74943	0.452717	0.0969692	4.44121	0.451733	0.0587161	0.00465043
20019	0.204141	0.17851	3.9018	1.84248	0.472212	3.13105	-0.835739	3.92391	1.90886	0.48647	0.12008	4.2834	0.479361	0.0641873	0.00493401
20020	0.29841	0.29579	3.8529	1.80285	0.46792	3.27232	-0.763005	4.03389	1.89727	0.470332	0.126756	4.42207	0.469154	0.0704437	0.00537985
20021	0.277679	0.295554	3.43298	1.75364	0.51082	3.23812	-0.84992	3.88509	1.65651	0.426376	0.149712	4.3821	0.46599	0.0877908	0.00563369
20022	0.380234	0.316553	3.68074	1.80893	0.491459	3.08433	-0.930395	3.45008	1.75651	0.509121	0.212644	3.65606	0.500004	0.0983509	0.00591131
20023	0.290913	0.308666	3.9554	1.78957	0.452437	2.9837	-1.03298	3.41653	1.57321	0.46047	0.24824	3.62555	0.45616	0.118077	0.00623609
20024	0.347855	0.312148	3.75889	1.83824	0.489037	2.90064	-1.08447	3.65152	1.71831	0.470573	0.299316	3.25834	0.479939	0.120631	0.00642019
20025	0.245549	0.298381	3.80761	1.87199	0.491644	2.92338	-1.1103	3.70851	1.75648	0.473636	0.27673	3.5854	0.482759	0.120331	0.00678416
20026	0.319708	0.317288	3.94536	1.81555	0.460173	2.87758	-1.11668	3.80171	1.93173	0.508121	0.314282	3.27135	0.483702	0.120687	0.00704071
20027	0.29032	0.312118	3.95591	1.94554	0.491806	2.82188	-1.13315	4.20349	1.85382	0.441018	0.325925	3.2044	0.465642	0.120889	0.00737997
20028	0.331747	0.36419	3.69852	1.71768	0.464423	2.86504	-1.18316	3.81056	1.76558	0.463338	0.373084	3.2088	0.463873	0.146706	0.00766436
20029	0.358188	0.404457	3.81527	1.73716	0.455318	2.7542	-1.22876	3.65499	1.72309	0.471435	0.464629	2.87045	0.463204	0.161645	0.00803431
20030	0.434796	0.423025	3.95958	1.8482	0.466768	2.66802	-1.23663	3.73955	1.70406	0.455687	0.552294	2.49365	0.461386	0.162444	0.00836985
20031	0.374108	0.419671	3.89003	1.84218	0.473566	2.76566	-1.23046	3.62127	1.79097	0.494569	0.476079	2.85975	0.483692	0.157867	0.00859883
20032	0.300185	0.373477	3.9022	1.8281	0.468479	2.77958	-1.26171	3.96825	1.66994	0.420824	0.434954	3.07371	0.444452	0.160505	0.00903616
20033	0.24261	0.300641	4.20187	1.99761	0.475409	2.7022	-1.26872	3.67442	1.76176	0.479467	0.40712	3.02478	0.477302	0.140795	0.00927174
20034	0.247649	0.255383	4.17236	2.00737	0.481112	2.71499	-1.25287	3.50107	1.78488	0.509809	0.373672	3.04388	0.494206	0.130465	0.00962825
20035	0.245959	0.278644	3.87269	1.89767	0.490013	2.7694	-1.21418	3.73461	1.90201	0.509293	0.349969	3.18388	0.499478	0.127931	0.00979048
20036	0.224736	0.234147	3.84411	1.93561	0.503524	2.72919	-1.27275	3.71368	1.80282	0.485454	0.362029	3.13614	0.494645	0.13189	0.00995246
20037	0.26712	0.207002	3.80435	1.82868	0.480682	2.72163	-1.31515	3.81409	1.77933	0.466515	0.384582	3.0123	0.473589	0.138394	0.0102798
20038	0.240687	0.21588	3.91163	1.87184	0.478533	2.67126	-1.36881	3.45002	1.71301	0.496521	0.425083	2.95385	0.486963	0.149094	0.0105643
20039	0.231338	0.22802	3.95927	1.96759	0.496958	2.60582	-1.37303	3.91759	1.79613	0.458479	0.454645	2.81909	0.47782	0.145558	0.0109199
20040	0.288248	0.287955	3.46846	1.89214	0.545527	2.68406	-1.32484	3.84097	1.83166	0.476874	0.453163	2.86996	0.509451	0.14873	0.0110387
20041	0.246756	0.320658	4.09984	1.9539	0.476581	2.6195	-1.31857	4.01157	1.85288	0.461883	0.477288	2.81495	0.469312	0.150061	0.0112742
20042	0.428033	0.334226	4.01874	1.93174	0.480682	2.65409	-1.38264	3.84789	1.89345	0.492076	0.59484	2.47767	0.486255	0.161596	0.0113454
20043	0.301988	0.267518	4.009	1.80957	0.451375	2.51271	-1.41141	3.87454	1.7803	0.459487	0.576758	2.44366	0.455362	0.16416	0.0116614
20044	0.375177	0.347071	3.66613	1.68554	0.45976	2.54911	-1.48402	3.60526	1.72695	0.479008	0.709458	2.36298	0.469303	0.197274	0.0119909
20045	0.39847	0.419556	4.02116	1.90479	0.473692	2.50713	-1.51022	3.55975	1.64448	0.461967	0.837532	2.22321	0.468186	0.207883	0.0123224
20046	0.479767	0.44111	3.83177	1.79721	0.469029	2.33512	-1.59649	3.7967	1.76793	0.465649	1.2061	1.72117	0.467347	0.225578	0.012502
20047	0.485886	0.443664	3.72767	1.85318	0.497142	2.42773	-1.59834	3.57643	1.80951	0.505954	1.10582	1.88539	0.501457	0.221641	0.012739
20048	0.429013	0.429112	4.10515	1.94149	0.472941	2.34649	-1.60077	3.64711	1.76729	0.484574	1.12068	1.83835	0.478413	0.217458	0.0130125
20049	0.334277	0.37771	4.0112	1.82671	0.455403	2.38875	-1.63198	3.90346	1.93396	0.495447	0.956882	2.11042	0.475153	0.211746	0.0134916
20050	0.277489	0.317898	3.89592	1.88643	0.484206	2.36569	-1.6731	3.75015	1.87239	0.499283	0.909069	2.1803	0.491601	0.208726	0.0137416
20051	0.307662	0.307944	4.04173	1.9904	0.492463	2.29172	-1.64805	3.64823	1.8066	0.495198	0.971915	1.96824	0.493761	0.201297	0.0140008
20052	0.305052	0.306584	4.231	1.98692	0.469609	2.27839	-1.71757	3.92911	1.76219	0.448496	1.05217	1.94703	0.459443	0.21467	0.0143409
20053	0.253689	0.265127	4.16735	1.90413	0.456915	2.20908	-1.7744	3.8887	1.84514	0.474488	1.08791	1.91177	0.465398	0.217224	0.0143478
20054	0.201394	0.307902	4.04727	1.8945	0.468093	2.16539	-1.86035	3.82118	1.93096	0.50533	1.21881	1.92865	0.486177	0.235118	0.0146823
20055	0.256572	0.266665	4.00646	2.03927	0.508996	2.17956	-1.84271	3.81802	1.94136	0.508474	1.20325	1.84894	0.508741	0.218496	0.0149189
20056	0.24943	0.239578	3.79592	1.96133	0.516696	2.1521	-1.91693	3.7714	1.78526	0.473367	1.28462	1.81008	0.495101	0.236916	0.0151524
20057	0.173112	0.225795	3.69554	1.87624	0.507704	2.07231	-1.92955	3.99092	1.91937	0.480934	1.28794	1.80347	0.493805	0.23438	0.0153431
20058	0.151908	0.185394	3.90308	1.90574	0.488266	2.05432	-1.97116	4.04487	1.89333	0.468081	1.28503	1.80958	0.477994	0.234418	0.0154244
20059	0.0493381	0.0956927	3.95362	1.95385	0.494192	1.93746	-2.04574	4.14173	1.9467	0.470021	1.28632	1.7825	0.481826	0.22724	0.0156519
20060	0.0873046	0.0634026	3.82463	1.81202	0.473776	1.99082	-2.02984	4.14483	1.96099	0.473116	1.20928	1.81168	0.473433	0.225091	0.0160106
20061	0.0465955	0.0482506	4.04871	1.96426	0.485158	1.98304	-1.99133	3.52438	1.71936	0.487846	1.10936	1.8749	0.486409	0.220252	0.0162755
20062	0.0170697	0.0546623	3.99103	1.78237	0.446593	1.99871	-1.99073	3.87993	1.81344	0.46739	1.06538	1.96345	0.456845	0.225415	0.0162609
20063	0.124924	0.0964368	3.95909	1.97739	0.499455	2.02523	-2.01923	3.66171	1.84895	0.504941	1.23951	1.80557	0.502091	0.226363	0.0164632
20064	0.0648721	0.114137	4.08817	1.94147	0.4749	1.95085	-2.07175	3.86201	1.85126	0.479353	1.34333	1.77845	0.477063	0.239607	0.0165909
20065	0.0988591	0.103966	4.03321	2.00001	0.495885	1.9775	-2.03889	3.82236	1.80079	0.47112	1.30106	1.76465	0.483835	0.232059	0.0169629
20066	0.174877	0.124946	4.14491	2.0079	0.484425	1.95291	-2.03102	3.7995	1.86539	0.490955	1.4703	1.58069	0.487548	0.230868	0.017184
20067	0.158111	0.0901279	4.30422	2.0441	0.474906	1.87556	-2.06788	4.24608	1.95078	0.459432	1.57884	1.47482	0.467221	0.225755	0.0173542
20068	0.139347	0.107103	3.77699	1.98654	0.525958	1.95235	-2.01268	3.75372	1.93674	0.515952	1.36706	1.64349	0.520971	0.222684	0.0174461
20069	0.11976	0.100059	4.27629	1.98071	0.463185	2.03656	-2.05035	4.14992	2.07247	0.4994	1.2586	1.83707	0.481021	0.222012	0.0177916
20070	0.0758106	0.131194	3.76812	1.97298	0.523597	1.82849	-2.11273	3.90413	1.8867	0.483256	1.63912	1.53594	0.503069	0.246025	0.0180754
20071	0.137483	0.183726	4.18404	1.88982	0.451673	1.87174	-2.13329	3.76921	1.90864	0.506377	1.78497	1.50382	0.477598	0.261182	0.0182921
20072	0.251036	0.273119	3.9156	1.93632	0.494514	1.87506	-2.1241	4.07807	1.83001	0.448745	2.17887	1.31872	0.471164	0.276222	0.0183447
20073	0.295215	0.307751	3.99994	2.04795	0.511995	1.967	-2.11646	4.0149	1.89808	0.472759	2.1027	1.39744	0.49234	0.271408	0.018707
20074	0.323461	0.304213	3.93839	2.03796	0.51746	1.80519	-2.20606	3.79403	1.83362	0.483292	2.87015	1.09776	0.500695	0.289323	0.0189631
20075	0.297395	0.299086	3.96724	1.87069	0.471534	1.7123	-2.28492	3.62877	1.74304	0.48034	3.33527	1.00098	0.475741	0.316079	0.0192547
20076	0.304547	0.288118	3.69736	1.83233	0.495578	1.70216	-2.31782	3.678	1.92658	0.523813	3.4766	0.97666	0.509658	0.311238	0.0193672
20077	0.29036	0.279613	3.67583	1.87753	0.510778	1.71437	-2.35881	3.73144	1.76372	0.472666	3.43292	1.0139	0.491579	0.323495	0.0196462
20078	0.136631	0.16182	3.76264	1.9298	0.512884	1.65512	-2.36514	3.6786	1.84633	0.501912	2.76931	1.15291	0.50746	0.297243	0.0198249
20079	0.209477	0.168956	3.94677	1.95698	0.495842	1.71533	-2.34201	3.79415	1.84317	0.485792	2.78044	1.1338	0.490916	0.293281	0.019997
20080	0.188899	0.141227	3.83614	1.88924	0.492483	1.60736	-2.41543	3.83082	1.73217	0.452167	3.24872	1.00601	0.472339	0.311041	0.020275
20081	0.120285	0.0972739	4.10828	1.98655	0.483548	1.63241	-2.41322	3.75544	1.6937	0.451	2.75641	1.14325	0.468004	0.299891	0.0204549
20082	0.164325	0.114625	3.59255	1.98779	0.553308	1.6708	-2.39549	3.86303	1.77481	0.459434	2.77629	1.13473	0.504668	0.295203	0.0209881
20083	0.147297	0.0927447	4.11615	2.01957	0.490646	1.62011	-2.38788	3.91813	1.88262	0.480489	2.83679	1.08459	0.485693	0.282862	0.0215152
20084	0.121566	0.113242	3.85542	1.92328	0.498851	1.66233	-2.37892	3.9732	1.76856	0.445122	2.61627	1.18698	0.471582	0.296168	0.0218849
20085	0.19342	0.158512	3.95221	1.77968	0.450301	1.57568	-2.39144	4.07564	1.9274	0.472907	3.40318	0.95532	0.461778	0.304938	0.0220238
20086	0.104628	0.144765	3.7467	1.85235	0.494394	1.6127	-2.44323	3.97753	1.88294	0.473396	2.94498	1.13714	0.483581	0.30963	0.0221108
20087	0.196236	0.213847	3.7755	1.93866	0.513485	1.49735	-2.44823	4.09428	1.92248	0.469553	4.18611	0.846448	0.490629	0.314633	0.022249
20088	0.240496	0.210866	4.24411	1.96372	0.462693	1.55177	-2.46544	3.87544	1.89823	0.48981	4.1657	0.859715	0.475636	0.316893	0.0223945
20089	0.225771	0.27246	4.14514	1.99077	0.480265	1.56238	-2.43005	3.85897	2.0592	0.533614	4.08817	0.893258	0.505986	0.310852	0.0225755
20090	0.205244	0.228029	4.03632	1.92601	0.477171	1.52776	-2.42745	3.99137	1.7999	0.450947	4.03166	0.874523	0.464132	0.321289	0.0226438
20091	0.051914	0.151916	3.82401	1.83577	0.480065	1.56138	-2.46277	3.65585	1.81979	0.497776	3.00049	1.13924	0.488721	0.318699	0.0226329
20092	0.153308	0.105347	3.80546	1.87531	0.492795	1.47207	-2.46543	3.90756	1.70168	0.435483	3.80012	0.869563	0.463759	0.316068	0.0230037
20093	0.161126	0.114144	4.21243	1.97167	0.468059	1.47723	-2.45728	4.02533	1.86567	0.463483	3.81736	0.866071	0.465823	0.301186	0.0232642
20094	-0.0167674	0.0888878	4.06745	1.95952	0.481757	1.42329	-2.491	3.79044	1.79282	0.472986	3.20952	1.03689	0.477526	0.307319	0.0235098
20095	0.106254	0.108374	4.22531	2.03509	0.481643	1.48883	-2.51103	3.91959	1.92734	0.49172	3.58943	0.955763	0.486493	0.302218	0.023728
20096	0.145297	0.11346	4.07668	2.03332	0.498768	1.41524	-2.58821	3.78844	1.97184	0.520489	4.52579	0.80638	0.50923	0.313106	0.0239621
20097	0.201533	0.137082	4.17653	2.04252	0.489048	1.38287	-2.63924	3.85939	1.87311	0.48534	5.52323	0.697778	0.487267	0.329927	0.0241338
20098	0.132478	0.0952908	3.91102	1.86395	0.476589	1.32057	-2.66367	3.92692	1.78979	0.455775	5.39248	0.705784	0.466161	0.342575	0.0243704
20099	0.0981611	0.0606868	4.02212	1.97505	0.491047	1.2424	-2.71432	3.75512	1.79832	0.478898	5.88162	0.654637	0.485181	0.337947	0.0245806
20100	-0.0187697	-0.00538652	3.59795	1.81981	0.505792	1.30335	-2.72759	3.95807	1.79109	0.452516	4.23935	0.873999	0.477884	0.339198	0.0246628
20101	-0.0712539	0.0392494	3.77331	1.81013	0.47972	1.24129	-2.77543	3.57386	1.71683	0.480386	4.59868	0.861381	0.480044	0.359731	0.0247609
20102	0.144573	0.132765	4.03402	1.91373	0.474398	1.1836	-2.81701	3.99525	1.77088	0.443247	8.05978	0.53979	0.458898	0.371333	0.0250526
20103	0.0592932	0.143515	3.91574	1.85884	0.47471	1.2756	-2.79349	3.66644	1.77618	0.484443	5.83071	0.739703	0.479416	0.372471	0.0251517
20104	0.0519016	0.139337	3.49447	1.7967	0.514155	1.20694	-2.84278	3.72643	1.83164	0.491526	6.66584	0.667059	0.502477	0.380058	0.0254357
20105	0.0945717	0.121719	3.95796	1.98326	0.501081	1.16412	-2.87016	3.89508	1.81385	0.465679	7.82514	0.571962	0.483522	0.37093	0.0257261
20106	0.161612	0.0687878	3.97055	1.78924	0.450628	1.15646	-2.8408	3.66445	1.73423	0.473258	8.55355	0.494865	0.461489	0.375377	0.0257379
20107	-0.0456194	0.00602848	3.68311	1.75195	0.475672	1.20915	-2.82669	3.37259	1.75779	0.5212	5.09658	0.787222	0.497434	0.36381	0.026138
20108	0.0535928	0.0370673	3.85273	1.89193	0.491063	1.26643	-2.7521	4.03487	1.81968	0.450989	5.28865	0.735483	0.470563	0.343942	0.0261084
20109	0.0535138	0.0261909	3.67471	1.87964	0.511507	1.28738	-2.7115	3.87383	1.7827	0.460191	4.92302	0.761216	0.485172	0.338571	0.0264686
20110	0.0144685	0.0518107	3.90874	1.80624	0.462102	1.26951	-2.69433	3.64147	1.87539	0.51501	4.78771	0.787566	0.487619	0.338775	0.0265459
20111	-0.0443272	0.0120364	3.74238	1.7726	0.473656	1.34209	-2.72102	3.95187	1.81475	0.459213	3.88609	0.961071	0.466238	0.342457	0.027027
20112	-0.0911333	-0.037571	3.93745	1.77232	0.450119	1.18577	-2.75146	3.65468	1.78871	0.489431	4.51721	0.815235	0.469043	0.340946	0.0271115
20113	0.00919086	-0.0223538	4.34482	1.93285	0.444863	1.24639	-2.74948	3.83645	1.7733	0.462226	4.85887	0.765325	0.453005	0.334191	0.0273154
20114	0.00778445	-0.0644164	3.91782	1.86527	0.476099	1.44845	-2.6124	3.82169	1.75484	0.459181	3.12798	1.03776	0.467745	0.309662	0.0277594
20115	-0.0759279	-0.0661824	3.76863	1.89592	0.503079	1.44913	-2.5883	3.65051	1.75001	0.479388	2.73501	1.1629	0.491422	0.303813	0.028223
20116	-0.12878	-0.0818539	3.8814	1.93829	0.49938	1.37106	-2.61072	3.80284	1.75891	0.462525	2.84289	1.12476	0.481141	0.301992	0.0284615
20117	0.0050084	0.0222755	3.7578	1.85745	0.494293	1.36219	-2.63932	4.27759	1.92214	0.449351	3.84598	0.92097	0.470368	0.319176	0.0288599
20118	0.0883739	0.0810003	3.80087	1.91905	0.504896	1.3015	-2.71778	3.87609	1.85843	0.47946	5.32266	0.735833	0.492053	0.341531	0.0290827
20119	-0.0274103	0.0291344	3.93053	2.00228	0.509419	1.41529	-2.64779	3.73009	1.82775	0.490001	3.44289	1.04069	0.499964	0.318792	0.0293109
20120	0.0525431	0.0594313	4.26147	2.13905	0.501952	1.33654	-2.63325	3.87124	1.85575	0.47937	4.39787	0.824324	0.491203	0.31223	0.0292335
20121	0.125107	0.0829244	3.81678	2.00136	0.524359	1.42106	-2.68442	3.60106	1.84959	0.513625	4.55984	0.839746	0.519148	0.332181	0.0292493
20122	0.185835	0.110614	3.89172	1.96321	0.504457	1.31631	-2.64082	3.9682	1.97241	0.497055	5.92378	0.638985	0.50072	0.32484	0.0293933
20123	0.133729	0.154322	3.9457	2.14355	0.543263	1.44136	-2.54824	3.73822	1.804	0.482581	4.27148	0.854955	0.513742	0.316374	0.0294117
20124	0.168997	0.131408	3.8609	2.02602	0.524754	1.44527	-2.57683	3.4407	1.80239	0.523843	4.50285	0.814438	0.524325	0.323957	0.0296845
20125	0.106765	0.154259	4.25077	2.18194	0.513305	1.40778	-2.61181	3.99361	1.86795	0.467734	4.5202	0.846325	0.49123	0.320902	0.0299551
20126	0.13453	0.125089	4.33974	2.13099	0.491041	1.41461	-2.59365	3.73829	1.78093	0.476404	4.51089	0.819302	0.484267	0.320934	0.030304
20127	0.165877	0.118573	4.15202	2.15177	0.518248	1.32382	-2.6416	3.99559	1.85792	0.464993	5.68201	0.67041	0.492132	0.322147	0.030575
20128	0.0858384	0.121711	4.00754	2.1178	0.528454	1.34781	-2.63839	3.77068	1.84791	0.490075	4.7836	0.796281	0.509849	0.32455	0.0307685
20129	0.120092	0.0531012	3.94987	1.95789	0.495684	1.4598	-2.62965	3.80075	1.69583	0.446184	4.00995	0.897413	0.47141	0.330074	0.0311442
20130	0.111821	0.0663631	3.93391	2.01139	0.511295	1.38635	-2.69648	3.98185	1.75961	0.441907	4.69908	0.812214	0.476391	0.336125	0.0313703
20131	0.119064	0.0545883	3.82825	1.90962	0.498824	1.34604	-2.69292	3.5726	1.81788	0.508839	5.01422	0.752738	0.503659	0.336229	0.0316227
20132	0.0803726	0.0059932	3.74195	1.76016	0.470386	1.30601	-2.69375	3.6798	1.92564	0.523301	4.85201	0.751093	0.496622	0.330933	0.0318612
20133	0.116435	0.0336289	4.12161	1.89559	0.459915	1.31924	-2.66474	3.81196	1.87939	0.493024	5.03279	0.723376	0.475823	0.325438	0.0319927
20134	0.0211279	0.0384451	4.03552	1.99706	0.49487	1.33217	-2.70278	3.57892	1.83268	0.512076	4.37177	0.859416	0.502957	0.329206	0.0322537
20135	0.0386783	0.0490851	4.02916	1.90655	0.473189	1.35369	-2.72724	3.8409	1.93571	0.503973	4.45739	0.86463	0.488213	0.334122	0.0324994
20136	-0.00254614	0.0231923	4.1545	1.99183	0.479439	1.34451	-2.72809	4.22148	1.93262	0.457806	4.17155	0.907283	0.468536	0.325439	0.0328824
20137	0.069715	0.0656995	3.78233	1.96122	0.518522	1.26425	-2.7501	3.96154	2.00072	0.505036	5.5565	0.713462	0.511623	0.33358	0.0333748
20138	0.141357	0.0611177	4.08055	1.93604	0.474456	1.27352	-2.75719	3.56557	1.78731	0.501268	6.19673	0.640892	0.486959	0.347932	0.0336161
20139	0.00502148	0.0734837	3.92746	1.85596	0.472561	1.1912	-2.77558	3.87245	1.91101	0.493489	5.769	0.703515	0.482951	0.350217	0.0339526
20140	0.140052	0.0866923	3.82235	1.86995	0.489214	1.16593	-2.80968	3.62324	1.75901	0.485479	7.97115	0.526209	0.487397	0.36637	0.033832
20141	-0.045379	0.0255931	3.6465	1.80819	0.495869	1.27691	-2.83546	3.9468	1.72079	0.435997	4.68164	0.874228	0.464749	0.367159	0.0339342
20142	0.0516818	0.0290749	4.08574	1.9575	0.479105	1.10571	-2.88799	3.76982	1.82704	0.484649	7.65927	0.555489	0.481765	0.359955	0.0340412
20143	0.0586044	0.128093	3.81043	1.76273	0.462607	1.083	-2.88879	3.84629	1.87157	0.48659	8.67325	0.524694	0.474655	0.385147	0.0342584
20144	0.0695211	0.1786	3.94569	1.90712	0.483341	1.10864	-2.85778	3.81628	1.85723	0.486659	8.53851	0.539883	0.484973	0.379885	0.0349001
20145	0.0902535	0.101485	3.60583	1.83053	0.507658	1.18327	-2.87974	3.61927	1.80134	0.497709	7.43932	0.597345	0.502674	0.379687	0.0352005
20146	0.0287864	0.106425	3.76275	1.8293	0.48616	1.11201	-2.88661	3.84032	1.76984	0.460857	7.63469	0.586682	0.473379	0.383691	0.0355432
20147	0.183039	0.143452	3.62254	1.89492	0.523091	1.16609	-2.90362	3.98205	1.76673	0.443674	9.60763	0.48319	0.481505	0.38809	0.0355572
20148	0.172805	0.133967	3.78825	1.94461	0.513325	1.12391	-2.92468	3.93104	1.79879	0.457587	10.3419	0.452303	0.484941	0.384654	0.0359176
20149	0.14128	0.158623	3.90029	1.92692	0.494046	1.12873	-2.86369	3.61132	1.74622	0.48354	9.368	0.487531	0.488995	0.383482	0.0362848
20150	0.19776	0.18259	3.98141	1.86427	0.468243	1.27697	-2.77757	3.71412	1.70452	0.45893	7.52352	0.582344	0.463748	0.380475	0.0363555
20151	0.320411	0.229384	3.8285	1.86633	0.487484	1.1101	-2.81024	3.55147	1.62728	0.458198	14.8159	0.311803	0.473391	0.39813	0.0366442
20152	0.177307	0.192856	3.73758	1.79802	0.481067	1.16395	-2.79602	3.77555	1.66711	0.441554	9.17695	0.486729	0.46121	0.392039	0.0370525
20153	0.193747	0.133644	3.88179	1.87055	0.481878	1.16631	-2.79564	3.61676	1.5599	0.431297	9.07168	0.472938	0.457481	0.38486	0.0370895
20154	0.110737	0.161486	3.77004	1.83448	0.486596	1.20071	-2.83621	3.66306	1.77541	0.484679	7.56382	0.594024	0.485651	0.383721	0.0372485
20155	0.0558483	0.0905751	4.10488	1.82807	0.445341	1.17458	-2.83732	3.74248	1.86375	0.497998	6.84953	0.625778	0.470454	0.367409	0.0373727
20156	0.23251	0.156621	3.72742	1.74193	0.467329	1.1087	-2.84739	3.79848	1.99436	0.525042	11.7544	0.383859	0.496458	0.376603	0.0380129
20157	0.0716445	0.111992	3.8245	1.72427	0.450848	1.16763	-2.83541	3.83717	1.81859	0.473939	7.2322	0.600589	0.462413	0.380157	0.0384284
20158	0.145767	0.1874	3.88661	1.81319	0.466523	1.10158	-2.86223	3.73371	1.72376	0.461676	10.18	0.456789	0.464148	0.396752	0.038815
20159	0.233192	0.198377	4.02606	2.04534	0.508026	1.06457	-2.84424	3.56733	1.75887	0.493049	13.3937	0.345592	0.50099	0.378372	0.0390534
20160	0.217939	0.239465	3.81085	1.8029	0.473095	1.06768	-2.92416	3.78618	1.71845	0.453875	13.8611	0.361028	0.463516	0.415517	0.0392634
20161	0.193363	0.169873	3.84962	1.72516	0.448137	1.11082	-2.91465	3.85358	1.74727	0.453416	11.3033	0.420864	0.450778	0.406645	0.0395456
20162	0.115453	0.15939	3.87044	1.88738	0.487639	1.14844	-2.89226	3.95691	1.785	0.451109	8.72727	0.533534	0.469172	0.38811	0.0396941
20163	0.227805	0.216461	3.89489	1.7839	0.45801	1.09486	-2.88075	3.68181	1.66906	0.453326	12.7601	0.375888	0.455734	0.409987	0.0399732
20164	0.236754	0.230133	4.04936	1.93778	0.47854	1.12985	-2.83375	4.07743	1.8227	0.447022	11.7691	0.398815	0.462726	0.384386	0.0403486
20165	0.0580928	0.104873	4.12982	1.96735	0.476377	1.10659	-2.805	3.78524	1.82246	0.481465	7.70215	0.549675	0.47881	0.358497	0.0407369
20166	0.109336	0.113683	3.92173	1.89795	0.483956	1.21157	-2.75666	3.94739	1.81638	0.460147	6.78143	0.607456	0.472013	0.356834	0.0410785
20167	0.194643	0.172719	3.94411	1.97638	0.501097	1.21228	-2.76453	4.00846	1.79908	0.448822	8.33104	0.51779	0.474748	0.363694	0.0409622
20168	0.101211	0.137292	3.79134	1.81561	0.478882	1.20243	-2.76838	3.98585	1.74614	0.438085	6.96219	0.606343	0.457973	0.372218	0.0411559
20169	0.119331	0.0836855	3.96853	1.74014	0.438483	1.22587	-2.74983	3.68179	1.70533	0.46318	6.55716	0.612216	0.450369	0.36823	0.0410524
20170	0.15246	0.184399	3.6475	1.85763	0.509288	1.25465	-2.72187	3.58004	1.59787	0.446328	6.95284	0.607407	0.478102	0.379418	0.0410636
20171	0.137465	0.152361	3.95727	1.86584	0.471497	1.19289	-2.73889	3.62316	1.64126	0.45299	7.50444	0.556959	0.462652	0.373506	0.0415546
20172	0.266249	0.215171	4.01938	1.88249	0.468353	1.17795	-2.81707	3.95695	1.71319	0.432958	11.0617	0.415598	0.450794	0.390092	0.0417339
20173	0.22121	0.255528	3.97843	1.8859	0.474032	1.19891	-2.8367	3.33829	1.55838	0.466821	10.0031	0.477946	0.470742	0.409816	0.0423543
20174	0.216741	0.220589	4.09791	1.87679	0.457986	1.26432	-2.81705	3.48706	1.58983	0.455923	8.40813	0.548709	0.457037	0.399676	0.0426158
20175	0.0581581	0.108206	4.29313	1.87658	0.437112	1.17275	-2.81619	3.62716	1.66193	0.458191	6.88394	0.621161	0.446765	0.376759	0.0425363
20176	0.0141193	0.080944	4.11938	1.89614	0.460299	1.12113	-2.84372	3.73458	1.9383	0.519015	6.97994	0.612732	0.488218	0.358137	0.0429653
20177	0.0797435	0.0392304	3.6919	1.75689	0.475877	1.0734	-2.84271	3.69067	1.80587	0.489306	8.412	0.493675	0.48259	0.368327	0.0430198
20178	-0.0479534	-0.0207948	4.00284	1.81646	0.453793	1.13029	-2.88404	3.7053	1.81437	0.489668	5.90542	0.694125	0.471038	0.360927	0.0433272
20179	-0.1091	-0.0849188	3.58272	1.81917	0.507761	1.07923	-2.90775	3.61219	1.78757	0.494872	5.64285	0.70606	0.50129	0.35592	0.0436934
20180	0.0524136	-0.00104934	3.89942	1.84098	0.472116	1.22641	-2.89469	3.89172	1.81683	0.466844	6.07511	0.689138	0.469482	0.364097	0.0433164
20181	-0.0718135	-0.0354547	4.15462	1.86883	0.449819	1.14186	-2.92777	3.8228	1.8425	0.481977	5.67921	0.736501	0.465229	0.360529	0.0432118
20182	0.00224239	0.0539885	3.53398	1.80683	0.511274	1.01012	-2.96129	3.95856	1.96245	0.495749	8.95025	0.507913	0.503072	0.376297	0.0431652
20183	0.00512691	0.0255683	3.79387	1.78529	0.470573	1.02417	-2.94929	4.18642	1.95409	0.466769	8.52218	0.519221	0.468578	0.371843	0.0433576
20184	0.137935	0.0782241	3.96794	1.7637	0.444487	1.18328	-2.76961	3.87003	1.85497	0.479318	7.4218	0.546373	0.461685	0.359212	0.0434864
20185	0.112377	0.128202	3.43659	1.69914	0.494426	1.23325	-2.76148	3.68743	1.71597	0.465357	6.64635	0.628184	0.47938	0.37949	0.0440439
20186	0.141975	0.124013	3.83899	1.82658	0.475798	1.17772	-2.75503	3.73892	1.77599	0.475	7.7267	0.536379	0.475404	0.365278	0.0444758
20187	0.156345	0.144552	4.1268	1.85626	0.449807	1.2276	-2.80396	3.71773	1.75682	0.472551	7.57562	0.573797	0.460586	0.375721	0.0443783
20188	0.0561652	0.0860201	3.66852	1.77015	0.482523	1.24494	-2.82616	3.92004	1.71147	0.436596	6.0012	0.706591	0.458798	0.378602	0.0443124
20189	0.0465428	0.110616	4.05076	1.97498	0.487558	1.13483	-2.8274	3.73054	1.70447	0.456895	7.28822	0.592183	0.472858	0.369797	0.0442931
20190	0.133585	0.131911	3.85383	2.03057	0.526897	1.08202	-2.8964	3.88761	1.65161	0.424839	10.1949	0.449766	0.475645	0.383838	0.0447739
20191	0.0998885	0.141107	3.63648	1.83652	0.505026	1.11174	-2.90789	3.7855	1.80402	0.476562	9.07999	0.511917	0.490508	0.389765	0.044725
20192	0.0940883	0.182317	3.98054	1.88188	0.47277	1.16063	-2.87707	3.85194	1.75403	0.455363	8.22836	0.568754	0.464209	0.391687	0.0452499
20193	0.174611	0.172687	3.7776	1.86046	0.4925	1.16067	-2.91324	3.83604	1.7495	0.456068	9.79415	0.486156	0.474144	0.397526	0.0450929
20194	0.150176	0.124914	3.86683	1.85287	0.47917	1.18139	-2.89347	3.59537	1.69519	0.471493	8.56739	0.531704	0.475471	0.391085	0.0452634
20195	0.0653378	0.134653	4.06695	1.86996	0.459794	1.11118	-2.85564	3.54844	1.54732	0.436057	8.17513	0.546892	0.448733	0.395584	0.0455384
20196	0.10879	0.169527	3.91927	1.88424	0.480764	1.23976	-2.78696	3.62844	1.64622	0.453698	6.83362	0.639545	0.467753	0.382437	0.0456898
20197	0.181976	0.103218	3.69423	1.81027	0.490026	1.21404	-2.80466	3.717	1.64735	0.443194	7.93856	0.532575	0.466538	0.379534	0.0460807
20198	0.10695	0.132839	3.53844	1.8071	0.510705	1.18463	-2.78934	3.70896	1.58524	0.42741	7.35246	0.580701	0.468078	0.386357	0.0461001
20199	0.149031	0.160412	3.67891	1.90372	0.517469	1.21733	-2.7831	3.59145	1.68412	0.468925	7.59187	0.570627	0.493489	0.376568	0.0465673
20200	0.17466	0.138155	3.91691	1.88087	0.480193	1.08442	-2.88836	3.64088	1.72644	0.474183	11.067	0.413832	0.477298	0.388425	0.0465141
20201	0.139759	0.123527	3.824	1.91245	0.500119	1.06624	-2.87635	4.01563	1.71785	0.427791	10.4842	0.429183	0.463071	0.382732	0.0469236
20202	0.143304	0.119754	3.91284	1.95416	0.499423	1.10789	-2.87737	3.94248	1.77201	0.449466	9.6544	0.465217	0.47435	0.376163	0.0470065
20203	0.0837922	0.150776	3.90727	1.98142	0.507112	1.08604	-2.87747	3.49986	1.8437	0.526792	9.1291	0.502254	0.516411	0.374861	0.0472886
20204	0.185646	0.201219	3.77368	1.88326	0.499052	1.00346	-2.92049	3.61653	1.6518	0.456736	14.5704	0.334413	0.478344	0.408115	0.047598
20205	0.131187	0.122384	3.86926	1.88184	0.486356	1.05195	-2.91809	3.78821	1.75886	0.464297	10.9041	0.423899	0.475443	0.388424	0.0481065
20206	0.20617	0.165285	4.08686	1.94138	0.475031	1.15019	-2.86493	3.80447	1.98093	0.520685	10.3034	0.445589	0.497041	0.369303	0.0483797
20207	0.261302	0.21307	3.5922	1.86275	0.518556	1.16256	-2.87979	3.77282	1.88453	0.499501	11.7766	0.406137	0.508795	0.389686	0.0486994
20208	0.0908137	0.130178	3.78188	1.80825	0.478134	1.08267	-2.88958	3.84821	1.97367	0.512879	9.26936	0.491885	0.495658	0.376209	0.0492028
20209	0.0903729	0.122047	3.68986	1.87539	0.508255	1.10472	-2.919	4.05933	2.01008	0.495175	8.98821	0.514451	0.501403	0.373172	0.0493665
20210	0.213427	0.144633	3.89388	1.90222	0.488515	0.944934	-2.97424	4.02971	1.95431	0.484974	18.1785	0.267551	0.486714	0.38684	0.0496299
20211	0.235703	0.220377	3.59527	1.7497	0.486668	1.02279	-2.95846	4.15711	1.84923	0.444835	16.3116	0.309749	0.464235	0.412559	0.05
20212	0.13484	0.203417	3.91137	1.92961	0.493333	1.08118	-2.92731	3.80807	1.85285	0.486558	10.9445	0.447778	0.489991	0.393258	0.0504677
20213	0.152033	0.165577	3.89782	1.86871	0.479424	1.07268	-2.92228	3.96878	1.8021	0.454069	11.2493	0.423796	0.466632	0.393828	0.0506288
20214	0.149502	0.174766	3.87679	1.90006	0.490113	1.07813	-2.87294	3.86876	1.80849	0.467461	10.7712	0.43117	0.478799	0.38517	0.0509797
20215	0.225999	0.184223	4.26056	1.95947	0.459907	1.17202	-2.88383	3.44308	1.84327	0.535356	10.5179	0.447475	0.493629	0.382387	0.0509474
20216	0.229726	0.188682	3.74165	1.80967	0.483656	1.08485	-2.9061	3.83815	1.8708	0.487422	13.0978	0.365621	0.485563	0.39427	0.0517437
20217	0.205839	0.192988	4.07569	1.74556	0.428285	0.999184	-2.94591	3.95243	2.06719	0.523018	15.6541	0.314698	0.474924	0.392598	0.0521097
20218	0.220923	0.212647	3.79415	1.77352	0.467435	1.17195	-2.95819	3.83156	1.85551	0.48427	11.1163	0.452227	0.475894	0.409322	0.0524725
20219	0.146095	0.233066	3.69744	1.78967	0.484028	1.0598	-2.92168	3.97043	1.91618	0.482612	11.9211	0.417431	0.483295	0.40182	0.0525266
20220	0.194449	0.20279	3.91941	1.89638	0.483844	0.950413	-2.96631	3.93927	1.76851	0.448942	17.574	0.285741	0.466349	0.406683	0.0526892
20221	0.199064	0.22739	3.68679	1.8602	0.504559	1.17342	-2.83474	3.93822	1.83301	0.465442	9.87667	0.474687	0.484355	0.388394	0.0531067
20222	0.238883	0.211239	3.94215	1.96897	0.499466	1.1893	-2.84144	4.10839	1.92198	0.467819	10.3165	0.451647	0.483316	0.374628	0.0534157
20223	0.192688	0.241991	4.11654	2.08052	0.505406	1.1599	-2.87796	3.75702	1.89141	0.503434	10.4053	0.467746	0.504465	0.380032	0.053442
20224	0.225402	0.235422	3.82237	2.08782	0.546211	1.08927	-2.88709	3.80341	1.81347	0.4768	13.0651	0.373134	0.511592	0.384658	0.0533632
20225	0.208315	0.211303	3.65911	1.92937	0.527278	1.03719	-2.84597	3.65013	1.72542	0.4727	13.6046	0.34352	0.500023	0.390125	0.0536342
20226	0.283509	0.268356	3.83407	1.86379	0.486112	1.18852	-2.84071	3.87928	1.85862	0.479113	11.802	0.409518	0.482592	0.393763	0.0539494
20227	0.326135	0.299108	3.85628	1.76518	0.457741	1.1142	-2.9134	3.97385	1.80934	0.455312	16.6175	0.310521	0.456508	0.419331	0.0543373
20228	0.165021	0.315118	3.85953	1.86728	0.483809	0.952769	-2.98346	3.61851	1.71643	0.474347	17.5339	0.310274	0.479231	0.431629	0.0544161
20229	0.384599	0.400638	3.52537	1.6856	0.478133	0.916934	-3.02041	3.76518	1.83343	0.486942	41.3	0.14169	0.482682	0.454109	0.0545512
20230	0.379131	0.381491	3.89328	1.86371	0.4787	0.847857	-3.05591	3.84477	1.71994	0.447344	53.7804	0.109852	0.463121	0.451963	0.0551224
20231	0.342566	0.342066	3.77207	1.77661	0.470991	0.947559	-3.04542	3.69735	1.70985	0.462453	31.3512	0.183008	0.466765	0.451527	0.0550402
20232	0.345685	0.376639	3.70697	1.80736	0.487557	0.933782	-3.05599	3.58706	1.65055	0.460139	34.0688	0.172928	0.474074	0.460134	0.0551728
20233	0.332881	0.340759	3.7516	1.78472	0.475723	0.833924	-3.12633	3.61098	1.6444	0.45539	47.8827	0.125522	0.46575	0.46718	0.055409
20234	0.281578	0.297655	3.72323	1.71106	0.459564	0.857746	-3.07342	3.62644	1.74747	0.48187	34.2326	0.165984	0.47057	0.451113	0.0556889
20235	0.281228	0.248305	4.08154	1.90324	0.466305	0.918836	-3.11663	3.94801	1.86543	0.4725	27.8513	0.203272	0.469351	0.429056	0.0558097
20236	0.297082	0.306667	3.72294	1.68144	0.451643	0.93526	-3.07482	3.925	1.93233	0.492315	28.0757	0.203636	0.472516	0.441786	0.0559836
20237	0.312723	0.251878	3.63328	1.78559	0.491453	0.901663	-3.05541	3.71628	1.80896	0.486768	31.5357	0.173425	0.489084	0.432182	0.0563582
20238	0.133347	0.221252	3.68698	1.73417	0.47035	0.923137	-3.07499	4.01017	1.85221	0.461878	17.4186	0.311884	0.465936	0.431098	0.0565818
20239	0.239852	0.226645	3.84975	1.92666	0.500463	0.925233	-3.09222	4.10437	1.95817	0.477093	23.4484	0.234874	0.488404	0.414928	0.0567825
20240	0.320996	0.22826	3.91781	1.83817	0.469182	0.968377	-3.01991	3.59779	1.77718	0.493965	25.1743	0.209551	0.481046	0.421943	0.0574445
20241	0.230344	0.230305	4.00436	1.92638	0.481071	1.00803	-3.02694	3.90648	1.7837	0.456601	17.5424	0.3024	0.468988	0.417005	0.0577338
20242	0.312885	0.296305	4.0907	1.98037	0.484115	1.04913	-2.93936	3.4957	1.78535	0.510727	19.3145	0.271028	0.496377	0.41017	0.0581233
20243	0.369108	0.342508	3.75468	1.86398	0.496441	1.09988	-2.94678	3.80305	1.79469	0.471909	20.2599	0.267016	0.484096	0.425178	0.0581229
20244	0.225434	0.255035	3.82494	1.75483	0.458787	1.10965	-2.91366	4.03228	1.74062	0.431672	12.8424	0.390916	0.444871	0.41809	0.058046
20245	0.239373	0.245549	3.96046	1.80016	0.454534	1.07621	-2.96041	3.63571	1.83472	0.504639	14.6769	0.350147	0.478516	0.414268	0.0584169
20246	0.329531	0.25117	4.14275	1.85914	0.44877	1.01206	-2.91572	4.15274	1.81214	0.436372	21.5289	0.232924	0.442564	0.405926	0.0589577
20247	0.278645	0.288963	3.81763	1.70172	0.445752	1.03828	-2.93081	3.80382	1.88483	0.49551	17.9658	0.28852	0.470586	0.419613	0.0588633
20248	0.307374	0.302035	3.56722	1.65374	0.463593	1.02433	-3.01267	3.94982	1.80305	0.45649	21.3749	0.257013	0.459861	0.4429	0.059339
20249	0.366657	0.278169	3.61022	1.71113	0.473969	0.910052	-3.07947	4.0938	1.90188	0.464575	38.1801	0.147639	0.468977	0.438351	0.0595207
20250	0.3575	0.28076	3.97208	1.83375	0.461658	0.821242	-3.13548	3.90396	1.92983	0.494325	54.2681	0.107528	0.47785	0.436819	0.0595695
20251	0.257677	0.211155	4.10433	1.93841	0.472283	0.77375	-3.20478	3.76365	1.73226	0.460261	43.8123	0.133166	0.466532	0.442934	0.0596258
20252	0.176487	0.173563	3.92532	1.88818	0.481026	0.671204	-3.26338	3.56294	1.67897	0.471232	48.2649	0.122373	0.476366	0.45304	0.060037
20253	0.207354	0.212748	4.0639	1.92042	0.472556	0.769005	-3.24311	3.42684	1.70895	0.498695	37.8598	0.157726	0.484514	0.451475	0.060262
20254	0.233578	0.226035	4.02136	1.87129	0.465337	0.795258	-3.19891	3.68752	1.60528	0.435327	37.1817	0.157743	0.450982	0.457685	0.0603316
20255	0.279376	0.244291	3.7274	1.931	0.518056	0.7862	-3.19942	3.32773	1.59762	0.480093	46.1676	0.128435	0.50015	0.456708	0.0609313
20256	0.324742	0.293889	3.78294	1.90783	0.504324	0.723118	-3.29896	3.49339	1.66816	0.47752	81.3374	0.079352	0.491455	0.474486	0.0609882
20257	0.23731	0.26744	3.94396	1.85565	0.470504	0.729591	-3.23813	3.8001	1.74379	0.458881	50.71	0.12117	0.4648	0.460616	0.0610909
20258	0.294012	0.252105	3.88662	1.91712	0.493261	0.718225	-3.28677	3.50362	1.6811	0.479817	69.5924	0.0899786	0.486887	0.465402	0.0613772
20259	0.257072	0.262511	3.62355	1.93708	0.53458	0.794772	-3.1744	3.52929	1.73201	0.490752	40.856	0.144561	0.512955	0.446063	0.061776
20260	0.353374	0.296884	3.86791	1.81039	0.468054	0.857987	-3.18519	3.5086	1.58742	0.452437	47.6168	0.127317	0.460626	0.471614	0.0621525
20261	0.396188	0.348117	3.92661	1.79231	0.456451	0.822861	-3.2392	3.55995	1.6162	0.453996	70.6887	0.0910247	0.455284	0.485689	0.0623993
20262	0.305907	0.335071	4.02223	1.95587	0.486265	0.760221	-3.25265	3.5297	1.6142	0.457318	62.3627	0.103201	0.472735	0.474187	0.0627218
20263	0.260159	0.284038	3.72386	1.84751	0.496127	0.607568	-3.30731	3.91583	1.85122	0.472752	106.864	0.0603467	0.484146	0.465871	0.0631418
20264	0.26516	0.222935	3.77278	1.88848	0.500555	0.734825	-3.28268	3.73727	1.79412	0.48006	55.7123	0.110293	0.490356	0.454952	0.0634724
20265	0.167553	0.190453	3.82569	1.99593	0.521717	0.73093	-3.22266	3.85311	1.68198	0.436525	36.7032	0.158696	0.478969	0.442039	0.0633575
20266	0.227971	0.164369	3.75301	1.80314	0.480452	0.80062	-3.30049	4.04334	1.82178	0.450565	36.6095	0.163963	0.464952	0.453067	0.0638915
20267	0.164819	0.213101	3.84185	1.94044	0.50508	0.642989	-3.30528	3.78351	1.70606	0.45092	54.1404	0.114323	0.478207	0.459202	0.0639265
20268	0.329913	0.236647	3.96276	2.09073	0.527595	0.614728	-3.3692	3.68589	1.66795	0.452522	160.283	0.0405599	0.491417	0.463876	0.0643779
20269	0.154582	0.16418	3.91177	1.96088	0.501278	0.583019	-3.37333	3.77123	1.71828	0.455629	68.1744	0.091779	0.478871	0.459679	0.0647636
20270	0.202229	0.160029	4.14138	1.96247	0.473868	0.627046	-3.36627	3.92236	1.87893	0.47903	68.9025	0.0902349	0.476379	0.447413	0.0652215
20271	0.0790535	0.108989	3.93601	1.91241	0.485875	0.580364	-3.35978	3.77902	1.92035	0.508162	47.8781	0.125656	0.496792	0.439847	0.0656913
20272	0.138711	0.116398	3.74577	1.92048	0.512706	0.564833	-3.36587	3.4635	1.71424	0.494946	66.7814	0.09079	0.504174	0.454882	0.0658998
20273	-0.0219165	0.014692	4.19921	2.0875	0.497117	0.536316	-3.38966	3.51666	1.76529	0.501979	37.191	0.155812	0.499333	0.429355	0.0659923
20274	-0.0192302	0.00220327	3.92438	1.96062	0.499599	0.525943	-3.4628	3.92169	1.78435	0.454994	40.3961	0.148607	0.477304	0.445029	0.0659987
20275	0.0626058	-0.0106931	4.12241	2.02605	0.491473	0.550376	-3.45821	3.73593	1.73006	0.463085	49.9555	0.11896	0.477977	0.441798	0.0667207
20276	-0.0401476	-0.0549489	3.78693	1.69464	0.447496	0.503261	-3.45158	3.60052	1.68504	0.467999	39.0699	0.147647	0.457489	0.46058	0.067218
20277	-0.024439	-0.0214602	3.78736	1.791	0.472889	0.588219	-3.41364	3.80696	1.70972	0.449105	30.6565	0.187675	0.460966	0.451202	0.0673963
20278	-0.0548363	-0.0333808	3.87443	1.80609	0.466156	0.579903	-3.46622	4.00761	1.82113	0.454419	29.2493	0.201447	0.460189	0.448313	0.0676307
20279	-0.127594	-0.0975832	4.02577	1.87312	0.465282	0.606791	-3.50988	3.88509	1.89154	0.486871	21.5896	0.269661	0.475885	0.43618	0.0676141
20280	-0.0329876	-0.0598782	3.83865	1.94513	0.506724	0.522787	-3.48892	3.54832	1.74578	0.492003	38.0669	0.154443	0.499653	0.443466	0.0673801
20281	0.0896903	0.0397834	3.71468	1.81609	0.488896	0.461972	-3.53918	3.73001	1.85578	0.497527	92.4212	0.0692969	0.49322	0.465966	0.0675051
20282	0.0714263	0.0749693	3.78889	1.88424	0.497306	0.439358	-3.54902	3.57342	1.94213	0.543494	97.015	0.0676868	0.519724	0.461933	0.0680056
20283	0.0811243	0.0405597	3.76768	1.84	0.488365	0.427068	-3.56605	3.71126	1.76342	0.475156	108.689	0.0598385	0.48181	0.474486	0.0681025
20284	-0.0566002	0.0445233	3.87064	1.77861	0.459513	0.41914	-3.6076	3.69049	1.73034	0.468865	58.9319	0.113164	0.464077	0.487379	0.0685064
20285	0.0369159	0.00304336	3.68196	1.82492	0.495639	0.398227	-3.56965	3.5701	1.80624	0.505934	97.7753	0.0652729	0.500707	0.467868	0.0688876
20286	0.000264342	-0.00496408	3.96611	1.90812	0.481106	0.446198	-3.56271	3.99996	1.86958	0.467398	63.6515	0.0994283	0.474223	0.455951	0.0693806
20287	0.0782081	0.00199678	3.97265	1.99859	0.503089	0.376533	-3.57946	3.81516	1.7525	0.459351	144.125	0.044499	0.481662	0.461003	0.0695574
20288	-0.0214185	0.0378873	4.02335	1.92058	0.477357	0.326311	-3.62894	4.04266	1.81826	0.449769	111.198	0.0604578	0.46353	0.473546	0.0693976
20289	0.0814625	0.0574309	4.07784	1.90059	0.466078	0.376571	-3.67726	3.53145	1.75156	0.495988	160.157	0.0435444	0.479959	0.488557	0.0697414
20290	0.116853	0.067171	3.89322	1.82088	0.467705	0.319234	-3.62443	3.99357	1.77572	0.444644	332.728	0.020479	0.456028	0.486587	0.0703695
20291	0.0304209	0.0288279	3.90946	1.82685	0.46729	0.351761	-3.63295	3.98311	1.67796	0.421268	129.854	0.0516296	0.444064	0.488993	0.0707408
20292	0.0563832	-0.0169263	3.59519	1.80812	0.502927	0.305977	-3.64252	3.7786	1.72527	0.45659	211.003	0.0311486	0.479182	0.482003	0.0710101
20293	0.000601949	0.0319924	4.01197	2.03394	0.506968	0.339399	-3.65471	3.83172	1.74816	0.456235	118.412	0.0573918	0.482184	0.473373	0.0711094
20294	0.018036	-0.00573376	4.12728	1.78848	0.433331	0.337403	-3.6596	3.48074	1.6907	0.48573	130.896	0.0509975	0.457304	0.489747	0.071392
20295	-0.0785515	-0.0397608	3.80976	1.8129	0.475858	0.45158	-3.59331	3.78748	1.76076	0.464891	44.932	0.14052	0.470391	0.469166	0.0718401
20296	-0.00365804	-0.017496	4.03943	1.82153	0.450937	0.404699	-3.58368	3.8375	1.7115	0.445993	76.2652	0.0833779	0.448528	0.473785	0.0720321
20297	-0.0961782	-0.0704544	3.66042	1.80988	0.494446	0.43943	-3.58246	3.80511	1.72165	0.452458	42.9949	0.143438	0.473045	0.466264	0.0725043
20298	-0.0115236	-0.0747913	4.19105	1.83926	0.438854	0.427661	-3.52637	4.09298	1.65191	0.403596	61.765	0.0964415	0.421434	0.460491	0.0727272
20299	-0.128277	-0.165566	3.85912	1.75662	0.455187	0.473177	-3.54604	3.75125	1.68166	0.448294	31.5901	0.180873	0.451789	0.453948	0.0727905
20300	-0.141024	-0.201379	3.75116	1.84374	0.491511	0.457167	-3.54492	3.98886	1.73037	0.433802	31.2415	0.178917	0.46177	0.438944	0.0725724
20301	-0.299994	-0.235626	4.08683	1.89088	0.462676	0.603711	-3.46497	3.72807	1.77147	0.47517	12.7696	0.408341	0.468636	0.415971	0.072908
20302	-0.23882	-0.186358	3.97349	1.81263	0.456181	0.589501	-3.46994	3.54215	1.76823	0.499198	15.7144	0.343058	0.476455	0.429589	0.0730019
20303	-0.372363	-0.256969	3.64936	1.74392	0.47787	0.666332	-3.41879	3.66078	1.72692	0.471735	9.26613	0.539444	0.474798	0.418753	0.0732066
20304	-0.113344	-0.217537	3.65237	1.82925	0.500839	0.573607	-3.41655	3.72612	1.61502	0.433434	21.6861	0.235951	0.466799	0.426335	0.0731458
20305	-0.166948	-0.214605	3.62306	1.77887	0.490984	0.564683	-3.45624	3.65592	1.65646	0.45309	19.631	0.267642	0.471952	0.433459	0.073361
20306	-0.225421	-0.279218	3.65251	1.84255	0.50446	0.558148	-3.49654	3.64959	1.79423	0.491624	16.8591	0.306991	0.498045	0.41586	0.0734431
20307	-0.313548	-0.308904	3.48244	1.75605	0.504259	0.560696	-3.47617	3.27948	1.66779	0.508553	13.1252	0.382151	0.506341	0.422915	0.0741253
20308	-0.315667	-0.317365	3.7983	1.85335	0.487941	0.562126	-3.50707	3.81836	1.79504	0.470107	13.2044	0.385261	0.479	0.410907	0.0745115
20309	-0.294009	-0.335542	4.08375	1.9694	0.482253	0.628661	-3.42477	3.85075	1.98266	0.514877	11.21	0.42566	0.498086	0.376557	0.074706
20310	-0.344938	-0.343213	3.91033	1.78655	0.45688	0.590915	-3.42171	4.13563	1.93491	0.467862	10.8209	0.43791	0.462525	0.389117	0.0748187
20311	-0.427878	-0.369286	3.67244	1.82921	0.498092	0.57966	-3.41526	3.7086	1.75058	0.472033	9.13966	0.507567	0.484999	0.393301	0.0748391
20312	-0.36523	-0.290868	3.59681	1.78331	0.495802	0.563201	-3.39928	3.88638	1.68232	0.432876	11.2093	0.430992	0.463121	0.410848	0.0746601
20313	-0.250499	-0.222704	3.75824	1.84887	0.49195	0.629747	-3.3711	3.57562	1.63838	0.458209	12.793	0.387417	0.4755	0.415538	0.0748078
20314	-0.269682	-0.277592	3.96408	2.01771	0.508998	0.650022	-3.33695	3.47696	1.45769	0.419244	11.0654	0.422927	0.467059	0.402492	0.074726
20315	-0.354867	-0.304482	3.95136	1.9266	0.487578	0.645617	-3.27672	3.5066	1.51462	0.431934	8.82566	0.500484	0.461415	0.391029	0.0752772
20316	-0.344479	-0.254477	3.98243	1.85449	0.465667	0.656166	-3.29976	3.67426	1.51664	0.412775	9.26178	0.500645	0.440286	0.40761	0.0755402
20317	-0.442346	-0.303341	3.8299	1.97099	0.514633	0.713232	-3.33301	3.59403	1.60906	0.447704	6.87369	0.667681	0.482231	0.390725	0.0761528
20318	-0.249725	-0.270913	3.91213	1.84797	0.472368	0.717469	-3.27263	3.62142	1.62425	0.448512	9.63192	0.467733	0.4609	0.393597	0.0767532
20319	-0.196405	-0.236674	4.05317	1.73895	0.429034	0.738514	-3.27749	3.65907	1.6141	0.441122	10.5787	0.437036	0.434769	0.408201	0.0770033
20320	-0.272964	-0.261047	3.82368	1.74298	0.455838	0.835723	-3.24862	3.93047	1.60678	0.408801	7.26138	0.614594	0.431996	0.39993	0.0773917
20321	-0.25426	-0.301902	3.82154	1.76847	0.462764	0.699214	-3.28828	3.65708	1.57231	0.429935	9.81008	0.454556	0.44671	0.400382	0.077606
20322	-0.334245	-0.258626	3.79714	1.79949	0.473906	0.689719	-3.3169	3.79184	1.68649	0.444768	8.92036	0.524251	0.459347	0.401591	0.078125
20323	-0.208905	-0.29493	3.78302	1.69982	0.44933	0.714711	-3.33038	3.86312	1.7842	0.461854	10.801	0.426532	0.455657	0.39813	0.0782227
20324	-0.212688	-0.309226	3.73711	1.65476	0.442791	0.71239	-3.32543	3.94889	1.75311	0.44395	10.6308	0.427884	0.443387	0.400379	0.0785516
20325	-0.327393	-0.295348	3.78108	1.78791	0.472856	0.704219	-3.31943	4.02326	1.66338	0.413442	8.59321	0.532112	0.442227	0.398594	0.0784683
20326	-0.255945	-0.260515	3.7216	1.89247	0.508509	0.750186	-3.29693	3.6385	1.74527	0.479668	9.1078	0.506149	0.494251	0.387982	0.0790265
20327	-0.265333	-0.224354	3.88728	1.95214	0.502186	0.676551	-3.34492	4.02528	1.70138	0.422673	10.9767	0.443573	0.461736	0.400002	0.0793712
20328	-0.190713	-0.260119	4.2324	1.87508	0.443031	0.597249	-3.36946	3.77961	1.87	0.49476	15.5714	0.310442	0.467434	0.392357	0.0793426
20329	-0.228755	-0.251793	3.74092	1.86611	0.498838	0.63105	-3.37351	3.50792	1.65764	0.472542	13.1822	0.369632	0.486113	0.408891	0.0789359
20330	-0.254925	-0.308768	3.94326	1.81901	0.461297	0.553983	-3.42021	3.88392	1.73354	0.446339	14.7953	0.327166	0.453875	0.405334	0.0789781
20331	-0.242637	-0.313899	3.51131	1.70008	0.484174	0.55319	-3.42663	3.59619	1.69568	0.471521	15.2984	0.316671	0.477772	0.41646	0.0788883
20332	-0.339024	-0.340033	4.05018	1.78288	0.440198	0.597294	-3.40159	3.48731	1.6989	0.487166	10.6915	0.438346	0.461928	0.402396	0.0795053
20333	-0.425465	-0.374985	3.88066	1.68407	0.433966	0.631989	-3.35487	3.53605	1.68571	0.47672	7.941	0.559104	0.45435	0.397265	0.0799646
20334	-0.396672	-0.399368	3.87531	1.86297	0.480729	0.657431	-3.36697	3.67477	1.8111	0.492846	7.92583	0.555567	0.486626	0.374822	0.0801783
20335	-0.403215	-0.419438	4.17785	1.8238	0.436539	0.690632	-3.33273	3.67665	1.78711	0.486072	7.09341	0.59825	0.459725	0.37024	0.0805221
20336	-0.3897	-0.476358	3.74345	1.86382	0.497888	0.688806	-3.28552	3.40442	1.74731	0.513248	6.78438	0.581587	0.505204	0.35342	0.0810145
20337	-0.436694	-0.439601	3.89097	1.86306	0.478818	0.67849	-3.31821	3.93063	1.80416	0.459	6.66304	0.621817	0.468859	0.361095	0.0812539
20338	-0.413856	-0.421672	3.86931	1.94722	0.503247	0.83204	-3.2291	3.64271	1.62602	0.446376	5.07753	0.776128	0.475669	0.35555	0.0816434
20339	-0.532705	-0.519841	3.78683	1.92293	0.507795	0.930645	-3.1243	3.67302	1.62562	0.442584	3.16766	1.0707	0.475687	0.323467	0.0817524
20340	-0.664667	-0.543302	4.03567	1.88458	0.466979	0.930037	-3.05066	3.54652	1.63644	0.461423	2.47214	1.27154	0.464381	0.308726	0.0818483
20341	-0.448955	-0.476082	3.95759	1.90732	0.481939	1.03005	-3.03031	3.79827	1.66546	0.438479	2.9825	1.09373	0.460656	0.313537	0.0823204
20342	-0.533892	-0.512847	3.3704	1.73714	0.515411	0.994131	-2.98809	3.78151	1.60539	0.424536	2.62406	1.16743	0.467361	0.314353	0.082496
20343	-0.549541	-0.558505	3.87814	1.95825	0.504947	0.960764	-2.99889	3.47198	1.61203	0.464295	2.61088	1.14051	0.485744	0.294396	0.0828556
20344	-0.533495	-0.566437	3.91103	1.86998	0.478129	0.970257	-3.02633	3.2392	1.60678	0.496044	2.67596	1.13063	0.486245	0.303294	0.0830907
20345	-0.538257	-0.599517	3.99516	1.92764	0.482494	0.975835	-3.0189	3.61374	1.66334	0.460281	2.55331	1.14624	0.471944	0.289627	0.0832089
20346	-0.517181	-0.590082	3.969	1.96737	0.495683	0.957084	-3.03414	3.85989	1.71564	0.444478	2.74834	1.08673	0.470437	0.288597	0.0837595
20347	-0.525028	-0.542607	3.65073	2.04207	0.559359	0.915229	-3.12416	3.82294	1.81915	0.475851	3.2128	1.03717	0.516643	0.301536	0.0842744
20348	-0.446268	-0.476858	3.8218	1.92474	0.50362	0.801093	-3.16684	3.70969	1.74691	0.470904	4.65066	0.777955	0.487506	0.330182	0.084108
20349	-0.395432	-0.471547	3.88576	2.03837	0.524574	0.849079	-3.14005	3.90267	1.75919	0.450766	4.59767	0.774404	0.48759	0.319273	0.0840382
20350	-0.557519	-0.500801	3.89576	1.93771	0.49739	0.819251	-3.14038	3.67173	1.82851	0.497998	3.67575	0.947747	0.497685	0.316343	0.0840154
20351	-0.522636	-0.50743	3.95287	1.79322	0.453649	0.827131	-3.15158	3.79785	1.73999	0.458151	3.83754	0.910935	0.455855	0.33108	0.084043
20352	-0.372964	-0.467115	3.53468	1.77123	0.5011	0.86205	-3.14666	3.64032	1.70264	0.467717	4.70736	0.76263	0.484163	0.340791	0.0842695
20353	-0.420028	-0.446693	3.8436	1.84178	0.479181	0.853511	-3.16688	3.82331	1.81549	0.474847	4.56219	0.81095	0.47702	0.336014	0.0843759
20354	-0.460671	-0.430816	3.9412	1.93575	0.491158	0.701407	-3.19214	3.82365	1.77432	0.464038	5.64629	0.675212	0.477803	0.339522	0.0846331
20355	-0.503879	-0.516225	3.85853	1.83037	0.474368	0.838078	-3.14851	3.54468	1.62827	0.459357	3.84759	0.900424	0.467181	0.333818	0.0849799
20356	-0.547458	-0.511151	3.98748	2.04359	0.5125	0.855041	-3.16701	3.59411	1.73056	0.481499	3.58594	0.983502	0.497804	0.318552	0.0853028
20357	-0.677938	-0.578361	3.95269	1.95201	0.493843	0.874636	-3.11479	3.88856	1.73719	0.446745	2.66894	1.20524	0.470486	0.30371	0.0852976
20358	-0.526585	-0.508078	4.02413	1.88912	0.469448	0.834257	-3.1234	3.58023	1.66766	0.465796	3.69346	0.925945	0.467729	0.324783	0.0855553
20359	-0.580989	-0.575278	4.27039	1.9387	0.453986	0.813745	-3.12987	3.4709	1.69554	0.488502	3.35474	0.972642	0.469461	0.309938	0.0854882
20360	-0.617354	-0.581421	3.80166	1.81042	0.476218	0.834778	-3.12744	3.58307	1.6788	0.468538	3.07406	1.05434	0.472492	0.317256	0.0864028
20361	-0.674923	-0.66392	3.72958	1.81384	0.486338	1.00954	-3.04863	3.9454	1.76552	0.447488	2.00423	1.41871	0.466366	0.284384	0.0866718
20362	-0.543974	-0.583202	3.85876	1.79985	0.466434	1.01232	-3.02463	3.83217	1.65321	0.431403	2.46098	1.21102	0.448979	0.301558	0.0867378
20363	-0.616602	-0.538665	4.10361	1.85191	0.451289	0.912349	-3.02884	3.68798	1.60397	0.434919	2.65262	1.16885	0.443541	0.309777	0.0873806
20364	-0.600624	-0.538095	4.02857	1.91285	0.474822	0.999504	-3.03747	3.72545	1.57909	0.423865	2.43979	1.2802	0.450339	0.309134	0.0879
20365	-0.510385	-0.534192	3.70899	1.63701	0.441364	0.929568	-3.06168	3.48258	1.67369	0.480589	3.08093	1.03673	0.460359	0.325524	0.0882607
20366	-0.521424	-0.508934	3.57325	1.74254	0.487662	0.860326	-3.12151	3.72119	1.74978	0.470219	3.57501	0.954617	0.478764	0.328343	0.0881563
20367	-0.500815	-0.461889	4.13411	1.86802	0.451855	1.00156	-3.10912	3.89248	1.87976	0.48292	3.10474	1.12857	0.46692	0.318662	0.0884289
20368	-0.386691	-0.401435	3.84212	2.04656	0.532664	0.899899	-3.13921	3.75249	1.89964	0.506233	4.52808	0.827657	0.519605	0.322074	0.0889454
20369	-0.401619	-0.405292	3.8855	1.97641	0.508663	0.87907	-3.15401	3.59343	1.83015	0.509303	4.60651	0.820082	0.508971	0.331756	0.0888986
20370	-0.436491	-0.441778	4.01974	1.989	0.494808	0.88095	-3.20091	3.64856	1.7154	0.470159	4.38613	0.867825	0.48308	0.339508	0.088876
20371	-0.416201	-0.433159	3.94435	2.04235	0.51779	0.765157	-3.20449	3.66757	1.76883	0.48229	5.5032	0.697803	0.500685	0.33513	0.0892555
20372	-0.412069	-0.431627	3.89649	1.89084	0.485267	0.809586	-3.24344	3.86789	1.84012	0.475742	5.29755	0.74622	0.480522	0.346423	0.0889109
20373	-0.397502	-0.442697	3.91752	1.86834	0.476918	0.771882	-3.30345	3.49336	1.75612	0.502701	5.98474	0.68373	0.489071	0.36093	0.089294
20374	-0.459259	-0.430491	3.70095	1.81276	0.48981	0.743502	-3.27839	3.83414	1.89123	0.493261	5.60649	0.723317	0.491566	0.353877	0.089466
20375	-0.422841	-0.448369	3.6737	1.76895	0.481518	0.718049	-3.26934	4.17532	1.82209	0.436396	6.11376	0.650815	0.457515	0.356617	0.0894568
20376	-0.460352	-0.465217	3.94715	1.83509	0.464915	0.780742	-3.23391	3.9636	1.90851	0.481508	4.97671	0.770156	0.473229	0.338701	0.089414
20377	-0.480456	-0.443111	4.0035	1.91957	0.479472	0.602836	-3.28495	3.56661	1.68327	0.471951	6.8819	0.586761	0.475929	0.359252	0.0894247
20378	-0.449759	-0.442817	3.91762	2.003	0.511279	0.722245	-3.28724	3.93807	1.83542	0.46607	5.89021	0.686796	0.488616	0.345217	0.089488
20379	-0.423543	-0.429526	3.83406	2.03998	0.532069	0.703904	-3.30017	3.76739	1.85389	0.49209	6.48287	0.635569	0.512255	0.346123	0.090364
20380	-0.54718	-0.455875	3.8792	2.02994	0.523288	0.824515	-3.28788	3.58548	1.76516	0.492307	4.26259	0.940773	0.508407	0.345805	0.0906229
20381	-0.361841	-0.347453	4.12253	2.00923	0.487378	0.649511	-3.33847	3.65427	1.76711	0.483574	8.74646	0.511416	0.48559	0.372075	0.0905673
20382	-0.357759	-0.366471	3.67288	1.88872	0.514234	0.77989	-3.31199	3.65351	1.80392	0.493749	6.70356	0.647123	0.504018	0.370151	0.0908335
20383	-0.286521	-0.334423	3.61658	1.82216	0.503835	0.57228	-3.4118	4.02846	1.91352	0.475	12.8404	0.36877	0.488641	0.388039	0.0909007
20384	-0.303579	-0.316474	4.00315	2.10504	0.525845	0.597781	-3.37137	3.86307	1.86597	0.483029	11.4868	0.406225	0.504818	0.370209	0.0911467
20385	-0.346605	-0.328358	3.93482	1.87546	0.476632	0.584513	-3.35498	3.81459	1.84424	0.483471	10.5659	0.433491	0.479999	0.38118	0.0917466
20386	-0.317233	-0.347338	4.1091	1.90366	0.463279	0.587863	-3.3826	3.81632	1.84884	0.484455	11.2461	0.4096	0.473476	0.380454	0.0920178
20387	-0.263129	-0.268208	3.60849	1.78479	0.494608	0.655138	-3.39086	3.62213	1.70113	0.469649	11.564	0.421607	0.482105	0.411646	0.0921874
20388	-0.263551	-0.270754	3.60859	1.77974	0.493195	0.610421	-3.40185	3.88319	1.78493	0.459656	12.8351	0.381913	0.475811	0.407551	0.0925059
20389	-0.177676	-0.154486	3.96727	1.89224	0.476963	0.628602	-3.3662	3.65762	1.81605	0.496512	15.8673	0.325042	0.48634	0.410292	0.0928948
20390	-0.13729	-0.119028	3.97888	1.95673	0.491778	0.607051	-3.3678	3.69335	1.66532	0.450896	19.05	0.277022	0.472098	0.421584	0.0929979
20391	-0.197934	-0.163293	3.96228	1.88118	0.474772	0.653416	-3.35207	3.30084	1.51748	0.459726	14.0292	0.362399	0.467934	0.428029	0.0930305
20392	-0.225732	-0.0990444	3.29306	1.79838	0.546112	0.684998	-3.34337	3.51822	1.60851	0.457194	12.6903	0.414714	0.500183	0.43591	0.0934991
20393	-0.0360032	-0.110637	3.93232	1.95485	0.497124	0.709381	-3.37089	3.86092	1.5186	0.393326	19.1312	0.277799	0.4457	0.433562	0.0936664
20394	-0.0286531	-0.065839	3.8497	1.90618	0.49515	0.584516	-3.41834	3.55835	1.66197	0.467062	29.8936	0.187988	0.481658	0.440674	0.0941065
20395	0.00503608	-0.0083294	3.69617	1.90326	0.514926	0.610403	-3.36752	4.02713	1.83807	0.456421	30.7915	0.183235	0.48442	0.430004	0.0938939
20396	-0.0253571	-0.0737979	3.87681	1.99405	0.514353	0.629678	-3.34218	4.08216	1.89187	0.463448	24.8965	0.214535	0.488244	0.407439	0.094273
20397	-0.0583821	-0.0684463	4.14305	2.11137	0.509618	0.616158	-3.38276	3.80368	1.76226	0.463303	24.142	0.227502	0.48745	0.414964	0.0945484
20398	-0.0346471	0.0100283	4.03815	1.92087	0.475682	0.630486	-3.35401	3.7069	1.72903	0.466436	25.5802	0.221201	0.471257	0.436787	0.0950869
20399	-0.0346241	-0.0523205	3.92473	1.89452	0.482714	0.695622	-3.34681	3.63167	1.66867	0.459478	20.3534	0.26663	0.471546	0.432428	0.0954201
20400	0.0170359	-0.0029172	3.91104	1.88413	0.481745	0.772784	-3.30367	3.7319	1.81922	0.487478	19.0753	0.285578	0.484544	0.423914	0.0956064
20401	-0.0838291	-0.0432168	3.79804	1.89623	0.499264	0.651596	-3.29839	3.86949	1.66456	0.430176	19.5917	0.270425	0.464398	0.426711	0.0960701
20402	0.0488411	-0.0337656	4.08496	1.78668	0.43738	0.723058	-3.36236	3.55674	1.7447	0.490533	24.3738	0.227284	0.462119	0.4397	0.0963558
20403	-0.0261445	-0.00474358	3.55247	1.7308	0.487209	0.67456	-3.37946	3.97795	1.76258	0.443088	23.1956	0.245493	0.463902	0.449166	0.096227
20404	-0.0187591	0.00971813	3.67364	1.84308	0.501704	0.61804	-3.34371	3.77677	1.85173	0.490294	27.7316	0.202756	0.49592	0.432231	0.0960266
20405	0.127108	0.072318	3.78082	1.76209	0.46606	0.690633	-3.30686	3.9427	1.68176	0.426551	35.9581	0.15878	0.445891	0.453357	0.0962299
20406	0.00326096	0.0219638	3.66576	1.73065	0.472113	0.692712	-3.32277	3.81025	1.69005	0.443552	23.5351	0.237671	0.457557	0.449952	0.0965256
20407	0.00861796	0.0663108	3.88232	1.86526	0.48045	0.610996	-3.34459	3.58067	1.75974	0.491456	32.0627	0.18143	0.485731	0.445296	0.0964194
20408	0.203977	0.219687	3.9186	1.89741	0.484205	0.776661	-3.23102	3.65547	1.76398	0.482559	36.3067	0.163983	0.483411	0.448563	0.0967799
20409	0.18679	0.227101	3.92884	1.95463	0.497509	0.723682	-3.21111	4.03556	1.88095	0.466095	41.0102	0.144126	0.481592	0.435311	0.0972809
20410	0.208042	0.21572	3.73175	1.92392	0.515554	0.761845	-3.13315	3.69207	1.8592	0.503566	36.5666	0.153349	0.509592	0.425777	0.0972859
20411	0.237242	0.263194	3.97725	1.83164	0.46053	0.888271	-3.12114	3.71523	1.75825	0.473254	27.0237	0.211919	0.466675	0.443837	0.0974615
20412	0.158556	0.185126	4.14787	1.92384	0.463815	0.741879	-3.18917	3.71869	1.74695	0.469776	33.4617	0.170133	0.466633	0.436882	0.0977137
20413	0.187184	0.176849	3.99229	1.88982	0.473366	0.846969	-3.13604	3.74754	1.77905	0.474725	25.2122	0.217658	0.474024	0.427995	0.0980832
20414	0.131422	0.0690847	3.72365	1.81233	0.486709	0.856568	-3.09437	3.71616	1.69909	0.457216	19.0315	0.262918	0.471977	0.416178	0.0984124
20415	0.111354	0.0710728	3.83787	1.79882	0.468702	1.07268	-3.02993	3.77663	1.78299	0.472112	10.4055	0.462075	0.470393	0.401742	0.098446
20416	0.0957167	0.0932387	3.79996	1.68298	0.442893	0.920305	-3.05399	3.77681	1.81781	0.481308	14.5674	0.339973	0.462042	0.414417	0.0987932
20417	0.148801	0.113133	3.82363	1.85687	0.485629	0.95724	-3.00044	3.56309	1.73943	0.488182	14.8328	0.326787	0.48686	0.402716	0.0988415
20418	0.0542745	0.105331	3.90105	1.89148	0.484863	1.00692	-2.97617	4.01134	1.76963	0.441157	10.4631	0.453769	0.462705	0.393476	0.0992441
20419	0.0685812	0.102435	3.87523	1.84457	0.475988	0.884907	-3.0476	3.96403	1.79251	0.452195	14.8903	0.333194	0.463957	0.405609	0.0998492
20420	0.172884	0.057915	3.9725	1.76072	0.443229	1.00373	-3.04158	3.76816	1.71557	0.45528	13.9168	0.345154	0.449095	0.408715	0.0998735
20421	0.114771	0.0314543	3.89741	1.80014	0.461882	1.03679	-2.98205	3.99401	1.67348	0.418997	10.6824	0.425056	0.440177	0.395373	0.100143
20422	0.0330846	0.0136044	3.96866	1.88976	0.476171	0.954314	-3.02871	3.50817	1.7061	0.486321	10.9062	0.424332	0.480933	0.39166	0.100628
20423	-0.15277	-0.0478478	4.11609	2.03449	0.494278	0.972694	-2.99716	3.58275	1.85854	0.518746	6.86717	0.633334	0.505664	0.358509	0.100484
20424	0.00636833	-0.0435775	3.93775	1.89447	0.481106	0.995102	-3.0455	3.72243	1.72944	0.4646	9.21808	0.488797	0.473085	0.383471	0.10081
20425	-0.0434881	-0.0439508	3.99675	1.79835	0.449953	0.977859	-2.98113	3.77133	1.80893	0.479652	8.27019	0.521574	0.464372	0.374293	0.100912
20426	0.00202488	-0.022416	3.8296	1.77465	0.463402	1.01535	-3.02677	3.68805	1.72841	0.468651	8.79038	0.513411	0.465977	0.391907	0.101599
20427	-0.0994789	-0.0624096	3.615	1.75357	0.485082	0.906608	-3.05675	3.6408	1.64435	0.451646	8.8579	0.506105	0.468304	0.397591	0.102004
20428	-0.0867899	-0.0985482	3.81195	1.83907	0.482448	0.977172	-3.04268	3.44704	1.59858	0.463755	7.65707	0.566008	0.473571	0.38676	0.102108
20429	-0.0763843	-0.062818	4.14929	1.9695	0.474659	0.964319	-3.06588	3.77914	1.76533	0.467126	8.32676	0.541531	0.471068	0.376547	0.102427
20430	-0.154666	-0.118159	4.13482	1.9732	0.477216	0.920114	-3.0856	3.45699	1.61277	0.466525	7.62301	0.577576	0.472348	0.380501	0.102563
20431	-0.118862	-0.150839	3.93571	2.00009	0.508192	1.04675	-3.05761	3.77561	1.7149	0.454204	6.21891	0.679326	0.481758	0.362603	0.103071
20432	-0.140216	-0.147688	4.04716	1.85867	0.459254	0.932338	-2.98974	3.79816	1.66462	0.43827	7.02143	0.575186	0.449095	0.364442	0.103467
20433	-0.0437865	-0.138579	3.64787	1.80898	0.495901	0.971424	-3.00602	3.69378	1.60588	0.434753	7.97771	0.515326	0.465136	0.375876	0.103541
20434	-0.156366	-0.210569	3.86259	1.71423	0.443804	0.994435	-2.98554	3.72508	1.6157	0.433734	5.81456	0.662171	0.43886	0.366453	0.103744
20435	-0.187411	-0.182797	3.60584	1.75224	0.485947	1.0319	-2.96791	3.68923	1.58479	0.429571	5.21742	0.743358	0.457437	0.367652	0.103691
20436	-0.106307	-0.0825221	4.09634	1.90152	0.464201	1.027	-2.96579	3.61183	1.65748	0.458903	6.47253	0.642192	0.461719	0.368786	0.103569
20437	-0.0608082	-0.0964201	3.72766	1.86293	0.49976	0.979031	-3.02662	3.69714	1.73728	0.469897	7.94076	0.540633	0.48489	0.373637	0.103741
20438	-0.0610631	-0.125174	3.79498	1.94614	0.51282	0.951656	-3.04472	3.48909	1.68223	0.482139	8.311	0.5128	0.498124	0.370116	0.103648
20439	-0.162344	-0.155213	3.978	1.85556	0.466455	0.92853	-3.02284	3.63136	1.61852	0.445706	6.91027	0.595004	0.456553	0.371881	0.103896
20440	-0.33221	-0.262901	4.26064	2.03043	0.476554	0.981073	-2.95629	3.89214	1.66737	0.428394	4.20611	0.862356	0.453562	0.329172	0.104609
20441	-0.18786	-0.178882	4.07958	1.90218	0.466269	1.12764	-2.91471	3.5003	1.69488	0.484209	4.32506	0.865276	0.474554	0.342304	0.104685
20442	-0.107949	-0.125902	3.82277	1.74416	0.456256	0.986245	-2.93626	3.49838	1.69167	0.483559	6.5968	0.598631	0.469303	0.365068	0.104916
20443	-0.0364109	-0.122055	3.85266	1.93482	0.502205	1.10276	-2.90307	3.67546	1.72215	0.468554	5.95974	0.648859	0.485775	0.345971	0.105404
20444	-0.0616129	-0.141171	4.10293	1.91848	0.467589	1.09467	-2.91559	3.56442	1.72617	0.484278	5.75723	0.6685	0.475348	0.34566	0.105401
20445	-0.190691	-0.180765	3.94851	1.91917	0.486051	1.05364	-2.95882	4.06373	1.82036	0.447952	4.98432	0.774186	0.466728	0.340458	0.105899
20446	-0.158324	-0.166244	3.45711	1.81641	0.525411	1.0688	-2.92422	3.6737	1.77	0.481804	5.05131	0.752918	0.502946	0.346616	0.106203
20447	-0.218109	-0.173329	4.00157	1.82067	0.45499	1.07002	-2.91511	3.64811	1.87157	0.513026	4.53048	0.82964	0.482667	0.337419	0.106897
20448	-0.166111	-0.209332	4.00591	1.82121	0.454632	1.2155	-2.86816	3.63031	1.75079	0.482271	3.70348	0.954421	0.467772	0.331114	0.10662
20449	-0.323443	-0.228741	3.70431	1.70883	0.461309	1.10201	-2.84841	3.86006	1.70368	0.441362	3.37742	1.01596	0.45113	0.334667	0.106823
20450	-0.316284	-0.27582	3.88214	1.91362	0.49293	1.05435	-2.9435	3.86913	1.80325	0.46606	3.78816	0.939314	0.479518	0.323823	0.106945
20451	-0.311741	-0.277286	3.78662	1.83307	0.484091	1.06482	-2.99346	3.83418	1.83701	0.479113	3.89333	0.947465	0.481587	0.334576	0.107341
20452	-0.266823	-0.31357	3.74464	1.7673	0.471954	1.00338	-3.01922	3.74949	1.8308	0.48828	4.53733	0.806705	0.480122	0.337263	0.107095
20453	-0.567196	-0.518892	3.66569	1.72512	0.470612	0.711738	-3.22814	3.76611	1.80629	0.479617	4.48746	0.817836	0.475175	0.342055	0.10735
20454	-0.507151	-0.509186	3.7371	1.70351	0.455838	0.816388	-3.22158	3.53431	1.76026	0.498051	4.19984	0.875878	0.476356	0.346947	0.107426
20455	-0.544524	-0.500054	3.93456	1.78864	0.454597	0.70068	-3.23561	3.80863	1.81733	0.47716	4.82625	0.775267	0.465695	0.341703	0.107395
20456	-0.59075	-0.560784	3.93397	1.99999	0.50839	0.784105	-3.27147	3.58468	1.79529	0.500824	3.88727	0.945114	0.504782	0.32626	0.107933
20457	-0.474463	-0.557027	3.96041	1.91238	0.482874	0.820357	-3.19072	3.67872	1.77731	0.483134	4.13725	0.838279	0.482999	0.319828	0.107906
20458	-0.520416	-0.536569	3.70408	1.93756	0.523089	0.752708	-3.2206	3.79741	1.77387	0.467127	4.44462	0.810422	0.49476	0.326827	0.108265
20459	-0.572629	-0.561029	3.97065	1.86536	0.469787	0.814736	-3.15714	3.51455	1.64982	0.469426	3.5016	0.962391	0.469617	0.324131	0.108453
20460	-0.420571	-0.497889	3.73725	1.756	0.469863	0.783496	-3.18781	3.62932	1.69516	0.467073	4.9909	0.724888	0.468489	0.344009	0.108953
20461	-0.449319	-0.453115	3.59118	1.90347	0.530041	0.841203	-3.22308	3.82916	1.81166	0.473121	4.60701	0.832723	0.500668	0.34062	0.108878
20462	-0.542131	-0.46952	3.76607	1.72006	0.456725	0.851182	-3.17889	4.24596	1.99219	0.469196	3.78127	0.970661	0.463334	0.330925	0.109059
20463	-0.576553	-0.526545	4.08181	1.89983	0.465438	0.773194	-3.1273	4.02198	1.96208	0.487839	3.71274	0.910909	0.476556	0.304629	0.108904
20464	-0.571157	-0.568242	4.03653	1.91045	0.473289	0.932072	-3.12259	4.2049	1.93318	0.459743	2.88742	1.12985	0.466378	0.298047	0.109052
20465	-0.501022	-0.5024	4.00892	1.84751	0.46085	0.823983	-3.09298	4.00898	1.92683	0.480629	3.82261	0.877818	0.470739	0.307836	0.109294
20466	-0.427978	-0.46134	3.61946	1.76823	0.488533	0.895403	-3.07743	3.7684	1.77652	0.471425	3.90783	0.87567	0.479807	0.325656	0.109234
20467	-0.479252	-0.445339	3.98248	1.87479	0.47076	0.988558	-3.06182	3.5449	1.69435	0.477969	3.17758	1.07723	0.474155	0.324217	0.109393
20468	-0.396475	-0.402391	3.95781	1.94057	0.490315	0.876736	-3.05715	3.65492	1.68623	0.461358	4.34759	0.810533	0.476413	0.327076	0.109337
20469	-0.38672	-0.425503	3.92398	1.75	0.445975	0.913114	-3.10221	3.69221	1.56926	0.425018	4.24057	0.844785	0.435815	0.350609	0.109555
20470	-0.456655	-0.424603	3.87041	1.8165	0.469331	0.790449	-3.18099	3.65593	1.71156	0.468162	4.88512	0.777635	0.468763	0.350077	0.109406
20471	-0.473268	-0.419795	3.9687	1.9402	0.488876	0.858027	-3.17148	3.65609	1.74213	0.476501	4.27218	0.886172	0.482942	0.339637	0.109926
20472	-0.493613	-0.415909	3.94848	1.95084	0.494075	0.739969	-3.221	4.01845	1.90648	0.474431	5.1708	0.760862	0.484167	0.337849	0.1105
20473	-0.423754	-0.437017	3.90549	1.89482	0.48517	0.849609	-3.2256	3.8958	1.79531	0.460831	4.79581	0.810727	0.473015	0.345158	0.110278
20474	-0.352598	-0.359889	3.64013	1.76267	0.484233	0.958497	-3.07461	3.75649	1.72712	0.459768	4.28729	0.859486	0.471808	0.345641	0.110371
20475	-0.385534	-0.338223	3.85223	1.73725	0.450972	0.903597	-3.0478	3.64507	1.75781	0.482242	4.41784	0.830929	0.466175	0.344443	0.110481
20476	-0.374859	-0.359544	4.09914	1.98157	0.483411	1.0769	-2.93179	3.9079	1.75693	0.449584	3.13932	1.0538	0.466901	0.306843	0.11089
20477	-0.403814	-0.40868	3.84657	1.79947	0.467812	1.11257	-2.97351	3.71352	1.80498	0.486058	2.86085	1.14972	0.476774	0.313419	0.111207
20478	-0.335674	-0.405889	3.95996	1.82837	0.461716	0.978046	-3.00555	3.51094	1.68391	0.479618	3.91586	0.86293	0.470129	0.32491	0.111286
20479	-0.373638	-0.387733	3.8295	1.80953	0.472523	0.993398	-2.9657	3.70221	1.68542	0.455247	3.55626	0.934394	0.464031	0.322324	0.111037
20480	-0.462476	-0.417707	3.9982	2.13091	0.532968	1.06276	-2.92816	3.9547	1.77583	0.449043	2.70912	1.16318	0.491235	0.287496	0.111062
20481	-0.58964	-0.556271	4.04858	1.92082	0.474443	1.09428	-2.91572	3.492	1.68672	0.483025	1.96327	1.41779	0.478417	0.27849	0.111355
20482	-0.424676	-0.488764	3.81002	1.81207	0.475608	1.0452	-2.91789	3.62689	1.69113	0.466276	2.73111	1.08026	0.471057	0.296418	0.111524
20483	-0.450389	-0.486072	3.99926	1.74432	0.436159	1.10266	-2.9201	3.70598	1.75041	0.472319	2.45631	1.20598	0.453551	0.297768	0.111604
20484	-0.384242	-0.379229	4.06844	1.86319	0.457961	1.10326	-2.88583	3.57044	1.62865	0.456148	2.83958	1.10633	0.457113	0.310375	0.111771
20485	-0.329006	-0.389985	3.83812	1.85175	0.482462	1.18998	-2.8877	3.69775	1.76588	0.477555	2.70383	1.15366	0.480054	0.301353	0.112108
20486	-0.458758	-0.410889	3.85824	1.83099	0.474566	1.17527	-2.85915	3.92728	1.82503	0.464707	2.2449	1.33502	0.469593	0.290818	0.112665
20487	-0.399079	-0.418415	3.79612	1.89058	0.498029	1.19702	-2.89462	4.05363	1.77587	0.438093	2.40688	1.27376	0.467078	0.294929	0.113221
20488	-0.415366	-0.405243	3.73376	1.75873	0.471035	1.15005	-2.89692	3.81464	1.67468	0.439013	2.53351	1.22526	0.454852	0.311431	0.113485
20489	-0.382302	-0.409014	3.78914	1.69746	0.447979	0.966725	-2.97853	3.72892	1.72765	0.463312	3.62794	0.909937	0.455584	0.325306	0.113491
20490	-0.398494	-0.357477	3.854	1.72515	0.447626	0.938772	-2.99728	3.80244	1.8255	0.480088	3.89678	0.89414	0.463748	0.329263	0.113894
20491	-0.36908	-0.396165	4.0032	1.77966	0.44456	0.997515	-3.00427	3.91147	1.90799	0.487792	3.64224	0.933791	0.465926	0.315714	0.114187
20492	-0.440253	-0.385996	3.7256	1.83578	0.492747	1.06795	-2.93931	4.13447	1.97058	0.476621	2.86608	1.13734	0.484264	0.299919	0.114382
20493	-0.388043	-0.453224	3.99938	1.9807	0.495253	1.04274	-2.92881	3.71895	1.83658	0.493844	2.99369	1.02357	0.494574	0.286513	0.11447
20494	-0.511163	-0.500379	4.13633	2.09326	0.506067	1.10068	-2.88547	3.5127	1.72244	0.490346	2.1896	1.29901	0.498848	0.271615	0.114862
20495	-0.566686	-0.566149	3.92529	1.92017	0.489178	1.10524	-2.91718	3.91871	1.70218	0.434371	1.97737	1.39766	0.461797	0.276237	0.115054
20496	-0.529018	-0.595446	4.15805	1.92956	0.464053	1.09523	-2.93721	3.60861	1.64031	0.454556	2.07864	1.31909	0.45964	0.277576	0.11547
20497	-0.587106	-0.618955	3.8699	2.04902	0.529476	1.03936	-2.93666	3.64002	1.76122	0.483849	2.03061	1.3227	0.507361	0.260701	0.115547
20498	-0.601338	-0.59651	3.66916	1.8618	0.507419	1.10646	-2.91788	3.87005	1.79355	0.463445	1.84764	1.45829	0.484846	0.2694	0.115375
20499	-0.618552	-0.620726	3.71343	1.97568	0.532037	0.939989	-2.94848	3.97062	1.9632	0.494432	2.23069	1.21453	0.512605	0.255996	0.11564
20500	-0.663088	-0.654271	4.12317	2.094	0.507862	1.04126	-2.96633	3.84514	1.86598	0.485282	1.84025	1.45241	0.496966	0.252418	0.116272
