cycle	Zbar1	Gbar1	VP1	VG1	h21	Zbar2	Gbar2	VP2	VG2	h22	h2b	h2b_denom	h2w	Qst	Fst
20000	-0.299409	-0.305488	3.72303	1.86411	0.500696	-2.34424	-0.274115	4.01254	1.87511	0.467312	0.000235391	2.09067	0.483379	6.58347e-05	0.000355812
20001	-0.218721	-0.255607	3.90271	1.86937	0.478991	-2.24368	-0.2192	3.6518	1.7631	0.482804	0.000323245	2.05023	0.480835	9.12597e-05	0.000571305
20002	-0.233654	-0.235826	3.80024	1.8318	0.482023	-2.08729	-0.1156	3.82731	1.88717	0.493079	0.00420671	1.71798	0.487571	0.000971188	0.000827515
20003	-0.251847	-0.317672	3.92334	1.84783	0.470983	-2.06576	-0.0467192	3.83559	1.80154	0.46969	0.0223127	1.64514	0.470344	0.00500663	0.00110187
20004	-0.247088	-0.310717	4.02244	1.85734	0.461743	-1.97575	0.018788	3.7603	1.79437	0.477187	0.0363331	1.49414	0.469205	0.0073819	0.00137808
20005	-0.28105	-0.277533	4.02233	1.83218	0.455501	-1.8768	0.0755507	4.2291	1.91543	0.452916	0.0489583	1.27321	0.454176	0.00825201	0.00164001
20006	-0.265856	-0.262836	3.88685	1.83885	0.473096	-1.76021	0.226985	4.05728	2.00043	0.493048	0.107441	1.11654	0.483286	0.0153902	0.00191953
20007	-0.301806	-0.291442	3.77084	1.78773	0.474093	-1.68699	0.264518	3.57294	1.83948	0.514837	0.161092	0.959368	0.493916	0.0208695	0.00222976
20008	-0.272372	-0.2316	3.78479	1.86887	0.493784	-1.77114	0.268912	3.51318	1.70614	0.48564	0.111522	1.12315	0.489863	0.0172251	0.00240989
20009	-0.13314	-0.1414	3.81562	1.81835	0.476553	-1.67413	0.308641	3.83579	1.60972	0.419659	0.0852912	1.18733	0.448031	0.0145627	0.00271069
20010	-0.124965	-0.135647	3.75733	1.80816	0.481234	-1.64786	0.387772	3.49452	1.51783	0.434347	0.118129	1.15961	0.45864	0.0201873	0.00306069
20011	-0.113414	-0.178617	3.89028	1.86093	0.478355	-1.62907	0.403817	3.87844	1.63837	0.422431	0.147669	1.14861	0.450435	0.0236735	0.00329287
20012	-0.272387	-0.248041	3.75552	1.71761	0.457356	-1.55153	0.404269	3.69782	1.73282	0.468604	0.260057	0.818103	0.462937	0.0299225	0.00351931
20013	-0.252496	-0.230944	3.58926	1.68203	0.468628	-1.61351	0.440041	3.95125	1.814	0.459097	0.243054	0.926173	0.463634	0.0312061	0.00370648
20014	-0.208761	-0.253349	3.62344	1.74341	0.481149	-1.55303	0.47687	3.39615	1.65647	0.48775	0.295075	0.903533	0.484343	0.0377476	0.00396593
20015	-0.204538	-0.201561	3.79561	1.84497	0.486078	-1.55642	0.482759	3.8132	1.69193	0.443703	0.256235	0.913798	0.464842	0.0320556	0.00420817
20016	-0.174768	-0.152494	3.75136	1.91505	0.510495	-1.48184	0.451272	3.70344	1.71481	0.463032	0.213373	0.854218	0.486916	0.0245037	0.00453813
20017	-0.141754	-0.167961	3.95993	1.93646	0.489013	-1.52491	0.497138	3.86302	1.7355	0.449261	0.231223	0.95656	0.469383	0.0292509	0.00478095
20018	-0.296652	-0.198373	3.63436	1.82388	0.501844	-1.42736	0.53849	3.42741	1.63253	0.476317	0.424691	0.63925	0.489455	0.0378065	0.00503245
20019	-0.0528785	-0.126863	3.81558	1.84241	0.482864	-1.43547	0.594697	3.46766	1.65521	0.47733	0.27237	0.955776	0.480229	0.0358966	0.00525024
20020	-0.10344	-0.114387	3.73572	1.76324	0.471994	-1.39376	0.59646	3.70809	1.77867	0.479673	0.3035	0.832459	0.475819	0.0344544	0.00549342
20021	-0.134693	-0.115682	3.71666	1.72492	0.464106	-1.3942	0.540933	3.86003	1.87715	0.486304	0.271782	0.793177	0.475415	0.029068	0.0058323
20022	-0.0786253	-0.0601524	3.73586	1.88317	0.50408	-1.42826	0.642465	3.76519	1.79616	0.477042	0.271022	0.910758	0.490508	0.0324707	0.00619439
20023	-0.0454161	-0.112323	3.55726	1.74705	0.491123	-1.2618	0.699189	3.69526	1.77605	0.480628	0.445093	0.73979	0.485776	0.044666	0.0063281
20024	-0.0639135	-0.13295	3.59486	1.55503	0.432572	-1.23363	0.787895	3.68911	1.80932	0.490449	0.619742	0.684121	0.461885	0.0593033	0.00662816
20025	-0.189932	-0.136529	3.97793	1.69815	0.426894	-1.08456	0.824494	3.85153	1.76124	0.457283	1.15394	0.400179	0.441843	0.0625967	0.00681973
20026	-0.0704179	-0.146328	3.80811	1.74427	0.458041	-1.0684	0.870195	3.91187	1.82226	0.465828	1.03751	0.49798	0.461987	0.0675711	0.00705981
20027	-0.126996	-0.143624	3.70033	1.68362	0.454992	-1.11651	0.87832	3.89706	1.81248	0.465091	1.06662	0.489568	0.460172	0.0695236	0.00727635
20028	-0.18983	-0.170987	3.88885	1.78158	0.458126	-1.04137	0.928933	3.70957	1.7007	0.458463	1.66843	0.362563	0.458291	0.0799514	0.00767139
20029	-0.138153	-0.160566	3.88863	1.75046	0.450147	-0.953932	0.990288	3.51182	1.69612	0.482973	1.9902	0.332747	0.465724	0.0876905	0.00788394
20030	-0.120664	-0.0412902	3.45029	1.66745	0.483278	-1.01082	0.990953	3.87213	1.66687	0.430477	1.34472	0.396188	0.455357	0.0740149	0.008036
20031	-0.00185757	-0.00640115	3.67567	1.64664	0.447983	-1.05612	1.02451	3.68628	1.70693	0.463049	0.956192	0.555732	0.455527	0.0734449	0.00833998
20032	0.00832589	-0.0780542	4.0447	1.75914	0.434925	-0.965637	1.00662	3.77306	1.73607	0.460124	1.24026	0.474302	0.447087	0.0776558	0.00856587
20033	-0.0354068	-0.0572967	3.76233	1.72685	0.458984	-0.927659	1.10157	3.65123	1.81693	0.497622	1.6869	0.398057	0.478013	0.0865817	0.00879909
20034	-0.115681	-0.0857362	3.81967	1.71868	0.449956	-0.744346	1.2062	3.69009	1.71752	0.46544	4.22322	0.19761	0.457565	0.108334	0.00913092
20035	-0.029198	-0.0765903	3.66795	1.72077	0.469137	-0.70933	1.23547	3.5346	1.71601	0.485489	3.72151	0.23129	0.477162	0.111339	0.00941099
20036	-0.114903	-0.0240024	3.77425	1.75214	0.464236	-0.687372	1.22994	3.70308	1.68574	0.455226	4.79786	0.163861	0.459774	0.102655	0.00981874
20037	-0.0164105	-0.0429618	3.72307	1.74996	0.470032	-0.740629	1.23294	4.05545	1.86873	0.460793	3.1038	0.262246	0.465215	0.101142	0.0102707
20038	-0.0231633	-0.00637932	3.83281	1.75517	0.457933	-0.710725	1.25552	3.80445	1.77071	0.465431	3.36843	0.236371	0.461668	0.101499	0.0107398
20039	-0.0163471	-0.0602183	3.75341	1.7239	0.459289	-0.676148	1.34016	3.63092	1.76767	0.486838	4.5047	0.217669	0.472835	0.12318	0.0109807
20040	-0.0446755	-0.0956631	3.66251	1.78334	0.486917	-0.653701	1.36939	3.91116	1.91181	0.488809	5.78681	0.185456	0.487894	0.126859	0.0112835
20041	-0.0741216	-0.0963822	3.66161	1.69639	0.463291	-0.591886	1.45995	4.14688	1.81848	0.438518	9.03525	0.13404	0.450134	0.147024	0.0116047
20042	-0.0172854	-0.0612793	3.8426	1.75897	0.457755	-0.526234	1.5027	4.02409	1.77223	0.440406	9.44304	0.129514	0.448881	0.147673	0.0117458
20043	-0.0658242	-0.0909894	3.76724	1.76372	0.468174	-0.589048	1.46646	3.74731	1.81429	0.484158	8.8604	0.136882	0.476145	0.144983	0.0120028
20044	-0.12058	-0.122905	3.81243	1.88334	0.494	-0.496815	1.50208	3.81968	1.77062	0.463553	18.6543	0.0707766	0.478762	0.153085	0.0122692
20045	-0.151275	-0.204732	3.91512	1.7942	0.458274	-0.487925	1.54755	3.97952	1.77788	0.446757	27.0927	0.0566668	0.452469	0.176957	0.01245
20046	-0.23777	-0.246908	3.82698	1.75755	0.459253	-0.486823	1.59374	3.68526	1.67959	0.45576	54.6206	0.0310137	0.457539	0.197784	0.0127435
20047	-0.258337	-0.242537	3.86495	1.87211	0.48438	-0.43772	1.589	4.04944	1.86482	0.460514	104.248	0.0160892	0.472169	0.183361	0.0129436
20048	-0.234174	-0.186698	3.74265	1.82014	0.486323	-0.459547	1.5727	3.75726	1.76662	0.470189	60.9429	0.0253967	0.47824	0.177541	0.0132098
20049	-0.112023	-0.138228	3.55517	1.83994	0.517538	-0.329176	1.65362	3.68477	1.7912	0.486108	68.0879	0.0235778	0.501542	0.18111	0.013262
20050	-0.188907	-0.19634	3.93021	1.85556	0.472127	-0.277268	1.71416	3.93161	1.74056	0.44271	467.489	0.00390383	0.457416	0.20247	0.0135996
20051	-0.167178	-0.180616	4.10166	1.88537	0.459661	-0.333234	1.70029	3.71021	1.69963	0.458095	128.299	0.0137874	0.458917	0.197968	0.0137625
20052	-0.229963	-0.226114	3.90246	1.83584	0.470432	-0.389669	1.67395	3.99797	1.87835	0.469826	141.543	0.0127531	0.470126	0.195575	0.0140921
20053	-0.203392	-0.216869	3.75159	1.9603	0.522525	-0.294266	1.72733	3.95077	1.80929	0.45796	457.717	0.00412908	0.489408	0.200518	0.0143266
20054	-0.182863	-0.162609	3.98042	1.82202	0.457745	-0.271903	1.72524	3.91242	1.78847	0.457126	449.54	0.00396403	0.457438	0.198013	0.0145765
20055	-0.201916	-0.167379	3.88499	1.76989	0.45557	-0.172449	1.7297	3.73521	1.67677	0.448908	4144.69	0.000434158	0.452305	0.207088	0.0148874
20056	-0.0464196	-0.0831732	3.90887	1.67898	0.429531	-0.309555	1.73783	3.79066	1.6736	0.441507	47.8921	0.03462	0.435427	0.198332	0.0152041
20057	-0.0703185	-0.0608399	3.96792	1.76034	0.443643	-0.282146	1.68098	3.98601	1.77653	0.445692	67.6144	0.0224355	0.44467	0.176655	0.0155611
20058	-0.0930527	-0.0704531	4.04807	1.79729	0.443988	-0.295102	1.70876	3.79499	1.71904	0.452977	77.5423	0.020412	0.448338	0.18379	0.0158157
20059	-0.0953652	-0.0960568	3.81957	1.80612	0.47286	-0.309298	1.75827	3.8904	1.74638	0.448895	75.131	0.0228835	0.460767	0.194912	0.0163067
20060	0.0194671	-0.055757	3.73662	1.65087	0.441809	-0.29973	1.68401	3.53957	1.72128	0.486297	29.7075	0.0509434	0.463451	0.183346	0.0164625
20061	-0.0997994	-0.109522	3.77421	1.78344	0.472534	-0.2895	1.7127	3.78388	1.65397	0.437111	92.2713	0.0179931	0.4548	0.194599	0.0167913
20062	-0.0942398	-0.081142	3.62604	1.73556	0.478638	-0.244369	1.72063	3.58303	1.70079	0.474679	144.037	0.0112693	0.47667	0.191134	0.0171953
20063	0.0178051	-0.062608	3.60985	1.76396	0.488652	-0.188281	1.8311	3.45195	1.6075	0.46568	84.436	0.0212357	0.477423	0.210142	0.0175341
20064	-0.170524	-0.138095	3.93201	1.84469	0.469146	-0.149407	1.85864	3.69912	1.65597	0.447665	8940.67	0.000222967	0.458733	0.221712	0.0179555
20065	-0.244649	-0.190062	3.91806	1.91663	0.489178	-0.105367	1.85783	3.8347	1.72798	0.450617	216.183	0.00969977	0.470105	0.223493	0.018278
20066	-0.136687	-0.153816	3.88106	1.83478	0.472752	-0.182423	1.84149	3.63975	1.61443	0.443556	1903.25	0.00104591	0.458622	0.224028	0.0184164
20067	-0.21583	-0.162439	3.69384	1.85047	0.500961	-0.22631	1.85468	3.72656	1.77915	0.477425	37044.2	5.49176e-05	0.489141	0.218986	0.0184204
20068	-0.151774	-0.153371	4.00765	1.98982	0.496507	-0.124206	1.89938	3.68262	1.71134	0.464707	5544.62	0.000379988	0.481279	0.221649	0.0187502
20069	-0.0481406	-0.0971728	4.08911	1.92957	0.471881	0.0285975	1.97673	3.80407	1.85333	0.487197	730.39	0.00294437	0.479263	0.221418	0.0190596
20070	-0.131452	-0.152963	4.18941	1.93893	0.462817	-0.109242	1.9379	3.56884	1.59744	0.447609	8862.81	0.000246633	0.455821	0.23618	0.0193373
20071	-0.185487	-0.181777	3.73613	1.82327	0.488012	-0.0771419	1.93858	3.59131	1.72913	0.481475	383.003	0.00586928	0.484808	0.240443	0.0194156
20072	-0.241372	-0.216265	3.81591	1.85128	0.485147	-0.0137868	1.97023	3.63064	1.72521	0.47518	92.3015	0.0258976	0.480287	0.250571	0.019531
20073	-0.164232	-0.239522	3.91161	1.76382	0.450919	-0.00203389	1.98225	3.93498	1.7139	0.435553	187.633	0.013154	0.443213	0.262008	0.0195967
20074	-0.204353	-0.27416	3.80902	1.73608	0.455783	0.059339	2.00645	3.84389	1.72385	0.448466	74.8014	0.0347666	0.452108	0.273257	0.0197508
20075	-0.231365	-0.247168	3.77216	1.82826	0.484671	-0.0138347	2.09916	3.66894	1.76072	0.479899	116.342	0.0236597	0.482318	0.277287	0.0198587
20076	-0.136846	-0.166076	3.88302	1.84419	0.474937	0.0430189	2.08707	3.37835	1.69783	0.502563	156.922	0.0161757	0.48779	0.263891	0.0200105
20077	-0.125108	-0.0955013	4.00009	1.8395	0.459865	0.10774	2.14263	3.43443	1.75248	0.510267	92.3907	0.027109	0.483149	0.258608	0.0201201
20078	-0.246753	-0.173727	3.83209	1.68751	0.440362	0.0884496	2.14139	3.6094	1.63595	0.453247	47.7015	0.0561805	0.446612	0.287435	0.0204047
20079	-0.23611	-0.196318	3.72493	1.73974	0.467052	0.214158	2.21879	3.59005	1.73996	0.484662	28.7695	0.101371	0.475695	0.29541	0.0207381
20080	-0.193445	-0.16601	3.7281	1.62336	0.435439	0.274861	2.30518	4.02137	1.92191	0.477923	27.8453	0.109655	0.457485	0.301112	0.0210134
20081	-0.153554	-0.147217	3.30913	1.5847	0.478886	0.176973	2.25508	3.81018	1.77672	0.466309	52.8251	0.054624	0.472155	0.300419	0.0208797
20082	-0.2023	-0.179248	3.80566	1.69859	0.446333	0.27849	2.26118	3.42518	1.81246	0.529158	25.7644	0.11558	0.485566	0.297891	0.0211974
20083	-0.153416	-0.176753	3.5584	1.78712	0.502224	0.164555	2.18525	3.75552	1.82983	0.487238	55.1803	0.0505529	0.494529	0.278401	0.0213451
20084	-0.23834	-0.262526	4.13686	1.90006	0.459299	0.0120654	2.10315	3.5631	1.73843	0.487899	89.2535	0.0313513	0.472533	0.277834	0.0218087
20085	-0.253848	-0.284921	3.58799	1.76385	0.4916	0.129196	2.14785	3.83458	1.71809	0.448052	40.3371	0.0733615	0.469102	0.298318	0.0217205
20086	-0.359946	-0.334476	3.84878	1.87088	0.486096	0.133177	2.11008	3.60649	1.62224	0.44981	24.5748	0.121585	0.468543	0.299672	0.0219782
20087	-0.302641	-0.330143	3.9673	1.82723	0.460572	0.0704413	2.10704	3.72206	1.63667	0.439722	42.6744	0.0695953	0.45048	0.300168	0.0223838
20088	-0.344551	-0.330617	3.96423	1.91284	0.482524	0.178536	2.15226	3.90896	1.68779	0.431775	22.53	0.13681	0.457327	0.299839	0.0226751
20089	-0.423957	-0.393378	3.76782	1.87133	0.496662	0.188209	2.16503	3.564	1.63465	0.458657	17.4663	0.187374	0.478188	0.318321	0.0229186
20090	-0.375558	-0.378921	3.9051	1.828	0.468106	0.187845	2.20668	3.5862	1.76523	0.49223	21.0612	0.158712	0.479655	0.317576	0.0232665
20091	-0.432638	-0.396238	3.98302	1.77666	0.446059	0.179568	2.2194	4.38631	1.84084	0.419678	18.254	0.187398	0.432233	0.321134	0.0235342
20092	-0.442097	-0.36863	4.06311	1.86217	0.458311	0.275325	2.27623	3.94532	1.79433	0.4548	13.5911	0.257347	0.456581	0.323646	0.023692
20093	-0.342681	-0.352479	3.98326	1.97134	0.494905	0.414984	2.31385	3.69982	1.72876	0.467255	12.3844	0.287028	0.48159	0.324593	0.0237475
20094	-0.387125	-0.356936	3.54639	1.81375	0.511434	0.269276	2.35448	3.65063	1.75774	0.48149	17.0629	0.215432	0.496245	0.339879	0.0240191
20095	-0.182926	-0.276915	3.75148	1.95689	0.52163	0.276074	2.36941	4.00385	1.90281	0.475245	33.24	0.105341	0.497683	0.312161	0.0244102
20096	-0.329528	-0.273411	4.0586	1.97287	0.486096	0.508246	2.44561	3.69722	1.83637	0.49669	10.5334	0.350933	0.491146	0.326802	0.0247309
20097	-0.192358	-0.224404	3.99099	2.02912	0.508425	0.410395	2.4614	3.77768	1.69309	0.448183	19.855	0.181655	0.479131	0.32648	0.0249977
20098	-0.221272	-0.287483	4.14146	1.99977	0.482865	0.606975	2.54367	3.76531	1.80568	0.479556	11.6845	0.342996	0.481289	0.345053	0.0254134
20099	-0.189634	-0.252033	4.03489	2.03373	0.504036	0.591241	2.55263	3.899	1.72407	0.442183	12.9002	0.304883	0.473639	0.343652	0.0256084
20100	-0.267237	-0.2607	3.88576	1.86234	0.479274	0.56567	2.53174	3.79865	1.7543	0.461822	11.2402	0.346867	0.470647	0.350347	0.0260027
20101	-0.1416	-0.219718	3.8782	2.0067	0.51743	0.570676	2.60098	3.77851	1.7048	0.451183	15.6826	0.253668	0.484737	0.349041	0.0262379
20102	-0.335554	-0.301084	4.21749	2.07918	0.49299	0.554032	2.63993	3.60411	1.66702	0.462534	10.93	0.395681	0.478956	0.366091	0.0265498
20103	-0.303198	-0.273089	4.14401	1.88853	0.455726	0.631978	2.62454	4.13867	1.93883	0.468465	9.60058	0.437277	0.462092	0.354301	0.0268605
20104	-0.20234	-0.231115	3.95312	1.98917	0.503191	0.732514	2.68593	3.85841	1.85488	0.480736	9.73639	0.436976	0.4921	0.356364	0.026814
20105	-0.300489	-0.314167	3.86464	1.87807	0.485964	0.560454	2.59551	3.70655	1.76629	0.476533	11.422	0.370612	0.481347	0.367516	0.0270117
20106	-0.252428	-0.263513	3.60007	1.80689	0.501905	0.580842	2.59288	3.53752	1.56121	0.441329	11.7507	0.34717	0.471883	0.3773	0.0273514
20107	-0.0980794	-0.195676	3.70574	1.73025	0.466912	0.527082	2.57638	3.61621	1.63027	0.450823	19.6616	0.195413	0.458965	0.363845	0.0276293
20108	-0.16086	-0.166658	3.62581	1.7472	0.481878	0.489617	2.50067	3.5863	1.67122	0.466003	16.8146	0.21156	0.473984	0.342354	0.0278424
20109	-0.142236	-0.172187	4.00268	1.96521	0.490974	0.424423	2.45699	3.63875	1.66696	0.458114	21.5276	0.160551	0.475326	0.322505	0.0282089
20110	-0.150229	-0.117599	3.95704	1.95636	0.494399	0.54035	2.46031	3.921	1.85532	0.473174	13.9351	0.238449	0.483835	0.303665	0.0283198
20111	-0.19129	-0.171426	4.14265	1.95565	0.472078	0.529367	2.47225	3.73706	1.76994	0.473619	13.4573	0.259673	0.472809	0.319368	0.0287169
20112	-0.167919	-0.161302	4.13252	2.00204	0.48446	0.409926	2.51027	3.90709	1.7119	0.438152	21.3753	0.166952	0.461955	0.324635	0.028772
20113	-0.243753	-0.159099	3.93372	2.08293	0.529506	0.532227	2.52039	3.84822	1.74645	0.453834	11.9235	0.301072	0.492086	0.319244	0.0287289
20114	-0.228488	-0.183303	4.11292	1.9196	0.466725	0.53839	2.54631	3.81361	1.68799	0.442622	12.6693	0.294051	0.455128	0.340625	0.0289364
20115	-0.0713322	-0.0649133	3.76086	1.98613	0.528105	0.535166	2.504	3.46657	1.7066	0.492303	17.9407	0.18392	0.510933	0.308915	0.0291205
20116	0.00723693	-0.00741033	3.95273	1.98003	0.500927	0.527082	2.53522	3.76041	1.69639	0.451117	23.9232	0.135119	0.476643	0.305481	0.0292583
20117	0.00994835	0.0916254	4.32745	2.11188	0.488019	0.489388	2.4731	3.63846	1.70677	0.469092	24.6732	0.114931	0.479374	0.270863	0.0295677
20118	0.0844049	0.127297	3.7864	2.04362	0.539726	0.410811	2.46278	3.5742	1.70113	0.475947	51.1961	0.0532704	0.508755	0.267036	0.0294789
20119	0.147546	0.129957	3.74127	1.92634	0.514888	0.487455	2.43583	3.79635	1.74288	0.459092	46.02	0.0577688	0.486787	0.266031	0.0299753
20120	0.0820678	0.0831647	4.16379	2.03405	0.48851	0.333356	2.38863	3.7928	1.76195	0.46455	84.1733	0.0315729	0.477088	0.259384	0.0300287
20121	0.13584	0.0927725	3.95998	2.06411	0.521243	0.446054	2.411	4.04223	1.80648	0.446902	55.8454	0.0481164	0.48369	0.257768	0.0303142
20122	0.0320963	0.117969	3.95105	2.00278	0.506899	0.363671	2.36772	3.70043	1.78885	0.483417	46.037	0.0549708	0.495542	0.250312	0.0303286
20123	0.122351	0.125431	3.72653	1.9142	0.513669	0.301778	2.32804	3.7586	1.68274	0.447705	150.696	0.0160969	0.480545	0.25226	0.0306728
20124	0.276409	0.19436	3.81443	1.89599	0.497057	0.386727	2.3992	3.76457	1.75874	0.467183	399.447	0.00608508	0.482218	0.249646	0.0309489
20125	0.124118	0.161061	3.8298	1.89142	0.493869	0.399925	2.44682	3.56259	1.60968	0.451829	68.6832	0.0380348	0.473609	0.271807	0.031393
20126	0.151387	0.159776	3.93383	1.99397	0.506878	0.310941	2.34053	3.55443	1.69836	0.477816	186.808	0.0127288	0.493083	0.24366	0.0314793
20127	0.145442	0.141377	4.14327	2.10988	0.50923	0.347316	2.33602	3.57382	1.67518	0.468736	118.186	0.0203766	0.490477	0.241438	0.0317256
20128	0.0718668	0.0941402	3.68968	1.97417	0.535051	0.333495	2.31905	3.71495	1.65783	0.44626	72.3196	0.0342246	0.490504	0.254236	0.0320425
20129	0.129272	0.0358805	3.67726	1.85131	0.503448	0.400413	2.37103	3.8864	1.73088	0.445369	74.1721	0.0367586	0.473605	0.275755	0.0322998
20130	0.139025	0.10003	4.00242	1.83144	0.457584	0.550203	2.49686	3.68909	1.69268	0.458835	33.9793	0.0845336	0.458184	0.289639	0.0324999
20131	0.0771993	0.139767	3.67329	1.81957	0.495351	0.514757	2.51387	4.21356	1.91497	0.454477	29.4392	0.0957285	0.473514	0.274048	0.0329785
20132	0.190282	0.194562	4.05842	1.93252	0.476176	0.458013	2.45239	3.82029	1.75817	0.460219	71.1189	0.0358398	0.468439	0.256774	0.0332338
20133	0.15465	0.150397	3.57674	1.78749	0.499755	0.440511	2.49578	3.49544	1.81733	0.519915	67.3162	0.0408583	0.509719	0.276245	0.0336067
20134	0.0688642	0.124235	4.01469	1.79727	0.447675	0.554234	2.5242	3.583	1.71244	0.477934	24.4493	0.117792	0.461945	0.291024	0.0340125
20135	0.210309	0.117273	3.83503	1.71642	0.447564	0.566505	2.52678	3.6768	1.66983	0.454151	45.7593	0.0634378	0.450789	0.300132	0.0343222
20136	0.0781863	0.0983115	3.87504	1.70082	0.438918	0.581137	2.533	3.5849	1.82166	0.508148	23.4334	0.12648	0.472186	0.296228	0.0344169
20137	-0.00283193	-0.0147793	3.41276	1.72357	0.505038	0.357444	2.41817	3.83564	1.77229	0.462057	45.6033	0.0648995	0.482294	0.297515	0.0346895
20138	0.0209038	0.0378357	3.92191	1.94905	0.496964	0.462821	2.45219	3.74682	1.75677	0.468869	29.8483	0.0976454	0.483237	0.28235	0.0351208
20139	-0.00390255	0.0428704	3.59189	1.71409	0.477211	0.468834	2.48462	3.73821	1.77518	0.474874	26.6786	0.11174	0.476019	0.299421	0.0355739
20140	0.0251573	0.0370078	3.76767	1.81176	0.480869	0.409248	2.49291	3.52039	1.66887	0.474058	40.884	0.0737627	0.477579	0.302373	0.0359681
20141	-0.0405956	0.0266447	3.59452	1.72505	0.479912	0.473334	2.48112	3.79672	1.71955	0.452905	22.8092	0.132062	0.466039	0.304327	0.035935
20142	-0.0492178	0.0268839	3.67172	1.74406	0.474998	0.505006	2.50138	3.7176	1.72669	0.464464	19.9344	0.153582	0.469698	0.306169	0.0364109
20143	0.122117	0.141804	3.666	1.73317	0.472768	0.530215	2.57666	3.99489	1.87653	0.469734	35.5974	0.0832717	0.471186	0.291183	0.0364336
20144	0.158604	0.176225	3.59048	1.72593	0.480697	0.440416	2.50865	3.83953	1.79389	0.467216	68.5014	0.0397088	0.473731	0.278807	0.03677
20145	0.228258	0.256036	4.09568	1.98263	0.484079	0.458933	2.48637	3.7634	1.80281	0.479037	93.4845	0.0266054	0.481664	0.247376	0.0368578
20146	0.395392	0.34701	4.23364	1.90059	0.448925	0.522186	2.50062	3.71209	1.72056	0.463502	288.49	0.00803843	0.455735	0.242633	0.037348
20147	0.276317	0.264303	3.9953	1.85751	0.464924	0.556784	2.51649	3.9064	1.74702	0.44722	64.4834	0.0393307	0.456172	0.260344	0.037546
20148	0.214351	0.254998	3.82013	1.79607	0.470159	0.596118	2.57643	3.42245	1.63658	0.47819	36.9755	0.0728732	0.473954	0.281961	0.0380466
20149	0.156564	0.232122	3.54794	1.67583	0.472338	0.579896	2.577	3.72654	1.8211	0.488685	30.6817	0.0896048	0.480713	0.282274	0.0383271
20150	0.202104	0.213532	3.76584	1.7388	0.461731	0.572179	2.61765	3.87465	1.9528	0.503993	42.2019	0.0684777	0.483163	0.281408	0.0386413
20151	0.223927	0.211548	3.73576	1.78338	0.477382	0.694662	2.61331	3.55763	1.81402	0.509897	26.0319	0.110796	0.493242	0.286263	0.0388593
20152	0.213048	0.200019	3.93255	1.89005	0.480617	0.579916	2.60284	3.91734	1.94442	0.496363	42.8968	0.0672959	0.488475	0.273579	0.0389592
20153	0.221295	0.240675	3.7674	2.01701	0.535386	0.721828	2.62614	4.09058	1.80594	0.441488	22.7133	0.125267	0.486506	0.271301	0.0392966
20154	0.339859	0.351803	3.914	1.85413	0.473717	0.680696	2.6499	4.05133	1.94449	0.479964	45.4617	0.0580848	0.476894	0.258024	0.039451
20155	0.258746	0.179806	3.89335	1.89409	0.486493	0.36718	2.41918	4.01127	1.93174	0.481579	426.503	0.00587898	0.484	0.246907	0.0395197
20156	0.210231	0.190903	3.8192	1.89632	0.496524	0.448944	2.49054	3.851	1.7641	0.458088	92.8045	0.0284917	0.477226	0.265442	0.0396606
20157	0.177358	0.21714	3.91507	2.01187	0.513879	0.58185	2.49571	4.05336	1.85098	0.456653	31.7325	0.0818067	0.484769	0.251598	0.0400956
20158	0.304889	0.19589	3.76377	1.90294	0.505592	0.571413	2.49899	4.1013	1.90017	0.463309	74.671	0.0355176	0.483543	0.25863	0.0402958
20159	0.175807	0.17827	3.82663	1.87102	0.488948	0.548224	2.49588	3.96413	1.92922	0.486669	38.7278	0.069347	0.487788	0.261191	0.0405046
20160	0.0425444	-0.055395	4.0147	1.9575	0.487582	0.374159	2.36049	3.80233	1.85912	0.488942	53.0743	0.0549841	0.488243	0.276672	0.040913
20161	-0.200274	-0.108819	3.94295	1.87646	0.475904	0.440988	2.43197	3.54038	1.78811	0.505063	15.6988	0.205608	0.489699	0.305858	0.0409626
20162	-0.172488	-0.106332	3.86843	1.96511	0.507987	0.473573	2.43795	3.98791	1.71196	0.429289	15.509	0.208697	0.46804	0.305718	0.0410341
20163	-0.129233	-0.133699	4.04518	2.13164	0.526956	0.468997	2.5003	3.59464	1.74447	0.485298	19.3864	0.17894	0.507356	0.309253	0.0411457
20164	-0.0805658	-0.118105	4.1076	1.8763	0.456788	0.552049	2.58366	3.76919	1.68962	0.448272	18.2396	0.200101	0.452713	0.33863	0.0412588
20165	-0.0649627	-0.059275	3.82828	1.69837	0.443637	0.678927	2.60407	3.65716	1.81046	0.495045	12.8185	0.276686	0.468753	0.335835	0.0414588
20166	-0.0517442	0.00507291	4.00761	1.82538	0.455477	0.535102	2.55509	3.90325	1.86084	0.476742	18.8816	0.172194	0.465969	0.306147	0.0417716
20167	-0.000483641	0.0296426	4.018	1.82556	0.454345	0.627046	2.62002	3.64077	1.77603	0.487816	17.0396	0.196897	0.470256	0.317874	0.0419557
20168	0.000427915	-0.0122426	3.8917	1.79644	0.461608	0.651386	2.65306	3.75701	1.78697	0.475635	16.7644	0.211873	0.468498	0.331486	0.0422567
20169	-0.064424	-0.0924804	3.87491	1.84228	0.475437	0.559392	2.60437	4.17117	1.81984	0.436289	18.6896	0.194573	0.455142	0.331886	0.0424163
20170	-0.00198902	-0.00284916	3.70394	1.8091	0.488427	0.68783	2.65027	3.59461	1.87229	0.520861	14.7925	0.237925	0.504401	0.323525	0.0423493
20171	-0.11595	-0.113277	3.88127	1.99043	0.51283	0.64987	2.65279	4.00611	1.86688	0.466008	13.0459	0.29324	0.489049	0.331611	0.0423033
20172	-0.0631052	-0.0843371	3.94377	1.8392	0.466356	0.622128	2.66292	3.94472	1.87231	0.474636	16.0739	0.234772	0.470497	0.337148	0.0421691
20173	-0.105603	-0.0960752	3.59261	1.73126	0.481894	0.663191	2.66454	3.53535	1.70611	0.482585	12.8941	0.295522	0.482237	0.356728	0.0423216
20174	-0.0528163	-0.0936854	3.86356	1.94754	0.504079	0.679044	2.64693	3.62896	1.75503	0.483617	14.023	0.26781	0.494168	0.336607	0.0425761
20175	-0.112123	-0.054777	3.71504	1.75509	0.472427	0.617903	2.67111	4.0075	1.77358	0.442565	13.9424	0.266469	0.45693	0.344992	0.0425892
20176	-0.0584691	-0.039156	3.89184	1.84041	0.472888	0.554382	2.61163	3.88397	1.65336	0.425687	18.7085	0.187793	0.449312	0.334687	0.0430443
20177	0.111731	0.0310967	3.45309	1.63655	0.473937	0.570701	2.57498	3.94261	1.6332	0.414242	30.7203	0.105327	0.442114	0.331121	0.0434447
20178	0.100442	0.0318437	4.16564	1.90881	0.458227	0.57089	2.53	3.67882	1.65205	0.449071	28.1977	0.110661	0.453933	0.304769	0.0434409
20179	0.0886052	0.105667	4.22974	1.85527	0.438626	0.606769	2.56587	3.67487	1.67252	0.455123	22.5427	0.134247	0.446295	0.300276	0.0435624
20180	0.0402961	0.0393082	3.61109	1.82332	0.504923	0.570336	2.57606	3.64088	1.67343	0.459624	22.9055	0.140471	0.48218	0.315213	0.0437305
20181	-0.0632095	-0.00131308	3.78148	1.9168	0.506892	0.457109	2.50892	4.00314	1.87233	0.467716	23.2751	0.135366	0.486746	0.293763	0.0437645
20182	-0.0306933	-0.0321455	3.80606	1.87257	0.491998	0.41901	2.47755	3.98834	1.80511	0.452597	31.1452	0.101117	0.471837	0.299905	0.043769
20183	-0.0626582	-0.000916865	3.84917	1.83686	0.477209	0.527967	2.52834	3.62016	1.63636	0.452014	18.3384	0.174419	0.464998	0.315393	0.0440983
20184	0.0229159	0.0518055	3.92117	1.91034	0.487186	0.585739	2.52355	3.67892	1.66879	0.45361	19.287	0.158385	0.470933	0.29921	0.0440699
20185	-0.0397692	-0.0188338	4.23779	2.00613	0.473392	0.488308	2.47978	3.80878	1.72761	0.453587	22.3874	0.139433	0.464017	0.294894	0.0444732
20186	-0.0659982	-0.0255851	3.94863	2.02861	0.513751	0.377179	2.4585	3.47218	1.67955	0.483717	31.4179	0.0982029	0.499698	0.293899	0.0450966
20187	0.0526008	-0.0176794	3.61101	1.84343	0.510504	0.369056	2.42877	3.82494	1.77064	0.462919	59.7654	0.0500719	0.486027	0.292898	0.0452736
20188	-0.0581472	-0.0400953	3.75899	1.81768	0.483556	0.401231	2.41816	3.62955	1.7747	0.488958	28.6359	0.105514	0.48621	0.296148	0.0454764
20189	-0.100193	-0.021645	3.85833	1.81504	0.470419	0.495751	2.44506	3.80631	1.66655	0.437839	17.1326	0.177575	0.45424	0.30417	0.0457792
20190	-0.0176671	-0.0549726	3.78661	1.84494	0.487228	0.469585	2.44443	3.80476	1.62149	0.426175	26.3128	0.118707	0.456629	0.310707	0.0464039
20191	-0.0725702	-0.0522189	3.577	1.78977	0.500355	0.406139	2.39495	3.74769	1.67528	0.447018	26.1327	0.114581	0.473065	0.301818	0.0466561
20192	0.0135921	-0.0372162	3.67666	1.72463	0.469076	0.413537	2.40726	3.70427	1.74738	0.47172	37.3568	0.0799779	0.470403	0.300931	0.046922
20193	0.0384622	0.0550948	4.08507	1.72614	0.422548	0.543933	2.43888	3.85692	1.69624	0.439791	22.2403	0.12775	0.430922	0.293436	0.0471596
20194	0.15858	0.107952	3.88721	1.84556	0.474777	0.531301	2.47023	4.0486	1.86702	0.461153	40.1694	0.0694605	0.467826	0.273236	0.0473337
20195	0.134523	0.157057	3.78898	2.03193	0.536274	0.443702	2.44676	3.80786	1.86042	0.488573	54.8453	0.0477959	0.512364	0.252003	0.0476648
20196	0.146406	0.138121	3.66334	1.89578	0.517501	0.504346	2.49111	3.8207	1.87981	0.492006	43.2133	0.0640607	0.504486	0.268356	0.0480906
20197	0.0728297	0.136366	4.12826	1.91978	0.465033	0.528526	2.50615	3.77875	1.89339	0.501063	27.0437	0.103829	0.482252	0.269205	0.0482654
20198	0.169067	0.14594	3.76462	1.7681	0.469661	0.565721	2.58021	3.92489	1.77299	0.451729	37.6629	0.0786672	0.460508	0.29506	0.048721
20199	0.19404	0.109794	3.89787	1.76695	0.453313	0.638818	2.63392	4.17974	1.88078	0.449975	32.2059	0.0989139	0.451586	0.304045	0.0490984
20200	0.129748	0.0686092	3.84608	1.7246	0.448405	0.636117	2.64847	3.78367	2.04831	0.541356	25.957	0.128205	0.4945	0.306152	0.0495266
20201	0.153322	0.0619573	3.48926	1.68465	0.48281	0.706822	2.68397	3.93767	1.97854	0.502465	22.4405	0.153181	0.493231	0.319462	0.0497748
20202	0.0108037	0.0698655	3.91032	1.79078	0.457961	0.708762	2.74029	4.01383	1.91552	0.47723	14.6386	0.243573	0.467721	0.324897	0.0501604
20203	0.00312881	0.040029	3.48345	1.64519	0.472288	0.643181	2.75298	3.78056	1.80778	0.478177	17.9661	0.204834	0.475353	0.347748	0.0505881
20204	0.0851659	0.025681	3.9073	1.81376	0.464197	0.61765	2.67747	3.8111	1.82891	0.47989	24.8007	0.14177	0.471946	0.325625	0.0511565
20205	-0.00318676	0.0180514	3.84543	1.82534	0.474678	0.720358	2.68966	3.78779	1.81767	0.479875	13.6338	0.261759	0.477257	0.328883	0.0514871
20206	-0.0207053	0.0239934	3.88383	1.94393	0.50052	0.656995	2.62761	3.8411	1.82223	0.474403	14.7598	0.229639	0.487533	0.310444	0.051801
20207	0.0204535	-0.00190947	3.78556	1.78086	0.470436	0.628022	2.67216	4.08724	1.77208	0.433564	19.3711	0.18457	0.451293	0.334841	0.0519514
20208	-0.124814	-0.0770835	3.92124	1.84748	0.471148	0.725834	2.6449	3.93061	1.71743	0.436936	10.2394	0.361801	0.454022	0.342042	0.0520854
20209	-0.0129608	-0.0456746	3.84858	1.78296	0.463277	0.606167	2.66773	3.73565	1.84007	0.49257	19.2074	0.19166	0.477705	0.337	0.0521391
20210	-0.0284534	-0.050494	3.74836	1.82811	0.487708	0.784396	2.72488	3.95331	1.78463	0.451427	11.658	0.330362	0.469085	0.347808	0.0522503
20211	0.0108689	-0.041579	3.87827	1.80523	0.465473	0.728828	2.68578	3.96893	1.7748	0.447174	14.4307	0.257732	0.456218	0.341977	0.0523849
20212	-0.103965	-0.0877252	3.8313	1.80946	0.472283	0.637616	2.61407	3.66083	1.68084	0.459142	13.2735	0.274971	0.465862	0.343451	0.052419
20213	-0.0657552	-0.104353	3.81942	1.91642	0.501758	0.647586	2.66338	3.36987	1.67659	0.497523	15.054	0.254428	0.499773	0.347799	0.0528487
20214	-0.0842332	-0.132924	4.08479	2.01692	0.493764	0.64535	2.66239	3.7242	1.75383	0.470927	14.6795	0.266146	0.482873	0.341373	0.0529993
20215	-0.079052	-0.121976	3.96439	2.04883	0.516807	0.648238	2.65796	3.84476	1.76681	0.459537	14.6101	0.264475	0.488611	0.336251	0.0532567
20216	-0.11054	-0.104581	3.67165	1.94566	0.529915	0.553891	2.65263	3.70582	1.80462	0.48697	17.2203	0.220734	0.508343	0.336443	0.0537841
20217	-0.167465	-0.131185	3.60689	1.82199	0.505141	0.742773	2.71203	3.92202	1.78762	0.455789	9.75684	0.414266	0.479432	0.359043	0.0538329
20218	-0.0884227	-0.0204717	3.9375	1.71456	0.435444	0.990831	2.87553	3.77037	1.87697	0.497822	7.20029	0.582394	0.465957	0.36872	0.0539547
20219	-0.0156879	0.00957608	3.5489	1.88335	0.530686	0.902808	2.89325	3.9516	1.83754	0.465011	9.85687	0.421817	0.496085	0.358559	0.0542738
20220	-0.00236873	0.0709482	3.76102	1.82194	0.484426	0.911854	2.91059	3.84566	1.89187	0.49195	9.64766	0.417902	0.48823	0.351945	0.054561
20221	0.150601	0.083535	3.79537	1.77253	0.467025	1.02623	2.94276	3.77549	1.84333	0.488236	10.6623	0.383366	0.477603	0.361231	0.0546934
20222	0.0370715	0.0761755	3.95715	1.91935	0.485035	0.962101	2.9805	3.71015	1.85069	0.498818	9.85778	0.42784	0.491704	0.358822	0.0550603
20223	0.00283973	0.0469903	3.71735	1.89867	0.510759	0.986079	3.02757	3.39802	1.78775	0.526115	9.18932	0.483379	0.518093	0.376081	0.0553921
20224	0.0142612	0.00738142	3.83429	1.71479	0.447224	1.02755	2.99998	3.83721	1.8091	0.471462	8.72226	0.51338	0.459347	0.388631	0.0553497
20225	-0.0125543	0.0133743	4.08132	1.83392	0.449344	1.09502	3.03913	3.76515	1.82921	0.485826	7.46316	0.613361	0.46685	0.384667	0.0555072
20226	0.0778511	0.0429575	3.69947	1.8448	0.498667	0.866262	2.97651	3.95038	1.72774	0.437361	13.8446	0.310796	0.467008	0.37598	0.0558437
20227	-0.032488	-0.011971	3.71928	1.86904	0.502527	0.92577	2.9311	3.92484	1.74495	0.444592	9.43269	0.459129	0.472781	0.374795	0.0560974
20228	0.0011262	-0.0182899	3.91523	1.79964	0.459651	0.817577	2.82307	3.95407	1.7581	0.444632	12.1113	0.333296	0.452104	0.362078	0.0561862
20229	0.106375	0.0272573	3.4503	1.66379	0.482215	0.785615	2.82625	3.76815	1.84179	0.488778	16.9807	0.230683	0.485641	0.358557	0.0563253
20230	0.150859	0.125622	3.61322	1.71393	0.47435	0.865839	2.82839	3.5231	1.78494	0.506639	14.2899	0.255598	0.490291	0.343061	0.0565321
20231	0.199884	0.0730287	3.7498	1.74239	0.464661	0.811033	2.86751	4.08447	1.68725	0.413089	20.9077	0.186752	0.437774	0.362863	0.05691
20232	0.114381	0.043002	3.93788	1.83986	0.46722	0.876974	2.89575	3.64758	1.65857	0.454704	13.9939	0.290775	0.461201	0.367829	0.0570246
20233	-0.0143392	0.025365	3.53991	1.69886	0.479916	0.825708	2.87537	3.62744	1.65799	0.45707	11.5102	0.352839	0.468354	0.377034	0.0571368
20234	-0.00440631	-0.00497121	4.14619	1.8951	0.45707	0.713238	2.80479	3.6006	1.60341	0.445318	15.3292	0.257507	0.451608	0.36079	0.0572903
20235	0.0387807	-0.0218803	3.92947	1.81541	0.461999	0.784537	2.76765	3.81342	1.66217	0.435874	13.9916	0.278076	0.449132	0.358843	0.0573832
20236	-0.0391361	-0.110289	3.98934	1.92747	0.483156	0.80157	2.80537	3.75591	1.57663	0.419772	12.0278	0.353393	0.452419	0.377651	0.0577434
20237	-0.0812026	-0.111928	3.65396	1.90522	0.521413	0.784521	2.7999	3.83803	1.62876	0.424374	11.3129	0.374738	0.471701	0.375039	0.057846
20238	-0.190168	-0.12023	3.82647	1.78172	0.465631	0.842242	2.76554	3.52619	1.6304	0.462369	7.81302	0.532935	0.464067	0.379059	0.0579648
20239	-0.168499	-0.186818	3.94365	1.76985	0.448786	0.722853	2.77078	3.45022	1.705	0.494172	11.0098	0.397254	0.469965	0.386371	0.0580637
20240	-0.175101	-0.138519	4.17636	1.82124	0.436082	0.840111	2.84676	3.97391	1.85756	0.467439	8.6468	0.515328	0.451371	0.377307	0.0586168
20241	-0.13337	-0.136203	3.99857	1.80552	0.451542	0.889689	2.86825	3.57999	1.5844	0.44257	8.62439	0.523324	0.447304	0.399773	0.0584791
20242	-0.213855	-0.175479	3.49431	1.64055	0.469491	0.798671	2.83208	3.79376	1.60547	0.423186	8.823	0.512605	0.445387	0.410727	0.05829
20243	-0.226791	-0.184787	3.91716	1.73824	0.443751	0.790735	2.81327	3.99178	1.66845	0.417972	8.6814	0.517679	0.43074	0.397569	0.0583994
20244	-0.149969	-0.163567	3.59564	1.79465	0.49912	0.717968	2.74464	3.782	1.73254	0.458102	11.2273	0.376657	0.478093	0.374907	0.0585384
20245	-0.211698	-0.214237	4.16263	1.93759	0.465473	0.759646	2.7469	3.9176	1.76231	0.449843	9.29329	0.471755	0.457895	0.372162	0.0586779
20246	-0.199819	-0.172042	3.89808	1.97455	0.506545	0.663759	2.73531	3.70336	1.68659	0.45542	11.3343	0.372883	0.481637	0.366078	0.0591605
20247	-0.218861	-0.184688	4.01909	1.90993	0.475214	0.765528	2.72214	4.01309	1.8247	0.454687	8.71977	0.484511	0.464958	0.361394	0.0593481
20248	-0.173035	-0.170589	3.75156	1.89612	0.50542	0.708559	2.72593	3.9616	1.79635	0.453439	10.7948	0.388604	0.478722	0.362376	0.0594775
20249	-0.273809	-0.162791	3.92513	1.99296	0.507744	0.750924	2.77881	3.52486	1.68337	0.477571	8.24037	0.525039	0.493468	0.370563	0.0593823
20250	-0.194202	-0.207573	3.84225	1.76049	0.458193	0.669045	2.74941	3.94215	1.59499	0.404599	11.7335	0.372597	0.431052	0.394592	0.0596955
20251	-0.273555	-0.187282	4.12773	1.79837	0.435681	0.799587	2.77771	3.77315	1.65835	0.439514	7.63367	0.575817	0.437511	0.388799	0.0600484
20252	-0.199753	-0.217101	3.87611	1.85802	0.479351	0.781966	2.80448	3.84988	1.75142	0.454928	9.47316	0.481886	0.467181	0.387512	0.0602131
20253	-0.240802	-0.203465	3.71513	1.86692	0.502519	0.840695	2.78194	3.70093	1.74586	0.471736	7.62003	0.584818	0.487157	0.381591	0.0603134
20254	-0.139325	-0.173801	3.81673	1.74874	0.458177	0.834708	2.83222	3.72976	1.69971	0.455716	9.52441	0.47437	0.45696	0.395923	0.0603093
20255	-0.286681	-0.202862	3.81571	1.86078	0.487663	0.92395	2.86514	4.00459	1.74401	0.435504	6.42226	0.732814	0.460953	0.395081	0.0607385
20256	-0.168676	-0.128772	3.45069	1.63352	0.47339	0.781524	2.83387	3.86138	1.64281	0.425448	9.72139	0.45144	0.448073	0.401227	0.0613595
20257	-0.0647434	-0.122571	3.73692	1.80884	0.484045	0.862166	2.86108	3.75303	1.74987	0.466255	10.3615	0.429581	0.475131	0.384878	0.0618301
20258	-0.112005	-0.116789	3.83129	1.88047	0.490819	0.785568	2.82055	3.70106	1.76889	0.477942	10.7095	0.402819	0.484492	0.371605	0.0621365
20259	-0.186875	-0.114154	3.5915	1.60205	0.446068	0.927257	2.90921	3.42998	1.73931	0.507091	7.36389	0.620645	0.475877	0.406264	0.0623862
20260	-0.00979896	-0.0975263	3.70168	1.78941	0.483406	0.77687	2.85623	3.76349	1.77976	0.472902	14.0982	0.309424	0.47811	0.379429	0.0627776
20261	-0.119452	-0.0846672	3.74205	1.7965	0.480085	0.747776	2.75942	3.9185	1.78324	0.455082	10.7552	0.376043	0.467295	0.361098	0.062936
20262	-0.124198	-0.0890672	4.03565	1.8525	0.459033	0.710121	2.80512	3.58175	1.76943	0.494012	12.0334	0.348044	0.47548	0.36647	0.0631881
20263	-0.138969	-0.12968	3.65833	1.63319	0.446432	0.793824	2.80099	3.75693	1.65596	0.440776	9.87101	0.435052	0.443566	0.39509	0.0632384
20264	-0.166827	-0.132887	3.77665	1.74155	0.461137	0.756676	2.8079	3.82855	1.68605	0.440389	10.1403	0.426429	0.450692	0.386914	0.0637565
20265	-0.114726	-0.12563	3.77177	1.74783	0.463399	0.759445	2.75409	3.60112	1.62749	0.451939	10.852	0.382087	0.457802	0.380625	0.0637459
20266	-0.103069	-0.146867	4.07094	1.96448	0.482562	0.710695	2.75407	3.81329	1.72447	0.452227	12.7081	0.331106	0.46789	0.3633	0.0642913
20267	-0.019226	-0.072096	3.84316	1.97863	0.514844	0.788519	2.7525	3.94948	1.90113	0.481362	12.2283	0.326226	0.497875	0.339654	0.0644767
20268	-0.0169008	-0.0137525	4.18677	1.93343	0.461796	0.646052	2.69978	3.49184	1.83974	0.526868	16.7535	0.219754	0.491387	0.328009	0.0646345
20269	0.0230809	-0.0571904	3.89772	1.82406	0.467981	0.707804	2.72162	3.86494	1.75015	0.452828	16.4697	0.234423	0.460436	0.350807	0.0648138
20270	-0.0869548	-0.0649499	3.78446	1.8015	0.476025	0.737582	2.72297	3.6428	1.75415	0.481539	11.4324	0.339931	0.47873	0.353488	0.0655547
20271	-0.0569336	-0.0932759	3.83973	1.74449	0.454324	0.563243	2.62667	3.83065	1.79346	0.468186	19.2348	0.19231	0.461247	0.343414	0.0659494
20272	-0.139933	-0.120889	3.74158	1.62321	0.433831	0.641636	2.67158	3.76889	1.63997	0.435134	12.7657	0.305425	0.434485	0.374106	0.0663035
20273	-0.153879	-0.118223	3.55573	1.65328	0.464961	0.562827	2.60388	3.61059	1.60915	0.445675	14.4254	0.256834	0.455244	0.362287	0.0667772
20274	-0.131154	-0.110519	3.38791	1.76286	0.520338	0.688055	2.66116	3.65492	1.57513	0.43096	11.4471	0.335552	0.473955	0.365341	0.0671927
20275	-0.0631143	-0.165089	3.74805	1.82799	0.487717	0.673973	2.6582	3.66619	1.70231	0.464326	14.6714	0.271649	0.47615	0.36092	0.0674004
20276	-0.147126	-0.149363	3.96126	1.8321	0.462505	0.70412	2.6884	3.50511	1.56966	0.447821	11.1133	0.362309	0.455612	0.371905	0.0674497
20277	-0.166287	-0.164411	3.81296	1.92605	0.505131	0.72154	2.69318	3.56362	1.5779	0.442779	10.3596	0.394118	0.475009	0.368251	0.0677042
20278	-0.143338	-0.125974	4.08577	1.79751	0.439945	0.813035	2.71879	3.75988	1.74807	0.464928	8.84787	0.457325	0.451918	0.363424	0.0681798
20279	-0.0445457	-0.106221	3.98631	1.79408	0.45006	0.687871	2.71597	3.38224	1.66233	0.491488	14.8476	0.268217	0.469076	0.365633	0.0685155
20280	-0.0682427	-0.050947	3.74602	1.76268	0.470546	0.816777	2.74059	3.90189	1.62504	0.416474	9.94905	0.39163	0.442959	0.365224	0.068822
20281	-0.0163583	-0.0346007	4.14139	1.89148	0.456727	0.791504	2.75162	3.28307	1.71627	0.522762	11.8948	0.32632	0.485927	0.349894	0.0688104
20282	-0.122627	-0.0824895	3.90125	1.91717	0.491425	0.722336	2.72651	3.93006	1.68504	0.428756	11.0517	0.356981	0.459975	0.353959	0.0687755
20283	-0.0855872	-0.139271	3.95861	1.86088	0.470085	0.708968	2.66427	3.80601	1.70566	0.448151	12.4499	0.315659	0.459333	0.355344	0.0689005
20284	-0.115462	-0.144095	3.89547	1.74688	0.448439	0.626911	2.63353	3.74209	1.64686	0.440091	13.9992	0.275559	0.444349	0.362499	0.0692053
20285	-0.0750403	-0.157691	3.73212	1.77726	0.476208	0.673942	2.61525	3.58042	1.69212	0.472604	13.7068	0.280488	0.474443	0.356645	0.0691915
20286	-0.0795828	-0.165524	4.07589	1.91747	0.470443	0.637255	2.63944	3.68741	1.71457	0.464979	15.3113	0.256928	0.467848	0.351419	0.0696701
20287	-0.137215	-0.151059	3.93932	1.91167	0.485279	0.677191	2.6768	4.22253	1.67796	0.397383	12.0568	0.331628	0.439806	0.357828	0.0696581
20288	-0.0481883	-0.0274508	3.6631	1.8411	0.502608	0.523436	2.62416	3.67101	1.82698	0.497679	21.5178	0.163377	0.500141	0.32407	0.0696401
20289	-0.0395342	0.00466558	3.67376	1.8677	0.508389	0.664064	2.6372	3.65443	1.74455	0.47738	13.9991	0.247525	0.492925	0.324267	0.0701148
20290	0.0792193	0.0150249	3.91288	1.78573	0.456371	0.580706	2.62216	3.95328	1.71403	0.433572	27.0278	0.125744	0.444913	0.326957	0.0704593
20291	0.0319046	0.011276	3.60114	1.71511	0.476267	0.589219	2.54861	3.87868	1.78313	0.459725	20.7278	0.1553	0.467689	0.31522	0.070667
20292	0.0209152	0.0194569	3.90542	1.72281	0.441134	0.557568	2.49929	4.02519	1.8422	0.457667	21.3529	0.143998	0.449526	0.301412	0.0707463
20293	0.0549706	0.06232	3.84532	1.94413	0.505582	0.485453	2.51883	3.73266	1.69001	0.452762	32.5632	0.0926574	0.479565	0.293451	0.0711038
20294	-0.0272195	0.064308	3.96614	1.87798	0.473504	0.594444	2.55957	3.60122	1.75621	0.487671	16.111	0.193233	0.480246	0.29998	0.0710279
20295	0.117954	0.043492	3.97918	1.82982	0.459849	0.68795	2.63336	3.71477	1.7739	0.477527	20.6448	0.162448	0.468384	0.317659	0.0714288
20296	0.0747927	0.0638305	3.9013	1.83441	0.470205	0.64404	2.63299	3.69372	1.6026	0.433872	20.3695	0.162021	0.452535	0.324484	0.0715798
20297	-0.0544078	-0.00812475	3.95426	1.80778	0.457172	0.648994	2.66975	3.78547	1.66703	0.440376	14.4935	0.247387	0.448957	0.340451	0.072237
20298	-0.0164156	0.00675999	3.80514	1.89405	0.497759	0.566724	2.59652	3.62981	1.65777	0.45671	19.7231	0.170026	0.477719	0.320795	0.0727695
20299	0.0182935	0.0571376	3.72098	1.93181	0.519166	0.678772	2.60478	3.56644	1.71463	0.480769	14.8785	0.218116	0.500375	0.308059	0.0734673
20300	0.137042	0.103987	3.70882	1.76627	0.476236	0.639715	2.64701	3.61253	1.72187	0.476639	25.5935	0.12634	0.476435	0.316814	0.0739721
20301	0.0733513	0.12585	3.61921	1.70091	0.469967	0.659262	2.6777	3.49638	1.76223	0.504016	18.9691	0.171646	0.486697	0.319877	0.073985
20302	0.079642	0.110115	3.50486	1.86452	0.531981	0.683902	2.66758	3.7419	1.64046	0.438403	17.9132	0.182565	0.483661	0.318224	0.0744567
20303	0.0827957	0.0879762	3.84866	1.74232	0.452707	0.559985	2.65044	3.77449	1.69439	0.448905	28.8359	0.113855	0.450825	0.323361	0.0745837
20304	0.211119	0.121895	3.67727	1.85991	0.505785	0.686651	2.67248	3.25458	1.63946	0.503738	28.7687	0.113066	0.504824	0.317404	0.0749248
20305	0.0541531	0.116946	3.91085	1.7622	0.450593	0.685412	2.67044	3.96382	1.69204	0.426872	16.3627	0.199244	0.438653	0.320719	0.0746087
20306	0.0835707	0.0983088	3.82472	1.80721	0.472508	0.755006	2.7241	3.65189	1.79152	0.490573	15.2937	0.225413	0.481332	0.323965	0.0747095
20307	0.0983416	0.170627	3.64863	1.78334	0.48877	0.804667	2.78012	3.87849	1.84331	0.475266	13.649	0.249447	0.481812	0.31956	0.0748006
20308	0.198706	0.204228	3.49679	1.75243	0.501154	0.930393	2.83706	3.81899	1.82904	0.478933	12.9478	0.267683	0.489554	0.326194	0.0748804
20309	0.18462	0.172329	3.91901	1.81399	0.46287	0.818622	2.81454	3.39414	1.69337	0.49891	17.3681	0.200979	0.479597	0.332383	0.0754564
20310	0.255704	0.194927	3.63252	1.70566	0.469552	0.731724	2.80031	3.98749	1.75385	0.439839	29.9566	0.113297	0.454004	0.329209	0.0759441
20311	0.232978	0.24186	3.68445	1.69331	0.459582	0.744728	2.82068	3.71025	1.73624	0.467957	25.3938	0.130944	0.463784	0.326611	0.0758935
20312	0.233835	0.207404	3.84966	1.82165	0.473198	0.801242	2.84589	3.79792	1.66203	0.437615	21.6233	0.160975	0.455527	0.333262	0.0762481
20313	0.229161	0.229809	3.81053	1.78308	0.467936	0.858985	2.90584	3.66689	1.7104	0.466444	18.0527	0.198339	0.467204	0.338939	0.0765814
20314	0.249327	0.294583	3.94319	1.82544	0.462934	0.836747	2.8024	3.82673	1.71169	0.447298	18.2262	0.172531	0.455233	0.307831	0.076611
20315	0.262709	0.252369	3.84013	1.89407	0.493229	0.80479	2.83714	3.44598	1.5298	0.443939	22.7362	0.146926	0.469917	0.32799	0.0771405
20316	0.318851	0.303144	3.6913	1.86995	0.506584	0.80719	2.89218	3.33858	1.49892	0.448967	28.1082	0.119237	0.479221	0.3323	0.0772615
20317	0.264438	0.269969	3.82648	1.743	0.455509	0.968553	2.97864	3.52347	1.58314	0.449313	14.7988	0.247889	0.452539	0.35556	0.0774477
20318	0.23468	0.275027	4.02359	1.82121	0.452634	0.879383	2.92774	3.51608	1.66076	0.472334	16.9302	0.207821	0.461821	0.335765	0.0776646
20319	0.225785	0.282133	3.61053	1.78753	0.495088	0.984538	2.98491	3.71125	1.70151	0.458473	12.6887	0.287853	0.476529	0.343697	0.0776468
20320	0.376706	0.357448	3.81558	1.88914	0.495114	1.07493	2.99488	3.69379	1.73249	0.469026	14.2684	0.243756	0.482282	0.324513	0.0777429
20321	0.422825	0.392647	3.81111	1.71494	0.449985	1.00598	2.98301	3.83915	1.66905	0.434745	19.7315	0.170033	0.442337	0.331535	0.0782459
20322	0.388172	0.418051	3.81317	1.7795	0.466671	0.953015	3.00009	3.9061	1.79344	0.459138	20.8963	0.159524	0.46286	0.318207	0.0785079
20323	0.442881	0.493697	3.64178	1.77938	0.488602	1.12447	3.07829	3.438	1.62389	0.472335	14.3793	0.232283	0.480703	0.329291	0.0788585
20324	0.529114	0.481328	3.79373	1.75115	0.461591	1.17736	3.0813	3.48937	1.62666	0.466175	16.0865	0.21011	0.463787	0.333584	0.0789303
20325	0.473381	0.496033	3.85628	1.93698	0.502291	1.09268	3.06261	3.5535	1.69357	0.47659	17.1754	0.191766	0.489966	0.312163	0.0793426
20326	0.557518	0.561208	3.93322	1.9499	0.495751	0.953429	2.9414	3.79056	1.79165	0.472662	36.1434	0.078373	0.484419	0.274696	0.0792825
20327	0.632362	0.612066	4.33927	1.99096	0.458824	0.90157	2.88188	3.48829	1.70266	0.488107	71.0895	0.0362363	0.471874	0.258648	0.07988
20328	0.533652	0.618219	3.92485	1.89575	0.483012	0.910141	2.87027	3.42686	1.65464	0.482843	35.7811	0.070872	0.482933	0.263246	0.0800981
20329	0.654932	0.627738	3.95931	1.89306	0.478129	0.896286	2.88751	3.60064	1.62925	0.452488	87.6636	0.029126	0.465917	0.266124	0.0802616
20330	0.656665	0.61928	3.67113	1.79653	0.489366	0.935662	2.90661	3.91984	1.77369	0.452492	67.2136	0.0389197	0.470325	0.268224	0.0803225
20331	0.64893	0.556933	3.90484	1.82283	0.466811	0.831354	2.7992	3.62211	1.6176	0.446592	151.081	0.0166392	0.457081	0.267681	0.0803389
20332	0.455107	0.486009	3.69564	1.8611	0.503593	0.873202	2.82338	3.23265	1.49392	0.462134	31.2539	0.0874019	0.484249	0.289421	0.0802095
20333	0.395274	0.471442	3.74575	1.78504	0.47655	0.885169	2.84599	3.49114	1.58528	0.454085	23.494	0.119998	0.465713	0.295008	0.0803847
20334	0.589104	0.58977	3.85434	1.86332	0.483433	0.886817	2.88419	3.55764	1.67101	0.469696	59.3951	0.0443165	0.476839	0.271435	0.0806959
20335	0.613754	0.650482	4.00815	1.76488	0.440323	0.854225	2.85757	3.44798	1.65457	0.479867	84.2392	0.028913	0.458609	0.26271	0.0809993
20336	0.643551	0.630588	3.58492	1.69883	0.473883	0.884281	2.87984	3.67676	1.70364	0.463355	87.3002	0.0289755	0.468552	0.27109	0.0814871
20337	0.670306	0.621554	3.57342	1.70638	0.477519	0.875977	2.84237	3.91393	1.64214	0.419564	116.594	0.0211504	0.447223	0.269224	0.0819309
20338	0.558222	0.608705	3.6726	1.6737	0.455726	0.820353	2.87718	3.69943	1.68755	0.456164	74.8913	0.0343563	0.455946	0.2769	0.0820388
20339	0.646166	0.62271	3.83131	1.77291	0.462742	0.862351	2.89367	3.59974	1.68456	0.467968	110.348	0.023368	0.465273	0.271717	0.0819201
20340	0.546375	0.521876	3.69884	1.78527	0.482657	0.862327	2.90434	3.57424	1.67863	0.469648	56.8603	0.049913	0.476264	0.290714	0.0819014
20341	0.436101	0.507865	3.80936	1.8301	0.480423	0.924491	2.90412	3.73373	1.83236	0.490759	24.073	0.119262	0.485539	0.281685	0.0824492
20342	0.455551	0.508723	3.74574	1.82663	0.487656	0.954557	2.90966	3.65402	1.77421	0.485549	23.15	0.124503	0.486615	0.285928	0.0828499
20343	0.584146	0.50871	3.93284	1.85793	0.472414	1.00754	2.91337	3.70888	1.6192	0.436575	32.2564	0.0896317	0.45502	0.293761	0.0830388
20344	0.511592	0.460247	3.57262	1.82083	0.509663	0.961934	2.89675	3.73118	1.73149	0.464059	29.2717	0.101404	0.486366	0.294782	0.0833399
20345	0.431967	0.44985	3.71242	1.86473	0.502294	0.91049	2.9111	3.50542	1.6552	0.472184	26.4549	0.114492	0.487671	0.300926	0.0835563
20346	0.436294	0.424802	3.65819	1.7703	0.483926	0.908824	2.85982	3.86616	1.57899	0.408413	26.555	0.111642	0.445126	0.306905	0.0839197
20347	0.471488	0.520832	3.83287	1.8036	0.470562	0.872504	2.83	3.74092	1.6659	0.445318	33.1578	0.0804069	0.458093	0.277673	0.0838016
20348	0.526424	0.532569	4.02816	1.87772	0.466149	0.890598	2.8969	3.42226	1.77878	0.519768	42.15	0.0663113	0.490778	0.276616	0.0841374
20349	0.525423	0.495669	4.0504	1.89834	0.46868	0.813444	2.8192	3.85705	1.71126	0.44367	65.0801	0.0414781	0.456481	0.272254	0.0844271
20350	0.491751	0.50178	3.86923	1.83837	0.475125	0.819704	2.85665	3.52442	1.69227	0.480156	51.5598	0.0537766	0.477523	0.282053	0.0848
20351	0.50673	0.480567	3.71711	1.85757	0.499734	0.913402	2.8985	3.74802	1.7809	0.475158	35.3508	0.0826912	0.487395	0.286687	0.0850513
20352	0.452193	0.441055	3.63401	1.79473	0.493871	0.893088	2.87017	3.47169	1.6027	0.46165	30.3548	0.097194	0.478128	0.302851	0.0853157
20353	0.471521	0.457773	3.78297	1.83185	0.484235	0.969951	2.85472	3.80797	1.69556	0.445265	23.1265	0.124216	0.464686	0.28947	0.0858374
20354	0.442051	0.487086	3.57497	1.8367	0.513765	0.886008	2.89108	3.63346	1.64741	0.453401	29.3214	0.0985493	0.483338	0.293232	0.0859234
20355	0.492606	0.485946	3.86777	1.79691	0.464586	0.946235	2.88755	3.58073	1.60575	0.448442	28.0286	0.10289	0.456825	0.297741	0.0858538
20356	0.483434	0.48311	4.20257	1.88995	0.449713	0.947899	2.92305	3.56252	1.82356	0.511874	27.5965	0.107864	0.478232	0.286218	0.0860072
20357	0.421004	0.4891	3.90126	1.82351	0.467417	1.01856	2.93872	3.59094	1.61721	0.450357	16.8051	0.178537	0.45924	0.303728	0.086524
20358	0.405942	0.387186	4.00032	1.84485	0.461177	0.882767	2.88445	3.6473	1.4905	0.40866	27.4289	0.113681	0.43613	0.318649	0.0869982
20359	0.391109	0.413368	3.72008	1.75102	0.470695	0.784023	2.84252	3.42266	1.54029	0.450027	38.2223	0.0771904	0.460792	0.309599	0.0869746
20360	0.447367	0.402352	4.0695	1.96138	0.48197	0.858279	2.8375	3.56532	1.58148	0.443573	35.1198	0.0844243	0.464039	0.295105	0.0871754
20361	0.404872	0.367209	3.76152	1.97178	0.524197	0.838101	2.87157	3.68904	1.70869	0.463181	33.4163	0.0938436	0.493986	0.298852	0.0873692
20362	0.449486	0.419744	3.7088	1.86643	0.503242	0.886407	2.82394	3.43803	1.68799	0.490977	30.2785	0.0954502	0.497342	0.289143	0.087328
20363	0.36126	0.411925	3.94544	1.91088	0.484327	0.818697	2.83971	4.05256	1.74623	0.430896	28.1681	0.104624	0.457253	0.287305	0.0873661
20364	0.455739	0.410101	3.95917	1.98629	0.501694	0.840793	2.80519	3.69883	1.78799	0.483394	38.69	0.0741333	0.492855	0.275446	0.0871633
20365	0.442755	0.411924	3.73907	1.84684	0.493931	0.85864	2.84627	3.68984	1.72936	0.468681	34.2624	0.0864801	0.48139	0.293024	0.0871272
20366	0.418307	0.377817	3.81426	1.83117	0.480085	0.802395	2.82574	3.7511	1.73504	0.46254	40.6194	0.073762	0.471386	0.295917	0.0875684
20367	0.304545	0.365538	3.94949	1.89497	0.4798	0.811851	2.85974	3.64185	1.80078	0.494467	24.1726	0.12868	0.486837	0.296288	0.0877922
20368	0.357964	0.337724	3.72651	1.77536	0.476413	0.930678	2.87551	3.70029	1.79945	0.486299	19.6352	0.164001	0.481339	0.310643	0.0881315
20369	0.397302	0.376621	3.71757	1.92547	0.51794	0.85127	2.91276	3.55621	1.74772	0.491455	31.2102	0.103043	0.504991	0.304583	0.0884702
20370	0.321772	0.305199	3.87013	1.85683	0.479786	0.797746	2.80661	3.60761	1.81212	0.502306	27.6187	0.113275	0.49065	0.299015	0.0884653
20371	0.320278	0.359818	4.022	1.93672	0.481532	0.740682	2.80096	3.80954	1.82132	0.478095	33.7174	0.0883696	0.47986	0.28399	0.088834
20372	0.341907	0.359612	3.89309	1.92737	0.495075	0.757864	2.76342	3.97995	1.73835	0.436778	33.3966	0.0865104	0.465605	0.28278	0.0886864
20373	0.411924	0.392725	3.83655	2.12544	0.553998	0.692114	2.73433	3.57606	1.722	0.481535	69.8428	0.0392534	0.51904	0.262788	0.0887259
20374	0.406273	0.444878	4.06419	2.00355	0.492975	0.801706	2.77042	3.64242	1.62303	0.445592	34.5863	0.0781835	0.47058	0.271668	0.0886766
20375	0.474827	0.490971	3.80473	1.87039	0.491595	0.811318	2.81947	3.80633	1.71355	0.450185	47.8855	0.0566133	0.470886	0.27452	0.089054
20376	0.364559	0.453414	3.83472	1.99073	0.519134	0.822919	2.79829	3.71184	1.57089	0.423211	26.1712	0.105047	0.471954	0.278573	0.0896441
20377	0.179031	0.277864	4.00027	1.78275	0.445657	0.696296	2.6995	3.54385	1.60403	0.452625	21.9175	0.133782	0.44893	0.302212	0.0898498
20378	0.354467	0.304828	3.70851	1.77123	0.477613	0.708714	2.72727	3.9766	1.69458	0.426139	46.762	0.0627457	0.450978	0.297509	0.0898765
20379	0.282442	0.242127	3.56303	1.76683	0.495879	0.720446	2.73096	3.80723	1.71629	0.450797	32.2876	0.0959238	0.472591	0.307871	0.0901133
20380	0.276698	0.205492	3.80409	1.80861	0.475437	0.742992	2.76867	3.91603	1.7751	0.45329	30.216	0.108715	0.464203	0.314385	0.0900275
20381	0.125266	0.231245	3.72106	1.78486	0.479665	0.743078	2.77983	3.65105	1.79171	0.490737	17.0171	0.190846	0.485149	0.312358	0.0904319
20382	0.128374	0.222528	3.77978	1.84945	0.489302	0.765412	2.74683	3.94762	1.83991	0.466081	15.7019	0.202908	0.477439	0.301678	0.0907869
20383	0.312517	0.196585	3.74207	1.73668	0.464095	0.761059	2.76664	4.01318	1.84495	0.459724	32.8308	0.100595	0.461833	0.315668	0.0912173
20384	0.156045	0.221601	3.97004	1.96011	0.493725	0.722783	2.74295	3.89949	1.80208	0.462132	19.7926	0.160596	0.47807	0.297087	0.0910278
20385	0.264609	0.286351	3.99617	1.91806	0.479974	0.767512	2.80542	4.21586	1.86835	0.443172	25.0907	0.126456	0.461081	0.295373	0.0909498
20386	0.27832	0.282803	3.95152	1.93979	0.490898	0.850547	2.85452	3.67853	1.88822	0.513309	20.198	0.163722	0.501702	0.301747	0.0908673
20387	0.26749	0.204219	3.81271	1.89215	0.496275	0.842256	2.86475	3.61232	1.76841	0.48955	21.4266	0.165178	0.493003	0.325993	0.0911003
20388	0.122185	0.157301	3.84821	1.92632	0.500576	0.820779	2.89644	3.52088	1.60524	0.45592	15.3736	0.244017	0.47924	0.347001	0.0914114
20389	0.292199	0.201335	4.12139	1.88185	0.456605	0.919011	2.9673	3.80273	1.82949	0.481098	19.4723	0.196447	0.468359	0.340199	0.0918931
20390	0.147397	0.190323	3.5967	1.83963	0.511478	1.06522	3.0035	4.24529	1.84855	0.435436	9.3945	0.421202	0.470312	0.349259	0.0923973
20391	0.136776	0.174239	3.88705	1.87888	0.483369	0.983123	2.98999	4.1098	1.85679	0.451796	11.0686	0.358152	0.467143	0.346772	0.0929088
20392	0.200575	0.163461	3.68729	1.72658	0.468252	0.997331	3.021	3.58294	1.71327	0.478175	12.8628	0.31741	0.473142	0.372548	0.0929848
20393	0.132308	0.180101	4.0276	1.79914	0.446703	1.03962	3.01898	3.37738	1.64304	0.486483	9.79	0.411604	0.464847	0.369332	0.0935716
20394	0.165941	0.153179	4.32792	1.95724	0.452237	0.997459	2.95739	3.69619	1.67681	0.45366	11.3731	0.345712	0.452892	0.35117	0.0934918
20395	0.14306	0.120845	3.74729	1.95376	0.521378	0.948794	2.91761	3.82753	1.77408	0.463506	12.0483	0.324604	0.492136	0.344185	0.0935346
20396	0.148491	0.0923277	3.86427	1.91807	0.496361	0.993648	2.99142	4.05817	1.73833	0.428354	11.7666	0.357145	0.461525	0.365058	0.0934538
20397	0.158396	0.0888481	4.05819	1.88138	0.4636	1.0835	3.07349	3.56838	1.77612	0.497738	10.4089	0.42791	0.479573	0.378573	0.0934931
20398	0.12054	0.0738396	3.68251	1.80963	0.491412	1.15176	3.11074	3.88415	1.81692	0.467779	8.67281	0.531706	0.479281	0.38879	0.0933877
20399	0.143465	0.095504	3.78652	1.74085	0.459748	1.14788	3.12497	3.78559	1.76241	0.465558	9.09722	0.504421	0.462653	0.395867	0.0935542
20400	0.0891727	0.0506596	3.66016	1.78968	0.488962	1.17987	3.11988	3.81828	1.73664	0.454823	7.91855	0.594814	0.471532	0.400544	0.0936881
20401	0.0726837	0.033025	3.96312	1.77005	0.44663	1.15017	3.13336	3.43171	1.74411	0.508234	8.27925	0.580492	0.475219	0.406229	0.0937328
20402	0.0902059	0.108814	3.95087	1.85649	0.469894	1.09604	3.11607	3.63547	1.58772	0.436731	8.93895	0.505853	0.454002	0.396413	0.0938586
20403	0.0854	0.100973	3.97675	1.94345	0.488703	1.15264	3.14619	3.71297	1.64641	0.443422	8.14166	0.5695	0.466839	0.392512	0.0938473
20404	0.149772	0.102194	3.90608	1.95951	0.501658	1.13709	3.14796	3.6025	1.7379	0.482416	9.51651	0.4874	0.492426	0.385582	0.0943375
20405	0.223765	0.0873034	3.95113	1.84154	0.46608	1.16175	3.17327	3.92362	1.80221	0.459323	10.8239	0.439913	0.462713	0.395302	0.0942409
20406	0.0699551	0.0691319	3.73642	1.89181	0.506317	1.10195	3.11881	3.79427	1.63733	0.431527	8.73277	0.532507	0.468635	0.397288	0.0944423
20407	-0.0774318	-0.0957779	3.60617	1.87311	0.51942	0.974513	3.04065	3.73927	1.74972	0.467931	8.88969	0.553294	0.493209	0.404469	0.0946165
20408	-0.240947	-0.136451	3.73448	1.84908	0.495139	0.9864	3.00856	3.51926	1.70643	0.484883	6.56612	0.75319	0.490163	0.410316	0.0947809
20409	-0.108248	-0.112824	3.88115	1.82637	0.470575	1.02913	3.03701	3.86292	1.65185	0.427617	7.66946	0.646814	0.449147	0.416388	0.0953192
20410	-0.0760833	-0.154306	3.61201	1.69245	0.468561	1.02731	3.03987	3.72992	1.74482	0.46779	8.38017	0.608743	0.468169	0.426092	0.0956415
20411	-0.0902366	-0.131668	3.67717	1.66707	0.453356	1.1032	3.07198	3.56369	1.52638	0.428315	7.20597	0.712144	0.441031	0.445638	0.096008
20412	-0.0729369	-0.0941644	3.70427	1.74631	0.471431	1.17027	3.13524	3.84422	1.5825	0.411656	6.74778	0.772777	0.440989	0.439347	0.0963437
20413	-0.154516	-0.116712	3.51644	1.63959	0.466263	1.17105	3.15113	3.80716	1.69969	0.446446	6.07744	0.878562	0.455961	0.444409	0.09689
20414	-0.16924	-0.0883177	3.71832	1.66223	0.447038	1.09673	3.09177	3.53682	1.66674	0.471254	6.31005	0.801335	0.458843	0.431768	0.0973104
20415	-0.0587654	-0.0892529	3.37716	1.67902	0.497169	0.929284	3.04784	3.71969	1.62335	0.436421	10.0808	0.488121	0.465329	0.427063	0.0977109
20416	-0.100344	-0.0640157	3.852	1.78473	0.463326	1.0365	3.01921	3.31635	1.53912	0.464102	7.35544	0.646206	0.463685	0.417032	0.0978524
20417	0.0110064	0.00914856	3.85418	1.77124	0.459562	0.969337	2.98857	3.52432	1.57424	0.44668	9.6657	0.459199	0.453409	0.398925	0.0977662
20418	-0.0396976	-0.0393097	4.03382	1.81536	0.450034	0.91356	2.96213	3.63673	1.51307	0.416053	9.91373	0.45435	0.433923	0.40369	0.0976037
20419	-0.011831	-0.0330995	3.87645	1.90496	0.491419	0.983006	2.9935	3.67406	1.60356	0.436454	9.25566	0.49485	0.464673	0.395056	0.0976997
20420	-0.0426412	-0.0383981	3.95881	1.89775	0.479374	0.978019	3.02011	3.7394	1.81418	0.485155	8.97959	0.520874	0.482182	0.386631	0.0978562
20421	-0.0112215	-0.0686179	3.9392	1.89101	0.480049	1.09638	3.03759	3.60214	1.70248	0.47263	7.86494	0.613388	0.476506	0.401766	0.0985349
20422	0.0533521	-0.0484031	3.70504	1.74222	0.470229	1.0126	2.97118	3.73496	1.66379	0.445465	9.90905	0.460079	0.457797	0.401048	0.0985031
20423	-0.00988874	-0.0181746	3.77097	1.78362	0.472989	1.01098	2.95749	3.72598	1.71427	0.460087	8.49627	0.521086	0.466576	0.387693	0.0988185
20424	0.0612508	0.00405444	3.70469	1.61187	0.43509	0.807886	2.88524	3.73586	1.70806	0.457208	14.891	0.278732	0.446195	0.384773	0.0990717
20425	0.0278348	0.093587	3.89992	1.89402	0.485655	0.933034	2.89045	3.79036	1.72593	0.455349	9.54671	0.409693	0.470718	0.35086	0.0990809
20426	0.165354	0.123381	3.89079	1.89716	0.487604	0.904877	2.87341	3.79914	1.66781	0.438995	13.8283	0.273447	0.463589	0.346665	0.0998147
20427	0.0703374	0.116527	3.82899	1.83758	0.479912	0.848182	2.81651	3.85891	1.63931	0.424811	12.0486	0.302521	0.452254	0.344018	0.100287
20428	0.101566	0.0809616	3.79792	1.82816	0.481359	0.879705	2.84389	3.69938	1.63571	0.442158	12.6074	0.30275	0.462016	0.355352	0.100939
20429	0.148446	0.0666153	3.75218	1.68644	0.449456	0.907899	2.88722	3.72168	1.68206	0.451962	13.7937	0.288384	0.450704	0.371366	0.100944
20430	0.0508842	0.0316202	3.81845	1.82495	0.47793	0.924669	2.92116	3.94153	1.73706	0.440706	10.9358	0.38175	0.459023	0.369603	0.100947
20431	0.097698	0.0660361	4.07298	1.8205	0.446968	0.997016	2.95571	3.88013	1.67622	0.432001	10.3245	0.404387	0.439666	0.373944	0.100987
20432	-0.155276	-0.0778292	3.54991	1.80058	0.507218	0.99737	2.98005	3.52917	1.59195	0.451083	7.03797	0.664296	0.479233	0.408075	0.101253
20433	-0.19054	-0.0619448	3.70033	1.76037	0.475732	0.988877	3.02634	3.8745	1.66872	0.430694	6.85648	0.695511	0.452696	0.410268	0.101129
20434	-0.0988336	-0.00859576	3.92289	1.89657	0.483463	0.988232	3.00916	3.72095	1.68339	0.452409	7.7065	0.590856	0.468346	0.388858	0.101347
20435	0.0174226	-0.0205249	3.96184	1.90269	0.480254	0.952893	2.93819	3.78102	1.67455	0.442882	10.0033	0.437553	0.462005	0.379687	0.101245
20436	-0.12731	-0.0167557	4.18608	1.89639	0.453021	0.925776	2.9516	3.95474	1.81208	0.458205	7.9452	0.554495	0.455539	0.37276	0.101496
20437	-0.00768335	-0.0174686	3.86938	1.8083	0.467337	0.892646	2.91399	3.61292	1.61273	0.446378	10.6014	0.405297	0.457217	0.385863	0.101743
20438	0.0445084	0.0202916	3.90055	1.9339	0.495803	0.899158	2.88051	3.75951	1.61846	0.430497	11.2001	0.365213	0.463751	0.365491	0.101633
20439	0.0713711	-0.0356026	3.68225	1.80806	0.49102	0.817744	2.85066	3.60983	1.69906	0.470677	14.9541	0.278536	0.480949	0.372697	0.101954
20440	0.00197251	0.0129911	4.00359	1.7709	0.442327	0.868366	2.87282	3.63314	1.53327	0.422024	10.8956	0.375319	0.432668	0.382382	0.101884
20441	0.0630702	0.0698908	3.53106	1.78471	0.505431	0.94075	2.8853	3.81716	1.61995	0.424387	10.2899	0.385161	0.463332	0.368018	0.102077
20442	0.176569	0.136458	3.84064	1.74021	0.453105	0.769586	2.82408	3.88919	1.73867	0.447053	20.54	0.175835	0.45006	0.341819	0.102187
20443	0.188779	0.100398	3.90044	1.7765	0.455462	0.755856	2.79156	3.82746	1.78364	0.46601	22.5215	0.160788	0.460686	0.337234	0.102587
20444	-0.0544074	0.0125635	3.77075	1.79465	0.47594	0.6671	2.71825	3.87249	1.82136	0.470332	14.0628	0.260287	0.473099	0.33616	0.102999
20445	0.0975303	0.0412311	4.02513	1.79944	0.447052	0.644237	2.65803	4.1171	1.95061	0.473782	22.9104	0.149444	0.460568	0.313532	0.103399
20446	0.0742516	0.0883415	3.58827	1.68498	0.469579	0.621688	2.60156	3.74281	1.75746	0.469557	21.0762	0.149843	0.469568	0.314569	0.103817
20447	0.17577	0.153046	3.6702	1.79886	0.490125	0.659403	2.59549	3.56199	1.74868	0.490928	25.5045	0.116951	0.49052	0.296077	0.104392
20448	0.181099	0.226026	3.90308	1.86884	0.478812	0.561684	2.60218	3.8206	1.64105	0.429528	38.9805	0.0724224	0.454433	0.286916	0.104299
20449	0.212256	0.20904	4.10288	1.9281	0.469937	0.6733	2.69337	3.85055	1.69317	0.439722	29.0357	0.106281	0.455309	0.298885	0.104702
20450	0.158256	0.187115	3.6843	1.80565	0.490094	0.668101	2.7104	3.82576	1.65954	0.43378	24.4939	0.129971	0.461407	0.314873	0.10553
20451	0.322037	0.235552	3.74227	1.72872	0.461943	0.661248	2.74263	3.50113	1.63674	0.467487	54.6255	0.0575322	0.464623	0.318403	0.105729
20452	0.138357	0.172752	3.93936	1.78413	0.452897	0.778313	2.77252	3.58139	1.61819	0.451832	16.5033	0.204772	0.45239	0.331945	0.106087
20453	0.398313	0.266848	3.60967	1.73497	0.480645	0.709423	2.79244	3.7133	1.70781	0.459916	65.9021	0.0483948	0.470134	0.31667	0.106023
20454	0.222117	0.255467	3.65358	1.7751	0.485852	0.785135	2.74108	3.57408	1.64896	0.461368	19.4905	0.158495	0.473745	0.310971	0.105704
20455	0.312987	0.289581	3.69213	1.90539	0.516068	0.765911	2.86472	4.03737	1.72702	0.427759	32.326	0.10257	0.469941	0.313484	0.105916
20456	0.265917	0.288857	4.02554	1.92011	0.476982	0.866973	2.8621	3.67555	1.82023	0.495227	18.3287	0.180634	0.48569	0.306903	0.105886
20457	0.29413	0.340911	3.88889	1.77736	0.457036	0.88949	2.85957	3.9008	1.80244	0.462068	17.897	0.177226	0.459556	0.307114	0.105938
20458	0.258173	0.302158	3.7673	1.89218	0.502263	0.707954	2.74762	3.856	1.73397	0.449682	29.561	0.101151	0.475667	0.292039	0.106298
20459	0.291184	0.303967	3.51882	1.8503	0.52583	0.725998	2.69953	3.76005	1.79586	0.477616	30.3534	0.0945316	0.500924	0.282472	0.106506
20460	0.421405	0.334048	4.03928	1.91009	0.472879	0.672292	2.67865	4.03736	1.86505	0.461948	87.3331	0.0314724	0.467415	0.26698	0.106286
20461	0.39198	0.336343	3.93583	1.86909	0.474893	0.755245	2.69514	3.76584	1.72315	0.457574	42.1633	0.0659805	0.466424	0.279233	0.106426
20462	0.366837	0.29784	3.97047	1.90318	0.479332	0.661397	2.66456	3.39988	1.76427	0.51892	64.5575	0.0433827	0.497594	0.276422	0.106614
20463	0.236938	0.263862	3.80807	1.72816	0.453815	0.63582	2.61819	3.68397	1.76232	0.478376	34.8374	0.0795534	0.465892	0.284282	0.106773
20464	0.277395	0.279772	3.77515	1.87906	0.497745	0.690668	2.66979	3.71901	1.60177	0.430697	33.4449	0.0853973	0.464472	0.291015	0.106603
20465	0.176699	0.235447	3.89557	1.9072	0.489582	0.674243	2.71752	3.70186	1.65701	0.447617	24.8865	0.123775	0.469135	0.30184	0.106772
20466	0.222349	0.220756	3.81321	1.79028	0.469495	0.797256	2.77993	3.96446	1.68702	0.425536	19.8155	0.165259	0.447088	0.320238	0.106506
20467	0.224574	0.165097	3.93364	1.88213	0.47847	0.837533	2.81321	3.84503	1.72344	0.448224	18.6643	0.187859	0.463519	0.327266	0.107201
20468	0.226687	0.16309	3.7227	1.75806	0.472253	0.771894	2.78341	3.90999	1.73135	0.442802	23.0986	0.148625	0.457166	0.329835	0.107567
20469	0.134602	0.130664	4.03149	1.95496	0.484923	0.866116	2.80477	3.5358	1.67765	0.474475	13.3632	0.267556	0.480041	0.329927	0.107693
20470	0.169397	0.169451	3.84547	1.92818	0.501416	0.831687	2.81388	3.68999	1.53663	0.416432	15.9429	0.219314	0.4598	0.335472	0.107874
20471	0.176326	0.150874	3.76785	1.81792	0.482483	0.72911	2.80142	3.71349	1.71149	0.460885	22.9911	0.152785	0.471762	0.33239	0.107854
20472	0.218568	0.194277	3.52567	1.78712	0.506888	0.933198	2.80714	3.73719	1.72515	0.461615	13.3681	0.255348	0.483592	0.327136	0.107502
20473	0.140097	0.152627	3.85118	1.74736	0.453721	0.924487	2.84954	3.63231	1.74039	0.47914	11.8214	0.307634	0.466059	0.342801	0.107664
20474	0.174038	0.132926	3.60814	1.74696	0.484171	0.77675	2.79807	3.51006	1.66381	0.474011	19.5533	0.181631	0.479161	0.34249	0.108214
20475	0.163367	0.134088	3.7076	1.69881	0.458197	0.873866	2.80929	3.63607	1.75716	0.483257	14.1771	0.252404	0.470605	0.341224	0.108525
20476	0.0802419	0.107263	3.7862	1.72691	0.456106	0.807813	2.86347	3.80194	1.74618	0.459286	14.3507	0.26468	0.457699	0.353629	0.108372
20477	0.180819	0.118504	3.929	1.9244	0.489794	0.785313	2.85218	3.78906	1.71795	0.453398	20.4508	0.182707	0.471926	0.339139	0.108945
20478	0.0656405	0.0591778	3.9027	1.9349	0.495784	0.833478	2.8449	3.56059	1.52866	0.429328	13.1625	0.294787	0.464079	0.359145	0.108744
20479	-0.0134112	0.00930369	4.03573	1.98285	0.491323	0.802118	2.87107	3.58383	1.72135	0.480311	12.3137	0.332544	0.486143	0.356088	0.108585
20480	0.0862009	0.0664801	4.04623	1.83334	0.453099	0.874681	2.90649	3.68345	1.60972	0.437014	12.9736	0.310851	0.445434	0.369459	0.108831
20481	0.00330295	0.0398166	3.72206	1.88162	0.505531	0.942037	2.91877	3.8216	1.57819	0.412966	9.40558	0.440611	0.458638	0.374689	0.109197
20482	-0.0771622	0.010387	3.81188	1.95764	0.513561	0.956539	2.93811	3.92451	1.65906	0.422744	8.02179	0.534269	0.467492	0.372174	0.109433
20483	-0.0102537	-0.0564456	3.80994	1.8059	0.473998	0.87793	2.86872	3.73065	1.59865	0.428519	10.8466	0.394435	0.451498	0.385988	0.109446
20484	0.0938626	0.0957969	3.80972	1.88779	0.495518	1.03231	3.00538	3.54395	1.63662	0.461807	9.61259	0.440344	0.479272	0.375314	0.109738
20485	0.0406628	0.0235249	3.89551	1.98673	0.510006	0.911256	2.9779	3.73031	1.64693	0.441498	11.516	0.378966	0.476494	0.37532	0.109841
20486	0.064111	0.0636867	3.74915	1.84722	0.492704	0.834555	2.89859	3.68872	1.64754	0.446642	13.5392	0.296792	0.46986	0.365159	0.109832
20487	0.0891374	0.0813275	3.76334	1.64034	0.435873	0.945594	2.95129	3.75533	1.73835	0.462902	11.229	0.366759	0.449373	0.37879	0.109636
20488	0.130808	0.121588	3.8312	1.78189	0.4651	0.949392	2.89121	3.74422	1.76502	0.4714	11.4476	0.33504	0.468214	0.351044	0.109724
20489	0.123539	0.107745	3.49707	1.84894	0.528711	0.923492	2.96274	3.89146	1.66666	0.428287	12.7374	0.319962	0.475819	0.367056	0.109757
20490	0.0667207	0.136144	3.72116	1.88253	0.505899	0.850395	2.94503	3.85085	1.74069	0.452028	12.8469	0.307073	0.478502	0.352612	0.109724
20491	0.0884237	0.0901703	3.94246	1.90386	0.482911	0.921298	2.92269	3.90485	1.67524	0.429015	11.5661	0.346839	0.456092	0.359261	0.110145
20492	0.106941	0.0867776	4.01657	1.86381	0.464029	0.984311	2.88891	3.93006	1.78402	0.453941	10.2003	0.384889	0.45904	0.349971	0.110481
20493	0.0863912	0.0415819	3.79506	1.8259	0.481126	0.716073	2.78489	3.91673	1.80962	0.462023	18.9805	0.19825	0.471424	0.34114	0.11079
20494	0.0624222	-0.0271621	3.89143	1.91661	0.49252	0.748744	2.75329	3.567	1.63042	0.457083	16.4125	0.235519	0.475572	0.352818	0.1112
20495	-0.025359	-0.0421614	3.91848	1.79288	0.457544	0.650095	2.69481	3.77671	1.79019	0.474007	16.4191	0.228119	0.465624	0.34337	0.11137
20496	-0.0178791	-0.00824302	3.72788	1.76122	0.472446	0.709724	2.68149	3.9892	1.89118	0.474075	13.6656	0.264703	0.473288	0.331304	0.112021
20497	-0.0444155	-0.053938	4.01928	1.71169	0.42587	0.719528	2.71025	3.90966	1.8099	0.462931	13.0922	0.291805	0.444144	0.351783	0.112436
20498	-0.126282	-0.0755985	3.64697	1.72997	0.474359	0.733977	2.71876	4.21151	1.82798	0.434044	10.5513	0.370022	0.452754	0.354394	0.112987
20499	-0.168051	-0.121861	3.75332	1.742	0.464122	0.702003	2.70802	3.80143	1.72084	0.452682	10.579	0.378497	0.458366	0.366465	0.1134
20500	-0.0842647	-0.139744	3.8456	1.85883	0.483365	0.610525	2.64354	3.69675	1.70548	0.461346	16.0476	0.241366	0.472573	0.352173	0.113715
