cycle	Zbar1	Gbar1	VP1	VG1	h21	Zbar2	Gbar2	VP2	VG2	h22	h2b	h2b_denom	h2w	Qst	Fst
20000	0.336521	0.295204	4.01717	1.87966	0.467906	-1.70299	0.261811	3.63486	1.68487	0.463531	0.000268086	2.0798	0.465828	7.82431e-05	0.000386771
20001	0.368423	0.2828	4.13419	1.99165	0.48175	-1.69212	0.316187	3.74275	1.69552	0.453015	0.000262536	2.12293	0.468097	7.56111e-05	0.000656234
20002	0.206595	0.184183	3.5912	1.85487	0.516505	-1.70977	0.384809	3.73326	1.76533	0.472865	0.0109602	1.83622	0.494262	0.00277327	0.000871664
20003	0.195241	0.198643	4.19336	1.87822	0.447902	-1.57149	0.360178	3.903	1.79715	0.460453	0.00835977	1.56066	0.453952	0.00177264	0.0011037
20004	0.249717	0.245636	3.79178	1.8124	0.477981	-1.62737	0.405709	3.93934	1.84308	0.467865	0.00727227	1.76172	0.472827	0.00175021	0.00131409
20005	0.274231	0.226056	3.69986	1.67281	0.452128	-1.54158	0.480895	3.70032	1.79134	0.484102	0.0196966	1.64858	0.468116	0.00466727	0.00158539
20006	0.232549	0.220562	3.44545	1.68536	0.489154	-1.49528	0.471604	4.09865	1.85045	0.451477	0.02111	1.4927	0.468684	0.00443841	0.00181563
20007	0.153183	0.129541	3.82881	1.68066	0.438951	-1.58547	0.425714	3.78654	1.85701	0.490424	0.0290179	1.51146	0.464545	0.00616378	0.00211323
20008	0.145188	0.189566	3.92418	1.57959	0.402528	-1.48029	0.476647	3.77401	1.70622	0.452097	0.0311922	1.32109	0.426829	0.00623456	0.00234284
20009	0.141931	0.10073	3.27728	1.59813	0.487641	-1.52929	0.549048	4.02064	1.78112	0.442994	0.0719617	1.39649	0.463044	0.0146586	0.00266859
20010	0.0957804	0.11006	3.59888	1.70886	0.474832	-1.46988	0.588576	4.17891	1.67256	0.400239	0.0934107	1.22565	0.434754	0.0166554	0.00288065
20011	0.112074	0.0796695	3.54428	1.74097	0.491205	-1.41932	0.586156	3.77149	1.68052	0.445585	0.109386	1.17258	0.467687	0.0184081	0.00316431
20012	0.145559	0.11733	3.52261	1.74868	0.496415	-1.39104	0.583115	3.80296	1.74885	0.459866	0.0918858	1.18057	0.477441	0.0152785	0.00341327
20013	0.200966	0.168036	3.56226	1.7967	0.504371	-1.38753	0.60763	3.82341	1.74502	0.456404	0.0765832	1.26165	0.479539	0.0134636	0.0036723
20014	0.235232	0.238732	4.17224	1.95517	0.468614	-1.2488	0.738691	4.11152	1.84098	0.44776	0.113496	1.10117	0.458263	0.0162027	0.0041118
20015	0.229348	0.217048	4.14029	1.90745	0.460705	-1.22475	0.794526	3.80784	1.88288	0.494475	0.157718	1.05721	0.476883	0.0215326	0.00438496
20016	0.0921927	0.0928694	4.00724	1.9153	0.47796	-1.26792	0.75	3.80637	1.83725	0.482678	0.233427	0.924959	0.480258	0.0279776	0.00465574
20017	0.149012	0.0744989	3.8079	1.92245	0.504857	-1.186	0.759287	3.471	1.67491	0.482544	0.263113	0.891129	0.494217	0.0315757	0.00484022
20018	0.0730414	0.0768495	3.831	1.89833	0.495517	-1.1507	0.796044	3.66588	1.75193	0.477902	0.345395	0.748768	0.486904	0.0342295	0.00511334
20019	0.170065	0.0530357	4.11973	1.83266	0.444851	-1.02201	0.870684	3.89444	1.70057	0.436666	0.470461	0.710525	0.440873	0.0451892	0.00532433
20020	0.132773	0.102105	3.59735	1.73164	0.481365	-1.03827	0.911769	3.64663	1.67433	0.459146	0.478039	0.685671	0.47018	0.0459309	0.00567995
20021	0.171546	0.121877	3.92211	1.69923	0.433244	-1.07559	0.947712	3.83014	1.80922	0.472363	0.438492	0.777669	0.452571	0.0463672	0.00588459
20022	0.238947	0.2142	3.66826	1.79043	0.488088	-0.967328	1.07857	3.9246	1.71174	0.436157	0.513454	0.72755	0.461246	0.0506568	0.00614023
20023	0.270583	0.249997	4.10101	1.76423	0.430193	-0.882708	1.11547	3.82149	1.84846	0.483702	0.563156	0.66504	0.456003	0.0493033	0.00636748
20024	0.297591	0.222522	3.89047	1.78015	0.457565	-0.848864	1.11306	3.81856	1.66276	0.435441	0.603376	0.65718	0.446607	0.0544763	0.00664786
20025	0.295404	0.210859	3.98818	1.81523	0.455152	-0.849812	1.12274	3.81446	1.68644	0.442118	0.634014	0.65576	0.44878	0.0560658	0.00681737
20026	0.263815	0.244632	3.87733	1.83328	0.472821	-0.818378	1.12843	3.87982	1.79159	0.461771	0.666962	0.585571	0.467294	0.0511419	0.00713139
20027	0.243928	0.227225	3.59593	1.72353	0.4793	-0.934866	1.0781	3.69286	1.82468	0.49411	0.521027	0.694778	0.486803	0.0485587	0.00749686
20028	0.353968	0.252134	3.90185	1.65212	0.423419	-0.881339	1.14135	3.78139	1.73558	0.45898	0.518167	0.762991	0.440921	0.0551606	0.00779535
20029	0.257701	0.241347	3.58575	1.54874	0.431916	-0.807233	1.22183	3.85262	1.71005	0.443867	0.84768	0.567041	0.438106	0.0687163	0.00800913
20030	0.203282	0.247748	3.59687	1.63682	0.455067	-0.702294	1.25715	4.05925	1.78177	0.438942	1.24246	0.410033	0.446517	0.069377	0.00811745
20031	0.228717	0.306547	3.6145	1.66064	0.45944	-0.577357	1.36087	4.12215	1.90524	0.462195	1.7108	0.324878	0.460908	0.0723323	0.00828845
20032	0.376528	0.359279	3.75513	1.83131	0.487682	-0.585047	1.45886	3.75636	1.72919	0.460335	1.30765	0.462314	0.474007	0.0782888	0.0085906
20033	0.308846	0.342195	3.98996	1.84818	0.463208	-0.619529	1.43413	3.72421	1.8106	0.486171	1.38341	0.43094	0.474294	0.0753678	0.00875124
20034	0.262517	0.245808	3.71582	1.67613	0.451079	-0.422537	1.55718	3.65331	1.90858	0.522425	3.66441	0.234649	0.486449	0.107137	0.00915634
20035	0.220976	0.200595	3.82379	1.86848	0.488647	-0.441358	1.53555	3.93851	1.94898	0.494853	4.06237	0.219344	0.491796	0.104557	0.0093486
20036	0.25649	0.21763	3.99986	1.98585	0.496481	-0.401312	1.53466	3.95209	1.97391	0.49946	4.00865	0.216352	0.497961	0.098747	0.00958024
20037	0.306889	0.274006	3.97096	1.87814	0.47297	-0.470822	1.55198	4.04115	1.8588	0.459968	2.70025	0.302417	0.466412	0.0985432	0.00978079
20038	0.17901	0.273457	4.02406	1.90719	0.473946	-0.433845	1.58395	3.69837	1.85424	0.501367	4.57251	0.187796	0.487078	0.102497	0.0100744
20039	0.259117	0.206758	3.73714	1.83648	0.491413	-0.318284	1.64716	3.68378	1.84765	0.501565	6.22314	0.166696	0.496453	0.123468	0.0103344
20040	0.236598	0.217302	4.01193	1.89218	0.471638	-0.333815	1.68687	3.67297	1.79699	0.489248	6.63744	0.162686	0.480054	0.127721	0.0107524
20041	0.257357	0.23031	4.09965	1.94178	0.473646	-0.265711	1.7006	3.75897	1.7651	0.469569	7.90118	0.1368	0.471696	0.127298	0.0108968
20042	0.304446	0.285539	3.86858	2.00534	0.518367	-0.178054	1.75719	3.8374	1.84367	0.480448	9.30289	0.116403	0.499484	0.123377	0.0110866
20043	0.187525	0.192546	4.08106	1.8684	0.457823	-0.0748159	1.89925	3.78904	1.91371	0.505064	42.3237	0.0344113	0.480567	0.161521	0.0113463
20044	0.241004	0.149753	3.75057	1.71574	0.457462	-0.0621091	1.88669	3.89574	1.78203	0.457431	32.8365	0.0459389	0.457446	0.177457	0.0117093
20045	0.113163	0.130381	3.71355	1.7579	0.473374	-0.118161	1.94315	3.95232	1.89209	0.478731	61.4101	0.0267555	0.476136	0.1838	0.0119629
20046	0.209909	0.123923	3.87612	1.94248	0.501142	-0.00957009	1.91517	3.69419	1.84278	0.498831	66.6078	0.0240855	0.500014	0.17493	0.0122121
20047	0.124215	0.181811	3.65659	1.75057	0.478745	-0.159241	1.92256	3.70449	1.78267	0.481218	37.714	0.0401736	0.47999	0.176626	0.0125608
20048	0.0937961	0.102202	3.89701	1.97774	0.507502	-0.0872101	1.97721	4.12426	1.91052	0.46324	107.305	0.0163816	0.484744	0.184443	0.012866
20049	0.0434288	0.0341275	3.70047	1.8528	0.500694	0.0548845	2.01779	3.69546	1.63178	0.441563	29984.1	6.56165e-05	0.471149	0.220242	0.0130549
20050	0.0499808	-0.0201769	3.91444	1.80849	0.462006	-0.10802	1.92952	3.69168	1.65094	0.447207	152.271	0.0124821	0.454823	0.215591	0.013286
20051	0.0895084	0.00981449	4.09727	2.06368	0.503672	-0.0570251	1.92081	3.56158	1.66439	0.467317	170.077	0.010736	0.486766	0.196797	0.0134794
20052	0.0522221	0.0587749	4.00336	1.95035	0.487179	-0.123775	1.87686	3.6077	1.62552	0.450568	106.713	0.0154875	0.469825	0.18779	0.0137517
20053	-0.00499254	0.0959752	4.07738	2.01295	0.493687	-0.0946745	1.84769	3.76131	1.76959	0.470472	381.519	0.00402143	0.482547	0.168682	0.0140867
20054	-0.00177838	-0.0322512	3.85843	1.85226	0.480055	-0.171433	1.82143	3.89542	1.73671	0.445834	119.381	0.0143914	0.462863	0.193205	0.0144471
20055	-0.0913744	-0.0639188	4.01168	1.81812	0.453207	-0.174373	1.83674	3.54649	1.71226	0.482803	524.409	0.00344436	0.467095	0.203786	0.0148147
20056	-0.0280882	-0.0519338	4.15219	1.82894	0.440475	-0.117118	1.88923	3.99448	1.65976	0.415513	475.4	0.00396311	0.428236	0.212697	0.0149697
20057	-0.0829894	-0.0193573	3.96219	1.82441	0.460454	-0.0169116	2.01238	3.46647	1.70099	0.490699	945.417	0.00218314	0.474567	0.226531	0.0151351
20058	0.128705	0.0450426	4.00437	1.73328	0.432847	0.0267395	1.99406	3.77078	1.86175	0.493732	365.364	0.00519846	0.462375	0.209044	0.0153747
20059	0.0517107	0.0689958	3.91036	1.94431	0.49722	0.063917	2.05303	3.85067	1.9005	0.493551	26419.8	7.44967e-05	0.4954	0.203873	0.0157109
20060	0.113935	0.111764	3.80387	1.8402	0.48377	0.134927	2.04479	3.53986	1.87496	0.529671	8478.72	0.000220351	0.505896	0.201002	0.0157604
20061	0.05753	0.102792	3.75935	1.80063	0.478973	0.0707083	2.03471	3.97313	1.93487	0.486988	21491.0	8.68338e-05	0.483091	0.199943	0.0159431
20062	0.0417255	0.094401	4.06631	1.85959	0.457315	0.00711177	2.01327	4.08269	1.93301	0.473464	3073.24	0.000599055	0.465406	0.195389	0.0162006
20063	0.0232861	0.0893965	3.90817	1.77796	0.454935	0.032333	2.00281	3.96274	1.92053	0.484647	44732.3	4.0923e-05	0.469894	0.198461	0.0163952
20064	0.165247	0.108545	3.80655	1.81856	0.477745	0.0508626	2.0045	3.50857	1.82193	0.51928	274.741	0.00654189	0.497666	0.19806	0.0167978
20065	0.0817189	0.0953887	3.84576	1.81348	0.471552	-0.0208871	1.95809	3.88043	1.99259	0.513497	329.565	0.005264	0.492619	0.185679	0.0170365
20066	0.00855196	0.0813556	3.89101	1.81562	0.46662	-0.174955	1.86752	4.11139	1.94594	0.473305	94.7414	0.0168374	0.470055	0.175017	0.0171922
20067	0.0274867	0.0775474	3.8505	1.68776	0.438321	-0.0653837	1.88531	3.84415	1.86503	0.485162	378.901	0.00431246	0.461722	0.187041	0.0173603
20068	0.114305	0.0776336	4.01049	1.67819	0.418449	-0.104434	1.94522	4.16414	1.87222	0.449605	72.8973	0.0239234	0.43432	0.197252	0.0174788
20069	0.055143	0.075578	4.00011	1.82815	0.457024	-0.0293563	1.99797	3.92725	1.75005	0.445618	517.582	0.00357006	0.451374	0.205297	0.0178335
20070	0.0860398	0.0962597	3.71931	1.82903	0.491765	0.0140691	2.03278	3.70261	1.80127	0.486488	723.989	0.00258989	0.489133	0.205327	0.0181695
20071	0.06326	0.113813	3.75494	1.78825	0.476239	0.119521	2.12371	3.69748	1.869	0.50548	1276.23	0.00158267	0.490747	0.216473	0.0183971
20072	0.156548	0.159265	3.72434	1.81288	0.486765	0.130915	2.1385	3.83992	1.96985	0.512994	5962.4	0.000328506	0.50008	0.205736	0.0184883
20073	0.192442	0.182618	3.79762	1.79541	0.472772	0.268946	2.18989	4.08136	1.92454	0.471543	688.412	0.0029264	0.472135	0.213165	0.0190154
20074	0.167586	0.172954	3.96495	1.81569	0.457934	0.169543	2.14988	3.71739	1.77491	0.477461	1.02036e+06	1.91512e-06	0.467383	0.213993	0.0191487
20075	0.0998347	0.177176	3.76481	1.84586	0.490293	0.155894	2.18522	3.71061	1.70993	0.460822	1283.08	0.00157132	0.475664	0.220966	0.019268
20076	0.158319	0.154184	3.64941	1.67587	0.459216	0.165008	2.15519	3.66948	1.69691	0.46244	89472.2	2.23758e-05	0.460832	0.228953	0.0195068
20077	0.110159	0.0952674	3.63233	1.58964	0.437635	0.167532	2.21964	3.51302	1.69528	0.482571	1371.06	0.0016458	0.459728	0.25575	0.019666
20078	0.150494	0.07993	3.41534	1.69743	0.497002	0.215958	2.25821	3.671	1.7962	0.489295	1107.2	0.00214275	0.493009	0.253569	0.0197167
20079	0.213164	0.125535	3.67776	1.74857	0.475446	0.334848	2.269	3.67607	1.78808	0.486412	310.293	0.00740343	0.480928	0.245247	0.0200434
20080	0.151065	0.130443	3.83193	1.76792	0.461364	0.272892	2.31591	3.87507	1.77299	0.457537	321.812	0.0074209	0.45944	0.252275	0.0201891
20081	0.13643	0.127664	3.68251	1.85061	0.502539	0.343327	2.3186	3.86993	1.69701	0.438512	112.137	0.0214033	0.469731	0.252861	0.0202247
20082	0.0440318	0.0580474	3.72737	1.7029	0.456863	0.256075	2.28158	3.85269	1.80944	0.469656	109.961	0.0224812	0.463365	0.260402	0.0205413
20083	0.0822014	0.0988715	3.54182	1.69499	0.478564	0.199029	2.24734	3.75053	1.90148	0.506991	338.193	0.00682439	0.493184	0.243012	0.0208275
20084	0.0775605	0.0501383	3.81906	1.76051	0.46098	0.207432	2.22292	4.04583	1.90726	0.471414	279.901	0.00843327	0.466348	0.24354	0.0209689
20085	0.0942667	0.0429849	3.58233	1.63439	0.456237	0.178529	2.13908	3.70157	1.85338	0.500702	618.811	0.00355003	0.478833	0.239594	0.0210351
20086	-0.0753738	0.0305595	3.62572	1.70952	0.471498	0.214046	2.14589	3.70312	1.85968	0.502194	53.4195	0.041882	0.487008	0.238719	0.0212833
20087	0.0856936	0.00117856	3.64169	1.80232	0.494913	0.128047	2.13401	3.79967	1.81379	0.477353	2535.96	0.000896894	0.485947	0.239343	0.0216038
20088	-0.0234524	-0.0365544	3.64985	1.78378	0.488726	0.0603503	2.10879	4.20609	1.86683	0.44384	655.356	0.00351144	0.464694	0.239743	0.02173
20089	-0.0375816	-0.0480639	3.67862	1.73418	0.471422	0.182263	2.14737	4.12556	1.88654	0.457281	99.7269	0.0241657	0.463947	0.249795	0.0220252
20090	-0.132405	-0.128694	4.00464	1.73758	0.433893	0.108612	2.02497	3.61776	1.84418	0.509756	79.8479	0.0290445	0.469899	0.244659	0.0221
20091	-0.207283	-0.179263	3.83905	1.77653	0.462751	-0.00913484	2.06798	3.92254	1.83185	0.467006	128.624	0.0196312	0.464902	0.259293	0.0223828
20092	-0.143441	-0.143237	3.65318	1.78201	0.487798	0.0323466	2.08572	3.87018	1.80026	0.465161	160.779	0.0154506	0.476153	0.257554	0.0226186
20093	-0.11646	-0.167926	3.93689	1.87754	0.476909	0.186156	2.11108	3.75362	1.80664	0.481307	56.7157	0.0457884	0.479056	0.260693	0.0228649
20094	-0.120101	-0.158402	3.98508	1.82169	0.457127	0.220884	2.13975	4.00545	1.77061	0.44205	45.4242	0.0581352	0.449569	0.268868	0.0231462
20095	-0.132031	-0.168023	3.77657	1.89807	0.502592	0.203678	2.21693	3.80941	1.84852	0.485251	50.4702	0.0563502	0.493884	0.275224	0.0235004
20096	-0.166875	-0.151969	3.98158	1.87931	0.472002	0.106204	2.13457	3.63539	1.77755	0.488958	70.1104	0.0372859	0.480094	0.263409	0.0237834
20097	-0.159179	-0.150184	3.86044	1.82965	0.473948	0.130899	2.17798	3.75216	1.74995	0.466385	64.4165	0.0420729	0.470221	0.274705	0.0241947
20098	-0.158412	-0.149143	3.90136	1.76233	0.451723	0.189289	2.14479	3.92004	1.81421	0.462805	43.5263	0.060448	0.457277	0.26901	0.0244064
20099	-0.186396	-0.187911	3.90455	1.804	0.462026	0.128843	2.06389	3.88571	1.80605	0.464793	51.0247	0.0496879	0.463406	0.259984	0.0243707
20100	-0.213478	-0.177516	4.02016	1.75854	0.437431	0.154612	2.02035	3.79763	1.81245	0.477257	35.6529	0.0677453	0.456777	0.252814	0.0245079
20101	-0.0920686	-0.213625	3.67874	1.76715	0.480367	0.012008	2.09756	4.04778	1.9575	0.4836	493.131	0.00541597	0.482061	0.264006	0.0246624
20102	-0.150784	-0.193814	3.80061	1.88692	0.496479	0.0179701	2.04387	3.39338	1.76788	0.52098	175.829	0.014239	0.508036	0.255222	0.0250311
20103	-0.175864	-0.179771	4.17189	1.92684	0.461862	-0.094036	1.99835	3.79839	1.80542	0.475311	708.531	0.00334793	0.468271	0.241243	0.0253848
20104	-0.114588	-0.162288	3.67351	1.839	0.50061	0.0534875	2.04013	3.82351	1.70661	0.446348	171.707	0.0141247	0.472936	0.254948	0.0257057
20105	-0.209732	-0.159663	3.76249	1.77868	0.47274	-0.0857633	1.97812	3.73939	1.74617	0.466967	297.377	0.00768406	0.469862	0.244883	0.0259638
20106	-0.193005	-0.0884311	3.68577	1.81772	0.493173	-0.0211834	2.00479	3.56168	1.67978	0.471626	148.415	0.0147612	0.482584	0.238588	0.0259246
20107	-0.115197	-0.132478	3.83199	1.88768	0.49261	-0.0441977	2.01115	3.62087	1.84589	0.509793	911.572	0.00252044	0.500958	0.235383	0.0260232
20108	-0.18237	-0.216462	4.08015	1.92814	0.472565	0.0556269	2.03346	3.85804	1.68385	0.436452	89.3705	0.0283212	0.455014	0.259559	0.0262987
20109	-0.311609	-0.304775	3.69252	1.95225	0.528705	-0.0109638	2.07008	3.97277	1.88268	0.473895	62.397	0.0451938	0.500298	0.268927	0.0264592
20110	-0.391905	-0.320578	3.78686	1.83793	0.485344	0.18111	2.11961	4.13452	1.82163	0.440591	18.1348	0.164173	0.461985	0.289258	0.0268275
20111	-0.366125	-0.334575	3.95249	1.94184	0.491296	0.19556	2.10629	3.81309	1.88012	0.493069	18.8842	0.157745	0.492167	0.280526	0.0270376
20112	-0.352171	-0.356522	3.7181	1.74339	0.468891	0.151263	2.12223	3.90812	1.92768	0.493251	24.2428	0.126723	0.481375	0.295095	0.02747
20113	-0.233354	-0.281112	3.63574	1.77367	0.487842	0.175906	2.11879	3.729	1.88575	0.505699	34.3864	0.083747	0.496883	0.282469	0.0275718
20114	-0.282488	-0.255617	3.46794	1.6618	0.47919	0.0907134	2.13772	4.20106	1.9895	0.473571	41.1262	0.0696397	0.476112	0.281809	0.0277207
20115	-0.204364	-0.173829	3.27544	1.76859	0.539954	0.0791336	2.10251	3.88362	1.86374	0.479899	64.4729	0.0401855	0.507375	0.262982	0.0278946
20116	-0.167927	-0.138304	3.80255	1.93001	0.507556	-0.0373235	1.99033	4.00322	1.87848	0.469242	265.641	0.0085286	0.487907	0.229336	0.0278934
20117	-0.129955	-0.177304	3.97139	1.80491	0.454479	0.095525	2.07164	4.09156	2.02233	0.494268	99.4809	0.0254207	0.47467	0.248427	0.0279411
20118	-0.179536	-0.172937	3.93087	1.71876	0.437247	0.0263379	2.04791	4.23301	2.06373	0.487533	116.369	0.0211919	0.46332	0.245938	0.028264
20119	-0.16419	-0.139135	4.13392	1.93336	0.467683	0.0567331	2.02162	3.89282	1.9762	0.507652	95.66	0.0244034	0.487067	0.230001	0.0283141
20120	-0.0457712	-0.0844192	3.70667	1.76822	0.477036	0.0891106	2.07883	3.79557	1.912	0.503744	257.221	0.00909656	0.490549	0.241305	0.0283842
20121	-0.0417981	-0.0694648	3.68909	1.73447	0.470163	0.0638633	2.06823	3.67733	1.89674	0.515793	409.314	0.00558217	0.492941	0.239412	0.0283187
20122	-0.118288	-0.106125	3.60063	1.69724	0.471372	0.0593223	2.04773	4.09264	1.87739	0.458723	147.06	0.0157727	0.464643	0.24506	0.0286125
20123	-0.0742566	-0.118594	3.40592	1.68022	0.493324	-0.0018302	2.02033	4.01097	1.86741	0.465576	872.164	0.00262279	0.478318	0.243891	0.0288331
20124	-0.183907	-0.176819	3.77793	1.68647	0.4464	-0.00552265	2.01826	3.55165	1.70935	0.481284	151.42	0.0159105	0.463304	0.26194	0.0288941
20125	-0.0453165	-0.1122	3.58984	1.65112	0.459942	0.0655926	1.99927	3.48881	1.60979	0.461414	362.441	0.00615042	0.460668	0.254828	0.0289818
20126	-0.107044	-0.124348	3.73852	1.72002	0.46008	0.0851434	1.97506	3.2542	1.67552	0.514878	119.328	0.018468	0.485582	0.245095	0.0292822
20127	-0.153554	-0.117405	3.94921	1.74763	0.442528	-0.0318448	1.97997	3.7435	1.78832	0.477713	296.968	0.00740652	0.45965	0.237325	0.0296461
20128	-0.0555902	-0.130493	3.75576	1.9138	0.509563	0.112002	1.99549	3.85809	1.72153	0.446211	160.921	0.0140436	0.477462	0.237212	0.029832
20129	-0.0888724	-0.182802	4.05407	1.91189	0.471599	-0.0555531	1.95402	3.67747	1.80477	0.490765	4112.86	0.000555089	0.480715	0.235055	0.0301015
20130	-0.196156	-0.162191	3.9798	1.90958	0.479818	-0.0692134	1.9002	3.81209	1.88362	0.494118	263.953	0.00805717	0.486814	0.219039	0.0303877
20131	-0.225562	-0.175889	3.65215	1.79803	0.49232	-0.0571727	1.91331	3.52885	1.94197	0.550312	153.934	0.0141774	0.520818	0.225952	0.0305318
20132	-0.210629	-0.168743	3.76372	1.76008	0.467642	0.0227399	1.98748	3.70538	1.83764	0.495938	85.3685	0.0272306	0.48168	0.244275	0.0308089
20133	-0.240614	-0.217789	3.53807	1.83327	0.518154	-0.0334494	2.01156	3.57078	1.70457	0.477368	115.805	0.0214585	0.497667	0.260015	0.0312435
20134	-0.251099	-0.203325	3.83301	1.89429	0.494204	0.00503837	2.00066	3.73033	1.70368	0.45671	74.0412	0.0328031	0.475712	0.252443	0.0313299
20135	-0.241904	-0.233776	3.86626	1.85864	0.480732	-0.0361921	1.94422	3.89575	1.86963	0.479915	112.097	0.0211588	0.480322	0.241417	0.0315455
20136	-0.176312	-0.250835	3.42865	1.83471	0.535112	-0.000444218	2.01095	3.95511	1.75163	0.442877	165.399	0.0154647	0.485706	0.262965	0.0320458
20137	-0.330558	-0.362341	4.18921	1.92486	0.45948	-0.110989	1.94185	3.71432	1.70689	0.459542	110.127	0.0241052	0.459509	0.267753	0.0320034
20138	-0.376605	-0.3699	3.87839	1.75131	0.451557	-0.105338	1.88975	3.97718	1.97781	0.49729	69.3887	0.0367928	0.474711	0.255109	0.0322578
20139	-0.308195	-0.320565	3.96175	1.75361	0.442634	-0.0676948	1.89823	3.91623	1.83024	0.467347	85.1145	0.0289202	0.454919	0.255726	0.0324696
20140	-0.275543	-0.314038	3.66062	1.78915	0.488755	-0.0457371	1.96233	3.94863	1.72337	0.436448	98.1211	0.0264053	0.461612	0.269538	0.0328061
20141	-0.290207	-0.301582	3.5712	1.68811	0.4727	0.00115945	1.97435	3.77733	1.72767	0.457379	61.0155	0.0424471	0.464825	0.274996	0.0329142
20142	-0.292541	-0.31489	3.53069	1.62985	0.461624	-0.0479558	1.91423	3.95585	1.76209	0.44544	83.0627	0.029911	0.453072	0.268159	0.0333515
20143	-0.31232	-0.303426	3.36889	1.67001	0.495715	-0.178501	1.85325	3.6164	1.93393	0.534768	259.738	0.00895373	0.515933	0.244035	0.0336997
20144	-0.327637	-0.280298	3.90317	1.69854	0.435168	-0.155575	1.85444	3.88787	1.93606	0.497974	153.929	0.0148027	0.466509	0.238739	0.0338626
20145	-0.197901	-0.169079	4.0237	1.86845	0.46436	-0.11707	1.97762	3.89703	1.82731	0.468897	705.328	0.00326679	0.466592	0.237739	0.0342584
20146	-0.162111	-0.152787	3.90615	1.88316	0.482101	0.0886956	2.02405	3.41528	1.73	0.506547	75.3308	0.031452	0.493504	0.247008	0.0344268
20147	-0.0639858	-0.126436	3.74446	1.74355	0.465635	0.0731121	2.09672	3.8328	1.80667	0.47137	262.954	0.00939791	0.468536	0.258277	0.0346581
20148	-0.168784	-0.12598	3.92201	1.97462	0.503473	0.202224	2.10817	4.06618	1.88613	0.463859	36.2627	0.0688234	0.483308	0.244358	0.0350456
20149	-0.12221	-0.104435	3.83296	1.80768	0.471615	-0.0151056	2.07733	3.82598	1.94724	0.508952	414.954	0.00573569	0.490267	0.240746	0.0350525
20150	-0.0493803	-0.0834163	3.8994	1.76986	0.453879	0.0903598	2.08015	3.93114	1.91691	0.487622	239.717	0.00976364	0.470819	0.241033	0.035486
20151	-0.0709571	-0.0224578	3.99132	1.72175	0.431374	0.12457	2.1278	3.89846	2.01028	0.51566	120.939	0.0191153	0.473021	0.236571	0.0358178
20152	0.0386186	0.00578231	3.74233	1.69619	0.453245	0.0288886	2.09028	4.23425	1.92286	0.45412	45895.8	4.73368e-05	0.45371	0.230951	0.0361909
20153	-0.0487584	0.0306016	4.02245	1.80257	0.448126	0.0451761	2.07101	3.83674	1.87409	0.488458	471.828	0.00441185	0.467815	0.220716	0.0363441
20154	-0.0838905	-0.0607417	3.85586	1.87733	0.486877	0.144447	2.09007	3.79818	1.78799	0.470748	88.7264	0.0260689	0.478873	0.239939	0.0366829
20155	-0.0357134	-0.0203416	3.80696	1.84143	0.483702	0.020172	2.03296	3.84247	1.84801	0.480943	1349.92	0.00156159	0.482316	0.22229	0.0369599
20156	-0.0596551	0.0410759	3.85274	1.89457	0.491746	0.0896104	2.09995	3.75663	1.89236	0.503739	190.257	0.0111401	0.497667	0.218739	0.0373479
20157	0.0412427	0.0753631	3.84378	1.76398	0.458919	0.192486	2.16482	3.8828	1.83866	0.473539	190.859	0.0114373	0.466266	0.232607	0.0374323
20158	0.0950024	0.101557	3.55521	1.64295	0.462124	0.210031	2.21618	3.90535	1.87777	0.48082	337.951	0.00661582	0.471911	0.241092	0.0377187
20159	0.0352448	0.0783529	3.57599	1.65851	0.46379	0.127557	2.15404	3.96774	1.94842	0.491066	505.596	0.00426078	0.478136	0.230043	0.038173
20160	0.224773	0.155525	3.73728	1.76273	0.471661	0.0983283	2.13261	3.71355	1.92833	0.51927	244.486	0.00799408	0.49539	0.209414	0.0383505
20161	0.162245	0.142284	3.99635	1.73673	0.43458	0.227702	2.1966	3.96681	1.92978	0.486482	984.953	0.00214233	0.460435	0.22354	0.0386258
20162	0.196921	0.128766	3.98849	1.84028	0.461398	0.206369	2.17837	3.7058	1.76755	0.476969	47061.9	4.46315e-05	0.468898	0.225551	0.0386998
20163	0.14346	0.151035	3.88584	1.86025	0.478725	0.0717867	2.15375	3.91894	1.77093	0.451891	780.771	0.00256852	0.465251	0.216471	0.0389349
20164	0.147982	0.142753	3.92064	1.74966	0.446269	0.109416	2.13172	3.89116	1.89254	0.48637	2659.88	0.00074364	0.466244	0.213635	0.0390717
20165	0.12508	0.179677	3.91903	1.79877	0.458984	0.115674	2.11661	3.82398	1.86197	0.486918	42407.5	4.42341e-05	0.472779	0.204038	0.03924
20166	0.182255	0.269866	3.62394	1.6126	0.444984	0.173387	2.16282	3.94662	1.94281	0.492272	45561.4	3.93237e-05	0.469636	0.201333	0.0397395
20167	0.314971	0.317475	3.50913	1.5914	0.453501	0.247623	2.22665	3.88743	1.86392	0.479472	803.605	0.00226788	0.467151	0.208769	0.0397715
20168	0.34333	0.291282	3.62148	1.66629	0.460114	0.2739	2.27035	3.7071	1.85767	0.501111	812.504	0.00241027	0.480852	0.217528	0.0397836
20169	0.245074	0.236688	3.61215	1.69433	0.469065	0.351857	2.32453	3.92023	1.95822	0.499517	382.285	0.00570138	0.484914	0.229886	0.0400073
20170	0.145826	0.194024	3.70434	1.7494	0.472257	0.378552	2.35705	3.83615	1.96118	0.511237	86.3845	0.0270806	0.492088	0.239765	0.0400488
20171	0.316273	0.260328	4.15235	1.8619	0.448397	0.475502	2.49653	3.80706	1.91423	0.502811	197.231	0.012677	0.474424	0.248815	0.0401875
20172	0.36178	0.332393	3.72145	1.77797	0.477762	0.512263	2.53924	3.70997	1.8064	0.486904	215.066	0.0113225	0.482326	0.253649	0.0405507
20173	0.323857	0.342845	3.90133	1.91365	0.490512	0.652917	2.63411	3.88645	1.84846	0.475616	48.4842	0.0541404	0.483078	0.258734	0.0409118
20174	0.28714	0.330635	3.92164	1.81905	0.463849	0.601654	2.5862	3.87595	2.00238	0.516618	51.4317	0.0494595	0.490079	0.249811	0.0413342
20175	0.280091	0.302961	3.71803	1.68259	0.45255	0.620009	2.6324	3.63441	1.92212	0.528869	46.9626	0.0577722	0.490275	0.27353	0.0418779
20176	0.350186	0.311869	3.66642	1.71386	0.467448	0.645029	2.60571	4.13536	1.84522	0.446205	60.5263	0.0434663	0.456188	0.269957	0.0422039
20177	0.262178	0.288574	3.87688	1.80397	0.465315	0.620085	2.59052	3.69322	1.80637	0.489105	41.3666	0.0640487	0.476921	0.268531	0.0424875
20178	0.292516	0.325529	3.80323	1.88136	0.494674	0.60387	2.60161	3.81581	1.8485	0.484432	53.44	0.0484706	0.489544	0.257835	0.0428217
20179	0.291557	0.299213	3.63643	1.74065	0.478671	0.646142	2.63153	4.12468	1.89594	0.459657	43.2646	0.0628653	0.468566	0.272273	0.0429832
20180	0.248513	0.247875	3.97471	1.78076	0.448022	0.687608	2.63457	3.6013	1.88202	0.522595	29.5445	0.0964022	0.483471	0.280053	0.0433757
20181	0.222173	0.214192	3.67601	1.82365	0.496093	0.514853	2.54653	3.67268	1.78891	0.487087	63.5035	0.0428308	0.491592	0.273594	0.043526
20182	0.1781	0.186721	3.61615	1.77528	0.490931	0.616741	2.57248	3.84585	1.73784	0.451875	29.5824	0.0962031	0.470802	0.28838	0.0435192
20183	0.207686	0.276842	3.89997	1.87414	0.480552	0.553063	2.57065	3.7048	1.68194	0.453989	44.109	0.0596426	0.467611	0.270118	0.0436637
20184	0.346651	0.291365	3.46168	1.80111	0.520299	0.53545	2.63795	3.95734	1.91686	0.48438	154.481	0.0178224	0.501139	0.27031	0.0443827
20185	0.250322	0.325227	3.79578	1.972	0.519524	0.634143	2.65266	3.82249	1.95557	0.511596	36.7702	0.0736593	0.515546	0.256492	0.0448112
20186	0.21873	0.232657	3.8039	1.79666	0.472321	0.569474	2.57346	3.93673	2.06844	0.525421	44.5398	0.0615106	0.499327	0.261768	0.0449085
20187	0.136846	0.175998	3.8796	1.80397	0.464988	0.553443	2.51746	3.6034	1.86224	0.516801	31.5894	0.0867768	0.489939	0.272218	0.0449283
20188	0.190895	0.163361	4.08449	1.93733	0.474314	0.540803	2.54934	3.76662	1.82442	0.484365	46.4969	0.0612178	0.479136	0.274589	0.0450723
20189	0.176676	0.223356	3.87008	1.88251	0.486426	0.513295	2.61038	3.93022	1.85955	0.473143	50.2846	0.0566563	0.479733	0.275811	0.0452466
20190	0.23027	0.25174	3.75502	1.8281	0.486842	0.597055	2.58479	3.64257	1.77789	0.488086	40.4597	0.0672657	0.487455	0.274076	0.0455742
20191	0.263093	0.217626	3.89406	1.84513	0.473833	0.636849	2.66196	3.69592	1.70979	0.462614	42.7708	0.0698465	0.46837	0.295966	0.0460338
20192	0.124195	0.108981	3.83712	1.90137	0.49552	0.588012	2.63096	4.00751	1.95051	0.486715	29.5657	0.107563	0.491022	0.292294	0.0461541
20193	0.0218377	0.064043	3.55603	1.91022	0.537179	0.728521	2.73661	4.1122	1.98296	0.482214	14.3024	0.2497	0.507703	0.314548	0.0464548
20194	0.138756	0.164381	3.46987	1.74464	0.502797	0.76256	2.83279	3.80252	1.99856	0.525588	18.2982	0.194566	0.514714	0.322399	0.0468412
20195	0.238252	0.218648	3.61381	1.68421	0.466049	0.823689	2.77084	3.77454	1.93191	0.511828	19.005	0.171368	0.489436	0.310606	0.0467897
20196	0.248706	0.253948	3.74095	1.70878	0.456776	0.761513	2.72764	4.14522	2.00281	0.483162	23.2693	0.131486	0.470645	0.291972	0.0468168
20197	0.191308	0.234501	3.74078	1.75213	0.468387	0.728699	2.74911	3.88895	1.75118	0.450297	21.8957	0.144395	0.459166	0.311038	0.0471188
20198	0.270172	0.149576	3.83488	1.83176	0.477657	0.798728	2.78965	4.21572	1.84429	0.437478	24.9488	0.139685	0.456617	0.321689	0.0472734
20199	0.0793198	0.158527	3.86842	1.82135	0.470826	0.826816	2.80515	3.93471	1.96404	0.499157	12.5362	0.279375	0.485112	0.316399	0.0473863
20200	0.109655	0.100659	3.89749	1.80514	0.463154	0.698165	2.68017	3.61049	1.7486	0.484312	19.2118	0.173172	0.473328	0.318952	0.04796
20201	0.194839	0.14954	3.90394	1.72391	0.441583	0.669986	2.64017	3.72185	1.72792	0.464264	27.4766	0.112882	0.452653	0.310105	0.0484855
20202	0.0607418	0.11494	3.69076	1.73938	0.471278	0.717246	2.71539	3.71947	1.84413	0.495804	15.69	0.215499	0.483588	0.320655	0.0487422
20203	0.0365923	0.0698736	3.43123	1.723	0.502152	0.64688	2.74523	3.74215	1.81576	0.485218	19.2173	0.186226	0.493318	0.335947	0.0488654
20204	0.148699	0.057826	3.67591	1.82936	0.497663	0.746946	2.78391	4.12938	1.86535	0.451726	20.7643	0.17895	0.47336	0.334709	0.0492602
20205	0.0310842	0.000596918	3.77567	1.76624	0.467796	0.758042	2.6766	3.85627	1.91073	0.495487	13.5504	0.264234	0.481787	0.327561	0.0494678
20206	0.00607617	0.00851201	4.10156	1.81354	0.442159	0.653348	2.67275	3.75067	1.85275	0.493979	16.9424	0.20948	0.466911	0.326263	0.0498263
20207	-0.0182448	0.0113103	3.69551	1.66329	0.450083	0.709745	2.65907	3.70049	1.82868	0.494173	13.2284	0.264985	0.472143	0.334293	0.0502232
20208	-0.0480443	0.0229282	3.91542	1.6707	0.426699	0.673054	2.71493	3.46416	1.70991	0.493602	13.9368	0.259991	0.458105	0.349036	0.0505607
20209	0.00928366	-0.00234981	3.70697	1.75216	0.472667	0.705662	2.69544	3.9018	1.78058	0.456348	15.0081	0.242471	0.464298	0.340066	0.050736
20210	-0.0082063	0.0368852	3.79575	1.78025	0.469011	0.705183	2.65127	3.58545	1.69488	0.47271	13.4303	0.254462	0.470808	0.329738	0.0509099
20211	0.0493857	0.0998579	3.55627	1.75963	0.494798	0.714257	2.65539	3.60419	1.78523	0.49532	14.7736	0.221027	0.495061	0.315447	0.0510159
20212	0.0241347	0.0916988	3.63513	1.79479	0.493735	0.543928	2.56933	3.86993	1.89458	0.489565	22.7203	0.135092	0.491585	0.293874	0.0510292
20213	0.0560175	0.07557	3.75997	1.8891	0.502424	0.561111	2.59326	3.8061	1.88776	0.495983	24.8462	0.12756	0.499184	0.29567	0.0512986
20214	0.0781924	0.0599487	3.79925	1.87695	0.494033	0.472259	2.52514	3.99397	1.86139	0.466051	39.1347	0.0776442	0.479692	0.289071	0.0513443
20215	0.0562537	0.0765563	3.79277	1.7314	0.456502	0.393117	2.47484	3.91331	1.83979	0.470136	50.6866	0.0567384	0.463425	0.287166	0.0515165
20216	0.195711	0.164245	4.04069	1.97737	0.489365	0.603913	2.52972	3.7166	1.86703	0.502349	33.5804	0.0833142	0.495586	0.26689	0.0515367
20217	0.071057	0.106939	3.6282	1.7134	0.472244	0.553113	2.5283	3.85538	1.92521	0.499357	25.2304	0.116189	0.486212	0.287259	0.0516431
20218	0.112486	0.136958	3.58789	1.83131	0.510416	0.591238	2.58038	3.78892	1.9394	0.51186	26.048	0.114602	0.511158	0.283684	0.0520232
20219	0.116629	0.128208	3.76924	1.78582	0.473788	0.60793	2.60595	3.77645	1.95839	0.518578	25.4341	0.120688	0.496204	0.290839	0.052592
20220	0.138582	0.131931	3.63661	1.80015	0.495009	0.520637	2.56079	3.68544	1.91919	0.520751	40.416	0.0729831	0.507966	0.284043	0.0526556
20221	0.161721	0.113627	3.63795	1.74416	0.479435	0.586259	2.58783	3.84647	1.86196	0.48407	33.9655	0.0901163	0.481817	0.298053	0.0531007
20222	-0.00998029	0.0595067	3.74033	1.75743	0.469861	0.61246	2.60829	3.73924	1.84183	0.492567	16.7676	0.193716	0.481212	0.311034	0.0532263
20223	0.0756398	0.060233	4.01305	1.7352	0.432391	0.633129	2.64806	3.84449	1.79712	0.467452	21.5476	0.155397	0.449545	0.321669	0.0535527
20224	0.209095	0.128303	3.81329	1.79942	0.471882	0.541813	2.60904	3.51697	1.73957	0.49462	55.5916	0.0553508	0.482791	0.303113	0.0537187
20225	0.134444	0.145332	3.67109	1.76071	0.479615	0.593572	2.64377	3.95444	1.7628	0.445777	29.6121	0.105399	0.462067	0.307055	0.0540558
20226	0.0697979	0.177004	3.80518	1.77083	0.465373	0.623182	2.56755	4.0292	1.83341	0.455031	18.6612	0.153117	0.460054	0.283968	0.0542987
20227	0.314526	0.214546	3.69582	1.75451	0.474727	0.50283	2.5098	3.96231	1.96217	0.495209	148.573	0.0177293	0.485324	0.261741	0.0542776
20228	0.144523	0.190061	3.91998	1.76982	0.451487	0.591658	2.5416	3.75319	2.00583	0.534433	27.6583	0.099965	0.492058	0.268111	0.0548406
20229	0.245466	0.240864	3.97112	1.8681	0.470421	0.439881	2.41296	3.98093	1.99854	0.502028	124.825	0.0188985	0.486244	0.233833	0.0552365
20230	0.176166	0.219323	3.7961	1.87008	0.492633	0.473625	2.48114	3.89184	1.96183	0.504089	57.8176	0.0442411	0.498432	0.250336	0.0553095
20231	0.162225	0.18538	3.89155	1.83258	0.470911	0.517583	2.50918	3.92158	1.9565	0.498906	42.7631	0.0631394	0.484962	0.262793	0.0554115
20232	0.208907	0.215489	3.79229	1.70434	0.449421	0.53575	2.47964	4.04478	1.97795	0.489014	47.988	0.0534133	0.469855	0.25828	0.0556838
20233	0.298087	0.274989	3.51013	1.83828	0.523707	0.470766	2.46424	3.9885	2.01119	0.504247	160.736	0.0149091	0.513357	0.237469	0.0560926
20234	0.178019	0.169191	3.86829	1.85811	0.480343	0.425004	2.46835	4.05358	1.91324	0.471987	86.6557	0.0305008	0.476067	0.259582	0.0562311
20235	0.169135	0.220218	3.89749	1.86602	0.478774	0.479515	2.46859	4.30795	1.93674	0.449573	52.4744	0.0481679	0.463443	0.249532	0.0564391
20236	0.282195	0.22861	3.76716	1.73577	0.460762	0.368669	2.41978	3.73863	1.89046	0.505656	642.068	0.00373886	0.483124	0.248782	0.0570664
20237	0.229049	0.256561	4.23526	1.95697	0.462066	0.482153	2.47244	3.86363	1.84667	0.477962	76.6464	0.0320309	0.469649	0.244077	0.0573011
20238	0.300067	0.305642	3.73878	1.89567	0.507028	0.37896	2.44188	3.8007	1.85119	0.487065	733.197	0.00311206	0.496965	0.233506	0.0575213
20239	0.266135	0.304032	3.9469	1.91757	0.485842	0.438429	2.46963	4.00747	1.76676	0.440865	157.986	0.0148425	0.463182	0.241498	0.0577543
20240	0.342553	0.327646	3.64171	1.88032	0.51633	0.431009	2.45796	3.82871	1.75767	0.459077	580.005	0.00391225	0.486987	0.237817	0.0580312
20241	0.325879	0.331871	3.60163	1.74498	0.484499	0.3829	2.44386	3.68206	1.7152	0.465827	1371.9	0.00162566	0.47506	0.243819	0.0584782
20242	0.370812	0.340299	3.99829	1.83735	0.459533	0.471082	2.4431	3.61643	1.84367	0.509803	439.799	0.00502703	0.483407	0.231041	0.0584125
20243	0.256277	0.317107	3.88567	1.91005	0.491562	0.453916	2.44486	3.84565	1.8708	0.486471	115.904	0.0195306	0.48903	0.23048	0.0588924
20244	0.293623	0.307815	3.60898	1.79725	0.497993	0.509368	2.50042	3.75878	1.84622	0.491175	103.285	0.0232729	0.494515	0.248141	0.0588419
20245	0.378644	0.346055	4.02278	1.70828	0.424652	0.530212	2.55382	4.16875	2.03042	0.487056	212.172	0.0114864	0.45641	0.245905	0.0587882
20246	0.362867	0.317403	3.73698	1.75998	0.470963	0.52759	2.51257	4.13469	2.0017	0.484122	177.593	0.0135669	0.477875	0.242662	0.0589103
20247	0.401993	0.327786	3.51594	1.78583	0.507924	0.602001	2.53039	3.87666	1.97837	0.510328	121.277	0.0200016	0.509185	0.243783	0.0589439
20248	0.326979	0.300853	3.94945	1.73065	0.4382	0.545602	2.54818	4.21843	1.99904	0.473883	105.667	0.023898	0.456629	0.253007	0.0592163
20249	0.10797	0.15276	4.08223	1.88123	0.460834	0.58473	2.58983	4.08397	1.83507	0.449335	26.1299	0.11365	0.455083	0.285584	0.0593775
20250	0.130139	0.102515	3.93577	1.75017	0.444682	0.606575	2.63133	3.84987	1.83013	0.475373	28.1725	0.113495	0.459858	0.308799	0.0594712
20251	0.15787	0.112596	3.5975	1.80673	0.502218	0.582082	2.61268	4.00123	2.03138	0.507689	34.733	0.0899778	0.505099	0.289435	0.0595638
20252	0.0919197	0.0715513	3.99738	1.85535	0.464142	0.685845	2.70816	4.15291	2.11789	0.509977	19.7074	0.176373	0.487497	0.30441	0.0599056
20253	0.0219707	0.0366112	3.80138	1.83482	0.482672	0.666055	2.64847	3.83146	1.9491	0.50871	16.4443	0.207422	0.495742	0.31079	0.0598828
20254	0.00496503	-0.0282504	4.01421	1.7565	0.43757	0.679366	2.66797	3.90885	1.87569	0.479859	15.9836	0.227409	0.458434	0.333604	0.0598009
20255	-0.0963564	-0.0538423	4.19205	1.92899	0.460156	0.69904	2.68059	4.00678	1.8946	0.472847	11.8186	0.316328	0.466358	0.328465	0.0600742
20256	0.0440651	-0.00805929	3.95631	1.73124	0.43759	0.773504	2.7659	3.79393	1.82653	0.481435	14.4618	0.266041	0.459053	0.351062	0.0601473
20257	0.0577809	0.0447303	3.95503	1.87351	0.473702	0.806566	2.81861	3.5169	1.6642	0.473201	13.7234	0.280339	0.473466	0.352338	0.0604217
20258	-0.0117228	0.0146098	3.82778	1.90004	0.496382	0.792401	2.84057	3.7995	2.00567	0.527878	12.3505	0.323308	0.512071	0.338376	0.0608052
20259	-0.0545628	0.00100272	3.55907	1.80264	0.506493	0.757115	2.77539	3.85339	1.86986	0.48525	11.6834	0.32941	0.49545	0.343936	0.0611936
20260	0.00267808	0.0182837	3.84389	2.0375	0.530061	0.647441	2.72558	4.09599	1.87974	0.458921	17.6308	0.207859	0.493362	0.318803	0.0616221
20261	-0.0594702	-0.0473082	3.78101	1.86897	0.494304	0.855065	2.79607	3.69512	1.86919	0.505855	9.66645	0.418188	0.500013	0.351055	0.0619138
20262	-0.0757644	-0.0610013	3.89628	1.98	0.508178	0.859231	2.88742	3.81908	1.88999	0.49488	9.94396	0.437109	0.501596	0.359737	0.0622865
20263	-0.139557	-0.111753	4.00169	1.98007	0.49481	0.835865	2.87252	3.77889	1.94245	0.514026	9.36033	0.475724	0.504143	0.362202	0.0620075
20264	-0.0632325	-0.131028	3.85088	1.9292	0.500975	0.764136	2.77089	3.85071	1.92371	0.499572	12.302	0.342269	0.500273	0.353458	0.0622281
20265	-0.232431	-0.129076	3.82115	1.85665	0.485886	0.723713	2.74905	3.84195	1.97598	0.514317	9.06094	0.457105	0.50014	0.350905	0.0624985
20266	-0.170873	-0.175864	3.63749	1.80869	0.497237	0.692383	2.71131	4.40954	2.05818	0.466757	11.1858	0.372606	0.480534	0.350308	0.0624047
20267	-0.174831	-0.243808	3.82812	1.76951	0.462241	0.650477	2.69584	3.97429	1.99743	0.502587	12.6869	0.340567	0.482792	0.364594	0.0625566
20268	-0.272803	-0.215469	3.78011	1.77847	0.470482	0.795078	2.74643	4.06946	2.0447	0.502449	7.69299	0.570185	0.487054	0.364656	0.0632242
20269	-0.317021	-0.246167	3.62347	1.71666	0.47376	0.696995	2.73643	4.07654	2.03163	0.498371	8.65166	0.514114	0.486789	0.3725	0.0634809
20270	-0.32433	-0.306861	3.70516	1.78645	0.482152	0.793986	2.78589	3.82589	1.88178	0.491854	7.64823	0.625315	0.487081	0.394752	0.0636121
20271	-0.219321	-0.257515	3.81934	1.82373	0.477499	0.772622	2.74426	4.29229	1.90813	0.444547	9.15764	0.491975	0.460063	0.376533	0.0639704
20272	-0.24201	-0.244	3.98088	1.83272	0.460381	0.867194	2.77415	3.94869	1.90692	0.482926	7.4039	0.615166	0.471608	0.378601	0.0640082
20273	-0.172315	-0.214225	3.81063	1.72711	0.453235	0.864952	2.8299	3.81761	1.8837	0.493425	8.61281	0.537961	0.473348	0.390956	0.0639659
20274	-0.228167	-0.174474	3.56957	1.71422	0.480231	0.788105	2.82532	3.84995	1.85271	0.48123	8.71291	0.516404	0.480749	0.386888	0.0643176
20275	-0.0710305	-0.0587811	3.76737	1.8353	0.487157	0.957967	2.99546	3.88743	1.87446	0.482186	8.81005	0.529418	0.484632	0.386109	0.0644121
20276	-0.0625786	-0.0634335	3.85025	1.85295	0.481255	1.0756	3.06145	3.55515	1.69171	0.475847	7.53784	0.647723	0.478659	0.40795	0.0644843
20277	-0.152301	-0.0846406	3.85301	1.81755	0.471722	1.03526	3.00579	4.13912	1.94531	0.469981	6.77215	0.70515	0.470821	0.388327	0.0647381
20278	-0.130567	-0.162255	3.7628	1.81401	0.482089	1.01746	3.02745	4.0425	1.95853	0.484486	7.7197	0.658979	0.48333	0.402831	0.0643667
20279	-0.270622	-0.209063	3.63574	1.69377	0.465867	1.13378	3.07469	4.02569	1.94556	0.483287	5.46711	0.986173	0.47502	0.42565	0.0645307
20280	-0.252661	-0.192301	3.53497	1.6764	0.474233	1.05536	3.02566	4.01835	1.853	0.461135	6.05245	0.855458	0.467265	0.423254	0.0647383
20281	-0.213995	-0.209719	3.58879	1.6824	0.468793	0.943663	2.97343	3.89681	1.73881	0.446213	7.56055	0.670086	0.457039	0.425546	0.0652143
20282	-0.25595	-0.22877	3.72159	1.71581	0.461043	0.955129	2.96077	3.91612	1.90003	0.485183	6.93603	0.733357	0.473421	0.413051	0.0654273
20283	-0.238171	-0.250909	3.52023	1.73402	0.492586	1.05757	3.05329	4.01562	1.87032	0.465761	6.50276	0.839466	0.478292	0.431055	0.0657126
20284	-0.241009	-0.249749	3.81922	1.69911	0.444883	1.00951	3.0539	3.99626	1.95522	0.489262	6.97924	0.781897	0.467575	0.4276	0.0661462
20285	-0.297598	-0.263757	3.33106	1.62406	0.48755	1.10758	3.03538	4.16888	1.97452	0.473633	5.51234	0.987268	0.479814	0.430697	0.0665988
20286	-0.166686	-0.181985	3.73177	1.76486	0.472928	1.07508	3.03242	3.74541	1.89322	0.505478	6.70077	0.770986	0.489233	0.414002	0.0667063
20287	-0.0840127	-0.116879	3.58977	1.65979	0.462367	0.949223	2.989	3.9489	1.89236	0.479212	9.03589	0.533788	0.471191	0.4045	0.0667529
20288	-0.191185	-0.170978	3.77718	1.6676	0.441492	1.01252	2.98012	4.10868	1.9561	0.476091	6.85303	0.724455	0.459519	0.406661	0.0667279
20289	-0.082496	-0.110593	3.71392	1.78511	0.480655	1.06737	2.98796	4.01244	1.97227	0.491538	7.26148	0.661092	0.486307	0.38992	0.0669934
20290	-0.147698	-0.131604	3.88493	1.63054	0.41971	0.92393	2.98951	3.92269	2.01487	0.513645	8.48264	0.574193	0.466905	0.400619	0.0673001
20291	-0.131184	-0.122674	3.55913	1.70546	0.479177	1.06716	3.01357	3.74014	1.81195	0.48446	6.84948	0.71801	0.481884	0.411573	0.0672691
20292	-0.107163	-0.130278	3.46057	1.79338	0.518232	1.00713	3.02262	4.4961	2.07547	0.461615	8.00613	0.620822	0.486239	0.391239	0.067801
20293	-0.0972287	-0.124295	3.958	1.83909	0.464651	1.13792	3.08094	3.93936	2.06398	0.523937	6.73408	0.762802	0.494224	0.396999	0.0684023
20294	-0.0708268	-0.136213	3.97267	1.83539	0.462004	1.12682	3.05607	3.69068	1.93299	0.523748	7.10474	0.717176	0.49174	0.403485	0.0687196
20295	-0.136876	-0.0768847	3.67152	1.7766	0.483887	1.04102	3.1019	4.10305	1.9424	0.473405	7.28291	0.693724	0.478355	0.40462	0.0695133
20296	-0.0409699	-0.0213994	3.70637	1.69037	0.456071	1.11677	3.12336	4.06771	1.9834	0.487595	7.37819	0.670183	0.472566	0.402385	0.0691985
20297	-0.151643	-0.0610347	3.89777	1.76697	0.453329	1.0883	3.13669	4.03546	1.93389	0.479223	6.65086	0.768731	0.4665	0.408667	0.0692261
20298	-0.133441	-0.0826992	3.8809	1.79332	0.46209	1.1621	3.17322	3.79014	1.886	0.497606	6.31601	0.839216	0.479638	0.418831	0.069188
20299	-0.125529	-0.150292	4.04517	1.8224	0.450511	1.16441	3.22355	3.9349	1.8283	0.464637	6.8409	0.83197	0.457476	0.438167	0.0693858
20300	-0.0896561	-0.112406	3.9452	1.80818	0.458324	1.24456	3.20036	4.00102	1.97822	0.494429	6.16489	0.890072	0.476504	0.420275	0.0695807
20301	-0.051591	-0.0349325	3.52067	1.7921	0.509023	1.20825	3.20575	4.10498	2.14262	0.521956	6.61669	0.793603	0.515985	0.400336	0.0695486
20302	-0.0558375	-0.0701441	3.71341	1.89676	0.510786	1.22361	3.23414	4.30056	2.084	0.484589	6.66975	0.818493	0.496728	0.406892	0.0700468
20303	-0.172011	-0.0856161	3.75256	1.7415	0.464083	1.22541	3.24526	3.72867	1.96237	0.526292	5.68152	0.97639	0.495088	0.428322	0.0700302
20304	-0.142887	-0.102584	3.94124	1.77513	0.450399	1.29999	3.27585	3.96228	1.85361	0.467815	5.48239	1.04095	0.45913	0.440321	0.0702134
20305	-0.128569	-0.0931546	3.72401	1.81536	0.487477	1.40273	3.31625	4.15615	1.9684	0.473611	4.95719	1.17244	0.480164	0.434518	0.0703278
20306	-0.16683	-0.14779	3.58811	1.76493	0.491881	1.35177	3.31645	3.76016	1.93824	0.515468	5.2039	1.15307	0.503951	0.447693	0.0707202
20307	-0.146232	-0.195205	3.90557	1.84182	0.471587	1.28618	3.33951	3.89867	1.84939	0.474363	6.08942	1.0259	0.472974	0.458476	0.071094
20308	-0.179769	-0.183905	3.53645	1.6101	0.455286	1.30354	3.26967	3.77983	1.7456	0.46182	5.42092	1.1001	0.458662	0.470625	0.0713171
20309	-0.154423	-0.141407	3.47285	1.63235	0.470031	1.29759	3.24955	4.18436	1.88003	0.4493	5.45385	1.05417	0.458703	0.450199	0.0719948
20310	-0.193028	-0.173596	3.55357	1.605	0.451659	1.26757	3.25379	4.12182	1.84043	0.446509	5.50634	1.06668	0.448893	0.460273	0.0720844
20311	-0.159968	-0.189771	3.81581	1.7565	0.460322	1.1888	3.24664	4.07915	1.91767	0.470114	6.4914	0.909585	0.465381	0.44565	0.0723087
20312	-0.218313	-0.20477	3.50644	1.79081	0.510721	1.21335	3.224	3.87875	1.8845	0.485853	5.73578	1.02484	0.497661	0.444473	0.0728012
20313	-0.0992209	-0.151395	3.60286	1.70675	0.473721	1.04352	3.12277	3.78847	1.89691	0.500705	8.20937	0.652923	0.487552	0.426629	0.0729745
20314	-0.223061	-0.178534	3.85984	1.79373	0.464716	0.9464	3.0263	3.82574	1.96437	0.513462	7.51001	0.683819	0.488981	0.406034	0.0728934
20315	-0.138769	-0.120171	3.72436	1.69013	0.453806	1.12113	3.09575	3.60403	1.68094	0.466406	6.51535	0.793674	0.460002	0.434184	0.0731297
20316	-0.11517	-0.114497	3.74374	1.70165	0.454531	1.10214	3.16109	3.7791	1.77074	0.468561	7.24059	0.740925	0.461579	0.435943	0.0734371
20317	-0.0510329	-0.125235	3.95688	1.82122	0.460267	1.19662	3.17656	3.92389	1.90445	0.485348	7.00351	0.778316	0.472755	0.422601	0.074032
20318	-0.23067	-0.204756	4.05793	1.85774	0.457804	1.13851	3.11725	3.79928	1.71652	0.451802	5.88686	0.93732	0.454902	0.435754	0.0742844
20319	-0.272651	-0.266557	3.6902	1.77096	0.479909	1.16364	3.11646	3.81299	1.79054	0.469589	5.54785	1.03146	0.474664	0.445606	0.0744926
20320	-0.191979	-0.244019	3.84498	1.89292	0.49231	1.16852	3.17647	4.25394	1.8138	0.426381	6.3209	0.92548	0.457681	0.44118	0.074652
20321	-0.212497	-0.216611	3.85687	1.72949	0.448417	1.15958	3.15885	4.04107	1.90484	0.471372	6.05213	0.9413	0.460162	0.439509	0.074981
20322	-0.235313	-0.196835	3.75176	1.77327	0.472649	1.2366	3.22256	3.79024	1.90358	0.502232	5.39677	1.08327	0.487516	0.443018	0.0755128
20323	-0.217402	-0.235236	3.69267	1.65826	0.449068	1.21093	3.20444	4.03907	2.03558	0.503971	5.79934	1.02006	0.477749	0.4448	0.0757053
20324	-0.401293	-0.398651	3.62993	1.73541	0.478083	1.1624	3.20279	4.01111	1.96078	0.488839	5.30455	1.22257	0.483729	0.46744	0.0761777
20325	-0.464112	-0.443741	3.76061	1.66934	0.443902	1.16638	3.1506	4.10317	1.89343	0.461457	4.85965	1.32924	0.453062	0.475617	0.0759875
20326	-0.358863	-0.367749	3.73743	1.74814	0.467738	1.0863	3.11733	4.13678	1.98429	0.47967	5.8156	1.04424	0.474007	0.448714	0.0762357
20327	-0.300409	-0.299881	3.69874	1.72564	0.466548	1.17633	3.15932	3.83685	1.97255	0.514108	5.48715	1.09037	0.490764	0.447306	0.0762118
20328	-0.237944	-0.224304	3.68948	1.86894	0.50656	1.15274	3.16339	4.19306	1.96301	0.468157	5.93401	0.967006	0.486132	0.42828	0.0763845
20329	-0.279469	-0.231021	3.95045	1.77229	0.448628	1.12531	3.13272	4.05243	2.04556	0.504773	5.73361	0.986702	0.477058	0.42571	0.0765742
20330	-0.278618	-0.227714	3.81823	1.78218	0.466755	1.14073	3.07725	3.97864	1.91731	0.4819	5.42194	1.00727	0.474483	0.424791	0.0766484
20331	-0.204831	-0.185011	3.86671	1.80631	0.467144	1.11424	3.08498	3.98926	1.97485	0.495042	6.14549	0.869973	0.481311	0.414291	0.0766126
20332	-0.1163	-0.147188	3.71275	1.77002	0.476742	1.08203	3.04717	3.87278	2.07391	0.535507	7.10581	0.717998	0.506744	0.399028	0.0768623
20333	-0.148861	-0.14688	3.82876	1.6496	0.430846	1.02117	3.04988	3.8308	2.10255	0.548853	7.4649	0.68449	0.489865	0.405199	0.0768794
20334	-0.140903	-0.124742	3.64377	1.7342	0.475937	1.0893	3.10494	4.05187	2.05753	0.507798	6.8923	0.756704	0.492712	0.407611	0.0769701
20335	-0.113016	-0.103866	3.90266	1.81736	0.465671	1.10297	3.09279	3.78864	2.0779	0.548456	6.91088	0.739314	0.50645	0.396196	0.0769731
20336	-0.0336875	-0.0738623	3.77936	1.84566	0.488352	1.17229	3.19843	3.96239	1.95882	0.494353	7.36251	0.727188	0.491424	0.413141	0.077138
20337	-0.0397235	-0.0546676	3.95679	1.77031	0.447411	1.2521	3.20909	3.79759	1.93662	0.509961	6.38304	0.834407	0.478044	0.418182	0.0773241
20338	-0.0684772	-0.0747176	3.7534	1.68901	0.449995	1.19887	3.20702	4.3522	1.99296	0.457921	6.70533	0.803078	0.454251	0.422505	0.077638
20339	-0.0297819	-0.0879634	3.65541	1.78807	0.489157	1.22571	3.22388	4.04179	2.01549	0.498664	6.95842	0.788132	0.494149	0.419038	0.0779253
20340	-0.0971089	-0.107959	3.89889	1.8636	0.477981	1.22388	3.28112	4.03379	1.9752	0.489663	6.58213	0.872501	0.483921	0.428044	0.078095
20341	-0.125792	-0.12791	3.92898	1.87023	0.47601	1.30552	3.32509	3.81704	1.90009	0.497793	5.82002	1.02433	0.486744	0.44165	0.0787067
20342	-0.0566559	-0.0826296	3.84867	1.9404	0.504175	1.28923	3.2671	4.13854	2.13615	0.51616	6.19444	0.905708	0.510385	0.407747	0.0786779
20343	-0.105136	-0.0836949	4.29935	2.03765	0.473943	1.13328	3.23483	3.85801	2.01558	0.52244	7.18051	0.766838	0.49688	0.404616	0.0789038
20344	-0.176331	-0.119232	3.61734	1.872	0.517506	1.22843	3.24218	4.17515	1.96725	0.47118	5.72585	0.986673	0.492685	0.424006	0.0790571
20345	-0.117569	-0.123644	3.77453	1.83794	0.486934	1.23395	3.22899	3.74379	2.00441	0.535396	6.15355	0.913304	0.511066	0.422532	0.0795251
20346	-0.091761	-0.0557553	3.73031	1.82529	0.489314	1.16952	3.23126	3.63006	1.77549	0.489109	6.79175	0.795413	0.489213	0.428742	0.0796909
20347	-0.0393476	-0.023117	3.89952	1.89184	0.485147	1.20103	3.19881	3.60517	1.65626	0.459414	6.74715	0.769273	0.472785	0.422566	0.0799269
20348	0.0683586	-0.0299991	3.91831	1.9434	0.495978	1.14079	3.12956	3.90084	1.7471	0.447878	8.67978	0.57506	0.471982	0.403551	0.0803576
20349	0.03468	0.00331974	4.09384	2.06518	0.50446	1.03253	3.02196	3.7149	1.90821	0.513662	9.15156	0.497848	0.508838	0.36452	0.0805173
20350	0.0196439	0.0214026	4.11802	2.04792	0.497307	1.05987	3.07962	3.7863	1.91173	0.504908	8.6434	0.541031	0.500948	0.371383	0.080744
20351	0.109083	0.098296	4.01027	1.88626	0.470356	1.02724	3.09763	3.65281	1.84469	0.505006	10.6713	0.421506	0.486873	0.376208	0.0811041
20352	0.100182	0.145088	3.69604	1.79152	0.484714	1.06858	3.08928	3.83701	1.83725	0.478823	9.24333	0.468894	0.481713	0.374019	0.0812235
20353	0.0350527	0.0975991	4.01674	1.83915	0.457872	1.04804	3.09554	4.08744	1.89921	0.464646	8.75869	0.51307	0.461288	0.375524	0.0811534
20354	0.116703	0.113556	3.53748	1.89855	0.536695	1.05771	3.1324	3.62883	1.76738	0.487039	10.292	0.442744	0.511551	0.383404	0.0809474
20355	0.135844	0.177092	3.6338	1.80542	0.496841	1.07781	3.08598	3.907	1.79448	0.459298	9.5364	0.44365	0.477389	0.370247	0.0810874
20356	0.198852	0.178856	3.80331	1.89567	0.498426	1.00336	3.06878	3.85585	1.85869	0.482043	12.9037	0.323617	0.490179	0.357496	0.0812332
20357	0.141244	0.163615	3.71913	1.69745	0.456411	0.957076	3.0156	3.90913	1.86536	0.47718	12.2206	0.33279	0.467054	0.363474	0.0816909
20358	0.253058	0.196339	4.01041	1.82218	0.454361	1.038	2.99473	3.71356	1.83717	0.494719	12.7098	0.308069	0.473765	0.348647	0.0813914
20359	0.0818503	0.159141	3.66341	1.71271	0.467519	0.990887	2.96035	3.78498	1.84459	0.487346	9.49571	0.413174	0.477594	0.355558	0.0820646
20360	0.114483	0.155862	3.87	1.80252	0.465769	1.04823	2.97657	3.89078	1.99462	0.512653	9.12551	0.435943	0.489274	0.343877	0.0825186
20361	0.0641634	0.0935489	4.03016	1.85698	0.460771	0.927539	2.9257	3.75357	1.8118	0.482686	10.7605	0.372709	0.47134	0.353525	0.0823688
20362	0.166403	0.153074	3.78595	1.73051	0.457088	0.948959	2.91942	3.72952	1.75686	0.471068	12.4963	0.306197	0.464026	0.35437	0.082548
20363	0.0834781	0.0999728	3.74819	1.75862	0.469193	1.03181	2.95675	4.03447	1.9397	0.480783	9.07474	0.449663	0.475201	0.355651	0.0829901
20364	0.0890303	0.0800319	3.70212	1.70972	0.461821	0.895129	2.93526	3.92497	1.88924	0.481337	12.546	0.324898	0.471865	0.361667	0.0833384
20365	0.122429	0.0939813	3.71183	1.73865	0.468407	0.962947	2.94155	3.88904	1.93507	0.497569	11.4777	0.353236	0.483328	0.355702	0.0836796
20366	0.185427	0.0595974	3.84493	1.81958	0.47324	0.86261	2.87883	3.65199	1.85658	0.508373	17.3321	0.229288	0.490355	0.350981	0.083873
20367	0.0616016	0.0755113	4.12027	1.90579	0.46254	0.893796	2.87733	3.88337	1.89988	0.489234	11.3352	0.346273	0.475492	0.340347	0.0842298
20368	0.0756273	0.0538382	3.70815	1.88485	0.508299	0.995531	2.93339	3.9193	1.88672	0.481391	9.79862	0.423112	0.494473	0.354798	0.0841246
20369	-0.00151884	-0.00236456	3.63186	1.81102	0.498648	0.976884	2.93409	3.5548	1.76546	0.496643	9.00763	0.478636	0.497656	0.376185	0.0843583
20370	-0.00998511	-0.0289112	3.70008	1.86112	0.502996	0.9222	2.99938	3.72015	1.69043	0.454398	10.5533	0.434485	0.478631	0.392412	0.0846596
20371	0.0319089	-0.00104998	4.05705	1.86907	0.460697	1.08082	3.04505	3.93054	1.83017	0.465628	8.43363	0.550103	0.463124	0.385517	0.0850066
20372	0.107686	0.0970234	3.94197	1.89719	0.481279	1.10662	3.08953	3.5422	1.6363	0.461945	8.97432	0.49893	0.472129	0.38797	0.0851986
20373	0.0936789	0.102915	3.78229	1.92624	0.509278	1.03922	3.05357	3.67847	1.69544	0.460908	9.7382	0.447021	0.48543	0.375504	0.0852197
20374	0.039507	0.0952127	3.58357	1.74644	0.487346	1.05479	3.01755	3.89573	1.64519	0.422305	8.28489	0.515399	0.453468	0.386432	0.0854518
20375	0.0711365	0.0768693	3.58228	1.74865	0.488139	1.06038	3.06559	3.78593	1.59616	0.421604	9.12785	0.489297	0.453952	0.400469	0.0854478
20376	-0.0737326	0.0401169	3.82155	1.78926	0.468203	1.00428	3.04791	3.63921	1.72097	0.472896	7.78487	0.581051	0.470492	0.391964	0.0857258
20377	0.0468603	0.0319668	3.64915	1.60626	0.440174	0.881267	3.0018	3.74893	1.79518	0.478853	12.668	0.348117	0.459774	0.393415	0.0856973
20378	-0.0422164	-0.0335658	3.49049	1.73349	0.496632	1.04764	3.0228	3.71242	1.87846	0.505993	7.86456	0.593891	0.501457	0.392793	0.0858662
20379	-0.0657763	-0.0356059	3.84754	1.7486	0.454471	1.00985	3.07639	4.12292	1.99752	0.484492	8.37067	0.578481	0.47	0.392699	0.0860654
20380	0.0342638	0.0563198	3.49515	1.67282	0.478612	1.20303	3.16516	4.06638	2.00113	0.492117	7.07528	0.683003	0.485875	0.396861	0.0863839
20381	0.0353568	0.0913472	3.84332	1.73756	0.452098	1.17301	3.09883	3.98074	1.93983	0.487304	6.98858	0.647122	0.47001	0.380885	0.0866704
20382	-0.0434799	0.0277183	3.84777	1.73189	0.450103	1.07611	3.06165	3.61467	1.91305	0.529246	7.34338	0.626738	0.488438	0.387124	0.0868086
20383	-0.0491695	0.00367385	3.34456	1.77805	0.531624	1.04055	2.99759	4.00561	1.88381	0.470293	7.54828	0.593746	0.498201	0.379752	0.0870767
20384	0.062057	0.0866243	3.78112	1.83355	0.484921	1.02306	3.04013	4.13378	1.88181	0.455227	9.4455	0.461763	0.469413	0.369984	0.0871002
20385	0.0950636	0.0841419	3.79168	1.878	0.495296	1.00153	2.97795	3.77141	1.823	0.483372	10.1914	0.410844	0.48935	0.36141	0.087327
20386	0.10552	0.11984	3.68922	1.8497	0.501381	0.890421	2.97021	3.90401	1.79301	0.459273	13.1878	0.308034	0.479731	0.358099	0.087665
20387	0.158319	0.144718	3.70472	1.75234	0.473	1.04792	2.99679	3.75322	1.78098	0.47452	10.2784	0.395699	0.473765	0.365415	0.0878481
20388	0.0854894	0.126536	3.92008	1.68777	0.430545	0.930862	2.9469	4.12692	1.99351	0.48305	11.1305	0.357327	0.457472	0.350846	0.0879459
20389	0.261454	0.2247	4.02625	1.77249	0.440232	1.16535	3.06661	3.83107	1.87802	0.490207	9.88521	0.408512	0.464599	0.356243	0.0881167
20390	0.230451	0.178772	3.60508	1.71551	0.475859	1.16965	3.10946	3.82545	1.80094	0.47078	9.73703	0.441045	0.473244	0.379241	0.08811
20391	0.210925	0.135575	3.93154	1.70172	0.432838	1.10476	3.10277	3.92085	1.85131	0.472169	11.0199	0.399471	0.452477	0.382639	0.0878681
20392	0.157546	0.132642	3.81785	1.72918	0.452919	1.11849	3.08073	4.00191	1.89381	0.473226	9.41201	0.46171	0.463311	0.375012	0.0879256
20393	0.0531526	0.0982033	3.73656	1.73552	0.46447	1.02981	3.01688	3.75621	1.84752	0.491857	8.93077	0.476927	0.4782	0.372911	0.0880736
20394	0.0213409	0.066975	3.46695	1.54396	0.445336	0.982583	3.03795	3.58992	1.68934	0.47058	9.55281	0.461994	0.458178	0.40576	0.0881975
20395	0.0979917	0.0818519	3.70742	1.55706	0.419985	1.17473	3.06957	3.75607	1.757	0.467776	7.69945	0.579683	0.444036	0.402527	0.0885398
20396	0.0307543	0.0588471	3.55328	1.71929	0.483859	0.963974	3.01534	3.63738	1.88517	0.518276	10.0366	0.43545	0.501269	0.377551	0.0887745
20397	0.0396666	0.0778588	3.95526	1.80276	0.455789	0.987662	2.98895	3.76741	1.78791	0.474572	9.42972	0.449348	0.464952	0.371199	0.089061
20398	0.063429	0.0451554	4.01209	1.69635	0.422808	1.03275	3.08158	3.88075	1.80858	0.46604	9.81268	0.469795	0.444064	0.396852	0.0891359
20399	-0.0317965	-0.00012181	3.77745	1.71614	0.454312	1.05571	3.05091	3.5568	1.78744	0.502541	7.87094	0.591339	0.477702	0.399243	0.089676
20400	0.0157973	0.0618082	3.74415	1.87152	0.499851	1.12942	3.07211	3.76817	1.82629	0.484662	7.30709	0.620079	0.492232	0.380023	0.0900161
20401	0.142017	0.108218	3.79701	1.7091	0.450118	1.19055	3.13852	3.83917	1.77897	0.463373	8.35235	0.549711	0.456782	0.397039	0.0899547
20402	-0.0589965	0.0368147	4.07088	1.6589	0.407505	1.09856	3.14821	3.68629	1.85064	0.502034	7.22484	0.669966	0.452426	0.408266	0.0903932
20403	0.173372	0.102665	3.86579	1.72283	0.445661	1.27528	3.22937	3.67344	1.81518	0.494135	8.05157	0.607103	0.46928	0.408686	0.0906502
20404	-0.0499966	0.0255069	3.68545	1.70032	0.461361	1.32479	3.29548	4.22068	1.91269	0.453171	5.65741	0.94502	0.456989	0.425369	0.0906505
20405	0.00688455	0.0355773	3.8193	1.75682	0.459986	1.18345	3.23277	4.0669	1.87949	0.462143	7.38421	0.692157	0.461098	0.412845	0.090765
20406	0.145977	0.0541269	3.69386	1.61251	0.436537	1.23285	3.26608	4.08054	2.04376	0.500856	8.73335	0.590646	0.470296	0.413751	0.0908771
20407	0.0211532	0.0570801	3.76541	1.55144	0.412023	1.31755	3.26614	4.05061	2.0364	0.50274	6.12746	0.840323	0.459036	0.417903	0.0915689
20408	-0.0187465	0.0689651	3.7855	1.58671	0.419155	1.35889	3.29418	3.78052	1.96801	0.520565	5.48082	0.948946	0.469826	0.422609	0.0920775
20409	0.0888612	0.0926865	3.57156	1.6201	0.453611	1.38034	3.3138	3.84793	1.95144	0.50714	6.22069	0.833957	0.481372	0.420838	0.0924793
20410	0.145648	0.0896217	3.65483	1.69305	0.463237	1.34359	3.39066	4.07044	1.95695	0.480772	7.59327	0.717532	0.472476	0.427502	0.0926994
20411	0.0885928	0.160152	3.49395	1.66548	0.476677	1.48257	3.42612	4.19476	1.9836	0.472876	5.48926	0.971587	0.474603	0.422344	0.0930554
20412	0.19761	0.200282	3.67869	1.56689	0.425936	1.34617	3.37509	3.96674	1.82956	0.461225	7.64065	0.659592	0.444246	0.42604	0.0931442
20413	0.22375	0.229858	3.42782	1.52029	0.443515	1.28436	3.33984	3.82757	1.83185	0.478592	8.5982	0.562442	0.46202	0.419175	0.093302
20414	0.217037	0.234957	3.56487	1.67455	0.469737	1.33163	3.34331	3.96263	1.91444	0.483124	7.77723	0.621161	0.476784	0.402398	0.0937261
20415	0.192896	0.207026	3.82357	1.60569	0.419944	1.26382	3.31673	3.93867	1.97724	0.502007	8.43184	0.573437	0.461584	0.403014	0.0935303
20416	0.331656	0.247227	3.62287	1.52043	0.419674	1.23702	3.25049	4.09996	2.06255	0.503067	11.0037	0.409844	0.463946	0.386372	0.0937619
20417	0.274042	0.25364	3.73517	1.69192	0.452971	1.36074	3.32288	4.08765	2.01686	0.493403	7.97706	0.590457	0.474098	0.388496	0.0940501
20418	0.270308	0.231335	3.84926	1.81465	0.471427	1.32375	3.3392	4.04818	1.89936	0.469189	8.7037	0.554869	0.47028	0.394118	0.0941942
20419	0.197669	0.212711	3.6567	1.83179	0.50094	1.32414	3.34354	3.68982	1.78691	0.484282	7.72461	0.63447	0.492573	0.403882	0.0945872
20420	0.224095	0.224946	4.02395	1.83811	0.456792	1.37866	3.38283	4.05111	1.92027	0.474011	7.48089	0.666514	0.46543	0.398918	0.0948973
20421	0.242113	0.239092	3.94407	1.78072	0.451494	1.39755	3.37793	3.95416	1.93092	0.488328	7.37986	0.667514	0.469934	0.399017	0.0947657
20422	0.272054	0.274066	4.01938	1.95583	0.486599	1.3836	3.31935	4.1752	1.8321	0.438806	7.5059	0.617765	0.462248	0.379794	0.0947286
20423	0.30204	0.33552	4.07144	2.02776	0.498044	1.29147	3.30934	3.91532	1.7929	0.457918	9.03361	0.489484	0.478373	0.366672	0.0946072
20424	0.330044	0.274555	3.49529	1.82624	0.522486	1.27691	3.27627	3.87446	1.93414	0.499203	10.0499	0.44828	0.510245	0.374737	0.0945789
20425	0.29817	0.236357	3.70457	1.64422	0.443837	1.27584	3.22283	4.05393	2.00734	0.495159	9.33111	0.477919	0.470654	0.379243	0.0948503
20426	0.258205	0.26067	3.84376	1.70401	0.443318	1.40621	3.30939	3.9634	1.87489	0.473052	7.05265	0.658952	0.458413	0.393791	0.0955493
20427	0.263665	0.260569	3.74969	1.77153	0.472447	1.36492	3.26648	3.98791	1.86157	0.466804	7.4503	0.606385	0.469539	0.383499	0.0957274
20428	0.374954	0.356064	3.58135	1.80838	0.504943	1.43702	3.40152	3.90344	1.76275	0.451589	8.22247	0.563992	0.477118	0.393799	0.0954437
20429	0.419644	0.381057	3.61656	1.79229	0.495578	1.32556	3.3691	4.34955	2.00046	0.459924	10.8792	0.410341	0.476111	0.370599	0.0949122
20430	0.44156	0.414601	3.87314	1.8247	0.471116	1.36132	3.41307	4.10042	1.94532	0.474421	10.628	0.422979	0.472815	0.373632	0.0947443
20431	0.369208	0.370463	3.74555	1.82683	0.487733	1.49365	3.48308	4.12594	2.08602	0.505587	7.66267	0.632182	0.497091	0.382458	0.0951055
20432	0.361327	0.351011	4.0579	1.80848	0.445669	1.49393	3.45091	3.91507	1.92821	0.49251	7.49103	0.641392	0.46867	0.391442	0.0951171
20433	0.253718	0.327571	3.81535	1.796	0.47073	1.44193	3.38964	4.24161	2.14268	0.505158	6.64108	0.705929	0.488855	0.373213	0.0955697
20434	0.385715	0.360184	3.9549	1.84156	0.46564	1.38284	3.3363	4.24115	2.11973	0.499799	8.90833	0.497132	0.483316	0.358673	0.0955797
20435	0.416612	0.369285	3.87898	1.77158	0.456712	1.29216	3.29135	3.71485	1.92754	0.518875	11.1384	0.383292	0.487122	0.366026	0.0961273
20436	0.323591	0.267104	3.93704	1.90309	0.48338	1.23879	3.24793	3.63294	1.81276	0.498979	10.6082	0.418794	0.490866	0.374257	0.0962073
20437	0.307728	0.283834	4.00176	1.78758	0.4467	1.16523	3.15519	4.12621	1.81872	0.440772	11.2125	0.367656	0.443691	0.363801	0.0960617
20438	0.300113	0.251549	3.62704	1.66664	0.459504	1.22144	3.12476	3.73198	1.83704	0.492242	9.72547	0.424418	0.476106	0.370809	0.0961116
20439	0.195842	0.163517	3.46699	1.65149	0.476346	1.05709	3.09927	4.08727	1.96252	0.480154	11.6193	0.370874	0.478406	0.373628	0.0962659
20440	0.199988	0.225682	3.89366	1.79579	0.461209	1.01514	3.1206	3.90648	1.91458	0.490103	12.6123	0.332238	0.475679	0.361003	0.0962536
20441	0.284958	0.241902	3.85661	1.8284	0.474094	1.0793	3.0818	3.89051	1.96278	0.504505	12.7819	0.315486	0.489366	0.347299	0.0962852
20442	0.245519	0.225813	3.6987	1.73689	0.469596	1.10271	3.15273	3.76603	1.75995	0.467322	11.6591	0.36739	0.468449	0.379952	0.0964676
20443	0.18032	0.210048	3.54623	1.80348	0.508561	1.14665	3.20111	3.70888	1.74763	0.4712	9.58075	0.466896	0.489462	0.386559	0.0963917
20444	0.170202	0.14799	3.70471	1.862	0.502604	1.20228	3.13873	3.71271	1.79306	0.482951	8.39716	0.532594	0.492767	0.37969	0.0966978
20445	0.0210944	0.0720928	3.84904	1.94243	0.504654	1.19706	3.1748	3.85992	1.85505	0.480593	6.96135	0.691444	0.492607	0.388034	0.0971367
20446	0.0137269	0.0189529	3.90949	1.82531	0.466891	1.17221	3.13358	3.82089	1.89204	0.495183	7.22822	0.671045	0.480875	0.394943	0.0973973
20447	-0.127458	-0.0841182	4.10351	1.85974	0.453208	1.08519	3.10553	4.02418	1.93111	0.479878	6.9186	0.735253	0.466413	0.401657	0.0975454
20448	0.00144314	0.000793695	3.68456	1.77887	0.482791	1.08612	3.11182	3.65176	1.76963	0.484595	8.22629	0.588265	0.483689	0.405544	0.097415
20449	8.44614e-05	0.0164441	3.86877	1.68921	0.436627	1.10161	3.06729	3.9118	1.89777	0.48514	7.67106	0.606675	0.461018	0.393586	0.0978341
20450	0.0590319	0.0134121	3.68618	1.62844	0.441767	1.10397	3.05948	3.87828	1.94426	0.50132	8.49764	0.545948	0.4723	0.39379	0.0982422
20451	0.087747	0.0332991	3.9092	1.69208	0.432846	1.0145	3.03953	4.03301	1.81134	0.44913	10.5224	0.429437	0.441115	0.392179	0.0989525
20452	0.0754865	0.0212998	3.62156	1.58942	0.438878	1.09787	3.05823	3.67095	1.88156	0.512553	8.82355	0.522632	0.475965	0.399263	0.0988503
20453	0.037087	-0.0378567	3.70232	1.69486	0.457784	1.13104	3.03533	3.89772	1.87583	0.481263	7.8919	0.598364	0.469825	0.398163	0.0989988
20454	-0.057598	-0.045497	3.45545	1.7243	0.499008	0.973062	3.02516	4.10372	1.95832	0.477205	8.87628	0.53113	0.487172	0.390399	0.0992083
20455	-0.00538254	-0.018094	3.38227	1.61272	0.476815	1.027	2.99326	4.09851	2.044	0.498718	8.50827	0.532908	0.488815	0.382823	0.0994295
20456	-0.0383715	-0.0267815	3.72513	1.73736	0.466388	0.983258	2.98515	3.84817	1.92328	0.49979	8.69165	0.521864	0.48336	0.382661	0.0997201
20457	0.104289	0.000154552	3.47763	1.66836	0.47974	0.844867	2.92623	4.03941	2.02305	0.500827	15.611	0.274228	0.491072	0.367147	0.0994757
20458	0.0192158	-0.00909404	3.56433	1.64448	0.461371	0.945931	2.86891	4.22904	2.06016	0.487145	9.64472	0.429401	0.475357	0.35866	0.0999759
20459	0.0181828	0.0138388	3.58021	1.73532	0.484699	0.843367	2.90754	4.03127	2.04098	0.506288	12.2972	0.340464	0.496133	0.356757	0.100206
20460	-0.0151335	0.0486875	3.65221	1.72545	0.472438	0.965609	2.91558	3.85299	2.0173	0.523568	8.54504	0.480928	0.498687	0.354537	0.0999789
20461	0.114793	0.143782	3.51658	1.6522	0.469832	0.860321	2.94119	3.82589	1.89576	0.495509	14.0794	0.277906	0.483212	0.355539	0.100144
20462	0.0484977	0.182118	3.67776	1.78789	0.486134	0.922492	2.97918	4.03205	2.00152	0.496402	10.242	0.381933	0.491504	0.340545	0.10049
20463	0.221594	0.172703	3.87261	1.92153	0.496184	1.01837	3.03063	3.7868	1.85376	0.489531	12.8656	0.317427	0.492895	0.35113	0.100662
20464	0.233666	0.232153	3.61113	1.70998	0.473531	1.08374	3.04742	3.79421	1.83998	0.484945	10.9679	0.361312	0.479379	0.35833	0.100643
20465	0.313477	0.189774	3.48111	1.69418	0.486679	1.04076	3.03454	3.88802	1.83353	0.471586	15.2997	0.264473	0.478716	0.364593	0.10102
20466	0.187498	0.167364	3.87915	1.75175	0.451582	1.04014	2.97611	3.87126	1.75708	0.453877	10.8515	0.363502	0.452728	0.359946	0.100996
20467	0.14168	0.130472	3.87891	1.70138	0.438623	0.95722	2.96974	3.77447	1.6695	0.442313	12.1206	0.332552	0.440443	0.374286	0.101356
20468	0.0505029	0.0645757	3.5404	1.65566	0.467648	0.927036	2.95553	3.83343	1.92373	0.50183	10.8779	0.384155	0.485418	0.368696	0.101648
20469	0.182859	0.0873888	3.49557	1.66078	0.475109	0.91211	2.99016	3.90664	1.95312	0.499948	15.8442	0.265904	0.488219	0.368362	0.101651
20470	0.187639	0.13023	3.33147	1.70246	0.511023	0.949108	2.94566	3.81578	1.87377	0.491058	13.6705	0.289917	0.500364	0.356664	0.102116
20471	0.117764	0.161286	3.92623	1.83931	0.468467	0.979235	3.04865	3.79103	1.84731	0.487285	11.2337	0.371066	0.477711	0.36128	0.102657
20472	0.162589	0.174997	4.10255	1.81674	0.442833	1.05175	3.00644	3.90834	1.93661	0.495509	10.1404	0.395302	0.468532	0.348219	0.102914
20473	0.395055	0.312277	3.50151	1.82518	0.521256	1.07584	3.06454	3.84303	1.95937	0.509851	16.3443	0.231732	0.515288	0.333617	0.102818
20474	0.344003	0.317676	3.88827	1.91846	0.493397	1.06472	3.02917	4.11852	2.15589	0.523461	14.1543	0.259715	0.508861	0.310988	0.103114
20475	0.313167	0.306851	3.74196	1.94323	0.519308	1.00059	2.97739	3.80131	2.01209	0.529315	15.0921	0.236276	0.524351	0.310819	0.103362
20476	0.264366	0.257452	3.71974	1.90463	0.512032	0.97629	3.01359	4.10534	1.94024	0.472614	14.9877	0.253418	0.491352	0.330733	0.103322
20477	0.0304741	0.122339	4.07675	1.87693	0.460399	0.959153	3.00515	4.17301	2.0091	0.48145	9.63606	0.431222	0.471048	0.348496	0.103532
20478	0.120828	0.111392	3.57385	1.78118	0.498394	0.999425	3.02134	3.95607	1.95948	0.495309	10.9696	0.385966	0.496773	0.361517	0.104104
20479	0.104663	0.104649	3.7778	1.78547	0.472622	0.975291	2.96184	3.83782	1.78485	0.465068	10.7699	0.378997	0.468815	0.363832	0.104608
20480	0.136296	0.122176	3.69692	1.79268	0.484911	1.0287	2.98608	3.81132	1.80912	0.47467	10.2989	0.398196	0.479713	0.362887	0.10442
20481	0.097853	0.122297	3.88899	1.7948	0.461507	1.08657	3.02314	3.83649	1.86121	0.485135	8.60808	0.488779	0.473241	0.365363	0.104428
20482	0.142753	0.141599	3.84488	1.84263	0.479242	1.07484	3.00408	3.73875	1.90018	0.508238	9.43137	0.43439	0.493537	0.353828	0.104331
20483	0.147796	0.156471	3.67046	1.85877	0.506414	1.04364	3.02422	3.7784	1.85752	0.491615	10.2474	0.401269	0.498907	0.356298	0.104321
20484	0.185077	0.183341	3.84303	1.82772	0.475595	0.982369	3.02957	3.80414	1.85526	0.487694	12.7439	0.317837	0.481614	0.354909	0.104081
20485	0.221446	0.224502	3.71483	1.90451	0.512676	1.04612	3.08594	4.48289	2.15822	0.481435	12.0395	0.340039	0.495592	0.335146	0.104494
20486	0.15889	0.130663	3.96372	1.88742	0.476174	1.04398	3.01402	4.23954	2.1449	0.505927	10.6125	0.391695	0.49155	0.34024	0.105053
20487	0.113451	0.0960183	4.02309	1.83313	0.455652	0.857693	2.84438	3.93332	2.04198	0.519149	13.637	0.276949	0.487043	0.327754	0.105172
20488	-0.013165	-0.0506114	3.92281	1.82884	0.466207	0.679481	2.72098	3.73836	1.8635	0.498481	16.0117	0.239879	0.481956	0.342267	0.10543
20489	-0.0247839	-0.0471975	4.09507	1.84574	0.450723	0.70799	2.68999	3.96007	1.88902	0.477018	13.9531	0.268479	0.46365	0.334118	0.105742
20490	-0.0458315	3.51247e-05	4.21881	1.89345	0.448812	0.663409	2.68995	3.78303	1.9997	0.528596	14.3843	0.251511	0.486532	0.317346	0.105589
20491	-0.0723313	-0.0765589	3.7327	1.81961	0.487477	0.706695	2.68826	3.97598	1.93819	0.487473	12.5958	0.303441	0.487475	0.337226	0.105996
20492	0.0339815	-0.0294345	4.03069	1.85302	0.459727	0.856368	2.82548	4.25516	2.04025	0.479476	12.0513	0.33816	0.469869	0.343676	0.106371
20493	-0.102173	-0.103753	3.84895	1.8949	0.492315	0.845713	2.85497	3.97551	1.94751	0.489877	9.7431	0.449244	0.491076	0.362998	0.106533
20494	-0.169393	-0.110106	4.20726	1.93175	0.459145	0.770148	2.79557	4.07201	1.94151	0.476795	9.56454	0.441368	0.467826	0.352845	0.106454
20495	-0.185814	-0.169235	3.72692	1.81966	0.488246	0.708549	2.77781	4.1516	2.05412	0.494779	10.8579	0.399942	0.491689	0.359297	0.106383
20496	-0.216813	-0.217647	3.85066	1.80035	0.467542	0.704609	2.77826	4.08294	2.07298	0.507718	10.5715	0.424509	0.488218	0.366928	0.106546
20497	-0.173448	-0.183486	3.67417	1.84796	0.502958	0.697606	2.68934	3.97071	1.95757	0.493003	10.8775	0.379367	0.497787	0.351681	0.106526
20498	-0.14619	-0.198542	3.69068	1.70259	0.461322	0.724068	2.77886	3.80133	2.03794	0.536113	11.7052	0.378674	0.49927	0.37217	0.106248
20499	-0.191542	-0.152769	3.65734	1.73888	0.475449	0.79092	2.80535	4.20919	2.16986	0.515505	9.06567	0.482615	0.496882	0.358955	0.106339
20500	-0.166476	-0.158787	3.39755	1.70827	0.502794	0.732601	2.77028	4.03472	2.1216	0.525834	10.6137	0.40417	0.515302	0.359104	0.106608
