cycle	Zbar1	Gbar1	VP1	VG1	h21	Zbar2	Gbar2	VP2	VG2	h22	h2b	h2b_denom	h2w	Qst	Fst
20000	-0.277159	-0.153896	3.99694	1.96683	0.492083	3.77539	-0.235199	3.95023	1.85852	0.470484	0.00040249	8.2116	0.481347	0.000432027	0.000375288
20001	-0.188403	-0.195324	4.39899	1.93464	0.439792	3.72255	-0.275119	3.76461	2.00779	0.533335	0.000416284	7.64776	0.482928	0.000403805	0.000624504
20002	-0.196278	-0.192991	4.00516	2.0477	0.511266	3.74003	-0.282034	3.86801	1.91745	0.495721	0.000511706	7.74727	0.503629	0.000499895	0.000859087
20003	-0.191604	-0.149933	4.00679	2.12758	0.530993	3.69925	-0.337921	3.91458	1.89063	0.482972	0.00233435	7.56939	0.507262	0.00219496	0.0011706
20004	-0.207157	-0.259194	4.07892	1.90568	0.467203	3.48667	-0.50118	3.87943	1.90851	0.491957	0.00429169	6.82218	0.47927	0.00382535	0.00140278
20005	-0.208441	-0.223478	3.59902	1.82151	0.506112	3.47154	-0.512232	3.73336	1.89891	0.508633	0.00615693	6.77112	0.507396	0.00557433	0.00163963
20006	-0.236278	-0.203666	3.72059	1.83287	0.49263	3.48849	-0.551414	3.95685	1.77719	0.449142	0.00871627	6.93696	0.470217	0.008309	0.00185182
20007	-0.16576	-0.147591	3.80598	1.79247	0.470961	3.34029	-0.640603	3.84297	1.88652	0.490902	0.0197733	6.14619	0.48098	0.0162564	0.00203639
20008	-0.0433314	-0.106343	4.15183	1.9028	0.458303	3.35146	-0.677553	3.73214	1.87668	0.502844	0.0283117	5.76231	0.479388	0.0211368	0.00232169
20009	-0.179282	-0.211183	3.96744	1.96528	0.495353	3.11445	-0.930213	3.77612	1.85309	0.490738	0.0476559	5.42435	0.493103	0.0327574	0.00255392
20010	-0.204512	-0.274352	3.88495	1.83065	0.471215	2.82275	-1.09438	3.81461	1.71172	0.448727	0.0733756	4.58216	0.460074	0.0453284	0.00272244
20011	-0.282302	-0.277642	3.92889	1.88748	0.48041	2.88228	-1.1065	3.73938	1.79512	0.480058	0.0685998	5.0073	0.480238	0.0445814	0.00299058
20012	-0.191339	-0.195448	4.05742	1.87987	0.463317	2.80042	-1.20494	3.96112	1.92356	0.485612	0.113856	4.47531	0.47433	0.0628085	0.00338643
20013	-0.29271	-0.270201	4.00192	2.02962	0.507161	2.97506	-1.15405	3.81965	1.8083	0.473421	0.0731559	5.33916	0.490684	0.0484449	0.00362777
20014	-0.281922	-0.260698	4.11708	1.95412	0.474637	2.8057	-1.17214	4.18049	2.04527	0.48924	0.0871393	4.7667	0.481994	0.0493889	0.00380154
20015	-0.298901	-0.267497	3.97683	2.08313	0.523816	2.78282	-1.26806	4.07669	2.00219	0.491131	0.105415	4.7485	0.507271	0.0577545	0.00398766
20016	-0.229573	-0.283451	4.08764	2.04962	0.501419	2.82603	-1.25079	4.29646	2.05677	0.478713	0.100222	4.66836	0.489783	0.0539237	0.00424615
20017	-0.330101	-0.29916	3.8907	1.97822	0.508449	2.65791	-1.31374	4.07719	2.04747	0.502176	0.115295	4.46409	0.505239	0.0601127	0.00445062
20018	-0.367051	-0.33426	4.09493	1.89208	0.462053	2.67194	-1.30408	3.92123	1.84511	0.470544	0.101842	4.61774	0.466207	0.0592221	0.00468793
20019	-0.312525	-0.324383	3.82172	1.78466	0.466978	2.58014	-1.41287	3.80934	1.92249	0.504677	0.141597	4.18376	0.485797	0.0740233	0.00496692
20020	-0.332692	-0.30757	3.79834	1.86104	0.489962	2.51587	-1.44526	3.98421	1.91432	0.480478	0.159514	4.05714	0.485106	0.0789798	0.00525115
20021	-0.321946	-0.358588	4.1307	1.9998	0.484131	2.57907	-1.46395	3.72363	1.79211	0.48128	0.14518	4.20795	0.482779	0.0745837	0.00540546
20022	-0.252841	-0.294393	3.94368	2.02424	0.513287	2.52043	-1.47745	3.88457	1.78391	0.459231	0.181981	3.84552	0.486463	0.0841897	0.00571927
20023	-0.328666	-0.316699	3.96113	2.01553	0.508828	2.4657	-1.49624	3.82968	1.88233	0.491512	0.17818	3.90423	0.500316	0.0819628	0.0060326
20024	-0.273549	-0.292515	4.00921	1.96943	0.491227	2.40368	-1.59446	3.90886	1.90136	0.486424	0.236491	3.58378	0.488856	0.0987193	0.00631181
20025	-0.251398	-0.325574	4.22096	1.91309	0.453236	2.38367	-1.55118	3.73426	1.85424	0.496549	0.216332	3.47178	0.473567	0.0906859	0.0064981
20026	-0.319669	-0.329533	3.65922	1.91055	0.52212	2.43887	-1.56927	3.87479	2.05562	0.530512	0.201977	3.80477	0.526436	0.0883626	0.00677018
20027	-0.301602	-0.285239	3.65121	1.81906	0.498207	2.42381	-1.61989	3.95702	1.87452	0.47372	0.239813	3.71393	0.485471	0.107643	0.00705373
20028	-0.143872	-0.243369	3.5935	1.77041	0.492668	2.32423	-1.68301	4.03591	1.89643	0.46989	0.340236	3.04576	0.480619	0.123864	0.00732074
20029	-0.320348	-0.263815	3.86224	1.74131	0.450855	2.44318	-1.64514	4.11675	1.89975	0.461469	0.249842	3.81854	0.456331	0.115886	0.00755643
20030	-0.179405	-0.243874	3.45723	1.73595	0.502121	2.34387	-1.66263	4.15223	2.00256	0.482286	0.316146	3.18345	0.491298	0.118688	0.00783806
20031	-0.289459	-0.206269	3.65586	1.81731	0.497096	2.27915	-1.73551	3.8762	2.03211	0.524254	0.354448	3.29889	0.511072	0.13191	0.00804501
20032	-0.288808	-0.271154	3.85069	1.82438	0.473779	2.19188	-1.80726	4.12222	2.10186	0.509885	0.38344	3.0769	0.492447	0.130678	0.00836217
20033	-0.275602	-0.281601	4.16678	2.0167	0.483996	2.29236	-1.72892	3.80512	1.94122	0.51016	0.317652	3.29722	0.496484	0.116904	0.00868416
20034	-0.236182	-0.232854	4.06466	2.00573	0.493455	2.31435	-1.75691	4.18398	2.1046	0.503015	0.35706	3.2526	0.498304	0.123841	0.0089455
20035	-0.26841	-0.246536	3.9268	1.9445	0.495186	2.16867	-1.80073	4.33487	2.08073	0.479999	0.406698	2.96968	0.487218	0.13051	0.0092015
20036	-0.239137	-0.219167	4.08458	1.99525	0.488485	2.12844	-1.82516	3.84181	2.00036	0.520682	0.46013	2.80271	0.50409	0.139014	0.00963076
20037	-0.231941	-0.183546	3.71092	1.86014	0.501261	2.18027	-1.8334	3.93373	2.02237	0.514111	0.467797	2.90939	0.507873	0.149198	0.00989697
20038	-0.172363	-0.134976	3.96046	1.73904	0.4391	2.14248	-1.85861	4.13068	2.1121	0.51132	0.554426	2.67926	0.47597	0.161746	0.0101341
20039	-0.0391834	-0.108917	3.92004	1.84871	0.471605	2.08596	-1.95319	4.05773	2.0164	0.496928	0.753135	2.25812	0.484485	0.180404	0.010336
20040	-0.192438	-0.162011	3.88546	1.82634	0.470044	2.07464	-1.92713	3.94704	2.09667	0.5312	0.606202	2.56982	0.500862	0.165728	0.0107273
20041	-0.0869832	-0.143503	3.62071	1.71323	0.473176	1.98637	-1.92815	3.98758	1.9793	0.496366	0.7409	2.14939	0.48533	0.177458	0.0108334
20042	-0.130773	-0.138876	3.60218	1.73664	0.482107	1.9944	-1.93908	3.66857	1.8811	0.51276	0.717558	2.25818	0.497573	0.183047	0.0109085
20043	-0.102152	-0.0956712	3.28455	1.62848	0.495799	1.96454	-2.02757	4.02625	1.9001	0.471927	0.873806	2.13561	0.482652	0.209212	0.011026
20044	-0.0543901	-0.0488577	3.83092	1.85158	0.483326	1.91705	-2.10729	3.70943	1.8114	0.488324	1.0902	1.94329	0.485784	0.224404	0.0113718
20045	0.00140829	-0.0529423	3.93551	1.8823	0.478287	1.97416	-2.01969	3.86818	1.92953	0.498822	0.993925	1.94587	0.488466	0.202435	0.0116944
20046	-0.102417	-0.0524087	3.91651	1.94954	0.497775	1.981	-2.07098	3.98474	1.90669	0.478497	0.938717	2.17031	0.488053	0.209042	0.0119322
20047	0.0267015	-0.0275706	3.77983	1.90938	0.505149	1.82695	-2.12821	3.89004	1.7947	0.461359	1.36157	1.62044	0.482939	0.229569	0.0121325
20048	-0.132864	-0.095039	3.81836	1.891	0.495239	1.71903	-2.20298	3.92487	1.68939	0.430431	1.29564	1.71476	0.462389	0.236884	0.0121889
20049	-0.117075	-0.148313	3.7866	1.81387	0.479022	1.75402	-2.19813	3.7825	1.87078	0.494588	1.20016	1.7505	0.486801	0.221928	0.01242
20050	-0.114999	-0.0409166	3.92793	1.84285	0.469167	1.7544	-2.25605	4.03307	1.79325	0.444636	1.4041	1.74733	0.45674	0.252357	0.01257
20051	0.00927676	-0.0277163	4.00056	1.91336	0.478272	1.74535	-2.24643	4.17343	1.7979	0.430797	1.63329	1.50698	0.454032	0.24912	0.0128648
20052	-0.0739129	-0.0617149	3.82409	1.87161	0.489425	1.71029	-2.24798	3.78149	1.85491	0.490523	1.50148	1.59168	0.489971	0.242894	0.0130804
20053	-0.123584	-0.116646	3.88895	1.87837	0.483002	1.80145	-2.20949	3.61831	1.88877	0.522003	1.18194	1.85287	0.5018	0.225296	0.0133192
20054	-0.0578594	-0.0455953	3.78809	1.75448	0.463155	1.69211	-2.24951	3.76967	1.97117	0.522902	1.58609	1.53119	0.492956	0.245906	0.0134673
20055	0.0589188	-0.0134371	3.77325	1.79867	0.476691	1.73404	-2.24244	3.99473	2.01138	0.503509	1.77062	1.40302	0.490482	0.24595	0.0137006
20056	0.00909944	0.0291132	4.00226	1.80338	0.450591	1.85263	-2.1863	3.52106	1.98696	0.564308	1.44414	1.6993	0.503813	0.244646	0.0138916
20057	0.0695683	0.00305872	4.08798	1.91447	0.468317	1.74843	-2.24223	4.16973	1.92612	0.461928	1.7886	1.40929	0.465091	0.247172	0.0141547
20058	0.050069	0.0689221	3.93741	1.8993	0.482372	1.84912	-2.19337	4.35577	2.02599	0.465127	1.5813	1.61829	0.473315	0.245924	0.0146006
20059	0.0849858	0.0555757	3.80763	1.83378	0.481606	1.73509	-2.21866	3.83961	1.92493	0.501335	1.89954	1.36142	0.491512	0.256054	0.0149154
20060	0.0147452	0.0573657	3.94889	1.83198	0.463922	1.88034	-2.18663	3.75634	1.77937	0.473698	1.4468	1.74023	0.468688	0.25858	0.0149201
20061	0.0779716	0.0647564	3.59467	1.94552	0.541223	1.80922	-2.18827	3.43161	1.78673	0.52067	1.69362	1.4986	0.531185	0.253836	0.0150933
20062	0.215939	0.159587	3.87058	1.84726	0.477255	1.88002	-2.10938	3.65327	1.78209	0.487808	1.85913	1.38458	0.482379	0.261885	0.0152138
20063	0.165329	0.224218	3.68402	1.87733	0.509587	1.85554	-2.22284	4.04574	1.97618	0.488461	2.09608	1.42841	0.49853	0.279891	0.0154336
20064	0.208962	0.212982	4.08189	1.87523	0.459402	1.70909	-2.26127	4.47529	2.03271	0.454208	2.72039	1.12519	0.456685	0.281522	0.0159329
20065	0.163825	0.1704	3.91906	1.94079	0.495219	1.60884	-2.34154	4.08851	1.84045	0.450151	3.02186	1.04403	0.472208	0.294477	0.0161403
20066	0.234699	0.214858	3.77569	1.82846	0.484271	1.68072	-2.27117	3.69547	1.81528	0.491218	2.95572	1.04548	0.487707	0.297875	0.0165064
20067	0.0307589	0.0978616	3.66236	1.74095	0.475364	1.69845	-2.33879	3.74201	1.9303	0.515846	2.13478	1.3906	0.495822	0.288008	0.0167353
20068	0.0802603	0.0537407	3.49656	1.71005	0.489068	1.74469	-2.35209	4.0927	2.06008	0.503353	2.08929	1.38517	0.496772	0.277457	0.0170712
20069	-0.0445008	0.0399245	3.8594	1.73295	0.449021	1.52745	-2.41907	3.73659	1.88917	0.505586	2.44702	1.23552	0.476846	0.294559	0.0172664
20070	0.10068	0.0889707	4.06048	1.92064	0.473007	1.54077	-2.49321	3.96702	1.92193	0.484478	3.21512	1.03692	0.478676	0.302659	0.0175872
20071	0.130897	0.10895	3.63736	1.75206	0.481686	1.53565	-2.45274	3.83247	1.80125	0.469996	3.32549	0.98666	0.475689	0.315973	0.017612
20072	0.0994016	0.0829426	3.86862	1.87759	0.485338	1.51557	-2.4611	4.20151	1.84669	0.43953	3.22713	1.00277	0.461489	0.302977	0.0181707
20073	0.052706	0.0556472	3.87499	1.82134	0.470023	1.45377	-2.4862	4.0581	1.80532	0.444868	3.29142	0.981489	0.457155	0.308248	0.0186619
20074	0.114193	0.047777	3.80526	1.9535	0.513367	1.4813	-2.54026	4.22438	1.99382	0.471979	3.58372	0.934496	0.491593	0.29796	0.0188251
20075	0.0435369	-0.00800125	4.05185	1.90059	0.469068	1.43078	-2.51449	4.0917	2.02289	0.494387	3.26461	0.962215	0.48179	0.285977	0.0189559
20076	-0.0288592	-0.0573786	3.97598	1.93725	0.487238	1.41868	-2.53664	3.82344	2.01771	0.527722	2.93349	1.04769	0.507085	0.279923	0.0190894
20077	-0.0195394	-0.0467328	4.03106	1.80009	0.446555	1.39775	-2.5948	3.95847	1.8797	0.474855	3.23224	1.00436	0.460577	0.306192	0.0192378
20078	0.0280927	-0.0265327	3.95376	1.75233	0.443205	1.38985	-2.58195	4.32205	1.93601	0.447939	3.52146	0.927197	0.445677	0.306924	0.0194156
20079	-0.0412418	-0.0148206	3.98741	1.8166	0.455583	1.37231	-2.6331	3.99565	1.96718	0.49233	3.43091	0.999063	0.473975	0.311851	0.0199118
20080	0.102477	0.0959296	3.97096	1.92589	0.484994	1.31522	-2.68646	4.34178	2.08419	0.480031	5.26377	0.735373	0.482401	0.325636	0.0200252
20081	0.196743	0.114658	3.74445	1.86559	0.498228	1.37554	-2.66394	3.59678	2.00731	0.558085	5.55617	0.694776	0.527555	0.332721	0.0200932
20082	0.135594	0.109573	3.59695	1.75583	0.488142	1.42011	-2.64155	4.15957	1.98549	0.47733	4.58717	0.824984	0.482344	0.335991	0.0202301
20083	0.140179	0.0833488	4.10482	1.9571	0.476781	1.37428	-2.63477	3.71813	1.86271	0.500981	4.85101	0.761507	0.488282	0.326048	0.020425
20084	0.088189	0.12191	3.80151	1.86251	0.489941	1.38157	-2.61165	4.04647	1.99587	0.493237	4.46687	0.836418	0.49164	0.326329	0.0207612
20085	0.227168	0.183819	3.99356	1.92633	0.482358	1.40578	-2.59531	3.91688	1.9903	0.508133	5.56005	0.694558	0.495121	0.330317	0.0212331
20086	0.0747703	0.132313	3.63717	1.833	0.503962	1.25619	-2.66524	3.81453	1.91263	0.501408	5.60724	0.697873	0.502655	0.343239	0.0214434
20087	0.125443	0.128731	3.87408	1.95911	0.505695	1.26864	-2.73121	4.009	2.02778	0.505806	6.25853	0.653451	0.505752	0.339124	0.0215853
20088	0.198452	0.158656	3.88429	1.88093	0.484239	1.23327	-2.77448	4.11915	2.11863	0.514337	8.03408	0.535425	0.499729	0.349819	0.021881
20089	0.298859	0.245997	4.21798	2.07375	0.491644	1.33698	-2.73576	3.98724	2.08733	0.523501	8.24988	0.538849	0.507125	0.348295	0.0221976
20090	0.306865	0.255806	4.35159	2.17988	0.500938	1.22711	-2.78402	3.99214	2.07494	0.519757	10.9117	0.423424	0.509942	0.352003	0.0224933
20091	0.271061	0.283339	3.94394	2.07732	0.526711	1.2598	-2.71268	4.476	2.15911	0.482375	9.18168	0.488806	0.503142	0.34639	0.0228797
20092	0.182675	0.247782	4.0533	1.95493	0.482306	1.20502	-2.76586	4.41694	2.17331	0.492041	8.68938	0.522594	0.487382	0.354951	0.0230977
20093	0.171291	0.184216	3.96013	1.85396	0.468155	1.17694	-2.7716	3.97233	2.13562	0.537624	8.63892	0.505669	0.502943	0.353902	0.0233716
20094	0.126057	0.174682	4.06841	2.04206	0.501932	1.1256	-2.78839	4.16451	2.14895	0.516014	8.78791	0.499539	0.509055	0.343828	0.0237212
20095	0.132698	0.108042	3.80114	1.98492	0.522191	1.22418	-2.82039	4.01433	1.92799	0.480278	7.19837	0.595669	0.500663	0.354082	0.0237492
20096	0.115069	0.172608	4.31836	1.93344	0.447726	1.17879	-2.81569	3.76006	1.85652	0.493747	7.89214	0.56575	0.469146	0.370811	0.0240151
20097	0.133538	0.169407	3.76387	1.84238	0.48949	1.23232	-2.77701	4.058	2.03373	0.501166	7.19063	0.603661	0.495548	0.359061	0.0243169
20098	0.259369	0.250611	3.6577	1.83807	0.502522	1.20011	-2.79829	4.02732	1.90222	0.472328	10.5039	0.442492	0.486699	0.383341	0.0246549
20099	0.30736	0.318382	3.74989	1.8268	0.487162	1.23585	-2.79471	4.03406	2.11047	0.523162	11.2417	0.431044	0.505819	0.381061	0.0250303
20100	0.12888	0.225802	4.06534	1.79203	0.440807	1.29881	-2.77441	4.38183	2.09211	0.477451	6.57634	0.68437	0.459816	0.366949	0.0253971
20101	0.155814	0.221915	4.03644	2.0072	0.497269	1.0478	-2.8685	4.23299	2.06831	0.488617	12.0037	0.397823	0.49284	0.369542	0.0256072
20102	0.254669	0.348406	3.96269	1.85184	0.46732	1.11789	-2.85307	4.06322	1.9424	0.478043	13.7548	0.372577	0.472749	0.403223	0.0257205
20103	0.289249	0.302055	3.91165	1.86047	0.475623	1.19195	-2.84246	3.83862	1.97289	0.513957	12.1345	0.407432	0.494609	0.392166	0.0258467
20104	0.208793	0.21977	3.82824	1.90384	0.497315	1.18413	-2.9329	3.72812	1.80941	0.485342	10.4484	0.475641	0.491408	0.401024	0.0261207
20105	0.343142	0.311656	3.98901	1.91327	0.479636	0.990494	-2.95073	4.10513	1.86075	0.453274	25.3975	0.209532	0.466266	0.413621	0.0262697
20106	0.309839	0.339823	3.89575	1.85209	0.475413	1.12403	-2.89102	3.83335	1.7842	0.465442	15.7462	0.331457	0.470468	0.417932	0.0266131
20107	0.344824	0.317656	3.95077	1.97963	0.501076	1.06116	-2.89465	3.62185	1.83345	0.506219	20.1098	0.256565	0.503536	0.403657	0.0267237
20108	0.22604	0.302551	4.17099	1.93175	0.46314	1.09948	-2.93786	4.31325	1.96254	0.455002	13.7638	0.381446	0.459003	0.402778	0.0268625
20109	0.227709	0.269953	3.8006	1.74925	0.460256	1.07036	-2.89468	4.14351	1.9817	0.478265	14.1042	0.355032	0.469649	0.401701	0.027082
20110	0.191987	0.196988	3.91241	1.84504	0.471586	1.10603	-2.88463	3.95385	1.95691	0.494938	11.3665	0.417737	0.483323	0.384522	0.0272779
20111	0.116575	0.151037	3.67249	1.90653	0.519138	1.02879	-2.95323	3.87256	2.1252	0.548783	11.5803	0.416071	0.534354	0.374154	0.0276891
20112	0.1617	0.0942357	3.82964	1.91549	0.500176	1.0733	-2.91137	3.89169	2.05234	0.527364	10.8707	0.415505	0.513879	0.362841	0.0281224
20113	0.121348	0.133137	3.98912	1.88615	0.472823	1.21963	-2.84521	4.09626	1.92883	0.470876	7.35397	0.603113	0.471836	0.367724	0.0284118
20114	0.210836	0.172194	3.98605	1.92968	0.48411	1.19486	-2.80805	4.06266	1.94056	0.477658	9.17262	0.48415	0.480853	0.364681	0.0286402
20115	0.262236	0.204522	4.08591	2.02027	0.494447	1.1378	-2.82588	3.80134	1.99654	0.52522	11.9791	0.383306	0.509278	0.363804	0.0290091
20116	0.136574	0.164175	3.99403	1.90983	0.478172	1.18434	-2.83579	3.78487	2.09536	0.553614	8.19795	0.548904	0.514879	0.359811	0.0293585
20117	0.209278	0.189462	3.83906	1.91628	0.499153	1.26684	-2.77495	3.52127	1.98685	0.564245	7.85713	0.55922	0.530294	0.360264	0.0297958
20118	0.236343	0.212153	3.85315	1.9965	0.518149	1.2987	-2.72531	4.04359	1.99086	0.49235	7.64552	0.564296	0.504938	0.351185	0.030044
20119	0.193986	0.235172	3.85388	1.92564	0.499663	1.30623	-2.69098	3.96337	2.0621	0.520289	6.92144	0.61854	0.51012	0.349408	0.0302561
20120	0.231474	0.234519	3.84892	1.91592	0.497782	1.424	-2.63595	3.86212	1.94013	0.50235	5.79388	0.711061	0.50007	0.348307	0.0305382
20121	0.219106	0.191978	3.74749	1.79747	0.479646	1.24518	-2.67308	3.92931	1.8773	0.477769	7.79669	0.526413	0.478685	0.358448	0.0308679
20122	0.245848	0.230754	4.03062	1.95257	0.484434	1.41752	-2.66221	4.17764	1.94276	0.465037	6.0964	0.686406	0.474562	0.349551	0.031114
20123	0.0778916	0.1758	4.13127	1.96087	0.474641	1.36051	-2.63989	3.78222	1.85224	0.489723	4.81921	0.822549	0.48185	0.342127	0.0314772
20124	0.234628	0.165345	3.88639	1.84385	0.474438	1.36464	-2.61142	4.20574	1.89534	0.450655	6.03822	0.638469	0.462077	0.340271	0.0317146
20125	0.268858	0.231157	3.7729	1.77932	0.471604	1.35029	-2.68967	3.70236	1.94512	0.525371	7.29478	0.584748	0.498234	0.364248	0.0317852
20126	0.217905	0.193931	3.70252	1.8829	0.508544	1.306	-2.71835	3.81522	2.03191	0.532579	7.1636	0.591977	0.520742	0.351446	0.031907
20127	0.202261	0.255265	3.80083	1.96081	0.51589	1.20276	-2.75185	4.03389	2.08606	0.517133	9.03377	0.500498	0.51653	0.358525	0.0321676
20128	0.203813	0.217596	3.77243	1.95698	0.518759	1.21149	-2.75741	4.36252	2.14098	0.490766	8.71627	0.507709	0.503747	0.350739	0.0323713
20129	0.273539	0.256358	3.89563	1.85238	0.475501	1.24886	-2.76671	4.00999	1.98621	0.495315	9.60716	0.47563	0.485551	0.373237	0.0324429
20130	0.205659	0.22793	3.77899	1.74741	0.462402	1.18809	-2.83348	4.01231	1.8819	0.469032	9.71042	0.482586	0.465817	0.392435	0.0329006
20131	0.258758	0.212389	3.78385	1.87182	0.494687	1.18857	-2.79307	3.82247	1.86674	0.488358	10.448	0.432274	0.491507	0.376687	0.0329763
20132	0.2893	0.207431	4.1286	1.92579	0.466451	1.26951	-2.74473	4.05111	1.96549	0.485175	9.07073	0.480405	0.475724	0.359057	0.0330748
20133	0.224073	0.161042	3.85767	1.75341	0.454526	1.32421	-2.69821	3.92034	1.95122	0.497717	6.75478	0.605153	0.476296	0.355659	0.0330115
20134	0.0599011	0.116876	3.49619	1.74464	0.499013	1.28695	-2.73436	3.86918	1.8739	0.484313	5.39939	0.752819	0.491291	0.35977	0.0330122
20135	0.11615	0.115116	3.81025	1.8452	0.484272	1.25316	-2.76608	3.81347	1.8462	0.484124	6.42116	0.6464	0.484198	0.359994	0.0333254
20136	0.0876734	0.0599518	3.60741	1.86879	0.51804	1.24305	-2.72582	3.75363	1.94352	0.517772	5.81364	0.667443	0.517903	0.337383	0.0334429
20137	0.0558649	0.070424	4.04088	1.76967	0.437941	1.27479	-2.73567	3.60794	1.84561	0.51154	5.29967	0.742893	0.472658	0.352659	0.03356
20138	0.0825974	0.0640687	3.84153	1.75916	0.457932	1.16037	-2.80877	3.90532	1.82638	0.467665	7.10505	0.580798	0.462839	0.365377	0.0339805
20139	0.143243	0.16704	3.64283	1.77006	0.485902	1.14067	-2.8102	3.83234	1.81531	0.473681	8.90977	0.497431	0.479637	0.382097	0.0343095
20140	0.152591	0.176984	3.94096	1.95657	0.49647	1.17014	-2.84327	4.12012	1.93106	0.468691	8.80995	0.517708	0.482272	0.369838	0.0344688
20141	0.268868	0.206679	3.86608	1.83904	0.475686	1.05379	-2.8545	3.7038	1.85752	0.501518	15.2097	0.308055	0.488325	0.388032	0.034828
20142	0.246438	0.235467	3.98467	1.74026	0.436739	1.20763	-2.83959	4.00185	1.98672	0.496451	10.2349	0.461948	0.466659	0.388233	0.0351122
20143	0.23696	0.28562	3.68826	1.80609	0.489687	1.1955	-2.79703	4.15755	1.96493	0.472617	10.3426	0.459397	0.480641	0.386616	0.0354835
20144	0.26167	0.251593	3.88834	1.90308	0.489432	1.22215	-2.77108	4.1796	2.00688	0.480161	9.90392	0.46126	0.484629	0.368877	0.0360174
20145	0.237103	0.216187	4.01472	1.86464	0.464451	1.26757	-2.68666	3.81009	2.00978	0.527488	7.93562	0.530931	0.495145	0.352332	0.0361504
20146	0.24033	0.175268	3.94907	2.05038	0.519204	1.32963	-2.68854	4.05485	2.06762	0.509913	6.91184	0.593286	0.514497	0.332509	0.0365457
20147	0.0771838	0.106552	4.05103	1.83515	0.453008	1.36228	-2.71312	3.95304	1.97398	0.499357	4.81424	0.825734	0.475899	0.343001	0.0366704
20148	0.0143383	0.0556443	3.73717	1.8155	0.485797	1.34262	-2.65918	4.33664	2.02461	0.466862	4.17733	0.882173	0.475627	0.324352	0.0370564
20149	0.049447	0.0314733	4.09111	1.94282	0.474888	1.31999	-2.69656	4.02232	2.0787	0.516791	4.61022	0.80714	0.495662	0.316416	0.0373447
20150	0.100376	0.0603701	3.8762	2.01513	0.519872	1.29874	-2.68518	4.04226	2.08186	0.515025	5.24906	0.718036	0.517397	0.315164	0.0378083
20151	0.0882567	0.131562	3.95917	2.03552	0.514129	1.24657	-2.66207	4.18217	2.07514	0.496188	5.81684	0.670844	0.504913	0.321978	0.037797
20152	0.0880396	0.134243	3.98246	1.92091	0.482343	1.20129	-2.77947	4.03085	2.19675	0.544985	6.85025	0.619663	0.513853	0.34024	0.0381489
20153	0.187991	0.1506	3.78812	1.83469	0.484327	1.15727	-2.8229	4.12975	2.0228	0.489811	9.41112	0.469746	0.487187	0.364396	0.0382808
20154	0.19324	0.165614	3.78996	1.89762	0.500697	1.18462	-2.76893	4.31698	2.10343	0.487244	8.76187	0.491421	0.493533	0.349953	0.0382484
20155	0.0852788	0.0930861	4.09945	2.09427	0.510866	1.22085	-2.79443	4.2636	1.94688	0.456629	6.4658	0.64476	0.483215	0.340396	0.0384096
20156	0.19726	0.140872	4.01074	1.95957	0.48858	1.23031	-2.79035	3.61774	1.82893	0.505545	8.05106	0.533598	0.496626	0.361946	0.0386588
20157	0.119844	0.131342	4.12897	1.90023	0.460218	1.1681	-2.85396	3.91469	1.91096	0.48815	8.11044	0.549418	0.473812	0.369042	0.0388612
20158	0.230813	0.140364	3.9339	1.86802	0.474852	1.14408	-2.89394	3.957	1.91792	0.48469	11.0387	0.417031	0.479785	0.378217	0.0392834
20159	0.126403	0.0692843	3.61571	1.81903	0.503091	1.09771	-2.908	4.15449	2.03605	0.490085	9.39565	0.471719	0.496137	0.365131	0.0392343
20160	0.0196444	0.0676483	3.78779	1.69058	0.446324	1.13766	-2.86315	4.00544	1.85735	0.463705	6.87193	0.624977	0.455257	0.377163	0.0391308
20161	0.147263	0.157751	3.7763	1.7717	0.469163	1.19959	-2.89676	3.79415	1.94895	0.513674	8.4253	0.553693	0.491471	0.385456	0.0391707
20162	0.172697	0.146674	3.97343	1.93179	0.486176	1.16342	-2.88334	3.66834	1.89248	0.515894	9.35373	0.490766	0.500442	0.375188	0.0394613
20163	0.0852331	0.0988962	3.83408	1.87033	0.487818	1.12348	-2.82623	3.73775	2.03836	0.545345	7.93759	0.538976	0.516216	0.353812	0.0399744
20164	0.17918	0.128333	3.95226	1.96929	0.49827	1.168	-2.77919	3.97059	1.97422	0.497211	8.646	0.48888	0.497739	0.34904	0.0402719
20165	0.137038	0.0881839	3.84574	1.92501	0.500557	1.16769	-2.77397	4.07039	2.02915	0.498515	7.71184	0.531127	0.499507	0.341321	0.0406226
20166	0.100639	0.123396	3.88004	1.74026	0.448517	1.23614	-2.7535	4.2093	1.97442	0.469062	6.41909	0.644681	0.459208	0.35786	0.0409509
20167	0.0431248	0.0849072	3.71272	1.81297	0.488315	1.32485	-2.68493	3.44782	1.81762	0.52718	4.67004	0.821405	0.507029	0.345786	0.0412386
20168	0.00403961	0.0103728	3.84889	1.83334	0.476329	1.26083	-2.7061	3.81679	1.79207	0.469524	4.67179	0.789764	0.472941	0.337357	0.0415918
20169	-0.059029	0.056243	4.02616	2.11702	0.525816	1.38214	-2.67058	3.94441	1.88447	0.477757	3.58	1.03849	0.502033	0.317304	0.041432
20170	0.0904015	0.0994347	3.82659	1.9874	0.519367	1.40441	-2.70769	3.79575	1.79169	0.472025	4.56379	0.863315	0.495792	0.342775	0.0414106
20171	0.0806101	0.0721458	3.82595	2.00821	0.524893	1.35393	-2.71361	3.94117	1.75796	0.446051	4.78643	0.810669	0.484887	0.340107	0.0416802
20172	0.118361	0.0799243	4.05436	1.8521	0.456817	1.22276	-2.73329	3.84457	1.8872	0.490873	6.48865	0.609849	0.473393	0.346144	0.0417001
20173	-0.0153036	0.027031	3.80078	1.91122	0.502851	1.2819	-2.74994	4.00487	1.98416	0.495436	4.5828	0.841363	0.499047	0.331178	0.0422899
20174	0.0368064	0.0513331	4.10261	1.94309	0.473625	1.25378	-2.74598	3.84809	1.91557	0.497798	5.28349	0.740512	0.485324	0.33653	0.0424338
20175	0.0371141	0.000668916	4.27954	1.91687	0.447915	1.27737	-2.69647	3.95673	1.84978	0.467502	4.72915	0.769117	0.457324	0.325722	0.0428346
20176	0.0171594	-0.0090326	3.83963	1.9535	0.508774	1.39658	-2.66146	3.84764	1.92116	0.499308	3.69737	0.951401	0.504036	0.312318	0.0429872
20177	-0.0117667	-0.0361669	4.09781	1.96148	0.478665	1.28349	-2.65513	4.19713	1.94425	0.463233	4.08832	0.838849	0.470857	0.305195	0.0434065
20178	0.0363966	0.0149094	3.88326	1.96242	0.505354	1.27783	-2.68837	3.69467	1.89609	0.513197	4.74172	0.77058	0.509178	0.321444	0.0436739
20179	0.0373884	0.0541503	3.98057	1.99918	0.502233	1.27226	-2.73447	3.88419	1.99531	0.513699	5.09961	0.76245	0.507896	0.327478	0.0439586
20180	0.0615813	0.0573366	3.93013	1.90471	0.484643	1.2586	-2.71006	3.78955	1.95914	0.516983	5.34492	0.716426	0.500519	0.331448	0.0443768
20181	0.0661065	0.0170079	4.20971	1.95149	0.463569	1.27953	-2.7415	3.74283	1.99393	0.532734	5.16801	0.736199	0.496122	0.325421	0.044569
20182	0.00861314	0.00714303	3.73725	1.83201	0.490203	1.31827	-2.7343	3.78621	1.93409	0.510826	4.38171	0.8576	0.500581	0.332951	0.0451066
20183	0.093313	0.0647505	4.03629	1.94269	0.481305	1.26084	-2.74793	3.85055	1.93139	0.501588	5.80366	0.681565	0.491207	0.338088	0.0448834
20184	0.107443	0.16161	3.90411	1.94352	0.497814	1.21136	-2.78961	3.80533	1.84138	0.483896	7.14706	0.60932	0.490944	0.365313	0.0452486
20185	0.129999	0.173033	3.94581	1.79163	0.45406	1.22697	-2.77691	4.12488	2.00801	0.486805	7.2316	0.601675	0.470796	0.364211	0.0456381
20186	0.132146	0.139776	3.65323	1.70725	0.467327	1.15647	-2.7786	3.97878	1.76873	0.44454	8.1173	0.524615	0.455448	0.379984	0.0456791
20187	0.181328	0.106141	3.95337	1.91025	0.483196	1.10147	-2.82765	4.19115	1.91767	0.457552	10.1661	0.423327	0.47	0.359963	0.0459613
20188	0.0110261	0.0660039	3.90401	1.88371	0.482507	1.13491	-2.8528	4.15314	1.83589	0.442049	6.74478	0.631554	0.461653	0.364226	0.0459451
20189	0.0306334	0.0890705	4.04253	1.83169	0.453103	1.18335	-2.86826	4.07033	1.83435	0.450663	6.58189	0.664382	0.451879	0.37371	0.0459962
20190	0.0927447	0.11102	3.65598	1.67029	0.456867	1.22644	-2.79661	3.50812	1.74629	0.497787	6.57783	0.642635	0.476904	0.382308	0.046262
20191	0.144409	0.135324	3.76936	1.73492	0.46027	1.22983	-2.76155	4.17037	1.814	0.434972	7.123	0.58907	0.446982	0.371644	0.0463111
20192	0.171411	0.135196	3.89431	1.98395	0.509448	1.32687	-2.7556	3.82802	1.76561	0.461234	6.25925	0.667547	0.485548	0.357927	0.0461964
20193	0.0461765	0.0714727	3.86982	1.93552	0.500156	1.23277	-2.73957	3.68462	1.82547	0.49543	5.61217	0.704	0.497851	0.344486	0.0464052
20194	0.105342	0.0642886	3.72153	1.87582	0.504046	1.29417	-2.78056	3.84192	1.78078	0.463514	5.72641	0.706653	0.483458	0.356334	0.0466419
20195	0.00219224	0.0361986	3.83143	1.77333	0.462837	1.2531	-2.77653	3.59069	1.89519	0.527805	5.05597	0.782386	0.494267	0.350402	0.0467103
20196	0.0304542	0.067817	3.85549	1.88145	0.487992	1.21794	-2.78494	4.10614	2.01113	0.489786	5.77131	0.705057	0.488918	0.343374	0.0468815
20197	0.123132	0.0652427	3.67217	1.94301	0.529119	1.32568	-2.73759	4.07216	1.94767	0.478289	5.43237	0.723062	0.502391	0.335566	0.0470417
20198	0.0774008	0.0867726	4.19103	1.97942	0.472298	1.39889	-2.64281	3.84447	1.89024	0.491679	4.26647	0.87316	0.481571	0.325049	0.0472873
20199	0.0310405	0.0880955	3.79023	1.78589	0.471184	1.29684	-2.69788	3.94505	2.04321	0.517918	4.84422	0.801128	0.495018	0.336434	0.04747
20200	0.0188481	0.0710865	3.75653	1.88196	0.500984	1.36424	-2.63759	3.92343	1.98238	0.505267	4.05338	0.905035	0.503173	0.321984	0.0476669
20201	0.0582616	0.0430624	4.053	1.92157	0.47411	1.40151	-2.5429	4.05577	1.8824	0.46413	3.7062	0.902164	0.469118	0.305415	0.047758
20202	0.0989989	0.0462668	3.79408	1.82178	0.480165	1.49167	-2.49271	3.89228	1.93679	0.497598	3.32369	0.969761	0.488993	0.300206	0.047939
20203	0.00575509	0.012558	3.83505	1.86859	0.48724	1.52136	-2.45838	3.94279	2.02724	0.514164	2.65799	1.14853	0.500889	0.281608	0.0483632
20204	-0.0277435	0.0312416	4.06762	1.91505	0.470803	1.39142	-2.50692	4.06121	2.09952	0.51697	3.1987	1.00701	0.493868	0.286419	0.0487754
20205	0.00458628	-0.0785346	3.92645	1.78619	0.454912	1.55582	-2.47362	3.97943	2.17653	0.546946	2.38391	1.20316	0.501237	0.26583	0.0493152
20206	-0.0932752	-0.0204982	3.77971	1.83183	0.484648	1.48117	-2.49945	3.90532	1.92454	0.4928	2.47901	1.23944	0.488791	0.290372	0.0494786
20207	0.0795459	0.084152	3.56074	1.79654	0.50454	1.50558	-2.49625	3.84674	1.87736	0.488039	3.27426	1.01679	0.495971	0.31192	0.0495523
20208	0.0910251	0.0968383	4.04764	1.91898	0.474098	1.55575	-2.43013	3.92617	1.98601	0.505838	2.97637	1.07271	0.489726	0.290283	0.0499126
20209	0.142296	0.106802	3.38576	1.72672	0.509995	1.54627	-2.49286	4.07409	1.98242	0.486593	3.42856	0.985578	0.497214	0.313064	0.0503174
20210	0.0522667	0.0739	3.68204	1.71502	0.465778	1.65367	-2.40037	3.95885	1.92663	0.486663	2.3872	1.28225	0.476599	0.296016	0.0509279
20211	0.0705563	0.0929172	3.86248	1.80183	0.466497	1.54509	-2.3828	4.05899	2.10939	0.519683	2.81898	1.08713	0.49375	0.281591	0.0511258
20212	0.190282	0.135494	3.92013	1.84392	0.470373	1.66953	-2.36172	3.89447	2.07565	0.532973	2.84988	1.09409	0.50157	0.284667	0.0513381
20213	0.195851	0.221866	3.50147	1.743	0.497791	1.71675	-2.37268	3.77765	1.86046	0.492491	2.9102	1.15657	0.49504	0.318459	0.0514406
20214	0.300982	0.311412	3.73533	1.71324	0.458657	1.72268	-2.29128	3.98759	1.98311	0.497322	3.35141	1.01062	0.478621	0.31431	0.0515336
20215	0.270276	0.266388	4.02764	1.82862	0.454018	1.65991	-2.36051	4.24966	2.10573	0.495506	3.57342	0.965544	0.475318	0.304929	0.0514381
20216	0.313613	0.315938	3.64523	1.76138	0.483201	1.60368	-2.37541	3.6724	1.88892	0.514356	4.35227	0.832137	0.498837	0.331697	0.0516741
20217	0.297473	0.314857	3.72585	1.77759	0.477096	1.6834	-2.37781	4.16904	1.94653	0.466902	3.7747	0.960401	0.471713	0.32749	0.0519358
20218	0.401422	0.369063	4.00059	1.89712	0.47421	1.5905	-2.40225	4.13205	1.9558	0.473325	5.43189	0.706952	0.47376	0.332703	0.0523944
20219	0.349518	0.402558	3.88652	1.7662	0.454443	1.52451	-2.44654	4.13221	2.07236	0.501515	5.87959	0.690299	0.4787	0.34595	0.0525394
20220	0.367998	0.362345	3.64588	1.78501	0.489598	1.47562	-2.4721	3.88336	1.87009	0.481564	6.54869	0.613412	0.485454	0.35475	0.052621
20221	0.189683	0.23635	3.81654	1.8393	0.481928	1.51742	-2.50372	3.94848	1.92804	0.488301	4.25889	0.881448	0.485169	0.332656	0.0532037
20222	0.351469	0.280519	3.97965	1.83649	0.461471	1.43253	-2.55999	3.97596	1.97547	0.496853	6.90386	0.584344	0.479154	0.346157	0.0534678
20223	0.285592	0.256924	3.87345	1.92902	0.49801	1.4516	-2.53344	4.18665	1.92153	0.458966	5.7269	0.679785	0.47773	0.33589	0.0537228
20224	0.232959	0.216122	3.98707	2.00351	0.502503	1.60235	-2.50242	4.02958	1.99246	0.494457	3.94108	0.937622	0.498459	0.316287	0.0536567
20225	0.258399	0.284188	3.86425	2.06805	0.535175	1.48539	-2.47401	4.02342	1.89049	0.469871	5.05321	0.752754	0.501864	0.324643	0.0539703
20226	0.300655	0.297838	3.94577	1.88008	0.476481	1.54517	-2.5089	4.18104	2.11854	0.506703	5.0863	0.774412	0.492029	0.330108	0.0542502
20227	0.10514	0.162214	3.98511	1.84297	0.462464	1.36062	-2.66279	3.80333	2.01393	0.529516	5.06313	0.788112	0.495207	0.341045	0.0546537
20228	0.0696576	0.0899358	3.70386	1.81906	0.491127	1.32594	-2.6862	4.27112	1.97965	0.463497	4.88322	0.789122	0.476329	0.336632	0.0548792
20229	0.0313654	0.0874905	3.8077	1.74769	0.458988	1.41806	-2.64026	3.90962	1.88815	0.482949	3.86945	0.961455	0.471127	0.338568	0.0550951
20230	0.0737121	0.100892	3.81041	1.71979	0.45134	1.30504	-2.69899	3.89417	1.97622	0.50748	5.17046	0.758089	0.479715	0.346629	0.0551974
20231	0.0482343	0.0519142	3.646	1.93272	0.530094	1.32431	-2.69205	4.01249	2.15505	0.537084	4.62387	0.81418	0.533757	0.315401	0.0555285
20232	-0.0284418	0.00358966	3.98803	1.85255	0.464529	1.23879	-2.70874	4.15554	1.98575	0.477856	4.58114	0.802935	0.471329	0.324052	0.0559062
20233	-0.102918	-0.0473476	3.88973	1.91893	0.493331	1.30955	-2.67766	3.95402	1.98565	0.502184	3.46781	0.997534	0.497794	0.307094	0.0561063
20234	-0.102533	-0.105428	3.87219	1.84659	0.476884	1.28066	-2.66596	3.74558	1.91886	0.512299	3.42684	0.956616	0.494297	0.303385	0.0563531
20235	-0.0842858	-0.0472835	3.76314	1.71722	0.456327	1.3661	-2.63788	3.7713	1.98396	0.526067	3.19032	1.05181	0.491235	0.312025	0.0563138
20236	0.0118345	-0.00923833	3.833	1.79844	0.4692	1.39666	-2.62712	4.08009	2.03863	0.499653	3.57363	0.958871	0.484902	0.308792	0.0568303
20237	-0.0191547	0.0105801	3.87602	1.79275	0.462522	1.34624	-2.64578	4.03919	2.06473	0.511173	3.78494	0.932152	0.487349	0.313913	0.0573225
20238	-0.0133455	-0.0388713	3.81665	1.80969	0.474157	1.27012	-2.73239	3.9042	1.89088	0.48432	4.40424	0.823642	0.479296	0.329028	0.0574881
20239	-0.0892855	-0.0628976	3.77848	1.7915	0.474132	1.26318	-2.73515	3.83197	1.92927	0.503466	3.90394	0.91458	0.488902	0.324344	0.0578969
20240	-0.15173	-0.108837	3.5762	1.80984	0.506078	1.27544	-2.78723	4.30818	2.10572	0.488772	3.52207	1.01841	0.496622	0.314252	0.0583046
20241	-0.108287	-0.127125	4.00761	2.04878	0.511222	1.13743	-2.84816	3.8712	1.86703	0.482287	4.77125	0.775902	0.497005	0.321085	0.0587992
20242	-0.102597	-0.0908556	4.02423	1.91837	0.476706	1.11842	-2.87874	3.77429	1.88141	0.498482	5.2132	0.745445	0.487245	0.338458	0.0589199
20243	-0.0452216	-0.0829274	3.80954	1.76458	0.463201	1.1589	-2.87714	3.68915	1.76999	0.479784	5.38493	0.724952	0.471359	0.355881	0.0589323
20244	-0.152656	-0.131519	3.75594	1.82437	0.48573	1.08567	-2.8926	4.25341	1.97874	0.465213	4.97155	0.76672	0.474834	0.333951	0.0588773
20245	-0.0484195	-0.103248	3.97376	1.93985	0.488165	1.07502	-2.83648	4.28633	2.01729	0.470632	5.91909	0.631056	0.479067	0.320746	0.0592038
20246	-0.108985	-0.118325	3.98011	1.94521	0.488734	1.25867	-2.7951	4.24957	2.00236	0.471192	3.83064	0.935236	0.479676	0.312239	0.0598718
20247	-0.141506	-0.193377	3.83338	1.93345	0.504373	1.1255	-2.78356	4.01191	1.98875	0.495711	4.17927	0.802656	0.499943	0.299644	0.0598498
20248	-0.221762	-0.200396	3.67165	1.83349	0.499365	1.18291	-2.82176	3.96417	1.84383	0.465123	3.48262	0.98655	0.481588	0.318519	0.0603743
20249	-0.194357	-0.227954	3.73963	2.01461	0.538721	1.09952	-2.81078	4.11439	1.95275	0.474614	3.98478	0.83706	0.505138	0.296061	0.0605074
20250	-0.193298	-0.308559	3.9138	1.84386	0.471116	1.20951	-2.81442	3.65691	1.74799	0.477997	3.19093	0.983939	0.47444	0.304239	0.0609716
20251	-0.404381	-0.37399	3.67004	1.75542	0.478312	1.19046	-2.86726	3.61391	1.77862	0.492159	2.44401	1.27176	0.485182	0.305542	0.0612825
20252	-0.312703	-0.313977	4.06654	1.81698	0.446812	1.11578	-2.86005	3.51919	1.86209	0.529123	3.17679	1.02029	0.484998	0.305902	0.0615173
20253	-0.266984	-0.272168	3.79321	1.93719	0.510699	1.23253	-2.79488	3.7685	1.90717	0.506081	2.83032	1.12426	0.508398	0.292818	0.0615795
20254	-0.173357	-0.213109	4.01808	1.97227	0.490849	1.25752	-2.69707	3.90802	2.02309	0.517677	3.01359	1.02371	0.504077	0.278639	0.06162
20255	-0.216162	-0.234618	4.0488	1.89409	0.467814	1.29543	-2.7503	4.37415	2.07974	0.475462	2.76975	1.14246	0.471786	0.284869	0.0616995
20256	-0.21395	-0.229524	3.95451	1.90887	0.482707	1.16115	-2.80048	4.15694	2.14191	0.515261	3.49559	0.945448	0.49939	0.289842	0.0618464
20257	-0.145546	-0.138857	4.06406	1.9844	0.48828	1.12441	-2.86271	3.90196	1.97847	0.507045	4.60032	0.806397	0.497471	0.318935	0.0623504
20258	-0.107142	-0.120486	4.05547	2.04424	0.504071	1.13863	-2.8359	3.95818	1.94294	0.490868	4.7511	0.775974	0.497549	0.316264	0.0624375
20259	-0.063797	-0.109254	4.43618	1.97581	0.445386	1.22093	-2.85039	4.10308	2.01518	0.491138	4.55239	0.825264	0.46737	0.320149	0.0626052
20260	-0.168849	-0.158134	3.8012	1.89587	0.498754	1.11472	-2.86155	4.03077	2.01627	0.50022	4.43596	0.823775	0.499509	0.318463	0.0624267
20261	-0.111154	-0.169039	3.65195	1.80041	0.493	1.2146	-2.7636	4.02205	2.00176	0.497697	3.83004	0.878807	0.495462	0.306925	0.0624602
20262	-0.128022	-0.129852	3.87779	1.7003	0.438471	1.17425	-2.82847	3.95408	1.88635	0.477065	4.29418	0.847953	0.457956	0.336811	0.062542
20263	-0.00123218	-0.0947289	3.57943	1.78292	0.498102	1.21347	-2.88849	3.88209	1.78593	0.460042	5.28977	0.737755	0.4783	0.353598	0.0627933
20264	-0.0962317	-0.11411	3.89155	1.69571	0.435743	1.05702	-2.95362	3.90672	1.96956	0.504147	6.06235	0.664991	0.470011	0.354931	0.0628652
20265	-0.0592069	-0.0841733	3.76801	1.80335	0.478596	1.10613	-2.88953	3.64471	1.90524	0.522741	5.7953	0.679001	0.500301	0.346744	0.063057
20266	-0.130227	-0.105852	3.69956	1.7638	0.476759	1.02279	-2.94924	3.94906	1.89624	0.480176	6.0814	0.66472	0.478523	0.355884	0.0635407
20267	-0.0318888	-0.0876436	3.55327	1.74081	0.489919	1.01868	-2.94714	4.11145	1.83444	0.446178	7.40842	0.551852	0.466456	0.363885	0.0639383
20268	-0.127003	-0.0953244	3.98258	1.85467	0.465696	1.04665	-2.91354	3.99561	1.7743	0.444062	5.76594	0.68873	0.454861	0.353764	0.0640735
20269	-0.0419749	-0.0597474	3.583	1.67086	0.466331	1.2198	-2.84822	3.74307	1.93041	0.515728	4.88391	0.796039	0.491569	0.350671	0.0644349
20270	-0.102198	-0.135926	4.08992	1.80811	0.442089	1.16947	-2.80772	3.74326	1.8318	0.489358	4.41426	0.808572	0.464678	0.329102	0.0643759
20271	-0.151254	-0.15955	4.0271	2.01632	0.500689	1.15002	-2.79719	3.77496	1.66192	0.440249	4.10863	0.846654	0.471445	0.321158	0.0646962
20272	-0.10318	-0.0934923	4.19224	1.92118	0.458271	1.18272	-2.83329	4.07355	1.86669	0.458248	4.53967	0.826766	0.45826	0.331406	0.0648735
20273	-0.00762121	-0.0868398	3.87437	1.81522	0.468522	1.11788	-2.83447	3.86539	1.88171	0.48681	5.95975	0.633372	0.477655	0.33809	0.0651715
20274	-0.185442	-0.095513	3.74784	1.85544	0.495068	1.126	-2.83486	3.74831	1.81019	0.482935	4.36307	0.859947	0.489001	0.338641	0.0653317
20275	-0.0850472	-0.0570157	3.68361	1.80675	0.490483	1.19104	-2.81757	3.99594	1.8033	0.451284	4.67985	0.814198	0.470086	0.345551	0.0654652
20276	-0.0256884	-0.044636	3.84297	1.80855	0.470614	1.26936	-2.77315	4.09529	2.02387	0.494195	4.43892	0.838581	0.482779	0.327002	0.0653943
20277	-0.16448	-0.109979	3.79045	1.76079	0.464533	1.30254	-2.74673	4.05296	2.06897	0.510484	3.23044	1.07608	0.488277	0.312275	0.06568
20278	-0.1682	-0.117773	3.79801	1.75608	0.462368	1.22515	-2.71051	3.94031	1.98998	0.505032	3.46256	0.970709	0.484092	0.309797	0.0660552
20279	-0.0830175	-0.0789186	3.66638	1.74598	0.476214	1.26176	-2.71756	3.893	1.95662	0.502598	3.85002	0.904208	0.489801	0.319885	0.0663379
20280	-0.111531	-0.0942794	3.82747	1.85191	0.483846	1.16959	-2.78641	4.38934	2.18866	0.498631	4.41583	0.820635	0.491744	0.309702	0.0664154
20281	-0.0185411	-0.119851	3.88386	1.88115	0.48435	1.17789	-2.84319	3.98315	1.93995	0.487039	5.18121	0.71572	0.485712	0.326818	0.0665897
20282	-0.0745522	-0.117833	3.63548	1.86333	0.51254	1.221	-2.81397	3.80525	1.991	0.523226	4.33088	0.839226	0.518005	0.320527	0.067155
20283	-0.157746	-0.128537	3.98277	1.82615	0.458512	1.21302	-2.77832	3.9301	1.98711	0.505613	3.73673	0.939505	0.481906	0.315329	0.0673271
20284	-0.109073	-0.136195	3.63858	1.8228	0.500964	1.24767	-2.77014	3.8654	2.09894	0.543007	3.76892	0.920378	0.522621	0.306748	0.067609
20285	-0.0832256	-0.16128	3.77211	1.87608	0.497357	1.33272	-2.73596	4.25561	2.04411	0.480334	3.30636	1.00246	0.488333	0.297237	0.0678108
20286	-0.245268	-0.191207	3.78715	1.81177	0.478399	1.31868	-2.64702	3.94482	1.79141	0.454118	2.46572	1.22297	0.466011	0.295109	0.0682088
20287	-0.169158	-0.159473	4.08888	2.01957	0.493916	1.28844	-2.73671	3.63446	1.94485	0.535113	3.12632	1.0623	0.513303	0.295314	0.0679913
20288	-0.138675	-0.125785	4.05039	1.94051	0.479092	1.38823	-2.65404	3.94922	1.93203	0.489219	2.74167	1.16572	0.484091	0.292215	0.0678954
20289	-0.0273011	-0.13693	3.68483	1.76586	0.479223	1.34546	-2.63898	4.02684	1.76488	0.438278	3.322	0.942243	0.457843	0.307235	0.0680927
20290	-0.122032	-0.096188	3.61521	1.85247	0.512411	1.39175	-2.65599	3.86554	1.88127	0.486676	2.85947	1.14577	0.499113	0.305054	0.0685174
20291	-0.042472	-0.0970517	3.91439	1.83137	0.467855	1.46087	-2.63583	3.9309	1.90458	0.484516	2.85187	1.13002	0.476203	0.301443	0.0686964
20292	-0.118939	-0.108585	3.65829	1.74465	0.476903	1.35998	-2.64466	4.25546	1.96058	0.460722	2.94058	1.0936	0.468202	0.302735	0.0687399
20293	-0.0458988	-0.124266	3.84847	1.77044	0.460037	1.28961	-2.66662	3.88835	1.96564	0.505519	3.62392	0.891794	0.482895	0.302031	0.0689784
20294	-0.195843	-0.166724	3.84683	1.86609	0.485098	1.34038	-2.68928	4.20315	1.9635	0.467151	2.69632	1.18	0.475727	0.293591	0.0693034
20295	-0.086778	-0.120611	3.8909	1.96168	0.504172	1.27682	-2.72021	4.12734	1.91755	0.464596	3.63446	0.929696	0.483801	0.303493	0.0691884
20296	-0.0670455	-0.103385	3.83525	1.83839	0.47934	1.2325	-2.73098	4.28865	1.91604	0.44677	4.08823	0.844408	0.462146	0.315055	0.069255
20297	-0.0424658	-0.085993	3.99094	1.78879	0.448212	1.28933	-2.78256	4.25324	1.95453	0.459538	4.09966	0.886841	0.454055	0.326996	0.069573
20298	-0.0636334	-0.0784455	3.46773	1.82776	0.527077	1.17441	-2.83589	4.20588	1.89198	0.449841	4.96068	0.766375	0.484745	0.338308	0.069781
20299	-0.124831	-0.159744	4.06123	1.81025	0.44574	1.22563	-2.81944	4.15306	1.97973	0.476692	3.87882	0.911875	0.461389	0.318271	0.0701408
20300	-0.179337	-0.130823	3.88022	1.88981	0.487037	1.28159	-2.69273	3.75858	1.87538	0.49896	3.07517	1.06715	0.492903	0.303626	0.0703662
20301	-0.093067	-0.0754728	3.71764	1.7507	0.470917	1.32202	-2.65623	3.8663	1.95918	0.506734	3.32603	1.00124	0.489176	0.309891	0.0702191
20302	-0.130004	-0.0567039	3.67246	1.74649	0.475563	1.28595	-2.69482	4.21045	2.11419	0.502129	3.47125	1.00247	0.489752	0.310773	0.0703459
20303	0.0305912	0.00020156	4.10756	1.70665	0.41549	1.29164	-2.68252	4.283	2.1511	0.502241	4.52569	0.795128	0.459773	0.318166	0.0709996
20304	0.0155053	0.00182783	3.7487	1.78405	0.475912	1.20547	-2.77321	3.949	2.05265	0.519791	5.43838	0.708009	0.498422	0.334238	0.0717449
20305	-0.0456816	-0.048806	3.87352	1.86421	0.481271	1.14727	-2.77888	4.24784	1.95531	0.460306	5.23729	0.711563	0.470306	0.327997	0.0716942
20306	-0.133039	-0.0275018	3.64633	1.83271	0.502616	1.16077	-2.8261	4.19264	2.04376	0.487464	4.6789	0.836965	0.494512	0.335708	0.0722116
20307	0.073413	-0.028977	3.38813	1.82971	0.540036	1.26469	-2.76877	3.96834	1.9235	0.484712	5.28946	0.709568	0.510192	0.333445	0.072604
20308	-0.0271334	-0.0408264	3.81868	1.88228	0.492913	1.24223	-2.78026	3.84669	1.87151	0.486526	4.65745	0.805643	0.489708	0.333353	0.0724949
20309	0.0376959	0.00614246	3.78625	1.67291	0.44184	1.2745	-2.75895	3.98907	2.00104	0.501631	4.99823	0.764844	0.472515	0.342333	0.0723987
20310	0.014991	-0.00279328	3.94155	1.752	0.444496	1.17151	-2.80523	4.10236	2.07382	0.505517	5.87173	0.668767	0.475617	0.339261	0.0725699
20311	0.0721901	0.0253017	4.09274	1.78702	0.43663	1.21816	-2.72985	4.18688	1.9742	0.471522	5.78025	0.656619	0.454274	0.33546	0.0727736
20312	-0.0191821	0.0318658	4.08556	1.97879	0.484337	1.30722	-2.68301	4.14363	2.06546	0.498465	4.18936	0.879672	0.491451	0.313114	0.0727726
20313	0.0858927	0.0479788	3.74615	1.97217	0.526453	1.25784	-2.70199	4.1276	1.99495	0.483319	5.50606	0.686728	0.503841	0.322861	0.0733585
20314	0.0898426	0.103581	3.93913	1.89632	0.481406	1.44571	-2.5816	3.67528	1.93545	0.526614	3.92202	0.919194	0.503227	0.320032	0.0737322
20315	-0.00346219	-0.0148588	4.1308	1.85463	0.448976	1.31871	-2.6611	3.9003	2.04856	0.525231	4.00573	0.874075	0.486009	0.309747	0.0740219
20316	-0.0244947	0.0215232	3.93145	1.79818	0.457383	1.41243	-2.6348	3.81091	1.93757	0.508426	3.4174	1.03237	0.482507	0.320853	0.0744672
20317	0.139945	0.0820599	3.79325	1.74601	0.460293	1.30489	-2.72779	3.95143	1.87164	0.473661	5.81774	0.678551	0.467114	0.353119	0.0744233
20318	-0.0286083	0.0799753	3.82094	1.78868	0.468127	1.31949	-2.69075	4.18994	1.98991	0.474926	4.22423	0.908678	0.471683	0.336948	0.0745021
20319	0.0237037	0.0589317	3.73511	1.79473	0.480504	1.38569	-2.64481	4.12022	2.15274	0.522481	3.94084	0.927497	0.502522	0.316567	0.0747151
20320	0.0002368	0.0434129	3.73457	1.75	0.468594	1.29198	-2.66692	4.33017	2.21515	0.511563	4.4024	0.834305	0.491665	0.316653	0.0751864
20321	-0.00724709	-0.0155516	3.7037	1.83364	0.495083	1.18794	-2.76386	4.25291	2.18327	0.513359	5.28761	0.714233	0.504852	0.319877	0.0752676
20322	0.0292242	-0.0631587	3.9266	1.7801	0.453343	1.33903	-2.69496	4.23152	2.1236	0.501853	4.03731	0.857799	0.478505	0.307384	0.0754825
20323	-0.113303	-0.0858883	3.70516	1.89553	0.511593	1.20326	-2.73655	3.8544	2.08459	0.540833	4.05347	0.866668	0.526501	0.306298	0.0758006
20324	-0.14264	-0.112665	4.21789	1.8994	0.450321	1.30138	-2.76002	3.93762	1.96179	0.498218	3.36109	1.04259	0.473447	0.312244	0.0762229
20325	-0.0996461	-0.094508	4.00557	1.9393	0.484151	1.20864	-2.78546	4.21836	1.95626	0.463749	4.23064	0.855805	0.473686	0.317379	0.0760258
20326	-0.147929	-0.135562	3.95864	2.00282	0.505936	1.19153	-2.80546	3.81988	1.87805	0.491652	3.97312	0.897076	0.498921	0.314801	0.0761832
20327	-0.199064	-0.156842	3.90776	1.80579	0.462104	1.26681	-2.81611	4.06924	1.88769	0.463894	3.291	1.0744	0.463017	0.323821	0.0766187
20328	-0.139021	-0.19837	4.12287	2.02843	0.491995	1.13823	-2.92266	3.83754	1.98676	0.517715	4.54942	0.815684	0.504394	0.316164	0.0768168
20329	-0.258421	-0.212646	3.9048	1.92212	0.492246	1.11256	-2.94934	3.70261	1.87336	0.505956	3.98461	0.939799	0.498919	0.33046	0.0771334
20330	-0.21303	-0.231292	4.04257	1.95714	0.484132	0.991191	-2.98045	3.9605	1.98603	0.501458	5.21179	0.725074	0.492706	0.324058	0.0774603
20331	-0.275507	-0.211871	3.99751	1.92306	0.481065	0.945552	-3.00063	3.80427	1.9685	0.517445	5.21614	0.745493	0.498804	0.333275	0.0773593
20332	-0.193476	-0.184731	3.84214	1.85893	0.483826	0.957043	-3.0096	3.82258	2.03581	0.532575	6.02849	0.661846	0.508138	0.338833	0.0776086
20333	-0.084804	-0.124027	3.62563	1.75761	0.484773	1.03086	-2.99441	4.10473	1.91984	0.467715	6.61931	0.622351	0.475715	0.359134	0.0778258
20334	-0.00947172	-0.117503	3.80984	1.81758	0.477076	1.07196	-2.95492	4.14888	2.05719	0.495844	6.88404	0.584752	0.486859	0.341977	0.0781573
20335	-0.11281	-0.119479	3.8004	1.74167	0.458285	1.02987	-2.98007	4.2123	2.18639	0.51905	6.26704	0.652861	0.490229	0.342566	0.0786405
20336	-0.104682	-0.172573	3.7548	1.69122	0.450416	0.999541	-3.02733	4.0509	2.14267	0.528937	6.68382	0.609654	0.491166	0.347125	0.078784
20337	-0.199266	-0.187128	3.56807	1.72771	0.484216	0.962876	-2.99631	3.87196	2.02124	0.522019	5.8431	0.675287	0.50389	0.344912	0.0788583
20338	-0.154185	-0.168552	3.53843	1.7852	0.504516	0.936716	-3.03286	4.0342	2.0235	0.501586	6.89395	0.595032	0.502955	0.350139	0.0791093
20339	-0.0997046	-0.184157	3.76411	1.83864	0.488464	0.95323	-3.01598	3.7138	1.83377	0.493773	7.23318	0.554335	0.491101	0.353246	0.0791223
20340	-0.210496	-0.227858	3.85676	1.83254	0.475149	0.978801	-3.02762	3.62594	1.92852	0.531867	5.54194	0.707213	0.502633	0.342668	0.0795534
20341	-0.2612	-0.305128	3.82075	1.84444	0.482743	0.975679	-3.03611	3.92076	1.97608	0.504004	4.87511	0.764935	0.493511	0.328086	0.0797895
20342	-0.291697	-0.280268	3.82259	1.82609	0.477711	1.02322	-2.9597	4.03207	2.12064	0.525943	4.15231	0.864505	0.50247	0.312713	0.0799292
20343	-0.347485	-0.311566	3.62208	1.78244	0.492104	1.08235	-2.95387	4.03273	2.00448	0.497052	3.41503	1.02221	0.494711	0.315604	0.0796613
20344	-0.284154	-0.309249	4.07103	1.89111	0.464529	1.06233	-2.91286	4.05561	2.1048	0.518983	3.73895	0.906511	0.491705	0.297911	0.0798104
20345	-0.274761	-0.244507	3.83531	1.81992	0.474517	1.03593	-2.92714	4.14207	2.04744	0.494303	4.18912	0.858955	0.48479	0.317612	0.0803013
20346	-0.259996	-0.21592	3.58802	1.67869	0.46786	1.02257	-3.00047	4.06762	1.90895	0.469304	4.71358	0.822485	0.468627	0.350892	0.0808743
20347	-0.16802	-0.188977	3.6311	1.64391	0.452729	0.949916	-3.04007	3.89384	1.93236	0.496261	6.50412	0.62489	0.475255	0.362458	0.0811872
20348	-0.178973	-0.225882	3.84143	1.75308	0.45636	0.899759	-3.0496	3.84529	1.87731	0.48821	6.85198	0.581831	0.472293	0.354567	0.0814256
20349	-0.221805	-0.273562	3.5021	1.7797	0.508181	0.847019	-3.08872	3.85732	1.89485	0.491235	6.93735	0.571192	0.499299	0.350421	0.0812543
20350	-0.244965	-0.319974	3.78566	1.76818	0.467072	1.00313	-3.01346	4.0059	1.97333	0.492606	4.65728	0.778877	0.4802	0.326599	0.0813584
20351	-0.300736	-0.264152	3.75829	1.91933	0.510693	0.954918	-3.03146	3.82754	1.96309	0.512885	4.85708	0.788334	0.511799	0.330372	0.081607
20352	-0.150455	-0.173134	4.15382	1.80874	0.43544	1.04995	-3.02892	3.90592	1.96	0.501802	5.65978	0.720481	0.4676	0.351184	0.0819485
20353	-0.24006	-0.18736	3.85367	1.67605	0.434922	0.996331	-3.05298	4.09044	2.07008	0.506077	5.37188	0.764332	0.47156	0.354128	0.0823344
20354	-0.238187	-0.202936	4.01333	1.94871	0.48556	0.988055	-3.07143	4.09653	2.04189	0.498442	5.47211	0.751834	0.492067	0.340254	0.0829565
20355	-0.237483	-0.245493	3.83858	1.84427	0.480457	0.916258	-3.07559	4.16036	2.11426	0.508191	6.01707	0.66556	0.494882	0.336028	0.0834055
20356	-0.249242	-0.199402	3.93245	1.84994	0.470429	0.962989	-3.05151	3.96792	1.98777	0.500962	5.53555	0.734752	0.485764	0.346478	0.083402
20357	-0.216773	-0.158405	3.5868	1.76688	0.492606	0.904384	-3.0609	4.04688	1.95648	0.483453	6.7021	0.628497	0.487754	0.361404	0.0837204
20358	-0.0986318	-0.0969186	3.92089	1.76636	0.450501	1.02437	-3.05529	3.64175	1.9482	0.534962	6.93972	0.63057	0.491173	0.370802	0.0840656
20359	-0.0637374	-0.0494434	3.57079	1.79561	0.502861	0.858875	-3.05011	3.97766	2.09736	0.527284	10.5779	0.425607	0.515731	0.366492	0.0844452
20360	-0.0939701	-0.0217957	3.94906	1.85496	0.469723	0.887909	-3.03695	4.24827	1.99112	0.468689	9.42982	0.482044	0.469187	0.371556	0.0844821
20361	-0.0580993	-0.0966237	3.77386	1.68085	0.445394	0.910936	-3.03282	4.17832	1.90123	0.455022	9.18102	0.469514	0.450453	0.375778	0.0849913
20362	-0.0799621	-0.113465	3.89556	1.80268	0.462753	0.882961	-3.08181	3.94491	2.09387	0.530777	9.50268	0.463611	0.496979	0.361266	0.0849522
20363	-0.129601	-0.0421893	3.41204	1.76372	0.516911	0.936346	-3.06095	4.08423	2.09636	0.513282	8.02025	0.568121	0.514934	0.371266	0.0849196
20364	-0.0493433	0.0290684	3.76807	1.79997	0.47769	0.883002	-3.14965	4.1113	1.99028	0.4841	11.6239	0.434634	0.481035	0.400047	0.0847404
20365	0.0843559	0.0391679	3.55235	1.65466	0.465794	0.986543	-3.13964	3.93848	2.00102	0.50807	12.4146	0.406971	0.488022	0.408766	0.0849741
20366	0.0787805	0.0397934	3.68441	1.59747	0.433575	0.880649	-3.14419	4.12534	2.05002	0.496933	15.7665	0.321496	0.467042	0.410097	0.0850256
20367	0.0876583	0.0373442	3.72799	1.70526	0.457421	0.82684	-3.15719	4.09271	1.91442	0.467764	18.6773	0.273195	0.462834	0.413553	0.0854231
20368	0.16144	0.0795228	3.83849	1.8232	0.474979	0.773658	-3.22826	4.10097	1.96913	0.480162	29.1919	0.187405	0.477656	0.41916	0.0851644
20369	-0.00782612	0.060462	3.56767	1.68727	0.472933	0.744364	-3.26107	3.95605	1.9571	0.494711	19.4994	0.282895	0.484384	0.430914	0.0853864
20370	0.125113	0.0682999	3.4863	1.70557	0.489219	0.752218	-3.21604	4.20656	1.91248	0.454642	27.4293	0.19663	0.470312	0.427172	0.0853172
20371	-0.0113228	0.0941506	3.61742	1.74284	0.481791	0.778761	-3.13887	3.59602	1.92025	0.533992	16.7444	0.312116	0.507814	0.416473	0.085931
20372	0.150034	0.11521	3.78155	1.75788	0.464857	0.90612	-3.07807	4.03365	2.00567	0.497235	17.8373	0.285834	0.481568	0.403943	0.0863897
20373	0.0246278	0.0770389	3.66229	1.76765	0.482661	0.926783	-3.01786	3.74909	2.00143	0.533845	11.7688	0.406942	0.508553	0.388621	0.0864269
20374	0.162568	0.140969	4.03458	1.89205	0.468957	0.937611	-3.0465	3.48536	1.77895	0.510407	16.9138	0.300345	0.488168	0.409072	0.0863633
20375	0.119879	0.0757793	3.7156	1.7606	0.473841	0.876441	-3.07701	3.88515	1.86014	0.478782	17.366	0.286193	0.476366	0.407117	0.086793
20376	0.190811	0.0926319	3.85864	1.73707	0.450178	0.970722	-3.1115	3.83366	1.84876	0.482244	16.8783	0.304131	0.466159	0.417291	0.08736
20377	-0.029631	0.0649571	3.74391	1.68945	0.451252	0.896432	-3.0845	4.17771	1.94614	0.465838	11.5662	0.428796	0.458945	0.405619	0.0878218
20378	0.00200359	0.0601293	4.00511	1.73542	0.433302	0.933903	-3.05687	3.79287	1.87159	0.493448	11.1876	0.434218	0.462556	0.402531	0.0884418
20379	0.0617001	0.0696629	3.86375	1.81867	0.470701	0.933463	-3.00931	3.83487	1.84703	0.48164	12.4742	0.379985	0.47615	0.392785	0.0884793
20380	0.11924	0.0883159	3.93215	1.85638	0.472102	0.900209	-3.09608	3.94066	1.86739	0.473879	16.626	0.304956	0.472991	0.405162	0.0883727
20381	0.154386	0.100024	3.79837	1.81822	0.478683	0.934296	-3.01683	3.94713	1.89076	0.479022	15.9714	0.30413	0.478856	0.395823	0.0883214
20382	0.205382	0.183958	3.84109	1.70074	0.442774	0.993463	-3.01512	3.92766	1.86753	0.475482	16.4781	0.310536	0.45931	0.417718	0.0887886
20383	0.122048	0.162462	3.92646	1.74736	0.445023	0.964693	-3.01555	4.12823	1.96284	0.475469	14.2239	0.355026	0.460627	0.405073	0.0887399
20384	0.065565	0.0475051	3.63677	1.70772	0.46957	0.943661	-2.98329	3.99664	1.91895	0.480142	11.9132	0.385526	0.475105	0.387826	0.0889312
20385	0.0344558	0.000172776	3.60965	1.70582	0.472571	0.982689	-3.01442	3.82778	1.91544	0.500406	10.1071	0.449573	0.486897	0.385638	0.0893029
20386	0.0186002	-0.0135725	3.71083	1.72534	0.464948	0.949448	-3.06634	3.91286	1.87302	0.478684	10.7555	0.433239	0.471998	0.393129	0.0893213
20387	-0.040023	-0.0323051	3.64188	1.6342	0.448725	0.941326	-3.06788	4.29262	2.00323	0.466668	9.56831	0.481522	0.458432	0.387871	0.0893123
20388	-0.0389159	-0.0300219	3.84592	1.80066	0.468199	0.940068	-3.03113	4.11405	2.18006	0.529907	9.39747	0.479205	0.500092	0.361399	0.0893481
20389	-0.0638818	-0.0431958	4.32557	2.15024	0.497101	0.965524	-3.01015	4.09432	2.07973	0.507955	8.30711	0.529838	0.502379	0.342333	0.0898843
20390	-0.12643	-0.0273086	3.8812	1.90717	0.491387	0.980242	-3.03923	4.34531	2.11035	0.48566	7.40711	0.612362	0.488362	0.360937	0.0900825
20391	0.0234462	0.0055969	3.80969	1.88539	0.494893	1.01516	-2.98569	4.05958	2.07534	0.51122	9.09797	0.491746	0.503316	0.361049	0.0897826
20392	-0.0618828	0.0178403	3.46503	1.71538	0.495055	1.07012	-2.9224	3.98954	2.10801	0.528383	6.74635	0.640716	0.512891	0.361249	0.0902728
20393	0.0435481	-0.0217395	3.69167	1.74097	0.471595	0.902839	-3.02553	4.07421	2.09219	0.513521	12.2196	0.369191	0.493591	0.370578	0.0905982
20394	-0.0577256	-0.0923745	4.0616	1.87461	0.461544	0.950659	-2.95678	4.10948	2.17242	0.528637	8.06893	0.50842	0.495287	0.336472	0.0909983
20395	0.0560924	-0.0516737	3.69367	1.81467	0.491293	1.10088	-2.91841	4.14338	2.18061	0.526288	7.52873	0.545787	0.509795	0.339716	0.0912337
20396	-0.1627	-0.101343	4.09421	1.91038	0.466605	1.11833	-2.91619	3.66556	1.97942	0.540005	4.8283	0.820512	0.501278	0.337526	0.0914425
20397	-0.167222	-0.114633	4.05331	1.94121	0.47892	1.01941	-2.92724	3.94877	1.81982	0.460857	5.61807	0.704047	0.470006	0.344736	0.0915481
20398	-0.188572	-0.180462	3.97417	1.90087	0.478307	1.09968	-2.89913	3.55588	1.8551	0.521699	4.45358	0.829798	0.498798	0.329851	0.0915654
20399	-0.0876618	-0.125074	3.98511	1.84618	0.463271	1.13143	-2.90205	3.84926	1.81619	0.471829	5.18889	0.74309	0.467476	0.34498	0.0913818
20400	-0.27044	-0.232987	3.76131	1.80764	0.480587	1.18043	-2.86477	3.76363	1.86374	0.495197	3.29037	1.05251	0.487894	0.320596	0.0919206
20401	-0.294364	-0.265704	3.92659	1.95126	0.496935	1.11643	-2.86593	3.75709	1.86956	0.497608	3.39701	0.99517	0.497264	0.306814	0.0920688
20402	-0.269841	-0.236796	3.87997	1.821	0.469334	1.11553	-2.84255	3.63108	2.01451	0.554797	3.53783	0.95962	0.510649	0.3069	0.0926694
20403	-0.251075	-0.205033	3.97368	1.96709	0.49503	1.13631	-2.8436	3.82709	1.89497	0.495145	3.61696	0.962417	0.495086	0.31077	0.0929959
20404	-0.145806	-0.209474	3.87592	1.8552	0.478647	1.13977	-2.86443	4.03348	2.014	0.499322	4.265	0.826355	0.489191	0.313032	0.0928641
20405	-0.279949	-0.326806	3.80602	1.85854	0.488316	1.07783	-2.91592	4.07062	1.88366	0.462746	3.63619	0.921775	0.475102	0.309418	0.0929135
20406	-0.340369	-0.308106	3.92369	1.69498	0.431985	1.05198	-2.95377	3.8778	1.96454	0.506612	3.61054	0.969323	0.469079	0.3236	0.093431
20407	-0.302218	-0.285388	3.91688	1.8947	0.483726	1.1153	-2.86596	3.94053	1.85431	0.470573	3.31417	1.00468	0.47713	0.307622	0.0937331
20408	-0.251585	-0.217633	3.92347	1.93715	0.493732	1.05116	-2.88177	3.88555	1.89288	0.48716	4.18211	0.848568	0.490462	0.316715	0.0942277
20409	-0.150615	-0.168977	3.66626	1.81691	0.495576	1.13342	-2.85401	4.28421	1.82949	0.42703	4.37266	0.824371	0.45864	0.330893	0.094299
20410	-0.197634	-0.183239	3.72293	1.74333	0.468267	1.12086	-2.87604	3.77653	1.87307	0.495978	4.17109	0.869217	0.482222	0.334008	0.0947957
20411	-0.179179	-0.209173	4.12247	1.88604	0.457504	1.21452	-2.86625	4.18368	1.87687	0.448616	3.6347	0.971201	0.453027	0.319399	0.0949765
20412	-0.139386	-0.183473	3.80205	1.84801	0.486057	1.18079	-2.83883	3.77102	1.75306	0.464876	4.04557	0.871438	0.47551	0.328745	0.0955485
20413	-0.213454	-0.190795	3.97502	1.87806	0.472464	1.22089	-2.82822	3.87095	1.82067	0.470342	3.38106	1.02868	0.471417	0.319912	0.0959011
20414	-0.167954	-0.212112	4.06827	1.78654	0.439141	1.23485	-2.80002	3.90883	1.88791	0.482987	3.40332	0.983933	0.460626	0.313136	0.0963368
20415	-0.18654	-0.194356	3.8848	1.8733	0.482212	1.15379	-2.83274	4.08228	1.88009	0.460548	3.87486	0.898236	0.471112	0.316886	0.0967754
20416	-0.161314	-0.162374	3.74596	1.79448	0.479045	1.12582	-2.85266	3.94707	1.85928	0.471053	4.36868	0.828356	0.474945	0.331312	0.096912
20417	-0.115185	-0.12111	3.66599	1.82114	0.496766	1.13213	-2.82957	3.96541	1.96756	0.496181	4.71512	0.777895	0.496462	0.32628	0.0972056
20418	-0.1322	-0.174695	3.65732	1.7604	0.481337	1.21233	-2.81968	3.79059	1.98592	0.523908	3.86994	0.903879	0.503003	0.318377	0.0979177
20419	-0.170897	-0.1481	3.71925	1.80073	0.484166	1.18243	-2.80101	3.9154	1.79141	0.457529	3.84272	0.915747	0.470505	0.328886	0.0979245
20420	-0.0595829	-0.128915	3.48536	1.70793	0.490029	1.18134	-2.78795	3.81272	1.9439	0.509846	4.59153	0.769948	0.500382	0.326272	0.0978707
20421	-0.145139	-0.1909	3.77507	1.84226	0.488006	1.27034	-2.79183	3.78052	1.81219	0.479349	3.37637	1.00179	0.483674	0.316479	0.0981849
20422	-0.255001	-0.251879	3.64331	1.88971	0.51868	1.11417	-2.76615	3.70093	1.80642	0.4881	3.37217	0.937314	0.50327	0.299618	0.0985702
20423	-0.267592	-0.291717	3.67246	1.8014	0.490516	1.15108	-2.83071	4.1199	1.80556	0.438253	3.20302	1.00631	0.462884	0.308931	0.0990359
20424	-0.285029	-0.31702	3.81822	1.69747	0.44457	1.15804	-2.84643	3.89743	1.92187	0.493112	3.07232	1.04122	0.46909	0.306589	0.0993693
20425	-0.374059	-0.402617	3.69416	1.77774	0.481229	1.04052	-2.92928	3.83942	1.95786	0.509937	3.19036	1.00052	0.49586	0.299453	0.0998681
20426	-0.399375	-0.336807	3.46923	1.75426	0.505662	1.01796	-2.93211	4.02215	2.0734	0.515495	3.35296	1.00442	0.510942	0.305627	0.100126
20427	-0.373763	-0.330286	3.51714	1.7336	0.492902	1.1464	-2.90973	4.21441	2.0273	0.481042	2.87921	1.15544	0.486437	0.306761	0.100074
20428	-0.207197	-0.275012	3.43788	1.6533	0.480907	1.03246	-2.97347	4.30572	2.03085	0.471663	4.73836	0.768374	0.475767	0.330821	0.100307
20429	-0.33481	-0.337267	3.77407	1.65159	0.437616	1.12372	-2.89121	3.6841	1.80612	0.490249	3.06613	1.06365	0.463615	0.320575	0.100648
20430	-0.323245	-0.320709	3.57982	1.75353	0.489839	1.15579	-2.89722	3.62776	1.8793	0.518034	3.03463	1.09377	0.504031	0.313687	0.101309
20431	-0.326149	-0.276153	3.54803	1.83156	0.516218	1.09188	-2.92427	3.86141	1.91718	0.496499	3.4874	1.00541	0.505942	0.318751	0.10173
20432	-0.232173	-0.294478	4.06336	1.80348	0.443841	0.899693	-2.97591	3.66973	1.91724	0.522446	5.61234	0.64056	0.481143	0.325852	0.101658
20433	-0.286253	-0.350952	3.81661	1.94641	0.509984	1.01814	-2.99671	3.92229	1.85009	0.471687	4.11416	0.850724	0.490574	0.315623	0.102183
20434	-0.468753	-0.435789	3.85388	1.90935	0.495436	1.023	-3.03027	4.00898	1.83717	0.458264	3.02489	1.11266	0.476484	0.310058	0.102311
20435	-0.438101	-0.44289	4.19965	1.80379	0.429509	1.00802	-2.98205	3.65364	1.91221	0.523369	3.08298	1.04563	0.473176	0.302636	0.10289
20436	-0.362074	-0.376796	3.58574	1.67914	0.468283	0.886473	-3.01316	4.13482	1.95431	0.472648	4.45862	0.779435	0.470621	0.323622	0.102881
20437	-0.386302	-0.382237	3.72612	1.70618	0.457896	0.972365	-3.02915	4.04831	1.98132	0.489419	3.79537	0.922987	0.47431	0.322141	0.103305
20438	-0.38697	-0.386062	4.10358	1.80457	0.439755	0.963091	-3.00583	3.90026	1.93611	0.496406	3.76546	0.911332	0.467361	0.314559	0.103707
20439	-0.384966	-0.366299	3.67847	1.64186	0.446342	1.12058	-2.95662	3.81395	2.01167	0.527449	2.96018	1.13334	0.487629	0.314768	0.103954
20440	-0.34775	-0.416097	3.59606	1.64209	0.456634	1.0799	-2.91022	3.82259	1.85557	0.485423	3.05206	1.01909	0.471468	0.307887	0.103994
20441	-0.397583	-0.453649	3.63363	1.81015	0.498166	1.06887	-2.88883	4.03351	1.97943	0.490747	2.75756	1.07525	0.494263	0.281303	0.104369
20442	-0.440326	-0.446225	3.59098	1.75168	0.487799	1.15242	-2.83371	3.64937	1.88304	0.515992	2.24694	1.26842	0.502009	0.281741	0.104604
20443	-0.480932	-0.49192	3.93861	1.73519	0.440561	1.09526	-2.90471	3.87881	1.84797	0.476428	2.34326	1.24219	0.458357	0.288953	0.104738
20444	-0.548972	-0.480369	3.93149	1.79721	0.457131	0.994034	-2.94497	3.79314	1.82959	0.482343	2.55127	1.19043	0.469511	0.295236	0.105021
20445	-0.527281	-0.52061	3.51375	1.7016	0.48427	1.02429	-2.97049	3.86954	1.87164	0.483685	2.49314	1.20368	0.483964	0.295839	0.105438
20446	-0.445846	-0.472783	3.65914	1.65443	0.452137	1.06493	-2.94887	3.96957	2.03645	0.513016	2.68616	1.14122	0.483815	0.29353	0.105313
20447	-0.411589	-0.374671	3.60783	1.7805	0.493511	1.09499	-2.94733	3.81731	1.9887	0.52097	2.91595	1.13489	0.507628	0.305174	0.105093
20448	-0.350608	-0.312244	3.79825	1.76506	0.464702	1.05402	-2.97275	4.11408	1.87164	0.454936	3.5876	0.986495	0.459624	0.327429	0.105233
20449	-0.264039	-0.314633	4.2494	1.89911	0.446912	1.00883	-3.00411	4.04972	1.77029	0.43714	4.46444	0.810101	0.442143	0.330234	0.105723
20450	-0.295867	-0.241059	4.04518	2.01259	0.497529	0.998028	-2.95146	3.59426	1.76996	0.492441	4.38802	0.837083	0.495135	0.326953	0.105853
20451	-0.269149	-0.277068	3.76253	1.80023	0.478462	1.04181	-2.96	3.78092	1.75149	0.463245	4.18835	0.8593	0.470835	0.336394	0.106117
20452	-0.240854	-0.251206	3.83411	1.73518	0.452565	0.988853	-3.0201	3.94764	1.78195	0.451398	5.07001	0.75609	0.451973	0.352847	0.106286
20453	-0.183108	-0.198522	3.99551	1.77972	0.445432	0.931218	-3.07016	4.08183	1.84988	0.453198	6.64105	0.620861	0.449356	0.362357	0.106295
20454	-0.241746	-0.202857	3.8655	1.79803	0.465148	0.871823	-3.08274	3.70166	1.88729	0.509848	6.68831	0.620017	0.487014	0.360164	0.106603
20455	-0.272164	-0.237467	3.82313	1.83459	0.479866	0.805346	-3.16081	4.04973	2.00601	0.495345	7.36067	0.580514	0.487828	0.35756	0.107027
20456	-0.288102	-0.269103	3.84555	1.82945	0.475733	0.865768	-3.17491	3.77007	1.95652	0.51896	6.34192	0.665709	0.497132	0.358088	0.107329
20457	-0.263423	-0.228026	3.70971	1.71201	0.461495	0.906525	-3.14567	4.03126	1.91634	0.47537	6.21916	0.684389	0.468721	0.369813	0.107526
20458	-0.232921	-0.213121	3.76948	1.85221	0.49137	0.888412	-3.17282	4.16701	1.93105	0.463413	6.96669	0.628693	0.476692	0.366745	0.107668
20459	-0.134159	-0.127376	3.71641	1.74961	0.470781	0.797873	-3.19726	4.12879	2.08451	0.504873	10.8488	0.434342	0.488723	0.380729	0.108011
20460	-0.0575695	-0.114325	3.7038	1.7077	0.461068	0.773697	-3.20817	4.63321	2.00083	0.431844	13.8521	0.345502	0.444827	0.392313	0.108384
20461	-0.031444	-0.113536	3.81504	1.86287	0.488297	0.915443	-3.14148	3.97726	1.91872	0.482422	10.2258	0.448298	0.485299	0.3775	0.108801
20462	-0.0443935	-0.0332382	3.83373	1.8053	0.470897	0.898453	-3.12043	3.93232	2.05582	0.522801	10.7212	0.44448	0.497179	0.381726	0.109024
20463	0.065196	-0.00313589	3.9735	1.78534	0.449313	0.823372	-3.14853	3.6945	1.76769	0.478466	17.2111	0.287416	0.463359	0.410543	0.109383
20464	0.158133	0.131963	3.87076	1.76356	0.45561	0.884148	-3.1259	3.77988	1.89061	0.500178	20.136	0.263549	0.47763	0.420793	0.109608
20465	0.168521	0.193604	3.72705	1.90699	0.51166	0.919266	-3.11514	3.804	1.8988	0.499159	19.4241	0.281809	0.505346	0.41844	0.109333
20466	0.215144	0.230158	3.85964	1.93195	0.500551	0.896365	-3.10279	3.93524	1.93392	0.491437	23.9376	0.232031	0.49595	0.418176	0.109473
20467	0.167931	0.228868	3.95464	1.95606	0.494624	0.886986	-3.06439	3.756	1.92549	0.512644	20.9762	0.25852	0.503402	0.411377	0.109728
20468	0.26466	0.219547	3.4452	1.76665	0.512787	0.928377	-3.08169	3.9125	1.95518	0.499728	24.7392	0.22026	0.505843	0.422768	0.10997
20469	0.202532	0.228376	3.71071	1.76604	0.475929	0.960354	-3.05814	3.88841	1.93254	0.497001	18.8077	0.287147	0.486711	0.422117	0.109983
20470	0.223468	0.234775	3.91343	1.88912	0.482728	0.889381	-3.0789	3.95351	1.96447	0.496892	24.762	0.22172	0.489846	0.41613	0.110201
20471	0.294252	0.309196	3.595	1.88743	0.525016	0.902697	-3.09144	4.22273	2.01464	0.477095	31.2376	0.185103	0.499131	0.425711	0.110571
20472	0.424027	0.392837	3.74849	1.92325	0.513072	1.03917	-3.02112	4.02321	1.99937	0.496958	30.8007	0.189202	0.50473	0.426337	0.110472
20473	0.474016	0.456675	3.81127	1.8221	0.478083	1.02927	-3.02684	4.06664	1.86717	0.459144	39.359	0.154156	0.468306	0.451369	0.110702
20474	0.453894	0.446751	3.8418	1.9528	0.508303	0.968891	-3.01044	3.95924	1.88354	0.475734	45.0651	0.13261	0.491773	0.437972	0.110595
20475	0.468914	0.463615	3.86161	1.92775	0.499209	1.06366	-2.96245	3.87315	1.9575	0.505402	33.1837	0.176863	0.50231	0.430416	0.110499
20476	0.519906	0.427882	4.10933	1.96703	0.478673	1.00759	-2.9789	3.78334	1.82132	0.481405	48.7987	0.118918	0.479983	0.433843	0.110682
20477	0.417174	0.465987	3.75268	1.94984	0.519586	1.17718	-2.89357	3.7709	1.81172	0.480447	19.5403	0.288803	0.499969	0.428736	0.111144
20478	0.366638	0.440086	3.82311	1.90761	0.498967	1.06428	-2.89209	3.88521	1.80589	0.464811	22.8132	0.243354	0.481751	0.427877	0.111477
20479	0.473315	0.408924	3.64717	1.73972	0.477006	1.17972	-2.86473	3.75109	1.67955	0.447749	21.476	0.249506	0.462172	0.439446	0.111696
20480	0.499995	0.405745	3.86281	1.71743	0.444605	1.14276	-2.84244	3.59453	1.73592	0.482933	25.5374	0.206574	0.46308	0.433167	0.111903
20481	0.374633	0.409084	3.99008	1.77638	0.445198	1.24636	-2.82298	3.64363	1.73187	0.475316	13.7468	0.37995	0.459574	0.426861	0.111677
20482	0.420977	0.416298	3.80676	1.7011	0.446864	1.19087	-2.76621	4.01089	1.82565	0.455172	17.0877	0.296365	0.451126	0.418039	0.111601
20483	0.363375	0.429839	3.53595	1.6574	0.468728	1.26947	-2.84737	3.96164	2.0139	0.508351	13.0816	0.410505	0.489665	0.42254	0.111623
20484	0.394607	0.428745	3.70473	1.72635	0.465984	1.0956	-2.91525	4.10107	2.03274	0.495661	22.7564	0.245695	0.481576	0.426624	0.111742
20485	0.377902	0.36861	3.77994	1.78479	0.472175	1.24097	-2.84217	3.9491	2.03128	0.514364	13.8397	0.372446	0.493731	0.403239	0.111786
20486	0.320988	0.346854	3.92128	1.8006	0.459187	1.27645	-2.78921	3.9462	1.94673	0.493318	10.7733	0.456451	0.476306	0.396302	0.111567
20487	0.455614	0.404672	3.69991	1.76411	0.476798	1.25282	-2.85573	3.89283	1.9182	0.492751	16.7265	0.317766	0.484977	0.419304	0.111475
20488	0.404804	0.39739	4.13238	1.90174	0.460204	1.01701	-2.91754	3.98801	1.7961	0.450375	29.319	0.187399	0.455377	0.426371	0.111089
20489	0.433202	0.437588	3.59546	1.76026	0.489579	1.18155	-2.85663	3.96645	1.91878	0.483752	19.3776	0.280011	0.486522	0.424554	0.110987
20490	0.403569	0.421739	3.87095	1.81453	0.468755	1.1301	-2.89293	4.24545	1.96312	0.462407	20.8146	0.263926	0.465434	0.421119	0.110809
20491	0.457141	0.428724	3.62232	1.81419	0.500838	1.12514	-2.92181	4.01971	1.82966	0.455171	25.1578	0.223114	0.476817	0.435218	0.111259
20492	0.499068	0.468544	3.78942	1.84535	0.486975	1.18469	-2.87617	3.96653	1.82779	0.460804	23.7987	0.235036	0.473591	0.432396	0.111611
20493	0.590856	0.472204	3.86529	1.88272	0.487084	1.06482	-2.90987	3.89852	2.05201	0.526357	50.9182	0.112321	0.506805	0.421002	0.111712
20494	0.438216	0.431656	3.847	1.92549	0.500517	1.14781	-2.89314	3.9944	1.92792	0.482657	21.9536	0.251765	0.491419	0.41777	0.1115
20495	0.383966	0.433514	3.99644	2.08619	0.522011	0.991599	-2.95738	3.76432	1.78664	0.474625	31.1418	0.184609	0.499026	0.426146	0.111773
20496	0.462958	0.423725	4.09943	1.95429	0.476723	1.05085	-2.94986	3.70523	1.74269	0.470332	32.9294	0.17281	0.473689	0.43503	0.112301
20497	0.33707	0.341671	3.86905	1.82606	0.471966	1.03041	-2.90113	3.95208	1.9135	0.484175	21.8752	0.240357	0.478135	0.412925	0.112394
20498	0.456434	0.411839	3.84646	1.80709	0.469805	1.13345	-2.88647	3.56341	1.88658	0.529432	23.7346	0.229178	0.49848	0.424191	0.112631
20499	0.393511	0.382489	3.8472	2.00612	0.521449	1.04345	-2.90259	3.92324	1.76925	0.450966	25.5471	0.211212	0.485863	0.4169	0.113101
20500	0.377833	0.356073	4.12059	1.93331	0.469182	1.03009	-2.89493	3.62122	1.84352	0.509089	24.8423	0.212722	0.487849	0.411746	0.113313
