cycle	Zbar1	Gbar1	VP1	VG1	h21	Zbar2	Gbar2	VP2	VG2	h22	h2b	h2b_denom	h2w	Qst	Fst
20000	-0.180939	-0.210215	4.09047	1.8447	0.450974	3.72502	-0.201501	3.73093	1.80726	0.4844	4.97695e-06	7.62824	0.466919	5.20052e-06	0.000346818
20001	-0.167112	-0.184588	3.70671	1.78902	0.482644	3.60109	-0.286846	3.61877	1.82591	0.504565	0.000736422	7.09968	0.493473	0.000723001	0.000591927
20002	-0.024627	-0.0942708	3.87046	1.80008	0.465081	3.62875	-0.306584	3.79214	1.72577	0.455092	0.00337726	6.67359	0.460137	0.00318758	0.000802164
20003	0.0149144	-0.0582091	3.84945	1.70201	0.442145	3.63557	-0.383724	4.0856	1.8	0.440572	0.00808291	6.55457	0.441335	0.00751115	0.0010296
20004	-0.0951498	-0.0931856	3.74254	1.744	0.465995	3.51328	-0.436663	3.71556	1.78029	0.479144	0.00906067	6.51039	0.472545	0.00830351	0.00128063
20005	-0.0426374	-0.0790727	3.82069	1.82028	0.476427	3.49445	-0.522064	3.68832	1.74722	0.473716	0.0156855	6.25549	0.475095	0.0135722	0.00152465
20006	-0.0680615	-0.0859463	3.7918	1.78243	0.470075	3.42064	-0.559995	3.62588	1.7871	0.492874	0.0184637	6.08553	0.481219	0.0155027	0.00179156
20007	0.0782484	-0.0126883	3.60918	1.70736	0.473061	3.45073	-0.574002	3.82594	1.8463	0.482573	0.0277021	5.6868	0.477956	0.0216953	0.00198079
20008	-0.0368728	-9.76563e-05	3.62792	1.65936	0.457387	3.40069	-0.568941	3.75441	1.80719	0.481352	0.0273832	5.9084	0.469574	0.022815	0.00229088
20009	0.0795065	-0.00622947	3.766	1.7803	0.47273	3.26681	-0.627648	3.51099	1.69653	0.483205	0.0380122	5.07944	0.477784	0.0270298	0.00256708
20010	-0.0965126	-0.0448622	3.97207	1.83083	0.460927	3.39645	-0.632055	3.79919	1.75069	0.460805	0.02826	6.1004	0.460868	0.0235135	0.00287477
20011	-0.00665949	-0.0133147	3.81055	1.7145	0.449935	3.3198	-0.668684	3.59397	1.68385	0.46852	0.0388157	5.53267	0.458956	0.030644	0.00318125
20012	0.00246169	-0.022214	3.81524	1.74968	0.458603	3.36947	-0.700648	3.85829	1.79368	0.464888	0.0406002	5.66836	0.461764	0.0314682	0.00334758
20013	-0.00100646	-0.0177985	3.88143	1.84234	0.474656	3.2236	-0.776515	3.59629	1.79288	0.498537	0.0553612	5.19905	0.486141	0.0380992	0.003658
20014	-0.0736146	-0.0843991	3.91379	2.02759	0.518064	3.08655	-0.885434	3.83797	1.76043	0.458689	0.0642514	4.99333	0.488667	0.0406467	0.00397772
20015	-0.146849	-0.12352	4.00849	1.97876	0.493642	3.09936	-0.924229	3.76514	1.72807	0.458966	0.060841	5.26894	0.476847	0.0414678	0.0042079
20016	-0.109363	-0.146826	3.87825	1.93642	0.499301	3.02006	-0.954542	3.54642	1.72618	0.486739	0.0666178	4.89663	0.4933	0.0426536	0.0044524
20017	-0.0913345	-0.145851	3.94393	1.80534	0.457752	2.97499	-0.976812	3.70482	1.78316	0.481308	0.0734385	4.70118	0.469162	0.0459188	0.0047285
20018	-0.182957	-0.164309	3.88408	1.72261	0.443504	3.08586	-0.987752	3.83655	1.84934	0.482032	0.0634579	5.34258	0.462649	0.0453287	0.00509405
20019	-0.155079	-0.176996	3.67357	1.94008	0.528119	3.06981	-0.984992	3.71099	1.90602	0.513614	0.0627751	5.19997	0.52083	0.0407284	0.00537445
20020	-0.127564	-0.127773	4.01342	1.88278	0.46912	2.98648	-1.0377	3.89451	1.84792	0.474493	0.0853822	4.84862	0.471766	0.0525921	0.00557628
20021	-0.119964	-0.127096	3.97518	1.86453	0.469043	2.82225	-1.1423	4.00122	1.92817	0.481895	0.119059	4.32831	0.47549	0.0636443	0.00574349
20022	-0.0323261	-0.0306809	3.72932	1.8348	0.491993	2.80998	-1.26152	3.78568	1.80922	0.477911	0.187526	4.03934	0.484899	0.0941922	0.00591799
20023	0.0565839	-0.0106121	3.9226	1.81695	0.4632	2.60344	-1.35525	3.44678	1.68806	0.489751	0.278743	3.24323	0.475618	0.114281	0.00602354
20024	0.0453271	0.00167535	3.63471	1.81746	0.50003	2.56771	-1.38405	3.89017	1.69944	0.436854	0.30181	3.1812	0.46737	0.120159	0.00627643
20025	-0.0227115	-0.0739513	3.73808	1.74215	0.466053	2.60819	-1.40395	3.7524	1.89458	0.504898	0.255561	3.46083	0.485513	0.108465	0.00646942
20026	-0.0127738	-0.0446185	3.84515	1.94227	0.505123	2.53913	-1.45315	3.81106	1.88823	0.49546	0.304654	3.25611	0.500313	0.114692	0.00667607
20027	-0.128933	-0.117383	3.87094	1.87252	0.483738	2.52755	-1.47854	3.58473	1.87041	0.521772	0.262543	3.52845	0.502025	0.110171	0.00689108
20028	-0.0464563	-0.0263103	3.90317	1.93016	0.494512	2.48161	-1.52281	3.77199	1.84654	0.489541	0.350408	3.19556	0.492069	0.129161	0.00708071
20029	-0.0961459	-0.0244525	3.95403	1.93495	0.489361	2.48944	-1.55429	4.12815	2.00068	0.484643	0.350084	3.34262	0.486951	0.129482	0.00724368
20030	-0.0248802	-0.0249952	3.76142	1.79172	0.476341	2.47274	-1.57865	4.08366	1.86494	0.456682	0.386951	3.11906	0.466108	0.141715	0.00761641
20031	0.0121841	0.0396851	3.73326	1.9083	0.511162	2.4817	-1.55681	4.04803	1.99957	0.493962	0.417938	3.04925	0.502214	0.140256	0.00782724
20032	0.0361711	-0.0249036	3.79681	1.82166	0.479786	2.2964	-1.58613	4.0651	1.91444	0.470945	0.47712	2.55431	0.475214	0.140289	0.00815904
20033	-0.0289738	-0.096853	3.75232	1.80158	0.480123	2.35567	-1.66909	4.14285	1.83851	0.44378	0.4347	2.84327	0.461053	0.145195	0.00839395
20034	-0.108965	-0.094573	3.87207	1.75095	0.452199	2.37166	-1.67524	3.95812	1.8648	0.471132	0.40603	3.07676	0.46177	0.147368	0.00851446
20035	-0.0493564	-0.0280056	3.96029	1.88857	0.476877	2.32666	-1.67668	3.97269	1.81854	0.457761	0.481474	2.82272	0.467304	0.154975	0.00865267
20036	-0.0489242	0.00393907	3.80594	1.89502	0.497912	2.27602	-1.74355	3.84093	1.81587	0.472769	0.564941	2.70268	0.485283	0.170695	0.00904676
20037	0.0142145	-0.00777027	3.68175	1.80188	0.489408	2.19143	-1.82083	3.79235	1.81151	0.477675	0.693463	2.37013	0.483455	0.185366	0.00938671
20038	-0.0526391	-0.0348676	3.80115	1.94036	0.510467	2.25867	-1.75598	3.79028	1.74345	0.45998	0.554501	2.67107	0.485259	0.167451	0.00959591
20039	-0.0299285	-0.0397114	3.90693	2.00934	0.514302	2.21388	-1.72831	3.94323	1.8795	0.476639	0.566344	2.51734	0.495383	0.154974	0.00984141
20040	-0.0655808	-0.0500289	4.21578	1.94392	0.461105	2.23633	-1.75283	3.93358	1.90696	0.48479	0.547208	2.64939	0.472537	0.158485	0.0101986
20041	0.0620009	-0.0237647	3.84566	1.7595	0.45753	2.25193	-1.77943	3.83309	1.90908	0.498051	0.64272	2.39789	0.477757	0.17366	0.0104049
20042	-0.0870033	0.00362153	3.85415	1.85547	0.481422	2.18931	-1.80861	4.04794	1.91897	0.474061	0.633817	2.5908	0.477651	0.178737	0.0106154
20043	-0.147972	-0.0674852	3.53004	1.74665	0.494796	2.2131	-1.79866	3.83362	1.78221	0.464891	0.537603	2.78734	0.479227	0.175206	0.010879
20044	-0.0994985	-0.0927629	3.95147	1.82672	0.462288	2.23467	-1.7358	3.61516	1.77577	0.491201	0.495488	2.72416	0.476102	0.157849	0.0108746
20045	-0.0975592	-0.123246	3.83699	1.73416	0.451959	2.27884	-1.8188	3.72837	1.74941	0.469216	0.509076	2.82365	0.460464	0.171103	0.0111088
20046	-0.180964	-0.152474	4.02645	1.81383	0.450479	2.19826	-1.79024	4.0724	1.92715	0.473222	0.473843	2.83036	0.461915	0.152068	0.0113644
20047	-0.0346337	-0.0854865	3.75072	1.90128	0.506909	2.19437	-1.79863	4.05173	1.94314	0.479583	0.590694	2.48423	0.492719	0.160332	0.0114808
20048	0.112201	-0.0111281	3.66626	1.81496	0.495043	2.17079	-1.82795	4.25791	1.84323	0.432896	0.778911	2.11889	0.46165	0.184134	0.0118815
20049	-0.0842455	-0.0790255	3.95183	1.83169	0.463506	2.22476	-1.83504	3.90792	1.94329	0.49727	0.578373	2.66576	0.480294	0.169652	0.0121236
20050	-0.0254514	-0.0230646	3.66767	1.80828	0.493032	2.14383	-1.83597	3.65789	1.80417	0.493228	0.698416	2.3529	0.49313	0.185378	0.0125108
20051	-0.0201129	0.00613352	3.80965	1.76759	0.463978	2.03364	-1.86532	3.62978	1.8111	0.498956	0.83035	2.10896	0.481044	0.196651	0.0126629
20052	0.0148225	-0.00641121	3.83768	1.73317	0.45162	2.10953	-1.89902	3.74977	1.80057	0.480181	0.816351	2.19389	0.465735	0.202259	0.0127615
20053	-0.0816408	-0.0089294	3.87445	1.80499	0.465869	2.17307	-1.91057	3.76014	1.87397	0.498377	0.711337	2.54185	0.48188	0.197342	0.0129471
20054	-0.110212	-0.0118549	3.81862	1.8384	0.481432	2.07599	-1.88727	3.85802	1.89086	0.490112	0.735891	2.38975	0.485794	0.190874	0.0131441
20055	-0.00419241	0.0749774	3.87961	1.85738	0.478754	2.07405	-1.88367	3.84555	1.81035	0.470765	0.888223	2.15954	0.474777	0.207369	0.0133487
20056	0.143963	0.132638	3.94346	1.87119	0.474505	2.06058	-1.93925	4.00066	1.97637	0.494011	1.16858	1.83671	0.484328	0.218178	0.0135183
20057	0.123398	0.144402	3.79424	1.79776	0.473814	2.10649	-1.89057	3.49908	1.70242	0.486533	1.05301	1.96632	0.479916	0.228352	0.0139568
20058	0.186733	0.141703	4.01208	1.79996	0.448635	2.10594	-1.85422	3.68919	1.79583	0.486782	1.08154	1.84167	0.466909	0.216981	0.0143343
20059	0.154863	0.108479	3.90664	1.89111	0.484076	2.125	-1.83354	4.24887	1.74692	0.41115	0.971666	1.94071	0.446083	0.205907	0.0145319
20060	0.0743099	0.078127	3.90098	1.8426	0.472344	2.1065	-1.88824	3.94359	1.90631	0.483396	0.93627	2.0649	0.4779	0.205074	0.0149102
20061	-0.013984	0.0335022	3.85658	1.9384	0.502623	2.1105	-1.91832	3.9389	1.82691	0.463811	0.844058	2.25672	0.483012	0.201958	0.0151529
20062	0.0362964	0.000101475	3.94546	1.90846	0.483712	2.09485	-1.8954	3.96892	1.84758	0.465513	0.847856	2.11882	0.474586	0.193068	0.0154227
20063	-0.0435403	-0.0267734	4.10268	1.9126	0.466183	2.15512	-1.86269	3.90994	1.73236	0.443066	0.697249	2.41706	0.454903	0.187848	0.0157053
20064	0.0935656	0.0704131	3.8489	1.71723	0.446162	2.00928	-1.9597	3.67422	1.84087	0.501025	1.123	1.83498	0.472957	0.224638	0.0159255
20065	0.0560986	0.0737786	3.62104	1.71645	0.47402	1.985	-1.99353	3.63461	1.65363	0.454967	1.14866	1.86032	0.464476	0.240812	0.0161779
20066	0.125755	0.0979199	3.85973	1.70734	0.442346	2.01896	-2.01663	3.72346	1.75767	0.472052	1.2475	1.79212	0.456932	0.24401	0.0165327
20067	0.134146	0.108812	3.68211	1.68243	0.456919	1.9284	-2.05181	3.76242	1.69601	0.450776	1.45006	1.60968	0.453815	0.256847	0.0166899
20068	0.0788932	0.121848	3.83235	1.72799	0.450897	1.93358	-2.01312	3.91868	1.80669	0.461045	1.32508	1.71992	0.456028	0.243881	0.0168008
20069	0.0275222	0.040828	3.65571	1.63543	0.447364	2.01194	-2.02716	4.11004	1.91147	0.465075	1.08599	1.96897	0.456738	0.231703	0.0168351
20070	-0.0507459	-0.00522383	3.60373	1.68881	0.468629	1.98059	-2.05932	4.04436	1.73544	0.429101	1.02253	2.06316	0.447727	0.235591	0.0169784
20071	0.057673	0.0341055	3.76889	1.78619	0.473931	1.88121	-2.11953	3.9729	1.71872	0.43261	1.3948	1.66265	0.452726	0.248683	0.0170899
20072	0.0492707	0.0269674	3.66753	1.79632	0.489791	1.8664	-2.14856	3.47561	1.55325	0.446899	1.43337	1.65097	0.468921	0.261134	0.0173164
20073	-0.0602781	0.0232517	3.96787	1.82832	0.460782	1.88735	-2.14108	3.70801	1.64294	0.443078	1.23492	1.89663	0.45223	0.252356	0.0174833
20074	0.0101228	-0.0317152	3.73379	1.88163	0.503946	1.77373	-2.14668	3.74929	1.66762	0.444782	1.43815	1.55515	0.474303	0.239677	0.0180772
20075	-0.0125784	-0.0322142	3.84552	1.81137	0.471034	1.8517	-2.12326	4.0284	1.8504	0.459338	1.25807	1.73777	0.46505	0.229983	0.0184617
20076	0.194916	0.118598	4.15644	1.97511	0.475192	1.88332	-2.119	3.92663	1.7972	0.457695	1.75634	1.42536	0.466692	0.249239	0.0188895
20077	0.14944	0.185152	3.7371	1.87796	0.502518	1.82064	-2.1307	3.86464	1.94495	0.503267	1.92027	1.39646	0.502899	0.259753	0.0191942
20078	0.258562	0.209997	3.84253	1.86011	0.484085	1.91198	-2.15151	3.89923	1.93895	0.497263	2.03991	1.3669	0.490722	0.268558	0.0195576
20079	0.348491	0.279272	3.95963	1.87127	0.472588	1.8428	-2.16876	3.95927	1.97091	0.497795	2.6838	1.11649	0.485191	0.280645	0.0197549
20080	0.243196	0.225199	4.01297	1.92975	0.480877	1.82677	-2.21039	4.2019	2.0807	0.495181	2.36554	1.25386	0.488193	0.27006	0.0200479
20081	0.229096	0.29055	4.05526	1.8809	0.463817	1.86527	-2.16725	3.90668	1.82625	0.467468	2.25648	1.33854	0.465609	0.289559	0.0202376
20082	0.341301	0.304885	3.67947	1.64297	0.446524	1.76072	-2.2075	3.72024	1.93711	0.520695	3.13294	1.00738	0.483814	0.306037	0.020724
20083	0.311654	0.322407	3.80647	1.82226	0.478725	1.80441	-2.19494	3.81785	1.93891	0.507853	2.84386	1.11416	0.493311	0.296482	0.0212907
20084	0.210085	0.254729	3.87	1.73738	0.448935	1.68629	-2.25763	3.66561	1.69747	0.463081	2.89648	1.08959	0.455816	0.314898	0.0212132
20085	0.164359	0.223801	4.03471	1.93874	0.480517	1.72473	-2.24277	3.68131	1.70772	0.46389	2.49882	1.21737	0.472584	0.294445	0.0214661
20086	0.186895	0.181717	4.03644	1.86366	0.461709	1.78246	-2.26421	3.92042	1.92491	0.490996	2.34994	1.27292	0.476139	0.283141	0.0217049
20087	0.129498	0.15921	3.65624	1.90231	0.520291	1.75546	-2.28595	3.87759	1.77584	0.457974	2.26148	1.32187	0.488217	0.289054	0.0218723
20088	0.0493998	0.0919843	3.62146	1.69742	0.46871	1.75698	-2.27144	3.94098	1.88226	0.477613	1.91567	1.45791	0.47335	0.280729	0.0221169
20089	0.051618	0.0696872	3.3614	1.67884	0.499447	1.71185	-2.3561	3.99926	1.9358	0.484039	2.13486	1.37818	0.491076	0.289365	0.0225087
20090	-0.0528778	0.00160004	3.78382	1.74835	0.46206	1.57704	-2.43938	4.05768	1.92431	0.47424	2.24284	1.32831	0.468363	0.288657	0.0227238
20091	-0.00229434	-0.0324749	4.01824	1.73304	0.431294	1.53109	-2.46953	3.83638	1.95502	0.5096	2.52595	1.17564	0.46954	0.28714	0.0228029
20092	0.0250615	-0.0668983	3.71121	1.77126	0.477273	1.5328	-2.47696	3.88093	1.86755	0.481213	2.55508	1.13664	0.479287	0.285336	0.0230081
20093	-0.0918343	-0.0769132	3.47045	1.74154	0.501818	1.69878	-2.44664	3.78469	1.89262	0.500073	1.75143	1.60315	0.500908	0.27876	0.0229466
20094	-0.0689168	-0.0744396	3.81067	1.73876	0.456288	1.50784	-2.49223	3.83659	1.88051	0.490152	2.35131	1.24308	0.473277	0.287746	0.0233374
20095	-0.102095	-0.0031517	3.73456	1.78331	0.477515	1.54765	-2.50664	3.75366	1.88813	0.50301	2.30282	1.36082	0.490295	0.299222	0.0233819
20096	0.0862196	0.0591045	3.86152	1.87087	0.484491	1.44411	-2.56317	3.87083	1.81016	0.467643	3.72932	0.921929	0.476057	0.31845	0.0236775
20097	0.0387085	-0.0172235	3.98872	1.97008	0.493913	1.45732	-2.55486	3.76049	1.67986	0.446713	3.19987	1.00623	0.471008	0.30618	0.023657
20098	-0.0332249	-0.0629723	3.92619	1.86318	0.47455	1.42946	-2.54162	4.00703	1.76866	0.441389	2.87161	1.06973	0.457801	0.297317	0.0241407
20099	-0.13324	-0.156168	3.5165	1.75962	0.500388	1.3568	-2.68009	3.91011	1.94301	0.496921	2.86916	1.11012	0.498562	0.30086	0.024178
20100	-0.126162	-0.141804	3.83448	1.79699	0.468641	1.3048	-2.72182	3.72355	1.74386	0.468333	3.2508	1.02383	0.468489	0.319827	0.0243335
20101	-0.227017	-0.255576	4.02895	1.89159	0.4695	1.20404	-2.73465	4.19352	1.97808	0.4717	3.00099	1.02396	0.470622	0.284307	0.0244748
20102	-0.257881	-0.240742	3.84218	1.70039	0.442558	1.22906	-2.75428	4.03008	1.86766	0.46343	2.85748	1.1055	0.453243	0.306947	0.024651
20103	-0.3203	-0.244301	3.71591	1.64045	0.441465	1.24044	-2.74781	3.77758	1.80433	0.477641	2.57297	1.21796	0.459702	0.312756	0.0248706
20104	-0.0967447	-0.100963	4.08794	1.85361	0.453434	1.13403	-2.80384	3.83914	1.78186	0.46413	4.82276	0.757403	0.458614	0.334501	0.0250794
20105	-0.173796	-0.100506	3.6358	1.77566	0.488382	1.27595	-2.73835	3.99972	1.88056	0.470174	3.31066	1.05088	0.478844	0.322502	0.0253924
20106	-0.201343	-0.111545	3.96979	1.84823	0.465574	1.23957	-2.7345	3.96079	1.78659	0.451068	3.31366	1.03811	0.458329	0.321312	0.0258411
20107	-0.0170687	-0.114904	3.56466	1.66234	0.46634	1.15313	-2.79489	4.0233	1.92642	0.478816	5.24498	0.684688	0.472955	0.333594	0.0261998
20108	-0.157614	-0.173389	3.55336	1.62702	0.45788	1.10125	-2.87155	4.0732	1.97208	0.48416	4.59385	0.79237	0.471916	0.335963	0.0263309
20109	-0.19533	-0.176975	3.91871	1.82049	0.464564	1.13952	-2.86248	4.05656	1.95978	0.483113	4.04751	0.890912	0.473999	0.323037	0.0268175
20110	-0.266117	-0.216397	3.71676	1.78878	0.481274	1.16376	-2.84361	3.85963	2.0064	0.519842	3.37594	1.02227	0.500921	0.312667	0.0269434
20111	-0.267761	-0.18657	3.95606	1.85064	0.4678	1.15092	-2.86476	3.85828	1.85806	0.481578	3.56381	1.00632	0.474603	0.32603	0.026981
20112	-0.144665	-0.110005	3.72335	1.79313	0.481589	1.26806	-2.79728	3.86454	1.82164	0.471374	3.61834	0.997895	0.476386	0.333196	0.0271676
20113	-0.129512	-0.0807583	3.56206	1.62186	0.455314	1.15826	-2.78409	3.74281	1.7422	0.465478	4.40677	0.829182	0.460522	0.352067	0.0276118
20114	-0.0688431	-0.081993	3.71131	1.65133	0.444945	1.14115	-2.81672	3.96841	1.89907	0.478548	5.10811	0.732044	0.462309	0.345067	0.0278623
20115	-0.182798	-0.102826	4.19914	1.78967	0.426199	1.29718	-2.8313	3.93762	1.97086	0.500521	3.3988	1.09517	0.462166	0.331176	0.0279416
20116	-0.138639	-0.130105	4.02876	1.87846	0.466262	1.26646	-2.7415	3.76351	1.93187	0.513316	3.4541	0.987145	0.488988	0.309226	0.0279998
20117	-0.195444	-0.226141	3.57465	1.82997	0.511929	1.2257	-2.73377	3.78351	1.85233	0.489579	3.11349	1.00983	0.500437	0.299296	0.0280603
20118	-0.206407	-0.200895	3.79146	1.8023	0.475357	1.16486	-2.80474	3.53335	1.77426	0.502147	3.60569	0.940184	0.48828	0.321647	0.0285205
20119	-0.310746	-0.251203	3.61146	1.81728	0.5032	1.07154	-2.85711	3.9872	1.80602	0.452954	3.55404	0.955362	0.476835	0.319164	0.0285117
20120	-0.234469	-0.2869	4.28539	2.04858	0.478038	1.09474	-2.91309	3.85818	1.71311	0.44402	3.90362	0.883397	0.461921	0.314408	0.0286514
20121	-0.178526	-0.20402	4.18959	2.05787	0.491188	1.06247	-2.92256	3.98388	1.95123	0.48978	4.79877	0.770034	0.490502	0.315577	0.0290564
20122	-0.264153	-0.269916	4.02358	1.96077	0.487319	1.1644	-2.81046	4.20121	1.90476	0.453383	3.16275	1.02037	0.469985	0.294603	0.029219
20123	-0.233916	-0.271123	3.79214	1.87638	0.494808	1.25521	-2.73321	3.52737	1.76765	0.501124	2.73364	1.10876	0.497852	0.293828	0.0296376
20124	-0.212579	-0.232782	3.6561	1.85626	0.507717	1.28161	-2.69895	3.77147	1.80262	0.477963	2.72417	1.1163	0.492609	0.293671	0.030138
20125	-0.320246	-0.28256	3.87419	1.91464	0.494205	1.35525	-2.69414	3.91779	1.81964	0.464457	2.07165	1.40365	0.479248	0.280338	0.0303279
20126	-0.461719	-0.404955	3.7208	1.64157	0.441187	1.26967	-2.69897	3.83432	1.86054	0.485234	1.75552	1.49885	0.463541	0.27318	0.0306061
20127	-0.485861	-0.459282	4.03678	1.84157	0.456199	1.30213	-2.73966	3.9122	1.96307	0.501782	1.62661	1.59846	0.478633	0.25477	0.0309695
20128	-0.397808	-0.399168	3.9066	1.86175	0.476566	1.26266	-2.71507	4.0995	1.95856	0.477756	1.94526	1.37858	0.477175	0.259892	0.031339
20129	-0.403103	-0.389182	4.05287	1.88069	0.464038	1.33212	-2.69438	3.81942	1.97794	0.517864	1.76485	1.5055	0.490153	0.256209	0.0320217
20130	-0.318373	-0.371302	3.67746	1.83795	0.49979	1.16168	-2.76121	4.09476	2.09345	0.511251	2.6074	1.09528	0.505828	0.266533	0.0326007
20131	-0.387156	-0.392845	3.70307	1.7197	0.4644	1.30364	-2.6629	4.231	2.0345	0.480857	1.80255	1.4294	0.473176	0.255581	0.0326859
20132	-0.471269	-0.426536	4.18092	1.89781	0.45392	1.37301	-2.60699	3.88498	1.88333	0.484773	1.39778	1.70069	0.46878	0.239257	0.0329791
20133	-0.534954	-0.512658	3.63914	1.80504	0.496007	1.21757	-2.71922	3.97539	1.8152	0.456609	1.58527	1.53567	0.475438	0.251719	0.0332391
20134	-0.555099	-0.521835	3.76865	1.75041	0.464467	1.27414	-2.67034	3.87032	1.89344	0.489219	1.37954	1.67305	0.477008	0.240619	0.0334001
20135	-0.462674	-0.505789	3.59378	1.77308	0.493373	1.22714	-2.77839	3.70951	1.8444	0.497208	1.80872	1.42773	0.495321	0.263139	0.0334932
20136	-0.628215	-0.592717	3.78396	1.72754	0.456542	1.25441	-2.77417	3.58979	1.76936	0.492888	1.34265	1.77214	0.474237	0.253944	0.033806
20137	-0.522006	-0.513065	3.87962	1.91374	0.493279	1.1861	-2.81366	3.97226	1.7205	0.433129	1.81405	1.45882	0.46285	0.267008	0.0339131
20138	-0.551105	-0.571219	4.01948	1.82198	0.453288	1.14204	-2.85266	3.87526	1.77982	0.459277	1.81565	1.43336	0.456228	0.265493	0.0341722
20139	-0.633528	-0.628878	3.84509	1.89446	0.492695	1.1572	-2.86305	3.98434	1.68138	0.421997	1.55659	1.60336	0.456717	0.258794	0.0344678
20140	-0.599199	-0.612405	3.85172	1.86269	0.4836	1.13688	-2.85215	3.76907	1.72706	0.458219	1.6644	1.50699	0.471047	0.259004	0.0346455
20141	-0.679923	-0.646394	3.96227	1.80465	0.455458	1.03971	-2.91546	3.64142	1.79764	0.493665	1.7411	1.47857	0.473755	0.263351	0.0350339
20142	-0.721657	-0.651554	3.74848	1.80872	0.48252	1.10974	-2.88919	4.13608	1.72049	0.415972	1.49284	1.67701	0.44761	0.261917	0.0356673
20143	-0.649718	-0.648696	3.62948	1.76172	0.485393	1.0726	-2.94033	3.95089	1.77702	0.449777	1.77037	1.48319	0.466829	0.270708	0.0361073
20144	-0.595129	-0.595688	3.65527	1.88908	0.516812	0.992125	-2.9534	3.85291	1.93546	0.502338	2.20642	1.25969	0.509384	0.266617	0.0362533
20145	-0.617699	-0.550935	3.89288	1.89477	0.486727	0.98082	-2.97787	3.92774	2.05039	0.522029	2.30506	1.27763	0.504456	0.271896	0.036117
20146	-0.490543	-0.491877	4.0565	1.9245	0.474424	1.02967	-2.95462	4.04879	1.97945	0.488899	2.62438	1.15553	0.481654	0.279844	0.0361747
20147	-0.496107	-0.494563	3.67498	1.7821	0.484928	0.93373	-3.07233	3.85299	1.82897	0.474687	3.25024	1.02222	0.479686	0.315194	0.036576
20148	-0.51012	-0.504845	3.71722	1.81862	0.489242	0.98761	-3.03532	4.05954	1.86348	0.459036	2.85455	1.1216	0.473475	0.303125	0.0368806
20149	-0.542222	-0.575436	3.58267	1.70002	0.474511	0.896896	-3.10367	3.89054	1.92162	0.49392	3.08632	1.03553	0.484616	0.306256	0.0370801
20150	-0.540363	-0.585113	3.8712	1.74682	0.451234	0.961419	-3.09189	3.75259	1.91455	0.510193	2.78623	1.12767	0.480255	0.300349	0.0371245
20151	-0.557324	-0.579182	4.00832	1.87507	0.467795	0.804537	-3.14649	4.40897	1.96782	0.446321	3.55377	0.927333	0.456547	0.300208	0.0371647
20152	-0.607891	-0.6042	4.15762	1.977	0.475512	0.967829	-3.10171	4.06921	1.91991	0.471813	2.51222	1.24145	0.473682	0.285899	0.037294
20153	-0.531389	-0.643627	3.85905	1.71104	0.443382	0.672726	-3.26471	3.64718	1.77057	0.485463	4.73833	0.724947	0.463829	0.330459	0.0373093
20154	-0.637707	-0.594061	3.8039	1.81905	0.478206	0.713243	-3.28821	3.6594	1.82622	0.499047	3.97707	0.912533	0.488425	0.332464	0.0376419
20155	-0.517987	-0.523252	3.82037	1.97137	0.516017	0.702057	-3.34488	3.65845	1.7848	0.487857	5.34872	0.744253	0.502242	0.346476	0.0376993
20156	-0.533444	-0.524984	3.94466	1.9168	0.485924	0.628042	-3.37013	3.75459	1.73449	0.461965	6.00043	0.674525	0.474241	0.356717	0.0378192
20157	-0.667802	-0.562231	4.12626	1.87402	0.45417	0.64915	-3.36914	3.80698	1.72739	0.453744	4.54273	0.867182	0.453966	0.353668	0.0381725
20158	-0.583138	-0.560962	3.71355	1.68226	0.453007	0.610942	-3.3301	3.7204	1.73418	0.466127	5.37802	0.712914	0.459573	0.359549	0.0387825
20159	-0.405971	-0.518556	3.98991	1.86561	0.467582	0.661663	-3.29109	3.92771	1.80579	0.459758	6.74384	0.569922	0.463701	0.3437	0.0392632
20160	-0.545136	-0.556739	4.08016	1.86936	0.458159	0.769864	-3.27105	3.75382	1.71861	0.457829	4.26058	0.864612	0.458001	0.339325	0.0395294
20161	-0.3711	-0.448433	3.97534	1.92016	0.483018	0.746001	-3.26408	3.57703	1.72776	0.483015	6.3529	0.623957	0.483016	0.352158	0.0397982
20162	-0.442286	-0.412414	4.04458	1.93829	0.479233	0.721541	-3.25481	3.9064	1.85847	0.47575	5.96474	0.677247	0.477521	0.347363	0.0400618
20163	-0.372747	-0.4531	3.97151	1.90573	0.479849	0.81998	-3.218	3.81197	1.8276	0.479437	5.37375	0.711299	0.479647	0.338702	0.0407257
20164	-0.323684	-0.354313	3.82636	1.75373	0.45833	0.70001	-3.25121	3.68134	1.86061	0.505416	8.00804	0.523975	0.481418	0.367392	0.0407179
20165	-0.280442	-0.286063	3.8711	1.78685	0.461588	0.700518	-3.19636	3.46417	1.77355	0.511971	8.80179	0.481141	0.485382	0.373048	0.0406708
20166	-0.298367	-0.240971	3.778	1.82357	0.482683	0.773295	-3.26606	3.79812	1.80775	0.475959	7.96818	0.57423	0.479312	0.386627	0.0409754
20167	-0.195288	-0.218929	3.94364	1.90847	0.483935	0.716782	-3.27748	3.54444	1.79707	0.507011	11.2454	0.415936	0.494858	0.387048	0.0409498
20168	-0.257164	-0.16886	3.74646	1.83539	0.489901	0.603898	-3.37564	3.46173	1.76442	0.509693	13.8698	0.370714	0.499406	0.416748	0.0409671
20169	-0.191234	-0.193466	3.97791	1.84265	0.463221	0.628173	-3.39803	3.56613	1.75256	0.491447	15.2946	0.335714	0.476564	0.416721	0.0411755
20170	-0.0237665	-0.0675772	3.75538	1.83878	0.489638	0.596293	-3.32994	3.96867	1.86655	0.47032	27.6821	0.192237	0.479712	0.41808	0.0415159
20171	-0.0716235	-0.122869	3.74889	1.89794	0.506267	0.664728	-3.35426	3.98926	1.88468	0.472439	19.2579	0.271107	0.488827	0.408448	0.041861
20172	-0.102344	-0.125072	3.90686	1.89731	0.485636	0.711765	-3.33124	4.01082	1.91865	0.478368	15.5099	0.331387	0.481954	0.402555	0.0421655
20173	-0.247861	-0.158704	3.89009	2.05979	0.529496	0.706852	-3.29496	4.16485	1.91675	0.460222	10.7914	0.455738	0.493677	0.382218	0.0422496
20174	-0.137597	-0.138679	3.85255	1.89594	0.492125	0.620895	-3.38231	3.72702	1.91698	0.514347	18.2878	0.287655	0.503052	0.408348	0.0424289
20175	-0.0298137	-0.0715294	3.82341	1.91629	0.501199	0.488824	-3.42072	3.67232	1.95333	0.531905	41.7014	0.134493	0.516242	0.420307	0.0422301
20176	-0.14858	-0.147874	4.11352	1.95587	0.475474	0.535076	-3.47283	3.75078	2.03635	0.542913	23.6536	0.233692	0.507638	0.409211	0.0425396
20177	-0.19958	-0.211802	4.08383	2.08786	0.511251	0.557006	-3.44435	4.04897	1.91615	0.473243	18.2546	0.286212	0.492329	0.394951	0.0429402
20178	-0.270257	-0.265999	4.04804	2.0366	0.503108	0.482246	-3.50986	3.95819	1.8389	0.464582	18.5827	0.28313	0.484061	0.404454	0.0428427
20179	-0.167354	-0.278013	4.19267	2.08388	0.497029	0.474891	-3.4884	3.76724	1.82937	0.485599	24.9869	0.206239	0.49162	0.397144	0.0432094
20180	-0.230355	-0.220725	3.94377	1.95201	0.494962	0.537308	-3.45205	4.09945	1.94419	0.474256	17.7182	0.294654	0.484409	0.40131	0.0435481
20181	-0.0830374	-0.174005	4.05365	1.9317	0.476533	0.646205	-3.42743	3.73251	1.76286	0.472298	19.9039	0.265897	0.474503	0.417454	0.0438502
20182	-0.181681	-0.213054	3.43965	1.65366	0.480764	0.616258	-3.42517	3.78569	1.71435	0.452849	16.2048	0.318353	0.466138	0.433827	0.044207
20183	-0.206841	-0.197638	3.54311	1.85375	0.523199	0.586769	-3.39372	3.46002	1.84116	0.532124	16.2189	0.314909	0.527608	0.408808	0.0442985
20184	-0.200847	-0.223272	4.21717	2.00692	0.475892	0.626911	-3.38616	3.50994	1.9057	0.542945	14.6003	0.342591	0.50635	0.390067	0.0444856
20185	-0.227741	-0.282717	3.98778	1.90831	0.478539	0.644299	-3.35158	3.7486	1.79599	0.479111	12.3846	0.380227	0.478816	0.388725	0.044859
20186	-0.128866	-0.127033	3.89025	1.88222	0.48383	0.724898	-3.26716	3.98586	1.89644	0.475792	13.5275	0.364456	0.479762	0.394929	0.0453539
20187	-0.185885	-0.208503	3.76665	1.79782	0.477298	0.657557	-3.29929	3.7361	1.80026	0.481856	13.4285	0.355698	0.479568	0.399069	0.0455095
20188	-0.160104	-0.208158	3.858	1.87064	0.484874	0.647014	-3.342	4.10755	1.86082	0.453025	15.0758	0.325719	0.468451	0.396977	0.0455903
20189	-0.34969	-0.220317	3.75828	1.8744	0.498738	0.518236	-3.36816	4.03964	1.82509	0.451797	13.1541	0.376648	0.474421	0.40118	0.0456774
20190	-0.181998	-0.170177	4.00647	1.79984	0.449235	0.724896	-3.33169	3.94577	1.83036	0.463878	12.1528	0.411229	0.456501	0.407821	0.0460824
20191	-0.0932732	-0.138725	3.43447	1.64615	0.479303	0.757465	-3.28151	3.8421	1.82002	0.473704	13.647	0.361878	0.476347	0.416144	0.0462833
20192	-0.140723	-0.122976	3.60349	1.7369	0.482005	0.65876	-3.33012	4.05432	1.94074	0.478686	16.0923	0.319586	0.480248	0.411612	0.0466745
20193	-0.212025	-0.176729	3.66978	1.79114	0.488079	0.710517	-3.27058	3.57621	1.80372	0.504368	11.2468	0.425542	0.496119	0.39976	0.0470639
20194	-0.19548	-0.153719	3.85886	1.69438	0.439089	0.715554	-3.28152	3.84084	1.8504	0.481769	11.7871	0.414992	0.460379	0.408393	0.0472532
20195	-0.167997	-0.167823	3.7886	1.78612	0.471445	0.704202	-3.25406	3.97855	1.89278	0.475746	12.5206	0.380366	0.473648	0.393052	0.0470217
20196	-0.211464	-0.186862	3.71381	1.7765	0.478348	0.829446	-3.19008	3.46988	1.83308	0.528285	8.32428	0.541747	0.502469	0.384612	0.0470825
20197	-0.214487	-0.241634	3.89487	1.7901	0.459604	0.759181	-3.17804	3.6026	1.76396	0.489634	9.0952	0.474014	0.474034	0.377656	0.0474618
20198	-0.256547	-0.254724	4.04075	1.82004	0.450422	0.820297	-3.15924	3.75084	1.81919	0.485007	7.27514	0.579796	0.467071	0.367017	0.0479488
20199	-0.268552	-0.232682	3.93387	1.82216	0.463198	0.906534	-3.14075	3.83283	1.7997	0.469549	6.1245	0.690413	0.466332	0.368699	0.0482373
20200	-0.108605	-0.169585	3.91447	1.85597	0.474129	0.905999	-3.10263	3.77031	1.7598	0.466751	8.35689	0.51471	0.470509	0.373082	0.0482881
20201	-0.208799	-0.189761	3.85955	1.9666	0.509541	0.79442	-3.15178	3.6812	1.82612	0.496066	8.71737	0.503224	0.502963	0.36653	0.0483311
20202	-0.218017	-0.171633	3.95293	1.86634	0.472139	0.665241	-3.21883	3.62102	1.57919	0.436118	11.9021	0.390073	0.454918	0.402651	0.0482582
20203	-0.263571	-0.284454	3.64399	1.80304	0.494797	0.780537	-3.23494	3.85657	1.77846	0.46115	7.9854	0.54508	0.477497	0.378096	0.0485456
20204	-0.184279	-0.242542	3.79148	1.83402	0.483722	0.749015	-3.23931	3.64953	1.65223	0.452725	10.3102	0.435519	0.468519	0.391847	0.0488431
20205	-0.257	-0.226705	4.07834	1.84835	0.453212	0.703134	-3.26055	3.77	1.74584	0.463089	9.98444	0.460929	0.457956	0.390443	0.0491248
20206	-0.165063	-0.241904	3.62378	1.74783	0.482323	0.719304	-3.25462	3.96104	1.87536	0.473452	11.6052	0.391053	0.47769	0.385217	0.049408
20207	-0.131815	-0.192384	3.78883	1.99544	0.526664	0.663947	-3.29405	3.65898	1.77311	0.484591	15.1923	0.316619	0.505994	0.389692	0.0494071
20208	-0.205439	-0.145748	4.11575	1.97719	0.480398	0.644564	-3.37105	3.63695	1.75632	0.482911	14.398	0.361252	0.481577	0.410696	0.0496611
20209	-0.0929261	-0.0970906	3.98521	1.86825	0.468796	0.578201	-3.3939	3.86104	1.82078	0.471577	24.1311	0.225206	0.470164	0.424275	0.0499708
20210	-0.182725	-0.198092	3.92421	1.94077	0.494563	0.652365	-3.38415	4.12653	2.00993	0.487075	14.556	0.348688	0.490725	0.391237	0.0503523
20211	-0.152065	-0.197264	3.49516	1.80006	0.515015	0.614406	-3.39886	4.17192	1.93738	0.464386	17.4479	0.293739	0.487466	0.406876	0.0505324
20212	-0.174254	-0.236636	3.96528	1.8306	0.461656	0.616345	-3.40607	3.92234	1.78188	0.454291	16.0713	0.312524	0.457994	0.410214	0.0508285
20213	-0.160549	-0.199076	4.06935	1.84169	0.452575	0.558366	-3.38604	3.87475	1.72749	0.445832	19.6516	0.25842	0.449286	0.415811	0.0511594
20214	-0.183753	-0.191167	4.10177	1.89896	0.46296	0.645005	-3.35683	3.81631	1.85364	0.485714	14.5906	0.34342	0.473927	0.400468	0.0514325
20215	-0.125577	-0.203324	4.02127	1.85459	0.461195	0.687026	-3.34283	4.057	1.83977	0.453479	14.9268	0.330162	0.45732	0.400239	0.051702
20216	-0.237703	-0.222344	3.74476	1.83351	0.489621	0.676931	-3.33021	3.90335	1.64105	0.420419	11.5459	0.418278	0.454303	0.410139	0.0519643
20217	-0.109123	-0.201532	3.97029	1.97057	0.496329	0.706094	-3.29944	3.58983	1.65854	0.462011	14.4408	0.33229	0.480034	0.398114	0.0523691
20218	-0.0945829	-0.199011	3.93849	1.97679	0.501915	0.72106	-3.31826	3.70916	1.68301	0.453745	14.6252	0.332637	0.478552	0.399388	0.052683
20219	-0.267762	-0.169477	3.96415	1.98161	0.499884	0.801932	-3.29014	3.87621	1.75087	0.451696	8.51087	0.572122	0.47606	0.394896	0.0532508
20220	-0.077732	-0.119446	3.94983	1.95476	0.494897	0.766191	-3.28564	3.94235	1.80271	0.457268	14.0756	0.356103	0.476101	0.400236	0.0535196
20221	-0.0323231	-0.0454274	3.84923	1.84899	0.480351	0.7963	-3.25727	3.83928	1.80724	0.470725	15.0243	0.343308	0.475544	0.413737	0.0538365
20222	0.0646724	0.0316286	4.15117	1.98543	0.478281	0.762925	-3.28823	3.80828	1.72512	0.452993	22.6056	0.243778	0.466182	0.42626	0.0540204
20223	0.0841012	0.04297	3.78026	1.90441	0.503779	0.805589	-3.22754	4.06699	1.86875	0.459492	20.5481	0.260272	0.480826	0.414882	0.0543407
20224	0.0215063	-0.0380854	4.03538	1.99969	0.495539	0.783823	-3.14342	3.75267	1.79785	0.479086	16.5938	0.290563	0.487612	0.388432	0.0543313
20225	-0.092963	-0.0797342	3.90966	1.99887	0.511266	0.883777	-3.11572	3.71554	1.85566	0.499431	9.66141	0.47701	0.505499	0.374263	0.0545261
20226	-0.0143462	-0.00866544	4.08417	1.89286	0.463463	0.996775	-3.08998	3.94061	1.92488	0.488474	9.28677	0.511183	0.475745	0.383494	0.054694
20227	-0.0405544	0.00396818	3.97063	1.82859	0.460529	0.920232	-3.04669	3.96056	1.87598	0.473665	10.0817	0.461555	0.467088	0.385884	0.0549813
20228	-0.00197087	0.0147914	3.94941	1.81135	0.458639	0.880191	-3.0521	3.77171	1.76304	0.467439	12.0865	0.389105	0.462937	0.396934	0.0555634
20229	-0.0203401	-0.0207474	4.11602	2.00453	0.487006	1.01521	-3.05508	3.68583	1.69263	0.459226	8.58585	0.536183	0.473882	0.383818	0.0557219
20230	0.0534614	0.0306972	3.97319	1.82611	0.459609	0.901504	-3.05911	3.84142	1.76196	0.458674	13.2748	0.359588	0.459149	0.399586	0.0560924
20231	-0.0394803	0.0136629	3.88113	1.81871	0.468604	0.988186	-2.98367	3.58917	1.69444	0.472098	8.50678	0.528049	0.470283	0.390107	0.0560815
20232	-0.0149028	-0.0158641	4.1773	1.91439	0.458284	1.03649	-2.9809	3.55186	1.65834	0.466894	7.95303	0.552711	0.462241	0.380991	0.0563725
20233	-0.0698678	-0.0772741	4.12068	1.79001	0.434398	0.967612	-3.03334	3.69104	1.785	0.483604	8.11839	0.538182	0.457648	0.379413	0.0567079
20234	-0.0946699	-0.100802	3.86085	1.90395	0.493143	1.01308	-3.02632	3.61998	1.71325	0.473277	6.97466	0.613553	0.48353	0.371788	0.0569981
20235	-0.0336187	-0.0303831	3.88521	1.82017	0.468487	1.01264	-3.02965	3.76263	1.73473	0.461042	8.21778	0.547327	0.464824	0.387607	0.0573537
20236	-0.0374627	-0.0505577	3.95821	2.03544	0.514232	1.01123	-3.01414	3.76306	1.67029	0.443865	7.98613	0.549878	0.479938	0.37218	0.0576789
20237	-0.0425886	-0.0632689	3.78194	1.9016	0.502811	0.979953	-3.04265	3.75793	1.77119	0.47132	8.48963	0.522796	0.487116	0.376761	0.0578314
20238	-0.0641035	-0.0458218	3.83971	1.89286	0.492969	0.97935	-2.98362	3.79072	1.78758	0.471568	7.92677	0.544398	0.482337	0.369699	0.0584133
20239	-0.0118758	0.0154331	4.03701	1.95207	0.483543	0.971342	-2.99202	3.92855	2.01895	0.513918	9.35616	0.483359	0.498523	0.362939	0.0582871
20240	-0.0127243	-0.0444719	3.71119	1.7422	0.469445	1.01472	-3.0147	3.63127	1.89681	0.522355	8.35732	0.527817	0.495612	0.377487	0.0583791
20241	-0.256781	-0.173479	3.83137	1.75831	0.458924	0.951382	-3.10506	3.65696	1.84968	0.505796	5.88778	0.729829	0.481814	0.373352	0.0584621
20242	-0.199543	-0.195093	3.69719	1.77431	0.479907	0.808167	-3.16579	3.67234	1.7608	0.479477	8.69051	0.50774	0.479692	0.384393	0.0589704
20243	-0.157223	-0.145684	3.61672	1.61166	0.445614	0.83157	-3.16875	3.53415	1.72815	0.488987	9.34724	0.488856	0.46705	0.406327	0.0592009
20244	-0.156792	-0.161899	3.5337	1.86783	0.528578	0.801296	-3.20351	3.56669	1.63924	0.459598	10.0785	0.458966	0.493927	0.397521	0.0592294
20245	-0.108833	-0.21818	4.03571	1.87713	0.465129	0.735837	-3.25062	3.68322	1.71898	0.466705	12.8887	0.356734	0.465881	0.390096	0.0593142
20246	-0.257032	-0.233054	3.95474	1.84105	0.46553	0.770491	-3.24081	3.90438	1.88151	0.481896	8.56846	0.527901	0.473661	0.378054	0.0598457
20247	-0.183844	-0.191866	4.21227	1.85527	0.440444	0.824135	-3.15586	3.66416	1.82391	0.497771	8.64673	0.508011	0.467113	0.373926	0.0597755
20248	-0.151745	-0.18363	3.78459	1.66586	0.44017	0.715817	-3.24427	3.93155	1.84636	0.469625	12.4458	0.376331	0.455178	0.400161	0.0602127
20249	-0.187301	-0.176581	3.4554	1.68138	0.486594	0.837747	-3.20688	3.73774	1.83788	0.491711	8.73942	0.525361	0.489253	0.394909	0.0604858
20250	-0.19173	-0.123808	3.95266	1.86298	0.471324	0.86027	-3.20921	3.96759	1.92953	0.486322	8.60186	0.553351	0.478837	0.385692	0.0603906
20251	-0.0971562	-0.0831093	3.66904	1.76644	0.481445	0.77096	-3.15943	4.05295	2.0299	0.500845	12.5576	0.376813	0.491627	0.384057	0.0607119
20252	-0.224274	-0.140889	3.81615	1.79682	0.470845	0.741243	-3.20327	3.53618	1.8704	0.528932	10.06	0.466112	0.498782	0.390112	0.0609091
20253	-0.106787	-0.123338	3.63535	1.77166	0.487342	0.712106	-3.29198	3.97803	1.8736	0.470987	14.9724	0.335293	0.478797	0.40791	0.0608495
20254	-0.0666485	-0.125722	3.7037	1.83916	0.496573	0.643002	-3.30536	3.75321	1.80604	0.481198	20.0755	0.251802	0.488835	0.409588	0.0610427
20255	-0.137235	-0.185586	3.9586	1.9082	0.482039	0.718712	-3.32797	3.95933	1.89617	0.478911	13.478	0.366323	0.480475	0.393654	0.060796
20256	-0.274839	-0.23608	4.01316	1.9476	0.485303	0.621743	-3.33811	3.71441	1.93415	0.520715	11.9705	0.401929	0.502324	0.382732	0.0612797
20257	-0.181866	-0.231523	3.82165	1.79589	0.469927	0.750263	-3.26757	3.8128	1.65701	0.434592	10.6087	0.434433	0.45228	0.400376	0.0615154
20258	-0.179816	-0.153521	3.82894	1.79508	0.468818	0.804746	-3.2288	3.91621	1.73273	0.442452	9.75628	0.48468	0.455486	0.40139	0.0619547
20259	-0.113622	-0.170601	3.87541	1.8676	0.481911	0.818466	-3.18319	3.78755	1.90084	0.501867	10.4464	0.434394	0.491775	0.375931	0.0621895
20260	-0.227301	-0.243849	4.03028	1.8009	0.446842	0.783816	-3.20763	3.78603	1.79234	0.473408	8.59193	0.511179	0.45971	0.379443	0.0622652
20261	-0.242655	-0.23757	4.05849	1.97265	0.486056	0.916471	-3.0857	3.56146	1.86376	0.523313	6.0375	0.671787	0.50347	0.345923	0.0626622
20262	-0.282354	-0.279907	3.73233	1.73877	0.465867	0.880901	-3.14145	4.13666	1.8638	0.450557	6.05135	0.676581	0.457818	0.362457	0.0630039
20263	-0.423826	-0.30843	3.49517	1.68648	0.482519	0.97293	-3.08779	3.64819	1.80849	0.495723	3.95958	0.975464	0.489262	0.356021	0.0629124
20264	-0.317106	-0.3472	3.70499	1.79088	0.483371	0.96308	-2.99248	3.79957	1.77028	0.465917	4.26968	0.819438	0.474534	0.329526	0.0632216
20265	-0.328279	-0.36163	3.81407	1.83305	0.480603	0.932271	-3.0412	3.61512	1.72716	0.477762	4.51866	0.794493	0.479221	0.335301	0.0636232
20266	-0.35363	-0.347613	3.77753	1.86469	0.493626	0.856055	-3.06819	3.6317	1.77155	0.487802	5.05797	0.731669	0.490771	0.337365	0.0638795
20267	-0.40053	-0.346757	3.44319	1.68567	0.489566	0.925107	-3.09604	3.8602	1.79659	0.465413	4.30121	0.878657	0.4768	0.351879	0.063794
20268	-0.436398	-0.43357	3.75186	1.79851	0.479365	0.851045	-3.14428	3.76158	1.77362	0.471509	4.43314	0.828755	0.475432	0.339723	0.0641867
20269	-0.383581	-0.371985	3.83943	1.86923	0.486851	0.820542	-3.1411	3.91582	1.94754	0.497351	5.28861	0.724956	0.492152	0.334447	0.0641854
20270	-0.444569	-0.388847	4.01126	1.94415	0.484674	0.81115	-3.19281	4.08189	2.01166	0.492824	4.98608	0.788414	0.488785	0.332053	0.0644743
20271	-0.391252	-0.40271	3.92236	1.8161	0.463012	0.833859	-3.19062	3.96948	1.94479	0.489936	5.17853	0.750447	0.476554	0.340769	0.0647684
20272	-0.463365	-0.451529	3.84165	1.80218	0.469116	0.846581	-3.14945	4.25759	1.98829	0.466999	4.2418	0.85798	0.468003	0.324466	0.0647873
20273	-0.422449	-0.445605	3.71592	1.8616	0.500979	0.917631	-3.04184	4.23901	1.90277	0.448871	3.75342	0.897907	0.473212	0.309332	0.0648071
20274	-0.369803	-0.38869	3.59212	1.77227	0.493378	0.963738	-3.02017	3.91028	1.76432	0.451199	3.89392	0.889166	0.471394	0.328746	0.0650213
20275	-0.412978	-0.368646	3.66088	1.67317	0.45704	0.932054	-3.03491	4.1657	1.80368	0.432984	3.92953	0.904555	0.444236	0.33837	0.0650715
20276	-0.378152	-0.387821	3.60762	1.67589	0.464542	1.00639	-3.0497	3.72431	1.87895	0.504509	3.69627	0.958479	0.484844	0.332691	0.0653006
20277	-0.503007	-0.393784	3.71014	1.77846	0.479351	1.01655	-3.05342	4.09577	1.95224	0.476649	3.06343	1.15453	0.477933	0.321691	0.0653114
20278	-0.428301	-0.38662	3.71563	1.75644	0.472717	0.973205	-3.05022	3.96551	1.89431	0.477696	3.61202	0.982109	0.475287	0.327092	0.0654103
20279	-0.340132	-0.376163	3.73908	1.87411	0.501221	0.911907	-3.06361	4.10775	2.02395	0.492715	4.60729	0.7838	0.496768	0.316676	0.0654969
20280	-0.359473	-0.362613	4.10594	2.04079	0.497034	0.923566	-3.02952	3.71012	1.86816	0.503531	4.32053	0.823095	0.500118	0.312766	0.0658077
20281	-0.322319	-0.327128	3.93907	1.88623	0.478852	1.02361	-3.03262	3.80845	1.75415	0.460594	4.04062	0.905766	0.469877	0.334632	0.0665691
20282	-0.323283	-0.357489	3.69935	1.88071	0.508388	1.03725	-3.02782	3.86981	1.79939	0.464982	3.85225	0.925519	0.486197	0.326441	0.0666871
20283	-0.448999	-0.391974	3.74239	1.7935	0.47924	0.946717	-3.04806	3.74384	1.95569	0.522377	3.62152	0.974012	0.500813	0.320031	0.0669458
20284	-0.354714	-0.388257	3.63811	1.73425	0.47669	0.8801	-3.08178	4.26513	2.10192	0.492815	4.75817	0.762384	0.485392	0.321134	0.0672204
20285	-0.386054	-0.363982	3.69705	1.77215	0.479341	0.949495	-3.09448	3.68689	2.0166	0.546965	4.17987	0.891846	0.513107	0.32985	0.0675907
20286	-0.37501	-0.330658	3.87109	1.76772	0.456647	0.932154	-3.10657	3.92459	1.96258	0.500073	4.50973	0.854339	0.478509	0.340666	0.0681024
20287	-0.337245	-0.314939	3.96033	1.86398	0.470662	0.920117	-3.12245	3.96019	2.02191	0.510559	4.98565	0.790479	0.49061	0.336585	0.0686681
20288	-0.337429	-0.330242	3.9871	1.88212	0.472053	0.962974	-3.08091	3.61814	1.91891	0.530358	4.47426	0.845524	0.499792	0.332394	0.0684837
20289	-0.362938	-0.394237	3.70926	1.86735	0.50343	0.860762	-3.05441	3.91231	1.88637	0.482162	4.72573	0.748722	0.492513	0.320438	0.0691479
20290	-0.375052	-0.413876	3.84947	1.78209	0.462944	0.942923	-3.05539	3.95815	1.90075	0.480212	4.01689	0.868529	0.471698	0.321524	0.069266
20291	-0.48293	-0.419511	3.72571	1.72423	0.462792	0.812913	-3.1348	3.94302	1.94243	0.492626	4.39063	0.839604	0.478132	0.334639	0.069806
20292	-0.380801	-0.370592	3.92052	1.81146	0.462045	0.940662	-3.09244	4.05655	1.79692	0.442966	4.24246	0.873133	0.452343	0.339297	0.0701345
20293	-0.27537	-0.348021	3.7387	1.74023	0.465462	0.977529	-3.058	3.6118	1.74594	0.483399	4.67844	0.784877	0.474276	0.345085	0.0704317
20294	-0.318605	-0.252012	3.79165	1.72196	0.454145	1.02542	-3.0189	3.91457	1.87411	0.478752	4.23807	0.903199	0.466644	0.347467	0.0710824
20295	-0.137603	-0.167779	3.73493	1.68838	0.45205	0.894469	-3.05217	3.90791	1.76796	0.452404	7.81067	0.532587	0.452231	0.375809	0.0716298
20296	-0.107187	-0.152244	3.95356	1.7895	0.45263	0.985493	-3.07593	4.28218	1.84063	0.429834	7.1594	0.596974	0.440777	0.370664	0.0718156
20297	-0.172599	-0.185736	3.77185	1.75365	0.46493	0.901629	-3.08489	3.67472	1.70044	0.462741	7.28365	0.576982	0.46385	0.37836	0.0722338
20298	-0.162944	-0.124896	3.82302	1.82487	0.477336	0.88268	-3.07742	3.84849	1.81674	0.472066	7.97326	0.546664	0.474692	0.374514	0.0723536
20299	-0.0755858	-0.113411	3.81182	1.7651	0.46306	0.880913	-3.08086	3.79967	1.85359	0.487828	9.62493	0.457445	0.475425	0.378363	0.0723049
20300	-0.189344	-0.162437	3.94656	1.68065	0.425853	0.913731	-3.082	3.92283	1.86717	0.475974	7.00529	0.608388	0.450838	0.375368	0.0727682
20301	-0.232266	-0.213599	3.45037	1.62746	0.471677	0.891552	-3.06201	3.9979	1.81253	0.453371	6.42412	0.631484	0.461851	0.371044	0.0729003
20302	-0.157705	-0.165973	3.64198	1.76733	0.485266	1.02803	-3.00043	3.9948	1.71058	0.428201	5.71436	0.702979	0.455415	0.366207	0.0732565
20303	-0.197479	-0.187649	3.68018	1.7949	0.48772	1.00905	-2.9579	3.73133	1.67404	0.448645	5.27189	0.727852	0.468047	0.35623	0.0735915
20304	-0.103871	-0.153611	3.60752	1.82949	0.507132	1.00336	-2.98842	3.61432	1.66453	0.460537	6.555	0.612977	0.483812	0.365192	0.0735416
20305	-0.21968	-0.206569	4.03896	1.8877	0.467372	0.939505	-3.08474	3.69482	1.7219	0.466033	6.16491	0.671855	0.466732	0.364686	0.0733563
20306	-0.167698	-0.189487	3.67585	1.9621	0.53378	0.923282	-3.06647	3.75552	1.77368	0.472286	6.95411	0.595119	0.502704	0.356574	0.0736214
20307	-0.195183	-0.180218	4.1282	1.9196	0.464996	0.95272	-3.01355	3.9975	1.75257	0.438416	6.09234	0.65884	0.45192	0.353504	0.0739948
20308	-0.181096	-0.154631	3.68999	1.73931	0.471358	1.00375	-2.97097	3.70378	1.88901	0.510022	5.64995	0.701934	0.490726	0.353501	0.0742563
20309	-0.132802	-0.135051	3.62067	1.74632	0.482319	1.13917	-2.90221	3.89965	1.926	0.49389	4.73274	0.808956	0.488319	0.34277	0.0747016
20310	-0.146075	-0.151937	3.75696	1.82268	0.485148	1.10846	-2.89704	3.61076	1.89442	0.52466	4.78795	0.786933	0.504512	0.336462	0.0749406
20311	-0.287966	-0.195869	3.49101	1.73514	0.497031	0.968345	-2.98076	3.73242	1.76867	0.473867	4.91384	0.789159	0.485062	0.356353	0.0752243
20312	-0.221689	-0.181902	3.47342	1.67873	0.483308	1.14232	-2.92371	3.4549	1.86515	0.539856	4.04057	0.930254	0.511506	0.346654	0.0754679
20313	-0.126842	-0.148675	3.45945	1.7695	0.511496	1.0561	-2.92653	3.64993	1.93776	0.530902	5.51433	0.699675	0.521459	0.342375	0.0755283
20314	-0.0976638	-0.15461	3.75316	1.83255	0.488267	1.01621	-2.95677	3.92589	1.85137	0.471581	6.32861	0.620363	0.479736	0.347739	0.0755906
20315	-0.107797	-0.151464	3.73201	1.84792	0.495154	0.923955	-3.03388	3.80487	1.97185	0.518245	7.80484	0.532256	0.506811	0.35235	0.075794
20316	-0.134497	-0.141665	3.94804	1.78179	0.451311	0.888737	-3.1078	4.14952	1.94913	0.469723	8.40295	0.523504	0.460746	0.371	0.0759005
20317	-0.166559	-0.159874	3.9332	1.74327	0.443219	0.759381	-3.2174	4.06391	1.95479	0.481011	10.9037	0.428682	0.462424	0.387368	0.0763228
20318	-0.152549	-0.190913	3.68425	1.67116	0.453596	0.972321	-3.07849	4.06925	2.01418	0.494977	6.58966	0.632666	0.475314	0.361393	0.0764994
20319	-0.23424	-0.201242	3.52681	1.76323	0.499951	0.901953	-3.088	4.12563	1.9608	0.475272	6.45531	0.645467	0.486646	0.358856	0.0769995
20320	-0.343513	-0.261293	3.99087	1.75715	0.440293	0.864571	-3.12158	3.83475	1.89303	0.493653	5.60562	0.729734	0.466441	0.359225	0.0772639
20321	-0.295778	-0.284457	3.74492	1.79972	0.480576	0.824454	-3.15786	3.93987	1.90823	0.484338	6.57928	0.62746	0.482505	0.357719	0.0774308
20322	-0.256223	-0.313564	3.65908	1.75745	0.480299	0.774485	-3.16619	4.1629	1.9455	0.467344	7.65983	0.531179	0.473404	0.3547	0.0775787
20323	-0.165229	-0.221197	3.58243	1.70827	0.476846	0.892351	-3.13253	4.2003	1.89999	0.452347	7.57806	0.559238	0.463624	0.370098	0.0778564
20324	-0.210796	-0.227269	3.60882	1.6351	0.453083	0.855874	-3.17953	4.01093	1.82953	0.456136	7.66037	0.568893	0.45469	0.386214	0.0780698
20325	-0.27147	-0.277631	3.4843	1.74171	0.499875	0.755005	-3.17628	3.707	1.78358	0.481139	7.97433	0.526826	0.490217	0.373491	0.0785816
20326	-0.184865	-0.21387	3.77407	1.90762	0.505454	0.720723	-3.20438	4.25449	2.04377	0.480379	10.9051	0.410045	0.492167	0.361474	0.078833
20327	-0.255072	-0.239449	3.91823	1.96313	0.501024	0.749944	-3.31875	3.95982	1.90658	0.481481	9.38769	0.505029	0.491201	0.379996	0.078884
20328	-0.184182	-0.193231	3.9285	1.97324	0.502287	0.667687	-3.36378	3.92627	1.91778	0.488449	13.8523	0.36284	0.49537	0.392538	0.0792886
20329	-0.239902	-0.235534	3.81786	1.87242	0.490436	0.676747	-3.29385	3.96188	2.05885	0.519666	11.1317	0.420122	0.505321	0.37308	0.07959
20330	-0.223872	-0.244421	3.82574	1.81318	0.473944	0.700704	-3.27405	3.89569	1.85183	0.475353	10.7373	0.427421	0.474655	0.385151	0.0797384
20331	-0.314021	-0.283668	3.80024	1.69851	0.446948	0.745289	-3.20535	3.88607	1.90271	0.489624	7.6071	0.561069	0.468524	0.37221	0.0802265
20332	-0.258708	-0.275896	3.82579	1.76324	0.460881	0.821716	-3.19971	3.72654	1.9595	0.525824	7.32338	0.583658	0.492926	0.364827	0.0804121
20333	-0.225607	-0.236041	4.05408	1.916	0.472609	0.955699	-3.07411	3.63205	1.94912	0.536645	5.77195	0.697742	0.502869	0.342644	0.0804501
20334	-0.339079	-0.297583	3.99175	1.92497	0.482236	0.936819	-3.05417	4.13875	1.8676	0.451247	4.66778	0.813958	0.466461	0.333843	0.0803145
20335	-0.266289	-0.298364	3.6816	1.85894	0.504929	0.975483	-3.0613	3.857	1.92972	0.500318	4.95059	0.771	0.502569	0.335097	0.0806836
20336	-0.210453	-0.239078	3.71229	1.76668	0.475899	1.00386	-2.96564	3.54715	1.98984	0.560969	5.04164	0.737273	0.517466	0.331102	0.0808875
20337	-0.239716	-0.165387	3.81092	1.8521	0.485999	0.962895	-3.03123	3.97832	2.02155	0.508142	5.67877	0.723136	0.497308	0.346544	0.0810903
20338	-0.124155	-0.133615	3.94339	1.70811	0.433157	0.994992	-2.99143	4.02716	1.99633	0.495717	6.52068	0.626245	0.464766	0.355439	0.0812416
20339	-0.105119	-0.084297	3.75519	1.7925	0.477341	0.984599	-2.99342	3.89954	2.02503	0.5193	7.12684	0.593742	0.498716	0.356705	0.0817367
20340	-0.0870344	-0.110642	3.68817	1.89856	0.514771	1.14846	-2.92521	3.78195	1.90177	0.502854	5.18968	0.763225	0.508737	0.342705	0.0822627
20341	-0.145473	-0.101732	4.16926	1.80925	0.43395	1.1423	-2.89568	4.10701	1.97161	0.480059	4.70719	0.829175	0.456831	0.340553	0.0826873
20342	-0.0937791	-0.106812	3.83826	1.87575	0.488697	1.07255	-2.9035	4.01452	2.02737	0.505009	5.74976	0.680156	0.497036	0.333878	0.0829697
20343	-0.110678	-0.122332	3.70481	1.83017	0.493999	1.11496	-2.91548	4.0153	2.11211	0.526014	5.19358	0.751088	0.51065	0.3311	0.0826894
20344	-0.244136	-0.186987	3.95531	1.89423	0.478906	1.05191	-2.98863	3.97773	2.01852	0.507456	4.67288	0.839868	0.493222	0.334117	0.0829383
20345	-0.285397	-0.174217	4.0221	1.97526	0.491101	0.954148	-3.03989	4.05575	1.95904	0.483029	5.34477	0.768236	0.487048	0.343008	0.0832967
20346	-0.0996554	-0.109789	4.03077	1.90193	0.471854	0.919006	-3.04897	3.7611	1.84556	0.490697	8.32517	0.518836	0.480949	0.365721	0.0834861
20347	-0.0750289	-0.0658004	4.09007	1.91084	0.467189	0.832401	-3.13689	3.95623	1.90065	0.480419	11.454	0.411715	0.473694	0.382312	0.0836963
20348	-0.0187192	-0.00618563	3.88008	2.06137	0.531271	0.760258	-3.25652	3.95053	1.88436	0.47699	17.4103	0.303403	0.503886	0.401093	0.0834243
20349	-0.0715151	-0.00811767	4.04125	1.8576	0.459659	0.718035	-3.29145	3.94999	1.82491	0.462003	17.293	0.311694	0.460818	0.422707	0.0838474
20350	0.0706831	0.0263455	4.11551	1.8743	0.455424	0.667156	-3.32505	3.61919	1.96176	0.542044	31.5697	0.17789	0.495955	0.422752	0.0842172
20351	0.135619	0.0771175	3.93072	1.85824	0.472748	0.743667	-3.3592	4.06172	1.94911	0.479873	31.9382	0.184862	0.476369	0.436858	0.0844089
20352	0.133116	0.10004	3.71659	1.71345	0.461029	0.592619	-3.40566	3.77046	1.87443	0.497134	58.2067	0.105572	0.479211	0.461434	0.0844003
20353	0.138777	0.130409	3.42551	1.6359	0.477565	0.600472	-3.39614	3.7895	1.84774	0.487594	58.3431	0.106581	0.482833	0.471722	0.0842627
20354	0.181065	0.228458	3.78496	1.7135	0.452713	0.590817	-3.39498	3.96514	1.8597	0.469012	78.1988	0.0839484	0.461052	0.478911	0.0844873
20355	0.199354	0.231212	3.64893	1.77171	0.485542	0.60157	-3.39378	3.77038	1.80889	0.479763	81.226	0.0808889	0.482605	0.478608	0.0848107
20356	0.144079	0.189657	3.87411	1.83474	0.47359	0.532853	-3.38011	3.71112	1.91603	0.516293	84.3107	0.075573	0.494483	0.459401	0.0846968
20357	0.0624167	0.154234	3.99754	1.88317	0.471081	0.557459	-3.33632	3.59825	1.75094	0.486608	49.7168	0.122533	0.478437	0.456104	0.0845814
20358	0.0363654	0.108085	3.77838	1.86291	0.493043	0.668785	-3.33108	3.85069	1.90337	0.494294	29.573	0.199977	0.493674	0.439935	0.0850408
20359	0.115191	0.149733	3.95754	1.93217	0.488225	0.651186	-3.31196	3.67499	1.93159	0.525603	41.7113	0.143646	0.506222	0.436859	0.0857638
20360	0.119273	0.115136	3.95761	2.18272	0.551525	0.822774	-3.25727	3.92612	2.01969	0.514423	22.98	0.247456	0.533048	0.403669	0.0859633
20361	0.00477656	0.0523282	4.04949	2.12746	0.525365	0.844488	-3.18606	3.95946	2.06278	0.520976	14.873	0.352557	0.523195	0.384995	0.0860718
20362	0.0512502	0.0533806	3.85342	1.98847	0.516026	0.866318	-3.11942	4.26555	2.01168	0.471611	15.153	0.332168	0.492691	0.386299	0.0863154
20363	-0.0102418	0.0263712	4.34603	2.09789	0.482714	0.802127	-3.16746	3.60259	1.93341	0.536672	15.4567	0.329971	0.50717	0.387592	0.0866938
20364	0.0146203	0.0320151	3.95415	2.01461	0.509492	0.925666	-3.14322	4.12336	1.94796	0.47242	12.1471	0.415002	0.490567	0.388904	0.0866701
20365	0.00202192	-0.0137373	3.46684	1.75514	0.506263	0.83178	-3.15043	4.61886	2.10061	0.454789	14.2903	0.344249	0.476859	0.389594	0.0869364
20366	0.0285598	0.00175146	3.92187	1.88096	0.479607	0.888283	-3.15241	4.01098	1.97711	0.492924	13.4602	0.369562	0.48634	0.392095	0.087273
20367	0.101684	0.0835968	3.73102	2.00546	0.537509	0.869531	-3.09733	3.96088	2.0046	0.506098	17.1616	0.294795	0.521334	0.386926	0.0873
20368	0.0682109	0.0883085	4.02718	1.93033	0.479326	0.905785	-3.11248	3.72718	1.84829	0.495894	14.6038	0.350765	0.48729	0.404112	0.087713
20369	0.0196147	0.0279736	3.81065	1.69246	0.444139	0.852107	-3.17072	3.97531	1.88237	0.473516	14.7634	0.346522	0.459138	0.417213	0.087872
20370	0.0566797	0.0335961	3.93954	1.75175	0.444659	0.877696	-3.16088	3.95183	1.92141	0.486206	15.139	0.337034	0.465465	0.409992	0.0879209
20371	-0.0919099	-0.0708243	3.7733	1.78332	0.472617	0.799636	-3.20264	3.82243	1.9098	0.49963	12.3397	0.397427	0.486211	0.399142	0.0879539
20372	-0.12606	-0.112343	3.49364	1.68021	0.480932	0.721813	-3.19069	3.44846	1.74781	0.506838	13.1817	0.359444	0.493801	0.408784	0.0881256
20373	-0.171794	-0.157543	3.80566	1.73133	0.454934	0.836858	-3.18425	3.94128	1.78937	0.454008	9.00447	0.508689	0.454463	0.394245	0.0884973
20374	-0.14728	-0.128251	3.73462	1.70085	0.455429	0.816143	-3.12426	3.74577	1.79245	0.478526	9.67055	0.464092	0.466995	0.391245	0.0888422
20375	-0.157095	-0.142391	3.82712	1.71046	0.446931	0.880545	-3.1713	4.20224	1.88653	0.448935	8.52079	0.538349	0.44798	0.389483	0.0892937
20376	0.00595548	-0.0418705	3.90282	1.7781	0.455593	0.88404	-3.1615	4.13857	1.84448	0.44568	12.6222	0.385516	0.450491	0.401902	0.0895379
20377	-0.0444084	-0.0103168	3.89637	1.73185	0.444478	0.810104	-3.17705	3.68926	1.75249	0.475024	13.7337	0.365095	0.459334	0.418564	0.0898568
20378	-0.00135879	-0.0030883	3.99694	1.75031	0.437912	0.807486	-3.21282	3.65025	1.77432	0.486083	15.7473	0.327115	0.460905	0.422335	0.0896193
20379	-0.0951906	-0.080927	3.77668	1.68589	0.446394	0.844243	-3.17166	4.27329	1.96497	0.459826	10.8241	0.441268	0.453525	0.395574	0.089652
20380	-0.0506162	-0.0471871	3.81546	1.74999	0.458657	0.857097	-3.11145	4.14899	2.03042	0.489378	11.396	0.411972	0.474661	0.383194	0.0898335
20381	-0.0781986	-0.0534413	4.1232	1.76016	0.426892	0.9772	-3.03186	4.07296	1.9504	0.478865	7.96413	0.556933	0.452719	0.374211	0.0900676
20382	-0.0548589	-0.0739266	3.97787	1.73622	0.43647	1.03566	-3.01552	3.85023	1.9389	0.503579	7.27608	0.594617	0.469477	0.370639	0.0902827
20383	-0.00984807	-0.0567738	3.74066	1.73797	0.464617	0.927148	-3.07379	4.00364	1.89764	0.473979	10.3677	0.438981	0.469457	0.385082	0.0905929
20384	0.0165394	-0.0226749	3.84793	1.81279	0.471108	0.868394	-3.09193	3.65113	1.80671	0.494836	12.9818	0.362828	0.482661	0.394303	0.0904609
20385	-0.0335959	-0.0372306	4.16984	1.8776	0.450282	0.867862	-3.08815	3.76422	1.73211	0.460151	11.4543	0.406314	0.454964	0.392089	0.0907372
20386	-0.0102459	-0.0416872	3.72294	1.72169	0.462455	0.759715	-3.16313	3.86232	1.76181	0.456152	16.4351	0.29642	0.459246	0.411627	0.0904221
20387	-0.116791	-0.113275	3.8583	1.67246	0.43347	0.917088	-3.03988	3.94494	1.92761	0.488628	8.0129	0.534453	0.461355	0.373072	0.0908363
20388	-0.10982	-0.103343	3.53287	1.58384	0.448314	0.983077	-3.00676	3.88228	1.89151	0.487218	7.05766	0.597212	0.468683	0.377608	0.0909341
20389	-0.17221	-0.0967311	3.44919	1.64986	0.478333	0.868814	-3.01669	3.91685	1.93464	0.493927	7.86743	0.541866	0.486625	0.373023	0.0910556
20390	-0.0367456	0.00291852	3.88367	1.77562	0.457201	1.07877	-3.02058	3.95183	1.92636	0.48746	7.34621	0.622192	0.472462	0.381819	0.0912809
20391	0.00728638	0.0441973	3.75776	1.67344	0.445331	0.895685	-3.06089	4.08201	1.92289	0.471065	12.2161	0.394626	0.45873	0.401403	0.0915949
20392	-0.0110706	-0.0244067	3.79461	1.82452	0.48082	0.920901	-3.03744	3.90586	1.82639	0.467603	10.4521	0.434286	0.474116	0.383462	0.0917921
20393	0.00338972	-0.0331609	3.68198	1.67781	0.455682	0.888247	-3.04958	3.92236	1.97209	0.502781	11.6208	0.391486	0.479976	0.384059	0.0918299
20394	0.0216725	-0.0341814	3.709	1.68881	0.455328	0.881042	-3.0973	4.0687	1.95193	0.479743	12.7048	0.369258	0.4681	0.391953	0.0917184
20395	-0.00939326	-0.0588703	3.9601	1.79403	0.453027	0.804073	-3.17009	4.03664	1.93062	0.478272	14.6279	0.330864	0.46577	0.39395	0.0921915
20396	-0.15703	-0.101878	3.87897	1.85676	0.478675	0.917756	-3.08076	4.31601	1.92898	0.446936	7.68181	0.577582	0.461959	0.369599	0.0925423
20397	-0.148566	-0.126981	3.72431	1.76771	0.474642	0.88754	-3.13315	4.17946	1.83108	0.438115	8.41818	0.536757	0.455327	0.385786	0.0928896
20398	-0.167369	-0.10921	3.79729	1.9242	0.506729	0.833172	-3.18215	3.88574	1.87742	0.483156	9.43274	0.500541	0.494807	0.383208	0.0931771
20399	-0.239802	-0.181906	4.02724	1.83005	0.454419	0.756388	-3.20446	4.01748	1.86759	0.464866	9.20585	0.496197	0.459636	0.381948	0.09325
20400	-0.133227	-0.179106	3.76084	1.77936	0.473127	0.701029	-3.30551	3.62003	1.80679	0.499109	14.044	0.347992	0.48587	0.405379	0.0937134
20401	-0.235688	-0.210255	3.80812	1.84777	0.485218	0.776006	-3.25572	3.59586	1.71629	0.477296	9.06166	0.511762	0.48137	0.394272	0.0939753
20402	-0.216871	-0.154586	4.00904	1.87655	0.468079	0.658832	-3.24425	3.72415	1.84205	0.494622	12.4483	0.383428	0.480862	0.391023	0.0945918
20403	-0.150584	-0.180353	4.14618	1.99874	0.482069	0.688976	-3.31929	3.96133	1.94535	0.491087	13.9785	0.35243	0.486475	0.384557	0.0948868
20404	-0.108167	-0.152243	3.86334	1.94819	0.504276	0.647637	-3.31246	3.37145	1.73957	0.515973	17.4829	0.28562	0.509727	0.403829	0.0950098
20405	-0.19083	-0.225725	3.82096	1.83881	0.481243	0.639365	-3.31763	3.87821	1.91828	0.494629	13.8705	0.344613	0.487986	0.388918	0.0946608
20406	-0.167589	-0.165843	4.03569	1.90403	0.471798	0.608806	-3.34681	3.89666	1.84942	0.474616	16.7862	0.301394	0.473182	0.402731	0.0947643
20407	-0.227186	-0.223166	3.84101	1.87216	0.487412	0.672454	-3.35343	3.92492	1.94326	0.495107	12.1066	0.404676	0.491301	0.391119	0.0953359
20408	-0.240314	-0.208651	3.61111	1.76644	0.489169	0.613912	-3.36913	3.72509	1.90397	0.51112	13.6886	0.364851	0.500315	0.405006	0.0951215
20409	-0.223821	-0.239962	3.91679	1.74897	0.446531	0.69388	-3.30575	3.72806	1.93575	0.519237	11.1605	0.421087	0.481987	0.389509	0.0950349
20410	-0.243317	-0.212522	3.71854	1.821	0.489707	0.524097	-3.37619	3.7763	1.91833	0.507991	16.995	0.294463	0.498919	0.401016	0.0950378
20411	-0.13491	-0.184854	3.74067	1.8586	0.496863	0.634028	-3.37834	4.15297	1.8965	0.456661	17.2484	0.295632	0.475712	0.404516	0.0951569
20412	-0.111866	-0.183304	3.7538	1.92926	0.513948	0.671759	-3.35942	3.68403	1.80927	0.491112	16.4277	0.307034	0.502637	0.402956	0.095628
20413	-0.138844	-0.203182	3.98516	1.81264	0.454849	0.633185	-3.39687	3.85082	1.7338	0.450241	17.1126	0.298015	0.452584	0.41839	0.095536
20414	-0.269702	-0.170306	3.78485	1.68038	0.443975	0.56384	-3.4848	3.87991	1.70188	0.438638	15.8117	0.347396	0.441273	0.448254	0.0961206
20415	-0.218149	-0.179936	3.91613	1.80266	0.460317	0.622855	-3.45578	3.76533	1.90129	0.504946	15.1722	0.353644	0.482193	0.420178	0.0961306
20416	-0.220488	-0.187896	3.94162	1.88091	0.477192	0.571595	-3.43636	3.89575	1.81493	0.465874	16.8196	0.313698	0.471566	0.416627	0.0968205
20417	-0.177755	-0.21343	4.08423	2.02629	0.496126	0.549189	-3.46896	3.89524	1.82916	0.469589	20.0558	0.264224	0.483171	0.407436	0.0972377
20418	-0.211085	-0.188904	3.66832	1.86048	0.507175	0.643431	-3.40603	3.87259	1.8922	0.488615	14.1741	0.365099	0.497643	0.40823	0.0977181
20419	-0.258084	-0.291166	3.72277	1.81063	0.486365	0.68074	-3.3706	3.89692	1.63412	0.419335	10.759	0.440696	0.452084	0.407779	0.0979369
20420	-0.260044	-0.286775	3.97081	1.82527	0.459673	0.519973	-3.36585	3.57232	1.65159	0.462331	15.5824	0.304213	0.460932	0.405484	0.0981096
20421	-0.33221	-0.312213	4.05077	1.82692	0.451006	0.570609	-3.41021	3.91164	1.70888	0.436871	11.775	0.407541	0.444062	0.404386	0.0984966
20422	-0.372267	-0.334098	3.78503	1.94472	0.513793	0.680687	-3.33104	3.83396	1.77534	0.463056	8.10097	0.554356	0.488262	0.376519	0.0990158
20423	-0.421635	-0.344333	3.96393	1.96485	0.495683	0.75806	-3.28483	3.76348	1.75357	0.465943	6.21299	0.695841	0.481199	0.367737	0.0992431
20424	-0.270989	-0.333335	3.96745	2.00589	0.505587	0.684753	-3.27025	3.80883	1.74355	0.457764	9.44285	0.456721	0.482164	0.365243	0.0992743
20425	-0.36099	-0.335572	3.7757	1.85086	0.490203	0.696047	-3.27479	3.82146	1.71975	0.450024	7.73187	0.558664	0.469992	0.377015	0.099419
20426	-0.385841	-0.404271	3.72974	1.87469	0.502632	0.723434	-3.33194	4.00976	1.83856	0.45852	6.96573	0.615246	0.479778	0.366031	0.099451
20427	-0.336292	-0.358196	3.88543	1.85204	0.476663	0.759084	-3.31069	4.08168	1.95587	0.479183	7.26527	0.599924	0.477954	0.364109	0.0994914
20428	-0.326359	-0.370205	3.86468	1.87129	0.484203	0.713288	-3.31762	3.9174	1.88169	0.480343	8.0373	0.540433	0.48226	0.36668	0.10013
20429	-0.278966	-0.260962	3.78575	1.72383	0.455347	0.785634	-3.27822	3.88154	1.88461	0.485531	8.03251	0.566686	0.470627	0.386897	0.100781
20430	-0.315185	-0.25818	3.6736	1.58782	0.432224	0.639837	-3.2965	3.86943	1.85112	0.478396	10.1214	0.456033	0.455909	0.401709	0.100686
20431	-0.273021	-0.326158	3.73104	1.69844	0.455219	0.721478	-3.319	3.98025	1.92421	0.483441	9.0565	0.494514	0.469786	0.382122	0.100969
20432	-0.38514	-0.396407	3.70023	1.76916	0.47812	0.703888	-3.33631	4.01574	1.91505	0.476887	7.28769	0.59299	0.477478	0.369796	0.101706
20433	-0.261187	-0.295075	3.81031	1.73431	0.455162	0.738932	-3.27788	4.08335	1.92751	0.472042	8.89501	0.500119	0.463894	0.378005	0.1022
20434	-0.299117	-0.294696	3.84519	1.85702	0.482945	0.672526	-3.35836	3.73458	1.79156	0.47972	9.94189	0.472045	0.481356	0.391525	0.102463
20435	-0.346486	-0.269064	3.87271	1.88479	0.486686	0.553846	-3.42905	3.64123	1.72693	0.474271	12.3187	0.405298	0.48067	0.408819	0.103023
20436	-0.313256	-0.322188	3.58328	1.80276	0.503104	0.537231	-3.44824	3.6625	1.67085	0.456204	13.51	0.361665	0.479397	0.413032	0.102977
20437	-0.379058	-0.331837	3.92856	1.84283	0.469085	0.507151	-3.48913	3.85591	1.7193	0.445888	12.6928	0.392683	0.457595	0.411753	0.103474
20438	-0.302233	-0.299647	3.80145	1.88207	0.495094	0.601802	-3.42169	3.89654	1.91886	0.492453	11.9264	0.408639	0.493757	0.390773	0.104227
20439	-0.275343	-0.317121	3.78321	1.89867	0.501867	0.585452	-3.3897	4.05364	1.95026	0.481113	12.7411	0.370484	0.491132	0.380234	0.104151
20440	-0.243783	-0.335242	3.62671	1.80882	0.498751	0.599153	-3.41032	4.03543	2.01104	0.498346	13.3083	0.355271	0.498538	0.382406	0.104508
20441	-0.412869	-0.405415	3.64986	1.73231	0.474625	0.656452	-3.33928	3.60719	1.96217	0.543962	7.52775	0.571724	0.509089	0.368189	0.104598
20442	-0.347225	-0.413071	3.89244	1.64757	0.423274	0.689233	-3.37508	4.19577	2.01734	0.480803	8.16713	0.537122	0.453117	0.374523	0.104874
20443	-0.365246	-0.391285	3.31344	1.71621	0.517953	0.524116	-3.4161	3.81646	1.89446	0.496391	11.5676	0.395483	0.506411	0.387939	0.10465
20444	-0.313499	-0.43166	3.86645	1.77656	0.45948	0.471259	-3.46136	3.72462	1.69302	0.454549	14.9048	0.307922	0.457061	0.398216	0.105135
20445	-0.404754	-0.413729	3.2747	1.56205	0.477006	0.45063	-3.52426	3.5951	1.71965	0.478332	13.2235	0.365841	0.4777	0.424442	0.105106
20446	-0.41719	-0.417987	3.58079	1.76604	0.493197	0.577399	-3.49067	3.77898	1.77166	0.468821	9.54442	0.494603	0.480681	0.400312	0.105272
20447	-0.42589	-0.40929	4.39755	1.81359	0.41241	0.505446	-3.4928	3.66046	1.79427	0.490176	10.9617	0.433693	0.447736	0.39729	0.105277
20448	-0.433321	-0.48338	3.61319	1.81309	0.501798	0.388495	-3.51114	3.58781	1.67092	0.46572	13.5736	0.33769	0.483823	0.396916	0.105151
20449	-0.505922	-0.494431	3.72594	1.89241	0.507901	0.499167	-3.5007	3.83402	1.69684	0.442574	8.94638	0.505101	0.474771	0.386431	0.105023
20450	-0.535631	-0.478098	3.75661	1.82939	0.486978	0.607683	-3.41822	3.60917	1.75954	0.487519	6.61302	0.653583	0.487243	0.375957	0.104789
20451	-0.465976	-0.518367	3.53044	1.82501	0.516937	0.613	-3.37471	4.01787	1.95325	0.48614	7.00805	0.582095	0.500544	0.350698	0.105406
20452	-0.487333	-0.519613	3.8814	1.76354	0.454357	0.644031	-3.38325	4.17775	1.86861	0.447277	6.40664	0.639992	0.450687	0.360906	0.105675
20453	-0.480951	-0.490482	3.84413	1.81719	0.472718	0.666903	-3.42019	3.65013	1.7864	0.489409	6.51443	0.658785	0.480847	0.373339	0.105877
20454	-0.571685	-0.522379	3.80643	1.73511	0.455837	0.542051	-3.43985	3.72812	1.7478	0.468814	6.86198	0.620204	0.462258	0.379369	0.10625
20455	-0.481764	-0.509628	3.90692	1.72999	0.442802	0.403834	-3.52394	3.77309	1.78642	0.473462	11.5852	0.392142	0.457865	0.392578	0.105959
20456	-0.450722	-0.469705	3.55058	1.77915	0.501086	0.470952	-3.45699	3.58266	1.68063	0.469101	10.5051	0.424742	0.485022	0.392154	0.106079
20457	-0.550662	-0.51907	3.74913	1.83992	0.490758	0.616298	-3.39814	3.34609	1.6634	0.497116	6.08684	0.680899	0.493757	0.371785	0.106263
20458	-0.544164	-0.568122	3.48862	1.8535	0.531299	0.592888	-3.46758	3.95054	1.87909	0.475654	6.50237	0.646444	0.501749	0.360348	0.10602
20459	-0.55203	-0.511232	4.07885	1.92272	0.471388	0.465337	-3.46687	4.04105	2.00509	0.496182	8.44006	0.517518	0.483727	0.35745	0.10607
20460	-0.449849	-0.47937	3.98207	1.80942	0.454392	0.538609	-3.42779	4.09684	2.11343	0.515868	8.8974	0.488524	0.485567	0.356618	0.106144
20461	-0.496827	-0.496305	3.73913	1.88173	0.503254	0.550115	-3.44026	3.9799	2.04057	0.512718	7.90708	0.548043	0.508134	0.355954	0.106393
20462	-0.474534	-0.482529	3.85563	1.85211	0.480364	0.710402	-3.34037	3.96371	1.86347	0.470134	5.81681	0.702037	0.475179	0.354756	0.107103
20463	-0.525157	-0.437292	4.05061	1.92849	0.476099	0.661585	-3.3206	3.86449	1.8517	0.479157	5.90294	0.704179	0.477592	0.354872	0.107084
20464	-0.43446	-0.504642	4.01978	1.7756	0.441717	0.65217	-3.32587	3.74948	1.87305	0.49955	6.74082	0.590382	0.469627	0.353016	0.10747
20465	-0.500905	-0.571115	3.35549	1.75646	0.523457	0.724526	-3.29724	3.84861	1.91699	0.498099	4.94896	0.75084	0.50991	0.336002	0.107548
20466	-0.565093	-0.582092	3.84434	1.79421	0.466714	0.713738	-3.27547	3.68978	1.94687	0.527639	4.43578	0.817705	0.496551	0.326607	0.107935
20467	-0.647445	-0.636943	3.68389	1.74101	0.472602	0.721527	-3.31769	4.03141	2.02321	0.501863	3.83463	0.937042	0.487892	0.323191	0.108076
20468	-0.744519	-0.676728	3.50198	1.66215	0.474631	0.754106	-3.2624	4.01301	1.81633	0.45261	2.97688	1.12294	0.462872	0.324665	0.108323
20469	-0.657196	-0.695407	3.82092	1.75232	0.458612	0.736299	-3.27069	3.63051	1.8196	0.501196	3.41538	0.970914	0.47936	0.317133	0.108345
20470	-0.643687	-0.628602	3.61157	1.59846	0.442594	0.708	-3.24772	3.91804	1.88009	0.479854	3.75455	0.913529	0.461982	0.330321	0.108378
20471	-0.506755	-0.532106	3.70821	1.74859	0.471546	0.82212	-3.22078	3.63011	1.86248	0.513065	4.09364	0.882954	0.492085	0.333655	0.108436
20472	-0.553503	-0.575076	3.7111	1.72458	0.464708	0.923551	-3.15312	3.87375	1.85389	0.478578	3.04641	1.09084	0.471792	0.3172	0.108819
20473	-0.482311	-0.508819	4.23925	1.87038	0.441206	0.83937	-3.12694	3.51592	1.84095	0.523606	3.92399	0.87342	0.478563	0.315988	0.109331
20474	-0.521092	-0.437782	3.74225	1.81662	0.485436	0.970395	-3.08679	3.80779	1.6986	0.446086	3.15447	1.11227	0.46559	0.333027	0.109413
20475	-0.304288	-0.334323	3.68814	1.7895	0.485205	0.884885	-3.08598	3.64342	1.89026	0.518813	5.35425	0.707066	0.501907	0.339789	0.109566
20476	-0.374819	-0.323364	3.96711	1.76119	0.443949	1.00105	-3.06715	3.66837	1.80394	0.491756	3.97693	0.946502	0.466917	0.345626	0.109954
20477	-0.304219	-0.314468	4.17343	1.81543	0.434996	0.93528	-3.06026	3.61304	1.73214	0.479413	4.90729	0.768179	0.455606	0.347075	0.110329
20478	-0.303357	-0.313219	3.85409	1.66849	0.432915	0.950091	-3.1187	3.69791	1.75846	0.47553	5.00958	0.785566	0.453781	0.364863	0.110563
20479	-0.347116	-0.311111	3.73711	1.72649	0.461984	0.88622	-3.15285	4.00226	1.82152	0.455123	5.30892	0.760559	0.458436	0.362774	0.110817
20480	-0.242383	-0.274233	3.74823	1.67613	0.447179	0.841228	-3.13684	3.73572	1.71315	0.458586	6.97875	0.587106	0.452873	0.376849	0.110998
20481	-0.288706	-0.273822	3.8672	1.81657	0.469738	0.772889	-3.15349	3.7776	1.8948	0.501587	7.35812	0.563493	0.485476	0.358509	0.111474
20482	-0.383954	-0.358561	3.65028	1.69233	0.463617	0.843925	-3.19655	4.08959	1.98846	0.486224	5.34205	0.753844	0.475562	0.353719	0.111567
20483	-0.392496	-0.39548	3.82778	1.76809	0.461909	0.887798	-3.14283	3.98987	1.88076	0.471383	4.60479	0.819576	0.466745	0.34098	0.111851
20484	-0.450453	-0.420172	3.86235	1.72923	0.447715	0.821047	-3.21017	3.91034	1.80245	0.460943	4.81477	0.808356	0.45437	0.355377	0.112076
20485	-0.352669	-0.373805	3.93865	1.71069	0.434335	0.894473	-3.15794	3.70011	1.79551	0.485259	4.98367	0.777682	0.459002	0.356072	0.112253
20486	-0.318944	-0.344474	3.87416	1.68054	0.433782	0.72911	-3.15363	3.88249	1.83868	0.473582	7.18427	0.549209	0.453703	0.359331	0.112906
20487	-0.308899	-0.349212	3.73016	1.90524	0.510766	0.801925	-3.15745	4.21368	1.95592	0.464185	6.39109	0.616966	0.486058	0.338127	0.112792
20488	-0.410018	-0.44963	4.05178	1.9451	0.48006	0.755772	-3.17791	4.06649	1.99669	0.491011	5.47691	0.679533	0.485545	0.320802	0.112609
20489	-0.378809	-0.372707	3.73575	1.673	0.447836	0.844869	-3.1844	3.96004	2.01043	0.507678	5.27962	0.748694	0.478629	0.349313	0.112801
20490	-0.354398	-0.398605	3.90956	1.79281	0.458572	0.777484	-3.2214	3.90844	1.8279	0.46768	6.21952	0.640579	0.463125	0.355028	0.113518
20491	-0.347435	-0.408965	3.80975	1.8174	0.47704	0.796384	-3.21232	3.76442	1.8381	0.488282	6.00679	0.65416	0.482627	0.349692	0.113634
20492	-0.434049	-0.435126	3.8115	1.95071	0.511794	0.583358	-3.27251	3.92604	1.82301	0.464338	7.77763	0.517558	0.487715	0.347944	0.114069
20493	-0.402646	-0.412927	3.82579	1.87599	0.490353	0.714441	-3.26274	4.35045	1.86076	0.427716	6.50818	0.623941	0.457025	0.352173	0.114002
20494	-0.379316	-0.374301	3.71105	1.95624	0.527139	0.732882	-3.29247	3.81548	1.77801	0.465998	6.88424	0.618493	0.496144	0.363217	0.114713
20495	-0.451633	-0.405418	3.68576	1.69701	0.460425	0.704887	-3.31602	3.97205	1.95193	0.491417	6.33373	0.668769	0.4765	0.367371	0.114791
20496	-0.356929	-0.40692	3.66726	1.74195	0.475001	0.665611	-3.28386	4.09452	2.00592	0.489903	7.91591	0.522795	0.482862	0.355826	0.114386
20497	-0.536178	-0.473216	3.78433	1.88108	0.497073	0.785021	-3.22113	3.82803	2.07552	0.542189	4.32584	0.872784	0.51976	0.323115	0.114471
20498	-0.417549	-0.459097	3.80319	1.98865	0.522891	0.83918	-3.20656	3.79344	1.88906	0.497982	4.77947	0.789684	0.510452	0.327463	0.115141
20499	-0.363042	-0.430607	3.94871	1.77556	0.449655	0.849349	-3.20916	3.80233	1.7983	0.472948	5.25233	0.734945	0.461082	0.350787	0.115324
20500	-0.327316	-0.324277	3.6949	1.83549	0.496764	0.799284	-3.15489	3.78704	1.81996	0.480576	6.3128	0.634614	0.48857	0.354109	0.115717
