cycle	Zbar1	Gbar1	VP1	VG1	h21	Zbar2	Gbar2	VP2	VG2	h22	h2b	h2b_denom	h2w	Qst	Fst
20000	-0.0815962	-0.082233	3.98879	1.90657	0.477982	-2.00114	-0.120444	4.39247	1.86401	0.424365	0.000396262	1.84233	0.449883	9.68469e-05	0.000371392
20001	-0.0151214	-0.0128019	4.04315	1.9766	0.488876	-2.09233	-0.0520158	3.87491	1.97947	0.510842	0.000356383	2.15741	0.499626	9.72145e-05	0.000644544
20002	-0.103363	-0.10413	4.20692	1.98811	0.472581	-2.15668	-0.118473	3.79144	1.93103	0.509312	4.87949e-05	2.10806	0.489992	1.31295e-05	0.000884507
20003	-0.103347	-0.121418	3.85352	1.99335	0.517279	-2.02489	-0.0383026	3.83383	1.88081	0.490582	0.00187095	1.84617	0.503965	0.000445811	0.0011758
20004	-0.116007	-0.129347	4.16771	2.03248	0.487674	-1.93667	0.0592824	4.03567	1.823	0.451722	0.010734	1.65741	0.469987	0.00230301	0.00142243
20005	-0.26771	-0.179125	3.85187	1.99593	0.518172	-1.87629	0.158407	4.10427	1.91851	0.467443	0.0440298	1.29376	0.492003	0.00722715	0.00164041
20006	-0.220202	-0.115844	3.89692	1.90155	0.487963	-1.79461	0.230426	3.97425	2.06967	0.520771	0.048372	1.23938	0.504528	0.0074954	0.00195276
20007	-0.0812231	-0.103978	4.05831	1.97366	0.486325	-1.59916	0.303029	3.97063	2.10986	0.531366	0.0718942	1.15207	0.5086	0.0100448	0.00223736
20008	-0.102902	-0.101822	4.0511	1.99838	0.493293	-1.64332	0.356003	4.234	2.15277	0.508448	0.0883329	1.18645	0.501038	0.0124721	0.00242471
20009	-0.0989258	-0.0904652	3.80175	2.00452	0.527263	-1.60444	0.391196	4.10894	2.01967	0.491531	0.102356	1.13329	0.508703	0.0142149	0.00262795
20010	-0.067202	-0.0499622	4.07451	1.94379	0.477062	-1.45393	0.568377	3.69885	1.87708	0.507476	0.198826	0.961503	0.491534	0.0244181	0.00292576
20011	-0.0164732	-0.0591703	4.26116	2.13412	0.500831	-1.44745	0.582784	3.94831	2.03885	0.516384	0.201255	1.02384	0.508311	0.0241059	0.00318447
20012	-0.0796575	-0.0403503	4.4335	2.16227	0.487712	-1.45601	0.567415	4.13782	2.08568	0.504052	0.19499	0.947175	0.4956	0.0212866	0.00338423
20013	0.00678548	-0.0858218	4.05702	1.95955	0.483003	-1.3512	0.650199	3.80474	2.11695	0.556399	0.293756	0.922069	0.518523	0.0321699	0.00356001
20014	-0.089738	-0.153385	4.04564	2.13319	0.527281	-1.32783	0.677046	4.23006	2.15668	0.509847	0.449886	0.766433	0.51837	0.0386545	0.00378378
20015	-0.212005	-0.161405	4.38745	2.23188	0.508695	-1.219	0.749302	4.08631	2.01749	0.49372	0.81791	0.507016	0.501474	0.0465468	0.00406856
20016	-0.170175	-0.127262	4.29199	2.11653	0.493135	-1.31875	0.767817	3.86791	2.02376	0.523217	0.607305	0.659609	0.507394	0.0461661	0.00429886
20017	-0.173821	-0.123837	4.10467	2.0105	0.489807	-1.1821	0.800135	3.81274	2.05098	0.537929	0.839755	0.508318	0.512981	0.0499502	0.00460903
20018	-0.140642	-0.0761767	4.01631	2.06609	0.514426	-1.11623	0.861909	3.91237	1.88984	0.483043	0.924593	0.475888	0.49894	0.0527081	0.0047539
20019	-0.101935	-0.0779741	3.90158	1.97919	0.50728	-1.0717	0.959441	4.04538	1.96742	0.486339	1.14437	0.470227	0.49662	0.063853	0.00500171
20020	-0.0294906	-0.0367279	4.30007	2.08526	0.484937	-0.956996	0.974745	4.08727	1.97155	0.482365	1.18926	0.430133	0.483683	0.0593356	0.00537263
20021	0.0226251	0.00271856	4.0517	2.09124	0.516138	-1.07538	0.949442	3.71978	1.99179	0.53546	0.743419	0.602813	0.525386	0.0520484	0.00552567
20022	-0.0398889	-0.0119534	4.09437	2.29337	0.560126	-0.933013	1.01834	3.83786	2.03435	0.530074	1.33076	0.398835	0.545586	0.0578047	0.00574384
20023	0.0196312	0.0362686	4.43429	2.42035	0.545826	-0.792124	1.08726	4.08118	2.0232	0.495738	1.67629	0.329474	0.52182	0.0585369	0.00600526
20024	-0.10603	-0.0536243	4.51128	2.2802	0.505445	-0.808729	1.16448	3.97396	1.99698	0.502515	3.00489	0.246893	0.504073	0.0798417	0.00632301
20025	0.0053316	-0.0562153	4.18058	2.22085	0.531231	-0.741022	1.24768	4.02545	2.00947	0.499192	3.0521	0.278522	0.515514	0.0913423	0.00642872
20026	-0.036392	-0.100177	4.05986	1.92149	0.47329	-0.767086	1.25103	3.97047	1.82032	0.458464	3.41959	0.266957	0.465959	0.10877	0.00669409
20027	-0.118219	-0.0994029	3.8985	1.93777	0.497055	-0.789095	1.25299	3.82735	1.846	0.482317	4.06372	0.225037	0.489754	0.107863	0.00688742
20028	-0.0338337	-0.0600272	4.17011	2.06188	0.494443	-0.658031	1.35152	4.02308	2.05851	0.511675	5.11387	0.194811	0.502904	0.107901	0.00720625
20029	-0.0168362	-0.0378094	4.01867	2.16294	0.538222	-0.574413	1.36224	3.67989	1.84735	0.502012	6.30491	0.155446	0.520913	0.108938	0.00746991
20030	0.0822995	0.0688706	4.10269	2.07911	0.506767	-0.633951	1.41085	3.9401	1.97553	0.501391	3.51045	0.256508	0.504133	0.0999878	0.007801
20031	0.0761143	0.098351	3.81765	1.93665	0.507289	-0.541565	1.45395	4.10427	2.08739	0.508591	4.81653	0.190764	0.507964	0.102514	0.00790328
20032	0.0469914	0.0412798	4.07555	2.00429	0.491784	-0.471959	1.53857	3.95741	1.91736	0.484499	8.32458	0.134655	0.488195	0.125101	0.00814419
20033	0.13989	0.0922949	4.18202	2.07486	0.496138	-0.503271	1.52337	3.80902	1.88784	0.495623	4.95093	0.206828	0.495892	0.114471	0.00837193
20034	-0.0365752	0.0129229	3.79265	1.95565	0.515643	-0.386435	1.57665	3.77937	1.8785	0.497041	19.977	0.061201	0.506359	0.137572	0.00842978
20035	0.00542342	-0.00563779	4.02552	2.03855	0.506406	-0.366742	1.6129	3.73951	1.93292	0.516893	18.9136	0.0692535	0.511456	0.141622	0.00864388
20036	0.249987	0.175806	4.32755	2.07226	0.478853	-0.246371	1.80912	4.25938	2.18959	0.514062	10.828	0.123186	0.496318	0.135372	0.00907445
20037	0.238504	0.143743	3.86045	2.06725	0.535495	-0.239878	1.76279	4.22876	1.99675	0.472183	11.4544	0.114425	0.502398	0.138921	0.00928321
20038	0.14082	0.109946	4.01516	1.98635	0.494711	-0.245282	1.7336	4.08476	2.12258	0.519634	17.6841	0.0745372	0.507279	0.138286	0.00961955
20039	0.147412	0.129206	3.6062	1.87093	0.518811	-0.190793	1.80426	3.90489	1.95151	0.49976	24.5302	0.0571911	0.508907	0.155121	0.00993128
20040	0.18267	0.177005	3.97814	1.97916	0.497508	-0.183467	1.85112	4.06587	2.14884	0.528507	20.9066	0.0670284	0.513177	0.145168	0.0101763
20041	0.223884	0.193194	4.0457	2.04796	0.506206	-0.187852	1.86131	4.00868	2.13977	0.533784	16.414	0.0847633	0.519932	0.142514	0.0102643
20042	0.24434	0.253861	3.74922	1.99629	0.532455	-0.113719	1.86686	4.12912	2.07636	0.502858	20.2936	0.0641031	0.516943	0.137775	0.0104128
20043	0.22144	0.217196	4.07822	1.98504	0.486742	0.0779397	2.01346	4.21492	2.04277	0.484653	156.687	0.0102962	0.485681	0.166922	0.0106922
20044	0.0956009	0.21205	4.04566	2.06515	0.51046	0.110108	2.02074	4.02787	2.02698	0.503238	15544.4	0.000105226	0.506857	0.166637	0.0108951
20045	0.178794	0.20167	4.13976	2.03654	0.491945	0.0665084	2.07738	4.03845	2.12126	0.525265	279.052	0.00630403	0.508399	0.174682	0.011252
20046	0.182477	0.222797	3.88025	2.05466	0.529517	0.00294261	2.00329	4.18103	2.04569	0.489279	98.3523	0.0161162	0.508648	0.162045	0.0116739
20047	0.279109	0.237009	3.71807	1.92917	0.518863	-0.0225119	1.94072	4.06281	1.96822	0.484448	31.9056	0.0454876	0.500893	0.157031	0.0119213
20048	0.162665	0.182285	3.98397	2.0271	0.508814	0.0677559	2.00283	3.89302	2.12339	0.545436	367.95	0.00450383	0.526914	0.166484	0.0121345
20049	0.204112	0.173138	3.98712	1.91571	0.480476	0.00941983	2.02641	4.05776	2.00652	0.49449	90.6114	0.0189525	0.487544	0.179675	0.0124441
20050	0.136471	0.175815	4.08058	1.87693	0.459967	0.0821057	2.09203	4.06544	1.97545	0.485913	1242.36	0.00147778	0.472916	0.192509	0.0126165
20051	0.169923	0.178303	3.82657	1.87337	0.48957	0.204685	2.12573	4.17726	2.06601	0.494584	3138.53	0.000604182	0.492187	0.194067	0.0127162
20052	0.17753	0.169359	4.05917	1.96489	0.484062	0.187531	2.19584	3.67668	2.18189	0.593441	41064.0	5.00027e-05	0.536047	0.198527	0.0128231
20053	0.207267	0.235188	4.14669	2.10273	0.507085	0.208076	2.18937	4.16447	2.14082	0.514068	5.84307e+06	3.26783e-07	0.510584	0.183734	0.0131375
20054	0.173301	0.211861	4.12177	2.10144	0.50984	0.200296	2.21518	4.11608	1.93596	0.470341	5507.41	0.000364354	0.490104	0.199123	0.013285
20055	0.105957	0.190305	4.0727	2.00098	0.491315	0.407923	2.33207	4.02467	2.00131	0.497262	50.3068	0.0455917	0.494271	0.222803	0.013485
20056	0.0524595	0.147645	3.79233	2.02696	0.534489	0.438627	2.40647	3.85321	1.90814	0.495207	34.2148	0.0745628	0.514692	0.244893	0.0140234
20057	0.191362	0.146186	3.94342	2.00112	0.507459	0.527009	2.45486	3.73811	1.84043	0.492342	47.3105	0.0563295	0.500102	0.257629	0.0142011
20058	0.164428	0.111134	4.00249	2.01409	0.503209	0.362241	2.4145	3.9374	1.80794	0.459171	135.588	0.0195648	0.481371	0.257724	0.0143163
20059	0.0126724	0.0442887	3.97947	2.01002	0.505098	0.410315	2.45475	3.76289	1.7814	0.473414	36.7464	0.07906	0.489699	0.277099	0.014472
20060	-0.00336996	0.0991056	4.12315	2.02437	0.490976	0.493448	2.53399	4.06961	1.81798	0.446721	24.0194	0.123414	0.468993	0.278467	0.0147555
20061	0.183348	0.17417	3.97319	2.11645	0.532684	0.595886	2.57822	3.70076	1.79153	0.484096	33.9593	0.0850937	0.509253	0.270023	0.0149573
20062	0.138785	0.10416	4.13878	2.0782	0.502129	0.5657	2.54904	3.91282	1.83103	0.467957	32.7968	0.0911281	0.485522	0.276649	0.0151522
20063	0.0069225	0.0428628	3.76866	2.04883	0.54365	0.475655	2.5024	3.8435	1.99946	0.520217	27.5333	0.109855	0.531819	0.272071	0.0156984
20064	-0.0690629	-0.0512184	3.98369	1.995	0.500791	0.50185	2.42047	3.60057	1.85002	0.513814	18.7433	0.162971	0.506974	0.284393	0.0161318
20065	0.110694	0.046599	4.14895	2.18725	0.527181	0.415242	2.41591	3.85223	1.88598	0.489581	60.5246	0.0463746	0.509078	0.256348	0.0164672
20066	0.17053	0.098377	4.40698	2.19095	0.497153	0.349152	2.36535	3.89246	1.9484	0.500558	161.073	0.0159529	0.49875	0.236955	0.0166336
20067	0.0161811	0.00827452	4.24833	2.10106	0.494561	0.255048	2.38913	3.82287	1.86132	0.486892	99.3468	0.0285287	0.490928	0.263526	0.0167971
20068	-0.0353088	-0.0928116	3.87466	1.95571	0.504744	0.358516	2.35442	3.74392	1.84316	0.492307	38.614	0.0775488	0.498632	0.282806	0.0168328
20069	-0.132102	-0.136242	4.06747	1.99577	0.490665	0.393523	2.35891	3.72458	1.9851	0.532973	22.5342	0.13814	0.510888	0.281184	0.0170986
20070	-0.0692727	-0.150493	3.67416	1.84659	0.502588	0.350908	2.33243	3.8946	1.95423	0.501778	34.9183	0.088276	0.502172	0.288611	0.0173737
20071	-0.169994	-0.167352	3.9069	1.86194	0.476578	0.341924	2.39535	4.26211	1.99644	0.468415	25.0608	0.13103	0.472319	0.298612	0.0177276
20072	-0.102384	-0.0976562	3.90098	1.90208	0.48759	0.419918	2.38862	3.92766	2.17666	0.554188	22.6598	0.1364	0.521002	0.274879	0.0181038
20073	-0.157957	-0.140441	3.9933	1.92304	0.481568	0.397518	2.37729	4.26861	2.15019	0.503721	20.5442	0.154277	0.493013	0.280191	0.0181692
20074	-0.165086	-0.16022	3.88468	2.15953	0.555908	0.38878	2.41413	4.18201	2.1639	0.517431	21.6036	0.153384	0.53596	0.277149	0.0183641
20075	-0.0471453	-0.140651	3.78118	2.08825	0.552274	0.412118	2.39521	4.3019	2.0792	0.48332	30.4879	0.105461	0.515576	0.278477	0.0185698
20076	-0.124566	-0.10978	4.16343	2.02391	0.486117	0.413877	2.41608	3.95762	1.9725	0.498407	22.0059	0.14496	0.492106	0.28536	0.0187952
20077	-0.139321	-0.128225	4.2057	2.02542	0.481588	0.392068	2.39586	3.87041	1.97999	0.511571	22.5622	0.141187	0.495957	0.284614	0.0191002
20078	-0.167365	-0.105788	4.50051	2.31949	0.515383	0.480902	2.41394	4.04741	2.07384	0.512388	15.1077	0.210126	0.513965	0.2655	0.0193952
20079	-0.200216	-0.13706	4.40703	2.25251	0.511117	0.532752	2.47406	4.09933	2.12708	0.518885	12.6906	0.268621	0.514861	0.280256	0.0197267
20080	-0.15426	-0.204083	4.12211	1.96745	0.477291	0.439375	2.5254	3.88767	2.01733	0.518906	21.1409	0.176201	0.49749	0.318635	0.0199031
20081	-0.206529	-0.175458	3.73407	1.84241	0.493404	0.424781	2.48484	4.01687	1.91999	0.47798	17.7573	0.199276	0.485411	0.319957	0.0202836
20082	-0.330367	-0.276456	3.81345	1.9478	0.510769	0.434424	2.46157	3.84323	1.99681	0.519565	12.8171	0.292453	0.515184	0.322202	0.020692
20083	-0.252124	-0.294893	4.18121	2.00934	0.480564	0.492802	2.55304	4.14849	1.98232	0.477842	14.6161	0.277457	0.479208	0.336972	0.0210084
20084	-0.351153	-0.287186	4.10807	2.12188	0.516514	0.578037	2.5615	4.33963	2.00051	0.460987	9.39894	0.431697	0.48799	0.329928	0.021412
20085	-0.181723	-0.2272	4.32238	2.2403	0.518303	0.605913	2.64574	3.98863	2.02587	0.507913	13.3046	0.310185	0.513317	0.326108	0.0216974
20086	-0.210809	-0.248198	4.10312	2.00872	0.48956	0.746203	2.69578	4.04447	2.00244	0.495106	9.46311	0.457937	0.492313	0.350839	0.0220598
20087	-0.272838	-0.253719	3.93899	2.11628	0.537265	0.746696	2.67734	3.94505	2.02213	0.512574	8.26503	0.519725	0.52491	0.341778	0.0225623
20088	-0.286652	-0.29838	3.89464	2.08907	0.536396	0.62205	2.61734	4.05161	2.08461	0.514515	10.2955	0.412869	0.52524	0.337521	0.022808
20089	-0.359692	-0.323811	3.99592	1.97893	0.495238	0.665736	2.61377	4.22633	2.19143	0.518518	8.20671	0.525752	0.507204	0.341049	0.0230005
20090	-0.308415	-0.314292	3.8432	1.94704	0.50662	0.622751	2.58938	3.88508	2.02043	0.520048	9.72394	0.433535	0.51337	0.347064	0.0231392
20091	-0.317582	-0.297037	4.07615	2.0972	0.514504	0.542588	2.56318	4.18696	2.12702	0.50801	11.0568	0.369947	0.511214	0.326331	0.0233893
20092	-0.25861	-0.219749	3.95642	2.07585	0.524677	0.585364	2.55058	4.2815	2.11092	0.493034	10.7747	0.356146	0.508231	0.314365	0.0236796
20093	-0.15169	-0.139135	4.25979	2.06138	0.483915	0.38926	2.45247	4.21577	2.28428	0.541842	22.9522	0.146313	0.512728	0.278801	0.0239276
20094	-0.279062	-0.186439	4.08051	1.98706	0.486962	0.508686	2.44241	4.17946	2.09539	0.501355	11.1367	0.310273	0.494245	0.297465	0.0240223
20095	-0.181085	-0.174242	4.07007	2.04377	0.502145	0.478884	2.49683	3.82514	1.91222	0.499907	16.3804	0.21778	0.501061	0.310868	0.0240476
20096	-0.125558	-0.155563	3.9287	2.11963	0.539524	0.493416	2.511	3.78485	1.80416	0.47668	18.5591	0.191565	0.508688	0.311895	0.0240645
20097	-0.238343	-0.214014	4.07297	2.10882	0.51776	0.509398	2.44924	4.15477	2.03411	0.489584	12.6859	0.279559	0.503532	0.299832	0.0242361
20098	-0.23626	-0.141089	4.15612	2.0666	0.497244	0.429861	2.43284	3.92548	2.03653	0.518798	14.9309	0.221858	0.507713	0.28768	0.0247181
20099	-0.0822839	-0.100564	4.03902	2.18478	0.540918	0.446826	2.41479	3.99755	2.13527	0.534146	22.5999	0.139979	0.537549	0.26811	0.0250466
20100	-0.178589	-0.143989	4.04007	2.04196	0.505428	0.489226	2.42179	4.68047	2.19951	0.469933	14.7614	0.222988	0.486377	0.279654	0.0256517
20101	-0.209528	-0.135402	4.21333	2.05397	0.487494	0.448148	2.50518	4.00207	2.03201	0.50774	16.1204	0.216269	0.497357	0.299148	0.0259074
20102	-0.196713	-0.164879	3.78362	1.88951	0.499393	0.489182	2.53475	4.01783	2.05488	0.51144	15.4914	0.235226	0.505597	0.316076	0.0263298
20103	-0.109787	-0.0984513	4.0182	1.95187	0.485757	0.668447	2.60397	4.28503	2.03695	0.475364	12.0583	0.302824	0.480393	0.314106	0.0266395
20104	-0.0687084	-0.0726111	3.95442	2.09561	0.529942	0.625682	2.58538	4.03154	1.99617	0.495137	14.6521	0.241089	0.512372	0.301613	0.0270663
20105	-0.00657864	0.0182946	3.78699	1.89778	0.50113	0.567683	2.59728	3.86129	2.0074	0.519877	20.1687	0.164888	0.510595	0.29874	0.0274555
20106	0.0880541	0.0550521	4.06978	2.00824	0.493451	0.673952	2.60815	3.94946	1.98406	0.502361	18.9885	0.171638	0.497839	0.289967	0.0276674
20107	-0.0455892	0.0190278	4.27634	2.03104	0.474947	0.669884	2.61272	3.72855	1.89571	0.508431	13.1417	0.255951	0.490543	0.29997	0.0278876
20108	0.0912013	0.0707139	3.91531	2.04686	0.522784	0.632224	2.61461	3.78811	1.91934	0.506674	22.109	0.146353	0.514862	0.289831	0.0282666
20109	0.0724644	0.0906692	4.13323	2.09393	0.506609	0.56933	2.65834	3.80989	1.95537	0.513235	26.7054	0.123438	0.509787	0.289391	0.028651
20110	0.111722	0.119309	4.21031	2.13009	0.505924	0.649468	2.6754	3.66052	1.8605	0.508261	22.5942	0.144585	0.507011	0.290537	0.0285721
20111	0.158463	0.158325	4.11443	2.09137	0.508302	0.758594	2.73771	4.16994	2.0811	0.499071	18.4731	0.180079	0.503656	0.28512	0.0285603
20112	0.132586	0.141388	4.06906	2.02587	0.497871	0.719258	2.70395	4.13893	2.15085	0.519663	19.0791	0.172092	0.50886	0.282255	0.0288577
20113	0.190194	0.209753	4.00585	1.98576	0.495717	0.685333	2.69319	3.70158	1.9726	0.532907	25.1565	0.122581	0.513578	0.280428	0.028996
20114	0.333253	0.232157	3.7197	1.8433	0.495551	0.684235	2.65946	4.20788	2.13858	0.508232	47.8277	0.061594	0.502282	0.270125	0.0293966
20115	0.351108	0.31286	3.78169	1.86787	0.493925	0.70014	2.65954	4.07968	2.11728	0.518982	45.204	0.0609116	0.506928	0.256857	0.0296487
20116	0.333534	0.337855	3.67877	1.88314	0.511895	0.570705	2.66082	3.91363	2.03358	0.519616	95.9315	0.0281251	0.515875	0.256287	0.0299181
20117	0.338569	0.337818	3.89805	1.80229	0.462357	0.630562	2.67676	4.08654	2.01691	0.493549	64.1645	0.04263	0.478321	0.263776	0.0298088
20118	0.203665	0.236383	3.96165	1.91739	0.483988	0.721071	2.6841	4.26475	2.23593	0.524282	22.3801	0.133854	0.504877	0.265147	0.0300457
20119	0.153515	0.181426	3.69747	1.8783	0.507996	0.67906	2.71753	3.79263	2.06306	0.543966	23.2872	0.138098	0.526209	0.289861	0.0303585
20120	0.17389	0.173943	3.84799	1.96497	0.510647	0.637748	2.71478	3.90606	1.97108	0.504622	30.0044	0.107582	0.507612	0.290908	0.030295
20121	0.105879	0.109494	4.0183	1.99972	0.497654	0.5701	2.58472	4.46304	2.18882	0.490433	28.4301	0.107751	0.493854	0.267864	0.0305233
20122	0.019081	0.055915	4.0326	1.95396	0.48454	0.567096	2.53774	4.01935	2.12323	0.528252	20.5096	0.15016	0.50636	0.274241	0.030711
20123	0.0711409	0.00972259	4.06845	2.03937	0.501265	0.421152	2.45507	4.00351	2.12929	0.531856	48.8109	0.0612539	0.516437	0.264052	0.0309048
20124	0.0126581	-0.0120145	4.24714	2.10553	0.495751	0.386503	2.45634	4.03001	1.96282	0.48705	43.5945	0.0698802	0.491515	0.27251	0.0312128
20125	0.0611315	0.0204058	4.07855	2.06775	0.506982	0.428538	2.4127	4.38304	2.00033	0.456379	42.3971	0.0674936	0.48077	0.26029	0.0314867
20126	-0.0193605	0.0473539	3.85776	2.00933	0.520853	0.337477	2.3553	4.07621	1.94785	0.477857	41.832	0.0636666	0.498763	0.25188	0.0316003
20127	0.121892	0.123882	4.02507	1.9991	0.496663	0.271376	2.30643	3.76746	1.9209	0.509865	213.176	0.0111727	0.503046	0.233098	0.0317084
20128	-0.024451	0.0713823	4.09733	2.09838	0.512134	0.37509	2.27753	4.03205	2.06874	0.513074	30.4891	0.0798166	0.5126	0.226089	0.0319498
20129	0.0863417	0.0701995	3.97473	2.18794	0.550462	0.436587	2.36331	4.16477	1.93072	0.463583	42.8651	0.061336	0.506008	0.242045	0.0322488
20130	0.107931	0.113428	4.42979	2.07475	0.468364	0.372179	2.35189	4.10942	1.872	0.45554	71.7588	0.0349135	0.462192	0.241017	0.032401
20131	0.150061	0.157248	4.00625	1.94694	0.485975	0.328278	2.34229	3.8814	2.00552	0.5167	150.321	0.0158807	0.501094	0.232035	0.0328752
20132	0.102079	0.092009	3.9674	1.92622	0.485512	0.36136	2.34138	4.05621	1.98698	0.489861	75.2628	0.0336133	0.487711	0.244373	0.0330158
20133	0.0626036	0.0909546	4.11388	1.94762	0.473426	0.439621	2.40558	3.91809	1.92461	0.491212	37.6908	0.0710712	0.482102	0.257093	0.033286
20134	0.122558	0.117736	3.91832	1.83285	0.467764	0.368397	2.39624	3.94598	2.08244	0.527736	85.9004	0.0302185	0.497855	0.249057	0.0335453
20135	0.0672427	0.136664	3.91696	1.87471	0.478614	0.393999	2.39232	4.18456	1.92916	0.461018	47.6536	0.0533849	0.469525	0.25069	0.0336113
20136	0.134324	0.195253	3.93923	2.00954	0.510135	0.515938	2.45188	3.95344	2.08666	0.527809	34.9682	0.0728145	0.518988	0.237197	0.0337689
20137	0.216511	0.183601	4.0224	2.12321	0.527848	0.457332	2.45961	4.14998	1.98614	0.478592	89.3224	0.0289973	0.502835	0.23972	0.0337021
20138	0.173759	0.19619	3.76515	2.11566	0.561907	0.452822	2.47978	4.07403	1.78388	0.437865	66.9626	0.0389382	0.497442	0.250649	0.0341445
20139	0.140974	0.206156	3.94689	2.12501	0.538401	0.438245	2.4242	3.93752	1.90938	0.484919	55.672	0.044185	0.511692	0.233725	0.0346661
20140	0.140703	0.182459	4.21384	2.11537	0.502006	0.490565	2.42002	3.93272	1.98156	0.503865	40.9028	0.0612018	0.502903	0.234107	0.0348588
20141	0.0744509	0.152513	4.20399	2.06089	0.490221	0.471772	2.41299	3.50364	1.87417	0.534922	32.3681	0.0789318	0.510541	0.245165	0.0351166
20142	0.218931	0.218642	4.10339	2.07162	0.504857	0.476688	2.41011	4.10568	2.12545	0.517685	72.2851	0.0332194	0.511272	0.222521	0.0352424
20143	0.153989	0.167282	3.91158	2.11984	0.54194	0.29285	2.39445	4.25497	2.10345	0.49435	257.246	0.00964115	0.517144	0.227068	0.0356047
20144	0.214409	0.206859	4.08512	2.05799	0.503777	0.405021	2.4288	4.08697	2.10838	0.515879	135.883	0.0181665	0.509829	0.228628	0.035907
20145	0.231847	0.193948	3.77747	1.94221	0.514155	0.367411	2.43781	4.11951	2.02075	0.490531	273.972	0.00918879	0.501831	0.24115	0.036211
20146	0.128963	0.146046	4.07433	2.11062	0.518028	0.546068	2.54739	3.93273	1.95495	0.497096	33.145	0.086988	0.507747	0.261866	0.0365605
20147	0.210712	0.18891	4.22331	2.14971	0.50901	0.504978	2.51463	4.11994	1.97822	0.480157	62.465	0.043296	0.494762	0.246845	0.0369278
20148	0.134978	0.115436	4.01497	2.30047	0.572973	0.66246	2.60819	3.97094	1.98519	0.499929	22.3327	0.139119	0.536652	0.26614	0.0367984
20149	0.110033	0.100491	4.25514	2.17563	0.511294	0.666435	2.60243	3.82017	1.95744	0.512397	20.2198	0.154791	0.511816	0.274745	0.0370529
20150	-0.00258563	0.0770793	4.26855	2.01017	0.470925	0.608477	2.52612	4.13123	1.91836	0.464355	16.0628	0.186699	0.467693	0.276345	0.0370502
20151	0.0400611	0.0414762	3.88641	1.93739	0.498504	0.490335	2.50642	4.07792	1.99726	0.489774	29.9682	0.101373	0.494034	0.278628	0.0372173
20152	0.124666	0.0316264	3.92933	1.88199	0.478958	0.40557	2.45707	3.95586	2.08264	0.52647	74.5534	0.0394534	0.502794	0.270679	0.0375597
20153	0.00754952	-0.0149833	3.75537	1.86213	0.495859	0.500893	2.43677	4.22607	2.10896	0.499037	24.6976	0.121694	0.497541	0.274636	0.0378392
20154	0.0218186	0.0419184	4.22984	1.9505	0.461128	0.407562	2.36546	4.02584	2.03343	0.505095	36.2831	0.0743991	0.482568	0.253151	0.0379915
20155	0.0536153	0.0486408	3.96743	1.92706	0.485721	0.42141	2.45889	3.96628	2.02345	0.510162	42.9449	0.0676365	0.49794	0.268906	0.0381959
20156	0.0103584	0.110608	4.00132	2.01783	0.50429	0.463659	2.47688	4.01234	2.13361	0.531762	27.2494	0.102741	0.518045	0.252256	0.0386261
20157	0.0533895	0.0770727	3.62048	1.88513	0.520686	0.5093	2.47855	3.985	1.92868	0.483984	27.7459	0.103927	0.501456	0.274432	0.0387809
20158	0.0394237	0.0455056	3.99076	1.98851	0.498278	0.46794	2.49817	4.10205	2.0534	0.50058	32.76	0.0918129	0.499445	0.271276	0.0390612
20159	0.0781951	0.0382334	4.01792	2.03723	0.507037	0.639285	2.52438	3.81815	1.96401	0.514389	19.6332	0.157411	0.510619	0.278698	0.0392409
20160	0.0193454	0.0100584	4.27179	2.17405	0.508932	0.52457	2.51721	3.81741	1.86932	0.489682	24.6259	0.127626	0.499848	0.279977	0.0395898
20161	0.0674453	0.0565346	3.84488	2.12538	0.552782	0.506043	2.49339	3.85408	1.86596	0.484153	30.8693	0.0961841	0.518427	0.271208	0.0397051
20162	0.0881876	0.0472129	3.9907	2.13553	0.535128	0.521402	2.463	4.36606	2.0409	0.467448	31.0964	0.0938374	0.499768	0.258994	0.0398253
20163	0.0408906	0.0299044	4.22104	2.14364	0.507847	0.609057	2.57825	3.92508	1.98639	0.506077	20.1171	0.161407	0.506994	0.282278	0.0402312
20164	-0.0196701	0.0211017	4.1237	2.03993	0.494685	0.610572	2.60557	3.85526	1.70158	0.441366	16.8162	0.198602	0.468923	0.308692	0.0405433
20165	0.0486071	-0.00881432	4.0601	2.08656	0.513918	0.606713	2.63016	4.06512	1.84301	0.453371	22.3582	0.155741	0.483625	0.307136	0.0408535
20166	0.0100567	0.0337871	4.26702	2.07084	0.485314	0.677798	2.62204	3.85475	1.92902	0.500426	15.0245	0.222939	0.492486	0.295237	0.0410741
20167	-0.0552763	-0.00135682	4.03931	1.90489	0.471587	0.62396	2.60159	3.79001	1.92926	0.509037	14.6855	0.230681	0.489716	0.306517	0.0413112
20168	0.0343022	0.0125819	3.92352	1.99989	0.509718	0.614085	2.59256	3.72347	1.85568	0.498375	19.8016	0.168074	0.504195	0.301586	0.0418168
20169	-0.0674159	-0.0535002	3.96258	2.11057	0.532625	0.689374	2.69049	3.90823	1.92716	0.493105	13.1466	0.286366	0.513001	0.318071	0.0422124
20170	-0.0334426	-0.0696301	3.9311	2.01673	0.513019	0.572273	2.6604	3.91021	1.91248	0.489099	20.3141	0.183445	0.501091	0.321779	0.0424685
20171	-0.0445791	-0.064491	4.35421	2.15857	0.495743	0.690325	2.65977	3.80796	1.96044	0.514827	13.7416	0.270042	0.504646	0.310665	0.042651
20172	-0.0831787	-0.0625944	4.45897	2.16108	0.48466	0.636472	2.64405	4.19334	1.9076	0.454912	14.1455	0.258948	0.470243	0.310519	0.0429198
20173	-0.0314268	-0.0318382	4.04358	2.08908	0.516641	0.752421	2.68377	3.96338	2.02018	0.509712	12.0025	0.307209	0.513211	0.309811	0.0431142
20174	-0.039045	-0.04863	4.02505	2.03155	0.504726	0.689842	2.74555	3.99383	1.876	0.469726	14.6956	0.265638	0.487294	0.333226	0.0435488
20175	-0.0642804	-0.0430886	3.93642	2.05083	0.520989	0.687289	2.73976	3.85999	2.01753	0.522678	13.7101	0.282428	0.521825	0.322549	0.0439
20176	0.0296384	-0.0310153	4.1632	2.04588	0.49142	0.66423	2.68141	4.08227	1.91928	0.47015	18.2696	0.201353	0.48089	0.316988	0.043988
20177	0.0715652	0.0464212	4.08817	2.07052	0.506465	0.736743	2.71391	4.00851	2.15053	0.536491	16.0816	0.221231	0.52133	0.296587	0.0445126
20178	-0.107154	-0.018351	4.10277	2.0067	0.489108	0.718424	2.65606	4.18577	2.15391	0.514579	10.4939	0.34079	0.501971	0.300693	0.0447472
20179	-0.0398461	-0.010973	3.96129	1.93511	0.488506	0.691394	2.65944	3.92851	2.04323	0.520102	13.3364	0.267356	0.504238	0.309558	0.0448598
20180	-0.00571035	0.0101701	3.88664	2.01262	0.517831	0.623466	2.68923	3.87821	2.09124	0.539228	18.1309	0.197932	0.528518	0.304324	0.0451233
20181	0.0137271	-0.0448934	4.24401	2.11755	0.498949	0.576785	2.51018	4.30058	2.03525	0.47325	20.592	0.158517	0.486014	0.282232	0.045316
20182	-0.160871	-0.143376	3.81462	1.98908	0.521435	0.494847	2.51518	4.10052	2.13317	0.520218	16.4383	0.214983	0.520804	0.300141	0.045465
20183	-0.21018	-0.207104	3.81811	1.9634	0.514234	0.522262	2.51023	3.74925	1.95724	0.522035	13.7639	0.268235	0.518099	0.320224	0.0460205
20184	-0.193274	-0.235397	3.92971	1.9756	0.502735	0.580389	2.509	4.31853	2.09754	0.485707	12.5832	0.299277	0.493819	0.316244	0.0461187
20185	-0.21238	-0.186428	3.87398	1.94694	0.502569	0.487956	2.52466	4.03169	2.2233	0.551456	14.9855	0.245235	0.5275	0.305961	0.0461263
20186	-0.293591	-0.188259	3.82715	1.90869	0.498723	0.705356	2.62546	4.22792	2.19759	0.51978	7.93374	0.498947	0.509775	0.32535	0.0463843
20187	-0.243866	-0.215741	4.10104	2.08403	0.508171	0.65762	2.66095	4.19273	2.1123	0.503802	10.1828	0.406338	0.505962	0.330323	0.0463373
20188	-0.15453	-0.19518	3.5624	1.87446	0.526178	0.603203	2.64503	3.84698	2.01692	0.524286	14.0497	0.287079	0.525196	0.341458	0.0464306
20189	-0.196919	-0.222431	3.60646	1.77644	0.492572	0.688205	2.66326	4.26454	2.07403	0.486344	10.6289	0.391723	0.489198	0.351041	0.0463186
20190	-0.144301	-0.158834	4.12882	2.0215	0.489607	0.703196	2.73518	4.02531	1.99841	0.496461	11.6607	0.359125	0.49299	0.342592	0.0465795
20191	-0.160508	-0.190596	4.09007	2.02861	0.495985	0.904303	2.89239	3.91171	1.97492	0.504873	8.38295	0.566912	0.50033	0.372578	0.0468306
20192	-0.114632	-0.104269	4.31494	2.17875	0.504933	0.93238	2.88997	3.94072	2.00062	0.507679	8.17842	0.548117	0.506244	0.349196	0.0472052
20193	-0.0258076	-0.0700487	3.74913	2.02372	0.539784	0.930303	2.8856	4.48209	2.04406	0.45605	9.55628	0.457073	0.494189	0.34945	0.0474543
20194	-0.176662	-0.12667	4.12358	2.07521	0.503255	0.84917	2.85482	4.00082	2.11605	0.528904	8.4472	0.526166	0.515886	0.346615	0.0480943
20195	-0.046543	-0.105791	3.89612	2.12374	0.545092	0.836407	2.88106	3.97403	2.05562	0.517264	11.4434	0.3898	0.53104	0.348074	0.047867
20196	-0.153261	-0.136519	3.91164	2.35879	0.603017	0.813706	2.88223	4.03016	2.05813	0.510681	9.7461	0.467513	0.55616	0.340392	0.0480596
20197	-0.173245	-0.126611	4.10173	2.27151	0.553794	1.02424	2.91453	3.96558	1.95884	0.49396	6.44965	0.71698	0.524382	0.353517	0.0480109
20198	-0.0760037	-0.141737	4.17617	2.0721	0.496172	0.970916	2.99694	3.7482	1.84552	0.492377	8.98804	0.548021	0.494377	0.386113	0.0483298
20199	-0.147129	-0.145503	3.98523	1.93198	0.484786	0.999125	3.01166	3.70808	1.80709	0.487338	7.58632	0.656949	0.486016	0.400043	0.0482003
20200	-0.068716	-0.0580738	4.08127	1.97599	0.48416	1.05216	2.99444	4.19506	1.88495	0.449326	7.41649	0.628184	0.466504	0.376419	0.0484137
20201	-0.0343336	-0.0136942	3.85588	1.83987	0.477161	0.993855	3.00195	3.63794	1.78813	0.491522	8.60228	0.528586	0.484132	0.385362	0.0485202
20202	0.0602117	-0.00595328	4.03817	1.78568	0.4422	1.05122	3.01176	4.01823	1.86823	0.464937	9.2727	0.491044	0.45354	0.384003	0.0491035
20203	0.0684412	0.050919	3.80547	1.96122	0.51537	1.05898	3.0339	3.62783	1.78834	0.49295	9.06901	0.49058	0.504428	0.372481	0.0493152
20204	0.0108886	0.0631212	3.98849	1.91237	0.479472	1.08821	3.06932	4.16089	1.77481	0.426546	7.78651	0.580312	0.452449	0.380057	0.0494728
20205	0.0309842	0.0890279	4.07998	1.9808	0.485491	0.929676	3.01458	3.9203	1.93201	0.492822	10.5973	0.403823	0.489084	0.353639	0.049999
20206	0.0323222	0.00887354	3.96247	1.89776	0.478933	1.07446	2.96702	3.99303	1.89418	0.474371	8.05734	0.543024	0.476643	0.365971	0.0503966
20207	-0.0140168	-0.0207441	4.05175	2.06016	0.508462	0.882456	2.99029	4.14021	1.86739	0.451036	11.2813	0.401832	0.479439	0.366041	0.0507965
20208	0.0417372	0.0238547	4.09657	2.00624	0.489737	0.880348	2.94162	4.11127	2.00672	0.488102	12.1054	0.351634	0.488918	0.346675	0.0510202
20209	-0.0594111	-0.0232913	4.20697	2.0933	0.497578	0.891642	2.916	4.09409	2.11122	0.515676	9.55161	0.452251	0.506504	0.339479	0.0511326
20210	-0.0910062	-0.0445434	3.85277	1.90127	0.493482	0.939249	2.93838	4.07588	2.06299	0.506146	8.38294	0.530712	0.499992	0.359553	0.0515754
20211	0.0278554	0.0063641	4.22755	2.00251	0.473681	0.929188	2.9259	3.92563	2.07407	0.528341	10.492	0.4062	0.499999	0.343395	0.0514598
20212	0.251082	0.164618	3.68629	1.89696	0.514597	0.913284	2.96048	3.79886	1.93594	0.509611	17.8258	0.219256	0.512066	0.337795	0.0517524
20213	0.135733	0.117767	3.57514	1.94236	0.543296	1.08129	3.03208	3.87936	1.97727	0.509689	9.49939	0.447039	0.525807	0.351483	0.0519582
20214	0.0735907	0.102107	3.99636	2.25924	0.565325	1.01792	3.03965	4.12259	2.04715	0.496571	9.67654	0.445882	0.530413	0.333867	0.051864
20215	0.0056747	0.041944	4.23728	2.03878	0.481153	1.03776	3.02536	3.68374	1.84427	0.500651	8.35589	0.532605	0.49022	0.36441	0.0517316
20216	0.0336039	0.0644175	3.80722	1.94094	0.509805	1.06599	3.11478	3.66176	1.82683	0.498894	8.73016	0.532907	0.504456	0.381838	0.0518823
20217	0.05515	0.0494091	3.86634	1.89671	0.490571	1.04317	3.10107	4.07755	1.83148	0.449162	9.53984	0.488093	0.469316	0.384535	0.0521076
20218	0.0230061	0.0515685	4.08957	1.96587	0.480703	1.09708	3.07908	3.72434	1.8319	0.491873	7.94518	0.576818	0.486027	0.376431	0.0522386
20219	-0.0456379	0.0436696	4.01123	1.92316	0.479444	1.09045	3.07291	4.15092	2.0294	0.488903	7.10956	0.64535	0.484254	0.367366	0.0522082
20220	-0.0436223	0.0700484	3.9191	1.86737	0.476479	1.07944	3.06753	4.15305	1.90335	0.458302	7.12377	0.63063	0.467127	0.373434	0.0526426
20221	0.128389	0.0925426	3.88923	1.99757	0.513616	1.13705	3.09933	3.60549	1.98807	0.551401	8.88617	0.508699	0.531793	0.361988	0.0527963
20222	0.150669	0.100462	4.06245	2.00535	0.493631	1.0515	3.08432	3.89531	2.0836	0.534899	10.9715	0.405749	0.513832	0.352596	0.0531454
20223	0.010358	0.103518	3.89848	1.87893	0.481965	1.06821	3.11472	3.914	2.07833	0.531	8.10274	0.559521	0.506531	0.364318	0.0538812
20224	0.0514695	0.0224721	3.75612	1.85216	0.493105	1.05081	3.08287	4.12017	1.9749	0.479324	9.37839	0.49934	0.485896	0.379705	0.0540198
20225	-0.0173409	0.0678115	3.64335	1.94628	0.534202	1.09037	3.14894	4.24098	2.08142	0.490788	7.73688	0.613514	0.510849	0.370891	0.0541318
20226	0.0221493	0.0287431	3.93771	1.99137	0.505719	1.24073	3.15506	3.73141	1.9971	0.535214	6.58193	0.742475	0.52007	0.380013	0.0544424
20227	0.150884	0.0878836	4.22088	2.16557	0.513062	1.10384	3.12471	3.95135	1.92611	0.487455	10.1553	0.454066	0.500681	0.360517	0.055049
20228	0.00928684	-0.023559	3.83506	1.98216	0.516852	1.09397	3.14699	4.05283	1.9077	0.470707	8.54401	0.588272	0.493143	0.39261	0.0550681
20229	-0.0333988	-0.00417174	4.05681	2.09431	0.516246	1.09174	3.14964	3.98531	1.83065	0.45935	7.85708	0.632964	0.488051	0.387952	0.0551128
20230	0.134606	0.077694	4.07146	2.09381	0.514265	1.13543	3.12233	4.04888	1.87356	0.462736	9.25447	0.500827	0.488573	0.368853	0.0550705
20231	0.0900019	0.0662232	4.45919	2.0763	0.465623	1.08476	3.06311	3.93329	1.96052	0.498444	9.0763	0.494768	0.481005	0.357529	0.0554448
20232	0.20346	0.160737	3.78755	1.95203	0.51538	1.09071	3.07955	4.01602	1.91791	0.477566	10.8223	0.393607	0.495919	0.355104	0.0556666
20233	0.0901211	0.115732	4.28614	2.06158	0.480989	1.07901	3.05192	3.82548	1.85622	0.485225	8.81608	0.488947	0.482987	0.355007	0.0559848
20234	0.0991269	0.143033	4.33561	2.19121	0.5054	1.00395	3.08406	3.62719	1.77813	0.490223	10.5651	0.409352	0.498486	0.352772	0.0561796
20235	0.131519	0.110902	4.23136	2.09557	0.495247	1.18485	3.21891	3.77974	1.82955	0.484042	8.7063	0.554752	0.48996	0.381018	0.05592
20236	0.087209	0.116829	4.20773	2.16083	0.513538	1.24923	3.23029	4.26259	1.98738	0.466238	7.17886	0.675151	0.489735	0.368885	0.056418
20237	0.157091	0.219955	4.34118	2.14515	0.49414	1.25304	3.28941	4.06513	2.05467	0.505438	7.84406	0.600552	0.499603	0.35943	0.0565108
20238	0.277535	0.226302	4.29163	2.15363	0.50182	1.28286	3.27746	3.99786	2.02673	0.506952	9.21124	0.505337	0.504295	0.357749	0.0568632
20239	0.222836	0.228314	4.51586	2.21841	0.491249	1.24912	3.25533	3.86308	1.97245	0.510589	8.69945	0.526633	0.500166	0.353534	0.057321
20240	0.171951	0.21151	3.88017	2.07662	0.535188	1.29561	3.25308	3.86121	2.00085	0.518193	7.32698	0.631306	0.526712	0.362039	0.0575175
20241	0.197061	0.199509	3.93587	1.95537	0.496808	1.30885	3.30571	3.93984	1.90372	0.483198	7.80578	0.618034	0.49	0.384752	0.0578978
20242	0.144435	0.182442	4.0304	1.92893	0.478594	1.22863	3.25082	3.70679	1.83139	0.494065	8.00942	0.587741	0.486006	0.385089	0.0585022
20243	0.103808	0.199464	3.75622	1.9313	0.514161	1.25802	3.28079	4.16302	1.87539	0.450488	7.12693	0.666107	0.480689	0.384183	0.0588119
20244	0.267238	0.215997	3.87883	1.87829	0.484243	1.23486	3.20435	3.60836	1.8337	0.508183	9.53795	0.468142	0.49578	0.375681	0.058843
20245	0.221849	0.249587	3.54098	1.916	0.541093	1.21152	3.18171	3.91285	1.9417	0.496236	8.77768	0.489728	0.517546	0.357918	0.0592668
20246	0.266922	0.276179	3.84619	1.97707	0.514034	1.15994	3.12519	4.02747	1.91277	0.474931	10.1782	0.398737	0.494033	0.34294	0.0592281
20247	0.169889	0.193143	3.94065	2.03459	0.516307	1.18972	3.20913	3.76969	1.96027	0.520008	8.74586	0.520028	0.518116	0.362866	0.0594123
20248	0.327695	0.300809	4.4852	2.15501	0.480471	1.24403	3.25255	3.94537	2.00514	0.508227	10.3763	0.419838	0.49346	0.343766	0.0594806
20249	0.364163	0.313224	4.13863	1.90906	0.461278	1.17711	3.22252	4.16714	2.14872	0.515635	12.807	0.330444	0.48855	0.342852	0.0597217
20250	0.305846	0.318208	3.97833	2.02248	0.508376	1.27481	3.30496	3.91129	2.04707	0.523376	9.50126	0.469448	0.515812	0.354125	0.0602316
20251	0.297233	0.266211	4.05413	2.10533	0.519305	1.38509	3.30171	4.14767	2.06835	0.498677	7.78607	0.591715	0.508873	0.355754	0.0601256
20252	0.221367	0.240823	3.75165	2.04255	0.544441	1.35719	3.30403	4.34563	2.09964	0.483161	7.27334	0.645045	0.511553	0.361677	0.0602295
20253	0.240506	0.217254	4.33965	2.16309	0.498448	1.25792	3.26614	4.14184	2.20062	0.531313	8.98023	0.517564	0.514497	0.347609	0.0604408
20254	0.299482	0.263621	4.2283	2.23952	0.529649	1.16799	3.2056	4.16364	2.11863	0.508841	11.4745	0.37715	0.519325	0.331884	0.0605035
20255	0.364024	0.342933	4.10442	2.17129	0.529013	1.16915	3.20328	4.17919	1.85217	0.443187	12.6215	0.324113	0.485713	0.337144	0.060528
20256	0.309704	0.369848	4.26335	2.32001	0.544175	1.12721	3.20684	3.80336	1.83534	0.482558	12.0431	0.334157	0.515123	0.326359	0.0605368
20257	0.316267	0.313506	4.54841	2.20681	0.485183	1.13813	3.15696	3.76262	1.87611	0.498619	11.97	0.337727	0.491266	0.331242	0.0605211
20258	0.234737	0.265929	4.15124	2.18325	0.525927	1.1965	3.17521	4.09171	1.89345	0.462752	9.15029	0.462495	0.494568	0.341804	0.0605274
20259	0.255204	0.241195	4.15755	2.21805	0.533499	1.11205	3.14761	3.62088	1.8198	0.502585	11.5056	0.367091	0.519108	0.343515	0.0607354
20260	0.166422	0.220234	4.09838	2.06149	0.503002	1.10742	3.14085	3.86815	1.83257	0.473758	9.63325	0.442736	0.488803	0.353964	0.0610067
20261	0.169403	0.169048	4.01802	2.02164	0.503144	1.14916	3.12876	3.77257	1.80789	0.479219	9.12556	0.479965	0.491558	0.363929	0.0610394
20262	0.171108	0.180848	4.2509	2.14864	0.505456	1.06286	3.04835	3.80184	1.93797	0.509744	10.34	0.397609	0.507481	0.334784	0.0612306
20263	0.21672	0.20456	4.25011	2.21918	0.522146	1.00645	3.00731	4.01694	2.02403	0.503875	12.5953	0.311838	0.513268	0.316497	0.0612094
20264	0.295598	0.282275	4.01007	2.21639	0.552705	1.07144	3.09583	3.94815	1.87645	0.475275	13.1513	0.300962	0.514291	0.326043	0.0614631
20265	0.151925	0.264407	4.05684	2.03639	0.501964	1.03354	3.03049	3.86166	2.00636	0.519559	9.84406	0.38862	0.510545	0.321288	0.0616446
20266	0.340692	0.283678	4.03643	2.12138	0.525557	1.07366	3.04465	4.07711	2.03043	0.498006	14.1893	0.268618	0.511712	0.314714	0.0620899
20267	0.247931	0.265521	4.17889	2.13562	0.511049	1.16353	3.14387	4.31952	2.08154	0.481892	9.88273	0.419161	0.496229	0.329484	0.0622195
20268	0.251208	0.257021	4.00226	2.08089	0.519929	1.18559	3.11582	3.97192	1.97313	0.496769	9.36086	0.436537	0.508393	0.335213	0.0623058
20269	0.15152	0.172529	4.27539	2.06056	0.481959	1.12782	3.14247	3.84704	1.91309	0.497291	9.25403	0.476579	0.48922	0.357003	0.0623479
20270	0.243018	0.19321	4.26986	2.04245	0.478342	1.15778	3.12784	3.62105	1.86418	0.514819	10.2917	0.418398	0.495081	0.355418	0.0625027
20271	0.249337	0.21712	3.8769	1.95535	0.504359	1.095	3.09108	4.06154	1.90227	0.468362	11.5496	0.357572	0.485942	0.348767	0.0628985
20272	0.126362	0.13868	4.09246	1.95136	0.476819	1.02468	3.09649	4.1144	2.0296	0.493292	10.8414	0.403484	0.485078	0.354706	0.0630506
20273	0.17614	0.0941544	3.93027	1.98588	0.505279	0.938557	3.02199	3.82856	2.14095	0.559206	14.7472	0.29064	0.531889	0.341914	0.0631552
20274	0.0892804	0.0513615	4.26428	1.92162	0.450631	1.03971	3.02067	4.07816	2.04512	0.50148	9.76054	0.451657	0.475488	0.357306	0.0636393
20275	0.0565428	0.0865787	4.5492	2.14292	0.471055	0.998595	3.00309	3.97139	2.03592	0.512647	9.58468	0.443731	0.490441	0.337366	0.0636555
20276	0.0281447	0.0495325	4.7939	2.25145	0.469649	0.98192	3.04419	3.83648	1.95462	0.509483	9.85828	0.454843	0.487356	0.347813	0.0640754
20277	0.0519126	0.0856578	3.83251	2.06381	0.538502	0.97736	2.99785	4.17325	2.12174	0.508413	9.90232	0.428227	0.522817	0.336346	0.0643666
20278	-0.00497528	0.0200719	4.1845	2.03005	0.485136	0.996919	2.99878	4.02868	2.07084	0.514026	8.8392	0.501896	0.499307	0.351143	0.0645464
20279	0.0758173	0.0159674	3.67527	2.06368	0.561505	0.891963	2.92764	4.28034	2.01687	0.471194	12.7277	0.333047	0.512915	0.34196	0.0649855
20280	-0.0934762	-0.0350558	4.17142	2.00732	0.481209	0.931956	2.88534	3.67736	1.92064	0.522288	8.11093	0.525755	0.500456	0.351951	0.0652556
20281	-0.0901542	-0.0670336	3.78604	1.93427	0.510894	0.857317	2.9153	3.88803	1.80736	0.464852	9.90787	0.448851	0.487567	0.372875	0.0657531
20282	-0.0160891	-0.0423514	4.023	2.0037	0.498061	0.906275	2.87369	4.05429	1.90638	0.470213	9.995	0.425377	0.484083	0.352311	0.0662554
20283	-0.000630762	-0.036892	4.14654	2.11461	0.509971	0.932205	2.87666	3.70168	1.89103	0.510856	9.75515	0.435092	0.510388	0.346433	0.0661645
20284	-0.0802754	-0.106878	4.25661	2.09019	0.491045	0.828768	2.82806	3.92922	1.98436	0.505027	10.4238	0.41318	0.497756	0.345884	0.0662777
20285	0.00612195	0.0200213	4.11823	2.03638	0.494481	0.729775	2.79696	3.77163	1.91619	0.508054	14.7255	0.261837	0.500969	0.327952	0.0664022
20286	-0.0115049	-0.023162	4.23936	2.14137	0.505117	0.762728	2.81038	4.04055	2.00143	0.495335	13.3941	0.299718	0.500343	0.326488	0.0667448
20287	-0.00843574	-0.0618231	4.38508	1.89603	0.432382	0.810299	2.80944	4.12017	2.11526	0.513392	12.2987	0.335164	0.471625	0.339527	0.0671351
20288	0.0568604	0.021206	3.9278	1.91652	0.487938	0.790198	2.76958	4.11535	2.18627	0.531249	14.0456	0.268892	0.510098	0.315302	0.0671466
20289	0.0831764	0.0486813	3.92019	2.10684	0.537434	0.893468	2.86306	4.07485	1.92102	0.471433	12.0637	0.328287	0.503795	0.329699	0.0672294
20290	-0.203715	-0.169729	4.26074	2.14137	0.502583	0.691745	2.69957	3.94509	2.10098	0.532555	10.2673	0.400924	0.516993	0.326781	0.0674873
20291	-0.184051	-0.175367	3.90516	2.17251	0.556319	0.614105	2.68101	4.29371	2.14177	0.498814	12.8072	0.318527	0.526204	0.321123	0.0676344
20292	-0.21605	-0.15681	4.09178	2.12121	0.518409	0.67922	2.67544	4.41579	2.18096	0.4939	10.0082	0.400754	0.505688	0.318045	0.0677815
20293	-0.26628	-0.190437	3.94572	1.93923	0.491477	0.734987	2.73437	4.12156	2.11946	0.514236	8.53284	0.501268	0.503105	0.345201	0.0681901
20294	-0.14814	-0.17209	3.93761	2.06562	0.524587	0.628186	2.765	4.2956	2.1733	0.505937	14.3135	0.301341	0.514857	0.337319	0.0687331
20295	-0.103026	-0.15126	4.15978	1.99126	0.478694	0.841401	2.80325	3.92717	2.09343	0.533062	9.78661	0.445972	0.505096	0.348333	0.0688459
20296	-0.14621	-0.106373	3.67654	1.91368	0.520512	0.739902	2.82247	4.0749	1.98549	0.487249	10.9248	0.392597	0.503026	0.354951	0.0692378
20297	-0.0409895	-0.105634	3.9776	2.08686	0.524652	0.709703	2.81879	3.85405	1.924	0.499216	15.176	0.28177	0.512135	0.347827	0.0692456
20298	-0.140538	-0.117252	3.90311	2.01819	0.517071	0.77813	2.76389	3.75224	2.01535	0.537105	9.83585	0.421975	0.526891	0.339827	0.0697446
20299	-0.155187	-0.150824	4.00953	2.04023	0.508844	0.704492	2.69853	3.88719	1.91548	0.492767	10.9856	0.369524	0.50093	0.339222	0.070268
20300	-0.160191	-0.17899	3.98233	1.95992	0.492156	0.77819	2.76454	3.88828	1.88042	0.483612	9.83963	0.440279	0.487935	0.360744	0.070543
20301	-0.175506	-0.194298	3.78804	1.91644	0.50592	0.758445	2.75628	3.74423	1.86777	0.49884	9.98079	0.436132	0.502401	0.365254	0.0708376
20302	-0.128038	-0.163484	4.08221	2.05213	0.502702	0.828998	2.7616	3.83955	1.83936	0.479055	9.34158	0.457959	0.491241	0.354815	0.0711616
20303	0.0362528	-0.0909187	4.02921	2.1177	0.525586	0.783996	2.77605	3.91564	1.84895	0.472196	14.7008	0.27956	0.499273	0.341367	0.0714648
20304	-0.214182	-0.146374	3.64154	2.0303	0.557538	0.786855	2.78644	4.02064	1.89327	0.470886	8.5836	0.501037	0.512068	0.354145	0.0723431
20305	-0.120575	-0.12868	3.76359	1.91994	0.510135	0.906867	2.87357	3.97077	1.92304	0.484299	8.53846	0.527819	0.496871	0.369744	0.0725364
20306	-0.21517	-0.174363	3.7675	1.9854	0.52698	0.921551	2.91309	3.61729	1.85515	0.512857	7.37723	0.646067	0.520062	0.383028	0.0725416
20307	-0.14633	-0.144858	3.93222	1.9822	0.504093	0.960687	2.90254	4.01841	1.88613	0.469371	7.57793	0.612743	0.486544	0.375184	0.0722607
20308	-0.10205	-0.11885	4.09024	2.13854	0.522839	0.963559	2.94256	3.81036	1.77786	0.466586	8.25367	0.567762	0.495709	0.37444	0.0724524
20309	-0.146285	-0.137619	3.87472	1.96201	0.506362	0.956134	2.93249	4.01854	1.90892	0.475029	7.75559	0.607664	0.49041	0.378514	0.0728765
20310	-0.0715904	-0.124362	3.91552	1.9752	0.504453	0.992346	2.96729	3.92843	1.83954	0.468264	8.444	0.565981	0.486329	0.385265	0.0732748
20311	-0.0504582	-0.15885	3.77343	1.92975	0.511405	1.00579	2.95616	4.0617	1.90151	0.468155	8.69728	0.557835	0.488984	0.387811	0.0731919
20312	-0.0840586	-0.1213	3.84505	1.95088	0.507375	1.01266	3.02266	3.93047	2.0028	0.509557	8.21798	0.601393	0.508478	0.38474	0.0736102
20313	-0.0850173	-0.10432	3.67318	1.97892	0.538749	0.964895	2.98946	4.43665	2.02136	0.455606	8.68304	0.551157	0.493264	0.374402	0.0742655
20314	-0.0550831	-0.0631459	4.45374	2.01947	0.453433	1.0298	3.03171	4.09642	1.96706	0.480189	8.13799	0.588484	0.466252	0.375374	0.0743252
20315	-0.0423849	-0.0762818	4.12166	1.89534	0.459849	0.944256	3.01942	3.69299	2.00505	0.542934	9.84468	0.48673	0.499112	0.380639	0.0747091
20316	-0.118284	-0.104079	4.24913	2.01028	0.473104	0.94588	3.01722	4.0643	1.99913	0.491875	8.60309	0.566222	0.482281	0.378025	0.0753737
20317	-0.14498	-0.174061	3.8375	1.90145	0.495492	1.12233	3.11187	3.74916	1.81998	0.485438	6.72283	0.803034	0.490523	0.420528	0.0757237
20318	-0.101602	-0.147085	4.08685	1.92413	0.47081	1.0305	3.04611	4.10361	1.96295	0.478348	7.95577	0.640823	0.474587	0.396179	0.076168
20319	-0.130086	-0.181832	3.89738	1.88446	0.483519	0.935952	3.0	3.94111	2.03238	0.515686	8.9086	0.568219	0.499692	0.392656	0.076643
20320	-0.0884081	-0.16476	4.22133	1.98415	0.47003	0.930937	3.03265	4.08657	2.012	0.492345	9.83904	0.519533	0.481006	0.390206	0.0767279
20321	-0.113145	-0.18374	3.92888	1.99283	0.507226	1.17578	3.11807	3.97021	1.97839	0.498309	6.56214	0.830668	0.502744	0.40711	0.0766189
20322	-0.0970418	-0.0837965	3.90692	2.1442	0.54882	1.09457	3.05033	4.10211	2.08435	0.508116	6.91773	0.70997	0.527972	0.367502	0.0771328
20323	-0.139526	-0.0814368	3.86272	1.8934	0.490173	1.0183	3.04669	4.14958	2.0545	0.495111	7.29924	0.670286	0.49273	0.382698	0.07725
20324	-0.174407	-0.21054	3.79144	1.98306	0.523038	1.13197	3.08501	4.00304	2.0099	0.502094	6.36386	0.853305	0.512282	0.404877	0.0777744
20325	-0.276389	-0.305681	3.79059	2.00371	0.5286	1.0527	3.03278	3.61495	1.86214	0.51512	6.30936	0.883236	0.52202	0.418982	0.078031
20326	-0.35175	-0.322671	4.09811	2.06422	0.5037	1.01197	2.9911	3.83756	1.88025	0.489959	5.90465	0.929868	0.497055	0.410492	0.0782081
20327	-0.348023	-0.326846	4.06212	2.0283	0.49932	1.0797	3.0268	3.8515	1.92032	0.49859	5.51753	1.0192	0.498965	0.416037	0.0780031
20328	-0.286716	-0.329743	4.06942	2.0716	0.509065	0.961749	3.06936	3.82879	1.97181	0.514995	7.41271	0.779332	0.51194	0.416816	0.0779921
20329	-0.33684	-0.299266	3.8438	2.12931	0.553961	0.993359	3.03827	3.73208	1.97684	0.529689	6.29534	0.884716	0.542004	0.404244	0.0782577
20330	-0.360186	-0.32915	4.11069	2.10139	0.511202	1.02751	3.00924	4.02187	2.05492	0.510937	5.78739	0.962856	0.511071	0.401445	0.0783749
20331	-0.310684	-0.290272	3.8258	2.0897	0.546213	1.09877	3.0264	4.21667	1.97179	0.467619	5.53739	0.993277	0.505006	0.403857	0.0788973
20332	-0.250421	-0.249349	4.10813	1.97898	0.481722	0.992465	2.98608	3.73445	2.06224	0.55222	6.77643	0.772383	0.515292	0.393167	0.0791237
20333	-0.303841	-0.279679	3.63512	1.81842	0.500236	0.852223	2.92858	4.23683	2.07528	0.48982	7.70147	0.668242	0.49463	0.398025	0.0798662
20334	-0.309909	-0.29712	3.93699	1.93173	0.490662	1.08541	2.98896	4.1316	2.07639	0.502563	5.54641	0.973452	0.496756	0.40258	0.0802616
20335	-0.277556	-0.324247	3.77339	1.97918	0.524509	0.978757	2.96153	4.13443	2.06252	0.498864	6.84039	0.789161	0.511102	0.400531	0.0808531
20336	-0.305195	-0.295128	3.92412	1.86647	0.475639	0.863265	2.88437	4.26632	2.10629	0.493701	7.40438	0.682649	0.485048	0.388931	0.0808416
20337	-0.177256	-0.179801	3.88002	1.97869	0.50997	0.848534	2.83037	3.79499	2.0585	0.542425	8.61125	0.526122	0.526018	0.359543	0.0811084
20338	-0.21756	-0.217114	3.93143	1.93127	0.491238	0.822727	2.85114	4.02367	2.07302	0.515206	8.69917	0.541098	0.503361	0.370297	0.08137
20339	-0.169717	-0.144785	3.88046	1.87595	0.483434	0.785316	2.85053	3.82918	2.02569	0.529013	9.83664	0.456044	0.506072	0.365147	0.0817907
20340	-0.140104	-0.138841	4.00634	1.88401	0.470257	0.796593	2.78659	3.86051	1.96766	0.509689	9.75398	0.438701	0.489608	0.357228	0.0815333
20341	-0.197902	-0.140174	3.91139	1.94839	0.498133	0.862028	2.88402	3.90905	2.05934	0.526814	8.14078	0.561725	0.512469	0.363378	0.0816501
20342	-0.14269	-0.120737	3.77743	1.88832	0.499896	0.962879	2.90346	4.16578	2.019	0.484662	7.48253	0.611141	0.491907	0.369269	0.0819344
20343	0.0402203	-0.00246031	3.86837	1.91594	0.495284	0.81748	2.80398	4.24933	2.12703	0.500557	13.0371	0.302066	0.498044	0.327627	0.0821568
20344	0.0208905	0.0921472	4.05909	2.00541	0.494055	0.884033	2.89141	4.14799	2.11191	0.509141	10.5177	0.372507	0.50168	0.322504	0.0825346
20345	0.0981031	0.0335175	3.8807	1.94437	0.501037	0.862608	2.85571	3.91292	1.97101	0.50372	13.6273	0.292234	0.502384	0.337226	0.0824931
20346	0.0987489	0.0297638	3.76726	1.91276	0.507731	0.86346	2.80244	4.25643	2.0986	0.493042	13.1463	0.292391	0.499939	0.324033	0.0828417
20347	-0.00569974	0.00373651	3.9845	1.90371	0.477778	0.831083	2.79862	3.95642	1.94053	0.490477	11.1559	0.350103	0.484105	0.336979	0.0828408
20348	0.0722179	0.0413588	3.84294	1.95908	0.509787	0.786312	2.80822	3.63868	1.98199	0.5447	15.0129	0.254965	0.526767	0.326992	0.0831894
20349	-0.0419584	-0.0371232	3.76471	1.91378	0.508348	0.8813	2.87374	3.82454	1.8271	0.477731	9.94021	0.426203	0.492919	0.361648	0.0831321
20350	-0.097362	-0.081218	4.00287	1.96476	0.490837	0.831914	2.8584	3.65657	1.87106	0.511698	10.0068	0.431777	0.500796	0.360403	0.083072
20351	-0.142905	-0.138281	3.92205	1.95989	0.49971	0.785001	2.80463	3.85057	1.91916	0.498408	10.0588	0.430505	0.499065	0.358339	0.0831127
20352	-0.163666	-0.102036	3.90502	1.82506	0.467364	0.780101	2.75341	4.12668	2.13656	0.517743	9.15418	0.445348	0.493249	0.339844	0.083221
20353	-0.0525218	-0.0641561	3.91166	1.86906	0.477817	0.696691	2.72693	4.34554	2.13488	0.49128	13.8783	0.28066	0.484902	0.327347	0.0833803
20354	0.00427475	-0.0181155	3.88861	1.95114	0.501757	0.676188	2.78552	3.76643	1.94711	0.516965	17.4107	0.225734	0.509239	0.335261	0.0833225
20355	0.0392906	-0.00588185	3.86064	1.83612	0.4756	0.752179	2.71823	4.055	2.1108	0.520543	14.6018	0.254105	0.498623	0.319854	0.0832085
20356	0.0974497	0.0443887	3.71948	1.80789	0.486061	0.773383	2.76636	3.99375	2.09339	0.524166	16.2166	0.228443	0.505791	0.322046	0.0830831
20357	0.118933	0.0305397	3.7458	2.03849	0.544206	0.876739	2.82148	4.10337	2.01803	0.4918	13.5639	0.287135	0.516809	0.324457	0.0831521
20358	0.00122033	0.0113997	3.96338	2.07396	0.523282	0.799501	2.78294	4.01863	2.00768	0.499592	12.054	0.318626	0.511355	0.320062	0.0831899
20359	0.0915157	0.064365	3.93289	2.0647	0.524983	0.744108	2.79344	4.26862	2.06507	0.483778	17.4883	0.212939	0.503537	0.310863	0.0832816
20360	0.0186009	0.0676564	3.9123	2.0134	0.514633	0.766001	2.76097	3.81077	1.96887	0.516659	12.9857	0.279304	0.515633	0.313006	0.0834442
20361	-0.00687098	0.0832756	3.8511	2.03904	0.52947	0.871464	2.85234	4.04794	2.00347	0.494937	9.93903	0.385736	0.511773	0.321771	0.0835439
20362	0.00536547	0.0387885	4.55224	2.18597	0.480197	0.850825	2.86777	3.88804	2.02124	0.519861	11.1963	0.357401	0.498468	0.3224	0.0839598
20363	-0.00794354	0.0222665	4.10333	2.04271	0.497817	0.925312	2.92573	3.79299	1.95256	0.514781	9.67903	0.435483	0.505966	0.345451	0.0842605
20364	-0.0321269	0.00283148	3.7751	1.87047	0.495477	0.944597	2.94451	3.87874	1.94733	0.502053	9.07081	0.476995	0.49881	0.361811	0.0842616
20365	-0.155962	-0.095465	3.89161	1.98063	0.508949	0.910981	2.91554	3.51902	1.87473	0.532741	7.96419	0.569183	0.520247	0.370352	0.0845493
20366	-0.121466	-0.0846333	3.96483	1.97851	0.499014	0.965701	2.9453	4.24482	1.985	0.467629	7.76735	0.590966	0.482786	0.366829	0.0848347
20367	-0.00226947	-0.0305357	3.82046	1.99642	0.52256	1.00574	3.01834	3.46142	1.79938	0.519839	9.14842	0.508046	0.521266	0.379859	0.0851036
20368	-0.0942249	-0.0948443	4.1119	1.95968	0.476588	1.01097	3.05752	3.97287	1.93481	0.487007	8.13576	0.610724	0.481708	0.389586	0.0852827
20369	-0.123898	-0.147049	3.94961	1.8593	0.470755	1.0635	3.03746	4.17421	1.97534	0.473225	7.19265	0.704961	0.472024	0.398127	0.0853201
20370	-0.169657	-0.138312	3.82013	1.98726	0.520207	1.19337	3.13846	3.76101	1.95084	0.5187	5.77939	0.928923	0.519459	0.405458	0.0855544
20371	-0.113402	-0.13775	3.8415	2.05299	0.534423	1.17164	3.17566	4.00402	2.04316	0.510276	6.64833	0.82567	0.522099	0.40134	0.085895
20372	-0.114325	-0.137734	4.12221	1.95153	0.473419	1.15256	3.15749	3.88208	2.01396	0.518784	6.76549	0.802494	0.495421	0.406495	0.086128
20373	-0.140274	-0.120977	3.93816	1.85416	0.47082	1.17897	3.17926	4.07158	2.1764	0.534535	6.25809	0.870199	0.503208	0.403306	0.0863549
20374	-0.190224	-0.190427	3.92204	2.08025	0.5304	1.19089	3.14183	4.07137	2.03071	0.498779	5.82126	0.953742	0.514294	0.4032	0.0866196
20375	-0.0858419	-0.104583	4.11415	2.05284	0.49897	1.02775	3.05261	4.08962	2.12209	0.518896	8.03812	0.620038	0.508903	0.3739	0.0869693
20376	-0.128588	-0.154224	3.90889	1.94768	0.498269	1.12175	3.09711	3.99223	2.01342	0.504336	6.76192	0.781667	0.501335	0.400306	0.0870324
20377	-0.182189	-0.145263	4.14981	2.03056	0.489312	1.10733	3.09177	4.36004	2.17931	0.499839	6.30143	0.83143	0.494705	0.383691	0.0874041
20378	-0.235005	-0.212273	3.96931	1.99402	0.502359	1.11325	3.07854	3.9244	2.02549	0.516128	5.95745	0.908897	0.509204	0.402589	0.0876458
20379	-0.260671	-0.273203	4.20525	2.00845	0.477606	1.04248	3.07346	4.32379	2.16549	0.50083	6.5953	0.849101	0.489379	0.401619	0.0875658
20380	-0.253181	-0.23338	3.55122	1.80837	0.509225	1.1249	3.04938	4.02401	2.10444	0.522971	5.67452	0.949554	0.516527	0.407893	0.0878631
20381	-0.151582	-0.179761	3.6486	2.00876	0.550557	1.0841	3.10637	4.40163	2.18467	0.496332	7.07218	0.763459	0.520909	0.391766	0.08818
20382	-0.206971	-0.196365	3.88994	2.11423	0.543514	1.0664	3.00717	4.14209	2.11666	0.511013	6.32921	0.810735	0.526753	0.377611	0.0881696
20383	-0.113545	-0.153554	3.96845	1.93893	0.488585	0.97536	3.0131	3.80345	2.03253	0.53439	8.45712	0.592857	0.511001	0.387087	0.0882874
20384	-0.19369	-0.210744	3.81437	1.95625	0.512865	0.966839	3.0087	4.05109	2.11774	0.522758	7.69575	0.673414	0.517961	0.388886	0.0885037
20385	-0.247639	-0.218374	3.71865	1.88462	0.506801	1.08523	3.0215	4.19646	2.14639	0.511477	5.90857	0.88827	0.50928	0.394427	0.0885553
20386	-0.221525	-0.218662	4.09804	1.92305	0.469262	1.05622	3.06923	4.20908	2.17204	0.516037	6.62136	0.816315	0.492962	0.397692	0.0886996
20387	-0.114124	-0.135219	3.8651	1.97851	0.511891	0.951112	3.02394	3.82562	2.13757	0.558751	8.79533	0.567364	0.535201	0.377522	0.0890891
20388	0.0291818	-0.023889	3.67438	1.99333	0.542493	0.976368	2.98738	3.83981	2.09246	0.544939	10.1071	0.448581	0.543743	0.35696	0.0894525
20389	0.0271539	0.010164	3.93425	2.06978	0.526094	1.10995	3.04225	3.89111	2.03466	0.5229	7.84132	0.586223	0.524506	0.359079	0.0896658
20390	-0.0112646	-0.0933165	4.04826	2.01609	0.498013	1.02145	3.01437	3.76933	2.0475	0.543199	9.05557	0.533249	0.5198	0.372829	0.0895956
20391	-0.0766143	-0.129546	4.21887	2.04625	0.485023	1.06644	3.00945	4.02797	2.05856	0.511067	7.5413	0.653289	0.497744	0.375159	0.0897238
20392	-0.163533	-0.160329	3.89848	1.96016	0.502801	0.95865	3.04164	3.78613	2.08324	0.55023	8.14157	0.629647	0.526169	0.38809	0.0898276
20393	-0.0944953	-0.128936	4.16924	2.13506	0.512099	1.03949	3.06531	4.12941	2.01499	0.487962	7.93456	0.642958	0.500088	0.380785	0.089698
20394	-0.142062	-0.169382	4.10192	1.98742	0.484511	0.98843	3.07339	3.95975	2.02268	0.51081	8.22809	0.639006	0.497429	0.396098	0.0899406
20395	-0.0119373	-0.064278	4.00605	1.9658	0.490709	1.09022	3.04942	3.91362	1.91141	0.488399	7.98124	0.607371	0.489567	0.384786	0.0899011
20396	-0.0493872	-0.10137	3.95614	1.95403	0.493924	1.07166	3.02132	4.02321	1.94543	0.483552	7.7591	0.628371	0.488694	0.384795	0.0901866
20397	-0.102027	-0.147715	3.67212	1.85548	0.505288	0.961259	2.98022	3.94685	1.97403	0.500153	8.65397	0.565289	0.502628	0.389888	0.0904924
20398	-0.170909	-0.153637	3.8976	1.95992	0.502854	0.840631	2.9215	4.06012	2.02157	0.497909	9.24192	0.511606	0.500331	0.372676	0.0905084
20399	-0.0820283	-0.131314	3.78706	1.84348	0.486785	0.985636	2.93543	4.0206	2.03363	0.505803	8.25061	0.569954	0.496579	0.377623	0.0911185
20400	-0.14076	-0.109611	3.51409	1.9106	0.543696	0.908739	2.93733	4.14072	2.13033	0.514484	8.42876	0.550724	0.527894	0.364939	0.0914818
20401	-0.0708862	-0.111563	3.98369	1.89553	0.475822	0.972968	2.94268	3.76772	1.90349	0.50521	8.56109	0.544816	0.490107	0.38049	0.0915887
20402	-0.0318063	-0.0421517	3.92736	1.8183	0.462983	0.962213	2.97065	3.96404	1.94098	0.489647	9.18652	0.494037	0.476377	0.376535	0.0915952
20403	-0.0893147	-0.0838702	3.89596	1.8503	0.474928	0.907883	2.91292	4.02226	1.93451	0.480951	9.03129	0.497202	0.477988	0.372453	0.0924
20404	-0.0652716	-0.126298	4.16819	1.90199	0.456312	0.936025	2.97157	4.01073	1.97576	0.492617	9.57196	0.501297	0.474115	0.382342	0.0928548
20405	-0.0950862	-0.0497548	3.84721	1.91327	0.497313	0.902922	3.00437	3.89855	1.92971	0.494981	9.36496	0.49801	0.496139	0.377763	0.0930172
20406	-0.0717089	-0.084867	3.54681	1.76969	0.498954	1.01623	2.94287	3.91915	1.81759	0.463771	7.7451	0.591806	0.480485	0.389942	0.0934025
20407	-0.0748164	-0.0974923	3.94482	1.8483	0.468539	0.99623	3.00208	4.25955	1.87557	0.440323	8.37504	0.57357	0.45389	0.39221	0.0936673
20408	-0.00771597	-0.104407	3.83167	1.92662	0.502814	1.03781	3.05357	3.96738	1.80622	0.455269	9.12325	0.546562	0.478628	0.400568	0.0937096
20409	-0.113065	-0.103162	3.97218	2.03803	0.513077	1.11607	3.0985	4.04853	1.91657	0.473399	6.78496	0.755393	0.493049	0.39333	0.0935297
20410	-0.141851	-0.103549	3.96657	1.99195	0.502183	1.13826	3.12887	3.71586	1.90354	0.512274	6.37622	0.819336	0.507064	0.401517	0.0937737
20411	-0.10905	-0.0512503	4.03091	2.06087	0.511266	1.11819	3.12386	3.86987	1.8873	0.48769	6.69363	0.753053	0.499718	0.389751	0.0941105
20412	-0.000290091	-0.0395674	3.95917	2.06049	0.520434	1.16247	3.13191	4.22224	1.96756	0.466	7.43943	0.676009	0.492342	0.384454	0.0938002
20413	-0.116367	-0.0675301	4.04945	2.03556	0.502675	1.02683	3.11065	4.30221	2.06316	0.479558	7.72889	0.653445	0.490767	0.381343	0.0939587
20414	-0.0780662	-0.0944755	3.97411	2.0595	0.518229	1.15072	3.13428	4.15581	2.01119	0.483946	6.9043	0.754953	0.500704	0.390452	0.0941967
20415	0.0236098	-0.0651979	3.88915	2.04728	0.526409	1.00091	3.05729	3.99022	2.06203	0.516771	10.2081	0.477559	0.521528	0.372433	0.0946064
20416	-0.0353787	-0.00860695	4.05716	1.96071	0.483272	1.11081	3.04188	3.89193	1.86307	0.4787	7.08313	0.656877	0.481033	0.37838	0.0945137
20417	0.00491603	-0.0426982	4.04756	2.13231	0.526813	0.962741	3.03331	3.88963	1.79974	0.462703	10.3134	0.458714	0.495396	0.375736	0.0946363
20418	0.022985	0.00147362	4.05554	2.08698	0.5146	1.02049	3.02916	3.64578	1.67556	0.459589	9.21274	0.49751	0.488558	0.378648	0.0948557
20419	-0.0869253	-0.08203	4.20544	1.90611	0.453247	0.975443	3.01683	3.67933	1.89643	0.515428	8.50848	0.564314	0.482263	0.387129	0.0950507
20420	-0.10458	-0.0993633	4.32415	2.01702	0.466456	1.03118	3.03048	3.62592	1.93599	0.533931	7.59406	0.644974	0.49723	0.382653	0.0953456
20421	-0.097664	-0.112131	3.74102	1.81714	0.485734	1.09001	3.09626	3.91461	1.94152	0.495968	7.29765	0.705279	0.490967	0.406532	0.0957557
20422	-0.207408	-0.201855	3.73013	1.76873	0.474173	1.10344	3.13639	3.94077	1.88003	0.477072	6.48527	0.859168	0.475662	0.433081	0.0961308
20423	-0.166888	-0.17626	3.6294	1.72872	0.476309	1.10393	3.14319	4.0326	2.07506	0.51457	6.82283	0.807492	0.496446	0.420143	0.0960932
20424	-0.229324	-0.167295	3.91823	1.89909	0.484681	1.16714	3.16325	3.86504	1.9165	0.495857	5.68814	0.975056	0.490231	0.421012	0.0961723
20425	-0.0234051	-0.0619781	3.88697	2.01739	0.519014	1.1933	3.1854	4.26857	2.04573	0.479255	7.12353	0.740185	0.498204	0.393637	0.0962254
20426	0.0504789	0.0606596	4.06866	1.96805	0.48371	1.10018	3.11627	3.84128	1.98769	0.517454	8.47353	0.550935	0.500097	0.371216	0.0963026
20427	0.00116626	0.0559824	3.46084	1.9211	0.555096	1.21385	3.1981	4.06413	1.89921	0.467311	6.71353	0.735301	0.507684	0.392616	0.0962325
20428	0.0666274	0.05334	4.01463	1.8969	0.472497	1.15724	3.14828	3.77746	1.91074	0.505827	8.05308	0.594719	0.488654	0.386211	0.0963409
20429	0.0822081	0.142584	3.68333	1.9357	0.52553	1.17169	3.19441	3.85265	2.0209	0.524549	7.84661	0.59348	0.525028	0.370586	0.0969389
20430	0.132168	0.128792	3.94971	2.03618	0.515527	1.20002	3.16107	4.09215	1.91837	0.468793	8.06344	0.570149	0.491746	0.367715	0.0970408
20431	0.0401984	0.145843	4.25836	2.01011	0.472038	1.17372	3.17214	4.39719	2.05907	0.46827	7.12795	0.642435	0.470124	0.360187	0.0972611
20432	0.232755	0.156016	4.22232	2.11678	0.50133	1.13647	3.12561	4.02533	2.07885	0.516442	10.7976	0.408353	0.508706	0.344571	0.0972863
20433	0.17422	0.174694	4.15718	2.12794	0.511872	1.10403	3.13167	3.86765	1.8175	0.469923	10.1135	0.432276	0.491654	0.35663	0.0973862
20434	0.0429179	0.0697457	4.0253	2.01081	0.499544	1.16827	3.16176	3.78329	1.81106	0.478701	7.54922	0.633213	0.489445	0.384878	0.0976641
20435	0.0534247	0.0373202	4.25022	1.89904	0.446809	1.16603	3.1265	4.17048	1.98095	0.474993	7.70913	0.618944	0.460768	0.380881	0.0980948
20436	0.017885	0.0240051	4.01977	2.01751	0.501897	1.18201	3.1769	3.95351	2.008	0.507903	7.33532	0.677594	0.504875	0.381826	0.0983059
20437	0.02115	-0.0078325	3.74269	1.83313	0.489789	1.11216	3.15984	3.76215	1.89479	0.503647	8.42986	0.595156	0.496736	0.402359	0.0986919
20438	0.0396091	0.0276742	4.04903	2.04547	0.505174	1.13578	3.18062	4.00455	1.85347	0.462842	8.27328	0.600792	0.484125	0.389402	0.0990697
20439	0.0432468	0.0387686	4.10776	1.86439	0.453871	0.975498	3.04324	4.16046	1.9648	0.472256	10.3865	0.434546	0.463122	0.370926	0.0998109
20440	0.0742954	0.0324777	3.87472	1.96421	0.50693	1.096	3.11329	3.99867	2.02469	0.506342	9.09236	0.521945	0.506632	0.373104	0.0995988
20441	0.1023	0.0715404	3.95301	2.05979	0.521069	1.17443	3.17095	3.90068	2.05304	0.526329	8.35724	0.574733	0.523681	0.368774	0.0998934
20442	0.0453316	0.046976	4.25061	2.10911	0.49619	1.18886	3.16281	4.13949	2.0661	0.49912	7.42431	0.653828	0.497636	0.367731	0.100038
20443	0.0804404	0.0575504	3.95808	2.08254	0.526148	1.16688	3.14904	4.19007	2.06234	0.492197	8.097	0.590176	0.50869	0.365781	0.100234
20444	0.0477904	0.0414848	3.85434	1.85548	0.4814	1.20383	3.20954	3.88298	2.11456	0.544572	7.50998	0.668216	0.513103	0.387381	0.0999797
20445	0.147789	0.10326	3.69589	1.72277	0.466132	1.29608	3.27207	4.06632	2.05389	0.505097	7.61527	0.659292	0.486544	0.399411	0.100254
20446	-0.0767546	0.00689714	3.83746	1.85482	0.483345	1.21892	3.23773	4.47664	2.23592	0.499464	6.21782	0.839386	0.492024	0.389589	0.100724
20447	-0.0160145	-0.00935858	3.86416	1.69435	0.438479	1.28925	3.23163	3.74997	1.99347	0.531595	6.16534	0.851859	0.484339	0.416035	0.100778
20448	-0.173587	-0.169214	3.75662	1.85204	0.493008	1.12253	3.15385	4.04778	1.96356	0.485095	6.57339	0.839959	0.488904	0.419916	0.100716
20449	-0.171833	-0.152942	3.71806	1.89538	0.509776	1.26344	3.16276	4.35405	2.02785	0.465737	5.3368	1.03001	0.486022	0.412081	0.100891
20450	-0.16388	-0.131572	3.8133	1.85722	0.487037	1.12507	3.12462	3.73022	1.7686	0.474128	6.38187	0.830697	0.480654	0.422442	0.101302
20451	-0.151642	-0.13437	3.95903	1.83617	0.463792	1.2065	3.18982	3.9202	1.88281	0.480284	5.99076	0.922276	0.471997	0.426343	0.101353
20452	-0.125974	-0.089938	3.83917	1.78451	0.464817	1.23487	3.27673	3.89058	1.93768	0.498043	6.1205	0.925944	0.48154	0.432353	0.101789
20453	-0.0713388	-0.0603259	3.86771	1.84788	0.477771	1.24206	3.2442	3.88499	2.07228	0.533407	6.3303	0.862512	0.505651	0.410636	0.10221
20454	-0.0875512	-0.0753445	3.85735	1.81881	0.471519	1.24925	3.27145	4.14812	2.20852	0.532415	6.26795	0.893517	0.503073	0.41026	0.102579
20455	-0.143091	-0.133594	3.71576	1.82636	0.491517	1.24103	3.243	3.58234	1.83398	0.51195	5.9513	0.957891	0.501547	0.437918	0.102736
20456	-0.283194	-0.202663	3.83264	1.83828	0.479637	1.29392	3.25366	3.90256	1.95151	0.500058	4.80287	1.24365	0.48994	0.440855	0.102633
20457	-0.265883	-0.211527	3.7251	1.72417	0.462852	1.27649	3.25608	4.12046	1.93065	0.468551	5.05455	1.18945	0.465845	0.451426	0.102647
20458	-0.224171	-0.249118	4.06487	1.92494	0.473556	1.30644	3.24849	3.96362	1.98538	0.500901	5.2217	1.17139	0.487056	0.438992	0.103228
20459	-0.28459	-0.240908	3.63229	1.84463	0.507841	1.20301	3.17591	4.06826	1.98924	0.488967	5.27561	1.10647	0.49787	0.432354	0.103487
20460	-0.284189	-0.254008	3.76377	1.8106	0.48106	1.17055	3.11639	3.66116	1.97229	0.538707	5.36773	1.05814	0.509485	0.42893	0.103612
20461	-0.363974	-0.328475	3.95621	1.85955	0.470033	1.13523	3.08511	3.7992	1.99041	0.523901	5.18442	1.12381	0.496421	0.430864	0.103504
20462	-0.284428	-0.25633	3.77572	1.74977	0.463427	1.11754	3.05865	3.86312	2.0447	0.529286	5.59095	0.982756	0.496733	0.420082	0.104203
20463	-0.196344	-0.255816	3.68083	1.71508	0.465949	1.10136	3.13752	3.83132	1.99946	0.521871	6.83755	0.842024	0.49447	0.436736	0.104816
20464	-0.369098	-0.298121	3.60335	1.8238	0.506141	1.05615	3.09606	3.99424	1.96085	0.490919	5.67135	1.01567	0.498138	0.432263	0.104824
20465	-0.126873	-0.187222	3.82148	2.02269	0.529296	1.11458	3.11218	4.17622	1.85852	0.445024	7.06329	0.770609	0.485291	0.412302	0.105316
20466	-0.172011	-0.197202	4.09835	1.93827	0.472941	1.15394	3.11555	3.98788	1.8427	0.462076	6.24197	0.879078	0.467583	0.420623	0.105469
20467	-0.263502	-0.289255	3.82589	1.86131	0.486503	1.04674	3.07347	3.88981	1.87124	0.481063	6.58688	0.858367	0.48376	0.431096	0.105732
20468	-0.248929	-0.297305	3.82461	1.89952	0.496658	1.10086	3.11587	3.99939	1.97156	0.492965	6.39414	0.91097	0.49477	0.429463	0.105954
20469	-0.31595	-0.294151	4.00572	1.96831	0.491376	1.18805	3.1499	3.93603	1.77412	0.450739	5.24374	1.13101	0.471236	0.442201	0.10636
20470	-0.212748	-0.282256	3.7638	1.94926	0.517898	1.16147	3.14505	3.81354	1.95241	0.51197	6.22002	0.944242	0.514915	0.429558	0.106706
20471	-0.23498	-0.298424	4.18239	2.01771	0.48243	1.19321	3.13145	3.63992	1.88218	0.517095	5.76747	1.01986	0.49856	0.430038	0.10689
20472	-0.207236	-0.20266	3.7636	1.89018	0.502226	1.03761	3.05209	4.12982	2.13111	0.51603	6.83598	0.774825	0.509448	0.397195	0.107162
20473	-0.293587	-0.22802	4.0466	1.90166	0.469939	1.0225	3.00228	3.69846	1.98126	0.535699	6.02445	0.866043	0.501341	0.401978	0.107338
20474	-0.228391	-0.183828	3.89006	1.77503	0.456299	0.918455	2.9859	4.01276	1.93561	0.482364	7.63895	0.657629	0.469534	0.403788	0.107715
20475	-0.290128	-0.248662	3.826	1.84361	0.481864	0.945982	2.97121	4.07524	2.0061	0.492265	6.78523	0.763984	0.487229	0.402489	0.107985
20476	-0.163697	-0.202492	3.82233	1.87473	0.490467	0.921015	2.90665	3.88936	1.89418	0.487016	8.21583	0.5883	0.488726	0.390816	0.108352
20477	-0.19019	-0.203774	3.56993	1.93422	0.54181	1.02176	2.95431	3.6848	1.79898	0.488216	6.7901	0.734416	0.514588	0.400561	0.108673
20478	-0.197245	-0.245764	3.84409	1.93796	0.50414	0.992123	3.00901	3.94506	1.91261	0.484812	7.48874	0.707297	0.494351	0.40763	0.108894
20479	-0.304275	-0.262906	3.86416	1.8486	0.478396	1.02076	3.04297	4.06955	1.86467	0.4582	6.22475	0.877855	0.468037	0.424018	0.108651
20480	-0.170994	-0.211695	3.58056	1.95628	0.546361	1.05511	3.05609	4.06253	2.00984	0.494725	7.10318	0.751663	0.518915	0.402428	0.108671
20481	-0.196617	-0.194217	4.10477	1.9577	0.476933	1.16321	3.11882	4.0064	1.98765	0.496118	5.93586	0.924569	0.486409	0.41033	0.109031
20482	-0.278693	-0.233713	4.09052	1.92243	0.469972	1.1045	3.07725	3.9582	2.10369	0.531476	5.72989	0.956605	0.500218	0.405134	0.109209
20483	-0.188752	-0.187038	3.73197	1.88052	0.503895	0.994004	3.03425	4.02074	2.21381	0.550597	7.41767	0.699456	0.528116	0.387974	0.109616
20484	-0.190629	-0.159486	3.88308	1.91943	0.494307	1.03614	3.05914	3.92752	2.09065	0.532309	6.88362	0.75248	0.513416	0.392529	0.109764
20485	-0.0453128	-0.129848	3.71509	1.87181	0.50384	0.995967	3.05607	4.06503	2.12707	0.52326	9.36126	0.542132	0.513987	0.388333	0.110121
20486	-0.0282055	-0.101281	3.63297	1.92419	0.529646	1.07741	3.10309	4.04484	2.0082	0.496484	8.39988	0.611197	0.512176	0.395079	0.110382
20487	-0.1294	-0.109755	3.81948	1.91234	0.500681	1.14597	3.11462	3.56947	1.92106	0.538193	6.39171	0.813289	0.518802	0.404183	0.110467
20488	-0.11387	-0.197638	3.93909	2.0506	0.520577	1.12977	3.07341	3.74099	2.08633	0.557697	6.918	0.773325	0.538658	0.392807	0.111355
20489	-0.184294	-0.238752	3.89838	2.00746	0.514947	1.08779	3.09913	4.34733	2.23819	0.514844	6.88512	0.809095	0.514893	0.396273	0.111063
20490	-0.115071	-0.182866	3.84504	1.88395	0.48997	1.12004	3.10756	4.34841	2.14991	0.494413	7.0973	0.762748	0.492328	0.401677	0.111549
20491	-0.116947	-0.140011	3.85607	1.9198	0.497864	1.14891	3.13646	4.12636	2.13359	0.517063	6.6995	0.801201	0.507789	0.398478	0.11156
20492	-0.00018387	-0.0940363	3.64099	1.87803	0.515801	1.15029	3.13279	3.75817	1.98517	0.528228	7.86677	0.661796	0.522113	0.402684	0.11222
20493	-0.0872826	-0.104922	3.93057	1.93647	0.492669	1.15634	3.19298	3.96027	1.96741	0.496787	7.03228	0.773303	0.494736	0.410671	0.112482
20494	-0.0495569	-0.0456833	3.93895	2.03306	0.516143	1.15894	3.16259	3.83723	2.0829	0.542814	7.04781	0.730227	0.529304	0.384805	0.113354
20495	-0.252383	-0.158702	3.85392	1.73532	0.450275	1.15322	3.2003	4.03013	1.89956	0.471341	5.71077	0.987863	0.461043	0.437065	0.113398
20496	-0.071393	-0.0876727	3.64902	1.85054	0.507133	1.21117	3.18423	3.97173	1.98502	0.499788	6.50789	0.822488	0.503305	0.411112	0.113709
20497	-0.0890206	-0.0406267	3.91937	1.86443	0.475696	1.15248	3.14549	4.06314	1.99445	0.490866	6.58615	0.770657	0.483417	0.39686	0.113479
20498	-0.0340608	-0.0557005	3.94571	1.98652	0.503462	1.23247	3.18048	3.81669	1.86258	0.488009	6.52881	0.80205	0.495864	0.404959	0.114088
20499	-0.0763413	-0.0754646	3.98165	1.84346	0.462988	1.17174	3.13982	3.62849	1.76794	0.487239	6.63675	0.778848	0.474551	0.417253	0.114577
20500	-0.115428	-0.0794295	4.0361	1.84855	0.458004	1.09766	3.07633	4.20925	1.88548	0.447938	6.76741	0.735791	0.452865	0.400153	0.114712
