cycle	Zbar1	Gbar1	VP1	VG1	h21	Zbar2	Gbar2	VP2	VG2	h22	h2b	h2b_denom	h2w	Qst	Fst
20000	-0.145124	-0.108869	3.80122	1.89596	0.498778	-2.17289	-0.172479	3.73194	1.94247	0.520499	0.00098406	2.05592	0.509539	0.0002636	0.000330203
20001	-0.0848519	-0.141503	3.80549	1.80585	0.474537	-2.21423	-0.205287	4.15124	1.91422	0.46112	0.00089725	2.26712	0.467537	0.000273468	0.0005551
20002	-0.211833	-0.222281	3.58487	1.81079	0.505121	-2.27249	-0.247524	3.80702	1.78921	0.469977	0.000150064	2.12314	0.487021	4.42713e-05	0.000859699
20003	-0.154847	-0.21361	3.69468	1.78658	0.483554	-2.23124	-0.256173	3.45627	1.7481	0.505776	0.000420185	2.15569	0.494295	0.000128177	0.0010947
20004	-0.104634	-0.185958	3.6887	1.71162	0.464018	-2.30061	-0.218475	3.5097	1.74271	0.496542	0.000219263	2.41116	0.479875	7.65562e-05	0.00133033
20005	-0.211619	-0.184648	3.85313	1.83305	0.47573	-2.17079	-0.171993	3.79055	1.70826	0.450661	4.17241e-05	1.91917	0.463298	1.13115e-05	0.00159342
20006	-0.0930728	-0.124279	3.75355	1.90957	0.508737	-2.15374	-0.129073	3.42409	1.70057	0.496648	5.41223e-06	2.12318	0.50297	1.5923e-06	0.0017993
20007	0.00596377	-0.091172	3.88697	1.72333	0.44336	-2.07337	-0.0623736	3.93722	1.76627	0.448607	0.000191818	2.16181	0.446	5.94419e-05	0.00203895
20008	-0.150498	-0.112365	3.86576	1.88169	0.486759	-1.99949	-0.0099612	3.90641	1.83078	0.46866	0.00306731	1.70939	0.477662	0.000706021	0.0023087
20009	-0.124455	-0.126118	3.51718	1.84344	0.524124	-1.89496	0.137878	3.91006	1.78702	0.457031	0.0222331	1.56734	0.488803	0.00477869	0.00252297
20010	-0.232556	-0.175714	3.85745	1.7597	0.456183	-1.79481	0.257243	3.73981	1.739	0.464998	0.076804	1.22033	0.460522	0.0132239	0.00277532
20011	-0.190621	-0.176562	3.46157	1.69658	0.490119	-1.61053	0.306394	3.7315	1.685	0.45156	0.11569	1.00807	0.470116	0.01696	0.00304198
20012	-0.216633	-0.196034	3.90891	1.83915	0.470503	-1.70268	0.284912	3.60433	1.68442	0.467332	0.104743	1.10417	0.468982	0.0161545	0.00327077
20013	-0.209803	-0.258616	3.62324	1.82555	0.503843	-1.63743	0.331144	3.77801	1.79154	0.474202	0.170655	1.01907	0.488713	0.023487	0.00351394
20014	-0.112747	-0.192313	4.10563	1.78805	0.435512	-1.65624	0.356878	3.72972	1.81252	0.485968	0.1266	1.19119	0.45953	0.0205223	0.00380107
20015	-0.176629	-0.143517	3.8442	1.76344	0.458726	-1.57658	0.363754	3.5385	1.83849	0.519569	0.131296	0.979937	0.487888	0.0175554	0.00398622
20016	-0.0621615	-0.0904422	3.5876	1.80294	0.502547	-1.53854	0.384806	3.86874	1.75146	0.452722	0.10362	1.08985	0.476695	0.0156453	0.00423239
20017	-0.163197	-0.121543	3.50002	1.89903	0.542577	-1.59902	0.468643	3.62336	1.62443	0.44832	0.168958	1.03079	0.494633	0.0241301	0.00437974
20018	-0.0931385	-0.101137	3.79589	1.88464	0.496494	-1.51557	0.484325	3.46964	1.66607	0.480184	0.16941	1.01165	0.488705	0.0235765	0.00457125
20019	-0.0825545	-0.0672039	3.67897	1.89338	0.51465	-1.43534	0.548534	4.19356	1.78022	0.424513	0.207175	0.915008	0.466636	0.0251645	0.00478194
20020	-0.0898731	-0.0984312	3.69818	1.82518	0.493535	-1.25105	0.618613	3.6743	1.74307	0.474396	0.381326	0.674163	0.483997	0.0347869	0.00500344
20021	-0.0567199	-0.0623986	3.80194	1.76911	0.465318	-1.37172	0.642383	3.56504	1.69996	0.476842	0.287249	0.864611	0.470895	0.0345757	0.00525177
20022	-0.0982467	-0.0588895	3.94308	1.81761	0.460963	-1.34259	0.600908	3.60184	1.68274	0.46719	0.28115	0.774199	0.463936	0.0301691	0.00558099
20023	-0.103823	-0.0614032	3.82405	1.76012	0.460275	-1.41735	0.599583	3.83342	1.84378	0.480975	0.253224	0.86268	0.470638	0.0294304	0.00591675
20024	-0.120499	-0.0873551	3.663	1.73937	0.474849	-1.46416	0.588656	3.73592	1.78471	0.477715	0.25312	0.902716	0.476296	0.0314163	0.00612582
20025	-0.167361	-0.104056	3.69595	1.78794	0.483755	-1.41116	0.683115	3.90106	1.62629	0.416883	0.400532	0.773518	0.449416	0.0434234	0.00647771
20026	-0.142755	-0.146349	3.80424	1.89112	0.497108	-1.32346	0.68129	4.01032	1.83532	0.457648	0.49136	0.697031	0.476857	0.0439565	0.00671503
20027	-0.129889	-0.19335	3.89182	1.99737	0.513222	-1.31112	0.733367	3.95928	1.73141	0.437304	0.615496	0.697653	0.474937	0.0544705	0.00699805
20028	-0.21132	-0.228392	3.63456	1.86824	0.514021	-1.20099	0.803816	3.81531	1.59925	0.419167	1.0878	0.489728	0.465443	0.0713705	0.0072289
20029	-0.143231	-0.204143	3.76638	1.87376	0.497495	-1.19959	0.829823	3.87654	1.78438	0.460303	0.958053	0.557947	0.478631	0.0681193	0.00743992
20030	-0.270938	-0.255579	3.76988	1.94786	0.51669	-1.16982	0.862322	3.85608	1.66852	0.432699	1.5467	0.40399	0.47422	0.0795586	0.0077763
20031	-0.220383	-0.235141	3.96666	1.92362	0.484947	-1.18252	0.855452	3.71993	1.7469	0.469605	1.28483	0.462858	0.477523	0.0749736	0.00800593
20032	-0.293214	-0.238661	4.08891	1.84268	0.450654	-1.11004	0.891086	3.73535	1.75998	0.471168	1.91297	0.333599	0.460447	0.0813998	0.00818778
20033	-0.265122	-0.299626	4.18146	1.96578	0.470118	-1.07648	0.919305	3.85091	1.72448	0.447812	2.257	0.329152	0.459424	0.0914928	0.00836153
20034	-0.347346	-0.296588	3.40813	1.85353	0.543854	-1.10325	0.927759	3.88873	1.84517	0.474491	2.62348	0.285694	0.506888	0.0920416	0.00873262
20035	-0.159108	-0.142679	3.77193	1.66786	0.442177	-0.965068	0.990092	3.54436	1.70433	0.480858	1.97541	0.324786	0.460916	0.0869051	0.00890486
20036	-0.163449	-0.123644	3.82155	1.72424	0.451188	-0.931771	1.04674	3.93214	1.68255	0.427897	2.32045	0.295159	0.439376	0.0913805	0.00923803
20037	-0.0977936	-0.114322	3.9786	1.79616	0.451456	-0.96831	1.08544	3.7351	1.83862	0.492255	1.89949	0.3789	0.471212	0.0901263	0.00948886
20038	-0.0605864	-0.109212	3.71672	1.85169	0.498206	-0.865063	1.06396	3.80378	1.78043	0.468069	2.12664	0.323591	0.482963	0.0865747	0.00981859
20039	-0.242969	-0.215557	3.55331	1.85013	0.520679	-0.823159	1.14614	3.67863	1.678	0.456148	5.50833	0.16831	0.487854	0.116181	0.0101396
20040	-0.24178	-0.189293	3.80636	1.68935	0.443824	-0.868545	1.13559	3.94525	1.8835	0.477409	4.46837	0.196417	0.460917	0.109437	0.0105169
20041	-0.309557	-0.246575	3.52276	1.62093	0.460129	-0.88905	1.18723	3.6312	1.88954	0.520361	6.12185	0.167906	0.490702	0.127763	0.010919
20042	-0.22194	-0.203597	3.6322	1.75638	0.483558	-0.788623	1.22485	3.61277	1.75991	0.487135	6.35401	0.160565	0.485342	0.126748	0.011201
20043	-0.239221	-0.168497	3.66487	1.73649	0.473819	-0.786487	1.21789	3.96969	1.76684	0.445082	6.4176	0.14975	0.458877	0.12067	0.0113375
20044	-0.153543	-0.213238	3.47901	1.68853	0.485348	-0.533843	1.39618	3.66152	1.71463	0.468284	17.9095	0.0723139	0.476598	0.159929	0.0116902
20045	-0.216118	-0.205852	3.89768	1.69471	0.434801	-0.53011	1.44527	3.57111	1.76816	0.495129	27.6517	0.0492956	0.463646	0.16452	0.0117772
20046	-0.172877	-0.15497	4.06387	1.8186	0.447505	-0.50593	1.49357	4.09642	1.76411	0.430647	24.5004	0.0554619	0.439042	0.159475	0.0120333
20047	-0.168601	-0.131827	3.9283	1.9122	0.486776	-0.454016	1.54764	3.78751	1.73917	0.459186	34.6249	0.0407308	0.473233	0.161929	0.0121318
20048	-0.139175	-0.113644	3.63692	1.80807	0.497142	-0.361412	1.58197	3.29481	1.59589	0.484364	58.2131	0.0246947	0.491068	0.174417	0.0123958
20049	-0.202182	-0.192766	3.67961	1.71597	0.466345	-0.386684	1.61353	3.54961	1.68477	0.474635	95.8463	0.0170205	0.470415	0.193531	0.0126451
20050	-0.299868	-0.244994	3.82243	1.72391	0.450999	-0.347991	1.65637	3.84113	1.70362	0.44352	1561.07	0.00115792	0.44725	0.208748	0.0127327
20051	-0.237917	-0.253888	3.71013	1.74479	0.470278	-0.306189	1.7313	3.78306	1.70759	0.451378	845.502	0.00233054	0.460736	0.222106	0.0128174
20052	-0.190088	-0.257892	3.57489	1.69891	0.475233	-0.228085	1.80408	3.58491	1.63698	0.45663	2944.86	0.000721889	0.465919	0.241732	0.012895
20053	-0.24435	-0.277095	3.57503	1.77221	0.495718	-0.284212	1.76484	3.40315	1.65784	0.487147	2624.07	0.000794469	0.491538	0.233157	0.0129637
20054	-0.270433	-0.263332	3.63318	1.78202	0.490485	-0.165168	1.75615	3.70084	1.60756	0.434377	368.05	0.00554041	0.462172	0.231329	0.0131312
20055	-0.277617	-0.34634	3.57308	1.74342	0.487933	-0.334693	1.74863	3.45857	1.64458	0.47551	1347.25	0.00162883	0.481822	0.244723	0.0135418
20056	-0.393382	-0.372521	3.85696	1.79019	0.464144	-0.137352	1.78047	3.39711	1.61124	0.474297	70.7139	0.0327756	0.468899	0.254212	0.0137615
20057	-0.37527	-0.355093	3.67882	1.81114	0.492315	-0.296278	1.74613	3.71073	1.71824	0.463047	707.588	0.00311986	0.477618	0.238327	0.0139999
20058	-0.456208	-0.356994	3.39549	1.65301	0.486823	-0.296686	1.71962	4.07986	1.94299	0.47624	169.461	0.0127237	0.481047	0.23074	0.0141274
20059	-0.43408	-0.392294	3.57301	1.69485	0.474347	-0.258633	1.7349	3.90286	1.82026	0.466391	147.002	0.0153909	0.470193	0.243561	0.0142933
20060	-0.538941	-0.474328	3.81621	1.75151	0.458964	-0.225394	1.70153	3.89298	1.84693	0.474427	48.1568	0.0491557	0.466773	0.247601	0.0146313
20061	-0.329396	-0.443144	4.0208	1.74447	0.433862	-0.28866	1.70217	3.49031	1.63657	0.468892	2773.44	0.000829722	0.45014	0.253997	0.0149546
20062	-0.429528	-0.447699	3.8249	1.72359	0.450623	-0.274036	1.66833	3.61946	1.79542	0.496046	185.191	0.012089	0.472708	0.241423	0.0150858
20063	-0.423409	-0.425209	3.4622	1.73446	0.500971	-0.26458	1.72289	3.55839	1.60959	0.452336	182.915	0.0126133	0.47632	0.256581	0.0153679
20064	-0.330369	-0.395722	3.89315	1.63389	0.419684	-0.256271	1.66378	3.33038	1.6162	0.485292	772.519	0.00274528	0.449932	0.246095	0.0155678
20065	-0.366527	-0.34404	3.49911	1.65795	0.473821	-0.321056	1.72672	3.75019	1.70664	0.455081	2073.9	0.00103381	0.464127	0.241721	0.0158726
20066	-0.235263	-0.289281	4.09287	1.76856	0.432108	-0.271217	1.78326	3.78503	1.70899	0.451513	3323.01	0.000646318	0.441431	0.23603	0.0161902
20067	-0.395571	-0.353039	3.84172	1.75995	0.458115	-0.171223	1.79416	3.7439	1.761	0.470365	91.6015	0.025166	0.464161	0.246718	0.0165915
20068	-0.328576	-0.292761	4.01734	1.85088	0.460724	-0.299687	1.76082	3.58118	1.63257	0.455874	5052.96	0.0004173	0.458438	0.232429	0.0167596
20069	-0.365204	-0.334772	3.79193	1.73732	0.458162	-0.198173	1.81646	3.89778	1.84166	0.47249	165.875	0.0139497	0.465425	0.244385	0.0169614
20070	-0.419835	-0.357429	3.87993	1.72628	0.444925	-0.1742	1.87253	3.92603	1.77588	0.452335	82.416	0.0301683	0.448652	0.262075	0.0172686
20071	-0.464071	-0.394866	3.67666	1.72599	0.469445	-0.170342	1.87581	3.48766	1.72143	0.493577	59.7604	0.0431385	0.481193	0.272244	0.0175184
20072	-0.464546	-0.405977	3.63633	1.6186	0.44512	-0.0579963	1.91247	3.70353	1.63868	0.442465	32.5212	0.0826414	0.44378	0.292164	0.0178197
20073	-0.381696	-0.406632	3.57108	1.77437	0.496873	-0.0428675	1.94652	3.72962	1.70261	0.456511	48.2327	0.0574024	0.476254	0.284867	0.0178461
20074	-0.374863	-0.384745	3.70317	1.79585	0.484949	0.0114933	1.96047	3.86869	1.80318	0.466095	36.8459	0.0746358	0.475316	0.276538	0.0180517
20075	-0.425424	-0.366586	3.56032	1.71733	0.482352	-0.0909914	1.88624	3.69052	1.84911	0.501044	45.3773	0.0559226	0.491866	0.262505	0.0182615
20076	-0.273001	-0.318149	3.55295	1.73335	0.487862	-0.0890943	1.88334	4.02289	1.95702	0.486472	143.296	0.0169109	0.487124	0.247264	0.0181802
20077	-0.276982	-0.309561	3.61821	1.81155	0.500675	-0.0121804	1.95937	3.9727	1.81069	0.455783	73.4178	0.0350601	0.47718	0.262258	0.0184699
20078	-0.321115	-0.354268	3.94763	1.77986	0.45087	0.0141293	1.98415	3.66977	1.80872	0.492869	48.6546	0.0561942	0.471103	0.275959	0.0189542
20079	-0.307678	-0.328683	3.67533	1.73715	0.47265	-0.0723843	1.96958	3.96555	1.83633	0.46307	95.407	0.0276815	0.467678	0.269921	0.0191121
20080	-0.333123	-0.354879	3.95547	1.7381	0.439417	-0.0454941	1.91806	3.69588	1.69417	0.458395	62.447	0.0413651	0.448584	0.273513	0.0191055
20081	-0.30386	-0.313311	3.99144	1.75214	0.438974	-0.147517	1.88988	3.92355	1.81479	0.462537	198.585	0.0122216	0.450654	0.253944	0.0193346
20082	-0.310757	-0.319812	3.61261	1.71661	0.475173	-0.0368291	1.93835	3.93641	1.86858	0.474691	67.9574	0.0375182	0.474922	0.262405	0.0196526
20083	-0.301229	-0.339035	3.88026	1.69962	0.438018	0.0730353	1.99698	4.04936	1.83282	0.452619	38.9579	0.0700369	0.445474	0.278707	0.0198166
20084	-0.361993	-0.349797	3.91156	1.96982	0.503589	0.0317453	1.98113	3.85872	1.81913	0.471434	35.0463	0.077515	0.487621	0.263987	0.0199969
20085	-0.308797	-0.310428	4.14042	1.85297	0.447533	0.0040212	2.00964	4.11215	1.86504	0.453543	55.0069	0.0489277	0.450527	0.265849	0.0202966
20086	-0.231662	-0.255731	3.84878	1.81728	0.47217	-0.0105493	1.99018	3.57086	1.75898	0.492594	103.171	0.0244454	0.481999	0.260786	0.0205604
20087	-0.234152	-0.308151	3.83655	1.86307	0.48561	0.0159485	2.02772	3.92793	1.80698	0.460033	87.2309	0.0312751	0.472671	0.271065	0.0209088
20088	-0.298715	-0.273627	3.92553	2.02318	0.51539	0.0336918	1.97775	3.72339	1.86694	0.501408	45.8728	0.0552471	0.508584	0.245797	0.0212808
20089	-0.307681	-0.298456	3.92533	1.87682	0.478132	-0.037184	2.01053	3.88796	1.81458	0.466718	72.8646	0.0365844	0.472452	0.265381	0.0214801
20090	-0.307869	-0.248956	3.56518	1.68945	0.473876	-0.0938136	1.97301	3.76757	1.92336	0.510506	107.752	0.0229098	0.492696	0.254739	0.0216501
20091	-0.142507	-0.168993	3.60765	1.79381	0.497224	0.0114727	1.98156	3.70132	1.85898	0.502249	195.061	0.0118549	0.499769	0.240519	0.0220851
20092	-0.165203	-0.159966	3.83632	1.81359	0.472742	-0.0215175	1.975	3.43577	1.64529	0.478871	220.778	0.0103228	0.475638	0.247901	0.0224542
20093	-0.0456944	-0.0551005	3.99559	1.73638	0.434575	-0.0660166	2.00377	3.81469	1.80092	0.472103	10264.0	0.000206497	0.452904	0.230615	0.0227725
20094	-0.148601	-0.0876431	3.74691	1.74569	0.465902	-0.0145349	1.97555	3.86069	1.93533	0.501291	236.831	0.00898691	0.483861	0.224353	0.0232532
20095	-0.265742	-0.186668	3.84173	1.73538	0.451719	-0.0790038	1.90028	3.97469	1.9612	0.493422	124.898	0.0174356	0.472925	0.22762	0.0235657
20096	-0.094262	-0.133835	4.20527	1.77214	0.421408	-0.0735437	1.89561	3.84021	1.83073	0.476727	9595.15	0.000214622	0.447813	0.222355	0.0238782
20097	-0.123632	-0.16967	4.08383	1.81037	0.443303	0.0113463	2.00638	3.61278	1.77071	0.490123	259.901	0.00910958	0.46528	0.248535	0.0240482
20098	-0.197978	-0.206443	4.15147	1.89724	0.457004	0.00829985	2.04569	3.65801	1.83385	0.501324	119.202	0.0212753	0.477764	0.253746	0.0243433
20099	-0.247593	-0.202208	3.84605	1.98054	0.514954	0.0678677	2.01852	3.61719	1.69172	0.467688	49.5564	0.0497579	0.492046	0.251443	0.0246258
20100	-0.233787	-0.251445	3.94102	1.66861	0.423395	-0.00535412	2.03951	3.68736	1.59703	0.433108	100.581	0.0260908	0.42809	0.286733	0.0248136
20101	-0.259404	-0.25911	3.52105	1.64353	0.466772	0.00845123	2.05666	3.63165	1.65911	0.456849	74.7468	0.0358732	0.461734	0.288839	0.0248273
20102	-0.210605	-0.265901	3.66527	1.76907	0.482658	0.0630349	2.09117	3.77922	1.77866	0.470643	74.1972	0.0374393	0.476558	0.281453	0.0249118
20103	-0.247257	-0.254018	3.90656	1.78547	0.457044	0.0572423	2.04889	3.68537	1.80263	0.489133	57.1979	0.0463599	0.472621	0.269911	0.0252106
20104	-0.201071	-0.259893	4.02605	1.81554	0.450948	0.199915	2.12338	3.98857	1.70006	0.426234	35.3257	0.0803946	0.438649	0.287808	0.0255472
20105	-0.187637	-0.255879	3.56117	1.67043	0.469069	0.203759	2.15362	3.49587	1.59794	0.457095	37.8984	0.0765953	0.463137	0.307624	0.0256846
20106	-0.356289	-0.33029	3.6442	1.62542	0.446029	0.145729	2.17103	3.63647	1.60621	0.441695	24.8257	0.126011	0.443864	0.326262	0.0257012
20107	-0.286112	-0.351035	3.91138	1.80754	0.462124	0.16097	2.12182	3.49416	1.65459	0.473532	30.593	0.0999414	0.467506	0.306415	0.0259319
20108	-0.381421	-0.342571	3.69306	1.764	0.477651	0.0920674	2.17999	3.8859	1.90599	0.490488	28.3834	0.112096	0.484233	0.302498	0.0265295
20109	-0.355659	-0.338253	3.82262	1.88954	0.494307	0.191229	2.18861	3.61783	1.76373	0.48751	21.3484	0.149543	0.491002	0.304182	0.0268187
20110	-0.156097	-0.235683	3.74853	1.6939	0.451883	0.242276	2.24597	3.8478	1.8247	0.474219	38.8063	0.0793507	0.463197	0.304491	0.026826
20111	-0.122238	-0.16071	3.57709	1.73701	0.485592	0.218772	2.20516	3.57572	1.76853	0.494594	48.1333	0.0581439	0.490092	0.285396	0.0270909
20112	-0.0535219	-0.152655	3.9358	1.76226	0.447751	0.283681	2.2718	3.68702	1.74844	0.474214	51.6944	0.0568529	0.46055	0.295171	0.0273364
20113	-0.0827334	-0.0912723	3.59995	1.67521	0.465343	0.293033	2.30719	3.7595	1.68739	0.448835	40.7407	0.0706002	0.45691	0.299673	0.0271833
20114	-0.0378539	-0.0302727	3.80009	1.71124	0.450315	0.336973	2.31283	3.57086	1.71755	0.480992	39.077	0.0702476	0.465177	0.285968	0.0272438
20115	0.02112	-0.0210482	3.54413	1.68966	0.476749	0.37976	2.32942	3.60942	1.77982	0.493105	42.9529	0.0643113	0.485002	0.284842	0.0274185
20116	-0.050727	-0.0106302	3.71458	1.79069	0.48207	0.366236	2.39424	3.46862	1.6311	0.470245	33.2649	0.0869292	0.47636	0.297137	0.0278554
20117	-0.0866722	-0.0432025	3.62191	1.75919	0.485707	0.465366	2.3895	3.63725	1.62815	0.447633	19.4196	0.152373	0.46663	0.304104	0.0279
20118	-0.0555053	-0.0448403	3.7781	1.60766	0.42552	0.383466	2.4325	3.91653	1.7607	0.449555	31.8492	0.0963478	0.437753	0.313061	0.0280573
20119	-0.176864	-0.0550944	3.66693	1.70178	0.46409	0.530516	2.43578	3.57983	1.75188	0.489375	12.3994	0.250194	0.476581	0.310035	0.0282299
20120	0.00313292	-0.0243923	3.72987	1.68508	0.45178	0.357086	2.4067	3.72063	1.76828	0.475262	47.1749	0.0626413	0.463507	0.299756	0.0285187
20121	0.0839349	-0.0229093	3.88936	1.81161	0.465785	0.384824	2.44581	3.96057	1.81937	0.45937	67.3176	0.0452671	0.462548	0.295692	0.0287429
20122	-0.0747974	-0.0183717	3.97136	1.86521	0.469666	0.402047	2.41773	3.45663	1.56948	0.454048	26.0998	0.113691	0.462398	0.301762	0.0289174
20123	-0.0404784	-0.0352629	3.99393	1.89541	0.474574	0.431757	2.38305	3.73127	1.62362	0.43514	26.2245	0.111503	0.455527	0.293626	0.0290016
20124	-0.065784	0.0345462	3.60627	1.75387	0.48634	0.404643	2.36719	3.57845	1.62692	0.454643	24.5873	0.110651	0.470553	0.28702	0.0292043
20125	0.0271603	0.0126865	3.72157	1.76512	0.474295	0.401507	2.40589	3.51367	1.72306	0.490387	40.8707	0.0700678	0.48211	0.291129	0.0292584
20126	-0.137913	-0.0351217	3.83507	1.77716	0.463396	0.39486	2.39696	3.60263	1.66746	0.462844	20.8387	0.141923	0.463129	0.300459	0.0296659
20127	-0.097061	-0.0910257	3.86012	1.88916	0.489404	0.33503	2.3624	3.68978	1.73094	0.469117	32.2398	0.0933515	0.479489	0.293732	0.0297243
20128	-0.217957	-0.186615	4.09027	1.93076	0.472039	0.304308	2.318	3.5639	1.67642	0.470388	22.9986	0.13638	0.47127	0.303127	0.0299704
20129	-0.214431	-0.202521	4.05754	1.94952	0.480467	0.411261	2.41765	3.58234	1.67411	0.467324	17.5363	0.195745	0.474304	0.32152	0.0302212
20130	-0.224291	-0.208456	4.31076	1.97127	0.457291	0.40414	2.45118	3.74217	1.72541	0.461071	17.9114	0.197463	0.459048	0.323694	0.0305238
20131	-0.242054	-0.212131	4.09686	2.10945	0.514895	0.259883	2.38716	3.82689	1.7745	0.463691	26.8171	0.12597	0.490165	0.303186	0.0309015
20132	-0.14897	-0.165282	4.18959	2.04496	0.488104	0.41675	2.44037	3.76503	1.65937	0.440731	21.2143	0.16002	0.465682	0.314335	0.0312574
20133	-0.230328	-0.193106	3.92631	1.98641	0.505924	0.356341	2.43769	3.76049	1.72541	0.458827	20.1089	0.172091	0.482884	0.318051	0.0314618
20134	-0.250487	-0.189588	3.53156	1.81532	0.514027	0.477965	2.45615	3.65753	1.77219	0.484534	13.1915	0.265321	0.499022	0.327977	0.0315941
20135	-0.117176	-0.13809	4.01969	1.85728	0.462046	0.384469	2.46579	4.16051	1.9153	0.460354	26.9433	0.125824	0.461185	0.310122	0.0317793
20136	-0.142016	-0.151953	4.15622	1.84579	0.444103	0.573499	2.46808	3.37732	1.7326	0.513011	13.4084	0.255981	0.474995	0.324244	0.031922
20137	-0.208322	-0.199774	3.64961	1.89298	0.518681	0.479171	2.4837	3.89742	1.87607	0.481362	15.2356	0.236323	0.499409	0.323356	0.0321004
20138	-0.242112	-0.207957	3.88775	1.91599	0.492828	0.409379	2.46108	3.81859	1.82246	0.47726	16.7839	0.21222	0.485114	0.322779	0.0327337
20139	-0.138636	-0.15582	3.97257	1.91242	0.481405	0.480602	2.53366	3.82918	1.7513	0.457357	18.8634	0.191728	0.469602	0.330576	0.0329727
20140	-0.225416	-0.175368	3.81569	1.76215	0.461816	0.509207	2.58702	3.82792	1.81194	0.473348	14.1397	0.269836	0.467591	0.34812	0.0331517
20141	-0.165238	-0.189081	3.75098	1.71858	0.458168	0.534602	2.5618	3.85118	1.70301	0.442205	15.4506	0.244888	0.450081	0.356162	0.0335561
20142	-0.156738	-0.150535	4.05908	1.8601	0.458256	0.49482	2.56927	3.8827	1.76225	0.453873	17.4248	0.212264	0.456113	0.338095	0.03341
20143	-0.0873026	-0.0890165	4.15329	1.97794	0.476234	0.506923	2.6161	3.82912	1.76455	0.460825	20.7238	0.176552	0.468842	0.328439	0.0337211
20144	-0.0928853	-0.0289874	4.05168	1.87818	0.463555	0.582018	2.60881	3.80077	1.74037	0.457898	15.2757	0.227747	0.460817	0.324761	0.0342304
20145	-0.0208588	0.0134147	3.60236	1.73636	0.482007	0.741659	2.64384	3.54382	1.80648	0.509754	11.9001	0.290717	0.495766	0.328179	0.0345542
20146	0.011845	0.0603012	3.86702	1.87626	0.485197	0.639857	2.65074	3.76583	1.7608	0.467571	17.0142	0.197199	0.476501	0.315763	0.0348593
20147	0.141914	0.0905941	3.57609	1.85259	0.51805	0.726244	2.68506	3.84917	1.77919	0.462228	19.7142	0.170721	0.489113	0.316748	0.0351814
20148	0.12288	0.0715274	3.43405	1.79067	0.521447	0.723925	2.69281	3.75903	1.81377	0.48251	19.0202	0.180628	0.501099	0.322866	0.0354438
20149	0.250824	0.140444	3.9261	2.04443	0.520728	0.623539	2.66631	3.83584	1.79435	0.467785	45.9268	0.0694582	0.494565	0.293637	0.0361092
20150	0.200577	0.187801	4.09373	1.99513	0.487363	0.614896	2.66439	3.97192	1.83625	0.462307	35.7303	0.0858302	0.475024	0.285925	0.0363577
20151	0.254536	0.261741	3.91734	1.93262	0.49335	0.624963	2.66113	3.72344	1.64723	0.442394	41.9563	0.0686079	0.468518	0.28686	0.0367232
20152	0.339403	0.321531	4.08059	1.94243	0.476016	0.741705	2.7249	3.69632	1.71792	0.464764	35.689	0.0809236	0.470668	0.283003	0.0368453
20153	0.307987	0.282181	4.0864	2.08702	0.510724	0.726896	2.76293	3.81706	1.8662	0.488911	35.0693	0.0877423	0.500189	0.280253	0.037064
20154	0.0751389	0.194906	4.51771	2.03211	0.44981	0.758355	2.74905	3.92964	1.97473	0.502523	13.9757	0.233392	0.474331	0.289387	0.0374962
20155	0.133606	0.164508	4.1539	1.91739	0.461588	0.831901	2.75538	3.57818	1.62838	0.455085	13.7662	0.243808	0.458579	0.321354	0.0376913
20156	0.222665	0.199257	3.67865	1.78831	0.486133	0.72871	2.74592	3.75878	1.54113	0.410009	25.3259	0.128041	0.447661	0.327607	0.0380397
20157	0.231197	0.224091	3.6779	1.8593	0.505533	0.696383	2.69343	3.95676	1.67714	0.423867	28.1779	0.108199	0.463209	0.30132	0.038165
20158	0.182541	0.208058	3.80783	1.85702	0.487684	0.68893	2.70478	3.58534	1.68004	0.468587	24.3092	0.128215	0.478423	0.305948	0.0381845
20159	0.170829	0.186436	3.80048	1.75866	0.462747	0.804277	2.78546	3.69619	1.73796	0.470204	16.8344	0.200628	0.466423	0.325783	0.0385844
20160	0.18785	0.123326	3.92243	1.78524	0.455136	0.846729	2.81123	3.82607	1.76756	0.461977	16.6424	0.217061	0.458514	0.337154	0.0387511
20161	0.0754704	0.0893049	3.65287	1.77888	0.486981	0.935181	2.8655	3.75591	1.87496	0.499203	10.4279	0.369551	0.493177	0.34538	0.0390178
20162	0.107088	0.0210455	3.81796	1.95518	0.5121	0.894409	2.8547	3.90621	1.94646	0.4983	12.9536	0.309937	0.505121	0.339828	0.0392183
20163	0.112059	0.0865654	3.84501	1.82808	0.475443	0.860575	2.88257	3.59186	1.67309	0.4658	13.9532	0.280138	0.470786	0.358356	0.0396032
20164	0.119991	0.126618	3.84555	1.84072	0.478661	0.904578	2.86367	3.57482	1.6998	0.475491	12.1698	0.307788	0.477134	0.346083	0.0399963
20165	0.12424	0.123619	3.45205	1.71976	0.498187	0.856486	2.8468	3.46674	1.69505	0.488947	13.8306	0.268092	0.493557	0.351988	0.0400153
20166	0.0131932	0.0540534	3.58123	1.81849	0.507783	0.934473	2.87395	3.77501	1.75647	0.465289	9.36882	0.424378	0.485976	0.357474	0.0401289
20167	0.221103	0.101974	3.88932	1.77313	0.455897	0.870801	2.89452	3.54267	1.67517	0.472855	18.4748	0.211053	0.46398	0.361291	0.0403062
20168	0.238357	0.181276	3.73519	1.73633	0.464857	0.935496	2.91279	3.63817	1.7301	0.475542	15.3522	0.243002	0.470129	0.349962	0.0402621
20169	0.280141	0.263375	3.83537	1.79838	0.468893	0.946747	2.94417	3.8989	1.7652	0.452743	16.1729	0.222182	0.460752	0.335295	0.0404935
20170	0.262668	0.272561	3.71898	1.73653	0.466938	0.904091	2.89815	3.54875	1.56992	0.442386	16.7557	0.205712	0.454949	0.342751	0.0405915
20171	0.292139	0.315174	3.95001	1.81889	0.460476	0.918625	2.92	3.78756	1.77517	0.468685	17.2875	0.196243	0.464494	0.320745	0.0403615
20172	0.287645	0.272587	3.89376	1.92894	0.495394	0.936323	2.9223	3.77195	1.74336	0.462192	16.6855	0.210392	0.479056	0.323505	0.0409115
20173	0.244333	0.314871	3.80504	1.86525	0.490205	0.779249	2.86054	3.74295	1.85641	0.495974	22.6481	0.143068	0.493066	0.303397	0.0411206
20174	0.409297	0.412387	3.80455	1.83831	0.483188	0.803968	2.89235	3.90354	1.92388	0.492855	39.4841	0.0778823	0.488084	0.290222	0.0414875
20175	0.390332	0.460074	3.97478	1.84625	0.46449	0.959025	3.01266	4.12822	1.90837	0.462274	20.1467	0.161706	0.463361	0.30268	0.0416775
20176	0.566568	0.532343	3.94144	1.92661	0.488808	0.982408	2.97309	3.74335	1.84217	0.492118	34.4502	0.0864614	0.490421	0.283343	0.0421151
20177	0.452206	0.575439	3.88581	2.01081	0.517476	0.785072	2.85984	3.96774	1.84929	0.46608	47.0982	0.0554001	0.49151	0.252697	0.0424155
20178	0.545191	0.543789	4.1332	2.00928	0.486133	0.843567	2.81917	3.87775	1.68535	0.434621	58.1544	0.0445141	0.461198	0.259537	0.0426886
20179	0.459526	0.531887	3.72489	1.89962	0.50998	0.798034	2.79525	3.64783	1.64183	0.450083	44.7065	0.0572938	0.480345	0.265685	0.0429132
20180	0.524999	0.502037	3.49744	1.71188	0.489467	0.801785	2.85157	3.83006	1.71613	0.448069	72.0565	0.0383054	0.467828	0.287135	0.043059
20181	0.513093	0.458426	3.59852	1.73544	0.482264	0.863554	2.81733	3.48668	1.74435	0.50029	45.3044	0.0614114	0.491135	0.285697	0.043246
20182	0.624079	0.542245	3.98371	1.93303	0.485233	0.84458	2.83689	3.86047	1.80506	0.467576	108.296	0.0243104	0.476543	0.260531	0.043351
20183	0.499326	0.581129	3.80653	1.82374	0.479109	0.762234	2.80899	3.69242	1.71159	0.463541	71.8071	0.0345603	0.471443	0.259894	0.04362
20184	0.503334	0.560661	3.67656	1.78161	0.484586	0.894258	2.834	3.71178	1.88133	0.506854	33.8178	0.0764109	0.495773	0.26085	0.043848
20185	0.493746	0.498719	3.53361	1.85633	0.525337	0.740059	2.78106	3.86365	1.8884	0.48876	85.8593	0.030335	0.506232	0.258124	0.0441184
20186	0.424708	0.438358	3.73206	1.86943	0.500911	0.865944	2.86776	3.97585	1.8575	0.467197	30.3151	0.0973445	0.483521	0.283719	0.0444328
20187	0.431952	0.44596	3.70856	1.76939	0.477111	0.825882	2.8373	3.77699	1.8166	0.480965	36.8506	0.0775903	0.479056	0.285137	0.0447188
20188	0.450991	0.435489	3.79722	1.7077	0.449724	0.713581	2.77675	4.3077	1.90832	0.443002	79.4955	0.0344768	0.446151	0.274922	0.0452374
20189	0.512984	0.479005	3.69596	1.69632	0.458966	0.737576	2.72387	3.77924	1.89317	0.500941	99.9063	0.0252208	0.480187	0.259896	0.0456765
20190	0.503917	0.523604	3.86285	1.82553	0.472588	0.728922	2.73056	4.05522	1.81789	0.448285	96.2063	0.0253137	0.460141	0.250586	0.0462131
20191	0.483898	0.524921	3.69718	1.759	0.475766	0.881113	2.83714	3.79483	1.83142	0.482609	33.885	0.0788899	0.479232	0.271378	0.0465414
20192	0.525678	0.558187	3.81215	1.89179	0.496254	0.787601	2.78719	3.92938	1.80525	0.459423	72.4232	0.0343017	0.47756	0.251578	0.046623
20193	0.463647	0.502833	3.98404	1.73226	0.4348	0.780654	2.81325	3.98958	1.96086	0.491494	53.1181	0.0502467	0.463167	0.265532	0.0468063
20194	0.452712	0.510625	3.63574	1.81939	0.500418	0.896897	2.85528	3.73017	1.95481	0.524055	27.8631	0.0986501	0.512388	0.267037	0.04718
20195	0.416819	0.455686	3.92187	1.89866	0.484122	0.93716	2.88794	3.97401	1.88079	0.473272	21.8496	0.135377	0.478661	0.281359	0.047249
20196	0.424217	0.434798	3.88864	1.82705	0.469843	1.00438	2.9592	3.9148	1.99267	0.509009	18.933	0.168294	0.489492	0.294431	0.0476281
20197	0.334153	0.36931	3.95559	1.84633	0.466764	0.90433	2.94494	4.10203	1.80889	0.440973	20.4055	0.162551	0.453634	0.312221	0.0479087
20198	0.434878	0.358018	3.39548	1.705	0.502138	0.957494	2.89717	3.65327	1.75763	0.481111	23.6055	0.136564	0.49124	0.317744	0.0480093
20199	0.366001	0.441537	3.87551	1.88823	0.48722	0.899738	2.88102	3.83078	1.76423	0.460542	20.8902	0.142437	0.473959	0.28954	0.0483895
20200	0.565344	0.470181	3.94131	1.84849	0.469004	0.967831	2.89491	3.91654	1.69356	0.432413	36.2928	0.0809981	0.450767	0.293372	0.0490688
20201	0.398556	0.466797	3.9498	2.03529	0.515288	0.743842	2.76036	4.04265	2.0067	0.496383	44.1228	0.059611	0.505726	0.245581	0.049223
20202	0.477866	0.448033	3.85069	1.87102	0.485893	0.695453	2.71992	3.89708	1.95229	0.500964	109.02	0.0236722	0.493473	0.252431	0.0495727
20203	0.407973	0.416691	3.90631	1.95742	0.501091	0.799552	2.72384	4.06989	1.95026	0.479193	34.7145	0.0766674	0.489918	0.254129	0.0496094
20204	0.394485	0.386808	3.97545	1.82233	0.458396	0.716113	2.77095	3.83203	1.86448	0.486552	54.9489	0.0517222	0.472215	0.278307	0.0497742
20205	0.341688	0.392114	3.82176	1.8806	0.492076	0.699383	2.77694	4.04645	1.95955	0.484265	44.4516	0.063973	0.488059	0.27031	0.0500303
20206	0.29234	0.349976	3.81315	1.83125	0.480246	0.916163	2.87382	3.86775	1.81842	0.470149	16.3683	0.194578	0.475162	0.303886	0.0503596
20207	0.360548	0.329371	3.78583	1.68024	0.443823	0.877697	2.92278	4.15941	1.86851	0.449225	25.1484	0.133722	0.446651	0.321597	0.050558
20208	0.262097	0.24749	4.0057	1.93773	0.483744	0.792667	2.92939	4.12481	1.70708	0.413856	25.5505	0.140752	0.448288	0.330473	0.0506889
20209	0.0878021	0.146197	3.9777	1.77717	0.446783	0.878327	2.86316	3.77194	1.79366	0.475527	11.8123	0.312465	0.460773	0.340838	0.0506203
20210	0.205692	0.200692	3.83933	1.94179	0.505762	0.812088	2.83951	3.47968	1.62436	0.466812	18.9367	0.183858	0.487244	0.328138	0.0507875
20211	0.227064	0.254885	3.78506	1.8641	0.492489	0.70031	2.72888	3.69559	1.66751	0.451217	27.3291	0.111981	0.4721	0.302404	0.0512215
20212	0.225981	0.23819	3.70415	1.83984	0.496697	0.705084	2.76586	3.62167	1.67854	0.463471	27.8345	0.11477	0.480271	0.312341	0.0512804
20213	0.130113	0.190086	3.85487	1.7311	0.449068	0.804657	2.76407	3.60399	1.83571	0.509354	14.561	0.227505	0.478197	0.317225	0.0513993
20214	0.283642	0.23128	3.49902	1.72244	0.492263	0.872521	2.83608	3.55996	1.7597	0.494302	19.5657	0.173389	0.493291	0.327673	0.0515599
20215	0.260457	0.19402	3.80012	1.76035	0.463235	0.838632	2.85093	3.48629	1.65414	0.474469	21.1171	0.167143	0.46861	0.340854	0.0518735
20216	0.174315	0.273291	4.15419	1.89798	0.456883	0.795461	2.8405	3.55048	1.64285	0.462713	17.0819	0.192911	0.45957	0.317666	0.0519788
20217	0.291584	0.306202	3.89051	1.98573	0.510405	0.802428	2.83304	3.83997	1.84468	0.48039	24.4669	0.130481	0.495495	0.294251	0.0520899
20218	0.244374	0.285476	3.88065	1.94853	0.502113	0.827272	2.82348	3.94751	1.80005	0.455996	18.9583	0.169885	0.478857	0.300606	0.0523413
20219	0.377615	0.385998	4.10273	1.85738	0.452717	0.893824	2.94121	3.45648	1.63574	0.473238	24.502	0.133236	0.4621	0.318577	0.0525311
20220	0.436327	0.39504	3.97946	1.78676	0.448995	0.904797	2.967	3.64841	1.68019	0.460528	30.1415	0.109732	0.454511	0.323062	0.0531883
20221	0.44631	0.448824	3.73687	1.90498	0.50978	1.01484	3.00764	3.83713	1.89308	0.493358	20.257	0.161612	0.50146	0.301283	0.0533171
20222	0.4706	0.406713	3.97622	1.93651	0.487023	1.00756	2.97757	3.64303	1.77814	0.488094	22.9234	0.144161	0.487535	0.307976	0.0535181
20223	0.373192	0.392059	4.1206	1.98107	0.480772	1.04722	3.05171	3.40492	1.76004	0.516911	15.5702	0.227157	0.497123	0.321086	0.0539227
20224	0.451774	0.373928	3.65562	1.90853	0.522083	1.04113	3.0361	3.59755	1.71829	0.477628	20.4042	0.173669	0.500033	0.328303	0.0541492
20225	0.296046	0.352328	4.09974	2.01409	0.491273	1.07678	3.09139	3.61531	1.71019	0.47304	12.3082	0.304774	0.482729	0.335048	0.0546124
20226	0.397641	0.338271	3.55646	1.89322	0.532334	1.0791	3.11262	3.56394	1.68722	0.473414	16.5744	0.232196	0.502843	0.34968	0.0550584
20227	0.358153	0.374615	3.56365	1.90219	0.533776	1.17765	3.1844	3.72837	1.70935	0.458472	11.7558	0.335786	0.495274	0.353494	0.0550992
20228	0.398365	0.417489	3.64887	1.84211	0.504844	1.14554	3.19611	3.96634	1.72066	0.433815	13.8299	0.279133	0.467849	0.351508	0.0553052
20229	0.481767	0.434896	3.92039	2.02723	0.517099	1.16607	3.2082	3.69631	1.80457	0.488208	16.4248	0.234135	0.503079	0.334245	0.0553776
20230	0.547615	0.51112	4.32371	1.96312	0.454037	1.21043	3.20899	3.715	1.69129	0.455261	16.5677	0.21966	0.454603	0.332521	0.0556488
20231	0.547199	0.510046	3.72578	1.88684	0.506428	1.11773	3.14419	3.82154	1.84894	0.483821	21.3165	0.162754	0.494981	0.317207	0.0555912
20232	0.542959	0.525505	3.70787	1.9366	0.522295	1.15721	3.16216	4.13731	1.99406	0.48197	18.4256	0.188649	0.501029	0.306703	0.0557058
20233	0.500975	0.551574	3.95129	1.95596	0.495017	1.13041	3.15476	4.22665	2.10561	0.498175	17.1043	0.198097	0.496649	0.294446	0.0558043
20234	0.442102	0.520247	3.66561	1.73041	0.472066	1.21666	3.21132	3.96974	1.93712	0.487972	12.0711	0.299967	0.480336	0.330609	0.0559955
20235	0.515507	0.495786	3.7979	1.88328	0.495873	1.02611	3.11625	3.94934	1.98269	0.502032	26.3385	0.130357	0.499013	0.307612	0.0562376
20236	0.477365	0.519479	3.71478	2.01026	0.541153	1.16704	3.14476	3.97225	1.93198	0.48637	14.4897	0.237828	0.512844	0.304245	0.0564717
20237	0.464002	0.500935	3.74067	1.84335	0.492786	1.13806	3.15676	3.94018	1.91819	0.486827	15.524	0.227178	0.489729	0.319275	0.0567375
20238	0.513652	0.51002	3.9101	1.83699	0.469807	1.1514	3.1787	3.82927	1.90266	0.496873	17.5103	0.203361	0.483199	0.32265	0.0570264
20239	0.491204	0.476922	3.9522	1.91896	0.485543	1.22701	3.18525	3.75079	1.7955	0.478699	13.5479	0.270708	0.48221	0.330624	0.05772
20240	0.435368	0.491441	4.33839	1.87415	0.431992	1.24066	3.20595	3.85369	1.76366	0.457654	11.3625	0.324248	0.444064	0.336271	0.05804
20241	0.552363	0.510431	4.03103	1.85095	0.459176	1.20818	3.22648	3.69799	1.70877	0.462082	17.1521	0.215044	0.460566	0.341386	0.0581307
20242	0.427169	0.471735	3.96015	1.85741	0.469026	1.34608	3.2835	3.57916	1.73843	0.48571	9.36286	0.422202	0.476946	0.354814	0.0582699
20243	0.456295	0.478697	3.99088	1.94075	0.486296	1.20701	3.25184	3.60557	1.71622	0.475991	13.6456	0.281787	0.481405	0.344689	0.0584683
20244	0.512835	0.472393	3.77083	1.82473	0.483906	1.32401	3.28616	3.5305	1.69963	0.481414	12.0324	0.329	0.482701	0.359752	0.0587713
20245	0.462993	0.483781	4.22774	1.849	0.437349	1.36619	3.31099	3.77978	1.70182	0.450243	9.79844	0.407878	0.443435	0.360225	0.0587299
20246	0.507217	0.488894	3.82069	1.81107	0.474018	1.35817	3.33859	3.86963	1.70063	0.439481	11.2145	0.362065	0.456639	0.366452	0.0590776
20247	0.521822	0.526737	3.6278	1.93672	0.533854	1.30562	3.25289	3.65736	1.83115	0.500676	12.0975	0.307167	0.517197	0.330368	0.0593524
20248	0.588367	0.568082	3.86877	1.89447	0.489684	1.2297	3.26899	3.82898	1.75097	0.457293	17.7358	0.205655	0.473572	0.333567	0.0595759
20249	0.474131	0.546112	3.94254	1.82961	0.464069	1.20197	3.23062	3.63127	1.78932	0.492754	13.6039	0.264871	0.477822	0.332482	0.0601532
20250	0.606114	0.583796	3.90832	1.76815	0.452406	1.21033	3.20244	3.87254	1.8613	0.48064	18.7831	0.182539	0.466458	0.320917	0.060674
20251	0.588955	0.569829	3.86574	1.82174	0.471252	1.12634	3.13755	3.98648	1.93356	0.485029	22.8312	0.14439	0.478247	0.305143	0.0607865
20252	0.495533	0.575808	3.56687	1.70334	0.477544	1.16907	3.11735	3.73718	1.85939	0.497538	14.2388	0.226825	0.487774	0.312001	0.060929
20253	0.610024	0.54442	3.92299	1.92139	0.489776	1.13917	3.11971	4.11216	1.92945	0.469207	23.6869	0.139995	0.479249	0.301079	0.0607884
20254	0.43602	0.478506	3.67722	1.82303	0.495763	1.08806	3.12796	3.55216	1.78748	0.503209	16.5107	0.212577	0.499422	0.327186	0.0610243
20255	0.47492	0.443024	3.88332	1.78545	0.459774	1.17286	3.12922	3.9667	1.91969	0.48395	14.8129	0.243559	0.47199	0.327555	0.0611995
20256	0.461469	0.443735	3.538	1.76129	0.497822	1.02314	3.09471	3.6833	1.63833	0.444798	22.2765	0.157737	0.470777	0.340829	0.0613458
20257	0.43201	0.471406	3.63368	1.83479	0.50494	1.07143	3.00724	3.80501	1.73124	0.45499	15.7277	0.20443	0.47939	0.310838	0.0619177
20258	0.537359	0.450037	3.64874	1.83299	0.502361	1.11906	3.08384	3.89464	1.78238	0.45765	20.5005	0.169188	0.479277	0.324288	0.062407
20259	0.41315	0.45134	3.88844	1.93653	0.498022	1.10285	3.10839	4.00046	1.84111	0.460225	14.8413	0.237846	0.478855	0.318546	0.062356
20260	0.489082	0.479445	3.67169	1.78393	0.485859	1.25929	3.19818	3.70443	1.86792	0.504239	12.4601	0.296608	0.49509	0.336107	0.062693
20261	0.520354	0.523028	3.73029	1.79507	0.481214	1.12105	3.16405	3.70502	1.84132	0.496981	19.3299	0.18042	0.489071	0.324218	0.0629752
20262	0.542327	0.508987	3.78756	1.73515	0.458119	1.12658	3.14993	3.94529	1.81063	0.458935	20.4323	0.170675	0.458535	0.329757	0.0627753
20263	0.531216	0.51567	3.72859	1.78722	0.479329	1.11614	3.10442	3.78195	1.78618	0.47229	19.5876	0.171068	0.475784	0.319307	0.0630651
20264	0.459365	0.450517	3.63016	1.73326	0.477463	1.08146	3.08489	3.85204	1.88693	0.489852	17.9323	0.193503	0.483841	0.324091	0.0633905
20265	0.415796	0.437312	3.8075	1.88855	0.496006	1.07412	3.0224	3.74699	1.82379	0.486736	15.4193	0.216698	0.491408	0.310466	0.0634729
20266	0.442213	0.48159	3.96118	1.84458	0.465665	1.03533	3.09406	3.70949	1.72294	0.464467	19.4008	0.175895	0.465086	0.323646	0.0633167
20267	0.444463	0.432315	4.05034	1.86836	0.461285	0.999341	3.06555	4.15286	1.76428	0.424834	22.5208	0.153945	0.442832	0.323151	0.0632758
20268	0.441829	0.417706	3.78834	1.78233	0.470478	1.09179	3.11203	3.7512	1.80354	0.480789	17.184	0.211224	0.475608	0.336149	0.0634719
20269	0.421707	0.416444	3.98968	1.97906	0.496044	0.987592	3.09839	4.02363	1.83567	0.456222	22.4617	0.160113	0.476049	0.320478	0.0633413
20270	0.45782	0.412934	3.82387	1.76585	0.461796	1.12378	3.12022	4.05077	1.79229	0.442456	16.5264	0.221749	0.451848	0.340035	0.0634494
20271	0.389156	0.425901	3.89039	1.83137	0.470742	1.07094	3.13313	4.03411	1.78011	0.441263	15.7671	0.232417	0.455735	0.336694	0.0635308
20272	0.386233	0.376355	3.60153	1.66201	0.461472	1.13889	3.15922	3.65901	1.72793	0.472238	13.6707	0.283246	0.466898	0.36363	0.0640046
20273	0.377361	0.378267	4.10812	1.82986	0.445425	1.1694	3.16351	3.97297	1.80784	0.455035	12.3661	0.313661	0.45015	0.347856	0.0644649
20274	0.331159	0.395846	3.90799	1.85984	0.475907	1.07976	3.10125	3.9514	1.71236	0.433356	13.0608	0.280198	0.454514	0.338839	0.0644964
20275	0.406192	0.343912	3.71295	1.87185	0.504142	1.12385	3.08998	3.7658	1.75399	0.465768	14.6416	0.257515	0.484819	0.342192	0.064392
20276	0.363325	0.306623	4.1533	2.12556	0.511775	1.09713	3.06772	3.79154	1.8612	0.490881	14.1581	0.269234	0.501804	0.323548	0.0645059
20277	0.235893	0.237293	4.23412	2.12115	0.500966	1.00715	3.07194	3.73213	1.64862	0.441737	13.5082	0.29742	0.473218	0.347743	0.0643332
20278	0.292411	0.236862	4.14185	2.15029	0.519161	1.06823	3.05105	3.85475	1.84169	0.47777	13.1579	0.300945	0.499209	0.331649	0.0643193
20279	0.236564	0.233055	4.0668	2.12939	0.523604	1.10909	3.14191	3.73293	1.74303	0.466934	11.1144	0.380651	0.496482	0.353394	0.0648603
20280	0.196622	0.262555	4.17127	1.98238	0.475247	1.13083	3.12701	3.70412	1.71076	0.461853	9.40144	0.436374	0.468947	0.357204	0.0653301
20281	0.233316	0.27412	3.73869	1.90105	0.508481	1.09711	3.12205	3.51318	1.68475	0.47955	10.8702	0.37307	0.494465	0.361331	0.0655071
20282	0.238276	0.290622	4.23238	1.8249	0.431177	1.08122	3.06392	3.70956	1.70327	0.459156	10.8241	0.355281	0.444246	0.352858	0.0659863
20283	0.378683	0.287365	3.9638	1.76532	0.445359	0.993385	3.02461	3.72248	1.58517	0.425837	19.8289	0.188929	0.435904	0.358704	0.0662321
20284	0.285988	0.335317	3.51972	1.57112	0.446376	1.02545	2.96913	3.69539	1.68582	0.456197	12.6864	0.273403	0.451406	0.347575	0.066497
20285	0.419494	0.319302	4.07376	1.77973	0.436876	0.877167	2.9505	3.62446	1.63085	0.449957	33.0517	0.104732	0.443035	0.336752	0.0667771
20286	0.410006	0.400077	3.62165	1.79338	0.495182	0.841434	2.87799	3.69899	1.73043	0.467811	32.988	0.0930647	0.481352	0.303538	0.0669789
20287	0.469611	0.398389	3.36076	1.6995	0.505688	0.772091	2.85817	3.7207	1.83303	0.492658	66.1299	0.0457471	0.498842	0.299923	0.0670604
20288	0.453802	0.445129	3.83889	1.77901	0.463418	0.717986	2.84178	4.0282	1.82601	0.453306	82.2995	0.0348966	0.45824	0.284963	0.0671886
20289	0.367589	0.406825	4.0074	1.81021	0.451718	0.868571	2.82874	3.90379	1.73168	0.44359	23.3708	0.125492	0.447707	0.292901	0.0673166
20290	0.252462	0.28785	3.79696	1.8617	0.490313	0.859854	2.84449	3.57721	1.77016	0.494845	17.7175	0.184463	0.492512	0.310422	0.0674768
20291	0.170919	0.232367	3.8675	1.84995	0.478332	0.864892	2.85045	3.96652	1.95681	0.493332	14.2326	0.240799	0.485927	0.31052	0.0679693
20292	0.173695	0.207851	3.86372	1.98256	0.513122	0.797817	2.79538	3.80842	1.95734	0.513952	17.1883	0.194764	0.513534	0.298272	0.0683809
20293	0.203489	0.230076	4.16794	1.96926	0.472477	0.726505	2.72267	3.59078	1.6424	0.457394	22.7128	0.136773	0.465497	0.300837	0.0687562
20294	0.261896	0.213266	4.05206	1.99189	0.491575	0.758773	2.73168	3.63081	1.70343	0.46916	25.6894	0.123444	0.480982	0.300356	0.068691
20295	0.292291	0.240862	3.68655	1.87935	0.509785	0.788631	2.77916	3.79915	1.79892	0.473506	26.1534	0.123177	0.491373	0.304651	0.0685195
20296	0.0954188	0.138849	3.72587	1.94853	0.522974	0.736629	2.7054	4.28591	1.96083	0.457505	16.0213	0.205575	0.487951	0.296496	0.0685889
20297	0.0707914	0.0846619	3.99307	1.89478	0.474518	0.65694	2.67633	3.92744	1.93513	0.492721	19.5498	0.171785	0.483544	0.304908	0.0687274
20298	0.107006	0.0726328	3.66338	1.81761	0.496157	0.580466	2.60579	4.14433	1.84368	0.444868	28.6257	0.112082	0.468933	0.304771	0.0686118
20299	0.00156332	0.00264741	3.87627	1.72172	0.444169	0.638673	2.6366	3.97999	1.76038	0.442307	17.0918	0.202954	0.443226	0.332598	0.0689948
20300	-0.0199567	-0.0237509	3.8373	1.86403	0.485767	0.685237	2.65221	3.89199	1.79528	0.461276	14.3993	0.248649	0.473435	0.328615	0.0692602
20301	-0.0287163	-0.0194249	3.97177	1.72012	0.433086	0.724511	2.72189	3.7127	1.83849	0.495189	13.2454	0.283676	0.463091	0.345633	0.0694078
20302	-0.122535	-0.0405741	3.56524	1.80845	0.507245	0.793644	2.76202	3.94483	1.76157	0.446551	9.35747	0.419692	0.475364	0.354967	0.0697783
20303	-0.0281443	-0.0444168	3.87989	1.79831	0.463494	0.863337	2.8559	3.51178	1.63252	0.46487	10.5844	0.39737	0.464148	0.380139	0.0698786
20304	-0.182821	-0.0906586	3.78538	1.75094	0.462552	0.835101	2.84582	3.7224	1.62954	0.437765	8.32194	0.518082	0.450263	0.389506	0.0701578
20305	-0.173939	-0.109776	3.51945	1.72268	0.489473	0.908609	2.86878	3.80375	1.84119	0.484047	7.57034	0.585956	0.486655	0.383725	0.070514
20306	-0.0968437	-0.125565	3.71547	1.95429	0.525988	0.833519	2.90109	3.70214	1.75594	0.474305	10.5833	0.432788	0.500193	0.381786	0.0703739
20307	-0.0859628	-0.0748924	3.83725	1.87417	0.488415	0.925093	2.91194	3.64079	1.69455	0.465434	8.72715	0.511117	0.477226	0.384718	0.070402
20308	-0.0983348	-0.090773	3.79071	1.79842	0.474427	0.994997	2.96446	3.66909	1.80639	0.492327	7.80879	0.597687	0.483231	0.393087	0.0704656
20309	-0.0465255	-0.0786341	4.00153	1.87346	0.468187	1.00485	2.94263	3.71462	1.68916	0.454734	8.2578	0.552693	0.461711	0.390565	0.0709102
20310	-0.19188	-0.16771	3.86046	1.69228	0.438363	0.765238	2.81105	3.68677	1.76411	0.478498	9.68589	0.458037	0.457968	0.391025	0.0713677
20311	-0.191303	-0.168388	3.82971	1.8368	0.479619	0.768543	2.77633	3.99841	1.8154	0.454031	9.41205	0.460653	0.466549	0.372595	0.07181
20312	-0.108802	-0.117358	3.42588	1.86636	0.544784	0.72099	2.70713	3.71815	1.7417	0.468431	11.5862	0.344277	0.505046	0.356104	0.0721509
20313	-0.00589885	-0.0606326	3.67116	1.89917	0.517323	0.787795	2.77159	3.77366	1.76393	0.467432	12.7335	0.314975	0.492034	0.35389	0.0722975
20314	-0.0735532	-0.0250583	3.81942	1.93957	0.507819	0.769194	2.72636	3.43553	1.61561	0.470264	10.659	0.355112	0.490035	0.347518	0.0729127
20315	-0.151855	-0.0985327	3.98762	1.89135	0.474305	0.723822	2.69412	4.02338	1.75519	0.436248	10.1706	0.383405	0.455191	0.348512	0.0731272
20316	-0.224707	-0.16345	3.95221	1.84327	0.46639	0.627898	2.61626	3.5434	1.6915	0.477368	10.6292	0.363468	0.47158	0.353486	0.0733323
20317	-0.208345	-0.181222	3.76598	1.84813	0.490744	0.614488	2.62948	3.88886	1.64958	0.42418	11.6682	0.338527	0.456928	0.360998	0.0737233
20318	-0.145161	-0.142218	3.6877	1.83391	0.497304	0.476732	2.61556	3.88376	1.74935	0.450427	19.6648	0.193375	0.473259	0.346782	0.0744201
20319	-0.10516	-0.164442	3.72547	1.79447	0.481677	0.626398	2.6396	4.05255	1.73882	0.429068	14.6917	0.267589	0.454266	0.357576	0.0746779
20320	-0.0853431	-0.15274	3.64602	1.72684	0.473623	0.593038	2.61585	3.39069	1.56947	0.462877	16.6559	0.230101	0.468445	0.36774	0.0751715
20321	-0.0267034	-0.134043	3.93219	1.81519	0.461623	0.513982	2.5894	3.56673	1.68336	0.471963	25.3716	0.14617	0.466541	0.346525	0.0753775
20322	-0.123939	-0.157087	4.20322	2.04055	0.485475	0.586577	2.56688	3.56671	1.736	0.486723	14.698	0.252416	0.486048	0.329505	0.0756684
20323	-0.133056	-0.0891916	3.90988	1.88694	0.482608	0.615226	2.58357	3.86147	1.70046	0.440366	12.7583	0.279963	0.461618	0.332479	0.076028
20324	-0.0286501	-0.080076	3.85151	1.92654	0.500205	0.615131	2.59089	4.02415	1.71027	0.425002	17.2132	0.207227	0.461779	0.329153	0.0761467
20325	-0.185888	-0.0868283	3.77741	1.90052	0.503128	0.543304	2.58512	3.66804	1.70611	0.465129	13.4268	0.265861	0.484408	0.331159	0.0765011
20326	-0.0611794	-0.0464192	3.81336	1.88194	0.493511	0.497109	2.5614	3.99078	1.8188	0.455751	21.8191	0.155843	0.474202	0.314903	0.0766995
20327	-0.157254	-0.0390941	4.00371	1.75623	0.438652	0.592252	2.52283	3.75422	1.88483	0.502057	11.6837	0.28088	0.469335	0.310762	0.0766648
20328	-0.0995738	-0.0610375	3.74577	1.79797	0.480001	0.499587	2.54855	3.75742	1.61491	0.429792	18.9695	0.179497	0.454858	0.332928	0.0769093
20329	-0.0804005	-0.0353434	3.62359	1.74223	0.480802	0.566922	2.5556	3.43334	1.56224	0.455019	16.0204	0.209513	0.468258	0.336925	0.0771143
20330	-0.0802903	-0.0909852	3.89789	1.94243	0.498328	0.594439	2.58771	3.4311	1.57055	0.45774	15.7611	0.22763	0.479326	0.338139	0.0772778
20331	-0.0321967	-0.070842	3.96236	2.06832	0.521991	0.622155	2.60982	3.48305	1.76374	0.506377	16.7827	0.214088	0.514687	0.319283	0.0774477
20332	0.00362952	-0.0682731	4.09866	1.88646	0.460263	0.506616	2.56522	4.02394	1.85588	0.46121	27.4127	0.126498	0.460732	0.316721	0.0772095
20333	-0.113942	-0.0780019	3.80656	1.90472	0.500377	0.569929	2.5775	3.6954	1.76625	0.477961	15.078	0.23384	0.489335	0.324541	0.077182
20334	-0.0101013	-0.0356973	3.93698	1.91056	0.485286	0.560366	2.54521	3.70329	1.68517	0.455047	20.4683	0.162717	0.470629	0.316639	0.0771201
20335	0.0126502	-0.0149497	4.16119	1.97396	0.474373	0.569167	2.57369	3.71444	1.86279	0.501498	21.6364	0.154856	0.487166	0.304035	0.0772299
20336	0.0313925	0.0116973	4.07739	1.97286	0.483853	0.585236	2.59389	3.80107	1.80672	0.47532	21.7372	0.153372	0.479736	0.306161	0.0774716
20337	-0.0266026	-0.0466967	3.83399	1.873	0.488527	0.499017	2.5342	3.72809	1.75897	0.471816	24.11	0.138138	0.480288	0.314471	0.078022
20338	-0.125592	-0.128724	3.7577	1.95762	0.520964	0.601426	2.57913	3.73981	1.76458	0.471837	13.8726	0.264278	0.496459	0.330085	0.0784353
20339	-0.14485	-0.155162	3.88296	1.86327	0.479858	0.525839	2.49971	3.65713	1.82259	0.498365	15.6692	0.224912	0.488835	0.32355	0.0785034
20340	-0.115086	-0.11806	3.93684	1.99266	0.506156	0.608214	2.54162	3.9544	1.81427	0.458798	13.5214	0.261582	0.482424	0.3173	0.0786581
20341	-0.122214	-0.143762	4.05056	2.08648	0.515108	0.666304	2.59489	3.70279	1.8176	0.490873	12.0629	0.31088	0.503534	0.324563	0.0785154
20342	-0.0612405	-0.0937504	4.08427	2.07717	0.508577	0.590763	2.59333	3.92029	1.74063	0.444006	16.9849	0.212554	0.476953	0.321136	0.0790435
20343	-0.0911834	-0.111668	3.88113	1.94511	0.501172	0.640042	2.66385	3.56848	1.63868	0.459209	14.4074	0.267345	0.481071	0.349658	0.0789342
20344	-0.0976047	-0.124442	4.48579	2.0954	0.467121	0.702487	2.6659	3.67573	1.58972	0.432491	12.1628	0.320074	0.451524	0.34575	0.0789573
20345	-0.114273	-0.132715	3.9416	1.92903	0.489403	0.605698	2.61572	3.84527	1.67649	0.435988	14.5727	0.259179	0.463026	0.343846	0.0791973
20346	-0.0591808	-0.156537	3.83679	1.88071	0.490178	0.587647	2.62811	3.80039	1.80541	0.475058	18.5337	0.209193	0.482654	0.344766	0.0792628
20347	-0.143208	-0.160818	3.99408	1.87404	0.469206	0.616041	2.62886	3.45092	1.73989	0.504182	13.5001	0.288229	0.485418	0.350068	0.0790808
20348	-0.168361	-0.170588	4.14788	2.01168	0.48499	0.657136	2.63248	3.65247	1.81193	0.496084	11.5302	0.340723	0.490185	0.339492	0.0793407
20349	-0.098181	-0.196022	3.9997	1.92514	0.48132	0.61443	2.56022	3.61207	1.76873	0.48967	14.9599	0.253908	0.485282	0.339678	0.0797109
20350	-0.088139	-0.115329	3.89835	2.03958	0.523191	0.524099	2.59948	3.76463	1.88751	0.501381	19.6625	0.187418	0.512476	0.319461	0.0796952
20351	-0.130528	-0.0854921	3.9164	1.87096	0.477725	0.687851	2.63037	3.99107	1.76386	0.441951	11.013	0.334872	0.459669	0.336678	0.0797054
20352	-0.049766	-0.0550028	4.08458	1.88202	0.460764	0.512945	2.61231	3.5404	1.8293	0.516693	22.4686	0.158322	0.486732	0.32409	0.0798523
20353	0.0207919	0.0481386	4.30968	1.88454	0.43728	0.628291	2.61145	3.62176	1.86085	0.513796	17.8037	0.184528	0.47222	0.304974	0.0800508
20354	0.0182406	0.0705804	3.6235	1.84791	0.50998	0.589891	2.61005	3.53614	1.70557	0.482324	19.7345	0.163392	0.496321	0.31221	0.0801792
20355	0.073114	0.0553939	3.97051	2.00857	0.505873	0.635666	2.62932	3.69303	1.67156	0.452625	20.9347	0.158233	0.480213	0.31048	0.0801577
20356	0.0737425	0.0410501	3.7786	1.98263	0.5247	0.643863	2.62674	3.55283	1.80666	0.508513	20.5694	0.162519	0.516856	0.306191	0.0802947
20357	-0.00822679	0.00435871	4.23194	2.06391	0.487699	0.540638	2.58726	3.73183	1.73367	0.464562	22.1455	0.150626	0.476857	0.305269	0.0807401
20358	0.0020412	0.00941492	4.15278	2.01723	0.485754	0.53841	2.5752	3.64285	1.73384	0.475957	22.8831	0.143846	0.481176	0.305063	0.081034
20359	0.0234956	0.0450893	3.61469	1.81398	0.501836	0.575277	2.58686	3.77161	1.70755	0.452739	21.2196	0.152232	0.476766	0.314542	0.0812683
20360	0.0321405	0.0370907	3.54793	1.79534	0.506023	0.600162	2.54541	3.56177	1.81128	0.508534	19.5001	0.161324	0.507281	0.303786	0.0813641
20361	-0.0410101	-0.0400518	3.99157	1.89436	0.47459	0.607239	2.59141	3.98609	1.80014	0.451604	16.4783	0.210113	0.463105	0.319177	0.0814907
20362	-0.00427769	-0.0236443	3.92366	1.9386	0.494078	0.563036	2.63326	3.86148	1.85416	0.480169	21.9334	0.160922	0.487179	0.317657	0.0819593
20363	-0.126313	-0.0945954	3.77393	1.84206	0.488102	0.65015	2.58058	3.59743	1.80368	0.501379	11.8703	0.301447	0.494582	0.329306	0.0822673
20364	-0.081344	-0.0447329	3.79444	1.86137	0.490553	0.658004	2.62039	3.81824	1.74552	0.457153	12.9939	0.273317	0.473801	0.330011	0.0825727
20365	-0.00273422	-0.013387	3.70356	1.87132	0.505276	0.558789	2.64037	3.72856	1.60987	0.431766	22.335	0.157654	0.468398	0.33599	0.0831157
20366	-0.0286981	-0.0353075	3.86301	1.8561	0.480481	0.601672	2.61613	3.59182	1.68069	0.467922	17.6918	0.198683	0.47443	0.332076	0.0836258
20367	-0.0273281	-0.005687	3.99416	1.92506	0.48197	0.599778	2.61376	3.50942	1.7346	0.494268	17.4477	0.196631	0.487722	0.319246	0.0839057
20368	-0.0617737	-0.0770841	3.79022	1.80717	0.476799	0.629956	2.58331	3.7624	1.60536	0.426685	14.7918	0.239245	0.451834	0.341572	0.0843564
20369	-0.108232	-0.0808062	3.77797	1.96036	0.518893	0.561568	2.53685	3.61584	1.68974	0.467316	15.2733	0.224316	0.49367	0.319517	0.0843614
20370	0.083671	0.0379018	3.82442	1.89719	0.496071	0.526791	2.56113	3.81482	1.76986	0.463943	32.4244	0.0981777	0.480027	0.302779	0.08449
20371	0.0503254	0.0057567	3.73276	1.76369	0.472489	0.50038	2.59117	3.76595	1.75446	0.465874	33.0011	0.101274	0.469167	0.322139	0.0847219
20372	-0.0311767	0.0140858	3.77426	1.66115	0.440127	0.624639	2.59285	3.6682	1.75406	0.47818	15.4617	0.215047	0.458883	0.327522	0.0851611
20373	-0.0249767	-0.0178066	3.64734	1.61866	0.443792	0.635665	2.59987	3.46699	1.67646	0.483548	15.7	0.218224	0.463166	0.342165	0.0846364
20374	-0.0504583	-0.0870613	3.74388	1.70494	0.455394	0.573181	2.61184	4.04076	1.74369	0.431526	18.7286	0.194463	0.443005	0.345679	0.08434
20375	-0.180987	-0.17356	3.66036	1.74759	0.477437	0.55781	2.54609	3.60619	1.78249	0.494286	13.5511	0.272911	0.485799	0.343867	0.0845922
20376	-0.185754	-0.156996	3.87282	1.81185	0.467836	0.531368	2.54115	3.87028	1.75963	0.45465	14.1562	0.257132	0.461245	0.337682	0.084781
20377	-0.251219	-0.165787	3.78731	2.01069	0.530902	0.60197	2.58012	3.5909	1.77828	0.495217	10.3581	0.363966	0.513534	0.332331	0.0845649
20378	-0.287814	-0.27844	3.95661	1.81379	0.458421	0.59918	2.52622	3.65051	1.64668	0.451082	9.99814	0.393379	0.454899	0.362476	0.0843805
20379	-0.364572	-0.30551	3.81997	1.87851	0.491761	0.615393	2.62986	3.67849	1.82362	0.495752	8.97233	0.480165	0.493719	0.367947	0.0848394
20380	-0.372977	-0.332515	3.95238	1.79423	0.453962	0.621651	2.6686	3.59124	1.70617	0.475094	9.10425	0.494642	0.464022	0.391573	0.0850662
20381	-0.310403	-0.330204	4.02746	1.82922	0.454187	0.612145	2.63018	3.93671	1.73275	0.440151	10.2972	0.425548	0.447249	0.380962	0.0849976
20382	-0.235199	-0.273394	3.91471	1.81126	0.462679	0.691406	2.62618	3.73115	1.78742	0.479054	9.79221	0.429298	0.47067	0.368832	0.0852312
20383	-0.254991	-0.30994	3.7855	1.7976	0.474864	0.612635	2.64243	3.67828	1.81692	0.493959	11.5791	0.376387	0.484274	0.376241	0.0852507
20384	-0.305627	-0.272298	3.95168	1.79946	0.455365	0.684692	2.67424	3.81534	1.70497	0.446874	8.85267	0.490366	0.451194	0.382593	0.0857361
20385	-0.285381	-0.291163	3.75969	1.76134	0.46848	0.640495	2.61529	3.8215	1.74081	0.45553	9.85417	0.428623	0.461952	0.376295	0.0861857
20386	-0.22342	-0.225309	3.86312	1.77585	0.459692	0.62146	2.6111	3.57186	1.75909	0.492485	11.2706	0.356912	0.475446	0.362758	0.0864697
20387	-0.290919	-0.200346	3.9789	1.87005	0.469991	0.584187	2.58362	3.66017	1.68092	0.459246	10.1206	0.382905	0.464843	0.353141	0.0864686
20388	-0.214441	-0.186042	3.65643	1.7209	0.470651	0.554412	2.60562	3.79264	1.66675	0.439469	13.1838	0.295567	0.454775	0.365248	0.0866192
20389	-0.246077	-0.214411	3.80011	1.82489	0.48022	0.709664	2.67574	3.64508	1.765	0.484215	9.14451	0.456721	0.482176	0.367886	0.0870776
20390	-0.255608	-0.210814	3.61111	1.83213	0.50736	0.669637	2.66241	3.82797	1.79306	0.468411	9.64327	0.428039	0.487317	0.362892	0.0874148
20391	-0.194747	-0.159149	4.06453	1.84902	0.454915	0.745513	2.72002	4.04711	1.87644	0.46365	9.37644	0.442045	0.459273	0.357558	0.0874702
20392	-0.162973	-0.173439	4.08515	1.83999	0.450409	0.768011	2.79182	3.92987	1.79948	0.457898	10.1448	0.433365	0.454081	0.376671	0.0878011
20393	-0.0937709	-0.0936296	3.81625	1.85797	0.486858	0.804399	2.7766	3.76867	1.75275	0.465084	10.2121	0.403355	0.476039	0.363335	0.0876646
20394	0.0151387	-0.0459635	3.59918	1.91556	0.532222	0.680645	2.72412	3.74555	1.69355	0.452149	17.3253	0.221449	0.491388	0.34717	0.0876299
20395	-0.102187	-0.0923199	3.81538	1.82168	0.477457	0.760218	2.68035	3.63946	1.75721	0.482822	10.3365	0.371871	0.480076	0.349504	0.0877909
20396	-0.0675998	-0.127054	3.76549	1.72938	0.459272	0.579179	2.6324	3.68635	1.68038	0.455839	18.2027	0.209161	0.457573	0.358387	0.0881634
20397	-0.119022	-0.104832	3.68834	1.94914	0.52846	0.550197	2.58561	3.77378	1.62124	0.429605	16.1626	0.223927	0.478467	0.336473	0.0880354
20398	-0.251517	-0.206495	3.8917	1.86148	0.47832	0.595245	2.58751	3.47704	1.60906	0.462768	10.8876	0.358503	0.470982	0.360049	0.0882118
20399	-0.21486	-0.1892	3.6495	1.95321	0.535198	0.694538	2.66966	3.70145	1.73384	0.468423	9.88277	0.413502	0.501575	0.356687	0.0881623
20400	-0.116909	-0.153423	4.32814	2.11102	0.487745	0.687306	2.66622	3.90055	1.78325	0.457179	12.2926	0.323381	0.473256	0.338031	0.0888252
20401	-0.177764	-0.102	4.15112	1.94884	0.469474	0.649399	2.69931	3.85378	1.64768	0.42755	11.4694	0.3421	0.449291	0.353067	0.0892031
20402	-0.1477	-0.0972494	4.00102	1.81481	0.453587	0.660851	2.74323	3.53041	1.64724	0.466586	12.3415	0.326877	0.45968	0.368256	0.0897779
20403	-0.0121727	-0.0798013	3.74491	1.83339	0.489568	0.707481	2.70202	3.69758	1.78417	0.482523	14.9421	0.258951	0.486068	0.348559	0.0902623
20404	-0.129036	-0.0996969	4.0007	1.7965	0.449047	0.761766	2.71807	4.03079	1.70964	0.424145	10.0057	0.396764	0.43655	0.361601	0.0901115
20405	0.00388695	-0.0196003	3.76346	1.9501	0.518166	0.75693	2.722	3.73145	1.60693	0.430645	13.2547	0.283537	0.474593	0.345781	0.0903531
20406	-0.0403741	-0.0499189	4.0945	1.97209	0.481644	0.669206	2.7248	3.52909	1.73121	0.490555	15.291	0.251752	0.485769	0.342107	0.0900467
20407	-0.203858	-0.107488	3.68089	1.85561	0.504119	0.700323	2.71989	3.60659	1.77372	0.4918	9.77818	0.408772	0.498022	0.355227	0.0900668
20408	0.0198383	0.0311401	3.92701	1.94631	0.49562	0.698081	2.73172	3.71639	1.95618	0.526365	15.8541	0.230007	0.510569	0.318543	0.0905111
20409	-0.0651273	-0.014753	3.75598	1.80209	0.479792	0.73361	2.7219	3.8409	1.83436	0.477585	11.739	0.318991	0.478676	0.339992	0.0908911
20410	-0.0426513	-0.0683331	3.71538	1.78099	0.479357	0.779101	2.7713	3.96933	1.74658	0.440018	11.941	0.337638	0.459037	0.363766	0.0913162
20411	-0.105318	-0.0604832	3.75649	1.67069	0.444748	0.765229	2.79982	3.8371	1.72375	0.449233	10.7954	0.378926	0.447014	0.376113	0.091454
20412	-0.0882385	-0.0885982	3.49825	1.66998	0.477377	0.883603	2.84083	3.7076	1.77641	0.479127	9.08606	0.472238	0.478278	0.383786	0.0920602
20413	-0.0553973	-0.0678434	3.70803	1.76046	0.474769	0.853546	2.8543	3.78066	1.92053	0.507988	10.3355	0.413089	0.49154	0.367179	0.0925505
20414	0.0401624	-0.0664136	3.57441	1.70591	0.477256	0.831788	2.79424	3.86965	1.81997	0.47032	13.0584	0.313335	0.473651	0.367298	0.0927288
20415	-0.023036	0.0358557	3.64833	1.78781	0.490035	0.836671	2.79591	3.54105	1.69857	0.47968	10.307	0.369548	0.484935	0.353392	0.0926694
20416	0.1327	0.0953809	3.73375	1.85006	0.495496	0.681859	2.73939	3.49161	1.57945	0.452356	23.1809	0.150788	0.474649	0.337687	0.0924724
20417	0.0744928	0.0420057	3.54023	1.76752	0.499268	0.788282	2.76555	3.49344	1.59014	0.455178	14.5589	0.254747	0.47737	0.355908	0.0929104
20418	0.0203358	0.0546403	3.74112	1.82403	0.487562	0.799375	2.79792	3.7175	1.69725	0.456555	12.3999	0.303451	0.472108	0.348348	0.0932093
20419	0.114202	0.0674427	3.97926	1.95297	0.490788	0.795843	2.75837	3.86941	1.94047	0.501491	15.5845	0.232317	0.496064	0.317493	0.093394
20420	0.0666528	0.123513	4.07624	1.86018	0.456347	0.700058	2.66231	4.08688	1.89943	0.464765	16.0654	0.200601	0.460561	0.300119	0.0934095
20421	0.172919	0.154479	4.05181	1.93159	0.476722	0.59029	2.60575	3.76969	1.70511	0.452321	34.4937	0.0870992	0.464962	0.292421	0.0939672
20422	0.241645	0.196439	3.92883	1.89692	0.48282	0.561563	2.60984	3.74478	1.86976	0.499299	56.9089	0.0511738	0.490862	0.278902	0.0939759
20423	0.138161	0.157404	3.69968	1.94236	0.525007	0.541123	2.51195	3.71327	1.79732	0.484027	34.1416	0.0811894	0.504479	0.270498	0.0941486
20424	0.175135	0.174283	3.83602	1.80741	0.471168	0.521487	2.54149	3.77556	1.86187	0.493139	46.713	0.0599799	0.482066	0.276404	0.0944653
20425	0.225292	0.166134	3.86064	1.79896	0.465975	0.506774	2.59245	3.84423	1.78571	0.464518	74.3003	0.0396162	0.465248	0.291168	0.0947321
20426	0.221418	0.185607	3.69152	1.70107	0.460804	0.527437	2.59032	3.9117	1.84877	0.472625	61.7487	0.046824	0.466886	0.289496	0.0947541
20427	0.151824	0.165548	3.60913	1.66242	0.460616	0.564376	2.56642	3.9176	1.87403	0.47836	33.8673	0.0850997	0.469852	0.289615	0.0948069
20428	0.1954	0.253435	3.70189	1.78674	0.482656	0.621749	2.61596	3.69805	1.82013	0.492186	30.706	0.0908866	0.487418	0.279051	0.094819
20429	0.200223	0.230837	3.83659	1.76833	0.460912	0.700175	2.65666	3.81058	1.74695	0.458447	23.5431	0.124976	0.459684	0.295136	0.0948023
20430	0.171732	0.123587	3.7627	1.83009	0.486375	0.619153	2.64854	3.4452	1.63424	0.474351	31.8473	0.100093	0.480628	0.315212	0.0950423
20431	0.0564044	0.126226	3.54017	1.64694	0.465214	0.644816	2.66597	3.8191	1.67638	0.438946	18.6302	0.173114	0.451582	0.326814	0.0952188
20432	0.159429	0.20901	3.57642	1.67465	0.468248	0.708646	2.64153	3.83738	1.76267	0.459341	19.6166	0.15082	0.463638	0.300981	0.0957579
20433	0.264391	0.208192	3.45643	1.71413	0.495924	0.670956	2.64057	3.56778	1.59243	0.446338	35.7934	0.0826473	0.470738	0.309178	0.095785
20434	0.201299	0.274798	3.72776	1.78776	0.479579	0.67289	2.64533	3.6275	1.62589	0.448212	25.2674	0.111199	0.464109	0.291658	0.0955182
20435	0.344824	0.312668	3.97493	1.79836	0.452427	0.628262	2.67415	3.22133	1.61706	0.501985	69.4153	0.0401684	0.474611	0.289973	0.0954473
20436	0.318448	0.302958	3.67186	1.69282	0.461025	0.80421	2.76897	3.5123	1.56801	0.446434	25.7717	0.117982	0.453892	0.318088	0.0961508
20437	0.307657	0.315896	3.80156	1.76828	0.465147	0.667926	2.71023	3.66686	1.65432	0.451154	44.1688	0.064897	0.458277	0.295258	0.0965278
20438	0.341165	0.344252	3.71371	1.80118	0.485008	0.738254	2.71874	3.59202	1.63679	0.455674	35.7571	0.07884	0.470585	0.29088	0.0964757
20439	0.232057	0.27794	4.03018	1.99275	0.494456	0.683922	2.63579	3.46516	1.5762	0.454871	27.228	0.102091	0.476156	0.280383	0.0967034
20440	0.293772	0.320092	3.95169	1.85315	0.468952	0.737795	2.65136	3.8382	1.817	0.4734	27.5661	0.0985783	0.471144	0.270281	0.0969518
20441	0.385461	0.418033	3.7877	1.7343	0.457877	0.659307	2.682	3.76756	1.82062	0.483236	68.3479	0.037496	0.470523	0.265049	0.0973592
20442	0.459003	0.437955	3.72537	1.70394	0.457389	0.762405	2.71503	3.7699	1.81577	0.481649	56.3271	0.0460265	0.469591	0.269259	0.0975185
20443	0.372222	0.429739	3.9294	1.8967	0.482694	0.595442	2.67621	4.14875	1.92896	0.46495	101.283	0.0249135	0.473581	0.248094	0.097847
20444	0.351219	0.350878	3.77621	1.7038	0.451193	0.798824	2.68099	4.01928	1.93337	0.481025	27.0997	0.100175	0.466574	0.271868	0.0978359
20445	0.304501	0.290607	3.94308	1.71355	0.434572	0.740323	2.72265	3.86126	1.8845	0.488052	31.1405	0.0949704	0.461032	0.291374	0.0981473
20446	0.379427	0.318142	3.72683	1.72015	0.461557	0.835242	2.76911	3.75346	1.73495	0.462228	28.9133	0.103883	0.461894	0.303078	0.0985168
20447	0.374417	0.307475	3.5755	1.84608	0.516313	0.660908	2.74941	3.59796	1.74908	0.48613	72.6512	0.0410387	0.501174	0.293219	0.0990077
20448	0.216738	0.262568	3.50141	1.6697	0.476865	0.70457	2.72358	3.82641	1.74291	0.455495	25.4499	0.11899	0.465706	0.307438	0.0992919
20449	0.277451	0.30199	3.734	1.68915	0.45237	0.710301	2.70758	3.69169	1.69154	0.458201	30.8865	0.0936794	0.455269	0.299793	0.099898
20450	0.241985	0.360094	3.46259	1.6768	0.484262	0.669695	2.70132	3.84219	1.74595	0.454414	29.9633	0.0914679	0.468562	0.286001	0.100663
20451	0.335201	0.356336	4.07515	1.93868	0.475733	0.731664	2.73449	3.90955	1.62676	0.416098	35.9811	0.0785913	0.446534	0.284055	0.100671
20452	0.354273	0.341925	4.00834	2.01196	0.501943	0.705956	2.78345	3.50558	1.62261	0.462865	48.1971	0.0618405	0.483711	0.290896	0.10079
20453	0.392898	0.404879	3.83793	2.06093	0.536991	0.81099	2.83033	3.62845	1.74052	0.479687	33.6543	0.0874008	0.509143	0.279057	0.101114
20454	0.363304	0.422337	4.0002	1.91387	0.478442	0.852608	2.82142	3.70731	1.50146	0.405001	24.0399	0.119709	0.443117	0.296526	0.10147
20455	0.503446	0.515099	4.03529	1.94112	0.481036	0.848105	2.78899	3.51029	1.58738	0.452208	43.5269	0.0593952	0.467625	0.268218	0.101601
20456	0.509541	0.475252	3.83986	1.89517	0.493553	0.721526	2.72325	3.6139	1.68564	0.466432	112.456	0.0224688	0.480403	0.260899	0.101928
20457	0.471735	0.459793	3.9225	1.74671	0.445305	0.680524	2.69511	3.82613	1.72287	0.45029	114.62	0.0217965	0.447767	0.264821	0.101993
20458	0.520349	0.490174	3.65726	1.74307	0.476604	0.668848	2.66404	3.83307	1.71712	0.447974	214.298	0.0110259	0.461953	0.254623	0.102395
20459	0.47314	0.461718	4.06103	1.79531	0.442083	0.760805	2.74695	3.88077	1.77489	0.457356	63.1083	0.0413755	0.449546	0.267865	0.102598
20460	0.366451	0.41798	3.78742	1.73143	0.457154	0.741041	2.71042	3.75677	1.81532	0.483213	37.4527	0.070159	0.47013	0.270401	0.103143
20461	0.446081	0.443526	3.78293	1.81122	0.478786	0.648617	2.7222	3.93686	1.86303	0.473228	126.578	0.0205105	0.475952	0.261158	0.103263
20462	0.451825	0.460311	3.81425	1.73249	0.454215	0.830714	2.70538	3.50362	1.82108	0.519771	35.1104	0.0717782	0.485601	0.261869	0.103535
20463	0.439912	0.425592	4.02684	1.7726	0.440195	0.74521	2.76329	3.66973	1.78544	0.486532	58.6314	0.0466032	0.462289	0.277545	0.103934
20464	0.463599	0.397127	3.73966	1.71498	0.458591	0.749194	2.77436	3.7687	1.69511	0.449786	69.2852	0.0407822	0.454171	0.293041	0.104158
20465	0.394167	0.356643	3.58467	1.75896	0.490689	0.640729	2.69281	4.03959	1.77167	0.438576	89.7743	0.0303966	0.463077	0.278835	0.104705
20466	0.374286	0.429232	3.81116	1.77294	0.465198	0.538349	2.60467	3.81114	1.66466	0.436788	175.821	0.0134583	0.450993	0.256143	0.104851
20467	0.468863	0.436697	3.56004	1.89373	0.531941	0.600681	2.60511	3.69974	1.72665	0.466694	270.606	0.00868794	0.49869	0.2452	0.104981
20468	0.380003	0.441894	3.90081	1.90087	0.487302	0.698266	2.62387	3.48796	1.73442	0.497259	47.0035	0.0506454	0.492002	0.24675	0.104984
20469	0.426197	0.489742	3.92989	2.03592	0.518059	0.566476	2.53896	3.77675	1.69797	0.449585	213.398	0.00983914	0.484503	0.219544	0.105475
20470	0.422003	0.421035	3.85863	1.96292	0.508709	0.53686	2.4687	3.38414	1.71476	0.506706	317.834	0.00659612	0.507773	0.221892	0.106035
20471	0.413809	0.397759	3.66129	1.8957	0.517769	0.498326	2.53796	3.50995	1.68212	0.479243	641.241	0.00357156	0.498912	0.24255	0.106099
20472	0.329718	0.30588	3.85679	1.8219	0.472388	0.620281	2.55774	3.80371	1.53818	0.404389	60.0626	0.0422133	0.438624	0.274035	0.10634
20473	0.260363	0.274874	3.82069	1.77544	0.46469	0.359434	2.49828	3.42873	1.68085	0.490225	503.662	0.00490757	0.476767	0.263489	0.106527
20474	0.26789	0.290222	3.82405	1.76582	0.461768	0.579118	2.51168	3.72642	1.72725	0.463514	50.9469	0.0484315	0.462629	0.261102	0.106402
20475	0.175123	0.178116	3.8996	1.80839	0.463738	0.522814	2.55917	3.8326	1.82386	0.475881	46.8979	0.0604442	0.469757	0.280787	0.106657
20476	0.144802	0.160697	4.15219	1.92313	0.463162	0.579983	2.60947	3.48218	1.65481	0.475222	31.6633	0.0946913	0.468663	0.295377	0.106871
20477	0.141722	0.119194	3.76282	1.90894	0.507315	0.599591	2.61235	3.5947	1.54312	0.429278	29.6493	0.104822	0.469188	0.310525	0.106883
20478	0.0942812	0.118688	3.74779	1.84499	0.492289	0.60198	2.6098	3.75951	1.63605	0.435177	24.0753	0.128879	0.463689	0.308387	0.107116
20479	0.212089	0.202831	3.62402	1.83885	0.507406	0.661513	2.60041	3.72608	1.68666	0.452663	28.4598	0.100991	0.479654	0.289688	0.107498
20480	0.207856	0.249983	3.68863	1.83509	0.497499	0.717443	2.62707	3.56444	1.64079	0.460323	21.7597	0.129839	0.479229	0.289072	0.108108
20481	0.295908	0.30176	3.81715	1.82446	0.477965	0.575678	2.61093	3.79007	1.76339	0.465267	68.1258	0.0391354	0.471638	0.270996	0.108476
20482	0.375289	0.368013	4.03766	1.93425	0.479052	0.654302	2.67648	3.74267	1.77367	0.473905	68.4539	0.038924	0.476576	0.264424	0.109106
20483	0.390022	0.315666	4.09221	2.01423	0.492212	0.654858	2.69322	4.09533	1.80552	0.440873	80.5943	0.0350692	0.466533	0.270155	0.109484
20484	0.214267	0.292218	3.86394	1.9891	0.514785	0.703863	2.67924	3.59889	1.65258	0.459191	23.7705	0.119852	0.487976	0.281275	0.109616
20485	0.299216	0.292952	4.09521	2.02283	0.49395	0.668296	2.65639	3.43068	1.71183	0.498978	41.0059	0.0681099	0.496242	0.272253	0.109732
20486	0.168627	0.161791	3.82089	1.89561	0.496118	0.619737	2.6801	3.44895	1.53619	0.445407	31.1641	0.10175	0.472059	0.316112	0.11007
20487	0.140368	0.111059	4.07605	1.85652	0.45547	0.747669	2.69253	3.49733	1.70713	0.488123	18.0687	0.184407	0.470549	0.318677	0.109873
20488	0.0547908	0.0534866	3.74368	1.78285	0.476229	0.730504	2.69477	3.90921	1.78074	0.455525	15.2793	0.228294	0.465653	0.328708	0.110234
20489	0.16803	0.203916	3.73962	1.90123	0.5084	0.750675	2.71855	3.82736	1.80131	0.470639	18.6269	0.169737	0.489301	0.299316	0.110319
20490	0.232955	0.267844	3.6202	1.85289	0.51182	0.692898	2.69525	3.89459	1.73306	0.444992	27.8532	0.105774	0.477186	0.29128	0.111065
20491	0.12992	0.194418	3.68411	1.89309	0.513853	0.706582	2.69459	3.64285	1.67348	0.459387	18.7974	0.16627	0.486773	0.304771	0.111233
20492	0.158981	0.184497	4.08717	1.97824	0.484012	0.778525	2.7264	3.42845	1.62018	0.472568	16.8335	0.191917	0.478792	0.309927	0.111483
20493	0.210573	0.177534	3.91223	1.87403	0.479019	0.722841	2.73743	3.97391	1.82761	0.459901	24.9718	0.131209	0.469385	0.306903	0.111511
20494	0.158413	0.19467	3.63935	1.71891	0.472313	0.776034	2.76668	3.46361	1.60877	0.464478	17.3421	0.190728	0.468492	0.332102	0.111882
20495	0.152229	0.173909	3.91418	1.90871	0.48764	0.791411	2.80059	3.66633	1.62795	0.444028	16.8875	0.204276	0.466547	0.327936	0.112151
20496	0.16286	0.140359	4.02109	1.83236	0.455686	0.910037	2.864	3.3653	1.53656	0.456588	13.2878	0.279136	0.456097	0.355157	0.112106
20497	0.139572	0.136732	4.12928	2.01502	0.487984	0.883864	2.8506	3.44001	1.64582	0.478433	13.2951	0.276985	0.483644	0.33476	0.112537
20498	0.131908	0.126868	3.92751	1.94343	0.494825	0.838353	2.88846	3.84016	1.77536	0.462316	15.2814	0.249532	0.478753	0.33904	0.112662
20499	0.148325	0.125638	4.08333	1.96645	0.481579	0.729477	2.83795	3.88754	1.92403	0.494923	21.7822	0.168868	0.488087	0.3211	0.112555
20500	0.130834	0.112699	3.79957	1.84577	0.485785	0.753365	2.80113	3.64095	1.86008	0.510877	18.6498	0.193773	0.498063	0.327879	0.112574
