cycle	Zbar1	Gbar1	VP1	VG1	h21	Zbar2	Gbar2	VP2	VG2	h22	h2b	h2b_denom	h2w	Qst	Fst
20000	-0.0618107	0.00551825	3.89121	1.98229	0.509428	4.03415	0.0297084	4.03169	1.96994	0.488614	3.48792e-05	8.38845	0.498836	3.70321e-05	0.000385575
20001	-0.046586	-0.0464448	3.88678	1.97634	0.508479	4.00674	0.016164	4.15627	1.92506	0.463171	0.000238588	8.21474	0.485066	0.000251245	0.000623951
20002	-0.0350533	-0.0600329	3.79959	1.88275	0.495515	3.85786	-0.139854	3.76863	1.94711	0.516662	0.000420426	7.5774	0.506045	0.000415942	0.000883771
20003	-0.0538639	-0.0325398	3.90234	1.97495	0.506094	3.85032	-0.170749	3.6222	1.89891	0.524242	0.00125318	7.62131	0.51483	0.00123183	0.00115444
20004	-0.0787243	-0.0249284	3.95759	1.88702	0.47681	3.67368	-0.278056	3.72784	1.8725	0.502302	0.00455052	7.04028	0.489175	0.00424481	0.00143193
20005	-0.0568585	-0.0125137	3.81034	2.00986	0.527476	3.64517	-0.343225	3.85779	1.93022	0.500342	0.00798028	6.85251	0.513825	0.00689517	0.00169068
20006	0.109093	-0.0259891	3.75245	1.9106	0.50916	3.56197	-0.40295	3.74306	1.98	0.528977	0.0119187	5.96118	0.519056	0.00905282	0.00197026
20007	0.0692691	-0.0119386	3.75928	1.8597	0.494696	3.51995	-0.462	3.83207	1.76184	0.459763	0.0170111	5.95361	0.477062	0.0137966	0.0022861
20008	0.0595004	0.111154	3.96611	2.03228	0.512411	3.46197	-0.562262	3.8168	1.8503	0.484778	0.0391723	5.7884	0.49886	0.0283856	0.00251938
20009	0.0566438	0.0552527	3.84267	2.01412	0.524145	3.34062	-0.61896	3.79445	1.95741	0.51586	0.0421495	5.39226	0.520029	0.0278314	0.00279382
20010	0.107858	0.0754375	4.21463	2.03557	0.482978	3.27726	-0.667693	4.1997	2.01513	0.479826	0.0549765	5.02254	0.481405	0.0329758	0.00306984
20011	0.0631075	0.0465208	3.83715	1.92005	0.500384	3.28057	-0.734224	4.19592	1.9622	0.467645	0.058883	5.17604	0.483283	0.0377887	0.00338651
20012	0.0110374	0.0541177	3.91302	2.0469	0.523099	3.14874	-0.779192	3.86823	1.79709	0.464578	0.0705327	4.92258	0.494007	0.043231	0.00373096
20013	0.195726	0.125889	3.99512	1.93809	0.485114	3.10135	-0.814199	3.94909	1.61189	0.408168	0.104678	4.22134	0.446864	0.0586183	0.0040311
20014	0.108381	0.139016	4.18049	2.16155	0.517057	3.21606	-0.836425	3.59998	1.68075	0.466878	0.098521	4.82884	0.493839	0.0583268	0.00434176
20015	0.205172	0.199161	3.98463	2.10501	0.528282	3.15695	-0.839224	3.67484	1.75246	0.47688	0.123751	4.35649	0.503621	0.0653465	0.00451615
20016	0.238183	0.245625	3.93097	2.02042	0.513975	3.10598	-0.870027	3.73505	1.78642	0.478286	0.151342	4.11214	0.496587	0.075598	0.00481898
20017	0.244833	0.235794	4.09883	2.06836	0.504622	3.1757	-0.833474	3.90843	1.76016	0.450349	0.133101	4.295	0.478131	0.0695047	0.00511435
20018	0.196112	0.253697	3.87499	1.88997	0.487736	3.16058	-0.767735	4.30391	1.82793	0.424714	0.11872	4.39404	0.454573	0.0655869	0.00535553
20019	0.268577	0.243703	3.94484	1.8229	0.462097	3.28162	-0.743378	3.63744	1.74202	0.478912	0.107324	4.53921	0.470164	0.0639875	0.00566846
20020	0.442959	0.354503	3.63987	1.68109	0.461854	3.13322	-0.839146	3.84806	1.81856	0.472592	0.196863	3.61876	0.467372	0.0924208	0.00611311
20021	0.394564	0.368741	3.89748	1.65894	0.425644	3.0667	-0.91753	3.70215	1.83668	0.49611	0.231711	3.57017	0.459971	0.105854	0.00633256
20022	0.386421	0.368084	3.6759	1.83917	0.500333	3.02823	-0.938614	3.86339	1.91103	0.494651	0.244652	3.48957	0.497421	0.102238	0.00663316
20023	0.267813	0.321772	3.67182	1.94186	0.528855	3.09115	-0.887154	3.97171	1.87879	0.473044	0.183347	3.98562	0.499855	0.0873244	0.00670209
20024	0.329468	0.305583	3.98339	1.97385	0.49552	3.26004	-0.855366	3.97878	1.92797	0.484564	0.156936	4.29412	0.490046	0.0795291	0.00696254
20025	0.167217	0.215272	3.9392	2.05581	0.521884	3.15869	-0.851884	3.93466	1.8729	0.476001	0.127258	4.47446	0.498956	0.0676027	0.00707431
20026	0.253229	0.203084	4.11555	2.04733	0.497461	3.0734	-0.946946	4.12663	1.87964	0.455491	0.166291	3.97668	0.476448	0.077695	0.00735038
20027	0.155375	0.167701	3.73072	1.80768	0.484539	3.04241	-0.954375	3.74855	1.8314	0.488564	0.151057	4.1675	0.486556	0.0796462	0.00759722
20028	0.132093	0.127323	3.97506	1.9977	0.502559	3.0069	-1.02111	3.69118	1.95449	0.529504	0.159586	4.13225	0.515533	0.0770396	0.00773043
20029	0.239257	0.211384	3.76562	1.80559	0.479494	2.93306	-1.05875	3.84639	1.84792	0.48043	0.222314	3.62829	0.479967	0.0994599	0.00799331
20030	0.230245	0.170287	3.769	1.92133	0.509771	2.97136	-1.06935	3.84459	1.87718	0.488264	0.204518	3.75686	0.498911	0.0918903	0.00827474
20031	0.187695	0.187119	3.62691	1.86478	0.514153	2.90586	-1.14013	3.78593	1.89172	0.499672	0.238427	3.6942	0.506757	0.104981	0.0084506
20032	0.181516	0.200965	3.61155	1.7424	0.482453	2.86096	-1.12865	3.71589	1.94938	0.524607	0.246243	3.58972	0.50383	0.106965	0.00870651
20033	0.113353	0.180466	3.88142	1.87344	0.482668	2.92915	-1.06886	4.12871	1.88361	0.456222	0.196855	3.96435	0.469037	0.0941295	0.00903233
20034	0.224425	0.186198	4.03909	1.95994	0.485244	2.94639	-1.05589	3.75741	1.8073	0.480996	0.20823	3.70453	0.483196	0.0929154	0.00925732
20035	0.227086	0.225673	4.00294	1.87507	0.468424	2.86044	-1.11024	3.92582	1.75703	0.447559	0.25736	3.46727	0.458093	0.10945	0.00952474
20036	0.193972	0.200756	4.09453	1.83817	0.448932	2.87914	-1.13247	3.57179	1.77196	0.496099	0.246528	3.60506	0.470907	0.109649	0.00955453
20037	0.223477	0.227172	3.52723	1.68926	0.47892	2.86317	-1.04721	3.52934	1.784	0.505477	0.233072	3.484	0.492202	0.104709	0.0098935
20038	0.237681	0.169131	3.97339	1.80768	0.454946	2.92891	-1.06278	3.64595	1.79053	0.491101	0.209536	3.62134	0.472247	0.0954271	0.0100748
20039	0.228498	0.223847	3.66657	1.72759	0.471173	2.91814	-1.05427	4.00378	1.90079	0.474747	0.225815	3.61709	0.473039	0.101215	0.010442
20040	0.251116	0.305022	3.85901	1.86159	0.482401	2.87566	-1.07043	3.70868	1.86103	0.501806	0.274651	3.44412	0.491911	0.11278	0.0106521
20041	0.26264	0.27114	4.01677	1.87166	0.465963	2.87377	-1.05061	3.68636	1.61844	0.439036	0.256236	3.40901	0.453077	0.111272	0.0107125
20042	0.230715	0.221766	3.58308	1.838	0.512967	2.91854	-1.05797	3.94708	1.87856	0.475938	0.226693	3.61221	0.493557	0.099277	0.0110347
20043	0.256527	0.248372	4.02873	1.88661	0.468289	2.87488	-1.12046	3.49322	1.71746	0.491655	0.273304	3.42788	0.47914	0.115073	0.0111272
20044	0.246633	0.248087	3.89046	1.90773	0.490362	2.73852	-1.24382	3.4012	1.67285	0.491843	0.358449	3.10475	0.491053	0.134562	0.0113938
20045	0.230375	0.218299	3.85278	1.80402	0.46824	2.70975	-1.27749	4.03045	1.89294	0.469658	0.363963	3.07365	0.468965	0.131473	0.0116569
20046	0.239451	0.235819	3.7468	1.78401	0.476143	2.78568	-1.25016	3.67607	1.85721	0.505217	0.340591	3.24164	0.490541	0.131706	0.0119369
20047	0.232651	0.256045	3.73152	1.73139	0.46399	2.73305	-1.25897	3.74683	1.78922	0.477529	0.367127	3.12599	0.470773	0.140207	0.0121146
20048	0.275376	0.229944	4.07158	1.79544	0.440969	2.59169	-1.38751	3.79872	1.98407	0.522299	0.487606	2.68266	0.480224	0.147584	0.0123369
20049	0.254197	0.236502	3.96612	1.71768	0.433088	2.62983	-1.4078	3.94269	1.95832	0.496698	0.479076	2.82181	0.464799	0.155383	0.0125791
20050	0.251468	0.22406	3.94485	1.85434	0.470067	2.45257	-1.49758	3.94968	1.90828	0.483149	0.611792	2.42242	0.476612	0.164605	0.0126347
20051	0.208978	0.208506	3.77597	1.87058	0.49539	2.62406	-1.48435	4.24756	1.92869	0.45407	0.491333	2.91631	0.473516	0.158722	0.0128514
20052	0.23045	0.219077	3.64256	1.82563	0.501194	2.58991	-1.45886	3.75053	1.76478	0.470541	0.505735	2.78353	0.485643	0.163976	0.0129025
20053	0.0828217	0.0825179	3.77131	1.87362	0.49681	2.4334	-1.51168	3.76432	1.63179	0.433488	0.459975	2.76261	0.465178	0.153506	0.013006
20054	0.0275429	0.0693654	4.21215	1.85596	0.440622	2.45323	-1.51207	3.61927	1.59984	0.442034	0.425044	2.94198	0.441274	0.15327	0.0132573
20055	0.0268168	0.0664409	3.89081	1.84635	0.474541	2.39626	-1.56204	3.65613	1.72342	0.471379	0.472361	2.80714	0.473009	0.156699	0.0136715
20056	-0.0085951	0.0250921	3.79737	1.90077	0.500549	2.44474	-1.63782	3.61513	1.78846	0.494716	0.459434	3.00942	0.497704	0.157882	0.013803
20057	0.00282808	0.0559723	3.58	1.89239	0.528601	2.38735	-1.61918	3.57138	1.76578	0.494425	0.493521	2.84298	0.511534	0.160981	0.0138515
20058	0.0221305	0.0150246	4.04782	1.97771	0.488587	2.29317	-1.65074	3.74352	1.70648	0.455851	0.537997	2.57881	0.472858	0.158521	0.014199
20059	0.0197045	0.0575862	3.59244	1.86081	0.517979	2.41648	-1.60725	3.56546	1.74096	0.488284	0.482488	2.87227	0.503187	0.161411	0.0143907
20060	0.0625086	0.0344653	3.90424	1.83946	0.471146	2.3267	-1.63593	3.65465	1.723	0.471453	0.54427	2.56327	0.471294	0.163813	0.0145918
20061	0.0229924	0.0714892	3.70908	1.7663	0.47621	2.2639	-1.68936	3.82887	1.87479	0.489645	0.617438	2.51084	0.483034	0.175594	0.0147835
20062	0.0364999	0.116675	3.98758	1.84492	0.462668	2.35737	-1.66419	4.06469	1.93052	0.474948	0.588789	2.69323	0.468867	0.173631	0.0150471
20063	0.171317	0.141596	3.71802	1.81186	0.487319	2.30167	-1.69927	3.8666	1.88608	0.487786	0.746692	2.2692	0.487557	0.186472	0.0151396
20064	0.0871295	0.11395	4.08443	1.93604	0.474004	2.36927	-1.66375	3.96946	1.85594	0.467554	0.606782	2.60407	0.470825	0.172496	0.0155217
20065	0.109542	0.0376039	4.01728	1.86309	0.463768	2.28746	-1.74371	3.65969	1.80759	0.493919	0.668955	2.37167	0.478141	0.177779	0.0157454
20066	0.0504624	-0.0104861	4.07428	1.90412	0.46735	2.13696	-1.84283	3.92754	1.74294	0.443775	0.771215	2.17675	0.455779	0.187167	0.015909
20067	0.0104138	0.0421975	3.86488	1.81395	0.469341	2.22887	-1.80005	3.78672	1.77411	0.468509	0.689597	2.46077	0.468929	0.191324	0.0161776
20068	0.0695941	0.0811942	3.78017	1.84438	0.487909	2.21962	-1.79665	4.00427	1.83695	0.458748	0.762838	2.3113	0.472908	0.193283	0.0163141
20069	-0.0117985	0.10028	3.84914	1.91098	0.496469	2.26556	-1.74511	3.74152	1.78475	0.477012	0.656622	2.59318	0.486878	0.18731	0.0165819
20070	0.0297863	0.0582364	4.0144	1.89466	0.471965	2.2314	-1.79359	3.50266	1.72511	0.492514	0.70749	2.42355	0.48154	0.191568	0.0170014
20071	-0.0162931	0.0343743	4.01267	1.98274	0.494121	2.18234	-1.78443	3.87776	1.8287	0.471588	0.684332	2.41699	0.483047	0.178368	0.0172492
20072	0.0234011	0.0553853	3.82641	1.82092	0.475882	2.28505	-1.76028	3.91496	1.93403	0.49401	0.644494	2.55754	0.485049	0.180056	0.0175865
20073	0.0497215	0.0139403	4.05755	1.87791	0.462819	2.17973	-1.83228	3.98306	1.83769	0.461376	0.751285	2.26847	0.462104	0.186631	0.0174667
20074	-0.188879	-0.112946	3.90747	1.7731	0.453772	2.04278	-1.96726	3.74553	1.76719	0.471813	0.690414	2.49015	0.462602	0.19545	0.0177894
20075	0.00445503	-0.0190019	4.09881	1.76924	0.431647	1.92031	-2.00048	3.70455	1.80401	0.486972	1.06969	1.83524	0.457912	0.215585	0.0179159
20076	0.0633609	0.0273006	4.02374	1.90004	0.472208	1.9586	-1.98412	3.6457	1.78761	0.490333	1.12636	1.79597	0.480824	0.215328	0.018166
20077	0.105237	0.100316	3.91013	1.9413	0.49648	1.91633	-2.00554	3.84984	1.81876	0.472424	1.35199	1.64003	0.484546	0.227798	0.0184179
20078	0.103767	0.114303	4.05563	2.13453	0.526312	2.09145	-1.95584	3.92937	1.94088	0.493941	1.08469	1.97544	0.510383	0.208247	0.0188287
20079	0.0424587	0.0860886	4.20408	2.07818	0.494325	2.01755	-1.97364	3.84239	1.88403	0.490326	1.08754	1.9505	0.492415	0.211244	0.0194525
20080	0.060072	0.0580456	4.05671	2.0196	0.497842	1.97823	-2.01595	3.86143	1.78108	0.461249	1.16908	1.83966	0.479997	0.220626	0.0195196
20081	0.0490883	0.0708658	4.11691	1.99333	0.484181	1.97919	-2.01255	3.48641	1.71611	0.49223	1.16517	1.86265	0.487872	0.226416	0.0196922
20082	0.1588	0.0931961	3.95034	1.94209	0.491626	1.9964	-2.01033	3.64548	1.77879	0.487945	1.31037	1.68839	0.48986	0.229255	0.0201246
20083	0.0753304	0.0981483	3.7983	1.80264	0.474592	1.94463	-2.02116	3.98593	1.83029	0.459187	1.28538	1.74715	0.466704	0.236196	0.0206006
20084	0.21515	0.197631	3.79056	1.95176	0.514899	1.90746	-1.96535	3.5362	1.68592	0.47676	1.6336	1.43196	0.496491	0.243393	0.0210798
20085	0.177309	0.155762	3.6307	1.911	0.526345	2.04165	-1.99471	3.59273	1.77683	0.494563	1.3305	1.73789	0.510538	0.238766	0.0212845
20086	0.173154	0.143887	4.10395	1.85302	0.45152	1.93707	-2.03839	3.99017	1.89569	0.475091	1.53062	1.55569	0.46314	0.241135	0.0215247
20087	0.13715	0.109212	3.85021	1.86887	0.485395	1.86645	-2.10766	3.83489	1.82541	0.476002	1.64338	1.49525	0.480707	0.249668	0.0218408
20088	0.0478523	0.0865534	3.74699	1.67238	0.446326	1.79292	-2.14471	3.70837	1.7652	0.476005	1.63484	1.52263	0.461088	0.265919	0.0218911
20089	0.088106	0.0633442	3.80468	1.84583	0.485146	1.84941	-2.12691	3.94071	1.79684	0.455968	1.54641	1.55109	0.470301	0.247783	0.022104
20090	0.202489	0.161447	4.01154	1.8313	0.456506	1.84708	-2.17597	3.78797	1.85247	0.48904	2.02002	1.35235	0.472307	0.270589	0.0219639
20091	0.0718493	0.0941623	4.04285	1.75307	0.433622	1.76396	-2.25726	4.08008	1.97498	0.484054	1.9311	1.43161	0.458954	0.270589	0.0221494
20092	0.0125081	0.0550278	3.77099	1.802	0.477859	1.69119	-2.27906	4.21254	2.01364	0.47801	1.9333	1.40899	0.477939	0.263151	0.0224492
20093	-0.0452218	0.00302551	4.03824	1.9593	0.485186	1.67073	-2.24272	3.92393	2.15877	0.550156	1.71282	1.47225	0.517204	0.234495	0.0226274
20094	-0.0306842	-0.0289335	3.78948	1.86093	0.491078	1.6685	-2.36559	4.09167	1.99128	0.486668	1.89108	1.44361	0.488788	0.261729	0.0228506
20095	-0.0501527	-0.0516492	3.90992	1.98063	0.506566	1.66488	-2.45079	4.01431	2.03243	0.506297	1.95689	1.47067	0.50643	0.264029	0.0232878
20096	-0.0458779	-0.0415898	4.15734	1.96558	0.472796	1.49271	-2.45096	4.13609	1.97827	0.478296	2.45225	1.18362	0.475539	0.269095	0.0234302
20097	-0.037825	-0.018077	3.99364	1.96046	0.490897	1.59605	-2.41206	3.68352	1.76909	0.480272	2.14685	1.33478	0.485799	0.277646	0.0239016
20098	0.00963104	-0.0423715	3.69719	1.94437	0.525904	1.68049	-2.36868	3.88216	1.72158	0.44346	1.93844	1.39589	0.483676	0.269666	0.0242798
20099	-0.1418	-0.0905334	3.87097	1.94602	0.502721	1.55177	-2.41601	3.82403	1.74538	0.456423	1.88547	1.43409	0.479713	0.268167	0.0247215
20100	-0.0989043	-0.0692568	3.77052	1.83579	0.486881	1.61998	-2.42162	3.57022	1.71093	0.479222	1.87291	1.47728	0.483156	0.280703	0.0249376
20101	-0.135027	-0.159318	3.55509	1.84192	0.518107	1.6179	-2.41855	3.90242	1.82802	0.468432	1.66109	1.53638	0.492113	0.25809	0.0251277
20102	-0.0948478	-0.178944	3.84179	1.80607	0.47011	1.54375	-2.47117	3.76678	1.85733	0.493082	1.9569	1.3425	0.481483	0.264028	0.0253896
20103	-0.211238	-0.186619	3.94891	1.85502	0.469755	1.52147	-2.52643	3.72987	1.71925	0.460939	1.82352	1.50114	0.465473	0.276996	0.025561
20104	-0.18743	-0.207785	4.09405	1.9359	0.472858	1.43354	-2.52554	3.53945	1.68951	0.477337	2.04449	1.31377	0.474935	0.270405	0.0256515
20105	-0.0834236	-0.131241	3.70105	1.8319	0.494968	1.46567	-2.5579	3.94574	1.73627	0.440036	2.45394	1.19984	0.466623	0.29218	0.0257546
20106	-0.120338	-0.0956636	3.87648	1.86954	0.482278	1.48029	-2.58596	3.74167	1.81593	0.485325	2.42057	1.28101	0.483775	0.296214	0.025932
20107	-0.122548	-0.153517	4.24791	2.05715	0.484274	1.44255	-2.57912	3.72047	1.8348	0.493162	2.40189	1.22477	0.488424	0.274373	0.0261878
20108	-0.0423247	-0.0990766	4.22477	2.0773	0.491695	1.4347	-2.59515	4.1236	1.73904	0.421728	2.85589	1.0908	0.457135	0.289946	0.026252
20109	-0.0670091	-0.0575443	3.95918	2.07828	0.524928	1.43722	-2.56275	3.37142	1.68101	0.498607	2.7737	1.13135	0.512822	0.294571	0.0264032
20110	-0.0461087	-0.101593	3.64481	1.77602	0.487273	1.44836	-2.56146	3.73468	1.71197	0.458399	2.70926	1.11671	0.47266	0.302609	0.0267753
20111	-0.0579486	-0.119836	3.8715	1.97877	0.51111	1.38667	-2.61858	3.94998	1.83847	0.465437	2.99185	1.04346	0.488045	0.290338	0.0272601
20112	-0.104122	-0.0957884	3.93198	1.80327	0.458616	1.26981	-2.70637	3.72269	1.88051	0.505148	3.61034	0.943839	0.481246	0.316353	0.0276107
20113	-0.0339369	-0.0959607	3.79099	1.6977	0.447823	1.33151	-2.63995	3.78226	1.79642	0.474959	3.47122	0.932218	0.461376	0.316607	0.0278286
20114	-0.0337896	-0.0930227	3.43125	1.74416	0.508316	1.34994	-2.63878	3.74698	1.73191	0.462215	3.38478	0.957354	0.484252	0.31803	0.0278614
20115	-0.157436	-0.143324	3.90174	1.83878	0.471271	1.23396	-2.71858	4.19986	1.96053	0.466809	3.42562	0.967991	0.468957	0.303917	0.0282028
20116	-0.147006	-0.162749	3.85788	1.61553	0.418761	1.30915	-2.70652	3.569	1.75718	0.492344	3.05168	1.0602	0.454121	0.324271	0.02857
20117	-0.202714	-0.194661	3.83199	1.77638	0.463564	1.39436	-2.66842	3.82884	1.79062	0.467666	2.3992	1.27532	0.465614	0.300264	0.028805
20118	-0.141581	-0.198921	3.48163	1.7311	0.497209	1.25968	-2.66489	3.75336	1.87754	0.500227	3.09698	0.981763	0.498775	0.296514	0.0290721
20119	-0.216131	-0.200052	3.89539	1.71537	0.440361	1.32821	-2.67482	4.37632	2.05813	0.470287	2.56793	1.19249	0.456194	0.288741	0.0292462
20120	-0.21881	-0.171855	4.0425	1.77911	0.440102	1.31564	-2.64062	4.05415	1.97596	0.487392	2.58854	1.17727	0.463781	0.28875	0.0292574
20121	-0.159531	-0.126691	3.97793	1.82019	0.457572	1.33403	-2.68432	4.16383	1.94534	0.4672	2.93242	1.11537	0.462496	0.302901	0.0293261
20122	-0.13295	-0.164477	4.02594	1.74831	0.434261	1.40855	-2.59601	3.6979	1.82305	0.492994	2.48811	1.18812	0.46238	0.292826	0.0294744
20123	-0.0976368	-0.144626	3.9198	1.86403	0.475543	1.31706	-2.63552	3.72911	1.85291	0.496876	3.10015	1.00069	0.485944	0.294545	0.0298475
20124	-0.158917	-0.176201	4.24854	1.99933	0.470592	1.18341	-2.66204	3.77603	1.96556	0.520535	3.42947	0.900926	0.494093	0.280486	0.0300834
20125	-0.277256	-0.172291	3.81747	1.91273	0.501046	1.32753	-2.64803	3.96243	1.87944	0.474314	2.38	1.28767	0.487431	0.287891	0.0300705
20126	-0.162113	-0.190861	3.89337	1.85654	0.476846	1.31642	-2.68406	3.71912	1.79424	0.482436	2.84347	1.09304	0.479577	0.298678	0.0303642
20127	-0.116247	-0.161029	3.81684	1.97645	0.517823	1.25402	-2.75762	3.79238	1.82803	0.482028	3.59086	0.938813	0.499983	0.307129	0.030656
20128	-0.185061	-0.162012	3.90304	1.85164	0.474408	1.29286	-2.7867	3.42187	1.75044	0.511543	3.15392	1.09213	0.491756	0.323577	0.0311824
20129	-0.129627	-0.166389	3.87112	1.88179	0.48611	1.19226	-2.83091	3.98133	1.95584	0.491254	4.06301	0.873694	0.488718	0.316348	0.0312087
20130	-0.207097	-0.167841	3.84203	1.75467	0.456704	1.29292	-2.74432	3.88833	1.96316	0.504885	2.95027	1.12502	0.480939	0.308725	0.0314522
20131	-0.0675019	-0.129326	3.53779	1.72423	0.487375	1.20693	-2.76771	4.10835	1.92009	0.467362	4.2859	0.812093	0.476622	0.323304	0.0318978
20132	-0.108584	-0.0732975	3.8668	1.74658	0.451685	1.20238	-2.78993	4.12963	1.87151	0.45319	4.29417	0.859313	0.452462	0.337836	0.0322805
20133	-0.103551	-0.0609379	3.73521	1.85529	0.496705	1.29722	-2.74264	3.99239	1.92769	0.482841	3.66512	0.981075	0.489542	0.32226	0.0323226
20134	0.106777	-0.0285473	4.02549	1.94447	0.483039	1.24151	-2.78024	3.82612	1.89548	0.495406	5.88047	0.643809	0.489066	0.330301	0.0327678
20135	0.0258329	0.00613379	3.74576	1.74038	0.464628	1.2169	-2.77903	3.96277	1.82404	0.460295	5.46797	0.709323	0.4624	0.352473	0.033289
20136	-0.0402758	-0.0517003	3.82844	1.81121	0.473094	1.3679	-2.70411	3.91946	1.77572	0.453053	3.54785	0.991481	0.462955	0.329122	0.0336234
20137	0.028081	0.03315	3.60414	1.75994	0.488313	1.36678	-2.64031	3.66232	1.8525	0.505828	3.98824	0.896054	0.49714	0.331051	0.0338313
20138	0.0851365	0.0675568	3.54424	1.76111	0.496894	1.2984	-2.62203	4.24829	1.99918	0.470584	4.91431	0.736004	0.482551	0.324863	0.0341219
20139	0.0526748	0.0333937	3.84817	1.82909	0.475316	1.39049	-2.60317	3.85424	1.95275	0.506649	3.88406	0.89487	0.490995	0.314955	0.0341119
20140	0.0888875	-0.00478287	3.57248	1.80271	0.50461	1.35648	-2.59703	3.93277	1.92656	0.489873	4.18208	0.8034	0.496888	0.310678	0.034216
20141	0.0199707	2.35841e-05	3.78558	1.73055	0.457142	1.35173	-2.67329	3.87698	1.88694	0.486703	4.0295	0.88679	0.472098	0.33072	0.0342535
20142	-0.0483207	-0.0652268	3.85839	1.68373	0.43638	1.37228	-2.6994	3.75405	1.7243	0.459317	3.4383	1.00905	0.447691	0.337425	0.0346014
20143	-0.0337357	-0.0813377	4.01883	1.82906	0.455122	1.24702	-2.77112	3.74966	1.63875	0.437039	4.41062	0.820168	0.446394	0.3429	0.0346046
20144	-0.0666657	-0.0885078	3.77696	1.83395	0.485562	1.25954	-2.69204	3.76383	1.79593	0.477156	3.85393	0.879412	0.481366	0.318374	0.0347608
20145	-0.0253747	-0.0306678	3.55304	1.76601	0.497041	1.29139	-2.69283	4.0512	2.01474	0.497319	4.08743	0.866941	0.497189	0.319203	0.0348683
20146	0.0371832	0.0326975	4.04219	1.91977	0.474933	1.37905	-2.68683	4.09338	1.9336	0.472373	4.10743	0.900298	0.473645	0.324356	0.0351859
20147	0.0749905	0.0449754	3.98682	1.87459	0.470197	1.3433	-2.73868	3.91874	1.78974	0.456712	4.81707	0.804299	0.463512	0.345946	0.0354412
20148	0.0923683	0.0126913	3.803	1.78623	0.469691	1.27489	-2.80004	3.82357	1.84126	0.481555	5.65769	0.69918	0.475639	0.352968	0.0353171
20149	0.0813035	0.0694887	4.03725	1.71974	0.425968	1.21598	-2.83006	4.03969	1.72213	0.426304	6.53005	0.643744	0.426136	0.379257	0.035638
20150	0.0160462	0.0660962	3.69898	1.7672	0.477753	1.18544	-2.80727	3.85374	1.88186	0.48832	6.03754	0.683744	0.483145	0.361401	0.0359441
20151	0.115555	0.0576931	4.02628	1.86763	0.46386	1.19336	-2.84427	3.97673	1.88155	0.473139	7.24939	0.580835	0.468471	0.359726	0.0361047
20152	-0.0255598	-0.00194083	3.66611	1.93402	0.527539	1.23014	-2.86864	3.97563	1.95271	0.491169	5.21188	0.788389	0.508617	0.345917	0.0362583
20153	0.0393033	-0.00267342	4.24187	1.90413	0.448889	1.26376	-2.81052	4.11973	1.85291	0.449766	5.25845	0.749652	0.449321	0.34421	0.0364096
20154	0.112579	0.0375106	3.76522	1.83067	0.486206	1.1592	-2.80916	3.87547	1.80464	0.465657	7.39764	0.547711	0.475783	0.357969	0.0367069
20155	0.00774019	0.0426756	3.68776	1.72828	0.468652	1.25036	-2.80172	3.97429	1.81342	0.456289	5.23964	0.772055	0.462239	0.363617	0.037231
20156	0.0123747	0.0606822	3.82163	1.89919	0.496959	1.25858	-2.73795	4.0382	1.81323	0.449019	5.04323	0.776518	0.472329	0.345423	0.0377228
20157	0.0939677	0.0255215	3.75803	1.82791	0.486402	1.14275	-2.74351	4.0644	1.79719	0.442178	6.9709	0.549967	0.463424	0.345997	0.0379242
20158	0.00254332	-0.0222763	3.91818	1.8881	0.481883	1.22265	-2.7689	3.65415	1.7567	0.480741	5.06756	0.744334	0.481332	0.341109	0.0382525
20159	-0.0861288	-0.0143072	3.69963	1.7934	0.48475	1.20687	-2.7432	3.88732	1.94563	0.500508	4.45424	0.835929	0.492824	0.332516	0.0385281
20160	-0.0152758	0.0411263	3.85178	1.96041	0.508963	1.1808	-2.81427	3.81475	1.9373	0.507844	5.69922	0.715296	0.508406	0.343494	0.0385784
20161	0.0565036	0.0409764	3.94056	1.78053	0.451846	1.08969	-2.88855	3.86232	1.96727	0.509349	8.03972	0.533733	0.480309	0.364177	0.0386252
20162	0.0761491	0.0132799	3.93964	1.80015	0.456931	1.10547	-2.91453	3.54269	1.83715	0.518574	8.09067	0.529751	0.486118	0.370861	0.0385952
20163	0.0994588	0.0118877	3.99335	1.88721	0.472589	1.12352	-2.88699	3.71961	1.76682	0.475002	8.01331	0.524347	0.473753	0.365174	0.0389186
20164	-0.102299	-0.012929	3.75188	1.87941	0.500924	1.06123	-2.94744	3.82397	1.88385	0.492643	6.36086	0.676902	0.496744	0.364011	0.0393157
20165	-0.0247524	0.00461383	3.9974	1.87968	0.470224	1.00959	-3.01002	3.94797	1.93968	0.491311	8.49457	0.534931	0.480702	0.373105	0.0396551
20166	0.0275857	0.0598342	3.60073	1.81438	0.503891	1.04523	-2.99591	3.71628	1.90605	0.512891	9.01668	0.517796	0.508462	0.385663	0.0399126
20167	0.0413481	0.094268	4.02326	1.94465	0.483351	1.04265	-3.01166	3.7915	1.88406	0.496918	9.62169	0.501303	0.489933	0.386583	0.0400731
20168	0.217638	0.166305	4.11848	2.02181	0.49091	1.03835	-2.99868	4.01322	1.90887	0.475647	14.8717	0.336785	0.483377	0.389287	0.0405006
20169	0.166812	0.124322	3.72965	1.86066	0.498882	0.952224	-3.04454	3.96237	1.86691	0.471161	16.2784	0.308436	0.484602	0.402562	0.0405684
20170	0.067282	0.0672378	3.91587	1.93984	0.49538	1.04314	-2.97708	3.74536	1.78434	0.476414	9.73222	0.476145	0.486108	0.38365	0.0408457
20171	0.103747	0.0759897	3.94852	1.96536	0.497746	1.13024	-2.96176	3.78829	1.82871	0.482727	8.75774	0.526844	0.490392	0.378246	0.0413273
20172	0.0647505	0.0481387	4.05934	1.91746	0.472357	1.0762	-2.9494	4.05429	1.85504	0.45755	8.78293	0.511518	0.464958	0.373332	0.0413765
20173	0.0173641	0.0206323	3.88174	1.92072	0.494811	1.11216	-2.961	4.07503	1.96099	0.481221	7.41719	0.599292	0.487851	0.364212	0.0416961
20174	0.0883859	0.0143202	4.23969	1.93015	0.455257	1.0601	-2.97648	3.8137	1.85283	0.485836	9.4732	0.472115	0.469738	0.371631	0.0419278
20175	0.123972	0.000222109	4.10166	1.83415	0.447172	0.944245	-3.00631	3.63201	1.72513	0.474981	13.4343	0.336424	0.460232	0.388462	0.0423712
20176	0.0287061	0.0363198	3.86927	1.84238	0.476158	0.981258	-3.02695	4.03256	1.7802	0.441458	10.3418	0.453677	0.458449	0.393168	0.0427974
20177	-0.025112	-0.027421	3.97448	1.98842	0.500298	1.00872	-2.98271	3.65083	1.626	0.445378	8.17142	0.534407	0.474003	0.376711	0.0429375
20178	0.0853418	0.00284247	3.75457	1.95094	0.519617	1.06307	-2.89971	3.53835	1.66308	0.470015	8.81301	0.477975	0.495551	0.368319	0.0435618
20179	-0.0265349	0.0203922	4.04763	2.09274	0.517029	1.13077	-2.92503	3.88443	1.82025	0.468602	6.47737	0.669679	0.493314	0.356729	0.0437507
20180	0.0377346	0.00939346	4.12978	2.04703	0.495676	1.05142	-2.90582	3.91391	1.71131	0.437237	8.27058	0.513779	0.467241	0.361264	0.0441895
20181	0.0332477	0.00531171	3.76759	1.92573	0.511131	1.12106	-2.88399	3.90344	1.8178	0.465692	7.05468	0.591667	0.488009	0.358059	0.0444457
20182	0.101307	0.011481	3.91772	1.96985	0.502806	1.14461	-2.91604	3.81585	2.01002	0.526756	7.87366	0.544246	0.514623	0.35007	0.0448888
20183	0.0055054	0.0145518	3.73071	1.81725	0.487106	1.07869	-2.94364	4.02746	2.05239	0.509598	7.59805	0.575866	0.498782	0.361284	0.0451944
20184	-0.0639798	-0.0328646	3.87439	1.88525	0.486593	1.11609	-2.90933	3.82757	1.87552	0.490003	5.94163	0.69628	0.488288	0.354964	0.0452047
20185	-0.0748355	-0.0248344	4.10342	1.91115	0.465746	1.08919	-2.92719	3.83996	1.92128	0.500337	6.21687	0.677483	0.482468	0.354744	0.0454749
20186	0.0454777	0.000662497	4.04664	1.9693	0.486649	1.01945	-2.93352	4.38911	2.14481	0.488667	9.07567	0.474313	0.487699	0.343585	0.0454277
20187	-0.116382	-0.180066	3.97201	1.98297	0.499235	1.17237	-2.88386	3.83208	1.82979	0.477493	4.40159	0.830437	0.488559	0.324134	0.0456097
20188	-0.231039	-0.209265	3.83978	1.78886	0.465877	1.1544	-2.84593	3.82089	1.80222	0.471675	3.6219	0.959718	0.468768	0.326245	0.0458298
20189	-0.267996	-0.223348	3.99758	1.87309	0.468557	1.12972	-2.81724	3.61664	1.7908	0.495157	3.44402	0.976804	0.481192	0.31475	0.0458739
20190	-0.239618	-0.225073	4.05781	1.90456	0.469356	1.25068	-2.73581	3.80636	1.84141	0.483772	2.8383	1.11049	0.476334	0.296229	0.0461375
20191	-0.183624	-0.198931	3.95171	1.90581	0.482276	1.3512	-2.69201	3.9085	1.81108	0.46337	2.63847	1.17785	0.472875	0.294911	0.0465406
20192	-0.154936	-0.164843	3.75322	1.82936	0.487412	1.25809	-2.71158	3.32984	1.61288	0.484373	3.24842	0.998315	0.485983	0.320323	0.0469295
20193	-0.225785	-0.237831	4.16689	1.90317	0.456737	1.17441	-2.77907	3.90297	1.86503	0.477848	3.29393	0.980274	0.466947	0.300044	0.0472415
20194	-0.219248	-0.183727	3.84971	1.79312	0.46578	1.32793	-2.72374	3.71761	1.88622	0.507374	2.6952	1.19688	0.486214	0.304876	0.0476368
20195	-0.281875	-0.213039	3.36913	1.70618	0.506417	1.42927	-2.64464	3.6917	1.77167	0.479906	2.01934	1.46401	0.492556	0.298362	0.0475845
20196	-0.166702	-0.231308	3.96795	1.70051	0.428561	1.3003	-2.63816	3.71633	1.88729	0.507838	2.69176	1.07605	0.466902	0.287677	0.0477929
20197	-0.21464	-0.245121	3.51122	1.645	0.468499	1.44416	-2.56242	3.68372	1.81639	0.493085	1.95154	1.3758	0.481086	0.279556	0.0478645
20198	-0.232787	-0.151218	3.89523	1.82947	0.469669	1.45756	-2.45956	3.88733	1.9245	0.495069	1.86488	1.42863	0.482356	0.26201	0.0481976
20199	-0.185302	-0.212901	3.66772	1.84493	0.503018	1.54514	-2.44098	3.90952	2.08392	0.533038	1.65785	1.49721	0.518507	0.240148	0.0483408
20200	-0.111912	-0.12277	3.87026	1.7795	0.459787	1.54503	-2.40387	4.12376	2.00546	0.486319	1.89528	1.37273	0.473474	0.255877	0.0484035
20201	-0.139634	-0.120945	3.75817	1.80707	0.480837	1.66198	-2.4001	3.94119	2.06397	0.523692	1.60039	1.6229	0.502773	0.251298	0.0487576
20202	-0.0627804	-0.106934	3.67591	1.76148	0.479194	1.66659	-2.36272	3.8307	1.9216	0.501632	1.70145	1.49535	0.490644	0.256823	0.0489661
20203	-0.118339	-0.161464	3.81704	1.78721	0.468218	1.68757	-2.33488	3.82044	1.89381	0.495705	1.44842	1.63065	0.481968	0.242985	0.0494556
20204	-0.090512	-0.105121	3.82172	1.79133	0.468723	1.67783	-2.36804	3.58326	1.75587	0.490022	1.63759	1.56352	0.479029	0.265292	0.0495892
20205	-0.0607936	-0.0812237	3.76865	1.75493	0.465664	1.77926	-2.29281	3.80607	1.85813	0.488202	1.44459	1.69291	0.476989	0.252953	0.0497715
20206	-0.10076	-0.117252	3.91235	1.79853	0.459707	1.72059	-2.28095	4.03415	1.8785	0.465649	1.41126	1.65866	0.462724	0.241539	0.0498627
20207	-0.0619681	-0.126531	3.51242	1.66091	0.472868	1.65339	-2.3219	3.83381	1.68938	0.440655	1.63797	1.47123	0.456057	0.264611	0.0501759
20208	-0.0971669	-0.0597005	3.59246	1.65896	0.461789	1.61331	-2.38148	3.45935	1.73257	0.500838	1.8425	1.46287	0.480945	0.284468	0.050416
20209	-0.0969381	-0.0656501	3.74663	1.78313	0.475929	1.63021	-2.38101	3.59328	1.7068	0.474999	1.79712	1.49152	0.475474	0.277569	0.0506744
20210	-0.157194	-0.120546	3.92973	1.82954	0.465564	1.67161	-2.41036	3.8447	1.70941	0.444615	1.56771	1.67226	0.455204	0.270382	0.0508872
20211	-0.0625878	-0.0442409	4.06326	1.8127	0.44612	1.62984	-2.39495	3.82011	1.62238	0.424695	1.9292	1.43216	0.435738	0.286919	0.0512439
20212	-0.0619482	-0.0292246	3.64722	1.86226	0.510598	1.54414	-2.47542	3.52562	1.87782	0.532622	2.31976	1.28977	0.521423	0.285808	0.0514448
20213	-0.00664564	-0.0695961	3.75337	1.74423	0.46471	1.54867	-2.47438	4.00326	1.83879	0.459322	2.39064	1.20951	0.461929	0.287598	0.0515476
20214	0.0145637	0.00754254	4.01279	1.85493	0.462255	1.70127	-2.2855	3.79252	1.85417	0.488901	1.8482	1.42248	0.475202	0.261764	0.0514111
20215	0.0328521	0.0224817	3.85665	1.78445	0.462695	1.71333	-2.30596	3.85645	1.88528	0.488864	1.91983	1.41201	0.475779	0.269824	0.051579
20216	0.0843291	0.0644116	4.19908	1.88702	0.449388	1.66014	-2.36924	3.83075	1.96897	0.51399	2.3851	1.24159	0.480208	0.277552	0.0520647
20217	0.0919253	0.0800381	3.87047	1.88409	0.486786	1.59163	-2.46231	3.70257	1.89284	0.511224	2.87381	1.12456	0.498734	0.299741	0.052287
20218	0.0196158	0.0522142	3.86765	1.83666	0.474878	1.58959	-2.45218	3.70231	1.88472	0.509065	2.5446	1.23241	0.491598	0.296547	0.0526417
20219	0.138106	0.0919981	3.87003	1.80894	0.467422	1.55282	-2.51022	3.94568	1.88938	0.478849	3.38339	1.00071	0.473191	0.314117	0.0528302
20220	0.00240832	0.0733843	4.09242	1.86145	0.454852	1.3712	-2.56049	4.01909	1.83989	0.457789	3.70267	0.936797	0.456307	0.319173	0.053008
20221	0.165485	0.16918	3.94317	1.90854	0.484012	1.42305	-2.5405	3.66476	1.74509	0.476181	4.64277	0.790734	0.48024	0.334511	0.0531851
20222	0.0987551	0.136908	3.99311	1.84964	0.463206	1.41518	-2.54638	3.71299	1.83125	0.493202	4.15472	0.866493	0.477659	0.328526	0.0531314
20223	0.124304	0.144207	3.79847	1.75838	0.462919	1.51334	-2.53851	3.46721	1.72606	0.497823	3.73013	0.964708	0.479575	0.34064	0.0531647
20224	0.213628	0.152344	4.11265	1.81963	0.442447	1.48656	-2.53461	3.70861	1.72998	0.466476	4.45561	0.810184	0.45384	0.337196	0.0533088
20225	0.0765571	0.14465	3.99924	1.95844	0.489704	1.44099	-2.54035	3.72125	1.84888	0.496845	3.87242	0.930842	0.493146	0.321397	0.0532266
20226	0.185286	0.174573	4.00776	1.89101	0.471836	1.40529	-2.63458	4.17036	1.86784	0.447886	5.30182	0.74421	0.459623	0.344311	0.0534274
20227	0.133924	0.162212	3.45076	1.80411	0.522817	1.39995	-2.5736	3.63859	1.75448	0.482187	4.66966	0.801416	0.501964	0.344726	0.0537341
20228	0.100534	0.053544	3.73058	1.77831	0.476684	1.44608	-2.58375	3.82743	1.82423	0.47662	3.84166	0.905248	0.476651	0.32565	0.0537326
20229	0.0768964	0.0808526	3.55621	1.76556	0.496472	1.46291	-2.60126	3.92013	1.74829	0.445977	3.7447	0.960523	0.469995	0.338655	0.0538497
20230	0.0350292	0.113502	3.90171	1.84152	0.471978	1.39052	-2.62884	3.73696	1.77928	0.476129	4.0931	0.918676	0.474009	0.341895	0.0542703
20231	0.223746	0.145638	3.65425	1.67001	0.457006	1.41983	-2.62033	3.84281	1.87646	0.488304	5.34776	0.715305	0.473049	0.350471	0.054502
20232	0.126924	0.139214	3.89671	1.66251	0.426646	1.27571	-2.68606	3.96712	1.71353	0.431933	6.04842	0.659856	0.429313	0.371617	0.0548133
20233	0.104155	0.152892	4.11439	1.85811	0.451612	1.32829	-2.6999	3.75705	1.71857	0.457425	5.43098	0.749258	0.454387	0.362707	0.0549857
20234	0.176313	0.182414	3.82356	1.75166	0.458123	1.38585	-2.64965	3.52251	1.7892	0.507935	5.4824	0.731484	0.482008	0.361662	0.0554148
20235	0.114464	0.185345	3.77997	1.61733	0.427868	1.46082	-2.58348	3.90888	1.75902	0.450005	4.22935	0.906335	0.439123	0.36222	0.0555487
20236	0.0474752	0.138866	3.55478	1.66337	0.467925	1.47055	-2.62321	3.70421	1.7759	0.479428	3.76715	1.01257	0.473795	0.356844	0.055707
20237	0.212217	0.142733	3.98356	1.8191	0.456653	1.41571	-2.64774	3.48733	1.61722	0.463743	5.37612	0.724199	0.459962	0.361751	0.0560637
20238	0.106475	0.0893032	3.88994	1.82682	0.469627	1.29251	-2.63927	3.46341	1.68209	0.485673	5.29268	0.70334	0.477185	0.346708	0.0561102
20239	0.0196335	0.0879856	3.75065	1.79271	0.477972	1.3317	-2.69931	3.54205	1.71582	0.484415	4.5129	0.860757	0.481102	0.356441	0.0562564
20240	0.0839885	0.127007	3.87851	1.71683	0.442651	1.20593	-2.78565	3.96236	1.79094	0.451988	6.73966	0.629378	0.44737	0.376921	0.0565339
20241	0.180432	0.160712	3.8075	1.56808	0.411839	1.17017	-2.76632	3.95371	1.80837	0.457387	8.74609	0.489791	0.435042	0.388258	0.0568492
20242	0.0790846	0.14901	3.55052	1.6118	0.453961	1.17243	-2.80378	3.64857	1.81037	0.496185	7.29369	0.597705	0.47536	0.389226	0.0569536
20243	0.0996889	0.0779479	3.79282	1.78985	0.471905	1.20376	-2.76525	3.81604	1.72376	0.451716	6.6316	0.60949	0.461779	0.365266	0.0569442
20244	0.0673022	0.10468	4.24472	2.07381	0.488563	1.27663	-2.70247	3.57016	1.78038	0.498682	5.38817	0.73124	0.493186	0.338359	0.0570508
20245	0.118404	0.095555	3.94446	1.88927	0.478966	1.2582	-2.71521	3.94367	1.80579	0.457895	6.08133	0.649562	0.468432	0.348446	0.0573698
20246	-0.00601966	0.052251	3.83143	1.81743	0.474348	1.30947	-2.75289	3.59027	1.78448	0.497033	4.5471	0.865257	0.485322	0.353349	0.0576345
20247	0.220191	0.164616	4.0332	1.8477	0.458121	1.23593	-2.78435	3.84018	1.76639	0.459976	8.42902	0.515861	0.459026	0.375728	0.0578957
20248	0.240565	0.203748	3.63558	1.607	0.442019	1.10454	-2.80763	4.00767	1.82893	0.456357	12.1487	0.373224	0.449537	0.397645	0.0580186
20249	0.129294	0.169091	3.74021	1.71362	0.458162	1.15538	-2.81872	3.53607	1.76635	0.499523	8.47899	0.526421	0.478262	0.390852	0.0581527
20250	0.0902003	0.154537	3.94519	1.8637	0.472399	1.14033	-2.82094	3.79129	1.81276	0.478138	8.02831	0.55139	0.475211	0.375912	0.0584051
20251	0.127527	0.0997613	3.85943	1.85471	0.480565	1.13257	-2.85078	3.65337	1.812	0.495981	8.61856	0.505057	0.488061	0.372593	0.0587201
20252	-0.00808651	0.0306326	3.85125	1.81299	0.470753	1.1336	-2.81969	3.925	1.90633	0.485689	6.23295	0.651726	0.478292	0.353322	0.0588349
20253	0.0621673	0.0574555	3.88241	1.77509	0.457213	1.20069	-2.87373	3.89723	1.83835	0.471708	6.62838	0.648112	0.464474	0.372937	0.0589195
20254	0.0200514	0.0523623	3.53724	1.77563	0.501982	1.11071	-2.88645	4.03013	1.84307	0.457322	7.26055	0.594763	0.478197	0.373812	0.0593245
20255	0.074663	0.0230851	3.41792	1.66965	0.4885	1.18207	-2.81826	3.68933	1.78118	0.482791	6.58314	0.613178	0.485536	0.369153	0.0596914
20256	0.0954294	0.05244	3.58435	1.81845	0.507329	1.1757	-2.8341	3.82956	1.91776	0.500778	7.13983	0.583497	0.503945	0.358071	0.0601173
20257	0.0938159	0.0614624	4.11658	1.89952	0.461432	1.15821	-2.8495	3.93535	1.97086	0.50081	7.47938	0.566469	0.480678	0.353845	0.0602473
20258	0.1643	0.125347	3.90872	1.87159	0.478823	1.17197	-2.82018	3.93566	1.82381	0.463407	8.54447	0.507703	0.471089	0.369978	0.0607118
20259	0.128211	0.15633	3.89649	1.79118	0.45969	1.18319	-2.80071	4.04792	1.93666	0.478435	7.85643	0.556493	0.469241	0.369761	0.0612243
20260	0.177445	0.150466	3.67209	1.81994	0.495615	1.16522	-2.82974	3.87213	1.93868	0.500674	9.10276	0.487853	0.498211	0.371483	0.0615797
20261	0.201531	0.179638	3.74682	1.77581	0.47395	1.26148	-2.74563	3.82174	1.96313	0.513674	7.61663	0.561745	0.494009	0.364052	0.0616058
20262	0.188912	0.244713	3.86496	1.8671	0.483084	1.29377	-2.75146	4.22117	1.96934	0.466539	7.35394	0.610356	0.474447	0.369195	0.0618752
20263	0.307302	0.256713	3.84499	1.7351	0.451263	1.38359	-2.66366	3.72618	2.03459	0.546027	7.36235	0.579202	0.497901	0.361383	0.0619322
20264	0.173187	0.242278	3.6148	1.70578	0.47189	1.45564	-2.66082	3.79666	1.92511	0.507054	5.12433	0.822348	0.489903	0.367323	0.0622886
20265	0.224606	0.285751	3.68663	1.72773	0.468646	1.3142	-2.66871	3.70677	1.69265	0.456636	7.35232	0.59361	0.462625	0.389619	0.0624847
20266	0.390628	0.303295	3.67798	1.69145	0.459886	1.27103	-2.73228	3.71175	1.75242	0.472126	11.8882	0.387557	0.466034	0.400931	0.0625794
20267	0.212221	0.180055	3.70929	1.7641	0.475589	1.21328	-2.8272	3.83415	1.76403	0.460085	9.02451	0.501057	0.467709	0.390668	0.0626563
20268	0.14948	0.146964	3.95615	1.80514	0.456288	1.17185	-2.84076	3.86031	1.89151	0.489988	8.54019	0.522618	0.472931	0.376555	0.0626001
20269	0.119048	0.147002	3.99611	1.82579	0.456893	1.20215	-2.7335	3.73115	1.93768	0.519326	7.07293	0.586553	0.487039	0.355441	0.0629569
20270	0.0807973	0.0434238	4.02186	1.89531	0.471251	1.28046	-2.73875	3.66242	1.86046	0.507986	5.37842	0.719589	0.48876	0.340152	0.0630743
20271	0.12973	0.0225616	3.80363	1.78094	0.468221	1.21971	-2.72402	3.60609	1.89	0.524113	6.34969	0.594024	0.495422	0.3395	0.0633595
20272	0.182845	0.130689	3.77183	1.80682	0.479029	1.36501	-2.62812	3.69637	1.7811	0.481852	5.4461	0.698759	0.480426	0.346657	0.0636179
20273	0.0827131	0.106665	3.85926	1.73891	0.450582	1.40469	-2.63503	3.69828	1.74734	0.472475	4.30119	0.873814	0.461296	0.350357	0.0638413
20274	0.150791	0.0481529	3.7439	1.75643	0.469145	1.35021	-2.63499	3.58063	1.73701	0.485113	5.00429	0.719309	0.476951	0.340132	0.0638815
20275	0.0285489	0.0195451	3.79727	1.83652	0.483641	1.36149	-2.65617	3.66284	1.84695	0.504241	4.02957	0.888363	0.493755	0.327125	0.0641951
20276	-0.107899	-0.0988605	3.73881	1.84428	0.493279	1.33927	-2.67294	3.89378	1.8191	0.467182	3.16377	1.04715	0.479965	0.311483	0.0643297
20277	-0.0800227	-0.115409	3.82718	1.70826	0.44635	1.31288	-2.70301	3.83911	1.85041	0.48199	3.45106	0.970092	0.464198	0.320012	0.0650241
20278	-0.167181	-0.168637	4.17242	1.88671	0.452186	1.22139	-2.78839	3.54096	1.8007	0.508533	3.55948	0.964062	0.478053	0.317658	0.0651611
20279	-0.13636	-0.147139	3.87059	1.72158	0.444786	1.22854	-2.74834	3.68361	1.70934	0.464041	3.632	0.931475	0.454175	0.330333	0.0656943
20280	-0.206214	-0.106297	3.91266	1.82029	0.46523	1.24245	-2.75076	3.76945	1.83491	0.486786	3.33229	1.04931	0.475807	0.323659	0.0660226
20281	-0.00791406	-0.0691268	3.96916	1.89064	0.476333	1.24363	-2.79016	3.93955	1.88619	0.478783	4.72688	0.783186	0.477553	0.329013	0.0661879
20282	-0.0585353	-0.043231	4.03757	1.89886	0.470298	1.11465	-2.85055	3.64636	1.83228	0.502496	5.72597	0.688186	0.485578	0.345688	0.0665848
20283	-0.0411451	-0.0553334	3.9047	1.80507	0.462282	1.1261	-2.88199	3.95842	1.82965	0.462217	5.86435	0.681235	0.462249	0.354771	0.067015
20284	-0.149001	-0.0758998	4.10257	1.96592	0.479192	1.14942	-2.85387	3.60155	1.75242	0.486575	4.57743	0.842951	0.482644	0.341721	0.0671439
20285	-0.0485566	-0.0675342	3.58852	1.79066	0.498998	1.16469	-2.78054	3.71527	1.78343	0.480029	5.00035	0.735988	0.489349	0.339978	0.0673809
20286	-0.10181	-0.106543	4.06015	1.91563	0.471812	1.17369	-2.76636	3.7541	1.8101	0.482167	4.34856	0.813446	0.476787	0.322012	0.0677625
20287	-0.0586624	-0.0647732	3.51648	1.78058	0.506351	1.2711	-2.72337	4.16319	1.88848	0.453614	3.99719	0.884136	0.477762	0.325165	0.0682637
20288	-0.0263934	0.00876742	3.7558	1.82097	0.484841	1.31779	-2.68159	3.84645	1.81621	0.472179	4.00593	0.903413	0.478434	0.332332	0.0683933
20289	0.117501	0.0811353	3.97376	1.91147	0.481023	1.24544	-2.70461	3.74456	1.79181	0.478509	6.09978	0.636118	0.479803	0.343896	0.0685671
20290	0.0799824	0.0945518	3.95392	1.96259	0.496366	1.27077	-2.73137	3.86108	1.88527	0.488274	5.63187	0.708984	0.492368	0.341719	0.0689413
20291	0.0107867	0.047174	3.77043	1.7635	0.467718	1.32132	-2.66977	3.83336	1.8453	0.481378	4.298	0.858744	0.474604	0.338462	0.0689814
20292	-0.0051733	0.00365778	3.66618	1.73105	0.472166	1.34773	-2.67056	3.69181	1.91016	0.517405	3.90714	0.915178	0.494864	0.329424	0.0690192
20293	-0.00416909	-0.0245813	3.91095	1.74117	0.445203	1.38331	-2.63765	4.19728	1.88311	0.448651	3.54689	0.962552	0.446988	0.320299	0.0690192
20294	-0.109879	-0.0526983	3.77677	1.82992	0.48452	1.43107	-2.54349	3.75564	1.90008	0.505926	2.61276	1.18726	0.495193	0.2938	0.068945
20295	-0.0481273	-0.064203	3.96814	1.74239	0.439096	1.6076	-2.44539	4.13906	2.05739	0.497067	2.06828	1.37072	0.468693	0.271794	0.0692648
20296	0.0342401	0.0254916	3.84848	1.81997	0.472906	1.50258	-2.44135	3.81289	1.94319	0.509636	2.82247	1.07801	0.491186	0.287987	0.0696451
20297	0.197101	0.173722	3.88925	1.76018	0.452574	1.55725	-2.40726	3.80335	1.84337	0.48467	3.60075	0.925008	0.468443	0.316182	0.0694448
20298	0.172721	0.193835	3.74319	1.5987	0.427096	1.59327	-2.40013	3.86215	1.96644	0.509156	3.33439	1.00898	0.468768	0.320686	0.069703
20299	0.205693	0.20587	3.80916	1.56703	0.411385	1.57477	-2.377	4.02019	1.82924	0.455014	3.55916	0.937189	0.433787	0.329451	0.070213
20300	0.239661	0.190007	3.37236	1.5985	0.474001	1.59891	-2.42389	3.87809	1.82959	0.471777	3.69811	0.923777	0.472811	0.332674	0.070831
20301	0.144979	0.199096	3.50728	1.70348	0.485699	1.48713	-2.49615	4.00871	1.7937	0.44745	4.0327	0.900679	0.465299	0.341914	0.070961
20302	0.139634	0.218853	3.78988	1.74998	0.461752	1.52843	-2.53175	3.72947	1.85077	0.496256	3.92264	0.96438	0.478865	0.344502	0.0712205
20303	0.248921	0.273213	3.71219	1.88071	0.506631	1.30152	-2.55459	3.97685	1.87801	0.472237	7.21729	0.553981	0.488842	0.347313	0.0715125
20304	0.261709	0.293811	3.95804	1.8856	0.476397	1.38933	-2.5593	4.07155	1.99799	0.49072	6.4019	0.63577	0.48366	0.343952	0.071682
20305	0.158166	0.190844	3.94082	1.81121	0.459601	1.3389	-2.58469	3.67556	1.83981	0.500553	5.52571	0.697067	0.479364	0.345447	0.0716664
20306	0.0566855	0.11484	3.7083	1.78698	0.481888	1.33111	-2.5983	3.83018	1.88156	0.491247	4.53224	0.812085	0.486643	0.334172	0.0719636
20307	0.205294	0.133259	3.91853	1.79191	0.45729	1.49326	-2.50802	4.07427	1.97578	0.484942	4.20554	0.829423	0.471385	0.316537	0.07188
20308	0.103351	0.0930827	3.88012	1.75853	0.453216	1.33037	-2.5752	4.12434	2.024	0.490746	4.72894	0.752784	0.472553	0.320099	0.0721162
20309	0.139096	0.114533	3.69734	1.67907	0.45413	1.40116	-2.61629	4.03877	1.88423	0.466535	4.68196	0.796399	0.460606	0.343605	0.0724675
20310	0.0883353	0.186539	3.50879	1.64524	0.46889	1.46264	-2.55543	4.14125	1.81437	0.438121	3.98069	0.94436	0.452234	0.352152	0.0726443
20311	0.302685	0.351158	3.53948	1.63823	0.462844	1.50489	-2.43965	4.05785	1.74583	0.430236	5.38898	0.722644	0.445427	0.365353	0.0726294
20312	0.305373	0.298031	3.95317	1.76242	0.445826	1.48105	-2.50632	3.76029	1.70754	0.454098	5.68972	0.691104	0.449858	0.361792	0.0727584
20313	0.314441	0.345836	3.74327	1.79685	0.480022	1.46741	-2.56754	3.59491	1.59555	0.443835	6.3849	0.664672	0.462294	0.384922	0.0726036
20314	0.385347	0.333416	3.73936	1.81394	0.485094	1.51436	-2.58991	3.65662	1.69184	0.462679	6.70431	0.637341	0.474012	0.378773	0.0727654
20315	0.29356	0.345155	3.94883	1.86542	0.472397	1.51849	-2.53336	3.80815	1.82387	0.478938	5.52224	0.750227	0.475608	0.359698	0.0732415
20316	0.352414	0.411225	3.79393	1.88267	0.496231	1.47069	-2.50675	3.79111	1.71515	0.452413	6.80878	0.625266	0.47433	0.371838	0.0733989
20317	0.427942	0.383144	3.79624	1.78827	0.471064	1.3171	-2.60804	3.68816	1.8296	0.496075	11.3169	0.395302	0.483389	0.382171	0.0736139
20318	0.401134	0.343736	3.65782	1.62641	0.444638	1.43051	-2.5477	4.06021	1.9905	0.490246	7.89006	0.529807	0.468631	0.36635	0.0741347
20319	0.334221	0.372844	3.82796	1.84655	0.482385	1.33863	-2.60073	4.00711	1.91469	0.477823	8.76462	0.504421	0.480052	0.37028	0.0742372
20320	0.348348	0.371311	3.68285	1.82115	0.494494	1.3149	-2.63571	4.03413	1.85955	0.460956	9.67886	0.467111	0.476962	0.380602	0.0752019
20321	0.266587	0.340431	3.7583	1.84695	0.491432	1.42275	-2.61436	3.91315	1.87825	0.479984	6.5315	0.668359	0.485592	0.369571	0.0752915
20322	0.29306	0.352607	3.85379	1.67629	0.434972	1.38098	-2.64037	3.96509	1.90695	0.480936	7.56859	0.591781	0.458281	0.384728	0.0755242
20323	0.357534	0.298676	3.65151	1.68041	0.460197	1.41523	-2.62948	3.99934	1.86009	0.4651	7.66417	0.559365	0.46276	0.377232	0.075477
20324	0.254367	0.248931	3.97006	1.81304	0.456679	1.35291	-2.64099	3.71121	1.92979	0.519989	6.92045	0.603401	0.487267	0.358201	0.0757139
20325	0.031814	0.13733	3.66925	1.68436	0.459047	1.28614	-2.74218	3.90414	1.8904	0.484204	5.27002	0.786672	0.472016	0.367152	0.0761348
20326	0.140086	0.169356	3.71946	1.70644	0.458786	1.39466	-2.68958	4.08244	1.84042	0.450814	5.19296	0.786981	0.454615	0.365643	0.0760975
20327	0.146285	0.168744	3.70953	1.60538	0.432772	1.29444	-2.72661	3.98414	1.76804	0.443769	6.35916	0.659135	0.438467	0.383314	0.0765228
20328	0.156323	0.184596	3.72433	1.72256	0.462514	1.35114	-2.68675	3.84082	1.80869	0.470914	5.77525	0.713789	0.466779	0.36868	0.0767987
20329	0.0303834	0.0917748	3.6597	1.75838	0.480472	1.31992	-2.70021	4.06036	1.8075	0.445159	4.68773	0.831446	0.461899	0.353498	0.0768417
20330	0.108165	0.0650032	3.73155	1.85875	0.498119	1.31393	-2.66205	3.82531	1.7456	0.456329	5.11521	0.726932	0.476965	0.340404	0.0770529
20331	-0.0139374	0.0483843	3.78698	1.70899	0.451282	1.34688	-2.69635	3.91266	1.83857	0.469903	4.06821	0.925909	0.460744	0.346902	0.0769498
20332	0.042805	0.102636	3.95836	1.82536	0.461139	1.18047	-2.77015	3.75775	1.72078	0.457929	6.37639	0.647143	0.459576	0.367934	0.0771024
20333	0.112881	0.0974551	3.83627	1.84024	0.479696	1.22609	-2.76874	3.62701	1.79797	0.495717	6.62922	0.619612	0.487482	0.360934	0.0771726
20334	0.0706146	0.105652	3.90346	1.72516	0.441957	1.24432	-2.75091	3.69881	1.78583	0.482811	5.92334	0.688795	0.461834	0.367616	0.0778093
20335	0.0347645	0.0893032	3.59791	1.76334	0.490101	1.20703	-2.74176	4.06338	1.75526	0.43197	5.83245	0.687099	0.459269	0.362958	0.0781746
20336	0.163652	0.0929917	4.09054	1.76946	0.432574	1.29652	-2.69347	4.08517	1.84751	0.452249	6.0499	0.641692	0.442405	0.349352	0.0783831
20337	0.18529	0.115719	3.73315	1.89434	0.507438	1.27815	-2.73653	3.96684	1.75087	0.441377	6.81159	0.597167	0.473405	0.358244	0.0787336
20338	0.0737632	0.0577537	3.93458	1.85488	0.47143	1.24864	-2.76683	3.87486	1.77676	0.458535	5.77996	0.690169	0.465032	0.354629	0.0791124
20339	-0.0125492	-0.0161118	3.58107	1.80969	0.50535	1.14225	-2.86566	3.72961	1.82614	0.489632	6.08889	0.666782	0.497331	0.358401	0.0795135
20340	0.0324465	0.022288	4.01013	1.80946	0.451221	1.19414	-2.78147	3.68962	1.80403	0.488948	5.82502	0.674767	0.469299	0.352391	0.0796153
20341	-0.0340393	-0.0403284	3.80778	1.71521	0.450449	1.30259	-2.72882	3.56689	1.76251	0.49413	4.04572	0.893288	0.471576	0.342041	0.0794855
20342	0.0321172	-0.00414464	3.64923	1.72967	0.473982	1.32503	-2.7361	3.65273	1.76579	0.483417	4.46485	0.835814	0.478702	0.34814	0.079867
20343	0.11027	0.0159226	3.78333	1.77896	0.470212	1.37745	-2.68078	3.67276	1.78237	0.485294	4.52885	0.802876	0.477641	0.338078	0.079822
20344	0.0948855	0.066378	3.83041	1.80887	0.472239	1.41321	-2.59794	3.7136	1.88441	0.507436	4.08439	0.868988	0.489565	0.324665	0.080006
20345	-0.0176192	0.0252716	3.98268	1.88964	0.474464	1.33934	-2.63253	3.79486	1.92046	0.506069	3.83628	0.920671	0.489885	0.316815	0.0802934
20346	0.00097961	0.0458541	3.82523	1.85803	0.485731	1.39864	-2.6037	3.87133	1.81205	0.468069	3.59371	0.976728	0.476847	0.323612	0.080646
20347	0.0551756	0.0747765	3.66657	1.92137	0.524023	1.42192	-2.62404	4.18671	1.94677	0.464987	3.89918	0.933995	0.49255	0.320182	0.0807931
20348	0.036093	0.075373	3.97864	1.9467	0.489287	1.38878	-2.60142	4.00788	1.88024	0.469136	3.91593	0.914879	0.479175	0.318946	0.0808917
20349	0.0889529	0.10182	4.19169	2.0536	0.489922	1.4297	-2.59177	3.70596	1.82292	0.491888	4.03613	0.898806	0.490844	0.318867	0.0808755
20350	0.0768754	0.0565793	3.68312	1.84893	0.502002	1.39584	-2.62308	3.68323	1.99709	0.542213	4.12753	0.869836	0.522108	0.31833	0.0806926
20351	-0.0257222	-0.0225025	3.87033	1.83825	0.474959	1.39948	-2.64369	3.70281	1.78075	0.480918	3.38253	1.01561	0.477872	0.32197	0.0811144
20352	-0.0126875	-0.014829	3.97216	1.85381	0.4667	1.34993	-2.67742	3.86761	1.75953	0.45494	3.81819	0.92837	0.460898	0.329195	0.0816804
20353	0.0599825	0.00505116	4.10522	2.03251	0.495103	1.26752	-2.75241	4.09369	1.87297	0.457526	5.21451	0.729079	0.476341	0.327491	0.0817903
20354	0.0712294	0.051505	3.82382	1.83744	0.480525	1.18052	-2.8236	3.82643	1.94074	0.507192	6.71763	0.615264	0.493863	0.35369	0.0822701
20355	0.133943	0.108799	3.5483	1.78659	0.503507	1.16487	-2.80309	3.77247	1.85655	0.492131	7.97802	0.531406	0.497645	0.367947	0.0822389
20356	0.058516	0.0421056	3.79755	1.75672	0.462592	1.18811	-2.76787	3.69111	1.88865	0.511674	6.18816	0.637992	0.486785	0.351399	0.0824604
20357	-0.00506003	0.0371238	3.70446	1.75772	0.474488	1.23525	-2.81936	4.0424	1.97891	0.489537	5.30401	0.769183	0.482341	0.353248	0.0826044
20358	-0.0556709	-0.0398525	3.64166	1.69642	0.465838	1.14186	-2.83253	3.9687	1.93943	0.488681	5.43836	0.717043	0.47775	0.349183	0.0826919
20359	-0.0610034	-0.0413634	3.7339	1.84211	0.493348	1.19724	-2.82028	3.76157	1.7834	0.474111	4.87782	0.791582	0.483694	0.347587	0.0829142
20360	0.0337535	0.0175882	3.86295	1.81446	0.469708	1.22444	-2.76666	3.87115	1.85153	0.47829	5.4679	0.70887	0.474003	0.34594	0.0829635
20361	-0.097538	-0.0497804	3.91063	1.82177	0.465851	1.13729	-2.80959	3.74499	1.96002	0.523372	4.99513	0.762395	0.493989	0.334996	0.0830781
20362	-0.0221551	-0.0285711	3.70939	1.82743	0.492651	1.2502	-2.78573	3.7563	1.77234	0.47183	4.69577	0.809443	0.482175	0.345639	0.083786
20363	0.0336593	-0.0213976	4.04315	1.90019	0.469976	1.19566	-2.81393	3.8856	1.73507	0.446538	5.77541	0.675125	0.45849	0.349196	0.0838921
20364	0.0330217	0.0319684	3.84995	1.83764	0.477317	1.20333	-2.75709	4.03232	1.89311	0.469483	5.67961	0.684807	0.473309	0.342766	0.0842233
20365	0.0833491	0.112945	3.8652	1.87322	0.484638	1.24704	-2.77078	3.65054	1.74479	0.477954	6.14091	0.67709	0.481392	0.365041	0.0846993
20366	0.183068	0.177686	3.84742	2.11035	0.54851	1.07055	-2.84084	3.56387	1.79645	0.504074	11.5683	0.393811	0.527142	0.368425	0.0848362
20367	0.215359	0.148571	3.76657	1.92952	0.512274	1.18353	-2.82054	3.71553	1.83988	0.495187	9.40476	0.468678	0.503789	0.369076	0.0851704
20368	0.141501	0.147804	3.75503	1.95852	0.521573	1.17066	-2.82753	4.09208	1.90365	0.465203	8.35808	0.529582	0.492177	0.364401	0.0853088
20369	0.113375	0.171419	3.91371	2.02727	0.517991	1.19725	-2.80328	3.92562	1.77014	0.45092	7.53228	0.587394	0.484405	0.368228	0.0855501
20370	0.15483	0.0981045	4.27657	2.04166	0.477407	1.12947	-2.92205	3.81865	1.81316	0.474817	9.60229	0.474957	0.476185	0.3718	0.0855614
20371	0.200135	0.201521	4.45496	2.09814	0.470966	1.1122	-2.93411	3.91909	1.91623	0.488948	11.8193	0.415936	0.479382	0.37989	0.0857859
20372	0.151607	0.153919	3.93539	2.13028	0.541315	1.06186	-2.9305	3.98711	1.9796	0.496501	11.482	0.414284	0.518762	0.366685	0.0862856
20373	0.205793	0.231198	3.87997	1.90976	0.492209	0.929526	-2.9745	3.72314	1.84092	0.494453	19.6196	0.261895	0.493308	0.406641	0.0863381
20374	0.237239	0.221098	3.85616	1.87135	0.485289	1.06657	-2.96449	3.80844	2.05292	0.539045	14.7543	0.343898	0.512	0.392765	0.0868331
20375	0.18859	0.243122	3.89815	1.92396	0.493557	1.05727	-2.90568	3.73992	1.93736	0.51802	13.1393	0.377302	0.505535	0.391084	0.0872029
20376	0.321266	0.322123	3.99736	1.94966	0.487737	1.11582	-2.88703	4.10236	1.92063	0.468175	16.3128	0.315662	0.477829	0.399606	0.0872917
20377	0.279882	0.350162	3.88584	1.91965	0.49401	1.06362	-2.92449	4.04255	1.96266	0.4855	17.4578	0.307121	0.489671	0.408589	0.0877075
20378	0.346738	0.372757	3.80928	1.87316	0.491736	1.05955	-2.91504	3.8395	2.02955	0.528596	21.2743	0.254054	0.510239	0.409259	0.0877887
20379	0.496897	0.466875	3.72453	1.87365	0.503056	1.04903	-2.89019	4.00186	2.20945	0.552107	36.9682	0.152427	0.528462	0.408416	0.0876328
20380	0.54475	0.539397	3.71973	1.6577	0.44565	1.20966	-2.90462	3.96011	2.03972	0.515065	26.829	0.221053	0.481444	0.445184	0.0875857
20381	0.528678	0.539318	4.01442	1.83772	0.45778	1.01944	-2.93644	3.65672	1.90147	0.519994	50.1606	0.120423	0.487437	0.446941	0.0875943
20382	0.589729	0.483999	3.92763	1.79637	0.457369	1.06215	-2.94628	3.85818	1.96446	0.509169	52.7241	0.111589	0.483038	0.439018	0.0879743
20383	0.515791	0.490745	3.67103	1.83807	0.500696	1.02995	-2.94057	3.83182	1.8398	0.480136	44.5371	0.132181	0.490196	0.444668	0.0879735
20384	0.543325	0.492272	3.71469	1.84457	0.49656	1.04746	-2.95848	3.60156	1.66238	0.461572	46.8527	0.127076	0.479336	0.459251	0.0882471
20385	0.432441	0.466459	3.77855	1.83796	0.486418	1.03086	-2.97816	3.74847	1.76235	0.470153	33.1343	0.17905	0.478318	0.451853	0.0882616
20386	0.469752	0.445601	3.79619	1.72571	0.45459	0.959197	-3.00195	3.89108	1.93734	0.497893	49.615	0.119778	0.476509	0.447998	0.0883225
20387	0.440042	0.4661	3.69254	1.85143	0.501397	1.0492	-2.97601	3.72055	1.80694	0.485664	31.9296	0.185535	0.493501	0.447534	0.0887589
20388	0.495902	0.442835	3.66553	1.82056	0.496672	0.993164	-2.97807	3.68408	1.79729	0.487853	47.3274	0.123635	0.492251	0.447231	0.089036
20389	0.464767	0.442351	3.86931	1.65956	0.428902	1.01652	-2.91854	3.90598	1.8872	0.483157	37.1037	0.152216	0.456157	0.44339	0.0894231
20390	0.358329	0.376316	3.77412	1.66625	0.441493	1.05032	-2.93195	4.0632	1.78907	0.44031	22.8562	0.239423	0.44088	0.442046	0.0897566
20391	0.329626	0.372058	3.57821	1.72121	0.481026	1.02981	-2.89247	3.73886	1.73058	0.462863	21.7378	0.245129	0.471745	0.435743	0.0899258
20392	0.34412	0.313327	3.87791	1.95547	0.504258	1.09282	-2.86141	3.71497	1.79574	0.48338	17.9806	0.280274	0.494043	0.401932	0.0900548
20393	0.344731	0.304514	3.77367	1.81181	0.480118	1.22599	-2.82972	3.64884	1.75448	0.480833	12.649	0.388308	0.48047	0.407925	0.0902642
20394	0.272443	0.255057	4.00459	1.8673	0.466288	1.28511	-2.69697	3.51668	1.68677	0.479649	8.49779	0.512749	0.472535	0.380152	0.0902408
20395	0.283354	0.25118	4.0647	1.87802	0.462033	1.33157	-2.67167	3.84196	1.97308	0.513561	7.77518	0.54938	0.487071	0.356857	0.0903947
20396	0.248763	0.236744	3.81852	1.7194	0.45028	1.28112	-2.67767	3.67198	1.89445	0.515921	7.96968	0.532884	0.482458	0.37023	0.0905871
20397	0.2327	0.219554	3.75922	1.66712	0.443475	1.3863	-2.66463	4.13541	1.86737	0.451556	6.25076	0.665398	0.447708	0.370545	0.0907267
20398	0.238216	0.19152	3.93276	1.70659	0.433943	1.243	-2.74019	3.77515	1.75028	0.463631	8.51331	0.504794	0.448484	0.383437	0.0905609
20399	0.196747	0.218187	3.48599	1.73824	0.498636	1.3124	-2.73748	3.68061	1.8577	0.504728	7.01858	0.622345	0.501765	0.377974	0.0909116
20400	0.144419	0.177919	3.73247	1.72727	0.462767	1.29377	-2.70652	3.57545	1.79612	0.502348	6.29822	0.660504	0.482132	0.371321	0.090672
20401	0.0926694	0.165472	3.52385	1.74197	0.494337	1.25986	-2.71893	3.4532	1.75195	0.507342	6.107	0.681169	0.500774	0.373277	0.0907773
20402	0.234068	0.234524	3.83823	1.8181	0.473683	1.28064	-2.64164	3.7401	1.93972	0.518627	7.55239	0.547661	0.495864	0.355095	0.091025
20403	0.169764	0.186383	4.18126	1.91452	0.45788	1.33673	-2.61751	3.83957	1.8682	0.486566	5.77311	0.6809	0.471612	0.34204	0.0911606
20404	0.190424	0.177936	4.06108	2.02251	0.498023	1.38373	-2.60547	3.92511	1.82026	0.463749	5.4406	0.711995	0.481178	0.335227	0.0912876
20405	0.187682	0.158882	4.01415	1.83325	0.456696	1.31147	-2.68865	3.96305	1.88325	0.475202	6.42044	0.631454	0.46589	0.353047	0.0914326
20406	0.141827	0.122253	4.07585	1.72104	0.422253	1.25138	-2.76876	3.63106	1.76516	0.486129	6.78894	0.615555	0.452348	0.374866	0.0915981
20407	0.0716551	0.104549	3.66507	1.8185	0.49617	1.29027	-2.74092	3.63827	1.84969	0.508399	5.4522	0.742516	0.502262	0.355709	0.0921674
20408	0.110959	0.137036	3.8113	1.81878	0.477207	1.31239	-2.75807	4.13009	1.83878	0.445215	5.8067	0.721724	0.460569	0.364348	0.0921936
20409	0.0840172	0.0873232	4.01983	1.9045	0.473776	1.23111	-2.72308	3.65608	1.74211	0.476498	6.00266	0.657907	0.475073	0.35139	0.0926971
20410	0.114119	0.115934	3.71117	1.83768	0.495177	1.37992	-2.69806	3.67488	1.82396	0.496331	4.94212	0.801131	0.495751	0.351035	0.0931272
20411	0.17354	0.112204	3.64324	1.87137	0.513656	1.40243	-2.68879	3.88402	1.87527	0.482817	5.19518	0.75508	0.497743	0.343732	0.093232
20412	0.0996396	0.118279	3.7422	1.80215	0.481574	1.36988	-2.66001	3.59501	1.73886	0.483687	4.78393	0.806754	0.482609	0.352851	0.0929438
20413	0.211185	0.208953	3.81029	1.80314	0.47323	1.23973	-2.71406	3.73296	1.95514	0.523752	8.07632	0.528955	0.498232	0.362501	0.0931421
20414	0.150015	0.15781	3.83852	1.78203	0.464248	1.29678	-2.66984	3.65802	1.7604	0.481245	6.08004	0.657531	0.472542	0.360842	0.0937707
20415	0.159392	0.158025	3.79007	1.83803	0.48496	1.2782	-2.66176	3.58489	1.90666	0.531861	6.35214	0.625867	0.507758	0.346873	0.0941567
20416	0.228785	0.194115	3.80527	1.67911	0.441258	1.33339	-2.62484	4.09982	1.94878	0.475334	6.5127	0.610078	0.45893	0.353952	0.0941968
20417	0.208574	0.173096	3.84546	1.70887	0.444388	1.32938	-2.61611	3.93456	1.9846	0.504402	6.19298	0.628105	0.474739	0.345055	0.0944545
20418	0.172781	0.180542	4.2421	1.81199	0.427145	1.35716	-2.65174	3.91554	1.95648	0.499671	5.71859	0.70138	0.461957	0.347442	0.0951279
20419	0.10889	0.139829	3.67663	1.79893	0.489289	1.36059	-2.65504	3.88908	1.74711	0.449234	4.98564	0.783382	0.468699	0.355247	0.0955394
20420	0.115494	0.112132	3.81766	1.78358	0.467193	1.3086	-2.69211	3.78971	1.78135	0.470049	5.52421	0.711754	0.468616	0.355563	0.0957368
20421	0.167902	0.172879	3.87551	1.80894	0.466763	1.28	-2.72455	3.84254	1.78446	0.464395	6.78796	0.61838	0.465584	0.368828	0.0957156
20422	0.216416	0.21757	3.6734	1.79321	0.488161	1.35374	-2.71975	3.43053	1.72011	0.501413	6.67007	0.646758	0.494561	0.380515	0.0960795
20423	0.190177	0.234419	3.95723	1.81023	0.457449	1.2764	-2.76523	3.64019	1.72195	0.473037	7.62612	0.58994	0.464918	0.38919	0.0964354
20424	0.194694	0.186758	3.72083	1.74986	0.470289	1.15642	-2.78535	3.69274	1.70598	0.461982	9.55059	0.462455	0.466151	0.389999	0.0963088
20425	0.146405	0.193241	3.72663	1.70617	0.457832	1.23284	-2.7577	4.18149	1.86845	0.446839	7.37753	0.590174	0.452019	0.378621	0.0968664
20426	0.161515	0.196036	3.6958	1.60092	0.433172	1.26963	-2.77218	3.71021	1.7636	0.475336	7.17501	0.613957	0.454295	0.395762	0.0970199
20427	0.327832	0.29329	3.77564	1.68214	0.445525	1.31162	-2.73606	3.6188	1.64928	0.455754	9.48197	0.483915	0.450531	0.407937	0.0968569
20428	0.361	0.337882	3.90165	1.78345	0.457103	1.35163	-2.73805	3.77742	1.69205	0.447939	9.64116	0.490676	0.452595	0.405086	0.0971207
20429	0.38101	0.315624	3.81215	1.75509	0.460394	1.27577	-2.74815	3.78669	1.87113	0.494133	11.7248	0.400294	0.477207	0.393007	0.0972381
20430	0.322682	0.342214	3.72615	1.75495	0.470981	1.25774	-2.72484	3.96906	1.90104	0.478966	10.7589	0.437164	0.4751	0.391569	0.0975647
20431	0.302413	0.269855	3.69257	1.86566	0.505247	1.30271	-2.70171	3.8289	1.79481	0.468755	8.82504	0.500293	0.48667	0.376318	0.097503
20432	0.236731	0.292416	3.91948	1.94139	0.495318	1.30652	-2.71498	3.62347	1.66114	0.45844	7.90282	0.572227	0.477603	0.385733	0.0975756
20433	0.331294	0.268669	4.07519	1.73102	0.424771	1.23967	-2.73847	3.7327	1.7764	0.475903	10.9591	0.412572	0.449216	0.392051	0.0980988
20434	0.226441	0.270514	3.76105	1.88998	0.502515	1.24659	-2.79941	3.91363	1.70838	0.436521	9.05589	0.520348	0.468862	0.395807	0.0983535
20435	0.265112	0.302613	3.79176	1.84476	0.486519	1.21768	-2.78519	3.91156	1.75755	0.449323	10.5076	0.453695	0.467631	0.398324	0.0982716
20436	0.24526	0.256806	3.82013	1.71918	0.450031	1.22015	-2.82323	3.60198	1.66251	0.461554	9.98159	0.475205	0.455624	0.412343	0.0986784
20437	0.212088	0.169516	3.74952	1.77928	0.474535	1.09045	-2.8698	3.45742	1.74377	0.504355	11.973	0.385762	0.488841	0.396073	0.0989952
20438	0.120612	0.149267	3.7381	1.79361	0.479819	1.07087	-2.90397	3.6722	1.7311	0.471408	10.3239	0.451491	0.475651	0.398148	0.099316
20439	0.0922164	0.147742	3.83754	1.80405	0.470106	1.09322	-2.91587	3.93097	1.85991	0.473143	9.36701	0.501	0.471642	0.390515	0.0995743
20440	0.0833657	0.135006	3.69531	1.86073	0.503538	1.12648	-2.83145	3.49416	1.67435	0.479185	8.0875	0.54404	0.491702	0.383718	0.0997829
20441	0.190346	0.163873	3.85883	1.89059	0.48994	1.2425	-2.75721	4.08747	1.84099	0.450397	7.7078	0.553514	0.4696	0.363845	0.0997993
20442	0.0879462	0.0893664	4.11523	1.89356	0.460135	1.31236	-2.73614	3.74196	1.79494	0.479679	5.32519	0.749595	0.469442	0.351229	0.0998956
20443	0.0955096	0.0808434	3.78679	1.69369	0.447263	1.18358	-2.73748	3.66072	1.72777	0.471976	6.70921	0.591944	0.45941	0.367356	0.100051
20444	0.025448	0.0686397	3.7086	1.70094	0.458646	1.31928	-2.7006	3.61592	1.71891	0.475373	4.58104	0.837004	0.466903	0.359337	0.100425
20445	0.00757708	0.0647037	3.48804	1.63825	0.469677	1.36744	-2.68423	4.05841	1.84577	0.454801	4.08639	0.924612	0.461677	0.351705	0.100297
20446	0.0459587	0.0403014	3.53972	1.65213	0.466741	1.36769	-2.74319	3.78	1.82524	0.482868	4.43496	0.873493	0.475069	0.357861	0.1004
20447	0.0984882	0.0535999	3.99031	1.81245	0.454213	1.37113	-2.69779	3.6818	1.82782	0.496447	4.67402	0.80981	0.474481	0.34217	0.100845
20448	-0.0639094	-0.0494415	3.76814	1.78803	0.474514	1.23929	-2.79128	3.87825	1.90757	0.491863	4.42652	0.849163	0.483313	0.337226	0.101198
20449	-0.0371486	-0.0500999	3.67928	1.77057	0.481227	1.16272	-2.75891	3.74429	1.76796	0.472175	5.09673	0.719838	0.476661	0.341529	0.101686
20450	-0.105155	-0.0702308	3.60086	1.75666	0.487846	1.10617	-2.83254	3.73638	1.83061	0.489941	5.2002	0.73366	0.488913	0.347272	0.101621
20451	-0.0812198	-0.0728136	4.1128	1.92043	0.466939	1.16469	-2.83966	3.55148	1.66606	0.469118	4.93169	0.776146	0.467949	0.348065	0.102068
20452	-0.109207	-0.130153	3.89644	1.94711	0.499715	1.22637	-2.83471	3.80926	1.85835	0.487851	4.10069	0.891881	0.49385	0.324679	0.102081
20453	-0.0470742	-0.0659787	3.83233	1.81437	0.473437	1.1814	-2.81525	3.76734	1.73946	0.46172	5.00845	0.754573	0.467629	0.34725	0.102179
20454	0.0153934	-0.0737267	3.9204	1.92156	0.490144	1.20207	-2.76916	3.66195	1.6683	0.455578	5.15933	0.704098	0.47345	0.336084	0.1024
20455	-0.0506044	-0.0314321	3.82319	1.92453	0.503382	1.20423	-2.75846	3.69179	1.63322	0.442393	4.72289	0.787302	0.473421	0.343328	0.102848
20456	-0.00248762	-0.0084628	3.86157	1.93047	0.499918	1.07741	-2.79426	3.69043	1.64169	0.444852	6.65485	0.583084	0.473009	0.352083	0.10262
20457	-0.0509818	-0.000951332	3.85371	1.94653	0.505105	1.33666	-2.70796	3.59097	1.64471	0.458014	3.80559	0.962779	0.48239	0.337913	0.102916
20458	0.103575	0.0307636	3.61623	1.82686	0.505183	1.24967	-2.70781	3.64657	1.66671	0.457063	5.70965	0.656765	0.481023	0.349362	0.102961
20459	-0.00513202	-0.00920213	3.83927	1.82536	0.475445	1.35099	-2.6632	3.33316	1.63281	0.489869	3.83003	0.919538	0.482148	0.337512	0.103151
20460	0.054808	0.0244205	4.08912	1.79685	0.439422	1.29943	-2.71092	4.05784	1.83374	0.451901	4.83004	0.774539	0.445638	0.340138	0.103539
20461	0.12621	0.167047	3.8657	1.92452	0.497845	1.38789	-2.6018	3.49413	1.78906	0.512017	4.81615	0.795917	0.504573	0.340531	0.103504
20462	0.225645	0.175591	3.67789	1.90848	0.518907	1.34746	-2.64364	4.13662	1.90335	0.460123	6.31572	0.62923	0.487789	0.34277	0.103723
20463	0.138983	0.143528	3.80509	1.92661	0.506325	1.36923	-2.6657	4.14737	1.84822	0.445637	5.21424	0.756751	0.474675	0.343366	0.104013
20464	0.0849824	0.143011	3.56633	1.90816	0.535048	1.37756	-2.69293	4.09597	1.91561	0.467683	4.81371	0.835383	0.499037	0.344731	0.103798
20465	0.140322	0.155674	3.9043	1.7553	0.449581	1.3404	-2.68499	4.07966	1.83528	0.44986	5.603	0.720093	0.449724	0.359846	0.103883
20466	-0.05127	0.0561751	3.66338	1.77304	0.483991	1.35735	-2.67227	3.71926	2.02735	0.545096	3.75184	0.9921	0.514775	0.32884	0.103951
20467	0.0653872	0.0710098	3.83667	1.87542	0.488815	1.27101	-2.71404	3.71388	1.75048	0.471333	5.33633	0.726767	0.480216	0.348563	0.10446
20468	0.021462	0.0898868	3.69636	1.81548	0.491153	1.18559	-2.74238	3.82205	1.79815	0.470467	5.9193	0.677594	0.480637	0.357014	0.104688
20469	0.187244	0.123256	3.48834	1.84922	0.530115	1.20909	-2.77279	3.73281	1.85018	0.495653	8.03229	0.522084	0.512301	0.361866	0.105353
20470	0.11753	0.141045	3.87903	1.78083	0.45909	1.23733	-2.82962	3.97491	1.90403	0.479011	7.03762	0.626977	0.469172	0.374619	0.105701
20471	0.281356	0.26875	3.70693	1.798	0.485038	1.29851	-2.78371	4.04442	1.86869	0.462041	9.00585	0.517303	0.473039	0.388603	0.105651
20472	0.241719	0.283951	3.86672	1.81475	0.469326	1.25973	-2.72504	3.59575	1.70962	0.475456	8.73656	0.518169	0.47228	0.391196	0.105855
20473	0.246162	0.229835	3.63741	1.7872	0.491338	1.23938	-2.7379	3.71257	1.78693	0.481319	8.92808	0.493245	0.486277	0.381328	0.106235
20474	0.203669	0.218459	4.02536	1.79617	0.446213	1.18171	-2.77013	3.97503	1.71942	0.432555	9.33734	0.478278	0.439427	0.388554	0.106573
20475	0.319206	0.244963	3.91467	1.76668	0.451297	1.22547	-2.70897	3.81094	1.86581	0.489594	10.6242	0.410655	0.470189	0.375326	0.106582
20476	0.192619	0.257915	3.57978	1.74734	0.488114	1.1428	-2.73344	4.08082	1.9434	0.476227	9.91104	0.451426	0.481781	0.377501	0.106646
20477	0.285847	0.250178	3.65453	1.87864	0.514059	1.33693	-2.69193	4.04058	1.98162	0.490428	7.83505	0.552389	0.501651	0.359329	0.106819
20478	0.228078	0.241248	3.84843	1.82797	0.474991	1.23402	-2.74289	3.92916	1.94323	0.494566	8.80025	0.505955	0.48488	0.371318	0.106791
20479	0.236372	0.210804	3.78147	1.82331	0.48217	1.33529	-2.67861	3.89383	1.87599	0.481786	6.91333	0.603812	0.481976	0.360814	0.106914
20480	0.278889	0.252579	3.82867	1.86887	0.488125	1.36161	-2.6442	3.83218	1.78007	0.464507	7.15813	0.586139	0.47631	0.365161	0.107386
20481	0.338913	0.291739	3.6819	1.94981	0.529566	1.30935	-2.62631	3.88876	1.77657	0.456849	9.04167	0.470876	0.492214	0.363686	0.107523
20482	0.282083	0.258946	4.0646	1.88445	0.463625	1.41736	-2.59428	3.87174	1.73029	0.446903	6.31636	0.644428	0.455467	0.360334	0.107482
20483	0.247206	0.236501	3.91308	1.86026	0.475396	1.46777	-2.56791	3.74662	1.68246	0.44906	5.27909	0.744894	0.462515	0.357025	0.107956
20484	0.263801	0.270639	3.71682	1.71735	0.462049	1.37314	-2.5799	3.45424	1.55331	0.449683	6.60283	0.615312	0.456092	0.383252	0.108315
20485	0.357595	0.284035	3.53434	1.75805	0.497419	1.43333	-2.58358	3.74154	1.71742	0.459013	7.10609	0.578601	0.477669	0.371785	0.108107
20486	0.361824	0.284001	3.72618	1.91314	0.513432	1.37708	-2.56612	3.88456	1.7034	0.438507	7.88083	0.515375	0.47519	0.359717	0.108042
20487	0.22304	0.244455	3.68632	1.93519	0.524966	1.40091	-2.57045	3.80746	1.72311	0.452563	5.71129	0.693689	0.488179	0.35139	0.108223
20488	0.343221	0.26886	4.14477	1.96359	0.47375	1.45469	-2.55818	4.28638	2.01615	0.470362	6.46945	0.617687	0.472027	0.334357	0.108628
20489	0.347182	0.33855	3.76977	1.82421	0.483905	1.40061	-2.57746	3.63931	1.79443	0.493069	7.66246	0.554857	0.488407	0.370177	0.108694
20490	0.265184	0.320106	3.77599	1.67476	0.44353	1.41286	-2.55788	3.94794	1.73744	0.440088	6.28833	0.658585	0.441771	0.377782	0.108956
20491	0.366663	0.327313	3.41159	1.72759	0.506388	1.2785	-2.6306	3.75631	1.68283	0.448001	10.5228	0.415727	0.475791	0.390868	0.109284
20492	0.347877	0.388206	3.77376	1.78022	0.471735	1.42371	-2.60743	3.94043	1.89453	0.480792	7.75331	0.578711	0.476362	0.379196	0.109533
20493	0.283154	0.336428	3.59448	1.71848	0.478089	1.34885	-2.66342	3.89499	1.84704	0.47421	7.92373	0.567858	0.476072	0.38699	0.110065
20494	0.383186	0.346391	3.49611	1.84215	0.526914	1.26744	-2.67537	3.61833	1.95319	0.539805	11.6779	0.390955	0.53347	0.375689	0.110153
20495	0.371981	0.318382	3.95031	1.92238	0.486642	1.42792	-2.59136	3.8605	1.84258	0.477292	7.59337	0.557499	0.482021	0.359991	0.110423
20496	0.202974	0.30841	3.98798	1.85993	0.466382	1.38787	-2.5936	3.74864	1.965	0.524191	5.99841	0.701993	0.494392	0.355139	0.110788
20497	0.363305	0.324953	3.50449	1.70796	0.487363	1.44237	-2.53572	3.95801	1.91598	0.484078	7.02814	0.582194	0.485621	0.360951	0.111092
20498	0.21928	0.301202	3.73724	1.88224	0.503645	1.51497	-2.47585	3.81126	1.79465	0.47088	4.59377	0.839401	0.487102	0.344099	0.11101
20499	0.262045	0.223554	3.95618	1.89453	0.478878	1.55491	-2.48596	3.38154	1.64184	0.48553	4.39219	0.835743	0.481944	0.341784	0.111266
20500	0.166272	0.125686	3.94019	1.95101	0.495156	1.48271	-2.47123	3.60521	1.74435	0.483843	3.89145	0.86651	0.489751	0.31341	0.111325
