cycle	Zbar1	Gbar1	VP1	VG1	h21	Zbar2	Gbar2	VP2	VG2	h22	h2b	h2b_denom	h2w	Qst	Fst
20000	0.0488355	0.0201511	3.62435	1.90907	0.526734	-2.06692	-0.0748551	3.79194	1.89488	0.499712	0.00201639	2.2382	0.512917	0.000593158	0.000376493
20001	0.0490644	0.0496079	3.90368	1.95734	0.501409	-1.88839	0.0475122	3.94076	1.94609	0.493836	1.17009e-06	1.87686	0.497605	2.81445e-07	0.000612752
20002	0.0708659	0.0189289	3.87969	1.94803	0.50211	-1.8604	0.0683707	3.77968	1.7707	0.46848	0.000655393	1.8649	0.485514	0.000164391	0.000845994
20003	0.0618924	0.0440767	3.8567	1.85445	0.480839	-1.84139	0.128221	3.96242	1.94557	0.491006	0.00195452	1.81125	0.485991	0.000465818	0.00110742
20004	-0.027956	0.0138523	3.92812	1.73272	0.441107	-1.79278	0.221127	3.78025	1.80971	0.478727	0.0137939	1.55731	0.459557	0.00302435	0.00136981
20005	0.0580827	0.074989	4.06124	1.81572	0.447086	-1.71199	0.32861	3.45514	1.77062	0.51246	0.0205301	1.56657	0.477137	0.00446614	0.00159736
20006	0.0524642	0.0761525	4.05245	1.90528	0.470156	-1.60377	0.421929	3.97486	1.78779	0.449774	0.0435862	1.37155	0.460064	0.00803264	0.00182051
20007	-0.00340696	0.0897026	3.79841	1.78901	0.47099	-1.49436	0.526979	3.90958	1.77374	0.45369	0.0860172	1.11147	0.462215	0.0132462	0.00216291
20008	0.0869354	0.0901892	3.67283	1.80343	0.49102	-1.49646	0.510923	4.01815	1.94103	0.483066	0.070605	1.25357	0.486865	0.0116863	0.00239337
20009	0.0604585	0.0730986	3.63442	1.88305	0.518116	-1.43461	0.606857	3.83522	1.96078	0.511258	0.127457	1.11762	0.514595	0.0182014	0.00275611
20010	0.0403259	0.129708	4.12278	1.92823	0.467702	-1.3999	0.60583	3.91895	1.85172	0.472504	0.109289	1.03712	0.470042	0.0147789	0.00297309
20011	0.0453975	0.119333	3.93789	1.85931	0.472158	-1.29816	0.663663	3.94123	1.86274	0.472628	0.164138	0.902579	0.472393	0.0195226	0.00319465
20012	0.141445	0.113702	3.50787	1.78082	0.507664	-1.314	0.76036	3.77451	1.79592	0.475802	0.197406	1.05915	0.49115	0.0284119	0.00347238
20013	0.117201	0.114488	3.92898	1.87543	0.477332	-1.18106	0.760779	3.96746	1.70351	0.429371	0.247818	0.842739	0.453235	0.0283637	0.00377487
20014	0.212814	0.150944	3.7902	1.75706	0.463581	-1.10666	0.801247	3.69725	1.75113	0.473631	0.242902	0.870503	0.468543	0.0292688	0.00402344
20015	0.11974	0.130404	3.83397	1.80111	0.469777	-1.18739	0.865213	3.97593	1.66751	0.419401	0.316017	0.854295	0.444131	0.0374767	0.00429558
20016	0.191442	0.0929024	3.62748	1.70796	0.470838	-1.15825	0.823001	3.5068	1.65168	0.470993	0.292613	0.910836	0.470914	0.0381704	0.00451001
20017	-0.0430534	0.0445241	4.07418	1.80753	0.443654	-1.16882	0.813903	3.70977	1.77457	0.47835	0.467074	0.633672	0.46019	0.0396927	0.00473393
20018	0.107449	0.0403233	3.55413	1.72656	0.485791	-1.12304	0.865401	3.78958	1.63011	0.430156	0.449605	0.757058	0.457081	0.0482779	0.00491583
20019	0.205797	0.167202	3.99074	1.84943	0.46343	-1.01588	0.929448	3.7404	1.60979	0.43038	0.389291	0.746254	0.44744	0.0403178	0.00512674
20020	0.0426609	0.0985377	3.74667	1.9282	0.514644	-0.997444	0.931454	3.53344	1.72878	0.489264	0.641282	0.540909	0.502326	0.0453006	0.00538013
20021	0.0469812	0.04627	3.72494	1.85294	0.497442	-0.995685	0.936243	3.59598	1.73365	0.482107	0.728556	0.543577	0.48991	0.0523455	0.00571273
20022	0.00330543	0.0103107	4.14503	1.98923	0.479906	-1.00653	0.993902	3.69388	1.65364	0.447671	0.948694	0.509886	0.464716	0.0622891	0.0059973
20023	-0.0649268	-0.0298099	4.11085	2.24835	0.546931	-0.884425	1.06071	3.55256	1.75946	0.495265	1.77079	0.335789	0.52298	0.0690909	0.00623428
20024	-0.0409385	-0.0393065	3.94484	2.01088	0.509749	-0.965989	1.0199	3.81815	1.87322	0.490608	1.31109	0.427859	0.500335	0.0673808	0.00666463
20025	-0.0758145	-0.0614142	4.02704	1.80386	0.447937	-0.986434	1.06241	3.72116	1.79665	0.48282	1.52307	0.414614	0.46469	0.0806608	0.00700574
20026	0.0542976	-0.0272286	3.96715	1.73775	0.438034	-0.962106	1.05933	4.10142	1.86492	0.454702	1.14282	0.516538	0.446507	0.0757579	0.00724516
20027	-0.0268516	-0.0381625	3.6351	1.70854	0.470012	-0.89303	1.1114	4.08391	1.86534	0.456754	1.76138	0.375133	0.462997	0.0846581	0.00748443
20028	-0.0109	-0.0538558	3.78478	1.76832	0.467219	-0.797139	1.1407	3.92618	1.83942	0.468501	2.30838	0.309086	0.467871	0.0900259	0.00773242
20029	-0.0769335	-0.116497	3.5409	1.74186	0.491926	-0.833688	1.21894	4.08981	1.86253	0.455408	3.11414	0.286339	0.472354	0.110129	0.00785967
20030	0.00692717	-0.0225639	3.77945	1.86049	0.492264	-0.732363	1.29479	3.62614	1.81064	0.499329	3.17521	0.273275	0.495724	0.105737	0.00813191
20031	-0.0251046	-0.0157457	4.16435	1.91958	0.460955	-0.681135	1.29274	3.78284	1.71994	0.454668	3.97821	0.215188	0.457962	0.105278	0.00840268
20032	-0.0329729	0.0398241	3.99709	1.7334	0.433665	-0.753703	1.32433	3.4608	1.58323	0.457476	3.17632	0.259726	0.444715	0.110661	0.00867344
20033	0.119714	0.115521	3.71377	1.83196	0.493288	-0.688375	1.37038	3.57747	1.7081	0.47746	2.41141	0.326504	0.485522	0.10012	0.00885415
20034	0.0992255	0.136671	3.83304	1.87036	0.487959	-0.717176	1.32985	3.87861	1.82608	0.470809	2.13603	0.333256	0.479333	0.0878705	0.00913362
20035	0.142099	0.0980303	4.0381	1.8192	0.450508	-0.67817	1.29967	3.9513	1.77524	0.44928	2.14602	0.33642	0.449901	0.0913042	0.00924862
20036	0.167497	0.19877	3.57909	1.70882	0.477444	-0.740958	1.28787	3.58001	1.7587	0.491255	1.43723	0.412646	0.484351	0.0788167	0.00941169
20037	0.168384	0.184885	3.85896	1.7843	0.462377	-0.635543	1.33539	3.60774	1.63883	0.454254	2.04805	0.323149	0.458452	0.0881888	0.0097219
20038	0.212841	0.222648	3.70866	1.84856	0.498443	-0.776916	1.25436	3.72862	1.63432	0.438318	1.08657	0.48981	0.4683	0.0710138	0.00994939
20039	0.120516	0.192743	3.76592	1.79303	0.476121	-0.713011	1.22996	3.44493	1.50922	0.4381	1.54845	0.347384	0.457957	0.0753462	0.0103267
20040	0.19794	0.205459	3.79607	1.84325	0.485566	-0.659969	1.27149	3.72573	1.71705	0.460863	1.54404	0.368004	0.47333	0.0739353	0.0105419
20041	0.230615	0.239687	3.77889	1.84621	0.488559	-0.609767	1.31069	3.8947	1.78002	0.457037	1.62415	0.353121	0.47256	0.0733181	0.0108188
20042	0.307459	0.311385	3.91827	1.86357	0.475611	-0.702223	1.25375	3.632	1.64888	0.453986	0.871103	0.509729	0.465208	0.0594778	0.0110835
20043	0.31664	0.370322	3.84022	1.86771	0.486356	-0.814931	1.21247	3.51721	1.57118	0.446712	0.553874	0.640226	0.467404	0.0490534	0.0112099
20044	0.430071	0.400119	3.88892	1.78741	0.459617	-0.787548	1.21385	3.67222	1.62623	0.442847	0.446626	0.741297	0.451472	0.0462732	0.011352
20045	0.374573	0.355628	3.91564	1.86455	0.476181	-0.799434	1.24291	3.93172	1.74631	0.44416	0.571187	0.689146	0.460137	0.0517137	0.0115814
20046	0.383039	0.342684	3.71685	1.81124	0.487305	-0.735933	1.25465	4.16664	1.73899	0.417361	0.664224	0.626049	0.450337	0.0553509	0.0118989
20047	0.379841	0.338042	3.97521	1.85245	0.466001	-0.691266	1.32776	3.91162	1.80271	0.460859	0.853798	0.573635	0.463451	0.0628196	0.0122916
20048	0.40134	0.352854	3.79642	1.96361	0.517226	-0.670956	1.33216	3.76135	1.72076	0.457483	0.834074	0.574909	0.487493	0.0611273	0.012541
20049	0.328923	0.383953	4.04501	1.89809	0.469243	-0.594707	1.39719	3.66021	1.64036	0.448161	1.20345	0.426546	0.459229	0.0676618	0.0127794
20050	0.36704	0.414432	3.89737	1.89036	0.485034	-0.530339	1.47772	3.50559	1.64298	0.468674	1.40393	0.402645	0.477287	0.0741027	0.0130439
20051	0.52482	0.449747	3.59264	1.84374	0.5132	-0.583488	1.44667	3.67017	1.8109	0.493412	0.809095	0.614173	0.5032	0.0636874	0.0132556
20052	0.387267	0.425559	4.19484	1.86226	0.443941	-0.57551	1.52789	3.86355	1.87493	0.485287	1.3109	0.463469	0.463764	0.07521	0.0136388
20053	0.456388	0.429351	3.80675	1.89436	0.497633	-0.460446	1.51829	3.76327	1.66839	0.443334	1.41067	0.420293	0.470639	0.0768511	0.0140992
20054	0.43446	0.381853	3.64392	1.79019	0.491282	-0.433877	1.52987	3.71376	1.61762	0.435574	1.74791	0.377004	0.463164	0.0882015	0.0141997
20055	0.296978	0.308674	3.86379	1.8174	0.470368	-0.476093	1.58198	3.75962	1.69646	0.451232	2.71286	0.298819	0.460931	0.103468	0.0145212
20056	0.365936	0.330856	3.8017	1.80094	0.47372	-0.535544	1.53592	3.77242	1.77739	0.471152	1.78692	0.406333	0.472441	0.0921525	0.0146799
20057	0.376447	0.376441	3.75317	1.86937	0.498079	-0.551096	1.52238	3.76581	1.81851	0.482902	1.52636	0.430167	0.490478	0.0817808	0.0149269
20058	0.432316	0.436112	3.94563	2.01764	0.511361	-0.466791	1.50952	3.65743	1.77227	0.484567	1.42531	0.404196	0.498472	0.0706693	0.0152975
20059	0.440811	0.448468	3.83346	1.95772	0.510694	-0.493767	1.55573	3.91941	1.89031	0.482293	1.40368	0.436718	0.496336	0.0738105	0.0155966
20060	0.497964	0.421524	3.78153	1.79984	0.475955	-0.437656	1.52653	4.11679	1.78452	0.433473	1.39486	0.437693	0.453813	0.0785169	0.0157951
20061	0.547281	0.463272	3.58242	1.78985	0.499621	-0.473163	1.52773	3.71805	1.69055	0.454687	1.08812	0.520653	0.476736	0.075298	0.0162576
20062	0.493105	0.461074	3.78817	1.75501	0.463288	-0.478966	1.58508	3.5611	1.79596	0.504329	1.33702	0.472461	0.483174	0.0817185	0.0165671
20063	0.457941	0.477047	3.82479	1.77593	0.464319	-0.339214	1.62628	3.96832	1.80126	0.453911	2.07841	0.317728	0.459019	0.0845418	0.0167525
20064	0.467432	0.425746	4.02413	1.88541	0.468527	-0.352241	1.66043	3.9521	1.7915	0.453302	2.26897	0.335932	0.460983	0.0939576	0.0169538
20065	0.394585	0.430517	4.06703	2.01615	0.495731	-0.327844	1.70347	3.83626	1.70614	0.444742	3.10481	0.260952	0.470981	0.0981941	0.0171141
20066	0.491321	0.493092	3.92629	1.92291	0.489753	-0.1923	1.79778	3.76345	1.72705	0.458902	3.64235	0.233669	0.474654	0.104464	0.0175018
20067	0.433736	0.483964	3.78939	1.95754	0.516586	-0.24823	1.74576	4.01412	1.78302	0.444187	3.42333	0.232539	0.479344	0.0962185	0.0177663
20068	0.464023	0.429611	3.79962	1.88385	0.495799	-0.155239	1.79908	3.74096	1.78767	0.477864	4.89053	0.191742	0.486901	0.113291	0.0182262
20069	0.445013	0.384664	4.0814	1.77164	0.434077	-0.166948	1.83318	3.86452	1.839	0.475868	5.60272	0.187248	0.454402	0.126906	0.018709
20070	0.431721	0.45997	3.79224	1.79554	0.473476	-0.213954	1.78648	3.6457	1.68026	0.460889	4.22078	0.208449	0.467307	0.112394	0.018746
20071	0.464299	0.509799	3.95506	1.83417	0.463753	-0.248165	1.7793	3.62799	1.78575	0.492213	3.17496	0.253803	0.477369	0.1002	0.0188719
20072	0.544824	0.574581	3.49834	1.7929	0.512501	-0.161596	1.83243	3.58739	1.66699	0.464681	3.17052	0.249514	0.48829	0.10264	0.0189761
20073	0.63965	0.603854	4.02898	2.02488	0.502579	-0.0845362	1.84617	3.86982	1.70284	0.44003	2.9428	0.262223	0.471935	0.0938385	0.019062
20074	0.566403	0.55871	3.88275	1.87391	0.482623	-0.263437	1.80733	3.67385	1.73737	0.472902	2.26397	0.344317	0.477897	0.097459	0.0193333
20075	0.692838	0.633357	3.93096	1.88126	0.478575	-0.121171	1.8052	3.70698	1.63061	0.439876	2.07244	0.331306	0.459793	0.0890909	0.0197815
20076	0.715205	0.681038	3.83445	1.79178	0.467285	-0.148563	1.80841	3.59743	1.57375	0.437464	1.70349	0.373048	0.45285	0.0863059	0.0200408
20077	0.554988	0.631886	3.79017	1.7694	0.466839	-0.248529	1.77755	3.47197	1.64684	0.474326	2.03294	0.32282	0.470419	0.0876745	0.0203429
20078	0.675495	0.654353	3.86213	1.8225	0.471891	-0.181673	1.8079	3.74612	1.70682	0.455622	1.81108	0.367368	0.463881	0.0861781	0.0203861
20079	0.598688	0.621165	4.09703	1.90813	0.465735	-0.161134	1.8551	4.01552	1.69752	0.422739	2.6373	0.288665	0.444453	0.0955326	0.0207093
20080	0.676497	0.589459	3.75181	1.94513	0.518451	-0.0743955	1.88812	3.71219	1.60063	0.431182	2.99114	0.28192	0.475048	0.106322	0.0209097
20081	0.584632	0.546342	3.8417	1.78588	0.464867	-0.0163569	1.9371	3.5378	1.59878	0.451912	5.35513	0.180594	0.458656	0.125061	0.0210362
20082	0.593097	0.550012	3.87026	1.77256	0.457995	-0.0330377	1.99247	3.56792	1.78655	0.500726	5.30726	0.196022	0.478492	0.127571	0.0214558
20083	0.588993	0.58134	3.93097	1.73519	0.441416	-0.225597	1.84547	3.81074	1.7465	0.45831	2.40827	0.331779	0.449732	0.10298	0.0220319
20084	0.603381	0.621324	3.66093	1.86396	0.509151	-0.0616324	1.9003	3.84209	1.86245	0.48475	3.69884	0.221121	0.496656	0.0989346	0.0222941
20085	0.541291	0.579864	3.85708	1.87262	0.485502	-0.055988	1.91579	3.92497	1.9387	0.493939	5.00275	0.178371	0.489758	0.104844	0.0225108
20086	0.563725	0.524306	4.04973	1.93007	0.476593	-0.0660475	1.95051	3.85185	1.84751	0.479643	5.12858	0.198306	0.47808	0.118695	0.0227336
20087	0.481212	0.48588	3.64941	1.78078	0.487964	0.00798379	2.02547	3.7787	1.80377	0.477352	10.5844	0.111972	0.482566	0.141924	0.0230498
20088	0.482093	0.471499	3.87125	1.74663	0.45118	0.0386502	2.039	4.11744	2.00122	0.486035	12.4951	0.0983207	0.469145	0.140878	0.0233236
20089	0.430132	0.482473	4.31054	1.83547	0.42581	-0.00919865	2.07273	4.10031	2.03648	0.496663	13.1024	0.0965059	0.460351	0.140426	0.0234844
20090	0.525818	0.462913	3.85474	1.86627	0.484149	0.171867	2.11933	4.01672	1.85841	0.462669	21.9004	0.0626406	0.473188	0.155583	0.0236216
20091	0.49895	0.492264	4.0726	1.89361	0.464963	0.0878091	2.09818	3.91003	1.67449	0.428254	15.2569	0.0845183	0.446982	0.153107	0.0240237
20092	0.442703	0.48046	3.88551	1.92804	0.496214	0.0741773	2.07733	3.86142	1.7617	0.456231	18.776	0.0679055	0.476285	0.147385	0.0243282
20093	0.462268	0.452846	3.84963	1.79371	0.465944	0.00658637	2.03852	3.72487	1.73115	0.464755	12.1089	0.103823	0.46536	0.151406	0.0246657
20094	0.472496	0.48318	3.65728	1.69338	0.463017	0.0737072	2.02285	3.96427	1.80265	0.454723	14.9063	0.0795163	0.458703	0.14501	0.0247181
20095	0.575807	0.492117	3.6733	1.75643	0.478163	-0.00296429	2.03499	3.87567	1.80834	0.466587	7.10638	0.167488	0.47222	0.143122	0.0251741
20096	0.460383	0.465264	3.70903	1.74949	0.471684	0.123637	2.0747	4.29492	1.81219	0.421938	22.8424	0.0566988	0.44499	0.153909	0.0254542
20097	0.405435	0.410289	3.73444	1.62709	0.435699	0.0174729	2.07401	3.79292	1.80309	0.475383	18.39	0.0752573	0.455695	0.167941	0.0257645
20098	0.409434	0.373909	3.61111	1.72923	0.478864	0.0525715	2.06212	3.96127	1.94895	0.492001	22.3795	0.0636755	0.485736	0.162346	0.0262046
20099	0.280362	0.346374	3.65167	1.68445	0.461281	0.0486396	2.07085	4.07971	2.00432	0.491289	55.383	0.0268477	0.477116	0.167808	0.0264045
20100	0.361027	0.377431	3.91892	1.89228	0.482857	0.0924789	2.07115	3.76733	1.77806	0.471969	39.7774	0.036059	0.47752	0.163525	0.0266625
20101	0.318041	0.356926	3.99184	1.7793	0.445735	0.161217	2.1294	3.8639	1.74541	0.451723	127.742	0.0122969	0.44868	0.1823	0.0268167
20102	0.413637	0.430354	4.08876	1.81794	0.444618	0.0291667	2.09518	3.52791	1.75115	0.49637	18.7505	0.0739086	0.468588	0.162647	0.027213
20103	0.450755	0.46802	4.11943	1.80083	0.437155	0.181218	2.17474	3.82623	1.78305	0.466006	40.0948	0.0363249	0.451048	0.168949	0.0275809
20104	0.548258	0.511683	3.60963	1.81525	0.502892	0.224325	2.21736	3.7431	1.62466	0.434042	27.7257	0.0524663	0.467842	0.174607	0.0279703
20105	0.522536	0.498249	3.89079	1.82029	0.467846	0.176791	2.19544	3.55194	1.6069	0.4524	24.0963	0.0597699	0.460474	0.173707	0.0280132
20106	0.457283	0.441488	3.66583	1.89611	0.517239	0.135642	2.16675	3.37046	1.59453	0.473089	28.7716	0.0517266	0.49609	0.175792	0.0282784
20107	0.435123	0.43582	3.77943	1.72265	0.455797	0.153555	2.19625	3.5817	1.68236	0.46971	39.0905	0.0396404	0.462567	0.185439	0.028711
20108	0.519731	0.455719	4.18855	1.86496	0.445253	0.182534	2.21848	3.28953	1.69101	0.514059	27.3287	0.056851	0.47552	0.179364	0.0289247
20109	0.566965	0.517625	3.8571	1.89575	0.491496	0.225278	2.23143	3.92494	1.64467	0.419031	25.1572	0.0583752	0.454947	0.171844	0.0294144
20110	0.565657	0.510703	4.01538	1.86108	0.463488	0.230792	2.22261	3.73057	1.65318	0.443144	26.1348	0.0560673	0.45369	0.172586	0.0298069
20111	0.575511	0.567722	3.56503	1.82024	0.510583	0.135893	2.18484	3.65222	1.74083	0.476651	13.5311	0.0966319	0.493412	0.155177	0.0302655
20112	0.603874	0.62267	3.99058	1.95944	0.491016	0.249712	2.21216	3.50402	1.71217	0.48863	20.1424	0.0627154	0.489901	0.146841	0.0304492
20113	0.543125	0.544565	3.89565	1.91819	0.492392	0.18325	2.21875	3.66802	1.64296	0.447914	21.6422	0.0647549	0.470822	0.164485	0.0307256
20114	0.515307	0.520904	3.59668	1.86343	0.518098	0.192108	2.21918	3.62971	1.53315	0.422389	27.6107	0.0522287	0.470025	0.175182	0.0311809
20115	0.584777	0.527721	3.69766	1.88567	0.509963	0.157549	2.16724	3.63284	1.59487	0.439015	14.7271	0.0912617	0.474803	0.161898	0.031323
20116	0.58092	0.545079	4.11026	2.01782	0.490924	0.291658	2.21419	3.57446	1.58239	0.442693	33.2956	0.0418363	0.46849	0.162165	0.0315697
20117	0.554334	0.52184	3.64875	1.85494	0.508378	0.323492	2.28493	3.63335	1.53397	0.422193	58.3341	0.026644	0.465377	0.186614	0.0319258
20118	0.542049	0.49273	4.04902	1.94254	0.479756	0.352505	2.33937	3.50349	1.53861	0.439165	94.9162	0.0179635	0.460926	0.196798	0.0321872
20119	0.379148	0.496615	3.90296	1.90466	0.488004	0.346517	2.3282	3.90046	1.67005	0.428168	3150.51	0.000532405	0.458096	0.190107	0.0323752
20120	0.533035	0.539372	3.90864	1.77715	0.454672	0.366342	2.33569	3.77227	1.71612	0.454931	116.127	0.0138933	0.454799	0.187681	0.0326741
20121	0.538542	0.514685	3.93395	1.88141	0.47825	0.402155	2.36135	3.85958	1.71932	0.445467	183.328	0.00930077	0.462015	0.19152	0.0326992
20122	0.463223	0.507537	4.12897	1.96615	0.476185	0.410384	2.42777	3.69331	1.71378	0.464022	1320.64	0.00139602	0.470442	0.2004	0.0328269
20123	0.304612	0.386283	4.16157	2.02867	0.487477	0.294441	2.30033	3.43632	1.67664	0.487917	35410.4	5.17302e-05	0.487676	0.198273	0.033183
20124	0.509825	0.41743	4.21901	2.02976	0.481099	0.276377	2.30001	3.72157	1.75015	0.470272	65.0324	0.0272489	0.476025	0.18997	0.0332982
20125	0.420233	0.444804	3.86175	1.92126	0.49751	0.378845	2.34315	3.92064	1.79119	0.456861	2103.77	0.000856487	0.477032	0.195365	0.0333184
20126	0.586331	0.483979	4.13873	2.016	0.487106	0.288846	2.33408	3.88883	1.79268	0.460981	38.6776	0.0442486	0.47445	0.183532	0.0333733
20127	0.509662	0.473379	3.70084	1.89253	0.511379	0.310929	2.28997	3.7927	1.71209	0.451416	83.5554	0.0197473	0.48103	0.186321	0.0333261
20128	0.431898	0.442066	3.80638	1.85669	0.487783	0.215936	2.26032	3.70061	1.75745	0.474909	70.8847	0.0233198	0.481437	0.186199	0.0334068
20129	0.437562	0.42001	3.8907	1.80691	0.464416	0.222346	2.22397	3.43832	1.63043	0.474192	70.2591	0.0231591	0.469002	0.191465	0.0337717
20130	0.402768	0.382009	3.75045	1.73268	0.461994	0.284302	2.23597	3.50534	1.66383	0.474655	244.913	0.00701714	0.46811	0.201992	0.0338779
20131	0.430749	0.405021	3.86918	1.97634	0.51079	0.222138	2.21441	3.47783	1.6963	0.487745	75.2295	0.0217593	0.499882	0.182317	0.0341292
20132	0.370385	0.314475	3.89721	1.83045	0.469682	0.233232	2.2135	3.49215	1.6493	0.472288	191.715	0.0094054	0.470914	0.205859	0.0341257
20133	0.248359	0.351242	3.95808	1.79276	0.452937	0.250776	2.20618	3.59449	1.67085	0.464836	589033.0	2.92072e-06	0.4586	0.199025	0.0344668
20134	0.305178	0.375069	4.07826	1.87133	0.458856	0.15266	2.1869	3.65098	1.64507	0.450584	141.122	0.0116308	0.454949	0.189301	0.034495
20135	0.346102	0.37604	3.75835	1.81287	0.48236	0.154578	2.20074	3.55934	1.68945	0.474651	90.7693	0.0183407	0.47861	0.192106	0.0347382
20136	0.409866	0.394388	3.95271	1.88723	0.477452	0.181193	2.2322	3.67952	1.70888	0.46443	64.5905	0.0261458	0.471174	0.190233	0.0349826
20137	0.470547	0.476439	3.89491	1.80935	0.464541	0.237274	2.2883	3.67045	1.67044	0.455105	60.3288	0.027208	0.459963	0.190919	0.035381
20138	0.445964	0.465573	3.82578	1.91554	0.500692	0.289955	2.25072	4.20448	1.75415	0.41721	130.934	0.0121693	0.456982	0.178448	0.035497
20139	0.433562	0.403175	4.07618	1.96416	0.481863	0.310744	2.27089	3.7424	1.72078	0.459808	231.26	0.00754211	0.471306	0.19145	0.0357352
20140	0.356435	0.376608	4.13721	2.09075	0.505352	0.310058	2.3027	3.67369	1.57526	0.428795	1724.84	0.00107541	0.469345	0.201988	0.0360685
20141	0.451971	0.366061	3.91197	1.90277	0.486396	0.405146	2.3952	3.73877	1.61467	0.431871	1877.9	0.00109628	0.45975	0.226479	0.0361782
20142	0.330599	0.313829	3.80752	1.79961	0.472646	0.412992	2.42069	3.66595	1.70295	0.464531	653.862	0.00339433	0.468666	0.240691	0.0364591
20143	0.322087	0.33343	3.89885	1.87646	0.481285	0.468264	2.41517	3.37703	1.57137	0.465312	202.811	0.0106839	0.473871	0.239189	0.0365217
20144	0.303852	0.333112	3.97776	1.9514	0.490577	0.346111	2.37529	3.61986	1.66832	0.460881	2335.26	0.000892941	0.476428	0.223714	0.0367172
20145	0.360896	0.339293	3.9538	1.89954	0.480434	0.334882	2.38284	3.68253	1.75884	0.477616	6171.01	0.000338363	0.479075	0.222105	0.0369685
20146	0.501975	0.445356	3.97154	1.91617	0.482477	0.39713	2.40654	3.84763	1.76769	0.459423	349.9	0.00549623	0.471132	0.207074	0.0371337
20147	0.478603	0.455612	3.72971	1.83887	0.493032	0.393763	2.40888	3.67129	1.77271	0.482858	530.057	0.00359891	0.487985	0.209005	0.0375626
20148	0.429665	0.479241	3.87065	1.96526	0.507734	0.345758	2.399	3.70706	1.75009	0.472097	523.478	0.00352018	0.4903	0.198791	0.0378264
20149	0.541982	0.474843	3.63746	1.76138	0.484234	0.449091	2.41191	3.8742	1.75506	0.453013	434.851	0.00431441	0.468131	0.21067	0.038026
20150	0.480533	0.489686	4.01264	1.92471	0.479662	0.483187	2.44494	3.88451	1.79994	0.463364	542524.0	3.52336e-06	0.471646	0.204284	0.038107
20151	0.544891	0.536163	3.92631	1.84163	0.469048	0.443563	2.43789	3.89403	1.7011	0.436848	352.242	0.00513365	0.453014	0.203402	0.0383578
20152	0.50955	0.543576	3.9014	1.90087	0.487227	0.406529	2.45164	3.62061	1.6685	0.460834	343.036	0.00530661	0.474523	0.203266	0.0386646
20153	0.507311	0.513604	3.84693	1.85727	0.482794	0.494444	2.52597	3.49926	1.67968	0.48001	24458.9	8.27845e-05	0.481468	0.222625	0.0387402
20154	0.401782	0.497409	4.0337	1.98301	0.491611	0.536027	2.53285	3.74697	1.73227	0.462311	229.889	0.00901087	0.477501	0.218091	0.0389746
20155	0.518898	0.576395	4.03164	1.82662	0.45307	0.507525	2.53008	3.80779	1.82561	0.479441	29511.3	6.46682e-05	0.465879	0.207231	0.039182
20156	0.458727	0.526068	3.85543	1.92472	0.499223	0.488914	2.53942	3.80965	1.85206	0.486151	4448.44	0.000455619	0.492726	0.211641	0.039594
20157	0.515479	0.514298	4.18425	2.03746	0.486936	0.659406	2.54085	3.73794	1.95562	0.523182	198.257	0.0103576	0.504038	0.204617	0.0395852
20158	0.467848	0.442897	4.04564	2.00921	0.496637	0.604217	2.54673	3.82426	1.88342	0.492494	238.01	0.00929813	0.494623	0.221429	0.0398744
20159	0.483925	0.436562	3.75781	1.90398	0.506674	0.545961	2.57681	3.9089	1.82912	0.467936	1190.24	0.00192427	0.486923	0.234839	0.0402036
20160	0.46653	0.469361	3.98884	1.93718	0.48565	0.557233	2.54046	3.68692	1.8392	0.498844	521.38	0.00411356	0.491987	0.22125	0.0405848
20161	0.312497	0.294171	3.68846	1.83327	0.49703	0.45154	2.48874	3.84295	1.79618	0.467395	249.118	0.00966637	0.481909	0.249197	0.0407875
20162	0.198347	0.278641	4.00774	1.85642	0.463208	0.410471	2.53338	3.66207	1.7505	0.478008	112.983	0.0224982	0.470274	0.260652	0.0410595
20163	0.309367	0.26221	3.77662	1.99647	0.528639	0.598229	2.58314	3.79611	1.80123	0.474493	64.5565	0.0417208	0.501496	0.261873	0.0414832
20164	0.143232	0.224145	3.58669	1.85452	0.517055	0.622316	2.60318	3.75895	1.72617	0.459217	24.6592	0.114761	0.487458	0.283339	0.0416545
20165	0.156735	0.188034	3.86012	1.89818	0.491741	0.707342	2.63116	3.94655	1.7958	0.45503	19.6883	0.151584	0.473182	0.287831	0.0420043
20166	0.253075	0.190585	3.91258	1.9957	0.510072	0.648271	2.66152	3.93449	1.83545	0.466504	39.0931	0.0780897	0.488227	0.285006	0.0421384
20167	0.24791	0.216821	3.9996	2.00295	0.500788	0.771304	2.71764	3.9388	1.85725	0.471528	22.83	0.136971	0.48627	0.288377	0.0423722
20168	0.25187	0.257402	4.289	2.02843	0.472938	0.79564	2.74488	3.47548	1.84507	0.530882	20.9261	0.147843	0.498874	0.285486	0.0424863
20169	0.271283	0.25582	3.98036	1.85029	0.464855	0.717735	2.78426	3.85805	1.82288	0.472487	32.0742	0.0996597	0.468612	0.303298	0.0427129
20170	0.224768	0.310175	3.98641	1.91662	0.480788	0.76599	2.73791	3.66406	1.71131	0.467053	20.1211	0.146461	0.47421	0.28894	0.0428777
20171	0.224587	0.270918	3.96443	2.04751	0.516471	0.675125	2.76019	3.73257	1.68779	0.45218	30.5269	0.101492	0.485294	0.293252	0.043112
20172	0.327922	0.229426	3.80985	1.91622	0.502965	0.768927	2.79872	3.69904	1.7259	0.466581	33.9421	0.0972427	0.485041	0.311932	0.0432125
20173	0.220926	0.235688	3.68811	1.85798	0.503777	0.772907	2.83197	4.02695	1.85713	0.461175	22.1236	0.152342	0.481541	0.31216	0.0435553
20174	0.0811607	0.174423	3.63891	1.84508	0.507043	0.7619	2.85171	3.77183	1.85469	0.49172	15.4678	0.231703	0.499244	0.326413	0.0437278
20175	0.252022	0.203948	3.83679	1.8741	0.488454	0.862781	2.90933	4.28239	1.99301	0.465397	19.6207	0.186514	0.476293	0.321297	0.0438989
20176	0.246214	0.230787	4.07653	2.08408	0.511238	0.988497	2.98314	3.78631	1.83647	0.485029	13.7489	0.275493	0.498617	0.325829	0.0442859
20177	0.26319	0.234614	3.96216	1.90629	0.481123	0.970026	2.97778	3.9977	1.86417	0.46631	15.0614	0.249808	0.473683	0.332974	0.0443345
20178	0.232098	0.23154	3.67208	1.86487	0.50785	0.951742	2.96464	3.86939	1.81812	0.469874	14.4237	0.258944	0.488365	0.336564	0.0446715
20179	0.213462	0.233903	3.66134	1.87399	0.51183	1.02721	3.00355	3.75427	1.68961	0.450049	11.5841	0.331096	0.480553	0.349981	0.0447634
20180	0.168996	0.228519	3.79926	1.82216	0.479609	0.979725	2.98499	3.78881	1.68513	0.444765	11.5599	0.32864	0.462211	0.351435	0.0451154
20181	0.299933	0.276824	4.17867	1.85025	0.442785	1.13258	3.02515	3.98166	1.80491	0.453305	10.8948	0.346649	0.447918	0.340752	0.04542
20182	0.322938	0.30326	3.7226	1.88621	0.50669	0.97227	3.01465	3.77409	1.73651	0.460113	17.4362	0.210815	0.483241	0.336687	0.0458557
20183	0.382786	0.32012	3.75246	1.77681	0.473506	1.08118	3.01842	3.60908	1.71532	0.475278	14.9273	0.243877	0.474375	0.342751	0.0460767
20184	0.258956	0.323734	3.99969	1.91807	0.479555	1.02379	2.97414	3.95609	1.77664	0.449091	12.0085	0.292487	0.464407	0.322289	0.0463602
20185	0.304962	0.24526	3.837	1.95374	0.509184	0.878142	2.90721	3.54983	1.77414	0.499781	21.5685	0.164267	0.504666	0.322236	0.0463835
20186	0.21557	0.280168	4.17244	1.91533	0.459043	0.824332	2.78541	3.74844	1.75186	0.467358	16.9357	0.185296	0.462978	0.299758	0.0466606
20187	0.172858	0.223721	3.86512	1.87354	0.484731	0.849659	2.82609	3.90532	1.72815	0.442511	14.7849	0.22903	0.463512	0.319874	0.0467751
20188	0.165106	0.198775	3.86832	1.85368	0.479196	0.845682	2.84514	3.9113	1.84788	0.472446	15.1198	0.231592	0.475802	0.321219	0.0472731
20189	0.237999	0.164	4.07872	2.02925	0.497521	0.812536	2.88854	3.73886	1.78145	0.476469	22.488	0.165046	0.487452	0.327611	0.0476327
20190	0.240688	0.176889	4.1783	2.04394	0.489181	0.955027	2.95699	3.72226	1.82072	0.489143	15.1465	0.25514	0.489163	0.333434	0.0482688
20191	0.103286	0.142889	3.97055	1.91924	0.483368	1.0697	3.01742	3.76461	1.77453	0.471372	8.84733	0.466974	0.477529	0.358781	0.0483177
20192	0.180937	0.142918	3.8285	1.96993	0.514544	1.09733	3.07364	3.87039	1.78909	0.46225	10.2278	0.419889	0.488255	0.363673	0.0483306
20193	0.0100427	0.0810169	4.07525	2.03007	0.498146	1.09684	3.11288	3.78667	1.6334	0.431355	7.7826	0.590561	0.465976	0.385599	0.0483008
20194	0.0805033	0.0836027	3.97592	1.93625	0.486994	0.963186	3.06837	3.61898	1.87607	0.518396	11.4344	0.389564	0.501957	0.368889	0.048561
20195	0.149229	0.149545	3.98686	2.02445	0.507781	1.15521	3.09784	3.73454	1.78325	0.477501	8.58931	0.506003	0.493136	0.363463	0.0489956
20196	0.177329	0.173321	3.73724	2.04193	0.546374	1.06346	3.09803	3.37436	1.61923	0.479861	10.8934	0.392618	0.514815	0.368843	0.049117
20197	0.157422	0.16135	3.83519	2.05958	0.537023	1.01792	3.06069	3.99658	1.64222	0.410908	11.3528	0.370226	0.472666	0.362242	0.0493045
20198	0.0757895	0.126616	3.94184	2.02936	0.514826	0.985221	3.0254	3.87898	1.7597	0.45365	10.16	0.413533	0.484484	0.356789	0.0494642
20199	-0.00131995	0.0886672	3.94847	2.07094	0.524492	0.976015	2.99717	3.48505	1.72862	0.496009	8.85629	0.477592	0.511138	0.357691	0.0498111
20200	0.0376688	0.0600059	3.53492	1.82802	0.51713	1.06885	2.96715	3.8027	1.73915	0.457347	7.94814	0.531663	0.486148	0.372098	0.0499151
20201	-0.0495713	-0.0122627	3.67051	1.73717	0.473277	1.03387	2.95952	3.86228	1.81061	0.468792	7.52353	0.586925	0.470977	0.38372	0.0501415
20202	-0.029065	-0.00115626	3.80485	1.65253	0.434322	0.885626	2.96049	3.52638	1.85372	0.525672	10.4838	0.41833	0.478262	0.384889	0.0502096
20203	-0.0412449	-0.0284424	3.67145	1.6024	0.436449	0.894172	2.9184	3.70766	1.81612	0.48983	9.92436	0.437502	0.46327	0.38852	0.0506084
20204	-0.0619682	-0.0659475	3.6896	1.68007	0.455354	0.823763	2.8777	3.79487	1.78415	0.470147	11.045	0.392259	0.462855	0.384856	0.0507762
20205	-0.140464	-0.13342	3.87892	1.88222	0.485242	0.900348	2.9263	3.75955	1.63499	0.434891	8.64209	0.541645	0.46046	0.399676	0.0508008
20206	-0.205605	-0.247079	4.31459	1.84236	0.427007	0.869058	2.86804	3.63851	1.64126	0.451082	8.40243	0.577451	0.438021	0.410637	0.051037
20207	-0.323096	-0.235525	3.96878	1.86889	0.470898	0.852458	2.84779	3.65721	1.71423	0.468727	6.87939	0.690964	0.469857	0.398908	0.0514301
20208	-0.172906	-0.1685	3.82632	1.80937	0.472876	1.02658	2.97057	3.88975	1.82491	0.469158	6.84875	0.719385	0.471002	0.404114	0.0518738
20209	-0.126467	-0.138068	3.70714	1.85387	0.500081	0.826206	2.89266	3.93378	1.82905	0.464958	10.1206	0.453793	0.481999	0.384168	0.0518938
20210	-0.115258	-0.149044	3.6837	1.75771	0.477158	0.800888	2.83102	4.19013	1.8424	0.439701	10.5809	0.419661	0.457225	0.381574	0.0521104
20211	-0.178789	-0.141564	3.81212	1.89612	0.497392	0.975024	2.88348	3.61181	1.80812	0.500613	6.87371	0.665643	0.498959	0.381916	0.0523202
20212	-0.0901649	-0.127091	3.95571	1.83159	0.463023	0.807445	2.89843	3.60025	1.81491	0.504106	11.3612	0.402852	0.482598	0.385707	0.0527101
20213	-0.0142681	-0.18149	3.51073	1.86584	0.531467	0.809093	2.79746	3.80136	1.77439	0.466777	13.0902	0.338961	0.497836	0.378788	0.0529832
20214	-0.0845064	-0.0963769	3.46596	1.90187	0.548726	0.765295	2.79483	3.86737	1.72732	0.446638	11.575	0.361082	0.494888	0.365527	0.0531392
20215	-0.0399726	-0.0658153	3.86444	1.7805	0.460739	0.705453	2.70481	3.94903	1.74486	0.441846	13.8149	0.277829	0.45119	0.352599	0.0532719
20216	-0.163403	-0.160043	3.72303	1.82359	0.489812	0.718172	2.7509	3.53993	1.6917	0.477892	10.9031	0.388587	0.484003	0.376141	0.0532847
20217	-0.146808	-0.188432	3.71244	1.90029	0.51187	0.781715	2.80854	3.95339	1.72944	0.437458	10.4179	0.431077	0.473494	0.382312	0.0534987
20218	-0.117857	-0.189183	3.50082	1.82815	0.522206	0.766246	2.76517	3.76788	1.66803	0.442697	11.1666	0.390819	0.480991	0.384403	0.0535596
20219	-0.174292	-0.151563	3.78261	1.84631	0.488104	0.762778	2.74824	3.74719	1.8449	0.492341	9.5762	0.439049	0.490212	0.362978	0.0538609
20220	-0.113233	-0.13155	4.05285	1.85326	0.457273	0.804928	2.73743	3.46244	1.7719	0.511747	9.76377	0.42151	0.482371	0.362212	0.054113
20221	-0.102979	-0.117339	3.65199	1.88111	0.515091	0.687765	2.72283	3.82295	1.77349	0.463906	12.9008	0.312639	0.488913	0.355706	0.0543554
20222	-0.136122	-0.103176	4.16024	1.75963	0.422964	0.693202	2.7243	3.91405	1.70063	0.434495	11.6239	0.343889	0.428553	0.366243	0.0545746
20223	-0.00334558	-0.0170327	3.81163	1.83013	0.480144	0.676037	2.71863	3.764	1.71291	0.455076	16.2143	0.23078	0.467689	0.345692	0.0548837
20224	0.0915909	0.0682081	3.75013	1.82863	0.487617	0.729047	2.7758	3.54389	1.72672	0.487239	18.0412	0.203175	0.487434	0.340261	0.054719
20225	0.0192135	-0.00877847	4.11931	1.98648	0.482235	0.787585	2.86086	3.69995	1.80035	0.486588	13.9479	0.295197	0.484295	0.352298	0.0548383
20226	-0.0170173	-0.0507624	3.8936	2.00636	0.515297	0.845883	2.85757	3.57956	1.88223	0.525826	11.3597	0.372299	0.52034	0.35236	0.0550265
20227	-0.0680625	-0.122621	3.79819	1.93557	0.509603	0.859881	2.8759	3.858	1.73469	0.449635	10.4417	0.43054	0.479385	0.379937	0.0550038
20228	-0.181741	-0.128283	3.6032	1.7213	0.477714	0.836809	2.86214	3.73929	1.72116	0.46029	8.61985	0.518722	0.46884	0.393852	0.055109
20229	-0.152957	-0.118903	3.58107	1.67177	0.466836	0.867666	2.85041	3.68237	1.65907	0.450544	8.4641	0.520836	0.458577	0.398347	0.0555259
20230	-0.0693277	-0.057924	3.52508	1.83786	0.521367	0.916728	2.87236	3.93086	1.75319	0.446007	8.83114	0.486153	0.481636	0.374247	0.0557288
20231	-0.123911	-0.134929	4.01606	1.87666	0.46729	0.791694	2.80917	3.6505	1.71373	0.46945	10.3392	0.419167	0.468318	0.376495	0.0557881
20232	-0.229137	-0.107979	3.76413	1.86868	0.496443	0.893927	2.83039	3.53329	1.76427	0.499326	6.84549	0.630636	0.497839	0.372823	0.0558819
20233	-0.148488	-0.0972829	4.02751	1.88685	0.468491	0.819623	2.80265	3.75451	1.77878	0.47377	8.97273	0.468619	0.471038	0.364608	0.0561932
20234	-0.0115426	-0.0652018	3.67648	1.73676	0.472398	0.820289	2.78372	3.74104	1.80678	0.482963	11.7298	0.345972	0.477727	0.364232	0.0565
20235	-0.0251796	-0.0406548	3.81902	1.66626	0.436306	0.763216	2.74496	3.69688	1.81893	0.492018	12.484	0.310784	0.463709	0.357696	0.0565513
20236	-0.0689194	-0.0908752	3.77282	1.85075	0.490547	0.813017	2.74351	3.75328	1.80391	0.480621	10.3286	0.388906	0.485597	0.354768	0.0564879
20237	-0.0560262	-0.120284	3.86758	1.76898	0.457387	0.762183	2.76384	3.59946	1.76071	0.489159	12.4251	0.334733	0.472702	0.370852	0.0566844
20238	-0.128287	-0.164021	3.88488	1.85992	0.478759	0.827251	2.80611	3.70869	1.77341	0.478176	9.66175	0.456526	0.478474	0.377839	0.0569977
20239	-0.232655	-0.153851	3.64631	1.89047	0.518463	0.825406	2.82028	3.83674	1.785	0.465239	7.90129	0.559747	0.491174	0.375763	0.057251
20240	-0.275265	-0.266439	3.63257	1.72407	0.474615	0.792313	2.75152	3.58664	1.65302	0.460884	7.99151	0.569861	0.467793	0.40284	0.0573855
20241	-0.258293	-0.283116	3.56206	1.70843	0.47962	0.778705	2.71766	3.86608	1.708	0.441791	8.3736	0.537682	0.459931	0.397319	0.0576637
20242	-0.274627	-0.263432	3.8817	1.89824	0.489024	0.60355	2.67875	3.66812	1.60549	0.437688	11.2247	0.385597	0.464082	0.381941	0.0582801
20243	-0.307483	-0.243542	3.83021	1.89385	0.49445	0.614977	2.60008	3.85429	1.65056	0.428238	9.50278	0.425466	0.46124	0.363315	0.058532
20244	-0.13325	-0.178617	4.15548	2.00947	0.483572	0.568438	2.62633	3.6522	1.705	0.466842	15.9794	0.246184	0.475746	0.346319	0.0589213
20245	-0.222808	-0.235705	4.10221	2.02803	0.494374	0.680743	2.70937	3.8156	1.76478	0.462516	10.624	0.408203	0.479022	0.363865	0.0590563
20246	-0.259496	-0.235938	3.97451	1.95632	0.492218	0.686919	2.68685	3.98027	1.63892	0.411761	9.53743	0.447851	0.45196	0.372775	0.0593365
20247	-0.147001	-0.178118	3.77375	1.88417	0.499283	0.857829	2.74871	3.63035	1.83603	0.505744	8.48417	0.504842	0.502451	0.365463	0.059724
20248	-0.170772	-0.149632	4.09263	1.91237	0.467272	0.726541	2.78992	3.94346	1.84908	0.468898	10.7318	0.402585	0.46807	0.364917	0.0597946
20249	-0.11129	-0.117146	3.90552	1.95075	0.499487	0.820623	2.82874	3.94547	1.78236	0.451749	9.9927	0.43423	0.475497	0.367673	0.0601585
20250	-0.0506845	-0.103698	4.11039	2.01295	0.489721	0.817169	2.85288	3.83643	1.94216	0.506242	11.6061	0.376585	0.497697	0.356008	0.0603685
20251	-0.194543	-0.193824	4.05252	1.98902	0.490812	0.79678	2.80589	3.65589	1.80283	0.49313	9.15647	0.49136	0.491911	0.372474	0.0606727
20252	-0.296472	-0.205383	4.02269	1.96132	0.487563	0.728459	2.74405	3.87899	1.83992	0.474331	8.28108	0.525242	0.481067	0.364034	0.0609769
20253	-0.161616	-0.123049	3.76553	1.85814	0.49346	0.855271	2.80373	3.78741	1.83937	0.485654	8.2839	0.51703	0.489546	0.366875	0.0610913
20254	-0.0991342	-0.169097	3.53849	1.62031	0.457911	0.673913	2.74989	3.86159	1.87642	0.485917	14.2578	0.298801	0.472526	0.378682	0.061412
20255	-0.294154	-0.266968	3.72202	1.72118	0.462432	0.876266	2.81239	3.82898	1.79901	0.469841	6.9221	0.684941	0.466189	0.402547	0.0614967
20256	-0.238842	-0.243847	3.79592	1.88261	0.495957	0.882782	2.86763	3.71457	1.75505	0.472479	7.69554	0.629021	0.484345	0.399647	0.0616697
20257	-0.219995	-0.204619	3.83412	1.83861	0.479538	0.891525	2.8961	3.59452	1.83831	0.51142	7.78198	0.617739	0.494965	0.395417	0.0616741
20258	-0.0442633	-0.144988	3.60422	1.82231	0.505604	0.842156	2.88135	3.97158	1.86345	0.469196	11.6562	0.392869	0.486517	0.3833	0.0619881
20259	-0.0356152	-0.0737532	4.28345	1.82379	0.425776	0.769047	2.86323	3.92614	1.93846	0.493732	13.3222	0.32374	0.458275	0.364463	0.0624867
20260	-0.00306986	-0.0870381	3.88817	1.74569	0.448976	0.869475	2.92008	3.92724	1.93463	0.492619	11.8775	0.380667	0.470907	0.38064	0.0629027
20261	-0.0206636	-0.0587104	3.46472	1.74007	0.502224	0.874902	2.91177	3.75843	1.79252	0.476934	11.0017	0.401018	0.489065	0.384526	0.0631347
20262	-0.0059194	-0.0250098	3.91843	1.86952	0.477111	0.979876	2.99715	3.55599	1.80293	0.507013	9.39854	0.485897	0.491337	0.383501	0.0629218
20263	0.0316036	0.0241146	4.04799	1.85788	0.458965	1.03471	3.01334	3.53297	1.77207	0.50158	8.88019	0.503113	0.478825	0.381076	0.0631583
20264	-0.00143247	0.0419941	3.76753	1.80042	0.477879	0.91451	2.95915	3.99996	1.76215	0.440542	10.1434	0.419476	0.458652	0.374008	0.0635533
20265	-0.00152709	-0.0272482	3.93512	1.89551	0.481691	0.955782	2.97996	3.64293	1.73511	0.476294	9.86788	0.45822	0.479096	0.383866	0.0636945
20266	-0.0789027	-0.0502376	3.99434	1.90366	0.47659	0.951351	2.9941	3.69797	1.76946	0.478494	8.73168	0.530712	0.477505	0.386923	0.06444
20267	-0.148479	-0.145888	3.70133	1.74336	0.471008	1.06449	3.03016	3.74407	1.70682	0.455874	6.85605	0.735648	0.463398	0.422396	0.0648115
20268	-0.175544	-0.141539	3.73724	1.71535	0.458989	1.02962	2.97744	3.71361	1.81161	0.487829	6.69782	0.726208	0.473363	0.408247	0.0647154
20269	-0.159772	-0.0801767	3.39914	1.83268	0.539159	0.858586	2.93616	3.59787	1.85796	0.516406	8.77322	0.518527	0.527459	0.381425	0.0649142
20270	-0.134428	-0.0749155	3.60289	1.7697	0.49119	0.985977	2.92587	3.87903	1.84146	0.474722	7.17333	0.627654	0.482652	0.384126	0.0648471
20271	-0.105676	-0.116046	3.71701	1.75398	0.47188	1.02733	2.97473	3.60365	1.71141	0.474911	7.44163	0.641855	0.473372	0.408112	0.0650441
20272	-0.163867	-0.156074	4.11588	1.88703	0.458476	0.926842	2.9242	3.73316	1.8524	0.496202	7.97553	0.594823	0.476419	0.388245	0.0650436
20273	-0.125754	-0.174802	3.80889	1.71445	0.450117	0.885475	2.91005	3.93636	1.77884	0.451901	9.30612	0.511292	0.451023	0.405251	0.0651931
20274	-0.154733	-0.132013	3.79577	1.81903	0.479225	0.857258	2.82787	3.65084	1.70414	0.466779	8.55454	0.512062	0.473123	0.383468	0.0654742
20275	-0.151179	-0.166108	4.05845	1.85286	0.456544	0.809265	2.78045	3.84352	1.75585	0.456834	9.4121	0.461227	0.456685	0.375694	0.0657306
20276	-0.238278	-0.180194	4.07896	1.84592	0.452548	0.720055	2.76746	3.6895	1.85108	0.501714	9.46066	0.459201	0.475899	0.370215	0.066017
20277	-0.181421	-0.232025	3.60114	1.75681	0.487847	0.795401	2.78835	3.99814	1.77628	0.444276	9.56076	0.47709	0.464923	0.392408	0.0660143
20278	-0.230075	-0.206989	3.54345	1.77523	0.500989	0.710716	2.7672	3.85395	1.84231	0.47803	9.99428	0.442544	0.489028	0.379507	0.0668357
20279	-0.175192	-0.150844	3.59489	1.84832	0.514153	0.775493	2.75885	3.89196	1.79166	0.460349	9.36746	0.451901	0.486184	0.367798	0.0670632
20280	-0.13673	-0.119125	3.88433	1.99639	0.513959	0.668046	2.70891	3.70785	1.73216	0.46716	12.3487	0.323832	0.491103	0.34918	0.0674885
20281	-0.101067	-0.129636	3.97583	1.98944	0.500383	0.733945	2.71858	3.90571	1.86463	0.477412	11.6349	0.348622	0.488999	0.344899	0.0675668
20282	-0.110812	-0.153988	4.14477	1.89578	0.45739	0.665624	2.66921	3.61125	1.67682	0.464331	13.2213	0.301426	0.460622	0.358164	0.0677702
20283	-0.179347	-0.189999	3.61849	1.6734	0.462457	0.594704	2.63104	4.1155	1.88682	0.458466	13.2825	0.299578	0.460334	0.35861	0.067888
20284	-0.171796	-0.199639	3.82346	1.7651	0.46165	0.621306	2.57331	4.09272	1.95792	0.478391	12.2243	0.314506	0.470305	0.340626	0.06808
20285	-0.0807523	-0.155702	3.44382	1.74129	0.505627	0.46294	2.57374	4.00856	2.02237	0.504514	25.2025	0.1478	0.505029	0.33115	0.0681835
20286	-0.213415	-0.150748	3.93417	1.95922	0.498	0.537274	2.61049	3.80975	1.79418	0.470945	13.5297	0.281767	0.48469	0.336909	0.0681433
20287	-0.163903	-0.181657	3.92002	1.85236	0.472539	0.571998	2.63752	3.88889	1.76979	0.455089	14.6759	0.270776	0.463849	0.35435	0.0682382
20288	-0.196994	-0.216509	3.88561	1.77401	0.45656	0.665122	2.66721	4.00326	1.76429	0.440713	11.1885	0.371622	0.448518	0.370218	0.0683588
20289	-0.281349	-0.279526	3.77011	1.84984	0.490659	0.649626	2.62758	3.39363	1.61027	0.474498	9.75093	0.433358	0.483003	0.37924	0.0686164
20290	-0.28792	-0.277556	3.56287	1.74526	0.489848	0.640583	2.63446	3.97685	1.83498	0.461414	9.83607	0.431059	0.47485	0.372027	0.0688086
20291	-0.244091	-0.216604	3.63803	1.75357	0.482011	0.66099	2.64623	3.43821	1.78576	0.519386	10.005	0.409586	0.500171	0.366767	0.069019
20292	-0.153915	-0.142965	3.71794	1.8496	0.497479	0.591544	2.69268	3.32102	1.59685	0.480831	14.4696	0.277854	0.489624	0.368514	0.0692382
20293	-0.208422	-0.223201	4.20245	1.85672	0.441818	0.689774	2.7348	3.80005	1.62373	0.427292	10.8456	0.403378	0.43492	0.386054	0.0697118
20294	-0.155569	-0.231617	4.25705	1.87136	0.439591	0.846103	2.78125	3.84414	1.70819	0.444362	9.04708	0.501674	0.441855	0.388114	0.0700604
20295	-0.242069	-0.253238	3.92064	1.85013	0.471895	0.860549	2.83107	3.77224	1.7422	0.461847	7.82468	0.607883	0.466968	0.398447	0.0699839
20296	-0.164108	-0.174136	3.7976	1.93408	0.509291	0.935467	2.9317	3.6276	1.76255	0.485871	7.97822	0.604533	0.497849	0.394926	0.0701626
20297	-0.234321	-0.241744	3.55125	1.76975	0.498346	1.01344	3.03521	3.76928	1.71693	0.455507	6.89725	0.778458	0.476288	0.435139	0.0704176
20298	-0.146951	-0.197317	3.82797	1.79961	0.470122	1.04295	3.06195	3.96179	1.86418	0.470539	7.50271	0.707933	0.470334	0.420362	0.0706079
20299	-0.143633	-0.186751	3.77486	1.68141	0.445422	1.03524	3.05659	3.97152	1.89319	0.476693	7.5692	0.694872	0.461454	0.423984	0.070778
20300	-0.179984	-0.187338	3.94828	1.76462	0.446934	0.911155	3.02083	3.79892	1.73571	0.456895	8.64475	0.595292	0.451819	0.423785	0.0713133
20301	-0.14045	-0.18744	3.29829	1.68941	0.512207	1.06596	3.0056	3.44714	1.56938	0.455271	7.00524	0.727707	0.483111	0.439005	0.0712174
20302	-0.154917	-0.2133	3.94336	1.83699	0.465844	1.14316	3.05109	3.51795	1.67065	0.474893	6.32412	0.842508	0.470111	0.43178	0.0712832
20303	-0.309455	-0.203435	3.45697	1.97462	0.571199	1.02552	3.0476	3.78295	1.74298	0.460747	5.93061	0.891075	0.513486	0.415585	0.0714487
20304	-0.234472	-0.223567	4.09472	1.96921	0.480915	1.03866	3.03435	3.79145	1.85615	0.489563	6.54839	0.81043	0.485073	0.409684	0.0716564
20305	-0.187483	-0.19967	4.2341	1.91187	0.45154	0.964381	2.97534	3.77939	1.82591	0.483122	7.5978	0.663396	0.466435	0.402836	0.0719038
20306	-0.157616	-0.0841892	3.86036	1.82893	0.473772	0.989658	2.99546	3.68633	1.72415	0.467716	7.20558	0.658119	0.470814	0.400357	0.0721058
20307	-0.0538703	-0.0608695	3.71887	1.65858	0.445991	1.02819	2.94629	3.71885	1.81067	0.48689	7.72341	0.585429	0.466441	0.394666	0.072372
20308	-0.0521988	-0.0273363	4.00416	1.83204	0.457534	0.87879	2.92734	3.93331	1.86455	0.47404	10.0724	0.433371	0.465714	0.371351	0.072495
20309	-0.0413097	-0.028763	3.84468	1.92205	0.499926	0.885966	2.90849	3.84016	1.8594	0.484198	10.0338	0.42992	0.492067	0.363328	0.0725512
20310	-0.0644901	-0.0217361	3.77068	1.76023	0.466821	0.925729	2.93342	3.54139	1.83786	0.518964	8.90633	0.490267	0.492075	0.377754	0.0728036
20311	-0.0688274	-0.0215308	3.78799	1.88272	0.497022	0.905917	2.93638	3.86348	1.80093	0.46614	9.20848	0.475064	0.481429	0.372681	0.0733631
20312	-0.0346643	-0.0543892	3.92524	1.89151	0.481883	0.913026	2.94018	3.70949	1.80842	0.487512	9.98473	0.449058	0.484618	0.377422	0.0736528
20313	-0.012978	-0.040821	3.75169	1.91511	0.510465	0.915158	2.94221	3.80379	1.79435	0.471728	10.3298	0.430718	0.490963	0.375006	0.073953
20314	0.10745	0.0612791	3.98531	1.81612	0.455704	1.02576	2.99429	3.7009	1.70718	0.461287	10.2012	0.421645	0.458393	0.379155	0.0741713
20315	0.0659189	-0.000276883	3.86818	1.79541	0.464148	0.983423	2.95571	3.65648	1.74837	0.478156	10.3798	0.420907	0.470955	0.381467	0.074397
20316	0.0820865	0.00660809	3.75621	1.84814	0.492021	0.899346	2.94226	3.903	1.74157	0.446213	12.9029	0.333957	0.468678	0.375192	0.0746508
20317	0.0575295	0.0635071	3.5551	1.77841	0.50024	0.870932	2.87506	3.77982	1.7356	0.459176	11.9476	0.330812	0.479079	0.360066	0.0751372
20318	0.0906021	0.0342707	3.85239	1.8071	0.469084	0.942178	2.91344	3.60814	1.65878	0.459732	11.4311	0.362591	0.464561	0.374314	0.0754898
20319	-0.0143785	0.0191067	3.63096	1.71162	0.471397	0.887443	2.86532	3.75655	1.7491	0.465613	9.96082	0.406641	0.468456	0.369284	0.0755987
20320	-0.0414395	0.00950994	3.62063	1.78657	0.49344	0.846834	2.85245	3.63591	1.78405	0.490674	10.2434	0.394515	0.492054	0.361501	0.0758792
20321	0.00479077	0.0490314	4.01081	1.85703	0.463005	0.803757	2.78679	3.7493	1.75842	0.469001	11.7418	0.319173	0.465902	0.341474	0.0760326
20322	0.0425835	0.0164775	3.70054	1.74564	0.471726	0.736853	2.7558	3.74856	1.72395	0.459897	15.5679	0.241005	0.465773	0.351054	0.0761016
20323	0.10049	0.0214849	3.7068	1.82781	0.493096	0.817835	2.86277	3.61367	1.76109	0.48734	15.6882	0.257292	0.490254	0.360055	0.0762194
20324	-0.0510977	-0.00998901	3.94486	1.89485	0.480335	0.895859	2.91591	3.7564	1.70743	0.454538	9.54683	0.448364	0.467752	0.372816	0.0765782
20325	-0.188607	-0.0868907	3.98232	1.87382	0.470536	0.847872	2.84187	3.67745	1.81922	0.494694	7.98446	0.537144	0.482134	0.367469	0.0766871
20326	-0.0501913	-0.0481471	3.95344	1.96407	0.496799	0.891112	2.87674	3.60414	1.7645	0.489574	9.65516	0.443026	0.493353	0.364635	0.0768652
20327	-0.0249808	-0.114897	3.83012	1.78156	0.465146	0.790541	2.83468	3.8222	1.85926	0.486436	13.0813	0.332538	0.47578	0.374098	0.0773001
20328	-0.197305	-0.168256	3.82118	1.75404	0.45903	0.856802	2.82376	4.21368	2.03165	0.482154	8.05674	0.55557	0.471157	0.371655	0.0777321
20329	-0.351624	-0.322456	3.89358	1.89747	0.487335	0.725141	2.6736	3.93322	1.92962	0.490597	7.74209	0.579711	0.488974	0.369746	0.0778584
20330	-0.29163	-0.31339	3.72809	1.75965	0.471999	0.665864	2.67666	3.69532	1.74435	0.472045	9.75181	0.458397	0.472022	0.38957	0.0777411
20331	-0.261103	-0.314282	3.67866	1.78154	0.484291	0.556138	2.62382	4.16324	1.9342	0.464591	12.9251	0.333942	0.473832	0.367526	0.0776396
20332	-0.327651	-0.321651	3.7974	1.74226	0.458805	0.56276	2.6227	3.9992	1.77428	0.44366	10.9345	0.396416	0.451036	0.381427	0.0778483
20333	-0.390773	-0.428877	3.67307	1.75794	0.478601	0.504063	2.58787	3.67759	1.67919	0.4566	11.3655	0.400366	0.467594	0.398415	0.0782141
20334	-0.465524	-0.450196	3.58759	1.81654	0.506339	0.661534	2.62227	3.74132	1.67169	0.446818	7.43159	0.63513	0.475954	0.403663	0.0786502
20335	-0.498244	-0.437063	4.04846	2.05035	0.506453	0.624842	2.60929	3.63354	1.75877	0.484038	7.35758	0.630661	0.495851	0.378645	0.0788831
20336	-0.432777	-0.485069	3.74838	1.78272	0.475598	0.557353	2.62978	3.88901	1.81262	0.466087	9.89665	0.490179	0.470755	0.402978	0.0793779
20337	-0.57064	-0.525805	3.92793	1.94173	0.494339	0.648686	2.59926	3.70663	1.67398	0.451619	6.56867	0.743378	0.473598	0.403194	0.0795866
20338	-0.366083	-0.452862	4.03687	1.96799	0.487502	0.590128	2.57071	3.61632	1.5992	0.442217	9.99849	0.457169	0.466104	0.390624	0.0798803
20339	-0.42409	-0.382988	3.63503	1.95784	0.538604	0.501654	2.53029	3.91962	1.84369	0.470374	9.90333	0.428501	0.503204	0.358325	0.0802856
20340	-0.372637	-0.405422	4.22846	1.93959	0.4587	0.624292	2.59634	4.07003	1.90344	0.467673	9.06618	0.496934	0.463101	0.369664	0.0805737
20341	-0.506071	-0.465621	3.94786	2.01513	0.510435	0.515084	2.53981	4.08868	2.01273	0.492269	8.66221	0.521379	0.501193	0.359349	0.0807249
20342	-0.443516	-0.430391	4.02021	1.91757	0.476983	0.517983	2.54955	3.96951	1.81606	0.457503	9.60546	0.462241	0.467305	0.373	0.0810172
20343	-0.370882	-0.390373	3.79051	1.84108	0.485708	0.624266	2.61995	3.93134	1.91089	0.486065	9.15061	0.495159	0.48589	0.376605	0.0808447
20344	-0.338038	-0.414763	4.02403	1.91317	0.475435	0.595801	2.56599	3.67701	1.82645	0.496722	10.1884	0.436028	0.485599	0.372753	0.0808035
20345	-0.44268	-0.405063	3.9144	1.79623	0.458877	0.510171	2.52336	3.7964	1.96017	0.516323	9.44532	0.453963	0.487161	0.363471	0.0813377
20346	-0.415854	-0.380702	3.86883	2.02933	0.524533	0.5357	2.54587	3.87371	1.82672	0.471567	9.45913	0.452727	0.498033	0.357146	0.0820508
20347	-0.383633	-0.373219	3.68908	1.66793	0.452127	0.670443	2.55052	3.86923	1.76176	0.455326	7.69367	0.555538	0.453764	0.384016	0.0821673
20348	-0.254031	-0.341428	3.74732	1.81071	0.483201	0.633629	2.60632	3.68518	1.73465	0.470709	11.0277	0.39397	0.477007	0.380046	0.0827747
20349	-0.399526	-0.381502	3.783	1.88346	0.497874	0.617768	2.64267	3.77652	1.78761	0.473349	8.83732	0.517443	0.485622	0.383906	0.0827995
20350	-0.424041	-0.447888	3.77275	1.84407	0.488787	0.620945	2.63953	3.51401	1.70313	0.484669	8.7291	0.545998	0.486801	0.401965	0.0826994
20351	-0.432416	-0.462199	4.22663	1.757	0.415697	0.663066	2.67239	3.65877	1.68003	0.459179	8.1875	0.60004	0.435872	0.416926	0.0826962
20352	-0.379717	-0.408402	3.88771	1.77649	0.456951	0.733597	2.76934	3.82891	1.82901	0.477684	8.14708	0.619734	0.467238	0.41195	0.0828236
20353	-0.452743	-0.476483	3.69828	1.75612	0.474848	0.734699	2.71712	3.87881	1.83358	0.472718	7.23333	0.705009	0.473757	0.41543	0.0828253
20354	-0.414655	-0.442643	3.68321	1.7958	0.487564	0.779603	2.76148	3.83057	1.75056	0.456997	7.19817	0.713126	0.47198	0.419984	0.0832026
20355	-0.414626	-0.379578	4.0992	1.83712	0.448164	0.806624	2.7782	3.9646	1.90563	0.480661	6.68579	0.745726	0.464141	0.399901	0.0833603
20356	-0.495545	-0.413434	4.02001	1.8582	0.462239	0.758944	2.71218	3.79199	1.99059	0.524947	6.2078	0.78687	0.492678	0.388341	0.0836329
20357	-0.411538	-0.431322	3.78533	2.0016	0.528777	0.71236	2.74847	3.81251	1.77777	0.466301	8.00468	0.631573	0.497427	0.400899	0.0840432
20358	-0.581032	-0.525512	3.75811	1.76239	0.468957	0.680787	2.64896	3.86014	1.81794	0.470953	6.32922	0.796093	0.469968	0.413148	0.0840576
20359	-0.463439	-0.475874	3.67618	1.69755	0.461769	0.631781	2.69597	3.89508	1.80824	0.464236	8.38728	0.599753	0.463038	0.417856	0.0841277
20360	-0.359344	-0.384808	3.65626	1.80262	0.493022	0.686931	2.68525	3.86095	1.81656	0.470495	8.60997	0.547346	0.481452	0.39445	0.0843199
20361	-0.352187	-0.350305	3.75179	1.8322	0.488354	0.640887	2.64922	3.81659	1.80287	0.472378	9.12312	0.493097	0.480297	0.382367	0.0843854
20362	-0.255878	-0.277441	4.09135	1.84708	0.451459	0.669828	2.66357	3.68118	1.65224	0.448835	10.0936	0.428465	0.450216	0.38205	0.0845341
20363	-0.215419	-0.232834	3.91542	1.99525	0.509588	0.762123	2.69313	3.78158	1.54745	0.409209	8.95913	0.477794	0.460271	0.376733	0.0847816
20364	-0.288021	-0.279741	3.76951	1.81242	0.480811	0.808178	2.76633	3.54824	1.58438	0.446527	7.72152	0.600826	0.464187	0.405905	0.084727
20365	-0.421548	-0.388498	3.44104	1.74519	0.50717	0.776398	2.71655	3.98462	1.84738	0.463627	6.71835	0.717537	0.483805	0.401648	0.0850797
20366	-0.368296	-0.414798	3.84741	1.87958	0.488532	0.685345	2.72626	3.81219	1.82421	0.47852	8.8872	0.55508	0.483549	0.399863	0.0852274
20367	-0.421522	-0.442222	3.95001	1.86882	0.473117	0.76506	2.73691	3.8807	1.77964	0.458587	7.17831	0.703988	0.465917	0.409295	0.0851472
20368	-0.449236	-0.416508	3.80263	1.9522	0.513382	0.70412	2.7756	3.70947	1.6793	0.452706	7.65997	0.665115	0.48342	0.412394	0.0853883
20369	-0.429671	-0.425192	3.91286	1.93787	0.495257	0.793098	2.80528	3.46444	1.86056	0.537045	6.97978	0.747582	0.514881	0.407302	0.0855408
20370	-0.433485	-0.459128	3.97105	1.8584	0.467987	0.717119	2.69942	3.52912	1.82494	0.51711	7.53569	0.661946	0.491101	0.403865	0.0858053
20371	-0.464719	-0.437845	3.97506	1.84253	0.463523	0.737836	2.77896	3.52418	1.80595	0.512445	7.15551	0.723069	0.486514	0.415002	0.0856843
20372	-0.415248	-0.408035	4.22672	1.94203	0.459466	0.800391	2.80595	4.0607	1.90286	0.468603	6.99001	0.738889	0.463943	0.401909	0.0857223
20373	-0.471983	-0.455941	3.69935	1.81677	0.491104	0.883186	2.86989	3.79768	1.65382	0.435482	6.02301	0.918242	0.462928	0.443572	0.0859142
20374	-0.492808	-0.433075	3.75095	1.76391	0.470258	0.973415	2.95169	3.84571	1.71757	0.44662	5.32913	1.0749	0.458291	0.451482	0.0858621
20375	-0.435935	-0.441597	3.63008	1.77523	0.489033	0.982264	2.96509	3.93459	1.79972	0.457409	5.77017	1.00564	0.472585	0.448121	0.0858477
20376	-0.456298	-0.384903	3.7802	1.8295	0.483968	0.921818	2.96969	3.52831	1.81627	0.514771	5.92527	0.949601	0.498838	0.435683	0.0862749
20377	-0.524563	-0.462198	3.86405	1.82478	0.472246	0.903164	2.95747	3.69724	1.70107	0.46009	5.73692	1.0192	0.466302	0.453429	0.086466
20378	-0.420533	-0.405647	3.96418	1.86751	0.471095	0.953625	2.99488	3.65458	1.59649	0.436847	6.12376	0.944155	0.454667	0.455032	0.086371
20379	-0.410669	-0.432607	3.90739	1.87094	0.478819	0.994014	2.97246	3.42284	1.65348	0.483073	5.87619	0.986567	0.480806	0.451409	0.0867219
20380	-0.440638	-0.375713	4.0375	1.89416	0.469143	1.03517	2.97801	3.86406	1.65396	0.428036	5.16408	1.08901	0.44904	0.442241	0.0868396
20381	-0.361641	-0.405391	3.68297	1.77159	0.481021	0.957366	2.95063	3.47362	1.62183	0.4669	6.47374	0.869889	0.474167	0.453604	0.0872141
20382	-0.412843	-0.455644	3.73774	1.74338	0.466425	0.945887	2.98862	3.56489	1.59707	0.448	6.42577	0.923074	0.45743	0.470414	0.0873109
20383	-0.440793	-0.444278	3.77357	1.81104	0.479928	0.985271	2.94452	3.57677	1.74726	0.488502	5.64694	1.01683	0.4841	0.446672	0.0876379
20384	-0.449374	-0.423229	3.84694	1.90818	0.496024	1.0917	3.06253	3.86981	1.65133	0.426722	5.11622	1.18745	0.461271	0.460571	0.0880619
20385	-0.40424	-0.394213	3.84839	1.90537	0.495108	1.02555	3.05032	3.68819	1.59639	0.432838	5.80383	1.02215	0.464635	0.458723	0.0882021
20386	-0.291039	-0.337856	3.71921	1.88783	0.50759	1.10187	3.10688	3.65668	1.68871	0.461816	6.11597	0.970099	0.484897	0.45351	0.0880832
20387	-0.406534	-0.345441	3.81568	1.84013	0.482254	1.025	3.07807	3.75788	1.73286	0.461127	5.71929	1.02464	0.471771	0.450695	0.0881562
20388	-0.305422	-0.322819	3.73585	1.88456	0.504451	1.07968	3.09714	3.80529	1.6827	0.4422	6.09649	0.959254	0.473039	0.450579	0.0884878
20389	-0.421052	-0.391299	4.27199	1.97311	0.461872	1.11042	3.06339	3.46797	1.69763	0.489517	5.08865	1.1727	0.474258	0.448503	0.0887263
20390	-0.49466	-0.449229	3.71394	1.97154	0.530849	1.05818	3.03113	3.87099	1.7601	0.45469	5.02334	1.20566	0.491981	0.448095	0.0893261
20391	-0.494518	-0.439689	3.64175	1.84389	0.506319	0.899522	2.98877	3.44633	1.88998	0.548404	6.0485	0.971673	0.526781	0.440529	0.0893518
20392	-0.296115	-0.350979	3.91561	1.97193	0.503607	1.01835	3.03457	3.85767	1.84712	0.478818	6.63382	0.863903	0.491305	0.428796	0.089647
20393	-0.406931	-0.327706	3.89979	2.03163	0.520958	1.02628	3.02877	3.8121	1.80971	0.474727	5.4846	1.02705	0.498105	0.423157	0.0897309
20394	-0.357473	-0.376011	3.89416	1.93979	0.498128	0.97698	3.00475	3.7156	1.69731	0.456807	6.41834	0.890382	0.477952	0.440094	0.0900984
20395	-0.457759	-0.460663	3.9207	1.94269	0.495494	0.926309	2.96696	3.66899	1.71727	0.468049	6.13298	0.957822	0.482227	0.445342	0.0906239
20396	-0.401932	-0.394536	4.09106	2.07496	0.507194	1.05825	3.06189	3.79886	1.70741	0.449455	5.6033	1.06606	0.479393	0.441353	0.0909517
20397	-0.383822	-0.36558	4.05835	1.98733	0.489688	1.07025	3.01366	3.79495	1.81501	0.478269	5.40086	1.05717	0.48417	0.428957	0.0907268
20398	-0.448817	-0.433225	3.92242	1.84468	0.470291	1.03591	3.00687	3.63974	1.78582	0.490643	5.36839	1.10221	0.480087	0.449135	0.0910241
20399	-0.366384	-0.40798	3.69839	1.80699	0.488589	0.896016	2.96027	4.05332	1.89058	0.466429	7.11892	0.796827	0.477001	0.434212	0.091188
20400	-0.299427	-0.296227	4.07621	2.00636	0.492212	1.09947	2.9461	3.89412	1.88066	0.482949	5.3721	0.978455	0.487686	0.403512	0.0912284
20401	-0.245108	-0.285709	3.812	1.96883	0.516482	1.02175	2.93219	3.42553	1.71166	0.499679	6.45194	0.802461	0.508529	0.413047	0.0912731
20402	-0.244518	-0.236448	3.62743	1.89113	0.521342	1.02546	2.95088	3.70781	1.85796	0.501093	6.2988	0.806426	0.511107	0.403971	0.0913559
20403	-0.249632	-0.238092	4.09832	2.05387	0.501149	1.00547	2.94749	3.80664	1.64192	0.431329	6.44201	0.787639	0.467527	0.407161	0.0910852
20404	-0.163221	-0.194148	3.89214	1.99533	0.512656	0.955727	2.99769	3.648	1.68258	0.461234	8.13693	0.626022	0.487777	0.409279	0.0910367
20405	-0.161724	-0.111806	4.1247	1.93317	0.468683	1.16448	3.14778	3.7625	1.60988	0.427875	6.04088	0.879415	0.449216	0.428595	0.0910489
20406	-0.0793599	-0.0691892	4.30237	1.98283	0.46087	1.12665	3.08685	3.50606	1.73077	0.493653	6.84831	0.727231	0.47559	0.401514	0.0913403
20407	-0.0959659	-0.0633703	3.98726	1.94429	0.487625	1.09867	3.09553	3.67313	1.66992	0.454632	6.99198	0.713579	0.471805	0.408488	0.0915333
20408	-0.10068	-0.0707222	3.71939	1.8543	0.498549	0.993032	3.07893	3.77692	1.74915	0.463117	8.29313	0.598103	0.480697	0.407791	0.0919945
20409	0.012054	-0.0690853	3.85716	1.85949	0.482089	1.07694	3.07019	3.70373	1.70086	0.459228	8.69061	0.566994	0.47089	0.409105	0.0919887
20410	-0.104346	-0.0932292	3.81426	1.79366	0.470252	1.06951	3.07757	4.01781	1.77943	0.442885	7.29638	0.688971	0.456213	0.413078	0.0921395
20411	-0.163417	-0.120374	4.05026	1.88097	0.464406	1.011	3.05902	3.67604	1.60515	0.436651	7.32895	0.689632	0.451201	0.420384	0.0919765
20412	-0.130112	-0.10352	4.08507	1.9459	0.476345	0.960595	3.01912	3.7678	1.72546	0.45795	8.19647	0.59482	0.467519	0.399151	0.0918051
20413	-0.131159	-0.0945774	4.04806	2.00379	0.495001	1.05117	3.0263	3.54341	1.71644	0.484404	6.96753	0.698946	0.490054	0.395715	0.0917337
20414	-0.0766731	-0.072794	3.96732	1.98846	0.501211	1.10353	3.11476	3.70038	1.82773	0.49393	7.29466	0.696437	0.497697	0.399743	0.0922338
20415	-0.10109	-0.0890995	3.9788	1.86201	0.467983	1.10161	3.12717	3.69278	1.79145	0.485122	7.15135	0.723249	0.476233	0.41459	0.0922592
20416	-0.0646091	-0.00079487	4.01961	1.94158	0.483026	1.14984	3.09913	3.66704	1.71992	0.469023	6.51547	0.737438	0.476345	0.396298	0.0922113
20417	-0.0198495	-0.00657126	3.72572	1.85913	0.499	1.138	3.15492	3.90472	1.80191	0.461468	7.45554	0.67031	0.479794	0.405777	0.0924372
20418	-0.00500237	0.0520321	3.83893	1.94841	0.507539	1.08983	3.11192	3.59874	1.83826	0.510807	7.81118	0.599328	0.50912	0.382128	0.092495
20419	0.0494176	0.105844	4.01624	2.0914	0.520736	1.24166	3.14449	3.91665	2.03125	0.51862	6.49575	0.710726	0.519691	0.359056	0.092963
20420	0.181285	0.152928	4.16523	2.0844	0.500429	1.17396	3.12756	3.8889	1.88586	0.484935	8.97959	0.492698	0.492948	0.357924	0.0931357
20421	0.120061	0.157944	3.71089	1.86636	0.502942	1.13067	3.09942	4.06557	1.8102	0.445251	8.47156	0.510666	0.472781	0.370529	0.0932829
20422	0.163211	0.2047	3.82022	1.89306	0.495537	1.13889	3.09883	3.71143	1.82937	0.492902	8.79882	0.475973	0.494238	0.36013	0.0935088
20423	0.257523	0.234505	3.88506	1.82161	0.468876	1.15325	3.11472	4.00226	1.99477	0.498411	10.3393	0.401167	0.483863	0.352203	0.0938713
20424	0.223019	0.240328	3.94484	1.79013	0.45379	1.11699	3.06137	4.13382	1.87261	0.452997	9.95788	0.399596	0.453384	0.352106	0.0937713
20425	0.238891	0.212445	3.93132	1.87434	0.476772	1.04204	3.04903	3.90136	1.90238	0.487618	12.4739	0.322523	0.482174	0.347636	0.0943055
20426	0.280457	0.203674	4.0899	1.94593	0.475789	1.00061	3.00089	3.61108	1.82243	0.504677	15.087	0.259311	0.489335	0.341822	0.0946282
20427	0.194915	0.19596	4.16673	1.9101	0.458418	0.973008	2.97024	3.49219	1.70942	0.489498	12.7127	0.302715	0.472589	0.347204	0.0945611
20428	0.166479	0.277103	3.66963	1.75257	0.477588	1.00594	3.00381	3.85355	1.71651	0.445435	10.5506	0.352347	0.461119	0.348988	0.0944968
20429	0.289335	0.301979	3.63478	1.64006	0.451214	0.983112	2.99793	3.52406	1.65053	0.468359	15.1002	0.240664	0.459654	0.355865	0.0950064
20430	0.260437	0.328886	3.95514	1.72635	0.436483	0.974418	2.98047	3.53155	1.72881	0.489533	13.7923	0.254884	0.461507	0.3373	0.0952144
20431	0.398954	0.348669	3.9727	1.79151	0.450956	1.00911	2.98527	3.91526	1.90477	0.4865	18.6724	0.186148	0.468598	0.31992	0.0952872
20432	0.331427	0.352996	3.72724	1.73497	0.465485	0.806889	2.91878	3.53399	1.77122	0.501197	29.121	0.113032	0.482866	0.319559	0.0956771
20433	0.336638	0.278729	3.66666	1.70731	0.46563	0.983733	2.94795	3.72474	1.67714	0.450272	17.015	0.209366	0.45789	0.344927	0.0959555
20434	0.288666	0.271677	3.6894	1.77185	0.480254	0.944551	2.91041	3.59656	1.66845	0.463901	16.1858	0.215093	0.472182	0.336092	0.0960456
20435	0.162139	0.162882	4.12095	1.91698	0.46518	1.04766	2.99763	3.5612	1.70557	0.478932	10.248	0.392069	0.471555	0.356849	0.0967316
20436	0.198705	0.12308	4.00434	1.78753	0.446398	1.02828	2.99705	3.5731	1.6553	0.463266	12.0021	0.344094	0.454352	0.37503	0.0970217
20437	0.176993	0.134068	4.08265	1.97286	0.483231	0.984271	3.08044	4.13149	1.85541	0.449091	13.3208	0.325848	0.466059	0.361916	0.0973025
20438	0.0905481	0.113829	4.08464	1.97597	0.483756	1.11315	3.09639	3.86136	1.8189	0.47105	8.50672	0.522861	0.477582	0.369612	0.0975825
20439	0.0716578	0.132371	3.95567	2.02952	0.513066	1.07291	3.10045	3.57252	1.73864	0.486671	8.78745	0.501252	0.50054	0.36899	0.0978753
20440	0.092604	0.118582	4.01427	1.92131	0.47862	1.07934	3.05199	4.06439	1.81898	0.44754	8.83784	0.486821	0.462983	0.365255	0.0979474
20441	0.115896	0.169805	3.93121	1.89522	0.482096	1.04591	2.9971	3.8105	1.75602	0.460837	9.24199	0.432462	0.471632	0.353837	0.0982686
20442	0.142507	0.126229	3.73622	1.79045	0.479212	0.999581	2.99444	4.0136	1.71126	0.426365	11.1992	0.367288	0.451843	0.370128	0.0984236
20443	0.141729	0.15523	3.88417	1.81282	0.466721	1.02298	3.01444	3.81797	1.72129	0.450839	10.5268	0.388299	0.458848	0.366522	0.0983758
20444	0.175266	0.173975	4.19838	1.85745	0.44242	0.988125	3.01944	3.84205	1.75761	0.457466	12.2539	0.33037	0.44961	0.359059	0.0987401
20445	0.181585	0.222219	3.7776	1.89219	0.500897	1.01099	3.07654	3.78113	1.81788	0.480776	11.8433	0.343958	0.490832	0.354533	0.099139
20446	0.285526	0.255807	3.8147	1.88745	0.494782	1.08493	3.07211	4.00835	1.8691	0.466302	12.4116	0.319522	0.480189	0.345598	0.0990281
20447	0.235196	0.22456	3.70459	1.75765	0.474453	1.158	3.15165	3.90389	1.76683	0.452581	10.0613	0.425782	0.463231	0.378126	0.0988332
20448	0.218912	0.221507	3.77302	1.75928	0.46628	1.12332	3.16698	3.4334	1.8498	0.538766	10.6068	0.408974	0.500815	0.375497	0.0994452
20449	0.119428	0.157186	3.95841	1.74943	0.441953	1.22649	3.16728	3.53468	1.68469	0.476618	7.39292	0.612793	0.458306	0.397567	0.0998729
20450	0.209121	0.140587	4.02064	1.89265	0.470733	1.13869	3.1481	3.7648	1.77432	0.471292	10.4677	0.432047	0.471003	0.38156	0.100412
20451	0.275615	0.210992	3.76823	1.88048	0.499035	1.29139	3.29484	3.59067	1.79763	0.500638	9.21704	0.515898	0.499817	0.392733	0.100225
20452	0.120373	0.146833	3.74802	1.72373	0.459905	1.25172	3.26112	3.92015	1.69696	0.432882	7.57752	0.63997	0.44609	0.414926	0.100671
20453	0.240505	0.270728	3.82238	1.99353	0.521542	1.24119	3.29484	3.57836	1.75302	0.489893	9.13271	0.500687	0.50624	0.379094	0.101074
20454	0.415987	0.270072	3.95913	2.11944	0.53533	1.31902	3.33854	3.81947	1.84124	0.482066	11.5462	0.407732	0.509176	0.372886	0.101286
20455	0.377195	0.251148	3.81723	2.06584	0.54119	1.40765	3.36284	3.73771	1.77266	0.474265	9.11884	0.530914	0.508079	0.386857	0.101277
20456	0.252706	0.250734	4.16431	2.00693	0.481936	1.3282	3.35354	3.94916	1.74734	0.44246	8.32327	0.578342	0.462722	0.39077	0.101438
20457	0.179471	0.219467	3.79044	1.84266	0.486133	1.33842	3.35536	3.74988	1.85379	0.494359	7.32143	0.671578	0.490224	0.399551	0.10133
20458	0.227363	0.221198	4.06	1.96253	0.483382	1.30905	3.33321	3.75727	2.00483	0.533587	8.27719	0.58502	0.507513	0.379103	0.101845
20459	0.260549	0.292198	3.94622	1.9506	0.494295	1.34003	3.29392	3.83883	1.91306	0.498344	7.73232	0.58264	0.496291	0.368412	0.102065
20460	0.22389	0.2495	4.21427	1.98934	0.472049	1.23221	3.24854	3.75609	1.82184	0.485037	8.84645	0.508353	0.47817	0.371182	0.102393
20461	0.243094	0.234404	3.76298	1.85666	0.4934	1.19202	3.22575	3.7854	1.84831	0.488274	9.93733	0.450228	0.490829	0.376595	0.102273
20462	0.265478	0.239775	3.68476	1.88355	0.511174	1.23449	3.2509	3.76796	1.74058	0.461943	9.65605	0.469492	0.486284	0.384904	0.102321
20463	0.282724	0.219785	3.84921	1.85757	0.482586	1.2629	3.28634	3.71496	1.71571	0.461839	9.78805	0.480368	0.472396	0.396954	0.102348
20464	0.260564	0.253425	3.66065	1.80066	0.491896	1.28557	3.2671	3.70852	1.64149	0.442628	8.64455	0.525316	0.467102	0.397577	0.102646
20465	0.365502	0.302012	3.84569	1.87657	0.487969	1.32653	3.27594	3.66216	1.71572	0.468498	9.57617	0.461786	0.478471	0.381116	0.102916
20466	0.202278	0.208507	3.9106	1.85925	0.475437	1.19097	3.1677	3.71404	1.78642	0.480991	8.95823	0.488758	0.478142	0.375311	0.103091
20467	0.252526	0.213636	3.71725	1.82163	0.490049	1.07871	3.10508	3.7857	1.76304	0.465711	12.2484	0.341288	0.477768	0.368432	0.103516
20468	0.149304	0.164541	3.65877	1.85348	0.506584	1.06304	3.08353	3.46435	1.72672	0.498426	10.2052	0.417458	0.502617	0.373148	0.103612
20469	0.199346	0.172539	3.72883	1.94845	0.522536	1.03248	3.11544	3.699	1.87351	0.506492	12.4774	0.347054	0.514546	0.361753	0.103872
20470	0.111844	0.133131	4.04317	1.84329	0.455902	0.995678	3.05715	3.82311	1.70809	0.44678	10.945	0.390582	0.451468	0.375847	0.10397
20471	0.0861556	0.102013	3.39342	1.6992	0.500734	1.04247	3.05713	3.65889	1.675	0.457791	9.54886	0.457264	0.478454	0.392962	0.104125
20472	0.192899	0.155327	3.95252	1.85874	0.470267	0.990271	3.02039	3.67081	1.74624	0.475709	12.9106	0.317901	0.472887	0.36287	0.104513
20473	0.239176	0.20544	3.74389	1.92491	0.514147	1.04358	3.07052	3.50832	1.71081	0.487644	12.686	0.323531	0.501326	0.360911	0.104303
20474	0.263735	0.293516	4.05759	1.7825	0.439302	1.08851	3.08354	3.60156	1.66364	0.461922	11.4431	0.340129	0.449939	0.361018	0.10483
20475	0.223268	0.278293	3.86943	1.77569	0.458902	1.09588	3.11268	3.65789	1.74578	0.477264	10.5506	0.380724	0.467825	0.363311	0.105671
20476	0.35993	0.336758	3.97696	1.86412	0.468729	1.20259	3.15038	3.94666	1.79372	0.45449	11.1488	0.355036	0.461637	0.351211	0.105101
20477	0.388794	0.344702	3.99814	1.81256	0.45335	1.1296	3.11761	3.69858	1.8265	0.493837	14.0107	0.274398	0.472806	0.34576	0.105323
20478	0.300789	0.297049	3.90037	1.81726	0.465919	1.10443	3.17393	3.63673	1.78449	0.490686	12.8149	0.322921	0.47787	0.364983	0.105406
20479	0.220052	0.247677	3.64196	1.8794	0.516041	1.10537	3.09599	3.71845	1.72125	0.462894	10.3509	0.391895	0.489191	0.360441	0.105858
20480	0.252647	0.227106	4.06373	1.98876	0.489394	1.17469	3.16218	3.83641	1.73304	0.451735	10.133	0.425079	0.471106	0.366669	0.105865
20481	0.258256	0.174428	3.97102	1.89437	0.47705	1.27455	3.17865	3.81213	1.66751	0.437422	8.73826	0.516428	0.45764	0.387925	0.105984
20482	0.124181	0.153068	4.01686	2.00068	0.498071	1.17149	3.21673	3.8322	1.77967	0.464399	8.55711	0.548433	0.481631	0.383105	0.105931
20483	0.227599	0.204975	3.86851	1.92695	0.498112	1.18395	3.25484	3.83061	1.79931	0.46972	10.1701	0.457303	0.483986	0.384378	0.106437
20484	0.201835	0.176853	3.85044	1.8239	0.473687	1.29041	3.29626	3.50754	1.71579	0.48917	8.21157	0.5925	0.481068	0.407443	0.106608
20485	0.158712	0.142972	3.94995	1.78692	0.452391	1.33937	3.31288	3.67213	1.72244	0.469058	7.20857	0.696971	0.460421	0.417311	0.106474
20486	0.13371	0.160992	3.9438	1.96706	0.498773	1.30823	3.3246	3.4925	1.69018	0.483946	7.25511	0.689751	0.491809	0.40635	0.10663
20487	0.186035	0.189057	3.85003	1.92197	0.499209	1.33208	3.28161	3.86373	1.88789	0.488619	7.2816	0.656714	0.493905	0.385707	0.106546
20488	0.165017	0.153173	3.63249	1.85645	0.511069	1.37387	3.3117	3.47146	1.69609	0.488581	6.82686	0.730666	0.50008	0.412596	0.10663
20489	0.173559	0.187938	3.92988	1.9084	0.485612	1.27155	3.2805	3.92009	1.79767	0.458577	7.93299	0.602797	0.472112	0.392274	0.106803
20490	0.230798	0.213102	3.74682	1.76938	0.472236	1.27184	3.29572	3.85469	1.62734	0.422171	8.76815	0.541879	0.446848	0.411675	0.10733
20491	0.176427	0.172659	4.00446	1.94695	0.486197	1.24831	3.27393	3.73439	1.63891	0.43887	8.37108	0.574469	0.463359	0.401511	0.107839
20492	0.184826	0.133951	3.53601	1.75826	0.497244	1.30003	3.29021	3.59972	1.66226	0.461775	8.01008	0.621839	0.479351	0.421453	0.10797
20493	0.189961	0.156999	3.81484	1.90087	0.498282	1.17877	3.30242	3.91028	1.67725	0.428935	10.119	0.488867	0.46318	0.408847	0.108148
20494	0.219798	0.214653	3.6194	1.83469	0.506904	1.24562	3.26694	3.80318	1.73909	0.457273	8.85329	0.526157	0.481474	0.394691	0.107963
20495	0.173575	0.157287	3.96063	1.88022	0.474728	1.24813	3.22692	3.67488	1.84351	0.501652	8.16055	0.57733	0.487686	0.387602	0.108006
20496	0.198502	0.181809	4.01288	1.76739	0.440428	1.22558	3.23201	3.98535	1.92256	0.482408	8.81958	0.527447	0.461346	0.38675	0.107879
20497	0.16803	0.130939	3.95907	1.91123	0.482747	1.23951	3.26184	3.81772	1.81597	0.475669	8.5383	0.574032	0.479272	0.396801	0.107906
20498	0.0496261	0.0839619	3.66804	1.86163	0.507528	1.26359	3.26235	3.8621	1.81639	0.47031	6.8549	0.736856	0.488439	0.407232	0.108475
20499	0.0926623	0.10834	3.89503	1.79688	0.461325	1.25348	3.28803	3.50664	1.74965	0.498953	7.50304	0.673755	0.479152	0.416248	0.108701
20500	0.0648322	0.041372	3.76738	1.82195	0.483612	1.27065	3.28145	3.99415	1.81003	0.45317	7.2202	0.726994	0.467946	0.419609	0.108733
