cycle	Zbar1	Gbar1	VP1	VG1	h21	Zbar2	Gbar2	VP2	VG2	h22	h2b	h2b_denom	h2w	Qst	Fst
20000	0.143261	0.173479	4.21172	2.0946	0.497325	-1.84822	0.118123	3.89829	1.89375	0.485789	0.000772636	1.98301	0.49178	0.000192137	0.000366135
20001	0.199553	0.217121	3.91631	1.9794	0.505426	-1.81561	0.178416	3.93435	1.9729	0.501454	0.000368905	2.03044	0.503436	9.47982e-05	0.000585191
20002	0.276683	0.301575	3.76951	1.86649	0.495154	-1.79645	0.185466	3.68957	1.75805	0.476492	0.00313669	2.14895	0.485923	0.000929454	0.000826296
20003	0.352952	0.367828	3.87212	1.9031	0.491488	-1.78273	0.209512	3.89223	2.01519	0.517747	0.00549517	2.28056	0.504652	0.00159742	0.00109679
20004	0.464483	0.43332	3.89573	2.01554	0.517371	-1.73182	0.199653	4.11645	2.02467	0.491849	0.011319	2.41188	0.504258	0.00336885	0.00134519
20005	0.442913	0.392814	3.90739	1.97731	0.506043	-1.77571	0.214837	3.93236	1.82758	0.464756	0.00643516	2.46115	0.485333	0.00207797	0.00161356
20006	0.339123	0.352007	3.75749	1.89937	0.505489	-1.72863	0.285038	3.96468	1.98782	0.501383	0.00104894	2.1378	0.503381	0.000288498	0.00187371
20007	0.307942	0.305545	3.79869	1.97215	0.519166	-1.68465	0.310035	3.93636	1.99008	0.505563	5.0757e-06	1.98522	0.512243	1.27219e-06	0.00210468
20008	0.295491	0.363133	3.82657	1.92091	0.501993	-1.56603	0.402774	4.00571	1.98711	0.49607	0.000453488	1.73263	0.498963	0.000100568	0.00233351
20009	0.293882	0.308759	4.19232	1.91763	0.457416	-1.58001	0.402316	4.10219	2.18357	0.532293	0.00249266	1.75574	0.494448	0.000533541	0.00254706
20010	0.334093	0.420007	4.41324	1.98985	0.450881	-1.58975	0.437059	4.02987	2.05959	0.511082	7.85537e-05	1.8506	0.479615	1.79582e-05	0.00278461
20011	0.317108	0.392229	3.91227	1.86655	0.477101	-1.49195	0.480501	3.75828	1.99892	0.531869	0.00238091	1.63634	0.503935	0.000503945	0.00315239
20012	0.41529	0.414861	3.79135	1.9377	0.511083	-1.48509	0.512104	3.93202	1.92385	0.489278	0.00261836	1.80573	0.499982	0.000612129	0.00330926
20013	0.432037	0.358873	4.1198	2.09292	0.508015	-1.39597	0.569462	3.83855	1.82201	0.474662	0.0132715	1.6708	0.491928	0.00282539	0.00359979
20014	0.336555	0.351782	4.07954	2.06348	0.505812	-1.49036	0.592174	4.12639	1.94987	0.472537	0.0173143	1.66881	0.48908	0.00358863	0.00391614
20015	0.301972	0.343916	3.86182	1.92778	0.499189	-1.29707	0.704092	3.71447	1.81037	0.487383	0.0507351	1.27847	0.493401	0.00860552	0.00421242
20016	0.387247	0.393899	3.92506	1.80894	0.460869	-1.26441	0.687595	4.01366	1.91622	0.477424	0.0316195	1.36398	0.469239	0.00575836	0.00459306
20017	0.371644	0.417272	3.9727	1.79864	0.45275	-1.2667	0.713568	3.8484	1.93216	0.502069	0.0327071	1.34208	0.477018	0.00585137	0.00480626
20018	0.22378	0.280668	3.68828	1.80063	0.488204	-1.17898	0.82123	4.03336	1.93625	0.480059	0.1485	0.983863	0.483949	0.0191834	0.00499608
20019	0.241241	0.277257	3.81671	1.908	0.499908	-1.1442	0.882904	4.01898	1.9812	0.492962	0.191102	0.959721	0.496345	0.0230468	0.00528004
20020	0.364189	0.28397	3.81752	1.953	0.511589	-1.10435	0.906272	3.88622	1.92917	0.496413	0.179568	1.07831	0.503933	0.0243434	0.0054433
20021	0.422068	0.354216	4.15098	1.99335	0.480213	-1.05024	1.00351	3.86775	1.94147	0.501963	0.194482	1.08385	0.490704	0.0260992	0.0057073
20022	0.384694	0.3596	4.00617	1.81537	0.453145	-1.01379	1.0062	4.15487	1.9737	0.475034	0.213776	0.977871	0.464289	0.0268578	0.00585713
20023	0.498304	0.44462	3.87336	1.8507	0.477804	-1.02533	1.06929	4.25139	2.07995	0.489239	0.168089	1.16073	0.483787	0.0242294	0.00612162
20024	0.399027	0.430483	4.20118	1.965	0.467726	-1.02226	1.02086	4.18279	2.16655	0.517969	0.172541	1.01002	0.492793	0.0206646	0.00642314
20025	0.417703	0.411655	3.77316	1.95176	0.517274	-0.958486	1.03268	3.92027	2.06613	0.527038	0.203639	0.946948	0.522249	0.0234462	0.00665212
20026	0.564048	0.535314	4.0114	2.19228	0.546512	-0.952052	1.05072	3.99509	2.01045	0.503231	0.115567	1.14928	0.524915	0.0155634	0.00693751
20027	0.527102	0.534552	4.14789	2.068	0.498566	-0.984671	1.02462	3.75855	1.89739	0.50482	0.105085	1.14273	0.501539	0.0149229	0.00706807
20028	0.46641	0.513608	4.10557	2.10185	0.511949	-1.02072	1.01037	3.93713	2.03	0.515603	0.111583	1.10578	0.513738	0.0147188	0.00731691
20029	0.576804	0.513016	3.86133	1.8973	0.491361	-0.807992	1.10396	3.7984	1.89521	0.49895	0.182102	0.958831	0.495124	0.0225127	0.00740266
20030	0.497236	0.544777	4.02774	1.98489	0.492804	-0.844824	1.17029	3.9342	2.02536	0.514809	0.217236	0.900563	0.503677	0.0238227	0.00761689
20031	0.437968	0.51305	3.99592	1.99941	0.500363	-0.74277	1.25346	4.0039	2.00676	0.501202	0.393221	0.697071	0.500783	0.0330944	0.00779989
20032	0.454675	0.480054	3.88478	1.93268	0.497501	-0.695704	1.30383	3.9502	1.99018	0.503818	0.512786	0.661686	0.500686	0.0414741	0.00802412
20033	0.468872	0.514738	3.96644	2.01991	0.509251	-0.698299	1.34785	3.90478	1.93144	0.494635	0.509488	0.681144	0.502	0.0420863	0.00814782
20034	0.568489	0.486156	4.01517	1.85986	0.463208	-0.520816	1.45429	3.93997	2.08344	0.528796	0.789906	0.593292	0.495692	0.0561164	0.00831145
20035	0.472833	0.426533	3.59877	1.86536	0.518331	-0.51216	1.43925	4.11083	2.00646	0.488091	1.05709	0.485106	0.502206	0.0621386	0.00866459
20036	0.433417	0.444358	3.4961	1.6716	0.478133	-0.544961	1.41958	3.98949	1.92786	0.483236	0.993568	0.478612	0.480852	0.0619922	0.00904055
20037	0.389514	0.403562	3.64357	1.77921	0.488317	-0.604898	1.40418	4.32593	2.14438	0.495704	1.01253	0.494428	0.492327	0.0599985	0.0091278
20038	0.304085	0.371648	3.91268	1.86211	0.475917	-0.58051	1.45158	4.35569	2.13506	0.490176	1.49041	0.391254	0.483429	0.0680154	0.00932506
20039	0.34993	0.330617	4.08703	1.8821	0.460506	-0.37877	1.54456	4.03739	1.99775	0.494811	2.77523	0.265501	0.477554	0.0867608	0.00956994
20040	0.281049	0.320235	3.82838	1.83778	0.480042	-0.467596	1.5498	3.8298	1.88081	0.491098	2.69742	0.280234	0.485571	0.0923038	0.00973804
20041	0.303753	0.311148	4.13859	1.99706	0.482545	-0.460765	1.55011	3.76986	2.02848	0.538078	2.62625	0.292244	0.509017	0.0870728	0.0100013
20042	0.518099	0.522625	4.01938	1.94797	0.484645	-0.266694	1.72075	4.10277	1.94107	0.473112	2.33074	0.307949	0.478819	0.0845212	0.0102603
20043	0.47673	0.557243	3.74365	1.81628	0.485163	-0.296476	1.72638	4.19481	2.07742	0.495236	2.28632	0.298924	0.490485	0.0807183	0.0105872
20044	0.570418	0.569625	3.66151	1.78192	0.486664	-0.132348	1.86582	3.82548	1.99394	0.521227	3.4019	0.24694	0.504324	0.100151	0.010709
20045	0.53592	0.492758	3.78505	1.85698	0.490608	-0.137108	1.92038	3.91949	2.03597	0.519448	4.49948	0.226483	0.50528	0.115788	0.0110027
20046	0.479031	0.487571	3.90891	1.7976	0.459874	-0.162315	1.87509	4.26224	2.11791	0.496902	4.68053	0.205662	0.479188	0.109515	0.0112257
20047	0.48858	0.462137	3.66546	1.8583	0.506976	-0.0299881	1.9243	4.22287	2.01023	0.476035	7.9502	0.134456	0.490412	0.121443	0.0115291
20048	0.428653	0.451242	3.90388	1.97792	0.506655	-0.0199728	1.91607	3.91363	2.1828	0.557743	10.6612	0.100633	0.532231	0.114254	0.0118634
20049	0.448723	0.446311	3.98034	2.02472	0.50868	0.0121424	1.9184	4.18173	2.09442	0.500849	11.3694	0.0953013	0.504668	0.116286	0.0119111
20050	0.55689	0.48335	3.86666	1.91098	0.494219	-0.0638702	1.94336	4.36989	2.20463	0.504505	5.53178	0.192672	0.499676	0.114691	0.0121605
20051	0.487844	0.499953	4.14397	2.08483	0.503099	-0.0525851	1.99128	3.63296	2.04519	0.562954	7.61499	0.146032	0.53106	0.118706	0.0125823
20052	0.45316	0.450203	3.7752	2.08243	0.551608	0.0116481	1.96755	4.00149	2.0037	0.500737	11.811	0.0974662	0.525432	0.123525	0.0129166
20053	0.327297	0.381731	3.8566	1.94016	0.503077	-0.121024	1.909	3.96895	1.89985	0.478678	11.6052	0.100496	0.490703	0.131895	0.013195
20054	0.439046	0.389513	3.75533	2.09305	0.557354	-0.0124193	1.9196	4.00791	2.00799	0.501006	11.4864	0.101911	0.528263	0.124949	0.013474
20055	0.263827	0.316513	4.36432	2.03184	0.465556	-0.016018	1.98063	3.94621	1.89502	0.480213	35.3615	0.0391566	0.472516	0.149943	0.0138555
20056	0.358367	0.342235	3.98811	1.92598	0.48293	0.00735338	1.99748	3.8827	1.88124	0.484518	22.2371	0.0616054	0.483713	0.152543	0.0140992
20057	0.331704	0.321638	4.04359	1.85225	0.458071	0.0501687	2.03931	3.88858	1.89083	0.486252	37.2233	0.039631	0.471887	0.164686	0.0143027
20058	0.390625	0.275127	4.0376	1.86058	0.460812	-0.0155595	2.029	4.07258	1.89992	0.466515	18.6444	0.0824931	0.463676	0.16985	0.0146971
20059	0.220847	0.250355	3.78807	1.82786	0.482532	-0.00439295	2.04988	3.8879	1.91122	0.491583	63.8298	0.0253666	0.487116	0.178054	0.0149621
20060	0.249108	0.281101	3.90824	1.88082	0.481246	0.154093	2.11861	3.97865	1.80433	0.453504	374.008	0.00451388	0.467251	0.186445	0.0152446
20061	0.311048	0.286642	4.04509	1.83307	0.45316	0.145904	2.16171	3.7173	1.96514	0.528647	128.917	0.0136362	0.48931	0.188004	0.015533
20062	0.206283	0.185088	3.87207	1.94965	0.503517	0.150298	2.14128	4.04434	2.16483	0.535275	1220.91	0.00156715	0.519741	0.188726	0.0158405
20063	0.0684201	0.150403	3.85241	2.05871	0.534395	0.0931879	2.12221	3.71177	1.99276	0.536877	6338.03	0.000306723	0.535613	0.193571	0.0162936
20064	0.23715	0.161475	3.89299	1.88757	0.484864	0.200663	2.17893	4.27112	2.20019	0.515132	3057.11	0.000665683	0.500699	0.199389	0.0166361
20065	0.189522	0.188571	4.09867	2.07164	0.505443	0.166875	2.15217	4.17059	2.07864	0.498404	7517.45	0.000256452	0.501893	0.188557	0.0167186
20066	0.0537105	0.103392	4.0564	2.00189	0.493515	0.149377	2.17268	3.83738	1.92573	0.501833	467.868	0.00457603	0.497559	0.214263	0.0169269
20067	0.157426	0.174918	4.48574	2.16756	0.483211	0.193463	2.18917	3.87633	1.97507	0.509521	3124.16	0.000649327	0.495407	0.196766	0.0169677
20068	0.230915	0.195581	4.25728	2.10399	0.494209	0.141577	2.16077	4.23506	2.01146	0.474955	483.882	0.00399062	0.484607	0.1901	0.0171828
20069	0.204018	0.203337	3.87029	2.00343	0.517643	0.194888	2.17419	3.92493	2.0807	0.530123	46592.1	4.16838e-05	0.523927	0.192171	0.0176199
20070	0.114006	0.141742	4.23039	1.9241	0.454828	0.199497	2.15489	3.81991	1.91551	0.501455	554.509	0.00365438	0.476953	0.208868	0.0177549
20071	0.0812339	0.104673	3.87965	1.87313	0.48281	0.252509	2.22174	3.74413	1.89454	0.506003	152.784	0.0146676	0.494201	0.229314	0.0180962
20072	0.136301	0.079596	4.18303	1.95635	0.467688	0.254801	2.25361	3.67487	1.9716	0.536509	336.581	0.00702112	0.499873	0.23134	0.0183836
20073	0.150837	0.087332	3.83841	1.87697	0.488997	0.240463	2.2363	4.19407	1.98851	0.474125	574.907	0.00401636	0.481232	0.230072	0.0184838
20074	0.12797	0.0842552	3.68016	1.82346	0.495485	0.150748	2.194	3.89412	2.00909	0.51593	8579.37	0.000259402	0.505996	0.225099	0.0184307
20075	0.0203084	0.0783114	4.09357	1.91502	0.467813	0.198968	2.2208	3.51588	1.86336	0.529984	143.808	0.0159597	0.496538	0.233053	0.018801
20076	0.0824348	0.101173	4.04396	1.99658	0.493719	0.1952	2.24136	3.99077	1.8758	0.470035	360.211	0.00635796	0.481956	0.228311	0.0189115
20077	0.0634706	0.0943596	4.14451	1.97191	0.475789	0.289276	2.22935	4.12575	2.00304	0.485498	89.3969	0.0254941	0.480632	0.222894	0.0191539
20078	0.0624863	0.0534193	3.93064	1.93083	0.491226	0.28237	2.25811	3.54437	1.89004	0.53325	100.533	0.0241744	0.511152	0.241385	0.019183
20079	-0.0222231	0.0223251	3.87056	1.98286	0.512294	0.228938	2.23695	4.03659	1.9577	0.48499	77.7494	0.031541	0.498355	0.237407	0.0192757
20080	-0.0193899	-0.00147637	3.89648	1.99985	0.513245	0.340576	2.22736	3.84473	1.95366	0.50814	38.3382	0.0647878	0.51071	0.239133	0.019176
20081	-0.110617	-0.140935	3.88215	1.91454	0.493165	0.239299	2.25501	4.06053	1.84878	0.455305	46.8844	0.0612205	0.47381	0.276171	0.0193373
20082	-0.0298018	-0.11027	3.75774	1.72449	0.458918	0.232903	2.26098	3.75382	1.89376	0.504489	81.4743	0.0345068	0.481692	0.279902	0.0195283
20083	-0.228663	-0.141405	3.86934	1.89263	0.489134	0.210149	2.23094	3.83518	1.89774	0.494824	29.2278	0.0962783	0.491966	0.270813	0.019668
20084	-0.123298	-0.124322	3.87776	1.95081	0.503076	0.163082	2.18262	4.07209	1.95889	0.481052	64.8917	0.0410066	0.491795	0.253996	0.0199623
20085	-0.184979	-0.109766	3.55813	1.77538	0.498964	0.31653	2.25467	3.80584	1.7649	0.463734	22.2278	0.125755	0.480756	0.283143	0.0204168
20086	-0.0605231	-0.000781567	3.99828	1.78143	0.445549	0.256885	2.24548	4.09651	1.86153	0.454418	50.0824	0.0503741	0.450037	0.2573	0.0207412
20087	-0.00290056	0.0104865	3.68794	1.67361	0.453804	0.191355	2.18832	3.78502	1.81318	0.479041	125.69	0.0188676	0.466587	0.253862	0.0211301
20088	0.0618448	-0.000479373	3.72973	1.76176	0.472356	0.153058	2.16417	4.00137	1.90272	0.475517	563.199	0.0041599	0.473992	0.242327	0.0215207
20089	-0.0195907	0.0108909	3.56704	1.68131	0.471346	0.199971	2.21746	4.04794	2.02674	0.500685	101.0	0.0241037	0.486942	0.247233	0.0217525
20090	0.0145269	0.033531	3.8792	1.81484	0.467838	0.135779	2.27095	3.96038	2.04161	0.515508	340.503	0.00735098	0.49192	0.245105	0.0218206
20091	0.0614159	0.0342423	3.97694	1.95637	0.491929	0.305722	2.36013	4.17409	2.04568	0.490089	90.6375	0.0298427	0.490987	0.252674	0.0222609
20092	0.0221522	0.0465668	3.85628	1.88436	0.488648	0.514795	2.50222	3.94629	1.82578	0.462657	24.8468	0.121348	0.475503	0.289035	0.0228065
20093	0.117003	0.0474055	3.90636	1.85244	0.474212	0.464791	2.52824	3.91517	1.73246	0.4425	50.8824	0.060478	0.458338	0.300412	0.0230501
20094	-0.00093552	0.0700483	3.87372	1.85371	0.478533	0.459561	2.48405	4.02861	1.8648	0.462889	27.4804	0.106028	0.470558	0.281599	0.0232917
20095	0.127544	0.139145	3.83979	1.83036	0.476681	0.552878	2.53594	3.54348	1.68021	0.474169	31.7543	0.0904546	0.475475	0.290429	0.0235951
20096	0.0665181	0.100728	4.1584	1.90475	0.458049	0.49578	2.50143	3.70849	1.80217	0.485957	31.2774	0.092133	0.471205	0.279998	0.0239472
20097	0.0366858	0.0943038	3.9933	1.74959	0.438132	0.461544	2.4659	3.80298	1.86098	0.489347	31.1598	0.0902521	0.463114	0.28039	0.0243134
20098	0.0430367	0.0440502	3.54313	1.84041	0.51943	0.506215	2.48052	3.8075	1.91773	0.50367	27.6711	0.107267	0.511267	0.283205	0.0245387
20099	0.0436559	0.0195716	3.64048	1.80297	0.495255	0.446411	2.46209	4.07561	1.94344	0.476847	36.7785	0.0811058	0.485532	0.28485	0.0246411
20100	0.000225447	0.0211155	3.89635	1.94861	0.50011	0.493963	2.50467	4.02573	1.91073	0.47463	25.3019	0.121888	0.487162	0.285588	0.0249266
20101	0.047948	5.49223e-05	3.52594	1.82766	0.518346	0.570321	2.51861	3.95473	2.02868	0.512974	23.2457	0.136437	0.515506	0.291494	0.0251873
20102	0.182533	0.0848759	3.85589	1.95969	0.508232	0.592942	2.5199	4.27316	2.1716	0.508194	35.2025	0.0842177	0.508212	0.264158	0.0254315
20103	0.158943	0.0964339	3.81439	1.86093	0.487871	0.537775	2.49898	3.94003	2.1642	0.549285	40.2207	0.0717568	0.519075	0.263998	0.0257129
20104	0.17905	0.196822	4.08857	1.95315	0.477711	0.510514	2.48828	4.08052	2.04742	0.501755	47.7912	0.0549345	0.489721	0.247153	0.0259343
20105	0.193785	0.236172	4.0801	1.91717	0.469883	0.544244	2.57012	3.80922	1.79847	0.472136	44.3514	0.0614108	0.470971	0.268308	0.0264024
20106	0.116831	0.189972	3.68326	1.77928	0.483072	0.564739	2.59321	3.93291	1.9878	0.505427	28.7882	0.100311	0.494616	0.277186	0.0267461
20107	0.145553	0.190299	3.80604	1.79674	0.472076	0.73079	2.61272	4.06422	1.96907	0.484488	17.1331	0.171251	0.478486	0.280452	0.0270276
20108	0.134917	0.136905	4.08563	1.8442	0.451388	0.579739	2.57384	4.00173	2.02229	0.505354	30.0134	0.0989333	0.478091	0.277547	0.0271707
20109	0.15567	0.111469	4.03808	2.04551	0.506556	0.65668	2.53703	4.02197	2.07869	0.516833	23.4386	0.125506	0.511684	0.262979	0.0272839
20110	0.0656037	0.0910226	3.95762	1.99634	0.504428	0.601821	2.56897	4.45307	2.20556	0.49529	21.3553	0.143764	0.49959	0.267672	0.0272468
20111	0.209428	0.111702	4.18293	2.0314	0.48564	0.700362	2.61463	4.46339	2.15568	0.482969	25.9926	0.120508	0.484262	0.272321	0.0275302
20112	0.121276	0.108442	4.17939	1.94793	0.466081	0.685279	2.65302	4.20142	2.14729	0.511087	20.3549	0.15905	0.488643	0.283395	0.0276207
20113	0.201192	0.243071	4.17387	2.02975	0.4863	0.590186	2.61446	4.20921	2.18997	0.520281	37.1639	0.0756583	0.503362	0.250001	0.0275746
20114	0.152971	0.212711	3.88463	1.89791	0.488568	0.591892	2.59711	3.95672	2.10881	0.532969	29.5112	0.0963258	0.510973	0.261948	0.0278693
20115	0.235089	0.186462	3.63632	1.81042	0.497872	0.583785	2.60117	3.87952	2.01405	0.519149	47.9554	0.0607943	0.508855	0.276067	0.0279077
20116	0.223632	0.236521	4.07284	1.87336	0.459965	0.683094	2.70792	3.91706	2.01582	0.514625	28.9325	0.105552	0.486762	0.282027	0.028142
20117	0.218587	0.215008	3.81108	1.96298	0.515071	0.728528	2.71405	4.30503	2.05189	0.476626	24.0163	0.13002	0.494679	0.280096	0.0284418
20118	0.347335	0.344628	3.90194	1.9772	0.506723	0.662657	2.69136	4.41927	2.19662	0.497056	55.3882	0.0497141	0.501589	0.248136	0.0289454
20119	0.258797	0.354092	4.06364	1.99112	0.489983	0.608978	2.65896	4.19318	2.18152	0.520254	43.3218	0.0613133	0.505356	0.241532	0.029196
20120	0.427038	0.342028	3.93381	1.83584	0.466684	0.591906	2.68462	3.96329	2.14654	0.541606	201.893	0.0135907	0.504285	0.256325	0.0296613
20121	0.411415	0.358858	4.0811	1.82586	0.447394	0.690638	2.74611	3.841	1.92846	0.502074	73.0961	0.0389827	0.473905	0.275196	0.0300177
20122	0.401767	0.390295	3.47714	1.65513	0.476004	0.657904	2.74151	3.95831	1.87912	0.474728	84.2633	0.0328031	0.475324	0.281217	0.030266
20123	0.46007	0.449191	4.00764	1.72443	0.430286	0.781185	2.83906	4.0937	1.97422	0.482259	55.3896	0.0515573	0.456548	0.278626	0.03049
20124	0.392702	0.410942	3.58543	1.77939	0.496284	0.805617	2.80327	3.74891	1.9249	0.513457	33.5675	0.0852492	0.505062	0.278733	0.0305313
20125	0.472189	0.437373	3.67456	1.86633	0.507904	0.778784	2.80779	4.01829	1.868	0.464876	59.7754	0.0470001	0.485429	0.273442	0.0308476
20126	0.422032	0.404003	3.70658	1.79454	0.48415	0.856001	2.81189	3.67696	1.8962	0.515698	30.7861	0.0941647	0.49986	0.28209	0.0310023
20127	0.521261	0.450857	3.67279	1.88436	0.513061	0.819814	2.87542	3.84421	1.98679	0.516827	65.9517	0.0445669	0.514987	0.275271	0.0308783
20128	0.488821	0.443119	3.91942	2.07106	0.52841	0.836241	2.89597	4.1391	1.94434	0.469748	49.8462	0.0603503	0.498279	0.272608	0.0308989
20129	0.374994	0.425533	4.13664	2.0588	0.497698	0.83963	2.89469	3.75224	1.69254	0.451074	28.2405	0.107944	0.475522	0.28902	0.0313467
20130	0.513993	0.445257	4.07907	2.11929	0.519552	0.817677	2.89731	4.02844	1.7224	0.42756	65.1952	0.0461121	0.473843	0.281334	0.0317274
20131	0.524768	0.416378	3.92849	2.01418	0.512712	0.984042	2.92593	3.94947	1.90889	0.483327	29.8572	0.105466	0.49798	0.286497	0.032256
20132	0.359961	0.393635	3.89721	1.84075	0.472326	0.983649	2.94562	3.72393	1.85246	0.497447	16.7425	0.194494	0.484601	0.306072	0.0327212
20133	0.369358	0.401185	4.0846	2.02637	0.496099	0.860432	2.91669	3.86737	1.87802	0.485607	26.2396	0.120577	0.490996	0.288446	0.0331452
20134	0.321283	0.36556	4.02808	2.02964	0.503871	0.882312	2.87433	4.09397	1.88299	0.459943	19.9965	0.157377	0.481729	0.286915	0.0333723
20135	0.302693	0.328015	4.04839	1.94563	0.480594	0.860255	2.79693	3.62118	1.81377	0.500878	19.6076	0.155438	0.490171	0.288538	0.0336701
20136	0.326237	0.368029	4.22086	2.05961	0.487959	0.853152	2.82017	3.71265	1.85477	0.499581	21.6575	0.13882	0.493398	0.277574	0.0337743
20137	0.298946	0.348748	3.68132	1.84865	0.502171	0.893876	2.85432	4.0919	1.85341	0.452946	17.737	0.176971	0.476258	0.297831	0.0342091
20138	0.242905	0.283598	3.84606	1.8016	0.468428	0.885105	2.83722	3.81385	1.77137	0.464457	15.8114	0.206211	0.466451	0.313423	0.0344919
20139	0.372013	0.274294	4.20087	1.99774	0.475553	0.950096	2.9069	3.83058	1.79469	0.468517	20.7391	0.16709	0.472197	0.313705	0.034922
20140	0.342565	0.28714	4.28301	2.1233	0.495749	1.03219	2.95039	3.87231	1.82821	0.472123	14.914	0.237794	0.484531	0.309855	0.0352903
20141	0.206061	0.214287	3.79343	1.91897	0.505867	0.974566	2.98456	3.96272	1.93362	0.487954	12.9943	0.2953	0.496715	0.332556	0.0353681
20142	0.213493	0.179828	3.89862	1.89428	0.485885	0.983408	2.95699	4.4146	2.18194	0.494255	13.0112	0.296384	0.49033	0.321235	0.0355219
20143	0.202735	0.212824	3.8733	1.90616	0.492128	0.976321	2.93466	3.8227	1.99104	0.520848	12.3796	0.299217	0.506393	0.322252	0.0357493
20144	0.21343	0.229965	4.04367	1.93107	0.477553	0.870859	2.88329	3.87089	1.99574	0.515576	16.2886	0.216106	0.49615	0.309599	0.0357488
20145	0.167566	0.167473	4.0295	1.99326	0.494666	0.952613	2.93359	3.90512	2.01284	0.515437	12.4151	0.30815	0.504889	0.323284	0.0355874
20146	0.22728	0.177688	4.23721	2.00256	0.472613	0.931513	2.93544	3.57019	1.86817	0.523269	15.3348	0.247972	0.495777	0.329509	0.0360794
20147	0.22487	0.235005	4.02011	2.08072	0.517578	0.916936	2.91206	3.84777	1.90902	0.496136	14.963	0.239478	0.507092	0.310006	0.0361356
20148	0.227041	0.261886	4.30555	2.12879	0.494429	0.901968	2.83844	4.0366	2.01614	0.499466	14.5735	0.227763	0.496866	0.286023	0.0362308
20149	0.17528	0.158062	3.98568	2.1095	0.529269	0.795824	2.83472	3.98982	2.04088	0.511523	18.6055	0.192537	0.520391	0.301565	0.0363952
20150	0.180294	0.175994	4.02432	1.97965	0.491922	0.786583	2.80681	4.0119	1.99339	0.496869	18.8287	0.183793	0.494391	0.303489	0.0365889
20151	0.18308	0.150925	4.37442	2.17339	0.496841	0.82294	2.84396	4.05814	2.1059	0.518932	17.714	0.20471	0.507472	0.297707	0.036939
20152	0.180227	0.179672	4.04398	2.003	0.495303	0.765559	2.8425	3.63958	1.84302	0.506383	20.6956	0.171307	0.500551	0.315602	0.0371458
20153	0.171024	0.173363	4.02109	2.14785	0.534147	0.792908	2.82311	3.80854	1.90181	0.499353	18.1548	0.19337	0.517222	0.302484	0.0374714
20154	0.155152	0.209678	3.86556	1.94187	0.502353	0.844453	2.80485	3.89281	1.8965	0.487181	14.1747	0.237568	0.49474	0.305013	0.0376891
20155	0.234806	0.21539	3.94897	2.0335	0.514945	0.754817	2.7896	3.97561	2.01027	0.50565	24.5054	0.135206	0.510282	0.29072	0.03802
20156	0.30431	0.213148	3.91198	2.04756	0.523407	0.891222	2.85397	3.95014	1.97971	0.501175	20.2457	0.172233	0.512237	0.30223	0.0381232
20157	0.253828	0.220476	4.16036	2.0831	0.500701	0.852025	2.87587	3.97314	1.96869	0.495501	19.7047	0.17892	0.498161	0.303272	0.038459
20158	0.22711	0.236486	3.86238	2.06194	0.533853	0.933114	2.92499	4.16478	2.00087	0.480427	14.5013	0.249221	0.506134	0.307954	0.03866
20159	0.28425	0.241723	3.8043	1.97237	0.518457	0.927031	2.96529	3.96338	1.9516	0.492407	17.9535	0.206583	0.505165	0.321036	0.0391971
20160	0.187338	0.206284	4.21699	1.97577	0.468526	0.957547	2.99587	4.0816	1.97969	0.485027	13.1178	0.296611	0.476642	0.329797	0.0397214
20161	0.222642	0.151398	3.70793	1.92092	0.518056	1.00463	3.01975	4.00469	1.9781	0.493946	13.4543	0.305754	0.505537	0.345462	0.0398532
20162	0.127813	0.139251	4.07158	2.02655	0.497732	1.15502	3.10698	4.10883	2.11495	0.514733	8.34701	0.527579	0.506271	0.347225	0.039912
20163	0.194201	0.174586	3.7196	1.87688	0.504593	0.990823	3.07235	4.27142	2.26708	0.530756	13.2319	0.317304	0.518578	0.336358	0.040424
20164	0.0482071	0.10993	4.17081	2.12297	0.509007	1.11605	3.16546	4.23515	2.26032	0.533704	8.18759	0.570148	0.52145	0.347582	0.0406059
20165	0.125725	0.142749	4.29701	2.09421	0.487366	1.11102	3.15829	3.91305	2.13806	0.546391	9.36699	0.485401	0.515498	0.34956	0.0407546
20166	0.0438146	0.109306	3.87434	1.91084	0.493204	1.16139	3.18584	4.12025	2.0353	0.493975	7.57822	0.624493	0.493602	0.374977	0.0412028
20167	-0.0183253	0.0136066	4.13089	2.00463	0.485278	1.25172	3.20224	3.81545	1.97077	0.516523	6.30332	0.806511	0.50028	0.390138	0.0413129
20168	-0.0172066	0.0222227	4.11759	2.0135	0.489	1.25071	3.20535	3.9802	2.0364	0.511631	6.30274	0.803803	0.500124	0.384911	0.0415129
20169	0.0633535	-0.0122309	3.77462	1.89206	0.501258	1.13305	3.12647	3.89877	2.06997	0.530928	8.6096	0.57212	0.516333	0.38345	0.0417763
20170	0.0395742	0.0349841	4.10996	1.93005	0.469603	1.0925	3.07832	4.07846	2.06235	0.505668	8.35416	0.554328	0.487566	0.367193	0.0420851
20171	0.10155	0.0682205	3.83744	2.01674	0.525544	1.12416	3.06531	3.77756	1.96979	0.521446	8.58964	0.52287	0.523511	0.360445	0.0422267
20172	0.0322966	0.0745281	4.33523	2.14624	0.495069	1.06	3.0795	4.06687	2.18891	0.538229	8.5495	0.528091	0.51596	0.342535	0.0423222
20173	0.158483	0.126966	3.99812	2.20815	0.552297	1.12019	3.08912	3.99249	2.19238	0.549125	9.48702	0.462441	0.550712	0.33277	0.0428037
20174	0.182402	0.178817	4.19356	2.17115	0.517735	0.997698	2.99471	4.217	2.09182	0.496046	11.929	0.332353	0.50686	0.317518	0.0432602
20175	0.17014	0.181536	4.12848	2.10646	0.510227	0.993103	2.99975	4.19389	2.14258	0.510882	11.7271	0.338634	0.510557	0.318586	0.0434369
20176	0.229302	0.23237	4.19264	2.05817	0.490901	0.916218	2.96799	4.11607	2.1781	0.52917	15.86	0.235927	0.509859	0.306451	0.0436336
20177	0.26076	0.217029	3.87093	1.86233	0.481107	1.00875	2.99933	4.14097	2.22326	0.536894	13.8361	0.279746	0.50994	0.32154	0.0440569
20178	0.300363	0.282567	3.80333	1.87157	0.492086	1.07981	3.01865	4.13912	2.15981	0.521804	12.3221	0.303769	0.507573	0.317161	0.044206
20179	0.162794	0.197098	3.81204	1.86503	0.489246	0.993217	2.97396	3.99113	2.08134	0.521492	11.1817	0.344802	0.505739	0.328286	0.044455
20180	0.284557	0.213763	3.93971	1.99444	0.50624	1.01888	3.00839	3.85664	2.07945	0.539188	14.4836	0.269613	0.522538	0.324099	0.0446657
20181	0.224786	0.180408	3.95141	1.89728	0.480152	1.03888	3.01566	4.01822	2.06803	0.514663	12.1292	0.331374	0.497552	0.336458	0.0447105
20182	0.174238	0.137937	4.11015	1.9411	0.47227	0.89908	2.94956	4.0389	2.05822	0.5096	15.0463	0.262698	0.490772	0.330839	0.0451579
20183	0.0250759	0.135857	4.01793	2.00642	0.499366	0.96278	2.92618	4.51965	2.14931	0.475549	8.85477	0.439644	0.486758	0.319087	0.0453209
20184	0.0455969	0.111555	4.01961	2.0238	0.503482	0.945715	2.93648	4.11102	2.27222	0.552713	9.84952	0.405106	0.528374	0.317233	0.0456061
20185	0.0890795	0.0445067	4.10902	2.12935	0.518214	1.0661	2.98817	4.24226	2.16935	0.511365	9.07752	0.477286	0.514735	0.335191	0.04571
20186	1.54553e-05	0.0181614	4.02485	2.12352	0.527601	1.07949	3.07837	4.29995	2.22794	0.518131	8.03669	0.582634	0.52271	0.349933	0.0462355
20187	-0.131715	-0.0410645	4.28548	2.31084	0.539225	1.14924	3.1084	4.14929	2.33721	0.563278	6.04515	0.820422	0.551057	0.348016	0.0465234
20188	-0.176396	-0.102155	3.92728	1.97496	0.502881	1.15946	3.05131	4.20112	2.40583	0.572663	5.57257	0.892256	0.538948	0.362156	0.0468975
20189	-0.104684	-0.0517836	3.84581	1.95	0.507045	1.19626	3.12807	4.13479	2.18557	0.528581	5.97442	0.846231	0.518203	0.379482	0.0472072
20190	-0.0859729	-0.0920069	4.07817	2.05927	0.504949	1.16391	3.11657	4.33408	2.14924	0.495894	6.59006	0.7811	0.500284	0.379601	0.0474857
20191	-0.0988543	-0.112273	4.10923	2.00447	0.487797	1.108	3.14725	3.9305	2.03749	0.518379	7.29447	0.728255	0.502748	0.396669	0.0478102
20192	-0.103527	-0.117483	4.05227	2.03281	0.501647	1.19237	3.22271	3.75831	1.85818	0.494419	6.64356	0.839678	0.498169	0.417657	0.0480644
20193	-0.130127	-0.085422	4.07956	1.98966	0.487715	1.14587	3.13877	4.08842	2.0946	0.512325	6.38474	0.814081	0.500033	0.388987	0.0486185
20194	-0.090957	-0.0856362	3.85151	1.97961	0.513982	1.08976	3.11723	4.03125	2.14214	0.531383	7.35844	0.697048	0.522881	0.383675	0.0487868
20195	-0.228224	-0.141652	3.98273	2.00679	0.503873	1.08211	3.06263	3.82819	1.92851	0.503765	5.97992	0.858489	0.50382	0.394889	0.0492629
20196	-0.206535	-0.130493	4.01013	2.03247	0.506834	1.07423	3.10918	4.06773	2.05419	0.504996	6.39825	0.820185	0.505908	0.391128	0.0496593
20197	-0.0815772	-0.077197	3.80407	1.99345	0.52403	1.15078	3.1412	4.0089	1.96947	0.491275	6.82036	0.75935	0.507223	0.395319	0.0498143
20198	0.0357752	-0.0388905	4.08995	2.02897	0.496087	1.02434	3.03632	3.97296	2.01734	0.507768	9.67694	0.488633	0.501843	0.368921	0.0503493
20199	-0.000917289	-0.036502	3.98509	1.96161	0.492237	0.860811	2.98981	3.87524	2.08383	0.537729	12.3335	0.371288	0.514665	0.361538	0.0507087
20200	-0.0192718	0.0245523	3.96069	1.97395	0.498386	1.0008	2.98226	4.34661	2.0862	0.47996	8.40719	0.520271	0.488745	0.350194	0.0509444
20201	0.103051	0.0710208	4.26512	2.09501	0.491195	0.934583	2.99815	4.21996	2.00525	0.475182	12.3915	0.345723	0.483231	0.34326	0.051054
20202	0.0200263	0.0566605	4.11816	1.87252	0.454698	0.948369	3.00481	3.83996	1.9019	0.49529	10.0851	0.43091	0.474285	0.365473	0.0510876
20203	-0.00277825	0.0388674	4.05099	2.00061	0.493856	1.05685	3.05968	3.5983	1.94008	0.539167	8.12722	0.561405	0.515171	0.36677	0.0513407
20204	-0.16119	-0.120752	3.91894	2.00735	0.512218	1.0169	3.01842	4.21942	2.1396	0.507085	7.10021	0.693953	0.509557	0.372794	0.0514558
20205	-0.184152	-0.151556	4.07786	2.1585	0.529321	1.05177	3.02712	4.13681	2.03532	0.492002	6.61469	0.763752	0.510528	0.37602	0.0521814
20206	-0.0439164	-0.113379	4.01646	2.05024	0.510461	0.962335	3.02706	4.39384	1.98101	0.450861	9.74022	0.506271	0.479324	0.379624	0.0521668
20207	-0.0856651	-0.102465	4.11958	2.18319	0.529956	0.9782	3.05046	3.99142	2.006	0.502577	8.78325	0.565905	0.516483	0.372469	0.0521257
20208	0.0838729	0.0839859	4.02627	2.15713	0.535764	1.08279	3.09941	4.11685	1.99567	0.484755	9.11257	0.498915	0.509976	0.353865	0.0522011
20209	0.0179248	0.0274055	3.96101	2.05864	0.519727	1.16761	3.12618	4.09606	2.17318	0.530554	7.26481	0.660885	0.525232	0.362064	0.0523366
20210	0.104887	0.0393741	3.91033	2.09353	0.535385	1.1738	3.14291	4.03594	2.0428	0.506152	8.43004	0.571285	0.520537	0.368066	0.0524699
20211	0.0415742	0.0306503	3.85896	1.92301	0.498325	1.08911	3.13446	3.90156	2.16426	0.554716	8.77907	0.548671	0.526675	0.370887	0.0524115
20212	-0.00877982	0.0235463	3.62609	1.86324	0.513844	1.12912	3.17769	4.24571	2.00543	0.472342	7.68339	0.647413	0.49146	0.391439	0.0526152
20213	0.0651214	0.0409745	3.82027	1.89762	0.496724	1.31589	3.17535	4.20742	2.15642	0.512528	6.27983	0.78221	0.505007	0.377388	0.0528967
20214	0.0263534	0.0760552	3.98185	1.99477	0.500965	1.19372	3.13419	4.22177	2.10633	0.498921	6.86273	0.681376	0.499914	0.363215	0.0526715
20215	0.195231	0.128372	3.91844	1.89639	0.483965	1.06827	3.136	4.17658	2.05275	0.49149	11.8682	0.381095	0.487847	0.364245	0.0528256
20216	0.0781517	0.0577978	3.91481	1.98737	0.507654	1.11843	3.21611	3.61054	1.92599	0.533434	9.21747	0.54109	0.520023	0.389335	0.0530161
20217	0.0586021	0.0262634	4.00155	1.99336	0.498146	1.23225	3.31276	3.92822	1.97938	0.503889	7.8414	0.688722	0.500991	0.404776	0.053325
20218	0.106068	0.123676	4.25632	2.11672	0.497313	1.44593	3.40164	4.36051	1.97012	0.45181	5.98535	0.897613	0.474286	0.396727	0.053568
20219	0.0299274	0.0284414	4.40774	2.05129	0.465382	1.49214	3.47332	3.9944	1.86229	0.466224	5.55046	1.06903	0.465783	0.43132	0.0538642
20220	-0.078896	-0.0398059	3.79777	1.9167	0.504689	1.46397	3.40354	3.95354	1.85785	0.469921	4.98082	1.19023	0.486956	0.439993	0.0540402
20221	-0.0641124	0.00357594	4.11562	1.91106	0.464343	1.39935	3.37437	3.85487	2.1317	0.55299	5.30522	1.07086	0.507216	0.412795	0.0540802
20222	-0.0058735	-0.0137253	3.94687	1.97234	0.499724	1.22528	3.31789	3.8523	2.0334	0.52784	7.32289	0.757874	0.513611	0.409361	0.0543541
20223	0.0903396	0.0398598	3.95306	1.89488	0.479345	1.36806	3.397	3.76444	1.89296	0.502854	6.90346	0.816285	0.490812	0.426679	0.0545198
20224	0.0197162	0.0106481	4.27	2.11121	0.494428	1.34496	3.37475	4.09065	1.97548	0.482925	6.44383	0.878139	0.4888	0.409215	0.0546855
20225	0.0974011	0.100263	3.84851	1.99428	0.518195	1.4213	3.43418	3.89795	1.93158	0.495538	6.34167	0.876349	0.506794	0.414576	0.05498
20226	0.100112	0.0476659	3.9363	1.99725	0.507393	1.41181	3.44617	3.90408	1.96415	0.503103	6.71283	0.860281	0.505257	0.421719	0.0553398
20227	0.0122497	0.0162519	4.15613	2.10346	0.506111	1.44328	3.40375	3.75442	1.89314	0.504242	5.60349	1.02393	0.505224	0.417983	0.0552818
20228	0.09505	0.102045	4.38976	2.09812	0.477959	1.37488	3.3734	3.95895	1.92517	0.486284	6.53361	0.81898	0.481907	0.399515	0.0554037
20229	-0.0503319	0.0454088	3.89268	1.90792	0.490131	1.40909	3.44581	3.92912	1.88441	0.479602	5.42873	1.06495	0.484842	0.432664	0.0555158
20230	0.0145701	0.0355201	3.72065	1.88323	0.506156	1.50567	3.49687	3.79983	1.86985	0.492088	5.3886	1.11169	0.499048	0.443973	0.0558431
20231	0.0220117	0.0483133	3.6556	1.96705	0.538093	1.48418	3.48651	3.94501	2.05311	0.520431	5.52922	1.06897	0.528925	0.423792	0.0560772
20232	0.113534	0.0838025	4.14816	1.94445	0.468749	1.43871	3.46415	3.65286	2.00885	0.54994	6.50694	0.878044	0.506767	0.419607	0.0559761
20233	0.141034	0.0725594	3.84637	2.06423	0.536668	1.30254	3.38131	4.12222	1.97025	0.477958	8.11493	0.674551	0.506297	0.404313	0.0562854
20234	0.245725	0.113576	3.86651	2.01522	0.5212	1.35161	3.34255	4.20839	2.11517	0.502606	8.5252	0.611495	0.511509	0.387024	0.0566502
20235	0.132106	0.145178	4.2418	2.1183	0.499387	1.33641	3.29783	4.14802	2.11837	0.510695	6.85305	0.725168	0.504978	0.369798	0.0567374
20236	0.316689	0.190748	4.1589	2.00951	0.483182	1.31251	3.28126	3.96412	2.10467	0.530931	9.63151	0.495833	0.506484	0.367359	0.0567755
20237	0.163088	0.218942	3.78188	1.87086	0.494692	1.38435	3.30972	4.12566	2.10076	0.509193	6.40494	0.745745	0.502258	0.375633	0.0568274
20238	0.196943	0.175506	3.66001	1.80866	0.494168	1.29512	3.32264	4.18136	2.05695	0.491933	8.21279	0.602991	0.492976	0.390568	0.0571141
20239	0.139275	0.117805	3.89135	1.86069	0.478161	1.33945	3.31945	3.85193	2.07903	0.539738	7.11631	0.720213	0.508793	0.394228	0.0577316
20240	0.113294	0.125207	3.87481	2.0131	0.519535	1.23745	3.24773	4.05817	1.98022	0.487958	7.71543	0.631859	0.503382	0.379155	0.0580819
20241	0.0758337	0.0673792	4.11832	1.98436	0.481837	1.14206	3.195	3.95307	2.01424	0.509538	8.60465	0.568415	0.495404	0.379613	0.0583444
20242	0.159968	0.0993727	3.71979	1.93846	0.521121	1.26051	3.27727	4.08843	2.14444	0.524514	8.33802	0.6056	0.522898	0.382213	0.0584005
20243	0.0965491	0.106939	3.87141	1.79557	0.463802	1.20101	3.21631	3.88822	2.04996	0.527224	7.92578	0.60992	0.495582	0.386069	0.058856
20244	-0.0446951	0.0473201	3.98445	2.1109	0.529785	1.14589	3.14864	3.88519	2.05999	0.530214	6.7854	0.708743	0.529997	0.365803	0.0593131
20245	-0.0158325	0.013688	3.95837	1.95452	0.49377	1.13354	3.18241	4.12076	2.24213	0.544105	7.60065	0.660523	0.519444	0.374391	0.0596218
20246	-0.0682336	-0.0466273	3.85622	2.01266	0.521925	1.24567	3.21784	3.96397	2.05952	0.51956	6.17303	0.863169	0.520726	0.395613	0.0600975
20247	-0.130862	-0.0651335	4.42001	2.05637	0.46524	1.16606	3.19185	4.01127	1.97774	0.493047	6.30675	0.840999	0.478469	0.396762	0.0605286
20248	-0.0124821	-0.0365675	3.89908	1.95163	0.500536	1.2166	3.23064	4.4389	2.05697	0.463395	7.06633	0.755318	0.480763	0.399784	0.0608141
20249	0.0448582	0.0647211	4.38622	2.03617	0.464219	1.35814	3.32866	4.11333	2.01425	0.489688	6.17683	0.862358	0.476545	0.396817	0.0605973
20250	0.0761563	0.0322748	4.06567	2.07493	0.510353	1.33886	3.31489	4.0368	2.07962	0.515166	6.75831	0.797206	0.512751	0.393477	0.0608271
20251	-0.00796291	-0.0691971	3.75283	1.93123	0.514605	1.28678	3.28385	4.22052	2.16933	0.513994	6.70674	0.838182	0.514282	0.406809	0.0609743
20252	-0.124003	-0.0742237	4.07694	1.96961	0.483111	1.34633	3.27127	4.21758	2.2329	0.529426	5.17715	1.08094	0.506661	0.399812	0.0613204
20253	0.000145374	-0.0510835	4.2294	1.97941	0.468012	1.27752	3.26295	4.34399	2.27353	0.523372	6.73096	0.815843	0.496062	0.392439	0.0613002
20254	-0.0251351	-0.0335624	4.13138	2.01224	0.487064	1.24029	3.30873	4.39844	2.15583	0.490135	6.9761	0.800657	0.488648	0.401328	0.061494
20255	0.00973001	-0.0210788	4.08384	2.10959	0.516571	1.30761	3.26582	4.20808	2.09935	0.498885	6.41366	0.84224	0.507595	0.390998	0.0614803
20256	-0.108861	-0.113953	4.3777	2.18961	0.500175	1.288	3.29969	3.86463	1.87558	0.485319	5.97215	0.975611	0.493209	0.417586	0.0615899
20257	-0.178735	-0.13898	4.41135	2.07059	0.469379	1.4068	3.36768	4.01114	1.91393	0.477153	4.89144	1.25696	0.473081	0.435639	0.0619358
20258	-0.106346	-0.0833922	4.01941	1.98447	0.493723	1.33672	3.34621	3.78455	1.83882	0.485875	5.64822	1.04123	0.489917	0.434867	0.0622166
20259	-0.175458	-0.0766738	3.72874	1.90955	0.512117	1.33757	3.30629	3.86483	1.83046	0.473621	4.9992	1.14463	0.492524	0.433551	0.0622994
20260	-0.0282568	-0.0782035	4.20022	2.06479	0.491592	1.39893	3.37483	3.89162	1.92287	0.494104	5.85383	1.01843	0.4928	0.427883	0.0623557
20261	-0.090562	-0.115608	3.86534	2.0027	0.518117	1.38313	3.33737	3.9981	1.99473	0.49892	5.49	1.08589	0.508356	0.427277	0.0627649
20262	-0.0800658	-0.138838	3.91896	2.00388	0.511328	1.36878	3.31146	4.08436	2.0058	0.491094	5.67115	1.04957	0.501002	0.426148	0.0628982
20263	-0.149431	-0.13415	3.9733	1.96184	0.493756	1.26854	3.29858	3.97942	1.84718	0.464184	5.86063	1.00532	0.478958	0.436235	0.0630229
20264	-0.234035	-0.165786	4.17247	2.07878	0.498213	1.33436	3.34873	3.95352	1.82048	0.460472	5.02136	1.22993	0.479851	0.442067	0.0632582
20265	-0.107714	-0.103876	4.06493	2.09097	0.514394	1.3127	3.36877	4.05334	1.93855	0.478259	5.97713	1.00879	0.496352	0.4281	0.063245
20266	-0.131768	-0.114439	4.08958	2.16022	0.528226	1.31982	3.29423	4.00069	1.90509	0.47619	5.51422	1.05355	0.502494	0.416869	0.06296
20267	-0.108188	-0.14777	3.81269	2.11592	0.554967	1.39971	3.44931	3.78631	1.85248	0.489258	5.69059	1.13687	0.522226	0.449198	0.0634023
20268	-0.080726	-0.134476	4.25283	2.09816	0.493357	1.31833	3.36136	4.35138	1.95491	0.449263	6.24353	0.978683	0.471057	0.429933	0.0637741
20269	-0.207148	-0.158008	3.66316	1.93575	0.528436	1.40451	3.41734	3.82342	1.88339	0.492593	4.92144	1.29872	0.510131	0.455694	0.0641862
20270	-0.109686	-0.15184	3.77448	1.88258	0.498765	1.32151	3.40491	4.06776	2.0339	0.500006	6.17599	1.02416	0.499409	0.446878	0.0643972
20271	-0.0946097	-0.146398	3.77812	1.91375	0.506535	1.44626	3.41414	4.12046	2.1118	0.512515	5.33947	1.18714	0.509654	0.440623	0.0645164
20272	-0.170194	-0.112271	4.27795	1.9497	0.455755	1.38733	3.39814	4.00967	1.97014	0.491346	5.07978	1.21294	0.472975	0.440192	0.0647231
20273	-0.108375	-0.101071	3.80398	1.91535	0.503514	1.26221	3.29364	3.83854	1.88772	0.49178	6.13466	0.939258	0.49762	0.431149	0.0650612
20274	-0.0691325	-0.0612399	4.08114	2.05163	0.502709	1.36337	3.3347	3.74068	1.86582	0.498792	5.61988	1.02604	0.500836	0.424074	0.0653809
20275	-0.0898406	-0.0543968	3.88474	1.92507	0.495546	1.38631	3.34037	3.74894	1.75231	0.467416	5.2888	1.08951	0.481731	0.439418	0.065846
20276	-0.0764998	-0.0911591	3.96013	1.92054	0.48497	1.21829	3.22717	3.79053	1.93139	0.50953	6.56809	0.838243	0.496981	0.416916	0.0662959
20277	-0.0431792	-0.131252	4.31103	2.07068	0.480322	1.2327	3.22686	3.98833	2.1103	0.529118	6.92741	0.813933	0.503771	0.402855	0.0667459
20278	-0.0821778	-0.141059	3.92886	1.99282	0.507227	1.1846	3.22097	3.96249	2.00431	0.50582	7.04369	0.802369	0.50652	0.414285	0.0669283
20279	-0.200283	-0.10094	3.88946	2.00222	0.51478	1.23551	3.26328	3.80154	1.98335	0.521723	5.49013	1.03075	0.518212	0.415303	0.0674486
20280	-0.169624	-0.0998701	4.16627	2.03346	0.488076	1.29338	3.28446	3.86142	1.96305	0.508375	5.35127	1.07019	0.49784	0.417535	0.0677337
20281	-0.0447804	-0.0672256	3.82915	1.8738	0.489352	1.35688	3.33776	3.89007	2.00457	0.515305	5.90124	0.982329	0.502431	0.427825	0.0681607
20282	0.0790001	0.0113368	4.06876	2.00471	0.492706	1.3597	3.31779	3.90806	1.93062	0.494012	6.66547	0.820096	0.493346	0.409983	0.0680855
20283	0.0109096	-0.00670659	3.90515	1.89207	0.484507	1.27833	3.24911	3.78078	2.02804	0.536407	6.59905	0.803172	0.510037	0.40347	0.0678617
20284	-0.0097783	-0.0384977	3.85167	1.7302	0.449208	1.22289	3.25693	4.01501	2.03897	0.507838	7.14713	0.759736	0.479132	0.41883	0.0677686
20285	-0.153451	-0.119037	3.8489	1.85365	0.481605	1.28056	3.23665	3.7853	1.9452	0.513883	5.47593	1.0282	0.497609	0.425759	0.0680568
20286	-0.062262	-0.107334	3.69073	1.853	0.502069	1.28299	3.22058	3.89034	2.13005	0.547523	6.11978	0.904853	0.525394	0.410197	0.0685178
20287	-0.0771495	-0.0681699	4.16162	1.97504	0.474585	1.16073	3.22613	3.88731	2.06283	0.530656	7.0822	0.766177	0.501665	0.402004	0.0686911
20288	0.0625425	0.00847483	3.93315	2.05786	0.523209	1.26489	3.26284	4.24954	2.0907	0.491981	7.32604	0.722823	0.506992	0.389703	0.06869
20289	-0.00976035	-0.0571987	4.12707	2.08408	0.504977	1.33191	3.24546	4.08077	2.1191	0.519289	6.05944	0.900046	0.512093	0.393606	0.069013
20290	-0.0775277	-0.121454	4.35313	2.24251	0.515149	1.16283	3.22463	3.81624	1.98147	0.51922	7.27745	0.769244	0.517051	0.398674	0.0696764
20291	-0.00958757	-0.0344599	4.07162	1.99908	0.490979	1.19001	3.19237	3.59516	1.79824	0.500184	7.23578	0.719512	0.495295	0.40683	0.0698952
20292	0.0236381	-0.0406554	4.0553	1.9809	0.488473	1.15945	3.13207	3.83338	1.78269	0.465043	7.80276	0.645039	0.477088	0.400835	0.069841
20293	-0.0182887	0.0302582	4.04677	2.09926	0.51875	1.19034	3.12792	4.10982	1.92361	0.468052	6.56871	0.730395	0.493205	0.373672	0.0702876
20294	0.122283	0.0762805	4.10014	2.05188	0.500441	1.13869	3.11069	3.85557	1.97233	0.511554	8.91272	0.516546	0.505826	0.36399	0.0702843
20295	-0.00723655	0.0338491	4.03635	2.16004	0.535146	1.03018	3.1138	4.11341	1.9263	0.468298	8.81415	0.538119	0.501406	0.367347	0.0705956
20296	0.0394015	0.0869519	4.24739	2.31557	0.545174	1.11222	3.14573	4.29041	2.03283	0.473808	8.1292	0.575465	0.509312	0.349879	0.0706521
20297	-0.0189308	-0.0059593	3.65886	2.02928	0.554621	1.08559	3.17272	3.76276	2.02095	0.537093	8.28223	0.609982	0.545734	0.38423	0.0709769
20298	0.0154906	0.0405473	4.01455	2.03947	0.508018	1.17738	3.17323	4.00603	1.9632	0.490062	7.2695	0.674993	0.49905	0.380136	0.0711795
20299	0.0335339	0.0503952	3.80811	2.08058	0.546356	1.03801	3.07169	4.11456	2.03966	0.495719	9.0471	0.504485	0.520058	0.356558	0.0713258
20300	0.047384	0.0213421	3.93397	2.09961	0.533712	1.10575	3.05872	3.99887	1.90454	0.476269	8.23618	0.56007	0.504756	0.365601	0.0717612
20301	0.0631753	0.0531691	4.08099	2.04218	0.500413	1.03611	3.00422	3.87308	1.87751	0.484759	9.19996	0.473302	0.49279	0.357213	0.0720831
20302	0.137178	0.104366	4.01685	2.11941	0.52763	1.00807	3.00071	4.01011	1.87683	0.468025	11.0605	0.379225	0.497853	0.344286	0.0721579
20303	0.121426	0.163266	4.15139	2.20438	0.530997	0.960214	2.96418	3.99296	1.90615	0.477378	11.1505	0.351782	0.504709	0.323124	0.0719753
20304	0.232996	0.266444	4.02986	2.08919	0.518428	0.850748	2.96607	4.03101	1.92641	0.477896	19.0976	0.190809	0.498159	0.312222	0.072119
20305	0.255834	0.242858	4.04577	2.17685	0.538057	0.810284	2.87144	4.00146	1.95911	0.489599	22.476	0.153707	0.513961	0.294709	0.0724816
20306	0.283309	0.232639	4.22102	2.10436	0.498543	1.04491	2.98384	4.08928	1.91739	0.468882	13.0494	0.290017	0.483948	0.320073	0.0729258
20307	0.233177	0.262054	4.14418	2.10291	0.507438	1.04288	3.02809	4.01533	2.01666	0.502239	11.6698	0.327811	0.50488	0.317191	0.0730714
20308	0.261307	0.295635	4.08983	1.95679	0.478453	1.11451	3.06421	3.85918	1.92643	0.499181	10.5295	0.363976	0.488517	0.330528	0.0729964
20309	0.207402	0.330778	4.31448	1.78962	0.414794	1.00731	3.02754	3.85823	1.81518	0.470469	11.3659	0.319925	0.441077	0.335379	0.0732505
20310	0.320433	0.313459	3.79998	2.00388	0.52734	1.05317	3.04387	3.95383	1.91994	0.48559	13.8855	0.268451	0.506051	0.32214	0.0736622
20311	0.248839	0.243007	3.72399	1.8703	0.502231	0.957762	2.96851	4.16233	2.0779	0.499216	14.7807	0.251286	0.50064	0.320005	0.0739496
20312	0.272907	0.263415	4.0879	1.83366	0.448556	0.920571	2.90229	3.66453	1.97225	0.5382	16.6011	0.209734	0.490931	0.313965	0.0740609
20313	0.300189	0.247843	3.8608	1.85465	0.480379	0.964128	2.88605	3.82623	2.00212	0.523261	15.7893	0.220407	0.501724	0.311005	0.0744855
20314	0.21456	0.161518	3.96143	1.88366	0.475499	0.959277	2.87463	3.90365	1.93997	0.496964	13.2725	0.277301	0.486153	0.325018	0.0751301
20315	0.0818988	0.161016	4.17953	2.04376	0.488992	0.876254	2.85549	3.93134	1.84376	0.468989	11.5059	0.3155	0.479297	0.318395	0.0753418
20316	0.145824	0.151828	3.97217	2.11223	0.531758	0.871034	2.89162	3.81979	1.82601	0.478039	14.2728	0.262964	0.505424	0.322837	0.0752679
20317	0.137317	0.107237	3.86297	1.90218	0.492413	0.777451	2.89876	3.67958	1.75888	0.478012	19.0169	0.204886	0.485387	0.347427	0.0755489
20318	0.255903	0.167061	3.84802	1.97328	0.512805	0.880305	2.93157	3.69595	1.74746	0.472803	19.6023	0.194939	0.493207	0.339395	0.0760547
20319	0.0992643	0.171548	4.34104	2.11887	0.488103	0.780496	2.86419	3.51282	1.79564	0.511167	15.6231	0.232038	0.498418	0.3166	0.0761697
20320	0.282517	0.216859	4.20512	1.99976	0.475553	0.888441	2.8982	4.30088	1.97265	0.458661	19.5826	0.183572	0.467012	0.311626	0.0762037
20321	0.197721	0.170208	3.5876	1.95796	0.545756	0.945936	2.90828	4.13342	1.96782	0.476075	13.3917	0.279913	0.508453	0.323256	0.0767937
20322	0.229431	0.205149	4.02555	2.10105	0.521928	0.88017	2.86511	3.79891	1.91907	0.505164	16.7084	0.21173	0.513789	0.30566	0.0769249
20323	0.285862	0.180995	3.96729	1.96744	0.495916	0.830329	2.86412	4.08037	1.88867	0.462866	24.2851	0.148222	0.479159	0.318324	0.0769868
20324	0.190363	0.184743	4.04564	2.14089	0.529184	0.954958	2.91286	3.99296	1.93177	0.483793	12.731	0.292303	0.506637	0.313702	0.0769993
20325	0.183127	0.197291	4.21567	2.13955	0.507523	0.873173	2.8799	3.97641	1.92164	0.48326	15.1133	0.238082	0.495746	0.307105	0.076705
20326	0.118932	0.164962	3.86686	1.89184	0.489245	0.967741	2.93657	4.0171	2.06649	0.514424	10.6621	0.360238	0.502074	0.326784	0.076847
20327	0.190518	0.167984	3.89849	1.94836	0.499773	1.00908	2.94321	3.89381	2.07793	0.533649	11.4948	0.335018	0.516701	0.323623	0.0769825
20328	0.108109	0.0898768	4.08381	1.89247	0.463408	0.922794	2.90731	3.78688	2.04895	0.541066	11.96	0.331856	0.500772	0.334995	0.0775102
20329	0.0149767	0.0368032	3.91226	1.89546	0.484492	0.907208	2.88782	4.09864	2.04154	0.498102	10.2104	0.398039	0.491455	0.340546	0.0780877
20330	0.0512275	0.106506	3.57579	1.86434	0.521379	0.783404	2.80082	4.10479	2.21092	0.538618	13.5414	0.268041	0.530592	0.308223	0.0777887
20331	0.166645	0.0763005	3.88244	1.93467	0.498314	0.868748	2.77976	4.09974	2.24973	0.548749	14.8265	0.246474	0.524218	0.304048	0.0779642
20332	-0.0442978	-0.00860894	4.25422	2.06185	0.484661	0.638095	2.65323	3.72235	1.9932	0.535468	15.2158	0.23283	0.50837	0.304127	0.0781996
20333	-0.0318147	-0.0566765	3.77489	1.8128	0.480226	0.70091	2.71133	3.85556	1.90314	0.493609	14.271	0.268443	0.486988	0.340253	0.0782789
20334	-0.107586	-0.0771505	3.89016	2.00786	0.516139	0.649904	2.64807	3.68787	1.8983	0.514741	12.9435	0.286896	0.515459	0.322295	0.0787242
20335	-0.167638	-0.135242	4.16758	2.17514	0.521919	0.634692	2.64267	4.03035	2.07485	0.514805	11.9876	0.321867	0.518422	0.312317	0.0787945
20336	-0.113099	-0.0976199	3.81357	2.11973	0.555839	0.52779	2.56594	4.06263	2.0909	0.514666	17.2727	0.205369	0.534602	0.296488	0.0791125
20337	-0.120093	-0.0836159	3.96294	1.99704	0.503929	0.554431	2.54066	4.00139	2.04647	0.511439	15.1364	0.227491	0.507702	0.298741	0.0793042
20338	-0.137213	-0.14561	3.96308	2.09957	0.529782	0.465865	2.49237	4.09458	1.96628	0.480217	19.1336	0.181851	0.504595	0.299771	0.0799457
20339	-0.190395	-0.150033	3.92188	1.99118	0.50771	0.442332	2.52379	4.07155	1.97333	0.484662	17.858	0.200172	0.49597	0.310849	0.0802318
20340	-0.169904	-0.155139	3.82071	1.7939	0.46952	0.497546	2.49354	4.11208	1.96443	0.477723	15.7478	0.222745	0.473772	0.318288	0.0802483
20341	-0.0423563	-0.139395	4.00628	2.01695	0.503447	0.566638	2.51246	3.92321	1.84939	0.471396	18.9616	0.185437	0.48759	0.312689	0.0805323
20342	-0.1141	-0.117238	4.0948	1.94508	0.475012	0.457643	2.4841	3.87587	1.91642	0.494449	20.701	0.163445	0.484463	0.304746	0.0806688
20343	-0.0661779	-0.101538	4.03404	1.96233	0.486442	0.579655	2.4789	4.06138	1.92202	0.473242	15.9642	0.20855	0.47982	0.300098	0.0805902
20344	-0.00687086	-0.0696215	4.06395	1.93637	0.476473	0.452764	2.46218	3.68229	1.87835	0.510104	30.3412	0.105632	0.49246	0.295921	0.0808964
20345	0.045138	-0.0606944	4.01482	2.0081	0.500171	0.552696	2.53769	3.91979	1.95187	0.497952	26.208	0.128808	0.499075	0.298961	0.0812026
20346	-0.00218773	-0.0327753	4.19308	2.07624	0.495159	0.673534	2.63848	4.11084	2.09916	0.51064	15.6277	0.2283	0.502823	0.299452	0.0817237
20347	-0.0788995	-0.0182436	4.01088	2.10744	0.525432	0.716525	2.67927	4.27952	1.99764	0.46679	11.5009	0.31635	0.495161	0.307176	0.0820729
20348	0.0590104	0.0128487	3.96707	2.12953	0.536802	0.537933	2.64195	3.89333	2.05101	0.5268	30.1359	0.114683	0.531848	0.292567	0.0821669
20349	0.121075	0.0501912	4.29404	2.12532	0.494946	0.631285	2.63766	4.09996	2.07124	0.505185	25.7188	0.130157	0.499947	0.285223	0.0822508
20350	0.00396344	0.0107047	4.24867	2.08209	0.490058	0.609176	2.60086	3.91684	1.95659	0.499534	18.3162	0.183141	0.494603	0.293535	0.082837
20351	-0.0337389	-0.104461	4.03157	2.03072	0.503704	0.414475	2.47762	3.92818	1.84526	0.469749	33.1871	0.100448	0.486947	0.30082	0.0833021
20352	-0.234301	-0.175682	3.88604	1.87121	0.481522	0.531582	2.62211	4.23484	2.02508	0.478195	13.3446	0.293288	0.479787	0.334443	0.0836592
20353	-0.202731	-0.206199	3.83658	1.95978	0.510815	0.688751	2.64743	3.67489	2.02993	0.552379	10.2464	0.397369	0.53115	0.337976	0.0835282
20354	-0.22382	-0.191398	4.03603	1.8726	0.463971	0.617546	2.59608	3.898	1.87285	0.480463	10.9762	0.353949	0.472074	0.341625	0.0835327
20355	-0.202078	-0.260001	3.71556	1.85053	0.498048	0.642269	2.59497	3.81111	1.90313	0.499365	11.433	0.35646	0.498715	0.351967	0.0840045
20356	-0.176706	-0.190981	3.89142	1.91256	0.491482	0.542601	2.57778	3.88917	1.85835	0.477826	14.8164	0.258701	0.484656	0.337086	0.0837795
20357	-0.199652	-0.134562	3.92739	1.96847	0.501215	0.567052	2.5417	3.79319	1.90361	0.50185	12.1844	0.293917	0.501527	0.316319	0.0838663
20358	-0.041773	-0.0688529	4.1169	2.13549	0.518712	0.575661	2.59527	3.74919	1.88047	0.501568	18.6178	0.190612	0.510541	0.306546	0.084184
20359	-0.0916705	-0.0885761	4.0288	2.00956	0.498797	0.60877	2.59592	3.90034	2.00144	0.513145	14.6888	0.245308	0.505855	0.310059	0.0837669
20360	-0.168085	-0.127328	3.96955	2.07624	0.523041	0.713229	2.71101	3.72072	1.97161	0.529902	10.3721	0.388357	0.526361	0.332358	0.0837723
20361	-0.0545086	-0.0667804	4.3209	2.00287	0.463531	0.727774	2.74287	3.48803	1.90864	0.547196	12.8996	0.305983	0.500902	0.335459	0.0839845
20362	-0.0540437	-0.0356909	3.99981	2.07938	0.51987	0.709342	2.74318	3.78066	1.82324	0.482255	13.251	0.291379	0.501592	0.331069	0.0840308
20363	-0.0145872	0.0249389	4.06262	2.08995	0.514434	0.679161	2.68479	4.00914	1.97485	0.492588	14.6998	0.240644	0.503583	0.303303	0.0842604
20364	0.0201211	-0.00477054	4.36334	2.24586	0.514712	0.670159	2.73047	3.57697	1.80987	0.505978	17.7057	0.211275	0.510777	0.315725	0.084411
20365	-0.109198	-0.0935571	3.92021	2.12682	0.542527	0.726639	2.71728	3.93029	1.95118	0.496447	11.3091	0.349311	0.519457	0.326417	0.084681
20366	-0.135994	-0.189371	4.22094	2.21876	0.525657	0.744348	2.72269	3.86238	1.95992	0.507439	10.942	0.387501	0.516952	0.336692	0.0850706
20367	-0.159655	-0.190308	4.2553	2.14718	0.50459	0.785514	2.7449	4.37248	2.16464	0.495059	9.64406	0.446671	0.49976	0.333233	0.0849036
20368	-0.347608	-0.280033	4.15398	2.06986	0.498284	0.801868	2.78631	4.04534	1.98265	0.490106	7.11608	0.660648	0.494249	0.36722	0.0851048
20369	-0.275022	-0.275875	4.02827	2.06989	0.51384	0.742866	2.71778	4.19054	2.05545	0.490498	8.64976	0.518048	0.501939	0.352071	0.0853305
20370	-0.330131	-0.258709	4.34914	2.23559	0.51403	0.662666	2.65443	4.00479	2.10501	0.525623	8.60996	0.492824	0.519587	0.328419	0.0857252
20371	-0.221796	-0.287768	4.03008	2.06113	0.511435	0.606886	2.60662	4.03673	1.96142	0.485892	12.1993	0.343357	0.498653	0.342502	0.085955
20372	-0.236499	-0.29041	4.35801	2.05656	0.471902	0.613907	2.64142	4.00515	1.89444	0.473001	11.8857	0.361595	0.472428	0.352399	0.0857778
20373	-0.274809	-0.318429	4.31832	2.08491	0.482806	0.516555	2.61095	3.55757	1.80717	0.507978	13.7025	0.313128	0.494176	0.355452	0.085578
20374	-0.303817	-0.280597	3.99983	1.95782	0.489475	0.576723	2.59825	3.67838	1.83841	0.499788	10.689	0.387675	0.494416	0.353195	0.085834
20375	-0.242958	-0.256438	3.95663	1.95287	0.493568	0.58291	2.60114	3.736	1.95592	0.523532	11.9722	0.341029	0.50812	0.343198	0.0862905
20376	-0.256976	-0.259042	3.63661	1.80573	0.496542	0.640011	2.6358	4.33995	2.09334	0.482342	10.4155	0.402292	0.488816	0.349629	0.0867778
20377	-0.219735	-0.215995	4.37811	1.88769	0.431166	0.623759	2.61662	4.15268	2.19001	0.527374	11.2774	0.355742	0.477999	0.329836	0.0873395
20378	-0.219563	-0.256002	3.87688	1.76545	0.45538	0.623676	2.60147	3.9378	2.07994	0.528198	11.4832	0.355526	0.492073	0.346877	0.0878536
20379	-0.245189	-0.268708	3.77314	1.88248	0.498916	0.568737	2.61739	3.91251	1.96028	0.50103	12.5734	0.331238	0.499992	0.351563	0.0880525
20380	-0.394326	-0.278514	3.91841	1.90346	0.485773	0.57377	2.59874	3.72409	1.93594	0.519842	8.83324	0.468605	0.502375	0.350365	0.0882687
20381	-0.221808	-0.250807	3.97212	1.98021	0.498528	0.552869	2.57073	4.09411	2.03326	0.496629	13.2657	0.300062	0.497564	0.331615	0.0880653
20382	-0.319623	-0.248502	4.0164	1.9956	0.496861	0.577319	2.59107	4.01956	1.9847	0.493761	10.0225	0.402252	0.495311	0.336297	0.0885274
20383	-0.199448	-0.181774	3.85267	2.02496	0.525598	0.608098	2.59419	3.75771	1.96551	0.52306	11.8166	0.326066	0.524345	0.325699	0.0891289
20384	-0.148474	-0.197982	4.21648	2.09032	0.49575	0.59781	2.62901	3.96618	2.02692	0.511053	14.3496	0.27847	0.503167	0.326831	0.0895784
20385	-0.161412	-0.223137	4.27924	2.07483	0.484858	0.61942	2.62049	4.05448	1.96736	0.485232	13.2626	0.304849	0.48504	0.333494	0.0898029
20386	-0.148017	-0.164656	4.10782	2.01479	0.490478	0.641921	2.62516	3.72574	2.0568	0.552052	12.4728	0.312001	0.519763	0.323468	0.090116
20387	-0.0742405	-0.118054	3.79811	1.89212	0.498173	0.570687	2.59687	4.30098	2.03283	0.472644	17.7212	0.207966	0.484616	0.319598	0.0900052
20388	-0.061968	-0.0641189	4.00629	1.9635	0.490105	0.611899	2.61465	4.14837	1.95741	0.47185	15.8024	0.227049	0.480818	0.314018	0.0904007
20389	-0.126306	-0.108431	3.97542	2.02723	0.509941	0.571774	2.58992	3.76106	1.94851	0.518075	14.9412	0.243658	0.513895	0.314164	0.0907508
20390	-0.148544	-0.0704919	3.82472	2.04104	0.533645	0.490979	2.55556	4.05827	2.01833	0.497337	16.8615	0.204494	0.514953	0.298206	0.0905013
20391	-0.023848	-0.074755	3.90689	1.95531	0.500478	0.556611	2.57811	3.73031	2.00676	0.537961	20.8875	0.168466	0.518786	0.307617	0.0910217
20392	-0.0664386	-0.133686	3.93942	1.89549	0.48116	0.670889	2.67417	3.81177	2.00198	0.525209	14.502	0.271826	0.502822	0.335976	0.0913023
20393	-0.0639739	-0.148531	3.56575	1.94495	0.545453	0.717488	2.72483	4.02033	2.03095	0.505171	13.5197	0.305342	0.524105	0.341846	0.0916152
20394	-0.118826	-0.107438	4.04024	2.00432	0.496089	0.821327	2.82415	4.16131	2.17073	0.521646	9.72323	0.441944	0.509056	0.33988	0.0919827
20395	-0.174649	-0.137855	4.03684	1.95973	0.485461	0.906257	2.90453	3.99079	2.02356	0.507058	7.92232	0.584178	0.496197	0.367578	0.0919592
20396	-0.0767992	-0.0630513	4.13236	2.0046	0.485098	0.891817	2.92771	4.1154	2.07187	0.503443	9.53367	0.469109	0.494252	0.354351	0.0920524
20397	-0.0658632	-0.0582292	4.13495	2.08181	0.503466	1.07562	3.01054	4.09629	2.08579	0.509189	7.22752	0.65149	0.506314	0.361102	0.0922377
20398	-0.0940838	-0.0416899	3.77911	1.91332	0.506287	1.03823	3.0356	4.01297	2.04266	0.509015	7.38593	0.641064	0.507692	0.374509	0.0926945
20399	-0.0069921	-0.0218592	4.27268	2.11898	0.495937	0.996509	3.00886	3.86493	2.06508	0.534312	9.12127	0.503507	0.514163	0.354463	0.0932057
20400	0.00640585	-0.0395564	4.39791	2.17963	0.495606	0.997033	3.04376	4.04411	2.15308	0.532398	9.68759	0.490671	0.513231	0.35435	0.0930609
20401	-0.00236726	-0.0204103	4.00173	2.02034	0.504868	1.01186	3.04629	4.24434	2.03791	0.480147	9.14268	0.514328	0.492144	0.366946	0.0938169
20402	-0.0104937	-0.0651241	3.54133	1.82878	0.516411	1.00099	3.05549	4.18011	2.06401	0.493769	9.51842	0.511548	0.504154	0.384886	0.0942172
20403	-0.140632	-0.0963623	3.94282	2.09207	0.530603	0.90743	2.98418	4.36485	2.13905	0.490062	8.63935	0.549217	0.509303	0.359382	0.0941336
20404	-0.0215124	-0.068217	3.90053	2.0555	0.52698	0.996362	3.02334	3.85746	2.02631	0.525295	9.225	0.518034	0.526142	0.369355	0.0944545
20405	-0.212228	-0.101498	3.71523	1.9593	0.527369	1.03839	3.05446	4.15389	2.03289	0.489394	6.36814	0.782024	0.507323	0.38425	0.0947303
20406	-0.12078	-0.123533	4.23789	2.01259	0.474904	1.02005	2.94587	4.07772	2.05326	0.503531	7.23881	0.650747	0.488942	0.366921	0.0950893
20407	-0.0653556	-0.0631669	4.12516	2.16636	0.525159	0.934872	2.93238	4.07058	2.1335	0.524125	8.96921	0.500228	0.524645	0.342962	0.0959704
20408	-0.145013	-0.0866275	4.28991	2.14503	0.500016	0.915613	2.91246	4.32452	2.13974	0.494791	7.99564	0.562464	0.497393	0.344288	0.09631
20409	-0.151596	-0.158995	3.89703	1.89023	0.485044	0.914986	2.90842	3.8717	1.89416	0.489232	8.27098	0.568799	0.487131	0.383432	0.0962428
20410	-0.222019	-0.110855	4.03323	1.91912	0.475828	0.814315	2.86094	3.77477	1.86784	0.494821	8.22316	0.536994	0.48501	0.368415	0.0965335
20411	-0.134869	-0.101536	3.62311	1.7218	0.475227	0.893746	2.85619	3.92357	1.97491	0.503347	8.26821	0.529024	0.489847	0.371826	0.0967411
20412	-0.0908581	-0.122124	3.5535	1.7584	0.494837	0.836946	2.89837	3.79391	1.86899	0.492628	10.5985	0.43041	0.493696	0.386164	0.0971309
20413	-0.0398328	-0.135464	3.7408	1.99162	0.532404	0.797771	2.86323	3.95341	1.89007	0.478088	12.817	0.35079	0.504496	0.36686	0.0973443
20414	-0.080715	-0.10663	3.72114	1.86935	0.502361	0.881528	2.86995	3.89983	1.98282	0.508437	9.56896	0.462956	0.50547	0.365196	0.0974833
20415	-0.097501	-0.130602	3.77421	1.89203	0.501303	0.854796	2.92408	4.14557	1.86302	0.449401	10.2893	0.453435	0.474135	0.383305	0.0977783
20416	-0.148803	-0.152648	3.69531	1.69705	0.459245	0.835895	2.86477	3.67848	2.0114	0.546802	9.38998	0.484815	0.502923	0.380458	0.0984508
20417	-0.123266	-0.130468	4.09818	1.91919	0.468301	0.76541	2.79265	3.86289	2.00659	0.519454	10.8194	0.394873	0.493122	0.352502	0.0987384
20418	-0.158023	-0.155512	3.96986	1.82967	0.460891	0.859215	2.83581	3.80533	1.95389	0.513461	8.64729	0.517387	0.48662	0.371677	0.0990577
20419	-0.160901	-0.167009	4.13809	1.8964	0.45828	0.893585	2.87195	3.86771	1.97344	0.510234	8.30554	0.555971	0.48338	0.373793	0.0991903
20420	-0.128052	-0.0907756	4.09152	2.18889	0.534982	0.938571	2.86007	3.83103	1.99052	0.519578	7.6537	0.568842	0.527533	0.342588	0.0990641
20421	-0.0154722	-0.0649982	4.18575	2.12179	0.506908	0.894039	2.85213	4.22034	1.95377	0.462941	10.2871	0.413606	0.484834	0.343079	0.0992506
20422	-0.124214	-0.11	3.91937	1.9973	0.509597	0.908971	2.9297	3.85512	1.98267	0.514296	8.65579	0.533736	0.511927	0.367363	0.0993821
20423	-0.0304159	-0.0594633	3.93793	1.94936	0.495022	0.920285	2.9456	3.91238	1.91422	0.489273	9.99125	0.451916	0.492157	0.368934	0.0996157
20424	0.00760171	-0.045338	3.86301	1.95696	0.506589	0.938323	2.94864	4.16868	2.10665	0.505353	10.348	0.433121	0.505947	0.355566	0.100051
20425	0.0610663	0.0392577	3.8609	1.93745	0.501815	0.952178	2.96035	4.12902	1.9887	0.481639	10.7455	0.39704	0.491388	0.352164	0.0999614
20426	0.0818107	0.095263	3.85005	2.01218	0.522638	0.902804	2.91343	3.95428	1.82737	0.462123	11.7829	0.337015	0.491977	0.34097	0.100141
20427	0.0450064	0.0767648	4.03951	2.11705	0.524087	0.876893	2.93956	3.68883	1.7566	0.476196	11.8427	0.346018	0.501228	0.346061	0.100864
20428	0.00850812	-0.000265502	3.93689	2.0303	0.515712	0.854636	2.84637	3.95982	1.87182	0.472703	11.3186	0.357966	0.494145	0.341856	0.101349
20429	-0.0516781	-0.0203202	3.7591	2.05972	0.547928	0.804758	2.73492	3.82287	1.85285	0.484676	10.3497	0.366742	0.516036	0.326737	0.102067
20430	-0.192757	-0.100173	3.94677	2.10552	0.53348	0.727596	2.77239	4.19939	1.91181	0.45526	9.74162	0.423525	0.493157	0.339393	0.102844
20431	-0.098732	-0.0880601	4.13629	2.00575	0.484916	0.747635	2.77283	4.36855	1.91081	0.437401	11.4257	0.358169	0.46051	0.343273	0.103068
20432	-0.251317	-0.191201	4.16024	2.12788	0.511481	0.632749	2.732	4.11619	2.05584	0.499453	10.9332	0.390786	0.505499	0.33813	0.103128
20433	-0.160604	-0.182102	3.85979	2.00729	0.520052	0.607383	2.634	4.14073	2.07071	0.500082	13.4458	0.294902	0.509716	0.32724	0.103537
20434	-0.221235	-0.157196	3.94778	1.91267	0.484493	0.750248	2.66228	3.81458	1.96488	0.515099	8.42299	0.47189	0.499533	0.338968	0.103821
20435	-0.165119	-0.166862	4.16784	1.90631	0.457386	0.64039	2.66749	3.69025	2.01163	0.545122	12.3814	0.324422	0.498588	0.339005	0.10373
20436	-0.208418	-0.218301	3.83708	1.97159	0.513825	0.692304	2.6441	3.82759	1.94093	0.50709	10.099	0.40565	0.510461	0.343744	0.104086
20437	-0.288017	-0.341094	4.04731	2.04289	0.504753	0.656405	2.70467	3.86152	1.99645	0.517011	10.4006	0.445967	0.510738	0.364851	0.104279
20438	-0.21793	-0.227025	4.16706	2.00894	0.4821	0.738482	2.70452	4.11982	2.01439	0.488951	9.39515	0.457363	0.485506	0.348227	0.104868
20439	-0.211577	-0.248082	3.89929	2.03986	0.523135	0.689383	2.6867	3.87026	2.11081	0.545392	10.6106	0.405864	0.534222	0.341684	0.105139
20440	-0.183636	-0.235164	4.10527	1.93259	0.470759	0.723813	2.69884	4.1097	2.1363	0.519819	10.4538	0.411732	0.495302	0.346054	0.105801
20441	-0.235888	-0.243481	4.02195	1.87576	0.466381	0.712511	2.68489	3.99138	2.28493	0.572467	9.5339	0.44973	0.519222	0.34016	0.106022
20442	-0.150614	-0.241894	4.08016	1.93591	0.474468	0.679399	2.67412	4.39678	2.19625	0.499513	12.3427	0.344461	0.487458	0.339807	0.106291
20443	-0.25785	-0.222522	3.84161	1.88693	0.491182	0.700883	2.66279	4.23992	2.06055	0.485988	9.05715	0.459584	0.488457	0.345336	0.10626
20444	-0.264319	-0.167356	4.17556	2.0485	0.490592	0.687272	2.69133	4.1287	2.13892	0.518062	9.02466	0.452763	0.50425	0.328019	0.106358
20445	-0.156322	-0.176299	3.92446	1.93412	0.492836	0.714259	2.70423	4.14431	2.05375	0.495559	10.9478	0.378956	0.494235	0.342291	0.106145
20446	-0.209693	-0.170959	4.22308	1.90031	0.449981	0.717341	2.73374	4.3187	2.1109	0.488783	9.81776	0.429696	0.469599	0.344744	0.106276
20447	-0.178164	-0.242995	3.86654	1.81833	0.470275	0.858918	2.80635	4.18435	2.03544	0.486442	8.64546	0.53777	0.478677	0.376368	0.106738
20448	-0.193513	-0.236603	3.84157	1.881	0.489644	0.793937	2.78824	4.01453	1.84881	0.460529	9.38375	0.487528	0.474766	0.380263	0.106899
20449	-0.274638	-0.243585	3.70675	1.80908	0.48805	0.821386	2.78349	4.42273	2.07953	0.47019	7.62791	0.600634	0.478334	0.370831	0.106745
20450	-0.344716	-0.337355	3.87847	1.82283	0.469987	0.819422	2.77572	4.1619	2.04422	0.491176	7.15103	0.677609	0.480955	0.38531	0.107219
20451	-0.347943	-0.340495	3.95552	1.88042	0.47539	0.715072	2.73101	4.00195	2.0853	0.521071	8.34877	0.565001	0.498364	0.373052	0.107286
20452	-0.288704	-0.340614	3.97519	1.98944	0.500464	0.700278	2.67072	3.86933	2.17115	0.561118	9.27132	0.489043	0.530382	0.352816	0.107427
20453	-0.406176	-0.369957	3.93352	1.92791	0.490124	0.626302	2.65487	4.38435	2.3116	0.527238	8.58299	0.533006	0.509687	0.35057	0.10733
20454	-0.525411	-0.400578	4.29215	2.03051	0.473075	0.65017	2.67066	4.25749	2.24595	0.527528	6.82529	0.690995	0.500191	0.355544	0.107627
20455	-0.411505	-0.374705	3.927	2.04154	0.519872	0.653515	2.61948	3.88352	2.1022	0.541315	7.90388	0.567134	0.530534	0.351135	0.108269
20456	-0.282034	-0.293742	3.76219	1.95545	0.519764	0.655916	2.63179	3.81494	1.89748	0.49738	9.72859	0.439875	0.508494	0.357168	0.108475
20457	-0.310532	-0.300508	4.06568	2.02151	0.497214	0.588725	2.62605	3.93292	1.84983	0.470343	10.5912	0.404331	0.484001	0.356235	0.108924
20458	-0.231354	-0.277282	3.78022	1.99604	0.528023	0.572124	2.61715	3.73843	1.81345	0.485083	12.9772	0.322788	0.506673	0.354868	0.109246
20459	-0.213695	-0.25328	3.46112	1.77245	0.512104	0.665979	2.66689	3.70745	1.75802	0.474185	11.0198	0.386914	0.492493	0.376615	0.10911
20460	-0.363011	-0.330356	3.87685	1.70852	0.440699	0.640476	2.67025	4.04221	1.79181	0.443275	8.94118	0.503494	0.442014	0.391497	0.108953
20461	-0.417101	-0.387903	3.77633	1.92628	0.510095	0.774938	2.73575	3.93116	1.95817	0.498116	6.86666	0.710478	0.503985	0.385855	0.109409
20462	-0.356468	-0.400879	4.04728	1.84709	0.456379	0.707854	2.64027	3.89218	1.98841	0.510872	8.16448	0.566391	0.483093	0.37622	0.1097
20463	-0.516608	-0.405323	3.92229	1.86625	0.475807	0.650497	2.67501	3.97488	1.9364	0.487159	6.96588	0.681067	0.481521	0.384281	0.110272
20464	-0.531284	-0.465275	4.00885	1.87126	0.466783	0.582314	2.61763	4.18225	2.07815	0.496897	7.66414	0.62005	0.482158	0.375753	0.110253
20465	-0.478711	-0.525583	3.82502	2.00265	0.523565	0.64027	2.60352	4.16788	2.10598	0.505289	7.81977	0.62606	0.514035	0.373463	0.110852
20466	-0.604057	-0.511693	3.86349	2.07439	0.536922	0.691958	2.62677	4.05266	2.14895	0.530256	5.86427	0.839828	0.53351	0.368431	0.110682
20467	-0.532927	-0.502625	3.68381	1.96384	0.533099	0.579109	2.57328	4.13479	2.02989	0.49093	7.65079	0.618313	0.510799	0.372075	0.111218
20468	-0.545358	-0.514815	4.03025	1.8427	0.457217	0.490832	2.55874	3.95325	2.07679	0.525338	8.79841	0.536845	0.490949	0.376112	0.111382
20469	-0.532739	-0.542866	3.69095	1.80408	0.488784	0.609769	2.60369	4.16439	2.0784	0.499088	7.58493	0.652662	0.494247	0.389443	0.111243
20470	-0.632128	-0.529844	3.79639	1.85088	0.487536	0.607053	2.58681	3.89462	1.94383	0.499107	6.32568	0.767785	0.493395	0.39034	0.111796
20471	-0.582522	-0.555389	3.62938	1.92928	0.531572	0.564538	2.56475	3.81181	1.93135	0.506676	7.39906	0.657874	0.518819	0.38678	0.111882
20472	-0.588418	-0.559977	4.14325	1.98246	0.47848	0.511707	2.56956	3.71389	1.9282	0.519186	8.09241	0.605137	0.497721	0.385154	0.111903
20473	-0.600382	-0.621616	4.03347	1.90409	0.472072	0.482977	2.56165	4.10781	2.10006	0.511237	8.6338	0.586833	0.491833	0.387625	0.112343
20474	-0.424418	-0.540268	3.96024	1.85228	0.467718	0.600048	2.58317	4.04519	2.05895	0.508987	9.29544	0.524766	0.488571	0.384196	0.112744
20475	-0.403972	-0.53836	4.08392	1.91272	0.468355	0.62305	2.6327	4.05326	1.91158	0.471616	9.53342	0.527387	0.469979	0.396746	0.113154
20476	-0.536904	-0.511448	4.09742	2.05111	0.500586	0.577018	2.59803	3.95271	1.91514	0.484515	7.7923	0.620412	0.492695	0.378786	0.11343
20477	-0.430709	-0.484023	3.98639	2.06209	0.517282	0.7002	2.66555	4.06519	2.08626	0.513202	7.75617	0.639478	0.515222	0.374263	0.113303
20478	-0.438867	-0.518369	3.9846	2.06518	0.51829	0.601995	2.6432	3.8153	2.00583	0.525733	9.22613	0.541697	0.521931	0.380472	0.113389
20479	-0.485073	-0.473444	3.90147	2.05631	0.527061	0.581462	2.55759	4.48264	2.16856	0.48377	8.07668	0.568749	0.503915	0.352293	0.113178
20480	-0.373299	-0.466252	3.81247	2.01711	0.529083	0.56361	2.57182	4.01929	1.95919	0.487447	10.5148	0.438899	0.507715	0.367327	0.11341
20481	-0.372892	-0.463421	4.05862	2.04197	0.50312	0.488787	2.51565	3.89632	1.95855	0.502667	11.9528	0.371246	0.502898	0.356865	0.113394
20482	-0.476686	-0.427673	3.76701	1.94401	0.516062	0.541532	2.60742	3.71977	1.93633	0.520551	8.88509	0.518384	0.518292	0.372563	0.113767
20483	-0.260274	-0.359464	4.00828	2.02501	0.505207	0.61315	2.59738	3.98357	2.01205	0.505086	11.4606	0.381435	0.505147	0.351361	0.113506
20484	-0.382584	-0.37833	4.10568	1.88919	0.46014	0.591736	2.61095	3.84288	1.93493	0.503509	9.41305	0.474649	0.481108	0.368873	0.113622
20485	-0.417512	-0.410448	4.15195	1.9872	0.478617	0.626627	2.6284	3.93441	1.98529	0.504597	8.47035	0.545113	0.491258	0.367669	0.114305
20486	-0.429794	-0.39082	3.78846	1.99299	0.52607	0.572008	2.6283	3.80366	1.90279	0.500253	9.0823	0.501803	0.513136	0.369174	0.11448
20487	-0.409309	-0.375437	4.04288	2.06754	0.511402	0.601815	2.60493	4.02301	1.92301	0.478003	8.68819	0.511186	0.494744	0.357638	0.114689
20488	-0.430963	-0.37995	3.74694	1.9168	0.511563	0.623133	2.61972	3.98477	2.07594	0.520967	8.09817	0.555559	0.51641	0.360484	0.115092
20489	-0.294992	-0.362253	3.83993	1.86018	0.484431	0.517991	2.60729	3.84594	2.05961	0.535529	13.3419	0.33047	0.51	0.360081	0.115442
20490	-0.327923	-0.334615	4.13215	2.05293	0.496818	0.621809	2.59063	3.9746	1.98827	0.500243	9.48685	0.450995	0.498497	0.346247	0.115558
20491	-0.21748	-0.24094	3.99991	2.07605	0.519025	0.769008	2.59865	4.21485	2.08776	0.495334	8.28564	0.486579	0.50687	0.326313	0.115696
20492	-0.207624	-0.179393	3.8614	1.89937	0.491885	0.666451	2.60232	4.4379	2.01668	0.454422	10.128	0.382004	0.471852	0.330761	0.116003
20493	-0.0115737	-0.0824765	4.13615	2.02997	0.490787	0.489161	2.56063	4.0915	2.08288	0.509074	27.8621	0.125368	0.499881	0.298176	0.115918
20494	-0.134854	-0.0964304	3.85935	2.00952	0.520689	0.535262	2.587	4.21989	2.19585	0.520356	16.0355	0.224528	0.520515	0.299861	0.116022
20495	-0.1289	-0.111351	3.78644	1.94948	0.514858	0.590956	2.53185	4.31728	2.275	0.526952	13.4824	0.259096	0.521301	0.292616	0.115872
20496	0.0374175	-0.0208713	3.78255	1.7675	0.467279	0.643888	2.63164	4.0529	2.03526	0.502174	19.1291	0.183903	0.485328	0.316369	0.115916
20497	-0.0917035	-0.0823133	3.8722	1.88859	0.487732	0.643919	2.62813	3.91623	1.86379	0.475913	13.576	0.27057	0.481789	0.328724	0.115844
20498	-0.0986078	-0.129195	3.68402	1.85157	0.502595	0.603822	2.65071	3.85526	1.83376	0.475652	15.6622	0.246703	0.488818	0.344044	0.116194
20499	-0.151423	-0.173625	3.90455	1.88713	0.483315	0.730075	2.69173	4.03543	2.01913	0.500351	10.5661	0.38852	0.491973	0.344571	0.116064
20500	-0.229765	-0.21797	3.92818	1.98862	0.506245	0.729797	2.69421	4.39381	2.12134	0.482802	9.21068	0.460379	0.493868	0.340425	0.116213
