cycle	Zbar1	Gbar1	VP1	VG1	h21	Zbar2	Gbar2	VP2	VG2	h22	h2b	h2b_denom	h2w	Qst	Fst
20000	0.135603	0.134343	3.61061	1.66295	0.460573	-1.78918	0.22344	3.92263	1.79723	0.458169	0.00214272	1.85239	0.459321	0.000573504	0.000344439
20001	0.238637	0.197811	3.52356	1.69053	0.479779	-1.7333	0.278767	3.82699	1.78576	0.466623	0.00168542	1.94428	0.472929	0.00047134	0.000586202
20002	0.159464	0.218992	3.76535	1.76105	0.467698	-1.68222	0.334454	3.57845	1.8367	0.513268	0.00393045	1.6959	0.489903	0.000925972	0.000851515
20003	0.23126	0.182982	3.57553	1.77385	0.496107	-1.60702	0.390951	3.90835	1.87229	0.479048	0.0127989	1.68963	0.487198	0.00295823	0.00107463
20004	0.0721136	0.116837	4.17684	1.84786	0.442406	-1.48606	0.51145	3.96124	1.80535	0.455755	0.0641372	1.21396	0.448904	0.0105492	0.00138301
20005	0.0189309	0.114547	3.62162	1.83387	0.506368	-1.48351	0.507501	3.47319	1.78221	0.513133	0.068405	1.12867	0.509679	0.0105679	0.00154603
20006	0.108994	0.0931528	3.67835	1.79462	0.487886	-1.51609	0.49609	3.59358	1.72682	0.480529	0.0614786	1.32045	0.48425	0.0114007	0.00176123
20007	0.244621	0.206773	3.87498	1.80784	0.466542	-1.40637	0.596838	3.66369	1.75103	0.477942	0.0558192	1.36289	0.472082	0.0105803	0.00201791
20008	0.216641	0.234479	3.52673	1.79224	0.508186	-1.28744	0.674989	3.66774	1.63764	0.446499	0.0857766	1.13113	0.476738	0.0139536	0.0023784
20009	0.33102	0.298777	3.65647	1.80384	0.49333	-1.33178	0.704848	3.79656	1.72403	0.454104	0.0596379	1.38246	0.473348	0.0115558	0.00273318
20010	0.303917	0.322957	3.78771	1.74764	0.461398	-1.25184	0.708539	3.6707	1.70272	0.463867	0.0614258	1.21018	0.462613	0.0106628	0.00287498
20011	0.373882	0.279567	3.8735	1.7271	0.445876	-1.18549	0.877873	3.71433	1.71387	0.46142	0.147213	1.21582	0.453485	0.025361	0.00319031
20012	0.203184	0.237294	3.66105	1.67397	0.457238	-1.2254	0.850087	3.88098	1.74502	0.449633	0.183998	1.02043	0.453325	0.0267372	0.00352209
20013	0.219019	0.264278	3.84515	1.66747	0.433655	-1.08174	0.877466	3.34383	1.67661	0.501404	0.222225	0.845985	0.465167	0.0273541	0.00376812
20014	0.288918	0.29868	3.9678	1.86136	0.469116	-1.04649	0.913628	3.54284	1.74317	0.492027	0.212055	0.891658	0.479923	0.0255703	0.0038932
20015	0.420681	0.360419	3.75321	1.73459	0.462163	-1.07155	0.999314	3.61345	1.65807	0.45886	0.183311	1.11337	0.460543	0.0292145	0.00414304
20016	0.414008	0.399667	3.82906	1.7613	0.459982	-1.02453	1.01302	3.92261	1.82464	0.465161	0.181794	1.0347	0.462603	0.0255698	0.00423895
20017	0.470657	0.416467	4.19352	1.82168	0.434404	-0.975438	1.09425	4.08657	1.94724	0.476497	0.219678	1.0456	0.455179	0.0295855	0.00458641
20018	0.383658	0.391345	3.9945	1.91906	0.480426	-0.873692	1.12892	3.70745	1.74667	0.471124	0.34411	0.790464	0.475948	0.0357913	0.00483326
20019	0.44572	0.465874	3.88737	1.78667	0.459611	-0.797791	1.19686	3.81404	1.71163	0.44877	0.345556	0.773159	0.454242	0.0367989	0.00507756
20020	0.458331	0.435944	3.89394	1.75911	0.451755	-0.766929	1.17269	3.3551	1.69582	0.505445	0.361558	0.750631	0.476605	0.0378106	0.00536841
20021	0.382998	0.421584	3.80754	1.81535	0.476777	-0.763914	1.1844	3.50304	1.62404	0.463608	0.442367	0.657703	0.470467	0.0405994	0.00555953
20022	0.38063	0.429905	3.74055	1.78295	0.476655	-0.854974	1.17399	3.5156	1.6705	0.475167	0.362648	0.763358	0.475934	0.0385543	0.00583939
20023	0.380315	0.42435	3.70963	1.72186	0.464159	-0.824816	1.20108	3.81031	1.88058	0.493552	0.415403	0.726169	0.479052	0.0402047	0.00599037
20024	0.380896	0.422908	3.88468	1.78898	0.460523	-0.830322	1.19441	3.4384	1.77471	0.516143	0.405723	0.733525	0.486638	0.0401012	0.00620371
20025	0.385118	0.430732	3.71663	1.81402	0.488083	-0.730995	1.21019	4.03257	1.86284	0.46195	0.487719	0.622854	0.474483	0.0396896	0.0065076
20026	0.405164	0.404083	4.12539	1.97953	0.479841	-0.648625	1.30299	3.52396	1.76932	0.502083	0.727652	0.555235	0.490088	0.0511546	0.00671651
20027	0.413929	0.375284	3.88606	1.91074	0.491692	-0.613659	1.34925	3.84515	1.90275	0.494844	0.898352	0.527969	0.49326	0.0585741	0.00696123
20028	0.468957	0.419938	3.98965	1.74231	0.436708	-0.63649	1.36923	3.90374	1.86565	0.477915	0.737433	0.611006	0.457087	0.0587997	0.00715632
20029	0.439424	0.391461	3.92372	1.79833	0.458321	-0.587448	1.39634	4.20847	1.95374	0.464239	0.957619	0.527233	0.461383	0.0630696	0.00740215
20030	0.496804	0.465285	3.77585	1.77599	0.470354	-0.691087	1.35863	3.94746	1.85361	0.469569	0.565572	0.705543	0.469953	0.0521302	0.00774805
20031	0.464392	0.478393	3.85554	1.86373	0.48339	-0.586499	1.37541	3.85918	1.88615	0.488743	0.728593	0.552185	0.486067	0.0509372	0.00816715
20032	0.491988	0.490994	3.7974	1.82577	0.480794	-0.685935	1.3736	3.75416	1.71757	0.45751	0.561443	0.693751	0.469219	0.0521238	0.00827799
20033	0.358483	0.40705	3.62336	1.87474	0.517405	-0.636622	1.34228	3.66545	1.74261	0.475416	0.883289	0.495116	0.496289	0.0570301	0.00838881
20034	0.407609	0.410624	3.86963	1.78032	0.460074	-0.642529	1.36488	3.73415	1.64565	0.440702	0.825721	0.551394	0.450561	0.0623371	0.00859533
20035	0.393211	0.368582	3.78046	1.67724	0.443661	-0.592809	1.40599	3.725	1.69985	0.456335	1.10695	0.486117	0.449951	0.0738257	0.00884108
20036	0.279854	0.28014	3.58231	1.69201	0.472324	-0.680311	1.32103	3.7261	1.72592	0.463198	1.17522	0.460959	0.467671	0.0734629	0.00906479
20037	0.320517	0.298311	3.48156	1.55616	0.446971	-0.715255	1.31441	3.82448	1.70585	0.446035	0.96237	0.536411	0.446481	0.0733591	0.00931187
20038	0.19643	0.263405	3.82683	1.74118	0.454994	-0.61931	1.35184	3.612	1.63083	0.451502	1.78035	0.332715	0.453298	0.0807786	0.00957393
20039	0.267825	0.305021	3.65423	1.68597	0.461374	-0.590409	1.37422	3.67113	1.7042	0.464217	1.55204	0.368282	0.462799	0.0777829	0.00979514
20040	0.410038	0.336499	3.80334	1.75028	0.460196	-0.631555	1.36425	3.51526	1.6523	0.470036	0.973603	0.542458	0.464923	0.0720527	0.0102645
20041	0.415024	0.421174	3.82958	1.82718	0.477123	-0.572713	1.39794	3.55527	1.68909	0.475095	0.977905	0.487812	0.476147	0.0635531	0.0103948
20042	0.400201	0.385686	3.77463	1.75049	0.463751	-0.544619	1.42894	3.38783	1.75185	0.517101	1.21923	0.446342	0.488985	0.0721229	0.0105817
20043	0.398411	0.403956	3.96625	1.8235	0.459755	-0.514879	1.50087	3.90259	1.74865	0.448076	1.44254	0.417049	0.453962	0.0777038	0.0107296
20044	0.395169	0.396074	3.87178	1.72612	0.445822	-0.449662	1.54453	3.77706	1.68548	0.446242	1.84793	0.35687	0.446029	0.0881733	0.0109715
20045	0.390989	0.39451	3.70457	1.64638	0.444418	-0.336727	1.59432	3.80162	1.79586	0.472392	2.71831	0.264785	0.458586	0.0946966	0.0112702
20046	0.467239	0.420428	3.89854	1.76644	0.453102	-0.372633	1.61626	3.80004	1.76896	0.465511	2.02727	0.352693	0.459227	0.091876	0.0114937
20047	0.399345	0.377938	3.73887	1.75042	0.468167	-0.486481	1.64026	4.02111	1.99799	0.496877	2.03069	0.392344	0.483044	0.0961093	0.0117426
20048	0.346502	0.337307	3.66434	1.70806	0.466131	-0.322169	1.61587	3.70306	1.90866	0.515427	3.65613	0.22356	0.490908	0.101572	0.0118867
20049	0.425859	0.380361	3.68592	1.73544	0.470831	-0.294908	1.65942	4.241	1.85515	0.437433	3.14915	0.259753	0.452963	0.102306	0.0121293
20050	0.428947	0.394073	3.58408	1.68474	0.470061	-0.245792	1.74146	3.76955	1.6719	0.443527	3.98759	0.227636	0.45646	0.11916	0.012138
20051	0.432782	0.399803	3.74199	1.63207	0.436151	-0.241608	1.74552	3.5347	1.7467	0.494157	3.98185	0.227401	0.464328	0.118214	0.0123458
20052	0.478774	0.492398	3.80876	1.84531	0.48449	-0.268474	1.77378	3.62555	1.6457	0.453918	2.94056	0.27919	0.46958	0.10526	0.0126155
20053	0.439309	0.472741	3.59765	1.68283	0.467758	-0.298669	1.75729	3.44149	1.68429	0.489406	3.02981	0.272306	0.478342	0.109191	0.0126051
20054	0.595741	0.470463	3.70568	1.72501	0.465504	-0.300636	1.81795	3.71953	1.8215	0.489713	2.25978	0.401745	0.477631	0.11352	0.012835
20055	0.510637	0.464949	3.74846	1.81424	0.483996	-0.171293	1.77601	3.60328	1.76024	0.488509	3.69629	0.232514	0.486208	0.107365	0.0131167
20056	0.541096	0.492448	3.86291	1.87103	0.484358	-0.267832	1.73776	3.58723	1.60686	0.447938	2.36994	0.327183	0.466822	0.100341	0.0132006
20057	0.528169	0.520754	3.95754	1.85103	0.467721	-0.286912	1.72867	3.39927	1.52161	0.447627	2.19619	0.332179	0.458437	0.0976426	0.0134108
20058	0.596615	0.546075	3.97672	1.91455	0.48144	-0.2177	1.77238	3.65933	1.62969	0.445351	2.26782	0.331555	0.464145	0.0959454	0.013658
20059	0.498622	0.528834	4.02459	1.86598	0.463646	-0.17546	1.78569	3.56432	1.74591	0.48983	3.47654	0.227194	0.475944	0.0986074	0.0140429
20060	0.454748	0.473881	3.50071	1.80233	0.514846	-0.280118	1.7683	3.96399	1.74043	0.439061	3.10264	0.270014	0.474602	0.105781	0.0143406
20061	0.475171	0.493833	3.82051	1.76801	0.462768	-0.0864994	1.89877	3.4582	1.72255	0.498105	6.25676	0.157737	0.479557	0.123914	0.0146511
20062	0.371656	0.444614	3.49403	1.70227	0.487194	-0.0751792	1.9249	3.76531	1.76581	0.468969	10.9747	0.0998306	0.477741	0.136469	0.0148311
20063	0.373205	0.423093	3.65537	1.70641	0.466822	-0.0694658	1.96965	3.71434	1.76408	0.474939	12.206	0.0979786	0.470913	0.147038	0.0149161
20064	0.429097	0.423208	3.81715	1.69047	0.442862	0.0374555	2.0926	3.63164	1.72596	0.475256	18.1693	0.0766915	0.458656	0.169458	0.0149951
20065	0.377082	0.401097	3.67211	1.60481	0.437027	0.0622206	2.07363	3.65684	1.78995	0.489479	28.2171	0.0495687	0.463199	0.170888	0.0152284
20066	0.447386	0.477166	3.86428	1.6805	0.434881	0.0497463	2.06646	3.72125	1.72198	0.462742	15.9745	0.0790587	0.448549	0.156604	0.0154264
20067	0.446837	0.463245	3.75651	1.70587	0.45411	0.0500555	2.09181	3.62454	1.7431	0.480918	16.8463	0.0787178	0.467274	0.161315	0.0159587
20068	0.305834	0.389942	3.85197	1.78309	0.462904	0.0216482	2.01597	3.85966	1.90177	0.492731	32.7379	0.0403809	0.477832	0.152162	0.0160565
20069	0.235561	0.264448	3.83796	1.82407	0.475272	-0.0967872	1.93078	3.84782	1.83029	0.475669	25.1382	0.0552277	0.475471	0.159699	0.0161671
20070	0.248251	0.261128	3.93222	1.75857	0.447221	-0.0179407	1.98279	3.95973	1.92967	0.487324	41.8315	0.0354291	0.467342	0.167372	0.0163213
20071	0.419908	0.371179	4.17314	1.83453	0.439604	-0.00932314	2.03261	4.04977	1.912	0.472125	14.9824	0.0921196	0.455621	0.155609	0.0165184
20072	0.302444	0.377626	3.45792	1.72654	0.499301	0.0802324	2.04094	3.99824	1.78227	0.445764	56.0295	0.024689	0.470593	0.16473	0.0165678
20073	0.425087	0.398496	3.89042	1.70946	0.439402	0.0525501	2.12137	3.88256	1.70949	0.4403	21.388	0.0693918	0.43985	0.178413	0.0167112
20074	0.386805	0.39688	3.91602	1.78909	0.456864	0.183873	2.1457	3.60347	1.61226	0.447419	74.2654	0.0205907	0.452337	0.183608	0.0168873
20075	0.282918	0.336489	4.22668	2.08118	0.492391	-0.00136786	2.09538	3.48397	1.58461	0.454829	38.2797	0.0404091	0.475419	0.174298	0.0170346
20076	0.303641	0.330848	4.09668	1.9806	0.483463	0.0834616	2.05584	3.75677	1.68951	0.449723	61.3794	0.0242394	0.467323	0.168602	0.0170003
20077	0.374485	0.323915	3.72812	1.89002	0.506963	0.0622262	2.06634	3.91323	1.83877	0.469885	31.1373	0.0487528	0.487975	0.169199	0.0173841
20078	0.367855	0.357124	4.29942	1.96624	0.457326	-0.0264839	2.07173	3.63475	1.82452	0.501964	18.9055	0.0777516	0.477775	0.162466	0.0175441
20079	0.341108	0.332642	3.8734	1.85682	0.479377	0.120075	2.08101	3.74366	1.82174	0.48662	62.568	0.0244278	0.482937	0.172082	0.0177427
20080	0.379743	0.383387	3.62121	1.8603	0.513724	0.0736413	2.08466	4.05686	1.78545	0.440105	30.8898	0.0468491	0.474826	0.165673	0.0182287
20081	0.538615	0.481241	3.85085	1.79282	0.465564	0.202281	2.11513	3.51758	1.8405	0.523229	23.5995	0.0565601	0.493093	0.155248	0.0184686
20082	0.520982	0.490711	3.87642	1.92115	0.495598	0.0906474	2.0894	4.04149	1.82031	0.450405	13.8011	0.0925938	0.472531	0.145928	0.0185332
20083	0.4512	0.478543	4.03713	1.80177	0.446299	0.0545084	2.13845	3.98038	1.8428	0.46297	17.509	0.0786823	0.454576	0.159024	0.0189425
20084	0.516397	0.515663	4.15403	1.8502	0.445398	0.0555603	2.10401	3.85579	1.86728	0.484279	11.8795	0.106185	0.464115	0.145114	0.0192387
20085	0.483891	0.452683	3.95347	1.77274	0.4484	0.0942159	2.13189	3.74094	1.86697	0.499064	18.5696	0.0759232	0.473032	0.162321	0.0195192
20086	0.381448	0.465568	4.03236	1.7942	0.444951	0.171858	2.1575	3.681	1.73005	0.469996	65.1672	0.0219639	0.456903	0.168862	0.0197807
20087	0.407123	0.482673	3.51518	1.69334	0.48172	0.143073	2.10367	3.71537	1.72436	0.464114	37.6874	0.034861	0.472674	0.161288	0.0200231
20088	0.46108	0.504885	3.85721	1.71193	0.443826	-0.0306004	2.06766	3.58277	1.78331	0.497747	10.1025	0.120875	0.469792	0.148772	0.0203058
20089	0.458226	0.455715	3.71299	1.79886	0.484477	0.0240391	2.08741	3.75629	1.76677	0.470349	14.123	0.094259	0.477372	0.157375	0.0205275
20090	0.379309	0.342273	4.0655	1.79862	0.44241	0.0586565	2.0024	3.94102	1.93077	0.489916	26.8048	0.0514089	0.465794	0.156006	0.0209755
20091	0.303438	0.327108	4.05605	1.95994	0.483214	-0.0432504	1.96937	3.67062	1.73444	0.472519	22.4393	0.0600964	0.478133	0.154406	0.0214115
20092	0.249695	0.293153	3.81885	1.91472	0.501386	-0.0017723	1.98257	3.77447	1.65547	0.438595	45.1345	0.031618	0.470174	0.166638	0.0215153
20093	0.274142	0.335195	3.68688	1.82298	0.494451	-0.019552	2.02369	4.2777	1.70014	0.397443	33.0529	0.043128	0.442349	0.168335	0.0220986
20094	0.287064	0.274019	3.83422	1.80196	0.469967	-0.00230319	1.97965	3.76242	1.75703	0.466996	34.7435	0.0418668	0.468495	0.169751	0.0222425
20095	0.181287	0.239352	3.6414	1.8021	0.494893	-0.0539246	1.93516	3.73616	1.85287	0.49593	51.9794	0.0276624	0.495418	0.164438	0.0225878
20096	0.23312	0.251767	3.62595	1.72097	0.474627	-0.0996353	1.97426	3.78695	1.74786	0.461547	26.7956	0.0553629	0.467945	0.176234	0.0229177
20097	0.397635	0.293631	4.13213	1.8309	0.443088	0.01882	2.04512	4.01351	1.87911	0.468195	21.3776	0.0717505	0.455459	0.171377	0.023153
20098	0.23065	0.288798	3.67148	1.77152	0.482509	0.0776129	2.04207	3.67468	1.82591	0.496889	131.253	0.0117101	0.489702	0.176094	0.0234256
20099	0.258785	0.229652	4.19938	1.86517	0.444154	0.105633	2.08364	3.83647	1.83825	0.479153	146.544	0.0117278	0.460863	0.188411	0.0236327
20100	0.378787	0.311656	3.96257	1.86417	0.470446	0.101209	2.09229	3.92877	1.79914	0.457941	41.1509	0.0385249	0.46422	0.177961	0.0240558
20101	0.37271	0.389189	4.16276	1.91097	0.459063	0.0940274	2.0909	3.89919	1.93101	0.495233	37.2865	0.0388321	0.476557	0.158623	0.0244809
20102	0.37242	0.384963	3.93016	1.86996	0.475798	0.0591761	2.09336	3.90862	1.93247	0.494414	29.7449	0.0490607	0.485081	0.161065	0.024842
20103	0.281367	0.32745	3.84263	1.80439	0.469572	0.181268	2.11665	4.14107	1.92391	0.464593	319.494	0.00500986	0.466989	0.176796	0.0248732
20104	0.208146	0.262595	3.71472	1.70232	0.458263	0.0666317	2.08542	3.94793	1.95694	0.495688	165.916	0.0100132	0.477545	0.185083	0.0250621
20105	0.272164	0.231068	3.76619	1.74269	0.462719	0.0805554	2.0619	4.07817	2.08157	0.510418	91.2994	0.0183568	0.487517	0.179812	0.0254261
20106	0.297379	0.258514	3.71191	1.82796	0.492458	-0.0055233	2.07056	3.90581	1.95255	0.499909	35.7877	0.045875	0.496278	0.178472	0.0256172
20107	0.227021	0.299682	3.61838	1.8063	0.499201	0.148475	2.08515	3.77552	1.79458	0.475319	516.709	0.00308479	0.487006	0.181293	0.0260679
20108	0.351538	0.319472	3.97242	1.85304	0.466476	0.140345	2.11347	3.93265	1.87796	0.47753	72.1589	0.0223011	0.471975	0.177472	0.0261414
20109	0.350101	0.379692	3.64311	1.78623	0.490304	0.0208297	2.1153	3.83733	1.80881	0.471373	27.7839	0.0542098	0.480593	0.173268	0.0264585
20110	0.206384	0.289592	3.51203	1.83661	0.522947	0.110429	2.12573	3.94038	1.8513	0.469829	366.158	0.00460374	0.494862	0.186104	0.0268788
20111	0.201321	0.292437	3.67016	1.78025	0.48506	0.137517	2.13541	3.87288	1.76382	0.455428	834.331	0.00203549	0.469846	0.193362	0.0269291
20112	0.217379	0.166668	3.83148	1.82576	0.476517	0.167211	2.14011	3.78611	1.76706	0.466722	1547.39	0.0012584	0.471649	0.213296	0.0271105
20113	0.143397	0.215903	3.84071	1.93059	0.502664	0.132996	2.1452	3.65091	1.69941	0.465475	34410.6	5.40846e-05	0.484541	0.204123	0.0273482
20114	0.191779	0.168815	3.71236	1.80764	0.486925	0.130968	2.15506	3.67895	1.81556	0.493499	1066.83	0.00184901	0.490197	0.214054	0.0275077
20115	0.203188	0.221854	4.12684	1.70511	0.413177	0.267778	2.21392	3.81084	1.69198	0.443992	951.198	0.00208596	0.427971	0.226116	0.0278097
20116	0.0561614	0.164163	3.85765	1.97642	0.512337	0.279172	2.23197	3.70212	1.67573	0.45264	85.9751	0.0248668	0.483103	0.226509	0.0283176
20117	0.0488076	0.169379	4.08361	1.99468	0.488459	0.249462	2.23999	3.63669	1.67178	0.459699	106.488	0.0201311	0.474912	0.226298	0.0286385
20118	0.0553766	0.138818	3.91106	1.95953	0.501023	0.33697	2.34372	3.82981	1.78743	0.466715	61.3103	0.0396475	0.484049	0.245017	0.0288569
20119	0.0405261	0.116679	3.70639	1.89034	0.510021	0.344485	2.36113	3.66074	1.87163	0.511272	54.5243	0.0461956	0.510642	0.250901	0.0291789
20120	0.101858	0.149221	3.89594	1.87783	0.481997	0.353133	2.37029	3.99051	1.82379	0.457031	78.1315	0.0315696	0.469364	0.250005	0.0296148
20121	0.13744	0.127249	3.82235	1.79983	0.470869	0.42366	2.38713	3.61401	1.84618	0.51084	62.3401	0.0409611	0.490295	0.259454	0.029864
20122	0.0656935	0.0818076	3.81696	1.81513	0.475545	0.427437	2.40729	3.68993	1.84793	0.500802	41.3262	0.0654293	0.48796	0.269683	0.0301844
20123	0.043943	0.0989557	3.74791	1.69525	0.452318	0.347206	2.36969	3.70214	1.82073	0.491805	56.0651	0.0459842	0.47194	0.26837	0.0304133
20124	0.114637	0.0692697	3.71378	1.72663	0.464924	0.368884	2.37874	4.135	1.87957	0.454551	82.5114	0.0323208	0.459459	0.270042	0.0307094
20125	0.0377787	0.0800015	3.60959	1.5582	0.431684	0.219751	2.31088	3.78194	1.92681	0.509476	150.294	0.016557	0.471487	0.263186	0.0307774
20126	0.00216057	0.0771489	3.71129	1.66311	0.448121	0.315343	2.3117	3.98862	2.01905	0.506202	50.9079	0.0490416	0.478207	0.253276	0.030824
20127	0.0425775	0.0229945	3.91483	1.80398	0.460807	0.308428	2.29356	4.08733	2.06692	0.505688	72.945	0.0353381	0.483731	0.249886	0.0308767
20128	0.0263993	0.0147237	3.97998	1.73081	0.434879	0.373977	2.30153	3.83569	1.8428	0.480436	43.287	0.060405	0.457237	0.267949	0.0313577
20129	-0.00635025	0.0621656	3.74925	1.66521	0.444146	0.269528	2.32629	3.84066	1.96125	0.510654	67.3543	0.0380543	0.4778	0.261212	0.031473
20130	0.0556768	0.063051	3.60429	1.73814	0.482241	0.308611	2.39967	3.84612	1.98497	0.516098	85.3415	0.0319879	0.499719	0.268363	0.0314798
20131	0.128325	0.0342042	3.41197	1.74672	0.511939	0.405094	2.42543	3.84694	1.87853	0.488317	74.6456	0.0383007	0.499421	0.282904	0.0318956
20132	0.0943163	0.0549285	3.66158	1.77961	0.486023	0.453209	2.45938	3.83272	1.94935	0.508607	44.8853	0.0644021	0.497573	0.279433	0.0320563
20133	0.143165	0.166265	3.79171	1.80304	0.475521	0.472879	2.48341	3.73686	1.91462	0.51236	49.389	0.0543559	0.493806	0.265375	0.0323676
20134	0.191471	0.129625	4.06173	1.88935	0.465159	0.492188	2.42854	4.28553	1.93618	0.451794	58.4425	0.0452153	0.458297	0.256809	0.0327544
20135	0.0205042	0.0559712	3.99164	1.91671	0.480182	0.282218	2.36878	3.81877	1.81537	0.475381	78.0956	0.034247	0.477835	0.263892	0.0328063
20136	0.077813	0.0761483	3.6803	1.85006	0.502693	0.418084	2.43525	3.8003	1.82364	0.479868	48.0668	0.0578921	0.491097	0.274795	0.0330625
20137	0.118893	0.0338861	3.82407	1.67146	0.43709	0.456371	2.47882	3.91435	1.82645	0.466602	52.4863	0.0569455	0.452018	0.29945	0.0329549
20138	0.138614	0.0577748	4.25428	1.81134	0.425768	0.524814	2.48447	3.84002	1.75356	0.456652	39.4827	0.0745752	0.44042	0.292377	0.0332979
20139	-0.055707	-0.0372415	3.62961	1.94406	0.535611	0.286221	2.33886	3.54582	1.76457	0.497647	48.2902	0.0584575	0.516851	0.275771	0.0332733
20140	0.0111422	-0.0182926	3.90266	1.93141	0.494894	0.37418	2.29235	3.64517	1.72947	0.474455	40.51	0.0658983	0.485023	0.267285	0.0334124
20141	-0.10734	-0.0482838	3.72219	1.95162	0.524319	0.299113	2.28213	3.77259	1.74693	0.463058	32.8734	0.0826021	0.493483	0.268619	0.0334183
20142	-0.0312275	-0.108381	3.9133	1.85678	0.47448	0.316316	2.28529	3.75196	1.77902	0.474156	47.4363	0.0603932	0.474322	0.282729	0.0334673
20143	-0.0347514	-0.0522693	4.06073	2.05035	0.504923	0.252414	2.30562	3.77989	1.68006	0.444473	67.4192	0.0412321	0.475781	0.27155	0.0337587
20144	-0.222143	-0.0786301	3.96692	1.88987	0.476408	0.270459	2.28348	3.93966	1.76624	0.448322	22.9936	0.121329	0.462413	0.276261	0.0340654
20145	0.0365873	-0.0101915	3.59517	1.74598	0.485645	0.230274	2.29212	3.77377	1.71267	0.453834	141.296	0.0187572	0.469354	0.277109	0.034317
20146	-0.0752464	-0.0534396	3.74735	1.76329	0.470544	0.331017	2.28773	3.92168	1.67848	0.427999	33.2086	0.0825249	0.448788	0.284861	0.0346189
20147	-0.153929	-0.0971653	3.98322	1.84873	0.464128	0.290346	2.31894	3.60047	1.67151	0.464249	29.5752	0.0986904	0.464186	0.293177	0.0349781
20148	-0.153354	-0.119432	3.82167	1.76225	0.46112	0.267414	2.32501	3.64647	1.81889	0.498808	33.7502	0.0885226	0.479522	0.294456	0.0354047
20149	-0.27367	-0.170792	3.68859	1.92066	0.520702	0.410298	2.33919	3.75969	1.9362	0.514988	13.467	0.233906	0.517818	0.29006	0.035753
20150	-0.136082	-0.171584	3.87025	2.00238	0.517378	0.286386	2.26967	3.69528	1.70901	0.462485	33.3918	0.0892397	0.490566	0.286555	0.0356604
20151	-0.154574	-0.143859	3.64043	1.87603	0.515333	0.227614	2.25396	3.79258	1.79985	0.474572	39.3622	0.073034	0.494535	0.28121	0.0359552
20152	-0.124191	-0.16741	4.0466	1.95368	0.482795	0.271057	2.22156	4.0225	1.77042	0.44013	36.5328	0.0781102	0.461526	0.277099	0.0363019
20153	-0.0728064	-0.0604281	3.8521	1.8579	0.482309	0.220935	2.25206	3.82905	1.82531	0.4767	61.9765	0.0431421	0.479513	0.266406	0.0366373
20154	-0.0497738	-0.10032	3.76427	1.7688	0.469891	0.312394	2.32873	3.81773	1.75259	0.459066	44.9835	0.0655826	0.46444	0.295327	0.0369387
20155	-0.0472323	-0.103656	3.92072	1.73796	0.443276	0.350695	2.35053	4.11958	1.84093	0.446872	38.0371	0.0791731	0.445119	0.296243	0.0370834
20156	-0.138201	-0.0923032	3.77117	1.7679	0.468793	0.46709	2.36801	3.72015	1.84209	0.495164	16.5216	0.183189	0.481889	0.295479	0.0374345
20157	-0.0674109	-0.0741528	3.70527	1.86011	0.502017	0.495288	2.39923	3.95373	1.84264	0.46605	19.3211	0.158315	0.48345	0.292413	0.037525
20158	-0.142958	-0.121721	3.61554	1.76623	0.488511	0.398558	2.3478	3.56642	1.73691	0.487018	20.7971	0.14662	0.487769	0.303348	0.0376529
20159	-0.0947334	-0.0891955	3.97484	1.80839	0.454958	0.356309	2.3103	3.7997	1.78799	0.47056	28.3012	0.101719	0.462583	0.285936	0.037953
20160	-0.0611086	-0.0481842	3.97966	1.84703	0.464116	0.303002	2.36605	3.92011	1.84522	0.470705	43.9633	0.0662883	0.467386	0.283073	0.0385189
20161	-0.0220728	-0.0382096	4.04814	1.85238	0.457587	0.371305	2.34737	3.83935	1.77712	0.46287	36.7763	0.0773729	0.460159	0.281708	0.0384447
20162	-0.0236315	-0.0494036	3.57629	1.83015	0.511746	0.358285	2.32717	3.80082	1.85922	0.489164	38.7226	0.07293	0.500111	0.276891	0.038898
20163	-0.0937545	-0.0930063	3.90296	1.70922	0.437928	0.336189	2.35475	3.83407	1.82812	0.47681	32.4125	0.0924258	0.457196	0.297584	0.0391186
20164	-0.120162	-0.0627842	3.87584	1.69385	0.43703	0.33788	2.38556	3.54689	1.69903	0.47902	28.5716	0.104901	0.457094	0.306475	0.0393145
20165	-0.0971528	-0.0837607	3.68374	1.68765	0.458134	0.439785	2.45532	3.77172	1.81311	0.480711	22.3617	0.144151	0.469555	0.315362	0.0392684
20166	-0.18165	-0.0772133	3.59523	1.73063	0.481367	0.427718	2.4688	3.49552	1.79126	0.512446	17.4567	0.185665	0.496688	0.31524	0.0393352
20167	-0.0797578	-0.0946159	3.67273	1.71277	0.466348	0.395754	2.44631	3.82652	1.68976	0.441592	28.5536	0.113056	0.453716	0.321856	0.0392874
20168	-0.2021	-0.187387	3.70979	1.84872	0.498336	0.440206	2.46879	3.60966	1.79592	0.497533	17.1014	0.206279	0.49794	0.326233	0.0395633
20169	-0.266554	-0.206278	3.85952	1.83242	0.474779	0.423207	2.45762	3.65386	1.73997	0.476201	14.9155	0.237885	0.47547	0.331935	0.0395847
20170	-0.237325	-0.2104	3.86811	1.8507	0.478451	0.556661	2.50471	3.83298	1.7729	0.462538	11.6936	0.315207	0.470531	0.337245	0.039914
20171	-0.158407	-0.192298	3.68666	1.86138	0.504896	0.484673	2.54707	3.81231	1.74273	0.457132	18.1456	0.206776	0.480614	0.342446	0.0399719
20172	-0.160904	-0.182822	3.7427	1.75958	0.470136	0.665283	2.59969	3.38259	1.71604	0.507317	11.3427	0.341292	0.487787	0.357814	0.0402024
20173	-0.171291	-0.14009	3.69929	1.73619	0.469332	0.592743	2.54682	3.69579	1.6895	0.457143	12.3675	0.291874	0.46324	0.345176	0.040357
20174	-0.176223	-0.141668	3.51486	1.65307	0.47031	0.584778	2.56533	3.91039	1.86546	0.477053	12.6533	0.289562	0.473861	0.342503	0.0407312
20175	-0.116746	-0.132185	3.7187	1.70595	0.458749	0.648274	2.56741	3.44849	1.78709	0.518224	12.4523	0.292628	0.487365	0.342907	0.0408767
20176	-0.134366	-0.0761756	4.01042	1.81519	0.452618	0.628181	2.52672	4.00174	1.96112	0.490068	11.6515	0.290739	0.471322	0.309749	0.0412172
20177	-0.054861	-0.0861698	3.76643	1.78176	0.473064	0.617775	2.58566	3.69916	1.67268	0.452178	15.7782	0.22622	0.462715	0.340757	0.0415138
20178	-0.0177596	-0.0551733	3.75985	1.69608	0.451103	0.585507	2.55671	4.03568	1.98401	0.491618	18.7452	0.181965	0.472077	0.316784	0.0418762
20179	-0.0668778	-0.0681003	3.63759	1.71329	0.470997	0.487733	2.55364	3.91216	1.87147	0.478373	22.3462	0.153797	0.474819	0.32414	0.0419207
20180	0.0847374	-0.00223215	3.83346	1.69271	0.441562	0.551212	2.54475	3.92545	1.96371	0.500251	29.8123	0.108799	0.471254	0.307366	0.0419632
20181	-0.0221879	-0.0150498	3.63271	1.58916	0.437459	0.503844	2.54567	3.97385	1.81454	0.45662	23.6974	0.138355	0.447469	0.325177	0.0421707
20182	0.00287774	0.00455211	3.60279	1.56578	0.434601	0.576963	2.5686	3.79882	1.91445	0.503959	19.948	0.164787	0.470199	0.320883	0.0421549
20183	0.0369072	0.091134	3.42084	1.51928	0.444124	0.519613	2.55538	3.85426	1.95861	0.508168	26.0617	0.116502	0.478054	0.303972	0.0423301
20184	0.0689303	0.0916569	3.36307	1.63113	0.485012	0.572598	2.56917	3.99736	1.84352	0.461184	24.1961	0.126841	0.472071	0.306449	0.0425843
20185	0.118701	0.0620444	3.62026	1.70159	0.470019	0.545677	2.55879	3.92833	1.8906	0.481274	34.1935	0.0911542	0.475876	0.302678	0.0428976
20186	0.106263	0.0828103	3.52842	1.77566	0.503244	0.558267	2.58129	4.24019	1.90188	0.448537	30.554	0.102153	0.473385	0.298034	0.0431301
20187	-0.00724732	0.0597517	3.87188	1.77155	0.457543	0.662059	2.60764	4.16073	2.03854	0.489949	14.4914	0.223986	0.474328	0.298821	0.0432022
20188	0.166214	0.135871	3.82049	1.78415	0.466997	0.577633	2.57899	3.73584	1.9052	0.509979	35.2631	0.0846329	0.488247	0.288087	0.043625
20189	0.234723	0.158331	3.80423	1.69373	0.445223	0.631794	2.61526	3.89328	1.88219	0.483445	38.287	0.0788324	0.464555	0.296882	0.0440428
20190	0.133272	0.185491	3.83512	1.76057	0.459065	0.694833	2.62459	4.00793	1.88645	0.47068	18.8653	0.157675	0.465	0.28978	0.0442405
20191	0.103068	0.102312	3.85716	1.84742	0.478959	0.746501	2.70167	4.10423	1.93142	0.470593	16.3202	0.207003	0.474646	0.309025	0.0445234
20192	0.0705641	0.13227	3.9334	1.83401	0.466266	0.70744	2.67806	3.8508	1.82696	0.474437	15.9785	0.202806	0.470308	0.306903	0.0449011
20193	0.138732	0.132538	3.86804	1.62831	0.420964	0.69972	2.65833	3.73691	1.87301	0.501218	20.2716	0.157354	0.460399	0.313066	0.0447967
20194	0.281106	0.321602	3.88077	1.74904	0.450694	0.696132	2.70849	3.91313	1.9773	0.5053	33.076	0.0861233	0.47811	0.27663	0.0454783
20195	0.340438	0.343424	3.42779	1.69003	0.493038	0.675222	2.68541	3.86691	1.90164	0.491773	48.9372	0.0560403	0.492368	0.276395	0.0457671
20196	0.354302	0.344736	3.72001	1.82801	0.4914	0.720627	2.71215	3.76925	1.90636	0.505767	41.7651	0.0670971	0.498631	0.272935	0.0460726
20197	0.359991	0.355581	3.55494	1.70751	0.48032	0.704196	2.67719	4.00316	1.84772	0.461564	45.493	0.0592385	0.470386	0.274942	0.0465284
20198	0.245201	0.303477	3.7215	1.72093	0.46243	0.677582	2.66656	3.90268	1.94907	0.49942	29.8691	0.0934768	0.481365	0.275667	0.0469328
20199	0.290264	0.264033	4.01968	1.78111	0.443097	0.651122	2.72895	3.88848	1.875	0.482195	46.6588	0.0651092	0.462322	0.293619	0.0475553
20200	0.189596	0.220012	3.74685	1.89158	0.504846	0.72039	2.74714	3.32954	1.70892	0.51326	22.6674	0.140871	0.508805	0.307315	0.0477645
20201	0.210733	0.158885	3.88897	1.88465	0.484616	0.781195	2.80566	4.00623	1.92057	0.479397	21.5269	0.162713	0.481967	0.315294	0.0482528
20202	0.191731	0.157684	3.984	1.70968	0.429136	0.756298	2.82161	4.04015	1.88646	0.466929	22.2645	0.159368	0.448165	0.330471	0.048582
20203	0.0805452	0.13324	3.73946	1.81123	0.484357	0.775427	2.77724	4.14865	2.00391	0.483027	14.4778	0.241431	0.483658	0.31428	0.0490249
20204	0.12594	0.110092	3.67223	1.64421	0.447742	0.722355	2.73167	4.07301	1.99751	0.490428	19.3209	0.177855	0.470189	0.320668	0.0493968
20205	0.133261	0.122477	3.80709	1.68948	0.443772	0.739204	2.78049	4.02607	1.92658	0.478527	19.2421	0.183584	0.461635	0.32827	0.0499337
20206	0.302005	0.207102	3.61536	1.73247	0.479198	0.699613	2.71211	3.73662	1.89744	0.507797	39.6926	0.079046	0.493733	0.301868	0.050004
20207	0.222052	0.20401	3.76841	1.71625	0.45543	0.714011	2.74223	3.47	1.80719	0.520804	26.6196	0.121012	0.48677	0.313824	0.0506961
20208	0.289722	0.280679	3.89789	1.72412	0.442322	0.779898	2.72744	3.85439	1.87004	0.485172	24.9159	0.120136	0.463627	0.294095	0.0509956
20209	0.23391	0.194579	3.78136	1.78238	0.47136	0.784108	2.74954	3.75231	1.93428	0.515491	21.564	0.151359	0.49334	0.305223	0.0511233
20210	0.262618	0.210222	3.95612	1.74877	0.44204	0.834112	2.79991	3.56897	1.81247	0.507842	20.5339	0.163303	0.473249	0.320206	0.0513394
20211	0.142435	0.134182	4.02527	1.95043	0.484547	0.814435	2.84029	4.0262	1.89018	0.46947	16.2164	0.225792	0.477007	0.322917	0.0514873
20212	0.206363	0.160744	3.85669	1.85935	0.482109	0.983084	2.92198	3.73253	1.84562	0.494469	12.6379	0.301648	0.488188	0.339816	0.0516201
20213	0.129011	0.231487	3.54351	1.63269	0.460754	0.928237	2.92994	3.50243	1.7324	0.494629	11.3996	0.319382	0.477593	0.351172	0.0518358
20214	0.300945	0.281192	3.87527	1.75558	0.45302	0.949454	2.95653	3.7162	1.76432	0.474763	17.0186	0.210282	0.463664	0.337138	0.051972
20215	0.352075	0.378932	3.70855	1.69384	0.45674	1.05869	3.00672	3.8104	1.78914	0.469541	13.8298	0.249652	0.463227	0.331503	0.052255
20216	0.367182	0.3892	3.57053	1.71522	0.480384	0.986929	3.01238	3.66899	1.66716	0.454392	17.9154	0.192043	0.467211	0.337243	0.0523085
20217	0.397923	0.371819	3.70992	1.60095	0.431532	0.904592	2.97835	3.69735	1.70226	0.460401	26.4654	0.128356	0.445942	0.339696	0.0522475
20218	0.293765	0.355974	3.58826	1.69279	0.471757	0.96157	2.97531	3.978	1.77339	0.445801	15.3845	0.222982	0.45811	0.331147	0.0524867
20219	0.355787	0.398389	3.62034	1.66684	0.46041	0.957441	2.94884	3.89951	1.82195	0.467226	17.9696	0.180994	0.463945	0.318036	0.0529855
20220	0.408272	0.333588	3.50473	1.74266	0.49723	0.886534	2.91645	3.63995	1.77598	0.487915	29.1656	0.114367	0.492484	0.321677	0.0532964
20221	0.455762	0.469337	3.56136	1.73062	0.485944	0.936931	2.8818	3.56886	1.74388	0.488639	25.1377	0.115762	0.487293	0.295264	0.0534913
20222	0.548538	0.495799	4.13243	1.89895	0.459523	0.82224	2.86671	3.47382	1.77384	0.51063	75.0373	0.0374563	0.482864	0.276839	0.0536594
20223	0.493659	0.46568	4.1339	1.98741	0.480759	0.845842	2.87254	3.95027	1.93652	0.490225	46.7055	0.0620162	0.485385	0.269681	0.0540504
20224	0.450555	0.466055	3.7231	1.95691	0.525613	0.9177	2.89592	3.85928	2.01022	0.52088	27.0559	0.109112	0.523204	0.271275	0.054453
20225	0.416479	0.440961	3.97764	1.74778	0.439402	0.990082	2.93923	3.92785	1.85525	0.472332	18.9696	0.16451	0.455763	0.3023	0.0546929
20226	0.4212	0.378413	4.12173	1.80146	0.437064	1.03258	2.96417	4.11617	1.94848	0.473372	17.8877	0.186892	0.455206	0.308425	0.0548317
20227	0.348762	0.331319	3.66749	1.86894	0.509596	0.97056	2.93841	3.97163	1.8465	0.464923	17.5798	0.193316	0.486371	0.313927	0.055068
20228	0.331482	0.331769	3.83285	1.88595	0.49205	0.950896	2.97623	3.88871	1.88332	0.484304	18.2269	0.191837	0.488149	0.316968	0.0552031
20229	0.328744	0.344171	3.98304	1.91929	0.481865	1.01246	2.97289	4.08661	1.74885	0.427945	14.782	0.233735	0.454559	0.32028	0.0553463
20230	0.298405	0.31413	3.73489	1.96063	0.524949	0.959285	2.98157	3.65554	1.72273	0.471266	16.2908	0.218381	0.498395	0.325769	0.0554826
20231	0.326983	0.347728	3.7428	1.8904	0.505077	0.908763	2.92803	3.70044	1.67752	0.453329	19.6709	0.169234	0.47935	0.318221	0.0558747
20232	0.297262	0.311983	3.87558	1.83106	0.472462	0.866428	2.87006	4.02292	1.73285	0.430744	20.2	0.161975	0.451214	0.314721	0.0559698
20233	0.306014	0.317872	3.97354	1.88763	0.47505	0.947328	2.92175	3.59126	1.80284	0.502008	16.4855	0.205642	0.487848	0.31485	0.0561556
20234	0.313109	0.321116	3.97323	2.01844	0.50801	0.884251	2.91926	3.97574	1.78065	0.447881	20.6938	0.163101	0.477936	0.307686	0.0563709
20235	0.11351	0.255027	3.96909	1.92033	0.483822	0.883275	2.84006	4.0214	1.87835	0.467089	11.2776	0.296269	0.4754	0.305557	0.05651
20236	0.257562	0.246995	3.89189	1.86999	0.480484	0.905153	2.84852	4.05236	2.1101	0.520709	16.1382	0.209687	0.501003	0.298406	0.0568542
20237	0.226216	0.234124	3.80181	1.92255	0.505693	0.886105	2.84345	3.75568	1.96509	0.523231	15.6356	0.217727	0.514408	0.304616	0.0572872
20238	0.1498	0.167097	3.81864	1.92453	0.503985	0.831745	2.83216	4.09645	1.85301	0.452347	15.2727	0.232524	0.47726	0.31986	0.0574772
20239	0.0687068	0.117909	3.86827	1.89481	0.489834	0.782878	2.81615	3.61621	1.67637	0.463572	14.2744	0.25502	0.477145	0.337715	0.0574504
20240	0.11255	0.0789725	3.8337	1.83195	0.477854	0.905579	2.83937	3.73208	1.78541	0.478395	12.1162	0.314447	0.478121	0.345068	0.0577185
20241	0.0708584	0.0628497	4.00807	1.98541	0.495353	0.857365	2.87458	3.68929	1.77356	0.480732	12.7804	0.309296	0.488345	0.344718	0.0579846
20242	0.0787206	0.0803456	3.91577	1.93612	0.494442	0.905222	2.86023	4.0434	1.88348	0.465816	11.3127	0.341552	0.479899	0.336011	0.058236
20243	0.08888	0.0560032	3.66779	1.88113	0.512879	0.742169	2.80069	3.68451	1.89802	0.515135	17.6512	0.213393	0.514009	0.332709	0.0584135
20244	0.129288	0.0246583	3.90319	1.92092	0.492141	0.829947	2.83916	3.92489	1.85829	0.473462	16.1358	0.245461	0.482775	0.343951	0.0586425
20245	0.111758	0.108092	4.07034	1.95818	0.481084	0.845065	2.84972	3.81704	1.7968	0.470731	13.978	0.268869	0.476074	0.333638	0.0586075
20246	0.198531	0.125164	3.68625	1.91636	0.519868	0.817951	2.8331	3.55434	1.82188	0.512579	19.1119	0.191841	0.51629	0.329149	0.0588902
20247	0.163706	0.118796	4.16848	2.04721	0.491117	0.828769	2.85055	4.04563	1.88588	0.466151	16.8717	0.221154	0.478821	0.32184	0.0589851
20248	0.108427	0.156914	4.11099	2.06013	0.501127	0.857561	2.79672	4.00019	1.92476	0.481168	12.4172	0.280601	0.491284	0.304302	0.0591619
20249	0.181197	0.20965	4.09922	2.06168	0.502943	0.862265	2.83364	4.12168	2.08239	0.505228	14.8437	0.231927	0.504089	0.293576	0.0592582
20250	0.182888	0.163093	4.25042	1.90945	0.449237	0.783023	2.83039	4.09019	2.09902	0.513183	19.7535	0.180081	0.480596	0.307449	0.0599724
20251	0.220302	0.167541	4.16229	1.90784	0.458363	0.85866	2.8733	4.28024	1.98606	0.464006	17.9659	0.20375	0.461224	0.319854	0.0603296
20252	0.353612	0.30489	3.8642	1.8234	0.47187	1.03614	3.02918	3.99637	1.84629	0.461993	15.9319	0.232921	0.466848	0.33593	0.0607993
20253	0.307493	0.296024	3.81687	1.78845	0.468563	1.05323	2.99001	3.4248	1.68674	0.492506	13.0501	0.278065	0.479887	0.343126	0.0612645
20254	0.399649	0.351954	3.76027	1.83354	0.487607	0.961425	3.03098	3.54361	1.79352	0.506128	22.742	0.157796	0.496593	0.33108	0.0614667
20255	0.344626	0.358623	3.90777	1.92273	0.492026	1.03	3.03975	4.14822	1.99397	0.48068	15.3029	0.234871	0.486184	0.314629	0.062001
20256	0.36765	0.373764	3.62242	1.75047	0.483233	1.01258	3.0322	3.81669	1.86409	0.488404	16.9913	0.207968	0.485886	0.328431	0.0618308
20257	0.379537	0.348915	3.64894	1.7145	0.469864	1.1576	3.09359	3.76828	1.86668	0.495368	12.4439	0.30269	0.482821	0.344758	0.0622403
20258	0.35207	0.300562	3.89714	1.69975	0.436152	1.10749	3.12148	3.91254	1.86437	0.476512	13.9445	0.285331	0.456372	0.358339	0.062389
20259	0.252373	0.278137	3.84711	1.677	0.435913	1.12238	3.15848	3.76572	1.83538	0.487391	10.9608	0.378458	0.461377	0.371388	0.062735
20260	0.307205	0.260381	3.92158	1.72693	0.440365	1.11295	3.11949	3.7914	1.70312	0.449207	12.5912	0.32461	0.444712	0.373472	0.0631693
20261	0.161743	0.193788	3.87446	1.75152	0.452069	1.12266	3.07251	3.8554	1.80313	0.46769	8.97492	0.461678	0.45986	0.368337	0.0635727
20262	0.267795	0.190638	3.97631	1.69785	0.426991	0.962859	3.02167	3.78764	1.8064	0.476919	16.5897	0.241557	0.451349	0.363897	0.0640679
20263	0.280833	0.231521	3.80734	1.81596	0.476963	1.08665	3.05546	3.95119	1.92694	0.487686	12.2811	0.32467	0.482424	0.347648	0.0645564
20264	0.196578	0.225911	3.81963	1.84973	0.48427	1.01646	3.0249	4.0609	2.04206	0.502859	11.6547	0.336101	0.493849	0.33489	0.0650652
20265	0.206868	0.178734	3.56106	1.67449	0.470223	0.874059	2.9223	3.86592	1.91076	0.494259	16.9095	0.222572	0.482734	0.344319	0.0655193
20266	0.100662	0.148655	3.94131	1.73978	0.441423	0.94209	2.91116	4.04356	2.05978	0.509398	10.7789	0.354001	0.475846	0.334389	0.0657519
20267	0.223454	0.165111	3.64803	1.7481	0.479192	0.955214	2.94423	3.84138	2.1179	0.551339	14.4236	0.267737	0.516197	0.333199	0.0659683
20268	0.112432	0.141956	3.51967	1.71778	0.488053	0.919365	2.95547	4.12304	2.03058	0.492496	12.157	0.32557	0.49045	0.345644	0.0660324
20269	0.179246	0.174663	3.78037	1.74655	0.462005	0.971639	2.96475	4.04951	1.90561	0.470579	12.398	0.313943	0.466439	0.347744	0.0662554
20270	0.163104	0.136005	3.69567	1.81959	0.492357	0.92705	2.92338	3.71191	1.92061	0.517419	13.3126	0.291807	0.504915	0.341923	0.066478
20271	0.130547	0.13571	3.61	1.7847	0.494376	0.973995	2.89488	3.8643	1.77104	0.458309	10.7014	0.355702	0.475729	0.348759	0.0670375
20272	0.167918	0.113908	3.79938	1.71172	0.450526	0.855199	2.87166	3.62597	1.8303	0.504777	16.1006	0.236177	0.477018	0.349404	0.0672435
20273	0.0965315	0.122016	3.85033	1.8057	0.468971	0.867264	2.88877	3.88119	1.82638	0.470573	12.8865	0.297014	0.469775	0.345191	0.0675813
20274	0.151392	0.114092	3.82478	1.87747	0.49087	0.877486	2.90328	3.69158	1.84504	0.499796	14.756	0.263606	0.495254	0.343284	0.0679985
20275	0.0538396	0.0631251	3.72436	1.82059	0.488835	0.992426	2.95884	3.94886	1.90361	0.482065	9.51837	0.440472	0.485351	0.360272	0.0680385
20276	0.0918983	0.110004	3.74433	1.84878	0.493754	0.890062	2.93942	3.9308	1.92736	0.490322	12.5664	0.318533	0.491996	0.346524	0.0681894
20277	0.0531467	0.0784462	3.86	1.72901	0.447931	0.937115	2.96282	3.98568	1.93759	0.486138	10.6471	0.3907	0.46734	0.362058	0.0683169
20278	0.0395763	0.0147855	3.70869	1.77608	0.478897	1.00927	3.0411	3.79994	1.66311	0.437669	9.73996	0.470155	0.458033	0.39979	0.0684899
20279	-0.0578437	-0.0358018	3.91407	1.72453	0.440597	1.18963	3.10452	3.63149	1.69459	0.466637	6.33697	0.778101	0.453129	0.419086	0.0687472
20280	-0.0719803	-0.0880712	4.07498	1.81116	0.444458	1.03584	3.06012	3.604	1.74808	0.48504	8.0758	0.613632	0.463504	0.410552	0.0689356
20281	-0.13554	-0.129364	3.72277	1.84841	0.496516	1.00908	3.05309	3.81895	1.83448	0.480361	7.73034	0.65508	0.488336	0.407529	0.069408
20282	-0.302408	-0.207411	3.69422	1.81199	0.490493	1.14591	3.0743	3.92736	1.84375	0.469462	5.13422	1.04881	0.479656	0.424247	0.0696555
20283	-0.219967	-0.16025	3.68256	1.79366	0.487068	1.04403	3.10031	3.76628	1.88671	0.500947	6.65411	0.798848	0.494086	0.419456	0.0696616
20284	-0.275305	-0.16176	3.5705	1.77351	0.496711	1.00362	3.03214	3.62526	1.77325	0.489138	6.23663	0.817827	0.492896	0.4184	0.0698712
20285	-0.135049	-0.115596	3.51313	1.65566	0.471279	1.07963	3.08314	3.82957	1.80433	0.471158	6.93479	0.737724	0.471216	0.425179	0.0703747
20286	-0.0841105	-0.031705	3.66918	1.64328	0.447859	1.20206	3.14858	3.59277	1.81627	0.505534	6.11414	0.827118	0.476393	0.422386	0.0709726
20287	-0.0651981	-0.0202516	3.68719	1.84714	0.500963	1.12515	3.188	3.74368	1.92291	0.513643	7.26421	0.708464	0.507351	0.405781	0.071154
20288	-0.00554142	0.0231288	3.73801	1.8219	0.487399	1.20052	3.23207	4.12024	1.93747	0.470232	7.07923	0.727288	0.478398	0.406569	0.0713884
20289	-0.0596509	-0.0865866	4.17045	1.83937	0.441048	1.2753	3.27882	3.8836	1.94836	0.501689	6.35537	0.891052	0.470289	0.42789	0.0715633
20290	-0.0804521	-0.0540986	4.01765	2.02678	0.504469	1.16123	3.27456	3.99874	1.94745	0.487015	7.18658	0.770882	0.495763	0.410843	0.072
20291	0.0415206	0.013114	3.94555	2.06972	0.52457	1.34424	3.30004	3.82901	1.78549	0.466307	6.36619	0.848534	0.495875	0.412094	0.0722306
20292	0.0043228	0.0477326	4.01161	2.00729	0.50037	1.2719	3.34143	4.00438	1.77235	0.442604	6.75181	0.803373	0.471513	0.4179	0.0722291
20293	0.0275527	0.0704353	3.72741	1.85181	0.496809	1.4552	3.42198	3.59718	1.76623	0.491003	5.51125	1.01908	0.493958	0.437114	0.0726103
20294	0.143206	0.1076	4.16412	1.90434	0.457322	1.47346	3.46565	4.00369	1.8739	0.468043	6.37243	0.884785	0.462577	0.427432	0.0730874
20295	0.130801	0.161541	3.97241	1.88958	0.475675	1.50924	3.45047	4.02059	1.88987	0.470048	5.69292	0.950045	0.472844	0.417207	0.0730556
20296	0.138484	0.121431	3.86133	1.88403	0.487924	1.38829	3.36292	4.01807	1.93626	0.481889	6.72676	0.781005	0.484847	0.407562	0.0734558
20297	0.104527	0.0768091	3.75669	1.72233	0.45847	1.35373	3.31788	3.95583	1.89422	0.478842	6.73148	0.780254	0.468919	0.420796	0.0734022
20298	0.130518	0.140713	4.10757	1.79933	0.438051	1.23752	3.31228	4.19385	1.77171	0.422454	8.2083	0.612724	0.430172	0.413335	0.073652
20299	0.127421	0.124587	3.75428	1.71353	0.456421	1.31103	3.35533	3.56694	1.80427	0.505832	7.4506	0.70046	0.480494	0.425996	0.0737792
20300	0.0750505	0.107705	3.64018	1.69586	0.465872	1.2934	3.34449	3.97964	1.80503	0.453567	7.05804	0.742188	0.459445	0.42809	0.0743893
20301	0.192005	0.11687	3.66591	1.68603	0.459921	1.26479	3.32428	3.89474	1.91902	0.492721	8.93883	0.575438	0.476817	0.416489	0.0748946
20302	0.0773531	0.0915645	3.95618	1.68145	0.425018	1.28282	3.23568	4.06097	1.98734	0.489376	6.80281	0.726572	0.457617	0.402613	0.0750828
20303	0.200497	0.0660023	3.84555	1.75802	0.457156	1.2821	3.21834	3.93512	1.89434	0.481393	8.49435	0.584931	0.469414	0.404951	0.0750011
20304	0.148547	0.141652	3.66191	1.71425	0.46813	1.21854	3.18067	3.90103	1.99708	0.511935	8.06682	0.572447	0.490725	0.383643	0.0755115
20305	0.163627	0.148511	3.7676	1.77784	0.471875	1.20397	3.23173	4.09397	1.96957	0.48109	8.78331	0.541154	0.476674	0.388195	0.0756781
20306	0.17949	0.176782	3.87312	1.75485	0.453085	1.18008	3.19327	3.79598	1.87119	0.492941	9.08845	0.500592	0.472812	0.385623	0.0758203
20307	0.241434	0.18412	3.72457	1.7233	0.462683	1.15591	3.16704	3.99149	1.96644	0.492658	10.6399	0.418135	0.478189	0.376239	0.0764139
20308	0.227095	0.217513	3.7692	1.71734	0.455625	1.08982	3.15365	3.63362	1.90247	0.523574	11.5826	0.372151	0.488977	0.373315	0.0767061
20309	0.278356	0.265665	3.83613	1.81166	0.472263	1.10354	3.12851	4.01234	1.75266	0.436818	12.0363	0.340465	0.454142	0.365137	0.0769002
20310	0.221008	0.213153	3.80024	1.83275	0.482273	1.1478	3.14336	4.07733	1.92452	0.472005	9.99612	0.429473	0.476958	0.3637	0.0772146
20311	0.199394	0.168826	3.88255	1.85756	0.478438	1.03869	3.07564	3.76288	1.9131	0.508415	11.9951	0.352209	0.493192	0.359178	0.0772851
20312	0.142233	0.20045	3.92261	1.96055	0.499808	0.984192	3.05478	4.00334	2.06698	0.516314	11.4928	0.354448	0.508145	0.335977	0.0775361
20313	0.223616	0.218838	3.81287	1.95326	0.512282	1.08885	3.00257	4.0016	1.93631	0.483885	10.3511	0.374314	0.49774	0.332586	0.0776991
20314	0.24986	0.219101	3.83496	1.85199	0.482923	0.988428	3.0186	3.91202	1.89464	0.484312	14.3675	0.272741	0.483624	0.343492	0.0774741
20315	0.165624	0.185248	3.6382	1.61624	0.444243	0.97262	3.00161	4.05067	1.97373	0.48726	12.1796	0.325621	0.466905	0.355935	0.0779204
20316	0.184028	0.193249	4.04726	1.88407	0.465517	1.09914	3.02461	3.84906	2.09709	0.544831	9.57292	0.418713	0.504179	0.334957	0.0784135
20317	0.226706	0.244306	3.8001	1.83275	0.48229	0.962736	2.98333	3.89121	1.84178	0.47332	13.8484	0.27087	0.477752	0.338045	0.0785631
20318	0.190585	0.190732	3.84537	1.73394	0.450916	0.982106	2.93349	3.56118	1.89918	0.5333	12.0074	0.313253	0.490527	0.341199	0.0785717
20319	0.31486	0.279834	3.90953	1.74877	0.44731	0.925293	2.91339	3.94075	1.98816	0.504514	18.6127	0.186314	0.476026	0.317044	0.0787387
20320	0.305571	0.290878	3.86986	1.80873	0.467388	1.01219	2.98768	3.84853	1.98541	0.515888	14.5657	0.249652	0.491571	0.324072	0.0788285
20321	0.313203	0.316424	3.84428	1.69395	0.440641	1.06129	3.05303	4.16964	1.91447	0.459144	13.382	0.279818	0.450268	0.341724	0.0795181
20322	0.248747	0.294787	3.6654	1.77343	0.483829	1.02847	3.05489	3.63926	1.76376	0.484648	12.5307	0.303981	0.484237	0.350102	0.0798622
20323	0.246204	0.257332	3.60514	1.69272	0.46953	1.06918	3.08035	3.96997	1.88967	0.475992	11.7667	0.338644	0.472916	0.357505	0.0799169
20324	0.301841	0.27109	3.77318	1.72472	0.4571	1.02994	3.03109	3.8861	1.89244	0.486976	14.3695	0.265061	0.472258	0.345015	0.0798973
20325	0.314175	0.275306	3.456	1.81608	0.525485	1.03928	3.04701	3.49556	1.77171	0.506847	14.6112	0.262891	0.516113	0.34878	0.0800369
20326	0.337181	0.3126	3.76957	1.85852	0.493032	0.949044	3.02629	4.14268	1.90203	0.45913	19.6703	0.187188	0.475282	0.328772	0.0801287
20327	0.4407	0.376435	3.74248	1.75355	0.468551	0.978418	2.9822	3.74399	1.90809	0.509641	23.4833	0.14457	0.4891	0.316857	0.0801345
20328	0.349798	0.33445	3.68538	1.70627	0.462983	0.944415	2.96567	4.06556	1.90859	0.469453	19.5813	0.176784	0.466377	0.323891	0.0805016
20329	0.459148	0.352685	3.69514	1.7139	0.463824	1.05134	3.03308	3.89461	1.94404	0.49916	20.4866	0.175348	0.481957	0.329431	0.0809235
20330	0.197367	0.297493	3.72265	1.65279	0.443983	1.04248	3.07239	4.12347	2.01303	0.488188	10.7811	0.357109	0.467215	0.344429	0.0814447
20331	0.289792	0.326567	3.64148	1.68377	0.462385	0.994641	3.04557	4.19816	1.96851	0.468899	14.8808	0.248406	0.465873	0.336123	0.0816164
20332	0.245323	0.283902	3.90083	1.76514	0.452504	0.973604	3.03476	4.22645	1.88071	0.444985	14.2672	0.265196	0.448594	0.341738	0.081884
20333	0.32544	0.277537	3.7432	1.66415	0.444578	1.04281	3.09479	4.03128	1.84781	0.458369	15.4228	0.257311	0.451729	0.361135	0.0823244
20334	0.24966	0.313829	3.81487	1.82841	0.479284	1.01909	3.0887	3.96488	1.89656	0.478339	13.0062	0.296009	0.478803	0.340819	0.0824531
20335	0.229219	0.275209	3.80215	1.69552	0.445936	1.10141	3.11134	3.91492	1.86717	0.476936	10.5738	0.380355	0.461663	0.360907	0.0826168
20336	0.280043	0.272046	3.67185	1.70156	0.463407	1.09069	3.10612	3.78046	1.96293	0.51923	12.2225	0.328572	0.491725	0.354103	0.0825364
20337	0.295679	0.29128	3.73801	1.76437	0.472009	1.09576	3.14396	4.33054	1.96534	0.453832	12.7127	0.320065	0.462253	0.353062	0.0828502
20338	0.178179	0.306049	4.01853	1.78234	0.443531	1.17624	3.16133	4.14051	2.00817	0.485005	8.18443	0.498058	0.464578	0.349792	0.0830317
20339	0.319902	0.3893	3.67355	1.65073	0.449355	1.14953	3.13976	3.60489	1.91344	0.53079	10.9913	0.344138	0.489688	0.346789	0.0831944
20340	0.328171	0.369088	3.72609	1.59798	0.428863	1.25393	3.15841	3.8729	1.83327	0.473359	9.07817	0.428517	0.451541	0.361901	0.0834275
20341	0.312202	0.32549	3.80586	1.74736	0.459122	1.1691	3.1733	3.81856	1.7981	0.470885	11.045	0.367136	0.465013	0.363928	0.0831615
20342	0.324752	0.3118	3.69592	1.70621	0.461647	1.16858	3.06766	3.66286	1.85438	0.506264	10.6661	0.356024	0.483855	0.347905	0.0835882
20343	0.336697	0.32799	3.81087	1.78153	0.467487	1.14571	3.12024	3.6722	1.77518	0.48341	11.9123	0.327253	0.475301	0.354131	0.0838976
20344	0.340596	0.298928	3.8006	1.74749	0.459792	1.14105	3.13564	3.75942	1.77705	0.472692	12.559	0.320366	0.466207	0.36349	0.0845574
20345	0.262776	0.253345	3.8697	1.77402	0.458438	1.21458	3.22133	3.94523	1.91806	0.486173	9.72369	0.452962	0.472439	0.373737	0.084799
20346	0.327198	0.249641	3.89792	1.66465	0.427061	1.24129	3.2497	3.71959	1.77432	0.477021	10.7717	0.41778	0.451456	0.395631	0.0849666
20347	0.229013	0.19453	3.62561	1.71373	0.472673	1.22875	3.23156	3.70017	1.78695	0.482937	9.22845	0.499736	0.477857	0.397238	0.0852781
20348	0.202165	0.168459	3.96165	1.89371	0.478009	1.24335	3.25346	3.88299	1.75368	0.451631	8.77921	0.542032	0.464953	0.394914	0.085554
20349	0.0930097	0.100672	4.02037	1.92751	0.479435	1.2697	3.23315	3.59063	1.62187	0.451697	7.08678	0.692304	0.466349	0.408802	0.0855565
20350	0.063254	0.100735	3.8179	1.88255	0.493085	1.2351	3.23508	3.80132	1.63202	0.429329	7.15404	0.686613	0.461277	0.411475	0.0861622
20351	0.092498	0.122211	3.85885	1.8439	0.477837	1.16562	3.24556	3.76827	1.80883	0.480017	8.4711	0.5758	0.478914	0.400482	0.0861673
20352	0.0879975	0.0618111	3.91253	1.84644	0.47193	1.34341	3.28058	3.91297	1.877	0.479687	6.57363	0.788032	0.475808	0.410368	0.086433
20353	0.0258032	0.0883688	3.75288	1.68235	0.448281	1.13609	3.24525	3.75755	1.94594	0.517875	8.08437	0.616368	0.4831	0.40724	0.086695
20354	0.0867499	0.0828069	3.57406	1.59428	0.446068	1.11947	3.16124	3.96988	1.91519	0.482431	8.88567	0.533259	0.465203	0.403135	0.0866434
20355	0.165638	0.143828	3.79083	1.72374	0.454712	1.27338	3.15248	3.9146	1.7759	0.45366	7.37675	0.613547	0.454178	0.392821	0.0872532
20356	0.10276	0.0803344	3.87988	1.74531	0.449837	1.26577	3.25844	3.61363	1.75207	0.484849	7.46743	0.676294	0.466721	0.4194	0.087434
20357	0.0278807	0.065732	3.84152	1.77119	0.461066	1.18813	3.22883	3.72807	1.77247	0.47544	7.43236	0.673084	0.468145	0.413904	0.0876699
20358	0.147914	0.129644	3.7422	1.82879	0.488695	1.21059	3.23993	3.89445	1.75737	0.451248	8.56649	0.564635	0.469598	0.402888	0.0880555
20359	0.0994573	0.164738	4.06617	1.92968	0.474569	1.24145	3.22248	3.51032	1.76997	0.504218	7.16927	0.652075	0.488306	0.3873	0.088163
20360	0.269417	0.237756	3.81803	1.83243	0.479942	1.21653	3.16411	3.74804	1.86791	0.49837	9.54672	0.448508	0.489071	0.366629	0.0884115
20361	0.3732	0.299967	3.76042	1.73043	0.460169	1.19112	3.18524	3.85206	1.77434	0.46062	12.4438	0.334496	0.460397	0.372694	0.0886391
20362	0.339593	0.305758	3.7684	1.86025	0.493643	1.13686	3.2224	3.53688	1.78082	0.503499	13.3831	0.317817	0.498415	0.368838	0.0892216
20363	0.207811	0.285207	4.10882	2.0052	0.488024	1.23925	3.23443	3.56605	1.71815	0.481806	8.17574	0.531935	0.485135	0.368808	0.0893378
20364	0.171636	0.214127	3.68658	1.77578	0.481687	1.20799	3.20457	3.77589	1.8005	0.47684	8.32638	0.537014	0.479234	0.384789	0.089753
20365	0.156266	0.182476	3.82538	1.76117	0.460391	1.23816	3.17265	3.99557	1.91921	0.480334	7.63881	0.585244	0.470579	0.377976	0.0901329
20366	0.198664	0.204597	3.56653	1.82433	0.511514	1.26213	3.22683	3.55561	1.91167	0.537649	8.07625	0.565478	0.524562	0.379465	0.0901955
20367	0.179977	0.231262	3.64828	1.65124	0.452609	1.15533	3.16053	3.71403	1.8328	0.493478	9.01969	0.475661	0.473226	0.381195	0.0901015
20368	0.256082	0.185871	3.71548	1.77995	0.479065	1.11561	3.11463	4.09532	1.88023	0.459117	11.6104	0.369394	0.468606	0.36955	0.0902183
20369	0.240007	0.227901	3.71824	1.78147	0.479117	1.03196	3.12482	4.07709	1.95172	0.478705	13.3805	0.313594	0.478901	0.359908	0.0902929
20370	0.208309	0.192289	3.79431	1.72748	0.455281	1.0623	3.05563	4.18979	2.08137	0.49677	11.242	0.364648	0.477053	0.349977	0.0908488
20371	0.143769	0.196497	3.7593	1.73906	0.462601	1.05716	3.03478	4.19105	2.03441	0.485416	9.656	0.417144	0.474628	0.348104	0.0910115
20372	0.211352	0.221375	3.62106	1.78499	0.492947	1.04354	3.00139	4.02061	1.95665	0.486655	11.1596	0.346271	0.489636	0.340649	0.091079
20373	0.299348	0.290351	3.99456	2.02058	0.505833	1.01654	3.04877	4.36176	2.10802	0.483296	14.7926	0.257184	0.494069	0.315524	0.0916821
20374	0.28342	0.243648	3.46882	1.76693	0.509376	1.03383	3.04573	3.96018	1.97028	0.497522	13.9433	0.281557	0.503057	0.344477	0.0921949
20375	0.283303	0.234173	3.54983	1.68087	0.473507	0.877659	2.99336	3.57875	1.79026	0.500248	21.551	0.17663	0.486931	0.354251	0.0926012
20376	0.362293	0.301226	3.5389	1.68739	0.476812	1.01574	2.93684	3.8472	1.70572	0.443366	16.2681	0.213499	0.459391	0.338651	0.0928947
20377	0.40185	0.334743	3.73227	1.74495	0.46753	0.91999	2.8991	4.00213	1.86457	0.465894	24.4942	0.134234	0.466684	0.313038	0.0932365
20378	0.348388	0.350838	3.44286	1.74602	0.507142	0.987947	2.89743	4.12074	1.82273	0.44233	15.8547	0.204518	0.471831	0.312492	0.0933571
20379	0.415518	0.395967	3.79534	1.89238	0.498607	0.924577	2.90926	4.0481	1.91583	0.473265	24.3753	0.12957	0.485528	0.293226	0.0933579
20380	0.444464	0.38402	3.80819	1.8221	0.478468	0.824308	2.84672	3.8505	1.99916	0.519196	42.0349	0.072141	0.498945	0.284172	0.0934998
20381	0.296397	0.323741	3.7387	1.74131	0.465754	0.83516	2.86601	3.82307	1.84025	0.481355	22.2663	0.145133	0.473642	0.310993	0.0935819
20382	0.361262	0.354462	3.49703	1.70027	0.486204	0.889831	2.85674	3.77039	1.77435	0.470601	22.4115	0.139692	0.478109	0.310695	0.0936506
20383	0.203046	0.293106	3.68821	1.75328	0.475375	0.844433	2.81483	3.73943	1.71947	0.45982	15.458	0.205689	0.467544	0.314136	0.0938983
20384	0.359973	0.326649	3.7041	1.73022	0.467109	0.82449	2.79024	3.84673	1.87958	0.488617	28.1276	0.107888	0.478066	0.296044	0.0938604
20385	0.368134	0.365512	3.97467	1.77294	0.44606	0.802765	2.81886	3.78987	1.83131	0.48321	31.8624	0.0944519	0.464193	0.294631	0.094045
20386	0.368117	0.352415	3.60031	1.917	0.532455	0.86248	2.81568	3.59729	1.70225	0.473204	24.8272	0.122198	0.502842	0.295444	0.0944238
20387	0.370987	0.383544	3.7069	1.81503	0.489637	0.776889	2.82119	3.74364	1.72154	0.459855	36.0662	0.0823781	0.474673	0.295903	0.0943408
20388	0.27782	0.331748	3.92939	1.88588	0.479943	0.82467	2.88047	3.86691	1.86861	0.483232	21.7224	0.149522	0.481575	0.302047	0.094618
20389	0.397875	0.318981	3.60743	1.84322	0.510952	0.890582	2.89738	3.52433	1.84105	0.522383	27.3857	0.12138	0.516601	0.310983	0.0951171
20390	0.135063	0.222093	3.84784	1.86547	0.48481	0.959939	2.92016	3.7475	1.9098	0.509619	10.6986	0.34021	0.497051	0.325372	0.0952157
20391	0.189527	0.21672	4.13788	1.83289	0.442955	0.952111	2.98861	3.79954	1.96107	0.516133	13.2122	0.290767	0.477984	0.336228	0.0955745
20392	0.190883	0.16092	3.7057	1.71564	0.462972	1.0578	3.04079	3.78796	1.8094	0.477672	11.0354	0.375775	0.470403	0.370471	0.0960382
20393	0.176349	0.179928	3.81583	1.79811	0.471223	1.04713	2.99667	3.92591	1.84509	0.469978	10.4635	0.379126	0.470592	0.35263	0.0960651
20394	0.175178	0.165013	3.83608	1.84644	0.481336	1.12658	3.04651	3.65717	1.76263	0.481965	9.17294	0.452583	0.481643	0.365256	0.0962129
20395	0.200293	0.193155	3.90717	2.0225	0.517639	1.00971	3.01441	3.55665	1.79031	0.503369	12.149	0.327577	0.510839	0.343035	0.0964803
20396	0.287993	0.224319	3.8161	1.81914	0.476701	1.00925	3.00916	3.72682	1.84784	0.495823	14.9079	0.260108	0.486149	0.345974	0.0966773
20397	0.234676	0.203124	3.77179	1.77244	0.46992	1.04358	2.99876	3.84202	1.7758	0.462205	11.9444	0.327165	0.466027	0.355231	0.0966269
20398	0.174986	0.162389	3.87547	1.80054	0.464601	1.07846	3.01359	4.05824	1.85708	0.457607	9.95924	0.408132	0.461023	0.357295	0.0969526
20399	0.253523	0.221585	3.88687	1.74464	0.448855	0.968504	3.00763	3.50314	1.78913	0.510722	15.184	0.255599	0.478182	0.354592	0.0973237
20400	0.403204	0.284411	3.60967	1.61714	0.448003	0.973926	3.00035	3.75472	1.80679	0.481205	22.646	0.162862	0.464931	0.350167	0.0975432
20401	0.350689	0.29656	3.80026	1.71097	0.450225	0.95255	2.95359	3.73909	1.86398	0.498511	19.4894	0.181119	0.474172	0.330631	0.0982599
20402	0.334687	0.318472	3.58447	1.6977	0.473628	0.91932	2.93542	4.16697	1.96385	0.47129	20.0367	0.170898	0.472371	0.31872	0.0989425
20403	0.328106	0.356202	3.86132	1.78078	0.461184	1.01229	3.03741	4.07823	2.04131	0.50054	15.3573	0.234054	0.481399	0.319937	0.0991767
20404	0.353871	0.373687	3.71529	1.76403	0.474801	1.09045	3.09094	3.66609	1.90152	0.518677	13.609	0.271271	0.496593	0.335028	0.0992287
20405	0.334629	0.406378	3.79565	1.75547	0.462497	1.17536	3.10193	4.23179	2.00321	0.473372	10.2798	0.353411	0.46823	0.325929	0.0992305
20406	0.412686	0.439446	3.79462	1.76542	0.465243	1.0937	3.06684	3.77491	1.87205	0.49592	14.8846	0.231891	0.480542	0.32189	0.0996341
20407	0.226309	0.333274	3.57125	1.65845	0.464389	1.03512	2.98159	3.48066	1.59987	0.459644	10.7214	0.327083	0.462047	0.349973	0.0994372
20408	0.38942	0.350362	3.86871	1.628	0.420812	0.974733	2.99668	3.73647	1.69579	0.453848	20.4413	0.171296	0.437043	0.34512	0.0996666
20409	0.261576	0.296444	3.98456	1.7563	0.440776	0.950766	2.98494	3.71975	1.82981	0.491919	15.2174	0.237491	0.465468	0.335168	0.0999906
20410	0.30393	0.345851	3.9696	1.76288	0.444094	0.920638	2.9659	3.68498	1.79142	0.486142	18.0493	0.190165	0.464336	0.32573	0.0998857
20411	0.407948	0.337654	3.47175	1.74275	0.501979	0.925212	3.00146	3.49644	1.79391	0.513066	26.5205	0.133781	0.507542	0.334153	0.100304
20412	0.321516	0.335827	3.66327	1.6743	0.45705	0.915802	2.95211	3.77922	1.87757	0.496814	19.381	0.176588	0.477242	0.325247	0.100705
20413	0.330192	0.356424	3.59686	1.76965	0.491999	0.944633	2.94242	4.03246	1.98932	0.493327	17.7131	0.188769	0.492701	0.30795	0.100965
20414	0.299803	0.341025	3.95925	1.81531	0.458497	0.989961	2.96457	3.94321	1.87615	0.475793	14.4504	0.23816	0.467128	0.318047	0.101098
20415	0.363572	0.353112	3.7832	1.7531	0.46339	0.96912	3.00849	3.61816	1.82049	0.503154	19.2289	0.183344	0.482829	0.330441	0.101002
20416	0.341083	0.299693	3.70381	1.73182	0.467579	0.98866	3.01479	4.09688	1.92326	0.469445	17.5787	0.209678	0.468559	0.335312	0.100875
20417	0.313538	0.299804	3.82299	1.60947	0.420998	1.04779	3.05392	3.57058	1.87106	0.52402	14.0695	0.26956	0.47075	0.352793	0.10115
20418	0.195013	0.304208	3.64887	1.77925	0.487617	1.06632	3.09686	3.53852	1.72287	0.486891	10.2728	0.37959	0.48726	0.357742	0.101438
20419	0.376186	0.388112	3.99253	1.91533	0.47973	1.10739	3.11075	4.26397	1.91998	0.45028	13.8644	0.267331	0.464521	0.325888	0.101671
20420	0.296257	0.313051	3.97422	1.8674	0.469878	1.0406	2.99263	3.96585	1.97447	0.497868	12.9595	0.277022	0.483858	0.318553	0.102033
20421	0.263183	0.260605	3.8442	1.85067	0.481418	0.921131	2.89018	4.04335	1.86852	0.462122	15.9731	0.216448	0.471527	0.317419	0.102547
20422	0.324116	0.308188	3.95535	1.92972	0.487876	1.03951	2.98398	3.77148	1.89225	0.501725	13.9899	0.255894	0.494636	0.319066	0.102894
20423	0.37668	0.283345	3.87327	1.91808	0.495208	0.922148	2.92623	3.78225	1.89684	0.501512	23.4756	0.148768	0.498323	0.31411	0.102728
20424	0.208517	0.203288	4.02398	1.87715	0.466491	0.957875	2.89929	3.65978	1.91037	0.521992	12.9438	0.280769	0.492926	0.324325	0.102952
20425	0.148282	0.193386	3.88104	1.85404	0.477718	0.915387	2.85658	3.92328	1.77876	0.453386	12.053	0.294225	0.465486	0.32811	0.103126
20426	0.191474	0.136624	3.86694	1.74609	0.451544	0.767821	2.81786	3.77089	1.88817	0.500722	21.6422	0.166088	0.475824	0.331005	0.103273
20427	0.102467	0.072067	3.71413	1.82445	0.491219	0.921699	2.8682	3.82648	1.85744	0.485417	11.6494	0.33557	0.488275	0.346889	0.103768
20428	0.118255	0.0981366	4.02252	2.04893	0.509365	0.881127	2.84645	3.73033	1.97876	0.530452	12.9786	0.290987	0.519511	0.319295	0.103878
20429	0.102119	0.0927163	3.5077	1.78806	0.509752	0.920685	2.88484	3.91141	1.91752	0.490238	11.6349	0.335025	0.499464	0.344788	0.103998
20430	0.0461697	0.0396968	3.79709	1.84895	0.486939	0.774488	2.85899	3.95893	1.93653	0.489154	14.9844	0.265224	0.488069	0.344345	0.104317
20431	-0.0205656	0.0173112	4.25957	1.88868	0.443396	0.84945	2.86825	3.90787	1.90953	0.488637	10.738	0.378464	0.465042	0.348639	0.104295
20432	0.0600814	0.0577369	3.94032	1.84388	0.467953	0.858769	2.79692	3.97546	2.07098	0.52094	11.7622	0.318951	0.494564	0.324042	0.104782
20433	0.00968588	0.0532113	4.00828	1.82458	0.455204	0.756111	2.8128	3.98111	1.97345	0.495703	13.6683	0.278575	0.475385	0.334007	0.104945
20434	0.0658212	0.0570331	3.6501	1.89158	0.518227	0.911474	2.83754	3.9113	1.94491	0.497255	10.811	0.357564	0.507379	0.335127	0.105375
20435	0.0451289	0.0493254	3.99616	1.82912	0.45772	0.834552	2.82724	3.74996	1.93925	0.517138	12.3828	0.311595	0.486484	0.338713	0.105604
20436	0.12233	0.0929701	3.53536	1.73595	0.491026	0.859845	2.83471	3.74663	1.81561	0.484597	13.82	0.271965	0.487718	0.346152	0.106007
20437	0.0461589	0.0540461	3.87036	1.77331	0.458178	0.901838	2.8894	3.78412	1.8354	0.485027	10.9798	0.366094	0.471451	0.357827	0.106267
20438	0.137899	0.0975834	3.64822	1.83882	0.504032	0.78019	2.87465	3.62625	1.87513	0.5171	18.6944	0.206269	0.510546	0.341842	0.106634
20439	-0.0345371	0.0217157	3.76499	1.7133	0.45506	1.026	2.89277	3.84019	1.97493	0.514278	7.32874	0.562372	0.484962	0.358569	0.106711
20440	-0.00250476	-0.00179745	3.80957	1.84452	0.48418	0.78043	2.83403	3.87165	2.03139	0.524683	13.1192	0.306494	0.504595	0.341659	0.106889
20441	-0.0210359	0.00934213	3.68938	1.80476	0.489177	0.862644	2.83285	3.68475	2.0243	0.549373	10.2091	0.390445	0.519256	0.342437	0.107358
20442	0.073073	0.0408811	3.59974	1.7054	0.473757	0.799427	2.82596	4.24467	1.94617	0.458498	14.702	0.263795	0.4655	0.346966	0.10786
20443	0.0360449	0.0779396	3.75887	1.83987	0.489474	0.913292	2.91345	4.02328	1.83406	0.455863	10.4476	0.384781	0.472097	0.353746	0.10768
20444	0.0893413	0.107753	4.0922	2.0421	0.499022	0.829286	2.89628	3.9355	1.77643	0.451386	14.202	0.273759	0.475669	0.33746	0.107998
20445	0.185325	0.142431	3.91872	1.81845	0.464043	0.799884	2.80654	3.9879	1.93349	0.484839	18.7921	0.188842	0.474532	0.321185	0.108225
20446	0.138817	0.0813444	3.68644	1.79916	0.488048	0.971595	2.86135	3.75758	1.85445	0.493522	11.1438	0.34676	0.490811	0.346015	0.108549
20447	0.0649683	0.088814	3.84088	1.80854	0.470866	0.889968	2.94689	3.93917	1.97965	0.502556	12.0016	0.340313	0.486911	0.350377	0.108804
20448	0.0919213	0.0943532	4.09404	1.85747	0.453702	1.00196	2.9765	3.86999	1.86604	0.482183	10.0302	0.414089	0.467542	0.358153	0.108921
20449	0.125355	0.0775756	3.84522	1.80629	0.469751	0.938117	2.94967	3.79899	1.72445	0.453923	12.4873	0.330291	0.461884	0.368835	0.109538
20450	0.0782545	0.0204396	3.93169	1.72728	0.439323	0.973046	2.94099	3.6991	1.70925	0.462071	10.6533	0.400326	0.45035	0.383029	0.110002
20451	0.0688362	0.0101735	3.89053	1.6795	0.431688	0.959831	3.00247	3.94554	1.85892	0.471144	11.2787	0.396935	0.451555	0.387606	0.110582
20452	0.0622628	0.0179351	3.42568	1.65048	0.481797	1.12679	3.08256	3.96934	1.73774	0.437791	8.28785	0.566608	0.458176	0.409448	0.110615
20453	-0.000116606	-0.00428647	3.97451	1.87936	0.472853	1.08111	3.04006	3.94604	1.86575	0.472816	7.92789	0.584524	0.472835	0.38233	0.110936
20454	-0.00672544	-0.0171056	3.80386	1.8332	0.481932	1.09277	3.06111	4.00419	1.85204	0.462526	7.83816	0.60444	0.47198	0.3914	0.111398
20455	-0.00663921	-0.0551514	3.98965	1.93353	0.484636	1.01249	3.00579	3.93332	2.03126	0.516424	9.021	0.519308	0.500417	0.371496	0.11154
20456	-0.00237572	-0.033344	4.1254	1.86002	0.450871	1.00502	2.98461	4.0222	1.9349	0.481054	8.97481	0.507423	0.465771	0.375124	0.111888
20457	-0.0462895	-0.00850814	3.74939	1.77855	0.474357	0.931542	2.98581	3.88161	1.84149	0.474415	9.37707	0.478077	0.474386	0.382524	0.112007
20458	0.0536799	-0.00957077	3.82299	1.80673	0.472596	0.968566	2.99469	3.86621	1.76438	0.456359	10.7831	0.418509	0.464431	0.387317	0.112227
20459	-0.0170849	-0.0655364	3.75911	1.73573	0.46174	1.00304	3.0268	3.65134	1.7153	0.469772	9.18899	0.520328	0.465698	0.40936	0.112556
20460	-0.132033	-0.0935711	3.65854	1.86102	0.508679	0.963665	3.00544	3.95663	1.89348	0.478558	7.99951	0.600277	0.493029	0.390173	0.112954
20461	-0.00621403	-0.0720088	3.91249	1.78147	0.455329	1.06979	3.08358	3.88433	1.84051	0.47383	8.60077	0.578889	0.464546	0.407463	0.113549
20462	-0.05292	-0.108207	3.56761	1.73839	0.487271	1.02312	3.05077	4.2155	1.94474	0.461331	8.61853	0.578934	0.473221	0.403943	0.113967
20463	-0.156439	-0.165375	3.80138	1.83878	0.483715	1.0827	3.04559	4.11111	1.94254	0.472509	6.71472	0.767738	0.477892	0.40547	0.114365
20464	-0.186626	-0.179236	3.58817	1.80992	0.504413	0.94959	2.97475	3.52061	1.9844	0.563653	7.70544	0.645494	0.533751	0.396046	0.114439
20465	-0.0474317	-0.134292	3.77694	1.98178	0.524707	1.01519	2.9696	4.0251	1.89986	0.472003	8.53211	0.564582	0.497516	0.383023	0.114915
20466	-0.214919	-0.138678	3.86599	1.89179	0.489342	0.933563	2.92095	3.65261	1.84512	0.505152	7.09722	0.659505	0.497022	0.385215	0.115284
20467	-0.114617	-0.0859852	3.7155	1.89847	0.510961	0.917211	2.91832	3.87347	1.70571	0.440358	8.47759	0.532335	0.474925	0.385137	0.115732
20468	-0.190718	-0.182481	3.89595	1.89721	0.48697	0.763678	2.8015	3.76987	1.63382	0.433389	9.77542	0.455435	0.46062	0.38678	0.11565
20469	-0.113845	-0.17615	4.00342	1.93434	0.483173	0.681521	2.71624	3.70806	1.81109	0.488419	13.2245	0.316303	0.485695	0.358435	0.115951
20470	-0.29862	-0.223064	3.81455	1.85427	0.486103	0.838393	2.79451	3.90124	1.81831	0.466086	7.04343	0.646399	0.475982	0.382775	0.116297
20471	-0.144975	-0.196728	3.73017	1.93595	0.518996	0.775105	2.81212	3.7911	1.794	0.473213	10.6942	0.423274	0.495919	0.377758	0.116239
20472	-0.261693	-0.193765	3.61218	1.80533	0.499789	0.767892	2.81756	3.71969	1.74242	0.468432	8.55446	0.530022	0.483881	0.389992	0.116714
20473	-0.180785	-0.197387	3.59105	1.75381	0.488382	0.771869	2.78232	3.88049	1.85354	0.477657	9.78311	0.453774	0.482812	0.381044	0.116973
20474	-0.212177	-0.214079	3.76223	1.7762	0.472114	0.695217	2.71237	3.7344	1.84148	0.493113	10.4014	0.411682	0.482574	0.371906	0.117065
20475	-0.243422	-0.167186	3.86988	1.88584	0.487313	0.6744	2.67015	3.93314	1.89628	0.48213	9.55664	0.421198	0.4847	0.347432	0.117132
20476	-0.106566	-0.16972	3.86748	1.82056	0.470736	0.653111	2.65677	3.77949	1.96775	0.52064	13.8433	0.288554	0.495401	0.345327	0.117411
20477	-0.320516	-0.250977	3.98347	1.77304	0.4451	0.617356	2.67604	3.89362	1.8897	0.485332	9.74013	0.439802	0.464986	0.369111	0.117644
20478	-0.208517	-0.233902	3.76186	1.6944	0.450416	0.772912	2.71626	3.90087	1.83372	0.470081	9.03595	0.481602	0.460427	0.381582	0.117742
20479	-0.280891	-0.212887	3.67703	1.77276	0.482117	0.640226	2.68861	4.05383	1.92326	0.47443	9.92235	0.424228	0.478086	0.362947	0.117848
20480	-0.193031	-0.237232	3.5031	1.61174	0.46009	0.701297	2.69253	3.98889	1.99871	0.501068	10.7317	0.399912	0.481907	0.372902	0.118192
20481	-0.255935	-0.238486	3.92003	1.72161	0.439182	0.708116	2.62636	4.01406	1.99702	0.497505	8.83084	0.464697	0.468689	0.35569	0.118258
20482	-0.30414	-0.267918	4.16328	1.84152	0.442323	0.595009	2.646	3.84207	1.91186	0.497611	10.5025	0.404234	0.468858	0.361363	0.118358
20483	-0.359644	-0.289606	3.79849	1.86567	0.49116	0.534299	2.53286	4.08963	2.01918	0.493731	9.96871	0.399567	0.492493	0.339023	0.118348
20484	-0.260808	-0.216808	3.90925	1.81902	0.465311	0.568029	2.57163	4.28833	1.90084	0.443258	11.3184	0.343486	0.453775	0.343325	0.118789
20485	-0.283177	-0.264722	3.89269	1.82968	0.470031	0.704931	2.65428	3.79002	1.90174	0.501776	8.72688	0.488179	0.485691	0.363524	0.119087
20486	-0.24866	-0.2571	4.24745	1.98911	0.468307	0.643217	2.59338	3.94602	1.92498	0.487828	10.2147	0.397722	0.477708	0.341774	0.119513
20487	-0.223891	-0.197755	4.3412	2.08884	0.481166	0.640691	2.66566	3.37424	1.80565	0.535127	10.9687	0.373752	0.504765	0.344946	0.119724
20488	-0.238577	-0.193093	4.00701	2.14065	0.534226	0.699491	2.68691	3.47852	1.65318	0.475256	9.42579	0.439986	0.506822	0.353524	0.120012
20489	-0.171869	-0.154852	3.85572	1.98589	0.515051	0.656174	2.65816	4.05736	1.89261	0.466462	11.5408	0.342828	0.490137	0.337886	0.12008
20490	-0.276449	-0.199381	3.9483	1.83964	0.465933	0.543146	2.61329	3.85462	1.9781	0.513175	11.7771	0.335868	0.48927	0.341372	0.120143
20491	-0.17888	-0.207425	3.65293	1.68653	0.461691	0.572272	2.56137	4.0057	1.93782	0.483767	13.587	0.282115	0.473238	0.346005	0.120445
20492	-0.18866	-0.149878	4.10191	1.91761	0.467491	0.541419	2.58176	3.75442	1.83201	0.487963	13.9993	0.266508	0.477274	0.332334	0.12084
20493	-0.198914	-0.210367	3.92835	1.81861	0.462945	0.569406	2.57571	3.96363	1.89906	0.479121	13.1493	0.295158	0.471069	0.343075	0.121134
20494	-0.177568	-0.209188	3.54699	1.73182	0.488251	0.610632	2.57019	3.76944	1.95193	0.517829	12.4343	0.31063	0.50349	0.344056	0.121227
20495	-0.188346	-0.207633	3.73953	1.76465	0.47189	0.511044	2.5461	3.94582	1.9014	0.481876	15.5026	0.244573	0.477017	0.340965	0.121229
20496	-0.236755	-0.23187	3.84422	1.78383	0.464029	0.579116	2.58449	3.85822	1.91105	0.495319	11.9161	0.332823	0.479703	0.349361	0.12152
20497	-0.252066	-0.262941	3.82089	1.94387	0.508748	0.689793	2.71195	3.89145	1.88649	0.484778	9.97632	0.443549	0.496654	0.36625	0.121704
20498	-0.179782	-0.204841	3.92651	1.91663	0.488125	0.646208	2.70825	3.66802	1.85391	0.505425	12.4382	0.341129	0.496481	0.36018	0.121822
20499	-0.209498	-0.166549	3.81171	1.80906	0.474605	0.715291	2.70549	4.21567	1.96653	0.466481	9.64482	0.427617	0.470338	0.353359	0.121947
20500	-0.216399	-0.200121	3.76313	1.76568	0.469207	0.695053	2.72072	3.77812	1.87149	0.495349	10.2695	0.415372	0.482304	0.369757	0.121898
