cycle	Zbar1	Gbar1	VP1	VG1	h21	Zbar2	Gbar2	VP2	VG2	h22	h2b	h2b_denom	h2w	Qst	Fst
20000	-0.0478237	-0.0346701	3.7661	1.83873	0.488233	-2.06831	-0.112629	3.8296	1.7697	0.462111	0.00148874	2.04119	0.475063	0.000421103	0.000358155
20001	0.0156101	0.0246191	3.98274	1.81795	0.456458	-2.08689	-0.100456	3.95221	1.79728	0.454752	0.00353891	2.21025	0.455608	0.00108117	0.000634717
20002	0.117524	0.054378	3.91649	1.76625	0.450979	-2.05972	-0.114895	3.8297	1.82371	0.4762	0.00604453	2.37019	0.463448	0.00199241	0.00089239
20003	0.0449393	0.0888966	3.73487	1.8002	0.481997	-1.93533	-0.00981496	3.8019	1.78056	0.468334	0.00248477	1.96074	0.475105	0.00068018	0.00116761
20004	0.18141	0.122409	3.77534	1.80068	0.476957	-1.91986	0.0379603	3.74208	1.73665	0.464087	0.00161519	2.20768	0.470551	0.000504024	0.00147546
20005	0.153284	0.183018	3.5566	1.85471	0.521483	-1.99704	0.0477665	3.35668	1.67427	0.498787	0.00395619	2.31195	0.510464	0.00129489	0.00170488
20006	0.118131	0.131218	3.91906	1.79936	0.45913	-1.95128	0.120197	3.71657	1.7964	0.483349	2.83642e-05	2.14124	0.470919	8.44942e-06	0.00196438
20007	0.142849	0.152904	3.72956	1.81392	0.486362	-1.75279	0.236213	3.77007	1.84783	0.490133	0.00193143	1.79672	0.488258	0.000473862	0.00221984
20008	0.084103	0.0876222	3.85086	1.82769	0.47462	-1.61516	0.381714	3.9788	1.96319	0.493412	0.0299532	1.44375	0.484169	0.00567429	0.00245604
20009	0.12593	0.0732064	4.00086	1.79886	0.449619	-1.518	0.501589	3.88117	1.85493	0.477931	0.0679041	1.35126	0.46356	0.0124066	0.0026926
20010	0.185693	0.156044	3.3998	1.70107	0.500344	-1.46511	0.510329	3.92124	1.83746	0.468592	0.0460592	1.36257	0.483337	0.00879434	0.00292845
20011	0.175867	0.190873	3.71464	1.75185	0.471607	-1.46142	0.544416	4.07016	1.86731	0.458781	0.0466267	1.34035	0.464901	0.00856443	0.00318267
20012	0.165151	0.157216	4.03142	1.77366	0.439959	-1.35996	0.644745	4.11554	2.01098	0.48863	0.102187	1.16298	0.464546	0.0154655	0.0033288
20013	0.251323	0.223612	3.74378	1.77587	0.474353	-1.37052	0.694561	3.95886	1.97278	0.498319	0.0843196	1.31519	0.486671	0.0145831	0.00352885
20014	0.0116765	0.105697	3.82782	1.8619	0.486414	-1.35438	0.661327	3.91918	1.89628	0.483846	0.165438	0.933054	0.485115	0.0201334	0.00382679
20015	0.0496172	0.105496	3.74196	1.86052	0.497204	-1.27247	0.728094	3.80595	1.74489	0.458463	0.221767	0.873957	0.477669	0.0261875	0.00407004
20016	0.115384	0.17465	4.38599	2.07331	0.472712	-1.22677	0.739732	3.85794	1.80744	0.468498	0.177262	0.900695	0.47074	0.0201659	0.00434035
20017	0.194923	0.130958	4.00066	1.83861	0.459576	-1.18647	0.725595	3.76249	1.89262	0.503022	0.185298	0.954119	0.480633	0.0231545	0.00456933
20018	0.0669989	0.0757812	4.01616	1.78724	0.445011	-1.28975	0.767775	3.80927	1.91995	0.504021	0.26014	0.92038	0.473736	0.0312974	0.00488458
20019	0.0421865	0.101908	4.04697	1.85076	0.457321	-1.16738	0.775121	4.17469	1.96901	0.471654	0.309773	0.731527	0.464599	0.0288219	0.00518956
20020	0.13882	0.10578	3.77953	1.89982	0.50266	-1.21593	0.783319	4.07989	1.98516	0.486572	0.25012	0.917679	0.494308	0.028707	0.00546727
20021	0.0823586	0.11815	3.97155	1.9182	0.482985	-1.19982	0.889178	4.0311	1.92056	0.476434	0.361614	0.821989	0.479685	0.0372909	0.00558304
20022	0.294048	0.254548	3.95177	1.9787	0.500712	-1.11444	0.824369	3.96566	1.97666	0.498444	0.163671	0.991915	0.499576	0.0201197	0.00568046
20023	0.201226	0.169192	3.90416	1.8481	0.473368	-1.03968	0.90646	4.1499	1.94658	0.469068	0.352999	0.769923	0.471152	0.0345895	0.00591005
20024	0.113787	0.10103	3.8691	1.78161	0.460471	-1.22707	0.798655	3.86279	1.88514	0.488026	0.270693	0.898953	0.474237	0.0321319	0.00623799
20025	0.00823969	0.00842039	3.92902	1.86528	0.474744	-1.17617	0.83424	3.74066	1.7804	0.47596	0.48615	0.701407	0.475337	0.0446981	0.00646172
20026	-0.0822321	-0.11296	3.77216	1.86831	0.495288	-1.16293	0.83575	3.84011	1.98227	0.516202	0.770655	0.583951	0.505838	0.0552359	0.00669588
20027	-0.16192	-0.127699	3.84416	1.81265	0.471534	-1.10792	0.862479	3.89988	1.82898	0.468984	1.09557	0.447461	0.47025	0.0630934	0.00694038
20028	-0.116124	-0.0757177	3.59157	1.738	0.483911	-1.05648	0.936501	4.11458	1.82952	0.444644	1.15868	0.442135	0.462945	0.067021	0.00722982
20029	-0.210736	-0.146597	4.04987	1.94743	0.480864	-1.0224	0.953491	4.07395	1.83089	0.449414	1.83697	0.329399	0.465092	0.0741725	0.00745374
20030	-0.154489	-0.204603	3.62547	1.90854	0.526426	-1.06424	0.94572	3.77557	1.84185	0.487833	1.59879	0.413828	0.506738	0.0810946	0.00778104
20031	-0.166337	-0.179613	4.05072	1.93472	0.477623	-1.0786	0.989608	3.73146	1.78073	0.477221	1.64267	0.416114	0.47743	0.084276	0.00820667
20032	-0.163045	-0.142343	3.71664	1.90432	0.512376	-0.926005	1.05892	3.74935	1.86305	0.496899	2.47897	0.291054	0.504604	0.0874299	0.00850949
20033	-0.24724	-0.212546	4.14682	1.94745	0.469624	-0.896943	1.08997	4.16864	1.8167	0.435801	4.01919	0.211057	0.452668	0.101314	0.00884247
20034	-0.106852	-0.174935	4.06914	1.95379	0.480148	-0.96434	1.07288	3.65875	1.86426	0.509536	2.11761	0.367643	0.494061	0.0925626	0.00908018
20035	-0.26735	-0.193673	3.82894	1.8359	0.47948	-0.86403	1.10653	3.88943	1.82768	0.469909	4.74833	0.178014	0.474657	0.103476	0.00932287
20036	-0.0986094	-0.135218	3.88099	1.82566	0.470411	-0.879969	1.06369	4.09006	1.83419	0.448451	2.35433	0.305261	0.459143	0.0894475	0.00955057
20037	-0.0218971	-0.0889037	3.91554	1.96572	0.502032	-0.855773	1.06885	3.72872	1.9546	0.524201	1.92766	0.347675	0.512846	0.0787829	0.00974994
20038	-0.0502525	-0.0957876	4.0451	1.8757	0.463697	-0.917668	1.06665	3.99827	1.87314	0.468488	1.79592	0.376205	0.466079	0.0827014	0.00991854
20039	-0.0525396	-0.0438533	3.71938	1.87294	0.503564	-0.788306	1.1813	3.94666	1.83709	0.46548	2.77271	0.270676	0.483957	0.0918964	0.0100927
20040	0.0181969	-0.00962319	3.67413	1.73739	0.472873	-0.810364	1.24635	3.97776	1.96615	0.494287	2.29779	0.343256	0.484004	0.0962793	0.0102365
20041	-0.0441287	-0.0615406	3.86442	1.91591	0.495783	-0.7115	1.29043	3.62666	1.8008	0.496545	4.10395	0.222692	0.496152	0.109535	0.0105237
20042	0.000277397	-0.0258956	3.60562	1.68796	0.468145	-0.712092	1.28108	4.15158	1.81277	0.436645	3.36607	0.253735	0.451287	0.108773	0.010603
20043	-0.0253905	-0.0347179	3.66227	1.60551	0.438393	-0.592764	1.38744	3.70343	1.83554	0.495633	6.28282	0.160957	0.467173	0.128171	0.0108781
20044	0.0130754	0.009518	3.79711	1.64949	0.434407	-0.563982	1.42617	3.7023	1.81835	0.491141	6.02685	0.166497	0.462415	0.126449	0.0109703
20045	0.00424706	0.0274838	3.62458	1.6796	0.463393	-0.603372	1.37246	3.72443	1.93748	0.520208	4.89965	0.1846	0.492187	0.111183	0.010938
20046	0.0514905	0.0350474	4.05366	1.69998	0.41937	-0.52135	1.41467	3.98117	2.01769	0.506808	5.80037	0.164073	0.462694	0.113521	0.0111895
20047	0.00216145	0.0271299	3.47503	1.80042	0.518103	-0.507745	1.46898	4.06246	2.02948	0.49957	7.99574	0.130002	0.508114	0.119541	0.011367
20048	0.0157692	0.058536	3.97376	1.96793	0.49523	-0.590874	1.46849	3.59544	1.89209	0.526247	5.40184	0.184008	0.509963	0.114117	0.0116048
20049	0.011532	0.0874677	3.75207	1.90049	0.506517	-0.47941	1.48597	3.76632	1.92785	0.511865	8.11457	0.120512	0.509196	0.113304	0.0118216
20050	0.041124	0.0605451	3.73761	1.78179	0.476719	-0.394393	1.61199	3.77692	1.76568	0.467492	12.6901	0.0948377	0.472082	0.145089	0.0121658
20051	0.164957	0.11235	3.73446	1.75881	0.470967	-0.392417	1.60531	4.20228	1.80668	0.429929	7.17466	0.155333	0.449239	0.135219	0.012442
20052	0.183101	0.164725	3.64708	1.75087	0.480075	-0.337172	1.65496	3.691	1.83188	0.496311	8.20442	0.135342	0.488241	0.134231	0.012768
20053	0.12325	0.133977	4.11306	1.89602	0.460976	-0.289708	1.6388	3.97963	1.77938	0.447122	13.2788	0.0852673	0.454163	0.13353	0.0130877
20054	0.193337	0.161539	3.97629	1.8738	0.471242	-0.225294	1.70511	3.80591	1.74298	0.457968	13.5953	0.0876262	0.46475	0.141464	0.0134306
20055	0.0329623	0.142466	3.88687	1.80255	0.463754	-0.356365	1.66606	3.71864	1.85486	0.498801	15.3148	0.0757877	0.48089	0.137003	0.0135132
20056	0.0449801	0.139626	3.59585	1.74205	0.48446	-0.256157	1.65597	3.76618	1.82609	0.484866	25.3551	0.0453417	0.484667	0.138806	0.0136917
20057	0.10454	0.13536	3.90158	1.75772	0.450516	-0.321682	1.67881	3.89335	1.88093	0.483115	13.1134	0.0908325	0.466798	0.140715	0.013985
20058	0.0940339	0.141402	3.52229	1.87042	0.531024	-0.156462	1.79249	3.91805	1.83101	0.467328	43.4446	0.0313742	0.497482	0.155559	0.0144424
20059	0.164686	0.160856	3.72594	1.72456	0.462851	-0.228481	1.79991	3.91327	1.91582	0.489569	17.3794	0.0772903	0.476538	0.155824	0.0145553
20060	0.161481	0.16974	3.65651	1.74882	0.478275	-0.205822	1.79437	4.05327	1.86862	0.461017	19.5642	0.0674555	0.469202	0.154335	0.0147501
20061	0.143362	0.117737	3.69157	1.65618	0.448638	-0.155916	1.78615	3.61094	1.6735	0.463452	31.0783	0.0447837	0.455963	0.172941	0.0150557
20062	0.0600792	0.0188211	3.71525	1.74914	0.4708	-0.245778	1.83959	3.77436	1.7643	0.467444	35.4383	0.0467743	0.469109	0.190946	0.0155441
20063	-0.0614091	-0.0941318	3.9041	1.81793	0.465646	0.0187427	1.97181	3.82093	1.80917	0.47349	664.37	0.00321215	0.469526	0.227399	0.015849
20064	-0.206256	-0.109389	3.95194	1.88073	0.4759	-0.0281873	1.95188	3.79663	1.86623	0.49155	133.996	0.0158543	0.483568	0.220958	0.0159783
20065	-0.0792859	-0.0724112	3.81943	1.84935	0.484194	-0.00109609	2.03831	3.89781	1.86866	0.479412	728.725	0.00305682	0.481779	0.230602	0.016145
20066	-0.0512082	-0.072922	3.86686	1.81212	0.468628	-0.0213643	2.00905	3.97918	1.92386	0.483482	4866.75	0.000445329	0.476161	0.224929	0.016458
20067	-0.155988	-0.0929435	3.68547	1.85809	0.504167	-0.0977113	1.94735	3.92304	1.93402	0.492991	1225.74	0.00169808	0.498405	0.215425	0.0165665
20068	-0.257092	-0.120293	3.89621	1.85835	0.476964	-0.0817592	1.99979	3.80369	1.82222	0.479066	146.211	0.0153707	0.478002	0.233983	0.0168406
20069	-0.117082	-0.132989	3.61128	1.78045	0.493024	0.0357956	2.03697	3.73258	1.8336	0.491241	201.472	0.0116858	0.492118	0.245788	0.0171085
20070	-0.135689	-0.156761	4.03039	1.87064	0.464134	0.110344	2.04996	3.85934	1.9682	0.509984	80.4463	0.0302663	0.486562	0.240864	0.0171821
20071	-0.0603588	-0.122473	3.82985	1.78635	0.466428	0.0411875	2.09412	4.10375	1.96284	0.478302	476.48	0.00515582	0.47257	0.246867	0.017271
20072	-0.101863	-0.10359	3.50301	1.80083	0.514079	0.204673	2.14187	3.92504	2.02933	0.51702	53.6595	0.0469823	0.515633	0.247708	0.0176466
20073	-0.116505	-0.14169	3.93489	1.75897	0.447018	0.176025	2.16916	3.86524	1.94644	0.503575	62.4027	0.0427869	0.475044	0.264959	0.0176977
20074	-0.0114954	-0.0883477	3.6664	1.77715	0.484714	0.2451	2.20185	3.76999	1.91513	0.507994	79.6617	0.0329205	0.496516	0.262162	0.0179401
20075	-0.0615136	-0.0799099	3.57255	1.75852	0.492231	0.169356	2.15687	3.49286	1.86804	0.534817	93.8668	0.0266505	0.513284	0.256545	0.0181515
20076	-0.154959	-0.138559	3.96395	1.91371	0.48278	0.145236	2.1804	3.54223	1.76507	0.498293	59.6729	0.0450587	0.490101	0.267736	0.0185521
20077	-0.0806772	-0.10611	3.83525	1.94683	0.507613	0.135029	2.18202	3.91049	1.78743	0.457086	112.521	0.0232647	0.482104	0.259634	0.0187698
20078	-0.20754	-0.127108	4.00287	1.77388	0.443152	0.204474	2.18846	3.73403	1.68602	0.451529	31.5858	0.0848776	0.447195	0.279343	0.0187777
20079	-0.10201	-0.119272	3.80905	1.8257	0.479304	0.226781	2.20495	3.73165	1.83624	0.492072	49.9707	0.0540519	0.485623	0.269529	0.0191089
20080	-0.19719	-0.141222	3.71163	1.73526	0.467519	0.158572	2.20829	3.9771	1.74207	0.438025	43.615	0.0632834	0.452263	0.284217	0.0193418
20081	-0.169248	-0.177053	3.83099	1.71066	0.446531	0.239218	2.24836	3.97975	1.83692	0.461565	35.2582	0.0834225	0.454192	0.293167	0.0195041
20082	-0.131319	-0.168145	3.61369	1.76175	0.48752	0.320774	2.332	3.84364	1.77883	0.462799	30.5826	0.102194	0.474778	0.306318	0.0195927
20083	-0.222168	-0.21126	3.87504	1.83696	0.474048	0.293547	2.29613	3.61185	1.64797	0.456266	23.6387	0.132981	0.46547	0.310934	0.0198167
20084	-0.20822	-0.21115	3.76278	1.84069	0.489182	0.316026	2.30996	4.00431	1.679	0.419299	23.1267	0.137417	0.453154	0.311146	0.0201309
20085	-0.056746	-0.128649	3.83746	1.77985	0.46381	0.358722	2.37855	3.9255	1.83389	0.467175	36.4167	0.086307	0.465512	0.303178	0.0204057
20086	-0.0943281	-0.103109	3.81135	1.72467	0.452508	0.310012	2.31659	3.66962	1.81652	0.495016	35.812	0.0817455	0.47336	0.292563	0.0206134
20087	-0.189667	-0.132324	3.56155	1.74272	0.489315	0.394911	2.33564	3.94647	1.79093	0.453807	17.8235	0.170866	0.470651	0.301253	0.0209618
20088	-0.167094	-0.174237	3.83057	1.88725	0.492682	0.367047	2.33993	4.00587	1.84048	0.459447	22.1553	0.142654	0.475693	0.297818	0.0211972
20089	-0.217101	-0.201679	3.9209	1.90616	0.486153	0.358818	2.2929	3.96627	1.84688	0.465645	18.7617	0.165841	0.47584	0.293153	0.0213439
20090	-0.220448	-0.178673	3.87084	1.83463	0.473962	0.239272	2.25915	3.80096	1.79119	0.471247	28.1202	0.105671	0.472617	0.290767	0.0213681
20091	-0.185557	-0.170483	3.76623	1.79829	0.477477	0.375845	2.32383	3.81445	1.80943	0.474362	19.7403	0.157586	0.47591	0.301357	0.0217032
20092	-0.210902	-0.260339	3.60975	1.77176	0.490825	0.279616	2.33698	3.79202	1.66217	0.438333	28.0376	0.120304	0.463933	0.32948	0.0218886
20093	-0.276205	-0.221091	3.72736	1.86354	0.499964	0.37557	2.40996	3.48867	1.75928	0.504285	16.2954	0.212405	0.502053	0.32338	0.0220987
20094	-0.198293	-0.195659	3.7096	1.89208	0.510051	0.270946	2.36964	3.86979	1.82141	0.470676	29.8874	0.110093	0.489947	0.30712	0.0221426
20095	-0.158846	-0.205953	3.64351	1.82864	0.50189	0.311032	2.35423	3.80422	1.86292	0.4897	29.6875	0.110392	0.495663	0.307532	0.0224306
20096	-0.191199	-0.213667	3.84545	1.93547	0.503313	0.408553	2.35491	3.9411	1.8337	0.465275	18.3418	0.179851	0.484061	0.304504	0.0227897
20097	-0.192725	-0.196647	3.64928	1.8059	0.494865	0.258823	2.31006	3.99591	1.88421	0.471535	30.8176	0.101948	0.482671	0.298697	0.0230833
20098	-0.159892	-0.144942	4.32725	2.04246	0.472	0.334023	2.35169	3.78562	1.84131	0.486395	25.5509	0.121976	0.478717	0.286445	0.0230954
20099	-0.1026	-0.131372	3.95205	1.99257	0.504186	0.295383	2.32712	3.94769	1.81444	0.459622	38.16	0.0791954	0.481916	0.284237	0.0235633
20100	-0.159164	-0.14507	3.84111	1.76702	0.460028	0.334092	2.32552	3.78792	1.85586	0.489943	25.0874	0.121651	0.474881	0.296472	0.023892
20101	-0.075335	-0.161425	3.52507	1.86262	0.528393	0.285835	2.25495	3.75465	1.97674	0.526478	44.7616	0.0652218	0.527405	0.275566	0.02436
20102	-0.115647	-0.140409	3.51753	1.81092	0.514827	0.285404	2.22276	3.87205	1.84325	0.476041	34.7209	0.0804206	0.494504	0.276546	0.0245385
20103	-0.230023	-0.254489	3.92865	1.94133	0.494146	0.254278	2.22334	3.89335	1.82159	0.467872	26.1765	0.117274	0.481068	0.289828	0.0246743
20104	-0.311998	-0.269644	3.83752	1.86928	0.487106	0.213594	2.2464	4.02179	1.76877	0.439798	22.916	0.138124	0.462898	0.303251	0.0248591
20105	-0.238018	-0.238315	4.07572	1.76272	0.432493	0.425753	2.30265	3.93365	1.84199	0.468265	14.6542	0.220296	0.450062	0.309396	0.0250958
20106	-0.188282	-0.265514	3.43664	1.81172	0.52718	0.354178	2.3339	4.04409	1.96131	0.484981	22.9623	0.147132	0.504367	0.309363	0.0254013
20107	-0.251309	-0.285426	4.17148	1.84568	0.442452	0.438844	2.38693	3.57021	1.81626	0.508725	14.9933	0.238155	0.473015	0.327863	0.0255307
20108	-0.338935	-0.28318	3.7094	1.85352	0.499682	0.400635	2.40589	3.65242	1.78833	0.489629	13.2204	0.273482	0.494695	0.331835	0.0256769
20109	-0.261038	-0.263124	4.13086	1.97198	0.477377	0.492801	2.49597	3.67968	1.76488	0.479629	13.396	0.284137	0.478438	0.337549	0.0259673
20110	-0.273689	-0.242606	4.12298	1.90404	0.461813	0.552304	2.50317	3.81892	1.73647	0.454701	11.0504	0.341132	0.458393	0.341236	0.02614
20111	-0.256076	-0.192206	3.99353	1.78293	0.446454	0.529876	2.48154	3.86548	1.74916	0.452509	11.5731	0.30886	0.449432	0.3361	0.0264724
20112	-0.174529	-0.16395	3.97689	1.81318	0.455929	0.465336	2.48612	3.50137	1.60274	0.457747	17.153	0.204714	0.45678	0.339602	0.0266301
20113	-0.0806067	-0.0918651	3.77465	1.69159	0.448145	0.60565	2.49184	3.59635	1.72869	0.480678	14.1747	0.235474	0.464018	0.32804	0.0270636
20114	-0.08617	-0.098814	3.41679	1.63314	0.477974	0.556512	2.55034	3.57602	1.7179	0.480395	16.9911	0.20652	0.479212	0.34376	0.0271483
20115	-0.112566	-0.134442	3.646	1.785	0.489579	0.611231	2.58125	4.08078	1.76708	0.433024	14.0775	0.261941	0.459711	0.34181	0.0272389
20116	-0.148436	-0.131504	3.9131	1.87731	0.479748	0.563871	2.56788	3.82165	1.75395	0.458952	14.3613	0.253691	0.469473	0.334182	0.0274649
20117	-0.104044	-0.130418	3.85427	1.72435	0.447386	0.511492	2.55845	3.53041	1.62592	0.460549	19.0824	0.189442	0.453679	0.350557	0.0278008
20118	-0.172462	-0.153545	3.91935	1.81798	0.463847	0.663045	2.60504	3.61844	1.6245	0.448949	10.9012	0.349036	0.456696	0.35605	0.0278408
20119	-0.058834	-0.103203	4.01055	1.84256	0.459427	0.62107	2.55989	4.00988	1.74329	0.434749	15.3419	0.231134	0.447089	0.330968	0.0280769
20120	-0.0520618	-0.0478838	3.8304	1.73761	0.453637	0.490756	2.51008	3.91553	1.84975	0.472415	22.2065	0.147326	0.463129	0.313288	0.0284901
20121	0.0310309	0.0187822	3.77442	1.76751	0.468286	0.507951	2.53222	3.79292	1.8318	0.482952	27.7744	0.113726	0.475637	0.305077	0.0289401
20122	-0.00962387	-0.0180889	3.99217	1.9042	0.476983	0.491607	2.49589	3.88806	1.86078	0.478589	25.1562	0.125616	0.477776	0.295711	0.0291975
20123	0.0638989	-0.0170778	3.94404	1.92364	0.487734	0.549425	2.53412	3.86095	1.74438	0.451802	27.6099	0.117868	0.469959	0.307396	0.0294473
20124	-0.00934619	0.00608152	4.06392	1.76592	0.434538	0.472289	2.4947	3.56151	1.77937	0.499611	26.6982	0.115986	0.464931	0.304077	0.0295913
20125	-0.0802684	0.00476673	3.64481	1.73166	0.475104	0.512834	2.50561	3.58985	1.68038	0.468093	17.7792	0.175885	0.471625	0.314351	0.0299158
20126	0.0426909	0.0651725	3.96774	1.79372	0.452076	0.608301	2.51333	3.70345	1.65327	0.446413	18.7347	0.159957	0.449342	0.303091	0.0298518
20127	-0.0115606	0.0565245	3.70811	1.81355	0.489076	0.432337	2.46819	3.52856	1.69506	0.480383	29.5168	0.0985226	0.484837	0.2931	0.0299809
20128	0.0438795	0.0379471	3.51264	1.73457	0.493808	0.416679	2.41679	3.66581	1.77287	0.483623	40.7176	0.0694898	0.488607	0.287522	0.0303942
20129	0.0372874	0.0812489	4.05293	1.87263	0.462042	0.42864	2.44398	3.38883	1.74904	0.516119	36.4497	0.0765785	0.486668	0.278264	0.0303946
20130	0.137761	0.11671	3.46112	1.75144	0.506033	0.436935	2.44916	3.72276	1.79898	0.483239	60.7822	0.0447525	0.494221	0.277074	0.0307633
20131	0.0774773	0.0378019	3.9217	1.79186	0.456909	0.507421	2.40157	3.61302	1.76798	0.489335	30.2263	0.0924259	0.472458	0.281912	0.0308972
20132	0.110482	0.0888553	3.82922	1.86087	0.485966	0.488921	2.42331	3.81963	1.73742	0.454866	38.0521	0.0716083	0.470435	0.274742	0.0310605
20133	0.0927009	0.128246	3.72767	1.69767	0.455422	0.448938	2.46249	3.79542	1.83877	0.48447	42.9353	0.0634526	0.470077	0.278175	0.0313655
20134	0.152867	0.120509	3.47086	1.67093	0.481418	0.579065	2.54138	3.78568	1.79584	0.474377	32.264	0.0908225	0.477745	0.297179	0.0315554
20135	0.121097	0.110677	3.59274	1.55354	0.43241	0.635625	2.53403	3.68583	1.71042	0.464053	22.1827	0.13237	0.448434	0.310361	0.0320051
20136	0.0944207	0.152499	3.76152	1.75807	0.467384	0.47184	2.52348	3.69658	1.73209	0.468566	39.4646	0.0712225	0.46797	0.287176	0.0323627
20137	0.193166	0.182525	3.9163	1.85532	0.473742	0.660441	2.60567	3.99787	1.92279	0.480953	26.8915	0.109173	0.477384	0.279916	0.032608
20138	0.176758	0.151614	3.8923	1.76134	0.452519	0.648076	2.66814	3.64204	1.67288	0.459324	28.5087	0.11107	0.455809	0.315653	0.0327637
20139	0.188353	0.119372	3.73207	1.73413	0.464657	0.706466	2.74395	3.7128	1.82077	0.490402	25.6608	0.134221	0.477497	0.326451	0.0332008
20140	0.146861	0.114267	3.471	1.7406	0.501468	0.742899	2.70272	3.5571	1.85181	0.520594	18.8596	0.177631	0.511148	0.318105	0.0333244
20141	0.034414	0.0892321	3.72068	1.80111	0.484082	0.760327	2.68661	3.91583	1.96325	0.501364	12.8026	0.263475	0.492943	0.309518	0.033475
20142	0.141856	0.1162	3.82658	1.74832	0.456887	0.761536	2.68447	3.79378	1.88426	0.496671	17.1769	0.192002	0.476693	0.312325	0.0337324
20143	0.225733	0.141073	3.73383	1.84237	0.493426	0.710549	2.68877	3.69618	1.93906	0.524612	27.6147	0.117524	0.50894	0.300374	0.0339013
20144	0.158305	0.166783	3.84921	1.84462	0.479221	0.636165	2.61835	3.93575	1.95368	0.496394	26.3201	0.114175	0.487903	0.283555	0.0341282
20145	0.137609	0.101476	3.67776	1.88213	0.511758	0.576142	2.63729	3.72057	1.89745	0.509989	33.4373	0.0961556	0.510869	0.298516	0.0345262
20146	0.0290908	0.100147	3.752	1.79958	0.479633	0.586757	2.69681	4.10785	1.91019	0.465009	21.6811	0.155496	0.47199	0.312532	0.0348984
20147	0.00965696	0.138727	3.71045	1.7094	0.460699	0.753839	2.79723	3.77773	1.76832	0.468091	12.7619	0.276903	0.464428	0.33701	0.0353227
20148	0.0505436	0.0925617	3.89455	1.74832	0.448914	0.761603	2.73414	3.97244	1.8037	0.454054	13.8011	0.252803	0.451509	0.329476	0.0353681
20149	0.00890367	0.0543581	3.75361	1.65737	0.441539	0.718062	2.68198	3.73217	1.90551	0.510564	13.7291	0.251453	0.475953	0.326469	0.0355865
20150	0.145937	0.0389879	3.70302	1.80219	0.486682	0.70068	2.6765	3.91962	1.96433	0.501153	22.6051	0.15387	0.494123	0.315988	0.0358499
20151	0.0481001	0.0927955	3.60458	1.81275	0.502903	0.682941	2.65792	3.70331	1.80787	0.488176	16.3262	0.201512	0.49544	0.312507	0.0363555
20152	-0.00735901	0.0632124	3.83187	1.88103	0.490891	0.700918	2.70625	3.97531	1.77887	0.447478	13.9252	0.250828	0.468786	0.323142	0.0364725
20153	0.090601	0.0869725	3.6082	1.80149	0.499276	0.688727	2.68633	3.82412	1.88412	0.492694	18.8863	0.178877	0.495889	0.314385	0.0365286
20154	0.0799098	0.135362	3.6006	1.79383	0.498202	0.72466	2.71912	3.84605	1.79213	0.465965	16.059	0.207851	0.481552	0.317706	0.0368261
20155	0.171538	0.131905	3.60679	1.66097	0.460511	0.704347	2.70777	3.68059	1.80968	0.491681	23.3725	0.141943	0.476254	0.323494	0.0369849
20156	0.164259	0.149373	3.76743	1.84868	0.4907	0.820143	2.76798	3.86573	1.92479	0.497912	15.9399	0.215092	0.494353	0.31249	0.0372313
20157	0.150272	0.138391	3.98306	1.9269	0.483773	0.793517	2.81685	3.75968	1.91959	0.510573	17.3387	0.206882	0.496787	0.31811	0.0376305
20158	0.101245	0.151344	3.76052	1.83468	0.487878	0.9309	2.85159	3.8952	1.89291	0.485961	10.5928	0.344164	0.486902	0.328523	0.0377624
20159	0.176259	0.160851	3.86029	1.90274	0.492902	0.784004	2.86059	3.89773	1.85862	0.476846	19.7333	0.184677	0.484835	0.326454	0.0380254
20160	0.206839	0.207815	3.92923	1.92497	0.489911	0.817233	2.85954	3.78684	1.84463	0.487117	18.8728	0.18629	0.488539	0.318138	0.0380649
20161	0.2235	0.195853	3.74263	1.85377	0.495312	0.796845	2.84133	3.97541	1.96989	0.495518	21.29	0.164362	0.495418	0.31404	0.038322
20162	0.199966	0.206733	3.89316	1.81495	0.46619	0.83777	2.89104	4.0109	1.92498	0.479936	17.713	0.203397	0.473165	0.325192	0.038523
20163	0.262398	0.256147	3.86601	1.85666	0.480251	0.949506	2.96611	3.73665	1.76103	0.471286	15.5553	0.236059	0.475845	0.336762	0.039064
20164	0.214201	0.273162	3.65999	1.7571	0.480083	0.910021	2.99377	3.82072	1.77608	0.464855	15.2876	0.242082	0.472305	0.343828	0.0393313
20165	0.178011	0.240781	3.8692	1.87402	0.484343	1.04016	3.04778	3.81381	1.9254	0.504849	10.6004	0.371648	0.494522	0.341547	0.0395371
20166	0.186571	0.200291	3.75477	1.8266	0.486475	0.989293	3.05864	3.78789	1.82818	0.482639	12.6794	0.322181	0.484549	0.358623	0.0397899
20167	0.157433	0.193008	3.60726	1.65103	0.457696	1.1192	3.06927	3.90757	1.88253	0.481766	8.94361	0.462501	0.470212	0.369324	0.0401094
20168	0.261013	0.254479	3.84631	1.75025	0.455046	1.01382	3.03022	3.55851	1.81682	0.510557	13.5951	0.283363	0.481723	0.350759	0.0400878
20169	0.288704	0.231231	3.72005	1.66699	0.448109	1.06533	3.03139	3.58802	1.84011	0.512848	13.0001	0.301571	0.479894	0.35865	0.0401316
20170	0.219735	0.203292	3.84687	1.91173	0.496958	1.03595	3.03504	3.80973	1.86472	0.489464	12.0364	0.333105	0.493229	0.346878	0.0406311
20171	0.153292	0.147366	4.21713	1.90929	0.452746	0.979293	2.98334	3.78289	1.85905	0.491435	11.7881	0.341138	0.47104	0.348043	0.0410327
20172	0.05183	0.0680681	3.68352	1.80117	0.488981	0.894311	2.96972	3.85293	1.94553	0.504947	11.8623	0.354887	0.497144	0.359828	0.0412738
20173	-0.0216869	0.00718855	3.71776	1.80093	0.484412	0.987258	3.04305	4.12892	1.99026	0.482029	9.05379	0.508985	0.483158	0.378133	0.0414297
20174	-0.000981036	0.0152403	3.78301	1.89935	0.502075	1.05403	3.07485	4.01198	1.86235	0.464197	8.41042	0.556524	0.48258	0.383648	0.0418057
20175	-0.0123167	-0.0750617	3.6072	1.83899	0.509809	1.10061	3.13496	4.04423	1.85681	0.459125	8.31919	0.619308	0.48302	0.410855	0.0421059
20176	-0.071807	-0.0536059	4.23786	2.05103	0.483978	1.07342	3.15566	3.87874	1.86148	0.479919	7.85285	0.655775	0.482038	0.397023	0.042458
20177	-0.0364417	-0.0348894	3.79657	2.03882	0.537015	1.10054	3.12245	4.12042	1.8637	0.452309	7.71142	0.646366	0.49293	0.389847	0.0429472
20178	-0.00334505	-0.0777578	4.16919	2.0249	0.485682	1.2413	3.18044	3.83438	1.81185	0.472528	6.85272	0.774571	0.47938	0.409007	0.0432907
20179	-0.00118131	-0.0587804	4.27708	2.15547	0.503959	1.13733	3.15037	4.17722	1.87744	0.449448	7.94524	0.648102	0.477025	0.389772	0.0435301
20180	-0.100663	-0.0565163	4.15458	1.96384	0.472693	1.17066	3.19083	3.8155	1.78952	0.469014	6.52445	0.808132	0.470931	0.412711	0.0440189
20181	0.00647495	-0.00831415	3.77059	2.04399	0.542088	1.06875	3.13843	3.7371	1.81957	0.486894	8.77501	0.564217	0.514614	0.390634	0.0442325
20182	-0.000302035	-0.00773679	3.97866	1.95544	0.491482	1.21407	3.21844	3.90984	1.77877	0.454947	7.05781	0.737353	0.473374	0.410781	0.0443256
20183	-0.0211574	0.023165	3.68243	1.78477	0.48467	1.20217	3.20606	3.5864	1.72306	0.480442	6.76959	0.748261	0.482584	0.419408	0.0446444
20184	0.0891963	-0.00527324	3.61043	1.80645	0.500343	1.22942	3.22615	3.97868	1.82779	0.459396	8.03172	0.650051	0.478876	0.418155	0.0447964
20185	-0.0607946	0.0125656	3.70709	1.9107	0.515419	1.14467	3.15725	3.81634	1.86879	0.489681	6.80527	0.726573	0.502363	0.395571	0.0452391
20186	-0.0849125	0.0163532	3.97854	1.97626	0.496729	1.07787	3.11958	4.02481	1.93925	0.481824	7.1225	0.676027	0.489233	0.380871	0.0457213
20187	-0.0440192	0.0280592	4.09832	2.03132	0.495647	1.19258	3.18724	3.92341	1.83684	0.468175	6.5267	0.764584	0.482211	0.39223	0.0460938
20188	-0.0628326	-0.0549686	3.72813	1.94101	0.52064	1.08377	3.10253	3.69454	1.70507	0.461512	7.58334	0.65735	0.49121	0.406154	0.046254
20189	0.023606	-0.00451608	4.03057	1.83124	0.454338	1.19412	3.1448	3.59018	1.65217	0.460193	7.23905	0.685048	0.457096	0.415947	0.0463892
20190	0.00921669	0.0328367	3.72511	1.9937	0.535206	1.14956	3.14187	3.53359	1.81543	0.513762	7.43327	0.65019	0.524767	0.388275	0.0465206
20191	0.0324639	0.0445702	4.05441	1.93142	0.476375	1.17659	3.17292	3.91226	1.77713	0.454247	7.47627	0.654511	0.465509	0.397613	0.0467165
20192	-0.0529424	0.0215931	4.07494	1.94477	0.477251	1.15088	3.13195	3.56541	1.71416	0.480776	6.6757	0.724593	0.478896	0.398076	0.0470626
20193	0.0241333	0.0202931	3.81171	1.91495	0.502386	1.16655	3.16013	3.97555	1.79791	0.452243	7.55381	0.652559	0.476787	0.399091	0.0472145
20194	0.00210738	0.0546034	3.70336	1.87491	0.506273	1.18611	3.18576	3.87413	1.85134	0.477872	6.99368	0.70093	0.491753	0.396902	0.047089
20195	0.0927974	0.0634182	3.66413	1.78484	0.487112	1.11059	3.12184	4.18192	1.84584	0.441386	9.02978	0.517951	0.46274	0.39188	0.0473768
20196	0.0423096	-0.00509846	3.88129	1.82945	0.471352	1.19826	3.14192	3.82306	1.84199	0.48181	7.41177	0.668109	0.476542	0.402883	0.0474615
20197	-0.0714633	-0.0603254	3.69833	1.77098	0.478861	1.13096	3.09324	3.90568	1.68753	0.432071	6.87847	0.722907	0.454828	0.418347	0.0477375
20198	-0.0553133	-0.0717923	3.57133	1.74472	0.488536	1.14819	3.12274	3.65044	1.67582	0.459074	7.04561	0.724211	0.473644	0.427339	0.0478626
20199	-0.0177255	-0.0324746	3.73227	1.89966	0.508981	1.11242	3.09567	3.80745	1.61071	0.42304	7.66132	0.638616	0.465582	0.410806	0.0480871
20200	-0.0682752	-0.0745853	3.73888	1.90824	0.510377	1.13775	3.1305	3.80548	1.77472	0.466359	7.06259	0.727251	0.488173	0.410951	0.0482388
20201	-0.0460613	-0.0137815	4.04309	2.09189	0.517399	1.15661	3.19931	3.67071	1.733	0.472116	7.13758	0.723209	0.495851	0.403029	0.04809
20202	-0.0872294	-0.0726497	3.77863	1.98679	0.525798	1.18012	3.15782	3.99565	1.72482	0.431675	6.49744	0.803082	0.477423	0.412896	0.0485068
20203	-0.200733	-0.146385	4.11853	1.98749	0.482572	1.1891	3.18524	3.77578	1.86913	0.495031	5.74626	0.965822	0.488531	0.418566	0.0489784
20204	-0.0965413	-0.0874357	3.8091	2.04059	0.535714	1.28694	3.28865	3.97737	2.07851	0.522584	5.95498	0.957008	0.529007	0.409025	0.0491264
20205	-0.0193648	-0.0786857	3.85212	1.87535	0.486837	1.26241	3.35106	3.85924	1.92473	0.498732	7.15978	0.821475	0.49279	0.436386	0.0492149
20206	0.0344369	-0.034581	3.76352	1.81991	0.483566	1.3894	3.35438	3.59876	1.97539	0.548908	6.25573	0.917962	0.515506	0.430819	0.0491234
20207	0.0193065	-0.0205024	4.03047	1.97768	0.490682	1.38852	3.39937	3.87139	1.89112	0.488487	6.2385	0.937368	0.489606	0.430569	0.0492943
20208	-0.0678777	-0.0313485	3.93836	1.96549	0.499064	1.35139	3.39949	3.9933	1.90929	0.478123	5.84345	1.00717	0.488521	0.43176	0.0495557
20209	-0.0373381	-0.0951803	3.91971	1.93396	0.493395	1.32776	3.3619	3.88633	1.92668	0.49576	6.41346	0.931745	0.494572	0.436402	0.0500017
20210	-0.03659	-0.0100254	3.9118	1.95173	0.498934	1.34485	3.35552	3.93194	1.94069	0.493571	5.93539	0.954183	0.496246	0.42125	0.0502723
20211	0.0321737	0.0237112	3.98612	1.85923	0.466425	1.40848	3.34995	3.91686	1.77685	0.453641	5.8408	0.947116	0.460089	0.432167	0.0502744
20212	-0.0776047	-0.0190966	3.97705	1.92804	0.484791	1.27606	3.31366	3.96488	1.82199	0.459534	6.06153	0.916209	0.472182	0.425567	0.0507602
20213	-0.0608473	-0.0147141	3.89414	1.93428	0.496715	1.42499	3.37533	3.89063	1.8716	0.481054	5.20554	1.10386	0.488888	0.430293	0.0509781
20214	-0.0533686	-0.0565073	3.77286	1.86571	0.494508	1.43502	3.3931	4.27127	1.93221	0.452374	5.37167	1.10765	0.472136	0.439368	0.051146
20215	-0.051718	-0.0414482	3.98719	1.88185	0.471975	1.32463	3.39703	3.7761	1.93285	0.511865	6.24129	0.947168	0.491378	0.436691	0.0511234
20216	-0.0780002	-0.0787147	4.12234	2.09009	0.507016	1.40282	3.43436	3.8004	1.89412	0.498401	5.62818	1.09642	0.502883	0.436555	0.0512151
20217	-0.0157547	-0.00626144	3.91291	1.93443	0.494371	1.42847	3.44743	3.92548	1.94409	0.495249	5.71868	1.0429	0.494811	0.434783	0.0516671
20218	0.0243795	0.0345007	3.76414	1.92604	0.51168	1.5129	3.46548	3.81372	1.95307	0.512117	5.31283	1.10785	0.5119	0.431506	0.0519065
20219	-0.00398733	0.0396224	3.99014	1.98742	0.498083	1.43622	3.44176	4.23308	2.01218	0.475347	5.58021	1.0371	0.486379	0.419901	0.0519314
20220	0.0175449	0.0502652	4.0953	1.90787	0.465868	1.3136	3.41429	3.63028	1.8669	0.514258	6.73706	0.83988	0.488607	0.428528	0.0520139
20221	0.081999	0.0861303	3.79247	1.84664	0.486923	1.32171	3.37365	3.76915	1.8447	0.489422	7.03224	0.768448	0.488168	0.422745	0.0523893
20222	0.0984701	0.079772	3.5128	1.82635	0.519913	1.45907	3.4037	4.20553	2.01539	0.479224	5.96822	0.925609	0.497742	0.418381	0.0527148
20223	0.196307	0.0992499	3.80824	1.94857	0.511673	1.43106	3.43189	3.92132	1.95038	0.49738	7.28482	0.762302	0.504422	0.416058	0.0527131
20224	0.05987	0.144615	4.18036	2.09468	0.501077	1.38235	3.39042	4.10691	1.85729	0.452236	6.02376	0.874477	0.476873	0.400044	0.0525643
20225	0.106648	0.153962	3.94359	1.97809	0.501597	1.43354	3.39859	3.90127	1.77012	0.453728	5.97941	0.88032	0.477792	0.412637	0.0526192
20226	0.179837	0.246362	3.87087	1.98329	0.512362	1.45356	3.4397	3.46043	1.78345	0.515385	6.28552	0.811183	0.513789	0.403749	0.0529395
20227	0.129543	0.143034	4.30465	1.88274	0.437373	1.42132	3.41853	3.70518	1.73867	0.469255	6.42949	0.834348	0.45212	0.425626	0.0530782
20228	0.224805	0.190136	3.75803	1.80559	0.480463	1.33667	3.39287	3.95257	1.91313	0.484023	8.29732	0.618123	0.482288	0.40826	0.0533814
20229	0.235763	0.197073	3.75138	1.73841	0.463404	1.28794	3.33292	3.9467	1.80745	0.457965	8.88239	0.55354	0.460616	0.409562	0.0536299
20230	0.126583	0.202134	3.61669	1.85353	0.512494	1.24149	3.30695	4.04423	2.01004	0.497015	7.75531	0.621503	0.504322	0.384267	0.053903
20231	0.147855	0.198343	3.88168	1.83199	0.471959	1.29661	3.32351	3.76038	1.95159	0.518988	7.40096	0.659824	0.4951	0.392339	0.0540505
20232	0.229232	0.151423	3.9696	1.80953	0.455846	1.29194	3.33812	3.58057	1.75832	0.491072	8.99188	0.564678	0.472551	0.415862	0.0540734
20233	0.10984	0.107404	4.10654	1.85336	0.451319	1.30469	3.3732	4.01534	1.87955	0.468093	7.47052	0.713835	0.459612	0.416788	0.0540762
20234	0.146889	0.0896122	3.92605	1.82359	0.464485	1.43974	3.4399	4.29093	2.01603	0.469835	6.71529	0.835738	0.467279	0.422365	0.0540619
20235	0.0636165	0.042376	4.07372	2.03476	0.499484	1.44244	3.41234	4.00035	1.97375	0.493393	5.97352	0.950581	0.496466	0.414738	0.054317
20236	-0.0399001	0.00664541	3.7954	2.00964	0.529493	1.40446	3.38326	4.2846	1.96032	0.457527	5.46528	1.04308	0.491332	0.418045	0.05437
20237	0.061799	0.0249841	4.19398	1.92827	0.459771	1.39777	3.41071	3.77095	1.83188	0.485787	6.42256	0.89241	0.472088	0.432633	0.0547801
20238	0.0844631	0.0247954	4.23324	2.01772	0.476638	1.42433	3.37149	3.71985	1.79696	0.483074	6.2389	0.897622	0.479648	0.423431	0.0550865
20239	0.0605925	0.0928238	4.08234	2.19315	0.537227	1.29042	3.3267	3.80191	1.67383	0.44026	6.9145	0.756235	0.490468	0.4035	0.0555502
20240	0.00678003	0.052449	3.96086	1.86071	0.469776	1.32597	3.34299	3.83911	1.75848	0.458044	6.22182	0.870134	0.464001	0.428017	0.0557576
20241	0.0966134	0.113272	4.13133	1.97383	0.47777	1.29386	3.27606	3.91154	1.81925	0.465099	6.97869	0.7167	0.471608	0.397459	0.0561438
20242	0.194678	0.20605	4.10714	1.95959	0.477117	1.23426	3.27685	3.48486	1.76719	0.507104	8.72536	0.54037	0.490882	0.387589	0.0562106
20243	0.106567	0.102622	3.87229	1.84384	0.476162	1.28741	3.27573	3.79336	1.74879	0.461014	7.22081	0.697196	0.468666	0.412109	0.056505
20244	0.201141	0.120942	4.14091	2.00029	0.483056	1.40618	3.35304	3.76736	1.82688	0.484924	7.19401	0.726054	0.483946	0.405727	0.0567343
20245	0.260458	0.153854	3.73514	1.87219	0.501236	1.32943	3.37754	3.71929	1.75776	0.472605	9.09435	0.571352	0.486951	0.417277	0.057038
20246	0.226155	0.207331	3.61251	1.85534	0.513587	1.20246	3.26398	3.78022	1.74759	0.4623	9.80212	0.476587	0.487362	0.393434	0.057256
20247	0.240904	0.239353	4.15305	2.01717	0.485709	1.17636	3.22989	3.95935	1.81434	0.458241	10.22	0.437539	0.472303	0.368618	0.0574965
20248	0.294739	0.302974	3.84013	2.07938	0.541487	1.22511	3.24715	3.88292	1.84143	0.474238	10.0142	0.432796	0.507676	0.356077	0.0572852
20249	0.271789	0.245627	4.14442	2.30626	0.556475	1.27473	3.2525	4.06116	1.95376	0.481084	8.98842	0.502941	0.519162	0.34677	0.0575673
20250	0.216844	0.261454	4.32254	2.19467	0.507727	1.33527	3.28417	3.82031	1.83854	0.481253	7.30425	0.625443	0.495307	0.361688	0.0575014
20251	0.256636	0.21889	4.02639	1.99196	0.494727	1.18369	3.22608	3.94922	1.77038	0.448286	10.5222	0.429718	0.471731	0.375469	0.0576611
20252	0.099628	0.2067	3.72989	1.97073	0.528362	1.35975	3.28554	3.65867	1.8215	0.497859	5.96964	0.793953	0.513257	0.3847	0.0577912
20253	0.211002	0.204194	4.02001	2.01962	0.502393	1.28306	3.3112	3.74452	1.87903	0.501808	8.39945	0.574652	0.502111	0.382464	0.0579482
20254	0.230123	0.181537	4.05872	1.99304	0.491052	1.32665	3.33376	4.14686	2.02827	0.489109	8.26401	0.60119	0.49007	0.381971	0.0583249
20255	0.143566	0.146034	3.88494	2.01362	0.518313	1.24322	3.26084	3.79267	1.94625	0.513161	8.02324	0.604618	0.515768	0.379971	0.0588333
20256	0.150574	0.117998	3.91651	1.96286	0.501175	1.34229	3.30145	3.73702	1.80331	0.482553	7.13588	0.710098	0.492082	0.402293	0.0592658
20257	0.106407	0.192204	4.0562	1.98112	0.488418	1.32809	3.34051	4.17993	1.94176	0.464543	6.64102	0.74626	0.476301	0.38725	0.0593131
20258	0.171271	0.156907	3.81603	1.95477	0.512253	1.28436	3.27298	4.00505	1.85366	0.462831	7.83706	0.619487	0.486944	0.389393	0.0592841
20259	0.133591	0.166711	3.96607	1.91134	0.481924	1.35131	3.28277	3.79487	1.98639	0.523441	6.54815	0.741415	0.502224	0.383894	0.059429
20260	0.15854	0.155699	4.19255	2.04213	0.487086	1.36238	3.29508	3.97951	1.98311	0.49833	6.80067	0.724612	0.492562	0.379816	0.0592704
20261	0.270248	0.187277	4.04061	2.09157	0.517638	1.23482	3.26397	4.23238	2.05619	0.485823	10.1742	0.465199	0.501362	0.363396	0.0595927
20262	0.193011	0.192722	4.06135	2.1205	0.522116	1.22508	3.2659	4.28697	2.10577	0.491202	8.86661	0.532585	0.506241	0.358545	0.0600191
20263	0.211669	0.173151	4.36381	2.19014	0.501888	1.20726	3.27004	4.0592	2.0881	0.514411	9.67577	0.495605	0.507923	0.359269	0.060352
20264	0.105868	0.148026	3.87453	2.10064	0.542166	1.24057	3.2431	3.82818	2.06275	0.538832	7.44005	0.643779	0.540509	0.365285	0.0609317
20265	0.118003	0.101252	4.11608	2.06725	0.502238	1.29299	3.24438	3.54098	1.79562	0.507097	7.15577	0.690298	0.504485	0.390129	0.0611242
20266	0.0968143	0.0999167	3.83703	2.05563	0.535735	1.23085	3.22963	4.12482	1.84328	0.446875	7.61654	0.643014	0.489699	0.385893	0.0611333
20267	0.149901	0.132483	3.9954	2.00201	0.501079	1.24791	3.2806	3.54398	1.6808	0.474268	8.22035	0.602812	0.488476	0.402308	0.0612709
20268	0.1733	0.132179	4.00617	1.96992	0.491722	1.32256	3.27918	3.59305	1.77664	0.494465	7.49822	0.660396	0.493019	0.398017	0.061586
20269	0.0674467	0.0677899	4.12452	2.10054	0.509282	1.27276	3.28196	3.6758	1.73623	0.472341	7.11114	0.726389	0.491874	0.402446	0.0617083
20270	0.166782	0.151811	3.92589	2.02433	0.515636	1.27945	3.24385	3.64809	1.84264	0.505098	7.72252	0.619015	0.51056	0.38211	0.0619006
20271	0.106577	0.158736	4.31419	2.12045	0.491506	1.31656	3.25485	3.71431	1.79361	0.482894	6.54745	0.732033	0.487521	0.379875	0.0623128
20272	0.156918	0.139839	3.91807	2.02797	0.517593	1.17333	3.21746	3.60065	1.62843	0.452261	9.16825	0.51655	0.486306	0.393181	0.0626115
20273	0.117738	0.0777269	3.70706	1.85291	0.499832	1.1393	3.16553	3.83899	1.69499	0.441519	9.13627	0.521795	0.470166	0.401978	0.0629308
20274	0.121848	0.100096	3.90537	1.99321	0.510378	1.15219	3.13312	3.88429	1.73927	0.447771	8.66542	0.530802	0.479159	0.381368	0.0629148
20275	0.172073	0.151193	4.24788	2.19215	0.516056	1.22685	3.15965	3.65851	1.69488	0.46327	8.13513	0.556281	0.491631	0.368053	0.0635973
20276	0.177917	0.206508	3.9381	2.00604	0.509394	1.12859	3.13969	3.67747	1.71931	0.467525	9.51946	0.451894	0.489176	0.366148	0.0640275
20277	0.220482	0.221849	4.12699	1.98805	0.481718	1.16093	3.15567	3.86668	1.80509	0.466832	9.73184	0.442223	0.474517	0.362073	0.0640691
20278	0.221113	0.25846	3.73812	2.04223	0.546325	1.18606	3.178	3.52788	1.80799	0.512486	9.15423	0.46556	0.529895	0.356388	0.0642261
20279	0.175497	0.252619	4.05085	2.13079	0.52601	1.27284	3.18044	3.73892	1.71976	0.459962	7.11871	0.602084	0.494308	0.357669	0.0643654
20280	0.260255	0.265673	4.0506	2.07071	0.51121	1.08951	3.13703	3.75357	1.88078	0.501064	11.9893	0.343834	0.50633	0.342918	0.0645549
20281	0.319035	0.298144	4.22789	2.10178	0.497122	1.04308	3.07926	3.74433	1.73109	0.462323	14.7538	0.262124	0.480778	0.335436	0.0649253
20282	0.260884	0.285222	3.98382	2.06228	0.517665	1.07304	3.09497	4.0759	1.78772	0.438608	11.9691	0.329795	0.477685	0.339017	0.0655286
20283	0.278875	0.208459	3.94528	1.80461	0.457411	1.08681	3.08446	3.74617	1.84407	0.492254	12.6713	0.326382	0.474382	0.361846	0.0656717
20284	0.19153	0.155439	3.94168	1.99487	0.506096	1.11735	3.06758	3.75815	1.8362	0.48859	9.89389	0.428576	0.497552	0.356369	0.0658713
20285	0.0595786	0.0699133	3.90597	1.8674	0.478088	1.01424	3.01909	3.89353	1.75197	0.44997	9.54329	0.455694	0.464052	0.375418	0.0658473
20286	0.109199	0.0963895	3.44283	1.80604	0.52458	0.971356	2.98262	3.94791	1.95742	0.495811	11.207	0.371658	0.509212	0.356352	0.0656302
20287	0.084096	0.0794724	4.05181	1.98493	0.489887	0.963129	3.01874	4.17903	1.98502	0.474996	11.1807	0.38635	0.482326	0.352464	0.0656189
20288	-0.0262572	0.034802	3.78252	1.92074	0.507792	1.04162	3.00623	3.90562	1.91247	0.489673	7.74263	0.570179	0.498588	0.365537	0.0658236
20289	0.0216097	0.0537082	3.95173	1.96626	0.49757	1.06221	3.0052	3.77076	1.79837	0.476924	8.04478	0.541425	0.487489	0.366602	0.0658969
20290	0.0555638	0.018405	3.82485	1.95665	0.511563	1.07238	3.01867	3.94208	1.92788	0.489052	8.70636	0.516955	0.500138	0.366934	0.0660635
20291	0.141769	0.0615337	4.0552	1.96725	0.485119	0.939093	3.00252	3.93709	1.92788	0.489673	13.6056	0.317862	0.487362	0.357086	0.0663468
20292	0.0942269	0.0152955	3.57947	1.69029	0.472218	0.977184	3.00987	4.0811	2.05591	0.503764	11.5025	0.389806	0.489024	0.374507	0.0663275
20293	-0.100569	-0.120112	3.72984	1.67775	0.449818	0.913371	2.91616	3.79928	1.96554	0.517346	8.96717	0.514037	0.483893	0.387597	0.0662327
20294	-0.0324872	-0.0331243	3.74769	1.74549	0.465751	0.986827	2.93686	3.73543	1.87092	0.500858	8.48972	0.519501	0.483276	0.378914	0.0665504
20295	0.0308262	-0.0332073	3.55675	1.74286	0.490015	0.906494	2.92287	3.76648	1.96561	0.52187	11.396	0.383397	0.506399	0.370823	0.0665683
20296	-0.190113	-0.0710769	4.04708	1.80831	0.446817	0.871423	2.77828	3.87116	1.99642	0.515716	7.20485	0.56343	0.480501	0.347998	0.0671343
20297	-0.0309918	-0.0580911	4.07325	1.93726	0.475604	0.782447	2.8154	4.03793	2.0363	0.504294	12.4787	0.330842	0.489886	0.341998	0.0675685
20298	-0.00163068	-0.0223659	3.9919	1.91207	0.478986	0.843063	2.77675	3.78771	1.93308	0.510356	10.981	0.356754	0.494259	0.337601	0.0679209
20299	-0.00467722	-0.0411483	3.93513	1.90785	0.484826	0.715481	2.71865	3.65733	1.72265	0.471013	14.6858	0.259314	0.478172	0.34415	0.0679128
20300	-0.00834647	0.000903178	3.7295	1.84603	0.494982	0.760763	2.6739	3.57251	1.68453	0.471524	12.0787	0.295765	0.483505	0.336071	0.0682151
20301	0.0911804	0.0410067	3.91105	1.83825	0.470014	0.712402	2.70889	3.7469	1.88043	0.501862	18.4434	0.192958	0.485597	0.32375	0.0679319
20302	-0.00957148	0.083696	3.86777	1.94717	0.503434	0.74762	2.74086	3.45416	1.73109	0.501161	12.3147	0.286669	0.502361	0.32438	0.0679774
20303	0.125692	0.151682	3.8345	2.00245	0.522219	0.85327	2.82538	3.70106	1.74331	0.471031	13.5042	0.264684	0.497078	0.323115	0.068469
20304	0.214333	0.203905	3.85856	1.98677	0.514899	0.839916	2.8919	3.68349	1.7668	0.479653	18.4624	0.195677	0.497685	0.324996	0.0684953
20305	0.146771	0.141716	3.64008	1.8078	0.496639	0.838143	2.88246	3.43177	1.71754	0.500482	15.7149	0.238997	0.498504	0.347666	0.0689331
20306	0.0497461	0.148765	4.09839	1.95825	0.47781	0.846115	2.81394	3.79511	1.82912	0.481968	11.2001	0.317102	0.479809	0.319314	0.0691634
20307	0.141421	0.14638	3.8373	2.05522	0.53559	0.802163	2.74763	4.09968	1.94395	0.474171	15.4989	0.21829	0.503866	0.29736	0.0693634
20308	0.16785	0.150343	4.15578	2.20784	0.53127	0.778335	2.75772	3.9085	1.858	0.475374	18.2413	0.186346	0.504179	0.294895	0.069896
20309	0.122226	0.145294	3.95322	1.96335	0.496645	0.752033	2.76796	3.76354	1.90007	0.504862	17.3409	0.198328	0.500653	0.308112	0.0700398
20310	0.140312	0.170027	3.89484	1.93685	0.497288	0.790921	2.73933	3.76514	1.86903	0.496403	15.5951	0.211647	0.496853	0.302573	0.0699504
20311	0.158626	0.151871	3.68462	1.97375	0.535673	0.824678	2.78801	3.90781	1.76827	0.452497	15.6647	0.221812	0.492863	0.317174	0.0700882
20312	0.239726	0.206627	4.31588	2.04125	0.472961	0.751337	2.81784	3.80505	1.81618	0.477308	26.0498	0.130873	0.474998	0.306579	0.0707408
20313	0.206986	0.201237	3.76603	1.89168	0.502301	0.883144	2.80528	4.00555	1.85754	0.463741	14.832	0.228594	0.482427	0.311479	0.0709159
20314	0.263252	0.262204	3.97514	1.90086	0.478187	0.824325	2.77588	3.72879	1.72915	0.46373	20.0715	0.157402	0.47119	0.303321	0.0706973
20315	0.22851	0.267195	3.93401	1.99893	0.508115	0.78031	2.83693	3.8328	1.73601	0.452935	21.6877	0.152241	0.480884	0.30663	0.0707234
20316	0.270389	0.287248	3.75145	1.90817	0.508649	0.759811	2.78182	3.78285	1.80734	0.477771	25.979	0.119767	0.493146	0.295238	0.0709996
20317	0.411979	0.340359	3.86943	1.98319	0.512529	0.72316	2.79197	3.67957	1.89128	0.513995	62.0692	0.0484168	0.513244	0.279546	0.0710695
20318	0.274327	0.354696	3.89539	2.0721	0.531937	0.771235	2.80983	3.92361	1.87029	0.476675	24.4116	0.123459	0.504206	0.276633	0.071041
20319	0.349566	0.354225	3.85579	1.88898	0.489908	0.762364	2.78549	3.93355	1.78186	0.452989	34.6889	0.0852008	0.471264	0.287124	0.0713555
20320	0.336209	0.366862	3.80269	1.90592	0.501203	0.694734	2.76927	3.63045	1.62601	0.447882	44.9008	0.06427	0.47516	0.290141	0.0715337
20321	0.400383	0.38107	3.83353	1.86236	0.485808	0.79438	2.7611	3.76116	1.81074	0.481432	36.4904	0.0776168	0.483641	0.278361	0.0717286
20322	0.351473	0.306704	3.70524	1.8049	0.487121	0.812028	2.77374	4.1094	2.00932	0.488957	28.6939	0.106055	0.488086	0.285265	0.0717389
20323	0.246152	0.305884	3.4792	1.68063	0.483051	0.966052	2.88615	3.8426	1.89855	0.494081	12.8465	0.259128	0.48884	0.31753	0.0721035
20324	0.296978	0.401763	3.78737	1.74319	0.460264	0.912088	2.9582	3.68132	1.93259	0.524973	17.2728	0.18918	0.492159	0.30782	0.0725752
20325	0.448648	0.420961	3.90557	1.84731	0.472994	1.01768	3.01243	3.7121	1.89375	0.510155	20.7408	0.161897	0.491103	0.309874	0.0729862
20326	0.346066	0.425331	4.04594	1.94901	0.481719	1.02931	2.99755	3.84196	1.99206	0.518501	14.173	0.233413	0.499635	0.295732	0.0728982
20327	0.508747	0.443132	3.95314	2.06631	0.522702	1.02665	2.987	3.84747	1.82274	0.473751	24.1265	0.134111	0.498558	0.293885	0.0733774
20328	0.399425	0.442232	4.29818	2.17885	0.506923	0.865188	2.86343	3.87875	1.81623	0.468251	27.0228	0.108467	0.488579	0.268483	0.0733352
20329	0.421989	0.443343	4.08804	1.97079	0.482086	0.73351	2.80982	3.92711	1.88257	0.47938	57.7069	0.0485227	0.48076	0.2666	0.0733372
20330	0.368849	0.398004	4.05863	2.02945	0.500032	0.715045	2.74292	3.74712	1.85588	0.495282	45.8788	0.0599257	0.497752	0.261439	0.0736506
20331	0.369842	0.42746	3.74866	1.91345	0.510437	0.739475	2.72759	3.60289	1.8311	0.508231	38.7224	0.0683144	0.509355	0.261118	0.0740027
20332	0.383764	0.381224	3.88266	1.86153	0.479447	0.691605	2.67393	3.55163	1.66656	0.469237	55.4686	0.0473829	0.474569	0.271489	0.074191
20333	0.376687	0.402789	4.36927	1.93028	0.441786	0.642545	2.62745	3.62511	1.70418	0.470105	70.0204	0.0353404	0.454627	0.254065	0.0747732
20334	0.376664	0.409572	3.67235	1.80637	0.491885	0.637314	2.64685	3.71112	1.75888	0.473949	73.6752	0.0339694	0.48287	0.259895	0.0747859
20335	0.377392	0.336152	3.81535	1.8231	0.477832	0.836114	2.70271	3.90133	1.77363	0.454623	26.6155	0.105213	0.466098	0.280305	0.0749517
20336	0.324065	0.35	3.76769	1.908	0.506411	0.778807	2.80466	3.75652	1.68139	0.447593	29.1375	0.103395	0.477045	0.295712	0.0751914
20337	0.298179	0.289172	3.80901	1.93524	0.508069	0.858192	2.78595	3.94885	1.77733	0.450088	19.8775	0.156807	0.478556	0.295771	0.0756248
20338	0.320413	0.352761	4.06598	2.00121	0.492184	0.667698	2.73378	3.8133	1.82433	0.478411	47.006	0.0603034	0.485519	0.270431	0.0758894
20339	0.378775	0.369238	3.88316	2.00085	0.515263	0.70769	2.6987	4.03153	1.90804	0.47328	50.1582	0.0540926	0.493878	0.257735	0.0759074
20340	0.325022	0.352399	3.89333	1.82898	0.469774	0.628886	2.67556	3.94588	1.78628	0.452694	58.4521	0.0461666	0.461177	0.271881	0.076218
20341	0.371384	0.385823	3.83294	1.94116	0.506442	0.642671	2.70214	3.67047	1.72125	0.468946	72.9016	0.0367983	0.4881	0.268163	0.0763855
20342	0.451666	0.410245	3.77989	1.92934	0.510423	0.5519	2.64507	3.63558	1.68077	0.462311	497.114	0.00502345	0.486835	0.257079	0.0765341
20343	0.432346	0.422426	3.90615	1.96083	0.501986	0.647813	2.65716	3.54878	1.76432	0.497163	107.569	0.023213	0.49969	0.251117	0.0765484
20344	0.483173	0.465941	3.72569	1.87745	0.50392	0.679438	2.68291	3.75947	1.92478	0.511981	127.594	0.01926	0.507968	0.244327	0.0772713
20345	0.395268	0.404448	3.90836	1.87445	0.4796	0.634195	2.59923	3.7844	1.72105	0.454774	84.3821	0.0285431	0.467387	0.250995	0.0774986
20346	0.3574	0.344784	4.05978	2.03564	0.501417	0.600512	2.54704	3.90802	1.91689	0.490501	82.058	0.0295518	0.496063	0.234839	0.0774935
20347	0.214145	0.280376	3.81858	1.88081	0.492543	0.558379	2.52614	4.01676	1.9085	0.475134	42.5618	0.0592485	0.483618	0.249761	0.0779089
20348	0.355549	0.291907	3.90795	1.76615	0.451937	0.615156	2.58079	3.95972	1.86373	0.470672	77.7345	0.033698	0.461366	0.265249	0.0780397
20349	0.295598	0.265754	3.84275	1.80453	0.469592	0.652316	2.64617	4.04736	1.96255	0.484897	44.5303	0.0636241	0.477443	0.27338	0.0786022
20350	0.206608	0.284766	3.66701	1.82289	0.497104	0.68885	2.66409	3.66563	1.80977	0.493714	24.3433	0.116279	0.495409	0.280472	0.0788301
20351	0.421834	0.30801	3.9662	1.91625	0.483146	0.651107	2.62028	3.75879	1.80793	0.480986	101.712	0.0262829	0.482095	0.264213	0.0789941
20352	0.343332	0.343496	3.94674	1.84245	0.466829	0.54886	2.597	3.85594	1.89064	0.490319	120.219	0.0211209	0.478437	0.253874	0.0792066
20353	0.210871	0.246127	3.76265	1.83927	0.488824	0.556873	2.57851	3.82683	1.79607	0.469335	45.4403	0.0598587	0.478997	0.272353	0.07897
20354	0.124501	0.203711	3.48412	1.81657	0.521385	0.497032	2.55361	3.84284	1.80322	0.469242	39.7898	0.0693898	0.494037	0.276184	0.0791805
20355	0.21583	0.247709	3.56295	1.88915	0.53022	0.417969	2.49542	3.81232	1.77859	0.466537	123.646	0.0204301	0.497302	0.256251	0.0793969
20356	0.260102	0.254186	3.77824	1.84293	0.487773	0.540002	2.60697	3.40056	1.82375	0.536309	70.6577	0.039172	0.510764	0.274108	0.079915
20357	0.264833	0.292534	4.12341	1.92183	0.466079	0.536447	2.61956	3.90989	1.79198	0.45832	73.4005	0.0368871	0.462303	0.267241	0.0797598
20358	0.365157	0.339417	3.99572	1.89787	0.474977	0.57367	2.66092	3.82774	1.85101	0.483578	123.957	0.0217388	0.479185	0.264477	0.0801226
20359	0.35442	0.351259	3.99823	1.92679	0.481911	0.650793	2.62402	3.72314	1.8316	0.491951	58.8073	0.0439182	0.486752	0.255822	0.0806194
20360	0.311018	0.343002	3.70403	1.82278	0.492108	0.704485	2.6698	4.00316	1.91445	0.478236	34.9705	0.0774079	0.484903	0.265972	0.0806168
20361	0.325496	0.372674	3.96487	2.0033	0.505262	0.751144	2.71778	3.97348	1.95857	0.492911	30.3546	0.0905881	0.49908	0.257721	0.0806444
20362	0.300254	0.293026	3.72777	1.92141	0.515431	0.852336	2.75953	4.02843	2.02069	0.501607	19.9598	0.152397	0.508251	0.278502	0.0805637
20363	0.276677	0.255391	3.90589	1.83331	0.46937	0.799691	2.8045	4.16525	1.90721	0.457885	23.7548	0.136772	0.463443	0.302899	0.0805977
20364	0.18763	0.239891	4.09065	1.89035	0.462115	0.847734	2.86237	3.76253	1.88541	0.501101	15.7833	0.217869	0.480793	0.312994	0.0805916
20365	0.145591	0.183064	3.62944	1.71195	0.471683	0.833038	2.87464	3.69272	1.86322	0.504567	15.3298	0.236292	0.488267	0.336362	0.0804857
20366	0.223445	0.167762	3.70801	1.6981	0.457955	0.896029	2.89369	3.74854	1.96983	0.525492	16.4261	0.226185	0.491907	0.336305	0.0805381
20367	0.222604	0.184928	3.73241	1.67146	0.447822	0.885779	2.94179	4.05343	1.94946	0.480941	17.2812	0.219901	0.465064	0.344267	0.0806813
20368	0.172256	0.184736	3.54607	1.79633	0.506568	0.898757	2.9286	4.01968	1.7741	0.441354	14.2644	0.263902	0.47192	0.345304	0.0806763
20369	0.2238	0.21973	3.90193	1.73947	0.445797	0.933674	2.9174	3.79481	1.68901	0.445084	14.4415	0.251961	0.445445	0.3468	0.0807369
20370	0.281305	0.245815	3.37724	1.59991	0.473733	0.982625	2.93066	3.92797	1.90785	0.485709	14.6557	0.245925	0.480172	0.3395	0.0808538
20371	0.259886	0.240586	3.59032	1.64272	0.45754	0.908844	2.89108	4.10112	1.90184	0.463737	16.6809	0.210574	0.460844	0.331433	0.0813169
20372	0.271347	0.232893	3.86654	1.75974	0.45512	0.904072	2.90226	3.88795	1.92242	0.494457	17.7986	0.200171	0.474843	0.326158	0.0816237
20373	0.173952	0.191187	3.65667	1.72877	0.472771	0.92136	2.90287	4.08727	1.88004	0.459975	13.1633	0.279309	0.466017	0.337595	0.0820402
20374	0.100913	0.102695	3.51808	1.78469	0.507293	0.863154	2.86251	3.94762	1.88879	0.478462	13.1092	0.290506	0.492048	0.341503	0.0823053
20375	0.114107	0.124725	3.97047	1.81289	0.456594	0.748215	2.81389	3.56583	1.7204	0.482469	17.9849	0.201047	0.468837	0.338595	0.0823806
20376	0.0670917	0.0514423	3.95344	1.92232	0.486239	0.766874	2.76786	3.85776	1.72084	0.446073	15.0684	0.244847	0.466402	0.336258	0.0823133
20377	0.0705049	0.0471016	4.02307	1.84188	0.457831	0.791806	2.78196	3.85549	1.78798	0.46375	14.376	0.260137	0.460727	0.340104	0.0826301
20378	0.0023903	-0.0184769	4.08283	2.02585	0.496189	0.863733	2.84227	3.69733	1.71809	0.464685	11.0308	0.370956	0.481217	0.353481	0.0827218
20379	-0.0208892	-0.0372374	3.82407	1.92338	0.502967	1.01167	2.97603	3.92304	1.80119	0.459131	8.51625	0.533087	0.480769	0.378789	0.0831288
20380	-0.0436087	0.0115113	3.67643	1.73791	0.472718	1.04612	3.04815	3.53197	1.86212	0.527217	7.76519	0.59375	0.499421	0.390494	0.0835134
20381	0.0150464	0.0311165	4.19326	2.05936	0.491113	0.998702	2.98661	3.88131	1.86688	0.480993	9.02766	0.483789	0.486248	0.35752	0.0837532
20382	0.115395	0.0599434	4.08248	1.90162	0.465801	0.961406	2.95548	3.76741	1.84825	0.49059	11.714	0.357868	0.477698	0.358662	0.0841833
20383	0.103122	0.100402	3.80298	1.85202	0.486992	0.975985	2.95138	3.72352	1.73486	0.46592	10.6683	0.380945	0.476567	0.361755	0.0840407
20384	0.132357	0.148623	3.84011	1.76211	0.45887	0.959301	2.93001	4.11021	1.88295	0.458115	11.3128	0.341918	0.45848	0.346769	0.0845311
20385	0.117564	0.11697	3.86257	1.83964	0.476273	0.995256	3.00493	3.64734	1.8363	0.503464	10.8268	0.385171	0.489479	0.362045	0.0845736
20386	0.197723	0.191041	3.59773	1.98694	0.552276	1.02942	3.04087	3.79204	1.78218	0.469979	11.741	0.345862	0.510046	0.350209	0.084693
20387	0.241519	0.236364	4.03765	1.9144	0.474137	1.17076	3.11261	3.98254	1.83108	0.459776	9.58064	0.431745	0.467006	0.355862	0.0845989
20388	0.155794	0.120509	3.71627	1.8954	0.510027	0.99747	3.02379	3.872	1.9489	0.503332	11.8984	0.354209	0.506611	0.354183	0.0848008
20389	0.152954	0.123294	4.04252	1.95422	0.483415	0.942319	2.9519	3.92409	1.96252	0.500122	12.8407	0.311549	0.491644	0.338164	0.0852264
20390	0.102056	0.11968	4.05441	2.11949	0.522762	0.960022	2.91103	3.8644	1.97091	0.510016	10.585	0.368053	0.516542	0.322701	0.085258
20391	0.0323575	0.0860392	3.87174	2.10861	0.544617	0.933404	2.92848	3.90459	1.89601	0.485584	9.95154	0.405942	0.514976	0.335388	0.0856793
20392	0.127967	0.091762	3.92675	2.00504	0.510611	1.06853	3.01742	3.82398	1.73178	0.452872	9.6754	0.442331	0.482125	0.364244	0.0861547
20393	0.108299	0.116548	3.58329	1.89933	0.530051	1.04373	3.05145	3.7089	1.7519	0.472351	9.84387	0.437515	0.500704	0.371099	0.0864527
20394	0.0267251	-0.0121376	3.71169	1.85991	0.501096	1.06795	3.04575	3.95523	1.89659	0.479514	8.62488	0.542075	0.489962	0.383709	0.0862535
20395	-0.0408618	-0.0151278	4.24105	2.00752	0.473356	1.00881	3.02298	3.81514	1.89823	0.497553	8.37727	0.550901	0.484815	0.371502	0.086144
20396	-0.102003	-0.060618	3.91732	2.02869	0.517877	1.08914	3.1127	4.08745	1.95632	0.478617	7.09742	0.709409	0.49783	0.387275	0.086105
20397	-0.0110702	-0.00190498	3.74107	1.85081	0.494727	1.10268	3.09831	3.9019	1.96212	0.502862	7.74837	0.620217	0.49888	0.38669	0.0860747
20398	0.0580577	0.0223706	3.85618	1.94492	0.504365	1.11327	3.14211	3.96842	1.95498	0.492636	8.7409	0.556738	0.498417	0.384321	0.086319
20399	0.105889	0.0874895	3.97459	1.94624	0.48967	1.1782	3.13407	3.77861	1.91566	0.506974	8.07208	0.574923	0.498103	0.375449	0.0860564
20400	0.169535	0.11884	3.91834	2.07963	0.530743	1.304	3.26395	4.03865	2.07887	0.514744	7.68587	0.643501	0.522622	0.373028	0.0865022
20401	0.237652	0.119154	3.95434	2.09465	0.52971	1.29323	3.32962	4.1094	2.03619	0.495495	9.25032	0.55712	0.512273	0.384274	0.0866383
20402	0.0649434	0.120358	3.78822	1.86177	0.491463	1.32748	3.39214	3.99465	2.03906	0.510448	6.7155	0.797002	0.501208	0.407016	0.0867375
20403	0.227017	0.246526	3.80062	2.04387	0.537774	1.43079	3.41676	4.1119	1.97252	0.479711	6.93578	0.724533	0.5076	0.384956	0.08677
20404	0.235957	0.305539	3.95789	2.0085	0.507467	1.45646	3.4223	4.05508	1.92365	0.474381	6.52122	0.744815	0.490723	0.381924	0.0872339
20405	0.320623	0.333066	3.7369	1.89184	0.50626	1.49067	3.43437	3.77469	1.74851	0.46322	7.02564	0.684499	0.484632	0.397898	0.0868815
20406	0.311274	0.319792	3.90073	1.87918	0.48175	1.39543	3.37509	3.96282	1.71501	0.432774	7.94192	0.587694	0.457069	0.393802	0.0873267
20407	0.330404	0.305812	3.93759	1.97583	0.501787	1.2974	3.2925	4.08139	1.87161	0.458571	9.53969	0.467536	0.479791	0.367055	0.0876222
20408	0.361175	0.277592	3.95316	1.91653	0.48481	1.38057	3.33162	3.5614	1.73969	0.488485	8.97558	0.519582	0.486552	0.389527	0.0881186
20409	0.347849	0.30567	4.05956	1.97204	0.485776	1.43295	3.40139	3.76711	1.74014	0.46193	8.1392	0.588723	0.474298	0.392367	0.0877991
20410	0.308186	0.320152	4.31888	2.01812	0.467278	1.42551	3.41099	3.67968	1.80377	0.490198	7.65233	0.624209	0.477822	0.384698	0.0879562
20411	0.266845	0.333091	3.80576	2.03427	0.534524	1.42805	3.42675	3.56013	1.71803	0.482574	7.09779	0.674204	0.509415	0.389491	0.0876208
20412	0.232092	0.293144	3.85462	1.95381	0.506875	1.47285	3.46509	3.88556	1.97764	0.508972	6.53554	0.769735	0.507927	0.390286	0.0881952
20413	0.262457	0.247506	4.31301	2.00206	0.46419	1.39026	3.37616	3.9362	1.86642	0.474167	7.69566	0.635974	0.46895	0.387592	0.0880405
20414	0.251924	0.265969	4.23141	2.07977	0.491507	1.35392	3.32056	3.79779	1.71184	0.450746	7.68323	0.607198	0.472227	0.381002	0.0882665
20415	0.290941	0.276942	4.16602	2.0612	0.494765	1.25786	3.30194	4.21302	1.81391	0.430549	9.7875	0.467464	0.462477	0.371323	0.0883025
20416	0.228988	0.246159	4.03042	2.13484	0.529681	1.27291	3.27949	4.00116	1.93022	0.482414	8.44321	0.544882	0.506134	0.361491	0.0885822
20417	0.236187	0.204561	4.15783	1.85758	0.446766	1.22469	3.28807	4.09041	1.83154	0.447765	9.7305	0.488567	0.447261	0.391968	0.0884148
20418	0.201915	0.223828	3.94915	1.87533	0.474869	1.25189	3.30428	3.87551	1.74287	0.449714	8.60734	0.551227	0.46241	0.39613	0.0889364
20419	0.174066	0.219129	3.71365	1.83341	0.493697	1.2157	3.24747	3.78669	1.81194	0.478504	8.45239	0.5425	0.486026	0.386222	0.0889124
20420	0.211543	0.237186	3.86541	1.86051	0.481322	1.23087	3.28283	3.65412	1.7073	0.467227	8.92744	0.519518	0.474473	0.394049	0.0891984
20421	0.189436	0.191648	3.79127	1.78836	0.471704	1.20115	3.2807	3.95321	1.56857	0.396783	9.32251	0.511785	0.43346	0.415545	0.0895833
20422	0.0696142	0.123246	3.91034	1.86605	0.47721	1.32141	3.28955	3.75488	1.67013	0.444788	6.39792	0.783493	0.461328	0.414908	0.089824
20423	0.196282	0.150957	3.688	1.73595	0.470704	1.23374	3.21026	3.50155	1.60724	0.459009	8.69562	0.538165	0.465008	0.411844	0.0900485
20424	0.0704427	0.0723343	3.88262	1.91237	0.492546	1.27064	3.21457	3.75451	1.6616	0.442561	6.8544	0.72024	0.467973	0.408637	0.0903493
20425	0.0209369	0.0851556	3.89858	1.8954	0.486178	1.18694	3.16414	3.62022	1.71388	0.473417	6.97296	0.679778	0.480034	0.396492	0.0905694
20426	0.0102292	0.0501063	3.62356	1.80713	0.498718	1.09574	3.15717	3.84127	1.77678	0.462551	8.19279	0.589167	0.480107	0.40254	0.0908458
20427	0.0741974	-0.00681738	3.93044	1.77823	0.452424	1.18693	3.13126	3.75201	1.80428	0.480882	7.95332	0.619085	0.466323	0.407422	0.0910166
20428	0.00525174	0.00210467	3.78467	1.7665	0.466751	1.08159	3.10008	3.98345	1.99348	0.50044	8.2843	0.579256	0.484027	0.389668	0.0916165
20429	-0.104179	-0.0545332	3.56403	1.64312	0.46103	1.16824	3.16518	4.2095	2.10629	0.500366	6.4029	0.809521	0.482331	0.408829	0.0918371
20430	-0.068686	-0.0563334	3.62191	1.74622	0.482127	1.18606	3.16111	4.02843	1.88495	0.467911	6.57519	0.787196	0.474642	0.416253	0.0922652
20431	-0.09543	-0.053835	4.06971	1.81242	0.445342	1.19057	3.12528	3.93771	1.8922	0.480533	6.11123	0.826904	0.462648	0.405605	0.0927212
20432	-0.0931378	-0.0665858	3.66303	1.67701	0.457819	1.1037	3.12915	4.07063	1.81411	0.445659	7.12974	0.716208	0.451419	0.422534	0.0932103
20433	-0.0371416	-0.0615078	3.82909	1.84445	0.481694	1.29932	3.18832	3.7108	1.83581	0.494721	5.91301	0.893064	0.488105	0.417858	0.0934463
20434	-0.0449115	-0.0358662	3.85957	1.87256	0.485173	1.08209	3.10485	4.28038	2.05357	0.479763	7.7662	0.635066	0.482328	0.385908	0.0937615
20435	-0.117507	-0.125429	3.73144	1.86849	0.500743	1.08881	3.11218	3.76232	1.92774	0.512381	7.20315	0.727604	0.506586	0.408508	0.0941228
20436	-0.146931	-0.116717	3.92242	1.98183	0.505257	1.00324	3.00968	4.00884	1.91037	0.47654	7.38858	0.661452	0.490742	0.385799	0.094333
20437	-0.119685	-0.119814	3.98096	1.8478	0.464158	1.02817	3.03336	3.60185	1.59001	0.441443	7.5461	0.658783	0.453368	0.419747	0.0944877
20438	-0.0835958	-0.0696654	3.80508	1.89221	0.497284	1.12168	3.05982	3.73358	1.64656	0.441013	6.74175	0.726347	0.469415	0.409065	0.0946675
20439	-0.119082	-0.103422	3.70407	1.61839	0.436922	0.997041	2.98856	3.55579	1.74485	0.490707	7.67449	0.622866	0.463265	0.415549	0.0946867
20440	-0.037819	-0.0349022	3.90317	1.70923	0.437908	1.00738	3.01608	3.90922	1.84581	0.472168	8.52079	0.546224	0.455051	0.395744	0.0949021
20441	0.03443	0.0427455	3.53343	1.72211	0.487376	1.02574	3.03313	3.82798	1.95311	0.510218	9.09994	0.491345	0.499254	0.37834	0.0953641
20442	0.0444147	0.0474881	3.73989	1.81584	0.485533	1.05923	3.06094	4.15537	1.98715	0.478213	8.81761	0.51493	0.48168	0.373926	0.0958009
20443	0.0590352	0.0681478	3.83765	1.88531	0.491268	1.035	3.11411	4.10838	1.85786	0.452212	9.74041	0.476257	0.471075	0.382702	0.0957655
20444	0.0070319	0.0496654	3.93131	1.81692	0.462167	1.20037	3.17375	3.86252	1.96616	0.509035	6.85355	0.712033	0.485394	0.392206	0.0958493
20445	-0.0900029	-0.00992579	3.68747	1.78369	0.483715	1.14185	3.15361	3.72889	1.84265	0.494156	6.59523	0.758728	0.488965	0.408387	0.0959572
20446	-0.0573813	-0.0662613	3.79629	1.78511	0.470224	1.05735	3.05443	4.01156	1.88162	0.469049	7.83716	0.621318	0.46962	0.399156	0.0961593
20447	-0.0103336	-0.0302134	3.86857	1.79951	0.465161	1.07909	3.08959	4.14758	1.90742	0.459888	8.20088	0.593424	0.462433	0.396408	0.0967496
20448	0.00685573	-0.0102208	3.90493	1.75828	0.450271	1.15848	3.08609	3.69908	1.81204	0.489863	7.2288	0.66312	0.469531	0.401786	0.0968565
20449	-0.0722242	-0.0507647	3.99965	1.85723	0.464349	1.15137	3.14928	4.06247	1.78091	0.43838	6.83972	0.748588	0.451263	0.413155	0.0970361
20450	-0.000284729	-0.00623828	3.74153	1.87735	0.50176	1.13746	3.12301	4.02638	1.92539	0.478193	7.56468	0.647232	0.489544	0.391758	0.0971054
20451	-0.0161219	-0.0123171	3.56304	2.00834	0.563657	1.03874	3.04209	3.8647	1.92002	0.49681	8.38422	0.556367	0.528876	0.372655	0.0970495
20452	-0.0965865	-0.0587644	4.02342	1.87464	0.465933	1.05492	3.04828	3.76631	1.8874	0.501128	7.28053	0.662981	0.48295	0.390927	0.0971805
20453	-0.0555512	-0.0585505	4.54852	1.98976	0.437452	1.10125	3.04917	4.04195	1.82137	0.450618	7.21719	0.669093	0.443647	0.38795	0.0974126
20454	-0.0393278	-0.0465738	3.88585	1.89111	0.486665	0.975301	2.9912	3.69311	1.8402	0.498281	8.96388	0.514736	0.492325	0.38218	0.0975796
20455	-0.0662574	-0.000601424	3.9788	1.96252	0.493243	0.940816	2.92319	3.59764	1.77168	0.492455	8.42891	0.507099	0.492869	0.364112	0.0978244
20456	0.0343227	0.0219914	3.76064	1.80879	0.480979	0.898296	2.89685	4.01931	1.80888	0.450047	11.0722	0.373225	0.464999	0.363637	0.0978575
20457	0.0151146	0.0280923	4.01562	1.88095	0.468409	0.96006	2.94492	3.83163	1.72024	0.448957	9.52813	0.446461	0.458911	0.371435	0.0978321
20458	-0.0159176	0.0562889	3.69682	1.79877	0.486573	1.03301	3.02073	3.95443	1.81492	0.45896	7.98713	0.550128	0.472302	0.37821	0.0975317
20459	0.107135	0.101363	3.80317	1.71608	0.451225	0.96442	3.04625	3.85151	1.71161	0.4444	11.8001	0.367469	0.447791	0.387569	0.0973069
20460	0.114271	0.0888186	3.551	1.82303	0.513385	1.14288	3.10615	3.94221	1.77679	0.450709	8.60494	0.529017	0.480411	0.387477	0.0974699
20461	0.192139	0.211566	3.97377	1.87383	0.471549	1.11096	3.10572	4.03754	1.94617	0.482019	9.92159	0.422115	0.476826	0.354192	0.0977488
20462	0.183352	0.196272	3.55998	1.77081	0.497422	1.19591	3.19252	3.86227	1.81045	0.468754	8.75626	0.512633	0.482504	0.385376	0.0984471
20463	0.177165	0.118098	3.95331	1.74549	0.441528	1.13988	3.20313	4.03232	1.94314	0.481891	10.269	0.463408	0.461909	0.392236	0.0985665
20464	0.029585	0.0435325	3.60016	1.82758	0.507639	1.25668	3.20352	3.6934	1.95901	0.530409	6.63155	0.752882	0.51917	0.397445	0.0987118
20465	0.0186973	0.0687736	3.55984	1.62866	0.45751	1.24437	3.19914	3.84947	1.93514	0.502703	6.52295	0.751133	0.48099	0.407497	0.0991666
20466	0.0167348	0.0561055	3.58518	1.60088	0.446527	1.21527	3.22583	3.64491	1.77388	0.486674	6.99422	0.718247	0.466766	0.426822	0.0992829
20467	0.139178	0.114742	3.7691	1.7354	0.460429	1.24292	3.21072	3.97701	1.93881	0.487505	7.86788	0.609129	0.47433	0.394862	0.0994345
20468	0.127917	0.0660092	4.02207	1.84466	0.458634	1.10217	3.15803	4.05142	1.91755	0.473302	10.0726	0.474582	0.465995	0.388612	0.0994173
20469	0.0984453	0.00160012	3.77929	1.91111	0.505681	1.13245	3.13948	4.06027	1.90639	0.469523	9.20931	0.534583	0.486954	0.392147	0.0994399
20470	-0.00639733	0.00955516	3.7168	1.90272	0.511924	1.13984	3.13033	3.73253	1.84594	0.494556	7.41275	0.656927	0.503221	0.393881	0.0997353
20471	-0.0161826	-0.0592037	3.77476	1.89552	0.502155	1.09675	3.10048	3.73226	1.92025	0.514501	8.06034	0.619305	0.508293	0.395563	0.10005
20472	-0.0503293	-0.0760676	3.82357	1.66742	0.436091	1.13813	3.15879	3.61465	1.72031	0.475928	7.40867	0.706218	0.45545	0.435858	0.100386
20473	-0.0889334	-0.0787401	3.93156	1.7564	0.446744	1.20396	3.18585	3.90953	1.76995	0.452727	6.37571	0.835793	0.449727	0.430506	0.100512
20474	-0.0519101	-0.110223	3.84343	1.67055	0.434651	1.07708	3.12129	3.95797	1.72409	0.4356	8.19274	0.637313	0.435133	0.434849	0.100509
20475	-0.149702	-0.134962	3.55989	1.80716	0.507646	1.15045	3.12545	3.85919	1.77904	0.460989	6.28865	0.845194	0.483376	0.425757	0.101105
20476	-0.12535	-0.117729	3.88733	1.7803	0.457975	1.15441	3.16455	3.73279	1.71441	0.459285	6.57802	0.818889	0.458617	0.435371	0.101254
20477	-0.225562	-0.247274	3.89155	1.8746	0.481711	1.03725	3.05476	3.59712	1.60681	0.446692	6.8373	0.797348	0.46489	0.439263	0.101369
20478	-0.108092	-0.124965	3.9548	1.83486	0.463958	1.15208	3.1206	3.60445	1.63257	0.452931	6.63322	0.794011	0.4587	0.431771	0.101453
20479	-0.164154	-0.102953	3.85388	1.84456	0.478624	1.16013	3.16621	3.64168	1.6852	0.462753	6.09411	0.876864	0.470913	0.430955	0.102008
20480	-0.0919095	-0.107719	3.72324	1.82837	0.491069	1.18772	3.16239	3.76419	1.87208	0.497339	6.53061	0.818727	0.494221	0.419555	0.102588
20481	-0.170221	-0.114629	3.94478	1.92473	0.487917	1.06808	3.12261	3.96934	1.85894	0.468325	6.83437	0.76669	0.47809	0.409254	0.102657
20482	-0.128491	-0.0990198	3.91803	2.0284	0.517709	1.13217	3.13086	3.8539	2.03752	0.528691	6.56407	0.794637	0.523155	0.390897	0.103242
20483	-0.151694	-0.153828	4.01079	1.96508	0.489949	1.04218	3.03105	3.73648	2.0202	0.540669	7.11651	0.712672	0.514411	0.388987	0.103493
20484	-0.104447	-0.150791	3.98994	1.86965	0.46859	1.0698	3.06919	3.78334	1.82576	0.482579	7.51952	0.689425	0.475399	0.41238	0.103817
20485	-0.110642	-0.0963519	4.08092	1.938	0.474894	0.998198	3.08546	4.16221	2.04219	0.490651	8.23401	0.614763	0.48285	0.388832	0.103582
20486	-0.0388134	-0.0316158	4.08185	1.98558	0.486442	1.0676	3.11272	3.95262	1.86528	0.47191	8.07646	0.612079	0.479293	0.391054	0.103814
20487	0.0246856	0.0348555	3.99786	1.9062	0.476805	1.1409	3.11639	3.5706	1.88725	0.528552	7.62146	0.622966	0.501218	0.385039	0.103911
20488	0.0209376	-0.0108448	3.70803	1.78012	0.480071	1.11664	3.13811	4.09027	1.91806	0.468933	8.25935	0.600283	0.474229	0.401434	0.104462
20489	0.0871646	0.0280242	3.63866	1.65462	0.454734	1.188	3.20962	3.89476	1.95284	0.5014	8.3531	0.605915	0.47886	0.412405	0.104926
20490	0.0467148	0.0157088	4.03209	1.85407	0.459828	1.18107	3.21189	3.98071	1.95751	0.491749	7.93893	0.643385	0.475686	0.401331	0.105486
20491	0.000657044	0.0198951	3.95707	1.89751	0.479523	1.18192	3.21699	3.81955	1.85292	0.485115	7.32511	0.697695	0.48227	0.40536	0.105509
20492	-0.0224812	0.0159629	3.78421	1.9367	0.511785	1.30974	3.26335	3.80254	1.73533	0.45636	5.94178	0.887403	0.484005	0.418037	0.105755
20493	0.0813234	0.0550519	3.73459	1.92295	0.514903	1.27266	3.23213	4.01544	1.78073	0.443471	7.1119	0.709644	0.477892	0.405356	0.106038
20494	-0.017348	0.00409068	3.82614	1.79601	0.469406	1.34169	3.20809	3.68265	1.70447	0.462839	5.55805	0.923494	0.466185	0.423141	0.106378
20495	-0.0558898	0.0111753	3.57463	1.67393	0.468281	1.24529	3.22671	3.65347	1.80807	0.494892	6.10707	0.846531	0.481732	0.42619	0.10636
20496	-0.0904191	-0.0436792	3.62617	1.79498	0.495008	1.12161	3.14832	3.8176	1.84403	0.483033	6.93585	0.734509	0.488867	0.411878	0.106698
20497	0.00403951	-0.0162248	3.56507	1.78071	0.499489	1.07772	3.08647	3.86411	1.87717	0.485797	8.35088	0.576391	0.492367	0.396963	0.106937
20498	-0.0784766	-0.062829	3.94638	1.80884	0.458354	1.0935	3.10075	3.80179	1.72766	0.454433	7.28647	0.686769	0.45643	0.414469	0.107069
20499	-0.0510843	-0.0165425	3.738	1.90654	0.510043	1.09389	3.14279	3.94179	1.74743	0.443309	7.61372	0.655485	0.475791	0.405912	0.107098
20500	-0.0864424	-0.0469365	4.25735	2.06735	0.485596	1.10331	3.14465	3.69428	1.84061	0.498233	7.19614	0.707755	0.491467	0.394658	0.107148
