cycle	Zbar1	Gbar1	VP1	VG1	h21	Zbar2	Gbar2	VP2	VG2	h22	h2b	h2b_denom	h2w	Qst	Fst
20000	0.155292	0.170322	3.99381	1.96136	0.4911	-1.85536	0.224296	4.07279	1.97707	0.485433	0.0007206	2.02135	0.488239	0.000184978	0.000394294
20001	0.212646	0.191748	4.01702	1.99506	0.496651	-1.64274	0.317693	3.94113	1.92312	0.487962	0.00460786	1.72122	0.492348	0.00101158	0.000605162
20002	0.301834	0.24667	4.05209	2.0073	0.495374	-1.60076	0.418182	4.33194	2.08053	0.480276	0.00812626	1.80994	0.487573	0.00179667	0.000805691
20003	0.214319	0.230762	4.00461	2.02865	0.506579	-1.52866	0.494448	3.73074	1.9283	0.516867	0.022887	1.51898	0.511541	0.00437587	0.00104771
20004	0.264831	0.262343	3.77238	2.00788	0.532257	-1.46253	0.623078	3.86084	1.88822	0.489071	0.0436125	1.49189	0.510414	0.00828496	0.00125803
20005	0.237999	0.240486	4.03621	2.18351	0.540981	-1.23491	0.731691	3.82765	1.94461	0.508042	0.111217	1.08473	0.524948	0.0144088	0.0015164
20006	0.272882	0.314504	3.89167	1.93505	0.497229	-1.21985	0.792144	3.87151	1.8282	0.472219	0.102386	1.11412	0.484756	0.0149369	0.00175204
20007	0.363245	0.365938	3.89132	1.80065	0.462735	-1.21496	0.819218	3.90679	1.80423	0.461819	0.0824908	1.24537	0.462276	0.0140557	0.00200096
20008	0.344538	0.367787	3.85663	1.80567	0.4682	-1.27111	0.778094	3.86219	1.86721	0.483458	0.0644945	1.30516	0.475834	0.0113349	0.00226409
20009	0.339746	0.405645	4.07442	1.91389	0.469733	-1.04085	0.923792	3.98144	1.9724	0.495399	0.140855	0.953021	0.482418	0.0169859	0.00254838
20010	0.3111	0.343078	3.72133	1.96674	0.528505	-1.06238	0.977423	4.03064	1.96985	0.48872	0.213306	0.943229	0.507819	0.02493	0.00273891
20011	0.434693	0.36764	4.20209	2.02765	0.482534	-0.857321	1.13754	3.80105	1.96435	0.516792	0.355088	0.83465	0.498805	0.0358096	0.00303495
20012	0.339174	0.37189	3.86319	2.05042	0.530758	-0.953463	1.08776	4.18567	1.9907	0.4756	0.306701	0.835456	0.502074	0.0307441	0.00341091
20013	0.458444	0.446301	3.74668	2.09969	0.560414	-0.914883	1.08216	4.06224	1.96526	0.483787	0.214374	0.943013	0.520552	0.0242745	0.00357729
20014	0.559611	0.470085	3.98776	1.86203	0.466937	-0.911714	1.05424	3.78185	2.01991	0.534105	0.157628	1.0824	0.499631	0.0215137	0.00368567
20015	0.474137	0.460487	3.9358	1.92529	0.489174	-0.917946	1.03914	4.20165	2.11112	0.502451	0.172783	0.968948	0.49603	0.020327	0.00391106
20016	0.60941	0.551163	4.13325	2.12013	0.512945	-0.928315	1.11066	4.03007	1.85974	0.461465	0.132383	1.1823	0.48753	0.0192937	0.00423201
20017	0.605755	0.565139	4.33003	2.18314	0.504185	-0.851061	1.17172	3.8203	1.85865	0.486519	0.173365	1.06116	0.495905	0.0222626	0.00448341
20018	0.5654	0.553549	3.87278	1.94614	0.502518	-0.785965	1.23766	3.70904	1.72762	0.465785	0.256276	0.913094	0.484548	0.03088	0.00481537
20019	0.531429	0.496549	4.13767	1.99305	0.481685	-0.822032	1.24016	3.74458	1.80711	0.482594	0.301859	0.915928	0.482117	0.0351176	0.00502368
20020	0.448023	0.451109	3.77628	1.89027	0.500564	-0.67626	1.31956	3.90842	1.8752	0.479786	0.596675	0.632005	0.489996	0.0477086	0.0051759
20021	0.450352	0.427787	4.11128	2.05667	0.500249	-0.602832	1.37007	4.00741	1.95445	0.487709	0.800479	0.554598	0.494059	0.0524622	0.00532454
20022	0.417014	0.345375	4.05896	1.97797	0.487308	-0.55891	1.41348	3.89649	2.03347	0.52187	1.19783	0.476214	0.504236	0.0664113	0.00551918
20023	0.352491	0.356679	4.26739	2.05694	0.482013	-0.538787	1.43107	4.01196	1.92235	0.479155	1.45311	0.397188	0.480628	0.0676481	0.00583449
20024	0.360861	0.321871	3.93627	1.99237	0.506156	-0.46472	1.44381	4.01013	1.97051	0.491383	1.84681	0.340792	0.498701	0.0736014	0.00605797
20025	0.188709	0.265267	3.88896	1.83663	0.472266	-0.498998	1.51091	4.09378	1.94806	0.475858	3.28082	0.236471	0.474109	0.0930082	0.00619662
20026	0.364524	0.337746	4.18677	2.01142	0.480423	-0.438724	1.5178	3.9175	1.92931	0.492486	2.15827	0.322604	0.486254	0.0812087	0.00649352
20027	0.406973	0.376986	3.90573	1.94973	0.499198	-0.393322	1.59424	3.96472	2.07218	0.522656	2.31346	0.320236	0.511015	0.0843734	0.00694032
20028	0.323725	0.342664	3.39095	2.03524	0.600198	-0.446938	1.59738	3.89949	1.99109	0.510604	2.6507	0.296961	0.552276	0.0890869	0.00725617
20029	0.247821	0.250452	4.27111	2.15427	0.504381	-0.37447	1.58344	4.02946	1.98851	0.493492	4.58843	0.193623	0.499095	0.0968856	0.00746674
20030	0.214087	0.207294	4.23479	2.09407	0.494492	-0.370261	1.65277	4.38992	2.02501	0.461286	6.11895	0.170731	0.477591	0.11259	0.00771155
20031	0.144046	0.128589	4.05993	2.13851	0.526735	-0.448223	1.61954	4.17687	2.1347	0.511076	6.3371	0.175391	0.518795	0.115135	0.0079994
20032	0.262233	0.129898	3.98326	1.97183	0.495028	-0.347998	1.63336	4.03031	1.99872	0.495921	6.07012	0.186191	0.495477	0.124646	0.00837221
20033	0.167108	0.218727	4.21481	2.00162	0.474901	-0.296512	1.69084	4.20648	2.12768	0.505811	10.0822	0.107472	0.490341	0.116037	0.00863377
20034	0.205165	0.25749	4.08668	2.14637	0.525212	-0.357101	1.68127	4.13794	2.17761	0.526256	6.41213	0.158072	0.525737	0.104955	0.00897386
20035	0.226841	0.278265	4.25967	2.19805	0.516015	-0.246386	1.74992	4.41799	2.14141	0.484704	9.67111	0.111972	0.500074	0.110981	0.00927385
20036	0.171917	0.259041	4.05402	2.17458	0.536402	-0.143813	1.80903	3.99062	1.95662	0.490305	24.1004	0.0498429	0.513535	0.126987	0.0092995
20037	0.379304	0.374561	4.23696	2.19761	0.518677	-0.253207	1.79943	3.91897	1.97105	0.502951	5.07473	0.200035	0.511121	0.108589	0.00974623
20038	0.341825	0.364585	3.98315	2.21071	0.555015	-0.206396	1.76912	3.92206	2.11335	0.538837	6.5638	0.150273	0.546988	0.102424	0.0100196
20039	0.389735	0.384508	4.12079	2.12221	0.515	-0.147221	1.79272	3.92358	2.0547	0.52368	6.87792	0.144161	0.519234	0.106146	0.0101538
20040	0.439818	0.441317	3.8171	2.05861	0.539312	-0.166389	1.82577	3.84279	2.03125	0.528587	5.2157	0.183744	0.533931	0.104922	0.0102563
20041	0.410222	0.391743	3.94267	1.99175	0.505177	-0.0830131	1.91213	4.00209	2.02861	0.506887	9.5017	0.12164	0.506038	0.125732	0.0105114
20042	0.371931	0.344042	4.10655	2.10977	0.513758	-0.0684067	1.92653	4.06553	1.93352	0.475587	12.9155	0.0969485	0.494769	0.134138	0.0107459
20043	0.433614	0.400866	4.3291	2.06133	0.476156	-0.0144094	1.96811	3.85429	1.95812	0.508036	12.2369	0.100362	0.491171	0.132584	0.0109759
20044	0.391366	0.371681	4.08335	1.98801	0.486859	-0.0251143	1.96189	3.88092	2.04627	0.527266	14.5786	0.086728	0.506549	0.135533	0.0110352
20045	0.340099	0.346838	3.88882	1.95626	0.503045	-0.0290408	2.04234	4.17322	2.05784	0.493105	21.0967	0.0681319	0.4979	0.151916	0.011198
20046	0.246713	0.315653	4.05715	1.99166	0.490902	0.0565129	2.08842	4.18881	2.21924	0.529801	86.8728	0.018088	0.510662	0.157309	0.0113143
20047	0.207296	0.332793	4.14372	1.98852	0.479888	0.142956	2.12049	4.10353	2.05921	0.501814	772.017	0.0020698	0.490798	0.164916	0.011426
20048	0.420165	0.423291	3.80347	1.90615	0.501161	0.140849	2.16425	4.13641	2.21033	0.534358	38.8495	0.0390087	0.518455	0.155523	0.0116095
20049	0.426146	0.371259	4.01334	1.9767	0.492534	0.137734	2.16872	3.76364	1.91457	0.508701	38.8408	0.041591	0.500358	0.171962	0.0117788
20050	0.378162	0.412959	3.81462	1.92468	0.504553	0.317576	2.20115	4.04814	1.84448	0.455637	871.141	0.00183531	0.479369	0.175052	0.011935
20051	0.421095	0.371926	4.17552	2.13939	0.512364	0.172986	2.21114	3.91925	1.78878	0.45641	54.9513	0.0307791	0.485272	0.177221	0.0121126
20052	0.331823	0.304848	3.67477	1.95188	0.531157	0.221274	2.26462	4.11249	1.92262	0.467508	314.271	0.00611049	0.497543	0.198682	0.0124254
20053	0.358033	0.348514	3.80253	2.02545	0.532659	0.317753	2.27963	3.94204	1.94099	0.492382	2298.51	0.000811218	0.512157	0.190391	0.012451
20054	0.403923	0.399101	4.00317	2.16135	0.539911	0.304256	2.3157	4.12276	1.92287	0.466403	369.795	0.00496672	0.502616	0.183648	0.012762
20055	0.336705	0.338332	4.05281	2.10418	0.519189	0.282575	2.27138	4.02371	1.87084	0.464954	1275.28	0.00146504	0.492169	0.190367	0.0128104
20056	0.423401	0.333578	4.09291	2.14574	0.524256	0.31237	2.30303	3.94651	1.93892	0.4913	314.631	0.00616393	0.508078	0.191929	0.013039
20057	0.294132	0.337301	4.31132	2.30238	0.534033	0.412306	2.37145	4.01397	1.98869	0.495442	296.29	0.00698262	0.515427	0.194321	0.013345
20058	0.323723	0.342442	4.41109	2.17214	0.492427	0.41015	2.38194	4.01756	2.0142	0.501349	556.874	0.00373474	0.496679	0.199055	0.0136422
20059	0.349834	0.298801	3.927	1.9747	0.502852	0.461168	2.43872	4.11924	2.10043	0.509906	369.436	0.00619764	0.506463	0.219402	0.0140082
20060	0.288135	0.297425	3.78129	1.89355	0.500769	0.446227	2.45717	4.16816	2.05474	0.492961	186.632	0.0124966	0.496675	0.228096	0.0141534
20061	0.35081	0.342831	3.97152	1.94964	0.490905	0.586695	2.48565	3.90288	1.97616	0.506335	82.5221	0.027821	0.498553	0.226336	0.0143736
20062	0.382693	0.370908	3.80602	1.85248	0.486725	0.374695	2.4756	3.8882	1.94342	0.499825	69250.9	3.19832e-05	0.493345	0.22594	0.0146368
20063	0.328141	0.304827	3.91191	2.07975	0.531647	0.36906	2.48219	4.13073	2.07437	0.50218	2831.34	0.000837215	0.516512	0.222065	0.0149346
20064	0.364858	0.341378	4.47919	2.05073	0.457835	0.52181	2.5134	3.89924	2.07142	0.531237	191.511	0.012317	0.491995	0.222553	0.0152365
20065	0.378717	0.365017	3.96411	2.08893	0.526961	0.669121	2.54618	3.58904	1.99187	0.554987	56.4116	0.0421675	0.540278	0.225767	0.0154198
20066	0.475656	0.40684	3.93103	1.89448	0.481929	0.587729	2.62643	4.04365	2.17104	0.536902	392.238	0.00628008	0.509804	0.232599	0.0157978
20067	0.423763	0.483268	4.07957	2.04029	0.500125	0.580939	2.58366	3.97171	1.9473	0.490293	178.578	0.0123521	0.495275	0.216745	0.0160632
20068	0.480249	0.522245	3.81628	1.98166	0.519264	0.532197	2.55747	3.85518	2.00698	0.520593	1534.89	0.00134933	0.519932	0.206192	0.0163694
20069	0.651927	0.562343	4.31746	2.08014	0.481796	0.633781	2.60475	3.92116	1.90277	0.485258	12668.1	0.000164643	0.483444	0.207585	0.0167249
20070	0.629046	0.5845	3.83769	1.99871	0.52081	0.550693	2.57807	4.04837	1.93546	0.478084	647.371	0.00306958	0.498876	0.20171	0.0170596
20071	0.56273	0.500817	4.18705	2.01973	0.482376	0.573501	2.61431	4.02505	1.85606	0.461128	38497.6	5.80149e-05	0.471961	0.223766	0.0171451
20072	0.494443	0.526169	3.82184	1.93318	0.505823	0.607236	2.6027	4.07122	1.85813	0.456405	338.93	0.00636118	0.480333	0.221473	0.017561
20073	0.534423	0.499427	3.8108	1.92265	0.504528	0.60848	2.58403	3.87764	1.96528	0.506824	792.358	0.00274219	0.505686	0.218486	0.0175882
20074	0.44918	0.486372	3.79942	1.89985	0.500038	0.599459	2.55556	3.6521	1.83207	0.501648	189.583	0.0112919	0.500827	0.222976	0.0176694
20075	0.427168	0.412293	3.94283	2.02252	0.512962	0.54066	2.58997	3.54081	1.84863	0.522093	368.182	0.00644014	0.517282	0.234545	0.017944
20076	0.368897	0.404589	4.20896	2.10377	0.499831	0.515668	2.54352	4.11252	1.99868	0.486	212.38	0.0107709	0.492996	0.218101	0.0181809
20077	0.390634	0.465746	3.90143	1.92394	0.493137	0.577005	2.57317	4.10068	1.98717	0.484596	127.863	0.0173671	0.48876	0.221201	0.0183857
20078	0.292935	0.38829	3.77555	2.11	0.558858	0.469805	2.4509	4.12234	1.98966	0.482654	135.996	0.0156415	0.519083	0.206074	0.0185817
20079	0.485109	0.387392	4.25844	2.04584	0.480421	0.399887	2.40356	3.92627	1.90109	0.484197	559.699	0.00363137	0.482232	0.204837	0.0188025
20080	0.345905	0.358874	3.78787	1.94253	0.512829	0.391819	2.41982	3.83602	1.8619	0.485373	2014.83	0.00105406	0.499015	0.218295	0.0188223
20081	0.262775	0.28899	3.90849	1.96613	0.503043	0.432841	2.37793	3.97614	1.87899	0.472566	150.876	0.0144612	0.487674	0.221098	0.0190151
20082	0.224926	0.276858	4.05498	2.00182	0.493671	0.390366	2.3932	3.84229	1.78598	0.464822	163.639	0.0136853	0.479635	0.228252	0.0191442
20083	0.326798	0.260735	3.89044	1.88391	0.484242	0.532208	2.42316	4.15578	1.88856	0.454441	110.826	0.0210965	0.46885	0.236663	0.0193364
20084	0.238196	0.215834	4.04951	2.05731	0.50804	0.332129	2.39063	3.93359	1.97177	0.501266	536.035	0.00441179	0.504702	0.226976	0.0193888
20085	0.223666	0.189381	4.1249	2.02648	0.491281	0.408843	2.41832	3.97717	1.93711	0.487057	144.886	0.0171452	0.489207	0.238687	0.0196095
20086	0.235001	0.172931	4.43776	2.07521	0.467626	0.307529	2.41217	4.14831	1.90887	0.460156	953.224	0.00263012	0.464017	0.239426	0.0196493
20087	0.278098	0.286067	3.76067	2.04013	0.542491	0.676905	2.61768	4.08933	1.96794	0.481239	34.1811	0.0795237	0.510583	0.25332	0.019999
20088	0.275447	0.236902	4.20851	2.04795	0.486622	0.598103	2.6643	3.74328	1.96378	0.524614	56.5983	0.0520532	0.504507	0.26867	0.0202404
20089	0.220211	0.213742	3.59313	2.02851	0.564554	0.726922	2.68856	4.2721	2.05843	0.481831	23.8543	0.128378	0.519622	0.272642	0.0205971
20090	0.191952	0.264205	4.00372	2.07509	0.518291	0.776164	2.69644	3.73451	1.96803	0.526984	17.3328	0.170652	0.522486	0.267922	0.0206731
20091	0.261879	0.293794	4.04245	2.18721	0.541059	0.609208	2.62271	4.24695	1.92773	0.453909	44.9598	0.0603187	0.496409	0.247943	0.0211085
20092	0.314927	0.243482	3.95699	2.03644	0.514644	0.669969	2.67045	3.6344	1.88686	0.519168	46.7271	0.0630274	0.51681	0.273002	0.0216025
20093	0.175725	0.191965	4.35828	2.19267	0.503104	0.773296	2.75496	4.25659	2.03326	0.477674	18.3958	0.178546	0.490539	0.279956	0.021951
20094	0.166621	0.196159	3.79875	2.06387	0.543302	0.731268	2.72973	3.91554	2.04918	0.523347	20.1331	0.159413	0.533174	0.280759	0.0219697
20095	0.211066	0.190751	3.97695	1.93692	0.487037	0.755769	2.78277	3.89201	2.03167	0.52201	22.6441	0.148351	0.504335	0.297479	0.0224252
20096	0.120432	0.155296	4.11658	2.12188	0.515448	0.729089	2.76034	3.63375	1.93732	0.533145	18.3183	0.185232	0.523746	0.294863	0.0225374
20097	0.283863	0.235119	4.26991	2.22458	0.52099	0.81912	2.80937	3.75243	1.80168	0.480136	23.13	0.14325	0.501881	0.291623	0.0225721
20098	0.166856	0.163485	4.12292	2.08085	0.504704	0.772239	2.864	4.09207	1.99945	0.488615	19.8991	0.183244	0.496689	0.30894	0.0228081
20099	0.183157	0.183941	4.26809	2.12278	0.49736	0.953158	2.89627	4.18997	1.92178	0.458662	12.408	0.296451	0.47819	0.312695	0.0232196
20100	0.126218	0.1251	4.39423	2.14276	0.48763	0.879103	2.84967	4.02932	1.89079	0.469257	13.096	0.283418	0.478841	0.315222	0.0232989
20101	-0.00159974	0.0797954	4.20987	2.16406	0.514044	0.817971	2.85006	4.03699	2.10938	0.522511	11.4253	0.335848	0.518189	0.309955	0.0233455
20102	0.142914	0.195967	4.29617	1.95762	0.455666	0.865147	2.84457	4.10687	2.20106	0.535945	13.4487	0.26081	0.494901	0.296728	0.0236626
20103	0.317143	0.301998	4.36175	2.02204	0.463585	0.828965	2.8635	3.85487	2.02683	0.525784	25.0467	0.130981	0.492766	0.288425	0.0239287
20104	0.341374	0.314086	4.34383	2.03336	0.468103	0.998923	2.97174	4.09038	2.05551	0.502524	16.3358	0.216185	0.484796	0.301708	0.0239773
20105	0.271371	0.284433	4.045	1.88673	0.466435	0.969561	2.97744	4.15341	2.0697	0.498315	14.8774	0.243735	0.482586	0.314358	0.0245293
20106	0.154825	0.220969	4.16941	2.03887	0.489008	0.899766	2.93041	4.02484	1.99347	0.495292	13.2287	0.277468	0.492094	0.312887	0.0247886
20107	0.158119	0.172493	3.88407	2.05618	0.529388	0.917113	2.97596	4.00704	1.83665	0.458358	13.6432	0.288035	0.493319	0.335544	0.0250535
20108	0.204636	0.210177	3.86784	2.10451	0.544104	0.882944	2.93679	4.00113	1.81927	0.454689	16.1581	0.230051	0.498639	0.321534	0.0252946
20109	0.15079	0.173633	4.15863	2.10387	0.505904	1.06396	2.97574	3.8846	1.93801	0.498896	9.41593	0.416942	0.50252	0.327005	0.0254302
20110	0.00221871	0.105366	4.3353	2.18844	0.504796	0.91562	2.95956	3.78849	1.88853	0.498491	9.76436	0.417151	0.501855	0.33324	0.0255191
20111	0.111048	0.0701268	4.13469	2.15494	0.521186	0.899311	2.95192	3.68013	1.99204	0.541298	13.3654	0.310679	0.530657	0.333733	0.0259462
20112	-0.0365313	0.00484278	4.11665	2.14497	0.521047	0.903232	2.94128	3.76998	1.89994	0.503964	9.76348	0.441577	0.512881	0.347769	0.0264213
20113	-0.0527893	-0.0403618	3.93954	2.03511	0.516586	0.953319	2.93251	3.84641	1.81563	0.472033	8.73098	0.506127	0.494576	0.364704	0.026667
20114	0.0324506	-0.0032718	4.16547	1.96529	0.471805	0.879725	2.92354	3.6132	1.76019	0.487155	11.9327	0.358937	0.478935	0.365131	0.0271532
20115	0.0143534	0.0023998	4.28645	2.17957	0.508478	0.978043	2.97218	3.63185	1.75696	0.483764	9.49671	0.464349	0.497142	0.359136	0.0273823
20116	-0.0891214	-0.0984836	4.06017	2.14109	0.52734	1.14701	3.0389	3.72897	1.80762	0.484751	6.44184	0.764004	0.506951	0.384048	0.0277327
20117	-0.162108	-0.114732	3.79242	1.94052	0.511683	1.08352	3.09163	3.79193	1.83454	0.483801	6.62595	0.775795	0.497743	0.405178	0.0279634
20118	-0.138124	-0.107019	3.73293	1.78162	0.477272	1.14866	3.1338	3.82567	1.73313	0.453027	6.34307	0.827903	0.465001	0.427731	0.0281344
20119	-0.0846134	-0.0913575	3.72729	1.74337	0.467732	1.05623	3.1321	4.0556	1.84391	0.454657	7.98351	0.650757	0.460919	0.42012	0.0285211
20120	-0.149491	-0.10068	3.79606	1.72972	0.455661	1.12634	3.12109	3.84609	1.79288	0.466156	6.37678	0.813876	0.460943	0.424304	0.028649
20121	-0.0840719	-0.0873007	3.7629	1.69476	0.450387	1.14537	3.13924	3.8652	1.82048	0.470993	6.88745	0.755765	0.460828	0.425538	0.0290794
20122	-0.184312	-0.13565	3.86734	1.86802	0.483024	1.15065	3.13311	3.79229	1.78429	0.470505	5.9955	0.891068	0.476826	0.422546	0.0296296
20123	-0.19533	-0.113161	4.14989	2.00057	0.482077	1.08467	3.1221	4.03648	1.98073	0.490707	6.38845	0.819206	0.486333	0.396712	0.0296081
20124	-0.0346676	-0.055748	3.92379	2.03029	0.517432	1.08374	3.08492	3.82226	1.93752	0.506904	7.88582	0.625415	0.512237	0.383401	0.0298829
20125	-0.0300979	-0.0710618	3.80782	1.92017	0.50427	1.08992	3.04262	3.81456	1.95321	0.512041	7.72857	0.62722	0.508159	0.385017	0.0303038
20126	-0.149285	-0.116116	3.92708	1.94902	0.496302	1.20484	3.1318	4.148	1.82762	0.440603	5.753	0.916824	0.46769	0.411299	0.0308107
20127	-0.0816566	-0.151317	3.88616	1.85959	0.478516	1.21213	3.16763	3.77275	1.88504	0.499647	6.58076	0.836941	0.488925	0.423891	0.0308409
20128	-0.268434	-0.171673	3.64228	1.88866	0.518537	1.21511	3.17596	4.05463	1.88581	0.4651	5.09187	1.10044	0.490387	0.426157	0.0310558
20129	-0.309206	-0.208203	4.21244	1.9837	0.470914	1.26103	3.22783	3.6654	1.89581	0.517217	4.78833	1.23282	0.492458	0.432204	0.0314838
20130	-0.164937	-0.206756	4.07891	1.97289	0.483681	1.22944	3.2039	4.07732	1.93078	0.473542	5.98291	0.972149	0.478613	0.427048	0.0319427
20131	-0.163038	-0.139035	4.28942	2.10713	0.491239	1.24026	3.19233	3.80104	1.93406	0.508824	5.63565	0.984623	0.499501	0.407196	0.0321576
20132	-0.164505	-0.153291	4.09249	2.18202	0.533176	1.16586	3.15951	3.85051	1.97106	0.511896	6.20083	0.884934	0.52286	0.39794	0.0323742
20133	-0.149107	-0.12843	4.05262	2.00679	0.495184	1.18746	3.10626	4.03621	1.95937	0.485449	5.85709	0.89321	0.490326	0.39754	0.0326675
20134	-0.000979167	-0.0890358	4.116	1.98828	0.48306	0.990955	3.01476	3.94609	1.87942	0.476274	9.79088	0.491966	0.479738	0.383859	0.0330616
20135	-0.0812382	-0.100617	3.78241	1.96087	0.518419	0.982817	2.95719	4.0272	1.9196	0.476659	8.25833	0.566107	0.496884	0.376049	0.0332094
20136	-0.11361	-0.091644	3.81471	1.90988	0.500661	0.94402	2.96386	4.20427	1.88397	0.448109	8.34639	0.55929	0.473108	0.381005	0.0335571
20137	-0.0607661	-0.0617474	3.77342	2.02638	0.537013	0.8846	2.91483	3.77962	1.86207	0.49266	9.9137	0.446858	0.514818	0.363027	0.0339291
20138	-0.0535804	-0.13084	3.94344	2.04018	0.517361	0.955031	2.93898	4.14513	1.80989	0.43663	9.26359	0.508648	0.475989	0.379742	0.0341342
20139	-0.114205	-0.0828582	4.16165	1.9285	0.463399	1.01215	3.00109	3.86126	1.94129	0.50276	7.4966	0.634337	0.482342	0.380701	0.0343837
20140	-0.0208778	-0.120973	4.32456	2.25932	0.522439	0.885756	2.92384	3.80315	2.01502	0.529829	11.2787	0.410992	0.525897	0.351707	0.0346183
20141	-0.000996573	-0.0357061	4.03488	2.17376	0.538741	0.838962	2.8927	3.98109	2.06413	0.518483	12.1548	0.352765	0.52868	0.336052	0.03484
20142	-0.0620078	-0.0977	4.03536	2.17847	0.539845	0.824451	2.896	3.92125	1.99804	0.509542	11.4051	0.392905	0.524911	0.34927	0.0352206
20143	-0.156341	-0.137839	4.1407	2.08069	0.502498	0.797517	2.86872	3.62851	2.04409	0.563342	9.93507	0.454923	0.530914	0.354065	0.035405
20144	-0.195339	-0.175016	3.91171	1.99866	0.510942	0.96642	2.90465	4.07251	1.93979	0.476314	7.02709	0.674842	0.493279	0.375912	0.0361518
20145	-0.234858	-0.205311	3.81804	1.95236	0.511352	0.834707	2.83407	4.05177	1.81945	0.449051	8.07526	0.571985	0.479276	0.379884	0.0362764
20146	-0.112628	-0.0944807	3.95471	1.93948	0.490424	0.776738	2.80009	3.83263	1.827	0.476696	10.5927	0.395486	0.483668	0.357492	0.0364813
20147	-0.0993757	-0.112252	3.80385	2.08081	0.547028	0.777226	2.77688	3.67293	1.8313	0.498595	10.8625	0.384215	0.523235	0.347974	0.0369472
20148	-0.145511	-0.159676	4.24708	1.96938	0.463702	0.846665	2.82391	4.0601	1.96605	0.484237	9.04274	0.492206	0.473738	0.361338	0.0371114
20149	-0.0408849	-0.0436882	3.95485	2.02377	0.511718	0.910821	2.97902	3.98563	2.02049	0.506944	10.0876	0.452872	0.509322	0.361056	0.0372886
20150	-0.118355	-0.0554642	4.09552	2.14448	0.523616	1.06526	3.0074	4.34994	2.10933	0.484911	6.69623	0.700478	0.503681	0.355509	0.0376415
20151	-0.0859154	-0.0537352	3.87038	1.96989	0.508964	1.03171	3.0752	4.33496	2.09084	0.48232	7.83791	0.624543	0.494888	0.376185	0.0379458
20152	-0.00648304	0.0642724	3.90264	2.02421	0.518678	1.03753	3.08974	3.93644	1.97251	0.501089	8.39794	0.544983	0.509846	0.364211	0.0381086
20153	0.106508	0.0951602	4.02157	2.08536	0.518543	1.07535	3.10713	3.89758	2.04241	0.524021	9.6649	0.469327	0.521239	0.354724	0.0386036
20154	-0.0619193	0.0399274	4.11607	2.13935	0.519755	1.14339	3.13553	3.99176	1.9668	0.492716	6.59616	0.726389	0.506443	0.36858	0.0387205
20155	-0.0722549	0.0260184	3.92733	2.13728	0.544207	1.22114	3.17129	4.27863	2.04879	0.478843	5.91363	0.836437	0.510126	0.371508	0.0390192
20156	0.141641	0.142464	4.23801	1.99191	0.470011	1.12629	3.09005	4.14185	2.02258	0.488327	8.96125	0.484767	0.479064	0.351208	0.0391027
20157	0.19131	0.162434	3.75699	1.9776	0.526378	1.20855	3.1648	3.9945	2.0368	0.5099	8.71115	0.517393	0.517887	0.35965	0.0393416
20158	0.225227	0.186544	4.07223	2.00495	0.492348	1.16036	3.16372	3.6146	1.95542	0.540978	10.1359	0.437239	0.515215	0.358891	0.039564
20159	0.183901	0.239875	3.88192	1.88135	0.484646	1.22165	3.21454	3.95104	1.98696	0.502894	8.21664	0.53846	0.493851	0.36393	0.0399721
20160	0.27349	0.250282	3.71052	1.90691	0.513921	1.22687	3.19581	3.60142	1.95383	0.542517	9.54538	0.454468	0.528005	0.359836	0.0399746
20161	0.2019	0.234998	3.94837	1.86465	0.472258	1.28115	3.24068	4.14825	2.09685	0.505479	7.75607	0.582391	0.489278	0.363222	0.0404046
20162	0.183072	0.197162	3.89845	1.93677	0.496804	1.19939	3.24036	3.92727	2.0498	0.521939	8.96607	0.516451	0.509418	0.367512	0.040229
20163	0.138245	0.191168	3.9612	1.99229	0.502951	1.20972	3.27761	4.30965	2.04233	0.473899	8.29753	0.574033	0.487813	0.371294	0.0406488
20164	0.210246	0.229056	3.70113	1.9503	0.526947	1.20177	3.2376	3.98144	1.96401	0.493292	9.20678	0.491558	0.509506	0.366439	0.0408189
20165	0.237107	0.220384	4.12721	2.00143	0.484937	1.18882	3.22085	4.08274	2.02813	0.496756	9.93953	0.452877	0.490814	0.358491	0.0408362
20166	0.179182	0.226423	3.9609	2.15978	0.545275	1.28426	3.2232	4.11313	2.05635	0.499946	7.35405	0.610595	0.522183	0.347594	0.0408355
20167	0.184022	0.200194	3.83552	2.06667	0.538824	1.22084	3.19573	3.84044	2.02275	0.526697	8.34717	0.537501	0.532757	0.354355	0.0411156
20168	0.0644642	0.0164982	4.19766	1.9672	0.468642	0.919743	3.00561	4.15823	2.05524	0.49426	12.2143	0.365751	0.481391	0.357155	0.0411065
20169	0.0458582	0.0537582	3.95375	2.11442	0.534789	1.02243	2.96978	3.85275	2.01622	0.523319	8.91606	0.476848	0.529129	0.33989	0.0414007
20170	0.0326122	0.044336	4.2956	2.11741	0.492926	0.873432	2.91724	4.18886	2.14414	0.511867	11.6744	0.353489	0.502277	0.326341	0.0417553
20171	0.116118	0.116464	3.86963	2.02724	0.523885	0.908254	2.93469	4.35854	2.12253	0.486981	12.6577	0.31374	0.504337	0.323742	0.0418318
20172	-0.0901722	-0.0664828	4.0488	2.07688	0.512961	0.750031	2.77492	3.90858	2.07425	0.530692	11.4366	0.352971	0.521671	0.327266	0.0422531
20173	-0.0184129	-0.0651081	4.2653	1.98494	0.46537	0.684119	2.74721	4.09593	2.01142	0.491079	16.025	0.246775	0.477964	0.331112	0.0424267
20174	-0.00143141	-0.0476423	4.14002	2.00423	0.48411	0.738103	2.77754	4.00685	1.99969	0.499067	14.594	0.273456	0.491466	0.332717	0.0424835
20175	-0.0703115	-0.0545059	3.75864	1.88942	0.502687	0.883776	2.87384	3.78533	1.84707	0.487955	9.42036	0.455142	0.495295	0.36469	0.0427503
20176	-0.0428111	-0.0289349	3.68864	1.79212	0.485847	0.838795	2.89936	4.24117	1.913	0.451055	11.0327	0.388615	0.467239	0.366638	0.0426946
20177	-0.0705739	-0.080635	4.05443	1.87618	0.462748	0.954531	2.91396	4.1467	1.91091	0.460826	8.53377	0.52542	0.461776	0.371971	0.0433185
20178	-0.171232	-0.0468167	3.76802	1.70074	0.451362	0.891739	2.92927	3.94053	1.97053	0.500068	7.83881	0.564953	0.47626	0.376341	0.0436135
20179	-0.0432179	-0.0902199	3.91057	1.91472	0.489626	0.941909	2.98061	3.86837	1.91179	0.494211	9.71689	0.485237	0.491906	0.381343	0.0438134
20180	-0.0612562	-0.0865494	4.1794	2.14282	0.51271	0.888999	2.8955	3.88158	1.80709	0.465556	9.84805	0.451492	0.490004	0.360254	0.0438069
20181	-0.10198	-0.0905583	4.22283	1.97617	0.467973	0.938219	2.92611	3.9379	1.89271	0.480641	8.4105	0.541007	0.474086	0.37041	0.0442373
20182	0.0134292	-0.0306377	3.8848	1.85277	0.476928	0.913226	2.93456	3.99576	1.99253	0.498661	10.8597	0.404817	0.487947	0.363835	0.0442996
20183	-0.0131688	0.0116969	3.91047	1.89036	0.48341	0.789479	2.84772	4.04169	1.87536	0.464004	12.4845	0.322121	0.473547	0.348208	0.0446061
20184	0.00963524	-0.00469931	4.10183	1.9725	0.480885	0.868037	2.85902	3.84318	1.85019	0.481421	11.1296	0.368427	0.481144	0.349211	0.044588
20185	0.0212567	-0.00831385	3.9739	1.99633	0.502361	0.709267	2.74351	4.13945	2.0295	0.490281	15.9975	0.236679	0.496198	0.319951	0.0443313
20186	-0.0544452	-0.0182283	4.02547	1.99996	0.496826	0.728424	2.7001	3.9041	2.00858	0.514481	12.0566	0.306442	0.505518	0.315574	0.0446617
20187	0.101831	0.0432573	3.84233	2.03039	0.528427	0.636168	2.70916	3.88348	1.9742	0.508358	24.8919	0.142758	0.518339	0.307433	0.0446109
20188	0.0185193	0.0124632	3.94538	2.07676	0.526377	0.786398	2.81239	4.06578	1.98953	0.489334	13.2956	0.294819	0.507577	0.325341	0.0445877
20189	-0.0387988	-0.0231405	3.69824	2.05442	0.555513	0.752542	2.78171	4.00154	1.90533	0.47615	12.563	0.31311	0.514268	0.331973	0.0449809
20190	0.0328709	0.0172232	3.89618	2.00215	0.513873	0.771331	2.75816	4.00765	1.96304	0.489823	13.7766	0.272661	0.501678	0.32153	0.0448788
20191	0.0792216	0.0513884	4.05208	1.86025	0.459084	0.779068	2.7562	3.97172	1.92259	0.484069	14.9372	0.244892	0.471452	0.326029	0.0453598
20192	0.0977409	0.0668622	3.99014	1.93413	0.484728	0.814017	2.72138	4.2275	2.08148	0.492367	13.7344	0.256526	0.488658	0.30503	0.0459465
20193	0.0810422	0.069744	3.69187	1.93669	0.524581	0.689677	2.73077	4.17814	1.97085	0.471706	19.1155	0.185218	0.49651	0.311895	0.0456776
20194	0.168584	0.0987147	3.72572	1.90298	0.510769	0.686197	2.72195	4.32088	2.10329	0.486773	25.6841	0.133962	0.497884	0.300517	0.0460595
20195	-0.00619344	0.0759962	3.88295	1.89783	0.488761	0.812305	2.78708	4.09536	2.16662	0.529043	10.9711	0.33497	0.509438	0.311443	0.0459144
20196	0.0803734	0.080242	4.11694	1.95812	0.475625	0.71621	2.75487	3.91601	2.0202	0.515883	17.6944	0.202144	0.495251	0.310233	0.0463439
20197	0.173922	0.132856	3.82177	1.84463	0.482664	0.799403	2.76556	3.96126	1.93492	0.48846	17.7164	0.195613	0.485614	0.314454	0.0461411
20198	0.217728	0.151634	3.83897	1.93451	0.503914	0.80891	2.78139	4.20579	2.09927	0.499139	19.7874	0.174748	0.501418	0.300122	0.0465687
20199	0.0445141	0.104006	4.38508	2.157	0.491894	0.85852	2.80401	4.093	2.08861	0.510289	11.0021	0.331302	0.500775	0.300447	0.0467694
20200	0.0921838	0.0622268	3.84698	1.93473	0.502921	0.686672	2.72123	4.16872	2.04545	0.490668	20.0055	0.176708	0.496548	0.30763	0.0468473
20201	0.0816385	0.144441	3.91804	2.02524	0.516901	0.734877	2.73576	4.15013	2.03557	0.490483	15.7361	0.21336	0.503312	0.292589	0.0471999
20202	0.253457	0.209131	4.23804	1.99902	0.471686	0.655047	2.6868	3.94885	2.17817	0.551596	38.0648	0.0806371	0.51023	0.268785	0.0478367
20203	0.276679	0.268195	3.85825	1.93819	0.502351	0.746572	2.73904	4.07472	2.08453	0.511576	27.6498	0.1104	0.507089	0.275153	0.0481998
20204	0.261462	0.246865	4.06287	2.00614	0.493775	0.679916	2.71957	3.95596	1.96773	0.497409	34.9179	0.0875519	0.495568	0.277898	0.0487767
20205	0.245487	0.226152	3.81838	1.84171	0.482328	0.715619	2.7475	4.16525	1.96675	0.472181	28.7626	0.110512	0.477034	0.294541	0.0492676
20206	0.276163	0.284988	3.75839	1.93456	0.514731	0.69592	2.7874	3.76727	1.95943	0.520119	35.5404	0.0880979	0.517428	0.286853	0.0495368
20207	0.30484	0.26098	3.7409	1.97432	0.527766	0.720171	2.81158	3.92874	1.95211	0.49688	37.7134	0.0862499	0.511945	0.292998	0.0498019
20208	0.267277	0.283346	4.31704	2.20116	0.509878	0.915851	2.8768	3.94328	2.04545	0.518717	15.9896	0.210324	0.514098	0.28375	0.0502965
20209	0.00190608	0.0781932	4.24636	2.24109	0.527767	0.540081	2.60584	4.07034	2.1229	0.521552	22.059	0.144816	0.524726	0.268037	0.0503379
20210	0.0661331	0.0293903	4.25566	2.08536	0.49002	0.68588	2.62207	3.89945	2.10609	0.5401	17.5012	0.192043	0.513966	0.286292	0.0505125
20211	0.0839096	0.0021076	4.16194	2.27189	0.545872	0.555535	2.64467	3.69638	1.79843	0.486539	31.3946	0.111215	0.517963	0.300268	0.0508557
20212	0.000838142	0.0111065	4.15915	2.22162	0.534152	0.676638	2.69932	3.84384	1.9282	0.501634	15.8231	0.228353	0.518534	0.303412	0.0512931
20213	0.000245167	0.0352259	4.40879	2.00947	0.455787	0.676032	2.66773	4.19721	1.94243	0.462791	15.1747	0.228344	0.459203	0.30489	0.0513003
20214	-0.0818657	-0.0207953	3.89518	1.9229	0.493661	0.657179	2.68238	3.9881	1.94812	0.488484	13.3785	0.273094	0.491042	0.320722	0.0514901
20215	0.006579	-0.0191006	4.04527	1.9224	0.475222	0.671437	2.69358	3.88942	1.95392	0.502368	16.6471	0.221018	0.488528	0.321955	0.0516873
20216	-0.0645229	-0.057869	4.03302	1.98193	0.491425	0.756841	2.74557	3.91761	1.90417	0.486053	11.6496	0.337319	0.488778	0.335926	0.0519827
20217	-0.0527461	-0.0383035	3.99555	2.04309	0.511342	0.761265	2.7338	4.08861	2.02054	0.494187	11.5973	0.331307	0.502665	0.321113	0.0525334
20218	-0.135467	-0.101028	3.81478	1.98413	0.520116	0.710012	2.70066	4.16152	1.88047	0.45187	10.9808	0.357418	0.48451	0.336885	0.0528996
20219	-0.131087	-0.09122	4.01253	1.96358	0.48936	0.85092	2.75272	4.13697	1.97955	0.478503	8.38711	0.482169	0.483849	0.339083	0.0529715
20220	-0.0986096	-0.119987	4.24247	2.00313	0.472162	0.72018	2.66847	3.91945	1.78832	0.456268	11.598	0.335209	0.46453	0.339042	0.0533777
20221	-0.136014	-0.109713	4.46104	2.15671	0.483454	0.755796	2.66421	3.88249	1.87028	0.481723	9.67481	0.397663	0.482649	0.323378	0.0536037
20222	-0.215558	-0.139059	4.21729	2.07147	0.491186	0.749361	2.72811	3.67598	1.8044	0.490862	8.82928	0.465534	0.491035	0.346624	0.0536105
20223	-0.140822	-0.111619	4.14515	1.96294	0.473551	0.673377	2.65746	4.02625	1.90425	0.47296	11.5667	0.331459	0.47326	0.331526	0.0537125
20224	-0.13121	-0.106352	4.1472	2.07845	0.501169	0.619371	2.73427	4.06222	2.02348	0.498121	14.3229	0.281686	0.499661	0.329775	0.0542531
20225	-0.203512	-0.195864	3.82252	2.0959	0.548304	0.657784	2.65671	4.06186	2.0852	0.51336	10.9691	0.370915	0.530302	0.32741	0.0542159
20226	-0.267678	-0.220875	3.97824	2.09848	0.527489	0.6928	2.72703	4.16919	1.98773	0.476766	9.42006	0.461259	0.501533	0.347234	0.0544763
20227	-0.125442	-0.160372	4.14525	2.0495	0.494422	0.616613	2.69358	4.07397	2.13935	0.525126	14.7918	0.275323	0.509641	0.327215	0.0548853
20228	-0.167444	-0.139446	4.14367	2.12622	0.513124	0.57945	2.66561	4.04626	1.98965	0.491726	14.1048	0.278925	0.502552	0.323487	0.0550988
20229	-0.0788562	-0.108055	3.82628	1.96982	0.514815	0.600673	2.62651	4.17599	2.12802	0.509585	16.1942	0.23088	0.512086	0.313392	0.0552926
20230	-0.0849147	-0.130217	3.60587	1.89283	0.524931	0.687257	2.71789	3.65841	1.93936	0.530109	13.6045	0.298125	0.527539	0.346169	0.0554157
20231	-0.0948793	-0.0823806	3.82986	1.81771	0.474616	0.642637	2.70652	4.2863	2.05326	0.479028	14.2996	0.271965	0.476946	0.334477	0.0554046
20232	-0.142694	-0.102237	3.81153	1.98518	0.520836	0.754158	2.72926	3.89738	1.97856	0.507665	9.96757	0.402172	0.514177	0.335954	0.0557735
20233	-0.110899	-0.0651107	3.86174	1.93544	0.501183	0.859655	2.82211	3.86396	1.98852	0.514631	8.84956	0.470987	0.507909	0.346988	0.0561424
20234	-0.0944586	-0.0387029	3.99237	1.85116	0.463674	0.804399	2.78774	4.12841	2.14082	0.518558	9.88777	0.403973	0.491576	0.333579	0.0563991
20235	-0.0333601	-0.0553033	3.95427	1.9844	0.501838	0.850082	2.80945	4.07358	2.08504	0.511845	10.5152	0.390235	0.506916	0.335294	0.0567058
20236	0.0163695	-0.0656243	4.23116	2.01883	0.477135	0.920965	2.8187	3.9708	1.95913	0.493384	10.1667	0.409146	0.485002	0.343444	0.0570285
20237	-0.142607	-0.129709	4.28622	1.98794	0.463797	0.68091	2.75687	3.98284	2.15265	0.540481	12.2863	0.339089	0.500732	0.334814	0.0572305
20238	-0.0662668	-0.0982422	3.7985	1.93004	0.508105	0.707686	2.6924	4.3592	2.1861	0.501491	13.001	0.299501	0.504571	0.321221	0.0573447
20239	0.0829502	0.0472724	4.01815	2.08511	0.518924	0.721331	2.69962	4.09095	2.21744	0.542035	17.2624	0.203765	0.530583	0.290262	0.0574348
20240	0.106803	0.135739	4.3639	2.00131	0.458606	0.733835	2.7613	3.97048	2.22536	0.560476	17.5334	0.196584	0.507137	0.289745	0.0578003
20241	0.136683	0.171027	3.94586	2.02947	0.514329	0.853267	2.84334	4.19882	2.2244	0.529767	13.9073	0.256746	0.522288	0.295727	0.0583144
20242	0.19369	0.126752	4.05354	1.92878	0.475825	0.946714	2.9238	4.21848	2.25635	0.534871	13.7969	0.283523	0.505937	0.318603	0.0589805
20243	0.0186924	0.0675914	3.82096	2.04019	0.533946	0.934125	2.96354	4.38394	2.12314	0.4843	10.0076	0.419008	0.50742	0.335039	0.0593736
20244	0.0890716	0.0795852	3.86281	1.96923	0.509791	0.901167	2.88228	4.22376	2.15985	0.511356	11.9107	0.329749	0.510609	0.322418	0.0596537
20245	0.0603851	0.048462	3.93619	2.00456	0.509264	0.846292	2.8596	4.02948	2.2041	0.546995	12.7945	0.308825	0.52835	0.319567	0.0599605
20246	-0.0399836	0.00893508	3.96054	1.98315	0.500728	0.862779	2.84015	3.87094	2.08105	0.537608	9.83558	0.40749	0.518957	0.330351	0.0598681
20247	0.0453743	0.0109737	4.03794	2.01023	0.497837	0.873937	2.88329	4.27936	2.17304	0.507797	12.0175	0.343258	0.502961	0.330339	0.0595863
20248	0.0451279	0.0338472	4.01312	1.92617	0.47997	0.987513	2.93617	3.73657	2.07971	0.556584	9.48493	0.444045	0.51691	0.344673	0.05984
20249	0.0347997	0.0434821	3.88826	1.81006	0.465518	1.02517	2.98291	4.23281	2.08642	0.492916	8.80918	0.490412	0.479798	0.356765	0.0599436
20250	-0.00811187	-0.0112111	3.94725	1.95522	0.495336	0.919514	3.01023	4.11289	2.18439	0.531107	10.6092	0.430245	0.513589	0.355506	0.0603115
20251	0.0140674	-0.00172256	3.66416	1.9554	0.533656	1.03718	3.07436	3.96579	2.18623	0.551273	9.03955	0.523384	0.542813	0.363648	0.0604452
20252	-0.0159513	-0.0439097	4.3547	2.12967	0.489052	1.02038	3.09277	3.76321	2.07837	0.552285	9.16105	0.536988	0.518365	0.369011	0.0605199
20253	-0.0301836	-0.0370039	3.901	2.14128	0.548907	1.05499	3.05327	4.27199	2.07295	0.485242	8.10944	0.588806	0.515629	0.361757	0.0604172
20254	0.0381043	0.00934937	3.8598	1.76038	0.456082	1.0993	3.12234	4.14319	2.13457	0.515201	8.60519	0.563072	0.486688	0.383596	0.0605537
20255	-0.0266935	-0.0637969	3.8891	1.81291	0.466153	1.21531	3.19404	4.1939	2.21211	0.52746	6.88037	0.771291	0.497962	0.397427	0.0611594
20256	-0.0390233	-0.0326784	3.91293	1.92363	0.491608	1.11812	3.13576	4.35787	2.22953	0.511609	7.49744	0.669495	0.502147	0.376792	0.0618634
20257	0.0558202	0.0228111	3.95386	2.05702	0.520256	1.07859	3.04616	4.28913	2.29782	0.535732	8.73815	0.523031	0.528309	0.344264	0.0621446
20258	0.0689243	0.0204673	3.92645	1.91272	0.487136	1.04725	3.08342	4.07373	2.04214	0.501295	9.80194	0.478564	0.494346	0.37239	0.0624528
20259	0.0052484	-0.0266581	3.89163	1.9106	0.490951	0.98412	3.07001	3.72037	2.00257	0.538272	10.0077	0.479095	0.514079	0.380013	0.0625415
20260	-0.0678071	-0.0591397	3.74119	1.97128	0.526911	1.09363	3.02723	4.22078	2.11314	0.500651	7.06164	0.674466	0.51299	0.368424	0.0631035
20261	-0.0649213	-0.074488	3.6208	1.86261	0.51442	1.08277	3.06536	3.95873	2.07584	0.52437	7.48462	0.658595	0.519617	0.385035	0.063256
20262	-0.0941898	-0.0632723	3.63476	1.79407	0.493588	1.20181	3.13408	4.36118	2.21235	0.507283	6.08652	0.839811	0.501057	0.389587	0.0636732
20263	-0.0750374	-0.0834318	3.84574	1.85132	0.481396	1.22976	3.20731	4.5167	2.26848	0.502244	6.36071	0.851242	0.492656	0.396667	0.0638338
20264	-0.0221241	-0.0185994	3.74957	1.85368	0.49437	1.22179	3.24032	4.30911	2.21997	0.51518	6.8638	0.773663	0.505498	0.394713	0.0637908
20265	-0.0578203	-0.0336427	3.87833	1.85444	0.478156	1.2541	3.26548	4.15364	2.23462	0.53799	6.32383	0.860572	0.509098	0.399681	0.0638455
20266	-0.0855463	-0.0828768	4.15969	1.99641	0.479942	1.28313	3.2443	4.46503	2.38421	0.533974	5.90953	0.936632	0.507914	0.387286	0.0641456
20267	-0.0601821	-0.093295	4.1209	2.11481	0.513191	1.25966	3.24055	4.34424	2.26298	0.520916	6.3804	0.870992	0.517155	0.38839	0.0645811
20268	0.0664524	-0.031011	4.14633	2.03719	0.491324	1.23578	3.27239	3.94456	2.08024	0.52737	7.98092	0.683661	0.508898	0.398644	0.0645128
20269	-0.0544472	-0.0652333	4.11031	2.02091	0.491669	1.27584	3.2661	4.11601	1.93755	0.470735	6.27117	0.884827	0.481195	0.412194	0.0649497
20270	-0.0356248	-0.0750221	4.06446	2.07901	0.51151	1.26226	3.32241	4.06864	2.05974	0.506247	6.85217	0.842254	0.508877	0.410924	0.065359
20271	-0.145259	-0.114448	3.99865	1.98173	0.4956	1.28379	3.34317	3.92817	1.96706	0.500758	5.85408	1.02109	0.498156	0.430933	0.0657363
20272	-0.12046	-0.218889	3.92212	2.00563	0.511365	1.40736	3.37962	3.8155	1.87001	0.490109	5.54751	1.16712	0.500883	0.455253	0.0657368
20273	-0.345862	-0.272872	4.22683	2.02166	0.478291	1.44808	3.42935	4.25374	2.0302	0.477274	4.25898	1.60912	0.477781	0.458321	0.0658688
20274	-0.136698	-0.171829	3.9628	1.95721	0.493896	1.40872	3.40699	4.23857	2.05525	0.484893	5.36277	1.19416	0.489243	0.443953	0.0662389
20275	-0.241969	-0.221319	3.94717	2.10102	0.532286	1.53231	3.4409	4.17533	2.28136	0.54639	4.26036	1.57403	0.539536	0.433583	0.0665089
20276	-0.334651	-0.28781	4.12534	2.15227	0.52172	1.52486	3.51231	4.3343	2.15045	0.496148	4.17635	1.72889	0.508618	0.456367	0.0668544
20277	-0.354329	-0.297507	3.95786	2.0627	0.521165	1.44854	3.44605	4.44681	2.10594	0.473584	4.31164	1.62516	0.49599	0.45678	0.0672486
20278	-0.280769	-0.281102	4.16689	2.03672	0.488786	1.40491	3.38548	4.09943	2.10386	0.513208	4.73119	1.42076	0.500898	0.448159	0.0676566
20279	-0.316252	-0.300848	4.20773	2.17293	0.516413	1.25693	3.37396	4.20824	2.08784	0.496132	5.45646	1.23745	0.506272	0.442199	0.0676687
20280	-0.361015	-0.336057	3.88274	1.95001	0.502226	1.4082	3.41422	4.35774	2.1235	0.487294	4.49331	1.56506	0.494329	0.463405	0.0677603
20281	-0.342325	-0.384912	4.30391	2.06766	0.480415	1.40605	3.43887	4.10766	2.06212	0.50202	4.78317	1.52841	0.490965	0.469652	0.067956
20282	-0.424242	-0.34415	4.21217	2.0447	0.485426	1.38289	3.39285	3.84366	1.955	0.50863	4.27629	1.63286	0.496497	0.46619	0.0684967
20283	-0.330257	-0.318489	3.89987	2.03116	0.520827	1.54431	3.48059	4.044	1.93483	0.478444	4.10728	1.757	0.499251	0.476509	0.0688606
20284	-0.245569	-0.253954	4.00997	1.99984	0.498718	1.50596	3.49427	4.22665	2.07346	0.490568	4.5795	1.53392	0.494536	0.463146	0.0691586
20285	-0.249289	-0.229935	4.11922	1.94626	0.472482	1.50808	3.48439	4.23454	2.16713	0.511774	4.46718	1.54417	0.492399	0.4562	0.0691282
20286	-0.349055	-0.268286	4.07393	2.03778	0.500199	1.52114	3.48418	4.24997	2.15352	0.506714	4.02588	1.74881	0.503526	0.456615	0.0694717
20287	-0.183444	-0.227052	4.01465	2.07718	0.5174	1.39093	3.42324	4.04772	2.1002	0.51886	5.37577	1.23932	0.518133	0.443773	0.069314
20288	-0.375836	-0.301316	4.07972	2.1531	0.527756	1.33883	3.42342	3.58651	1.86938	0.521225	4.71879	1.47005	0.524701	0.463143	0.0697643
20289	-0.296251	-0.255228	4.10792	2.1262	0.517585	1.43522	3.42623	3.79853	2.00703	0.528371	4.52074	1.499	0.522767	0.450603	0.0701853
20290	-0.216505	-0.279066	4.1638	2.02579	0.486525	1.4189	3.44827	3.95652	2.03668	0.514765	5.19455	1.33727	0.500284	0.46103	0.0698608
20291	-0.273102	-0.320095	4.16559	2.07836	0.498937	1.40244	3.43155	3.84058	2.04304	0.531961	5.0134	1.40373	0.514778	0.460682	0.0698493
20292	-0.338215	-0.352844	3.89281	2.02296	0.519666	1.41364	3.42766	4.12544	2.03492	0.493261	4.65699	1.53449	0.50608	0.468358	0.0701116
20293	-0.332034	-0.350218	4.00257	1.95587	0.488652	1.49589	3.49504	3.92457	2.06792	0.526916	4.42525	1.67065	0.507596	0.478929	0.0704566
20294	-0.286766	-0.315554	3.96511	1.99923	0.504206	1.4565	3.44437	3.80252	2.05857	0.541369	4.6519	1.51949	0.522398	0.465645	0.0706302
20295	-0.36083	-0.341878	3.81071	1.97891	0.519303	1.39421	3.42305	4.11137	2.15849	0.525006	4.6019	1.54009	0.522263	0.461474	0.0709158
20296	-0.340122	-0.363348	4.02595	2.06967	0.514084	1.31754	3.35509	3.88709	2.06589	0.531474	5.03187	1.37392	0.522626	0.455417	0.0711677
20297	-0.296135	-0.303127	4.01438	2.01994	0.503176	1.30899	3.36851	3.97357	2.18056	0.548767	5.23241	1.28821	0.525855	0.445289	0.0715415
20298	-0.382893	-0.329588	3.92081	2.03707	0.519552	1.52152	3.41497	3.91413	2.10148	0.536894	3.86614	1.8134	0.528216	0.458712	0.0716277
20299	-0.172716	-0.252827	3.79428	1.83869	0.484594	1.38284	3.37785	4.07432	2.15512	0.528952	5.44761	1.20987	0.507563	0.452222	0.0718943
20300	-0.324921	-0.263674	3.87259	2.03963	0.526685	1.41677	3.38508	4.15817	1.97275	0.474428	4.3888	1.51674	0.499627	0.453532	0.0722912
20301	-0.255879	-0.237166	3.96284	2.07704	0.524131	1.27795	3.28604	4.0245	2.02545	0.503281	5.27619	1.17632	0.513625	0.430785	0.0722953
20302	-0.248287	-0.225981	3.85133	1.95615	0.507916	1.22952	3.25019	3.89818	1.95272	0.50093	5.5331	1.09195	0.504402	0.436058	0.0727807
20303	-0.19117	-0.240968	3.71747	1.95992	0.527218	1.33045	3.291	4.26114	2.0105	0.471824	5.38792	1.15766	0.497634	0.44005	0.0730374
20304	-0.211961	-0.181978	3.8761	2.03	0.523721	1.3269	3.27219	3.51584	1.85197	0.526752	5.03831	1.18405	0.525162	0.434632	0.0730823
20305	-0.174571	-0.187039	4.29406	2.18885	0.509739	1.21653	3.24446	4.30331	1.91614	0.44527	6.08485	0.96758	0.47747	0.417753	0.0729449
20306	-0.11311	-0.104141	4.28453	2.21413	0.516774	1.20695	3.19729	3.91362	1.82734	0.466918	6.25487	0.871277	0.492974	0.40283	0.0730553
20307	0.122968	0.0385966	4.15106	1.98198	0.477464	1.27357	3.25241	3.84848	1.9248	0.500145	7.8018	0.661939	0.488376	0.398052	0.0735147
20308	0.0437215	0.0635087	3.75538	1.96386	0.522947	1.27663	3.22163	4.0719	1.99236	0.489294	6.56144	0.760028	0.50544	0.386719	0.0733792
20309	-0.0133644	0.000694263	4.05689	2.01322	0.496246	1.14292	3.15825	3.9233	2.0376	0.519357	7.45722	0.668491	0.507608	0.381045	0.073267
20310	-0.049974	-0.0469876	4.18507	2.01557	0.48161	1.13453	3.17986	3.81362	1.89962	0.498115	7.42138	0.701524	0.489479	0.399477	0.0734097
20311	-0.0982177	-0.114275	4.19004	2.09783	0.500672	1.21729	3.15058	3.9644	1.94411	0.490392	6.15945	0.865276	0.495674	0.397452	0.0740099
20312	-0.162911	-0.155172	3.72517	1.91458	0.513957	1.22909	3.1768	3.84948	2.09801	0.545011	5.72959	0.96883	0.529739	0.408999	0.0741313
20313	-0.174615	-0.209117	4.06362	1.98992	0.48969	1.16108	3.19338	4.10507	2.18149	0.531414	6.48906	0.892037	0.510658	0.409742	0.0743686
20314	-0.242771	-0.257847	4.09485	1.98727	0.48531	1.16394	3.16773	4.15975	2.09009	0.502454	5.93007	0.989415	0.49395	0.418557	0.0743394
20315	-0.325717	-0.277879	4.01093	2.09641	0.522673	1.10981	3.15447	4.10808	1.95602	0.47614	5.71694	1.03036	0.499128	0.421013	0.0746425
20316	-0.238827	-0.296898	4.0959	1.96142	0.478874	1.07631	3.08495	4.1939	1.89522	0.451901	6.61256	0.864788	0.465228	0.425864	0.0748786
20317	-0.342498	-0.349336	3.86682	1.85255	0.47909	1.13176	3.13708	3.89601	1.91325	0.49108	5.59257	1.08672	0.485108	0.446701	0.0750007
20318	-0.3924	-0.330991	4.0399	1.87821	0.464914	1.2025	3.13771	4.12591	2.14851	0.520736	4.73006	1.27185	0.493119	0.427713	0.0752766
20319	-0.333329	-0.379934	3.93321	1.88363	0.478905	1.18155	3.18443	3.93079	2.13718	0.543702	5.53613	1.14744	0.511294	0.441444	0.0750682
20320	-0.401042	-0.349478	4.20676	2.01593	0.479212	1.23835	3.20886	4.16706	2.01436	0.483401	4.71116	1.34381	0.481296	0.440029	0.0754373
20321	-0.283579	-0.298429	4.03195	2.06092	0.511147	1.14709	3.14772	3.84662	1.92234	0.499749	5.80213	1.02341	0.505582	0.427176	0.0756494
20322	-0.313816	-0.323185	3.98133	2.02801	0.509381	1.22399	3.2042	4.05236	1.89213	0.46692	5.26141	1.18243	0.487963	0.442553	0.0758637
20323	-0.406701	-0.387271	4.05366	1.99685	0.492605	1.1815	3.14112	3.85703	1.83617	0.476058	4.93561	1.2612	0.484537	0.448245	0.0760335
20324	-0.349169	-0.354631	4.27746	2.25528	0.527247	1.12876	3.12029	4.05729	1.8985	0.467923	5.52819	1.09213	0.498369	0.421	0.0761668
20325	-0.381679	-0.421125	4.19294	2.28396	0.544716	1.14606	3.12489	3.83519	2.01695	0.525904	5.38746	1.16699	0.535729	0.422389	0.0766216
20326	-0.468425	-0.438757	4.16809	2.17323	0.521397	0.953116	3.02103	3.91899	2.02092	0.515674	5.92354	1.01039	0.518623	0.416522	0.0767564
20327	-0.381144	-0.340918	4.21818	2.11633	0.501717	1.05413	3.05887	3.79179	2.02745	0.534694	5.61095	1.03	0.517328	0.410965	0.0772769
20328	-0.298154	-0.251536	3.85589	2.17108	0.563056	0.975155	2.94911	3.97142	2.02897	0.510892	6.31842	0.810658	0.536589	0.378909	0.0775597
20329	-0.21466	-0.18729	4.17391	2.14939	0.514959	0.986468	2.90472	4.24399	2.01943	0.475831	6.62678	0.721354	0.495232	0.364523	0.0776337
20330	-0.23189	-0.214959	4.15254	2.16266	0.520804	0.906761	2.92373	4.10516	2.00548	0.488527	7.59827	0.648263	0.504758	0.371531	0.0778089
20331	-0.132523	-0.218594	3.90059	2.08959	0.535712	1.02566	3.00339	3.95527	1.92561	0.486847	7.73916	0.670694	0.511109	0.392722	0.0781405
20332	-0.195142	-0.170647	4.07802	2.157	0.528934	0.944146	2.89702	4.06678	2.05208	0.504596	7.25018	0.648989	0.516782	0.358655	0.0779559
20333	-0.180433	-0.191791	4.11029	2.08389	0.506995	0.895496	2.88484	3.9478	2.17155	0.550066	8.17683	0.578811	0.528096	0.35748	0.0780764
20334	-0.134975	-0.163394	4.04698	1.97353	0.487655	0.956125	2.94193	4.16254	2.09575	0.50348	8.09999	0.59525	0.495679	0.372145	0.0785187
20335	-0.158348	-0.11389	4.13735	2.1744	0.525553	1.05682	2.9583	4.35181	2.15772	0.495823	6.39183	0.738314	0.510312	0.352728	0.0787987
20336	-0.192124	-0.127716	4.08123	2.17376	0.532623	0.95131	2.99836	4.2126	2.09368	0.497005	7.47439	0.65372	0.514532	0.364183	0.0791946
20337	-0.0953928	-0.0792073	4.02287	1.97294	0.49043	1.01905	2.95186	3.59872	1.88898	0.524904	7.39728	0.620995	0.506708	0.373056	0.0791857
20338	0.0497221	-0.052001	4.19945	2.06043	0.490643	0.9205	2.90664	3.72716	1.88004	0.504416	11.5443	0.379127	0.497119	0.357178	0.0797382
20339	0.097149	0.0244066	4.15215	2.14969	0.517728	0.845395	2.85526	4.03036	1.89661	0.470581	14.3134	0.279936	0.494505	0.331271	0.0798864
20340	0.0353819	0.0222658	4.07986	2.07551	0.50872	0.948702	2.91211	3.91967	1.89669	0.48389	10.0116	0.417077	0.496554	0.344635	0.0804834
20341	-0.00661825	0.00498216	4.19712	2.2358	0.532699	0.96346	2.91845	4.0274	1.90573	0.473191	9.01999	0.470526	0.503559	0.338906	0.0805866
20342	0.0346393	0.0161201	4.0712	2.17543	0.534346	0.906207	2.94211	3.89889	1.97888	0.507548	11.2705	0.379815	0.521237	0.34014	0.0808988
20343	0.0253454	0.0669346	3.88156	1.96545	0.506355	0.99435	2.95833	4.00163	2.00242	0.500401	8.90353	0.469485	0.503333	0.345123	0.0810028
20344	0.0510962	0.0984894	3.72943	2.00401	0.537351	0.915737	2.89857	4.15117	1.85029	0.445727	10.4874	0.373802	0.489087	0.337225	0.0814565
20345	0.0942305	0.0348182	4.48654	2.14927	0.479049	0.863	2.91736	3.65563	1.91027	0.522557	14.0592	0.295503	0.498583	0.338605	0.0814199
20346	-0.0783226	-0.0450489	4.0334	2.0286	0.50295	0.839602	2.89864	3.82265	2.00279	0.523925	10.2841	0.421293	0.513156	0.34965	0.0813833
20347	-0.0968994	-0.0710242	4.23519	1.9493	0.460264	0.944069	2.94851	3.76759	1.88505	0.500333	8.41406	0.541808	0.479128	0.372949	0.0817333
20348	-0.147229	-0.122862	3.89863	1.98396	0.508886	0.951214	2.98152	3.78177	1.79843	0.475552	7.98724	0.603288	0.492473	0.389238	0.0821893
20349	-0.0447293	-0.0281654	4.13173	2.12985	0.515487	1.01999	2.985	3.70326	1.88913	0.510126	8.00897	0.566812	0.512953	0.361043	0.0825001
20350	0.0158534	0.0592898	4.25495	2.17191	0.510442	0.963506	2.93486	4.02205	1.89656	0.47154	9.20767	0.449023	0.491539	0.33703	0.0826649
20351	0.033776	0.00971711	4.39788	2.01129	0.457331	0.839061	2.83556	4.02651	1.92439	0.477931	12.3139	0.324242	0.467177	0.336649	0.082804
20352	0.0290484	0.00747422	4.10817	2.01096	0.489502	0.796394	2.79661	4.047	2.02218	0.499673	13.2117	0.294409	0.49455	0.325442	0.0829508
20353	0.0728027	0.0590025	3.68682	2.02143	0.548286	0.649426	2.69601	4.22212	2.00133	0.474011	20.914	0.166247	0.508635	0.301856	0.0833244
20354	0.105736	0.10552	3.99852	2.12615	0.531734	0.654011	2.75434	3.75935	1.95015	0.518745	23.3404	0.150303	0.52544	0.300956	0.0840172
20355	0.161436	0.0846458	3.96113	2.05575	0.518981	0.823672	2.82629	4.16232	1.89624	0.455574	17.1394	0.219278	0.486492	0.32237	0.08437
20356	0.0650623	0.0939792	4.06057	2.15899	0.531697	0.787747	2.82468	4.03288	2.04268	0.506507	14.2774	0.261137	0.519145	0.30743	0.084794
20357	0.117559	0.0893256	3.99797	2.07355	0.518652	0.780101	2.78328	4.01904	1.88206	0.468285	16.5331	0.219481	0.493402	0.314556	0.0846346
20358	-0.01645	0.0416879	3.87084	1.92982	0.498552	0.760128	2.77968	4.11671	1.92021	0.466442	12.4306	0.301537	0.482003	0.327519	0.0847096
20359	0.150436	0.108348	3.77987	1.95221	0.516476	0.776468	2.7661	3.86606	1.95754	0.506338	18.0234	0.195958	0.51135	0.311246	0.0848095
20360	0.0922712	0.0956651	3.91105	1.72048	0.439902	0.69097	2.76241	3.83424	1.90583	0.497055	19.8401	0.17922	0.468195	0.329092	0.0850449
20361	0.105199	0.0983804	3.82507	1.88857	0.493734	0.746957	2.78847	4.05396	1.96833	0.485533	17.5707	0.205926	0.489514	0.319404	0.0855328
20362	0.0656543	0.0806593	3.70005	1.9412	0.524641	0.908681	2.84672	3.71117	1.95886	0.527829	10.7656	0.355347	0.526237	0.32917	0.0856306
20363	-0.0840826	-0.0346846	3.72045	2.02728	0.544901	0.915931	2.90364	3.73057	1.97301	0.528877	8.63353	0.500013	0.536878	0.350582	0.0857672
20364	0.0125216	-0.0355483	4.20975	2.05383	0.487875	0.845589	2.87185	3.97911	1.93066	0.485199	12.18	0.347001	0.486575	0.346675	0.0860207
20365	-0.0318373	-0.0496013	3.98837	2.04073	0.511672	0.811502	2.83781	4.06001	1.94637	0.479399	11.7223	0.35561	0.495392	0.343409	0.0859837
20366	-0.0691866	-0.022724	4.02823	2.02104	0.50172	0.816712	2.7809	3.90496	1.91085	0.489339	10.0155	0.392408	0.495626	0.333346	0.0864104
20367	0.00144128	-0.029527	4.02113	1.88659	0.469169	0.75667	2.79061	4.10512	1.96146	0.477807	13.9438	0.285185	0.473532	0.340787	0.086692
20368	0.0239621	0.0250774	3.98815	1.98211	0.497	0.827662	2.79437	3.87791	1.97518	0.509341	11.8727	0.322967	0.503084	0.326475	0.0866156
20369	-0.0915939	-0.01738	4.00556	2.05205	0.5123	0.881773	2.87175	3.98632	2.02194	0.50722	8.81013	0.473721	0.509766	0.338832	0.0870284
20370	-0.0393382	-0.0299851	4.28613	2.12194	0.495072	0.753609	2.76097	4.02106	1.92334	0.478316	12.3884	0.314383	0.486961	0.325068	0.0871037
20371	0.020844	-0.021573	4.27919	2.23525	0.522354	0.889437	2.7766	4.06081	1.97379	0.486059	10.3781	0.377226	0.504682	0.317541	0.0869527
20372	-0.0149802	-0.0148935	3.89788	2.04581	0.524853	0.775047	2.80211	3.94427	1.9214	0.487137	12.7143	0.312071	0.505883	0.333476	0.0873177
20373	-0.038277	-0.0475731	4.16274	1.96329	0.471634	0.823761	2.83983	4.02391	1.83213	0.45531	11.2192	0.371555	0.46361	0.354601	0.0875485
20374	-0.0198568	-0.0706576	3.88657	2.03106	0.522582	0.88038	2.81147	4.04121	1.93995	0.480043	10.2498	0.405213	0.500898	0.343496	0.0879176
20375	-0.0743074	-0.0630832	4.15287	2.00301	0.48232	0.678196	2.74935	3.98452	1.91811	0.48139	13.9684	0.283131	0.481865	0.335354	0.0880099
20376	-0.0139238	-0.0211141	4.19572	2.112	0.503371	0.868232	2.81086	3.70699	1.89705	0.51175	10.306	0.3891	0.507301	0.333499	0.0885597
20377	0.0281755	0.0466814	4.28139	2.10896	0.492589	0.849075	2.8832	4.07993	1.85677	0.455098	11.9397	0.336938	0.474295	0.336635	0.0889042
20378	0.0557478	0.0327265	4.02091	1.89828	0.472103	0.815749	2.86289	3.99577	1.83219	0.458532	13.8674	0.288801	0.465338	0.349405	0.0890624
20379	0.141432	0.0639117	3.90747	1.92353	0.49227	0.710373	2.71054	3.87744	1.8971	0.489267	21.6397	0.161847	0.490774	0.314398	0.0891338
20380	0.0723982	0.0500418	3.93437	1.8568	0.471944	0.797921	2.74457	4.03402	2.01288	0.498977	13.7932	0.263192	0.485629	0.319403	0.0892279
20381	0.00231009	0.00851785	3.94465	1.85827	0.471087	0.700604	2.71019	4.05722	1.98904	0.490247	14.9688	0.243807	0.480802	0.321818	0.089298
20382	-4.92002e-05	0.043931	3.9749	1.95236	0.491172	0.645065	2.65203	3.93799	1.9792	0.502591	16.3446	0.208086	0.496855	0.302043	0.0893062
20383	0.130426	0.0846635	4.06161	2.06269	0.50785	0.63483	2.63702	4.02304	1.92743	0.479098	25.605	0.127212	0.493543	0.289959	0.0895449
20384	0.0227264	0.121139	4.05555	2.04552	0.504375	0.536474	2.58537	3.94721	1.92632	0.488019	23.0072	0.131968	0.496308	0.276626	0.0897528
20385	0.128876	0.158884	4.1685	2.29487	0.550526	0.599295	2.56507	4.16282	2.06326	0.495641	26.163	0.110647	0.523102	0.249412	0.0900123
20386	0.186277	0.142067	3.94111	2.17287	0.551333	0.71134	2.61199	3.99537	2.08065	0.520764	22.1281	0.137846	0.535944	0.264022	0.0900732
20387	0.171388	0.149248	4.32583	2.22712	0.514842	0.566446	2.61003	3.93437	2.05636	0.522664	38.7995	0.0780353	0.518568	0.261228	0.0901535
20388	0.242943	0.173561	4.00383	2.02034	0.504601	0.597263	2.5901	4.00426	2.05729	0.513776	46.5154	0.0627715	0.509189	0.263737	0.0905824
20389	0.141307	0.172417	4.34879	2.16121	0.496967	0.66162	2.63699	4.26336	2.16075	0.506819	22.4364	0.135362	0.501844	0.260096	0.0908763
20390	0.167386	0.16641	4.08204	2.24798	0.550701	0.643207	2.6248	4.18251	2.15287	0.514731	26.6941	0.113203	0.532497	0.255674	0.0912361
20391	0.221289	0.20392	3.96032	2.06076	0.520353	0.686586	2.6761	3.91091	2.04781	0.523613	28.2292	0.108251	0.521973	0.271175	0.0913679
20392	0.159816	0.178262	3.95203	1.97561	0.499898	0.669999	2.7096	4.03193	1.94333	0.481984	24.6178	0.130143	0.490851	0.290261	0.0914773
20393	0.0852793	0.109665	4.13998	1.99547	0.482001	0.76789	2.79113	3.991	1.99768	0.500547	15.4312	0.232979	0.491104	0.310529	0.0918396
20394	0.132532	0.137971	4.34791	2.0797	0.478322	0.821082	2.81343	3.72806	2.04027	0.547273	15.0983	0.23705	0.510151	0.302928	0.0922797
20395	0.231659	0.14665	4.50502	2.20029	0.488409	0.766716	2.74239	4.25375	2.12073	0.498556	23.5353	0.143143	0.493337	0.280588	0.0924669
20396	0.0861007	0.0796694	4.20883	2.22277	0.528122	0.849587	2.8393	3.92492	2.12473	0.541345	13.0647	0.291455	0.534502	0.30466	0.0924944
20397	0.129667	0.0760475	4.58143	2.27956	0.497564	0.853746	2.88188	4.06921	2.02435	0.49748	15.0159	0.262145	0.497524	0.313907	0.0927066
20398	0.0305713	0.05215	4.00058	2.06426	0.515989	1.02951	3.01466	3.94296	1.85721	0.471019	8.79517	0.498935	0.493667	0.358889	0.0926196
20399	0.0345098	0.0458869	4.19927	2.12841	0.506853	0.929224	3.01834	3.67705	1.92364	0.523148	11.0373	0.400257	0.514461	0.352916	0.0931739
20400	0.102581	0.0701809	3.95687	2.11077	0.533444	1.07764	3.08522	3.98362	2.02294	0.507816	9.56144	0.475372	0.520587	0.354861	0.0938708
20401	-0.0200287	0.0171834	4.08802	1.9032	0.465554	1.0343	3.0923	4.06204	2.00204	0.492866	8.50699	0.5558	0.479167	0.377206	0.0943135
20402	-0.0958174	-0.0975602	3.95668	2.0378	0.515028	1.06123	3.06064	4.1319	1.94148	0.469876	7.4503	0.669383	0.491963	0.385352	0.0942786
20403	-0.0402716	-0.0374955	4.10442	2.11561	0.515446	1.01997	3.00968	3.78987	1.91977	0.506553	8.26005	0.562058	0.511177	0.365293	0.0941257
20404	-0.00859929	0.0109447	4.29734	2.14865	0.499996	1.04469	2.98737	3.92322	1.98071	0.504867	7.98541	0.554707	0.502321	0.34922	0.0943758
20405	0.000617067	-0.0140785	4.38227	2.20935	0.504157	0.975992	2.9988	3.78087	1.98197	0.52421	9.54157	0.475678	0.513445	0.351371	0.0948768
20406	0.160892	0.104544	3.95086	2.03084	0.514024	1.08366	3.03692	4.17845	2.22585	0.532696	10.0984	0.425753	0.523622	0.335669	0.0949714
20407	0.0634987	0.0953882	4.17895	2.09871	0.50221	1.0516	3.01621	4.25245	1.99249	0.468551	8.73789	0.488171	0.485234	0.342786	0.0953051
20408	0.167336	0.0970938	4.0993	1.93256	0.471436	1.10763	3.11249	4.1452	1.98449	0.478744	10.284	0.442073	0.475111	0.367333	0.095428
20409	0.217469	0.107541	4.19964	2.08581	0.496664	1.14571	3.1693	4.14767	1.96027	0.47262	10.8798	0.430818	0.484717	0.366895	0.0955671
20410	0.0623531	0.046356	4.50112	2.1858	0.485613	1.15839	3.15441	3.8169	1.90386	0.498798	8.04129	0.60065	0.491663	0.371389	0.0958062
20411	0.0795347	0.0356971	4.38677	2.17597	0.49603	1.21481	3.21722	3.86019	1.88862	0.489255	7.8536	0.644424	0.492859	0.383816	0.0961432
20412	-0.0700359	-0.0114204	4.10724	2.08347	0.507268	1.10888	3.14576	3.47269	1.95045	0.561656	7.17184	0.694927	0.532185	0.381976	0.0966216
20413	0.0671808	0.0895498	3.92865	2.15467	0.548449	1.18842	3.12595	4.1713	2.07691	0.497905	7.33369	0.628588	0.52242	0.352739	0.0968091
20414	0.158189	0.0753267	3.96729	2.15765	0.543861	1.14593	3.09558	4.07352	2.00648	0.492565	9.34984	0.487813	0.517874	0.353974	0.0971707
20415	0.0630338	0.0709632	4.11929	1.96149	0.476171	1.17681	3.11399	4.23882	2.18231	0.514838	7.46479	0.620246	0.495781	0.358541	0.0977097
20416	0.0690041	0.0599521	4.15558	2.07411	0.499113	1.15389	3.16811	4.02052	1.98947	0.494828	8.20806	0.588485	0.497006	0.3729	0.0978718
20417	0.0166315	0.0217338	4.04437	2.02001	0.49946	1.16733	3.12028	3.75158	1.91545	0.510572	7.25095	0.662053	0.504807	0.378963	0.0978616
20418	0.0862875	0.0780449	3.8298	1.8849	0.492165	1.01589	3.03108	3.90374	1.9644	0.503211	10.0913	0.432076	0.497741	0.361693	0.0980374
20419	0.0649187	0.135263	3.86429	1.92288	0.497603	0.97735	2.99842	4.12215	2.01475	0.488763	9.84669	0.416265	0.49304	0.342421	0.0979186
20420	0.166221	0.172144	3.67025	1.92425	0.524282	1.12357	3.08233	3.94072	2.07679	0.527009	9.24063	0.458257	0.525694	0.34617	0.0982569
20421	0.224767	0.229853	3.82526	1.83946	0.480871	1.02846	3.00598	3.64328	1.95756	0.537307	11.9317	0.322958	0.508402	0.336731	0.0985033
20422	0.168357	0.199372	4.37228	2.07146	0.47377	1.02795	3.02709	3.84111	1.9695	0.512742	10.8215	0.369448	0.491996	0.331073	0.0988389
20423	0.16879	0.204035	4.32634	2.07777	0.48026	1.02456	3.05543	3.90762	1.89325	0.484501	11.1019	0.366175	0.482273	0.338676	0.0992048
20424	0.259925	0.230027	4.00108	1.96645	0.491479	1.15976	3.11918	3.77216	1.91355	0.507281	10.309	0.404851	0.499147	0.34985	0.0998809
20425	0.309512	0.279186	4.20969	2.12698	0.505259	1.07628	3.05389	4.00644	2.06348	0.51504	13.0951	0.293965	0.510029	0.314856	0.100102
20426	0.345801	0.34617	3.79839	2.04496	0.538376	1.13714	3.08011	4.3389	2.03388	0.468756	11.9357	0.313112	0.501254	0.314294	0.099812
20427	0.393651	0.397111	4.22181	2.0079	0.475602	1.16082	3.13933	4.02792	2.0697	0.51384	12.7768	0.294275	0.494271	0.315665	0.10002
20428	0.490534	0.415322	3.93613	1.8574	0.471885	1.08863	3.03617	3.9295	2.0391	0.518921	19.202	0.178857	0.495383	0.306001	0.100269
20429	0.41034	0.406117	3.96274	1.83662	0.463472	0.968377	3.02933	3.73061	1.75856	0.471387	22.0974	0.155703	0.46731	0.32375	0.100736
20430	0.276805	0.356125	3.87642	1.96285	0.506357	1.00802	3.03671	3.61288	1.91067	0.528849	13.4392	0.267335	0.517207	0.316936	0.100789
20431	0.407015	0.340993	4.24587	2.10208	0.495088	0.973073	3.005	3.98287	1.94167	0.487505	22.1487	0.160211	0.491418	0.305063	0.100976
20432	0.261019	0.289143	4.11174	2.07455	0.504543	0.987976	2.96913	4.04502	1.96787	0.486492	13.5909	0.264233	0.495591	0.307675	0.101519
20433	0.250029	0.312822	3.84194	1.95653	0.509255	0.925036	2.9314	4.16668	1.98373	0.476092	15.0492	0.227818	0.492001	0.30327	0.101466
20434	0.266462	0.325919	3.87564	2.06972	0.534033	0.940415	2.91186	3.71919	1.94925	0.524105	14.7224	0.227106	0.529171	0.293875	0.101714
20435	0.349763	0.375397	4.31983	2.08425	0.482483	0.897462	2.91906	3.94568	1.93646	0.490779	21.5692	0.149987	0.486443	0.286992	0.101761
20436	0.419388	0.454397	3.90392	2.0006	0.51246	0.858532	2.90699	4.16536	2.04862	0.491823	31.1917	0.0964238	0.501807	0.270908	0.101963
20437	0.504874	0.39191	3.74332	1.88635	0.503923	0.951724	2.87473	3.78962	1.90026	0.501439	30.8722	0.0998373	0.502673	0.289364	0.101941
20438	0.330971	0.353621	3.94109	1.85453	0.470562	0.713044	2.81827	3.71628	1.85979	0.500444	41.6117	0.0729901	0.485064	0.290307	0.102152
20439	0.224833	0.317173	3.92862	2.03296	0.517474	0.796051	2.77512	3.75012	2.01863	0.538284	18.5157	0.163145	0.527637	0.271653	0.102898
20440	0.224682	0.24948	4.2929	2.06638	0.481349	0.683094	2.74525	3.69585	1.84522	0.499268	29.6413	0.105071	0.489639	0.284847	0.103048
20441	0.336135	0.30354	4.07997	1.99477	0.488917	0.742623	2.74843	3.93409	1.80701	0.459321	36.1762	0.0826163	0.474389	0.282263	0.103675
20442	0.382503	0.333307	4.01293	2.10703	0.52506	0.838085	2.80793	3.9684	2.01826	0.508583	29.5043	0.103777	0.516868	0.270763	0.103561
20443	0.357011	0.357065	4.14699	2.03112	0.489782	0.764074	2.78117	4.06987	2.05168	0.504114	35.4633	0.0828504	0.496881	0.264706	0.103872
20444	0.341302	0.427179	3.88633	1.95527	0.503114	0.704611	2.75517	4.09438	2.09649	0.51204	41.0593	0.0659966	0.507693	0.250691	0.104312
20445	0.379291	0.375424	3.86641	2.02424	0.523546	0.690555	2.76308	4.07699	2.01115	0.493294	58.8416	0.0484426	0.508019	0.261096	0.104469
20446	0.234043	0.343454	4.06501	2.08688	0.513377	0.673182	2.7303	3.66577	1.89899	0.518032	29.5423	0.0964213	0.515584	0.263354	0.104829
20447	0.414272	0.392339	4.02243	2.09683	0.521283	0.76117	2.7797	3.92796	1.97136	0.501878	47.3625	0.0601688	0.511696	0.259492	0.104662
20448	0.387468	0.366724	4.25109	2.03752	0.479293	0.727103	2.72791	4.09874	2.04063	0.497867	48.332	0.057676	0.488411	0.254812	0.104913
20449	0.258705	0.350242	4.15943	2.00863	0.482909	0.763624	2.75857	3.78407	1.91379	0.50575	22.7504	0.127472	0.49379	0.269998	0.10557
20450	0.306686	0.317945	3.98542	1.96304	0.492555	0.814164	2.75328	3.89675	2.01403	0.51685	23.0295	0.128767	0.504566	0.271669	0.10546
20451	0.233048	0.262268	3.86215	1.953	0.505676	0.89598	2.80293	4.14435	2.12503	0.512755	14.6878	0.21974	0.50934	0.283624	0.105412
20452	0.338734	0.317609	4.00699	1.86481	0.465388	0.720524	2.76992	4.08242	2.08795	0.511448	41.2575	0.0728816	0.488633	0.27565	0.105405
20453	0.316402	0.330386	4.00529	1.92645	0.480976	0.826979	2.81752	3.76829	2.02989	0.538679	23.7288	0.130345	0.508948	0.281132	0.106128
20454	0.399548	0.275436	3.92668	1.80033	0.458486	0.811514	2.80268	4.06692	1.94816	0.479027	37.6332	0.0848581	0.468937	0.298827	0.106573
20455	0.363514	0.320654	4.0125	1.96936	0.490807	0.756382	2.76542	4.28946	2.09282	0.487898	38.7239	0.0771729	0.489304	0.269017	0.106368
20456	0.357833	0.321887	3.8713	1.92142	0.496324	0.787263	2.80832	4.12618	2.23491	0.541641	33.5248	0.0922053	0.519705	0.271163	0.106535
20457	0.287389	0.335246	4.04863	2.11021	0.521216	0.840807	2.80161	4.27883	2.15856	0.504474	19.8612	0.153136	0.512614	0.262768	0.106738
20458	0.356216	0.337422	4.08394	2.1222	0.519645	0.786702	2.80017	3.98863	1.99405	0.499934	32.7281	0.0926591	0.509906	0.269299	0.106784
20459	0.341934	0.348975	4.08085	1.94407	0.476388	0.789186	2.86367	4.04867	2.00231	0.494561	31.6129	0.100017	0.485438	0.286123	0.106894
20460	0.27439	0.31242	3.73314	1.97837	0.529949	0.848618	2.88145	3.81982	1.95178	0.51096	20.0156	0.164869	0.520345	0.295792	0.107385
20461	0.304847	0.314032	3.97962	2.03752	0.511988	1.03379	2.94668	3.96613	1.90606	0.480583	13.0438	0.265676	0.496312	0.305361	0.107794
20462	0.300465	0.348833	3.74304	2.10129	0.561385	1.02507	3.04671	4.21579	1.86632	0.442698	13.8625	0.262528	0.498517	0.31453	0.108157
20463	0.515866	0.451892	3.88669	1.99749	0.513931	1.00573	3.02857	4.00672	1.9287	0.481366	27.6677	0.119982	0.497401	0.297242	0.108492
20464	0.477261	0.428342	4.06645	2.12804	0.523317	1.02181	3.03048	3.96233	1.87245	0.472562	22.8343	0.148267	0.498269	0.297435	0.108416
20465	0.507212	0.43742	3.8926	1.96718	0.505364	1.15453	3.08555	3.93087	1.93795	0.493008	16.7357	0.209511	0.499156	0.309945	0.10847
20466	0.479448	0.432827	3.92378	2.00715	0.511535	1.11923	3.07129	3.99096	1.88796	0.473059	17.0075	0.204659	0.492134	0.30893	0.108826
20467	0.49248	0.461653	3.87847	1.97779	0.509942	0.981959	3.03784	4.32926	2.09762	0.484521	27.7004	0.119795	0.496534	0.289432	0.109082
20468	0.419416	0.406819	4.05783	2.05028	0.505266	1.19507	3.10945	4.33852	2.00185	0.461414	12.1406	0.300819	0.482607	0.310756	0.108867
20469	0.429513	0.410131	4.03074	1.96827	0.488315	1.02602	3.05917	4.21235	2.08104	0.494034	19.7217	0.177911	0.491238	0.30239	0.108626
20470	0.433306	0.384002	3.80368	1.82039	0.478587	0.98538	2.98819	4.06887	1.99195	0.489559	22.2511	0.152393	0.484257	0.307935	0.108997
20471	0.390809	0.409741	4.1422	2.00954	0.485138	0.95588	2.96016	3.95738	1.87161	0.472941	20.3712	0.159652	0.479178	0.295377	0.109082
20472	0.415383	0.36853	4.03506	1.98581	0.49214	0.910539	2.91108	3.69781	1.91918	0.519006	26.3667	0.12259	0.504987	0.292822	0.109348
20473	0.295021	0.222453	4.10902	1.99389	0.485247	0.757801	2.78038	3.93552	2.12223	0.539251	30.5511	0.107083	0.511667	0.284487	0.109534
20474	0.227166	0.234641	4.07131	2.06282	0.506672	0.713677	2.7763	4.02503	2.00683	0.498587	27.2931	0.118346	0.502653	0.284202	0.109852
20475	0.371733	0.330776	4.04623	2.13314	0.527193	0.694622	2.74214	3.84934	1.93096	0.501634	55.7723	0.0521288	0.514732	0.263549	0.109953
20476	0.336824	0.368165	3.87355	2.04209	0.527188	0.812604	2.74573	4.41016	2.0339	0.461185	24.9719	0.113183	0.492049	0.257547	0.110301
20477	0.365407	0.338286	4.05239	1.9855	0.489957	0.76488	2.76183	3.75636	1.96166	0.522224	36.8067	0.0797894	0.505479	0.271243	0.11073
20478	0.299283	0.334391	3.88265	1.83545	0.472731	0.782666	2.74771	4.02232	1.9635	0.48815	24.9256	0.11683	0.480577	0.277175	0.110466
20479	0.232866	0.276245	3.80983	1.90815	0.500848	0.686985	2.6624	3.95477	2.10005	0.531016	27.6094	0.103112	0.516214	0.26216	0.110344
20480	0.392292	0.317128	3.62676	1.78152	0.491214	0.780783	2.77356	4.15688	2.08777	0.502245	39.9805	0.0754628	0.497105	0.280609	0.110763
20481	0.37825	0.341022	4.06373	1.9606	0.482463	0.721892	2.73931	3.82572	1.96467	0.513544	48.7069	0.0590448	0.497535	0.268211	0.111147
20482	0.326889	0.313608	3.85738	1.89803	0.492051	0.814489	2.75957	3.95506	2.03078	0.513464	25.1636	0.118877	0.502892	0.275828	0.111211
20483	0.332749	0.303522	4.02325	2.07711	0.516276	0.813934	2.8162	4.05835	2.0227	0.498404	27.2677	0.115769	0.507301	0.278073	0.111448
20484	0.219607	0.281004	4.13473	2.08094	0.503284	0.748836	2.8118	3.96667	1.98916	0.501468	22.8679	0.140042	0.502395	0.282439	0.111645
20485	0.249526	0.267947	4.39475	2.12226	0.482908	0.797011	2.82243	3.60749	1.73169	0.480026	21.7702	0.14987	0.481609	0.297509	0.111795
20486	0.238598	0.264479	4.39071	2.33024	0.530721	1.03804	2.9794	3.84549	1.93095	0.502133	11.533	0.319553	0.517373	0.301995	0.111647
20487	0.263061	0.254571	3.96683	2.01735	0.508555	1.0231	3.02139	3.87887	1.93623	0.499174	13.2523	0.288829	0.503917	0.326289	0.111948
20488	0.173482	0.191084	3.96803	2.04792	0.516105	1.00762	3.03735	3.72632	1.9888	0.533717	11.6433	0.347893	0.524634	0.334209	0.112359
20489	0.196023	0.231313	4.04702	2.16249	0.534341	0.926178	3.01948	3.83558	1.95562	0.509863	14.5817	0.266563	0.52243	0.32073	0.112604
20490	0.268235	0.274549	4.06299	2.07736	0.511289	1.0444	3.01774	3.97528	2.16121	0.543662	12.4911	0.301218	0.527299	0.307513	0.112917
20491	0.23833	0.269623	3.84681	2.08256	0.541374	1.05585	3.02047	4.3183	2.27676	0.527235	11.3223	0.334171	0.533896	0.302738	0.113133
20492	0.327482	0.288167	3.9875	2.0634	0.517466	1.00595	3.03976	4.31259	2.15479	0.499652	16.4478	0.23016	0.50821	0.309846	0.113375
20493	0.297969	0.291271	3.93337	2.09247	0.531978	1.12998	2.99554	4.16379	2.15775	0.518217	10.5644	0.346118	0.524902	0.300883	0.113474
20494	0.203176	0.2662	4.09405	1.99534	0.487374	0.997691	3.03774	4.28645	2.13428	0.497913	12.1685	0.315627	0.492765	0.317524	0.113564
20495	0.3248	0.307708	4.21511	2.06704	0.490388	1.01176	3.02589	3.85067	2.03671	0.528924	15.6566	0.235957	0.508786	0.310504	0.113649
20496	0.302536	0.267723	4.18414	2.17514	0.519855	0.955656	2.96757	4.24245	2.11413	0.498327	17.0881	0.213283	0.509017	0.298276	0.113491
20497	0.256476	0.268888	4.33931	2.20649	0.508488	1.07781	3.01719	3.98633	2.08466	0.522952	11.1967	0.337293	0.515413	0.305682	0.113506
20498	0.228771	0.218109	4.14278	2.13218	0.514674	1.08145	3.02552	4.17322	2.1235	0.50884	10.8403	0.363531	0.511746	0.316582	0.113499
20499	0.222122	0.163921	4.24425	2.01492	0.474742	0.969155	2.92551	3.94989	2.05	0.519002	13.6659	0.279029	0.496077	0.319389	0.113833
20500	0.125113	0.130454	4.20981	2.02916	0.482007	0.961655	2.99402	4.25299	2.08565	0.490396	11.7176	0.349902	0.486223	0.332644	0.114118
