cycle	Zbar1	Gbar1	VP1	VG1	h21	Zbar2	Gbar2	VP2	VG2	h22	h2b	h2b_denom	h2w	Qst	Fst
20000	0.138203	0.0869471	3.86626	1.88436	0.487387	-1.7343	0.232808	4.0112	1.87137	0.466536	0.00606785	1.75313	0.47677	0.0014149	0.000363492
20001	0.0681933	0.0583965	3.93879	1.81577	0.460996	-1.74119	0.338389	3.83461	1.76806	0.46108	0.023946	1.63693	0.461037	0.0054417	0.000590732
20002	0.0572896	0.0491744	3.81267	1.94309	0.50964	-1.53355	0.441527	3.85404	1.84705	0.479251	0.0608274	1.26539	0.494363	0.0100569	0.000822719
20003	0.108859	0.0637633	3.68963	1.89895	0.514673	-1.46609	0.513795	3.82587	1.93613	0.506064	0.0816495	1.24023	0.51029	0.0130368	0.00105596
20004	0.0540994	0.0409675	3.99394	1.96053	0.490877	-1.34073	0.608339	3.93023	2.04327	0.519887	0.16546	0.972772	0.505266	0.0197139	0.00133512
20005	0.0213009	0.0409845	3.86378	1.97046	0.509982	-1.34102	0.71824	4.38671	1.978	0.450907	0.247142	0.927956	0.478572	0.0282355	0.00154904
20006	0.128363	0.0679191	4.13121	1.9633	0.475236	-1.25783	0.757753	3.81046	1.81201	0.475537	0.24765	0.960771	0.475381	0.0305641	0.00179449
20007	0.0356304	0.10852	3.97059	1.82777	0.460328	-1.11876	0.83428	3.99847	1.91033	0.477765	0.395261	0.666303	0.469077	0.0340447	0.00207409
20008	0.118094	0.0951876	3.68823	1.8092	0.490534	-1.19551	0.85339	3.67433	1.75404	0.477379	0.333149	0.862783	0.483969	0.0387883	0.00227595
20009	0.0681153	0.0735958	3.71198	1.80288	0.485692	-1.15608	0.82781	3.71232	1.7619	0.474609	0.379568	0.749324	0.48015	0.038381	0.0024829
20010	0.0625246	0.116806	3.62892	1.7886	0.492873	-1.1572	0.81442	3.87929	1.8507	0.477072	0.327122	0.743859	0.484709	0.0323654	0.00274656
20011	0.10937	0.146024	3.82378	1.6426	0.429575	-1.21985	0.83155	3.81075	1.78295	0.467875	0.265984	0.883411	0.448692	0.0331758	0.00301728
20012	0.0990318	0.072911	3.71747	1.72642	0.464406	-1.11253	0.8991	3.89187	1.87795	0.482531	0.465016	0.733941	0.473676	0.045226	0.00331458
20013	0.0326954	0.0150631	3.74115	1.8802	0.502572	-1.07573	0.855908	3.79992	1.983	0.521853	0.575467	0.614301	0.512288	0.0437727	0.00359622
20014	0.0409922	0.0182497	4.00004	1.84235	0.460582	-1.04444	0.866612	3.97227	1.86048	0.468367	0.610881	0.589082	0.464461	0.0463628	0.00381777
20015	0.0585393	0.0709199	3.63839	1.77394	0.487561	-1.01867	0.895772	3.80853	1.88262	0.494317	0.586342	0.580191	0.491016	0.0444714	0.00403043
20016	0.0935579	0.0442109	3.79454	1.80424	0.475482	-1.07378	0.91586	3.7025	1.71238	0.462494	0.557561	0.681336	0.469068	0.0512694	0.00422948
20017	0.138304	0.0285616	3.76026	1.72186	0.457909	-1.05458	0.984029	3.67689	1.75267	0.476672	0.64156	0.711483	0.467185	0.0616667	0.00454264
20018	-0.0379501	-0.0333663	3.67264	1.74273	0.474517	-1.01551	0.997755	3.58626	1.83334	0.511213	1.11258	0.477814	0.492647	0.0692179	0.00477756
20019	-0.124787	-0.0689479	3.80352	1.82826	0.480676	-0.911691	1.07352	3.8143	1.86527	0.48902	2.10786	0.309609	0.484854	0.0812112	0.00506279
20020	-0.115388	-0.070005	3.9115	1.91491	0.489559	-0.905009	1.11667	3.75887	1.86618	0.496473	2.25852	0.311751	0.492947	0.0852158	0.00521454
20021	-0.0542794	-0.0622074	3.87378	1.82257	0.470489	-0.88892	1.12489	3.93878	1.75346	0.445178	2.02289	0.348313	0.457728	0.0897225	0.00543342
20022	-0.0805028	-0.0705389	3.58693	1.84101	0.513257	-0.920364	1.11039	3.72791	1.8485	0.495855	1.9771	0.352684	0.504388	0.0863772	0.00568453
20023	-0.0447453	-0.0375158	3.94594	1.99279	0.505024	-0.892907	1.13793	3.60226	1.7672	0.490581	1.92063	0.359689	0.498131	0.0841753	0.00597789
20024	-0.0525057	-0.0242636	3.81297	1.92982	0.506119	-0.887853	1.12918	4.27161	1.84365	0.431605	1.90659	0.348903	0.466749	0.0810408	0.00638541
20025	0.0577696	0.00505631	4.15826	1.83857	0.442148	-0.781948	1.13898	3.64815	1.79466	0.491938	1.82347	0.352563	0.465416	0.0813196	0.00664804
20026	0.024586	-0.0147505	4.34176	1.9992	0.460458	-0.846752	1.16433	4.13775	1.93741	0.468229	1.8311	0.379615	0.46425	0.081163	0.00691593
20027	-0.0141202	0.0104174	3.99959	1.99311	0.498328	-0.74977	1.24917	3.93356	1.80764	0.459543	2.83546	0.27059	0.479097	0.091722	0.00720445
20028	0.0299168	-0.0137063	4.18014	2.02432	0.484271	-0.748581	1.25431	3.71086	1.72491	0.464827	2.65297	0.30303	0.475127	0.0968749	0.0073515
20029	-0.0829602	-0.046102	4.13151	1.88698	0.456728	-0.807051	1.22595	3.74251	1.75805	0.469751	3.08622	0.262153	0.462918	0.0999403	0.00755715
20030	0.0214338	-0.0327823	3.84171	1.94505	0.506298	-0.743765	1.26141	3.48493	1.83568	0.526749	2.86055	0.292765	0.516026	0.0997563	0.00782167
20031	-0.0118761	-0.0338205	3.89604	1.86646	0.479065	-0.737072	1.30594	3.81095	1.83959	0.48271	3.41305	0.262955	0.480867	0.108054	0.00804829
20032	0.0973841	-0.0122319	4.06276	1.82149	0.448338	-0.609381	1.29609	3.99434	2.07977	0.520681	3.42671	0.249758	0.484203	0.0988908	0.00820021
20033	0.0521011	0.00465396	3.75461	1.71339	0.456344	-0.69754	1.32978	4.08911	2.04254	0.499507	3.12471	0.280981	0.478846	0.104695	0.00840167
20034	0.0116844	0.0266903	4.15563	1.73891	0.418446	-0.679678	1.31426	3.80636	1.89702	0.498382	3.46842	0.238991	0.456661	0.102372	0.00870886
20035	0.0899745	0.0590542	3.61799	1.8139	0.501356	-0.604241	1.35979	3.95749	1.82441	0.461001	3.51064	0.240968	0.480274	0.104195	0.00883573
20036	0.0734979	0.085796	3.77229	1.89168	0.501468	-0.568189	1.43744	4.02668	1.9153	0.475653	4.43686	0.205881	0.48814	0.107169	0.00905796
20037	0.0859157	0.087252	4.35301	1.86746	0.429005	-0.405594	1.55446	3.95045	1.8908	0.478629	8.9109	0.120791	0.452614	0.125316	0.00950457
20038	0.127105	0.0416738	3.67502	1.83398	0.499039	-0.422078	1.57228	4.20119	1.90618	0.453725	7.76773	0.150801	0.474868	0.135451	0.0100127
20039	0.0381747	0.000582905	3.9213	1.72415	0.439689	-0.314864	1.61955	3.97515	1.85961	0.467807	21.0297	0.0623182	0.453844	0.154645	0.0104736
20040	0.00120591	-0.0455491	3.73019	1.84083	0.493495	-0.251535	1.68811	3.61637	1.67279	0.46256	47.0517	0.0319391	0.478267	0.176249	0.0107072
20041	-0.0193171	-0.0279698	4.20958	1.73608	0.412411	-0.302238	1.72838	3.57662	1.58781	0.443943	38.5384	0.0400221	0.426895	0.188399	0.0109074
20042	-0.0544036	-0.00891409	4.2181	1.95138	0.462621	-0.25193	1.76431	4.05612	1.72408	0.425056	80.5892	0.0195083	0.444206	0.176263	0.011169
20043	-0.0775886	-0.0283257	3.75834	1.85385	0.493263	-0.352913	1.71096	3.97153	1.94211	0.489007	39.9071	0.0379018	0.491076	0.166203	0.0115881
20044	0.0428535	-0.0770313	3.71371	1.75519	0.472625	-0.373438	1.66965	3.89987	1.99165	0.510697	17.6048	0.0866492	0.492126	0.169205	0.011684
20045	-0.114243	-0.0603506	3.74949	1.90665	0.508509	-0.345453	1.6388	3.62372	1.78356	0.49219	54.0071	0.026729	0.500489	0.163663	0.0120229
20046	-0.0891578	-0.025052	3.81107	1.80819	0.474458	-0.381542	1.64702	3.66997	1.72594	0.470288	32.7042	0.0427441	0.472412	0.165186	0.0121742
20047	-0.00535293	0.000850703	3.94843	1.87897	0.475878	-0.401601	1.60814	3.69437	1.78834	0.484072	16.4532	0.0785062	0.479839	0.149801	0.0124795
20048	-0.0149784	-0.072821	4.10029	1.91275	0.466492	-0.483755	1.58295	3.81413	1.76065	0.461614	12.4757	0.109876	0.464141	0.15731	0.0126689
20049	-0.0215227	-0.128128	3.94887	1.81144	0.458724	-0.457521	1.59015	3.92043	1.9135	0.488084	15.5316	0.0950471	0.473351	0.165453	0.0128245
20050	-0.118132	-0.101159	3.7387	1.8129	0.484902	-0.417757	1.61631	4.2055	1.9912	0.473476	32.8564	0.0448876	0.478853	0.162441	0.0130856
20051	-0.0956666	-0.11307	3.9304	1.8267	0.464761	-0.204278	1.69786	4.09781	1.8473	0.450802	278.004	0.00589823	0.457636	0.182515	0.0133947
20052	-0.0967857	-0.0569183	3.97533	1.74284	0.438414	-0.305575	1.72089	4.01199	1.97006	0.491043	72.5029	0.0217964	0.464849	0.175543	0.0134997
20053	-0.0594004	-0.00730635	3.88512	1.78927	0.460544	-0.235022	1.79514	4.035	1.85203	0.458991	105.334	0.0154215	0.459752	0.182448	0.0138048
20054	-0.0151317	-0.0433937	3.58671	1.78786	0.498468	-0.157129	1.83306	3.89594	1.92961	0.495287	174.628	0.0100816	0.496812	0.191535	0.0141534
20055	-0.135681	-0.00572958	3.97452	1.79329	0.451197	-0.132508	1.85344	4.01319	1.96387	0.489353	343425.0	5.03242e-06	0.470367	0.187065	0.0143963
20056	-0.0238932	-0.0134828	3.79861	1.76354	0.464259	-0.119486	1.90455	3.92639	1.9935	0.507719	402.591	0.00456898	0.486348	0.196736	0.0146084
20057	-0.0452385	-0.095855	3.66716	1.68251	0.458804	-0.10504	1.8821	3.97891	2.09018	0.525315	1093.99	0.00178809	0.493415	0.20596	0.0149817
20058	-0.0628772	-0.117378	3.72779	1.7032	0.456892	-0.12675	1.85383	3.93842	2.00609	0.509365	952.424	0.00203988	0.483849	0.207618	0.0153972
20059	-0.129861	-0.124302	3.60218	1.79178	0.497415	-0.13478	1.85139	3.84541	1.97858	0.514531	161332.0	1.20973e-05	0.506252	0.205687	0.0157527
20060	-0.224052	-0.149063	3.72573	1.8153	0.487232	0.0143101	1.93883	3.55639	1.88832	0.530966	76.7259	0.0284082	0.508591	0.227445	0.0158679
20061	-0.147395	-0.117013	3.55446	1.82775	0.514213	-0.0488488	1.93862	4.05282	1.95151	0.481519	435.12	0.00485572	0.496795	0.218547	0.0161227
20062	-0.112459	-0.158162	3.87317	1.77242	0.457614	-0.111272	1.91386	4.42642	2.11518	0.477853	3.04948e+06	7.03935e-07	0.468408	0.216439	0.0165046
20063	-0.0578282	-0.132353	3.87558	1.91097	0.493079	-0.0700752	1.91701	3.87754	1.90012	0.490032	28001.1	7.4995e-05	0.491555	0.216081	0.0165695
20064	-0.120781	-0.14222	3.88369	1.92692	0.496157	-0.136626	1.95407	3.91668	1.90364	0.486034	17504.2	0.000125525	0.491074	0.222966	0.0166229
20065	-0.0111271	-0.0377737	3.88208	1.94647	0.501399	-0.0674928	2.02388	3.91384	1.99347	0.50934	1337.83	0.00158855	0.505386	0.212497	0.0170633
20066	-0.0684493	-0.0205547	4.20956	1.94761	0.462662	0.0233436	2.05627	3.94772	2.01359	0.510064	511.894	0.00421297	0.485603	0.214053	0.0173154
20067	-0.0712765	-0.0229857	3.8286	1.91713	0.500739	0.0822712	2.07565	3.97795	1.97996	0.497733	186.805	0.0117884	0.499207	0.220381	0.0174573
20068	-0.124311	-0.110047	3.81328	1.77422	0.465274	0.232989	2.18485	4.08276	1.96934	0.482355	41.2532	0.0638319	0.474106	0.260291	0.0177966
20069	-0.128219	-0.0910537	4.11443	1.97504	0.480029	0.143164	2.20908	3.90479	1.97552	0.505924	71.8358	0.0368245	0.492638	0.250919	0.0178616
20070	-0.0960319	-0.0244779	3.83982	2.00152	0.521254	0.224233	2.26567	3.6859	1.86507	0.506002	51.1337	0.0512849	0.513784	0.253329	0.0178637
20071	-0.0727224	-0.0933679	3.88284	1.84542	0.475276	0.251392	2.26219	3.86907	1.8767	0.485052	52.8192	0.0525251	0.480155	0.271598	0.017959
20072	-0.0885214	-0.0996546	3.27726	1.72421	0.526113	0.346059	2.30615	3.87263	1.87251	0.483525	30.6464	0.0944299	0.503046	0.286989	0.0182299
20073	-0.132103	-0.180209	3.58547	1.76436	0.492088	0.254308	2.23852	3.85032	1.86141	0.483445	39.1811	0.0746569	0.487612	0.287537	0.0184685
20074	-0.148766	-0.130255	4.00096	1.93973	0.484815	0.317388	2.31343	3.80864	1.80749	0.474577	27.4808	0.10865	0.479822	0.285	0.018535
20075	0.0156361	-0.0617527	3.69816	1.86635	0.504669	0.337067	2.38002	3.66549	1.75536	0.478889	57.7077	0.051659	0.491836	0.291669	0.0187156
20076	-0.0540414	-0.0253144	4.17827	2.04654	0.489806	0.307349	2.36271	3.89281	1.86654	0.479485	43.664	0.0653013	0.484828	0.267138	0.0190384
20077	0.0301863	0.00196595	3.79328	1.88632	0.49728	0.47563	2.41427	3.89378	1.93391	0.496666	29.3277	0.09921	0.496969	0.27589	0.0193679
20078	0.109384	0.0261681	3.91753	1.94661	0.496898	0.499067	2.47583	3.73211	1.83182	0.490827	39.5175	0.0759263	0.493936	0.284306	0.0197662
20079	-0.0238955	-0.00132682	4.08763	1.96284	0.48019	0.478204	2.54783	3.88255	1.7924	0.461656	25.776	0.126052	0.471161	0.302079	0.0200746
20080	0.0964614	0.051566	4.03072	1.93669	0.480483	0.660196	2.58162	3.6409	1.74845	0.480226	20.1424	0.158898	0.480361	0.30288	0.0203985
20081	0.0731203	0.0509579	4.02249	1.85436	0.460998	0.585043	2.64569	3.8023	1.67592	0.440763	25.6907	0.131033	0.451166	0.32296	0.0205307
20082	0.0458672	0.0394894	3.75953	1.87945	0.499917	0.672929	2.66387	4.14588	1.94206	0.468432	17.5159	0.196603	0.483405	0.31072	0.0207557
20083	-0.042375	0.00658428	3.97758	1.94541	0.489093	0.762246	2.69665	3.6926	1.80534	0.488907	11.1774	0.323708	0.489003	0.325498	0.0213774
20084	0.0930639	0.0471628	3.91009	1.88299	0.481573	0.744374	2.69556	4.00928	1.88438	0.470006	16.5345	0.212102	0.475717	0.317721	0.0215989
20085	-0.00486756	-0.0408028	3.79675	1.94985	0.513558	0.622989	2.70349	3.75907	1.78658	0.475271	19.1047	0.197102	0.49451	0.335173	0.0217883
20086	-0.0189241	0.00140139	4.02819	1.87009	0.46425	0.698883	2.71019	4.02282	1.83662	0.45655	14.2408	0.257624	0.460402	0.331162	0.0220403
20087	0.0843446	0.00585912	3.7025	1.79607	0.485096	0.731967	2.71409	3.75362	1.76549	0.470342	17.4875	0.209707	0.477668	0.339976	0.0224649
20088	0.0385638	0.0396702	4.04196	1.87735	0.464464	0.641844	2.66157	3.83165	1.75872	0.458998	18.8883	0.181974	0.461804	0.321061	0.0227967
20089	0.178235	0.152156	3.99992	1.80013	0.450043	0.660526	2.60193	3.46501	1.69042	0.487855	25.8008	0.116302	0.467594	0.300721	0.0228669
20090	-0.00808964	0.0244571	3.86859	1.89744	0.490474	0.612118	2.58916	3.95814	1.78629	0.451296	17.1002	0.192329	0.470661	0.308737	0.0231668
20091	-0.0659316	-0.0542623	3.87816	1.91396	0.493524	0.526445	2.52341	3.94	1.89375	0.480647	18.9348	0.175455	0.487035	0.303847	0.0233335
20092	-0.0766831	-0.087734	3.86037	1.84594	0.478176	0.517457	2.55759	3.85114	1.94369	0.504705	19.8235	0.176501	0.491425	0.315944	0.0235951
20093	-0.0208615	-0.0802566	3.96148	1.77779	0.448769	0.452054	2.471	3.92619	1.79309	0.456699	29.1032	0.111825	0.452716	0.313149	0.0240819
20094	-0.137558	-0.11831	3.61732	1.79018	0.494891	0.378842	2.46187	3.99414	1.87308	0.468957	24.9648	0.133335	0.481282	0.312507	0.0242879
20095	-0.0756032	-0.0461412	3.64123	1.84735	0.507343	0.540928	2.53559	3.81032	1.76274	0.462621	17.5352	0.190056	0.484475	0.315915	0.0243977
20096	-0.0466078	-0.065155	3.9204	1.94267	0.495528	0.490787	2.52753	3.91212	1.79321	0.458372	23.2762	0.144397	0.476969	0.310371	0.0247456
20097	0.00161762	-0.00991646	3.76774	1.83981	0.488305	0.528279	2.48819	3.90166	1.86526	0.478067	22.4987	0.138686	0.483097	0.296414	0.0251965
20098	-0.00274524	-0.00519933	3.69785	1.87345	0.506634	0.661506	2.54537	3.80151	1.75284	0.461092	14.7438	0.220615	0.483548	0.309732	0.0252884
20099	0.0320421	0.0289643	4.0104	1.80376	0.44977	0.569307	2.6387	3.7191	1.90888	0.513263	23.5949	0.144327	0.48032	0.314528	0.0257909
20100	-0.0194306	0.0765056	3.76578	1.78333	0.473562	0.609711	2.62574	3.78491	1.77113	0.467945	16.4181	0.197909	0.470747	0.313801	0.0260325
20101	0.121832	-0.00175751	4.04328	1.77875	0.439927	0.604346	2.58828	3.86201	1.86559	0.483063	28.8133	0.116409	0.461	0.315263	0.0262589
20102	0.00615072	0.00625169	4.19338	1.87192	0.446399	0.642292	2.66177	3.79449	1.88659	0.497193	17.4257	0.202338	0.470527	0.319398	0.0266428
20103	-0.22095	-0.136217	3.90977	1.79787	0.459841	0.578689	2.60612	3.69406	1.92508	0.521127	11.7613	0.319711	0.489615	0.335662	0.0267945
20104	-0.119501	-0.158969	3.92125	1.76915	0.45117	0.594524	2.51999	3.79354	1.81585	0.478669	14.0768	0.254916	0.464692	0.333655	0.026908
20105	-0.148696	-0.132399	3.64976	1.80584	0.494783	0.591754	2.55047	3.62755	1.79867	0.495835	13.1282	0.274133	0.495308	0.333098	0.027069
20106	-0.21602	-0.19617	3.56619	1.78589	0.500782	0.662484	2.60033	3.71559	1.88697	0.507852	10.1331	0.385885	0.50439	0.347504	0.0273134
20107	-0.211772	-0.186168	3.67839	1.70693	0.464043	0.60681	2.57282	4.14759	1.86247	0.449049	11.3599	0.335038	0.456097	0.347859	0.0274472
20108	-0.288563	-0.285844	3.59623	1.70709	0.47469	0.519896	2.56853	3.61383	1.7276	0.478051	12.4654	0.326804	0.476375	0.372381	0.0275788
20109	-0.208755	-0.22134	3.55827	1.71344	0.481537	0.53751	2.54917	3.35601	1.62245	0.483446	13.7827	0.278456	0.482463	0.365292	0.0275347
20110	-0.190199	-0.167365	3.73581	1.8427	0.493252	0.583634	2.56117	3.53905	1.70623	0.482114	12.4327	0.299409	0.487834	0.344139	0.027653
20111	-0.279699	-0.194994	3.54892	1.71108	0.482139	0.547623	2.55483	4.01573	1.77152	0.441146	11.0474	0.342231	0.460378	0.351945	0.0279135
20112	-0.171173	-0.155247	3.66582	1.65851	0.452426	0.680515	2.62136	4.07187	1.84463	0.453018	10.6284	0.362686	0.452738	0.355031	0.0279175
20113	-0.0780529	-0.125587	3.86441	1.69597	0.43887	0.592547	2.65688	3.91738	1.89949	0.484888	17.2161	0.224852	0.462035	0.350057	0.0279615
20114	-0.149812	-0.163713	3.59383	1.71546	0.477334	0.64464	2.69513	3.73295	1.89132	0.506656	12.9492	0.315577	0.492274	0.36175	0.0282157
20115	-0.156899	-0.132698	3.80361	1.92334	0.505662	0.682241	2.66645	3.76433	1.81469	0.482075	11.1272	0.352078	0.49393	0.343955	0.028447
20116	-0.180288	-0.166963	4.00434	1.98802	0.496466	0.668739	2.69908	3.58878	1.68777	0.470291	11.3952	0.360424	0.484095	0.358543	0.0286215
20117	-0.0316368	-0.0272662	3.8124	1.8599	0.487856	0.72206	2.69812	3.85203	1.72834	0.448683	13.0756	0.284029	0.468168	0.341135	0.0292065
20118	-0.0596905	-0.0539531	3.68137	1.72152	0.467631	0.692448	2.66627	3.94537	1.73266	0.439163	13.0801	0.282857	0.452904	0.348883	0.0292484
20119	0.0809846	0.0067358	4.02863	1.80049	0.446923	0.566603	2.64746	3.91811	1.76576	0.450667	29.5703	0.117913	0.448769	0.32845	0.0296632
20120	0.00698512	0.0415725	3.50396	1.67661	0.478489	0.558474	2.59441	3.91241	1.69167	0.432385	21.4275	0.15207	0.454168	0.32612	0.0301635
20121	0.0862246	0.0822707	4.05578	1.82972	0.451139	0.78003	2.70606	3.69178	1.7068	0.462324	14.3016	0.240683	0.456468	0.32746	0.0304315
20122	0.011494	0.0705687	3.59549	1.72891	0.480856	0.693725	2.69497	3.58398	1.70285	0.475128	14.7978	0.23272	0.477997	0.334219	0.0307297
20123	0.0477761	0.0366636	3.67095	1.85366	0.504953	0.71616	2.71915	3.6888	1.77061	0.479996	16.1073	0.223368	0.492445	0.331821	0.0310593
20124	0.0655003	0.0721755	3.60639	1.91762	0.531729	0.729972	2.72272	3.72207	1.86647	0.50146	15.9117	0.220761	0.516356	0.317113	0.0311745
20125	0.069498	0.0905333	3.70251	1.80117	0.486472	0.703054	2.81968	3.97837	1.9898	0.500154	18.556	0.200697	0.493558	0.329503	0.0315366
20126	-0.0508213	-0.0186225	4.04831	1.8827	0.465057	0.711898	2.78642	3.98309	1.8518	0.464914	13.5254	0.29087	0.464986	0.345118	0.0319527
20127	0.0498443	0.000501087	3.70127	1.83409	0.49553	0.76235	2.75896	3.90617	1.84799	0.473095	14.9884	0.253832	0.48401	0.340756	0.0324047
20128	-0.0820668	-0.00111173	3.71499	1.74484	0.469676	0.847222	2.82991	3.6729	1.88614	0.513528	9.28082	0.431789	0.491477	0.355713	0.0324762
20129	0.102591	0.0443686	3.71881	1.71203	0.460371	0.802482	2.78213	4.06889	1.98374	0.487538	15.3013	0.244924	0.474565	0.336551	0.0326733
20130	-0.146058	-0.10096	3.81631	1.80461	0.472867	0.700189	2.61798	4.12842	1.89851	0.459865	10.323	0.358066	0.466111	0.333035	0.0328275
20131	0.00774234	-0.0355909	3.67596	1.75195	0.476595	0.562478	2.57614	3.52749	1.79316	0.508338	22.1659	0.153866	0.492139	0.324902	0.0328663
20132	-0.0834231	-0.052507	3.89993	1.77915	0.456201	0.609761	2.54927	3.66753	1.94202	0.529516	14.0877	0.240252	0.491733	0.312718	0.0330357
20133	-0.0811183	-0.141085	3.7906	1.72033	0.453842	0.620548	2.60691	3.53722	1.73875	0.491558	15.3381	0.246168	0.472048	0.353188	0.0334338
20134	-0.302676	-0.188792	3.49837	1.74095	0.497647	0.69023	2.68811	3.95225	1.9253	0.48714	8.39526	0.492931	0.492073	0.360883	0.0336761
20135	-0.13764	-0.177006	3.96765	1.84626	0.465328	0.666912	2.6864	3.67934	1.84451	0.501316	12.6666	0.323652	0.482643	0.357185	0.0338721
20136	-0.252246	-0.230732	3.9508	1.7895	0.452946	0.767662	2.71812	4.04782	1.89321	0.46771	8.3596	0.520105	0.460417	0.371309	0.0343619
20137	-0.15037	-0.196136	4.0318	1.91816	0.475757	0.661629	2.70749	3.99222	1.9474	0.487799	12.7871	0.329671	0.481748	0.352977	0.0345
20138	-0.238282	-0.208941	3.69761	1.77576	0.480244	0.769569	2.72811	3.59796	1.75027	0.486462	8.49243	0.507881	0.48331	0.379622	0.0346772
20139	-0.230842	-0.272892	3.68218	1.86979	0.507793	0.703451	2.72887	3.67857	1.82708	0.496682	10.3225	0.436452	0.50224	0.378744	0.0348373
20140	-0.298681	-0.263963	3.74729	1.80895	0.482735	0.732899	2.69784	3.59637	1.8165	0.505093	8.24343	0.532078	0.493685	0.37703	0.0347966
20141	-0.252855	-0.240681	3.60408	1.84771	0.512671	0.658401	2.69344	4.04932	1.93371	0.477539	10.3675	0.415194	0.494083	0.362836	0.0350901
20142	-0.210524	-0.193526	4.38582	1.77857	0.405527	0.757969	2.69052	3.80453	1.71257	0.45014	8.86774	0.468989	0.426251	0.373406	0.0354329
20143	-0.249465	-0.246057	3.63599	1.66595	0.458184	0.736157	2.70487	3.59889	1.80102	0.500438	8.96388	0.485725	0.479203	0.385838	0.0357555
20144	-0.173613	-0.189779	3.7076	1.71026	0.461284	0.6969	2.7024	3.6342	1.73399	0.47713	11.0382	0.378896	0.469128	0.377898	0.0357876
20145	-0.197879	-0.158963	3.6977	1.63748	0.442838	0.689934	2.71218	3.9995	1.82367	0.455974	10.4584	0.394106	0.449663	0.373326	0.035924
20146	-0.109925	-0.0451298	3.77559	1.67816	0.444476	0.792277	2.80744	3.51989	1.92457	0.54677	9.99689	0.406984	0.49383	0.360996	0.0361989
20147	-0.0235076	-0.043974	3.65024	1.82381	0.499642	0.883572	2.86221	4.10306	2.00883	0.489592	10.2649	0.411397	0.494324	0.355336	0.0366599
20148	-0.00627886	-0.0663808	3.88833	1.80897	0.46523	0.802264	2.86274	3.73899	1.85693	0.496639	13.124	0.326871	0.480627	0.369243	0.0370491
20149	-0.115084	-0.0606655	3.89517	1.80493	0.463377	0.773338	2.84272	3.88414	1.978	0.509252	10.68	0.394647	0.486282	0.357888	0.0369781
20150	0.0309114	-0.00412222	3.75333	1.63062	0.434447	0.794417	2.83311	3.78823	1.8686	0.493265	13.8091	0.29147	0.463992	0.365244	0.0373243
20151	-0.0719908	-0.0570796	3.7056	1.78006	0.480371	0.885952	2.85069	3.93723	1.86937	0.474793	9.21382	0.458828	0.477497	0.366887	0.0375201
20152	-0.202282	-0.117556	3.82656	1.85558	0.484921	0.728807	2.82841	3.80758	1.88771	0.495778	10.0109	0.433464	0.490336	0.367051	0.0381355
20153	-0.103383	-0.102297	3.99626	1.81839	0.455024	0.818202	2.82288	3.94384	1.8576	0.471014	10.0748	0.424659	0.462966	0.367977	0.0383629
20154	-0.194364	-0.15888	4.04699	1.92324	0.475227	0.896293	2.87851	4.01829	1.76533	0.439324	7.75577	0.594766	0.457339	0.384844	0.0386436
20155	-0.120903	-0.185585	3.77153	1.88387	0.499498	0.763189	2.85876	3.97222	1.9008	0.478522	11.8575	0.390809	0.488738	0.379851	0.0391091
20156	-0.226828	-0.235771	3.84249	1.92224	0.50026	0.947274	2.88743	3.79016	1.87845	0.495611	7.07603	0.689257	0.497951	0.390965	0.0394244
20157	-0.211976	-0.251407	3.88529	1.82977	0.470949	0.847798	2.87378	4.15533	1.88199	0.452911	8.69611	0.56156	0.461627	0.39692	0.0397161
20158	-0.245025	-0.216474	4.13094	1.91528	0.463644	0.921886	2.86848	3.95415	1.97631	0.499807	6.98911	0.680841	0.48133	0.379531	0.0396666
20159	-0.275968	-0.219953	4.26763	1.81045	0.424228	0.780683	2.7897	4.19767	1.91668	0.456607	8.11279	0.558256	0.440283	0.378062	0.0395889
20160	-0.266042	-0.231124	3.888	1.75469	0.45131	0.752908	2.82494	3.74076	1.8468	0.493696	8.9954	0.519129	0.472094	0.393438	0.0399167
20161	-0.317615	-0.297081	3.93129	1.76734	0.449558	0.872383	2.82926	4.37475	2.02112	0.461996	6.90206	0.708048	0.456109	0.392211	0.039932
20162	-0.371583	-0.300643	3.66125	1.74272	0.47599	0.841975	2.83774	4.04841	1.98907	0.491321	6.68791	0.736362	0.48404	0.39765	0.0402467
20163	-0.372419	-0.327042	3.81535	1.76809	0.463413	0.961672	2.90784	4.03947	1.82315	0.451333	5.87959	0.889899	0.457201	0.421577	0.0404499
20164	-0.386856	-0.394994	3.52188	1.69469	0.481188	0.821719	2.88208	3.80662	1.87306	0.492054	7.35233	0.730327	0.486832	0.429516	0.040615
20165	-0.470709	-0.471441	3.47457	1.70509	0.490733	0.891308	2.88972	3.84528	1.83098	0.476163	6.08996	0.927545	0.483079	0.444175	0.0407885
20166	-0.394181	-0.422186	3.98104	1.85175	0.465144	0.917802	2.92168	3.98964	1.82379	0.457132	6.49595	0.860649	0.461134	0.432112	0.0412102
20167	-0.344321	-0.414608	3.94908	1.81459	0.459497	0.931242	2.90801	3.80334	1.80422	0.474379	6.78513	0.81353	0.466798	0.432801	0.0415947
20168	-0.35147	-0.290968	3.95127	1.91056	0.48353	0.957826	2.95882	3.83056	1.74459	0.45544	6.16076	0.857128	0.469703	0.419518	0.0418029
20169	-0.262657	-0.229906	4.04453	1.90911	0.472024	0.946809	2.91669	3.62459	1.6275	0.449016	6.76853	0.731404	0.46115	0.41185	0.0421149
20170	-0.228854	-0.248791	3.63898	1.82116	0.500459	0.826599	2.86153	4.01142	1.83404	0.457206	8.68423	0.55699	0.47778	0.398313	0.0420911
20171	-0.28715	-0.274158	3.79721	1.85668	0.488958	0.740388	2.80051	4.1115	2.05998	0.50103	8.95363	0.527917	0.495234	0.37645	0.0423375
20172	-0.197158	-0.23322	3.81103	1.88279	0.494036	0.737559	2.83429	4.10082	1.98289	0.483535	10.7699	0.436847	0.488594	0.378434	0.0426613
20173	-0.336231	-0.209728	3.72388	1.9381	0.520453	0.77721	2.85426	3.57915	1.90779	0.533029	7.57249	0.619876	0.526616	0.379101	0.0427511
20174	-0.257362	-0.236932	4.22332	2.04533	0.484294	0.902047	2.90918	3.98608	1.95973	0.491643	7.36334	0.672115	0.487863	0.382012	0.0430031
20175	-0.224104	-0.287012	3.9103	1.84632	0.472167	0.77312	2.79304	3.93052	1.9329	0.491767	9.53961	0.497229	0.481993	0.385702	0.0432299
20176	-0.203245	-0.298366	4.02387	1.84012	0.457302	0.80193	2.75647	3.78846	1.81915	0.480181	9.23619	0.505188	0.468397	0.389455	0.0434408
20177	-0.195546	-0.262468	3.65325	1.88995	0.517334	0.642405	2.73565	3.85104	1.82594	0.474142	12.8014	0.351082	0.495169	0.376966	0.0436688
20178	-0.146457	-0.147388	3.79224	1.82689	0.481744	0.715864	2.78546	3.83989	1.89272	0.492909	11.5676	0.371799	0.487362	0.366454	0.0437779
20179	-0.263717	-0.146659	3.98657	1.84303	0.46231	0.757996	2.7739	4.00152	1.84442	0.460929	8.17098	0.521948	0.461618	0.366519	0.0440922
20180	-0.0946251	-0.0669476	3.45455	1.71254	0.495734	0.928432	2.86506	3.82472	1.75627	0.45919	8.21355	0.523323	0.476533	0.38267	0.0442699
20181	-0.111176	-0.0290396	3.75314	1.88192	0.501425	0.826346	2.87809	3.85609	1.98045	0.513592	9.6154	0.439474	0.507591	0.353717	0.0445679
20182	-0.0570808	0.0215881	3.68118	1.7654	0.479574	0.939487	2.92132	4.06017	1.92266	0.473541	8.46647	0.496574	0.47641	0.363165	0.0448443
20183	-0.0449116	-0.0488578	3.7172	1.70015	0.457374	0.818981	2.83487	3.79789	1.87915	0.494788	11.1427	0.373155	0.476282	0.367538	0.0449771
20184	-0.0507136	-0.0458232	3.67109	1.74619	0.475659	0.836551	2.85899	4.00356	1.8124	0.452697	10.7184	0.393619	0.46368	0.372287	0.0451847
20185	0.0489647	0.0228711	3.8918	1.82759	0.469601	1.00165	2.93135	3.55701	1.86092	0.52317	9.32035	0.453804	0.495182	0.364529	0.0451645
20186	0.0679874	-0.00872381	4.12354	1.9541	0.473888	0.979841	3.00353	3.7917	1.95255	0.514954	10.9127	0.415738	0.49356	0.367467	0.0455646
20187	-0.151916	-0.0759546	4.09316	1.81356	0.44307	1.00964	2.95511	3.77386	1.79231	0.474929	6.80941	0.674606	0.458353	0.389235	0.0457859
20188	-0.0202462	-0.0659337	4.17596	1.98231	0.474694	0.950374	2.982	3.80709	1.7082	0.448689	9.86083	0.471052	0.462293	0.386363	0.0459024
20189	-0.0537333	-0.0389372	3.86208	1.88117	0.487088	1.03791	2.96969	3.78449	1.83916	0.485974	7.59591	0.595838	0.486537	0.378331	0.0461103
20190	-0.00712911	0.0162021	4.16207	1.86667	0.448497	0.965335	2.96969	3.81768	1.83322	0.480192	9.2241	0.472843	0.463661	0.370955	0.0460416
20191	0.0903824	0.0360108	3.75929	1.88716	0.501999	0.966925	3.00541	3.83879	1.84796	0.481391	11.476	0.384163	0.491587	0.371251	0.0462639
20192	-0.00570547	0.058067	3.82826	1.95177	0.509833	1.00039	3.049	3.77715	1.86934	0.494906	8.83762	0.506114	0.50242	0.369314	0.0461264
20193	0.0843179	0.0766926	3.97338	1.90696	0.479934	1.01198	3.01568	3.77237	1.78993	0.474485	10.0372	0.430283	0.47728	0.368849	0.0462846
20194	0.0754478	0.0543071	3.92185	1.80046	0.459085	1.12795	3.07347	3.932	1.80782	0.459771	8.22859	0.553883	0.459429	0.387208	0.0463566
20195	0.101219	0.053152	3.85445	1.81533	0.470971	1.11489	3.09013	3.9013	1.892	0.484968	8.97615	0.513763	0.478012	0.383579	0.0466977
20196	-0.0281944	0.0197056	3.73522	1.73569	0.464681	1.06185	3.0517	3.68545	1.81812	0.493323	7.73687	0.594104	0.478906	0.392845	0.0469363
20197	0.0855462	0.0524708	3.68837	1.76639	0.478908	1.10504	3.08049	4.22412	1.90886	0.451895	8.82155	0.519686	0.464487	0.384238	0.0470034
20198	0.0469287	0.0613709	3.77964	1.75395	0.464052	1.10898	3.07662	3.76665	1.8357	0.487357	8.06038	0.563977	0.475684	0.387821	0.0470617
20199	0.170991	0.0799197	3.6015	1.88267	0.522745	1.02407	3.07427	3.95131	1.97102	0.498828	12.3204	0.363873	0.510232	0.367869	0.047096
20200	0.0648442	0.0743519	3.54962	1.87497	0.528218	1.11482	3.03818	3.93761	1.82607	0.46375	7.968	0.551221	0.494313	0.372514	0.0470943
20201	0.132209	0.0554098	3.77757	1.85812	0.491881	1.05452	3.0791	3.66052	1.82924	0.499722	10.7478	0.425332	0.49574	0.382785	0.0470593
20202	0.0877259	0.0729674	3.70643	1.58966	0.428891	1.02965	3.02107	3.75593	1.70691	0.454458	9.79617	0.443609	0.441759	0.397391	0.0472672
20203	0.081094	0.0677923	3.60052	1.60282	0.445163	1.09635	3.02492	3.76058	1.71629	0.456389	8.48382	0.515368	0.450898	0.397221	0.0475936
20204	0.0932123	0.0844032	3.76457	1.78915	0.475259	0.97568	3.06885	3.85712	1.83959	0.476934	11.4374	0.389375	0.476106	0.3804	0.0476651
20205	0.119171	0.145693	3.77048	1.77031	0.469518	1.05333	3.0482	3.85557	1.89912	0.492566	9.65399	0.436324	0.481171	0.364779	0.0478352
20206	0.189121	0.163746	3.74207	1.81024	0.483753	1.04331	3.04188	3.96051	1.81911	0.459312	11.3532	0.364816	0.471186	0.363418	0.0480535
20207	0.0817842	0.074298	4.05797	2.08736	0.514386	1.10114	3.05509	3.87107	1.71706	0.443563	8.55097	0.519539	0.479809	0.36875	0.0482605
20208	0.0971652	0.0939525	4.27991	2.12688	0.496945	1.02395	3.06209	3.75592	1.7154	0.456718	10.2568	0.429462	0.478143	0.364476	0.0484585
20209	0.0509844	0.109792	3.7198	1.88506	0.506763	1.15885	3.08074	3.58441	1.86305	0.519766	7.19146	0.613683	0.513144	0.370685	0.0486318
20210	0.138404	0.0964059	3.69459	1.9138	0.518001	1.04109	3.08238	4.28904	1.96704	0.458619	10.9419	0.407425	0.486099	0.364938	0.0488265
20211	0.0970899	0.060347	3.85135	1.9988	0.518987	1.22381	3.17985	3.70899	1.90354	0.513223	7.66553	0.634744	0.516159	0.384138	0.0489565
20212	0.0543847	0.00739457	4.14572	1.86642	0.450204	1.11544	3.15724	4.00646	1.89297	0.47248	8.81266	0.562914	0.461152	0.397632	0.0494181
20213	0.0442179	0.0993214	3.91501	1.9673	0.502503	1.09127	3.1401	3.58073	1.88583	0.526661	8.43394	0.548164	0.514043	0.375088	0.0499324
20214	0.102352	0.0579695	3.91444	1.95109	0.498435	1.25993	3.1807	3.7155	1.95314	0.525672	7.27719	0.669999	0.511699	0.384512	0.0502343
20215	0.0635383	0.0633556	4.0818	1.99415	0.488545	1.1407	3.17761	3.82544	1.86676	0.487985	8.35877	0.580144	0.488274	0.385868	0.0505765
20216	-0.0114773	0.0129395	3.90446	1.89709	0.485878	1.14715	3.17508	4.0524	1.98473	0.489768	7.44862	0.671209	0.487859	0.391837	0.0509619
20217	0.0387772	-0.012865	3.78343	1.91539	0.506259	1.17735	3.20921	4.05197	2.00015	0.493625	8.0085	0.648171	0.499725	0.398745	0.0511335
20218	-0.105601	-0.0750166	3.83284	1.66559	0.434558	1.24246	3.22239	3.94171	1.86112	0.47216	5.98314	0.908629	0.453622	0.435392	0.0512318
20219	-0.0159853	-0.0432107	3.70962	1.83006	0.493329	1.26136	3.23718	4.21041	1.99498	0.47382	6.59535	0.815801	0.482958	0.413034	0.0519195
20220	-0.00290136	-0.049106	3.92115	1.9739	0.503398	1.22192	3.20835	3.68084	1.70586	0.463444	7.07309	0.750099	0.484053	0.419032	0.0520248
20221	-0.0335656	-0.0228567	3.87291	1.72434	0.445232	1.20749	3.18409	3.7518	1.78007	0.474457	6.67727	0.770116	0.459612	0.423316	0.0523567
20222	0.0362993	0.000219463	3.48728	1.68897	0.484324	1.17027	3.16762	3.71385	1.7005	0.45788	7.80195	0.642944	0.470686	0.4254	0.0523927
20223	0.0987258	0.0210881	3.84361	1.74464	0.453908	1.01629	3.09702	4.29526	1.80385	0.419962	11.2379	0.420958	0.435993	0.400087	0.0528145
20224	-0.0142876	0.0452746	4.024	1.87344	0.465568	1.06432	3.1218	3.82394	1.77008	0.462893	8.13574	0.581692	0.464265	0.393853	0.0529498
20225	-0.0507336	0.0230355	3.76014	2.00914	0.534325	1.13523	3.10597	3.59971	1.73778	0.482755	6.75751	0.703254	0.509102	0.388181	0.0531431
20226	0.0623585	0.00578212	3.57301	1.75409	0.490928	1.10889	3.13353	3.74106	1.73486	0.463734	8.93226	0.547611	0.477019	0.412227	0.0534327
20227	-0.0234805	0.0420416	3.82395	1.73419	0.453507	1.18833	3.15685	3.58692	1.89071	0.527112	6.6068	0.734247	0.489132	0.401004	0.0537489
20228	0.0647643	0.0494668	3.82589	1.87911	0.491155	1.03591	3.0308	3.38071	1.86439	0.551477	9.42441	0.471559	0.519453	0.372601	0.0540702
20229	0.107438	0.105257	3.52843	1.65226	0.468271	1.0456	3.0134	3.79396	1.77627	0.468184	9.60892	0.440075	0.468226	0.381568	0.0542796
20230	0.166246	0.0786802	3.59485	1.65657	0.460818	1.02844	3.02057	3.86848	1.81573	0.469365	11.6424	0.371691	0.465248	0.384023	0.0543142
20231	0.0918517	0.0936008	3.78558	1.71541	0.453142	1.08079	3.08694	3.91787	1.83402	0.468116	9.16166	0.488998	0.460758	0.387033	0.054464
20232	0.13226	0.0989819	3.81997	1.87768	0.491543	0.949316	3.01039	4.05933	1.79482	0.442147	12.697	0.333791	0.466094	0.366005	0.0546624
20233	0.0690171	0.091719	3.76564	1.91151	0.507617	1.09061	3.0421	3.65243	1.74923	0.478924	8.34067	0.521824	0.49349	0.372947	0.0550204
20234	0.0359019	0.0396917	3.69638	1.94881	0.527221	0.99843	3.03082	3.54985	1.71716	0.483728	9.65702	0.46323	0.505914	0.379049	0.0551381
20235	0.0616132	0.0787659	3.83052	1.91198	0.499145	0.939064	3.00029	3.72831	1.78448	0.478631	11.0859	0.38496	0.489027	0.366105	0.0551093
20236	0.198586	0.112363	3.78205	1.76879	0.467681	0.973673	3.01877	3.92748	1.79668	0.457464	14.0609	0.30038	0.462476	0.372092	0.0549107
20237	0.135596	0.170214	3.56551	1.63775	0.459331	1.02715	2.9811	3.94736	1.78868	0.453134	9.94012	0.397433	0.456075	0.365791	0.0551684
20238	0.123063	0.148006	3.80442	1.74886	0.459691	0.800872	2.88366	3.84034	1.83369	0.477482	16.2895	0.229713	0.468628	0.343186	0.0549504
20239	0.224389	0.168619	3.48019	1.68054	0.482888	0.869168	2.83649	3.7758	1.77086	0.469003	17.1202	0.207869	0.475663	0.340287	0.0548713
20240	0.231729	0.192231	3.76202	1.71697	0.456395	0.852349	2.87086	3.91993	1.87737	0.478929	18.6284	0.192584	0.467894	0.333024	0.0550308
20241	0.312708	0.33128	3.78048	1.88512	0.498646	0.976215	2.97873	3.86704	1.92211	0.497049	15.9208	0.220121	0.497839	0.315291	0.055148
20242	0.283897	0.321389	4.13386	1.85924	0.449759	0.975222	2.97782	4.16101	1.85828	0.446593	14.7649	0.238965	0.448171	0.321937	0.0554234
20243	0.453017	0.373161	3.8043	1.7059	0.448412	1.0498	3.06337	3.9131	1.74983	0.447173	20.3207	0.178075	0.447784	0.343758	0.0554357
20244	0.343389	0.34598	3.65915	1.56812	0.428547	1.07597	3.06529	3.58957	1.73216	0.482554	13.7788	0.268335	0.455291	0.359153	0.0556495
20245	0.282136	0.352398	3.82585	1.68761	0.441108	1.07015	3.02621	3.83633	1.78932	0.466415	11.513	0.310485	0.453779	0.339632	0.0557456
20246	0.395224	0.349291	3.6896	1.69946	0.460608	1.1109	3.04169	3.55208	1.64317	0.462593	14.1528	0.256098	0.461581	0.351675	0.0561009
20247	0.281157	0.296581	3.73846	1.83144	0.489891	0.93445	2.99306	3.65042	1.76086	0.48237	17.0365	0.213396	0.486176	0.336108	0.0565167
20248	0.229514	0.33136	3.67033	1.83953	0.501189	1.06209	3.04862	3.99158	1.84639	0.462572	10.6516	0.346589	0.481071	0.333796	0.0567536
20249	0.368148	0.321326	3.63602	1.89392	0.520875	1.0675	3.08515	3.70262	1.67129	0.451381	15.6183	0.244544	0.485813	0.348921	0.0569962
20250	0.291049	0.307071	3.90379	1.89099	0.484397	1.08165	3.11001	3.96757	1.73696	0.437788	12.5694	0.312522	0.460904	0.351347	0.0570825
20251	0.230952	0.275988	3.80392	1.98848	0.522746	1.00886	3.08209	3.7889	1.74937	0.461709	13.0121	0.302573	0.492288	0.345086	0.0576036
20252	0.121373	0.203814	3.80142	1.90101	0.500078	1.0318	3.05572	3.71661	1.8447	0.496338	9.81247	0.414441	0.49823	0.351962	0.0577853
20253	0.220458	0.161075	3.95494	1.83819	0.464782	1.03495	3.072	3.98364	1.87569	0.470849	12.773	0.331695	0.467826	0.363333	0.0576664
20254	0.127178	0.12078	4.13322	1.91824	0.464103	1.06862	3.08728	3.74745	1.76422	0.470778	9.9289	0.443158	0.467277	0.374114	0.0582641
20255	0.0917807	0.0923298	3.83596	1.82691	0.476258	1.04336	3.00337	4.37448	1.87972	0.4297	9.35848	0.452752	0.451452	0.363803	0.0583822
20256	0.013193	0.0744813	3.78145	1.60094	0.423368	0.923308	2.94318	3.55418	1.69479	0.476843	9.93523	0.414155	0.449277	0.38445	0.0584532
20257	0.21102	0.148849	3.66951	1.65359	0.45063	0.972928	2.96204	3.51121	1.68403	0.479616	13.633	0.290252	0.464803	0.372287	0.0588904
20258	0.111992	0.0910713	3.88933	1.71335	0.440526	0.899236	2.92442	3.76672	1.74081	0.462156	12.9533	0.309877	0.451168	0.367617	0.0585099
20259	0.0447478	0.0830209	3.4739	1.67632	0.482547	0.9666	2.95428	3.95223	1.72793	0.437204	9.70113	0.424905	0.458415	0.377231	0.0588381
20260	0.0429686	0.0845194	3.72383	1.76843	0.474896	0.914524	2.95372	3.84405	1.87386	0.487469	10.8376	0.379804	0.481282	0.361159	0.0591894
20261	0.0238844	0.0572252	4.05129	1.78875	0.441526	0.902898	2.90202	3.74062	1.83038	0.489326	10.474	0.386332	0.464473	0.358692	0.0594757
20262	0.102021	0.0845148	3.68735	1.76777	0.479414	0.988613	2.96862	3.90302	1.90953	0.489243	10.5822	0.393022	0.484468	0.361343	0.0596516
20263	0.0883429	0.0979692	4.15205	1.88366	0.45367	1.07501	3.0174	3.85512	1.88336	0.488535	8.7549	0.48676	0.470456	0.361398	0.0599933
20264	0.123012	0.114638	3.51309	1.63207	0.464569	1.08238	3.06971	3.80469	1.80995	0.475716	9.48784	0.46019	0.470364	0.388217	0.0600465
20265	0.137394	0.102843	3.62857	1.63544	0.450713	1.03843	3.08038	3.70169	1.71267	0.462671	10.9202	0.405934	0.456752	0.398434	0.0599257
20266	0.127267	0.133173	3.45731	1.69571	0.490471	1.02076	3.01386	3.79033	1.74985	0.461661	10.3946	0.399166	0.475404	0.375938	0.0604624
20267	0.176564	0.137	3.40244	1.71803	0.504941	0.958104	3.03137	4.16123	1.70369	0.40942	13.7153	0.305402	0.452389	0.379798	0.0607728
20268	0.0202777	0.0830717	3.75623	1.79289	0.477311	1.0142	3.05766	3.77229	1.63773	0.434149	8.95663	0.493945	0.455684	0.39214	0.0609004
20269	0.240732	0.171987	3.73457	1.73774	0.465312	1.06417	3.06153	3.91968	1.75778	0.44845	12.3139	0.339026	0.456677	0.374003	0.061283
20270	0.113485	0.159092	3.60166	1.71945	0.477406	0.976109	2.99181	3.93099	1.84353	0.468974	10.7836	0.37206	0.473006	0.360332	0.0614238
20271	0.08396	0.0973754	3.71346	1.67246	0.450377	1.06642	3.0425	3.90888	1.73867	0.4448	8.98627	0.482612	0.447517	0.388758	0.0618754
20272	0.155067	0.145433	3.87767	1.72118	0.44387	1.0307	2.99689	3.59787	1.80073	0.500498	10.6045	0.383365	0.471124	0.366064	0.0623852
20273	0.308534	0.201446	3.88883	1.72054	0.442432	1.09481	3.05603	3.95683	1.77342	0.448192	13.1805	0.309118	0.445337	0.368425	0.0626744
20274	0.215634	0.218158	3.54589	1.5784	0.445136	1.16865	3.14389	3.73952	1.74001	0.465303	9.42469	0.454121	0.455487	0.392172	0.0627555
20275	0.167892	0.195195	3.97059	1.73218	0.436254	1.09127	3.11397	3.91697	1.77885	0.454139	9.99179	0.426311	0.445136	0.377687	0.0629105
20276	0.214024	0.197968	3.93454	1.82332	0.463414	1.13851	3.12798	3.80109	1.82141	0.479181	10.0448	0.427335	0.471162	0.370736	0.063058
20277	0.23174	0.220139	3.80092	1.75698	0.462253	1.29686	3.27679	3.68357	1.61636	0.438803	8.23552	0.567244	0.450711	0.409251	0.0632155
20278	0.153765	0.160604	3.75668	1.74081	0.463391	1.25574	3.24773	3.57165	1.58528	0.44385	7.84809	0.607176	0.453867	0.417484	0.0636095
20279	0.291321	0.245405	3.81224	1.8087	0.474446	1.18415	3.16993	3.62203	1.63166	0.450483	10.7294	0.398572	0.462771	0.383409	0.0640677
20280	0.189097	0.213847	3.82961	1.82574	0.476743	1.17038	3.19179	3.56833	1.77005	0.496044	9.20969	0.481457	0.486052	0.381522	0.0642306
20281	0.287669	0.246327	3.94312	1.85154	0.469561	1.26434	3.27917	3.74231	1.757	0.469496	9.64281	0.476944	0.46953	0.389339	0.0643285
20282	0.192327	0.223225	3.77632	1.80962	0.4792	1.30142	3.33464	3.98812	1.80689	0.453067	7.87005	0.615048	0.465777	0.401037	0.0647417
20283	0.228625	0.156214	3.35187	1.61755	0.48258	1.33281	3.35117	3.60243	1.7512	0.486116	8.37234	0.609611	0.484412	0.431143	0.0648624
20284	0.284782	0.198264	3.72343	1.83027	0.491555	1.37271	3.29628	3.56867	1.72973	0.484698	8.10897	0.591796	0.488199	0.402748	0.064976
20285	0.220927	0.195955	3.82541	1.90133	0.497027	1.26975	3.31385	3.75444	1.59252	0.424169	8.83719	0.55002	0.460939	0.410359	0.0652591
20286	0.263504	0.222869	4.31873	1.8938	0.438508	1.26094	3.30728	3.73617	1.66357	0.44526	9.56244	0.497445	0.44164	0.400809	0.0653563
20287	0.132051	0.177167	3.97988	1.89771	0.476827	1.22848	3.32775	3.72752	1.92891	0.517477	8.25703	0.601074	0.496487	0.393505	0.0658605
20288	0.202679	0.232195	3.74596	1.8614	0.496909	1.41292	3.31504	3.92927	1.76436	0.449031	6.48867	0.732347	0.472398	0.396001	0.0661347
20289	0.131794	0.195324	3.67835	1.76646	0.480233	1.28254	3.31303	3.71965	1.77685	0.477693	7.34031	0.662104	0.478956	0.406932	0.0662246
20290	0.380578	0.285716	3.65325	1.77992	0.487217	1.28406	3.30509	3.86173	1.79767	0.46551	11.1684	0.408142	0.476062	0.389268	0.0665192
20291	0.30496	0.286763	3.84003	1.75233	0.456332	1.38039	3.34274	3.70328	1.87583	0.506532	8.07485	0.578278	0.480977	0.391665	0.066536
20292	0.295537	0.24861	3.82805	1.77676	0.464142	1.41986	3.44155	4.00561	1.89329	0.47266	8.06482	0.632056	0.468498	0.409963	0.0667473
20293	0.115604	0.195048	3.49762	1.70953	0.48877	1.48509	3.4108	4.00431	1.88078	0.469688	5.51382	0.93774	0.478584	0.41875	0.0668712
20294	0.117099	0.161577	4.08596	1.93823	0.474365	1.48656	3.46445	3.80687	1.9243	0.505481	5.81677	0.937716	0.489372	0.413981	0.0670911
20295	0.254694	0.206629	4.12227	1.87269	0.454287	1.52095	3.53719	4.05819	1.96784	0.484905	6.9182	0.801701	0.469476	0.419428	0.0674029
20296	0.218182	0.227799	4.04816	1.78248	0.440318	1.55517	3.58589	3.98283	2.00416	0.5032	6.30859	0.893765	0.471503	0.426896	0.0675954
20297	0.278471	0.264147	3.70775	1.74193	0.469807	1.54264	3.54614	3.87505	1.98951	0.513416	6.74007	0.799061	0.492093	0.41929	0.0680134
20298	0.158834	0.230941	3.60195	1.67255	0.464345	1.65399	3.58212	3.70147	1.8951	0.511986	5.0237	1.11774	0.48849	0.440514	0.0682174
20299	0.204632	0.268086	3.54543	1.70204	0.480064	1.50937	3.54674	3.64404	1.78992	0.491191	6.31461	0.851166	0.485704	0.435022	0.0679679
20300	0.252807	0.237572	3.97139	1.74772	0.440077	1.63583	3.61064	3.93103	1.89864	0.482989	5.94824	0.956382	0.461423	0.438346	0.0682978
20301	0.291343	0.300777	3.75774	1.77984	0.473645	1.61975	3.64783	3.65639	1.8642	0.509848	6.34844	0.882327	0.491499	0.434694	0.0684289
20302	0.198055	0.277228	3.62644	1.74867	0.4822	1.56177	3.61035	3.95283	1.82986	0.462925	5.97385	0.929864	0.472147	0.437104	0.0687266
20303	0.285034	0.287598	3.83334	1.72977	0.451245	1.59844	3.59183	3.90104	1.83665	0.470809	6.32911	0.862518	0.461113	0.433656	0.0689895
20304	0.230697	0.322068	3.53209	1.76221	0.498915	1.58417	3.56477	3.82398	1.80953	0.473207	5.74002	0.915949	0.485551	0.424084	0.0694982
20305	0.28909	0.323417	4.13206	1.7651	0.427173	1.59657	3.59011	3.63887	1.71813	0.472162	6.24232	0.854753	0.44824	0.43384	0.0695206
20306	0.295511	0.345824	3.56529	1.77609	0.498162	1.51795	3.50424	4.0541	1.98064	0.488551	6.67552	0.747178	0.493049	0.399104	0.0699472
20307	0.340208	0.335415	4.02172	1.75086	0.435352	1.48394	3.49316	3.99762	1.86839	0.467375	7.6226	0.654065	0.451315	0.407975	0.0699991
20308	0.358986	0.359415	3.81306	1.84126	0.482882	1.42205	3.526	4.00374	1.80834	0.451663	8.87289	0.565052	0.466892	0.407309	0.0703086
20309	0.421295	0.407722	3.77122	1.77951	0.471865	1.44214	3.49783	3.49726	1.80855	0.517133	9.16278	0.521065	0.493646	0.399634	0.0705925
20310	0.427665	0.418796	3.81845	1.71065	0.447995	1.37889	3.4469	3.68005	1.76575	0.479818	10.1339	0.452414	0.463613	0.397494	0.0704888
20311	0.456751	0.397668	3.94548	1.90629	0.483159	1.45567	3.44531	3.96455	1.8702	0.471731	9.30829	0.498916	0.477431	0.380871	0.0706599
20312	0.211951	0.360781	3.84405	1.73098	0.4503	1.4585	3.45808	4.0056	1.82484	0.455572	6.1737	0.776948	0.45299	0.40292	0.0709788
20313	0.392889	0.34697	3.86185	1.53455	0.397362	1.46262	3.45091	3.87008	1.69676	0.43843	8.4193	0.572164	0.417918	0.427187	0.071217
20314	0.276888	0.327865	3.65188	1.63746	0.448389	1.47785	3.46318	3.97706	1.81527	0.456434	6.81558	0.721157	0.452583	0.415931	0.0718016
20315	0.374749	0.313649	3.67723	1.71032	0.465111	1.45277	3.47115	3.56567	1.74521	0.489447	8.57891	0.581064	0.477091	0.419163	0.0716845
20316	0.300318	0.323213	3.68633	1.71377	0.4649	1.47151	3.43328	4.1706	1.91653	0.459534	7.05153	0.685846	0.462052	0.399915	0.0717715
20317	0.382959	0.332942	3.66094	1.77788	0.485634	1.4756	3.44276	4.07228	1.93788	0.47587	8.1006	0.596927	0.480493	0.394305	0.0717769
20318	0.395	0.386076	4.05254	1.8558	0.457935	1.49365	3.47287	3.90807	1.95894	0.501253	7.89397	0.603517	0.479201	0.384521	0.0723292
20319	0.400848	0.375812	3.6538	1.74421	0.477369	1.49118	3.48527	3.8784	1.96504	0.506663	8.13299	0.594415	0.492453	0.39467	0.0725664
20320	0.360513	0.357208	3.94337	1.89127	0.479608	1.4335	3.50046	3.83633	1.90204	0.495796	8.58157	0.575653	0.487591	0.39448	0.0727612
20321	0.346174	0.338821	4.01882	1.79405	0.446414	1.3286	3.42351	3.72509	1.96708	0.528061	9.85877	0.482581	0.485689	0.387552	0.0729394
20322	0.420328	0.353585	3.83073	1.83065	0.477886	1.39999	3.41247	3.93264	1.99142	0.506381	9.74928	0.479869	0.492321	0.379779	0.0732739
20323	0.269354	0.33341	3.82913	1.8404	0.480632	1.38881	3.41313	4.08855	2.0426	0.499591	7.56852	0.626587	0.490422	0.379251	0.073373
20324	0.407315	0.450925	3.52978	1.71013	0.484488	1.44695	3.43725	4.16101	1.97771	0.475294	8.25108	0.540423	0.479513	0.376896	0.0736998
20325	0.419622	0.457519	3.8283	1.76734	0.461652	1.26208	3.35512	4.0061	1.94228	0.484831	11.83	0.354866	0.473504	0.361478	0.0739955
20326	0.544376	0.493519	3.75747	1.68428	0.448248	1.2661	3.35057	3.73264	1.78169	0.477327	15.6708	0.260443	0.46274	0.370701	0.0742313
20327	0.445263	0.498302	3.77848	1.79682	0.475539	1.36808	3.33918	3.79229	1.77453	0.467932	9.477	0.425798	0.471729	0.361118	0.0745379
20328	0.495367	0.519665	3.91709	1.66687	0.425537	1.22571	3.27726	3.9411	1.83707	0.46613	14.2563	0.266701	0.445896	0.35184	0.0745804
20329	0.621765	0.562904	3.68531	1.67625	0.454845	1.32475	3.30257	3.85931	1.8258	0.47309	15.1879	0.247097	0.464178	0.348993	0.0746989
20330	0.64512	0.586709	3.80795	1.73469	0.455544	1.35296	3.27282	4.01646	1.86028	0.463163	14.4003	0.250522	0.459455	0.334225	0.0751172
20331	0.618537	0.612608	3.86595	1.69225	0.437732	1.3307	3.29784	4.31766	1.97053	0.45639	14.2168	0.253591	0.447576	0.329934	0.0753685
20332	0.602177	0.642867	3.60815	1.67134	0.463212	1.31654	3.29588	4.20582	2.00323	0.476299	13.7922	0.25516	0.470256	0.323914	0.0754529
20333	0.591141	0.639814	4.03068	1.75503	0.435417	1.32476	3.27686	3.99787	2.03469	0.508944	12.9209	0.269099	0.47203	0.314586	0.0758535
20334	0.642256	0.637534	3.60065	1.80562	0.501469	1.34152	3.26659	4.02819	2.01096	0.499221	14.1358	0.244484	0.500282	0.311761	0.0762129
20335	0.639056	0.630027	4.02542	1.78958	0.44457	1.33991	3.27646	3.65612	1.95706	0.535282	14.2585	0.245595	0.487745	0.318597	0.0766127
20336	0.67492	0.675616	3.73016	1.65966	0.444931	1.28842	3.28436	3.8544	1.84062	0.477537	18.0812	0.188194	0.461501	0.327195	0.0769912
20337	0.700063	0.642782	3.62955	1.72735	0.475912	1.2965	3.29426	3.99929	1.92697	0.481829	19.7631	0.177866	0.479014	0.324873	0.0771603
20338	0.609421	0.559232	3.84128	1.68877	0.439637	1.35135	3.35117	3.86612	1.97622	0.511163	14.1608	0.27523	0.475515	0.347251	0.0770132
20339	0.454283	0.533321	3.7089	1.69666	0.457456	1.40754	3.43017	4.31207	1.86718	0.433012	9.23482	0.454353	0.444315	0.370661	0.0771549
20340	0.406124	0.447846	3.59755	1.64948	0.4585	1.33742	3.37627	4.00816	1.92178	0.479468	9.8876	0.433658	0.46955	0.375244	0.0769787
20341	0.361337	0.445568	3.63862	1.76519	0.485126	1.312	3.38549	3.61713	1.90164	0.525733	9.56358	0.451877	0.505369	0.3709	0.07728
20342	0.43936	0.456093	4.00658	1.76075	0.439464	1.34666	3.34997	4.06894	1.92224	0.472418	10.1733	0.411593	0.456068	0.362547	0.0775029
20343	0.45611	0.472732	3.82085	1.83157	0.479363	1.27474	3.2101	3.9785	1.92819	0.484651	11.1814	0.335074	0.482061	0.332666	0.0777555
20344	0.544997	0.555389	3.95977	1.81331	0.457931	1.24125	3.21027	3.83093	1.89609	0.494944	14.5397	0.242384	0.476131	0.32216	0.07782
20345	0.624795	0.629968	3.64175	1.74975	0.48047	1.1916	3.2283	3.7667	1.89283	0.502516	21.0147	0.160634	0.491679	0.316751	0.0778481
20346	0.675833	0.699784	3.53721	1.77335	0.50134	1.24637	3.25623	3.92001	1.87517	0.47836	20.0776	0.162754	0.48926	0.30941	0.0779265
20347	0.758776	0.720249	3.72506	1.84816	0.496143	1.09937	3.17276	3.58786	1.79334	0.499837	51.8486	0.0580035	0.497955	0.292356	0.0780384
20348	0.516889	0.592054	3.67329	1.79216	0.48789	1.05915	3.08229	3.75259	1.74222	0.464271	21.0897	0.147022	0.475955	0.305006	0.0778557
20349	0.664157	0.682585	3.38868	1.63534	0.482589	1.01111	3.04546	3.69842	1.6377	0.442811	46.3799	0.0601894	0.461831	0.299064	0.078581
20350	0.699095	0.692256	3.66294	1.58403	0.432448	1.07635	3.07033	3.79185	1.78718	0.471322	39.7355	0.0711612	0.452221	0.29557	0.0787718
20351	0.638411	0.634567	3.60418	1.68635	0.467886	0.951188	2.94205	3.94698	1.86802	0.473278	54.4262	0.0489147	0.470704	0.272564	0.0792106
20352	0.604791	0.552258	3.69393	1.79011	0.484608	1.04199	3.00958	4.07569	1.86552	0.45772	31.5908	0.0955727	0.470504	0.292366	0.0794338
20353	0.499552	0.518134	3.74168	1.74752	0.467041	0.972907	2.96724	3.952	1.88719	0.477527	26.7696	0.112032	0.472427	0.292169	0.0797601
20354	0.555365	0.553583	3.8346	1.69907	0.443089	0.888778	2.95578	3.93073	1.93295	0.491755	51.9099	0.0555822	0.467723	0.284384	0.0800481
20355	0.6028	0.577543	3.64063	1.68971	0.464125	1.0252	2.97526	4.00799	1.81932	0.453922	32.2214	0.0892112	0.458779	0.290676	0.0808999
20356	0.498552	0.51592	3.74181	1.57761	0.421616	0.991466	3.01266	3.58262	1.76484	0.49261	25.6569	0.121482	0.456342	0.318099	0.0811713
20357	0.503466	0.465393	3.75444	1.66149	0.442539	0.95503	2.98159	3.91428	1.91836	0.490092	31.0492	0.101955	0.466811	0.306695	0.0814071
20358	0.51871	0.454018	3.63931	1.70556	0.46865	1.08176	3.03712	3.93084	1.86514	0.47449	21.0473	0.15851	0.471683	0.318522	0.0819141
20359	0.441168	0.471097	3.98006	1.7085	0.429264	0.981613	2.94072	3.86896	1.76121	0.455215	20.8813	0.14604	0.442056	0.305395	0.0819557
20360	0.425666	0.448921	3.76381	1.6793	0.44617	0.831428	2.91491	4.08053	1.9189	0.470259	36.9351	0.0823214	0.458701	0.297121	0.0820103
20361	0.533047	0.417333	3.83953	1.80445	0.469968	0.897746	2.86935	4.1747	2.0531	0.491796	45.2042	0.0665025	0.481339	0.280495	0.0821259
20362	0.449871	0.469607	3.55357	1.71209	0.481794	0.980115	2.98473	4.11327	1.9901	0.483823	22.4992	0.140579	0.482883	0.299417	0.0822085
20363	0.46195	0.487719	3.85779	1.74879	0.453313	0.922637	2.95199	3.89976	2.00396	0.513869	28.6131	0.106117	0.483755	0.288129	0.0823557
20364	0.606682	0.610131	3.71889	1.70137	0.457495	0.981253	3.01254	3.75812	1.91253	0.508906	41.1363	0.0701516	0.483335	0.285439	0.0826903
20365	0.703064	0.697191	3.68944	1.7867	0.484274	1.1052	3.08226	3.93107	1.93093	0.491198	35.1766	0.0808573	0.487846	0.276794	0.0831017
20366	0.746947	0.720979	3.65764	1.72689	0.472133	1.16578	3.11033	4.00338	1.91718	0.47889	32.5452	0.0877088	0.475664	0.281537	0.0832941
20367	0.788278	0.741721	3.66169	1.7331	0.473305	1.06112	3.11821	3.85069	1.8558	0.481939	75.866	0.0372215	0.477731	0.28244	0.0833296
20368	0.697918	0.714305	3.65343	1.65854	0.453967	1.15362	3.12753	4.16455	1.80784	0.434103	28.0437	0.103832	0.443386	0.295884	0.0837292
20369	0.640546	0.647492	3.51802	1.74352	0.495596	1.12231	3.17083	4.08303	1.92892	0.472424	27.4334	0.116049	0.483149	0.302487	0.0841229
20370	0.690081	0.635282	4.0483	1.79337	0.442993	1.22951	3.14415	4.07736	1.93269	0.474005	21.632	0.145489	0.458554	0.297031	0.0846041
20371	0.51432	0.555553	3.61442	1.7125	0.473796	1.14767	3.14242	4.28609	2.00056	0.466757	16.6827	0.200563	0.469978	0.310719	0.0851169
20372	0.560118	0.544636	3.79805	1.81025	0.476625	1.09073	3.11333	3.68518	1.75402	0.475965	23.4352	0.140775	0.4763	0.316488	0.0855198
20373	0.386079	0.424824	3.99584	1.797	0.449718	1.11787	3.09533	4.15096	2.01797	0.486147	13.3173	0.267757	0.468279	0.318605	0.0853674
20374	0.423035	0.45113	3.75943	1.68586	0.448435	1.21977	3.16011	3.81527	2.03491	0.53336	11.5607	0.317393	0.491211	0.330355	0.0856578
20375	0.38735	0.444303	3.85357	1.67198	0.433879	1.1681	3.17462	3.6222	1.96112	0.541416	12.2294	0.304784	0.485984	0.339159	0.0858038
20376	0.475797	0.479429	3.52684	1.61892	0.459028	1.11614	3.07887	3.87946	2.05173	0.528869	16.4793	0.205018	0.495611	0.315277	0.0854182
20377	0.536742	0.472807	3.42701	1.52347	0.444547	1.05111	3.05023	3.90569	2.0011	0.512356	25.1085	0.132288	0.480664	0.320392	0.0855074
20378	0.481626	0.501349	3.42085	1.65463	0.483688	1.02957	3.04752	3.97059	1.87735	0.472815	21.5924	0.150121	0.477847	0.314649	0.0860294
20379	0.440331	0.458174	3.80133	1.63385	0.429809	1.05826	3.04202	3.9969	1.95067	0.488046	17.4847	0.190918	0.459658	0.31781	0.0867426
20380	0.397391	0.431672	3.65063	1.66117	0.455037	0.986018	2.97451	4.10143	1.94151	0.473373	18.6619	0.173241	0.464738	0.30983	0.086953
20381	0.405959	0.421624	3.79288	1.6207	0.427301	1.02071	2.98031	3.77947	1.74969	0.462947	17.3238	0.188957	0.445092	0.326989	0.0868569
20382	0.452567	0.436761	3.57108	1.68107	0.470746	0.992374	3.00158	3.76566	1.7542	0.46584	22.5754	0.145696	0.468228	0.323854	0.0870727
20383	0.55149	0.501251	3.79088	1.74052	0.459132	1.09275	3.05775	4.06863	1.78934	0.43979	22.3094	0.146478	0.449119	0.316528	0.0872255
20384	0.499147	0.506533	4.10641	1.85128	0.450828	1.12301	3.10462	3.78945	1.84146	0.485943	17.3431	0.194603	0.467681	0.313758	0.0872607
20385	0.591646	0.580372	3.63456	1.87022	0.514566	1.14252	3.14772	3.91914	1.71853	0.438496	21.7201	0.151732	0.475098	0.314784	0.0871727
20386	0.661394	0.616896	3.97119	1.79123	0.451057	1.1683	3.16284	3.76457	1.81671	0.482581	25.2253	0.128479	0.466398	0.310041	0.0872549
20387	0.694758	0.644397	3.62394	1.81044	0.499578	1.10843	3.14274	3.94061	1.82979	0.464342	36.4752	0.0855615	0.481222	0.30015	0.0872613
20388	0.586539	0.651374	4.08066	1.91147	0.468422	1.1691	3.15259	3.74391	1.9183	0.512381	18.4337	0.169691	0.489455	0.29007	0.087682
20389	0.643808	0.686475	3.63396	1.71208	0.471134	1.08508	3.08233	3.81286	1.82803	0.479439	29.4786	0.0973606	0.475386	0.288542	0.0879187
20390	0.669681	0.686985	3.64817	1.67611	0.459438	0.994791	3.07804	3.66484	1.78097	0.485961	54.0905	0.0528481	0.47273	0.292609	0.0881192
20391	0.632739	0.666752	3.80912	1.77256	0.465346	1.14207	3.14576	3.54869	1.73397	0.488623	23.6897	0.129708	0.476573	0.304766	0.0882765
20392	0.694494	0.667612	3.54155	1.66178	0.469224	1.07186	3.16033	3.59699	1.81929	0.505782	43.6335	0.071203	0.487645	0.308662	0.0887073
20393	0.648748	0.705791	3.78359	1.63293	0.431584	1.18473	3.10416	3.65917	1.81064	0.494823	20.0233	0.143637	0.462675	0.294687	0.0891589
20394	0.780498	0.753283	3.77528	1.75096	0.463796	0.976274	3.0453	3.74977	1.76678	0.471171	137.062	0.0191641	0.467471	0.27195	0.0891983
20395	0.682561	0.650701	3.51771	1.62653	0.462384	1.05164	3.06987	3.9564	1.67166	0.422521	42.9634	0.0681089	0.441283	0.307396	0.0897941
20396	0.568969	0.630266	3.58067	1.63772	0.457378	1.0367	3.03838	4.00752	1.8124	0.452251	26.5076	0.109384	0.45467	0.29598	0.089626
20397	0.666509	0.617158	3.17517	1.61283	0.507952	0.995669	3.00041	3.94797	1.90644	0.48289	52.4235	0.0541733	0.494062	0.287591	0.0898849
20398	0.53876	0.572068	3.58129	1.6203	0.452435	1.05702	2.93607	3.95663	1.9082	0.482279	20.8062	0.134299	0.4681	0.283746	0.0899313
20399	0.50426	0.534881	3.73176	1.60542	0.430203	0.887956	2.86436	3.80982	1.8087	0.474747	36.859	0.0736115	0.452706	0.284465	0.0899588
20400	0.514687	0.514983	3.64191	1.71997	0.472271	0.914514	2.88561	3.82444	1.80002	0.470664	35.1546	0.0799311	0.471448	0.285378	0.0901712
20401	0.456295	0.489022	3.48294	1.66847	0.479041	0.908449	2.914	3.66876	1.93016	0.526107	28.7635	0.102222	0.503185	0.29014	0.0905898
20402	0.499002	0.529697	3.52014	1.6385	0.465463	0.971045	2.92254	4.05194	1.95122	0.481552	25.696	0.111412	0.474072	0.285182	0.090395
20403	0.464009	0.484203	3.65817	1.68279	0.460009	0.955451	2.95252	3.71016	1.79224	0.483062	25.2266	0.120757	0.471617	0.304847	0.0907742
20404	0.395592	0.434287	3.55607	1.63595	0.460044	0.960154	3.00032	3.77897	1.74656	0.46218	20.6586	0.159365	0.461144	0.327461	0.0907339
20405	0.493178	0.499554	3.82735	1.70715	0.44604	1.02455	3.00841	4.00185	1.81939	0.454637	22.2921	0.141179	0.450434	0.308646	0.0909154
20406	0.47514	0.470834	3.75173	1.74152	0.464191	0.998448	3.01588	3.97032	1.84062	0.463595	23.6525	0.136925	0.463884	0.311427	0.0911217
20407	0.322415	0.388251	3.74378	1.71713	0.458663	0.998648	3.03335	4.00488	1.9228	0.480113	15.3	0.228646	0.469749	0.324681	0.0913023
20408	0.353209	0.321458	3.85431	1.83776	0.476806	0.983214	3.01156	3.72534	1.90728	0.511975	18.2326	0.198453	0.494091	0.325838	0.0915759
20409	0.316671	0.32007	3.97549	1.86189	0.468342	1.05417	3.01973	3.64295	1.89783	0.520961	13.3997	0.271953	0.493503	0.326538	0.0922131
20410	0.2622	0.295223	4.19646	1.9328	0.460578	1.01826	2.98968	3.86777	1.8487	0.477975	12.7008	0.285812	0.468922	0.324422	0.0925867
20411	0.433369	0.378229	3.72943	1.93641	0.519224	1.01768	3.02952	3.61154	1.76882	0.489769	20.5884	0.170711	0.504733	0.321815	0.0931296
20412	0.323616	0.373341	3.84561	1.85778	0.483091	1.00625	3.00854	3.91807	1.9146	0.488658	14.9022	0.232994	0.4859	0.315272	0.0932943
20413	0.468557	0.460971	3.83764	1.86933	0.487103	0.957303	3.00169	4.02769	1.79121	0.444725	27.0238	0.119436	0.465402	0.30608	0.0936789
20414	0.401316	0.449181	3.95465	1.75103	0.442778	1.04482	3.03791	3.82497	1.71623	0.44869	16.1835	0.207048	0.445685	0.325891	0.0940797
20415	0.432747	0.454622	3.76926	1.65154	0.43816	1.06293	3.07813	3.86071	1.84446	0.477751	17.3315	0.198563	0.458193	0.329955	0.0944101
20416	0.411366	0.380631	3.83718	1.65035	0.430093	1.11419	3.08381	3.7006	1.79844	0.485985	14.793	0.246981	0.457533	0.346387	0.0941768
20417	0.320044	0.346325	3.77385	1.70566	0.451969	1.04588	3.06369	3.67197	1.80198	0.490738	14.0159	0.263416	0.471088	0.344927	0.0947364
20418	0.334194	0.368606	3.84834	1.80857	0.469962	1.09624	3.13557	3.88511	1.92165	0.494619	13.1841	0.290353	0.482349	0.339223	0.0947528
20419	0.329921	0.309937	3.91005	1.74664	0.446705	1.09238	3.12455	3.90881	1.83638	0.469806	13.6272	0.290672	0.458254	0.356097	0.0946621
20420	0.333388	0.303461	3.71603	1.81599	0.488691	1.14684	3.0797	4.05506	1.92658	0.475105	11.6479	0.330854	0.481602	0.339982	0.0949605
20421	0.314802	0.351286	3.75096	1.55235	0.413855	1.09643	3.06835	3.83877	1.96531	0.511964	12.0836	0.305474	0.463477	0.344233	0.095028
20422	0.354124	0.375299	3.87314	1.57864	0.407588	1.10903	3.14512	3.78121	2.07745	0.549415	13.4621	0.284946	0.477649	0.344203	0.0955187
20423	0.391614	0.424457	3.8742	1.64206	0.423844	1.0583	3.1241	4.55771	1.97896	0.4342	16.3973	0.222235	0.429442	0.334855	0.0956004
20424	0.549	0.463112	3.71577	1.70586	0.459086	1.24298	3.17825	4.08356	1.98906	0.487089	15.3068	0.240807	0.473748	0.332907	0.0953218
20425	0.456819	0.495726	3.51965	1.7031	0.483882	1.17683	3.1007	3.8691	1.96854	0.508784	13.0899	0.259205	0.496922	0.316137	0.0957288
20426	0.462084	0.449593	3.60712	1.87782	0.520588	1.04676	3.08335	4.09307	1.89583	0.463181	20.2917	0.170924	0.490073	0.314964	0.0961096
20427	0.495468	0.538968	3.69552	1.82669	0.494299	1.11938	3.11952	4.1859	1.9327	0.461718	17.1075	0.19463	0.476995	0.30703	0.0960831
20428	0.566988	0.606958	3.55663	1.80089	0.506349	1.21054	3.23758	3.5668	1.93062	0.541274	16.7088	0.207082	0.523837	0.316876	0.0966324
20429	0.69898	0.636612	3.61584	1.61944	0.447873	1.22236	3.22074	3.74353	1.77282	0.473569	24.3776	0.136965	0.460944	0.329928	0.0966767
20430	0.724166	0.673455	3.73429	1.71571	0.459448	1.10091	3.16355	3.72817	1.87164	0.502026	43.6848	0.0709693	0.48072	0.301837	0.0969645
20431	0.735551	0.717685	3.73934	1.68057	0.44943	1.0612	3.15592	3.83422	1.76544	0.460443	56.0595	0.0530241	0.455006	0.301438	0.0971712
20432	0.664697	0.702193	4.06736	1.85316	0.455618	1.09374	3.0979	3.99601	1.70204	0.425935	31.1795	0.0920379	0.440908	0.287645	0.0977174
20433	0.612242	0.619687	3.7392	1.79509	0.480073	1.07924	3.10373	3.97671	1.90989	0.480269	28.294	0.109042	0.480174	0.29407	0.0975624
20434	0.603396	0.583935	3.85329	1.77139	0.459708	1.10738	3.08062	3.74126	1.86665	0.498937	24.5416	0.126998	0.479033	0.299997	0.0975551
20435	0.539081	0.542109	3.84457	1.67598	0.435935	1.10461	3.11637	3.44564	1.73846	0.504537	20.7205	0.15991	0.468359	0.326802	0.0979602
20436	0.537929	0.522616	3.78799	1.75298	0.462773	1.25874	3.17942	3.75702	1.77363	0.472084	13.5855	0.259786	0.467409	0.333614	0.0983839
20437	0.565699	0.548313	3.78929	1.67184	0.441201	1.18105	3.12635	3.83547	1.75831	0.458434	17.5524	0.189327	0.44987	0.326438	0.0985929
20438	0.347685	0.461815	3.86647	1.78958	0.462846	1.04194	3.08037	4.01497	1.93763	0.482602	14.226	0.240996	0.47291	0.315137	0.099196
20439	0.474774	0.448286	3.89226	1.85201	0.475819	1.02786	3.07453	3.6498	1.78473	0.488995	22.5472	0.15295	0.482195	0.321743	0.0995636
20440	0.305684	0.340001	3.78092	1.92324	0.508669	1.07628	3.0619	3.90811	1.96783	0.503525	12.4763	0.296912	0.506055	0.322606	0.0995755
20441	0.311229	0.332476	4.06846	1.93349	0.475238	1.10798	3.1184	3.99763	2.11362	0.52872	12.2264	0.317402	0.501744	0.324178	0.0999404
20442	0.429877	0.393496	3.74654	1.74729	0.466376	1.08012	3.10675	4.20462	1.95175	0.464191	17.4111	0.211409	0.46522	0.332351	0.10021
20443	0.39796	0.374951	3.73192	1.69994	0.455515	1.10687	3.11039	3.89305	1.92233	0.493785	14.889	0.25128	0.475054	0.340669	0.100534
20444	0.370398	0.375385	3.66339	1.73135	0.472607	1.06012	3.0569	3.94293	1.89021	0.479392	15.1154	0.237855	0.476124	0.331827	0.100947
20445	0.41286	0.398102	3.92737	1.76803	0.450182	1.01366	2.96353	3.67112	1.61956	0.441161	18.2332	0.180479	0.445824	0.327027	0.101452
20446	0.34887	0.400587	3.79356	1.82599	0.48134	0.904695	2.9251	3.47031	1.61134	0.464323	20.6291	0.154471	0.47321	0.316827	0.101978
20447	0.422758	0.386434	3.35459	1.67658	0.499787	0.925948	2.96198	4.01356	1.78296	0.444235	26.1984	0.1266	0.469527	0.32414	0.102751
20448	0.452902	0.419929	3.93335	1.67949	0.426987	0.975324	2.92799	3.72307	1.77249	0.476083	23.0481	0.136462	0.450861	0.313088	0.102896
20449	0.408707	0.424424	3.78829	1.71068	0.451571	0.800028	2.81912	3.98814	1.87088	0.469112	37.4485	0.0765661	0.460567	0.285961	0.103131
20450	0.482181	0.490727	4.17788	1.74634	0.417997	0.702515	2.73214	3.75816	1.7544	0.466824	103.486	0.0242735	0.441119	0.264141	0.103956
20451	0.457464	0.467622	3.55541	1.72184	0.484287	0.633865	2.61372	4.01178	1.93305	0.481844	148.013	0.0155586	0.482992	0.239658	0.103998
20452	0.455025	0.444782	3.6083	1.65444	0.458509	0.533074	2.684	3.92019	1.96624	0.501568	823.125	0.00304577	0.480931	0.257271	0.104217
20453	0.340873	0.371072	3.76323	1.73437	0.460874	0.736209	2.73456	4.01108	1.88361	0.469603	35.7414	0.0781455	0.465378	0.278596	0.104365
20454	0.444073	0.380942	3.6287	1.67017	0.460266	0.720099	2.7329	4.03953	1.9633	0.486021	72.6041	0.0380951	0.473834	0.275782	0.104511
20455	0.351169	0.385054	3.84478	1.66401	0.432798	0.715411	2.68127	4.04772	1.97688	0.488393	39.7417	0.0663361	0.46131	0.265906	0.104842
20456	0.334801	0.377344	3.6925	1.64211	0.444714	0.540639	2.60856	3.73145	1.98762	0.532666	117.499	0.0211846	0.488921	0.255431	0.105192
20457	0.386377	0.405637	3.70512	1.74825	0.471847	0.601897	2.65506	3.93336	1.91115	0.485882	108.935	0.0232245	0.479074	0.256976	0.105381
20458	0.38264	0.422454	3.69136	1.65629	0.448694	0.703494	2.67163	4.02149	2.10294	0.522924	49.1399	0.0514734	0.487398	0.251829	0.105316
20459	0.288488	0.291327	3.94558	1.70703	0.432643	0.523399	2.52128	4.34366	2.10381	0.48434	90.1127	0.0275916	0.459733	0.246071	0.105853
20460	0.232938	0.272341	3.47815	1.6155	0.464472	0.513688	2.49614	3.69114	1.99238	0.539773	62.7409	0.0394104	0.503241	0.255312	0.105776
20461	0.362458	0.36311	3.78473	1.71086	0.452043	0.538417	2.58632	4.35701	1.94903	0.447333	159.639	0.0154807	0.449523	0.252499	0.105934
20462	0.294191	0.351305	3.70817	1.78047	0.480149	0.613772	2.57699	3.94374	1.84564	0.467992	48.5025	0.051066	0.473883	0.254676	0.105964
20463	0.487694	0.428458	3.73709	1.73628	0.464609	0.572387	2.56104	3.47244	1.87581	0.540199	634.042	0.00358644	0.501016	0.239502	0.106661
20464	0.492097	0.432512	4.07854	1.89382	0.464338	0.562839	2.57482	3.63558	1.75629	0.483084	917.084	0.00250221	0.473173	0.239252	0.106604
20465	0.422213	0.392291	3.98384	1.90216	0.47747	0.537872	2.55233	3.78852	1.89497	0.500187	348.789	0.00668854	0.488543	0.23509	0.106817
20466	0.335902	0.350611	3.65941	1.8214	0.49773	0.598139	2.58253	3.99528	2.01698	0.504841	72.4384	0.034384	0.501441	0.245062	0.107454
20467	0.335046	0.338768	3.61464	1.80513	0.499395	0.548623	2.57186	4.08105	1.96738	0.482078	109.321	0.0228076	0.490212	0.248475	0.107361
20468	0.329728	0.298144	3.7193	1.7241	0.463556	0.566822	2.53728	3.53198	1.70454	0.482601	89.1908	0.0281069	0.472833	0.267808	0.107717
20469	0.231745	0.256711	3.77127	1.75353	0.46497	0.486229	2.49993	3.52657	1.76125	0.499422	77.6999	0.0323812	0.481618	0.263677	0.107757
20470	0.333831	0.327885	3.72095	1.69039	0.454289	0.496989	2.51135	3.93674	1.89011	0.480121	179.092	0.0133102	0.467569	0.249839	0.108116
20471	0.305087	0.274027	3.76917	1.73372	0.459974	0.480878	2.41668	3.91133	1.86057	0.475688	148.564	0.0154511	0.467976	0.242128	0.108113
20472	0.169236	0.245938	3.57169	1.55317	0.434856	0.449173	2.45132	3.63017	1.93193	0.532185	62.0651	0.0391824	0.483916	0.258748	0.108733
20473	0.252788	0.207596	3.9978	1.72505	0.431501	0.477912	2.48237	3.96651	1.81642	0.45794	102.102	0.0253404	0.444668	0.26765	0.10907
20474	0.196513	0.248956	3.95227	1.77566	0.449277	0.46715	2.46813	3.89978	1.86841	0.479106	67.2369	0.0366221	0.464092	0.252631	0.109191
20475	0.194076	0.265283	3.45845	1.61545	0.467103	0.408835	2.38219	4.00129	1.71216	0.427901	97.1628	0.0230607	0.446076	0.251969	0.109201
20476	0.203709	0.22649	3.93024	1.82193	0.463567	0.356985	2.39061	3.56089	1.72191	0.483561	199.349	0.0117468	0.473071	0.248436	0.109465
20477	0.251679	0.236334	3.89873	1.76371	0.45238	0.397804	2.38309	4.04326	1.79985	0.445149	215.833	0.0106762	0.448698	0.244413	0.109582
20478	0.254822	0.272619	3.78871	1.76668	0.4663	0.35055	2.37349	3.92289	1.88073	0.479425	481.635	0.00458195	0.472977	0.232347	0.1099
20479	0.235211	0.27689	3.77816	1.85737	0.491606	0.377844	2.37928	4.00252	1.87264	0.467866	217.263	0.0101721	0.479393	0.228632	0.110162
20480	0.362785	0.256102	3.53269	1.56244	0.442282	0.458504	2.46684	3.84203	1.90705	0.496364	533.433	0.00458105	0.470457	0.260543	0.110276
20481	0.250361	0.320289	3.86801	1.73955	0.449727	0.383253	2.47548	3.84355	1.81876	0.473198	263.013	0.00883012	0.461425	0.246138	0.110434
20482	0.41704	0.354974	3.81701	1.80101	0.471838	0.427499	2.50565	3.78565	1.76449	0.4661	42282.5	5.46964e-05	0.46898	0.244986	0.110683
20483	0.343352	0.311583	4.11403	1.82624	0.443906	0.479949	2.50073	3.95567	1.97409	0.499052	256.842	0.00932935	0.470938	0.239784	0.110835
20484	0.165808	0.242923	3.99081	1.87909	0.470855	0.37427	2.41116	3.77316	2.01528	0.53411	108.183	0.0217282	0.501596	0.231921	0.110923
20485	0.118288	0.181387	3.86912	1.97118	0.509466	0.348034	2.3759	4.01411	1.87454	0.466987	91.2387	0.0263916	0.487836	0.238515	0.110997
20486	0.0749932	0.152421	3.66026	1.9151	0.523216	0.391502	2.3745	3.91539	1.89128	0.483037	49.2888	0.050089	0.50245	0.244977	0.111236
20487	0.130887	0.142653	3.6195	1.71163	0.472892	0.335712	2.32072	3.75188	1.88068	0.501263	113.078	0.0209766	0.487332	0.248297	0.111714
20488	0.0876518	0.0859469	3.65936	1.76014	0.480996	0.286141	2.31851	3.80376	1.83515	0.482458	126.512	0.019699	0.481741	0.257477	0.111648
20489	0.242645	0.137927	3.91032	1.77964	0.455113	0.443903	2.40346	3.84922	1.8179	0.472277	126.717	0.0202523	0.463628	0.263002	0.111845
20490	0.084641	0.123786	3.77739	1.74954	0.463161	0.416622	2.40583	3.96324	1.84453	0.465409	47.2523	0.0551056	0.464312	0.266015	0.111702
20491	0.0982261	0.12833	3.53606	1.73015	0.489289	0.490776	2.47152	4.03293	1.88674	0.467832	35.6309	0.0770476	0.477857	0.275203	0.111759
20492	0.0923047	0.0971471	3.77198	1.76887	0.468951	0.398443	2.40587	4.07793	1.89438	0.464546	56.8732	0.0468605	0.466662	0.266832	0.112421
20493	0.0157635	0.0169495	3.84009	1.69634	0.441744	0.349261	2.38031	4.05534	1.99333	0.491532	50.2196	0.0556104	0.467317	0.274649	0.112696
20494	0.116334	0.0183986	3.28969	1.61098	0.489705	0.486106	2.45862	4.1003	1.87742	0.457873	43.5498	0.068366	0.472043	0.29921	0.11261
20495	0.0171616	0.00231445	3.64651	1.75904	0.482391	0.489893	2.4682	3.61311	1.73717	0.480795	27.2093	0.111737	0.481597	0.303144	0.112886
20496	0.00956031	-0.015784	3.73761	1.60263	0.428786	0.461294	2.48737	3.62199	1.94242	0.536286	30.7052	0.102032	0.481692	0.306562	0.113048
20497	-0.0510916	0.014553	3.78937	1.66098	0.438326	0.364138	2.37376	3.88879	1.9377	0.498277	32.2816	0.086208	0.46869	0.278944	0.113508
20498	-0.00066332	0.0257793	3.67472	1.59198	0.433226	0.339917	2.38326	3.93296	1.91658	0.487313	47.9134	0.0579976	0.461187	0.283775	0.113685
20499	0.029286	0.0457596	3.57752	1.67959	0.469483	0.385337	2.4459	3.8332	1.82649	0.476493	45.4412	0.063386	0.473109	0.291267	0.114098
20500	0.05665	0.0278958	4.0166	1.79521	0.446948	0.444757	2.42917	3.92264	1.69665	0.432529	38.2808	0.0753137	0.439824	0.292302	0.113896
