cycle	Zbar1	Gbar1	VP1	VG1	h21	Zbar2	Gbar2	VP2	VG2	h22	h2b	h2b_denom	h2w	Qst	Fst
20000	0.240511	0.207931	3.71379	1.7697	0.476522	-1.74183	0.221838	3.68879	1.65998	0.450006	4.92176e-05	1.96483	0.463309	1.4105e-05	0.000367223
20001	0.182095	0.173918	3.73285	1.82851	0.489842	-1.7551	0.204253	3.46646	1.62872	0.469851	0.000245211	1.87636	0.480217	6.65713e-05	0.000671114
20002	0.167503	0.217664	3.80223	1.79102	0.471045	-1.76199	0.270805	3.59164	1.64885	0.459079	0.00075851	1.86148	0.465232	0.000205294	0.000904735
20003	0.19391	0.192492	3.53994	1.66055	0.46909	-1.72354	0.290068	3.69334	1.7246	0.466948	0.00258967	1.8383	0.467997	0.000703016	0.00121798
20004	0.248148	0.281427	3.74947	1.69351	0.451665	-1.5861	0.335983	3.76849	1.76967	0.469595	0.000884654	1.68224	0.460653	0.000214922	0.00147403
20005	0.190879	0.196258	3.6801	1.78704	0.485596	-1.7021	0.310594	4.09562	1.77276	0.432842	0.00364819	1.79168	0.45781	0.000917702	0.00174606
20006	0.163963	0.16503	3.66816	1.87702	0.511707	-1.71973	0.354321	3.61956	1.70092	0.469924	0.0100981	1.77415	0.490955	0.00249861	0.00200514
20007	0.316911	0.272728	3.41875	1.69282	0.495158	-1.67816	0.332642	3.44919	1.70317	0.493789	0.000901849	1.99015	0.49447	0.000264317	0.00225188
20008	0.18712	0.194948	3.54115	1.68315	0.475311	-1.72125	0.256293	3.79905	1.72063	0.452911	0.00103332	1.82093	0.463718	0.00027646	0.00257816
20009	0.191533	0.233316	3.43011	1.63095	0.47548	-1.61471	0.357725	3.77457	1.78654	0.473308	0.00474408	1.63126	0.474342	0.00113152	0.00280553
20010	0.224253	0.262101	3.60328	1.71126	0.474918	-1.66515	0.324209	3.73298	1.70188	0.455902	0.00108057	1.78492	0.465242	0.000282606	0.00298293
20011	0.281653	0.257906	3.85986	1.87838	0.486644	-1.58001	0.411863	3.72109	1.72711	0.464141	0.00683908	1.73289	0.475599	0.00164164	0.00329189
20012	0.232052	0.28499	3.77586	1.75378	0.464471	-1.48125	0.523086	3.82931	1.8091	0.472435	0.0193125	1.4677	0.468481	0.00396402	0.0035283
20013	0.242103	0.291137	4.29995	1.8412	0.428192	-1.38951	0.508828	3.72263	1.68761	0.453337	0.017801	1.33108	0.43986	0.00334775	0.00375703
20014	0.420523	0.346481	4.17325	1.82525	0.437369	-1.33913	0.584523	3.66913	1.73781	0.473631	0.0183001	1.5482	0.454334	0.00396203	0.00386785
20015	0.290851	0.270503	3.69463	1.7425	0.471629	-1.38403	0.646999	3.52785	1.71685	0.486657	0.0505305	1.40261	0.478969	0.0101451	0.00415032
20016	0.343621	0.305144	3.8504	1.66517	0.432468	-1.34641	0.678142	3.33723	1.61325	0.48341	0.048711	1.4281	0.456121	0.0105032	0.00443724
20017	0.380232	0.324953	3.81472	1.66781	0.437204	-1.2369	0.72628	3.68144	1.61622	0.439018	0.0615893	1.30756	0.438095	0.0121186	0.00465781
20018	0.298669	0.341132	3.85424	1.71892	0.445983	-1.1473	0.809431	3.72148	1.54741	0.415804	0.104888	1.04542	0.431158	0.0165162	0.0049798
20019	0.277686	0.321626	3.45548	1.60334	0.463998	-1.21632	0.825685	3.58706	1.53705	0.428499	0.11383	1.11603	0.445917	0.0198351	0.0052816
20020	0.445924	0.390867	3.78789	1.67878	0.443195	-1.15764	0.893337	3.58052	1.67726	0.46844	0.0981859	1.2857	0.455462	0.0184694	0.00544631
20021	0.492992	0.405613	3.4535	1.66511	0.48215	-1.04001	0.912762	3.81287	1.74917	0.458754	0.109442	1.17505	0.469874	0.0184936	0.00570058
20022	0.341983	0.329338	3.88638	1.65813	0.426652	-1.08697	0.942629	3.58987	1.73323	0.482811	0.184202	1.02096	0.453618	0.0269918	0.00596707
20023	0.349812	0.355071	3.46853	1.55639	0.448719	-1.00663	0.98988	3.93727	1.84517	0.468643	0.21902	0.919967	0.459311	0.0287794	0.00626709
20024	0.33565	0.334631	3.70327	1.63548	0.441631	-1.09472	0.980785	4.08289	1.84519	0.451932	0.204069	1.02297	0.447033	0.0291292	0.0064644
20025	0.343632	0.359667	3.57768	1.72597	0.482427	-0.896037	1.03903	4.14187	1.79992	0.434567	0.300324	0.76839	0.456748	0.0317029	0.00670572
20026	0.367466	0.334314	3.73961	1.75999	0.470636	-0.862021	1.07894	3.98845	1.7568	0.440472	0.366796	0.75582	0.455068	0.037939	0.00690553
20027	0.321856	0.287251	3.69157	1.80101	0.487872	-0.928512	1.12773	3.83299	1.70935	0.445956	0.451832	0.78171	0.46652	0.0479216	0.00722254
20028	0.26781	0.257378	3.65433	1.74827	0.478411	-0.902916	1.10959	3.70951	1.81364	0.488916	0.529894	0.6853	0.483703	0.0485257	0.00732486
20029	0.253654	0.274497	3.62685	1.68726	0.465214	-0.831605	1.17522	3.49606	1.66147	0.475239	0.688841	0.588894	0.470135	0.0571363	0.00758706
20030	0.301624	0.270284	3.81279	1.66729	0.437287	-0.767386	1.17259	3.91243	1.75014	0.447328	0.71243	0.571391	0.442373	0.0562375	0.00792925
20031	0.332058	0.288884	3.61293	1.63276	0.451923	-0.925219	1.11734	3.62551	1.60005	0.44133	0.434183	0.790373	0.446617	0.0504244	0.00810677
20032	0.289247	0.283387	3.57583	1.67894	0.469524	-0.69659	1.18636	3.99528	1.6355	0.409359	0.838958	0.485938	0.437775	0.0579648	0.00828258
20033	0.30513	0.258045	3.73126	1.72736	0.462942	-0.738694	1.23467	3.7949	1.63464	0.430746	0.87538	0.544785	0.446708	0.066258	0.0085738
20034	0.342194	0.362329	3.70176	1.73891	0.469751	-0.804236	1.21126	3.86978	1.71298	0.442657	0.548338	0.657151	0.455903	0.0496292	0.00881494
20035	0.355267	0.405935	3.92388	1.76084	0.448751	-0.71127	1.25265	3.94312	1.72788	0.438203	0.630271	0.56875	0.443464	0.0488878	0.00884533
20036	0.411478	0.383882	3.65714	1.66598	0.455542	-0.691496	1.23963	3.75123	1.86488	0.497138	0.601952	0.608276	0.476604	0.0493179	0.00916714
20037	0.459419	0.376964	3.70479	1.67184	0.451265	-0.632188	1.29267	3.65295	1.71774	0.470233	0.70369	0.595803	0.460682	0.0582708	0.00939925
20038	0.374997	0.407838	3.78504	1.72555	0.455888	-0.710225	1.30187	3.8461	1.73905	0.452158	0.678683	0.588853	0.454008	0.0545562	0.0095863
20039	0.480543	0.4135	3.44993	1.70843	0.495206	-0.591712	1.42637	3.3737	1.60562	0.475923	0.892297	0.574865	0.485672	0.0718647	0.0097722
20040	0.3408	0.316694	3.97627	1.80261	0.453343	-0.555321	1.44126	3.50606	1.55179	0.442603	1.57485	0.401516	0.44831	0.0861744	0.00991528
20041	0.354313	0.39084	3.67854	1.67981	0.456651	-0.528629	1.47337	3.71041	1.64161	0.442434	1.50321	0.389793	0.449512	0.0810939	0.0102207
20042	0.357899	0.410285	3.40575	1.59028	0.466941	-0.440204	1.49257	3.76119	1.8473	0.491147	1.83892	0.318484	0.479644	0.078535	0.0104958
20043	0.333689	0.364285	3.65813	1.72772	0.472296	-0.471212	1.51827	3.59643	1.71085	0.475708	2.05549	0.323933	0.473988	0.0883131	0.0107832
20044	0.419322	0.388874	3.78559	1.74056	0.459787	-0.57088	1.42209	3.48192	1.67212	0.480229	1.08877	0.49025	0.469581	0.0725652	0.0110674
20045	0.390762	0.367891	3.84468	1.6013	0.416498	-0.549699	1.45413	3.7164	1.78208	0.479517	1.33405	0.442234	0.447473	0.0802305	0.0112091
20046	0.360037	0.38722	3.5889	1.70388	0.474764	-0.462881	1.48255	3.81562	1.81673	0.47613	1.77163	0.338597	0.475468	0.078542	0.0114241
20047	0.329926	0.359896	3.69551	1.68274	0.455348	-0.515637	1.43776	4.1223	1.93294	0.468899	1.62494	0.357489	0.462493	0.0743914	0.0117843
20048	0.302529	0.356394	3.56745	1.67166	0.468587	-0.50065	1.48107	3.60212	1.78998	0.496925	1.9608	0.322548	0.482824	0.0837432	0.0120007
20049	0.273165	0.292539	3.51974	1.66076	0.471841	-0.531473	1.48181	3.67826	1.75048	0.475899	2.18455	0.323721	0.473915	0.0939623	0.0123547
20050	0.233263	0.269984	3.93846	1.65521	0.420268	-0.504263	1.56162	3.81672	1.65612	0.433911	3.06706	0.271972	0.426983	0.111914	0.0126321
20051	0.285814	0.237601	3.76046	1.64343	0.437028	-0.314965	1.58058	3.75642	1.67341	0.44548	4.99697	0.180468	0.441252	0.119726	0.0129433
20052	0.13617	0.217195	3.8706	1.74622	0.451149	-0.381142	1.54719	3.76667	1.83301	0.486638	6.60989	0.133806	0.468652	0.110015	0.0133756
20053	0.318193	0.257435	3.91593	1.80613	0.461226	-0.361646	1.63862	4.02643	1.94083	0.482021	4.12755	0.231091	0.471768	0.112961	0.0135054
20054	0.167931	0.202578	3.75671	1.76498	0.46982	-0.346799	1.63332	3.64662	1.80585	0.495212	7.72612	0.132473	0.482328	0.125405	0.0137002
20055	0.0628185	0.12374	3.91467	1.81207	0.462891	-0.383779	1.65055	3.92845	1.78176	0.453552	11.688	0.0997247	0.458213	0.139596	0.0140719
20056	0.0976506	0.0911757	3.72016	1.84881	0.496971	-0.269312	1.69324	3.49325	1.68376	0.482003	19.0598	0.0673307	0.489722	0.153783	0.0142452
20057	0.176658	0.177636	3.73708	1.78308	0.477131	-0.367853	1.66294	3.736	1.67042	0.447115	7.44073	0.148246	0.462125	0.137769	0.0145024
20058	0.169643	0.220186	3.7502	1.81751	0.484643	-0.325278	1.66576	3.54844	1.75869	0.495624	8.53118	0.122473	0.489982	0.127518	0.0145698
20059	0.170507	0.21709	3.71508	1.70067	0.457775	-0.426948	1.58549	4.02513	1.85762	0.461504	5.24582	0.178476	0.459715	0.116316	0.014801
20060	0.211078	0.194345	3.78711	1.72267	0.454877	-0.373434	1.63814	3.83266	1.78747	0.466378	6.10131	0.170828	0.460662	0.12933	0.0151256
20061	0.212508	0.263099	3.814	1.78109	0.466988	-0.398794	1.65861	3.87693	1.69605	0.437473	5.2114	0.186846	0.45211	0.122875	0.0152765
20062	0.216315	0.272583	3.53198	1.74012	0.492676	-0.204058	1.69706	4.12551	1.8526	0.44906	11.4826	0.0883565	0.469178	0.123781	0.0154001
20063	0.221051	0.239098	3.95553	1.95553	0.494379	-0.237788	1.72065	3.5589	1.74024	0.488982	10.426	0.105267	0.491823	0.129341	0.0157004
20064	0.320822	0.285672	3.65854	1.7403	0.475683	-0.30941	1.75429	3.63099	1.69997	0.468184	5.43022	0.198596	0.471948	0.135556	0.0158241
20065	0.295099	0.283867	3.47442	1.64668	0.473943	-0.196859	1.73338	3.72507	1.74697	0.468977	8.68136	0.121012	0.471374	0.134093	0.0161477
20066	0.21174	0.293053	3.73695	1.5495	0.414644	-0.236162	1.73331	3.74987	1.69467	0.451927	10.3398	0.100308	0.433318	0.137879	0.0162418
20067	0.290641	0.308325	3.84686	1.67405	0.435172	-0.0628457	1.82822	3.66575	1.54299	0.42092	18.4875	0.0624766	0.428218	0.152261	0.016432
20068	0.27277	0.289072	3.75825	1.62998	0.433707	-0.205226	1.80973	3.69772	1.67343	0.452558	10.1208	0.11424	0.443056	0.149001	0.0167203
20069	0.182881	0.259254	3.84481	1.64773	0.428561	-0.12693	1.81168	3.78223	1.65086	0.436479	25.1089	0.0479915	0.432487	0.154511	0.0170669
20070	0.351112	0.283686	3.79602	1.66418	0.438401	-0.197876	1.86395	3.77436	1.68728	0.447036	8.28578	0.150694	0.442706	0.157094	0.0173379
20071	0.394091	0.366776	3.67526	1.57322	0.428058	-0.0650545	1.90937	3.81201	1.64506	0.431547	11.2875	0.105407	0.429834	0.156076	0.0174773
20072	0.323943	0.371852	3.73898	1.79805	0.480894	-0.0367746	1.95633	3.90609	1.70164	0.435638	19.2946	0.0650586	0.457771	0.152134	0.0176092
20073	0.404795	0.408384	3.543	1.67407	0.472502	-0.0120595	1.99167	3.5331	1.68107	0.475807	14.4262	0.0868837	0.474152	0.157456	0.0176983
20074	0.227734	0.28323	4.12135	1.72448	0.418427	-0.0882459	1.91746	3.54004	1.72072	0.486074	26.749	0.0499218	0.449684	0.162406	0.0179202
20075	0.273703	0.237998	3.47362	1.66714	0.479944	-0.0805203	1.92797	3.70339	1.96083	0.52947	22.7619	0.0627369	0.5055	0.164511	0.0180556
20076	0.249051	0.21883	3.3792	1.67604	0.495986	-0.0132507	1.97024	3.86955	1.94268	0.502043	44.5836	0.0344012	0.499219	0.174933	0.0182931
20077	0.196408	0.234343	3.72022	1.70252	0.457639	-0.0233183	1.97601	3.66564	1.84601	0.503597	62.83	0.0241399	0.480448	0.176152	0.0185586
20078	0.242212	0.259108	3.69264	1.67197	0.452784	0.104676	2.07648	3.7603	1.83414	0.487763	174.603	0.00945809	0.470432	0.190692	0.0186706
20079	0.372784	0.40152	3.69688	1.77175	0.479255	0.262184	2.16213	3.61284	1.68746	0.467073	253.401	0.00611628	0.473234	0.183095	0.0189166
20080	0.404877	0.398915	3.92783	1.88409	0.479676	0.126145	2.15037	3.9402	1.82947	0.46431	39.4843	0.0388455	0.471981	0.171236	0.0191492
20081	0.428391	0.473942	3.74627	1.89102	0.504773	0.157181	2.11788	3.84083	1.74753	0.454987	36.7418	0.0367775	0.47957	0.156674	0.0194466
20082	0.470936	0.462668	3.65122	1.7665	0.483812	0.079681	2.10953	3.78468	1.75086	0.462617	17.7171	0.0765404	0.473024	0.161682	0.0196467
20083	0.440419	0.42208	3.64916	1.7131	0.46945	0.228	2.13704	3.80826	1.72078	0.451855	65.181	0.022561	0.460465	0.176433	0.0200274
20084	0.466306	0.446358	3.82356	1.70918	0.447013	0.135956	2.14334	3.7473	1.76576	0.471207	26.3881	0.0545653	0.458989	0.171694	0.0201895
20085	0.490874	0.494593	3.91253	1.77425	0.45348	0.00885832	2.07009	3.87736	1.70582	0.439943	10.6835	0.11617	0.446742	0.151395	0.0204039
20086	0.383784	0.475687	3.54396	1.68116	0.474372	0.115998	2.07941	4.06789	1.85124	0.455085	35.8662	0.0358545	0.464065	0.154059	0.0207173
20087	0.589904	0.523798	3.56987	1.47997	0.414572	0.10731	2.11449	3.49639	1.83593	0.525093	10.8644	0.116449	0.469258	0.160274	0.0211071
20088	0.501159	0.563137	3.69559	1.70406	0.461106	0.146246	2.15457	3.62573	1.75919	0.485196	20.1064	0.0629815	0.473036	0.154631	0.0212442
20089	0.5345	0.544451	3.49685	1.66268	0.475479	0.158193	2.1403	3.52183	1.79496	0.509667	17.9846	0.0708034	0.492634	0.15557	0.0213682
20090	0.51213	0.547	3.68073	1.71511	0.465972	0.222564	2.19504	3.61994	1.74013	0.480706	32.3922	0.0419241	0.473278	0.164308	0.0217038
20091	0.475836	0.515762	3.96044	1.7599	0.444368	0.145617	2.21848	4.03448	1.68793	0.418375	26.5878	0.0545222	0.431252	0.173778	0.0220416
20092	0.411882	0.471484	3.76406	1.805	0.479536	0.217677	2.23299	3.9654	1.72922	0.436076	82.2708	0.0188578	0.45724	0.180058	0.0220755
20093	0.435723	0.473805	3.5259	1.72368	0.488862	0.234842	2.26541	3.72116	1.71831	0.461768	79.544	0.0201766	0.47495	0.189139	0.0225352
20094	0.602571	0.475726	3.59458	1.77018	0.492458	0.403617	2.33869	3.91696	1.70541	0.435391	87.6806	0.0197913	0.4627	0.199852	0.0226184
20095	0.400079	0.413379	3.79004	1.88777	0.498086	0.435359	2.39562	3.72871	1.69212	0.453808	3156.96	0.000622318	0.476128	0.215401	0.0228213
20096	0.50207	0.492569	3.92143	1.80431	0.460116	0.362372	2.37888	3.70619	1.58415	0.427434	182.325	0.00975781	0.444236	0.208017	0.0228748
20097	0.503804	0.479373	3.77693	1.82507	0.483215	0.482124	2.48592	3.35551	1.60035	0.476932	8566.03	0.000235013	0.480259	0.227201	0.0231701
20098	0.440663	0.485988	3.69518	1.75551	0.475081	0.513718	2.52711	3.79115	1.87669	0.495019	780.609	0.00266855	0.485178	0.222937	0.0235134
20099	0.508309	0.52345	3.6459	1.73101	0.474783	0.546944	2.50865	3.46793	1.85132	0.533839	2640.3	0.000746322	0.503572	0.215791	0.0237704
20100	0.534465	0.501982	3.78813	1.67682	0.442651	0.517188	2.50281	3.74677	1.8109	0.483321	13410.2	0.000149263	0.462874	0.22306	0.0239759
20101	0.440288	0.46137	3.79926	1.67033	0.439645	0.540709	2.56433	3.72161	1.6998	0.456737	438.548	0.00504214	0.448103	0.247116	0.0241483
20102	0.43538	0.41703	3.75681	1.67259	0.445216	0.581914	2.57178	3.72715	1.64315	0.44086	216.231	0.0107361	0.443046	0.259393	0.0245081
20103	0.544282	0.514422	4.03719	1.68093	0.416361	0.635274	2.56496	3.61868	1.61471	0.446214	507.838	0.00413981	0.430471	0.241919	0.0246862
20104	0.469885	0.521657	3.78427	1.69305	0.44739	0.499659	2.59035	3.78555	1.75493	0.463585	4827.65	0.000443227	0.455489	0.236901	0.0251276
20105	0.504062	0.530512	3.96498	1.78258	0.44958	0.615592	2.6592	3.47538	1.77251	0.510019	364.287	0.00621944	0.477811	0.241741	0.0252144
20106	0.650046	0.567729	3.51085	1.70796	0.486479	0.586211	2.62259	3.71254	1.77232	0.477386	1036.21	0.00203745	0.481806	0.232814	0.025426
20107	0.472187	0.532327	3.77687	1.67616	0.443797	0.693528	2.64582	3.84435	1.84761	0.480604	91.1752	0.0244959	0.462363	0.240737	0.0256295
20108	0.447204	0.48339	3.72949	1.59985	0.428973	0.724878	2.69311	3.87415	1.8475	0.476879	63.3294	0.0385514	0.453382	0.2616	0.0257639
20109	0.437277	0.448813	3.80276	1.74066	0.457737	0.657821	2.67118	4.04538	1.82093	0.450126	101.541	0.0243199	0.453814	0.257528	0.0258103
20110	0.469254	0.463173	4.14559	1.77979	0.42932	0.611535	2.63708	3.64387	1.69342	0.464731	233.449	0.0101219	0.445885	0.253919	0.0261701
20111	0.447668	0.432401	3.95367	1.78631	0.45181	0.555236	2.57321	3.58167	1.69891	0.474334	396.083	0.00578546	0.462516	0.247506	0.0262443
20112	0.468794	0.435633	3.60901	1.66257	0.460671	0.582315	2.6801	3.90671	1.62407	0.415714	390.912	0.00644345	0.437302	0.277134	0.026293
20113	0.522808	0.457919	3.54122	1.76325	0.497922	0.637994	2.67287	3.74722	1.66745	0.444984	369.764	0.00663399	0.470705	0.263454	0.0262961
20114	0.376503	0.420041	3.83859	1.74426	0.454403	0.735513	2.72809	4.04646	1.7924	0.442954	41.331	0.064444	0.448527	0.273651	0.0268421
20115	0.3913	0.446035	3.67631	1.73155	0.471001	0.794647	2.74403	3.76815	1.79315	0.47587	32.4596	0.0813442	0.473466	0.272592	0.0269517
20116	0.516075	0.44805	3.74293	1.83977	0.491533	0.724494	2.7495	3.65379	1.67638	0.458807	121.936	0.0217192	0.475367	0.27367	0.027284
20117	0.348061	0.437136	3.94445	1.76239	0.446802	0.839759	2.78191	3.80243	1.70095	0.447333	22.7408	0.120883	0.447063	0.284215	0.0275118
20118	0.326959	0.375578	3.75924	1.79891	0.47853	0.757485	2.72998	3.75553	1.62646	0.433084	29.9063	0.0926765	0.455818	0.288141	0.0279666
20119	0.357373	0.355399	3.73392	1.83652	0.491847	0.832222	2.77444	3.44148	1.64501	0.477995	25.9522	0.112741	0.485204	0.295978	0.0280889
20120	0.30695	0.34894	3.75103	1.72399	0.459605	0.839332	2.83317	3.73183	1.80361	0.483304	21.774	0.141715	0.471424	0.304389	0.0285226
20121	0.327601	0.300936	4.07315	1.64147	0.402998	0.799411	2.75279	3.84393	1.74703	0.454491	27.0056	0.111302	0.427999	0.307359	0.0287181
20122	0.248046	0.296629	3.61787	1.67663	0.46343	0.676934	2.75238	3.98639	1.68799	0.423437	32.7854	0.0919726	0.442465	0.309546	0.0290301
20123	0.308206	0.275523	3.48852	1.62601	0.466104	0.788643	2.76831	3.86487	1.73143	0.447991	26.9214	0.11541	0.456584	0.316442	0.0293281
20124	0.263449	0.282745	3.96964	1.71142	0.431126	0.747437	2.71644	3.99432	1.71945	0.430472	25.2849	0.117122	0.430798	0.30158	0.029323
20125	0.222856	0.235027	3.67487	1.64945	0.448845	0.637126	2.71383	3.77915	1.74778	0.462481	35.803	0.0858097	0.455758	0.311482	0.0296018
20126	0.185622	0.233377	3.52464	1.65081	0.468364	0.698955	2.65597	3.61679	1.65843	0.458537	22.2722	0.131755	0.463387	0.307286	0.0298488
20127	0.152236	0.233575	3.71824	1.71364	0.460875	0.732398	2.70253	3.49973	1.69883	0.485418	18.1104	0.168294	0.472775	0.30882	0.0300069
20128	0.215382	0.183979	3.6874	1.74247	0.472548	0.734425	2.72068	3.87272	1.85093	0.47794	23.8853	0.134702	0.47531	0.309348	0.0303889
20129	0.207904	0.171701	3.66131	1.57807	0.431012	0.702287	2.70868	3.76298	1.74362	0.463363	26.3333	0.122208	0.447409	0.326442	0.0305578
20130	0.179397	0.142434	3.68321	1.63812	0.444754	0.593446	2.68429	3.99729	1.85738	0.46466	37.6877	0.0857182	0.455114	0.316159	0.0306717
20131	0.16781	0.0779627	3.62834	1.73679	0.478674	0.71889	2.68208	3.58164	1.65248	0.461374	22.3302	0.151845	0.47008	0.33354	0.0309131
20132	0.250372	0.154656	3.46373	1.59548	0.460626	0.674383	2.72948	3.71133	1.75318	0.472387	36.8757	0.0898928	0.46671	0.331193	0.0311768
20133	0.14002	0.0528049	3.39286	1.73534	0.511468	0.683676	2.72299	3.63507	1.6777	0.46153	24.1232	0.147781	0.485639	0.343192	0.0311788
20134	0.0421637	0.0367407	3.68487	1.71924	0.466566	0.759311	2.70047	3.77824	1.73954	0.460411	13.7963	0.25715	0.46345	0.339112	0.0313327
20135	0.0491872	0.0841452	3.87288	1.69386	0.437365	0.673493	2.69264	4.09116	1.75567	0.429137	17.4576	0.194879	0.433138	0.330376	0.0314994
20136	0.0988066	0.0834598	3.83488	1.76754	0.460911	0.78821	2.76342	3.70238	1.86909	0.504835	15.1115	0.237638	0.482487	0.330649	0.0316851
20137	-0.0155735	0.0512234	4.03302	1.7445	0.432553	0.853083	2.81613	3.56426	1.71033	0.479856	10.1313	0.377282	0.454745	0.356278	0.0320445
20138	0.117143	0.0521155	3.64508	1.7506	0.480264	0.882536	2.85071	3.84795	1.71083	0.44461	13.3694	0.292913	0.461954	0.361412	0.0321789
20139	0.036894	0.115998	3.94486	1.80743	0.458173	0.921226	2.87627	3.83388	1.68602	0.439769	9.74254	0.391021	0.449102	0.352966	0.0325097
20140	0.159085	0.211241	3.67159	1.74464	0.475173	1.00208	2.98953	3.99258	1.73549	0.43468	10.8619	0.35532	0.454078	0.356821	0.0326549
20141	0.292635	0.281948	3.53345	1.67347	0.473609	1.00602	2.96857	3.96239	1.90179	0.479961	14.183	0.254457	0.476967	0.335533	0.0331379
20142	0.254765	0.265324	3.58932	1.632	0.454681	0.997403	3.04202	3.89956	1.94274	0.498194	13.9799	0.275755	0.477339	0.350428	0.0334806
20143	0.31665	0.30694	3.49851	1.629	0.465626	1.08728	3.08495	3.58283	1.87529	0.523411	12.9951	0.296932	0.494862	0.355187	0.0337102
20144	0.327101	0.276608	3.90882	1.81343	0.463934	1.09451	3.07896	3.58426	1.74105	0.485748	13.335	0.294458	0.474369	0.355928	0.0341041
20145	0.261184	0.244212	3.86753	1.84088	0.475985	0.947449	2.98954	3.70701	1.76001	0.474778	16.003	0.23548	0.475394	0.343626	0.0343728
20146	0.341973	0.298429	3.79223	1.86264	0.491173	1.05001	3.02692	3.4992	1.73876	0.496903	14.8503	0.250658	0.493922	0.340825	0.0346876
20147	0.326596	0.252609	3.90091	1.86207	0.477342	0.904746	2.98032	3.59821	1.73269	0.481541	22.2595	0.167129	0.479357	0.341111	0.0350349
20148	0.324535	0.288922	3.746	1.75912	0.469598	1.00187	3.04252	3.78245	1.8812	0.497349	16.5268	0.229394	0.483541	0.342528	0.0350696
20149	0.277687	0.230533	3.84315	1.88877	0.491463	1.13092	3.14021	3.60525	1.74142	0.483022	11.6293	0.364005	0.487377	0.368423	0.0351827
20150	0.285527	0.240579	3.94151	1.95255	0.495381	1.15738	3.16258	3.80072	1.83342	0.482387	11.2323	0.380068	0.489002	0.360647	0.0352513
20151	0.190831	0.241845	3.49836	1.83453	0.524397	1.17083	3.14494	3.70858	1.69873	0.458054	8.77557	0.480194	0.490258	0.37368	0.0352147
20152	0.179539	0.17822	3.64405	1.66748	0.45759	1.2258	3.10629	3.77741	1.69316	0.448232	7.83211	0.547336	0.452827	0.389542	0.0356694
20153	0.276338	0.222525	3.6784	1.70794	0.464315	1.17789	3.16532	3.80392	1.87254	0.492265	10.6547	0.406396	0.478525	0.376937	0.0360858
20154	0.247203	0.269562	3.71782	1.74289	0.468794	1.2144	3.20469	3.67622	1.76908	0.481223	9.20928	0.467734	0.474973	0.380255	0.0363944
20155	0.184057	0.181707	3.61367	1.69701	0.46961	1.2625	3.21682	3.6318	1.7034	0.469024	7.92055	0.581522	0.469316	0.403912	0.0365443
20156	-0.0260803	0.135075	4.07415	1.72643	0.423751	1.1632	3.18716	3.66912	1.67842	0.457445	6.58604	0.707195	0.439717	0.406285	0.0367018
20157	0.199217	0.135749	3.70943	1.64441	0.443306	1.27863	3.21614	3.72452	1.62193	0.435472	8.14397	0.582566	0.439381	0.420834	0.0370055
20158	0.133227	0.145781	3.77081	1.68466	0.446764	1.08946	3.17824	3.49782	1.69814	0.485485	10.0568	0.457192	0.465397	0.404741	0.0373785
20159	0.144612	0.223334	3.79435	1.55694	0.41033	1.09866	3.13648	3.73308	1.64831	0.441543	9.32363	0.455103	0.425809	0.398405	0.0374799
20160	0.131628	0.160469	3.69081	1.66439	0.450956	1.14381	3.1546	3.71359	1.83709	0.494694	8.75035	0.512256	0.472892	0.39039	0.0376533
20161	0.151842	0.189887	3.70431	1.65998	0.448122	1.15697	3.232	3.57612	1.62205	0.453579	9.16032	0.505137	0.450803	0.413587	0.0377807
20162	0.1673	0.159336	3.72037	1.72702	0.464205	1.17496	3.18793	3.50255	1.69994	0.485342	9.03346	0.50769	0.474455	0.401008	0.0379856
20163	0.254653	0.220583	4.01187	1.79171	0.446602	1.20438	3.17604	3.82165	1.69537	0.443621	9.68402	0.450987	0.445148	0.385196	0.0380667
20164	0.137687	0.14301	3.85749	1.72739	0.447801	1.26674	3.22642	3.50136	1.67875	0.479458	7.4582	0.63738	0.462863	0.411128	0.038262
20165	0.130179	0.166172	3.92774	1.84459	0.469632	1.17572	3.22655	3.96101	1.71985	0.434193	8.56769	0.546583	0.451838	0.396583	0.0387145
20166	0.130218	0.159855	4.02776	1.89176	0.469679	1.16772	3.18513	3.88617	1.78209	0.458574	8.50267	0.538201	0.464226	0.383899	0.0387853
20167	0.210772	0.130446	3.75454	1.74352	0.464377	1.15254	3.1463	4.03117	1.84579	0.45788	10.255	0.443461	0.461013	0.387939	0.0390366
20168	0.0833359	0.181311	3.8693	1.70136	0.439707	1.11305	3.16321	3.53326	1.76062	0.4983	8.38604	0.530151	0.467674	0.391143	0.0391678
20169	0.132256	0.208985	4.08714	1.84713	0.451937	1.24871	3.16761	3.93797	1.73175	0.439757	7.02264	0.623231	0.44596	0.379565	0.0391242
20170	0.173477	0.19893	3.88944	1.89743	0.487842	1.17078	3.15417	3.59748	1.76213	0.489825	8.78065	0.497312	0.488795	0.373793	0.0392207
20171	0.23701	0.173477	4.05935	1.99474	0.491395	1.19023	3.21019	3.40397	1.70062	0.499599	10.1489	0.454318	0.495137	0.384304	0.0394572
20172	0.20851	0.202104	3.95381	1.95371	0.494134	1.20923	3.14421	3.94852	1.75991	0.445715	8.64347	0.500723	0.469941	0.368292	0.039585
20173	0.292224	0.239602	3.56653	1.77831	0.498611	1.18429	3.16453	3.62584	1.74931	0.482457	10.7508	0.397889	0.490468	0.377569	0.0398342
20174	0.210956	0.217875	4.09919	1.79369	0.43757	1.29889	3.1874	3.85955	1.72849	0.447849	7.45021	0.591799	0.442555	0.385073	0.0403474
20175	0.234714	0.231266	3.82389	1.73046	0.452539	1.22633	3.16644	3.7872	1.73883	0.459134	8.76153	0.491652	0.45582	0.383148	0.0407634
20176	0.253586	0.203539	3.98834	1.81043	0.453931	1.19825	3.21169	3.79369	1.72176	0.453849	10.1402	0.446195	0.453891	0.390535	0.0408948
20177	0.30517	0.277739	3.6224	1.66581	0.459863	1.26693	3.25347	3.63756	1.73311	0.476448	9.57312	0.462491	0.468173	0.394539	0.0411
20178	0.292871	0.274708	3.77069	1.66734	0.442186	1.24884	3.20645	3.57677	1.73452	0.484941	9.40506	0.45694	0.462999	0.38724	0.0412109
20179	0.275314	0.280379	3.56677	1.61231	0.452036	1.21623	3.19282	3.6912	1.63002	0.441596	9.58107	0.442658	0.446727	0.395535	0.0416552
20180	0.249301	0.233317	3.79439	1.78131	0.469459	1.19193	3.20831	3.72542	1.64009	0.440245	9.96065	0.444276	0.454986	0.392846	0.0417443
20181	0.26883	0.255089	3.66525	1.73328	0.472895	1.12996	3.17564	3.77476	1.63857	0.434086	11.5024	0.370775	0.453205	0.38753	0.0418538
20182	0.241403	0.23681	3.306	1.59541	0.48258	1.05863	3.14286	3.77018	1.60749	0.42637	12.6451	0.333929	0.452631	0.397412	0.0422202
20183	0.283024	0.246261	3.51291	1.62263	0.461905	1.08507	3.09423	3.72853	1.68055	0.450727	12.6088	0.321638	0.456149	0.380491	0.0422563
20184	0.262898	0.270581	3.62411	1.78526	0.492606	1.02705	3.09168	3.49014	1.71436	0.491202	13.6293	0.291965	0.491917	0.362576	0.0427709
20185	0.331959	0.28892	3.7586	1.72666	0.459391	1.03079	3.06788	4.00199	1.70377	0.425732	15.813	0.244186	0.442033	0.360239	0.0431009
20186	0.398329	0.294926	3.3644	1.65128	0.490808	1.03852	3.05473	3.70668	1.67896	0.452956	18.5837	0.204925	0.470966	0.36389	0.0434478
20187	0.39077	0.359485	3.73888	1.74806	0.467536	1.0346	3.05041	3.70995	1.71345	0.461852	17.4686	0.207259	0.464705	0.343501	0.0433247
20188	0.287665	0.326593	3.90321	1.8809	0.481885	1.08279	3.06258	3.72104	1.74475	0.468888	11.8403	0.316109	0.475542	0.34055	0.0437286
20189	0.438031	0.431732	3.86584	1.81375	0.469175	1.03703	2.98638	3.51297	1.71109	0.487078	18.1891	0.179399	0.477698	0.316522	0.0438665
20190	0.376762	0.475426	3.90089	1.73962	0.445954	1.0898	3.07973	3.95631	1.88726	0.477027	13.3402	0.25421	0.4616	0.318682	0.044103
20191	0.304937	0.410065	3.70561	1.73048	0.46699	1.11427	3.1266	3.68405	1.83369	0.497736	11.2661	0.327511	0.482318	0.341186	0.0444883
20192	0.408028	0.385666	3.55631	1.70498	0.479423	1.13689	3.09595	4.17694	1.92694	0.461327	13.8275	0.265618	0.469649	0.335939	0.0445507
20193	0.327618	0.373883	3.84511	1.82754	0.475288	1.07553	3.04293	3.7823	1.84047	0.486602	12.7353	0.279687	0.480899	0.326952	0.0446762
20194	0.385214	0.340071	3.56499	1.72757	0.484593	0.998676	3.08196	3.59452	1.84646	0.513687	19.9767	0.188168	0.4992	0.34475	0.0448285
20195	0.233718	0.276858	3.70263	1.73743	0.469244	1.14839	3.13039	3.79385	1.74854	0.460887	9.73277	0.41831	0.465015	0.368786	0.0451598
20196	0.193097	0.221849	3.72897	1.57101	0.421299	1.03744	3.05626	3.70083	1.68848	0.456244	11.2691	0.356457	0.438705	0.38138	0.0454068
20197	0.178582	0.206063	3.80274	1.66589	0.438077	1.0984	3.07425	3.79284	1.68345	0.44385	9.72314	0.423036	0.44096	0.380554	0.0457522
20198	0.289707	0.21572	3.82964	1.7026	0.444586	1.14931	3.05459	4.03042	1.70651	0.423409	10.9067	0.369462	0.433727	0.371583	0.046033
20199	0.239926	0.260035	3.75172	1.67086	0.445357	1.143	3.07833	3.9605	1.80124	0.4548	9.7393	0.40777	0.450206	0.363944	0.0460503
20200	0.355332	0.295549	4.046	1.78001	0.439942	1.0567	3.04177	3.67021	1.74393	0.475157	15.3312	0.24596	0.456692	0.348664	0.0461761
20201	0.341116	0.312474	3.72758	1.78094	0.477774	1.06076	3.02349	3.75267	1.85709	0.494872	14.1916	0.258944	0.486352	0.335684	0.0463467
20202	0.313214	0.24085	3.45202	1.79515	0.520028	1.03814	3.02827	3.93248	1.89846	0.482765	14.7847	0.262762	0.500184	0.344758	0.0466247
20203	0.210864	0.23046	3.97779	1.89005	0.475152	0.949576	3.00347	3.74557	1.69128	0.451541	14.0913	0.272848	0.463702	0.349403	0.0467684
20204	0.137477	0.117718	3.58437	1.6759	0.467557	0.696894	2.75813	3.52218	1.6238	0.461023	22.2778	0.156473	0.464318	0.345754	0.0468042
20205	0.103187	0.130444	3.43267	1.73275	0.504781	0.732433	2.81497	3.58665	1.7362	0.484072	18.201	0.197975	0.494199	0.341946	0.0466953
20206	0.0959392	0.10654	3.4152	1.70743	0.499951	0.908918	2.88302	3.69278	1.77278	0.480066	11.6636	0.330467	0.48962	0.356517	0.0467703
20207	0.129484	0.135369	3.65397	1.70069	0.465436	0.793798	2.86576	3.66381	1.73392	0.473256	16.8929	0.220657	0.469351	0.351875	0.0469318
20208	0.114815	0.0601296	3.70081	1.68458	0.455192	0.820158	2.8383	3.65015	1.78035	0.487747	15.5138	0.248754	0.471357	0.357806	0.0472113
20209	0.0128381	-0.0251493	3.54706	1.56033	0.439893	0.708953	2.82151	3.54089	1.69121	0.477623	16.7229	0.242288	0.458741	0.383995	0.0475921
20210	-0.00905258	-0.0020635	3.56668	1.60131	0.448964	0.907422	2.8255	3.66124	1.76141	0.481098	9.51883	0.419963	0.465241	0.372919	0.0480009
20211	0.0113175	-0.000331427	3.70101	1.59608	0.431254	0.816725	2.81526	3.37491	1.64952	0.48876	12.221	0.324341	0.458682	0.379246	0.0479423
20212	0.0318381	-0.00210683	3.54876	1.72167	0.485147	0.637747	2.74147	3.57404	1.71597	0.48012	20.503	0.183563	0.482625	0.353874	0.0480152
20213	-0.014945	0.00779319	4.00918	1.90484	0.47512	0.652529	2.69661	3.4602	1.6095	0.465146	16.2276	0.222761	0.470499	0.339743	0.0480539
20214	0.0515683	0.0125566	3.6717	1.83669	0.500228	0.737348	2.72161	3.61025	1.73823	0.481472	15.6051	0.235147	0.490929	0.339272	0.048266
20215	-0.0027687	-0.00682159	3.95413	1.84847	0.467478	0.680629	2.69798	3.92076	1.71778	0.438124	15.6647	0.233516	0.452863	0.339112	0.0485398
20216	-0.053977	0.000535443	4.06034	1.78404	0.439382	0.645516	2.70554	3.65602	1.73437	0.474388	14.9544	0.244645	0.455968	0.34218	0.0489013
20217	-0.0894153	-0.0445691	3.80559	1.72964	0.4545	0.743628	2.70994	3.96838	1.83559	0.462552	10.9333	0.346981	0.458611	0.347387	0.0489642
20218	-0.0101782	-0.0214448	3.68205	1.85353	0.503397	0.6415	2.69173	3.58468	1.7601	0.491007	17.3336	0.212343	0.497285	0.337542	0.0493076
20219	-0.12514	-0.0586409	3.92375	1.86407	0.475074	0.878288	2.81188	3.52294	1.61368	0.458048	8.1837	0.503434	0.467019	0.372107	0.0496284
20220	0.0660131	-0.0765216	3.87496	1.88767	0.487145	0.699383	2.76362	3.67746	1.80707	0.491392	20.1078	0.200579	0.489213	0.353202	0.0499174
20221	-0.102302	-0.103398	3.71436	1.83045	0.492805	0.799083	2.80294	3.78279	1.73357	0.458277	10.3961	0.406248	0.475383	0.372176	0.0501046
20222	-0.0044804	-0.0126168	3.86429	1.83715	0.475417	0.778542	2.74472	3.51054	1.74977	0.498434	12.4003	0.306562	0.486374	0.346478	0.0502977
20223	0.0182427	0.00187123	3.50373	1.77934	0.507841	0.721252	2.72746	3.96067	1.65845	0.418731	15.0313	0.247111	0.460558	0.350861	0.0504456
20224	0.0039445	0.0178923	3.60737	1.80216	0.499577	0.745235	2.73761	3.57524	1.66051	0.464448	13.4608	0.274755	0.482091	0.348241	0.0506377
20225	0.0980484	0.0389115	3.71211	1.68253	0.453255	0.725922	2.70337	3.81126	1.74849	0.458769	18.0083	0.197113	0.456048	0.341043	0.050751
20226	-0.00220596	0.0042021	3.70891	1.82149	0.491111	0.742306	2.75911	3.68539	1.67823	0.455375	13.6921	0.277149	0.473299	0.35167	0.0510546
20227	0.0288513	-0.0141579	3.83554	1.82986	0.477082	0.814134	2.7727	3.33611	1.58552	0.47526	12.5943	0.308335	0.476234	0.362563	0.0513674
20228	-0.0330513	-0.00276503	3.68438	1.79738	0.487838	0.81981	2.84365	3.89799	1.82029	0.466983	11.1388	0.363686	0.477116	0.359047	0.0513185
20229	0.0509177	0.0245828	3.94117	1.80794	0.458732	0.868861	2.8554	3.81235	1.7678	0.463704	11.9778	0.334516	0.461177	0.3592	0.0519406
20230	0.102619	0.0938817	3.89825	1.90429	0.488499	0.833472	2.86899	3.87504	1.88434	0.486277	14.4178	0.267073	0.487391	0.337061	0.0520183
20231	-0.0438381	0.00750062	3.76185	1.73742	0.461853	0.792047	2.87672	4.31409	2.12562	0.492716	11.7824	0.349352	0.47834	0.347699	0.0521974
20232	-0.0232516	0.00296225	3.64636	1.7029	0.467015	0.862335	2.88118	4.16667	2.09308	0.502339	10.563	0.392132	0.485853	0.353111	0.0524718
20233	0.0804742	0.0117743	3.7043	1.68835	0.455782	0.88055	2.9149	3.91343	1.92062	0.490777	13.1664	0.320061	0.47376	0.368736	0.0527181
20234	0.0126578	0.0600324	3.54236	1.57277	0.443991	0.933542	2.98256	3.55803	1.89112	0.531508	10.0718	0.424014	0.487846	0.381476	0.0528066
20235	0.0217946	0.00444506	3.97197	1.86919	0.470595	1.12834	3.03227	3.97166	1.93847	0.488077	7.48731	0.612217	0.479335	0.375869	0.0526546
20236	-0.0403826	-0.0419631	3.4485	1.69921	0.492738	0.973498	3.04458	3.94066	1.92552	0.488628	9.2677	0.513977	0.490546	0.396644	0.0530566
20237	-0.0513142	-0.0522157	3.94319	1.80411	0.457526	1.03441	3.05043	3.96495	1.978	0.498872	8.16633	0.589395	0.478256	0.388988	0.0531768
20238	-0.16723	-0.107272	3.50967	1.70155	0.484817	1.09541	3.06397	3.8588	1.74425	0.452018	6.30809	0.797132	0.46764	0.421967	0.0533758
20239	-0.166864	-0.112531	3.82422	1.76492	0.461511	1.11444	3.10803	3.93926	1.68274	0.427172	6.31773	0.820865	0.444087	0.42938	0.0534252
20240	-0.173428	-0.191065	3.67153	1.6348	0.445264	1.11513	3.11996	3.62214	1.68586	0.465433	6.60266	0.830188	0.45528	0.452285	0.0536346
20241	-0.161787	-0.145039	3.66974	1.75403	0.477971	1.13807	3.12896	3.69417	1.80757	0.489303	6.34403	0.844814	0.483656	0.429478	0.0541751
20242	-0.105047	-0.100121	3.83268	1.81435	0.473389	1.1685	3.13489	3.89727	1.79176	0.459747	6.45241	0.81096	0.466511	0.420589	0.0544711
20243	-0.109268	-0.117672	3.68857	1.8487	0.501198	1.05865	3.13457	3.81157	1.8034	0.473139	7.75422	0.68202	0.486938	0.420089	0.0546846
20244	-0.217862	-0.222525	4.17356	1.97126	0.472321	1.11277	3.1183	3.88422	1.88402	0.485046	6.30362	0.885296	0.478455	0.419993	0.0549138
20245	-0.256219	-0.250367	3.73559	1.92081	0.514192	1.08148	3.07704	4.00037	1.86885	0.467171	6.1872	0.894719	0.489876	0.422215	0.0549418
20246	-0.176455	-0.198484	4.04936	1.90234	0.46979	1.14699	3.11776	3.8774	1.78985	0.46161	6.27886	0.875751	0.465788	0.426939	0.054846
20247	-0.197021	-0.16751	3.89606	1.88492	0.483802	1.15539	3.13826	3.90566	1.94423	0.497797	5.97483	0.914513	0.490808	0.416515	0.0549969
20248	-0.205585	-0.207191	3.62819	1.74211	0.480158	1.12553	3.13242	3.82908	1.98341	0.517985	6.29451	0.885933	0.499581	0.428178	0.0553044
20249	-0.0671138	-0.101569	3.50373	1.81476	0.51795	1.19183	3.14038	4.08724	1.95224	0.477643	6.63127	0.792476	0.496247	0.411027	0.0552832
20250	-0.0432137	-0.0891086	3.94988	1.78545	0.452027	1.10991	3.13158	3.66642	1.83619	0.500815	7.80087	0.664853	0.475513	0.417382	0.0553539
20251	-0.141067	-0.0684885	3.87857	1.96151	0.505732	1.10198	3.09343	4.01197	1.83784	0.45809	6.47035	0.772581	0.481508	0.396932	0.0556331
20252	-0.0505976	-0.0680633	3.69953	1.75429	0.474193	1.00261	3.04292	3.45007	1.74238	0.505026	8.72509	0.554619	0.489072	0.40909	0.0560168
20253	-0.0776492	-0.0454315	3.91134	1.85722	0.47483	1.11129	3.06248	3.74265	1.81305	0.484429	6.83309	0.706791	0.479524	0.396958	0.0558459
20254	-0.0262279	0.0376351	3.77785	1.925	0.50955	0.945972	2.99506	3.87911	1.8578	0.478925	9.25376	0.472586	0.494035	0.366417	0.0562508
20255	-0.0384343	-0.0296271	4.00568	1.97478	0.492995	0.967083	3.0141	3.85441	1.81882	0.471879	9.16291	0.505533	0.48264	0.379201	0.0567816
20256	0.0356905	0.0300082	3.93613	1.92127	0.488111	0.969418	2.98127	3.83329	1.83105	0.477672	9.9902	0.435923	0.48296	0.367326	0.0571093
20257	0.0881769	0.0942119	3.87543	1.83739	0.474113	0.910689	2.98267	3.83057	1.78756	0.466655	12.3324	0.338263	0.470406	0.365357	0.057018
20258	0.122643	0.0635379	3.78222	1.77054	0.468122	0.949869	2.91794	3.66734	1.71753	0.468332	11.9064	0.342151	0.468225	0.368788	0.05682
20259	0.142737	0.0653043	3.85054	1.83557	0.476703	0.898311	2.90181	3.76156	1.72639	0.458955	14.0934	0.285446	0.467933	0.361016	0.0571576
20260	0.0881956	0.061182	4.22227	1.83742	0.435174	0.888491	2.92195	3.95206	1.8255	0.461911	12.778	0.320237	0.448101	0.358501	0.0571682
20261	0.117301	0.0779412	3.4945	1.76768	0.505846	0.992719	2.93122	3.62656	1.72428	0.475457	10.6233	0.383179	0.49037	0.368346	0.0576903
20262	0.133582	0.133617	3.82575	1.76026	0.460108	0.916233	2.90759	3.82268	1.75848	0.460013	12.5623	0.306271	0.460061	0.353581	0.0579288
20263	0.114982	0.13659	3.79637	1.6649	0.43855	0.843003	2.79595	3.73357	1.72181	0.461169	13.3434	0.265007	0.449765	0.343107	0.058288
20264	0.0946348	0.117926	3.68414	1.69627	0.460426	0.679852	2.74137	3.65688	1.65564	0.452747	20.096	0.17124	0.456601	0.339315	0.0583879
20265	0.152592	0.136065	3.44475	1.66499	0.483343	0.708587	2.73351	3.70318	1.66416	0.449387	21.8247	0.154566	0.465751	0.336382	0.0582412
20266	0.118767	0.11481	3.61419	1.70173	0.470846	0.761681	2.70385	3.62165	1.61318	0.445427	16.2171	0.206669	0.458124	0.335893	0.0589062
20267	0.0697773	0.116023	3.71646	1.71151	0.460521	0.71508	2.74311	3.50514	1.62784	0.464415	16.5738	0.208208	0.462411	0.34078	0.0594552
20268	0.0898256	0.120225	3.75771	1.78462	0.474922	0.750569	2.71905	3.39422	1.60464	0.472755	15.4699	0.218291	0.473894	0.332636	0.0599081
20269	0.0654616	0.127532	4.0189	1.91173	0.475685	0.6534	2.70286	3.76699	1.73897	0.461634	19.1867	0.172836	0.468887	0.312435	0.0600779
20270	0.159972	0.154439	3.62588	1.74008	0.479907	0.662209	2.66339	4.12997	1.79957	0.435735	24.9556	0.126121	0.456385	0.307871	0.0606564
20271	0.0945147	0.15406	3.581	1.61973	0.452312	0.709098	2.70204	3.67717	1.71057	0.465186	17.1882	0.188856	0.458834	0.327778	0.0610423
20272	0.241059	0.24347	3.99431	1.77814	0.445168	0.783223	2.76064	3.53878	1.57051	0.443801	21.5558	0.146971	0.444526	0.321239	0.0613819
20273	0.168906	0.228262	3.79361	1.72377	0.454388	0.793218	2.76548	3.81927	1.72857	0.452592	16.5163	0.194883	0.453487	0.318058	0.0613407
20274	0.332967	0.259379	3.64425	1.73332	0.475632	0.721571	2.76345	3.70298	1.72203	0.465039	41.522	0.0755067	0.470293	0.312194	0.0616091
20275	0.122712	0.207355	3.79605	1.82514	0.480798	0.765279	2.74136	3.73086	1.80397	0.483527	15.5517	0.206446	0.482151	0.306788	0.0616314
20276	0.0389084	0.127817	3.57295	1.7856	0.499756	0.585445	2.69226	3.86706	1.83234	0.473833	22.0164	0.149351	0.486283	0.312551	0.061657
20277	0.127397	0.155757	3.67884	1.58483	0.430796	0.714552	2.65651	3.63427	1.88272	0.518048	18.14	0.172376	0.474156	0.31087	0.0623374
20278	0.104825	0.14869	3.59532	1.69441	0.47128	0.676187	2.69129	3.85167	1.78776	0.464152	19.803	0.163227	0.467594	0.317112	0.0625798
20279	0.0322839	0.119016	3.71126	1.64628	0.443591	0.754013	2.72526	3.73278	1.80363	0.483186	13.0402	0.260447	0.463446	0.32997	0.0629638
20280	0.138775	0.127886	3.67012	1.62739	0.443417	0.690854	2.71288	3.83467	1.75456	0.457553	21.9237	0.152396	0.45064	0.330748	0.0631179
20281	0.0286301	0.0850837	3.73347	1.63274	0.437326	0.68747	2.76279	3.51685	1.8654	0.530418	16.5183	0.217035	0.482482	0.338922	0.0634302
20282	0.0855939	0.108692	3.90263	1.77221	0.454108	0.768663	2.80161	3.89917	1.84262	0.472568	15.5423	0.233292	0.463334	0.334124	0.0636762
20283	0.00181146	0.0914088	3.65727	1.76705	0.483161	0.806614	2.77851	3.6513	1.88739	0.516909	11.1478	0.323853	0.500021	0.330745	0.0640237
20284	0.12571	0.117901	3.5445	1.70455	0.4809	0.735832	2.76679	3.68468	1.76612	0.479314	18.8493	0.186124	0.480092	0.335846	0.0641012
20285	0.166616	0.104056	3.84965	1.70557	0.443045	0.695585	2.73198	3.71925	1.73712	0.467061	24.6811	0.139904	0.454846	0.33411	0.0645478
20286	0.0809232	0.107559	3.32075	1.58235	0.476502	0.807737	2.72993	3.80765	1.7138	0.450093	13.018	0.264129	0.462396	0.342902	0.0650724
20287	0.159513	0.150633	3.66244	1.55951	0.425811	0.732155	2.74435	3.54313	1.62426	0.458426	20.5153	0.16396	0.441848	0.345772	0.0656419
20288	0.0859925	0.115033	3.47171	1.58542	0.456667	0.846969	2.78407	4.08654	1.68335	0.411926	12.3018	0.289543	0.432477	0.352797	0.0655877
20289	0.129472	0.0462498	3.48111	1.50004	0.430909	0.684612	2.69362	3.61946	1.68191	0.464684	22.7418	0.15409	0.448126	0.355224	0.0658313
20290	0.0242924	0.00347197	3.55618	1.60962	0.452626	0.615242	2.66018	3.58064	1.77462	0.495617	20.211	0.174611	0.474195	0.342821	0.0663895
20291	0.00221858	0.0366036	3.47013	1.52048	0.438162	0.666673	2.6233	4.27039	1.90641	0.446425	15.1552	0.22075	0.442721	0.328124	0.0665697
20292	0.0304703	0.0015934	3.53506	1.59352	0.450776	0.622574	2.68054	3.74253	1.85496	0.495643	20.4707	0.175293	0.473849	0.342341	0.0667318
20293	0.000755522	-0.0206225	3.72278	1.78773	0.480214	0.800994	2.75941	3.97409	1.85631	0.467105	12.0687	0.320191	0.473445	0.346612	0.0673907
20294	-0.119766	-0.100266	3.84543	1.86527	0.48506	0.831619	2.82152	3.60301	1.867	0.518177	9.43159	0.452567	0.50108	0.363914	0.067899
20295	-0.100458	-0.13391	3.79769	1.84224	0.485094	0.85174	2.75868	3.96671	1.89494	0.477712	9.22828	0.453341	0.481322	0.358975	0.0680371
20296	-0.161656	-0.165188	3.92097	1.85959	0.474268	0.762063	2.75513	3.6215	1.84114	0.50839	9.99492	0.426628	0.490652	0.365646	0.0681634
20297	-0.0955778	-0.127667	3.84738	1.80104	0.468121	0.680813	2.70174	3.8742	1.93581	0.499666	13.281	0.301392	0.483949	0.348895	0.0683781
20298	-0.142376	-0.117944	4.11866	1.75403	0.425874	0.624931	2.64677	4.02168	1.94574	0.483812	12.9826	0.29438	0.454498	0.340697	0.0685373
20299	-0.0738934	-0.0373821	3.97984	1.74805	0.439226	0.690321	2.65395	3.98445	1.91524	0.480679	12.4023	0.292012	0.459964	0.330907	0.0688408
20300	-0.03069	-0.00702277	3.76145	1.69329	0.450169	0.655838	2.62083	3.74347	1.84736	0.49349	14.6517	0.23566	0.471778	0.327885	0.0688596
20301	-0.0909732	-0.0429862	3.96832	1.73115	0.436243	0.579631	2.64746	3.73049	1.77697	0.476337	16.096	0.224855	0.45567	0.340412	0.0690745
20302	-0.00222976	0.00118199	3.52733	1.76684	0.500902	0.692971	2.71285	3.85669	1.80924	0.469117	15.2144	0.241652	0.4843	0.339633	0.0692091
20303	-0.0142295	-0.0167246	3.81121	1.72054	0.451442	0.784976	2.78817	4.11109	1.94693	0.47358	12.3173	0.319365	0.46293	0.349198	0.0699105
20304	-0.0734754	-0.0546489	3.64149	1.68339	0.462279	0.696702	2.76102	3.85159	1.85262	0.481002	13.3654	0.296587	0.471903	0.359302	0.0704571
20305	-0.0441495	-0.0991151	3.63258	1.62585	0.447576	0.773066	2.75674	3.95284	1.74062	0.440347	12.2123	0.333921	0.443809	0.377325	0.0708952
20306	-0.100211	-0.117822	3.61889	1.71818	0.474781	0.805241	2.76852	3.7927	1.72602	0.455091	10.1616	0.409921	0.464705	0.376951	0.0708425
20307	-0.14165	-0.129443	3.84071	1.7817	0.463897	0.721008	2.77585	3.60481	1.67146	0.463675	11.3423	0.372089	0.46379	0.379418	0.0711492
20308	-0.0643326	-0.153046	3.90031	1.83807	0.471261	0.804125	2.82711	3.89922	1.68479	0.432083	11.7755	0.37711	0.451675	0.386722	0.0715087
20309	-0.175559	-0.186034	3.71172	1.72005	0.46341	0.755155	2.78017	3.58296	1.70851	0.476842	10.1571	0.433114	0.470008	0.390939	0.0719002
20310	-0.283591	-0.252492	3.68606	1.69131	0.45884	0.678593	2.71665	3.73227	1.74802	0.468353	9.52238	0.462898	0.463626	0.390663	0.0721917
20311	-0.272914	-0.257671	3.6005	1.66034	0.461142	0.702401	2.69616	3.86305	1.68717	0.436745	9.17239	0.475619	0.448515	0.394651	0.0726286
20312	-0.377866	-0.336527	3.59654	1.66793	0.46376	0.612758	2.70414	3.44592	1.7136	0.497284	9.42148	0.490668	0.480163	0.406134	0.0727106
20313	-0.320578	-0.305744	3.73672	1.7071	0.456844	0.734173	2.70966	3.64986	1.77576	0.486529	8.1732	0.55625	0.471512	0.395039	0.0727598
20314	-0.305314	-0.291992	3.65342	1.7564	0.480754	0.559209	2.62937	3.62	1.73797	0.480102	11.4187	0.3737	0.480429	0.379223	0.0729218
20315	-0.231036	-0.244949	3.70477	1.68879	0.455843	0.66271	2.62595	3.72246	1.80549	0.485026	10.3183	0.399391	0.470469	0.37106	0.0731847
20316	-0.282303	-0.20394	3.44266	1.6982	0.493283	0.653039	2.63975	3.96148	1.79234	0.452441	9.24322	0.437432	0.471431	0.366875	0.0732429
20317	-0.19314	-0.151161	3.76264	1.72008	0.457148	0.62397	2.62029	3.96981	1.77568	0.447296	11.5041	0.333835	0.45209	0.354663	0.0735981
20318	-0.149352	-0.164875	3.78817	1.72111	0.454337	0.642709	2.64273	3.87129	1.88807	0.487711	12.5648	0.31368	0.471205	0.353289	0.0735967
20319	-0.146471	-0.15695	3.72595	1.76639	0.474079	0.634503	2.64232	3.97944	1.89409	0.47597	12.8475	0.30496	0.475056	0.348719	0.0740656
20320	-0.157237	-0.145652	3.82264	1.63958	0.428912	0.672539	2.63967	3.96476	1.91619	0.483305	11.2675	0.344265	0.456605	0.353055	0.0746623
20321	-0.147045	-0.160672	3.69177	1.79354	0.48582	0.581455	2.56817	4.16248	1.92217	0.461786	14.0313	0.265356	0.473083	0.333898	0.075275
20322	-0.113891	-0.108368	3.81062	1.81653	0.476704	0.528098	2.51674	3.70977	1.90721	0.514105	16.7202	0.206075	0.495154	0.316419	0.0753185
20323	-0.155312	-0.0906705	3.50626	1.64578	0.469383	0.566868	2.55583	3.84865	1.84353	0.479006	13.4292	0.260772	0.474419	0.334251	0.0757538
20324	-0.0113168	-0.0114627	3.41153	1.54373	0.452504	0.520099	2.45717	3.83374	1.7978	0.468943	21.5795	0.141202	0.461202	0.313265	0.0758775
20325	-0.0760761	-0.0807554	3.45383	1.55462	0.450117	0.473275	2.38952	4.04914	1.78388	0.440559	20.2205	0.150893	0.444959	0.313748	0.0764699
20326	-0.0770179	-0.0754802	3.66803	1.58578	0.432324	0.433554	2.42802	3.64627	1.67534	0.459468	24.0427	0.130342	0.445856	0.32465	0.0764839
20327	-0.0320513	-0.0593066	3.65606	1.65145	0.451702	0.413989	2.43174	3.71509	1.70769	0.459662	31.19	0.099476	0.455714	0.316031	0.0765839
20328	0.00356008	-0.0807328	4.06902	1.80448	0.443468	0.431435	2.47728	3.93686	1.80111	0.457498	35.7416	0.0915383	0.450367	0.312209	0.0767565
20329	-0.0101274	-0.0566082	3.69241	1.59235	0.431248	0.490996	2.45203	3.59393	1.72705	0.480546	25.0603	0.125562	0.455564	0.321672	0.0769198
20330	-0.163975	-0.115259	3.71094	1.63157	0.439665	0.459391	2.39982	3.48714	1.64816	0.47264	16.2786	0.194293	0.45564	0.325426	0.0772888
20331	-0.0814425	-0.129665	3.55429	1.67758	0.471988	0.423918	2.38989	3.65317	1.70906	0.467828	24.8568	0.127695	0.469879	0.319197	0.0774603
20332	-0.137698	-0.132113	3.83193	1.73996	0.454069	0.430812	2.44573	3.89542	1.73877	0.446361	20.5607	0.161602	0.450184	0.323321	0.0776042
20333	-0.0142352	-0.0565652	3.69263	1.69572	0.459217	0.429046	2.48965	3.82689	1.71224	0.447425	32.9936	0.0982493	0.453215	0.322415	0.0778236
20334	-0.0705123	-0.0129283	3.55993	1.6303	0.457958	0.468234	2.47989	3.60465	1.61049	0.446781	21.4098	0.145124	0.452335	0.324146	0.0780448
20335	-0.0900009	-0.0778806	3.90154	1.74465	0.447169	0.421734	2.50198	3.64871	1.62814	0.446224	25.4157	0.130936	0.446712	0.33047	0.0780606
20336	-0.0653048	-0.0192874	3.6033	1.72386	0.478412	0.56547	2.56897	4.04727	1.72729	0.426779	16.8371	0.198938	0.451098	0.326836	0.0781209
20337	-0.00875122	0.0215211	3.7739	1.61239	0.427246	0.632365	2.67423	3.51692	1.75128	0.497959	17.1201	0.205515	0.461357	0.343517	0.0783341
20338	-0.031682	-0.0291481	3.67641	1.6818	0.457457	0.740169	2.73356	3.52171	1.63669	0.464743	12.8115	0.297877	0.461022	0.365196	0.0784548
20339	0.0539187	-0.00640294	3.86006	1.80844	0.468502	0.77441	2.69561	3.56295	1.66901	0.468435	14.0642	0.259554	0.46847	0.344319	0.0788301
20340	-0.0135449	0.00941581	3.70605	1.79987	0.485657	0.694713	2.76092	3.57534	1.46326	0.409263	15.0923	0.250815	0.448146	0.367215	0.0793365
20341	-0.104758	-0.0388411	3.64383	1.6756	0.459844	0.752497	2.76346	3.43179	1.56682	0.456561	10.6859	0.367443	0.458252	0.377252	0.0795581
20342	-0.0544839	-0.0393197	3.83816	1.69352	0.441232	0.816088	2.74562	3.58529	1.63838	0.456975	10.2335	0.378947	0.448835	0.367982	0.0796034
20343	-0.0250407	-0.0325463	3.85066	1.75389	0.455479	0.731271	2.68812	3.59249	1.54729	0.430702	12.9405	0.286004	0.44352	0.359319	0.0798225
20344	0.0350676	-0.00700262	3.57258	1.70277	0.476623	0.754139	2.70075	3.62632	1.77094	0.488358	14.1799	0.258532	0.482534	0.345522	0.0799962
20345	-0.0369188	-0.0216477	3.67181	1.74211	0.474457	0.770497	2.69943	3.21722	1.65823	0.515423	11.3576	0.32596	0.493589	0.352603	0.0802334
20346	-0.0345712	-0.0589859	3.57385	1.69447	0.47413	0.733867	2.74876	3.40218	1.61131	0.473612	13.3505	0.295248	0.473877	0.373623	0.0804005
20347	-0.0789979	-0.0537379	3.80905	1.81526	0.476563	0.687016	2.72484	3.43657	1.59893	0.465268	13.1575	0.293389	0.471206	0.361271	0.0805758
20348	-0.0593927	-0.0225246	4.05668	1.72985	0.426421	0.902846	2.8127	3.45537	1.70422	0.493209	8.68179	0.462952	0.457142	0.369282	0.0807413
20349	-0.104357	-0.0306765	3.5604	1.61995	0.45499	0.93862	2.83347	3.50624	1.70366	0.485892	7.54123	0.543901	0.470322	0.38171	0.0808465
20350	-0.141952	-0.0510669	3.63382	1.69707	0.46702	0.834152	2.86509	3.60612	1.57462	0.436654	8.92544	0.476389	0.451895	0.393991	0.0809665
20351	-0.172977	-0.12218	3.39986	1.6056	0.472255	0.716555	2.76219	3.65972	1.72864	0.472342	10.5143	0.395633	0.4723	0.384278	0.0811324
20352	-0.100181	-0.0856002	3.90501	1.72199	0.440969	0.777305	2.74848	3.70323	1.75216	0.473143	10.4314	0.384991	0.456629	0.366396	0.0816404
20353	-0.111196	-0.0615498	3.81764	1.72981	0.453109	0.809572	2.82315	3.83999	1.89866	0.494443	9.8152	0.423908	0.473836	0.364528	0.0822276
20354	-0.121304	-0.131757	3.51699	1.78788	0.508355	0.853445	2.8406	3.73404	1.79161	0.479805	9.2986	0.475068	0.493653	0.381709	0.0826068
20355	-0.0862669	-0.0438551	3.69429	1.79487	0.485849	0.699416	2.79045	3.48677	1.82503	0.523415	13.0136	0.308649	0.504089	0.356946	0.0828741
20356	-0.10149	-0.122981	3.49178	1.67049	0.478406	0.731269	2.75169	3.82208	1.72183	0.450495	11.9162	0.346743	0.46382	0.378616	0.0833567
20357	-0.0777292	-0.162229	3.70615	1.73222	0.467392	0.665036	2.70608	3.97745	1.72928	0.434771	14.9124	0.27585	0.450506	0.37284	0.0836856
20358	-0.154357	-0.193186	3.74993	1.67443	0.446522	0.676916	2.65595	3.47254	1.6633	0.478986	11.7473	0.345507	0.462131	0.378233	0.0833994
20359	-0.118421	-0.142432	3.43606	1.53875	0.447825	0.726166	2.73224	3.81163	1.73435	0.455015	11.5848	0.356664	0.451606	0.387068	0.0841058
20360	-0.212126	-0.141237	3.61205	1.67624	0.464068	0.681516	2.67723	3.83617	1.78538	0.465406	9.94718	0.399298	0.464757	0.364673	0.0844832
20361	-0.0762336	-0.132195	3.76329	1.67897	0.446145	0.740303	2.72652	3.60167	1.61726	0.449029	12.2572	0.333366	0.447555	0.382766	0.0848544
20362	-0.12528	-0.115475	3.70262	1.6578	0.447736	0.693997	2.69417	3.52054	1.60869	0.456945	11.7609	0.335608	0.452225	0.376743	0.0854449
20363	-0.048652	-0.116104	3.40924	1.61385	0.473375	0.765033	2.71936	3.58959	1.50365	0.418893	12.1433	0.331041	0.445432	0.392118	0.0857634
20364	-0.14092	-0.129837	3.49092	1.67975	0.481178	0.689427	2.6942	3.67156	1.6346	0.445207	11.567	0.344738	0.462739	0.375728	0.0855196
20365	-0.10117	-0.153526	3.6408	1.61284	0.442991	0.703103	2.71998	3.75593	1.70387	0.453649	12.7649	0.323428	0.448403	0.38374	0.0854121
20366	-0.293285	-0.194843	3.746	1.7391	0.464255	0.782393	2.7215	4.0805	1.75563	0.430248	7.35045	0.578541	0.446525	0.378391	0.0855902
20367	-0.200997	-0.193833	3.43311	1.59071	0.463345	0.731663	2.75969	3.40448	1.70775	0.501619	10.0285	0.434927	0.482402	0.398133	0.0854086
20368	-0.152294	-0.144443	3.73464	1.55541	0.416482	0.729349	2.74713	3.72798	1.77363	0.475763	10.7568	0.388647	0.446096	0.385829	0.0854863
20369	-0.258202	-0.189749	3.49973	1.71549	0.490178	0.786406	2.79785	3.64477	1.65005	0.452716	8.17974	0.545603	0.471067	0.398807	0.0860509
20370	-0.197226	-0.22057	3.64626	1.61681	0.443416	0.833463	2.81763	3.70163	1.6256	0.439158	8.68915	0.53116	0.441271	0.415911	0.0862126
20371	-0.297523	-0.232472	3.68787	1.67897	0.455269	0.796621	2.84691	3.64164	1.6995	0.466684	7.92097	0.598576	0.460941	0.412471	0.086467
20372	-0.261835	-0.15775	3.64249	1.64368	0.451253	0.870117	2.79855	3.72246	1.78818	0.480375	6.82089	0.640658	0.465972	0.389119	0.0865174
20373	-0.160938	-0.17569	3.61115	1.76612	0.489074	0.743013	2.76058	3.6558	1.78379	0.487935	10.5512	0.408563	0.488501	0.377908	0.0864926
20374	-0.176722	-0.183123	3.76575	1.68175	0.44659	0.72641	2.7469	4.00464	1.95874	0.489119	10.5254	0.407824	0.468508	0.371008	0.0867602
20375	-0.190081	-0.172892	3.39983	1.55942	0.458677	0.629837	2.65755	3.95246	1.99044	0.503595	11.917	0.336133	0.482824	0.360814	0.0871542
20376	-0.187243	-0.16271	3.48389	1.64913	0.47336	0.663745	2.68338	3.86483	1.92342	0.497674	11.1853	0.362091	0.486147	0.361887	0.0870313
20377	-0.241193	-0.176455	3.29821	1.69056	0.512567	0.711189	2.68983	3.81811	1.90389	0.498648	9.05767	0.453516	0.505099	0.363744	0.0871621
20378	-0.167651	-0.179071	3.70597	1.69612	0.457674	0.71689	2.68164	3.94617	1.78139	0.451424	10.4595	0.391206	0.454451	0.370523	0.087581
20379	-0.0441694	-0.082264	3.61269	1.75468	0.485698	0.75427	2.72683	4.04882	1.85781	0.458853	12.3779	0.318753	0.471511	0.353321	0.0879424
20380	-0.0721319	-0.0788976	3.69188	1.6784	0.454618	0.711505	2.7526	3.97183	1.89984	0.478328	13.0557	0.307044	0.466906	0.359151	0.0884879
20381	-0.0222286	-0.0536527	3.42506	1.55065	0.452735	0.797998	2.71449	4.07498	1.95614	0.480037	11.3896	0.336386	0.467569	0.353396	0.0881972
20382	0.0170541	0.00507193	3.49397	1.54868	0.443244	0.700406	2.67589	3.54655	1.87993	0.530072	15.2757	0.233485	0.486982	0.342274	0.0882985
20383	-0.0435043	0.00744714	3.64747	1.57568	0.431993	0.677648	2.65746	3.70393	1.87671	0.506681	13.5033	0.260031	0.469624	0.337214	0.0887877
20384	0.034796	0.0731673	3.80515	1.69325	0.444988	0.711071	2.69407	3.78804	1.82187	0.480953	15.0195	0.228674	0.46293	0.328312	0.0891885
20385	0.14497	0.0993133	3.8448	1.65324	0.429994	0.624682	2.66416	3.74217	1.64488	0.439552	28.5866	0.115062	0.434708	0.332845	0.0895998
20386	0.0207181	0.0874293	3.37082	1.61869	0.480207	0.669577	2.6928	3.87492	1.7174	0.44321	16.1227	0.210509	0.460422	0.337278	0.0900418
20387	0.21089	0.120559	3.71847	1.61956	0.435544	0.667661	2.7112	3.41227	1.7005	0.498349	32.1676	0.104319	0.465598	0.335822	0.0905351
20388	0.167594	0.149663	3.92646	1.67296	0.426074	0.763783	2.71288	3.66596	1.67189	0.456057	18.4842	0.177721	0.440551	0.329446	0.0907166
20389	0.0998569	0.106304	3.67544	1.89279	0.514982	0.740928	2.74424	3.40811	1.73908	0.510277	16.9323	0.205486	0.512718	0.323979	0.0904735
20390	0.0245153	0.0990985	3.99406	1.93687	0.484936	0.659434	2.66698	3.79005	1.87291	0.494165	16.3573	0.201561	0.48943	0.302124	0.0905032
20391	0.0948528	0.0925235	3.95606	1.79002	0.452475	0.671247	2.7065	3.80454	1.90118	0.499714	20.5667	0.166115	0.475633	0.31648	0.0908033
20392	0.102986	0.0753112	3.60515	1.67829	0.465525	0.763987	2.71884	4.03507	1.7992	0.445891	15.9942	0.218461	0.455155	0.334506	0.0909934
20393	0.0649095	0.0686999	3.78959	1.82343	0.481168	0.658511	2.70377	3.77987	1.78764	0.472937	19.7059	0.176181	0.477058	0.324762	0.0911726
20394	0.0775008	0.0491299	3.70575	1.65279	0.446007	0.736443	2.70094	4.04665	1.97206	0.487331	16.1954	0.217102	0.467578	0.326706	0.0915809
20395	-0.0187043	0.0282196	3.85241	1.57471	0.408761	0.783967	2.73786	3.79923	1.89814	0.49961	11.3959	0.322141	0.45387	0.345893	0.091714
20396	0.0180913	0.0544007	3.99168	1.71562	0.429799	0.782782	2.71351	3.92702	1.97028	0.501726	12.0921	0.292376	0.465469	0.324246	0.091901
20397	0.0146785	-0.0811848	3.54025	1.60275	0.452723	0.749394	2.66505	3.69167	1.76619	0.478426	13.9713	0.269903	0.465844	0.358949	0.0921973
20398	-0.043769	-0.0808752	3.64111	1.65671	0.455002	0.67088	2.68833	3.70075	1.83107	0.494783	15.015	0.255362	0.475054	0.354816	0.0923163
20399	-0.0885507	-0.0419209	3.34131	1.59613	0.477695	0.780399	2.7463	3.93971	1.90757	0.484189	10.296	0.377537	0.481209	0.35691	0.0927346
20400	-0.00728615	-0.0931925	3.55321	1.48615	0.418256	0.77526	2.76038	3.76154	1.88132	0.500146	13.2971	0.30619	0.460367	0.37688	0.0928792
20401	-0.0695625	-0.0617435	3.48867	1.54466	0.442763	0.695305	2.74186	3.65594	1.78855	0.489218	13.4358	0.292511	0.466534	0.371003	0.0929919
20402	-0.0308583	-0.0738991	3.5465	1.58248	0.446208	0.707521	2.71072	3.83822	1.92771	0.50224	14.2223	0.272602	0.475331	0.355891	0.0931763
20403	-0.0610435	-0.0410783	3.39361	1.51445	0.446266	0.776308	2.75329	3.92804	1.64276	0.418214	11.1366	0.350579	0.431216	0.382189	0.0934881
20404	-0.0502855	-0.0916534	3.62502	1.56312	0.431202	0.702759	2.74253	3.71538	1.66979	0.449425	14.165	0.283538	0.440426	0.383277	0.0934692
20405	-0.103232	-0.133216	3.70262	1.73311	0.468077	0.798445	2.79203	3.65199	1.67858	0.459635	10.525	0.406511	0.463885	0.385505	0.0936909
20406	-0.230905	-0.141603	3.30553	1.50612	0.455636	0.815326	2.81309	3.70227	1.70125	0.459517	7.97573	0.547299	0.457686	0.405053	0.0937638
20407	-0.098466	-0.170729	3.37456	1.49527	0.443102	0.91807	2.80007	4.00146	1.75816	0.43938	8.54082	0.516673	0.441083	0.404236	0.0935191
20408	-0.175452	-0.15923	3.46779	1.49534	0.431208	0.881652	2.85859	3.84407	1.85259	0.481935	8.14991	0.558734	0.457877	0.404906	0.0940029
20409	-0.239456	-0.200615	3.7605	1.61967	0.430706	0.786051	2.79789	3.75266	1.82327	0.485862	8.54935	0.525833	0.458255	0.395108	0.0942039
20410	-0.200534	-0.231608	3.6566	1.72968	0.473029	0.825427	2.81574	3.78164	1.77418	0.469158	8.82235	0.526297	0.471061	0.398645	0.094149
20411	-0.236165	-0.31647	4.13744	1.80521	0.436311	0.909887	2.90116	3.70221	1.66168	0.448835	7.8825	0.656717	0.442226	0.427573	0.0943305
20412	-0.35363	-0.288502	3.74873	1.77984	0.474784	0.843195	2.89575	3.64231	1.66503	0.457137	7.07867	0.716196	0.466087	0.424031	0.0946961
20413	-0.21826	-0.269159	3.56659	1.66095	0.465696	0.923052	2.91853	3.79615	1.70906	0.450209	7.80087	0.651297	0.457711	0.429935	0.0947993
20414	-0.288408	-0.273473	3.86349	1.7402	0.450422	0.957612	2.88647	3.77108	1.75665	0.465823	6.43147	0.776282	0.458029	0.416648	0.0952489
20415	-0.23187	-0.259965	3.57471	1.73711	0.485945	0.872036	2.9195	3.54541	1.62038	0.457034	8.29555	0.609304	0.471549	0.429582	0.0952664
20416	-0.312655	-0.278714	3.90916	1.729	0.442296	0.96006	2.89784	3.85555	1.70943	0.443368	6.22947	0.809902	0.442828	0.423307	0.0956226
20417	-0.2911	-0.258049	3.67503	1.67406	0.455524	0.836961	2.81534	3.6556	1.72759	0.472588	7.42284	0.63626	0.464034	0.409872	0.0959361
20418	-0.328107	-0.284323	3.6441	1.6001	0.439093	0.748758	2.80653	3.77826	1.66178	0.439827	8.23822	0.579819	0.439467	0.42282	0.0961891
20419	-0.225804	-0.262693	3.77284	1.74292	0.461965	0.847633	2.80271	3.68301	1.64101	0.445562	8.15497	0.576134	0.453862	0.409877	0.0959182
20420	-0.196509	-0.177441	3.82061	1.72913	0.452579	0.696737	2.79275	3.72429	2.01567	0.541221	11.0567	0.398944	0.496334	0.370771	0.0957458
20421	-0.149554	-0.173796	3.64242	1.55538	0.427019	0.856323	2.83442	3.86286	1.85973	0.481439	8.94394	0.505894	0.455028	0.398598	0.09586
20422	-0.234287	-0.192835	3.79789	1.64123	0.432142	0.834891	2.8105	3.57526	1.65825	0.463811	7.89054	0.571571	0.447499	0.4061	0.0960249
20423	-0.151919	-0.230232	3.38323	1.64752	0.486968	0.798768	2.84451	3.71328	1.61302	0.434393	10.4602	0.451903	0.459458	0.420372	0.0962981
20424	-0.243489	-0.274887	3.77056	1.64597	0.436531	0.786368	2.80082	3.67265	1.61964	0.441001	8.91943	0.530302	0.438736	0.420147	0.0966432
20425	-0.0688434	-0.125139	3.24003	1.65718	0.511472	0.980841	2.97343	3.81125	1.67394	0.439209	8.71377	0.550919	0.472414	0.418917	0.0967274
20426	-0.1067	-0.128619	3.5722	1.703	0.476737	0.795252	2.85486	3.53827	1.64836	0.465865	10.9416	0.406759	0.471327	0.399158	0.0966139
20427	-0.257222	-0.148771	3.64249	1.67793	0.460655	0.694944	2.80036	3.86596	1.72472	0.44613	9.59318	0.45331	0.453177	0.389996	0.0967605
20428	-0.223572	-0.193088	3.84442	1.70353	0.443118	0.799827	2.75774	3.60079	1.77987	0.4943	8.31377	0.523673	0.467871	0.384704	0.0969308
20429	-0.104247	-0.161913	3.74116	1.6617	0.444167	0.687894	2.72894	3.64248	1.79739	0.493452	13.3183	0.313744	0.46848	0.376673	0.0971186
20430	-0.164041	-0.172154	3.52126	1.70849	0.485191	0.744459	2.72677	3.62459	1.72798	0.476738	10.1818	0.412686	0.480903	0.379527	0.097433
20431	-0.252689	-0.247773	3.76992	1.83314	0.486254	0.727979	2.76192	4.05556	1.82839	0.450835	9.41889	0.480856	0.467898	0.382252	0.0981644
20432	-0.302276	-0.237445	3.70214	1.66489	0.449709	0.726428	2.73569	3.56545	1.75489	0.492192	8.35312	0.529116	0.470551	0.392662	0.0984849
20433	-0.129489	-0.145335	3.62642	1.73938	0.479643	0.797487	2.7132	3.75833	1.74366	0.463945	9.50931	0.429643	0.471653	0.369798	0.0984566
20434	-0.246209	-0.175583	3.4777	1.69736	0.48807	0.634461	2.63285	3.76324	1.65102	0.438724	10.1696	0.38779	0.462424	0.370746	0.0990775
20435	-0.199825	-0.186062	3.73802	1.67735	0.448725	0.624965	2.61975	3.69666	1.72885	0.467679	11.5726	0.340139	0.458149	0.366328	0.0992664
20436	-0.135828	-0.139026	3.6943	1.6858	0.456324	0.578924	2.57103	3.87024	1.87044	0.483289	14.3762	0.255435	0.47012	0.340613	0.099398
20437	-0.135401	-0.156148	3.48469	1.60391	0.460274	0.697205	2.64204	3.82066	1.68056	0.439861	11.2947	0.346616	0.449598	0.373541	0.0993864
20438	-0.246144	-0.190633	3.60576	1.61402	0.447621	0.624954	2.6539	3.85911	1.76139	0.456422	10.6632	0.379406	0.452171	0.374839	0.0995799
20439	-0.261546	-0.238369	3.50753	1.5404	0.439169	0.501497	2.51102	3.82002	1.6844	0.440939	12.9829	0.291117	0.440092	0.369606	0.100013
20440	-0.154005	-0.198378	3.46012	1.5723	0.454405	0.564467	2.49852	3.90427	1.76694	0.452567	14.0899	0.258101	0.45343	0.352668	0.100363
20441	-0.269155	-0.213726	3.66003	1.5983	0.43669	0.497831	2.52982	4.01282	1.64051	0.408817	12.7952	0.294134	0.422113	0.367606	0.100496
20442	-0.215868	-0.230684	3.72949	1.67943	0.450311	0.525235	2.50431	3.77833	1.79409	0.474835	13.6193	0.274617	0.462653	0.350077	0.100741
20443	-0.178997	-0.276072	3.88912	1.67908	0.431737	0.48099	2.50718	3.7627	1.74427	0.463568	17.7842	0.217791	0.44739	0.361428	0.101099
20444	-0.332822	-0.294072	3.56861	1.74211	0.488176	0.433279	2.47347	3.6101	1.75723	0.486753	13.0501	0.293455	0.487461	0.353783	0.101138
20445	-0.214218	-0.285953	3.55025	1.81224	0.510454	0.490134	2.4981	3.8911	1.78497	0.458732	15.6235	0.248055	0.483408	0.350206	0.100906
20446	-0.267273	-0.246932	3.36361	1.54103	0.458148	0.474698	2.50224	3.59654	1.72215	0.478836	13.7287	0.27526	0.468838	0.366817	0.101144
20447	-0.244206	-0.245614	3.49463	1.40275	0.401401	0.541194	2.51078	4.1824	1.83795	0.439448	12.3169	0.308427	0.422129	0.369646	0.101139
20448	-0.245969	-0.238706	3.52776	1.60627	0.455321	0.493366	2.46435	4.11412	1.78299	0.433383	13.3668	0.273308	0.443511	0.350318	0.10117
20449	-0.21293	-0.237988	3.73579	1.70047	0.455183	0.439085	2.45574	3.8144	1.74791	0.45824	17.0684	0.212562	0.456727	0.34483	0.101314
20450	-0.206364	-0.252748	3.46049	1.53959	0.444904	0.346045	2.42992	3.94218	1.85735	0.471148	23.5837	0.152578	0.45888	0.346368	0.101446
20451	-0.318232	-0.322038	3.36557	1.47506	0.438278	0.379073	2.40468	3.93099	1.68995	0.429905	15.291	0.243117	0.433767	0.370108	0.101725
20452	-0.357529	-0.312318	3.48841	1.58808	0.455244	0.344853	2.37106	3.66097	1.8032	0.492546	14.5955	0.24667	0.474345	0.346865	0.101614
20453	-0.288823	-0.309516	3.54628	1.59118	0.44869	0.336906	2.33424	3.78369	1.89378	0.50051	17.8513	0.195769	0.475439	0.334067	0.101758
20454	-0.285838	-0.235479	3.444	1.48301	0.430608	0.418066	2.37163	3.72245	1.73701	0.466632	13.718	0.24774	0.44932	0.34554	0.10197
20455	-0.316495	-0.302064	3.50118	1.54739	0.441961	0.3914	2.35591	3.56834	1.72092	0.482273	14.0982	0.250558	0.462309	0.350934	0.102154
20456	-0.223718	-0.317721	3.7676	1.63814	0.434798	0.337211	2.35615	3.7681	1.77692	0.47157	22.7229	0.157321	0.453185	0.34368	0.102355
20457	-0.312646	-0.307581	3.5279	1.61095	0.456631	0.364185	2.36174	3.50454	1.67508	0.477973	15.5541	0.22905	0.467267	0.351644	0.102403
20458	-0.323807	-0.306757	3.66298	1.64788	0.449873	0.463194	2.38431	3.659	1.59867	0.436914	11.6923	0.309686	0.443397	0.358126	0.102562
20459	-0.294162	-0.303689	3.74768	1.80684	0.482122	0.375159	2.35475	3.52402	1.58264	0.449101	15.7756	0.223995	0.466119	0.342767	0.102839
20460	-0.245768	-0.277392	3.47352	1.72033	0.495269	0.413097	2.337	3.47129	1.5557	0.44816	15.7453	0.217051	0.471722	0.342909	0.103207
20461	-0.262536	-0.225659	3.70523	1.71092	0.461758	0.410206	2.38606	3.54297	1.55796	0.439734	15.0715	0.226291	0.450993	0.342938	0.103665
20462	-0.26843	-0.196021	3.35301	1.57106	0.468552	0.346287	2.33948	3.67972	1.52765	0.415153	17.0129	0.188939	0.440612	0.34164	0.104144
20463	-0.218484	-0.202903	3.40395	1.57745	0.463418	0.351911	2.37878	3.61814	1.59068	0.439639	20.4858	0.162675	0.451166	0.344782	0.104337
20464	-0.190561	-0.22717	3.8356	1.63276	0.425685	0.402556	2.40617	3.60721	1.72531	0.478296	19.7121	0.175894	0.451183	0.340593	0.104702
20465	-0.164693	-0.261878	3.63166	1.63719	0.450811	0.437072	2.46666	3.65898	1.68596	0.460774	20.5592	0.18106	0.455811	0.359121	0.105105
20466	-0.202936	-0.263961	3.51512	1.56247	0.444499	0.496285	2.48343	3.72814	1.63344	0.43814	15.4387	0.244455	0.441226	0.371365	0.105188
20467	-0.231875	-0.250917	3.48856	1.56864	0.449652	0.397661	2.42781	3.65121	1.70327	0.466495	18.1057	0.198158	0.458265	0.354233	0.105122
20468	-0.298835	-0.279065	3.41718	1.57434	0.460712	0.437084	2.43432	3.87493	1.84364	0.475786	13.5945	0.270788	0.468722	0.350135	0.104935
20469	-0.235956	-0.324019	3.59702	1.46783	0.40807	0.415718	2.48779	3.84395	1.89079	0.491887	18.6171	0.212339	0.451369	0.370594	0.105192
20470	-0.287912	-0.260616	3.71489	1.54294	0.415338	0.562397	2.56329	3.65415	1.84529	0.504986	11.0292	0.361512	0.459793	0.370549	0.105209
20471	-0.341433	-0.255129	3.64966	1.67898	0.460038	0.63086	2.57909	3.71784	1.67483	0.450486	8.49715	0.472677	0.455218	0.374641	0.105538
20472	-0.362112	-0.354293	3.50301	1.53457	0.438071	0.458227	2.58329	3.62104	1.71492	0.473598	12.8231	0.336478	0.456129	0.399124	0.105597
20473	-0.4032	-0.359736	3.44118	1.51235	0.439487	0.582564	2.58833	3.7879	1.72983	0.456673	8.94394	0.485865	0.448492	0.401374	0.106181
20474	-0.399098	-0.415168	3.53196	1.49581	0.423506	0.627633	2.62032	3.94318	1.68436	0.427158	8.74067	0.527089	0.425433	0.420193	0.106888
20475	-0.36072	-0.359498	3.54886	1.57277	0.443175	0.673289	2.62343	3.92467	1.72819	0.440341	8.32217	0.534587	0.441687	0.402707	0.10709
20476	-0.307758	-0.327049	3.54742	1.58451	0.446667	0.630314	2.64913	3.76932	1.86171	0.493911	10.0658	0.43999	0.471005	0.391314	0.106968
20477	-0.349113	-0.368264	3.50703	1.58544	0.452074	0.622985	2.67326	3.56968	1.71253	0.479745	9.78951	0.472487	0.466032	0.412319	0.107215
20478	-0.412676	-0.352785	3.71102	1.59158	0.428879	0.610136	2.64253	3.92315	1.80063	0.458975	8.57616	0.523073	0.444345	0.398151	0.107262
20479	-0.371363	-0.3863	3.38528	1.41474	0.417907	0.668845	2.64388	3.94169	1.81423	0.460266	8.48589	0.541016	0.440695	0.415637	0.107167
20480	-0.352598	-0.40319	3.67613	1.60807	0.437434	0.591058	2.63964	4.01935	1.82494	0.454039	10.3975	0.445243	0.446107	0.402837	0.107108
20481	-0.379048	-0.399227	3.89304	1.57212	0.403828	0.719271	2.70783	3.42275	1.74783	0.51065	8.00278	0.603152	0.453805	0.421068	0.107436
20482	-0.482652	-0.393671	3.47174	1.5622	0.449977	0.697436	2.71883	3.73131	1.77812	0.47654	6.95651	0.696303	0.463737	0.420431	0.107494
20483	-0.376974	-0.348358	3.7538	1.64391	0.437931	0.725651	2.75164	3.58257	1.75955	0.491141	7.90439	0.607891	0.463915	0.413921	0.107754
20484	-0.31723	-0.262001	3.66784	1.63229	0.445026	0.750709	2.79208	3.61541	1.7115	0.473391	8.17842	0.570247	0.459106	0.410975	0.107326
20485	-0.240059	-0.256777	3.61494	1.54487	0.427357	0.836327	2.82072	3.77323	1.73955	0.461026	8.17446	0.579304	0.444552	0.419031	0.107487
20486	-0.290653	-0.287875	3.65866	1.64028	0.448327	0.894174	2.80329	3.67741	1.65152	0.4491	6.80667	0.701907	0.448714	0.420644	0.107844
20487	-0.196813	-0.230155	3.75485	1.72552	0.459544	0.822055	2.82856	3.86241	1.84084	0.476604	9.01244	0.519046	0.468195	0.396194	0.108202
20488	-0.227266	-0.222594	3.63493	1.71694	0.472345	0.821323	2.75156	3.79704	1.76282	0.464262	8.04484	0.54977	0.468215	0.388687	0.108479
20489	-0.175431	-0.198191	3.87804	1.74114	0.448975	0.828448	2.75284	3.57138	1.61997	0.453597	8.64141	0.503886	0.451191	0.39323	0.108669
20490	-0.260361	-0.226919	3.70528	1.66775	0.450103	0.854821	2.84314	3.56092	1.56967	0.440804	7.57881	0.621816	0.445546	0.421363	0.108854
20491	-0.268055	-0.228401	3.43103	1.58444	0.461798	0.851183	2.82359	3.34586	1.53832	0.459769	7.43569	0.626346	0.460796	0.427287	0.109357
20492	-0.245939	-0.226042	3.47636	1.53494	0.441536	0.818456	2.80513	3.39	1.65307	0.487632	8.10991	0.566468	0.464294	0.4189	0.109597
20493	-0.243178	-0.255694	3.48315	1.55963	0.447764	0.818092	2.84199	3.66996	1.63459	0.445398	8.51969	0.563147	0.44655	0.429026	0.109766
20494	-0.201565	-0.240762	3.5895	1.5214	0.423846	0.805124	2.87805	3.63873	1.61291	0.443264	9.59815	0.506712	0.433621	0.437012	0.109868
20495	-0.293654	-0.308028	3.35705	1.60441	0.477923	0.831679	2.86363	3.56425	1.6217	0.45499	7.9435	0.633187	0.466113	0.438178	0.110151
20496	-0.341374	-0.331442	3.87579	1.93163	0.498383	0.876186	2.86583	3.95333	1.71699	0.434315	6.8957	0.741226	0.466032	0.412038	0.110417
20497	-0.330176	-0.294973	3.61022	1.73828	0.481487	0.928981	2.85765	3.7312	1.76819	0.473894	6.26879	0.792739	0.477628	0.414854	0.1107
20498	-0.342163	-0.338244	3.95086	1.71992	0.435328	0.821805	2.83372	3.56623	1.63184	0.45758	7.42632	0.677411	0.445885	0.428842	0.110716
20499	-0.351186	-0.279207	3.78486	1.76117	0.465321	0.778957	2.78715	3.83078	1.61596	0.421835	7.36168	0.638612	0.443447	0.410513	0.110884
20500	-0.271021	-0.277452	3.41542	1.59149	0.465971	0.747368	2.78056	3.51114	1.71376	0.488093	9.01679	0.518558	0.477185	0.414408	0.111069
