cycle	Zbar1	Gbar1	VP1	VG1	h21	Zbar2	Gbar2	VP2	VG2	h22	h2b	h2b_denom	h2w	Qst	Fst
20000	-0.0858301	-0.0565649	3.82613	1.96431	0.513392	4.05207	0.00773297	3.94084	1.86261	0.472642	0.000241454	8.5611	0.492716	0.000270137	0.0003553
20001	0.00302612	0.00216241	4.04931	1.93328	0.477435	3.99996	0.0228125	3.58725	1.885	0.525472	2.66925e-05	7.98773	0.5	2.79332e-05	0.000612116
20002	0.0302789	0.0367815	3.71313	1.82231	0.490775	3.89377	-0.0524836	3.70308	1.84978	0.499524	0.00053383	7.46329	0.495144	0.000542465	0.000849546
20003	0.0682393	0.0650722	3.91854	2.10538	0.537286	3.94263	-0.0999072	4.00413	1.86572	0.465948	0.00181323	7.50545	0.501232	0.00171144	0.0011314
20004	0.0312608	0.124149	3.91839	1.99735	0.509738	3.85026	-0.171402	3.98993	2.01924	0.506084	0.00598913	7.29237	0.507894	0.00541011	0.00132816
20005	0.0624161	0.0497639	3.74539	2.15074	0.574237	3.77165	-0.204386	3.94833	1.88823	0.478236	0.00469473	6.87922	0.52497	0.00398412	0.00158072
20006	0.041925	0.0577607	3.88986	1.97857	0.508648	3.69624	-0.251316	4.34303	2.13816	0.49232	0.00715353	6.67703	0.500034	0.00577065	0.00178605
20007	0.106952	0.0746883	4.11897	1.94921	0.473228	3.66339	-0.289091	3.83559	2.03405	0.530309	0.0104628	6.32412	0.500752	0.00824141	0.00207927
20008	0.0290763	0.0720084	4.24943	2.05937	0.484624	3.6745	-0.374256	3.67453	2.11652	0.575998	0.0149861	6.64457	0.526996	0.0117881	0.00226338
20009	-0.0116333	-0.0447032	4.2134	1.97601	0.468981	3.57483	-0.443904	3.96241	1.95912	0.494428	0.0123894	6.43137	0.481314	0.0100277	0.00254827
20010	0.0731803	0.131014	3.94558	2.02674	0.513672	3.61727	-0.390053	3.963	1.93243	0.487618	0.0216162	6.28028	0.500617	0.0168638	0.00285965
20011	0.221148	0.160587	3.90294	2.06794	0.529841	3.48269	-0.431977	4.07908	2.02562	0.496588	0.0330085	5.31882	0.512847	0.0210043	0.00307051
20012	0.311131	0.216707	4.20171	2.20436	0.524633	3.54398	-0.441199	4.06097	1.9387	0.477398	0.0414148	5.22566	0.501418	0.025466	0.0033234
20013	0.269711	0.229156	4.04734	2.08526	0.515217	3.50188	-0.485758	3.99865	2.03054	0.507807	0.0489237	5.22346	0.511534	0.0301249	0.00365082
20014	0.138827	0.194868	3.97727	1.95435	0.49138	3.53744	-0.471459	3.78359	1.76157	0.465582	0.0384391	5.77527	0.478803	0.0290186	0.00400451
20015	0.234224	0.250131	3.77625	1.98715	0.526224	3.32	-0.625419	3.67611	1.79186	0.487434	0.0805069	4.761	0.507089	0.0482887	0.00419367
20016	0.349518	0.318697	3.8154	1.91835	0.502792	3.40982	-0.671947	3.64809	1.82486	0.500224	0.104786	4.68274	0.501536	0.0615408	0.00446152
20017	0.262586	0.281056	4.28915	2.071	0.482847	3.39567	-0.621863	4.03806	1.96119	0.485677	0.0830528	4.90809	0.484219	0.0481378	0.00470816
20018	0.247688	0.271282	3.96139	1.98232	0.500411	3.28172	-0.679127	3.90363	1.82068	0.466407	0.0981252	4.60267	0.483534	0.0560774	0.00501908
20019	0.309986	0.298932	4.23538	1.96472	0.463882	3.19069	-0.816816	3.80862	1.91527	0.502877	0.150015	4.14923	0.482345	0.0742906	0.005313
20020	0.296584	0.273601	3.90943	1.83981	0.470607	3.18493	-0.856696	3.72099	1.72005	0.462257	0.153139	4.17127	0.466535	0.0823714	0.00556753
20021	0.235693	0.230558	3.73333	1.83706	0.492071	3.0958	-0.939801	3.98875	1.92162	0.48176	0.167446	4.0901	0.486745	0.0835363	0.00584908
20022	0.216343	0.24274	3.84161	1.81266	0.471849	2.99589	-1.02333	3.95131	1.93217	0.488994	0.207476	3.86295	0.480542	0.0967096	0.00606055
20023	0.218236	0.243235	3.76533	1.86624	0.495637	2.94943	-1.0223	4.01092	1.95935	0.488504	0.214706	3.72971	0.491958	0.0947888	0.00633104
20024	0.257323	0.25942	3.92415	1.95813	0.498995	2.98247	-1.05951	3.97337	2.07738	0.522826	0.234241	3.71322	0.510985	0.0973269	0.0065783
20025	0.183554	0.227737	4.09875	1.9072	0.465312	2.85225	-1.15181	4.01757	2.00775	0.499743	0.267226	3.56096	0.482356	0.108411	0.0067155
20026	0.198486	0.217608	3.81866	1.789	0.468489	2.8764	-1.14819	3.8234	1.95308	0.510824	0.260126	3.5856	0.48967	0.110863	0.00684556
20027	0.170244	0.232503	3.75038	1.84237	0.49125	2.90839	-1.15885	3.91799	1.99542	0.509297	0.258203	3.74873	0.500471	0.112033	0.00719188
20028	0.188012	0.287042	3.61988	1.79247	0.495173	2.80006	-1.22019	3.96225	2.03349	0.513214	0.332966	3.4114	0.504601	0.129313	0.00736231
20029	0.240169	0.240797	3.85328	1.89271	0.491193	2.73365	-1.25453	3.64549	1.79138	0.491396	0.359633	3.10871	0.491291	0.131801	0.00772025
20030	0.328223	0.310101	3.58764	1.75379	0.488841	2.71665	-1.30973	3.66745	1.96134	0.534796	0.459952	2.8523	0.512071	0.150132	0.0080623
20031	0.41395	0.40457	3.73682	1.81289	0.485143	2.56638	-1.38385	4.00511	1.925	0.480636	0.690369	2.31647	0.482811	0.176295	0.00841487
20032	0.331375	0.366551	3.89802	1.9306	0.495276	2.54351	-1.42894	4.28474	1.97639	0.461261	0.658782	2.44677	0.477465	0.171078	0.00854574
20033	0.382044	0.396654	3.78348	1.85809	0.491106	2.56546	-1.49786	3.83041	1.94202	0.507001	0.752878	2.38364	0.499103	0.191097	0.00876378
20034	0.441618	0.404894	3.82641	1.93136	0.504745	2.44525	-1.5312	4.11267	1.94951	0.474025	0.93372	2.00727	0.488831	0.194582	0.00920213
20035	0.316485	0.363162	4.17751	2.06528	0.494379	2.36663	-1.57878	3.71524	1.83471	0.493832	0.897228	2.10154	0.494122	0.194757	0.00934928
20036	0.388526	0.347981	4.05895	2.009	0.494955	2.40575	-1.61959	3.77318	1.87222	0.496193	0.951376	2.03461	0.495551	0.199673	0.00953375
20037	0.418562	0.383564	3.74377	2.04898	0.547305	2.35902	-1.6133	4.09497	1.87447	0.457748	1.05898	1.88269	0.50052	0.202684	0.00993462
20038	0.441653	0.324146	4.14347	2.02205	0.488009	2.35733	-1.62402	3.94269	1.93118	0.489814	1.03421	1.83491	0.488889	0.193637	0.0100689
20039	0.262598	0.232501	3.97431	2.0294	0.510628	2.24534	-1.71765	3.60102	1.97736	0.549112	0.96739	1.96564	0.528922	0.191861	0.0103684
20040	0.191852	0.229212	4.04706	2.04051	0.504197	2.16667	-1.80083	3.95554	2.05943	0.520645	1.05671	1.94995	0.512327	0.200903	0.0106183
20041	0.144079	0.197689	3.74847	2.03405	0.542636	2.16315	-1.92252	3.91696	1.99384	0.509027	1.1027	2.03832	0.525462	0.218231	0.0109637
20042	0.30539	0.245993	3.60177	1.86165	0.51687	2.02172	-1.96637	3.95458	1.74423	0.441065	1.66155	1.47289	0.477198	0.253462	0.0110981
20043	0.192396	0.255503	4.02945	1.8751	0.465348	2.07156	-1.90972	3.55157	1.8226	0.513181	1.32763	1.76563	0.487757	0.240772	0.0114294
20044	0.397593	0.411993	3.89613	1.92957	0.495253	2.23415	-1.75938	3.76851	1.87397	0.497272	1.39785	1.68647	0.496246	0.236672	0.0117827
20045	0.389484	0.374213	4.15997	1.99525	0.479631	2.27216	-1.78166	3.90086	1.85548	0.475658	1.31128	1.77224	0.477709	0.231891	0.0121234
20046	0.404805	0.384485	3.72216	1.93347	0.519449	2.2409	-1.81975	3.69853	1.90027	0.513792	1.4412	1.68563	0.516629	0.240695	0.012432
20047	0.359342	0.411599	4.14541	2.06146	0.497288	2.23314	-1.79319	3.91465	1.87677	0.479423	1.38449	1.75555	0.488611	0.235905	0.0126702
20048	0.511158	0.458697	3.89216	1.89101	0.485851	2.1539	-1.83413	3.98659	1.84305	0.462312	1.94807	1.34929	0.473941	0.260433	0.012968
20049	0.418768	0.34508	3.89343	1.80009	0.462339	2.09453	-1.95626	4.061	1.96868	0.484779	1.88598	1.40409	0.473795	0.260079	0.0132562
20050	0.330378	0.364393	3.90228	1.9358	0.49607	2.02372	-1.93922	3.89925	1.94919	0.499888	1.85068	1.4337	0.497978	0.254652	0.0134207
20051	0.347292	0.318159	3.98378	2.07374	0.520545	2.03359	-1.9553	4.12118	2.0385	0.494641	1.81763	1.4218	0.507374	0.239184	0.0136569
20052	0.311806	0.297667	3.65827	1.83692	0.502128	2.08824	-1.96117	3.82848	2.03552	0.531679	1.61685	1.57786	0.51724	0.247874	0.0140346
20053	0.230318	0.261503	3.82854	1.86565	0.487299	2.04851	-1.98921	4.10909	1.94448	0.473214	1.53236	1.65291	0.480008	0.249559	0.0143566
20054	0.269303	0.283903	3.97516	1.95002	0.490552	2.03715	-1.94508	4.05608	1.94478	0.479473	1.58973	1.56264	0.484957	0.241889	0.0146994
20055	0.173495	0.210911	3.7599	1.89697	0.504526	2.04148	-1.95267	3.91409	1.98016	0.505905	1.34154	1.74468	0.50523	0.231946	0.0149249
20056	0.149267	0.196609	3.95131	1.92923	0.488251	1.98218	-2.01127	3.87425	1.84467	0.476135	1.45099	1.67979	0.482253	0.244191	0.0150635
20057	0.151537	0.162842	3.99074	1.92958	0.483514	1.9957	-2.00381	3.92732	1.97554	0.503025	1.38032	1.70047	0.493191	0.23117	0.0152926
20058	0.184633	0.139692	3.92221	1.94621	0.496203	1.97107	-2.01585	3.73653	1.93412	0.517625	1.45592	1.59568	0.506654	0.230475	0.01552
20059	0.0696994	0.120066	3.82384	1.99091	0.520658	1.98198	-2.03571	3.90761	1.84515	0.472193	1.27088	1.82841	0.496163	0.232556	0.0157398
20060	0.11937	0.101549	3.88845	1.96621	0.505654	1.90002	-2.08693	3.83886	1.8629	0.485274	1.51052	1.58536	0.495529	0.238302	0.0159096
20061	0.250982	0.185492	3.94923	2.03473	0.515222	1.95412	-2.01308	3.90724	1.97502	0.505478	1.66641	1.45034	0.510376	0.231669	0.0161256
20062	0.18979	0.164363	3.84718	1.9358	0.503173	1.93775	-2.11312	4.00243	1.97912	0.49448	1.69765	1.52768	0.49874	0.248908	0.0162725
20063	0.0999831	0.172652	3.91759	1.8798	0.479837	1.89181	-2.12904	3.98933	1.97866	0.495988	1.65007	1.60532	0.487986	0.255636	0.0165648
20064	0.176588	0.198556	4.00584	1.93309	0.482569	1.74983	-2.26074	3.9276	1.92712	0.490661	2.4436	1.23754	0.486575	0.281553	0.0167948
20065	0.216843	0.239995	3.72741	1.91225	0.513024	1.72356	-2.23015	3.68778	1.89846	0.514799	2.6877	1.1351	0.513907	0.285967	0.0172489
20066	0.198008	0.18917	3.81158	1.95081	0.511811	1.79905	-2.2336	3.99805	1.79337	0.448563	2.28992	1.28166	0.479432	0.281674	0.0173818
20067	0.24052	0.198901	4.11407	1.91184	0.464707	1.80631	-2.16776	3.81254	1.88688	0.494913	2.28457	1.22585	0.479235	0.269434	0.0175977
20068	0.233079	0.162047	3.62952	1.77607	0.48934	1.89674	-2.05576	4.23981	1.93673	0.456797	1.77713	1.38388	0.471807	0.248889	0.0180358
20069	0.0812102	0.13084	3.8787	1.74985	0.451144	1.99458	-2.07571	4.15683	2.01818	0.48551	1.32993	1.8305	0.468922	0.244255	0.0183688
20070	0.0937533	0.0896812	3.69703	1.83365	0.49598	2.01587	-2.06792	3.89631	2.01356	0.516787	1.26003	1.84728	0.506656	0.232339	0.0184555
20071	0.0978238	0.10108	4.113	1.86518	0.453484	1.81984	-2.10222	3.872	2.11099	0.545193	1.63709	1.48267	0.497955	0.233939	0.0186887
20072	0.198912	0.133013	3.83893	1.89034	0.492414	1.95092	-2.0654	4.14395	2.0955	0.505676	1.57451	1.53477	0.499299	0.23271	0.0187735
20073	0.0516327	0.0987689	4.29954	2.09575	0.487437	1.94101	-2.089	3.87076	1.98053	0.511663	1.3408	1.78487	0.498914	0.22702	0.0190023
20074	0.0518312	0.062889	3.9814	2.10261	0.528108	1.82823	-2.11513	3.88517	2.00202	0.515298	1.50328	1.5778	0.521781	0.224248	0.0193649
20075	0.0120376	-0.00266536	3.93076	2.06236	0.524671	1.89308	-2.17354	3.81655	1.98047	0.518916	1.3319	1.76915	0.521836	0.225747	0.0196116
20076	0.0188736	0.0544997	4.08724	2.03253	0.497287	1.81688	-2.18056	3.67086	1.92217	0.52363	1.54524	1.61641	0.509752	0.240094	0.0200059
20077	0.0793388	0.0819927	3.69907	1.92408	0.520151	1.7775	-2.23788	4.0984	1.97815	0.482663	1.86625	1.44188	0.500447	0.256486	0.0202969
20078	0.000951353	0.0165607	3.83103	1.9194	0.501012	1.70059	-2.27721	4.23443	1.98608	0.469032	1.82131	1.44439	0.484223	0.252036	0.020536
20079	-0.00680623	-0.00586261	3.9159	1.90524	0.486541	1.69789	-2.29558	3.84433	1.84819	0.480756	1.80413	1.453	0.483675	0.258916	0.0208808
20080	-0.0195867	-0.0139267	3.89033	1.96884	0.506085	1.71268	-2.27031	4.01729	1.94131	0.483238	1.69667	1.50037	0.494478	0.24567	0.0212036
20081	-0.036161	-0.0964342	3.95607	2.02344	0.511477	1.701	-2.25276	3.8214	1.85949	0.486599	1.5408	1.50887	0.499254	0.230485	0.0213458
20082	-0.119351	-0.145005	3.98004	1.99314	0.500784	1.71982	-2.28208	3.87363	2.00645	0.517975	1.35019	1.69128	0.509263	0.222162	0.0218675
20083	-0.162493	-0.101015	4.06046	1.98088	0.487846	1.67343	-2.35642	4.07565	2.0262	0.497147	1.50918	1.6853	0.492505	0.241001	0.022168
20084	-0.154215	-0.114252	4.19692	2.02369	0.482185	1.5131	-2.40573	3.97702	1.95013	0.49035	1.88886	1.38996	0.486157	0.248407	0.0222433
20085	-0.186052	-0.09954	4.19547	1.96662	0.468749	1.56824	-2.42505	4.11063	2.0414	0.496614	1.75725	1.53877	0.482539	0.252332	0.0226414
20086	0.0118152	-0.0510672	3.80228	1.94324	0.511072	1.61276	-2.47965	4.15622	1.95202	0.469663	2.30118	1.28152	0.489447	0.274693	0.0229303
20087	-0.0711566	-0.0889193	4.01624	1.9349	0.481768	1.56429	-2.45374	4.11386	1.94377	0.472494	2.09086	1.33735	0.477075	0.265051	0.0230336
20088	-0.0259384	-0.0944256	4.09312	1.87545	0.458194	1.67833	-2.41234	4.13491	2.05982	0.498153	1.84978	1.45226	0.478275	0.25456	0.0233748
20089	-0.045276	-0.11039	3.95973	2.06353	0.521129	1.58475	-2.43	4.21547	2.04255	0.484537	2.02506	1.3285	0.50226	0.246853	0.0236474
20090	-0.155073	-0.111575	4.06483	2.11735	0.520896	1.61198	-2.48922	4.25259	1.9859	0.466985	1.81049	1.56123	0.493332	0.256288	0.0240003
20091	-0.168674	-0.124172	3.86486	1.93849	0.501567	1.41039	-2.54738	4.00177	2.05102	0.512529	2.35494	1.24673	0.507143	0.269083	0.0242846
20092	-0.0735846	-0.0315472	4.04375	1.98069	0.489816	1.44691	-2.53322	4.02744	1.91291	0.47497	2.70703	1.15595	0.482408	0.286753	0.0243971
20093	-0.0864051	-0.0455696	3.89577	1.73976	0.446577	1.46346	-2.54102	3.97579	2.04153	0.51349	2.59244	1.20104	0.480374	0.291745	0.0242114
20094	-0.0780664	-0.0350468	3.64977	1.77139	0.485344	1.44994	-2.54733	4.0888	1.99248	0.487302	2.70325	1.1674	0.486378	0.295492	0.0243822
20095	0.0514426	0.00814052	3.99116	2.00045	0.501221	1.41182	-2.5357	4.48754	2.20589	0.491559	3.49674	0.925312	0.496107	0.277874	0.0245753
20096	0.048806	-0.013187	3.92773	2.05395	0.522936	1.4653	-2.54734	4.15634	1.99404	0.479758	3.20064	1.00323	0.500737	0.284083	0.0248698
20097	0.00419584	0.0479069	3.67218	1.72179	0.468875	1.48251	-2.55167	3.85386	2.02516	0.525488	3.09223	1.09271	0.497865	0.310873	0.0253108
20098	0.0522767	0.0682832	3.55889	1.72245	0.483986	1.42092	-2.55879	4.18159	2.06277	0.493297	3.68437	0.936592	0.489016	0.313209	0.0252457
20099	-0.0119298	-0.0162001	3.87719	1.77237	0.457128	1.3985	-2.54694	3.91043	1.97573	0.505247	3.21953	0.994655	0.48129	0.299429	0.0255068
20100	-0.0951758	-0.12339	4.04451	1.98498	0.490783	1.45148	-2.51183	4.15983	2.02733	0.487359	2.38475	1.19607	0.489047	0.262332	0.0256855
20101	-0.137219	-0.0936399	3.8639	1.87206	0.484501	1.49888	-2.52321	4.12717	1.9468	0.471705	2.20515	1.33841	0.477892	0.27882	0.0260733
20102	-0.0135529	-0.0799823	3.96239	1.8295	0.461715	1.43606	-2.47385	4.26348	2.00543	0.470374	2.72707	1.05069	0.466203	0.272074	0.0263824
20103	0.00191379	-0.0405732	3.89964	2.07303	0.531596	1.41717	-2.49279	4.13598	2.01769	0.487838	3.00226	1.00147	0.509074	0.268836	0.0266494
20104	-0.0140298	-0.0435902	4.07702	2.18454	0.535819	1.44624	-2.532	3.95376	2.0996	0.531038	2.90386	1.0662	0.533465	0.265529	0.0269822
20105	0.00867135	-0.00965815	4.29677	2.20139	0.512335	1.39321	-2.62908	4.14339	2.13776	0.515945	3.57935	0.958468	0.514107	0.283419	0.0274415
20106	0.00531459	-0.00535821	3.89157	2.02126	0.519393	1.32492	-2.6525	3.92942	2.08139	0.529695	4.0241	0.870674	0.524569	0.299335	0.0278303
20107	-0.0335387	-0.0624538	4.26318	2.08341	0.488698	1.33237	-2.6831	4.31063	2.14308	0.497162	3.68105	0.932857	0.492953	0.288984	0.028123
20108	-0.170492	-0.131871	4.00452	2.15474	0.538078	1.37921	-2.6791	3.93539	1.9842	0.504195	2.7017	1.20079	0.521284	0.281663	0.0284223
20109	-0.16369	-0.140049	3.9193	2.10327	0.536644	1.35052	-2.69829	3.906	1.97892	0.506636	2.85436	1.14642	0.521666	0.286226	0.0289454
20110	-0.19321	-0.136622	3.88218	1.97119	0.507753	1.24316	-2.74063	4.12642	2.08452	0.505163	3.28665	1.03158	0.506419	0.294877	0.0291168
20111	-0.0352267	-0.104356	3.52186	1.96556	0.558104	1.26779	-2.72138	4.09847	2.00228	0.488543	4.0338	0.848928	0.520691	0.301547	0.029421
20112	-0.0405906	-0.029181	3.84108	1.83304	0.47722	1.34949	-2.60764	4.03968	1.9749	0.488874	3.44065	0.966164	0.483194	0.303963	0.0295779
20113	-0.102729	-0.128527	4.11273	1.88487	0.458301	1.26982	-2.66172	3.94536	2.01042	0.509566	3.4063	0.941942	0.483401	0.291812	0.0298591
20114	-0.119731	-0.0551072	3.7584	1.79752	0.478267	1.37902	-2.65354	3.79214	1.85445	0.489024	3.0058	1.12313	0.48367	0.31621	0.0302691
20115	-0.0217437	0.00277658	3.79953	1.72466	0.453915	1.36141	-2.66464	3.79568	1.84431	0.485897	3.71913	0.956558	0.469898	0.332733	0.0305005
20116	-0.0531619	-0.00677776	3.75507	1.77676	0.473164	1.21274	-2.68674	4.03987	2.005	0.496304	4.48186	0.801251	0.485157	0.322047	0.030635
20117	0.0186318	-0.020238	3.91742	1.8788	0.479602	1.23245	-2.71269	4.36923	2.06663	0.472996	4.92024	0.736679	0.476119	0.31487	0.0309348
20118	-0.104353	-0.0345662	3.97822	1.91727	0.481943	1.26721	-2.67737	4.3126	2.01366	0.466924	3.71279	0.940586	0.474131	0.307679	0.0310189
20119	-0.0496624	-0.0743084	3.8797	1.87282	0.482722	1.37745	-2.62186	4.01519	2.03119	0.505876	3.18661	1.01833	0.494498	0.293689	0.0314691
20120	-0.0642792	-0.0761081	4.2538	2.02743	0.476616	1.36014	-2.65523	4.29523	2.03991	0.474925	3.27844	1.01449	0.475767	0.290308	0.0317633
20121	-0.0304641	-0.0477448	3.89454	1.86445	0.478734	1.36044	-2.68337	3.90082	1.93386	0.495758	3.59064	0.967306	0.487253	0.313865	0.032057
20122	-0.0379355	-0.0278581	4.07577	1.98885	0.487969	1.23885	-2.74193	4.11132	1.96271	0.477393	4.51865	0.815089	0.482658	0.317995	0.0324608
20123	-0.043696	-0.043559	4.03137	1.96487	0.487396	1.12867	-2.81544	4.07326	1.9895	0.488429	5.59013	0.687223	0.487915	0.327049	0.0327308
20124	0.0510706	0.036993	3.7869	1.83382	0.484254	1.238	-2.84437	3.91592	1.8956	0.484074	5.89317	0.704398	0.484163	0.357664	0.0328943
20125	0.0339712	0.0258972	4.02871	1.92159	0.476975	1.17361	-2.85076	3.9932	2.01085	0.503568	6.37157	0.649383	0.490212	0.344841	0.0331056
20126	-0.0364327	-0.0427644	4.32815	1.97742	0.456874	1.07295	-2.84656	4.10737	2.0353	0.495524	6.38748	0.615367	0.475693	0.328867	0.0332548
20127	-0.0637805	-0.025095	3.83271	2.04816	0.534389	1.15072	-2.85658	3.83056	1.83913	0.48012	5.43544	0.737506	0.507262	0.340313	0.03336
20128	-0.0613747	-0.0725006	3.51599	1.96256	0.558181	1.06414	-2.95711	3.86366	1.94737	0.504022	6.56855	0.633393	0.529826	0.347389	0.0333205
20129	-0.00565913	-0.0265959	3.87514	1.80762	0.466466	0.994406	-3.00376	3.80871	1.94823	0.511521	8.86238	0.500065	0.488799	0.371178	0.03358
20130	-0.0944075	-0.0504632	3.86568	1.85182	0.47904	0.936658	-3.01444	4.2953	2.07996	0.484241	8.26374	0.531548	0.481778	0.358513	0.0336582
20131	-0.125124	-0.0536749	3.47855	1.80859	0.519926	0.919537	-3.02614	4.15653	1.85976	0.44743	8.09622	0.545658	0.480459	0.375955	0.0339138
20132	0.016711	0.0278517	3.70901	1.80503	0.48666	0.956241	-2.99142	3.87854	1.87109	0.48242	10.3272	0.441359	0.484493	0.382815	0.034241
20133	-0.0798079	-0.0450371	3.59577	1.65993	0.461633	1.06596	-2.97642	3.84075	2.03312	0.529355	6.54567	0.656387	0.496609	0.367885	0.0345192
20134	-0.0215663	-0.0282957	3.72896	1.78683	0.479176	0.990163	-3.02938	4.19066	1.99135	0.475188	8.7989	0.511798	0.477066	0.373533	0.0348604
20135	0.0391996	-0.0479696	3.81226	1.80095	0.472412	0.965462	-3.07514	3.76039	1.98497	0.527862	10.6809	0.428981	0.499947	0.377112	0.0352234
20136	-0.0856483	-0.0457487	3.76171	1.83523	0.487871	0.990034	-3.02937	3.97051	2.00157	0.504108	7.69344	0.578546	0.496209	0.367222	0.0349957
20137	-0.0257956	-0.0752018	3.55685	1.75286	0.492812	0.974025	-3.02218	4.02209	1.98599	0.493772	8.68777	0.499821	0.493321	0.367487	0.0353695
20138	0.035883	-0.0185315	4.03393	1.81823	0.450735	0.930502	-2.99676	3.86717	2.02974	0.524865	11.0825	0.400172	0.487018	0.365705	0.0357272
20139	0.112137	0.017437	3.75855	1.88372	0.501183	1.15211	-2.94158	3.9206	1.96172	0.500361	8.09567	0.540771	0.500764	0.362861	0.036005
20140	-0.00702582	-0.00049821	4.10327	2.07005	0.504488	1.05458	-2.96521	3.84376	1.96509	0.511242	7.79904	0.5635	0.507755	0.352681	0.0362074
20141	0.0544151	-0.0131837	3.50543	1.92063	0.547903	1.13196	-2.87493	3.85253	2.00904	0.521485	7.05322	0.580555	0.534071	0.342654	0.0364523
20142	-0.1267	-0.0588477	3.52382	1.87359	0.531693	1.16842	-2.84107	4.05261	1.96292	0.48436	4.61488	0.838671	0.506375	0.3354	0.0365227
20143	-0.0662606	-0.0652713	3.67819	1.85946	0.505538	1.07722	-2.94288	4.06805	2.12195	0.521613	6.33296	0.653772	0.51398	0.342199	0.0365769
20144	-0.0738683	-0.00953547	3.83218	1.77638	0.463544	0.972618	-3.02567	3.83084	1.99054	0.51961	8.3068	0.547567	0.491572	0.376577	0.0367202
20145	-0.0884775	-0.0907016	3.57176	1.83885	0.514831	1.00385	-3.04164	4.12866	2.02638	0.490809	7.29819	0.59659	0.501951	0.360414	0.0371037
20146	-0.0606017	-0.0899426	3.75023	1.84808	0.492791	0.908889	-3.08601	3.77863	1.86772	0.494285	9.5503	0.469956	0.493541	0.376652	0.0371717
20147	-0.0360095	-0.0542902	3.83878	1.94433	0.506497	0.967816	-3.0299	3.86393	1.94019	0.502128	8.78692	0.503833	0.504305	0.36311	0.0374839
20148	-0.00504303	-0.0119264	3.87395	1.98186	0.511586	0.995783	-3.02059	3.86479	1.98692	0.514109	9.03713	0.500826	0.512846	0.363256	0.0377058
20149	0.013969	0.0108061	4.26085	2.07418	0.4868	1.0761	-2.94312	3.99776	1.92394	0.481255	7.73465	0.564063	0.484116	0.35312	0.037811
20150	-0.101271	-0.0196971	4.1418	1.97856	0.477705	0.993007	-2.94228	4.23136	2.01342	0.475834	7.13308	0.598722	0.476759	0.348611	0.0377353
20151	-0.0590752	-0.0318073	3.83322	1.96285	0.512063	1.15454	-2.86594	3.97759	1.98598	0.499293	5.45357	0.736428	0.50556	0.337213	0.0377887
20152	-0.133427	-0.0386122	4.26967	2.01117	0.471037	1.21007	-2.83484	3.9596	1.85657	0.468877	4.33185	0.902488	0.469998	0.335833	0.03792
20153	0.05732	0.00523791	4.00336	2.02501	0.505827	1.28745	-2.78723	4.08517	1.98634	0.486234	5.15318	0.75661	0.495931	0.327158	0.0380866
20154	-0.0560898	-0.00403406	4.23669	2.12868	0.502439	1.22488	-2.80509	3.91882	1.97996	0.505245	4.78156	0.820437	0.503787	0.323247	0.0380795
20155	0.014958	-0.0027868	3.86068	2.00642	0.519705	1.19759	-2.82028	3.91872	2.06365	0.526614	5.67573	0.699314	0.523185	0.327886	0.0382881
20156	0.00499234	-0.0145925	4.02912	1.95397	0.484961	1.19289	-2.82616	3.7382	1.90761	0.5103	5.60195	0.705552	0.497156	0.338635	0.0384442
20157	4.3729e-05	0.0135818	4.00173	1.91889	0.479516	1.18981	-2.7923	3.82112	1.86052	0.486904	5.56176	0.707776	0.483125	0.342555	0.0385917
20158	0.0428647	0.00314064	3.94568	1.92065	0.486773	1.31689	-2.73501	3.4627	1.84916	0.534023	4.61912	0.811567	0.508858	0.332199	0.038794
20159	0.0227283	-0.0215918	3.89003	1.95858	0.503486	1.32817	-2.70669	4.0165	1.94538	0.484346	4.23059	0.852094	0.493763	0.31597	0.0390369
20160	0.00840208	-0.00612596	4.15888	1.99997	0.480892	1.25593	-2.72887	3.88569	2.07157	0.533127	4.76332	0.778168	0.506123	0.312913	0.0391859
20161	0.0174852	0.0257319	3.92771	1.99851	0.508823	1.23946	-2.72452	4.04554	2.14324	0.529779	5.06548	0.74661	0.519456	0.31356	0.0394662
20162	-0.00116807	0.00722758	3.82943	1.95434	0.510348	1.25594	-2.77516	4.22155	2.06916	0.490142	4.89884	0.790157	0.499753	0.324904	0.0395941
20163	-0.0699164	-0.0257054	3.73648	1.82136	0.487453	1.33564	-2.69558	4.07956	1.99622	0.489322	3.60815	0.987797	0.488429	0.318355	0.0400146
20164	0.03741	-0.00925767	3.78367	1.82293	0.481791	1.20459	-2.7018	4.17885	2.09359	0.500996	5.32173	0.681149	0.49187	0.316473	0.0404195
20165	0.0149188	0.026651	3.8547	1.96323	0.509308	1.32658	-2.64237	4.18116	2.00469	0.479457	4.1406	0.860225	0.493776	0.309895	0.0407636
20166	0.0457138	0.0328962	3.97305	2.08597	0.52503	1.43043	-2.63231	4.10877	2.03416	0.495076	3.70461	0.958716	0.509802	0.3013	0.0411158
20167	0.0779965	0.0506915	4.08402	2.03953	0.499392	1.36295	-2.6376	4.18664	1.95717	0.467479	4.37699	0.825554	0.483238	0.311428	0.0414104
20168	0.0322674	0.0644081	4.07528	1.99234	0.488883	1.44939	-2.64426	4.07314	2.00081	0.491222	3.65338	1.00412	0.490052	0.314867	0.0419055
20169	0.0444782	0.0205793	3.9671	1.98187	0.499576	1.26318	-2.67845	4.0007	1.94424	0.485975	4.90477	0.742617	0.492747	0.316985	0.0419984
20170	0.15381	0.145948	4.10744	1.99246	0.485087	1.52558	-2.55324	4.1136	1.90538	0.463189	3.87172	0.940873	0.47413	0.318577	0.0424781
20171	0.210182	0.199668	3.776	2.00633	0.531337	1.47567	-2.57121	3.86381	1.82553	0.47247	4.79419	0.800734	0.501565	0.333851	0.042912
20172	0.185131	0.172383	4.14552	1.9876	0.479458	1.30939	-2.61891	3.8584	1.89595	0.491383	6.16421	0.631983	0.485206	0.334137	0.0431205
20173	0.177318	0.198958	3.72037	1.9524	0.524787	1.39659	-2.62435	4.25145	2.11698	0.497942	5.36182	0.743315	0.51047	0.328833	0.0432069
20174	0.138955	0.123457	3.93831	1.90427	0.483525	1.35165	-2.63334	4.06697	2.05493	0.505273	5.16785	0.735309	0.494574	0.324384	0.0434117
20175	0.101646	0.122924	3.8816	2.04102	0.525821	1.24693	-2.66388	4.00654	2.1993	0.548926	5.92088	0.655839	0.537556	0.314182	0.0436093
20176	0.222361	0.251838	3.91654	1.90637	0.486748	1.46413	-2.58295	4.33582	2.05588	0.474162	5.21142	0.771	0.480136	0.336558	0.0440464
20177	0.240478	0.231567	3.91819	1.98824	0.507439	1.38416	-2.62679	4.22468	2.00154	0.473773	6.24633	0.653999	0.489972	0.338712	0.0441402
20178	0.302865	0.247076	4.07011	1.8117	0.445124	1.47262	-2.63739	4.03414	2.0101	0.498273	6.08052	0.684164	0.471581	0.352553	0.0444421
20179	0.395257	0.371813	3.82811	1.77536	0.463768	1.25236	-2.69135	4.26907	2.30577	0.540111	12.7725	0.367313	0.504018	0.365106	0.0445724
20180	0.449189	0.422424	3.73921	1.81172	0.484518	1.33738	-2.63539	3.91814	2.07081	0.52852	11.8525	0.394441	0.507033	0.375925	0.0451604
20181	0.46576	0.50272	4.16644	2.02821	0.486798	1.37508	-2.63331	4.00331	2.12903	0.531817	11.8939	0.413435	0.508858	0.371747	0.0455922
20182	0.439704	0.432817	3.94877	2.05846	0.521292	1.35831	-2.628	3.86466	2.16062	0.55907	11.1024	0.421917	0.539978	0.357082	0.0455487
20183	0.3913	0.424352	4.09571	2.09057	0.51043	1.39099	-2.61242	3.78181	1.9404	0.513087	9.22765	0.499691	0.511706	0.363961	0.0457794
20184	0.361725	0.35099	4.22287	2.29981	0.54461	1.30408	-2.6888	4.53876	2.28051	0.502452	10.4053	0.444019	0.522771	0.335372	0.0462308
20185	0.429835	0.409886	3.95805	1.99758	0.504688	1.35291	-2.58227	3.91407	2.19006	0.559533	10.5074	0.426034	0.531957	0.348432	0.0463513
20186	0.417047	0.436906	3.95937	1.86787	0.47176	1.48968	-2.51385	4.09473	2.12471	0.518888	7.56771	0.57527	0.49572	0.352947	0.0464755
20187	0.477548	0.429221	3.77366	1.81847	0.481885	1.50227	-2.5016	3.6989	2.09242	0.565687	8.18019	0.52503	0.523367	0.354573	0.0467563
20188	0.446348	0.42805	3.95213	1.88397	0.476698	1.5776	-2.43266	4.21016	2.14974	0.510609	6.3949	0.639861	0.494189	0.336632	0.0469344
20189	0.424214	0.412988	3.93954	1.98764	0.504537	1.44248	-2.48459	4.22078	2.15894	0.511502	8.09745	0.518431	0.50814	0.336187	0.0471133
20190	0.492242	0.431204	3.82201	1.88179	0.492356	1.56786	-2.48894	4.01447	1.93367	0.481675	7.37041	0.57848	0.486884	0.358568	0.0470718
20191	0.429357	0.426578	3.67246	1.76901	0.481695	1.56991	-2.43658	3.93288	2.03296	0.516913	6.30173	0.650429	0.499907	0.350359	0.0471829
20192	0.506232	0.515065	3.65927	1.78608	0.488098	1.48971	-2.47185	3.84303	1.98808	0.51732	9.22397	0.483612	0.503067	0.371569	0.0474409
20193	0.578821	0.477725	3.90267	1.96863	0.504433	1.56754	-2.43853	3.72992	1.96603	0.527098	8.69963	0.488786	0.515509	0.350914	0.0479311
20194	0.463138	0.497188	4.06052	1.96347	0.483552	1.60708	-2.38787	4.06658	2.00675	0.493475	6.36061	0.654304	0.488517	0.343998	0.0481552
20195	0.419776	0.489194	3.6556	1.74056	0.476135	1.55358	-2.43917	3.89906	2.12087	0.543944	6.6707	0.642761	0.511132	0.357107	0.0483704
20196	0.54986	0.566803	3.93532	1.69888	0.4317	1.54465	-2.40582	4.0797	2.07992	0.509821	8.92934	0.494799	0.471464	0.369046	0.0484054
20197	0.486054	0.49511	3.9888	1.8802	0.47137	1.61736	-2.40818	4.07877	1.93077	0.473371	6.58605	0.639921	0.472381	0.356179	0.0487236
20198	0.363527	0.365488	3.67085	1.80102	0.490627	1.57132	-2.47141	4.40303	2.183	0.495796	5.51695	0.729387	0.493446	0.335667	0.0489275
20199	0.295389	0.293137	3.8236	1.88343	0.49258	1.50157	-2.5366	3.93991	1.96444	0.498599	5.50384	0.727439	0.495635	0.342326	0.0491684
20200	0.376258	0.323991	3.88286	1.96956	0.507244	1.47411	-2.52435	3.74413	1.91753	0.512142	6.73125	0.60264	0.509648	0.342994	0.0493375
20201	0.342189	0.361777	3.89625	1.96261	0.503718	1.45762	-2.57593	4.09963	2.06066	0.502646	6.93633	0.622097	0.503168	0.349184	0.0495788
20202	0.440263	0.412854	3.96282	1.89021	0.476988	1.4332	-2.53505	3.81991	2.0052	0.524935	8.81415	0.492966	0.500521	0.35815	0.04986
20203	0.423652	0.378441	4.06702	1.96581	0.483353	1.49358	-2.48416	4.12972	2.05468	0.497535	7.15836	0.572373	0.490498	0.337661	0.0503046
20204	0.386828	0.356331	3.72526	1.7387	0.466733	1.52479	-2.46056	3.99296	1.86172	0.46625	6.12754	0.647478	0.466483	0.355357	0.0503924
20205	0.27143	0.304544	3.76989	1.67904	0.445382	1.58473	-2.45137	4.11822	1.96446	0.477017	4.4036	0.862371	0.461898	0.342711	0.0505439
20206	0.218401	0.25547	3.60496	1.82405	0.505983	1.42272	-2.45232	3.88262	1.9252	0.49585	5.05524	0.725198	0.500729	0.328476	0.0505698
20207	0.302357	0.302864	3.64999	1.82042	0.498747	1.63447	-2.32794	3.70833	1.99402	0.537714	3.90026	0.887268	0.518385	0.312167	0.0508286
20208	0.205845	0.276175	3.75424	1.76596	0.470392	1.69194	-2.2917	3.99077	2.05117	0.513979	2.98575	1.10424	0.492851	0.301716	0.0508261
20209	0.5228	0.483777	3.83506	1.79459	0.467943	1.88951	-2.1274	4.40751	2.1125	0.479297	3.65025	0.933942	0.474014	0.30386	0.0511152
20210	0.526515	0.503796	3.74901	1.77274	0.472856	1.81178	-2.10953	4.22929	2.2318	0.527701	4.13435	0.825946	0.501929	0.299019	0.0512613
20211	0.524015	0.515448	3.78409	1.89869	0.501756	1.87287	-2.14028	4.07252	2.07382	0.509223	3.87646	0.90971	0.505627	0.307517	0.0513331
20212	0.472931	0.460345	3.8445	1.80796	0.470272	1.93635	-2.10034	4.04224	2.03988	0.504641	3.06179	1.0708	0.487888	0.298855	0.0515589
20213	0.486019	0.491009	3.63406	1.82735	0.502838	1.96804	-2.11106	3.87307	1.93759	0.500274	3.08271	1.09819	0.501515	0.310259	0.0516127
20214	0.527264	0.514626	3.62605	1.79695	0.495566	1.92939	-2.07304	4.20455	1.98748	0.472698	3.40601	0.982973	0.483287	0.306789	0.0516247
20215	0.555423	0.57881	3.7826	1.95453	0.516717	1.8585	-2.0766	3.98904	2.13281	0.534668	4.15265	0.849002	0.525931	0.301431	0.0518596
20216	0.521004	0.607508	4.02788	1.84325	0.457623	1.85246	-2.20073	4.0678	2.06216	0.506947	4.44849	0.886389	0.482406	0.335582	0.0520021
20217	0.582024	0.588056	4.21836	1.88833	0.447646	1.87597	-2.17233	3.87217	1.99649	0.5156	4.55101	0.837146	0.480169	0.329128	0.0521388
20218	0.547444	0.59229	3.85907	1.83878	0.476484	1.61818	-2.23451	3.82443	1.88183	0.492055	6.96984	0.573239	0.484234	0.349464	0.0522457
20219	0.490665	0.553326	3.72413	1.89241	0.508148	1.72205	-2.25429	3.77305	1.96664	0.521233	5.1986	0.758158	0.514733	0.338152	0.0527216
20220	0.541295	0.485826	3.63619	1.81353	0.498745	1.66704	-2.29156	3.90019	2.02504	0.519215	6.08682	0.633652	0.509338	0.334506	0.0528818
20221	0.423779	0.479573	3.62004	1.69962	0.469504	1.72818	-2.26039	4.08921	2.03191	0.496896	4.41228	0.850737	0.484033	0.334762	0.0528801
20222	0.488174	0.506938	3.54015	1.64549	0.464807	1.75015	-2.25157	4.45678	2.21388	0.496744	4.77799	0.796293	0.482606	0.33028	0.0530689
20223	0.495539	0.491689	3.96499	1.76666	0.445566	1.75169	-2.2684	3.77454	2.13005	0.564322	4.82797	0.788953	0.503483	0.328406	0.0534878
20224	0.472989	0.495177	3.60338	1.78552	0.495514	1.88333	-2.22776	4.01141	2.14626	0.535039	3.72759	0.994527	0.516336	0.320502	0.0537204
20225	0.535368	0.50935	3.59568	1.70846	0.475143	1.69107	-2.26329	4.39944	2.23279	0.507516	5.75563	0.667828	0.492957	0.327902	0.0538355
20226	0.489221	0.48707	3.6199	1.76438	0.487411	1.69468	-2.30253	4.58422	2.22966	0.486376	5.35523	0.726565	0.486833	0.327657	0.0542845
20227	0.459898	0.46659	3.95884	1.73822	0.439073	1.74131	-2.28443	3.92285	2.05901	0.524876	4.60899	0.821014	0.481778	0.332672	0.0544141
20228	0.500839	0.400071	3.92247	1.71489	0.437196	1.83658	-2.17257	4.23173	2.11436	0.499643	3.7095	0.892102	0.469604	0.301831	0.0547676
20229	0.424879	0.35944	3.70767	1.75697	0.473874	1.79482	-2.22459	4.00254	2.13968	0.53458	3.5579	0.938366	0.505388	0.300019	0.0551314
20230	0.348168	0.337724	3.60657	1.74988	0.485194	1.75968	-2.20233	4.17052	2.09456	0.502231	3.2383	0.996185	0.49433	0.29566	0.0551354
20231	0.24268	0.345589	3.62956	1.7873	0.49243	1.7044	-2.22986	3.80409	1.95465	0.513829	3.1044	1.06831	0.503381	0.307177	0.0553412
20232	0.25199	0.307108	3.88173	1.89111	0.487183	1.88364	-2.23217	4.17699	2.05225	0.491323	2.42194	1.33114	0.489329	0.29027	0.0556031
20233	0.331761	0.248072	4.16899	1.96472	0.471271	1.73219	-2.28721	4.16799	2.09393	0.502385	3.27741	0.980602	0.486826	0.28373	0.0558706
20234	0.217599	0.208152	3.70775	1.85716	0.500887	1.63262	-2.35901	3.92307	1.83046	0.466589	3.29142	1.00114	0.483254	0.30892	0.0561084
20235	0.316166	0.240846	4.14881	1.81993	0.438663	1.52602	-2.41409	3.74847	1.82752	0.487537	4.81549	0.731876	0.461861	0.325858	0.0564459
20236	0.256635	0.255878	3.53072	1.73458	0.491283	1.59246	-2.39491	3.78139	1.88045	0.497291	3.93777	0.892214	0.49439	0.327132	0.0567232
20237	0.24944	0.201582	3.77643	1.77394	0.46974	1.65066	-2.32228	4.03452	1.96409	0.486821	3.24426	0.98171	0.478562	0.298851	0.0570081
20238	0.277483	0.244435	3.5781	1.77842	0.497029	1.6236	-2.40615	4.05168	1.94326	0.47962	3.87716	0.906022	0.487784	0.320732	0.0569213
20239	0.222073	0.274366	3.69769	1.87852	0.508025	1.66111	-2.3453	3.87259	2.01165	0.519458	3.31399	1.03541	0.513874	0.306157	0.0572916
20240	0.231651	0.250699	3.81196	1.81935	0.477274	1.70152	-2.33707	3.83339	1.92949	0.503337	3.0995	1.08026	0.490342	0.308819	0.0572379
20241	0.175024	0.255245	3.76309	1.90808	0.507052	1.55047	-2.35841	3.96925	2.09666	0.528226	3.61084	0.945932	0.517921	0.299062	0.057697
20242	0.3493	0.281669	3.89002	1.83896	0.472739	1.61704	-2.38477	3.80179	2.05574	0.540729	4.42387	0.803585	0.506344	0.313475	0.0578341
20243	0.209319	0.252575	4.04534	1.89595	0.468676	1.58567	-2.40849	4.30302	2.14716	0.498988	3.73812	0.947168	0.4843	0.304628	0.0578227
20244	0.146067	0.202982	3.95435	1.76364	0.446	1.65743	-2.40091	4.35396	2.31103	0.530788	2.96832	1.14211	0.490433	0.29389	0.0577563
20245	0.268832	0.200093	3.91262	1.86216	0.475936	1.42118	-2.50734	4.14655	2.20695	0.532238	5.52007	0.663958	0.504904	0.310621	0.057716
20246	0.231135	0.21378	3.73055	1.90213	0.509878	1.45893	-2.53153	4.10515	2.16778	0.528064	4.99952	0.753743	0.519406	0.316559	0.0580102
20247	0.182079	0.175072	4.03279	2.0133	0.499232	1.39426	-2.58759	3.89289	2.0193	0.518714	5.19423	0.73469	0.508801	0.321297	0.0579905
20248	0.145001	0.215565	3.65217	1.89865	0.519868	1.31793	-2.59645	4.28769	2.0364	0.474942	5.74765	0.687885	0.495607	0.334497	0.0585494
20249	0.184643	0.142149	4.31761	2.03595	0.471545	1.21016	-2.73419	3.82706	2.0058	0.524109	7.86671	0.525843	0.496244	0.338623	0.0590947
20250	-0.0198702	0.0290367	4.15377	1.7843	0.429561	1.34912	-2.64393	3.97656	1.94845	0.489984	3.81228	0.937073	0.459114	0.323757	0.0595172
20251	0.0229954	-0.0221866	3.76335	1.98312	0.526955	1.3522	-2.69344	4.03966	1.98829	0.492194	4.03871	0.883397	0.508959	0.310063	0.0597009
20252	-0.0990668	-0.0571931	4.01488	1.85101	0.461037	1.37981	-2.63161	3.98234	1.89676	0.476295	3.03034	1.09354	0.468635	0.306674	0.0599554
20253	-0.173503	-0.0736654	3.66639	1.94177	0.529615	1.28775	-2.65384	4.33048	2.1265	0.491053	3.1178	1.06763	0.508733	0.29043	0.0601163
20254	-0.0739553	-0.0562954	3.53016	1.88233	0.533213	1.34464	-2.61997	4.17177	2.18368	0.523442	3.26594	1.0062	0.52792	0.287906	0.0607164
20255	-0.0280594	-0.0333672	4.2255	2.0257	0.479398	1.50532	-2.5702	4.3999	2.31102	0.525244	2.73705	1.17563	0.502784	0.270699	0.0609029
20256	0.0504309	-0.0583298	3.94309	1.96173	0.497511	1.43211	-2.55663	4.12562	2.16612	0.525039	3.26945	0.954522	0.511587	0.274417	0.0610062
20257	-0.00757639	-0.00357704	4.12298	2.01243	0.488101	1.45933	-2.53781	4.02384	1.96323	0.487898	2.98462	1.0759	0.488001	0.287777	0.0611745
20258	-0.013014	0.0293712	4.02182	2.06179	0.512651	1.48686	-2.51038	4.06827	1.89505	0.465814	2.86731	1.12481	0.489098	0.289645	0.0612377
20259	0.0388962	0.0576143	4.07655	1.88635	0.462731	1.49214	-2.45877	4.05584	2.04229	0.503542	2.99831	1.05595	0.483085	0.287318	0.06201
20260	0.14196	0.130729	3.96812	1.94074	0.489082	1.56391	-2.464	4.165	2.16283	0.519286	3.32977	1.01098	0.50455	0.290969	0.0623861
20261	0.117129	0.151473	4.175	2.02557	0.485167	1.52914	-2.4689	4.29215	2.10663	0.490811	3.44387	0.996892	0.488028	0.293597	0.0626138
20262	0.140546	0.165393	4.06433	2.01747	0.496384	1.49662	-2.45286	4.12244	2.03277	0.493099	3.72783	0.919471	0.49473	0.297432	0.0625252
20263	-0.0184491	0.0738026	3.77128	1.85831	0.492753	1.6243	-2.4065	4.30018	2.17531	0.505864	2.27964	1.34931	0.499738	0.276138	0.0627508
20264	0.12051	0.114376	3.71212	1.75946	0.473978	1.56827	-2.4168	3.94946	2.04782	0.518507	3.05668	1.048	0.496932	0.296224	0.0632515
20265	0.100171	0.145722	3.68928	1.75551	0.47584	1.56958	-2.42416	3.91134	1.88844	0.482811	3.05874	1.07958	0.479427	0.311924	0.0633423
20266	0.216605	0.188802	3.89068	1.83913	0.4727	1.62014	-2.43292	3.64753	1.72176	0.472034	3.48921	0.984955	0.472378	0.325603	0.0635921
20267	0.20824	0.137682	3.83587	1.89236	0.493333	1.60044	-2.52139	4.07591	2.08127	0.510626	3.648	0.969112	0.502242	0.307992	0.0637428
20268	0.0901944	0.107094	4.15316	2.05763	0.495437	1.5523	-2.46447	3.90097	2.1656	0.555143	3.09341	1.06888	0.524355	0.281433	0.0638362
20269	0.0168448	0.0941705	3.73129	1.84192	0.49364	1.51656	-2.45438	3.98212	2.06048	0.517432	2.88783	1.12457	0.505923	0.293938	0.0636896
20270	0.231153	0.146947	3.764	1.86478	0.495424	1.41311	-2.53679	4.08859	2.09982	0.513579	5.15554	0.698513	0.504877	0.312431	0.0635814
20271	0.161273	0.180358	3.68108	1.88484	0.512034	1.37197	-2.59659	4.13433	2.13402	0.516171	5.26099	0.732891	0.514223	0.324299	0.0635879
20272	0.198696	0.174903	3.93613	1.92525	0.489123	1.40261	-2.65851	4.07237	2.14618	0.52701	5.53898	0.724704	0.508389	0.330301	0.0636486
20273	0.089878	0.0989541	4.01582	1.78895	0.445475	1.21626	-2.76565	3.97554	2.19084	0.55108	6.46786	0.634365	0.498011	0.340254	0.0639756
20274	0.0901962	0.0955202	3.87932	1.90175	0.490227	1.28196	-2.74329	4.03542	1.9757	0.489589	5.67402	0.710153	0.489902	0.342044	0.0646267
20275	0.0915858	0.0394733	3.68006	1.83678	0.499117	1.14202	-2.83938	4.0103	1.88788	0.470759	7.51108	0.551703	0.484329	0.357556	0.0646923
20276	-0.0268666	0.0334119	3.81614	1.92984	0.505705	1.14758	-2.85086	4.00383	2.02175	0.504953	6.03124	0.689661	0.50532	0.344938	0.0648377
20277	-0.0488675	-0.0125757	3.75094	1.94015	0.517245	1.25283	-2.81546	4.05305	2.0645	0.509369	4.63653	0.847202	0.513154	0.329167	0.0654772
20278	-0.0745632	-0.036476	3.95435	1.86792	0.472371	1.16644	-2.84448	4.13548	2.18148	0.527504	5.11974	0.770046	0.500555	0.327521	0.0657565
20279	-0.0454008	-0.0236968	4.07081	1.87099	0.459611	1.0671	-2.89117	4.23267	2.38935	0.564502	6.64352	0.618829	0.513079	0.325572	0.0658845
20280	-0.0750281	-0.055919	3.63343	1.80337	0.496327	1.16924	-2.89494	4.13678	2.1534	0.520551	5.20605	0.774105	0.509223	0.337534	0.0659207
20281	-0.133763	-0.152836	3.95952	1.8613	0.470081	0.898492	-2.966	4.16048	2.0445	0.49141	7.42705	0.532776	0.481009	0.336343	0.0660186
20282	-0.0789154	-0.0818468	3.96681	1.86484	0.470112	1.04617	-2.98293	4.11785	1.99436	0.48432	6.64892	0.632906	0.477349	0.352953	0.0657826
20283	-0.132273	-0.0851209	3.81747	1.87553	0.491301	1.09841	-2.95606	4.04353	1.89975	0.469824	5.44199	0.757285	0.480254	0.353203	0.0657627
20284	-0.0964912	-0.0637756	4.01858	1.87991	0.467806	1.12326	-2.89153	3.95659	2.0437	0.516532	5.37455	0.743892	0.491979	0.337636	0.0661328
20285	-0.0382027	-0.00872714	3.51753	1.75506	0.498945	1.10601	-2.82734	4.20214	2.00002	0.475953	6.06814	0.654614	0.48643	0.346058	0.0662927
20286	0.131352	0.0685603	4.00552	1.69906	0.424179	1.15849	-2.83592	3.80741	1.883	0.494563	7.99608	0.52751	0.458479	0.370698	0.0664706
20287	0.0988246	0.07347	3.88762	1.88108	0.483863	1.17179	-2.83919	3.72996	1.95669	0.524588	7.369	0.575625	0.503804	0.356049	0.0665904
20288	0.0672805	0.0598038	3.56903	1.63802	0.458953	1.14737	-2.879	4.21831	2.03876	0.483311	7.40321	0.583299	0.472148	0.370091	0.0666739
20289	0.225003	0.204035	3.64667	1.6198	0.444185	1.19489	-2.82948	3.97971	2.01592	0.506548	9.78261	0.470336	0.476728	0.387661	0.0667643
20290	0.200222	0.210666	3.90143	1.88145	0.482246	1.22822	-2.78902	3.98218	2.04161	0.512687	8.51468	0.528388	0.497622	0.364554	0.0671428
20291	0.22918	0.250817	4.20686	1.91997	0.456391	1.18779	-2.76092	4.09439	2.03438	0.49687	9.87067	0.459469	0.476357	0.364571	0.0674591
20292	0.230397	0.286557	3.69485	1.83905	0.497733	1.26816	-2.70229	4.04801	2.04506	0.505201	8.29487	0.538479	0.501637	0.36519	0.0676316
20293	0.247397	0.258885	3.82507	1.81904	0.475558	1.34844	-2.64587	4.09457	2.00162	0.488848	6.96001	0.606148	0.482429	0.355827	0.0676456
20294	0.338051	0.338359	3.56835	1.85473	0.519773	1.36149	-2.61557	4.31829	2.11755	0.490367	8.33057	0.523716	0.503672	0.354604	0.0677463
20295	0.313303	0.265941	3.68494	1.84216	0.499915	1.43055	-2.58194	4.02915	2.02188	0.501813	6.49755	0.624116	0.500906	0.344263	0.0677966
20296	0.218123	0.216253	3.89075	1.94173	0.499064	1.47881	-2.51577	4.15011	1.99373	0.480403	4.69631	0.794661	0.489432	0.321751	0.0681913
20297	0.168489	0.221416	4.05413	1.96927	0.485744	1.55713	-2.46413	3.99191	1.89949	0.475836	3.74011	0.964163	0.480828	0.318004	0.0687456
20298	0.291851	0.252384	4.06302	2.01094	0.494938	1.63215	-2.45907	3.75515	1.91683	0.510454	4.09262	0.898201	0.50239	0.318886	0.0685308
20299	0.234545	0.204838	3.92661	1.93927	0.493879	1.51334	-2.47042	3.90024	1.89605	0.486137	4.37651	0.817661	0.490021	0.318222	0.0690237
20300	0.0558198	0.155793	4.16127	2.19287	0.526971	1.56931	-2.44248	3.97964	1.93988	0.487451	2.94721	1.14532	0.507652	0.290069	0.0689739
20301	0.128534	0.180586	4.17423	2.253	0.53974	1.5748	-2.4319	3.88143	1.98495	0.511397	3.26297	1.04584	0.526084	0.287149	0.0693441
20302	0.135407	0.131402	4.46993	2.06911	0.462895	1.55621	-2.45081	3.91734	1.90729	0.486884	3.30303	1.00935	0.474099	0.295488	0.0695689
20303	0.169267	0.149917	3.94804	2.02815	0.513711	1.49718	-2.48065	3.76247	1.89434	0.503483	3.92429	0.881671	0.50872	0.306162	0.0696455
20304	0.106739	0.135575	4.34582	2.18093	0.501846	1.57342	-2.3966	4.08467	2.03357	0.497854	2.98068	1.07558	0.499912	0.275645	0.0695437
20305	0.0716109	0.113067	4.18235	2.22243	0.531383	1.69555	-2.38625	4.19971	2.09969	0.49996	2.36866	1.31859	0.515639	0.265513	0.0697337
20306	0.0228641	0.0457729	3.82135	2.06003	0.539083	1.74153	-2.40583	3.99913	2.02268	0.50578	2.03478	1.4769	0.522053	0.269124	0.0697013
20307	0.0556626	0.0619126	4.11473	1.9598	0.47629	1.53867	-2.44123	3.94831	1.93572	0.490266	2.84893	1.09966	0.483134	0.286891	0.0700885
20308	0.00319037	0.0582591	4.18485	2.13294	0.509682	1.45431	-2.49187	4.03762	1.89627	0.469651	3.0883	1.05287	0.490025	0.287598	0.0701349
20309	0.149096	0.169607	4.25635	2.01739	0.473972	1.57345	-2.49829	3.85367	1.93944	0.50327	3.50836	1.01439	0.487894	0.310312	0.0704663
20310	0.122123	0.101041	3.85557	1.88412	0.488675	1.50022	-2.47864	4.02812	2.15451	0.534866	3.50407	0.949578	0.512276	0.291861	0.0706739
20311	0.0787999	0.0508986	3.56208	1.85298	0.520197	1.46949	-2.46215	3.86363	1.93972	0.502048	3.26544	0.967008	0.510754	0.294032	0.0710403
20312	0.139314	0.0885708	4.14162	1.99148	0.480846	1.57216	-2.40533	4.00145	1.85704	0.464091	3.02941	1.02653	0.472613	0.287863	0.0712955
20313	0.115378	0.122506	3.99832	1.91092	0.477931	1.67802	-2.37354	4.11579	1.97798	0.480583	2.55144	1.22093	0.479276	0.286079	0.0711058
20314	0.106557	0.167073	3.99505	1.96804	0.49262	1.52053	-2.42075	3.97278	1.77592	0.447022	3.34953	0.999663	0.469885	0.309105	0.0712589
20315	0.192902	0.197077	3.77983	1.85747	0.491416	1.64862	-2.30968	3.85933	1.90838	0.494486	2.96532	1.05955	0.492967	0.294466	0.071693
20316	0.166366	0.114806	3.85638	1.81974	0.471879	1.71929	-2.3565	3.68439	1.76524	0.479114	2.53252	1.20578	0.475414	0.298792	0.0718517
20317	0.115782	0.0770433	3.75481	1.86827	0.497567	1.54156	-2.39646	3.73025	1.83913	0.49303	3.0097	1.01642	0.495306	0.292174	0.0722281
20318	0.0794876	0.112052	4.21992	1.8353	0.434913	1.63503	-2.36685	4.06081	1.96009	0.482683	2.53952	1.20986	0.458339	0.288239	0.0724266
20319	0.120404	0.116729	3.91854	1.8776	0.479158	1.46546	-2.44181	4.27266	1.99049	0.465866	3.61828	0.904588	0.472225	0.297405	0.072429
20320	0.0610792	0.0761009	4.12591	1.99398	0.483284	1.58936	-2.43892	3.65387	1.83796	0.503017	2.70818	1.16782	0.492552	0.292225	0.0724528
20321	0.0187954	0.0165499	3.75304	2.01369	0.536549	1.53295	-2.44171	3.98982	1.8952	0.475009	2.6358	1.14634	0.504838	0.278857	0.0728039
20322	-0.0274451	0.0116622	3.96753	1.93063	0.486608	1.46685	-2.48617	3.84777	1.85055	0.48094	2.79419	1.11645	0.483817	0.292146	0.0727772
20323	0.091013	0.0783565	3.98295	2.02342	0.508021	1.53486	-2.48758	3.68439	1.7395	0.472128	3.15826	1.04235	0.490773	0.304418	0.0729066
20324	0.180406	0.122368	3.90567	1.88377	0.482318	1.57334	-2.4639	3.72136	1.77268	0.476351	3.44732	0.970137	0.479407	0.31392	0.0728172
20325	0.0588012	0.0633569	3.65423	1.87603	0.513386	1.42374	-2.53635	3.66606	1.7867	0.487363	3.62764	0.931526	0.500354	0.315786	0.073246
20326	0.0176302	0.0590425	3.70974	1.93865	0.522583	1.50363	-2.48765	3.86081	1.88511	0.488267	2.93707	1.1041	0.505083	0.297875	0.0737162
20327	0.141663	0.0759362	3.92582	1.79923	0.458306	1.53738	-2.4617	3.84999	1.69941	0.441406	3.30571	0.974009	0.449938	0.315246	0.073743
20328	0.0319284	0.0619472	3.73986	1.85544	0.496125	1.50648	-2.44652	3.89085	1.86487	0.479298	2.894	1.08715	0.487545	0.297285	0.0743037
20329	-0.00978331	0.035238	3.84439	1.81558	0.472268	1.62046	-2.43327	3.81405	1.80786	0.474	2.29278	1.32885	0.47313	0.296089	0.0743021
20330	0.0457192	0.0642609	3.94843	1.8064	0.457499	1.63563	-2.41252	3.80209	1.93491	0.508908	2.42677	1.26391	0.482718	0.290839	0.0744513
20331	0.0977443	0.0800671	3.73753	1.86207	0.498209	1.56729	-2.41696	3.78191	2.12771	0.562603	2.88723	1.07978	0.530596	0.281036	0.0742236
20332	0.0783347	0.0931573	3.78979	1.79983	0.474915	1.61994	-2.42556	4.09637	2.15812	0.526838	2.66939	1.18827	0.501886	0.286178	0.0746099
20333	0.182898	0.085427	3.8776	1.84288	0.475264	1.51857	-2.53324	4.20504	2.07044	0.492371	3.84378	0.892014	0.484164	0.304735	0.0748644
20334	-0.000615167	0.0590008	3.87255	1.98358	0.512217	1.56903	-2.48087	4.08195	1.90819	0.467469	2.61832	1.23189	0.489254	0.293089	0.0749251
20335	-0.0354411	-0.0020758	4.09622	1.96506	0.479725	1.54589	-2.48231	3.60277	1.87347	0.520007	2.46002	1.25031	0.498575	0.286146	0.0754145
20336	0.0100411	-0.0383498	3.91583	2.02897	0.518147	1.54697	-2.54712	3.76017	1.89915	0.505069	2.66448	1.18108	0.51174	0.286107	0.0755573
20337	0.0112745	-0.0215889	4.14694	2.06661	0.498347	1.46243	-2.53332	3.88494	1.87863	0.483568	2.99582	1.05293	0.491198	0.2857	0.0755863
20338	-0.027058	0.0160096	4.33337	1.99835	0.461155	1.45924	-2.5421	3.62551	1.85207	0.510844	2.96228	1.10454	0.48379	0.298292	0.0757868
20339	-0.0174445	-0.0290687	4.03934	1.98521	0.491469	1.45142	-2.59371	3.99337	2.02131	0.506166	3.04853	1.07878	0.498776	0.291094	0.0760749
20340	-0.039814	-0.091082	3.87854	1.88379	0.485695	1.44443	-2.57977	3.83115	1.8804	0.490819	2.81143	1.10149	0.488241	0.29156	0.0762401
20341	-0.154054	-0.0931689	4.11296	1.88316	0.45786	1.50322	-2.52799	3.92923	1.81454	0.461806	2.15845	1.37329	0.459788	0.286231	0.0764687
20342	0.0579437	0.0762516	4.07428	1.96545	0.482406	1.48966	-2.43503	3.73023	1.69903	0.455476	3.07663	1.02491	0.469534	0.300925	0.0766186
20343	0.0123048	0.064883	3.82975	1.92293	0.502103	1.57775	-2.41	3.64358	1.71236	0.469966	2.49937	1.22532	0.486435	0.296484	0.076902
20344	0.0697664	0.0555881	4.01109	1.98383	0.494587	1.52813	-2.48057	3.59909	1.81638	0.504677	3.02428	1.06341	0.499359	0.297433	0.0775691
20345	0.0601728	0.0728462	4.05551	1.90173	0.468925	1.45447	-2.48718	3.77626	1.91724	0.507709	3.37118	0.972026	0.487626	0.300327	0.0775689
20346	0.0700698	0.0518587	3.63138	1.83305	0.50478	1.41825	-2.49761	4.40136	1.98953	0.452027	3.57606	0.908794	0.475875	0.298396	0.0779971
20347	-0.00463214	0.0435347	4.05646	1.94879	0.480417	1.53064	-2.4847	3.95467	1.80078	0.455354	2.71183	1.17854	0.468045	0.298932	0.0780368
20348	0.0903244	0.116793	3.78949	1.81674	0.479416	1.44776	-2.48037	3.98753	1.97253	0.494674	3.66066	0.92132	0.487239	0.308077	0.0784608
20349	0.105949	0.108126	4.09834	1.71756	0.419086	1.41743	-2.51914	3.83895	1.86766	0.486503	4.01315	0.859987	0.451693	0.325035	0.0785296
20350	0.192612	0.129094	4.07793	1.99702	0.489715	1.44324	-2.5799	3.78003	1.79693	0.475375	4.69198	0.782041	0.482817	0.326062	0.0785938
20351	0.111717	0.0946823	3.85125	1.91886	0.498244	1.36494	-2.56665	3.9394	1.86051	0.472284	4.50965	0.785283	0.485117	0.319147	0.078481
20352	0.182775	0.109094	3.8635	2.02047	0.522964	1.47739	-2.5737	3.80961	1.79242	0.470499	4.29429	0.838019	0.496916	0.320721	0.078924
20353	0.130931	0.15005	3.99364	1.97001	0.493286	1.34728	-2.64337	3.79753	1.82757	0.481254	5.27422	0.739747	0.487421	0.339477	0.0792423
20354	0.084113	0.107637	4.18896	1.99864	0.477122	1.42103	-2.60935	3.86698	1.75201	0.453069	4.13014	0.893678	0.465576	0.329891	0.0790807
20355	0.133568	0.105855	4.14809	1.98311	0.478078	1.30753	-2.66957	3.44454	1.72789	0.501633	5.58926	0.689088	0.488764	0.341754	0.0793681
20356	0.187084	0.0945437	3.99974	1.98463	0.496188	1.31079	-2.67735	3.60285	1.80682	0.501497	6.08485	0.631354	0.498704	0.336377	0.0792869
20357	0.143686	0.146683	4.45691	2.08107	0.466931	1.27206	-2.74678	4.08086	1.89964	0.4655	6.57547	0.636617	0.466247	0.344716	0.0793668
20358	0.0168185	0.0766827	4.50111	1.9341	0.429694	1.14337	-2.78554	3.8799	1.76182	0.454089	6.45517	0.634556	0.440988	0.356675	0.079786
20359	0.0466336	0.0269555	4.1046	2.0649	0.50307	1.22473	-2.76553	3.57018	1.73437	0.485793	5.61849	0.693958	0.495033	0.339228	0.0802294
20360	0.0735525	0.0358809	4.04545	2.19055	0.541485	1.26185	-2.77426	3.65037	1.76566	0.483692	5.59244	0.706031	0.514072	0.333007	0.0805639
20361	-0.0819388	-0.0389917	4.03442	2.08203	0.516066	1.24362	-2.77597	3.8293	1.78546	0.466264	4.26332	0.878549	0.491814	0.326361	0.0808741
20362	-0.121332	-0.113239	3.78966	2.01543	0.531824	1.20815	-2.79204	3.68756	1.85178	0.502168	4.05989	0.883765	0.517199	0.317001	0.0809923
20363	-0.163889	-0.145068	4.1249	1.99836	0.484462	1.14204	-2.80866	3.58399	1.7511	0.488589	4.16	0.85273	0.486381	0.321245	0.0811485
20364	-0.142757	-0.122592	3.99994	2.11241	0.528111	1.14306	-2.8475	3.67017	1.8325	0.499296	4.49101	0.826667	0.514323	0.320092	0.0812774
20365	-0.15929	-0.14824	3.92407	1.94677	0.496111	1.16585	-2.89076	4.09865	2.08025	0.507544	4.28325	0.878003	0.501952	0.318415	0.081173
20366	-0.199336	-0.125145	4.0595	1.96496	0.484041	1.12215	-2.87444	4.31485	2.01055	0.46596	4.32833	0.873158	0.474725	0.322292	0.0813905
20367	-0.156232	-0.0992157	3.78163	1.92354	0.508654	1.10973	-2.85841	3.93669	1.8796	0.477456	4.75036	0.801326	0.492742	0.333646	0.0817461
20368	-0.166794	-0.147248	4.24558	2.09471	0.493386	1.13859	-2.84845	3.88714	1.99927	0.514331	4.28192	0.85201	0.503397	0.308334	0.0820645
20369	-0.104791	-0.12348	4.42629	2.18123	0.492791	1.14986	-2.883	3.89026	2.02994	0.521801	4.83754	0.78707	0.506361	0.311435	0.0822947
20370	-0.070935	-0.098332	4.32476	2.18322	0.504819	1.23898	-2.84518	3.78748	1.90974	0.504224	4.39729	0.857935	0.504541	0.315582	0.0823603
20371	-0.0703748	-0.117828	4.27146	2.24093	0.524629	1.15967	-2.83217	3.70507	1.81881	0.490897	4.86955	0.756503	0.508961	0.312209	0.082893
20372	-0.00160129	-0.0571603	3.93797	2.03919	0.517828	1.13145	-2.871	4.08842	1.96214	0.479926	6.16735	0.641903	0.498522	0.331076	0.0829753
20373	-0.0592077	-0.0662287	3.7887	1.91951	0.506642	1.15967	-2.86102	3.96377	2.125	0.536106	5.2575	0.742829	0.521707	0.325712	0.0837295
20374	-0.0742144	-0.0424204	4.14236	1.82322	0.440142	1.14554	-2.82609	3.93986	2.02067	0.512879	5.20818	0.743906	0.475599	0.335204	0.083705
20375	0.0605416	0.00821534	3.91595	1.87235	0.478135	1.11949	-2.90909	3.82474	2.0412	0.533683	7.5895	0.560686	0.505582	0.352305	0.0838587
20376	0.0170721	0.00393436	3.69599	1.86062	0.503417	1.10431	-2.91242	3.97172	1.88315	0.474141	7.19497	0.591045	0.488252	0.36234	0.0839339
20377	-0.12551	-0.0833346	3.68866	1.77038	0.479951	1.07982	-2.93256	3.84185	1.82705	0.475564	5.58779	0.72641	0.477713	0.360794	0.084109
20378	-0.136477	-0.127568	4.06345	1.99355	0.490605	1.0634	-2.95806	4.07659	2.00329	0.491414	5.56479	0.719853	0.49101	0.333944	0.084417
20379	-0.208549	-0.120535	3.7764	1.88953	0.500354	1.04933	-3.00135	3.87081	1.9475	0.503126	5.24505	0.791133	0.501757	0.351067	0.0845427
20380	-0.0678344	-0.0755698	4.21838	1.88373	0.446553	0.924188	-3.00709	3.6996	1.88665	0.509961	8.73256	0.492055	0.47618	0.363101	0.0844678
20381	-0.0915937	-0.094526	4.40756	2.0887	0.473891	0.950557	-3.03081	4.05895	1.92011	0.473055	7.93846	0.54304	0.47349	0.349782	0.0843619
20382	-0.082167	-0.119124	3.88091	1.91953	0.494607	1.04321	-3.04029	3.74863	1.95097	0.52045	6.73775	0.633239	0.507304	0.35544	0.0847319
20383	-0.0746831	-0.0713866	3.63977	1.81528	0.498736	0.844516	-3.14687	4.09434	1.99674	0.487682	11.1945	0.422464	0.492884	0.382954	0.0851155
20384	-0.0438493	-0.0289913	3.97677	1.87112	0.470512	0.855987	-3.15114	3.59688	1.87067	0.520081	12.0387	0.404853	0.494053	0.394528	0.0853436
20385	-0.0404753	-0.0405161	4.01029	1.97417	0.492276	0.807103	-3.12161	4.08538	1.81913	0.445278	13.2144	0.359195	0.468559	0.38498	0.0856866
20386	0.0811586	0.0456039	4.08186	2.02749	0.496707	0.848149	-3.12281	4.09101	2.04197	0.499136	17.0649	0.294137	0.497923	0.381581	0.0862026
20387	0.0974809	0.060125	4.20664	2.13506	0.507546	0.888461	-3.13184	4.00948	2.02019	0.503854	16.2849	0.312825	0.505744	0.380155	0.086362
20388	0.0797891	0.0457929	4.16559	2.17362	0.521804	0.890121	-3.12796	3.9933	2.02293	0.50658	15.3398	0.328319	0.514353	0.375141	0.0864581
20389	0.145154	0.125059	4.20483	2.05852	0.48956	0.878597	-3.07481	3.85776	2.09456	0.542947	19.034	0.26897	0.515105	0.381444	0.0868995
20390	0.146774	0.139329	4.03884	1.99746	0.494565	0.859178	-3.12486	4.19569	2.10686	0.502148	20.9941	0.25376	0.498429	0.393693	0.0870245
20391	0.258128	0.220446	3.92239	1.85703	0.473442	0.925378	-3.08832	3.81083	2.09599	0.550008	24.5897	0.222612	0.511173	0.409237	0.0873137
20392	0.28749	0.243514	3.62873	1.81069	0.498988	0.903489	-3.10547	3.66081	1.78625	0.487937	29.5575	0.189727	0.493438	0.438177	0.0874535
20393	0.132759	0.221994	3.94008	1.89108	0.47996	0.828577	-3.20548	3.9889	1.87933	0.47114	24.2637	0.242081	0.475523	0.437988	0.087787
20394	0.188929	0.225452	3.87676	1.94638	0.502063	0.739424	-3.21965	3.8304	1.97419	0.5154	39.1649	0.151523	0.508692	0.430914	0.0881698
20395	0.186969	0.198105	3.71285	1.98869	0.535623	0.850076	-3.14992	4.46657	1.93381	0.432952	25.4923	0.219856	0.479557	0.416835	0.0885777
20396	0.0965034	0.118855	4.12688	1.96711	0.476657	0.765058	-3.17681	3.87674	1.9616	0.505992	24.3003	0.223483	0.490866	0.408809	0.0887806
20397	0.0521622	0.0971863	3.89824	1.78331	0.457465	0.791369	-3.18475	4.02061	1.92833	0.479611	19.7118	0.273213	0.468709	0.420578	0.0890736
20398	0.0584918	0.088877	3.85642	1.82486	0.473201	0.881567	-3.07575	4.02168	1.8223	0.453119	14.7831	0.338726	0.46295	0.40717	0.0889838
20399	0.0340663	0.0722451	3.84546	1.80097	0.468338	0.891502	-3.0567	3.90387	1.90559	0.488128	13.3166	0.367598	0.478307	0.397833	0.0891892
20400	0.0318622	0.0902243	4.16168	1.94285	0.466843	0.891727	-3.06331	3.63383	1.85244	0.509775	13.4504	0.369684	0.486856	0.395917	0.0893575
20401	-0.0716079	-0.109767	3.92421	1.9682	0.501554	0.756207	-3.25409	3.79716	1.95984	0.516132	14.4274	0.342639	0.508723	0.386337	0.0899185
20402	0.0324926	-0.0435016	3.82086	1.89586	0.496187	0.713697	-3.28869	3.87111	1.788	0.461884	22.6947	0.23202	0.478923	0.416925	0.0900405
20403	-0.0495211	-0.0152376	3.65119	1.79758	0.492327	0.718502	-3.30541	3.91179	1.86723	0.477334	18.3522	0.29493	0.484572	0.424899	0.0903828
20404	-0.029093	-0.0442914	3.74039	1.77727	0.475158	0.7364	-3.25507	3.75029	1.82606	0.486912	17.593	0.29299	0.481042	0.417116	0.0905139
20405	0.0629578	-0.0214255	4.10303	1.78437	0.434892	0.800803	-3.28222	4.07533	1.98435	0.486917	19.5306	0.272208	0.460817	0.413725	0.0908836
20406	-0.042868	-0.0118964	4.06769	1.98086	0.486975	0.710123	-3.27359	3.84204	1.96889	0.51246	18.7632	0.283498	0.499354	0.402526	0.0908803
20407	-0.0203729	-0.00924392	4.19524	2.04365	0.487136	0.813566	-3.23177	4.04656	2.04989	0.506577	14.9322	0.347727	0.496681	0.388203	0.0909674
20408	0.0585345	-0.0176908	4.20288	2.13618	0.508266	0.849656	-3.19498	3.80183	1.89161	0.497552	16.1297	0.312937	0.503177	0.385338	0.0914394
20409	-0.0109199	-0.0512404	3.99154	2.00425	0.502124	0.846891	-3.20098	4.26898	1.86881	0.437765	13.4824	0.36792	0.468864	0.390503	0.0917081
20410	-0.128872	-0.128988	3.96943	1.93132	0.486548	0.780507	-3.18145	3.86009	2.06934	0.536084	11.2671	0.413485	0.51097	0.368105	0.0918637
20411	-0.0916436	-0.129899	3.77355	1.95769	0.518793	0.873327	-3.09786	3.82627	1.85794	0.485574	9.45995	0.465584	0.502068	0.366062	0.0920411
20412	0.00671964	-0.0261719	3.96927	1.96531	0.49513	0.991224	-3.13142	3.82554	2.042	0.533781	9.94852	0.484625	0.514099	0.375727	0.092657
20413	-0.0830836	-0.0385342	4.06372	1.98553	0.488598	0.898108	-3.1537	4.0557	2.14424	0.528698	10.0799	0.481368	0.508628	0.370179	0.0924476
20414	-0.0506565	-0.0416458	4.00145	2.10892	0.527038	0.805487	-3.20161	4.03136	2.13121	0.528657	13.6229	0.366491	0.527851	0.370688	0.0925997
20415	-0.0442574	-0.0566434	4.36287	2.0703	0.474528	0.792818	-3.23768	4.16149	2.01106	0.483256	14.4413	0.350347	0.478789	0.382768	0.0925074
20416	-0.0551053	-0.0639405	4.02162	1.77394	0.441101	0.751698	-3.22848	4.02418	1.90974	0.474566	15.3846	0.325466	0.457839	0.404755	0.0924745
20417	-0.0859491	-0.0598198	3.78914	1.75716	0.463735	0.804533	-3.1643	4.02606	2.06023	0.511723	12.1542	0.396479	0.488457	0.387065	0.0929738
20418	-0.119995	-0.0356368	3.82003	1.92101	0.502879	0.729213	-3.18742	3.95626	2.11268	0.53401	13.7747	0.360577	0.518717	0.38118	0.0934868
20419	-0.111957	-0.0686628	3.91194	2.00452	0.512412	0.780151	-3.1915	3.90699	1.93357	0.494899	12.2536	0.397928	0.503661	0.382487	0.0936864
20420	0.0463988	-0.0208219	4.33986	2.01416	0.464108	0.810818	-3.21541	4.18079	1.9628	0.46948	17.465	0.292168	0.466744	0.390933	0.0942539
20421	-0.112564	-0.121039	3.68899	2.05469	0.556978	0.698237	-3.19927	4.01253	1.91549	0.477377	14.4136	0.3287	0.515505	0.373812	0.0941022
20422	-0.247712	-0.178088	3.79063	2.09832	0.553553	0.724063	-3.19607	4.137	1.99141	0.481366	9.64499	0.472173	0.515883	0.357761	0.0945906
20423	-0.120862	-0.127489	4.0134	1.81936	0.453322	0.851311	-3.15618	4.16879	2.14899	0.515493	9.70559	0.472561	0.484998	0.366355	0.0945643
20424	-0.093039	-0.155869	3.96787	1.92158	0.484285	0.742044	-3.15518	4.24292	1.97276	0.464953	12.8998	0.348682	0.474295	0.366201	0.094916
20425	-0.151249	-0.159072	3.96829	2.04883	0.516301	0.883374	-3.13555	4.23356	1.96322	0.463727	8.27641	0.535222	0.489164	0.355806	0.095159
20426	-0.105511	-0.118518	4.14844	1.99376	0.480605	0.910499	-3.10876	3.55111	1.84477	0.519491	8.66199	0.516138	0.49854	0.368147	0.0949545
20427	-0.106183	-0.0922175	3.7871	1.98506	0.524164	0.899484	-3.11185	4.01776	1.93962	0.482762	9.0157	0.505683	0.502852	0.367534	0.0951474
20428	-0.117329	-0.123494	4.12408	1.96739	0.47705	0.913538	-3.09153	3.65727	1.94753	0.53251	8.28959	0.531343	0.503116	0.360133	0.0955095
20429	-0.00845382	-0.0765376	4.24934	1.91517	0.450698	0.912296	-3.1039	4.15292	2.08149	0.501212	10.8105	0.42389	0.475665	0.364503	0.0959109
20430	-0.0736058	-0.0573521	4.09662	2.01435	0.491711	0.958912	-3.02315	4.2	2.03959	0.485616	8.25062	0.533046	0.488625	0.351787	0.0962193
20431	-0.10716	-0.017602	4.07755	2.11163	0.517868	1.06047	-2.95679	4.15365	2.15022	0.51767	6.33644	0.681679	0.517768	0.336433	0.0965488
20432	-0.0517986	-0.0445149	4.16459	2.13715	0.513172	1.19153	-2.89667	4.00082	2.13177	0.532833	5.26223	0.772938	0.522805	0.322784	0.0967605
20433	-0.088667	-0.0259248	4.10082	2.05391	0.500855	1.10708	-2.84315	4.32508	2.1005	0.485655	5.55095	0.7149	0.493052	0.323341	0.0968104
20434	-0.0225646	0.00611224	4.15579	2.15586	0.518762	1.11831	-2.92511	3.85234	2.01935	0.524187	6.60121	0.650796	0.521372	0.339815	0.0967999
20435	-0.0702351	-0.0157479	3.78395	2.09601	0.553921	0.948719	-2.97609	3.97754	2.03964	0.512791	8.44064	0.519134	0.532843	0.346417	0.0970299
20436	-0.035545	-0.01081	4.14308	2.07962	0.501949	0.893509	-3.08735	3.76485	2.13631	0.567435	10.9658	0.431571	0.533126	0.35961	0.0968651
20437	0.0968035	0.0203467	3.93724	2.00209	0.508501	0.930102	-2.9992	3.81844	2.03587	0.533167	13.1306	0.347193	0.520645	0.360933	0.0970663
20438	0.128211	0.0596214	4.04541	1.94138	0.479897	0.930468	-3.05532	4.36631	2.33337	0.534403	15.0755	0.321809	0.508189	0.362138	0.0972471
20439	0.0958003	0.0651334	3.90566	1.94493	0.497977	0.89946	-3.0592	4.10656	2.24636	0.547019	15.1137	0.322934	0.523113	0.368104	0.0971871
20440	-0.0330731	0.0584465	4.09477	1.89553	0.462915	1.03066	-3.03729	3.9713	2.05113	0.51649	8.46961	0.565764	0.489292	0.377867	0.09739
20441	-0.0723046	0.0250607	3.70287	1.93774	0.523307	1.03981	-2.97641	3.66919	1.93219	0.526597	7.28404	0.618397	0.524944	0.367997	0.0976352
20442	0.083939	0.0965595	3.5695	1.8837	0.527721	1.05018	-2.94503	3.90152	1.97164	0.50535	9.90901	0.466812	0.516039	0.375079	0.0976145
20443	0.0406913	0.0718837	3.67776	1.82229	0.49549	1.0733	-2.98547	4.12597	2.0366	0.493606	8.76642	0.533138	0.494494	0.377288	0.0976808
20444	-0.0180044	0.0442322	3.89643	1.91087	0.490414	0.925623	-3.0731	4.35222	2.25271	0.5176	10.9135	0.445216	0.504758	0.368603	0.0978973
20445	0.129628	0.0749649	4.1262	1.90869	0.462578	0.807479	-3.09579	4.11048	2.01561	0.490358	21.8805	0.229741	0.476442	0.390541	0.0979167
20446	0.0131161	0.041309	3.72854	1.87949	0.504083	0.971218	-3.04995	4.44628	2.11717	0.476166	10.41	0.458979	0.488899	0.374234	0.0984034
20447	-0.0545283	0.0413498	4.12082	2.0112	0.488057	0.985538	-3.029	3.88644	1.96382	0.505302	8.71472	0.540869	0.496427	0.372328	0.0987094
20448	0.0204303	0.00234543	3.96708	1.8958	0.477882	0.920962	-3.07602	4.1901	1.97706	0.471842	11.6854	0.405479	0.474779	0.379661	0.0987585
20449	0.0966661	0.10522	4.03101	1.93695	0.480511	1.00657	-3.00709	4.06315	1.96166	0.482794	11.6996	0.413966	0.481657	0.383273	0.0989424
20450	0.0712991	0.103209	4.11334	1.95425	0.4751	0.983886	-2.99074	4.29865	2.21476	0.515222	11.4942	0.416407	0.495603	0.364803	0.0990902
20451	0.0718469	0.0940124	3.83503	2.03283	0.530068	0.957925	-2.99353	4.2582	2.0325	0.477315	12.1417	0.392567	0.502313	0.369691	0.0995228
20452	0.0147088	0.100813	4.05648	2.1169	0.521856	1.03027	-2.97122	3.89021	1.83101	0.470671	9.15032	0.515687	0.496799	0.374187	0.0994736
20453	0.111668	0.153129	3.97419	2.0159	0.507249	1.07482	-2.96224	3.76356	1.79773	0.477668	10.4624	0.463829	0.492861	0.388961	0.0995834
20454	0.031982	0.148491	3.67721	1.90737	0.518702	1.01966	-3.05379	3.69161	1.96842	0.533216	10.5121	0.487751	0.525973	0.398237	0.0997627
20455	0.107774	0.0960275	3.65499	1.99975	0.547129	0.866883	-3.06511	3.88806	1.79433	0.461499	17.3412	0.288124	0.502991	0.397145	0.0998342
20456	0.159801	0.12676	3.92726	1.94515	0.495293	0.963827	-3.02692	3.86779	1.74621	0.451474	15.3849	0.323229	0.47355	0.402599	0.100141
20457	0.0518492	0.0634182	3.85962	1.9138	0.495852	0.98406	-3.04035	4.2393	1.9913	0.469723	11.0854	0.434508	0.482175	0.381581	0.100382
20458	0.0368762	0.0374408	4.0771	1.97486	0.484378	0.996781	-3.03833	4.32535	2.08446	0.481916	10.2672	0.460708	0.483111	0.368257	0.100393
20459	-0.133278	-0.0240989	3.77985	1.99572	0.527991	0.995353	-3.00034	4.16027	1.9439	0.467254	6.95397	0.636904	0.496167	0.359955	0.100708
20460	0.0458689	-0.029527	3.62918	1.87075	0.515475	1.00623	-3.01338	3.88164	1.91719	0.493913	9.65362	0.461143	0.504332	0.370241	0.100765
20461	-0.132391	-0.0789306	3.99545	1.85472	0.464208	1.05931	-2.98162	3.7563	1.85095	0.492759	5.9329	0.710075	0.478043	0.362534	0.100905
20462	0.0223012	-0.0156854	4.04696	1.89329	0.467829	1.02195	-2.98903	3.68557	1.8751	0.508768	8.84694	0.499653	0.487342	0.369802	0.100937
20463	-0.0337151	-0.0241428	3.95509	1.93773	0.489933	0.952012	-3.0397	4.22266	1.93895	0.459178	9.35882	0.485828	0.474052	0.369769	0.101142
20464	-0.0257373	0.0169795	3.93605	1.92654	0.48946	0.916537	-3.05757	4.07159	1.88823	0.463758	10.6466	0.443941	0.476391	0.38264	0.101501
20465	0.00527947	0.0105219	3.87149	1.93742	0.500433	0.901969	-3.02855	3.93766	1.95039	0.495317	11.4867	0.402026	0.497853	0.372726	0.101645
20466	0.0250574	-0.022265	4.10237	1.98734	0.484438	1.00028	-3.0192	3.56779	1.88938	0.529564	9.44378	0.475529	0.505429	0.366884	0.101677
20467	0.051342	0.0478052	3.75665	1.94524	0.517811	0.893146	-3.08297	3.96498	1.93974	0.489219	13.8319	0.354317	0.503129	0.386903	0.101956
20468	0.096367	0.0981921	3.76997	1.99933	0.530329	0.917402	-3.03584	3.72657	1.88768	0.506546	14.5708	0.337049	0.518506	0.387272	0.101971
20469	0.10687	0.12171	4.20778	2.12408	0.504797	0.781715	-3.16004	4.03193	2.01125	0.49883	23.6484	0.227708	0.501877	0.394459	0.102165
20470	0.122336	0.0954168	3.73031	2.17745	0.583719	0.839873	-3.16197	3.73435	2.02595	0.542519	20.6087	0.257429	0.563108	0.387024	0.102406
20471	0.00279548	0.0831176	3.89042	2.00154	0.51448	0.908595	-3.04403	3.95549	1.92804	0.487434	11.9188	0.410236	0.500844	0.38365	0.102669
20472	0.0183869	0.0713124	3.97089	1.90887	0.480716	0.910847	-2.94855	3.89079	1.85055	0.475624	11.4498	0.398242	0.478196	0.377627	0.102568
20473	-0.0276212	0.0218525	3.93783	1.88623	0.479002	1.08184	-2.98444	3.82922	1.88099	0.49122	7.34239	0.615455	0.485026	0.375026	0.102678
20474	0.0662417	0.0703923	4.02026	1.9641	0.488549	1.08952	-2.94144	3.59607	1.98553	0.55214	8.66309	0.523551	0.518574	0.364863	0.102954
20475	0.0033941	-0.0159921	3.88307	1.89407	0.487777	1.13078	-2.88575	3.68772	1.90945	0.517786	6.4796	0.635498	0.502395	0.351315	0.103085
20476	-0.121791	-0.069739	3.74746	1.8696	0.498897	1.19444	-2.84301	4.03461	2.1382	0.529964	4.43936	0.866233	0.515003	0.324322	0.103073
20477	-0.124916	-0.0653345	3.75606	1.98092	0.527392	1.09016	-2.9174	3.94285	2.03171	0.515289	5.50955	0.7382	0.521194	0.336451	0.10334
20478	-0.0855521	-0.0728196	4.11655	1.96961	0.478461	1.04219	-2.93715	4.41933	1.88157	0.42576	6.45098	0.635904	0.451176	0.347623	0.103401
20479	-0.0260944	-0.0263369	3.8817	2.0336	0.523895	1.11418	-2.88542	4.06438	1.87811	0.462091	6.28691	0.650111	0.492283	0.343268	0.10362
20480	-0.08309	-0.0477362	4.03249	1.97103	0.488789	1.09461	-2.89653	4.1393	2.0601	0.497693	5.85128	0.693492	0.493299	0.334913	0.103631
20481	-0.042209	-0.0661987	4.12883	1.85817	0.450047	1.14199	-2.8386	3.89391	1.98402	0.50952	5.481	0.701167	0.478913	0.333497	0.104007
20482	-0.0304364	-0.0321849	3.98596	1.98852	0.498881	1.17936	-2.82446	4.01365	2.02545	0.504641	5.32714	0.731798	0.501771	0.326983	0.104281
20483	0.0177235	-0.0809251	4.30855	2.09226	0.485605	1.20944	-2.78128	4.05704	1.9623	0.483677	5.13447	0.710093	0.48467	0.310268	0.1047
20484	-0.0189306	-0.051185	3.83078	1.79034	0.467355	1.22797	-2.77585	3.67707	1.85145	0.503512	4.77492	0.777376	0.485063	0.337697	0.105323
20485	-0.0565973	-0.0275868	3.68446	1.73917	0.472029	1.27084	-2.74125	3.79114	1.87624	0.494901	4.1791	0.881045	0.483628	0.337511	0.105575
20486	-0.062336	-0.0957637	3.78478	1.78942	0.472793	1.26552	-2.73035	3.96111	1.819	0.459215	3.93664	0.881597	0.46585	0.324842	0.105275
20487	-0.0102016	-0.0579891	3.94047	2.03912	0.517481	1.22161	-2.84322	4.06841	2.03412	0.499979	5.11252	0.758681	0.50859	0.322662	0.105521
20488	0.0672666	-0.0434592	4.01926	1.9437	0.483596	1.15403	-2.8491	4.13983	2.14209	0.517434	6.66492	0.590526	0.500765	0.325185	0.105993
20489	-0.0323941	-0.0247603	4.05065	1.98737	0.490629	1.20208	-2.8468	4.18166	1.98173	0.473911	5.22589	0.761966	0.482137	0.334163	0.105806
20490	-0.112368	-0.0787367	3.93832	2.12276	0.539002	1.27152	-2.82686	4.09379	2.06385	0.504142	3.9434	0.957574	0.521235	0.310915	0.105827
20491	-0.0415723	-0.059266	4.13978	1.99374	0.481606	1.23957	-2.8062	3.82722	2.09612	0.547688	4.59728	0.820662	0.51335	0.315758	0.106322
20492	-0.0715754	-0.0268142	4.13053	1.86619	0.451805	1.24086	-2.73114	3.99521	2.03513	0.509393	4.24581	0.861247	0.48012	0.31921	0.106762
20493	-0.110116	-0.0859285	3.79509	1.88801	0.497488	1.38741	-2.67928	3.92963	1.91525	0.487386	2.999	1.12128	0.492349	0.306666	0.107025
20494	-0.0224842	-0.103315	4.02044	1.87261	0.465772	1.34722	-2.63654	3.62724	1.86773	0.514918	3.42054	0.938042	0.489081	0.300276	0.107271
20495	-0.0583657	-0.0987868	4.07154	1.9555	0.480286	1.42228	-2.65419	4.01296	1.87927	0.4683	2.97865	1.09615	0.474336	0.298703	0.10748
20496	-0.0874924	-0.0629286	3.94781	1.80536	0.457307	1.42007	-2.63335	3.67929	1.88054	0.511114	2.90709	1.13637	0.483263	0.309562	0.107517
20497	-0.065366	-0.069113	3.98574	1.885	0.472937	1.28929	-2.65494	3.67482	1.90099	0.5173	3.64368	0.917549	0.494218	0.306399	0.107611
20498	0.018466	-0.0547987	4.08702	2.0046	0.490478	1.34337	-2.67128	3.78323	1.86676	0.49343	3.90002	0.877682	0.491897	0.306669	0.107713
20499	0.0349455	0.0172152	4.21736	1.90151	0.450876	1.3608	-2.63975	4.06794	1.92937	0.474288	4.01585	0.878948	0.462371	0.315502	0.107724
20500	-0.0258181	0.0126295	4.24353	1.95906	0.461657	1.34423	-2.59171	3.6629	1.8665	0.50957	3.61343	0.938522	0.483854	0.307221	0.107905
