cycle	Zbar1	Gbar1	VP1	VG1	h21	Zbar2	Gbar2	VP2	VG2	h22	h2b	h2b_denom	h2w	Qst	Fst
20000	0.193379	0.209329	3.89745	1.92775	0.49462	-1.96996	0.0438393	3.56905	1.70602	0.478003	0.00585184	2.34002	0.486677	0.00188158	0.000385767
20001	0.282933	0.226329	3.88712	1.92164	0.494362	-1.96098	0.0222587	3.76161	1.65354	0.439585	0.0082708	2.51757	0.467423	0.00290505	0.000590801
20002	0.240159	0.198763	4.08516	1.8999	0.465074	-1.94133	0.0462667	3.53365	1.70524	0.482571	0.00488666	2.37945	0.473189	0.00161085	0.000813851
20003	0.228161	0.238632	3.85756	1.73233	0.449073	-1.91801	0.106088	4.0376	1.8456	0.457103	0.00381411	2.30302	0.453179	0.00122663	0.00105336
20004	0.226509	0.186171	3.72258	1.71201	0.459899	-1.83841	0.159854	3.77942	1.76506	0.467018	0.000162435	2.13195	0.463486	4.98205e-05	0.00131346
20005	0.134925	0.178979	3.86736	1.69711	0.438828	-1.80565	0.209855	3.64078	1.80341	0.495336	0.000253149	1.88292	0.46623	6.81135e-05	0.00155524
20006	0.271573	0.208026	3.73473	1.74373	0.466894	-1.81417	0.280238	4.18765	1.88962	0.451236	0.00119864	2.17517	0.458618	0.000358845	0.00182375
20007	0.273317	0.265168	3.8109	1.81457	0.476152	-1.62556	0.357055	4.03662	1.93645	0.479719	0.00234159	1.80287	0.477987	0.000562689	0.00205017
20008	0.244126	0.289985	3.49925	1.7984	0.51394	-1.55673	0.43631	3.62896	1.7941	0.494382	0.00660205	1.62154	0.503983	0.00148851	0.00233757
20009	0.393707	0.365806	3.79269	1.84796	0.487242	-1.46491	0.495668	3.83655	1.80024	0.469233	0.00488183	1.72723	0.478186	0.00115489	0.00258038
20010	0.40373	0.368291	3.85358	1.849	0.479813	-1.53283	0.525536	3.89771	1.87043	0.479879	0.00659315	1.87513	0.479846	0.00166003	0.00281842
20011	0.411023	0.387751	3.66211	1.80821	0.493763	-1.49855	0.572829	3.95296	1.89708	0.479914	0.00939378	1.82323	0.486574	0.00230697	0.00311591
20012	0.342729	0.341809	4.01217	1.94841	0.485625	-1.35192	0.642017	4.19135	1.78094	0.424907	0.0313823	1.43592	0.454603	0.0060083	0.00336045
20013	0.313947	0.320092	3.89092	1.81572	0.466655	-1.28604	0.755178	3.74352	1.70201	0.454655	0.0739467	1.27997	0.460771	0.0132812	0.0035136
20014	0.352845	0.354298	3.79725	1.79727	0.473308	-1.16864	0.778339	3.82736	1.80282	0.471033	0.0776748	1.15746	0.472166	0.0123387	0.00371863
20015	0.264375	0.279349	3.7594	1.94194	0.516555	-1.14182	0.865739	3.8243	1.85383	0.484751	0.173894	0.988688	0.500517	0.0221565	0.00405052
20016	0.269361	0.278963	3.78236	1.87295	0.49518	-0.998398	0.946365	3.85591	1.83727	0.476482	0.277142	0.803606	0.485741	0.029153	0.00429746
20017	0.156036	0.233847	3.84098	1.93	0.502476	-0.989997	1.02813	3.73197	1.69563	0.454351	0.480345	0.656695	0.47876	0.041708	0.00451345
20018	0.183433	0.199601	3.93603	1.8212	0.4627	-0.905629	1.061	3.73304	1.83976	0.492833	0.62561	0.593027	0.477368	0.0482495	0.00483618
20019	0.227173	0.184884	4.36062	1.9097	0.437942	-0.779476	1.19099	3.86064	1.8419	0.477096	0.99893	0.506671	0.456329	0.0632222	0.00515691
20020	0.253466	0.22966	4.30165	2.07542	0.482471	-0.687284	1.30284	3.87836	1.84188	0.474911	1.30135	0.442505	0.478887	0.0685008	0.00542061
20021	0.146804	0.199012	3.90475	2.0046	0.513375	-0.754954	1.26561	4.15462	1.95886	0.471489	1.399	0.406584	0.491783	0.0669839	0.00570593
20022	0.391432	0.311524	3.79992	1.79252	0.471724	-0.709945	1.29545	4.05571	1.86781	0.460539	0.798098	0.606516	0.46595	0.0620504	0.00592506
20023	0.210049	0.262923	3.90213	1.92016	0.492079	-0.594687	1.35806	3.61543	1.74253	0.48197	1.85197	0.3238	0.487217	0.0757025	0.00610209
20024	0.303869	0.219611	4.03951	1.91534	0.474151	-0.552005	1.4313	3.66115	1.87066	0.510948	2.00428	0.36626	0.491645	0.08842	0.00640952
20025	0.274971	0.23506	3.96058	1.95068	0.492523	-0.619938	1.40515	3.83353	1.91608	0.499822	1.70956	0.400431	0.496113	0.0813576	0.00662266
20026	0.00191926	0.031451	3.93084	1.93496	0.49225	-0.661241	1.28481	4.37036	1.96673	0.450015	3.57203	0.219891	0.470014	0.0914926	0.00682455
20027	0.0350272	0.0584067	3.7151	1.88006	0.506058	-0.619854	1.37644	3.98963	1.99833	0.50088	4.05069	0.214435	0.503377	0.100749	0.00716171
20028	0.113057	0.0578764	4.15879	1.80893	0.434966	-0.491474	1.42285	4.02056	2.0247	0.503586	5.09814	0.182729	0.468696	0.108386	0.0073669
20029	0.194037	0.127024	3.61388	1.88618	0.521925	-0.487406	1.52681	3.97739	1.87615	0.471704	4.21955	0.232182	0.495612	0.115251	0.0075429
20030	0.110159	0.123883	3.89025	1.99071	0.511717	-0.511254	1.5534	4.1324	2.04519	0.494915	5.29195	0.193077	0.503062	0.11241	0.00775497
20031	0.101241	0.110941	3.7485	1.8766	0.500627	-0.428049	1.58399	3.83369	2.01269	0.525001	7.74543	0.140074	0.512951	0.122458	0.00807446
20032	0.114639	0.115657	3.61942	1.70401	0.470796	-0.422842	1.52413	3.68856	1.73714	0.470952	6.86709	0.144443	0.470874	0.126024	0.00815571
20033	-0.011971	0.0455365	3.95489	1.92246	0.486097	-0.492985	1.48657	3.91397	1.78787	0.456791	8.97495	0.115687	0.47152	0.122798	0.00836379
20034	0.0149782	0.0216471	3.91352	1.88427	0.481479	-0.570335	1.46254	3.90895	1.78197	0.455868	6.06023	0.171296	0.468681	0.124071	0.0085809
20035	0.0161419	0.0249385	3.9421	1.75907	0.446227	-0.499472	1.53536	3.87928	1.78284	0.459581	8.58111	0.132929	0.45285	0.138752	0.00884071
20036	0.166613	0.0854846	3.92099	1.91609	0.488674	-0.492963	1.51078	3.58814	1.80938	0.504268	4.66958	0.21752	0.496125	0.120021	0.00908653
20037	0.0742366	0.0215631	3.82432	1.83747	0.48047	-0.480003	1.55964	3.77523	1.90707	0.505154	7.70127	0.153591	0.492733	0.136458	0.00952678
20038	0.0418295	0.017013	3.99191	1.94475	0.487173	-0.383955	1.5329	3.58367	1.73089	0.482994	12.6752	0.090646	0.485196	0.135226	0.00972906
20039	0.117831	0.140866	3.8984	1.9258	0.493998	-0.518001	1.55556	3.86105	1.86979	0.484269	4.95041	0.202141	0.489156	0.11652	0.00997198
20040	0.0171791	0.0902523	3.64384	1.68629	0.462779	-0.441364	1.59559	3.82313	1.80948	0.473299	10.7772	0.105131	0.468166	0.139515	0.0101993
20041	0.0931605	0.0671401	4.25569	1.84343	0.433168	-0.265175	1.65305	3.76426	1.79156	0.47594	19.5875	0.0642021	0.453244	0.147533	0.0104553
20042	0.185926	0.0996274	4.34101	1.86597	0.429847	-0.262954	1.75174	3.80065	1.91232	0.503156	13.5463	0.100747	0.464069	0.15304	0.010831
20043	0.212144	0.164221	3.80977	1.78018	0.467267	-0.125025	1.78685	3.91832	1.86654	0.476362	23.1605	0.0568413	0.471878	0.152967	0.0108681
20044	0.094935	0.154921	3.90063	1.72859	0.443157	-0.276784	1.77581	4.04421	1.93414	0.478251	19.014	0.0690877	0.461021	0.152121	0.0110888
20045	0.218898	0.205176	3.78834	1.81966	0.480331	-0.196895	1.88313	4.18583	1.98022	0.473077	16.2857	0.0864417	0.476523	0.156354	0.0111839
20046	0.232666	0.247251	3.94284	1.87493	0.475527	-0.0901681	1.94344	3.87425	1.83705	0.474169	27.605	0.0521109	0.474854	0.162384	0.0116528
20047	0.296083	0.312596	3.90854	1.91586	0.490174	-0.0438064	1.90331	4.10215	1.75994	0.429029	21.9032	0.0577623	0.458863	0.14689	0.0116886
20048	0.271248	0.247143	3.81485	1.82412	0.478163	-0.00742704	1.99331	3.59959	1.67991	0.466696	39.2621	0.0388299	0.472596	0.178746	0.0119704
20049	0.293966	0.251944	4.00808	2.02327	0.504799	0.0171835	1.93383	3.49341	1.65323	0.473241	36.9245	0.0383043	0.490102	0.161389	0.0121177
20050	0.187757	0.247125	4.41955	1.95373	0.442066	-0.024826	1.95522	3.76455	1.78452	0.474033	64.5606	0.0225959	0.45677	0.163331	0.0125146
20051	0.25152	0.228814	3.69253	1.94307	0.526216	-0.0147589	1.98393	3.94252	1.82488	0.462871	43.4449	0.0354523	0.493507	0.169771	0.0125613
20052	0.180614	0.232503	3.78319	1.91369	0.50584	0.0121963	2.01822	3.84777	1.88636	0.490249	112.421	0.0141823	0.497979	0.173479	0.0128198
20053	0.139847	0.239753	3.72066	1.9286	0.51835	0.0529224	2.01388	3.52437	1.71766	0.487368	416.568	0.00377794	0.503279	0.177573	0.0130165
20054	0.309296	0.286042	3.98825	1.92849	0.483543	0.145183	2.10629	4.10936	1.8739	0.456008	123.02	0.0134664	0.46957	0.178949	0.013222
20055	0.303202	0.302648	3.67098	1.80253	0.491022	0.139499	2.086	3.95664	1.81276	0.458156	118.676	0.0133992	0.473973	0.18035	0.0134603
20056	0.297858	0.318579	3.81235	1.86086	0.488115	0.220024	2.15336	3.87294	1.98844	0.513419	555.68	0.00302909	0.500867	0.179485	0.0138492
20057	0.321038	0.333928	3.57686	1.79953	0.503105	0.117261	2.18704	3.87873	1.95401	0.503776	82.6972	0.0207625	0.503454	0.186219	0.0141278
20058	0.31479	0.310347	3.82755	1.87844	0.490769	0.286977	2.20353	3.82361	1.95257	0.510662	4633.43	0.000386771	0.500711	0.189632	0.014343
20059	0.376998	0.327889	3.72831	1.78474	0.478699	0.242232	2.23641	3.82881	1.87699	0.490229	200.555	0.00908096	0.48454	0.199237	0.0143488
20060	0.234116	0.310966	3.95616	1.98967	0.50293	0.198421	2.19997	3.93927	1.85416	0.470686	2800.7	0.000637044	0.486843	0.188442	0.0146045
20061	0.264871	0.335819	3.75539	1.93022	0.513986	0.203727	2.25486	3.53319	1.8253	0.516615	985.068	0.00186927	0.51526	0.196965	0.0149084
20062	0.396638	0.372175	3.65652	1.81049	0.495139	0.308255	2.30823	3.62353	1.75333	0.483873	479.839	0.00390578	0.489531	0.20828	0.0153364
20063	0.359432	0.368347	4.25866	1.98559	0.466248	0.354337	2.35863	3.82552	1.76336	0.460946	152587.0	1.29803e-05	0.463739	0.209041	0.0157548
20064	0.400879	0.348069	3.73321	1.94747	0.52166	0.404926	2.39903	3.72395	1.78497	0.479322	256844.0	8.18871e-06	0.500518	0.219901	0.016001
20065	0.464548	0.446475	3.72851	1.9005	0.50972	0.367844	2.35445	3.47843	1.75627	0.504902	389.271	0.00467588	0.507395	0.199362	0.0161413
20066	0.455812	0.446486	3.8201	1.94619	0.509462	0.326821	2.41139	3.87203	1.65746	0.428061	232.04	0.00831933	0.468487	0.211341	0.0166903
20067	0.399037	0.389771	3.79784	1.85767	0.48914	0.529527	2.44695	3.6813	1.78608	0.485178	248.533	0.00851389	0.48719	0.225108	0.0168252
20068	0.392076	0.393899	4.02441	1.98386	0.492957	0.454138	2.46179	4.09238	1.79102	0.437647	1110.19	0.00192589	0.465071	0.220784	0.0169184
20069	0.464059	0.384224	4.13145	2.02323	0.489713	0.386753	2.46068	3.86607	1.92662	0.498341	721.472	0.00298811	0.493884	0.214478	0.017068
20070	0.340959	0.35745	4.28234	1.93113	0.450952	0.671378	2.56572	4.08867	1.8636	0.455796	44.6656	0.0545883	0.453318	0.243241	0.017432
20071	0.460919	0.399259	3.95264	1.8707	0.473278	0.617576	2.56331	3.94161	1.87687	0.476169	190.825	0.0122707	0.474722	0.238134	0.0176734
20072	0.392793	0.36114	3.74056	1.91711	0.51252	0.592329	2.54809	3.68963	1.80242	0.488511	120.125	0.0199074	0.500597	0.243355	0.0179068
20073	0.28668	0.31046	3.9332	1.86098	0.473146	0.524564	2.57039	3.9361	1.93728	0.492183	90.2523	0.0282944	0.482668	0.25168	0.0181217
20074	0.265695	0.27804	3.70982	1.83594	0.494887	0.571886	2.57288	3.94932	1.98954	0.503767	56.1724	0.0468763	0.499466	0.256136	0.0184071
20075	0.269317	0.282448	3.95821	1.87237	0.473034	0.660516	2.61406	3.73008	1.64947	0.442207	35.5234	0.0765185	0.458078	0.278551	0.0188235
20076	0.354147	0.292163	3.6456	1.75094	0.480289	0.662288	2.61436	3.57964	1.79703	0.502015	56.794	0.0474753	0.491053	0.275451	0.0193309
20077	0.186792	0.1842	3.86022	1.849	0.478989	0.49581	2.50844	3.97912	1.81612	0.456412	56.5709	0.0477463	0.467529	0.269361	0.0193446
20078	0.29332	0.262555	4.026	1.86693	0.463717	0.439058	2.48463	3.95734	1.95835	0.494864	232.473	0.0106197	0.479157	0.244061	0.0197975
20079	0.381996	0.301487	3.8001	1.86221	0.490044	0.39852	2.45374	3.84627	2.04223	0.530965	16963.5	0.000136534	0.510628	0.228838	0.0201703
20080	0.308737	0.296907	3.88917	1.88369	0.484342	0.454129	2.44008	3.60278	1.85734	0.515531	217.287	0.0105694	0.499341	0.234947	0.02048
20081	0.280317	0.334222	3.94606	1.97051	0.499362	0.440192	2.41092	3.95169	1.83418	0.46415	168.728	0.01278	0.481744	0.220893	0.0205008
20082	0.217965	0.222276	3.75096	1.85349	0.494137	0.363786	2.36175	3.84299	1.78159	0.463596	215.266	0.0106319	0.478681	0.239522	0.0208215
20083	0.350125	0.290199	3.70778	1.7694	0.477214	0.377604	2.39831	3.74493	1.77908	0.475062	5885.81	0.000377531	0.476132	0.238536	0.0210328
20084	0.284512	0.290901	3.68932	1.84689	0.500603	0.385751	2.3835	3.6422	1.79758	0.493543	427.247	0.00512465	0.497096	0.231086	0.0214125
20085	0.241202	0.307593	3.83345	1.83609	0.478966	0.521342	2.43867	3.78259	1.77296	0.468716	57.8694	0.0392392	0.473875	0.239398	0.0216768
20086	0.326293	0.29686	3.85205	1.83323	0.475911	0.429954	2.40693	3.96029	1.81676	0.458744	414.341	0.00537286	0.467209	0.233782	0.0219582
20087	0.371197	0.312884	4.06599	1.91598	0.471222	0.365903	2.33652	3.70021	1.84454	0.498497	146096.0	1.40151e-05	0.484217	0.214071	0.0221151
20088	0.309932	0.340761	3.97884	1.91048	0.480161	0.300523	2.3105	3.72699	1.9172	0.51441	43821.0	4.42697e-05	0.496726	0.202257	0.022606
20089	0.415931	0.351626	3.75587	1.90973	0.508465	0.287245	2.29154	4.02582	1.99991	0.496771	227.253	0.00827993	0.502415	0.194043	0.0226575
20090	0.355829	0.331906	4.13029	2.05077	0.496518	0.311617	2.32515	3.79968	1.82422	0.480099	2032.52	0.000977359	0.488651	0.204108	0.0229585
20091	0.342089	0.309943	4.04854	2.02147	0.499307	0.292668	2.35153	3.82971	1.7686	0.461811	1706.54	0.00122121	0.48108	0.215731	0.0229297
20092	0.330345	0.322109	4.22737	2.17557	0.514638	0.37989	2.34324	3.59829	1.57842	0.438659	1664.11	0.00122738	0.479702	0.213947	0.0231118
20093	0.286132	0.286336	4.13517	2.19196	0.530077	0.319544	2.35925	3.73637	1.64683	0.440757	3849.21	0.000558162	0.48768	0.218737	0.0232006
20094	0.286414	0.2748	4.23597	2.08136	0.491354	0.26538	2.33263	3.58709	1.73785	0.484474	9571.26	0.000221218	0.4882	0.217119	0.0234293
20095	0.164768	0.166987	4.04129	2.06085	0.509947	0.305894	2.25194	3.75015	1.74383	0.465003	218.262	0.00995829	0.488315	0.222262	0.023738
20096	0.132323	0.159764	3.97583	1.78159	0.448106	0.129631	2.16808	3.53727	1.75914	0.497316	556470.0	3.62403e-06	0.471275	0.221743	0.0239407
20097	0.213994	0.203863	4.15348	1.84625	0.444508	0.119786	2.11487	3.9659	1.94564	0.490592	411.481	0.00443755	0.467017	0.194129	0.024393
20098	0.103584	0.220766	3.772	1.73185	0.459133	0.130862	2.15671	3.74158	1.97147	0.526907	5036.81	0.00037205	0.492883	0.202002	0.0246388
20099	0.247868	0.21735	3.43114	1.6975	0.494734	0.280785	2.28046	3.83375	1.87944	0.490234	3928.36	0.000541756	0.492359	0.22937	0.0248862
20100	0.328395	0.302848	3.66269	1.78589	0.487588	0.280834	2.27506	3.72563	1.98411	0.532559	1719.53	0.00113102	0.510265	0.205127	0.024954
20101	0.306732	0.323295	3.793	1.68321	0.443769	0.255527	2.26827	3.84914	1.92597	0.500364	1442.81	0.00131096	0.472274	0.207712	0.0253382
20102	0.2888	0.329669	3.83971	1.76796	0.460441	0.229978	2.25878	3.70949	1.84856	0.498331	1075.58	0.00172999	0.479059	0.204699	0.0255162
20103	0.372083	0.335871	3.70964	1.76813	0.476631	0.299501	2.29349	3.69726	1.86965	0.505685	727.454	0.00263404	0.491134	0.208547	0.0257505
20104	0.377631	0.388269	3.83787	1.83772	0.478839	0.470215	2.36946	3.74533	1.91657	0.511723	457.912	0.00428589	0.49508	0.207297	0.0257953
20105	0.460715	0.409514	3.81041	1.77226	0.465109	0.328807	2.31825	3.91973	1.77524	0.4529	209.386	0.00869992	0.458918	0.204378	0.025935
20106	0.469608	0.427488	3.39273	1.76826	0.52119	0.31602	2.27719	4.06134	1.84514	0.45432	145.039	0.0117947	0.484756	0.191483	0.0261134
20107	0.284902	0.355503	3.95152	1.72853	0.437435	0.3197	2.29756	3.76011	1.84451	0.490548	3114.69	0.00060545	0.463332	0.208875	0.0262087
20108	0.406157	0.351135	3.94544	1.72718	0.437766	0.424256	2.34581	3.88567	1.72473	0.443868	12145.4	0.000163796	0.440794	0.223783	0.0265612
20109	0.388935	0.350681	3.74654	1.82156	0.486196	0.261876	2.3456	3.60845	1.71768	0.476017	246.512	0.00807201	0.481202	0.219514	0.0266734
20110	0.374952	0.375289	3.56518	1.78926	0.501871	0.402527	2.37768	3.67365	1.71091	0.465723	5273.09	0.00038019	0.483527	0.222713	0.0267996
20111	0.319941	0.303749	3.76641	1.91464	0.508345	0.445745	2.39024	3.88969	1.84772	0.475031	275.07	0.00791336	0.49142	0.224459	0.0270588
20112	0.371848	0.321427	4.13069	1.82634	0.44214	0.359313	2.38467	3.67187	1.84763	0.503185	27090.4	7.85698e-05	0.470868	0.224696	0.0274105
20113	0.398754	0.335891	3.70531	1.78575	0.481943	0.441188	2.41887	3.95712	1.69442	0.428196	2409.64	0.000900305	0.454186	0.23771	0.0277608
20114	0.359229	0.322149	3.5644	1.84873	0.518667	0.429259	2.42905	3.5664	1.74355	0.488882	905.147	0.0024521	0.50377	0.236106	0.0281379
20115	0.317948	0.306748	3.8397	1.90552	0.496268	0.395185	2.39067	3.6638	1.69602	0.462913	727.953	0.00298284	0.479982	0.231715	0.028326
20116	0.244816	0.312084	3.87878	2.03029	0.523435	0.246774	2.33683	3.78508	1.69738	0.44844	1.06995e+06	1.9158e-06	0.486396	0.215737	0.0285389
20117	0.301458	0.381568	3.89351	1.9006	0.488147	0.266862	2.3056	3.75656	1.7441	0.46428	3093.03	0.000598422	0.476427	0.202583	0.0287606
20118	0.344994	0.324705	3.96432	1.88218	0.47478	0.378755	2.34842	3.82264	1.68001	0.439488	3593.18	0.000569887	0.457455	0.223341	0.0290272
20119	0.355657	0.380007	3.69733	1.72108	0.465492	0.27946	2.30577	3.61628	1.77758	0.491548	638.758	0.00290296	0.478376	0.209569	0.0290227
20120	0.404195	0.361622	3.60056	1.76014	0.488853	0.321457	2.33853	3.75049	1.77121	0.472262	570.905	0.00342278	0.480388	0.216801	0.0292073
20121	0.380777	0.407026	3.76312	1.63468	0.434394	0.411861	2.36695	3.78338	1.75529	0.463948	3975.57	0.000483113	0.44921	0.220836	0.0294779
20122	0.504658	0.477904	3.70723	1.64662	0.444165	0.415918	2.40519	3.74579	1.81328	0.484086	471.692	0.00393735	0.464229	0.211683	0.0296231
20123	0.520481	0.515636	3.69446	1.72352	0.466514	0.333714	2.37027	3.93911	1.7711	0.449621	98.6086	0.017441	0.457797	0.197555	0.0299277
20124	0.449807	0.460584	3.77967	1.78522	0.472323	0.439655	2.38198	3.52805	1.67688	0.4753	35822.6	5.15284e-05	0.47376	0.210557	0.030213
20125	0.457125	0.451877	3.79454	1.77849	0.468696	0.456569	2.42533	3.85058	1.86438	0.484182	1.25584e+07	1.55056e-07	0.476496	0.210985	0.0303234
20126	0.457521	0.422471	3.86214	1.83079	0.474036	0.345937	2.46063	3.66756	1.76382	0.480924	333.636	0.0062255	0.477391	0.224239	0.0304616
20127	0.378147	0.434524	3.8193	1.80837	0.473483	0.519406	2.4978	3.69066	1.80035	0.487813	213.348	0.00997695	0.480525	0.227839	0.0309104
20128	0.432621	0.411763	3.92596	1.7326	0.441318	0.395903	2.43834	3.62656	1.89058	0.521313	3046.36	0.000674084	0.47973	0.220896	0.0312661
20129	0.467345	0.438368	4.04767	1.76129	0.435136	0.45398	2.48152	3.78154	1.8124	0.479276	23371.1	8.93081e-05	0.456456	0.22611	0.0314777
20130	0.457182	0.489213	3.83636	1.82199	0.474926	0.622074	2.56336	3.84689	1.85683	0.482682	158.225	0.0135948	0.47881	0.226307	0.0316086
20131	0.376048	0.459766	3.7196	1.81622	0.488285	0.646224	2.6138	3.88445	1.74274	0.448645	63.564	0.0364977	0.468035	0.245905	0.0318102
20132	0.620139	0.595862	3.96158	1.84104	0.464722	0.648093	2.58173	3.65431	1.8464	0.505265	5046.81	0.000390709	0.484176	0.211049	0.0321973
20133	0.621833	0.620459	3.74047	1.90223	0.508554	0.456835	2.48725	3.48839	1.84085	0.527709	128.006	0.0136122	0.517798	0.188886	0.0322126
20134	0.73167	0.662217	3.77857	1.75911	0.465551	0.389726	2.4749	3.64349	1.63618	0.449071	28.1018	0.058463	0.457461	0.194887	0.0322279
20135	0.887537	0.854942	3.88271	1.80345	0.464483	0.657096	2.60423	3.69739	1.70356	0.460747	57.6238	0.0265517	0.462661	0.179147	0.0325844
20136	0.978482	0.830876	3.61744	1.67736	0.463686	0.632985	2.58633	3.65299	1.69514	0.464041	25.8162	0.0596841	0.463864	0.186034	0.0326146
20137	1.01683	0.934298	3.89842	1.89736	0.486699	0.576737	2.61514	3.84351	1.76506	0.459232	14.5868	0.0968413	0.473063	0.16174	0.0328069
20138	0.902485	0.854049	4.228	1.959	0.46334	0.644763	2.62915	3.74066	1.83005	0.489231	47.4397	0.0332104	0.475494	0.172188	0.0329792
20139	0.834038	0.859432	3.93192	1.94736	0.49527	0.727675	2.66477	4.1677	1.89993	0.45587	288.091	0.00565662	0.474996	0.174845	0.0331093
20140	0.86074	0.869198	4.10635	1.91048	0.465251	0.624557	2.65249	3.80461	1.75532	0.461366	57.0094	0.0278911	0.463383	0.178298	0.0334488
20141	0.818866	0.848268	3.87717	1.97651	0.50978	0.712164	2.68952	3.95565	1.87061	0.472895	297.769	0.00569267	0.491153	0.180609	0.0338268
20142	0.855743	0.919428	3.89482	1.96492	0.504495	0.540083	2.58495	3.69698	1.86616	0.50478	27.8397	0.0498206	0.504634	0.153338	0.0339189
20143	0.801953	0.871854	3.88115	1.84676	0.475829	0.667812	2.61203	3.36386	1.76306	0.524117	168.292	0.0089969	0.498249	0.173434	0.0341797
20144	0.988104	0.941514	3.94786	1.87045	0.473788	0.599933	2.63742	3.91072	1.78569	0.456614	19.0879	0.0753384	0.465242	0.164411	0.0343964
20145	0.942196	0.979221	3.80687	1.77914	0.467349	0.560781	2.64342	4.02359	1.88733	0.469067	19.0377	0.0727384	0.468232	0.158913	0.0343562
20146	0.954529	0.983817	4.07132	1.87893	0.461504	0.653519	2.63804	3.85357	1.9157	0.497122	30.2014	0.0453036	0.478824	0.152812	0.0344668
20147	0.969404	0.971127	3.89198	1.87461	0.48166	0.739639	2.70323	3.96139	1.95776	0.494211	56.8302	0.026396	0.487991	0.163747	0.0346135
20148	0.972215	0.971492	3.69534	1.68144	0.455016	0.705126	2.6574	3.82471	1.97534	0.516469	39.8431	0.0356683	0.486271	0.162768	0.03481
20149	0.939424	0.903338	3.81291	1.73685	0.455518	0.690313	2.63537	3.91686	2.00246	0.51124	48.3421	0.031028	0.483753	0.16713	0.0349294
20150	0.986308	0.935147	3.61503	1.77081	0.489847	0.595941	2.61527	3.63045	1.74777	0.481419	18.5241	0.0761933	0.485624	0.167129	0.0350642
20151	0.909624	0.93846	4.00716	1.85154	0.462057	0.579134	2.60847	3.59848	1.76762	0.491212	25.5341	0.0546118	0.475851	0.161599	0.0355209
20152	0.909528	0.931027	3.84304	1.89755	0.493764	0.553525	2.61005	3.97397	1.83575	0.461943	22.2436	0.0633691	0.477587	0.158869	0.0359256
20153	0.993879	0.984952	3.86143	1.84484	0.477761	0.716091	2.74649	3.57554	1.73324	0.484748	40.2124	0.038583	0.48112	0.178251	0.0362238
20154	0.945032	0.968699	4.06165	1.80215	0.443698	0.708946	2.76195	3.86517	1.7795	0.460395	57.6952	0.0278683	0.45184	0.183388	0.0364495
20155	0.969717	0.930383	3.89451	2.00766	0.51551	0.780931	2.73704	3.64158	1.65193	0.453631	91.5823	0.0178201	0.485608	0.182397	0.0365532
20156	0.894804	0.898876	4.02276	1.88386	0.468301	0.716112	2.74858	4.03044	1.72248	0.427367	107.151	0.0159654	0.447815	0.191788	0.036814
20157	0.897075	0.849614	3.97213	1.79377	0.45159	0.832423	2.81599	3.61987	1.62214	0.448121	925.08	0.00208989	0.449935	0.220655	0.0368624
20158	0.713869	0.76641	3.72578	1.67556	0.449721	0.780922	2.79859	3.9768	1.61901	0.407114	918.507	0.00224807	0.427723	0.238693	0.0373993
20159	0.672972	0.705833	3.86434	1.74853	0.452478	0.781424	2.78321	3.35246	1.54852	0.461906	366.903	0.00588095	0.456857	0.24664	0.0374686
20160	0.740191	0.776784	3.90224	1.84769	0.473494	0.874972	2.83219	3.44036	1.60104	0.46537	232.56	0.009083	0.469687	0.234539	0.0377219
20161	0.78196	0.785312	3.58096	1.76933	0.494094	0.857495	2.77964	3.54563	1.55316	0.43805	697.091	0.00285281	0.466211	0.230428	0.0381293
20162	0.773712	0.788993	3.51668	1.74011	0.494817	0.862115	2.80314	3.62666	1.73803	0.479238	519.1	0.00390752	0.486908	0.225848	0.0382611
20163	0.826622	0.784666	3.6431	1.89048	0.51892	0.842998	2.76126	3.62257	1.7856	0.49291	14568.7	0.000134086	0.505952	0.210006	0.0385527
20164	0.832073	0.802929	4.26407	2.02443	0.474766	0.735064	2.72194	3.56077	1.73404	0.486985	391.32	0.00470537	0.480326	0.196836	0.0388458
20165	0.742391	0.775321	3.84508	1.83921	0.478329	0.681787	2.72545	3.87753	1.7577	0.453305	1035.43	0.00183644	0.465764	0.209147	0.0390712
20166	0.726886	0.7176	4.14792	1.9812	0.477637	0.748924	2.73245	3.9323	1.86702	0.474792	8358.76	0.000242837	0.476252	0.208777	0.0393572
20167	0.661786	0.663498	3.95711	1.88658	0.476756	0.828259	2.78761	4.00134	1.87245	0.467956	162.805	0.0138566	0.472331	0.230898	0.0397868
20168	0.521032	0.527123	3.57733	1.76999	0.494781	0.678873	2.69665	3.66429	1.86785	0.509744	188.926	0.0124569	0.502352	0.2445	0.0401693
20169	0.468177	0.498722	3.7935	1.77393	0.467624	0.709762	2.75169	3.91443	2.00156	0.511329	86.9705	0.0291815	0.489819	0.251651	0.0403146
20170	0.455665	0.435236	3.42314	1.75262	0.511993	0.786025	2.75612	3.91015	1.84234	0.471168	49.3553	0.0545687	0.490225	0.272608	0.0405111
20171	0.501028	0.448117	3.47335	1.73272	0.498862	0.706822	2.7336	3.86497	1.85337	0.479531	123.335	0.0211757	0.48868	0.267037	0.0404274
20172	0.378169	0.456545	3.67012	1.71266	0.466651	0.678462	2.70666	3.87803	1.79337	0.462443	56.1461	0.0450878	0.464489	0.265355	0.0404969
20173	0.427558	0.423178	4.03042	1.78662	0.443284	0.810427	2.76319	3.84904	1.81534	0.471635	37.3537	0.0732945	0.457133	0.275486	0.0406127
20174	0.453704	0.386228	3.74363	1.76941	0.472646	0.820278	2.72156	3.8178	1.84703	0.483793	40.5858	0.0671882	0.478274	0.27389	0.0408887
20175	0.446703	0.403998	3.57573	1.61318	0.451147	0.70924	2.74906	3.67295	1.72649	0.470055	79.786	0.0344629	0.460728	0.291721	0.0410422
20176	0.48984	0.400397	3.45307	1.58064	0.45775	0.844119	2.7792	3.60229	1.78664	0.495974	45.0843	0.0627567	0.477266	0.29594	0.0414346
20177	0.268995	0.35791	3.89869	1.71828	0.440733	0.753627	2.7123	3.91026	1.9556	0.500121	23.6012	0.117434	0.470471	0.273989	0.0417752
20178	0.344193	0.309589	3.87478	1.78222	0.459953	0.723822	2.75675	3.78254	1.94023	0.512942	41.5533	0.0720591	0.486128	0.286935	0.0418349
20179	0.324272	0.341011	3.61666	1.73697	0.480271	0.787276	2.79079	3.8496	1.95832	0.508707	27.9952	0.107186	0.494932	0.288874	0.0425055
20180	0.249451	0.263429	3.70044	1.86736	0.504634	0.902373	2.83746	3.64027	1.95813	0.537909	15.542	0.213154	0.521135	0.302265	0.042579
20181	0.181899	0.211464	3.72749	1.8767	0.503475	0.803318	2.83289	3.79766	1.89359	0.498619	17.7953	0.193081	0.501025	0.313133	0.0427641
20182	0.26132	0.146908	3.75093	1.72297	0.459345	0.816415	2.83121	3.79063	1.83559	0.484243	23.3845	0.154065	0.471859	0.336193	0.0430805
20183	0.195811	0.244703	3.78703	1.77443	0.468554	0.861915	2.88882	3.66933	1.84662	0.503258	15.7571	0.221847	0.485632	0.32566	0.0433464
20184	0.321363	0.302762	3.66429	1.73159	0.472558	0.989941	3.00677	4.01306	1.86853	0.465612	16.3574	0.223498	0.468927	0.336867	0.0435819
20185	0.339497	0.322633	3.99791	1.85211	0.463269	1.00472	2.99652	3.93412	1.96967	0.500662	16.1567	0.221261	0.481815	0.318768	0.0439075
20186	0.435214	0.391145	3.44807	1.73994	0.504614	0.975577	2.96999	3.61333	1.73608	0.480464	22.776	0.145996	0.492256	0.32366	0.0442827
20187	0.386693	0.394715	3.69795	1.74226	0.471141	0.934501	2.9815	3.53027	1.79281	0.50784	22.2979	0.150047	0.489065	0.321323	0.044562
20188	0.431227	0.445199	3.81195	1.76003	0.461713	0.976729	2.991	4.08831	1.78939	0.437685	21.7799	0.148786	0.449279	0.313525	0.0444237
20189	0.496487	0.465122	3.79833	1.78757	0.470621	0.98669	2.93714	3.83735	1.75075	0.456238	25.4303	0.120149	0.463393	0.301666	0.0445595
20190	0.394672	0.438535	3.80083	1.73211	0.45572	0.965194	2.9808	3.77347	1.81836	0.48188	19.8563	0.162747	0.468753	0.312864	0.044614
20191	0.439327	0.378581	3.87365	1.70932	0.441268	0.941279	3.0417	3.82338	1.76389	0.461344	28.1484	0.125978	0.451241	0.338076	0.0445533
20192	0.459838	0.414068	3.83581	1.77825	0.463591	0.991023	3.01714	3.92861	1.80011	0.458206	24.0149	0.141079	0.460867	0.321407	0.0446627
20193	0.367392	0.336667	3.73644	1.73672	0.464805	0.918776	2.98548	4.1275	1.92401	0.466145	23.0778	0.152012	0.465508	0.324048	0.0451136
20194	0.355278	0.366253	3.69407	1.87488	0.507538	0.920289	2.93655	3.7809	1.77328	0.469009	20.6944	0.159619	0.488049	0.311745	0.0455205
20195	0.393633	0.352821	4.07948	1.87845	0.460462	0.872134	2.89535	3.66933	1.81073	0.493477	28.2337	0.114481	0.476096	0.304729	0.0457736
20196	0.352308	0.326788	3.80954	1.74023	0.456807	0.840641	2.92467	3.81671	1.75868	0.460785	28.3013	0.119235	0.458798	0.325446	0.0458872
20197	0.200096	0.211605	3.88351	1.90755	0.491192	0.898691	2.89676	3.73811	1.91768	0.513007	14.7736	0.244017	0.501892	0.320399	0.0460135
20198	0.177077	0.220693	3.90943	1.93285	0.494408	0.911923	2.85916	4.16776	1.95678	0.469505	12.8917	0.269999	0.481558	0.309231	0.046294
20199	0.178492	0.169937	4.05221	1.93014	0.476317	0.855102	2.83103	3.81699	1.68864	0.442401	15.4684	0.2289	0.459866	0.328615	0.0466471
20200	0.153214	0.17368	4.16059	1.87749	0.451257	0.955742	2.88651	4.02962	1.81826	0.451225	11.4268	0.322026	0.451241	0.332479	0.0465561
20201	0.151776	0.163966	3.71862	1.79282	0.482119	0.910482	2.97631	3.87751	1.77813	0.458576	13.7402	0.287817	0.470101	0.3565	0.0467531
20202	0.109819	0.133207	3.68297	1.8745	0.508964	0.939065	2.95451	3.94298	1.84868	0.468854	11.5753	0.343824	0.488225	0.348423	0.0469843
20203	0.0944093	0.097756	3.61422	1.83671	0.508191	0.865152	2.94757	3.6693	1.76709	0.481586	13.6714	0.297022	0.494788	0.360481	0.0473555
20204	0.00123867	0.0301541	3.89561	1.77435	0.455475	1.10512	3.01165	3.89952	1.78719	0.45831	7.29495	0.60928	0.456893	0.384348	0.0475137
20205	0.0908632	0.0224496	3.65906	1.8051	0.493322	1.01331	3.02355	3.7478	1.91649	0.511364	10.5848	0.425452	0.502451	0.377074	0.0478318
20206	-0.0337241	-0.0509475	3.57269	1.74542	0.488546	1.05684	3.03455	3.97786	1.8294	0.459895	8.00475	0.594665	0.473452	0.399804	0.0477719
20207	0.0360821	-0.0204273	3.66443	1.81208	0.494506	0.964646	2.98759	4.01298	1.84782	0.460462	10.4939	0.431115	0.476711	0.382094	0.0477985
20208	0.150546	0.0679252	3.82562	1.78654	0.466995	1.14169	3.11281	3.68325	1.66585	0.452276	9.43782	0.491178	0.459775	0.401808	0.0481026
20209	-0.00689791	0.0230185	3.98612	1.87113	0.469412	1.17849	3.1436	3.77673	1.66755	0.441534	6.93023	0.702577	0.455849	0.407693	0.0482711
20210	0.107481	0.118607	3.84442	1.87333	0.487286	1.16332	3.1764	3.38582	1.71457	0.506396	8.38726	0.557399	0.496235	0.394611	0.0487367
20211	0.0904406	0.139146	4.06001	1.97851	0.487316	1.05011	3.1039	4.01374	1.888	0.470384	9.54415	0.460478	0.478899	0.362493	0.0487998
20212	0.218997	0.149318	3.57952	1.75269	0.489644	1.03787	3.0678	3.90924	1.79837	0.46003	12.7023	0.335275	0.474185	0.37498	0.0489207
20213	0.157805	0.154652	3.92747	1.79173	0.456204	1.01629	3.0555	3.84142	1.78214	0.463927	11.4178	0.3685	0.460023	0.370648	0.0491796
20214	0.133118	0.202885	3.93711	1.8414	0.467704	1.06694	3.07116	3.46602	1.77064	0.510856	9.43434	0.436014	0.487907	0.362936	0.0493348
20215	0.215827	0.20346	3.57041	1.85123	0.518494	1.12383	3.10756	3.7972	1.78938	0.471237	10.2293	0.412237	0.494138	0.366862	0.0495002
20216	0.222895	0.21907	3.82993	1.79322	0.468213	1.1406	3.13458	3.90522	1.87067	0.479018	10.0931	0.421087	0.473668	0.367203	0.0500685
20217	0.297066	0.253121	3.78461	1.73589	0.45867	1.13723	3.13083	3.99045	1.8551	0.464884	11.732	0.352934	0.461859	0.365811	0.0505363
20218	0.219597	0.266157	3.71903	1.85367	0.498429	1.14749	3.09897	3.79476	1.75564	0.462649	9.32042	0.430496	0.480359	0.357375	0.0505983
20219	0.353902	0.359169	3.94658	1.90976	0.483901	0.98843	3.03416	3.66266	1.81645	0.495937	17.7722	0.201313	0.489695	0.324472	0.0509939
20220	0.20284	0.254705	4.11523	1.89304	0.460007	1.02353	3.06411	4.11369	1.90789	0.46379	11.7184	0.336768	0.461898	0.341842	0.0510037
20221	0.206306	0.203249	3.85038	1.98843	0.516424	1.01653	3.04559	3.84473	1.83845	0.478174	12.3068	0.328229	0.497313	0.345566	0.0511947
20222	0.226895	0.240868	3.76066	1.9158	0.509433	1.02603	3.02658	4.11917	1.86659	0.453147	12.1517	0.319307	0.480009	0.339138	0.0513358
20223	0.0469069	0.175472	3.58098	1.8296	0.510923	0.96508	3.01364	3.76399	1.79442	0.476732	9.55489	0.421521	0.493402	0.357309	0.0516417
20224	0.125048	0.18535	3.89512	1.91585	0.491858	0.837851	2.96244	4.15478	1.91925	0.461937	15.1789	0.254044	0.476415	0.334661	0.0515925
20225	0.219525	0.18256	3.70713	1.8347	0.49491	0.919017	2.97361	3.61293	1.8745	0.518832	15.921	0.244644	0.506717	0.344394	0.0517114
20226	0.166493	0.162444	3.73485	1.89124	0.506376	0.962106	2.9557	3.83086	1.88463	0.491959	12.3259	0.316501	0.499076	0.340738	0.0521186
20227	0.23547	0.214167	4.05623	1.90694	0.470126	0.921345	2.87887	3.63459	1.72882	0.475659	15.0941	0.235212	0.472741	0.32818	0.0522526
20228	0.179168	0.17453	4.09209	1.99505	0.487539	0.758141	2.8104	3.77687	1.87272	0.49584	20.7267	0.167605	0.491523	0.310015	0.0525159
20229	0.232445	0.208371	4.00481	1.82408	0.455471	0.729519	2.77819	3.80909	1.78785	0.469365	26.7278	0.123541	0.462244	0.313811	0.0527113
20230	0.204121	0.217705	3.93626	1.80978	0.459771	0.783805	2.7774	4.06487	1.86016	0.457618	19.4982	0.168017	0.458677	0.308703	0.0533107
20231	0.156375	0.173127	3.62489	1.69977	0.468916	0.833677	2.78427	3.72804	1.87784	0.503706	14.8626	0.229369	0.486555	0.322805	0.0537428
20232	0.102015	0.125803	4.33541	1.94615	0.448896	0.733774	2.71074	3.89178	1.96866	0.50585	16.7415	0.19956	0.475838	0.299189	0.053885
20233	0.1213	0.17192	3.90736	1.98591	0.508249	0.694066	2.68476	3.85304	1.93757	0.502867	19.2475	0.164031	0.505577	0.287011	0.0537922
20234	0.200669	0.201457	3.98314	1.90734	0.478852	0.716462	2.69803	4.08127	1.93663	0.474518	23.4281	0.133021	0.476659	0.288545	0.0542294
20235	0.158658	0.157749	3.62066	1.82484	0.504008	0.772203	2.71623	4.12952	1.99329	0.482693	17.3889	0.188218	0.492651	0.300119	0.0543431
20236	0.19044	0.152916	3.78828	1.74626	0.460963	0.632912	2.6873	4.02115	1.99384	0.495838	32.8076	0.0978906	0.478921	0.300483	0.0543199
20237	0.229684	0.210067	3.76202	1.73185	0.460352	0.755241	2.74076	3.59095	1.81445	0.505286	23.1867	0.138105	0.482296	0.311157	0.054557
20238	0.201311	0.224163	3.72901	1.74286	0.467378	0.633757	2.64925	4.04293	1.89123	0.467788	31.4479	0.0935048	0.467591	0.288144	0.0543575
20239	0.199043	0.211245	4.05426	1.82845	0.450995	0.707862	2.70923	3.67556	1.85647	0.505086	24.1021	0.129448	0.476715	0.297533	0.0549717
20240	0.260525	0.280776	3.80659	1.92942	0.506864	0.737978	2.74795	3.67685	1.81502	0.493634	26.7017	0.113981	0.500363	0.289067	0.0551919
20241	0.236742	0.262538	3.61507	1.63481	0.452222	0.790546	2.72469	3.75084	1.58882	0.42359	19.766	0.153349	0.437642	0.319901	0.0553983
20242	0.30532	0.300728	3.96578	1.79138	0.451709	0.712701	2.71424	3.36792	1.57214	0.466799	35.0992	0.0829796	0.458639	0.302248	0.0557697
20243	0.329759	0.302518	4.12789	1.89502	0.459077	0.732163	2.70934	3.70824	1.78928	0.482516	35.7737	0.0809644	0.470169	0.282264	0.0560942
20244	0.293954	0.26683	3.78693	1.96024	0.517632	0.737758	2.74308	3.94761	1.80334	0.456819	31.1322	0.0984806	0.486594	0.28953	0.0564867
20245	0.156536	0.155753	3.76656	1.78911	0.474998	0.680501	2.73578	3.78296	1.83982	0.486344	24.2461	0.13727	0.480683	0.314507	0.0562947
20246	0.121656	0.138442	3.92318	1.96283	0.500316	0.68668	2.70735	3.75552	1.9618	0.522378	20.6711	0.159626	0.511106	0.296065	0.0565635
20247	0.146453	0.135506	3.79627	1.95413	0.514751	0.67539	2.72248	3.99276	2.02736	0.50776	23.9208	0.139887	0.511167	0.295989	0.0565022
20248	0.159138	0.122142	3.73841	1.84416	0.4933	0.659504	2.70071	4.18109	1.98878	0.475662	26.5572	0.125183	0.483988	0.302598	0.0570261
20249	0.128992	0.135371	3.84252	1.82475	0.474882	0.702892	2.67387	3.8335	2.09189	0.545687	19.5652	0.16468	0.510243	0.291548	0.0573679
20250	0.15682	0.140176	3.71476	1.79511	0.483237	0.717925	2.7249	4.15992	1.988	0.477894	21.2197	0.15742	0.480415	0.306379	0.0571199
20251	0.169592	0.155908	3.70945	1.77124	0.477493	0.755102	2.72022	3.98597	1.92158	0.482086	19.1811	0.171411	0.479872	0.308147	0.0573301
20252	0.283099	0.282302	3.68288	1.6886	0.458498	0.606588	2.64753	4.11755	1.95274	0.474248	53.4598	0.0523224	0.466812	0.2776	0.0574808
20253	0.3284	0.253675	3.6819	1.76013	0.478049	0.673894	2.6267	3.90559	1.70473	0.436485	47.176	0.0596832	0.456655	0.289022	0.0577937
20254	0.35618	0.305193	3.61624	1.73983	0.481116	0.656693	2.63186	3.80757	1.71579	0.450627	59.9434	0.0451542	0.465478	0.281523	0.0579038
20255	0.361259	0.380385	3.99155	1.67769	0.420311	0.553546	2.58835	3.42462	1.74605	0.509852	131.851	0.0184871	0.461659	0.262622	0.0580975
20256	0.380453	0.36366	3.75969	1.68048	0.446973	0.682056	2.63992	3.87351	1.83734	0.474334	56.9607	0.0454821	0.460858	0.269224	0.0584053
20257	0.383118	0.404818	3.57782	1.77308	0.495577	0.64451	2.69657	3.95281	1.8747	0.474271	76.8684	0.0341629	0.484394	0.264777	0.0585511
20258	0.352113	0.347801	3.63589	1.66868	0.458947	0.75981	2.72932	3.61447	1.80343	0.498948	34.1218	0.0831087	0.478888	0.290062	0.0586443
20259	0.325552	0.310513	3.83712	1.80513	0.470439	0.671708	2.71603	4.12706	1.81922	0.440803	48.292	0.0599119	0.455081	0.285378	0.0586883
20260	0.28354	0.286952	3.88506	1.82222	0.469033	0.750373	2.74415	3.63159	1.79497	0.494267	27.7048	0.108967	0.481225	0.294536	0.0590283
20261	0.271711	0.284374	3.70548	1.86247	0.502625	0.692938	2.75126	3.89178	1.77629	0.456419	34.2976	0.088716	0.478956	0.294937	0.0590681
20262	0.287249	0.309355	3.63722	1.84225	0.5065	0.653753	2.67799	3.63653	1.70583	0.469082	41.7676	0.0671628	0.487793	0.283418	0.0595201
20263	0.303427	0.285103	4.00459	1.91007	0.47697	0.698649	2.6655	3.6405	1.69912	0.466726	36.2759	0.0781001	0.472092	0.281964	0.059553
20264	0.214268	0.268777	3.98723	1.85656	0.465626	0.693094	2.72024	3.7204	1.74773	0.469771	26.2117	0.114637	0.467627	0.294309	0.0598157
20265	0.196964	0.222971	3.876	1.83582	0.473639	0.666508	2.72036	3.7032	1.70546	0.460536	28.2891	0.110236	0.467237	0.305808	0.0601097
20266	0.238539	0.23404	4.00067	1.8517	0.462847	0.74636	2.7635	3.69942	1.68796	0.456277	24.8105	0.128941	0.459691	0.311351	0.0604769
20267	0.195886	0.185741	4.09496	1.78761	0.43654	0.804109	2.83983	4.10876	1.767	0.430055	19.0417	0.184968	0.433292	0.331405	0.0607045
20268	0.210546	0.177192	3.71511	1.76241	0.474392	0.839197	2.83448	3.74793	1.78407	0.476016	17.8673	0.197601	0.475207	0.332447	0.0607119
20269	0.162923	0.171385	3.94764	1.81453	0.45965	0.92399	2.85144	3.68439	1.84042	0.499518	12.4005	0.289612	0.478896	0.329553	0.0611771
20270	0.0504144	0.126567	4.02345	1.92233	0.477782	0.845482	2.84278	3.60152	1.78826	0.496528	11.6713	0.316066	0.486637	0.332143	0.061145
20271	0.0519071	0.0862228	3.84189	1.80227	0.46911	0.821879	2.86878	3.66047	1.72749	0.47193	13.0599	0.296428	0.470486	0.354279	0.0612975
20272	-0.0282582	0.0190001	3.72489	1.83744	0.493288	0.935408	2.90048	3.57872	1.72655	0.482448	8.94083	0.464326	0.487976	0.368172	0.0615855
20273	-0.000377386	-0.0371163	3.595	1.76364	0.490582	0.94696	2.95812	4.04479	1.88966	0.467185	9.99664	0.448724	0.478195	0.380511	0.0618986
20274	-0.0783453	-0.0478398	3.50134	1.72223	0.491876	0.981812	2.99252	3.56662	1.72348	0.483225	8.2245	0.561967	0.487511	0.40156	0.0620647
20275	0.0193759	-0.0543572	3.55067	1.7567	0.494752	1.00108	3.00143	3.6856	1.77363	0.481232	9.68913	0.481871	0.487866	0.398166	0.062253
20276	-0.125544	-0.0547163	3.72729	1.92099	0.515386	0.969008	2.97288	3.80493	1.75172	0.460383	7.65109	0.599022	0.487601	0.384335	0.0624381
20277	0.00330072	0.0040251	3.9325	1.97081	0.50116	0.929771	2.92307	3.79612	1.68823	0.444724	9.927	0.429174	0.47344	0.368075	0.0626668
20278	0.00445416	0.0172786	4.16549	2.01228	0.483083	0.945964	2.96388	3.68144	1.77824	0.483027	9.79476	0.44322	0.483057	0.364244	0.0630042
20279	0.0560355	0.0106961	4.30957	2.04271	0.473994	0.973205	2.92358	3.92152	1.77801	0.453399	10.0867	0.4206	0.464182	0.357107	0.0628882
20280	-0.0196778	-0.0341585	3.96784	1.98307	0.499785	0.848364	2.90189	3.81298	1.79035	0.469542	11.4405	0.376749	0.484965	0.363629	0.0632903
20281	-0.063422	-0.09148	3.93167	1.96621	0.500096	0.875495	2.95265	3.98954	1.85514	0.465001	10.5117	0.440783	0.48242	0.377549	0.0635932
20282	-0.0995218	-0.115807	3.68561	1.75178	0.475304	1.0548	2.97352	3.80944	1.91865	0.503656	7.1626	0.666233	0.489714	0.394079	0.0637977
20283	0.00368635	-0.0538407	3.69496	1.77748	0.481056	0.958608	2.92792	3.84129	1.84767	0.481001	9.75011	0.455938	0.481028	0.380209	0.0639768
20284	0.0485423	0.0210049	3.77908	1.84003	0.486899	1.0259	2.98105	4.09497	1.95441	0.477271	9.17251	0.477615	0.481892	0.366114	0.0642485
20285	-0.0106697	-0.0689132	4.01389	1.89786	0.472822	0.83179	2.9158	3.76875	1.82657	0.484662	12.5518	0.354869	0.478556	0.374327	0.064396
20286	0.058336	-0.0436856	3.74528	1.70891	0.456285	0.884772	2.93999	3.80372	1.80067	0.473398	13.0342	0.341498	0.464907	0.388177	0.0643552
20287	-0.151205	-0.148216	3.829	1.82023	0.475379	0.855952	2.90581	3.87248	1.7872	0.461514	9.19502	0.507182	0.468408	0.392726	0.0648352
20288	-0.142096	-0.174005	3.69945	1.96798	0.531965	0.857884	2.87832	3.75231	1.88322	0.501882	9.31706	0.49998	0.516817	0.376984	0.0650206
20289	-0.296426	-0.257197	3.83081	1.87423	0.489252	0.799136	2.8366	3.59636	1.79443	0.498959	7.97462	0.600127	0.493952	0.394885	0.0654078
20290	-0.248134	-0.252418	3.91773	1.79613	0.458461	0.79807	2.74796	4.01934	1.76273	0.438561	8.22466	0.547272	0.448384	0.387518	0.0656136
20291	-0.198781	-0.275615	3.88735	1.77213	0.455872	0.767474	2.76966	3.97925	1.97319	0.495871	9.93272	0.466825	0.476105	0.382459	0.0656979
20292	-0.272126	-0.311951	3.8502	1.71138	0.444492	0.734484	2.74793	3.72985	1.78859	0.479533	9.24028	0.506632	0.461734	0.40088	0.0656377
20293	-0.314942	-0.294528	3.83765	1.89972	0.49502	0.677206	2.71972	3.84363	1.67214	0.435041	9.2301	0.492179	0.465007	0.388844	0.0658264
20294	-0.354777	-0.351483	3.85515	1.85257	0.480544	0.702815	2.72165	3.61814	1.64584	0.454885	8.44357	0.55925	0.468121	0.403065	0.0660716
20295	-0.32749	-0.27014	3.54651	1.59822	0.450646	0.637522	2.68867	3.34089	1.73661	0.519805	9.4009	0.465623	0.484193	0.396363	0.0662974
20296	-0.266506	-0.285987	3.4795	1.57403	0.452373	0.665397	2.67966	3.67834	1.72853	0.469921	10.1274	0.434221	0.461391	0.399799	0.0666339
20297	-0.254964	-0.268887	3.3741	1.62029	0.480215	0.794477	2.7034	3.98659	1.84363	0.462459	8.02168	0.550663	0.470598	0.389472	0.0670649
20298	-0.266218	-0.327689	3.39693	1.65965	0.488575	0.785889	2.78291	3.48349	1.6361	0.469674	8.74112	0.553465	0.479005	0.423407	0.0674955
20299	-0.361797	-0.31769	3.72212	1.69893	0.456443	0.748317	2.74873	3.68787	1.77518	0.481356	7.63004	0.616177	0.468842	0.40369	0.0677041
20300	-0.264035	-0.281326	3.91286	1.74108	0.444964	0.765664	2.81307	3.74123	1.86141	0.49754	9.0309	0.53014	0.470662	0.399335	0.0681482
20301	-0.280781	-0.252281	3.59506	1.70783	0.475048	0.674218	2.80419	3.59927	1.90515	0.529315	10.2431	0.456012	0.502198	0.392741	0.068415
20302	-0.280842	-0.273627	3.84837	1.70437	0.442882	0.878378	2.89908	3.61784	1.7125	0.473349	7.49078	0.671896	0.457645	0.42425	0.0685896
20303	-0.32383	-0.332819	3.80728	1.73651	0.456103	0.892289	2.87244	3.72148	1.75092	0.47049	6.94665	0.739473	0.463214	0.424245	0.0686194
20304	-0.341013	-0.320728	3.84791	1.87138	0.486337	0.859752	2.86839	3.61982	1.66692	0.460497	7.05382	0.720918	0.473812	0.418252	0.0689382
20305	-0.362805	-0.349274	3.8683	1.91336	0.494625	0.945529	2.92574	3.6965	1.77878	0.481208	6.26598	0.855868	0.488069	0.420833	0.0690712
20306	-0.387337	-0.366712	4.37382	1.96853	0.450071	0.992851	2.95436	3.61573	1.83067	0.506307	5.79003	0.952461	0.475521	0.420674	0.0690756
20307	-0.403724	-0.315225	4.06942	1.88345	0.46283	0.951221	3.02671	3.5765	1.84875	0.516917	6.0835	0.917938	0.48813	0.42808	0.0691854
20308	-0.351197	-0.385898	4.07597	1.82468	0.447668	0.974352	3.00264	3.99308	1.93201	0.483838	6.53479	0.878541	0.465567	0.433266	0.0691117
20309	-0.311625	-0.399196	3.95748	1.92953	0.487565	1.00238	3.00938	3.7705	1.84912	0.490417	6.72906	0.863299	0.488957	0.434732	0.0693435
20310	-0.454067	-0.42873	3.69333	1.79238	0.485301	0.960871	2.95118	3.74045	1.80043	0.481342	5.70606	1.00102	0.483309	0.442992	0.0696491
20311	-0.403665	-0.415138	3.63425	1.75562	0.483075	1.10663	3.00889	3.76146	1.81347	0.482118	5.13986	1.14049	0.482588	0.45104	0.070123
20312	-0.435732	-0.375588	3.89327	1.64575	0.422718	0.963278	2.941	3.72126	1.81666	0.488185	5.62008	0.978614	0.454712	0.44278	0.0703437
20313	-0.353985	-0.36266	3.76125	1.83307	0.487357	0.970037	2.97317	3.78742	1.8007	0.475442	6.34772	0.876517	0.481379	0.433737	0.0706998
20314	-0.350568	-0.316662	4.09653	1.84412	0.450166	0.916474	2.89306	3.68768	1.8236	0.494511	6.41732	0.802698	0.471174	0.412657	0.0708235
20315	-0.326362	-0.342111	3.86426	1.9197	0.496784	0.808398	2.78895	3.67157	1.88334	0.512953	7.61335	0.64384	0.504662	0.392015	0.0713299
20316	-0.397476	-0.415692	3.99446	1.9501	0.488202	0.841071	2.82857	3.86902	1.84743	0.477491	6.86131	0.766999	0.482932	0.409419	0.0711507
20317	-0.439042	-0.43848	3.84895	1.93077	0.501635	0.815464	2.8443	3.64689	1.7947	0.492118	6.84759	0.786892	0.497005	0.419797	0.0715156
20318	-0.41884	-0.451615	3.55699	1.85229	0.520745	0.845131	2.86752	3.7829	1.6644	0.439979	6.89567	0.798811	0.479119	0.439325	0.0714635
20319	-0.434406	-0.451138	4.0549	1.79062	0.441594	0.821842	2.85114	3.73338	1.69037	0.452772	6.90996	0.78908	0.446952	0.439329	0.0719202
20320	-0.393841	-0.376984	3.74543	1.76325	0.470775	0.86987	2.84839	3.53396	1.72871	0.489169	6.51424	0.798483	0.479705	0.426985	0.0718007
20321	-0.318789	-0.427871	3.93607	1.82066	0.462557	0.871532	2.85799	3.76669	1.77866	0.472208	7.62025	0.708432	0.467276	0.428669	0.0718408
20322	-0.519758	-0.468559	3.69694	1.68986	0.457098	0.83875	2.86227	3.82575	1.85523	0.484932	6.01147	0.922772	0.471254	0.439075	0.0722836
20323	-0.461065	-0.451966	3.48671	1.72984	0.496123	0.91911	2.82531	3.76423	1.692	0.449495	5.63842	0.952441	0.471916	0.439806	0.0724966
20324	-0.504673	-0.466416	3.54277	1.77467	0.500926	0.819224	2.82788	3.70974	1.71913	0.46341	6.19178	0.876352	0.481736	0.437233	0.0728044
20325	-0.446015	-0.462489	3.53779	1.76816	0.499792	0.852077	2.85862	3.82371	1.81783	0.475412	6.54568	0.842521	0.487128	0.434815	0.0733523
20326	-0.462795	-0.42603	3.7582	1.86582	0.496466	0.728291	2.78142	3.92509	1.8896	0.481417	7.25158	0.709343	0.488778	0.406599	0.0738751
20327	-0.32444	-0.426512	3.98426	1.67121	0.419454	0.720923	2.81481	3.6119	1.66798	0.461801	9.61411	0.546392	0.439589	0.440394	0.0743413
20328	-0.475736	-0.45133	3.75131	1.74619	0.465488	0.815863	2.80653	3.65442	1.70043	0.465307	6.36224	0.834114	0.465398	0.435107	0.0742927
20329	-0.435496	-0.412336	3.76636	1.6041	0.4259	0.676684	2.80887	3.84112	1.72661	0.449505	8.38853	0.618473	0.437819	0.437955	0.0746874
20330	-0.425059	-0.396009	3.8767	1.78941	0.461582	0.789523	2.77625	3.92564	1.73283	0.441414	6.82158	0.737604	0.451435	0.416781	0.0751632
20331	-0.366094	-0.430944	3.7232	1.66145	0.446243	0.697398	2.72979	3.75995	1.8063	0.480404	8.83299	0.565508	0.463407	0.418803	0.0755264
20332	-0.40368	-0.474567	3.6328	1.6537	0.455213	0.696401	2.73196	3.64531	1.79533	0.492503	8.49611	0.605089	0.47389	0.427145	0.0753486
20333	-0.354768	-0.441596	3.5486	1.60869	0.453332	0.683155	2.76115	3.76743	2.01307	0.534334	9.52168	0.538642	0.495044	0.414659	0.0758182
20334	-0.467467	-0.423288	3.77917	1.66056	0.439399	0.835262	2.80868	3.84562	1.84966	0.480978	6.15496	0.848552	0.46037	0.426709	0.0762391
20335	-0.541915	-0.47088	3.79665	1.75172	0.461385	0.868722	2.8133	3.72471	1.76201	0.473059	5.42029	0.994949	0.467166	0.434322	0.0765161
20336	-0.563134	-0.512707	3.57644	1.59998	0.447367	0.800594	2.78412	3.83304	1.77157	0.462183	5.84436	0.929877	0.455031	0.446396	0.0768752
20337	-0.404012	-0.439685	3.6974	1.66471	0.450238	0.843061	2.81877	3.46143	1.73614	0.501567	6.82715	0.777596	0.475056	0.438485	0.0769487
20338	-0.448237	-0.450579	3.52326	1.67466	0.475315	0.83284	2.80967	3.60326	1.71309	0.475429	6.47666	0.820579	0.475373	0.439706	0.0769807
20339	-0.418938	-0.417471	3.46842	1.67211	0.482094	0.878806	2.82805	3.72947	1.76429	0.473068	6.25446	0.84207	0.477418	0.433971	0.0772457
20340	-0.480975	-0.466364	3.75133	1.6911	0.4508	0.816629	2.80665	3.77325	1.77662	0.470846	6.36226	0.841888	0.460852	0.435888	0.0770456
20341	-0.487443	-0.576568	3.74721	1.65021	0.440383	0.848615	2.85296	3.71093	1.86103	0.5015	6.58898	0.892526	0.470793	0.455886	0.0773141
20342	-0.595518	-0.570456	3.62209	1.7098	0.472047	0.717096	2.77613	3.81493	1.75479	0.459979	6.50026	0.861477	0.465857	0.447073	0.0773778
20343	-0.598331	-0.542055	3.3501	1.66715	0.497641	0.82609	2.76211	3.83948	1.73785	0.452628	5.38079	1.01449	0.473602	0.445055	0.0775703
20344	-0.573238	-0.482871	3.72595	1.64435	0.441323	0.730312	2.7574	3.57181	1.84545	0.516672	6.17885	0.849622	0.478202	0.429394	0.0775995
20345	-0.357633	-0.461639	3.99347	1.70585	0.427159	0.672222	2.66233	3.74826	1.84688	0.49273	9.20155	0.530301	0.458906	0.40726	0.0779441
20346	-0.401022	-0.462875	3.78656	1.78725	0.471999	0.855311	2.77477	3.9943	1.86301	0.466417	6.64123	0.789186	0.469134	0.418022	0.078262
20347	-0.489757	-0.508049	4.0654	1.77405	0.436378	0.726941	2.74948	3.7435	1.71173	0.457254	7.16822	0.740177	0.446386	0.432282	0.0785917
20348	-0.485419	-0.497776	3.41866	1.59525	0.466631	0.70076	2.72551	3.85807	1.7298	0.44836	7.38408	0.70351	0.456944	0.43869	0.0789596
20349	-0.482831	-0.482394	3.37082	1.54507	0.458367	0.826067	2.75893	3.53928	1.6417	0.463851	6.13246	0.856607	0.461176	0.45194	0.0793612
20350	-0.565464	-0.515616	3.40071	1.62114	0.476707	0.719434	2.73855	3.70723	1.76544	0.476215	6.41418	0.825482	0.47645	0.438871	0.0795288
20351	-0.526535	-0.533848	3.90063	1.95367	0.50086	0.782611	2.78329	3.31892	1.7935	0.540388	6.42022	0.856932	0.519032	0.423458	0.079517
20352	-0.396129	-0.466937	3.99378	1.78355	0.446581	0.798148	2.76778	3.80451	1.84802	0.485744	7.33606	0.71315	0.465687	0.418831	0.0797032
20353	-0.496128	-0.415439	3.69255	1.87708	0.508343	0.767594	2.7707	4.00842	1.79329	0.447382	6.35659	0.798498	0.476613	0.40891	0.0799124
20354	-0.230742	-0.348423	4.41005	1.9195	0.435256	0.776927	2.81062	4.00261	1.74026	0.434781	9.82823	0.507699	0.43503	0.405487	0.0800967
20355	-0.319507	-0.343103	4.09916	1.78344	0.435075	0.752863	2.75399	3.65859	1.78423	0.487682	8.34101	0.574989	0.459885	0.402086	0.0802505
20356	-0.400206	-0.307041	3.70294	1.76956	0.47788	0.77157	2.82257	3.81488	1.89015	0.495467	7.13332	0.686529	0.486804	0.400986	0.080603
20357	-0.172943	-0.280416	3.87635	1.65202	0.426178	0.87287	2.91118	3.91292	1.97241	0.504076	9.31341	0.546862	0.46531	0.412789	0.0808987
20358	-0.233525	-0.229012	4.07777	1.86219	0.456668	0.893014	2.96364	3.63985	1.87945	0.516353	8.03177	0.634545	0.484817	0.405256	0.0814111
20359	-0.268971	-0.278471	3.9949	1.79959	0.450472	0.960027	3.0278	3.88747	1.86202	0.478981	7.23725	0.755218	0.464532	0.4275	0.0815098
20360	-0.298924	-0.30738	3.61132	1.82292	0.50478	1.00494	3.03045	3.78761	1.81772	0.479912	6.55333	0.850035	0.49205	0.433567	0.0819469
20361	-0.216644	-0.264019	3.57202	1.7979	0.503328	1.08342	3.03995	3.80677	1.85154	0.48638	6.45868	0.84508	0.494584	0.427975	0.0822599
20362	-0.28073	-0.26818	3.70086	1.79611	0.485323	0.91579	2.9584	3.91934	1.76628	0.450656	7.27184	0.715831	0.467493	0.42229	0.0826475
20363	-0.143227	-0.200959	3.93282	1.78557	0.454018	0.927679	2.93547	3.76489	1.75023	0.464882	8.57767	0.57342	0.459331	0.410339	0.0829569
20364	-0.222558	-0.236667	3.74669	1.65315	0.44123	0.902315	2.9134	4.00585	1.86255	0.464958	7.84208	0.63267	0.45349	0.413822	0.0829756
20365	-0.140349	-0.237933	3.70533	1.66286	0.448774	1.07831	3.01272	3.66658	1.77857	0.485077	7.11507	0.742559	0.46683	0.434388	0.083697
20366	-0.149902	-0.191881	3.63906	1.694	0.465506	1.03976	3.0346	3.93788	1.73526	0.440659	7.35553	0.707645	0.452593	0.431593	0.084024
20367	-0.257756	-0.293745	3.96116	1.72028	0.434287	0.983323	3.03968	4.01478	1.96358	0.489087	7.21412	0.770138	0.461871	0.430024	0.0842403
20368	-0.454644	-0.277099	3.827	1.74492	0.455949	0.945652	2.96605	3.79905	1.94195	0.511167	5.36406	0.980415	0.483457	0.416421	0.0845366
20369	-0.313702	-0.289787	3.80406	1.79376	0.471537	0.97828	3.02268	4.04418	1.85613	0.458964	6.57339	0.834609	0.465058	0.429203	0.0846244
20370	-0.214198	-0.249029	3.80879	1.56684	0.411374	0.909261	2.97954	3.73958	1.733	0.463421	8.2586	0.63108	0.437159	0.441374	0.0846863
20371	-0.239708	-0.252203	3.78691	1.65404	0.43678	1.02237	2.99566	3.73683	1.82275	0.48778	6.62258	0.796415	0.46211	0.431457	0.0848849
20372	-0.211053	-0.260459	3.54143	1.68524	0.475864	0.988169	2.96189	3.81706	1.68387	0.441144	7.22016	0.719067	0.457854	0.43531	0.0849607
20373	-0.202416	-0.23447	3.42951	1.67776	0.489212	0.916604	2.91688	3.89552	1.79323	0.460332	7.93084	0.626102	0.473853	0.417129	0.0852932
20374	-0.251574	-0.253883	3.51602	1.7199	0.489162	0.937805	2.89764	3.90146	1.75601	0.45009	7.02102	0.707312	0.46861	0.416811	0.0858073
20375	-0.343108	-0.272005	3.93467	1.83944	0.467496	0.980742	2.93455	3.74005	1.83679	0.491113	5.86679	0.876288	0.479005	0.411617	0.0860428
20376	-0.225229	-0.214719	3.77854	1.87583	0.496443	0.911843	2.92493	4.10398	1.75993	0.428834	7.62404	0.646466	0.461243	0.404105	0.0864609
20377	-0.197824	-0.203481	3.57672	1.80747	0.505344	0.921296	2.84098	3.40833	1.90791	0.559779	7.4006	0.626215	0.531905	0.384231	0.0867917
20378	-0.171485	-0.132439	3.79935	1.83489	0.48295	0.883194	2.89996	3.8562	1.85523	0.481103	8.2667	0.556173	0.48202	0.383967	0.0868714
20379	-0.131462	-0.144036	3.96593	1.74646	0.440365	0.987247	2.89701	4.12313	1.90859	0.462899	7.38943	0.625755	0.451851	0.387578	0.0870261
20380	-0.0637665	-0.0370066	3.77728	1.86876	0.494736	0.944638	2.88009	3.78394	1.77116	0.468073	8.36819	0.508439	0.481392	0.368984	0.0874575
20381	-0.00250976	0.00370714	3.82876	1.93775	0.506104	0.826122	2.7934	3.86655	1.78168	0.460792	11.3342	0.343315	0.483337	0.343553	0.08736
20382	-0.0811383	0.00176768	4.10017	1.97508	0.481706	0.815664	2.79355	4.13816	1.96858	0.475713	9.69101	0.402127	0.478696	0.330806	0.087288
20383	-0.0554116	-0.0273014	3.81782	1.7816	0.466655	0.764194	2.73066	4.16976	1.96835	0.472052	11.3231	0.335877	0.469472	0.336584	0.0876274
20384	-0.0125451	-0.0463747	3.7256	1.8582	0.498766	0.654665	2.73092	3.96954	1.89929	0.478466	17.3268	0.222585	0.488294	0.33926	0.0878875
20385	-0.00105375	-0.0152886	4.18286	1.92	0.459015	0.745612	2.71678	3.76779	1.8583	0.493207	13.3884	0.278755	0.475218	0.330716	0.0880987
20386	-0.0224339	-0.0429625	4.06635	2.0147	0.495457	0.73804	2.7796	3.89014	1.79505	0.461435	13.7759	0.28916	0.478823	0.343426	0.0883982
20387	-0.148855	-0.198166	4.00361	1.92488	0.480787	0.675329	2.69376	3.61091	1.82004	0.50404	12.3119	0.33964	0.491814	0.358391	0.0885093
20388	-0.238949	-0.198974	3.64796	1.82096	0.499171	0.709806	2.741	3.80755	1.82365	0.478958	9.60237	0.450068	0.488848	0.372328	0.0886005
20389	-0.15455	-0.167965	3.78635	1.77838	0.469683	0.828759	2.81759	3.6143	1.8345	0.507567	9.21869	0.483448	0.488185	0.381608	0.0888991
20390	-0.130412	-0.111599	3.90699	1.76976	0.452973	0.842411	2.77447	3.93825	1.91162	0.485398	8.8013	0.473192	0.46925	0.361401	0.0887444
20391	-0.190134	-0.154739	3.90637	1.79302	0.458999	0.811865	2.72796	3.80538	1.78039	0.467862	8.27685	0.502001	0.463373	0.367756	0.0888673
20392	-0.18553	-0.176384	3.77956	1.75652	0.464742	0.791596	2.79541	3.91959	1.76097	0.449273	9.24989	0.477387	0.456867	0.385751	0.0892189
20393	-0.225855	-0.137554	3.37538	1.74257	0.516259	0.82682	2.82726	3.63106	1.727	0.475618	7.93245	0.554062	0.495197	0.387889	0.0890908
20394	-0.121161	-0.1158	3.92478	1.91948	0.489067	0.809458	2.7778	3.84042	1.85903	0.48407	9.66789	0.433027	0.486596	0.356607	0.0888418
20395	-0.10518	-0.138032	3.7389	1.81054	0.484245	0.736229	2.7898	3.84836	1.98444	0.515658	12.1081	0.353984	0.500178	0.361017	0.0891339
20396	-0.21327	-0.113881	3.98731	1.94403	0.487555	0.964985	2.85121	4.11941	1.95125	0.473673	6.33283	0.694142	0.480501	0.360834	0.0895613
20397	-0.161357	-0.122733	3.80759	1.94695	0.511332	0.950626	2.90489	3.63794	1.83985	0.50574	7.41323	0.618254	0.5086	0.377128	0.0897777
20398	-0.185792	-0.142434	3.96142	1.77676	0.448515	0.97215	2.94523	3.63247	1.76111	0.484824	7.11026	0.670415	0.465883	0.402637	0.090205
20399	-0.0468074	-0.0998013	3.88764	1.75049	0.450269	0.919082	2.93513	3.96701	1.98087	0.499337	9.87285	0.466471	0.475051	0.381735	0.0903603
20400	-0.0443438	-0.110889	3.94117	1.82487	0.463028	0.922381	2.90946	3.61234	1.80654	0.500102	9.76134	0.467278	0.480758	0.385879	0.0901006
20401	-0.124963	-0.0657495	4.05965	1.89235	0.466137	1.01431	3.00434	3.83489	1.85374	0.483388	7.26186	0.648971	0.474517	0.386253	0.0907219
20402	0.0880297	0.00969045	4.16314	1.89984	0.456347	1.07698	2.99244	3.75271	1.81343	0.483233	9.09667	0.489015	0.469093	0.374721	0.090909
20403	0.0282534	-0.0581828	4.01307	1.8954	0.472307	0.970338	2.96686	3.85703	1.86962	0.484731	10.3106	0.443762	0.478396	0.378082	0.0908846
20404	0.00526466	0.0047256	3.92106	1.96206	0.50039	1.04466	3.00996	4.09483	1.7992	0.439384	8.35982	0.540169	0.469226	0.375232	0.0908965
20405	0.173898	0.0363805	4.21103	1.93791	0.460197	1.12594	3.04482	3.84358	2.0217	0.525995	9.9855	0.453191	0.491595	0.363756	0.0912045
20406	-0.0477256	0.0202171	4.09261	1.86235	0.455052	1.05788	3.04059	3.96873	2.01912	0.508759	7.46319	0.611177	0.481493	0.370226	0.0917454
20407	-0.0250115	-0.0197078	3.80291	1.94351	0.511059	1.05433	2.96774	4.13411	1.89498	0.458376	7.66104	0.582484	0.483619	0.367715	0.0918207
20408	0.0145088	-0.00788493	3.87804	1.79746	0.463498	0.986458	2.94169	3.58715	1.89037	0.526983	9.20943	0.472343	0.494003	0.371099	0.0924445
20409	-0.00154431	0.0206622	3.60603	1.70738	0.473481	0.935167	2.91081	3.95106	1.72547	0.436709	9.51979	0.438714	0.454255	0.378347	0.0929404
20410	-0.0895419	-0.0629436	4.08564	1.81499	0.444237	0.881525	2.90293	3.9372	1.79688	0.456385	9.32838	0.471486	0.450199	0.378557	0.0931423
20411	-0.11844	-0.0129226	3.95109	1.99857	0.505829	0.981453	2.91725	3.94522	1.97586	0.500823	7.09718	0.604883	0.503328	0.350794	0.0933521
20412	-0.0412353	-0.0492433	3.73356	1.92202	0.514795	0.966704	2.99505	4.10019	1.94126	0.473456	9.12233	0.507971	0.493158	0.375013	0.0935872
20413	-0.178937	-0.138363	4.05086	1.86075	0.459346	1.00138	2.98487	3.76494	1.74598	0.463748	7.00181	0.696575	0.461467	0.40351	0.0941998
20414	-0.115717	-0.127171	3.94501	2.02277	0.51274	0.983105	2.989	3.84036	1.8384	0.478705	8.04243	0.603705	0.495951	0.386143	0.0944902
20415	-0.111745	-0.132269	3.68103	1.76572	0.479681	1.08077	3.02597	3.79322	1.80699	0.476372	7.01402	0.711041	0.478002	0.411181	0.0944065
20416	-0.178318	-0.115718	3.78234	1.74684	0.46184	1.05046	3.04533	4.01287	1.81576	0.452484	6.61782	0.754947	0.457024	0.412297	0.0938226
20417	-0.190366	-0.140478	3.99205	1.77559	0.444782	0.997911	3.02	4.24223	1.93134	0.455265	7.07408	0.706001	0.450183	0.402622	0.0941445
20418	-0.179832	-0.120788	4.11096	1.77552	0.431898	1.05747	3.02964	4.18951	2.03002	0.484549	6.4832	0.765455	0.458473	0.394801	0.0942631
20419	-0.13723	-0.0896381	3.92832	1.76902	0.450326	1.05581	3.07607	3.96069	2.04536	0.516414	7.041	0.711668	0.483506	0.39656	0.0945679
20420	-0.129773	-0.0801876	4.06586	1.7517	0.43083	1.16968	3.1204	4.07794	2.01305	0.493643	6.0665	0.844288	0.462283	0.404968	0.094953
20421	-0.0675438	-0.0543832	3.69886	1.82091	0.49229	1.01331	3.03	4.06566	1.92013	0.47228	8.14332	0.584123	0.481812	0.388777	0.0958279
20422	-0.0893418	-0.0363449	3.8708	1.82396	0.471212	0.967816	2.96245	3.92639	1.86998	0.47626	8.0466	0.558791	0.473754	0.378464	0.0959575
20423	-0.0943434	-0.0674847	3.67607	1.86799	0.508149	1.06103	2.98026	3.85904	1.81358	0.469956	6.95849	0.66744	0.488589	0.386908	0.0960427
20424	-0.00976901	-0.0804447	3.76728	1.63463	0.433901	0.94509	2.98366	3.98514	1.90072	0.476952	10.2975	0.455878	0.456031	0.39913	0.0959884
20425	-0.00610552	-0.0652468	4.08639	1.78521	0.436867	0.965932	2.95634	3.90696	1.96986	0.504192	9.66284	0.472428	0.469774	0.378167	0.0963739
20426	-0.171658	-0.130571	3.52881	1.65038	0.467688	0.969151	2.94933	3.81594	1.85233	0.485419	7.28868	0.650723	0.4769	0.40383	0.0966506
20427	-0.0556511	-0.0966494	3.75252	1.74836	0.465916	0.906789	2.93378	3.97236	1.82261	0.458823	9.91426	0.463145	0.462269	0.391449	0.0967761
20428	-0.130646	-0.0657463	4.00037	1.86342	0.465812	0.789207	2.87129	3.67622	1.91964	0.522178	10.1949	0.423065	0.492805	0.363195	0.0970659
20429	-0.105162	-0.0411689	3.67184	1.83776	0.500501	0.894856	2.89224	4.02305	1.93117	0.480027	8.60455	0.500018	0.489797	0.363488	0.0975547
20430	-0.00430226	-0.0707066	3.63698	1.8012	0.495248	0.862519	2.86341	4.11552	1.8606	0.452094	11.4577	0.37569	0.472339	0.370299	0.0974972
20431	-0.0523695	-0.0491891	3.93437	1.88218	0.478394	0.847965	2.8769	3.9914	1.93718	0.485339	10.5625	0.405301	0.481892	0.359268	0.0972926
20432	-0.0968379	-0.0665573	3.92436	1.9133	0.487545	0.866296	2.89468	3.76263	1.72056	0.457276	9.45307	0.463813	0.472729	0.376395	0.0978526
20433	-0.109276	-0.0965265	3.81354	1.90353	0.499152	0.840594	2.88407	3.77291	1.85644	0.492045	9.84638	0.451127	0.495617	0.371459	0.0980211
20434	-0.00809922	-0.00984113	3.99256	1.98779	0.497872	0.858103	2.83404	3.93439	1.93354	0.491446	10.7792	0.375153	0.494683	0.340316	0.098448
20435	-0.0700502	0.00734177	3.91158	1.78341	0.45593	0.897184	2.9532	3.83531	1.83213	0.477701	9.27603	0.467771	0.466708	0.37514	0.0984691
20436	-0.0523425	0.0750381	3.50067	1.79729	0.513412	1.04116	2.94999	4.03472	1.86143	0.461353	6.91228	0.597873	0.485538	0.361043	0.0984629
20437	0.0051904	0.0421115	3.55007	1.77159	0.49903	0.944491	2.92396	3.96971	1.83069	0.461165	9.41313	0.441143	0.479041	0.365749	0.0986471
20438	0.144502	0.113536	3.53737	1.78085	0.503439	1.0021	3.00859	3.73782	1.75618	0.469842	11.3958	0.367738	0.486178	0.372134	0.0987504
20439	0.108456	0.0728568	3.90551	1.79497	0.459599	1.04539	2.97198	3.83141	1.83026	0.477698	9.5744	0.438927	0.468562	0.36705	0.0990649
20440	0.134765	0.105331	3.94685	1.82565	0.462559	0.98783	2.95319	4.123	1.85006	0.448715	11.1448	0.36386	0.455486	0.355625	0.0993486
20441	0.157834	0.137897	4.02286	1.92468	0.478437	0.946757	2.97148	4.04293	1.79577	0.444175	12.9004	0.3112	0.461264	0.350565	0.0995769
20442	0.0730769	0.0891405	3.93787	1.93609	0.491658	0.9666	3.01563	4.05098	1.82555	0.450643	10.7271	0.399192	0.47086	0.362844	0.0997439
20443	-0.0359046	0.0128039	3.93386	1.85814	0.472345	1.17139	3.12212	4.14045	1.90255	0.459504	6.63286	0.728783	0.46576	0.391362	0.0999089
20444	-0.0865142	-0.0648972	4.15028	1.90985	0.460174	1.07183	3.08308	3.97542	1.86494	0.469117	7.38566	0.67088	0.464549	0.396369	0.100071
20445	-0.153994	-0.133524	3.8242	1.92042	0.502176	1.02928	3.04308	3.80791	1.80123	0.473022	7.207	0.700069	0.48763	0.404118	0.100456
20446	-0.190107	-0.170851	3.84709	1.82987	0.47565	1.10995	3.04283	3.8147	1.818	0.476576	6.11057	0.845075	0.476111	0.414572	0.100692
20447	-0.171736	-0.18691	3.52604	1.87215	0.53095	0.945801	2.97324	3.99579	1.7945	0.449098	7.99633	0.624445	0.487468	0.405202	0.101153
20448	-0.213146	-0.135889	3.97091	1.95479	0.492276	0.921531	2.95931	3.89248	1.88352	0.483886	7.44105	0.643745	0.488123	0.384352	0.101922
20449	-0.0878925	-0.130449	3.91456	1.91325	0.488753	0.953695	2.94745	3.73608	1.93186	0.517082	8.73208	0.542452	0.502587	0.381284	0.102199
20450	-0.162646	-0.144023	3.84492	1.89198	0.492072	0.983739	2.98809	4.0615	1.9587	0.48226	7.46474	0.657099	0.487032	0.389212	0.10235
20451	-0.157374	-0.199655	4.13996	1.99318	0.481448	0.883946	2.94402	4.04295	1.93843	0.47946	9.11398	0.542173	0.480466	0.386024	0.102546
20452	-0.220998	-0.181447	3.97557	2.06119	0.518464	0.868234	2.88303	4.09001	1.86352	0.455629	7.91541	0.593213	0.486601	0.374413	0.10282
20453	-0.143623	-0.157111	3.7804	2.04159	0.540045	0.7852	2.8177	3.81604	1.75649	0.460291	10.2578	0.431356	0.499981	0.368205	0.102814
20454	-0.116134	-0.081316	4.17179	1.99158	0.477393	0.864736	2.78431	3.82445	1.84093	0.48136	8.53523	0.481053	0.47929	0.34893	0.102788
20455	-0.0571893	-0.0471509	3.98298	1.94935	0.489421	0.802315	2.78697	3.64791	1.85864	0.509508	10.8728	0.369373	0.499023	0.345375	0.103095
20456	-0.0559768	-0.0163521	4.0353	1.95102	0.483489	0.773343	2.78681	3.48315	1.86445	0.535278	11.4249	0.343886	0.507482	0.339984	0.10347
20457	0.0374619	0.0506771	3.97863	1.79729	0.451735	0.726762	2.75263	3.75483	1.76152	0.469134	15.3652	0.237567	0.460183	0.339108	0.103352
20458	0.102301	0.0126388	4.08772	1.97578	0.483347	0.655736	2.71991	3.91325	1.78027	0.454935	23.9292	0.153145	0.46945	0.327992	0.103417
20459	-0.0616081	-0.0560989	3.83535	1.86956	0.487455	0.788922	2.73852	4.02932	1.82197	0.452179	10.7961	0.361701	0.469382	0.346051	0.103364
20460	-0.02279	0.0119174	3.66468	1.6969	0.463041	0.775041	2.76913	3.66358	1.82395	0.497861	11.9432	0.318267	0.480448	0.35068	0.103739
20461	-0.029507	0.0215424	3.90596	1.75881	0.450289	0.751599	2.79357	3.74239	1.74605	0.466561	12.5944	0.305063	0.458251	0.354164	0.103367
20462	0.110218	0.068736	3.82096	1.87318	0.490238	0.846257	2.81594	3.89373	1.69304	0.434813	13.9309	0.270877	0.462264	0.346121	0.103407
20463	-0.0377845	-0.0183039	3.92574	1.71811	0.437652	0.912329	2.85722	3.60784	1.81088	0.50193	9.15974	0.451358	0.468435	0.369506	0.103532
20464	-0.00887209	0.0310554	4.04751	1.74871	0.432046	0.883612	2.85469	3.70939	1.7422	0.469673	10.0096	0.398264	0.450039	0.363569	0.103887
20465	0.114907	0.0667994	3.70526	1.74654	0.471367	0.877941	2.88971	3.83257	1.82899	0.477225	13.687	0.29111	0.474345	0.357928	0.104037
20466	0.0224638	0.0540789	3.75977	1.70073	0.45235	0.891736	2.9222	3.7765	1.71181	0.45328	10.8864	0.377817	0.452816	0.376147	0.104128
20467	0.153105	0.0841639	4.2482	1.79428	0.422362	0.96737	2.97137	3.66341	1.81337	0.494996	12.5726	0.331514	0.455995	0.366266	0.104587
20468	0.0376157	0.0363029	3.7195	1.83594	0.493598	0.945063	2.94196	3.78516	1.93758	0.511888	10.2529	0.41173	0.502823	0.358822	0.104991
20469	-0.0658934	0.0310755	3.85266	1.79009	0.464638	0.962045	2.93012	3.72089	1.95387	0.525108	7.95384	0.528329	0.494347	0.359583	0.104791
20470	0.0959346	0.058239	3.82138	1.81258	0.474326	0.929347	2.93848	4.1772	1.89915	0.454648	11.9437	0.347288	0.464049	0.358578	0.104995
20471	0.158694	0.105072	3.60723	1.72364	0.477827	0.955777	2.97136	3.54506	1.80085	0.50799	12.931	0.31767	0.492777	0.368305	0.105326
20472	0.110131	0.115327	3.77749	1.75523	0.464655	1.06481	3.08627	3.91947	1.86507	0.475846	9.68432	0.455711	0.470354	0.378812	0.105432
20473	0.155519	0.175026	3.78216	1.83455	0.485054	1.24716	3.16047	4.34737	1.94623	0.44768	7.47928	0.595839	0.465068	0.370931	0.105267
20474	0.156054	0.202176	3.35717	1.78836	0.532698	1.17467	3.14809	3.91013	1.83436	0.469129	8.36413	0.518789	0.498495	0.374684	0.105452
20475	0.262576	0.238712	3.92258	1.81993	0.463963	1.13796	3.11908	3.89457	1.77933	0.456875	10.8268	0.383148	0.460432	0.365705	0.105819
20476	0.301581	0.178355	4.10795	2.02875	0.49386	1.04587	3.05538	3.60088	1.83417	0.509366	14.9417	0.276985	0.501103	0.348939	0.106286
20477	0.159179	0.215922	3.59859	1.80517	0.501632	0.999581	3.02622	3.88296	1.75718	0.452536	11.1823	0.353138	0.476151	0.356719	0.106332
20478	0.251205	0.237229	3.93025	1.83044	0.465731	0.950643	2.98497	3.64834	1.90322	0.521666	15.4331	0.244607	0.492658	0.335899	0.106892
20479	0.198593	0.231329	3.41202	1.69136	0.495705	0.939948	2.99313	3.9999	1.9159	0.478988	13.8782	0.274804	0.486683	0.34593	0.107189
20480	0.262848	0.274275	3.78328	1.84305	0.487157	0.948916	3.04783	3.98952	1.87405	0.469745	16.3433	0.235345	0.47822	0.341081	0.107406
20481	0.199299	0.248898	3.85906	1.8244	0.472759	0.992297	3.01656	3.92742	1.84237	0.469104	12.181	0.314423	0.470916	0.343193	0.107334
20482	0.276385	0.300881	3.70691	1.75781	0.474198	0.928387	3.00574	3.71659	1.71924	0.462586	17.2104	0.212553	0.468384	0.344821	0.107951
20483	0.296406	0.27772	3.81953	1.91309	0.500872	1.11475	3.06444	3.78664	1.69342	0.447209	11.5961	0.334845	0.474157	0.350053	0.108467
20484	0.257557	0.204283	3.88308	1.74871	0.450341	0.959062	3.03734	3.71899	1.77851	0.478223	16.3099	0.246055	0.463981	0.362718	0.108739
20485	0.203518	0.195298	3.68766	1.74213	0.472422	0.95409	2.93801	3.92406	1.8875	0.481006	13.3529	0.281679	0.476847	0.341408	0.108983
20486	0.223034	0.193181	3.85046	1.81129	0.470408	0.916487	2.88667	3.99899	1.85072	0.462797	15.0868	0.240438	0.466531	0.33134	0.10897
20487	0.0342222	0.128953	4.07373	1.87446	0.460132	0.893618	2.84664	3.86304	1.90199	0.492356	10.0003	0.369281	0.475816	0.328492	0.109208
20488	0.158001	0.140369	3.78931	1.82995	0.482925	0.804521	2.76673	3.86215	1.94428	0.50342	16.5023	0.208994	0.49327	0.313718	0.109535
20489	0.131299	0.102411	4.08784	1.76429	0.431595	0.878576	2.86303	3.98974	1.83996	0.461174	13.6474	0.279211	0.446205	0.345926	0.109715
20490	0.169155	0.144458	3.57722	1.77149	0.495216	0.923595	2.89516	3.69876	1.86173	0.503338	13.2935	0.28459	0.499345	0.342494	0.109727
20491	0.148454	0.159823	4.15688	1.84512	0.443871	0.828057	2.8882	3.76087	1.88081	0.500101	16.1175	0.23093	0.47058	0.33321	0.109763
20492	0.26065	0.259787	3.95144	1.92096	0.48614	0.906049	2.92739	3.73838	1.71525	0.458823	17.0838	0.20827	0.47286	0.328632	0.110288
20493	0.199363	0.219075	3.66597	1.92695	0.525631	0.925576	2.89552	3.51857	1.67887	0.477147	13.5827	0.263693	0.501886	0.331953	0.110446
20494	0.180682	0.229774	3.96494	1.8954	0.47804	0.934597	2.93964	3.44555	1.58467	0.459917	12.9196	0.284194	0.469614	0.345461	0.110674
20495	0.225513	0.277261	3.87089	1.8198	0.470124	0.937825	2.97564	3.40839	1.69534	0.497402	14.3505	0.253694	0.482896	0.341286	0.110636
20496	0.389703	0.33798	3.68999	1.76994	0.479661	0.927052	2.95188	3.71162	1.76637	0.475903	23.6628	0.144372	0.477776	0.325811	0.110491
20497	0.459169	0.389771	3.88432	1.82036	0.468644	0.881428	2.93408	3.98195	1.7265	0.433581	36.3062	0.0891513	0.450895	0.313428	0.110511
20498	0.320833	0.331098	4.05672	1.79833	0.443296	0.961837	2.91178	3.96496	1.72909	0.436092	16.2087	0.205443	0.439735	0.320767	0.110797
20499	0.313812	0.281144	3.99435	1.76808	0.442644	0.998786	2.94051	3.70842	1.8167	0.489885	15.0733	0.234595	0.465388	0.330413	0.110762
20500	0.438646	0.456381	4.22221	1.90744	0.451762	1.01045	3.07337	3.81404	1.8583	0.487226	20.9467	0.163478	0.468593	0.312666	0.110671
