cycle	Zbar1	Gbar1	VP1	VG1	h21	Zbar2	Gbar2	VP2	VG2	h22	h2b	h2b_denom	h2w	Qst	Fst
20000	0.256072	0.251257	3.74839	1.82852	0.487814	4.30383	0.29964	3.38722	1.79046	0.528593	0.000142875	8.19216	0.507171	0.000161766	0.000388529
20001	0.234406	0.246259	4.14913	1.92926	0.464978	4.20957	0.20574	3.66334	1.90951	0.521248	0.000103899	7.90097	0.491364	0.000106965	0.00067531
20002	0.369811	0.321833	4.23952	1.89163	0.446189	4.09232	0.140334	4.14154	1.69792	0.409973	0.00237726	6.92855	0.428293	0.00229019	0.000976321
20003	0.346632	0.324617	3.85517	1.8393	0.477099	4.07731	0.0607709	3.38288	1.61896	0.478574	0.00500179	6.95899	0.477788	0.0050098	0.0011854
20004	0.368062	0.333549	3.85522	1.84596	0.478819	4.01554	-0.0130481	3.77353	1.62558	0.430784	0.00902954	6.65204	0.455059	0.00858112	0.00141338
20005	0.221784	0.231585	3.96496	1.77245	0.447027	3.97239	-0.0780808	3.82018	1.72505	0.451561	0.00681687	7.03351	0.449252	0.00681114	0.00170235
20006	0.139276	0.134582	3.79684	1.71276	0.451102	3.87804	-0.113303	3.55068	1.80321	0.507849	0.00439584	6.98919	0.478525	0.00435228	0.00200883
20007	0.100458	0.163299	3.68482	1.67333	0.454113	3.79629	-0.20215	3.97504	1.808	0.454838	0.00977753	6.82958	0.454489	0.00950426	0.00217924
20008	0.24293	0.180218	3.8847	1.65586	0.426252	3.70343	-0.261498	4.1778	1.80996	0.433232	0.0162933	5.98753	0.429869	0.0138856	0.00259452
20009	0.233834	0.18863	3.87495	1.81861	0.469324	3.66641	-0.296046	4.0191	1.76284	0.438616	0.0199372	5.89129	0.45369	0.0161412	0.00294846
20010	0.165715	0.19501	3.67266	1.7755	0.483438	3.55642	-0.382952	3.9312	1.81145	0.460789	0.0290548	5.74844	0.471729	0.022763	0.00312992
20011	0.233284	0.188648	3.71855	1.82799	0.491587	3.48564	-0.444689	3.81955	1.75809	0.460287	0.0379205	5.2889	0.475727	0.0272159	0.00340991
20012	0.107626	0.181739	3.72745	1.7772	0.476785	3.5033	-0.479753	3.80651	1.79993	0.472856	0.0379487	5.76531	0.4748	0.0296882	0.00368203
20013	0.206659	0.226686	3.66012	1.76388	0.481918	3.51037	-0.499263	3.70533	1.79816	0.48529	0.0482846	5.45724	0.483615	0.0356853	0.0038568
20014	0.138569	0.169702	4.0121	1.65583	0.412708	3.47186	-0.54381	3.79925	1.78478	0.469773	0.0458199	5.55543	0.440463	0.0356895	0.00408253
20015	0.152628	0.158199	3.87986	1.75528	0.452409	3.50607	-0.487089	3.93164	1.88292	0.478913	0.0370276	5.62278	0.465749	0.0278304	0.00438176
20016	0.186793	0.191747	3.78655	1.79157	0.473141	3.50281	-0.546118	3.89434	1.80001	0.462213	0.049513	5.498	0.4676	0.0365311	0.00451619
20017	0.262542	0.249467	3.59494	1.76787	0.491767	3.5507	-0.518102	3.78595	1.75422	0.463349	0.0544918	5.40598	0.47719	0.0401598	0.00479251
20018	0.232703	0.280536	3.95897	1.87912	0.474649	3.50123	-0.569052	3.49586	1.66212	0.475454	0.0675634	5.34165	0.475027	0.0485091	0.00508585
20019	0.278042	0.259245	3.61809	1.90227	0.525767	3.37057	-0.592749	3.69154	1.87388	0.507614	0.0759007	4.78187	0.516599	0.045876	0.00533954
20020	0.229168	0.246501	4.06451	1.89489	0.466204	3.33155	-0.687949	3.55531	1.77245	0.498537	0.0907242	4.81238	0.48129	0.0562076	0.00567694
20021	0.337658	0.238793	3.99152	1.84325	0.461791	3.31568	-0.756317	3.81234	1.76277	0.462387	0.111657	4.43432	0.462082	0.0642719	0.00580388
20022	0.273252	0.237701	3.97456	1.756	0.441809	3.1947	-0.780384	3.96136	1.86018	0.469582	0.121442	4.26744	0.455672	0.0668967	0.00605311
20023	0.160287	0.215646	3.97105	1.8645	0.469523	3.22126	-0.80227	3.63102	1.72468	0.474986	0.110587	4.68477	0.472132	0.0673451	0.00638195
20024	0.186772	0.265236	3.9676	1.80418	0.454729	3.27281	-0.796787	3.8607	1.78997	0.463639	0.118431	4.76182	0.459124	0.0727798	0.00673474
20025	0.416949	0.320255	3.80913	1.80464	0.473768	3.13212	-0.875595	3.41816	1.65014	0.482755	0.193981	3.68608	0.478019	0.0938218	0.00687093
20026	0.444204	0.414282	3.67311	1.80096	0.49031	3.18722	-0.881608	3.95779	1.77453	0.448363	0.223192	3.76208	0.468554	0.105128	0.00712029
20027	0.446902	0.363267	3.94571	1.84891	0.468588	3.07159	-0.890109	3.6905	1.88571	0.510964	0.228037	3.4445	0.489068	0.0951978	0.00735711
20028	0.33886	0.316971	3.88452	1.87822	0.483514	3.04652	-0.921009	4.05057	1.87199	0.462154	0.209044	3.66571	0.472611	0.0927388	0.0076287
20029	0.332005	0.290842	3.47079	1.7923	0.516396	3.02696	-0.861474	3.73203	1.75319	0.469769	0.182827	3.6314	0.492237	0.0856515	0.00798273
20030	0.382099	0.292761	3.8686	1.75521	0.453705	3.16403	-0.838331	3.86467	1.78525	0.461941	0.165312	3.86957	0.457821	0.0828924	0.00831182
20031	0.197926	0.189843	3.78041	1.70959	0.452223	3.12282	-0.869018	3.73762	1.87823	0.502519	0.131056	4.27751	0.477228	0.0724971	0.0085975
20032	0.20116	0.219034	3.62399	1.67366	0.461829	3.14359	-0.95148	3.37167	1.71075	0.507391	0.158248	4.32896	0.483788	0.0919471	0.00892581
20033	0.272093	0.258933	3.57932	1.72858	0.482936	3.05021	-0.944913	3.51338	1.71943	0.489395	0.187776	3.85897	0.486136	0.0951297	0.00915642
20034	0.264117	0.276233	3.95406	1.81012	0.457786	3.06365	-0.985829	3.38559	1.73198	0.511575	0.203231	3.91869	0.482598	0.101104	0.00933594
20035	0.189209	0.248691	3.79533	1.89454	0.499177	3.01214	-1.01972	3.58812	1.87572	0.522758	0.201892	3.98448	0.510637	0.0964413	0.00967652
20036	0.188119	0.244818	3.86778	1.88179	0.486531	2.88388	-1.11548	3.78877	1.8212	0.480683	0.254626	3.63355	0.483637	0.111102	0.00994544
20037	0.255599	0.221627	3.95931	1.89814	0.479412	2.80266	-1.16697	4.06446	1.86738	0.459442	0.297215	3.24376	0.469296	0.113538	0.0102061
20038	0.26781	0.23922	3.68817	1.79332	0.486235	2.80245	-1.17708	3.86631	1.92082	0.496809	0.312231	3.21221	0.491647	0.119009	0.0105322
20039	0.193853	0.182005	3.97956	1.81953	0.45722	2.72316	-1.28976	4.01824	2.01885	0.502422	0.338589	3.19869	0.47993	0.123692	0.0107353
20040	0.204751	0.168055	3.8833	1.91478	0.493081	2.62704	-1.35008	4.02201	1.9692	0.489606	0.392797	2.93375	0.491313	0.129241	0.0108374
20041	0.0735376	0.154842	3.80912	1.74863	0.459064	2.63697	-1.29238	4.13249	1.85526	0.448944	0.318734	3.2856	0.453798	0.126916	0.0109987
20042	0.138249	0.145199	3.4865	1.70722	0.489665	2.6448	-1.3422	4.22731	1.78821	0.423014	0.352129	3.14141	0.453139	0.136674	0.0113216
20043	0.166048	0.132804	3.75055	1.86331	0.496809	2.62163	-1.37813	3.89387	1.94695	0.500005	0.378602	3.01495	0.498437	0.130332	0.0116267
20044	0.131871	0.216656	3.98478	1.81217	0.454772	2.58214	-1.43758	3.86793	1.81089	0.468181	0.455793	3.00191	0.461377	0.1589	0.0116521
20045	0.187909	0.201532	3.64718	1.71613	0.470537	2.5581	-1.51225	3.76733	1.76567	0.468679	0.522812	2.8089	0.469593	0.17423	0.0118969
20046	0.18166	0.190923	3.77849	1.82398	0.482729	2.46142	-1.53634	3.83681	1.83096	0.47721	0.574032	2.59866	0.479948	0.169552	0.0121697
20047	0.2224	0.269317	3.49871	1.83806	0.525352	2.32974	-1.62712	3.86607	1.7832	0.461244	0.809851	2.22045	0.491699	0.198983	0.0124107
20048	0.308846	0.268878	3.99321	1.9297	0.483245	2.24118	-1.66751	3.88026	1.93673	0.499124	1.0042	1.86697	0.491071	0.195215	0.0127874
20049	0.338125	0.329385	3.59262	1.79634	0.500007	2.36062	-1.64981	4.23945	2.03988	0.481166	0.957649	2.04523	0.489809	0.203446	0.0130298
20050	0.288438	0.264904	3.82565	1.81595	0.474676	2.13454	-1.75676	3.92925	1.86403	0.474399	1.19925	1.70404	0.474536	0.217405	0.0133032
20051	0.200656	0.207239	3.73802	1.86431	0.498743	2.21544	-1.75261	3.98743	1.92467	0.482684	0.946211	2.02967	0.490454	0.202272	0.0134586
20052	0.212155	0.212203	3.92329	1.82034	0.463983	2.23932	-1.75767	4.09265	1.87795	0.458858	0.944281	2.05469	0.461366	0.207885	0.0136009
20053	0.0596327	0.0503216	3.60566	1.68884	0.468385	2.14457	-1.92908	3.95842	2.01128	0.5081	0.901327	2.17347	0.489169	0.209396	0.0138323
20054	-0.0252846	0.00728068	3.6089	1.62198	0.449439	2.10491	-1.90307	3.73258	1.78703	0.478766	0.804245	2.26886	0.46435	0.211211	0.0140034
20055	0.0124306	0.0218267	3.69058	1.79047	0.485146	2.12209	-1.93746	3.8419	1.8088	0.470809	0.862522	2.22533	0.477833	0.210591	0.0143545
20056	0.0581339	0.0287107	3.7629	1.73124	0.460081	1.99375	-1.97341	3.67684	1.85379	0.504179	1.06989	1.87331	0.481875	0.218548	0.0144876
20057	0.0170897	0.0327032	3.85012	1.77428	0.460839	2.07	-1.91804	3.87286	1.85328	0.478531	0.902949	2.10721	0.469711	0.20785	0.0147507
20058	0.0401337	0.0498953	3.80352	1.76623	0.464368	2.0488	-1.92656	3.44213	1.69272	0.491764	0.968183	2.01737	0.477383	0.22026	0.0150383
20059	0.02253	0.0645236	3.75019	1.78556	0.476124	2.12874	-1.96952	3.53487	1.71286	0.484563	0.932645	2.21806	0.480219	0.228279	0.0153755
20060	0.0304923	0.0967351	3.51909	1.86265	0.5293	2.09046	-2.03492	3.6872	1.73989	0.471873	1.0708	2.12174	0.499916	0.239825	0.0157436
20061	0.0455958	0.0680196	3.9792	1.73627	0.436337	1.98664	-2.07869	3.67874	1.75119	0.47603	1.22315	1.88382	0.455405	0.248413	0.016086
20062	0.0443747	0.0785832	3.97534	1.82653	0.459466	1.93751	-2.11409	3.81421	1.77263	0.464745	1.34148	1.79199	0.462051	0.250443	0.016125
20063	-0.0363023	0.0536186	3.78937	1.77585	0.468639	1.86386	-2.16255	3.82503	1.69574	0.443326	1.36026	1.80532	0.455923	0.261372	0.0163924
20064	0.0966676	0.114034	3.65971	1.76442	0.482121	1.75839	-2.15892	3.62329	1.65047	0.455516	1.87096	1.38066	0.468885	0.274526	0.0165437
20065	0.084435	0.117855	3.7177	1.76435	0.474581	1.78589	-2.23629	3.75086	1.73993	0.463875	1.91437	1.44748	0.469204	0.283449	0.0168471
20066	0.00889178	0.0422326	3.90599	1.84439	0.472194	1.75801	-2.28728	3.5137	1.5687	0.446453	1.77375	1.52971	0.460004	0.284532	0.0170683
20067	0.0749776	0.085341	3.80695	1.8838	0.494832	1.64994	-2.31277	3.59285	1.59442	0.443777	2.31844	1.24026	0.470043	0.292566	0.0176479
20068	0.133282	0.108058	3.72657	1.81277	0.486445	1.67368	-2.33995	3.9273	1.77083	0.450903	2.52558	1.18641	0.468208	0.294918	0.017961
20069	-0.0474984	-0.0212705	3.90924	1.87851	0.480531	1.57356	-2.45017	3.80821	1.69755	0.445761	2.24504	1.31391	0.463374	0.292106	0.0182045
20070	-0.0956013	-0.0432218	3.65763	1.84641	0.504811	1.45448	-2.45673	3.60354	1.57127	0.436036	2.42433	1.20137	0.470679	0.298889	0.0184858
20071	-0.0866131	-0.0521467	3.67248	1.74606	0.475443	1.47235	-2.5023	3.68303	1.64744	0.447306	2.4701	1.21518	0.461354	0.30675	0.018772
20072	0.0341437	-0.0167844	3.5897	1.67663	0.467065	1.47518	-2.49982	3.92377	1.80946	0.461153	2.96904	1.03829	0.463978	0.306697	0.0189879
20073	-0.13498	-0.0585589	3.79248	1.6982	0.44778	1.51833	-2.51729	3.8659	1.81635	0.469839	2.21162	1.36672	0.458915	0.300816	0.0192765
20074	-0.147146	-0.0583333	3.43694	1.67082	0.486136	1.49898	-2.48059	3.87271	1.83298	0.473308	2.16529	1.35486	0.479339	0.295203	0.0196781
20075	-0.0680535	-0.0904516	3.5853	1.65146	0.460619	1.55191	-2.47275	3.8333	1.7459	0.455456	2.16264	1.31213	0.457951	0.294701	0.0198084
20076	-0.114417	-0.0986553	3.7966	1.66143	0.43761	1.56573	-2.41986	3.87958	1.79169	0.461825	1.90867	1.41145	0.449848	0.280719	0.0200755
20077	-0.0277617	-0.0751894	3.68981	1.83428	0.497121	1.57691	-2.47471	4.02116	1.84146	0.457943	2.23602	1.28748	0.476691	0.281504	0.0203108
20078	-0.120937	-0.100722	3.78133	1.76573	0.46696	1.52757	-2.48121	3.75143	1.84373	0.491474	2.08522	1.35878	0.479168	0.281963	0.0204731
20079	-0.20035	-0.140354	4.03471	2.04525	0.506914	1.37234	-2.53501	3.95686	1.86487	0.471301	2.31846	1.23668	0.489281	0.268375	0.0208794
20080	-0.138817	-0.077551	4.10878	1.84763	0.449679	1.53711	-2.51692	3.97832	1.78114	0.447713	2.11858	1.40437	0.448712	0.290861	0.0212397
20081	-0.144719	-0.107107	3.81161	1.8714	0.490974	1.47222	-2.47259	3.86076	1.78474	0.462276	2.14019	1.30725	0.476533	0.276831	0.0212899
20082	-0.196995	-0.137038	4.08064	1.96854	0.48241	1.51368	-2.45342	3.82388	1.78746	0.467446	1.83351	1.46321	0.475171	0.263251	0.0214431
20083	-0.0950189	-0.147779	3.94231	1.90955	0.484374	1.49296	-2.48016	3.78655	1.73749	0.45886	2.1573	1.26083	0.471874	0.271716	0.021787
20084	-0.127191	-0.16246	3.57973	1.91734	0.535608	1.42457	-2.50811	3.77889	1.79717	0.475582	2.28494	1.20399	0.504783	0.270337	0.0217234
20085	-0.0458092	-0.11322	3.80661	1.86721	0.490519	1.45112	-2.51063	3.52141	1.73932	0.493927	2.56496	1.1204	0.492157	0.285006	0.0217049
20086	-0.128962	-0.149925	3.76063	1.85354	0.492881	1.49497	-2.50216	3.4578	1.67019	0.483021	2.0981	1.31857	0.488158	0.281995	0.0219812
20087	-0.130319	-0.150691	4.09369	1.77142	0.432719	1.33429	-2.55612	3.71373	1.76678	0.475742	2.69736	1.07255	0.453184	0.290295	0.0220135
20088	-0.21164	-0.255027	3.57486	1.74538	0.488238	1.45719	-2.5725	3.72349	1.71626	0.460927	1.92844	1.3925	0.474305	0.279574	0.0220666
20089	-0.187557	-0.254631	3.74992	1.78847	0.476937	1.47127	-2.52242	3.74962	1.6045	0.427912	1.86899	1.37585	0.452425	0.274903	0.0222912
20090	-0.288341	-0.253738	3.75135	1.66528	0.443915	1.43747	-2.57086	3.64293	1.66677	0.457536	1.80265	1.48921	0.450626	0.28726	0.0224292
20091	-0.221877	-0.2852	3.76643	1.73907	0.46173	1.58185	-2.49035	3.75248	1.78253	0.475028	1.49463	1.62671	0.468366	0.256713	0.0225206
20092	-0.2501	-0.27606	3.82136	1.79175	0.468877	1.5309	-2.5076	3.91897	1.73354	0.442346	1.56995	1.58597	0.455444	0.261079	0.0227446
20093	-0.302575	-0.301843	3.85098	1.91808	0.498075	1.52081	-2.48813	3.81488	1.82228	0.477677	1.43768	1.66236	0.487924	0.242217	0.0231411
20094	-0.378839	-0.351428	3.81912	1.78942	0.468543	1.53247	-2.45208	3.88622	1.8426	0.474136	1.20795	1.82655	0.471364	0.233065	0.0235114
20095	-0.333697	-0.370442	4.04403	1.82036	0.450137	1.49894	-2.49414	3.68452	1.78233	0.483734	1.34286	1.67928	0.466154	0.238456	0.0235328
20096	-0.381557	-0.37096	4.01271	1.7862	0.445135	1.45821	-2.55182	3.70801	1.80429	0.486592	1.40517	1.69238	0.465046	0.248871	0.023798
20097	-0.40481	-0.365759	3.80347	1.71764	0.451599	1.51114	-2.51696	3.55833	1.73407	0.487327	1.26065	1.83544	0.468868	0.251128	0.0244287
20098	-0.404638	-0.337644	3.51698	1.59241	0.452779	1.51247	-2.50005	3.70557	1.73519	0.468265	1.27228	1.83766	0.460724	0.260071	0.0246031
20099	-0.361704	-0.317694	3.70633	1.6247	0.438358	1.49252	-2.48876	3.707	1.79199	0.483408	1.37095	1.71908	0.460885	0.256541	0.024985
20100	-0.396678	-0.372377	3.54443	1.74045	0.491039	1.3276	-2.62882	3.66238	1.72188	0.470154	1.71251	1.48657	0.480426	0.268911	0.0252635
20101	-0.332465	-0.37592	3.54678	1.73029	0.487848	1.3367	-2.60075	3.42869	1.65939	0.483973	1.77661	1.39306	0.485943	0.267534	0.0255323
20102	-0.512572	-0.407643	3.6777	1.77329	0.482173	1.45678	-2.58893	3.56717	1.7063	0.478334	1.22681	1.93918	0.480283	0.254856	0.0256518
20103	-0.355179	-0.399365	3.86285	1.86244	0.482141	1.35209	-2.64291	3.89345	1.76198	0.45255	1.72689	1.45738	0.467287	0.257812	0.0259014
20104	-0.328537	-0.30324	3.88816	1.82886	0.470368	1.31916	-2.70181	4.10958	1.94766	0.473932	2.11908	1.35745	0.472199	0.275907	0.0260355
20105	-0.293374	-0.346815	3.65261	1.74691	0.478263	1.30886	-2.70102	3.78338	1.93128	0.510465	2.15892	1.28358	0.494647	0.273724	0.0264356
20106	-0.267282	-0.295758	3.37711	1.74566	0.516911	1.32059	-2.69807	3.58599	1.67556	0.467252	2.28892	1.26066	0.491337	0.296728	0.0269134
20107	-0.405485	-0.313313	3.65834	1.73635	0.474627	1.31504	-2.71219	3.85749	1.76228	0.456846	1.94398	1.4801	0.465501	0.291489	0.0270237
20108	-0.474833	-0.397242	3.55883	1.6913	0.475242	1.30431	-2.68134	3.71969	1.89659	0.509878	1.64819	1.58268	0.492943	0.266703	0.0273479
20109	-0.289254	-0.309428	3.85709	1.7813	0.461826	1.28789	-2.77368	4.14628	1.8644	0.449656	2.44133	1.24369	0.455521	0.294097	0.0276187
20110	-0.369535	-0.283171	4.0712	1.89112	0.464513	1.27342	-2.73561	3.77334	1.94304	0.514939	2.22816	1.34965	0.488769	0.281794	0.0277676
20111	-0.267324	-0.29206	3.68374	1.73577	0.471198	1.35129	-2.68548	3.91606	1.98121	0.505918	2.18652	1.30995	0.489089	0.27823	0.028023
20112	-0.224662	-0.232443	3.61824	1.71476	0.473921	1.23173	-2.76316	3.74669	1.86258	0.497127	3.01946	1.06054	0.485727	0.309297	0.0282856
20113	-0.209563	-0.235697	3.99257	1.80742	0.452695	1.22231	-2.76155	3.79125	1.85323	0.488817	3.11176	1.02513	0.470289	0.303586	0.0283497
20114	-0.281226	-0.229675	3.76386	1.92973	0.5127	1.16117	-2.7954	3.77245	1.87549	0.497153	3.16411	1.04025	0.504918	0.302022	0.0284692
20115	-0.17292	-0.174294	3.99522	1.89111	0.473345	1.13311	-2.81479	3.80927	1.76765	0.464038	4.08756	0.852862	0.468802	0.322789	0.0287529
20116	-0.234921	-0.231247	3.96516	1.9397	0.489184	1.24374	-2.85004	3.83269	1.7914	0.4674	3.13665	1.09322	0.478477	0.314952	0.0288057
20117	-0.239744	-0.218348	4.09095	1.94219	0.474752	1.1498	-2.85373	4.00228	1.77265	0.442909	3.597	0.965418	0.459005	0.31863	0.0290666
20118	-0.219881	-0.218974	3.88234	1.95831	0.504416	1.1859	-2.81596	3.94877	1.79534	0.454658	3.41275	0.988105	0.479326	0.310063	0.0293263
20119	-0.206788	-0.197899	3.60679	1.87017	0.518513	1.13572	-2.8166	3.66417	1.71934	0.469231	3.80487	0.901159	0.493677	0.323342	0.0296933
20120	-0.291311	-0.232398	4.01109	1.76109	0.439056	1.18713	-2.78803	3.74734	1.64482	0.438929	2.98807	1.09289	0.438995	0.324163	0.029934
20121	-0.148195	-0.209372	3.77171	1.75741	0.465946	1.20781	-2.76712	3.79299	1.72305	0.454272	3.55792	0.919372	0.460092	0.319798	0.0303173
20122	-0.182982	-0.208772	3.94157	1.83595	0.465792	1.18552	-2.7983	4.23872	1.88351	0.444358	3.58055	0.936399	0.454686	0.310791	0.0304169
20123	-0.191951	-0.208015	3.78883	1.70058	0.44884	1.22313	-2.80607	3.74792	1.93289	0.515722	3.37082	1.00122	0.4821	0.317247	0.0308068
20124	-0.345803	-0.292265	3.73775	1.63213	0.436662	1.22152	-2.75575	3.48968	1.7507	0.501679	2.47048	1.22825	0.468055	0.309736	0.0309592
20125	-0.311631	-0.299803	3.59504	1.67129	0.464888	1.16496	-2.78837	3.71964	1.6918	0.454827	2.84038	1.09016	0.459772	0.315347	0.0311292
20126	-0.349066	-0.342346	3.45403	1.65921	0.480369	1.20638	-2.82876	3.57489	1.6916	0.47319	2.55528	1.2097	0.476717	0.315764	0.0314006
20127	-0.308387	-0.326789	3.72195	1.7231	0.462958	1.24023	-2.75971	3.68804	1.73723	0.471044	2.46813	1.1991	0.466982	0.299648	0.0319746
20128	-0.350668	-0.366834	3.60983	1.78996	0.495857	1.14859	-2.75438	3.70356	1.72249	0.46509	2.53602	1.12389	0.480277	0.288727	0.0324157
20129	-0.280651	-0.284052	3.74744	1.70189	0.454149	1.20059	-2.69094	3.89608	1.78903	0.459188	2.64035	1.09703	0.456717	0.293324	0.0323877
20130	-0.263598	-0.307752	3.62335	1.82984	0.505013	1.34714	-2.66048	3.78346	1.68724	0.445952	2.13349	1.29724	0.474844	0.282463	0.0328426
20131	-0.322453	-0.339221	3.82082	1.84579	0.483087	1.45007	-2.58584	3.71431	1.64746	0.443545	1.60647	1.57093	0.463595	0.265461	0.0331753
20132	-0.380601	-0.364235	3.55617	1.70246	0.478735	1.28072	-2.63126	3.8518	1.76701	0.45875	1.86211	1.37999	0.468344	0.270347	0.0333008
20133	-0.407815	-0.402977	3.54794	1.64122	0.462585	1.3072	-2.70285	3.84386	1.75333	0.456138	1.79833	1.47065	0.459233	0.280444	0.0332803
20134	-0.395575	-0.365192	3.76135	1.63958	0.435901	1.38026	-2.64717	3.69003	1.78746	0.484402	1.65127	1.57679	0.45992	0.275398	0.0335253
20135	-0.411596	-0.359059	3.79933	1.70144	0.447826	1.3615	-2.64973	4.00019	1.89179	0.472926	1.66901	1.57194	0.460699	0.267536	0.0336999
20136	-0.455222	-0.364825	3.57646	1.61191	0.4507	1.34998	-2.67816	3.78833	1.72004	0.454037	1.6422	1.62937	0.452417	0.286597	0.034043
20137	-0.397733	-0.347306	3.61165	1.6422	0.454696	1.26943	-2.69274	3.63346	1.72931	0.475941	1.97921	1.38972	0.46535	0.28983	0.034456
20138	-0.330533	-0.350787	3.52199	1.78915	0.507994	1.30444	-2.7301	3.65806	1.80873	0.494449	2.11778	1.33658	0.501093	0.282415	0.0345527
20139	-0.328139	-0.368799	3.79587	1.8391	0.484501	1.31818	-2.75375	3.49995	1.83431	0.524095	2.09862	1.35518	0.503495	0.279176	0.0349842
20140	-0.293475	-0.302586	3.54743	1.74769	0.492664	1.1965	-2.7605	3.67404	1.61643	0.439959	2.7213	1.11001	0.46585	0.309954	0.0354312
20141	-0.379173	-0.342568	3.97077	1.82284	0.459065	1.22438	-2.75021	3.70339	1.53389	0.414187	2.25434	1.28569	0.437407	0.301648	0.035683
20142	-0.403396	-0.340788	4.19968	1.8736	0.44613	1.1806	-2.76484	3.50607	1.62425	0.463269	2.34195	1.25452	0.453928	0.295867	0.0356911
20143	-0.291314	-0.315557	3.96248	1.82618	0.46087	1.25611	-2.74155	4.03958	1.82483	0.451738	2.45788	1.19726	0.45626	0.287343	0.0357305
20144	-0.368719	-0.327925	3.94223	1.76507	0.447734	1.25287	-2.72751	3.68007	1.78105	0.483973	2.18972	1.31478	0.465231	0.288833	0.035964
20145	-0.275737	-0.295237	3.90899	1.85806	0.47533	1.28068	-2.75393	3.72419	1.72734	0.463815	2.49549	1.21122	0.469712	0.296629	0.0363159
20146	-0.331435	-0.299537	4.04038	1.82186	0.450912	1.26983	-2.81781	3.77938	1.79362	0.474581	2.47333	1.28202	0.462352	0.304943	0.0363493
20147	-0.308222	-0.25005	3.88193	1.91382	0.493008	1.11389	-2.87489	3.59811	1.79692	0.499406	3.40676	1.0112	0.496085	0.317132	0.0365813
20148	-0.24962	-0.240873	3.53149	1.84912	0.523609	1.07487	-2.91447	4.07504	1.8572	0.45575	4.07467	0.87714	0.487255	0.325417	0.0367295
20149	-0.261394	-0.262354	3.76357	1.80878	0.480603	1.05887	-2.99063	3.97294	1.73362	0.436355	4.27024	0.871553	0.45788	0.34451	0.0367763
20150	-0.201218	-0.193507	3.82878	1.80515	0.471469	0.954295	-3.03426	3.68446	1.69056	0.458835	6.0439	0.667605	0.465273	0.366052	0.0370933
20151	-0.166094	-0.132819	3.62779	1.57355	0.433748	0.960273	-3.04745	3.66141	1.69479	0.462881	6.69588	0.634351	0.448382	0.393986	0.0370428
20152	-0.069616	-0.131101	3.55031	1.69206	0.476596	0.934224	-3.03647	3.59744	1.59751	0.444067	8.37669	0.503848	0.460224	0.390924	0.0374525
20153	-0.109689	-0.10305	3.60474	1.72605	0.478828	1.0758	-2.95136	3.61178	1.6597	0.459525	5.77272	0.702691	0.469167	0.374744	0.0377287
20154	-0.183249	-0.144108	3.81103	1.74938	0.45903	1.03377	-2.96276	3.67127	1.70424	0.464209	5.36403	0.740563	0.461571	0.365239	0.0378864
20155	-0.0619112	-0.105454	3.95593	1.90573	0.481739	0.967789	-3.0046	3.66817	1.75716	0.479029	7.92715	0.530141	0.480435	0.364655	0.0384026
20156	0.05094	-0.0380337	4.05828	1.87413	0.461805	1.04099	-3.0212	3.41538	1.68631	0.493739	9.07906	0.4901	0.476398	0.384686	0.0387675
20157	0.0223027	-0.0125295	3.52435	1.67441	0.475097	0.999364	-2.97866	3.65199	1.75524	0.480626	9.21589	0.477324	0.477911	0.390851	0.0390996
20158	-0.0277891	0.0147742	3.70117	1.75329	0.473713	0.983117	-2.99059	3.91042	1.83285	0.46871	8.8384	0.510965	0.471143	0.386494	0.0395242
20159	0.0525573	0.101205	3.89423	1.83158	0.47033	1.1024	-2.91739	3.81181	1.80333	0.473089	8.26735	0.55108	0.471695	0.385376	0.0394065
20160	-0.0110327	-0.00406378	3.79465	1.90641	0.502394	1.12825	-2.94159	3.82188	1.83196	0.479336	6.64814	0.648984	0.490823	0.366026	0.0395584
20161	-0.0809555	-0.105917	3.90956	1.7973	0.459719	1.10859	-2.92993	3.725	1.67327	0.4492	5.63603	0.707504	0.454586	0.364984	0.0400179
20162	-0.13834	-0.13379	3.70116	1.86012	0.502576	1.06506	-2.9578	3.63328	1.68431	0.463579	5.50702	0.72408	0.483258	0.360118	0.0401432
20163	-0.08753	-0.1801	4.19485	2.00104	0.477023	1.03352	-2.97174	3.95129	1.672	0.423153	6.20113	0.628376	0.450893	0.346705	0.0401298
20164	-0.213629	-0.147227	3.81317	1.9848	0.520511	1.11273	-2.98338	3.79229	1.7452	0.460197	4.5723	0.879615	0.490437	0.350394	0.040468
20165	-0.131125	-0.145439	3.93002	1.96954	0.501151	1.06005	-2.93433	3.73653	1.79903	0.481472	5.48165	0.709448	0.49156	0.340469	0.0406668
20166	-0.178529	-0.149671	3.89129	1.96495	0.50496	1.05186	-2.92634	3.83037	1.71751	0.448392	5.09287	0.75693	0.476899	0.343695	0.0410975
20167	-0.203113	-0.200265	3.87965	1.96972	0.507705	1.04105	-2.92533	3.76822	1.81336	0.481224	4.79734	0.773968	0.494658	0.329302	0.041241
20168	-0.169344	-0.202707	3.83384	1.85632	0.484193	1.07685	-2.91523	4.06117	1.82093	0.448375	4.7378	0.776498	0.465768	0.333544	0.0416991
20169	-0.277574	-0.261325	3.58488	1.87378	0.522691	1.15811	-2.90122	3.86223	1.75624	0.454723	3.38106	1.0306	0.487441	0.324415	0.0420198
20170	-0.304481	-0.265388	4.10699	1.88547	0.459088	1.09124	-2.98455	3.67289	1.7682	0.48142	3.79555	0.974014	0.469631	0.336065	0.0424013
20171	-0.25712	-0.297311	4.08373	1.77822	0.435439	0.965557	-2.98177	3.83197	1.77576	0.463407	4.8205	0.747469	0.448978	0.336507	0.0427839
20172	-0.431757	-0.3516	3.6685	1.77091	0.482735	1.02831	-2.98974	4.1483	1.76978	0.426627	3.26473	1.0659	0.452959	0.329606	0.0428285
20173	-0.368545	-0.454681	3.7163	1.85077	0.498015	0.994268	-3.02648	3.82505	1.85884	0.485966	3.56123	0.92863	0.491903	0.30842	0.0432685
20174	-0.46364	-0.450586	3.81991	1.76723	0.462636	0.924998	-3.06325	3.89634	1.8599	0.477346	3.53987	0.964158	0.470064	0.320059	0.0438107
20175	-0.46384	-0.491817	3.93465	1.81687	0.461762	0.862954	-3.1069	3.75825	1.82051	0.484403	3.88475	0.88019	0.472823	0.319848	0.0441166
20176	-0.54679	-0.552371	4.19238	1.93032	0.460436	0.74796	-3.14938	3.74462	1.71867	0.45897	4.02324	0.838189	0.459744	0.31615	0.0444002
20177	-0.62859	-0.5851	3.95586	1.83361	0.463517	0.885302	-3.16068	3.58739	1.8039	0.502845	2.89441	1.14593	0.482221	0.313255	0.0446713
20178	-0.47471	-0.596874	3.73685	1.84122	0.492721	0.84954	-3.11814	3.70366	1.73227	0.467719	3.62492	0.876819	0.480276	0.30793	0.0449361
20179	-0.555468	-0.546894	3.7242	1.83112	0.491683	0.904716	-3.10131	3.76856	1.78086	0.472556	3.06034	1.06607	0.482063	0.311225	0.0450351
20180	-0.531059	-0.549043	3.57294	1.77291	0.496205	0.93027	-3.09874	3.6298	1.79587	0.494756	3.04424	1.06774	0.495475	0.313013	0.0453635
20181	-0.443294	-0.391434	3.55663	1.69817	0.477466	1.13924	-2.93574	3.50327	1.69192	0.482956	2.58485	1.2522	0.48019	0.323237	0.0462287
20182	-0.401614	-0.381753	3.92294	1.80063	0.459001	1.06263	-2.96978	3.2624	1.62629	0.498494	3.12399	1.07201	0.476932	0.328348	0.0464559
20183	-0.316842	-0.403679	3.9831	1.83161	0.459845	1.00493	-3.04459	3.42509	1.58045	0.461434	3.99207	0.873536	0.460579	0.338305	0.0465737
20184	-0.423507	-0.398205	3.73444	1.80403	0.483081	0.951177	-3.03623	3.88263	1.8504	0.476583	3.68257	0.944879	0.479769	0.322638	0.0467405
20185	-0.480038	-0.399605	3.74048	1.83582	0.490798	1.03179	-3.02285	3.9318	1.89215	0.481242	3.01073	1.14281	0.485901	0.315866	0.0471485
20186	-0.345763	-0.294344	3.71634	1.76328	0.474468	1.11529	-2.88971	4.01974	1.91073	0.475336	3.1555	1.06734	0.474919	0.314402	0.047327
20187	-0.278925	-0.317499	3.70688	1.7157	0.462841	1.15943	-2.86335	3.95829	1.74553	0.440982	3.13278	1.03444	0.451553	0.318973	0.0473867
20188	-0.272007	-0.310367	3.83899	1.75687	0.45764	1.08652	-2.88917	4.12526	1.73451	0.42046	3.60328	0.922798	0.438382	0.322689	0.0476335
20189	-0.344805	-0.320697	3.69534	1.70899	0.462471	1.06767	-2.94183	3.8268	1.70947	0.44671	3.44362	0.997547	0.454453	0.33453	0.0476322
20190	-0.251651	-0.287022	3.85117	1.78368	0.463153	1.01948	-2.94718	3.81441	1.7487	0.458447	4.37958	0.807887	0.460811	0.333811	0.0480112
20191	-0.304029	-0.331316	4.00626	2.05902	0.513949	0.892666	-3.01077	3.83025	1.97395	0.515359	5.01331	0.716039	0.514638	0.308088	0.0484496
20192	-0.388573	-0.389952	3.98102	2.0183	0.506981	1.08695	-2.95621	3.68603	1.87127	0.507667	3.02488	1.08858	0.507311	0.297507	0.0487479
20193	-0.447226	-0.393815	3.86596	1.98945	0.514606	0.952359	-3.01683	3.72595	1.78759	0.479768	3.5124	0.97942	0.497508	0.313011	0.0489127
20194	-0.424341	-0.388944	3.85014	1.80066	0.467687	1.02921	-2.97004	3.81637	1.86057	0.487524	3.15318	1.0564	0.477561	0.312777	0.0492078
20195	-0.297356	-0.322073	3.73409	1.79166	0.479812	0.929142	-3.03983	3.7221	1.86946	0.502259	4.91008	0.752149	0.491017	0.335381	0.0494886
20196	-0.437803	-0.387055	3.92662	1.70741	0.434829	1.0054	-3.03048	3.69992	2.03904	0.551105	3.35492	1.04141	0.491239	0.318115	0.0498809
20197	-0.459533	-0.42645	3.78478	1.81863	0.480511	1.05793	-3.02525	4.10172	1.88937	0.460628	2.93296	1.15135	0.47017	0.312988	0.0500424
20198	-0.437785	-0.386996	3.6976	1.76842	0.478262	0.909281	-3.05477	3.56957	1.83052	0.512813	3.92212	0.907293	0.495233	0.330938	0.0503025
20199	-0.357612	-0.382792	4.07451	1.79269	0.439976	0.958675	-3.04351	3.83305	1.98034	0.51665	4.08599	0.866306	0.477142	0.319411	0.0502539
20200	-0.343734	-0.343531	3.77392	1.78429	0.472795	0.864033	-3.09578	4.12657	2.06398	0.500167	5.1929	0.729351	0.487092	0.329913	0.0503936
20201	-0.353864	-0.336439	4.00449	1.6036	0.40045	0.806621	-3.18124	3.69401	1.85053	0.500953	6.00933	0.673363	0.448675	0.369497	0.0505401
20202	-0.359246	-0.329402	3.74167	1.82384	0.487442	0.962715	-3.12007	3.91437	1.87643	0.479368	4.45635	0.87379	0.483314	0.344876	0.0509804
20203	-0.298923	-0.311675	4.12946	1.74383	0.42229	0.795602	-3.17476	3.92874	1.84965	0.470801	6.84254	0.598992	0.445941	0.363289	0.0510999
20204	-0.246472	-0.202657	3.81239	1.87931	0.492949	0.696918	-3.20597	3.62159	1.87958	0.518994	10.1349	0.444993	0.505637	0.375079	0.051563
20205	-0.12729	-0.136272	3.83308	1.96563	0.512807	0.66487	-3.26262	3.77977	1.87543	0.496175	15.5757	0.313759	0.504549	0.38893	0.0516003
20206	-0.0700091	-0.0763492	3.94718	1.93398	0.489965	0.845241	-3.25536	3.72089	1.90927	0.513123	12.0644	0.418841	0.501202	0.396762	0.051715
20207	-0.103226	-0.106335	4.07998	1.85964	0.455797	0.806988	-3.19131	3.90966	1.90939	0.488378	11.4872	0.414244	0.47174	0.387098	0.0518617
20208	-0.0351094	-0.100417	3.87151	1.80745	0.46686	0.897476	-3.12968	3.77382	1.78646	0.473383	10.5511	0.434857	0.47008	0.389742	0.0517738
20209	-0.134316	-0.0719602	3.68663	1.71797	0.465999	0.772131	-3.20794	3.79677	1.82705	0.481211	11.9691	0.410824	0.473717	0.409641	0.0518294
20210	-0.0597444	-0.0492984	3.89378	1.77559	0.456006	0.792272	-3.21201	3.74198	1.82215	0.486948	13.7791	0.362966	0.471169	0.410175	0.0518152
20211	0.00202121	-0.0668478	3.66506	1.7006	0.464002	0.687902	-3.26261	3.63803	1.93231	0.531143	21.7096	0.235216	0.497448	0.412854	0.05233
20212	0.0406766	0.0410949	4.12435	1.8508	0.448749	0.779557	-3.23341	4.09372	1.89728	0.463462	19.6401	0.272972	0.456078	0.417096	0.0525081
20213	0.116647	0.0631689	3.84929	1.88636	0.490055	0.812192	-3.17219	4.06994	1.89904	0.466601	21.6368	0.241892	0.478001	0.408863	0.0524855
20214	0.102032	0.030622	3.895	1.76365	0.452798	0.81094	-3.20372	3.77222	1.81447	0.481009	20.8158	0.251276	0.466678	0.422388	0.0525206
20215	0.068204	0.0687804	3.6797	1.98663	0.539888	0.882086	-3.1808	3.83389	1.90026	0.495647	15.9416	0.331202	0.517314	0.404596	0.0528621
20216	0.0586256	0.0911145	3.80597	1.80973	0.475498	0.865727	-3.17206	3.88413	1.70359	0.438604	16.3465	0.325707	0.456863	0.431201	0.0530985
20217	0.0707363	0.109334	3.56166	1.7061	0.479017	0.74594	-3.22409	3.54901	1.77801	0.500988	24.3731	0.22795	0.489983	0.443737	0.0534776
20218	-0.0144317	0.0101217	3.5689	1.74512	0.48898	0.804045	-3.16682	3.89601	1.6778	0.430646	15.0663	0.334952	0.458535	0.42447	0.0540439
20219	-0.0100418	0.0200577	3.4657	1.70171	0.491015	0.888252	-3.16639	4.08929	1.81875	0.44476	12.5828	0.403466	0.465978	0.419076	0.0540991
20220	0.0125805	0.0698318	3.70765	1.66961	0.450314	0.806708	-3.1718	3.79551	1.85741	0.489369	16.6628	0.315319	0.47007	0.427003	0.0543819
20221	0.0554111	0.121631	3.81461	1.79632	0.470904	0.744754	-3.19174	3.54427	1.68704	0.475992	23.103	0.237597	0.473354	0.440814	0.0547185
20222	0.132027	0.0574634	3.57755	1.74506	0.48778	0.800146	-3.20992	3.76588	1.88209	0.499776	23.9163	0.223191	0.493931	0.424028	0.0550528
20223	0.0366359	0.00716586	3.88635	1.78277	0.458726	0.803495	-3.15132	3.84682	1.88936	0.491148	16.9639	0.294036	0.474854	0.404589	0.0553194
20224	0.0261836	0.0310851	3.64299	1.78155	0.489035	0.845811	-3.13408	3.96928	1.85381	0.467039	14.9128	0.335894	0.477565	0.408035	0.0558635
20225	0.0264503	0.0117937	3.81486	1.8208	0.47729	0.942748	-3.07986	3.92065	1.91212	0.487704	11.3844	0.419801	0.482569	0.390415	0.0561365
20226	0.0399685	0.0013804	3.7814	1.78962	0.473268	0.848898	-3.12273	4.26111	1.9198	0.450541	14.9153	0.327183	0.461227	0.396906	0.056221
20227	-0.0988246	-0.110793	3.67936	1.78532	0.485225	0.820474	-3.15225	3.75194	1.78115	0.474729	10.9458	0.422555	0.479926	0.393482	0.0563438
20228	-0.0559097	-0.108774	3.7694	1.89279	0.502146	0.955202	-3.14974	3.97467	1.97885	0.497865	9.04533	0.511174	0.499949	0.373994	0.0568361
20229	-0.0399408	0.00914256	3.65688	1.91337	0.523225	0.886752	-3.12086	3.53155	1.84893	0.523545	11.4082	0.42938	0.523382	0.394423	0.0570734
20230	0.0567602	0.0544265	4.00041	1.95224	0.488011	0.885046	-3.15351	4.23375	2.01187	0.475198	15.0	0.343029	0.481423	0.393691	0.057478
20231	0.0630038	0.0788695	4.05766	1.85374	0.456849	0.769071	-3.16583	3.66634	1.89127	0.515847	21.1182	0.249265	0.484854	0.412856	0.0577724
20232	-0.0018082	0.0809956	3.75241	1.90978	0.508948	0.850669	-3.11224	3.79574	1.85712	0.489264	14.0313	0.363359	0.49905	0.403723	0.0581657
20233	0.0519332	0.0120422	3.63206	1.81991	0.501069	0.860688	-3.14302	3.77871	1.81617	0.480632	15.2188	0.327042	0.490648	0.406444	0.0583096
20234	-0.00803012	-0.00125566	3.71899	1.72143	0.462876	0.905029	-3.15545	3.93113	1.83882	0.467759	11.9338	0.416838	0.465385	0.411405	0.058765
20235	0.0540859	0.00495121	3.9513	1.75001	0.442896	0.955668	-3.11127	3.60456	1.83301	0.508526	11.9466	0.406425	0.474205	0.404016	0.0585709
20236	-0.00206041	-0.00936354	3.86495	1.73382	0.4486	0.916982	-3.06134	4.01722	1.91478	0.476642	11.0278	0.422319	0.462892	0.389703	0.0592873
20237	-0.0322261	-0.0264095	3.79556	1.83717	0.484032	1.00927	-3.02586	3.7404	1.81481	0.485191	8.29406	0.542357	0.484608	0.381259	0.0600136
20238	-0.0576877	0.0148773	3.91692	1.84426	0.470844	1.06788	-2.9618	3.87913	1.89671	0.488952	6.99394	0.633451	0.479854	0.372029	0.060271
20239	-0.0557198	0.0312042	3.97673	1.78144	0.447967	1.04741	-2.99009	3.69657	1.85293	0.501257	7.50123	0.60845	0.473639	0.385834	0.0606395
20240	0.0547409	0.0499577	3.79189	1.85613	0.489501	0.965779	-3.01169	4.00429	1.92109	0.479757	11.2937	0.414996	0.484496	0.382991	0.0611168
20241	0.0920076	0.0381061	3.71122	1.74141	0.469228	0.999665	-2.98368	3.71177	1.74972	0.471397	11.0837	0.411921	0.470313	0.395483	0.0613455
20242	-0.0374582	0.0586439	3.84184	1.82881	0.476026	1.07056	-2.98521	4.06347	1.90869	0.469719	7.54672	0.613847	0.472784	0.382734	0.0612513
20243	0.177588	0.090203	3.97902	1.77483	0.446047	1.23302	-2.86389	4.00141	1.94434	0.485913	7.83406	0.556969	0.466036	0.369838	0.0613947
20244	0.0325506	0.00620652	3.72254	1.84749	0.496298	1.19133	-2.85984	3.77256	1.9442	0.515352	6.11739	0.671382	0.505888	0.351434	0.0612805
20245	-0.0416233	0.0131845	3.62612	1.73311	0.477951	1.13123	-2.87006	3.59818	1.72186	0.478536	6.04335	0.687789	0.478242	0.375715	0.0613764
20246	-0.0207325	-0.0329505	3.80168	1.77563	0.467065	1.16889	-2.85284	3.55079	1.78926	0.503905	5.61885	0.707598	0.484857	0.35812	0.0618483
20247	0.0790018	-0.000258174	3.82454	1.91047	0.499529	1.18891	-2.87616	3.87032	1.90011	0.490944	6.71386	0.615952	0.495211	0.351868	0.0624779
20248	0.0472035	-0.00368551	3.81408	1.91827	0.502944	1.0501	-2.93628	3.56405	1.80036	0.505144	8.55056	0.502898	0.504007	0.366474	0.0629019
20249	0.0151199	0.0206667	3.69335	1.85336	0.501809	1.13217	-2.86176	4.00026	1.81764	0.454379	6.65844	0.6239	0.477148	0.36147	0.0631896
20250	0.0205399	0.0473855	3.99236	1.90865	0.478075	1.11112	-2.914	3.89405	1.98093	0.508707	7.37343	0.594688	0.4932	0.360595	0.0636701
20251	0.14001	0.10892	3.95437	1.75803	0.44458	1.00428	-2.99788	4.01831	2.01525	0.501516	12.9219	0.373483	0.473276	0.39018	0.0639161
20252	0.169238	0.136694	3.73065	1.86174	0.499039	1.02056	-3.05697	3.84235	1.92055	0.499838	14.0732	0.362375	0.499444	0.402807	0.0644241
20253	0.114362	0.0596432	4.27775	2.16932	0.507117	1.10309	-2.91569	3.89615	2.00142	0.513691	9.05557	0.488795	0.510251	0.346792	0.0645793
20254	0.000445197	-0.00192452	3.69575	1.76673	0.478044	1.09458	-2.92277	4.04117	1.97085	0.487692	7.12651	0.598564	0.483084	0.363435	0.064792
20255	0.0909708	0.0402565	3.86436	1.94689	0.503807	1.1048	-2.89648	4.14927	1.90699	0.459596	8.39081	0.513922	0.480916	0.35887	0.0650556
20256	-0.0159236	0.0310048	4.01301	1.77763	0.442967	1.0414	-2.92728	4.13886	1.90005	0.459076	7.82831	0.558962	0.451146	0.373119	0.0653656
20257	0.00107936	0.0273121	3.81289	1.83465	0.481169	1.01098	-2.88454	3.81605	1.97206	0.51678	8.31353	0.509945	0.498982	0.357788	0.0653424
20258	0.0262984	0.0650793	3.95815	1.86466	0.471093	1.1844	-2.85942	3.83973	1.80251	0.469436	6.37684	0.670605	0.470277	0.368428	0.065599
20259	-0.000207324	0.0737838	3.61322	1.80089	0.498416	1.1079	-2.91454	3.86791	1.92677	0.498142	7.27265	0.613947	0.498274	0.374689	0.065771
20260	0.146359	0.0363597	3.79573	1.81608	0.478453	1.07342	-2.90184	3.89274	1.87948	0.482816	10.0448	0.429725	0.480662	0.368809	0.0658901
20261	0.0559056	0.0474785	3.73146	1.9097	0.511784	1.13733	-2.88595	3.98182	1.82073	0.45726	7.35803	0.584737	0.483637	0.365871	0.0658643
20262	0.0265209	0.00807951	4.11338	1.92297	0.467491	1.08498	-2.89788	3.76636	1.80714	0.479809	7.53752	0.56017	0.473379	0.361536	0.0661487
20263	0.0539539	0.0347759	3.73874	1.78601	0.477703	1.10408	-2.91008	3.92833	1.79247	0.456293	7.86397	0.551386	0.466734	0.377397	0.0663397
20264	-0.021848	-0.0191844	3.69992	1.89985	0.513483	1.09963	-2.89129	3.68473	1.67669	0.455039	6.5587	0.628859	0.484321	0.365842	0.0667594
20265	0.0364105	0.00450219	3.98636	1.96292	0.492409	1.19394	-2.88411	3.58059	1.66562	0.465181	6.22756	0.669933	0.479525	0.365152	0.0668774
20266	-0.0938471	-0.073552	3.63657	1.84392	0.50705	1.02267	-2.95764	3.87863	1.74913	0.450965	6.67249	0.623302	0.478104	0.366705	0.0665045
20267	-0.237424	-0.185453	4.00173	1.93085	0.482503	1.02092	-2.95885	3.90821	1.82606	0.467237	4.85761	0.791718	0.47496	0.338666	0.0668127
20268	-0.240164	-0.228256	4.05205	1.98752	0.490498	1.04263	-2.98189	3.76754	1.8941	0.502743	4.60785	0.82278	0.496397	0.328229	0.0671332
20269	-0.14726	-0.239779	3.97136	1.86992	0.470851	1.13382	-2.96536	3.67283	1.79304	0.48819	4.52653	0.820584	0.479182	0.336552	0.0671616
20270	-0.305414	-0.237627	3.87968	1.73986	0.448455	1.06679	-3.02949	3.59518	1.72648	0.480222	4.13953	0.941471	0.463734	0.359974	0.0675601
20271	-0.249292	-0.226375	3.44494	1.6872	0.489761	0.871953	-3.09862	3.84148	1.95738	0.509537	6.5621	0.628595	0.500188	0.361503	0.0678145
20272	-0.133684	-0.175346	3.76464	1.71484	0.455512	0.736799	-3.13993	3.86066	1.73561	0.449562	11.5987	0.37887	0.4525	0.389166	0.0680857
20273	-0.234768	-0.184786	3.75043	1.80419	0.481062	0.857948	-3.09351	3.90968	1.78821	0.457381	7.08581	0.597013	0.468975	0.370706	0.0683267
20274	-0.195357	-0.138296	3.97007	1.80191	0.453873	0.912897	-3.08598	3.86502	1.76547	0.456783	7.07429	0.614113	0.455308	0.378578	0.0687283
20275	-0.138769	-0.121299	4.00851	1.81309	0.452309	0.916944	-3.02522	3.83669	1.65601	0.431624	7.5662	0.557265	0.442193	0.378113	0.0688478
20276	-0.072982	-0.144853	4.30291	1.96597	0.456893	1.01689	-3.00471	3.72351	1.80442	0.484601	6.88553	0.593912	0.469747	0.351734	0.0691368
20277	-0.079919	-0.135589	4.01292	1.96834	0.4905	0.909763	-3.04829	4.01921	1.97918	0.492431	8.66167	0.489736	0.491466	0.349619	0.0691064
20278	-0.0875925	-0.0975165	3.80559	1.80124	0.473314	0.898776	-3.05306	3.73252	1.87356	0.501955	8.97832	0.486461	0.487496	0.372869	0.0693513
20279	-0.227016	-0.172167	4.00686	1.91343	0.477539	0.842003	-3.15705	3.76398	1.81407	0.481956	7.79622	0.571402	0.479678	0.37416	0.0694527
20280	-0.187464	-0.184958	3.75223	1.93786	0.516457	0.859282	-3.11643	3.84284	1.7901	0.465828	7.84314	0.547839	0.490841	0.365715	0.0696094
20281	-0.0867691	-0.136225	4.1974	1.97573	0.470703	0.949733	-3.04727	3.63725	1.79929	0.494684	7.88785	0.537168	0.481836	0.359583	0.0700285
20282	-0.203331	-0.183477	3.60602	1.86914	0.518339	1.08867	-2.9305	3.91087	1.78257	0.455798	4.52064	0.83463	0.4858	0.34075	0.0703475
20283	-0.186251	-0.156288	3.84703	1.90983	0.496443	0.995613	-2.93036	3.74621	1.74582	0.466022	5.50935	0.698401	0.481435	0.344922	0.0705017
20284	-0.222178	-0.196398	3.93031	1.88217	0.478886	0.94436	-3.0178	3.81947	1.86359	0.487917	5.84966	0.680406	0.483337	0.347068	0.070845
20285	-0.171256	-0.18283	3.92721	1.84551	0.469929	1.0467	-2.9585	3.947	1.65904	0.42033	5.19361	0.741713	0.445067	0.354785	0.0709869
20286	-0.202621	-0.180744	4.1121	2.07111	0.503662	1.05673	-2.9418	3.59059	1.74433	0.485806	4.80681	0.792985	0.495338	0.333228	0.0710991
20287	-0.150522	-0.192426	3.80111	2.04413	0.537773	1.07781	-2.95276	3.72795	1.86503	0.500282	5.05002	0.754399	0.51921	0.327743	0.0715089
20288	-0.292141	-0.236139	4.27624	1.97667	0.462245	1.07749	-2.95057	4.00504	1.83402	0.457929	3.92781	0.937943	0.460157	0.325976	0.0718298
20289	-0.143933	-0.119205	3.89127	1.9455	0.499966	1.01238	-2.95397	3.56248	1.70989	0.479971	6.01012	0.66853	0.490409	0.354783	0.0718066
20290	-0.0653659	-0.116789	3.93407	1.97342	0.501622	1.02068	-2.90769	3.57698	1.60511	0.448734	6.60378	0.589745	0.476435	0.352511	0.071955
20291	-0.154006	-0.106473	3.76459	1.87617	0.498375	1.07425	-2.93483	3.64268	1.66639	0.457462	5.3026	0.754307	0.478255	0.360947	0.0719013
20292	-0.0872984	-0.0658262	4.01177	2.06419	0.514532	1.14393	-2.9216	3.75783	1.78283	0.474432	5.3799	0.757958	0.495137	0.346513	0.0723803
20293	-0.154003	-0.0939637	4.02364	1.93055	0.479801	1.08229	-2.9449	3.74734	1.66224	0.44358	5.3178	0.764209	0.462334	0.361368	0.0724292
20294	-0.0988426	-0.111934	4.09788	1.91304	0.466838	0.950571	-2.97145	3.96205	1.75475	0.442889	7.42494	0.550634	0.455066	0.357995	0.0726292
20295	-0.0570359	-0.0540727	3.71704	1.82155	0.490053	1.07816	-3.0077	3.57181	1.73512	0.485781	6.76973	0.644332	0.48796	0.380235	0.0728587
20296	-0.0816489	-0.0362973	4.11162	2.07524	0.504725	1.01557	-2.97713	3.65672	1.77033	0.48413	7.18374	0.601949	0.49503	0.360008	0.0730627
20297	-0.0582075	-0.0313641	4.02483	1.98447	0.493057	1.05236	-2.97266	3.6932	1.75124	0.47418	7.01431	0.616681	0.484024	0.366785	0.0733228
20298	-0.0397884	0.00949958	4.03061	2.12652	0.527591	0.973753	-2.99442	3.77385	1.80259	0.477652	8.78403	0.513633	0.503443	0.364851	0.0732147
20299	-0.129499	-0.0578725	4.42136	2.02313	0.45758	1.07401	-2.92859	3.71212	1.89447	0.510346	5.68959	0.72422	0.481663	0.344761	0.0730241
20300	-0.0804658	-0.047337	3.82454	1.88691	0.493369	1.13148	-2.91484	3.77868	1.79185	0.474199	5.59809	0.734406	0.483842	0.35859	0.0731262
20301	0.0268029	-0.010931	3.7791	1.8371	0.48612	1.17966	-2.87513	3.75069	1.90374	0.507571	6.17243	0.664539	0.496805	0.354223	0.0732083
20302	-0.107614	-0.053605	4.17818	1.9011	0.455008	1.18451	-2.87795	3.92917	1.91847	0.488264	4.77776	0.834797	0.471125	0.343129	0.0734062
20303	-0.000980565	-0.114182	4.17008	1.9626	0.470639	1.15408	-2.85799	3.97914	1.9914	0.50046	5.64286	0.667079	0.4852	0.322604	0.0740868
20304	-0.110294	-0.111515	3.75722	1.80367	0.480055	1.07885	-2.89294	3.9653	1.90009	0.479178	5.47099	0.707034	0.479604	0.343167	0.0746155
20305	-0.157062	-0.122913	3.9034	1.83508	0.470124	1.04297	-2.96414	3.73486	1.78058	0.476745	5.60563	0.72004	0.473362	0.358335	0.0748045
20306	-0.117882	-0.156103	3.89878	1.9379	0.497051	0.980034	-2.97375	3.86447	1.79322	0.464026	6.58621	0.60271	0.480612	0.347353	0.0749495
20307	-0.191343	-0.186336	3.91304	1.96061	0.501045	0.93489	-3.02043	3.96592	1.92195	0.484617	6.33245	0.634201	0.492776	0.340999	0.0751076
20308	-0.0905295	-0.121713	3.86822	1.91762	0.495737	0.992661	-3.04333	3.92413	1.80609	0.460253	7.27508	0.586651	0.477868	0.364419	0.0753766
20309	-0.0940994	-0.130735	3.86778	1.74031	0.44995	0.879533	-3.04131	3.7011	1.75851	0.475132	8.93652	0.47398	0.462264	0.377184	0.0756031
20310	0.0400286	-0.0964364	3.82275	1.90342	0.497919	0.950409	-3.0321	3.52461	1.80662	0.512572	10.3984	0.414396	0.504948	0.367496	0.0760561
20311	-0.0506447	-0.110827	3.84248	1.98248	0.515937	0.959435	-3.04971	3.6714	1.67934	0.457412	8.46552	0.510131	0.487341	0.371055	0.0762936
20312	-0.134108	-0.0784273	3.85632	1.91974	0.497817	0.98037	-3.05659	3.95944	1.80478	0.455817	7.1409	0.621031	0.47654	0.373292	0.0765021
20313	-0.0263396	-0.0276444	4.17878	1.98728	0.475565	1.03066	-3.00756	3.7792	1.75697	0.464904	7.94804	0.558622	0.470502	0.372332	0.0769253
20314	0.0590792	0.0692911	3.93474	1.94665	0.494733	1.0756	-2.86426	4.07139	1.80936	0.444408	8.32822	0.516662	0.469141	0.364307	0.0773619
20315	-0.0149425	0.029947	4.26727	2.01777	0.472849	1.17836	-2.86178	3.86013	1.74303	0.451546	5.87235	0.71199	0.462731	0.357389	0.0777563
20316	0.00566913	0.0284161	3.88126	1.92205	0.495214	1.22897	-2.80216	3.70568	1.69742	0.458058	5.3541	0.748228	0.477066	0.356369	0.078179
20317	-0.0445856	0.0160171	3.86573	1.90548	0.492918	1.19334	-2.79986	3.68965	1.76571	0.478557	5.17416	0.766227	0.485905	0.350746	0.0785399
20318	-0.0269743	-0.0276262	3.891	1.89562	0.487182	1.17034	-2.81531	3.53773	1.70173	0.481023	5.42086	0.716785	0.484249	0.350789	0.0790602
20319	-0.0870777	-0.0264441	4.25823	1.939	0.455352	1.19256	-2.81525	3.68489	1.64101	0.445334	4.74965	0.818736	0.450705	0.352075	0.0789538
20320	0.0463791	0.0631815	3.71036	1.80619	0.486797	1.12164	-2.87409	3.88479	1.79348	0.461666	7.4621	0.578091	0.473943	0.374801	0.0793067
20321	-0.00741642	0.0397507	3.92434	1.79547	0.457521	1.08407	-2.90154	3.7484	1.76619	0.471184	7.26165	0.595676	0.464196	0.377935	0.0795073
20322	-0.00215182	-0.0294578	3.91897	1.80736	0.461182	1.12617	-2.86517	3.54189	1.82964	0.516572	6.31621	0.636558	0.487477	0.356092	0.0801924
20323	-0.0593401	-0.0268786	3.95633	2.08918	0.52806	1.07662	-2.91764	3.92075	1.77324	0.45227	6.47591	0.645198	0.490336	0.351136	0.0805756
20324	-0.00199545	-0.0162434	3.89494	1.98807	0.510424	1.07009	-2.87545	3.90918	1.86655	0.477478	7.11268	0.574683	0.493921	0.34661	0.0809763
20325	-0.0940025	-0.0942025	4.28447	2.00328	0.467569	1.16349	-2.83625	3.74224	1.75089	0.467872	4.75489	0.790642	0.46771	0.333755	0.0810246
20326	-0.0239011	-0.00172863	3.83475	1.95614	0.51011	1.27668	-2.81218	3.84357	1.73948	0.452568	4.66958	0.845753	0.481306	0.34836	0.0813473
20327	-0.0941899	-0.0307966	3.80191	1.98586	0.522332	1.18981	-2.81973	3.50327	1.69494	0.483818	4.71791	0.824323	0.503862	0.345788	0.0819341
20328	-0.0526061	-0.0160522	3.64181	1.82481	0.501072	1.22572	-2.81404	3.65229	1.67548	0.458749	4.79081	0.817057	0.47988	0.358739	0.0825431
20329	0.00256945	-0.0649785	4.02709	1.81356	0.450341	1.18151	-2.82492	3.69093	1.64563	0.445858	5.48048	0.694946	0.448197	0.355165	0.0830473
20330	-0.0457354	-0.090969	3.78616	1.76263	0.465545	1.3516	-2.73481	3.71957	1.7436	0.468765	3.57991	0.976269	0.467141	0.332729	0.0834647
20331	-0.060013	-0.118496	3.50113	1.81326	0.517907	1.19309	-2.75489	3.63437	1.66645	0.458525	4.42634	0.785139	0.487661	0.333162	0.0838504
20332	-0.225733	-0.184645	3.61844	1.83534	0.507218	1.30373	-2.75475	3.52731	1.70514	0.48341	2.82374	1.16963	0.495466	0.318178	0.0843153
20333	-0.22289	-0.178228	3.71078	1.72983	0.466163	1.21324	-2.77306	3.74203	1.77018	0.473054	3.26462	1.03123	0.469623	0.324862	0.0844604
20334	-0.29825	-0.232545	3.53756	1.75394	0.495805	1.25936	-2.76227	3.96076	1.78303	0.450174	2.63773	1.21307	0.471702	0.311558	0.0854167
20335	-0.102057	-0.167268	4.07973	1.915	0.469393	1.23012	-2.71978	3.93443	1.77997	0.452407	3.67122	0.88735	0.461054	0.306059	0.0857254
20336	-0.0793277	-0.126694	4.07215	1.98352	0.487095	1.22298	-2.75709	3.92463	1.76363	0.449374	4.07959	0.847997	0.468582	0.315933	0.0862423
20337	-0.124264	-0.113802	4.1403	2.00596	0.484496	1.18672	-2.79924	3.82408	1.75451	0.458807	4.19602	0.859335	0.472161	0.324175	0.0863851
20338	-0.098401	-0.122935	3.9372	1.98957	0.505325	1.1504	-2.85541	3.48974	1.75506	0.50292	4.78768	0.779753	0.504195	0.332766	0.0864523
20339	-0.165077	-0.0861392	3.81359	1.97429	0.517699	1.13178	-2.91208	3.8952	1.86871	0.479746	4.74833	0.840923	0.498521	0.342007	0.0866279
20340	-0.13178	-0.13189	4.20152	2.04519	0.486773	1.09633	-2.87983	3.81955	1.85251	0.485008	5.00658	0.754123	0.485933	0.326407	0.0867043
20341	-0.109568	-0.102517	4.11606	2.09753	0.509595	1.17404	-2.89218	3.79594	1.73749	0.457722	4.72323	0.823827	0.484708	0.336681	0.0868822
20342	-0.0828028	-0.0858325	4.21557	2.009	0.476568	1.03475	-2.90513	3.82896	1.81006	0.47273	6.36422	0.624463	0.474741	0.342354	0.0871639
20343	-0.12045	-0.0400395	3.93185	1.95046	0.496067	1.0912	-2.87507	3.85409	1.90688	0.494768	5.47474	0.734044	0.495424	0.342614	0.088049
20344	-0.194498	-0.230511	3.64767	1.79861	0.493085	0.888959	-3.06609	3.85408	1.86949	0.485068	6.84951	0.58694	0.488966	0.35412	0.0885305
20345	-0.135391	-0.155689	3.87371	1.79215	0.462644	1.00642	-3.0066	4.06665	1.87812	0.461835	6.23416	0.651869	0.46223	0.356456	0.0887317
20346	-0.143261	-0.156973	3.845	1.97618	0.513961	0.982044	-3.02864	3.78974	1.67641	0.442356	6.51221	0.633156	0.478417	0.360904	0.0891981
20347	-0.118937	-0.129468	3.76151	1.87339	0.498041	0.936356	-3.06834	3.60354	1.63455	0.453596	7.75558	0.556822	0.476295	0.381126	0.0894894
20348	-0.172528	-0.135824	3.96572	1.8434	0.464833	0.929987	-3.01036	3.45298	1.76905	0.512326	6.79779	0.60777	0.486939	0.363919	0.0897665
20349	-0.155044	-0.146464	3.95485	2.00801	0.507734	0.944489	-2.99502	3.90068	1.80804	0.46352	6.71168	0.604486	0.485779	0.347195	0.0900456
20350	-0.115484	-0.10666	4.27807	2.01989	0.47215	0.911345	-3.05958	3.57311	1.79643	0.502763	8.27005	0.527189	0.486082	0.363666	0.0899135
20351	-0.196042	-0.0911297	4.04542	1.82317	0.450673	1.0182	-3.00485	3.93301	1.72911	0.439639	5.75813	0.737197	0.445234	0.374134	0.0901569
20352	-0.136587	-0.0940294	4.05826	1.85928	0.458146	1.01682	-2.99428	3.7182	1.74864	0.470292	6.32271	0.665178	0.463953	0.368343	0.0902858
20353	-0.116806	-0.0759682	4.0766	1.88245	0.46177	0.99049	-2.98644	3.89335	1.74067	0.447087	6.90876	0.613052	0.454597	0.369003	0.090559
20354	-0.00481306	-0.00887631	3.76979	1.87992	0.498681	1.08237	-2.99549	3.72003	1.7496	0.470319	7.54663	0.590982	0.484594	0.380691	0.0908425
20355	0.00237603	-0.0185335	3.98284	1.86549	0.468381	0.942729	-2.96566	3.7362	1.7298	0.462983	9.82239	0.442132	0.465769	0.376659	0.0913686
20356	0.0134586	-0.0222293	4.12422	1.87128	0.453729	1.0447	-2.98597	3.6865	1.83675	0.498237	8.25955	0.531732	0.474736	0.372059	0.091437
20357	-0.150387	-0.0838678	3.72907	1.80759	0.48473	1.02381	-2.96909	4.09802	1.87946	0.458626	6.03781	0.689367	0.471063	0.360911	0.0914183
20358	-0.104064	-0.132049	3.91012	1.94311	0.496945	1.11746	-2.9607	3.56357	1.7839	0.500594	5.36232	0.746062	0.498685	0.349371	0.0914325
20359	-0.112015	-0.0899487	3.91759	2.00203	0.511036	0.91241	-2.99289	3.62181	1.77782	0.490866	8.03	0.524723	0.501347	0.358005	0.0917296
20360	-0.0703193	-0.0944072	3.86847	1.8978	0.490582	0.976322	-2.96497	3.99621	1.88909	0.47272	7.52211	0.547729	0.481506	0.352442	0.0918877
20361	-0.0919279	-0.113465	3.71293	1.84545	0.497035	1.20985	-2.93261	3.82548	1.85447	0.484767	4.6899	0.847309	0.49081	0.3495	0.0918786
20362	-0.143482	-0.0976103	3.78163	1.91601	0.506661	1.10217	-2.9153	3.75519	1.78321	0.474866	5.11674	0.775821	0.490819	0.349308	0.0919168
20363	-0.00128643	-0.0926239	4.04131	1.92463	0.476238	1.08834	-2.97982	4.0485	1.72519	0.426131	7.021	0.593639	0.451162	0.36357	0.0922352
20364	-0.100417	-0.0930692	3.90459	1.72631	0.442123	1.04245	-2.97473	3.87686	1.72306	0.444448	6.35766	0.653069	0.443281	0.375838	0.0926204
20365	-0.159652	-0.118863	3.69114	1.88879	0.511709	0.983749	-2.98146	3.61756	1.74629	0.482726	6.2679	0.653684	0.497363	0.360552	0.0929141
20366	-0.0844489	-0.0445115	3.72839	1.86756	0.500904	1.05912	-2.99501	3.71328	1.68352	0.453376	6.6568	0.653878	0.477189	0.380107	0.0932903
20367	-0.0289211	-0.0658588	3.73929	1.8539	0.49579	1.10122	-3.01924	4.11363	1.84563	0.448662	6.82919	0.638614	0.471102	0.37096	0.0932979
20368	-0.0509254	-0.0741707	3.9527	1.89963	0.48059	0.973176	-3.05262	4.01893	1.90021	0.472815	8.45855	0.524392	0.47667	0.368666	0.0937866
20369	-0.06787	-0.118034	3.79379	1.8268	0.481524	0.908639	-3.13478	4.03023	1.90808	0.473442	9.54386	0.476785	0.477361	0.37868	0.0935627
20370	-0.124257	-0.151504	3.84006	1.94207	0.505739	0.894038	-3.10314	4.09457	1.87776	0.458597	8.40191	0.518463	0.481412	0.363251	0.0935855
20371	-0.185782	-0.138151	3.82692	1.93931	0.506756	0.874595	-3.15011	3.71555	1.65867	0.446412	8.06821	0.5622	0.47703	0.386752	0.093834
20372	-0.124888	-0.0858146	3.9099	1.91188	0.488984	0.876733	-3.08799	3.59488	1.73244	0.48192	8.98389	0.501622	0.485601	0.382183	0.0941165
20373	-0.0652344	-0.067444	3.71498	1.81495	0.488549	0.94362	-3.04281	3.74136	1.71217	0.457632	8.69806	0.508894	0.473036	0.385672	0.0945547
20374	0.0179804	0.0357822	3.98304	1.90682	0.478736	0.989144	-3.00315	3.8713	1.77815	0.459315	9.79166	0.47158	0.469164	0.385316	0.0948329
20375	0.00168405	-0.0055727	4.12125	1.84661	0.44807	1.03586	-2.9436	3.71004	1.63367	0.440339	8.07088	0.534762	0.444407	0.382859	0.0945632
20376	-0.0353032	-0.0218499	3.61449	1.71485	0.474439	1.00441	-2.95498	3.82886	1.84308	0.481365	7.95858	0.540501	0.478002	0.376875	0.0948597
20377	-0.167078	-0.0473109	3.85349	1.83781	0.476922	1.01533	-2.97918	3.83673	1.73277	0.451627	6.14826	0.699048	0.464302	0.37584	0.0950491
20378	-0.0992509	-0.0698387	4.00911	1.89438	0.47252	1.08893	-2.94521	3.72726	1.69687	0.455261	5.85632	0.705884	0.464205	0.365416	0.0954673
20379	-0.125482	-0.0953899	3.95135	1.84723	0.467493	1.10299	-2.96645	3.67396	1.64875	0.448768	5.46202	0.754572	0.458471	0.370972	0.0957642
20380	-0.017174	-0.0399145	3.70567	1.85785	0.501353	1.02288	-2.8972	3.67706	1.66314	0.452302	7.54731	0.54086	0.476922	0.367074	0.0962757
20381	-0.00883369	-0.0415643	3.60874	1.70027	0.471153	1.01408	-2.89338	3.64075	1.69515	0.465604	7.77252	0.523181	0.468366	0.374653	0.0965898
20382	-0.088442	-0.0649878	3.69991	1.77781	0.480499	1.14448	-2.86232	3.81979	1.73672	0.454664	5.14771	0.760053	0.467376	0.357698	0.096728
20383	-0.0513041	-0.0476004	3.29761	1.7585	0.533264	1.18702	-2.83578	4.08334	1.92241	0.470794	5.06963	0.76672	0.498704	0.34566	0.0967019
20384	0.018372	-0.0032089	3.8376	1.72779	0.450228	1.2088	-2.80227	3.77553	1.84579	0.488882	5.52864	0.708562	0.469397	0.354162	0.0971523
20385	-0.075545	-0.0283358	3.87956	1.93965	0.499967	1.23044	-2.84212	3.74723	1.80254	0.481034	4.64199	0.852801	0.490665	0.34606	0.0975516
20386	-0.0396166	0.0367265	3.76128	1.89122	0.502813	1.20398	-2.81706	3.65615	1.61245	0.441024	5.26604	0.773264	0.472356	0.367649	0.0978537
20387	0.0512322	-0.0129285	3.84996	1.87794	0.487783	0.984814	-2.90178	3.65476	1.64927	0.451267	9.57515	0.435788	0.47	0.371781	0.0977577
20388	0.013945	-0.000342682	3.77959	1.88715	0.499302	1.09747	-2.87109	3.83442	1.77546	0.463033	7.01961	0.587013	0.481037	0.360124	0.0976978
20389	0.0875352	-3.82174e-06	3.94955	1.94375	0.492144	1.23957	-2.79456	3.95296	1.96712	0.497633	5.88434	0.663589	0.49489	0.333099	0.0979552
20390	-0.0676214	-0.0784204	4.20716	1.8438	0.438253	1.18513	-2.80021	3.57927	1.64329	0.459113	4.72044	0.784689	0.447842	0.346994	0.0984188
20391	0.052328	-0.0212737	3.66813	1.66604	0.454193	1.20856	-2.78536	3.41482	1.79512	0.525685	5.71493	0.668439	0.488661	0.355723	0.0985849
20392	-0.0817955	-0.0932045	3.67601	1.77268	0.48223	1.12101	-2.93276	4.03618	1.94666	0.482303	5.5733	0.723366	0.482268	0.351593	0.0988498
20393	-0.0615123	-0.10042	3.65042	1.81829	0.498105	1.05742	-2.93275	4.0509	1.98734	0.490593	6.40742	0.626	0.494154	0.345229	0.0988181
20394	-0.00712711	-0.027729	3.98233	1.78726	0.448797	1.07293	-2.92372	3.67479	1.84464	0.501971	7.18956	0.58326	0.474316	0.366121	0.0990578
20395	-0.178824	-0.0695646	3.90924	1.86948	0.47822	1.06449	-2.9052	3.92204	1.6977	0.432861	5.20159	0.77292	0.455503	0.360536	0.0987786
20396	-0.103307	-0.0862063	3.941	1.84593	0.46839	1.12318	-2.86558	3.7487	1.6849	0.449463	5.13537	0.75213	0.459163	0.353687	0.0991011
20397	-0.0301652	-0.0163015	3.93401	1.84355	0.468618	1.13464	-2.86073	3.7315	1.6908	0.453114	5.96323	0.678387	0.461071	0.364103	0.0994832
20398	-0.0336745	-0.0346952	3.82977	2.01969	0.527367	1.18791	-2.85232	3.41692	1.70484	0.498941	5.32006	0.74614	0.513964	0.34775	0.0997098
20399	-0.0534394	-0.0603482	4.30359	1.9818	0.460499	1.08058	-2.86081	3.80521	1.70547	0.448195	6.09846	0.642996	0.454725	0.347258	0.100101
20400	-0.191534	-0.144966	3.81959	1.95596	0.512086	1.09332	-2.85898	3.6901	1.76534	0.478398	4.46186	0.825423	0.495532	0.331145	0.0999844
20401	-0.207561	-0.132006	3.92907	1.97276	0.502093	1.31393	-2.74327	3.70116	1.69368	0.457609	2.94555	1.15746	0.480516	0.317487	0.100021
20402	-0.142882	-0.201153	3.72229	1.96796	0.528695	1.32833	-2.66348	3.6596	1.67207	0.4569	2.80118	1.08224	0.493102	0.294097	0.100178
20403	-0.192844	-0.139374	3.87363	1.96357	0.506907	1.35056	-2.61897	3.828	1.76458	0.460966	2.58108	1.19106	0.484073	0.292037	0.100393
20404	-0.186107	-0.200531	4.13173	1.97196	0.477272	1.3027	-2.70857	3.76716	1.77268	0.470562	2.83784	1.10828	0.474072	0.295854	0.100383
20405	-0.203179	-0.185098	3.7007	1.99427	0.538891	1.33053	-2.69397	3.61581	1.62058	0.448194	2.67589	1.17614	0.494068	0.303395	0.100841
20406	-0.119817	-0.126918	3.88467	1.9109	0.491908	1.29593	-2.70155	3.49141	1.64078	0.469948	3.30719	1.00217	0.481513	0.318255	0.101005
20407	-0.136033	-0.125745	3.83912	1.89369	0.493261	1.29522	-2.67354	3.68603	1.66338	0.451268	3.16882	1.02424	0.472692	0.3134	0.100775
20408	-0.229242	-0.139107	3.58599	1.73928	0.485021	1.29239	-2.6779	3.56221	1.64736	0.462455	2.78379	1.15768	0.473775	0.322511	0.101115
20409	-0.111474	-0.104319	3.86861	1.91378	0.494696	1.30377	-2.71303	3.94916	1.73979	0.440546	3.39774	1.00146	0.467342	0.317825	0.101768
20410	0.0355753	0.0414122	3.90001	1.99429	0.511356	1.3611	-2.69892	4.38476	1.96775	0.44877	4.27398	0.878506	0.478232	0.321608	0.102062
20411	0.120508	0.036135	3.90222	1.8323	0.469553	1.3292	-2.71936	3.96609	1.86274	0.469666	5.19719	0.730469	0.46961	0.339485	0.102282
20412	-0.101603	-0.013403	3.67555	1.69809	0.461997	1.49513	-2.558	3.88514	1.7984	0.462893	2.53966	1.27477	0.462457	0.316563	0.102603
20413	-0.0585089	0.024274	3.41362	1.65354	0.484395	1.45917	-2.54955	3.91863	1.78031	0.45432	2.87607	1.15167	0.468322	0.325482	0.102696
20414	-0.00777767	0.0426627	3.63594	1.72094	0.473314	1.34867	-2.58824	3.68626	1.78665	0.484679	3.76188	0.919974	0.479035	0.330468	0.102536
20415	-0.0217882	0.0125662	3.71241	1.7741	0.477884	1.50042	-2.56191	3.78871	1.83856	0.485272	2.8604	1.15856	0.481615	0.314547	0.102513
20416	-0.0484591	-0.00765293	3.83916	1.81945	0.473918	1.50941	-2.55186	3.99415	1.82239	0.456265	2.66714	1.21347	0.464917	0.307753	0.102689
20417	0.0261243	0.00506761	3.33665	1.7186	0.515067	1.4006	-2.54848	3.66066	1.6754	0.457678	3.45155	0.944591	0.485043	0.324573	0.102516
20418	0.0242207	0.0214413	3.70998	1.64886	0.444438	1.43919	-2.51384	3.67966	1.7078	0.464118	3.21039	1.00107	0.454237	0.32385	0.102445
20419	0.085153	0.0649783	3.48102	1.75894	0.505295	1.54455	-2.47057	3.51895	1.63702	0.465201	3.01852	1.06493	0.485139	0.321353	0.102954
20420	0.137248	0.0835923	3.67769	1.84371	0.501323	1.58133	-2.40835	3.50561	1.65952	0.473389	2.97776	1.04269	0.48769	0.307176	0.10298
20421	0.0861312	0.0897535	3.76755	1.82701	0.484933	1.61911	-2.38353	3.46718	1.63772	0.47235	2.60301	1.17501	0.478903	0.30633	0.103053
20422	0.0549908	0.0232001	4.04363	1.87501	0.463695	1.62245	-2.36513	3.69109	1.7255	0.467478	2.32164	1.22847	0.4655	0.283802	0.103428
20423	0.037927	0.0683382	3.76817	1.79486	0.476321	1.62198	-2.45201	3.5622	1.66029	0.466086	2.53151	1.25462	0.471347	0.314996	0.103679
20424	0.0833316	0.106869	3.66269	1.79641	0.490463	1.59839	-2.45306	3.91138	1.89559	0.484633	2.85495	1.1477	0.487452	0.307464	0.104196
20425	0.0402659	0.0699206	3.64588	1.81435	0.497643	1.52857	-2.4775	3.64067	1.82853	0.50225	2.92966	1.10752	0.499945	0.30823	0.104562
20426	0.1102	0.05764	3.89992	1.89631	0.486242	1.59787	-2.44673	3.85745	1.88551	0.488797	2.83387	1.10659	0.487512	0.293193	0.10471
20427	0.120892	0.0775216	3.90359	1.79689	0.460318	1.53633	-2.39009	3.6101	1.7605	0.487659	3.03929	1.00173	0.473454	0.299785	0.104679
20428	0.0395623	0.0735188	3.7593	1.8969	0.504589	1.58852	-2.42622	4.05233	1.87577	0.462887	2.60443	1.19963	0.482956	0.292928	0.104761
20429	0.111349	0.112188	3.97296	1.91971	0.483194	1.57295	-2.42197	3.66105	1.84964	0.505221	3.00614	1.06814	0.493757	0.298809	0.105148
20430	0.0764467	0.142765	3.83686	1.91023	0.497864	1.57303	-2.43382	4.03609	1.90247	0.471365	2.96407	1.11988	0.484279	0.30339	0.105315
20431	0.0626737	0.061076	4.03106	1.93481	0.479974	1.69018	-2.38052	3.92127	1.86723	0.476181	2.25062	1.32439	0.478104	0.281704	0.105804
20432	0.00413125	0.0450002	3.60198	1.81358	0.503495	1.5405	-2.42323	3.62701	1.76915	0.487771	2.58096	1.18021	0.495606	0.298402	0.105946
20433	0.0416273	-0.00470132	3.76013	1.71181	0.455254	1.61023	-2.37034	3.60046	1.70445	0.473398	2.27442	1.23025	0.464129	0.290646	0.105737
20434	0.055922	0.00594594	3.73921	1.70052	0.454781	1.51283	-2.46473	3.3451	1.60758	0.480577	2.87587	1.06129	0.466961	0.315791	0.106085
20435	-0.0866402	-0.00817468	4.0029	1.75788	0.439152	1.57742	-2.44247	3.81342	1.66242	0.43594	2.13997	1.38455	0.437585	0.302333	0.106165
20436	-0.0608546	-0.0186212	3.88007	1.72784	0.445312	1.53831	-2.48569	3.91763	1.76551	0.450658	2.38	1.27866	0.447998	0.30352	0.106028
20437	-0.133502	-0.0893639	3.83531	1.80156	0.469731	1.43437	-2.57971	3.72736	1.70648	0.457824	2.52287	1.22912	0.463862	0.306611	0.106271
20438	-0.0412738	-0.0461842	3.60609	1.72944	0.479588	1.27447	-2.61845	3.77105	1.76842	0.468947	3.822	0.865588	0.474148	0.321176	0.106261
20439	0.00815004	-0.00220541	3.7927	1.71014	0.450903	1.35368	-2.68925	4.06282	1.84638	0.454459	3.98807	0.905227	0.452742	0.336777	0.10623
20440	0.0290447	0.0379369	3.78493	1.57742	0.416765	1.30127	-2.70638	3.86041	1.89829	0.491734	4.65306	0.809284	0.454619	0.351483	0.106227
20441	0.0915125	0.124001	3.60286	1.5805	0.438679	1.33811	-2.67007	3.96176	2.0175	0.509242	5.02365	0.777007	0.475634	0.351792	0.106349
20442	0.112964	0.147699	3.66395	1.76285	0.481132	1.32804	-2.64656	4.1712	1.93313	0.463446	5.28846	0.738201	0.471717	0.345721	0.106879
20443	0.222468	0.207157	4.06363	1.82305	0.448626	1.30388	-2.63882	3.63121	1.79603	0.494608	6.92592	0.584729	0.470325	0.358886	0.10722
20444	0.216643	0.241304	3.73427	1.74424	0.467091	1.4114	-2.59697	3.66515	1.71993	0.469266	5.64349	0.713725	0.468168	0.367751	0.107437
20445	0.279377	0.271113	3.55348	1.76199	0.49585	1.41056	-2.634	3.97203	1.80876	0.455373	6.59568	0.639789	0.474486	0.371538	0.10741
20446	0.267544	0.284576	3.81523	1.91225	0.501214	1.39481	-2.6218	4.03251	1.75753	0.435839	6.64734	0.63537	0.467622	0.365376	0.107756
20447	0.345285	0.34312	4.30213	2.01473	0.46831	1.28916	-2.65388	3.62667	1.68111	0.463541	10.0819	0.445454	0.466129	0.378063	0.10857
20448	0.411398	0.402459	4.24699	1.99769	0.470378	1.33703	-2.70492	4.0178	1.81217	0.451035	11.2696	0.428398	0.460974	0.387976	0.10904
20449	0.458033	0.45721	3.90398	2.01598	0.516392	1.24088	-2.68959	3.85571	1.81651	0.471121	16.1579	0.306426	0.493897	0.392567	0.109471
20450	0.421977	0.470878	3.95337	1.96822	0.497859	1.33932	-2.70343	3.6604	1.83094	0.500202	11.9739	0.420757	0.498986	0.398817	0.109939
20451	0.491514	0.47634	3.85772	1.88603	0.488897	1.27295	-2.69129	3.70686	1.76387	0.475839	16.4315	0.305324	0.482498	0.407448	0.110065
20452	0.460364	0.444798	3.87945	1.83165	0.472141	1.34619	-2.66683	3.70751	1.8024	0.486148	12.339	0.392345	0.478986	0.399909	0.110052
20453	0.490934	0.453662	3.92308	1.75339	0.446942	1.26155	-2.73097	3.69742	1.88915	0.510937	17.0783	0.296923	0.477992	0.410524	0.110152
20454	0.465309	0.413321	3.70086	1.74928	0.472669	1.2911	-2.73267	3.71527	1.82835	0.492117	14.5137	0.340963	0.482412	0.408968	0.110077
20455	0.441045	0.463696	3.87666	1.86194	0.480295	1.2939	-2.7748	3.76333	1.86948	0.496764	14.4189	0.363683	0.488407	0.412809	0.110057
20456	0.434222	0.474484	3.84254	1.97086	0.512904	1.2098	-2.7783	3.98886	1.95913	0.491151	17.5896	0.300764	0.501824	0.402416	0.110307
20457	0.384399	0.450871	3.74924	1.74759	0.466119	1.15249	-2.76515	4.02972	1.83866	0.456276	17.5315	0.294978	0.46102	0.419065	0.110639
20458	0.403326	0.389962	3.56148	1.82557	0.512587	1.31129	-2.72318	4.14521	1.89737	0.457727	11.7559	0.412202	0.483079	0.394355	0.110904
20459	0.37171	0.407102	4.1214	1.90369	0.461903	1.26878	-2.7526	4.21094	1.97058	0.467966	12.4062	0.402367	0.464967	0.391933	0.111015
20460	0.301002	0.334318	4.22682	1.97188	0.466516	1.15388	-2.84072	3.97075	1.82532	0.459691	13.8588	0.363699	0.46321	0.399052	0.111509
20461	0.242362	0.277622	3.95105	1.7297	0.437781	1.1324	-2.88065	3.72062	1.64636	0.442495	12.5917	0.396082	0.440067	0.424958	0.111619
20462	0.221088	0.21404	3.73106	1.76718	0.473639	1.05535	-2.96616	3.61155	1.74483	0.483125	14.5314	0.347994	0.478304	0.418705	0.111944
20463	0.200723	0.250088	3.77443	1.94725	0.515904	1.07487	-2.94844	3.69895	1.88403	0.50934	13.3885	0.382066	0.512655	0.400446	0.112389
20464	0.194483	0.283305	3.91268	1.88779	0.482481	1.06567	-2.90557	3.94069	1.86625	0.473585	13.3983	0.379486	0.478017	0.403889	0.112663
20465	0.276556	0.325661	4.11207	1.86749	0.454149	1.0753	-2.87132	3.69586	1.92564	0.521027	16.02	0.318998	0.485805	0.402617	0.112789
20466	0.332347	0.332639	3.91137	1.77813	0.454605	0.99713	-2.9311	3.89311	1.83219	0.470623	24.1029	0.220968	0.462596	0.424618	0.113247
20467	0.326311	0.312181	3.75401	1.82827	0.487019	1.07969	-2.94745	3.85778	1.74586	0.452555	18.7203	0.283788	0.469552	0.426465	0.113332
20468	0.34368	0.347346	3.99032	1.88157	0.471533	1.11287	-2.99479	3.5383	1.77907	0.502804	18.8791	0.295826	0.48623	0.432855	0.114158
20469	0.416724	0.339326	4.25147	2.07573	0.488237	0.97732	-3.04539	3.85569	1.81563	0.470897	36.4539	0.157134	0.47999	0.424088	0.114109
20470	0.354909	0.352212	4.06652	1.94956	0.479418	0.983999	-3.05003	3.99033	1.9153	0.479984	29.2486	0.197877	0.479698	0.428286	0.114136
20471	0.320124	0.33326	3.92816	1.79303	0.456455	0.917526	-3.0763	3.9455	2.02329	0.51281	32.5734	0.178444	0.484694	0.432437	0.114763
20472	0.420414	0.389023	3.9411	1.74509	0.442792	0.961208	-2.9749	4.01088	1.85637	0.462833	38.6927	0.146229	0.452901	0.440061	0.114681
20473	0.428382	0.429464	3.67676	1.72231	0.46843	0.967651	-3.02955	3.89892	1.76782	0.453411	41.1427	0.145406	0.4607	0.461634	0.114769
20474	0.444371	0.398298	3.87194	1.81098	0.467718	0.955636	-3.01183	3.82495	1.76825	0.462293	44.4888	0.130696	0.465022	0.448326	0.115136
20475	0.306626	0.377189	4.08641	1.98664	0.486159	1.04605	-2.98002	3.732	1.82426	0.488816	20.6142	0.273375	0.487427	0.425205	0.115493
20476	0.453739	0.386613	4.09032	1.82359	0.445832	0.990868	-3.00147	4.09185	1.83919	0.449478	39.788	0.144254	0.447655	0.439427	0.115157
20477	0.426001	0.411836	3.7898	1.86963	0.493333	0.976512	-3.02297	3.93742	1.94857	0.494886	38.9288	0.151531	0.494124	0.43594	0.115521
20478	0.428273	0.442851	3.8194	1.80833	0.47346	1.01491	-2.99189	3.93457	1.93711	0.492331	34.281	0.172069	0.483036	0.440668	0.115948
20479	0.332967	0.350478	3.95713	1.79725	0.454179	1.08231	-2.97809	4.15643	2.04175	0.491228	19.7313	0.280757	0.473159	0.419234	0.116152
20480	0.206307	0.23708	3.8989	1.75195	0.449345	0.888174	-3.06575	4.10455	1.92499	0.468989	23.4624	0.232471	0.459419	0.425969	0.116427
20481	0.289066	0.303692	3.37109	1.74053	0.516312	0.961917	-3.04748	4.03596	1.89839	0.47037	24.8059	0.226364	0.491279	0.435643	0.116758
20482	0.306249	0.344602	3.73222	1.77767	0.476303	1.02621	-2.96316	3.72991	1.67944	0.450263	21.108	0.259174	0.463287	0.441844	0.117049
20483	0.308984	0.341171	4.00664	1.84571	0.460662	1.06871	-2.94582	3.86667	1.78764	0.462321	18.7189	0.288593	0.461477	0.426534	0.117507
20484	0.445159	0.444924	3.85802	1.90854	0.494695	1.00964	-2.98372	3.87213	1.74571	0.45084	36.8934	0.159318	0.472727	0.445873	0.117623
20485	0.517443	0.473096	4.00472	1.77911	0.444253	1.06704	-2.96902	3.93376	1.74128	0.442651	39.2255	0.151026	0.443459	0.457058	0.117484
20486	0.521191	0.535755	4.00389	1.90734	0.476371	1.17145	-2.92432	3.97619	1.77739	0.44701	28.314	0.211417	0.461741	0.448332	0.117644
20487	0.579282	0.544667	3.85644	1.94211	0.503601	1.00837	-2.96693	3.78102	1.86199	0.492455	66.9765	0.092057	0.498083	0.447759	0.11828
20488	0.565403	0.504429	3.68229	1.89683	0.515122	0.994528	-2.99836	3.77933	1.76481	0.466964	66.6288	0.0920739	0.49073	0.455968	0.118593
20489	0.534494	0.581754	3.75095	1.83201	0.488412	0.967281	-3.03654	3.99678	1.86062	0.465531	69.897	0.0936523	0.476608	0.470003	0.119023
20490	0.537641	0.544644	4.00378	1.94565	0.485953	0.818068	-3.10988	3.95065	1.94778	0.493026	169.833	0.0393196	0.489466	0.461787	0.118921
20491	0.513522	0.509406	3.88079	1.98423	0.511295	1.02431	-3.0907	4.03866	1.91771	0.474837	49.677	0.13045	0.492702	0.453797	0.119286
20492	0.518657	0.496526	4.18462	2.00088	0.47815	0.978354	-3.09171	3.65126	2.03445	0.557192	60.9283	0.105661	0.514981	0.443848	0.119355
20493	0.497416	0.502311	3.97771	1.87624	0.471689	0.834074	-3.10698	3.74019	1.9478	0.520775	114.939	0.0566692	0.495477	0.460065	0.11971
20494	0.518027	0.506757	3.70616	1.87495	0.5059	1.0006	-2.9879	3.60476	1.94023	0.538243	52.4423	0.116439	0.521847	0.44465	0.119842
20495	0.476539	0.485471	3.80346	1.92585	0.506341	0.963995	-2.98985	3.84746	1.92931	0.501449	50.83	0.118807	0.503881	0.439343	0.119751
20496	0.462362	0.424998	3.85249	1.69144	0.43905	0.897272	-3.04092	3.87069	1.88494	0.486979	63.5092	0.0945734	0.463071	0.456562	0.119727
20497	0.501944	0.461419	3.84628	1.7268	0.448954	0.928401	-3.03775	3.78641	1.75837	0.46439	67.3256	0.0909326	0.456612	0.46773	0.119649
20498	0.471231	0.413406	3.65254	1.81713	0.497498	0.875756	-3.07607	3.55738	1.61733	0.454641	74.4098	0.0818203	0.476352	0.469999	0.119412
20499	0.529913	0.500245	3.70537	1.9392	0.523349	0.918496	-3.07889	3.70853	1.72818	0.466002	84.8377	0.0754983	0.494663	0.466294	0.119718
20500	0.577064	0.577338	3.89182	1.92018	0.493389	0.914537	-3.0634	3.78324	1.77067	0.468031	116.386	0.056944	0.480889	0.473206	0.119827
