cycle	Zbar1	Gbar1	VP1	VG1	h21	Zbar2	Gbar2	VP2	VG2	h22	h2b	h2b_denom	h2w	Qst	Fst
20000	0.0241181	0.0212741	4.11799	1.97158	0.478773	3.95512	0.039928	3.91123	1.93372	0.494401	2.25182e-05	7.72638	0.486386	2.22861e-05	0.000361805
20001	0.0459523	0.0888451	3.847	1.88455	0.489875	4.07704	0.0179039	3.91066	1.9452	0.497409	0.000309708	8.12483	0.493673	0.000328581	0.000620715
20002	0.159711	0.172514	4.28732	2.14068	0.499305	3.94608	-0.0480458	3.85514	1.88437	0.488795	0.00339317	7.16829	0.494329	0.00301388	0.000900303
20003	0.117794	0.140478	4.04425	2.14612	0.53066	3.76714	-0.197738	3.82962	1.77633	0.463839	0.00858933	6.65888	0.49816	0.00724159	0.00117761
20004	0.178466	0.14223	3.92432	2.02153	0.515129	3.8241	-0.20477	3.82231	1.84184	0.481866	0.00905971	6.6453	0.498716	0.0077353	0.00139661
20005	0.0697902	0.115548	3.94136	2.05884	0.522367	3.69853	-0.235597	4.01684	1.87222	0.466094	0.00936403	6.58387	0.493964	0.00778443	0.0016646
20006	0.177795	0.14323	3.87447	2.02173	0.521808	3.71376	-0.30631	3.59892	1.82087	0.505949	0.016163	6.25152	0.514171	0.0129835	0.00189735
20007	0.209285	0.110178	4.00234	2.01228	0.502775	3.62134	-0.383719	3.98164	1.87561	0.471064	0.0209527	5.82107	0.486961	0.0154509	0.00220481
20008	0.100671	0.106563	4.13695	2.0622	0.498483	3.56601	-0.437592	3.8853	1.92869	0.496406	0.0246578	6.00429	0.497477	0.01822	0.00248171
20009	0.061558	0.101471	3.85715	1.9275	0.499722	3.51735	-0.536343	4.08648	2.04026	0.499272	0.0340637	5.97126	0.49949	0.0250036	0.00268289
20010	0.0401684	0.0110788	4.16973	1.97918	0.474654	3.40933	-0.589122	4.37087	2.06034	0.471379	0.0317358	5.67562	0.472978	0.0218193	0.00286863
20011	0.0340066	0.0539644	3.84252	1.95111	0.507768	3.27752	-0.666239	3.9401	1.91789	0.486761	0.0493035	5.2602	0.497133	0.0324448	0.00321438
20012	0.157367	0.0859067	3.78987	1.82441	0.481391	3.40027	-0.556488	3.76995	1.88143	0.499059	0.0392407	5.2582	0.490202	0.0270984	0.00345405
20013	0.179408	0.164358	3.86723	1.82028	0.470694	3.43961	-0.564247	3.74774	1.87815	0.501141	0.0499455	5.31445	0.485679	0.0346582	0.00372738
20014	0.212442	0.224042	3.91581	1.86808	0.47706	3.40371	-0.596008	3.99114	1.84199	0.461519	0.0660318	5.0921	0.469216	0.043371	0.00399492
20015	0.256279	0.210115	4.35488	2.03189	0.466578	3.36018	-0.636114	3.50289	1.91324	0.546189	0.0743293	4.8171	0.502067	0.0434299	0.00434581
20016	0.189497	0.224394	4.02492	2.01228	0.499954	3.20346	-0.740266	4.09357	1.99617	0.487636	0.102441	4.54198	0.493743	0.0548803	0.00460304
20017	0.212808	0.224692	3.99634	2.03744	0.509825	3.27239	-0.721418	4.23352	2.01212	0.475284	0.0956222	4.68052	0.492057	0.0523916	0.00492597
20018	0.249372	0.254376	4.06844	1.86519	0.458453	3.19908	-0.784602	3.89923	2.02518	0.51938	0.124067	4.35038	0.488269	0.0648991	0.00511507
20019	0.126275	0.212982	3.68377	2.02672	0.550175	3.14822	-0.841231	3.88427	1.85335	0.477144	0.121698	4.56609	0.512692	0.0668534	0.00528515
20020	0.215726	0.203507	3.9748	2.01485	0.506906	3.04307	-0.87648	3.68673	1.87391	0.508286	0.145908	3.99694	0.50757	0.0697856	0.00558068
20021	0.14946	0.148518	3.83362	2.03374	0.530502	3.0765	-0.874549	3.7477	1.82407	0.486718	0.122166	4.28377	0.508858	0.0635491	0.00581871
20022	0.140923	0.121062	3.94267	1.83247	0.464778	3.11338	-0.872916	3.85611	1.97981	0.513421	0.11182	4.41776	0.48883	0.0608764	0.00608651
20023	0.157335	0.0970175	3.78024	1.9628	0.519228	3.10392	-0.852766	3.69681	1.82147	0.492714	0.103899	4.34118	0.506119	0.0562694	0.00623177
20024	0.0243327	0.113078	3.77053	2.10805	0.559085	3.05344	-0.893614	3.91687	1.88597	0.4815	0.110449	4.58775	0.519554	0.0596783	0.0064314
20025	0.196061	0.144765	4.08521	1.99553	0.488476	3.13549	-0.893624	3.89829	1.87825	0.481814	0.124794	4.32013	0.485223	0.0650897	0.00677006
20026	0.0791419	0.0786414	3.97304	2.06116	0.518787	3.05568	-0.951311	4.0549	1.85461	0.457375	0.119732	4.42989	0.487768	0.0634601	0.00706765
20027	0.00846541	0.0614618	3.71274	1.95509	0.52659	3.02187	-0.977017	4.08018	1.95285	0.478618	0.118763	4.5403	0.501473	0.064568	0.0072455
20028	0.0667038	0.074748	3.93045	1.94581	0.495059	2.94278	-1.07889	4.358	2.10465	0.482939	0.160893	4.13592	0.488686	0.0759435	0.00744882
20029	0.0578453	0.119105	3.8362	1.9602	0.510973	2.93562	-1.07844	3.98775	1.88953	0.473834	0.173168	4.1408	0.492044	0.085235	0.00763316
20030	0.0491009	0.0653505	4.10498	1.81197	0.441408	2.71608	-1.17453	3.93076	1.81597	0.461989	0.216134	3.55638	0.451475	0.0958313	0.00806111
20031	0.0866447	0.11029	3.9031	1.84765	0.473381	2.71334	-1.27254	4.10506	1.906	0.464305	0.277151	3.44978	0.468729	0.11302	0.00839582
20032	0.0785165	0.1132	3.68909	1.95397	0.529662	2.78036	-1.30616	3.84351	1.74987	0.455279	0.275973	3.64998	0.491708	0.119756	0.00880048
20033	0.0803509	0.0486871	4.01845	2.02214	0.503215	2.60022	-1.39443	4.32595	1.89279	0.437542	0.327978	3.17488	0.469169	0.117431	0.00895102
20034	-0.00378038	0.0059155	4.09103	2.06505	0.504776	2.54971	-1.47024	4.02874	1.90994	0.47408	0.334192	3.26016	0.489546	0.120581	0.00916136
20035	-0.0329942	-0.00282316	4.23776	2.12009	0.500285	2.49598	-1.49575	4.23405	1.98293	0.468328	0.348489	3.19785	0.484314	0.11962	0.00942587
20036	0.0642452	0.0562321	3.90749	1.8517	0.473886	2.40965	-1.5902	3.83461	2.08873	0.544704	0.492777	2.75046	0.508962	0.146807	0.00964814
20037	0.155909	0.0429571	3.95508	1.88312	0.476128	2.3196	-1.62877	3.94479	2.06349	0.523092	0.596953	2.34078	0.499579	0.150468	0.00992005
20038	-0.0399681	0.00651245	3.72235	1.90296	0.511226	2.40005	-1.6535	4.3517	2.06421	0.474347	0.462848	2.97684	0.491349	0.148023	0.0102888
20039	-0.028715	0.0386431	4.13397	1.89742	0.458982	2.37527	-1.68567	4.04089	2.15455	0.533187	0.514478	2.88958	0.495662	0.155075	0.0105186
20040	-0.0354786	0.0226108	3.99973	1.94412	0.486062	2.27657	-1.78496	3.8994	2.04407	0.524201	0.611221	2.67277	0.504889	0.170066	0.0107429
20041	0.0296618	0.0398607	3.94118	1.99761	0.506855	2.09936	-1.82837	3.82319	1.85774	0.485913	0.814794	2.14183	0.496543	0.184633	0.0109213
20042	0.0217442	0.0684913	3.88776	1.79759	0.462371	2.17272	-1.83357	3.96348	1.96374	0.495459	0.781947	2.31335	0.479075	0.193927	0.0110484
20043	0.103072	0.0678282	3.84145	1.79882	0.468267	2.22227	-1.77718	4.09372	2.01702	0.492712	0.757969	2.24551	0.480878	0.182427	0.0113549
20044	0.00551911	0.0637229	3.62628	1.81488	0.500479	2.11926	-1.86973	3.8307	2.06219	0.538332	0.836687	2.23396	0.519925	0.194308	0.0114899
20045	0.0561981	0.0335452	4.06832	1.89923	0.466833	2.04853	-1.94706	3.80313	1.96736	0.517301	0.988254	1.9847	0.491217	0.202399	0.0118769
20046	0.00592614	0.0586144	4.17253	2.03493	0.487696	1.99338	-1.97948	3.75368	1.89331	0.504388	1.05161	1.97498	0.495601	0.209167	0.012064
20047	0.0767617	0.0508986	4.25211	2.18868	0.514727	2.03754	-1.92409	4.08229	2.02947	0.49714	1.01455	1.92232	0.506113	0.187846	0.0123129
20048	-0.0892385	-0.0681561	4.0203	2.08242	0.517977	2.0831	-1.92107	4.1636	2.00313	0.481105	0.727535	2.35953	0.499218	0.173685	0.0125467
20049	-0.144233	-0.162674	3.99617	2.1181	0.530033	1.94048	-1.98343	4.00486	2.08397	0.52036	0.762803	2.17301	0.525191	0.16481	0.0128873
20050	-0.16095	-0.177879	4.25608	1.9811	0.465475	2.08319	-1.90854	4.15166	2.18952	0.527383	0.594737	2.51809	0.496044	0.152278	0.0132796
20051	-0.199922	-0.181199	4.18461	2.07417	0.495666	2.13269	-1.88987	4.11001	2.11506	0.51461	0.536581	2.72053	0.505053	0.148442	0.0134623
20052	-0.236176	-0.192624	4.19559	2.01499	0.480262	2.14242	-1.85147	4.01553	2.01621	0.502103	0.486377	2.82886	0.490943	0.14584	0.0136232
20053	-0.241368	-0.251692	4.09709	1.99265	0.486359	2.11768	-1.85371	4.26164	2.00154	0.469665	0.461171	2.78255	0.477848	0.138464	0.0140116
20054	-0.271557	-0.246871	4.0429	2.04251	0.505208	2.08709	-1.89552	3.83074	2.00075	0.522288	0.488574	2.7816	0.513518	0.143941	0.0143389
20055	-0.326037	-0.278129	4.11013	1.99785	0.486079	2.10955	-1.93653	4.17089	1.88804	0.452671	0.463632	2.96605	0.469252	0.150404	0.0145489
20056	-0.380199	-0.301534	3.93839	1.98023	0.502802	1.95904	-1.96692	3.58955	1.8613	0.518532	0.506851	2.73602	0.510303	0.152963	0.014777
20057	-0.23976	-0.271938	3.90564	1.95546	0.500676	1.94257	-1.9695	3.87288	1.86034	0.480352	0.605075	2.38129	0.490557	0.158883	0.015217
20058	-0.369536	-0.314905	3.96915	1.95382	0.49225	2.01357	-2.01326	3.69466	1.87646	0.507884	0.507889	2.8396	0.499787	0.158503	0.0155819
20059	-0.367961	-0.352922	3.93031	1.95126	0.496465	1.99879	-2.02407	3.42161	1.73243	0.50632	0.498568	2.80075	0.501052	0.159401	0.0162124
20060	-0.252685	-0.287995	4.20985	1.90337	0.452122	1.93365	-2.02925	3.97537	1.8969	0.477163	0.634297	2.39003	0.464284	0.16636	0.0166576
20061	-0.331353	-0.340958	3.89625	1.7772	0.456132	1.91717	-2.07496	4.08375	1.99402	0.488281	0.594711	2.52793	0.472584	0.166266	0.0171631
20062	-0.403977	-0.346449	3.85841	1.90013	0.492464	1.90554	-2.14081	3.87701	2.04941	0.528606	0.603639	2.66693	0.510579	0.16937	0.0175458
20063	-0.269616	-0.258361	4.14363	2.08477	0.503127	1.81064	-2.24095	4.1067	1.88081	0.457986	0.908306	2.16372	0.480657	0.198668	0.0177853
20064	-0.265646	-0.291112	4.28571	2.09582	0.489025	1.67017	-2.29238	3.51733	1.84332	0.524066	1.06876	1.8737	0.504821	0.20275	0.0179904
20065	-0.28003	-0.340782	3.93258	1.90296	0.483895	1.73139	-2.26678	3.99113	1.98078	0.496295	0.916872	2.0229	0.490141	0.192834	0.0183305
20066	-0.272039	-0.305803	3.81098	1.92187	0.504299	1.61402	-2.30117	4.06841	1.99506	0.490377	1.11926	1.77861	0.497111	0.202709	0.0186354
20067	-0.146373	-0.207746	4.25672	2.03451	0.477952	1.80788	-2.21213	3.91054	1.89639	0.484943	1.05196	1.90956	0.481299	0.203593	0.0190554
20068	-0.297192	-0.245108	3.93044	1.94889	0.495845	1.82515	-2.21942	3.85878	1.82204	0.472181	0.865369	2.25216	0.484122	0.205433	0.0193486
20069	-0.2629	-0.219386	4.09063	1.96705	0.480867	1.7281	-2.22571	3.94167	1.84669	0.468503	1.01545	1.98204	0.474799	0.208862	0.0196317
20070	-0.237578	-0.195872	3.97347	1.79861	0.452654	1.81068	-2.25581	3.82119	1.86645	0.488448	1.01143	2.09769	0.470201	0.22456	0.0199212
20071	-0.19276	-0.18786	3.83144	1.81614	0.474009	1.65738	-2.26888	3.85308	1.82091	0.472585	1.26515	1.7115	0.473295	0.229479	0.02024
20072	-0.145218	-0.177403	4.08344	1.93564	0.474023	1.72477	-2.28392	3.82084	2.06091	0.539385	1.26898	1.74843	0.505618	0.217355	0.0204612
20073	-0.235025	-0.195987	3.9662	2.06749	0.521276	1.56342	-2.3524	4.10031	1.97783	0.482362	1.4377	1.61721	0.501496	0.223314	0.0206675
20074	-0.0342161	-0.0461143	3.98098	1.9752	0.496159	1.76451	-2.27797	4.2068	1.98373	0.471553	1.53957	1.61771	0.483517	0.239377	0.0209102
20075	-0.0573178	0.00221735	3.93711	1.86972	0.474896	1.71893	-2.27988	4.10086	1.91282	0.466444	1.65067	1.57753	0.470584	0.256164	0.0210493
20076	0.106244	0.106966	3.79713	1.91036	0.503105	1.76472	-2.23488	3.87157	1.9088	0.49303	1.99389	1.37526	0.498019	0.26426	0.0212717
20077	0.0582273	0.117006	3.86954	2.05879	0.532049	1.80044	-2.21761	3.74708	1.91099	0.509994	1.79569	1.51764	0.521199	0.25563	0.0212332
20078	0.0727688	0.129038	3.72789	2.03381	0.545564	1.77996	-2.20604	4.25398	2.10218	0.494167	1.87084	1.45726	0.518172	0.247977	0.0214323
20079	0.165283	0.156079	3.96773	2.08361	0.525139	1.66319	-2.25082	3.97091	1.91139	0.481348	2.58193	1.12187	0.503235	0.266166	0.0218717
20080	0.163032	0.199125	4.07622	1.88855	0.46331	1.73484	-2.24544	3.97134	1.96873	0.495733	2.41882	1.23529	0.479311	0.279282	0.0221767
20081	0.154851	0.166579	3.96787	1.96937	0.496329	1.72637	-2.25429	3.90903	1.86879	0.47807	2.37304	1.23484	0.487268	0.276372	0.0223565
20082	0.110556	0.141289	4.29537	2.10402	0.489834	1.78583	-2.19696	4.13357	2.05042	0.496041	1.94809	1.40327	0.492878	0.247653	0.0225512
20083	0.108561	0.0498493	4.06412	2.0293	0.499321	1.74297	-2.21161	4.03508	2.0532	0.508838	1.9145	1.33565	0.504063	0.23858	0.0228444
20084	-0.0494801	0.0172832	4.15517	2.11137	0.508132	1.70407	-2.23039	3.8969	2.01026	0.51586	1.64297	1.53748	0.511872	0.234648	0.0229728
20085	0.00547005	0.0340319	3.97393	2.06725	0.520203	1.72401	-2.25865	3.79546	1.94314	0.511964	1.7798	1.47668	0.516178	0.246896	0.0230399
20086	0.0526522	-0.0102544	4.4228	1.98319	0.448401	1.82291	-2.22732	3.9814	1.85727	0.466487	1.5685	1.5669	0.456969	0.242501	0.0234742
20087	-0.08731	-0.00643581	4.24537	1.96271	0.462317	1.82486	-2.15109	3.82842	1.88666	0.492802	1.25794	1.8282	0.476773	0.2301	0.0237003
20088	0.0722469	0.00240354	3.88652	1.8418	0.473893	1.82578	-2.12983	3.93288	1.8614	0.473292	1.47858	1.53743	0.473591	0.234936	0.0241308
20089	0.034621	-0.00714449	3.85839	1.81305	0.469897	1.87186	-2.10906	3.30952	1.79927	0.543664	1.30887	1.68773	0.503956	0.234254	0.0243073
20090	-0.0206235	-0.0214272	3.59595	1.82249	0.506817	1.73504	-2.22848	3.66353	1.8605	0.507843	1.58032	1.54117	0.507334	0.24858	0.0246491
20091	-0.0133705	0.0120798	3.93295	1.96141	0.498711	1.74715	-2.20893	3.83157	1.81341	0.473281	1.59153	1.54972	0.486162	0.246341	0.0250908
20092	0.0315768	0.0667931	4.10823	1.93225	0.470337	1.69882	-2.28217	3.83302	1.86181	0.485731	1.98497	1.38985	0.477767	0.266728	0.0255652
20093	0.0969981	0.0638434	3.85965	1.87213	0.485052	1.68827	-2.27586	4.15523	2.02065	0.486291	2.16189	1.26607	0.485694	0.260212	0.025789
20094	0.0799919	0.0832824	3.60178	1.78254	0.494906	1.61987	-2.34174	4.10453	1.89305	0.461209	2.48003	1.18562	0.476958	0.28581	0.0263473
20095	0.0714846	0.0990714	3.85552	1.87985	0.487572	1.70475	-2.34021	3.87124	1.89642	0.489873	2.23054	1.33378	0.488725	0.282698	0.0264883
20096	-0.00428751	0.0225377	3.65171	1.93321	0.529399	1.60351	-2.31818	3.89884	1.92296	0.493214	2.11949	1.29251	0.510714	0.262202	0.0267406
20097	0.0519096	0.0151908	3.82903	1.84182	0.481014	1.62149	-2.40268	3.87395	2.00565	0.517727	2.37302	1.23179	0.499478	0.275393	0.0268251
20098	-0.0145206	0.0388702	3.92973	1.91306	0.486818	1.5377	-2.44545	3.72041	2.00204	0.538124	2.56161	1.20469	0.511769	0.282796	0.0272111
20099	0.0532206	0.067075	3.89976	1.91819	0.491874	1.53648	-2.47981	3.86228	1.90978	0.49447	2.94837	1.10004	0.493166	0.297677	0.0271517
20100	0.0731343	0.0668721	3.64339	1.91076	0.524446	1.46712	-2.49038	4.14894	1.93145	0.465527	3.36536	0.971593	0.493076	0.298599	0.0272857
20101	0.0459256	0.0180759	3.98155	1.91939	0.48207	1.46608	-2.4697	4.03027	1.90972	0.473843	3.0687	1.00841	0.477932	0.287892	0.027625
20102	0.0378502	0.00136316	3.92797	1.89011	0.481191	1.4727	-2.52739	3.96835	1.9225	0.484457	3.106	1.02939	0.482832	0.295534	0.0276516
20103	0.061427	-0.0526425	3.91925	1.74677	0.44569	1.46738	-2.49189	3.73938	1.84827	0.494272	3.01004	0.988352	0.46941	0.29277	0.0282478
20104	-0.103389	-0.114292	3.64515	1.71496	0.470476	1.6094	-2.38784	3.97484	1.93745	0.487428	1.76198	1.46682	0.479319	0.261441	0.0284676
20105	-0.126506	-0.11617	4.10839	1.97915	0.481735	1.66479	-2.32388	4.02641	1.96269	0.487453	1.51898	1.60437	0.484565	0.236218	0.0287359
20106	-0.113265	-0.154999	3.7953	2.09962	0.553216	1.66244	-2.32203	4.11773	1.93299	0.469432	1.48933	1.57656	0.509617	0.225571	0.0289449
20107	-0.17288	-0.17912	3.82059	1.78941	0.468359	1.64784	-2.3359	3.92012	2.01739	0.514624	1.40321	1.65752	0.491789	0.234091	0.0293313
20108	-0.236937	-0.253267	3.58414	1.76289	0.491859	1.58558	-2.32162	4.04606	1.92316	0.475315	1.28797	1.66079	0.483086	0.224986	0.0294273
20109	-0.245001	-0.220729	3.83466	1.85744	0.484382	1.77373	-2.25581	4.0588	1.92142	0.473396	1.01627	2.03764	0.478733	0.215153	0.0296373
20110	-0.261785	-0.217152	4.00211	2.0004	0.499837	1.68648	-2.371	3.82467	1.80643	0.472309	1.22217	1.89788	0.486385	0.233603	0.0299045
20111	-0.242814	-0.247102	3.98416	1.99478	0.500677	1.59514	-2.45486	4.01604	1.91338	0.476435	1.44289	1.68904	0.488508	0.237778	0.0301968
20112	-0.262527	-0.339987	3.98708	1.96232	0.49217	1.5313	-2.45057	3.8222	1.94831	0.509737	1.38434	1.60891	0.500768	0.221739	0.0304205
20113	-0.33981	-0.305047	3.87338	1.94125	0.501176	1.49112	-2.43729	3.88447	1.97785	0.509169	1.35622	1.67616	0.505179	0.224906	0.0305784
20114	-0.311043	-0.296996	3.81809	1.83288	0.480052	1.62313	-2.40905	3.98718	1.99122	0.499404	1.19239	1.8705	0.489938	0.225867	0.0308299
20115	-0.352017	-0.347651	3.88306	1.90006	0.48932	1.59392	-2.44905	4.25952	2.0516	0.481652	1.16616	1.89334	0.485309	0.21845	0.0306738
20116	-0.273039	-0.346007	3.92717	2.02256	0.515017	1.54154	-2.4868	3.99506	2.12667	0.532327	1.39186	1.64635	0.523746	0.216468	0.0310478
20117	-0.399556	-0.380678	4.21092	2.14713	0.509896	1.5547	-2.51781	4.43988	2.32846	0.524442	1.19591	1.90956	0.517362	0.203347	0.0313144
20118	-0.392705	-0.430249	4.15506	2.08836	0.502607	1.53925	-2.45501	4.30969	2.20355	0.511303	1.09837	1.86623	0.507034	0.192845	0.031558
20119	-0.514244	-0.511052	4.06139	1.99423	0.491021	1.5624	-2.45465	4.2319	2.16153	0.51077	0.875969	2.15622	0.501098	0.185245	0.0320834
20120	-0.518353	-0.55367	3.93073	2.00012	0.508842	1.59437	-2.43271	3.97525	2.12204	0.533814	0.791017	2.2318	0.521398	0.176441	0.0325349
20121	-0.441274	-0.495485	4.12812	1.8087	0.438141	1.52182	-2.43599	3.82848	2.03369	0.531201	0.977116	1.92687	0.482919	0.196866	0.0331702
20122	-0.372147	-0.454983	3.84027	1.74604	0.454667	1.56452	-2.44484	4.1447	2.08802	0.503781	1.05569	1.87534	0.48016	0.205284	0.0335746
20123	-0.463411	-0.384988	4.02626	1.85688	0.461192	1.45721	-2.47262	3.90083	2.03474	0.521617	1.18148	1.84438	0.490926	0.21882	0.0337299
20124	-0.245418	-0.281183	3.947	1.87517	0.475089	1.64622	-2.41109	4.14493	2.08676	0.503448	1.26778	1.78914	0.489615	0.222635	0.033993
20125	-0.301634	-0.327747	3.68857	1.86959	0.506861	1.52412	-2.41014	4.16735	2.01136	0.482648	1.30089	1.6667	0.494017	0.218431	0.0343085
20126	-0.359658	-0.336346	3.90167	2.0749	0.531798	1.47571	-2.40252	4.14687	1.99681	0.481522	1.26733	1.68428	0.505894	0.207763	0.034658
20127	-0.284475	-0.322281	3.92325	1.96566	0.501028	1.56373	-2.45465	4.01975	1.98368	0.493483	1.33113	1.70794	0.497209	0.223589	0.0347973
20128	-0.421219	-0.399815	3.84156	1.91894	0.499519	1.56027	-2.41584	4.23772	2.18098	0.51466	1.03516	1.96315	0.507461	0.198689	0.0350252
20129	-0.477302	-0.491037	4.02928	1.94069	0.481648	1.51262	-2.48242	4.13699	2.0626	0.498576	1.00147	1.9799	0.490224	0.198571	0.0351628
20130	-0.466783	-0.471877	3.80208	1.91503	0.503679	1.41298	-2.52886	4.34563	2.12595	0.489216	1.19744	1.76676	0.495965	0.207543	0.0355905
20131	-0.385212	-0.438929	4.12027	1.98944	0.482843	1.56397	-2.44721	4.00288	2.03997	0.509625	1.06156	1.89965	0.496041	0.20023	0.0357684
20132	-0.359245	-0.377159	3.90032	2.06108	0.528439	1.54842	-2.418	4.05243	2.09459	0.516872	1.14449	1.8196	0.522545	0.20044	0.035921
20133	-0.249625	-0.310413	3.54248	1.99592	0.563426	1.59369	-2.44538	3.52883	1.8676	0.529242	1.34149	1.6989	0.546367	0.227854	0.0363969
20134	-0.374187	-0.287776	3.993	2.03825	0.510456	1.44832	-2.48688	3.99849	2.04901	0.512445	1.45597	1.66077	0.511451	0.228364	0.0366024
20135	-0.180803	-0.186651	3.86533	1.82984	0.473398	1.54119	-2.47517	3.99611	2.04697	0.51224	1.76622	1.48263	0.493142	0.252561	0.0369647
20136	-0.158354	-0.161314	3.75815	1.91401	0.509296	1.40618	-2.55326	4.09846	2.02022	0.492922	2.33739	1.22389	0.500754	0.266727	0.0371882
20137	-0.266048	-0.185248	4.07595	1.79912	0.441398	1.43093	-2.57603	3.91569	2.00614	0.512335	1.98486	1.43986	0.476155	0.273103	0.0372764
20138	-0.216172	-0.189195	4.11843	1.93881	0.470763	1.45704	-2.52562	3.93931	1.96852	0.499712	1.94985	1.39982	0.484916	0.258956	0.0375636
20139	-0.111436	-0.128574	4.17367	1.88864	0.452512	1.54477	-2.5188	4.31949	2.1094	0.488345	2.08281	1.37151	0.470736	0.263313	0.0375821
20140	-0.02155	-0.0643458	3.70222	1.8143	0.490058	1.47693	-2.48245	3.89759	2.11597	0.542892	2.60404	1.12272	0.517154	0.271201	0.037947
20141	-0.0314159	-0.00158711	3.59563	1.86541	0.518798	1.57568	-2.44264	4.23155	2.13202	0.503839	2.30713	1.29137	0.510711	0.271587	0.0379337
20142	-0.0703489	-0.0654339	4.08341	1.84583	0.452031	1.52481	-2.44683	4.18745	2.18035	0.520687	2.22874	1.27226	0.486791	0.260527	0.0379448
20143	0.0547341	0.0251603	3.71618	1.91314	0.514814	1.59821	-2.45281	3.77812	2.13278	0.564509	2.57747	1.19116	0.539867	0.275156	0.0381681
20144	0.0250885	0.0480646	4.20345	1.95098	0.464137	1.55926	-2.46085	3.87756	2.00902	0.518115	2.67437	1.17685	0.490038	0.284482	0.03841
20145	0.225065	0.0965907	3.79213	1.87648	0.494833	1.48858	-2.42399	4.40787	2.16068	0.490187	3.9796	0.798234	0.492336	0.282446	0.0388213
20146	0.0232101	0.0344639	4.04865	1.93492	0.477918	1.58069	-2.43329	4.26991	2.09134	0.489785	2.51048	1.21288	0.484009	0.274479	0.0390218
20147	0.05601	0.0938874	3.9078	1.8149	0.464431	1.48091	-2.51106	3.99177	2.00157	0.501425	3.34217	1.01518	0.483124	0.307828	0.0391675
20148	0.0792539	0.0690732	3.98068	1.88327	0.473102	1.45716	-2.57762	3.99627	2.11288	0.528713	3.68948	0.949319	0.500962	0.304808	0.0395865
20149	0.0450279	-0.00628601	4.21435	2.0112	0.477228	1.42667	-2.5914	3.939	1.94044	0.492623	3.50079	0.954468	0.484665	0.297258	0.0397056
20150	-0.0626616	-0.0810891	3.9572	1.93972	0.490174	1.5053	-2.55545	3.99795	2.00983	0.502714	2.49034	1.22925	0.496476	0.279402	0.0400672
20151	-0.0442081	-0.0364346	3.95327	2.02803	0.513	1.3953	-2.56647	4.29313	2.05627	0.478969	3.08905	1.03609	0.495283	0.281612	0.0403206
20152	-0.103522	-0.0971539	3.72043	1.84678	0.496388	1.36189	-2.59337	3.83279	2.02751	0.528991	2.90165	1.07371	0.512932	0.286876	0.0406506
20153	-0.184385	-0.117301	4.04999	2.05217	0.506709	1.42563	-2.61715	3.88487	1.92927	0.49661	2.41082	1.29608	0.501765	0.281916	0.040992
20154	-0.10478	-0.105175	3.9619	1.96024	0.494774	1.38462	-2.64976	3.88072	2.00872	0.517614	2.91884	1.10916	0.506076	0.289799	0.0410894
20155	-0.113746	-0.0533064	3.76911	1.89832	0.50365	1.34718	-2.62743	3.85443	1.92874	0.500397	3.10455	1.06716	0.502005	0.302193	0.0412243
20156	-0.189051	-0.103044	4.17761	1.9143	0.458229	1.4301	-2.61748	3.90034	1.91892	0.491989	2.41161	1.31082	0.47453	0.292059	0.0413198
20157	-0.104839	-0.115298	3.83581	1.89494	0.494013	1.28704	-2.65683	3.86212	1.9541	0.505965	3.33416	0.968666	0.500009	0.295653	0.0414029
20158	-0.0771114	-0.0557388	4.04953	1.97844	0.488561	1.23763	-2.63263	4.05654	1.90749	0.470227	3.84163	0.864268	0.479386	0.299436	0.0414909
20159	-0.0218501	-0.045371	3.84137	1.91291	0.497977	1.23522	-2.657	3.94869	1.96527	0.497703	4.31619	0.790118	0.497838	0.305506	0.0415354
20160	-0.1057	-0.0477873	4.20225	2.06384	0.491128	1.3206	-2.72575	3.91212	1.82788	0.467235	3.52525	1.01716	0.479609	0.315499	0.0418457
20161	-0.0412336	-0.000843077	3.98576	2.09937	0.526719	1.29093	-2.75177	4.25658	1.96437	0.46149	4.26424	0.887333	0.493033	0.317774	0.0420629
20162	-0.142227	-0.0502655	3.68416	1.91786	0.520569	1.16205	-2.78188	4.00925	2.07978	0.518746	4.38633	0.850568	0.519619	0.318275	0.0424044
20163	-0.00953728	-0.0241378	4.43104	1.95626	0.441489	1.15981	-2.8283	3.92627	1.94725	0.495954	5.75071	0.683681	0.467077	0.335043	0.0426712
20164	-0.0595791	-0.0211568	4.02804	1.95151	0.484481	1.25051	-2.81769	3.95897	1.93013	0.487534	4.55655	0.858172	0.485994	0.335082	0.0433157
20165	0.0536027	0.00265239	3.69944	1.80036	0.486656	1.12783	-2.87424	3.99388	1.97274	0.49394	7.17218	0.576985	0.490437	0.354282	0.0434542
20166	0.062451	-0.00108275	4.06782	1.99682	0.490882	1.0659	-2.9041	3.91888	1.93004	0.492499	8.36965	0.503455	0.491675	0.349296	0.0434293
20167	0.0188571	0.000337587	4.18501	1.86029	0.444513	1.07476	-2.96753	4.27023	2.11638	0.495614	7.90021	0.557468	0.470321	0.356508	0.0436237
20168	-0.083935	-0.0186576	3.89778	1.93906	0.497479	1.08955	-2.91723	3.9102	2.14696	0.549068	6.10119	0.688529	0.523314	0.339632	0.0437482
20169	-0.0343169	-0.0309825	4.01419	1.93006	0.48081	1.01015	-2.9272	3.99377	2.07156	0.518697	7.68904	0.545457	0.499705	0.343964	0.0444333
20170	-0.0870466	-0.0340891	3.89679	1.84653	0.473861	1.03026	-2.98071	3.91398	1.94198	0.496165	6.95516	0.624182	0.485037	0.364369	0.0445195
20171	-0.0430066	-0.027685	3.69362	1.858	0.50303	1.0924	-2.96065	3.93487	2.00126	0.508596	6.67281	0.644576	0.505901	0.357957	0.0446623
20172	-0.0780788	-0.0759592	3.55518	1.78285	0.501481	1.06111	-3.00676	4.12783	2.03154	0.492156	6.6188	0.648877	0.496471	0.360308	0.0452142
20173	-0.0676806	-0.113412	3.53016	1.79604	0.508771	1.0822	-2.94332	3.68742	1.88752	0.511882	6.05678	0.661109	0.510361	0.352245	0.045432
20174	-0.052712	-0.0841904	4.0831	1.92741	0.472046	1.06457	-2.97072	4.06172	2.03056	0.499925	6.67463	0.624158	0.485949	0.344927	0.0457502
20175	0.0182113	-0.0419024	3.85513	1.8773	0.486961	0.994303	-2.99857	4.14279	1.99219	0.480882	9.17539	0.476377	0.483813	0.361054	0.0458398
20176	-0.0193359	-0.00943367	3.85852	1.91246	0.495647	0.941518	-3.00009	4.11489	2.02518	0.49216	9.68767	0.46162	0.493847	0.362301	0.046082
20177	-0.010417	-0.011652	3.90307	1.99152	0.510244	0.862438	-3.05259	4.09495	1.99867	0.488082	12.1376	0.380938	0.498897	0.366956	0.0465289
20178	0.00824996	0.0405081	4.03394	2.03318	0.504018	1.00184	-3.02793	4.2386	2.15204	0.507723	9.53724	0.493607	0.505916	0.36008	0.0468003
20179	0.0389619	-0.00731178	3.67369	1.82708	0.49734	0.834003	-3.13239	4.17157	2.06427	0.494841	15.4504	0.316045	0.496011	0.385651	0.046917
20180	0.00169212	0.0147462	3.65247	1.89499	0.518825	0.842628	-3.14106	4.06717	2.12962	0.523612	14.083	0.353587	0.521347	0.382315	0.0471998
20181	0.037063	-0.0302489	3.91127	1.80227	0.460789	0.808638	-3.16893	4.22331	2.06357	0.488613	16.5477	0.297664	0.475235	0.389273	0.0475388
20182	-0.0290342	0.0120587	3.74114	1.87024	0.499912	0.905505	-3.1416	3.93183	2.09432	0.532658	11.3877	0.436682	0.516692	0.385549	0.0476277
20183	0.0242614	-0.0190636	3.88083	1.81902	0.46872	0.753177	-3.24918	4.18059	1.99195	0.476475	19.6373	0.265659	0.472742	0.406454	0.0480529
20184	0.0241262	0.00974341	3.925	1.91607	0.488171	0.760581	-3.2537	4.10501	2.12452	0.517544	19.6363	0.271183	0.503187	0.397326	0.0481328
20185	-0.0500186	0.00880216	4.01551	1.91122	0.475959	0.793621	-3.16529	3.78705	2.07573	0.548113	14.1555	0.355864	0.510979	0.387276	0.0479944
20186	0.020838	-0.00688285	4.02208	1.89717	0.47169	0.86949	-3.11953	4.29107	2.19109	0.510617	13.4524	0.360105	0.491783	0.372158	0.0480125
20187	-0.00618059	-0.0429282	3.85078	1.80913	0.46981	1.02969	-3.02729	4.37105	2.14951	0.491761	8.30026	0.536515	0.48148	0.360102	0.0480197
20188	0.0497528	-0.00137046	3.83818	1.85694	0.483807	0.983402	-3.01964	4.16493	2.1594	0.518472	10.4508	0.43585	0.501847	0.361976	0.0481488
20189	-0.0277747	0.0114471	3.91276	1.89595	0.484555	1.04776	-2.99176	4.43364	2.20758	0.497916	7.79683	0.578391	0.491653	0.354737	0.0482356
20190	0.122394	-0.00543661	4.35794	2.1034	0.482658	0.949608	-2.99023	4.22109	2.01897	0.478305	13.0195	0.342142	0.480517	0.350884	0.0485832
20191	-0.0571295	0.0125552	3.80827	2.03881	0.535363	1.01538	-3.04957	4.14115	2.08458	0.503381	8.15168	0.575134	0.518702	0.362565	0.0486308
20192	-0.0395765	-0.0445098	4.28928	2.06512	0.48146	0.914106	-3.10233	4.08237	1.96385	0.481056	10.2806	0.454756	0.481263	0.367282	0.0489586
20193	-0.12122	-0.00844833	3.97027	1.91682	0.482792	0.926755	-3.13381	3.91555	1.95238	0.498622	8.89405	0.549126	0.490652	0.387048	0.0492862
20194	-0.0273006	-0.0196315	3.9196	1.95257	0.498154	0.931858	-3.09855	3.97907	2.16751	0.544727	10.3042	0.459992	0.521616	0.365282	0.0497332
20195	-0.0551737	-0.0697904	3.94577	1.89106	0.479263	0.87658	-3.08313	3.98563	1.94304	0.487512	10.4591	0.434082	0.483408	0.372003	0.0500455
20196	-0.0940043	-0.0711233	3.93296	1.8764	0.477097	0.837652	-3.07811	4.03062	1.91487	0.47508	10.4172	0.433991	0.476076	0.373643	0.0499858
20197	-0.164172	-0.120645	3.96598	1.81248	0.457008	0.848129	-3.11568	3.93974	1.91526	0.486139	8.75357	0.512377	0.471525	0.375737	0.0503796
20198	-0.131351	-0.134832	3.72814	1.76708	0.473984	0.814615	-3.10334	3.96491	1.93522	0.488086	9.84747	0.447426	0.481252	0.373173	0.0506548
20199	-0.126027	-0.14639	3.66959	1.69768	0.462633	0.741692	-3.18649	4.09239	2.00268	0.489366	12.2749	0.376468	0.476728	0.384511	0.0508827
20200	-0.124116	-0.106049	3.96704	1.85794	0.468343	0.88716	-3.14365	3.76704	1.99309	0.529086	9.02241	0.511339	0.497929	0.374725	0.0510798
20201	-0.054052	-0.0757482	3.73357	1.85866	0.497824	0.936664	-3.13294	3.84148	1.95935	0.51005	9.52239	0.490759	0.504024	0.379768	0.051529
20202	-0.0120293	-0.0561815	3.91418	1.97839	0.505441	0.75339	-3.2569	3.98186	2.05493	0.516071	17.4862	0.292933	0.510802	0.388498	0.0517102
20203	-0.0994338	-0.063016	3.93822	1.93767	0.492018	0.780072	-3.186	4.21858	2.09348	0.496252	12.6085	0.386765	0.494207	0.377008	0.0520066
20204	-0.0204112	-0.113911	4.22109	2.03174	0.481331	0.774861	-3.22135	4.16765	2.03538	0.488376	15.2677	0.316229	0.484831	0.372589	0.0522868
20205	-0.0652963	-0.129678	3.82665	1.88513	0.492633	0.746896	-3.29436	3.99805	2.0783	0.519827	15.1824	0.329828	0.506528	0.38727	0.0524233
20206	-0.0325876	-0.0582259	3.91052	1.98872	0.508557	0.760099	-3.24297	3.76721	1.99113	0.528542	16.1415	0.314176	0.518363	0.38929	0.0525214
20207	-0.145974	-0.11454	3.95734	1.99199	0.503365	0.7611	-3.25651	4.00191	2.0515	0.51263	11.9983	0.411392	0.508023	0.37914	0.0529992
20208	-0.145463	-0.118335	4.04213	1.98865	0.491979	0.697725	-3.2703	4.06679	2.04445	0.50272	13.9738	0.355483	0.497366	0.381243	0.0533884
20209	-0.0316945	-0.0557644	4.10278	2.0719	0.505	0.731916	-3.24201	4.14652	2.0823	0.502181	17.4107	0.29155	0.503583	0.379369	0.0536727
20210	-0.00910687	-0.0752153	4.06023	1.92675	0.474541	0.80143	-3.26312	4.0276	2.15199	0.534311	15.4691	0.328485	0.504305	0.383941	0.0543859
20211	-0.0743862	-0.130009	4.30962	2.06903	0.480096	0.698374	-3.30018	3.87664	2.08647	0.538215	16.8297	0.298579	0.507619	0.376917	0.0545951
20212	-0.144578	-0.204714	4.07337	2.0512	0.503564	0.786666	-3.26964	4.12227	1.96625	0.476983	10.8321	0.433607	0.490194	0.369026	0.0548426
20213	-0.195397	-0.184071	3.73585	1.96734	0.526612	0.83958	-3.21686	3.77125	1.84728	0.489833	8.58666	0.535589	0.508136	0.376209	0.055091
20214	-0.125278	-0.144753	4.05135	2.02157	0.498986	0.766227	-3.2651	4.14335	1.96063	0.473199	12.2506	0.397391	0.485948	0.379485	0.055361
20215	-0.125798	-0.126521	3.95459	1.96186	0.496096	0.771519	-3.25441	4.02273	2.04263	0.507773	12.1509	0.402589	0.501984	0.379306	0.0557107
20216	-0.186609	-0.19855	3.79579	1.8509	0.48762	0.711965	-3.2797	4.05153	1.95484	0.482493	11.7576	0.403718	0.484973	0.384215	0.0566011
20217	-0.262966	-0.252705	3.6816	1.76212	0.47863	0.719468	-3.26455	3.92533	1.91053	0.486718	9.39851	0.482589	0.482803	0.381875	0.0571236
20218	-0.274497	-0.27539	3.5854	1.76411	0.492027	0.871602	-3.21006	4.02568	2.02926	0.504078	6.55656	0.656771	0.498402	0.362193	0.0573478
20219	-0.363199	-0.307794	3.85039	1.65351	0.42944	0.965951	-3.1279	4.15551	1.99375	0.479785	4.50175	0.883319	0.455572	0.352921	0.0576763
20220	-0.277521	-0.343992	3.84113	1.67046	0.434888	0.827073	-3.15312	3.9335	2.00319	0.509265	6.46755	0.610063	0.472518	0.349502	0.0578607
20221	-0.178697	-0.28066	3.84355	1.95021	0.507399	0.871356	-3.16154	3.80111	1.93224	0.508337	7.52711	0.551305	0.507865	0.348402	0.057692
20222	-0.366303	-0.2935	3.88593	1.97879	0.509219	0.84655	-3.17739	3.93625	1.95749	0.497299	5.65379	0.735507	0.503221	0.345755	0.0578668
20223	-0.302103	-0.307166	3.94378	1.87164	0.47458	0.878622	-3.10372	3.95023	1.87065	0.473555	5.60981	0.697056	0.474067	0.343279	0.0580268
20224	-0.307522	-0.289525	4.06179	1.91298	0.47097	0.964539	-3.05722	3.83444	1.77567	0.463085	4.7339	0.809069	0.467141	0.341857	0.0583949
20225	-0.313595	-0.331216	3.54756	1.72352	0.485832	0.923301	-3.07274	3.78971	1.91798	0.506101	4.91268	0.764956	0.496301	0.340479	0.0585863
20226	-0.390483	-0.403493	3.64538	1.7837	0.489303	0.862191	-3.1205	4.2054	2.06112	0.490112	4.70443	0.784596	0.489737	0.324437	0.0588381
20227	-0.301481	-0.378906	3.7419	1.80943	0.48356	0.993664	-3.08801	4.02194	2.12631	0.528678	4.37536	0.8387	0.506933	0.318069	0.0592983
20228	-0.242167	-0.340784	3.90922	1.80639	0.462084	0.836743	-3.1594	4.13402	2.04119	0.493755	6.82498	0.582023	0.478362	0.340572	0.0595484
20229	-0.4655	-0.398254	3.36809	1.77826	0.527974	0.867073	-3.13784	4.11058	1.96443	0.477897	4.22657	0.887876	0.50045	0.334036	0.0598191
20230	-0.288022	-0.35679	3.96935	1.85034	0.466157	0.817107	-3.19681	3.97496	1.92723	0.484843	6.60414	0.610655	0.475506	0.348133	0.0601119
20231	-0.323818	-0.410545	3.7488	1.83349	0.489087	0.851747	-3.19923	3.81656	2.01629	0.5283	5.62737	0.690977	0.508869	0.335666	0.0602746
20232	-0.248473	-0.360979	3.90413	1.95588	0.500978	0.751227	-3.2806	4.03365	2.07888	0.515385	8.52929	0.4997	0.508299	0.345736	0.0604819
20233	-0.389988	-0.346658	3.93131	1.90939	0.485688	0.729767	-3.26182	3.87125	1.97903	0.511213	6.77766	0.626926	0.498352	0.353442	0.0608919
20234	-0.306247	-0.297492	3.69431	1.87743	0.508195	0.697341	-3.26411	3.9089	1.92985	0.493706	8.73802	0.503595	0.500746	0.366361	0.0612768
20235	-0.26076	-0.262677	3.99625	1.8589	0.46516	0.767044	-3.18561	3.87916	1.93137	0.497883	8.08756	0.52819	0.481278	0.360532	0.0618993
20236	-0.243122	-0.266671	3.79872	1.94733	0.512627	0.807017	-3.19463	3.82893	1.90416	0.497309	7.77386	0.551396	0.504938	0.357635	0.0619882
20237	-0.275142	-0.224508	4.06612	1.933	0.475392	0.6715	-3.25718	3.58818	1.9788	0.551479	10.2631	0.448065	0.51106	0.370306	0.0623424
20238	-0.146649	-0.178234	3.73135	1.86939	0.500995	0.735093	-3.26139	3.86185	1.97383	0.511108	12.2267	0.388734	0.506138	0.382206	0.0627208
20239	-0.188771	-0.229741	4.19354	2.11152	0.503517	0.86143	-3.1593	3.90214	1.96758	0.504231	7.78142	0.551462	0.503861	0.344802	0.0627972
20240	-0.316644	-0.334006	3.86652	2.04518	0.528946	0.957134	-3.11413	4.33133	1.92644	0.444768	4.76364	0.811255	0.48447	0.327397	0.0627768
20241	-0.253732	-0.281652	4.1062	1.9436	0.473333	0.925176	-3.13738	3.88176	1.89262	0.487568	5.8678	0.694912	0.48025	0.347142	0.0632958
20242	-0.317895	-0.337442	3.96945	2.01882	0.508589	0.764039	-3.18254	4.3272	2.05394	0.474658	6.91502	0.58529	0.490892	0.332052	0.0630767
20243	-0.271303	-0.235027	3.98229	2.13304	0.53563	0.888729	-3.15785	4.03156	2.04581	0.507447	6.34843	0.672837	0.521452	0.338334	0.0635757
20244	-0.205562	-0.242036	4.26315	1.9849	0.465593	0.783868	-3.17744	4.11233	1.99546	0.485238	8.80167	0.489485	0.475239	0.351266	0.0641231
20245	-0.184314	-0.221287	4.03809	1.93214	0.478479	0.827332	-3.1519	3.91186	2.09705	0.536075	8.39187	0.511714	0.506819	0.347751	0.0645883
20246	-0.276585	-0.190267	3.72206	1.8946	0.50902	0.777282	-3.15964	4.33945	2.25795	0.520332	7.93882	0.555319	0.515109	0.346872	0.0648593
20247	-0.138452	-0.121979	4.00513	1.88633	0.47098	0.826139	-3.20218	3.94821	2.02652	0.513275	10.197	0.465218	0.491976	0.377524	0.0648361
20248	-0.201937	-0.0758266	3.8161	1.93734	0.507675	0.761737	-3.18898	4.13381	2.17304	0.525675	10.4361	0.464333	0.517035	0.370974	0.0651115
20249	-0.067272	-0.0662144	3.72562	1.81589	0.487407	0.780476	-3.22476	3.9322	2.07319	0.527234	13.8817	0.359338	0.507858	0.390849	0.0647965
20250	-0.143638	-0.0996645	3.93218	1.90149	0.483572	0.716278	-3.2389	4.43888	2.21837	0.499758	13.3271	0.369728	0.492155	0.374337	0.065355
20251	-0.163905	-0.155637	4.128	1.88838	0.457456	0.716484	-3.25502	4.06992	2.02883	0.498495	12.3937	0.387543	0.47783	0.380184	0.0655016
20252	0.0591019	-0.0726013	3.91193	1.89946	0.485556	0.667071	-3.35465	4.0407	2.16994	0.537022	29.1425	0.184813	0.511706	0.398348	0.065591
20253	0.0331357	0.0474814	3.96853	2.09192	0.527127	0.733964	-3.28628	4.42164	2.13308	0.482417	22.628	0.24558	0.503565	0.39685	0.065552
20254	0.0500204	8.79217e-05	4.10891	2.0865	0.507799	0.720512	-3.25382	4.28757	2.08488	0.486262	23.5518	0.22478	0.496801	0.388332	0.0657315
20255	-0.0529834	-0.0233938	4.11327	1.89514	0.460738	0.786558	-3.21472	3.78314	2.00381	0.529668	14.4496	0.352415	0.493762	0.395171	0.0660264
20256	-0.011361	-0.0413173	3.62237	1.80173	0.497389	0.788221	-3.19206	4.18903	2.05267	0.490012	15.5274	0.319666	0.493433	0.391804	0.0663258
20257	-0.0118899	-0.0686288	3.51711	1.80351	0.512782	0.874999	-3.15085	4.12092	1.96886	0.477771	12.0778	0.393286	0.493892	0.386465	0.0666739
20258	-0.156675	-0.148542	3.89164	1.99711	0.513178	0.825415	-3.13797	4.28235	2.01943	0.471569	9.26557	0.482251	0.491379	0.357541	0.0667855
20259	-0.166368	-0.18271	4.23271	2.07494	0.490217	0.864661	-3.16437	4.22737	2.01093	0.475693	8.36323	0.531511	0.482959	0.352431	0.0667279
20260	-0.21135	-0.197182	4.20799	2.04228	0.485333	0.870856	-3.19791	3.68669	1.98468	0.538336	7.68835	0.585585	0.510085	0.358681	0.067255
20261	-0.182854	-0.234118	4.04723	2.17024	0.536228	0.720547	-3.20414	3.75324	1.86888	0.497938	10.8083	0.408067	0.517805	0.353274	0.0674668
20262	-0.144389	-0.185088	4.00185	2.07098	0.517507	0.748185	-3.19511	4.0512	1.9447	0.48003	11.3724	0.398344	0.498654	0.360751	0.0671579
20263	-0.242629	-0.236446	3.8774	2.01464	0.519585	0.789218	-3.19499	4.03651	1.85408	0.459328	8.22099	0.532354	0.488851	0.361392	0.0676239
20264	-0.204364	-0.2363	3.75888	1.93187	0.513949	0.732267	-3.19517	4.00425	2.04419	0.510505	9.97966	0.438638	0.512172	0.355152	0.0680243
20265	-0.250436	-0.253097	4.28432	2.14828	0.501429	0.855346	-3.22483	3.57991	1.83179	0.511686	7.22239	0.611376	0.506098	0.356909	0.0686102
20266	-0.304001	-0.25366	4.13983	1.96985	0.475827	0.762861	-3.24784	3.95107	1.94677	0.492719	7.87661	0.569097	0.484076	0.364084	0.0686329
20267	-0.16567	-0.147375	3.84057	2.07643	0.540657	0.912967	-3.17452	3.90958	2.1135	0.540595	7.87616	0.581729	0.540626	0.353603	0.0685746
20268	-0.0768964	-0.108801	3.63454	1.80905	0.497737	0.763404	-3.25232	3.94618	2.13549	0.541154	13.9946	0.353053	0.520338	0.385222	0.068605
20269	-0.0105333	-0.0174308	3.98751	1.9012	0.476789	0.746044	-3.22365	4.33397	2.05327	0.473761	17.9589	0.286205	0.475212	0.394018	0.0689451
20270	-0.00731216	0.0739232	4.08907	1.77162	0.433257	0.707966	-3.20606	3.96667	1.85127	0.466705	21.0277	0.255811	0.449727	0.426196	0.069074
20271	0.0858232	0.0699201	3.58687	1.78283	0.497042	0.694734	-3.24339	3.90895	1.93754	0.495666	29.6086	0.185386	0.496324	0.424648	0.0697382
20272	0.108709	0.0649838	3.98882	1.95343	0.489726	0.793212	-3.21442	3.65234	1.83681	0.502912	22.953	0.234273	0.496029	0.415106	0.0703685
20273	0.103334	0.0982016	3.91061	2.07507	0.530626	0.80443	-3.18795	3.90499	1.91152	0.489508	21.9695	0.245768	0.510082	0.403887	0.0702566
20274	0.116135	0.103918	4.07646	1.83971	0.451302	0.764989	-3.22388	3.79521	1.96564	0.517926	26.3039	0.210506	0.483424	0.421266	0.0710012
20275	0.109	0.106952	3.80123	1.81952	0.478665	0.732207	-3.17546	4.12762	2.03958	0.494129	27.7409	0.194193	0.486715	0.411184	0.0712663
20276	0.0309546	0.0865867	3.73931	1.93492	0.517454	0.869173	-3.13925	4.09518	2.00006	0.488393	14.8105	0.351305	0.502263	0.398117	0.071805
20277	0.10526	0.115064	3.82961	1.83556	0.479307	0.937747	-3.13444	3.99249	2.0683	0.518047	15.2363	0.346517	0.499081	0.403536	0.0718557
20278	0.172221	0.12354	4.00025	2.04616	0.511509	0.944219	-3.11495	4.02102	2.00433	0.498463	17.5976	0.297991	0.504969	0.393072	0.0719105
20279	0.0947857	0.110625	3.91916	1.9773	0.504521	0.865661	-3.12044	3.87716	1.97945	0.51054	17.5681	0.297125	0.507515	0.397572	0.0721693
20280	0.152402	0.150901	4.15053	1.97858	0.476705	0.868229	-3.05434	3.84255	1.81354	0.471963	20.0495	0.256204	0.474425	0.403923	0.0721183
20281	0.245037	0.172231	3.80575	1.95228	0.512983	1.02809	-3.0049	4.15186	1.96756	0.473898	16.4622	0.306585	0.492591	0.391767	0.0721657
20282	0.155127	0.14065	3.89166	1.89536	0.487031	1.01309	-3.05665	3.84499	1.91884	0.49905	13.8877	0.368049	0.493005	0.401333	0.0729938
20283	0.0810101	0.109971	3.97599	1.96778	0.494917	0.991264	-3.01228	3.95552	1.86236	0.470824	11.7655	0.414281	0.482902	0.388983	0.0732529
20284	0.11465	0.21016	3.90271	1.82655	0.468022	1.04679	-3.01469	3.83171	1.82085	0.475205	11.9691	0.434438	0.47158	0.416287	0.073613
20285	0.147778	0.174745	3.91142	1.8035	0.461085	1.03646	-3.01195	4.03675	1.93592	0.479573	12.8584	0.39488	0.470475	0.404499	0.0736741
20286	0.146567	0.198777	3.636	1.72755	0.475122	1.09795	-2.90913	3.7903	1.91017	0.503963	10.6715	0.452567	0.489842	0.399092	0.0736697
20287	0.23887	0.245994	3.52965	1.76266	0.499386	1.05978	-2.94888	3.80794	1.90219	0.499533	15.1468	0.336944	0.499462	0.410601	0.0738129
20288	0.25733	0.29409	4.0915	1.95485	0.477783	0.872986	-2.97521	4.1836	1.90694	0.455813	28.199	0.189516	0.466675	0.409079	0.0739875
20289	0.120575	0.218754	4.02479	2.01017	0.499449	1.08358	-2.9107	3.88938	2.00579	0.51571	10.5604	0.463691	0.50744	0.378868	0.0740995
20290	0.279046	0.214648	3.80494	1.9422	0.510442	1.13341	-2.87612	4.49918	2.03314	0.451892	13.0873	0.364966	0.47872	0.375412	0.0738995
20291	0.185403	0.185836	3.81998	1.93449	0.506415	1.07467	-2.96732	4.00811	1.95374	0.487447	12.5725	0.395401	0.496703	0.390088	0.0744342
20292	0.198929	0.218327	3.84138	2.07125	0.539193	1.0857	-2.93599	4.39131	2.20326	0.50173	12.6528	0.393184	0.519211	0.367975	0.0747463
20293	0.111371	0.173107	3.87462	2.00153	0.516574	0.931136	-3.04659	3.92917	2.1138	0.537976	15.4259	0.336007	0.52735	0.386526	0.0750078
20294	0.190231	0.241309	3.85267	1.97716	0.513192	0.90289	-3.05179	4.1028	1.92893	0.470149	21.3523	0.253941	0.490994	0.409829	0.0752356
20295	0.2093	0.275877	4.18528	1.89961	0.453879	0.926149	-3.06985	3.81471	1.92555	0.504769	21.7835	0.256936	0.478146	0.422621	0.0755303
20296	0.319046	0.350828	3.79234	1.90243	0.501649	0.876452	-3.07581	4.15346	2.06378	0.496881	37.7915	0.155351	0.499157	0.425449	0.0759804
20297	0.349326	0.302425	4.057	1.97852	0.487681	0.877186	-3.06075	4.35356	2.16375	0.497006	40.5941	0.139318	0.492508	0.405822	0.07603
20298	0.31634	0.282241	4.06673	2.02789	0.498654	1.06879	-2.93931	4.11589	2.0661	0.501982	18.3303	0.283093	0.500328	0.388032	0.0764137
20299	0.360182	0.263172	3.98544	2.16406	0.542992	1.07955	-2.90781	4.15516	2.10777	0.507266	19.4307	0.258744	0.524757	0.370575	0.0764595
20300	0.315167	0.244625	3.68382	1.9645	0.533277	1.02069	-2.95713	4.18842	2.07542	0.495515	20.5949	0.248878	0.513186	0.388263	0.076426
20301	0.191385	0.21922	3.9953	1.96571	0.492006	1.08729	-2.95304	4.1097	2.0183	0.491107	12.5376	0.401322	0.49155	0.387176	0.0769168
20302	0.15541	0.199451	3.97271	1.91639	0.48239	1.08132	-2.95013	4.31866	2.16685	0.501741	11.5711	0.42865	0.492469	0.377977	0.0770145
20303	0.20319	0.207568	3.93213	2.00058	0.508777	1.02933	-2.95964	4.26955	2.23541	0.523571	14.6977	0.341251	0.516478	0.371986	0.0775801
20304	0.189039	0.158278	3.81143	1.90002	0.498505	0.965635	-2.94275	3.7974	1.92776	0.507654	15.9449	0.301551	0.503071	0.385893	0.078014
20305	0.031404	0.111724	3.78204	2.0038	0.529819	0.998798	-2.97197	3.60026	1.95923	0.544191	10.161	0.467925	0.536828	0.375066	0.0781406
20306	0.132058	0.129416	4.10508	1.84835	0.450258	0.980543	-2.90357	4.06305	1.9638	0.483332	12.7777	0.359964	0.46671	0.376392	0.07869
20307	0.0617332	0.0918259	3.79712	1.82795	0.481403	1.16756	-2.85984	3.92362	1.97497	0.503355	7.12463	0.611422	0.492559	0.364283	0.0788401
20308	0.0557033	0.0796317	4.03267	2.00505	0.497201	1.20617	-2.81116	4.10321	2.02333	0.493108	6.31372	0.661789	0.495137	0.341618	0.078813
20309	0.0432402	0.0559236	3.98453	2.01673	0.50614	1.20745	-2.78973	4.13144	2.05121	0.496488	5.97446	0.677695	0.501227	0.332401	0.0787115
20310	-0.023694	0.0387505	4.08471	2.08694	0.510914	1.23207	-2.77293	4.05786	1.99979	0.492819	5.01321	0.788471	0.501896	0.326079	0.0789541
20311	-0.016152	-0.02272	3.94779	2.0342	0.515275	1.30059	-2.76207	3.82819	1.88657	0.49281	4.32805	0.866909	0.504215	0.32374	0.0788154
20312	-0.109061	-0.0669209	4.12044	1.95797	0.475185	1.14726	-2.79585	4.38205	2.12935	0.485927	4.71828	0.789169	0.480721	0.313056	0.0789483
20313	-0.192883	-0.140783	4.23398	1.94995	0.460548	1.12048	-2.80934	4.39094	2.07813	0.473278	4.12839	0.862464	0.467029	0.306611	0.079163
20314	-0.175716	-0.12816	3.89292	1.87216	0.480914	1.14057	-2.85567	4.25946	2.05695	0.482913	4.29369	0.866306	0.481958	0.321381	0.0795945
20315	-0.0505088	-0.140155	4.12138	2.07873	0.504376	1.19868	-2.77594	3.79428	1.84242	0.485579	4.45209	0.780239	0.495366	0.307079	0.0797075
20316	-0.143356	-0.189209	3.92268	2.05429	0.523696	1.17889	-2.7884	3.86486	1.7829	0.46131	3.86415	0.874166	0.492735	0.305736	0.080382
20317	-0.276213	-0.164948	3.76229	2.02109	0.537196	1.24406	-2.74038	3.85428	1.79733	0.466321	2.86982	1.15562	0.501331	0.302885	0.0803819
20318	-0.0788378	-0.0692925	4.11306	2.10267	0.511219	1.14252	-2.83125	3.79949	1.93798	0.510062	5.11389	0.745854	0.510664	0.320752	0.080533
20319	-0.0455403	-0.0717785	4.37651	1.99459	0.455749	1.2135	-2.8083	4.11354	2.00409	0.487195	4.72409	0.792592	0.470985	0.318997	0.0806294
20320	-0.0397426	-0.021733	4.27166	1.98532	0.464767	1.26561	-2.74214	4.06969	1.89311	0.465172	4.34325	0.851968	0.464964	0.323078	0.0808244
20321	0.0233494	0.0617288	4.15072	2.20553	0.531361	1.36617	-2.65709	3.87533	1.99106	0.513778	4.09944	0.901581	0.522871	0.305833	0.0808544
20322	0.0329611	0.0616377	3.72945	2.1003	0.563166	1.27853	-2.73387	4.13139	2.08376	0.504372	5.03714	0.775726	0.532266	0.318419	0.0813331
20323	0.11239	0.0907088	4.41213	2.19414	0.497298	1.32634	-2.7595	3.8926	1.96802	0.505581	5.51254	0.736835	0.50118	0.328043	0.0815983
20324	-0.00478795	0.0848534	3.97733	2.24759	0.5651	1.31449	-2.73881	3.86202	2.00422	0.518956	4.58091	0.87025	0.542367	0.319283	0.0819793
20325	0.06663	0.0662642	4.31194	2.09567	0.486016	1.23048	-2.7531	4.09915	1.93464	0.471961	5.86823	0.677273	0.479167	0.330346	0.0821055
20326	0.0783132	0.0591978	4.09007	1.99248	0.487152	1.27257	-2.75583	3.97116	1.97859	0.498239	5.55609	0.713124	0.492614	0.332947	0.0819959
20327	0.00820286	0.0371906	3.74571	1.81979	0.485834	1.3196	-2.73793	3.9029	1.81538	0.465136	4.47813	0.859881	0.475272	0.346364	0.0822389
20328	0.00360438	0.0184614	3.62803	1.87632	0.517174	1.28007	-2.73291	3.70217	1.82416	0.492728	4.64605	0.814679	0.504827	0.338485	0.0826166
20329	0.0202957	0.00972413	3.79976	1.95026	0.513258	1.18274	-2.78112	3.63869	1.90287	0.522953	5.764	0.675644	0.518001	0.335818	0.0828289
20330	-0.0456402	-0.0532717	3.93573	1.98528	0.504425	1.15276	-2.78916	3.61687	1.93381	0.534664	5.21184	0.718087	0.518906	0.32328	0.0830686
20331	-0.0104796	-0.0234537	3.6273	1.98132	0.546223	1.14344	-2.84937	4.02678	1.90505	0.473095	5.99745	0.665769	0.507751	0.339483	0.0832599
20332	-0.0363398	0.0124344	4.01792	1.87299	0.466158	1.09167	-2.8412	4.23801	1.9506	0.460262	6.39985	0.636203	0.463132	0.347556	0.0838378
20333	-0.012524	-0.00493766	4.05266	1.91864	0.473429	1.17637	-2.82377	4.14977	1.90577	0.459248	5.62152	0.706733	0.466254	0.341964	0.0843465
20334	-0.0180815	0.00152846	3.97328	1.88744	0.475033	1.12722	-2.86462	3.87919	1.94814	0.502204	6.26268	0.655854	0.488456	0.348832	0.0846025
20335	0.0163338	-0.0255581	3.87313	1.91019	0.493191	1.12699	-2.87677	3.98463	1.99663	0.501084	6.59023	0.616777	0.497193	0.342307	0.0850009
20336	-0.0281984	0.0139751	3.78218	2.01436	0.532594	1.15544	-2.84091	4.03003	1.90735	0.473285	5.81759	0.700495	0.501999	0.34203	0.085028
20337	0.039889	0.0377739	3.85706	1.87563	0.486285	1.25353	-2.79574	3.74702	1.82352	0.486657	5.4509	0.736466	0.486469	0.351863	0.0853002
20338	0.124914	0.0638718	3.71305	1.79894	0.484492	1.20858	-2.78707	3.68959	1.83913	0.498466	6.92123	0.58717	0.491457	0.358484	0.0854923
20339	0.244994	0.148774	3.99803	1.96536	0.491583	1.18819	-2.78254	3.89285	1.79144	0.460188	9.65883	0.444805	0.476095	0.363903	0.0854548
20340	0.0824499	0.110144	3.94549	1.89358	0.479936	1.25337	-2.80583	3.52949	1.81926	0.515445	6.20171	0.68553	0.496702	0.3642	0.0858149
20341	0.114256	0.0979904	3.82316	1.95489	0.511327	1.27065	-2.79418	4.12637	1.76432	0.427571	6.25513	0.668622	0.467852	0.360017	0.0858937
20342	0.137781	0.138268	4.05077	1.87817	0.463658	1.06607	-2.84238	3.81743	1.8374	0.48132	10.31	0.430856	0.472227	0.374246	0.0861909
20343	0.12048	0.190544	3.66632	1.86023	0.507384	1.08107	-2.91377	3.85323	1.89638	0.492154	10.4438	0.461363	0.49958	0.390854	0.0864483
20344	0.252027	0.243283	4.21827	2.0788	0.492807	1.21554	-2.80132	3.87084	1.88592	0.487213	9.98495	0.464178	0.49013	0.369004	0.0867491
20345	0.264717	0.252298	4.08409	1.99635	0.488811	1.1239	-2.80644	4.00669	1.77661	0.443412	12.6741	0.369096	0.466329	0.382808	0.0869527
20346	0.27482	0.199364	4.08978	2.09122	0.511327	1.21583	-2.8849	3.88506	1.77943	0.458019	10.7427	0.442751	0.485357	0.380697	0.0869511
20347	0.316403	0.231226	4.19434	2.1113	0.50337	1.11297	-2.88058	3.86469	1.76468	0.456615	15.2609	0.31726	0.480949	0.384573	0.0869905
20348	0.201156	0.178828	3.97659	1.97897	0.497654	1.07957	-2.87803	4.02603	1.87168	0.464894	12.1102	0.385804	0.481173	0.377714	0.0871467
20349	0.387324	0.23982	3.92471	2.0265	0.516343	1.18334	-2.84019	3.95522	1.83201	0.463187	14.9712	0.316823	0.489662	0.380787	0.0872893
20350	0.249427	0.261215	3.79502	1.89066	0.498196	1.12715	-2.81448	3.93508	1.95513	0.496848	12.2794	0.385195	0.497509	0.380905	0.0874333
20351	0.249932	0.27585	3.89695	1.89493	0.486261	1.28542	-2.75153	3.88001	2.0485	0.527962	8.54756	0.536119	0.507066	0.367617	0.0880094
20352	0.279633	0.268194	3.71351	1.7918	0.482509	1.33172	-2.72395	4.06256	2.04712	0.503898	8.08841	0.553441	0.493684	0.368419	0.0888281
20353	0.23619	0.248642	3.71271	1.90126	0.512093	1.23322	-2.70892	3.9293	1.91826	0.488195	8.79937	0.497035	0.499805	0.364199	0.0893251
20354	0.212637	0.272491	4.14209	1.88332	0.454678	1.24779	-2.70012	3.9716	2.01785	0.508069	8.24643	0.535771	0.480813	0.361654	0.0894818
20355	0.285481	0.309099	3.91854	1.86936	0.477056	1.21108	-2.75978	3.85385	1.98414	0.514846	10.993	0.428363	0.495794	0.379387	0.0896535
20356	0.292684	0.308731	3.85391	1.86904	0.484973	1.41035	-2.68983	3.7441	1.81916	0.485875	7.19784	0.624589	0.485418	0.378794	0.0896912
20357	0.293072	0.303805	3.68502	1.75931	0.477423	1.34809	-2.6424	3.70971	1.87539	0.505536	7.79844	0.55653	0.491527	0.373956	0.0901749
20358	0.264475	0.268279	3.88236	1.79714	0.462898	1.37225	-2.63169	3.69007	1.85277	0.502095	6.853	0.613588	0.481999	0.365611	0.0904253
20359	0.300042	0.30405	3.95556	1.83406	0.463666	1.34854	-2.64272	3.83966	1.90186	0.495318	7.89881	0.549669	0.479257	0.367638	0.090509
20360	0.37624	0.371759	3.98699	1.91143	0.479417	1.35801	-2.64862	4.24064	2.02206	0.476829	9.46458	0.481939	0.478083	0.367128	0.0906644
20361	0.238	0.258446	4.25934	1.97332	0.463291	1.33058	-2.681	3.90987	2.02142	0.517004	7.23809	0.596864	0.488999	0.351072	0.0910131
20362	0.2955	0.267733	4.10019	1.99031	0.485419	1.38273	-2.64056	4.07634	2.17471	0.533495	7.1554	0.591033	0.509387	0.336846	0.0913475
20363	0.213194	0.235129	3.96329	1.88555	0.475754	1.30221	-2.65646	4.06851	2.09046	0.513815	7.05031	0.592975	0.495034	0.344691	0.0915458
20364	0.227318	0.236117	4.03383	1.93629	0.480012	1.37408	-2.66261	3.70309	2.00765	0.542155	6.38948	0.657534	0.509755	0.34764	0.0917892
20365	0.17903	0.152311	4.17181	2.19612	0.526419	1.32539	-2.6591	4.08233	1.9508	0.477864	6.01459	0.657072	0.502405	0.322832	0.09178
20366	0.208884	0.189347	4.17543	2.0472	0.490296	1.42537	-2.6265	3.63043	1.93458	0.532879	5.35797	0.739923	0.510101	0.332478	0.0925101
20367	0.207501	0.162861	3.96553	2.03488	0.513141	1.5544	-2.58455	4.38776	2.06376	0.470345	4.16078	0.90707	0.490662	0.31537	0.0925542
20368	0.145509	0.145155	3.74509	1.92287	0.513436	1.44669	-2.56829	3.89071	1.81538	0.466594	4.34878	0.846536	0.489568	0.330048	0.092576
20369	0.125165	0.177962	4.13251	1.91918	0.464409	1.49724	-2.51502	3.58864	1.87276	0.521857	3.85225	0.94129	0.49111	0.323579	0.0926641
20370	0.172625	0.133303	3.8004	1.84363	0.485115	1.50422	-2.48608	3.71164	1.82702	0.492242	3.86948	0.886577	0.488636	0.318585	0.0926147
20371	0.0683392	0.097901	3.68961	1.85371	0.502414	1.51408	-2.45867	3.71968	1.87987	0.505385	3.12707	1.04508	0.503906	0.304528	0.0927801
20372	0.19765	0.199258	3.67918	1.76687	0.480235	1.48867	-2.51656	3.68815	1.70435	0.462113	4.42519	0.833371	0.471163	0.347031	0.0927603
20373	0.240479	0.212243	4.04094	1.95985	0.484999	1.36992	-2.58127	4.04565	1.91881	0.47429	6.11751	0.637819	0.479641	0.334771	0.0931735
20374	0.144389	0.126269	3.95782	2.04225	0.516003	1.35348	-2.64425	3.82958	1.92826	0.503518	5.25052	0.730952	0.509863	0.325936	0.0930463
20375	0.0956129	0.110993	4.0047	1.9175	0.478813	1.44225	-2.61214	3.83912	2.00988	0.523525	4.08918	0.906717	0.500697	0.320778	0.0936847
20376	0.0210271	0.0862868	3.80672	1.90853	0.501359	1.38381	-2.63074	3.8207	1.9798	0.518178	3.97497	0.928588	0.509784	0.321977	0.0941315
20377	0.107687	0.0606426	3.66856	1.86211	0.507586	1.41994	-2.59087	4.06342	1.92035	0.472593	4.08273	0.86101	0.489196	0.317366	0.0945588
20378	0.117158	0.081096	4.14746	2.12343	0.511983	1.40004	-2.63217	3.60262	1.89066	0.524801	4.47311	0.822896	0.517941	0.314471	0.0947356
20379	0.0872409	0.0636116	3.76818	1.97051	0.522934	1.35042	-2.62663	3.89841	1.87602	0.481227	4.53579	0.797809	0.501726	0.320014	0.0952763
20380	0.104624	0.0736745	4.07368	2.07236	0.50872	1.42878	-2.55271	3.81408	1.85676	0.486818	3.93401	0.876698	0.498129	0.305128	0.0954426
20381	0.172048	0.126362	4.14435	2.1148	0.510286	1.36676	-2.59638	4.04484	1.96515	0.485841	5.1938	0.71367	0.498212	0.312469	0.0958882
20382	0.0916361	0.119273	3.61651	1.77085	0.489656	1.35098	-2.66697	3.99808	1.91084	0.47794	4.89498	0.792969	0.483505	0.345297	0.0963418
20383	0.115917	0.125611	4.15047	1.91196	0.460661	1.41282	-2.6285	3.7259	1.99806	0.536262	4.5097	0.84098	0.496424	0.326701	0.0965194
20384	0.0762011	0.0632697	4.00214	1.93494	0.483476	1.3265	-2.64527	3.61878	1.9076	0.52714	4.69291	0.781625	0.50421	0.323199	0.0966005
20385	0.0486506	0.0686593	3.98022	1.91072	0.480053	1.28135	-2.66912	3.44548	1.79603	0.521269	4.93268	0.759771	0.499177	0.335892	0.0962541
20386	0.119061	0.0971578	3.56481	1.76851	0.496103	1.34944	-2.67646	4.04635	1.82319	0.450576	5.08174	0.756922	0.471899	0.348846	0.0966729
20387	0.13191	0.0577227	3.99208	1.89742	0.475296	1.28421	-2.7388	3.96785	1.94858	0.491093	5.88992	0.663893	0.48317	0.337138	0.0970476
20388	0.0497416	0.0782445	3.89936	1.91406	0.490864	1.21184	-2.7339	3.94501	1.90099	0.481873	5.85586	0.675233	0.486342	0.341446	0.0970442
20389	0.0535189	0.105013	4.0542	1.83376	0.452311	1.2069	-2.76837	4.11076	1.89178	0.460202	6.20645	0.665143	0.456284	0.35663	0.0970995
20390	0.0732103	0.0791094	4.03437	1.91101	0.473682	1.27944	-2.7327	4.07882	1.97793	0.484927	5.43387	0.727499	0.479335	0.337094	0.0972767
20391	0.0708482	0.0626346	4.21222	2.09374	0.497063	1.23174	-2.73547	3.96092	1.79915	0.454225	5.80954	0.67384	0.476302	0.334688	0.097158
20392	0.0594191	0.100446	3.9751	1.94501	0.489298	1.26589	-2.74455	3.96675	1.80957	0.456185	5.56067	0.727791	0.472759	0.350317	0.0975231
20393	0.0811643	0.0974804	3.8266	1.79546	0.469205	1.26577	-2.73308	3.81809	1.84158	0.482331	5.7095	0.701642	0.475761	0.355255	0.0985771
20394	0.149813	0.128828	3.90271	1.93717	0.496364	1.21402	-2.74442	3.92821	1.8532	0.471767	7.28939	0.566272	0.484025	0.352659	0.0989641
20395	0.155441	0.168001	3.92695	1.87844	0.478345	1.17906	-2.80692	3.92069	1.6998	0.433548	8.44635	0.523903	0.455964	0.382197	0.0988374
20396	0.156126	0.197203	4.00372	2.10828	0.52658	1.11544	-2.84207	3.86558	1.77751	0.459831	10.0373	0.460145	0.493791	0.37288	0.0988851
20397	0.23944	0.237359	4.14082	2.05833	0.497082	1.14131	-2.86841	3.92283	1.93739	0.493877	11.859	0.406685	0.495522	0.376484	0.0989213
20398	0.150715	0.171383	3.54136	1.89584	0.535341	1.16757	-2.85933	4.11068	1.92248	0.46768	8.88319	0.516999	0.498993	0.37566	0.0989283
20399	0.237109	0.179167	3.7853	2.02615	0.535269	1.10958	-2.88649	3.78743	1.92597	0.508517	12.3467	0.380599	0.521889	0.372965	0.0995651
20400	0.226273	0.213055	4.08304	2.10935	0.516612	1.123	-2.87359	3.98232	1.90415	0.478151	11.8481	0.402062	0.497621	0.372551	0.0998106
20401	0.166264	0.245115	4.13803	1.92127	0.464296	1.0646	-2.93463	3.97291	1.89759	0.477632	12.5288	0.403504	0.470828	0.398399	0.0999155
20402	0.320629	0.285409	3.88884	1.94753	0.500801	1.08691	-2.9265	4.23595	2.07956	0.490931	17.5691	0.293594	0.495655	0.390525	0.100465
20403	0.356459	0.312416	4.03768	2.01684	0.499506	1.10533	-2.91149	4.14517	1.97883	0.477382	18.533	0.280407	0.488299	0.39417	0.100474
20404	0.311334	0.320488	3.86017	2.01303	0.521487	1.08825	-2.8887	3.85671	1.9546	0.506805	17.0625	0.301799	0.514149	0.393667	0.0998944
20405	0.27743	0.265293	3.91645	2.11024	0.538814	1.1633	-2.87611	4.03541	1.98	0.490656	12.575	0.392382	0.514375	0.376353	0.100054
20406	0.281215	0.281375	4.2821	1.96399	0.458652	1.24572	-2.80841	3.93153	1.91408	0.486853	10.2625	0.46513	0.472151	0.381089	0.10015
20407	0.208429	0.25999	3.79806	2.04014	0.537153	1.13959	-2.78319	3.75647	1.83273	0.487886	10.6808	0.433534	0.512655	0.37426	0.100486
20408	0.228191	0.219495	4.07478	2.12121	0.520572	1.17201	-2.80312	4.253	1.91313	0.44983	10.2563	0.445396	0.484444	0.361608	0.100695
20409	0.0913773	0.153835	4.08836	2.04639	0.500541	1.14623	-2.84047	3.9343	1.91626	0.487066	8.05768	0.556355	0.493933	0.361402	0.100636
20410	0.163759	0.190025	4.3076	2.10652	0.489023	1.20362	-2.86506	3.84084	1.90723	0.496566	8.63171	0.540656	0.492578	0.367745	0.100621
20411	0.187577	0.195625	4.04709	1.97532	0.488084	1.17242	-2.83074	3.82666	1.84241	0.481467	9.44296	0.48496	0.484868	0.375024	0.100802
20412	0.256656	0.224412	4.0866	2.12907	0.520989	1.17676	-2.80724	4.06787	1.95033	0.479447	10.8563	0.423298	0.500266	0.360423	0.10128
20413	0.206329	0.253334	4.23059	2.09569	0.495366	1.09204	-2.85584	3.91207	1.89769	0.485086	12.3228	0.392238	0.490427	0.377137	0.101565
20414	0.269418	0.25153	4.00788	1.94911	0.48632	1.11521	-2.88476	3.92464	2.07435	0.528545	13.7501	0.357683	0.507211	0.379457	0.102087
20415	0.271296	0.250477	4.09769	1.88359	0.459671	1.20469	-2.8426	3.73562	1.90829	0.510835	10.9812	0.435615	0.484071	0.38691	0.102096
20416	0.262812	0.23896	3.68333	1.84073	0.499745	1.19652	-2.82626	3.8317	1.91042	0.498582	10.777	0.435907	0.499152	0.385181	0.102424
20417	0.182322	0.226612	3.92482	1.82847	0.465872	1.19047	-2.86552	4.07033	1.97786	0.485921	9.40726	0.508185	0.476079	0.385862	0.102551
20418	0.26	0.222446	4.24461	2.06179	0.485743	1.06609	-2.85742	3.81218	1.90562	0.499876	14.5982	0.324888	0.49243	0.374225	0.102765
20419	0.196962	0.251682	3.72202	2.06346	0.554392	1.18461	-2.79289	3.92602	2.05153	0.522547	9.50271	0.487725	0.538045	0.360381	0.102869
20420	0.262123	0.245354	4.12721	2.07852	0.503613	1.24904	-2.79304	3.67111	1.96977	0.536559	9.47822	0.487001	0.519123	0.363216	0.102939
20421	0.135761	0.186417	4.1789	2.01004	0.480998	1.16715	-2.82855	3.86151	1.96001	0.507575	8.54511	0.531883	0.493762	0.36415	0.103059
20422	0.145974	0.209236	4.04374	1.96196	0.485185	1.19661	-2.78765	4.06059	1.92535	0.474156	8.13646	0.551917	0.479659	0.366243	0.103141
20423	0.128272	0.211074	3.93028	1.91547	0.487361	1.21169	-2.79941	4.02263	2.08236	0.517662	7.72117	0.586895	0.502688	0.36185	0.103129
20424	0.204016	0.195413	3.84555	1.93738	0.503798	1.13064	-2.79332	4.31563	2.05662	0.476552	10.4033	0.429312	0.48939	0.358728	0.103054
20425	0.285688	0.222347	4.19951	1.97807	0.471025	1.19259	-2.75345	4.14476	2.08015	0.501875	10.7668	0.411237	0.486349	0.353083	0.103274
20426	0.244441	0.213959	3.92804	1.94872	0.496106	1.18244	-2.8338	3.96282	2.01122	0.507522	10.5575	0.439919	0.501839	0.369769	0.10365
20427	0.252503	0.264807	4.10239	1.926	0.469483	1.23231	-2.77389	3.93774	1.94044	0.492779	9.61826	0.480006	0.480892	0.373958	0.104097
20428	0.211845	0.262995	3.94841	1.95945	0.496264	1.19324	-2.79803	3.86869	2.05402	0.530933	9.72849	0.481569	0.513422	0.368665	0.104061
20429	0.309068	0.327066	3.93871	1.96553	0.499028	1.22027	-2.74607	3.76555	1.92662	0.511642	11.3745	0.415146	0.505193	0.377692	0.104106
20430	0.271685	0.342888	4.01754	2.09995	0.522695	1.27614	-2.72426	4.0599	2.15511	0.530828	9.32413	0.504467	0.526783	0.356084	0.104012
20431	0.421748	0.42034	3.64335	1.94259	0.533188	1.41458	-2.57808	4.23818	2.11253	0.498452	9.1209	0.492853	0.514509	0.356726	0.104369
20432	0.393502	0.418145	3.72965	1.77203	0.475119	1.44126	-2.5644	3.98238	2.11827	0.531909	8.10319	0.548893	0.504445	0.363843	0.103853
20433	0.289454	0.328057	3.6253	1.69935	0.468747	1.57482	-2.50609	3.91395	1.94766	0.49762	4.86172	0.826088	0.483736	0.35521	0.104051
20434	0.325393	0.345491	3.61305	1.85506	0.513432	1.48582	-2.49506	3.62109	1.81939	0.502443	5.99197	0.673295	0.507932	0.354527	0.104175
20435	0.337631	0.375386	3.8588	1.76174	0.45655	1.44211	-2.54781	3.72608	1.72136	0.461977	7.0049	0.609935	0.459216	0.380279	0.104449
20436	0.344768	0.365086	3.92971	1.85237	0.471376	1.49031	-2.57082	3.88847	1.94986	0.501447	6.56843	0.656132	0.486332	0.361848	0.105045
20437	0.308616	0.31337	3.80606	1.83544	0.482241	1.47485	-2.53651	3.84104	1.96753	0.51224	5.97145	0.680055	0.497309	0.348186	0.105187
20438	0.264798	0.327116	3.92126	1.85573	0.473249	1.41557	-2.57365	3.93183	1.95278	0.496659	6.35399	0.662136	0.48497	0.355927	0.105447
20439	0.298262	0.348705	3.91804	1.92468	0.491236	1.25467	-2.66231	4.30696	2.17941	0.506021	9.91159	0.457355	0.498978	0.355896	0.105618
20440	0.35323	0.386666	3.82671	1.92047	0.501861	1.27569	-2.69977	4.325	2.10916	0.487666	11.1948	0.42547	0.49433	0.371582	0.105777
20441	0.322053	0.345901	4.00914	1.96091	0.489111	1.27417	-2.72332	3.96751	2.11218	0.532371	10.3914	0.453266	0.510628	0.366479	0.106206
20442	0.444332	0.369402	4.2685	2.04757	0.479694	1.1709	-2.79624	3.66764	1.94505	0.530327	18.9831	0.263952	0.503093	0.385674	0.106102
20443	0.379035	0.401668	3.76556	2.01768	0.535823	1.09226	-2.82473	3.98156	1.87911	0.471953	20.4635	0.254346	0.502998	0.40054	0.105834
20444	0.40857	0.378936	4.14141	2.02118	0.488042	1.216	-2.79853	4.12327	1.88613	0.457436	15.4863	0.325975	0.472772	0.392582	0.106474
20445	0.364507	0.381412	4.37174	2.03887	0.466374	1.16414	-2.85921	3.69627	1.95815	0.529763	16.4237	0.31971	0.495415	0.396562	0.106751
20446	0.390406	0.369362	3.89697	2.07771	0.53316	1.0942	-2.88996	3.91462	1.95949	0.500558	21.4466	0.247666	0.516822	0.396922	0.107007
20447	0.455541	0.455966	3.71164	1.89218	0.509796	1.00182	-2.91391	3.83767	1.91313	0.498513	38.0541	0.149209	0.50406	0.427407	0.107583
20448	0.381192	0.360784	4.2473	1.99159	0.468907	1.00359	-2.92417	3.71301	1.93834	0.52204	27.8562	0.19369	0.493691	0.407162	0.107535
20449	0.357513	0.385636	3.99589	2.06041	0.515631	0.976143	-2.95069	4.02743	2.03092	0.504273	29.0855	0.191351	0.509929	0.40494	0.108122
20450	0.444319	0.38055	4.39201	2.16176	0.492203	1.00848	-3.02595	3.81443	1.98183	0.519561	36.4589	0.159141	0.504919	0.411931	0.108151
20451	0.341132	0.257037	4.02968	1.9777	0.490783	0.915885	-3.12156	3.61167	1.95394	0.541007	34.555	0.165171	0.514521	0.420693	0.108169
20452	0.327974	0.262456	4.0224	1.88117	0.467674	0.890132	-3.10922	3.76573	2.06197	0.547562	35.9728	0.158011	0.506302	0.418982	0.108386
20453	0.334321	0.323078	3.65722	1.85401	0.506944	0.876702	-3.11965	3.89238	2.05566	0.528125	40.29	0.147088	0.517864	0.431259	0.108655
20454	0.303564	0.304365	3.78165	1.80056	0.47613	0.866499	-3.12672	4.13835	2.00329	0.484079	37.1489	0.158448	0.480284	0.436334	0.109057
20455	0.405919	0.365265	3.69929	1.86889	0.505201	0.910303	-3.15292	3.90835	1.82517	0.466993	48.6537	0.127202	0.485572	0.455957	0.109559
20456	0.215666	0.193083	4.03851	2.01046	0.497823	0.838851	-3.18832	3.68937	1.69127	0.458416	29.4415	0.19418	0.47901	0.435853	0.109639
20457	0.239374	0.184015	4.10428	1.9755	0.481327	0.816221	-3.2259	3.83305	1.76678	0.460933	34.9435	0.166377	0.471479	0.437304	0.110047
20458	0.144755	0.152023	4.05652	2.02441	0.499051	0.736651	-3.26742	3.654	1.8008	0.49283	33.3747	0.175171	0.496103	0.433286	0.110519
20459	0.107315	0.194519	4.05388	2.02346	0.499142	0.610644	-3.32123	3.64691	1.8326	0.502508	48.7901	0.12667	0.500736	0.44499	0.110333
20460	0.212388	0.207667	3.79839	1.94342	0.511644	0.663911	-3.34109	4.00389	1.9466	0.486178	61.772	0.101937	0.498576	0.447441	0.110641
20461	0.215644	0.196739	3.73198	1.95405	0.523595	0.689345	-3.34247	3.53673	1.89149	0.534813	55.8217	0.112196	0.529054	0.448953	0.110852
20462	0.0561527	0.145583	4.04123	2.02576	0.501273	0.615676	-3.35877	4.05111	1.94	0.47888	39.2264	0.156533	0.490063	0.436475	0.110838
20463	0.278173	0.187573	3.86311	1.92041	0.497114	0.657222	-3.33932	3.9894	2.06419	0.517418	86.5754	0.071839	0.507429	0.438465	0.111048
20464	0.185284	0.175301	3.94703	1.91014	0.483943	0.693138	-3.2937	4.19988	2.12409	0.50575	46.6586	0.128958	0.495185	0.4273	0.111315
20465	0.0899072	0.168325	3.82836	1.78599	0.466517	0.772504	-3.29065	4.28669	2.13552	0.498174	25.6784	0.232969	0.483239	0.432828	0.111176
20466	0.167574	0.150028	3.79799	1.79742	0.473255	0.763527	-3.29696	4.09355	1.91401	0.467567	33.4547	0.17758	0.470305	0.444675	0.111582
20467	0.191651	0.19283	4.20838	1.95352	0.464198	0.818907	-3.24459	4.11745	1.99115	0.483587	30.0314	0.196725	0.473787	0.428318	0.111666
20468	0.173555	0.164431	3.78042	1.87942	0.497147	0.660472	-3.28	3.96996	1.83711	0.462753	50.041	0.118544	0.479529	0.443969	0.112377
20469	0.25387	0.17136	3.53304	1.92087	0.543688	0.750807	-3.26071	3.93868	1.99424	0.506323	47.6992	0.123473	0.523991	0.429398	0.112307
20470	0.140483	0.157959	4.23672	2.05481	0.485001	0.699019	-3.27296	3.69514	1.8555	0.502144	37.7327	0.155981	0.492988	0.429534	0.112396
20471	0.100292	0.122013	3.9773	2.03189	0.510871	0.727705	-3.26001	4.00929	1.91112	0.476672	29.0568	0.196824	0.493703	0.420484	0.112453
20472	0.127632	0.123295	4.21776	2.06888	0.490515	0.839289	-3.23081	3.94295	1.93566	0.490917	22.2132	0.253228	0.490709	0.412691	0.112911
20473	0.103248	0.0653037	4.12034	1.89762	0.460548	0.825823	-3.21459	3.95378	1.85546	0.469289	20.6041	0.261057	0.464828	0.417572	0.113279
20474	-0.0300855	-0.0128713	3.94417	1.93521	0.49065	0.98962	-3.1428	4.0099	1.96903	0.491042	9.42151	0.519899	0.490848	0.385603	0.113433
20475	-0.107128	-0.0255023	4.00693	2.00252	0.499763	0.772337	-3.2313	3.56702	1.83931	0.515643	13.2873	0.386729	0.507242	0.400876	0.113737
20476	-0.0613944	-0.0652215	3.89905	1.8628	0.477757	0.651025	-3.25986	3.7828	1.98007	0.52344	20.1082	0.25377	0.500253	0.399136	0.114153
20477	-0.141223	-0.112166	4.06558	1.99397	0.490452	0.712172	-3.23582	3.88607	2.00644	0.516317	13.3975	0.364142	0.503092	0.378908	0.114748
20478	-0.0902502	-0.129983	4.23936	2.018	0.476015	0.796639	-3.20588	4.22493	1.98273	0.469292	12.0283	0.393287	0.472659	0.371667	0.115052
20479	-0.158692	-0.1498	3.92026	1.89294	0.48286	0.722721	-3.22457	3.80768	1.97869	0.519658	12.1693	0.388445	0.500991	0.379185	0.115511
20480	-0.168884	-0.123055	3.87748	1.86105	0.479963	0.686728	-3.27411	3.80706	2.01623	0.529602	13.5631	0.366036	0.504555	0.390443	0.115466
20481	-0.0987183	-0.112673	4.24601	2.02563	0.477068	0.680477	-3.34263	4.04177	1.97629	0.488966	17.183	0.303573	0.48287	0.394692	0.115614
20482	-0.187392	-0.187203	4.21187	2.05018	0.486762	0.606108	-3.36853	4.07914	2.02636	0.496761	16.0739	0.314821	0.491682	0.383092	0.115932
20483	-0.173432	-0.183941	3.93713	2.05624	0.522268	0.583881	-3.362	4.07963	2.07502	0.508631	17.6106	0.286761	0.515328	0.379462	0.11614
20484	-0.270237	-0.199766	4.04064	1.98555	0.491395	0.746486	-3.31362	4.29677	2.13063	0.495869	9.37973	0.516863	0.493701	0.37075	0.116742
20485	-0.150705	-0.127682	3.86524	1.97536	0.511057	0.596256	-3.389	3.86183	1.88891	0.489123	19.0629	0.278976	0.500095	0.407742	0.117023
20486	-0.154971	-0.0785613	3.876	1.96285	0.506412	0.592267	-3.38865	3.85939	1.82865	0.473818	19.6228	0.279182	0.49015	0.419553	0.11706
20487	-0.108508	-0.150577	4.39096	2.10989	0.480507	0.489013	-3.46796	4.11486	2.04195	0.496239	30.8238	0.178515	0.488117	0.398674	0.117484
20488	-0.102312	-0.0940199	4.03433	2.17036	0.537974	0.584678	-3.40554	3.87937	1.94465	0.50128	23.2357	0.235977	0.519987	0.399963	0.117984
20489	0.0204861	-0.0483404	3.98101	2.01999	0.507406	0.570707	-3.40299	4.13728	2.02637	0.489784	37.1723	0.151372	0.498425	0.410254	0.118298
20490	-0.00882259	-0.0665323	3.99385	1.98072	0.495943	0.565752	-3.4573	4.27197	2.04049	0.477646	34.8261	0.165068	0.486486	0.416961	0.118548
20491	0.0837959	0.0149846	3.97951	1.88627	0.473995	0.507137	-3.47211	4.18895	2.07588	0.495561	67.8494	0.0896089	0.485055	0.434272	0.118733
20492	0.0447972	0.0519902	3.68406	1.8865	0.512072	0.525913	-3.48944	3.96423	1.90958	0.481702	54.1823	0.115736	0.49633	0.452468	0.119323
20493	-0.124204	-0.0168454	3.85676	1.92282	0.498559	0.599844	-3.44818	4.23966	1.92076	0.453045	22.459	0.262123	0.474726	0.433815	0.119433
20494	0.115183	0.0809384	3.73769	1.86386	0.498667	0.600728	-3.42361	3.82698	1.86361	0.486966	52.0962	0.117877	0.492748	0.4518	0.119449
20495	0.0178901	0.0624569	3.91698	1.90265	0.485745	0.534657	-3.45156	3.88749	1.78446	0.459027	46.2401	0.133524	0.472437	0.455836	0.119735
20496	0.0877626	0.0732087	3.59826	1.89265	0.525992	0.463093	-3.45218	3.78948	1.97528	0.521253	88.2243	0.0704363	0.523561	0.445583	0.119565
20497	0.150369	0.162119	3.73364	1.92474	0.515513	0.596528	-3.45626	4.11482	2.03198	0.493819	65.7732	0.0995287	0.504139	0.452851	0.119922
20498	-0.00327909	0.0447383	3.8808	1.96068	0.505225	0.504846	-3.49233	3.87524	1.96381	0.506756	48.4557	0.129096	0.50599	0.443632	0.120253
20499	0.00991074	0.0059636	3.77891	1.95605	0.517621	0.444196	-3.50466	3.88116	1.83065	0.471677	65.346	0.0943017	0.494342	0.448755	0.120045
20500	0.132141	0.0329145	3.84749	1.91241	0.497054	0.502803	-3.47941	3.95665	1.98167	0.500846	89.7917	0.0686949	0.498976	0.442088	0.120129
