cycle	Zbar1	Gbar1	VP1	VG1	h21	Zbar2	Gbar2	VP2	VG2	h22	h2b	h2b_denom	h2w	Qst	Fst
20000	0.390636	0.345981	3.44969	1.60797	0.46612	4.39286	0.32339	3.57999	1.68806	0.471527	3.18607e-05	8.0089	0.468874	3.87264e-05	0.000355477
20001	0.378721	0.334344	3.8404	1.66921	0.434645	4.19241	0.241223	3.60483	1.77763	0.493125	0.000596222	7.2721	0.46296	0.00062887	0.000599837
20002	0.198017	0.263458	3.5956	1.67765	0.466584	4.23054	0.216526	3.74296	1.75397	0.468606	0.000135452	8.13061	0.467615	0.000160519	0.000850097
20003	0.334333	0.224706	3.55062	1.7254	0.485944	4.29879	0.213096	3.69998	1.67448	0.452566	8.57714e-06	7.85845	0.468911	9.9174e-06	0.00109249
20004	0.270267	0.227366	3.51633	1.68362	0.478799	4.17104	0.214795	3.69995	1.81834	0.491451	1.03851e-05	7.60802	0.485286	1.12864e-05	0.00135899
20005	0.378215	0.324574	3.59364	1.73464	0.482695	4.10576	0.142005	3.54101	1.73199	0.489123	0.00239887	6.94731	0.485885	0.00239916	0.00163616
20006	0.365371	0.298348	3.67436	1.7212	0.468435	4.05526	0.0894131	3.76609	1.59783	0.424268	0.00320623	6.80765	0.446079	0.003279	0.00188208
20007	0.469765	0.368442	3.75669	1.56534	0.416679	4.01751	0.0461455	3.67443	1.67947	0.45707	0.00825287	6.29326	0.436651	0.00794358	0.00211204
20008	0.382601	0.359011	3.49018	1.65031	0.472844	4.00467	-0.00130201	3.57408	1.6445	0.460119	0.00989573	6.55969	0.466406	0.00975952	0.00232076
20009	0.346663	0.359558	3.71036	1.73424	0.467405	3.97206	-0.075517	3.88653	1.85017	0.476047	0.0144019	6.57174	0.471826	0.0130367	0.00259497
20010	0.321298	0.356911	3.9731	1.79645	0.452153	4.04412	-0.0336822	3.77662	1.89236	0.501074	0.0110079	6.92969	0.475994	0.0102388	0.00287097
20011	0.331855	0.352349	3.66524	1.74146	0.475129	3.91688	-0.0709668	3.61263	1.70685	0.472468	0.0139427	6.42619	0.473808	0.0128313	0.00314946
20012	0.224971	0.265887	3.63517	1.77302	0.487741	3.75904	-0.161836	3.89827	1.73875	0.446031	0.0146479	6.24481	0.466158	0.0128627	0.00330744
20013	0.268458	0.285876	3.42661	1.66834	0.486878	3.86824	-0.149814	3.54872	1.72769	0.486848	0.0146489	6.47921	0.486863	0.0137884	0.0034991
20014	0.207737	0.32718	3.58538	1.77656	0.495501	3.88052	-0.141527	3.61503	1.75457	0.485354	0.0162859	6.74468	0.490407	0.0153229	0.0037515
20015	0.441735	0.388267	3.6263	1.73071	0.477266	3.85854	-0.135731	3.77823	1.63673	0.433201	0.023519	5.83728	0.454782	0.019987	0.0039386
20016	0.337381	0.343913	3.78749	1.77195	0.467844	3.83724	-0.199228	3.67618	1.52227	0.414089	0.0240838	6.12449	0.441367	0.0219083	0.00414959
20017	0.436229	0.415943	3.77987	1.73579	0.459218	3.83299	-0.235842	3.73312	1.54375	0.413529	0.0368195	5.769	0.436516	0.0313838	0.00451544
20018	0.358827	0.407418	3.49935	1.75881	0.50261	3.6686	-0.209849	3.50138	1.53819	0.43931	0.0347815	5.4773	0.470951	0.0280937	0.00474691
20019	0.319094	0.36841	3.80334	1.65784	0.435892	3.79002	-0.191929	3.56248	1.52591	0.428329	0.0260622	6.02366	0.432234	0.0240733	0.00498033
20020	0.429903	0.43496	3.59592	1.66039	0.461744	3.82112	-0.279792	3.53292	1.63454	0.462659	0.0444221	5.75018	0.462198	0.0373334	0.00522658
20021	0.499718	0.452982	3.89398	1.63783	0.420605	3.74327	-0.263826	3.75666	1.69343	0.450781	0.0488385	5.26033	0.435422	0.0371463	0.00550177
20022	0.453319	0.446355	3.80721	1.59593	0.419187	3.64709	-0.303097	3.69883	1.8244	0.493238	0.0550655	5.10009	0.455678	0.0394543	0.00567918
20023	0.456995	0.409991	3.65144	1.70567	0.467122	3.62335	-0.321205	3.81518	1.78827	0.468726	0.0533271	5.0129	0.467941	0.0368635	0.00596019
20024	0.384045	0.387378	3.67454	1.78778	0.486533	3.76058	-0.273017	3.8107	1.67336	0.439122	0.0382529	5.7005	0.462396	0.030554	0.00614334
20025	0.374844	0.349554	3.7002	1.7065	0.46119	3.72344	-0.26388	3.5778	1.6415	0.458803	0.0335592	5.60654	0.460016	0.0273443	0.00627668
20026	0.466541	0.402134	3.82337	1.8814	0.49208	3.7072	-0.28738	3.84033	1.66372	0.433224	0.045271	5.25094	0.462587	0.0324552	0.00655362
20027	0.454986	0.356204	3.77696	1.79108	0.474213	3.73042	-0.338874	3.84414	1.67519	0.435779	0.0450328	5.36423	0.454827	0.0336882	0.0068374
20028	0.424189	0.391179	3.63942	1.71855	0.472203	3.60598	-0.373161	3.63431	1.75482	0.482849	0.0577072	5.0619	0.477522	0.0403722	0.007042
20029	0.352438	0.442079	3.75736	1.87748	0.499681	3.59346	-0.4661	3.67995	1.65377	0.449401	0.0785196	5.25213	0.474803	0.0551967	0.00729644
20030	0.53177	0.493939	4.12289	1.84308	0.447035	3.54828	-0.455931	3.75838	1.72023	0.457705	0.0991562	4.54966	0.452123	0.0595612	0.00756525
20031	0.480545	0.54516	4.06909	1.93184	0.47476	3.50774	-0.522509	3.44	1.66448	0.483861	0.124392	4.58194	0.478929	0.0734577	0.0078172
20032	0.597436	0.523935	3.72688	1.76997	0.474921	3.38881	-0.642572	3.51376	1.58624	0.451437	0.174638	3.89588	0.463525	0.0920732	0.00810726
20033	0.473829	0.491951	3.55914	1.71636	0.48224	3.44813	-0.594477	3.45719	1.63462	0.472816	0.133423	4.42325	0.477597	0.080969	0.00832476
20034	0.477979	0.426689	3.90785	1.73158	0.443103	3.399	-0.662612	3.53698	1.58195	0.447259	0.139068	4.26618	0.445077	0.0822069	0.0085277
20035	0.371828	0.386989	3.80709	1.84162	0.483734	3.27457	-0.737852	3.80778	1.69755	0.445811	0.150164	4.21294	0.46477	0.082081	0.008762
20036	0.506375	0.473037	3.55489	1.86162	0.523678	3.16303	-0.833298	3.72989	1.61529	0.433066	0.241791	3.5289	0.477284	0.109341	0.00901828
20037	0.525721	0.495243	4.0312	1.86538	0.462735	3.18556	-0.868295	3.35852	1.6141	0.480598	0.262798	3.53738	0.470854	0.117896	0.00914252
20038	0.42737	0.461958	3.78465	1.83961	0.486071	3.03459	-0.970303	3.57363	1.55913	0.436288	0.301779	3.3988	0.461894	0.131166	0.00962258
20039	0.5049	0.446781	3.5335	1.75349	0.496248	2.96241	-0.985298	3.41247	1.54277	0.452099	0.33958	3.01969	0.474558	0.134664	0.00997809
20040	0.549293	0.476817	3.67125	1.77953	0.484722	2.9839	-1.02469	3.36926	1.51663	0.450139	0.380365	2.96365	0.468172	0.146089	0.0102811
20041	0.404497	0.423545	3.84275	1.77203	0.461137	2.86459	-1.04485	3.97773	1.65102	0.415067	0.35627	3.02603	0.437704	0.136109	0.0103698
20042	0.430797	0.4487	3.7163	1.7703	0.476361	2.90305	-1.07346	3.71711	1.68876	0.454321	0.379081	3.05603	0.465339	0.143498	0.0107523
20043	0.32778	0.44208	4.03958	1.84738	0.457319	3.0223	-1.05413	3.86541	1.71978	0.444916	0.308333	3.63022	0.451254	0.135674	0.0110987
20044	0.515181	0.464244	3.80079	1.80499	0.474898	2.88992	-1.13392	3.95931	1.74834	0.441577	0.452909	2.81968	0.457897	0.152391	0.0113022
20045	0.48647	0.422252	3.56873	1.84146	0.515999	2.82693	-1.13615	3.82744	1.72686	0.451178	0.44336	2.73888	0.482455	0.145472	0.0116156
20046	0.395088	0.421298	3.91026	1.91732	0.490329	2.802	-1.17804	3.62433	1.60907	0.443963	0.441528	2.89662	0.468026	0.153568	0.0118776
20047	0.354574	0.421687	3.65655	1.81524	0.496435	2.88137	-1.15503	3.5859	1.74763	0.487363	0.389375	3.19234	0.491943	0.148594	0.012073
20048	0.567325	0.521873	3.98045	1.89089	0.475044	2.99238	-1.11029	3.47355	1.67881	0.483314	0.452985	2.94044	0.478898	0.157298	0.0122739
20049	0.516587	0.529111	3.64189	1.72968	0.474941	2.97346	-1.0977	3.68856	1.73535	0.470467	0.438441	3.01812	0.47269	0.160398	0.0124145
20050	0.494533	0.513729	3.9179	1.69469	0.43255	2.91839	-1.13973	3.77139	1.7852	0.473352	0.465342	2.93753	0.452562	0.164234	0.0127559
20051	0.523515	0.507554	3.67653	1.65234	0.449429	2.86537	-1.15763	3.65618	1.6801	0.459524	0.505598	2.74214	0.454462	0.17227	0.0129516
20052	0.510333	0.552336	3.83888	1.59254	0.414846	2.83744	-1.19755	3.83451	1.81713	0.473889	0.56544	2.70771	0.444351	0.183425	0.0131956
20053	0.413505	0.405638	3.41405	1.53741	0.450318	2.77815	-1.30248	3.94817	1.80104	0.456172	0.521802	2.79577	0.453457	0.179386	0.0135694
20054	0.423507	0.394498	3.79924	1.71265	0.450788	2.70822	-1.34945	4.04665	1.8446	0.455832	0.582648	2.60995	0.45339	0.176176	0.0140441
20055	0.387465	0.354032	3.94549	1.75403	0.444565	2.51585	-1.37968	3.59846	1.7819	0.495185	0.66352	2.26501	0.468711	0.17534	0.0142023
20056	0.355942	0.385535	3.84728	1.75245	0.455504	2.57329	-1.50992	3.85048	1.86743	0.484986	0.730731	2.45832	0.470251	0.198878	0.014495
20057	0.460808	0.40515	3.58612	1.61981	0.451689	2.44126	-1.52434	3.68241	1.74854	0.474837	0.9492	1.96109	0.463417	0.21658	0.0147994
20058	0.446918	0.440231	3.90336	1.80302	0.461916	2.46892	-1.55766	3.70217	1.7129	0.462674	0.976295	2.04425	0.462285	0.221162	0.0149695
20059	0.367881	0.394837	4.01323	1.8769	0.467677	2.32864	-1.68788	3.5964	1.67847	0.466709	1.12826	1.9223	0.46722	0.233812	0.015324
20060	0.426094	0.377363	3.8983	1.81939	0.466714	2.23248	-1.79159	4.06436	1.75144	0.430926	1.44172	1.63151	0.448447	0.247851	0.0157139
20061	0.440748	0.412002	3.7715	1.68092	0.44569	2.17546	-1.7971	3.70176	1.66841	0.450708	1.62172	1.50462	0.448175	0.267101	0.0161567
20062	0.346221	0.375331	3.64037	1.60899	0.441986	2.25689	-1.82171	3.49167	1.68477	0.482512	1.32224	1.82532	0.461827	0.268235	0.0164924
20063	0.390378	0.352319	3.74389	1.74092	0.465002	2.07336	-1.88317	3.58341	1.67524	0.467499	1.76435	1.41622	0.466223	0.267883	0.0166676
20064	0.363592	0.327357	3.80062	1.7806	0.468502	2.09894	-1.87605	3.74161	1.68832	0.451227	1.6122	1.50571	0.459932	0.259297	0.0168534
20065	0.344155	0.34983	3.90727	1.73879	0.445014	2.13812	-1.92822	3.76143	1.56858	0.417018	1.61249	1.60915	0.431282	0.281849	0.0172483
20066	0.348829	0.355608	3.62625	1.74368	0.480849	2.02786	-1.93241	3.44409	1.64284	0.477002	1.85694	1.40958	0.478975	0.278839	0.017486
20067	0.316438	0.287658	3.71003	1.72423	0.464749	2.07331	-1.94757	3.70556	1.67463	0.451923	1.6187	1.54329	0.45834	0.268834	0.0177256
20068	0.226202	0.234112	3.86811	1.81269	0.468625	1.9626	-1.95781	3.68065	1.7423	0.473367	1.59349	1.50754	0.470937	0.252638	0.0180187
20069	0.204027	0.216553	3.8034	1.83429	0.482277	2.00261	-1.98448	3.54225	1.60771	0.453867	1.49758	1.61746	0.468577	0.26038	0.0182607
20070	0.328417	0.330666	3.5571	1.77747	0.499698	1.95751	-2.03478	3.51052	1.65395	0.47114	2.10832	1.32697	0.485513	0.289702	0.0184693
20071	0.234697	0.280004	3.82072	1.74022	0.455469	2.09806	-2.02099	3.66674	1.63705	0.446459	1.52488	1.73607	0.451056	0.281674	0.0187709
20072	0.228693	0.22439	3.76181	1.83945	0.488979	1.98385	-2.01867	3.49388	1.66553	0.476698	1.63323	1.5403	0.483066	0.264191	0.0189899
20073	0.262652	0.259805	3.89397	1.81213	0.465368	1.9762	-2.02438	3.80856	1.66681	0.43765	1.77692	1.46813	0.451663	0.272791	0.0192796
20074	0.302034	0.272822	3.74727	1.80723	0.482278	1.95936	-2.03978	3.80156	1.71959	0.452338	1.9471	1.37336	0.467201	0.274992	0.0194145
20075	0.245413	0.27532	3.79731	1.80834	0.476215	2.05803	-2.01234	3.79885	1.7958	0.47272	1.59283	1.6428	0.474467	0.26643	0.019746
20076	0.246457	0.277244	3.69651	1.73545	0.469483	1.91898	-2.01776	3.8503	1.71597	0.445671	1.88287	1.39867	0.457334	0.276257	0.0201023
20077	0.274947	0.305479	3.79185	1.77293	0.467564	1.93831	-2.05866	3.71859	1.6374	0.440329	2.0201	1.38338	0.45408	0.290743	0.0204896
20078	0.259771	0.247602	3.68578	1.63128	0.442586	1.94418	-2.0396	3.30138	1.63002	0.493738	1.84379	1.41862	0.466755	0.286333	0.0206282
20079	0.279817	0.240357	3.43087	1.62683	0.474174	2.01576	-2.02716	3.42168	1.56465	0.457276	1.7062	1.50674	0.465736	0.287223	0.0207915
20080	0.143687	0.177289	3.56526	1.52996	0.42913	1.88361	-2.01055	3.50463	1.64434	0.46919	1.58114	1.51367	0.448988	0.273875	0.0211345
20081	0.252225	0.265285	3.50128	1.58968	0.454029	1.89991	-2.07184	3.29953	1.6188	0.490615	2.01194	1.35743	0.47178	0.298647	0.021568
20082	0.332269	0.254068	3.65657	1.64545	0.449999	1.88694	-2.09527	3.58352	1.57038	0.438223	2.28356	1.2085	0.44417	0.300353	0.0216283
20083	0.237391	0.198808	3.41865	1.67057	0.488663	1.90132	-2.11058	3.69389	1.48595	0.402271	1.92632	1.38432	0.443796	0.297069	0.0217693
20084	0.0848814	0.105598	3.58725	1.64764	0.459304	1.81048	-2.17293	3.4638	1.60917	0.464567	1.74354	1.48884	0.46189	0.285064	0.0219949
20085	0.0936597	0.0266443	4.03669	1.65047	0.408867	1.81488	-2.2195	3.68166	1.68242	0.456972	1.70296	1.4813	0.431813	0.274642	0.0220471
20086	0.0144866	-0.0018916	3.47639	1.62	0.466001	1.77403	-2.26779	3.95851	1.76485	0.445836	1.65837	1.548	0.455265	0.275048	0.0225175
20087	-0.0922708	-0.0730282	3.8026	1.75022	0.46027	1.70631	-2.33448	3.84238	1.74093	0.453087	1.58094	1.61745	0.45666	0.268154	0.0227608
20088	-0.14282	-0.148262	3.86579	1.73729	0.4494	1.69498	-2.35627	3.55103	1.77744	0.500544	1.44346	1.68875	0.473887	0.257581	0.0228602
20089	-0.250583	-0.141577	3.62283	1.80949	0.499468	1.58783	-2.41931	3.74898	1.79148	0.477858	1.53504	1.68989	0.488478	0.264904	0.0228541
20090	-0.0711625	-0.160308	3.83612	1.86448	0.486032	1.55247	-2.44486	3.89789	1.7834	0.457529	1.97983	1.31809	0.471667	0.263549	0.0231186
20091	-0.214518	-0.205231	4.0219	1.87473	0.466131	1.52338	-2.45621	3.95417	1.74063	0.440201	1.67762	1.51014	0.453276	0.259559	0.0232696
20092	-0.215725	-0.178529	3.50243	1.73515	0.495412	1.45801	-2.51168	3.64633	1.78277	0.488921	1.94317	1.4007	0.492101	0.27904	0.0236166
20093	-0.124887	-0.127151	3.90462	1.77745	0.455217	1.55723	-2.43543	3.76096	1.67931	0.446511	1.88305	1.41476	0.450945	0.278257	0.0240081
20094	-0.0473345	-0.0337514	3.67845	1.70451	0.463379	1.53168	-2.43595	3.80893	1.66132	0.436163	2.31443	1.24665	0.449534	0.300126	0.0243004
20095	-0.0602944	-0.0416667	3.83196	1.68365	0.439371	1.55882	-2.44856	3.71378	1.50431	0.40506	2.20982	1.31077	0.422484	0.312491	0.024498
20096	-0.121333	-0.0758549	3.71198	1.62578	0.437983	1.60968	-2.38419	3.59707	1.62082	0.450594	1.77826	1.4982	0.444189	0.291037	0.0248311
20097	-0.102726	-0.0897319	3.33967	1.68716	0.505189	1.53709	-2.4071	3.85865	1.57368	0.407833	1.99711	1.3445	0.453002	0.291747	0.0251291
20098	0.00253795	0.0200415	3.8687	1.81506	0.469165	1.46163	-2.40842	3.85376	1.75075	0.454297	2.77011	1.06448	0.461745	0.292626	0.0251833
20099	0.0611765	0.0149022	3.8651	1.88007	0.486424	1.46468	-2.47506	4.17529	1.90837	0.457063	3.14745	0.984911	0.471177	0.290447	0.0253681
20100	0.126409	0.0467256	4.00004	1.81957	0.454888	1.58762	-2.43316	3.75444	1.91751	0.510732	2.8803	1.06757	0.481926	0.29159	0.0254711
20101	0.0836488	0.0680645	3.68662	1.8012	0.488577	1.61815	-2.39435	3.90057	1.75786	0.450668	2.57506	1.17735	0.469088	0.298802	0.0256566
20102	0.132328	0.112935	3.94335	1.7756	0.450276	1.59502	-2.44279	3.84602	1.79543	0.466828	3.05297	1.06974	0.458449	0.313895	0.0259704
20103	-0.0119739	0.0300701	3.56711	1.69159	0.47422	1.52072	-2.60119	3.83338	1.76016	0.459166	2.94725	1.17457	0.466422	0.334088	0.0262616
20104	-0.000526964	-0.0105538	3.48935	1.62393	0.465397	1.31684	-2.6899	3.61915	1.7654	0.487793	4.13661	0.867725	0.4768	0.346314	0.0265712
20105	-0.0539134	-0.0650087	3.50304	1.69064	0.482621	1.29078	-2.66243	3.77148	1.87181	0.496305	3.7311	0.904103	0.489716	0.321431	0.026682
20106	-0.084727	-0.022644	3.68593	1.65519	0.449057	1.48495	-2.58574	3.96813	1.81804	0.458161	2.66632	1.23194	0.453777	0.32116	0.0269633
20107	-0.0582093	-0.0350445	4.04346	1.78664	0.44186	1.22777	-2.70249	3.97393	1.78818	0.449977	4.30254	0.826868	0.445883	0.332374	0.0271925
20108	-0.0612507	-0.0557659	3.95241	1.78345	0.451231	1.22466	-2.70542	3.74747	1.83279	0.489075	4.2458	0.826779	0.469649	0.326871	0.0273882
20109	-0.120871	-0.0647807	3.68522	1.78827	0.485255	1.27156	-2.69374	3.90536	1.78687	0.457543	3.56465	0.969436	0.470997	0.325936	0.0279856
20110	-7.27936e-05	-0.0189781	3.71597	1.69787	0.456911	1.25651	-2.72965	3.90894	1.93473	0.49495	4.65338	0.789505	0.476412	0.33596	0.0280804
20111	-0.122794	-0.0578247	3.62089	1.7963	0.496094	1.30352	-2.72371	3.88997	1.76587	0.453954	3.49342	1.01719	0.474269	0.332901	0.0278823
20112	-0.118783	-0.0572231	3.7049	1.85555	0.500837	1.23134	-2.75348	3.90031	1.82646	0.468287	3.98819	0.911419	0.484144	0.330589	0.0278759
20113	0.00301655	-0.026031	3.76749	1.75864	0.466793	1.36063	-2.6529	3.68691	1.82151	0.494049	3.74389	0.921562	0.480274	0.32528	0.0280559
20114	0.0642561	0.0398472	3.58196	1.78356	0.497927	1.38407	-2.61402	3.7027	1.714	0.462905	4.04326	0.870958	0.480126	0.334964	0.0283843
20115	0.0262446	-0.00619822	3.7773	1.76178	0.466412	1.40673	-2.54968	3.58208	1.64748	0.459924	3.39464	0.952872	0.463254	0.321864	0.028651
20116	-0.0233488	-0.0139985	3.69506	1.6763	0.453658	1.40693	-2.58915	3.7881	1.66517	0.439579	3.24164	1.02285	0.446531	0.331726	0.0290511
20117	0.0230688	0.0269942	3.60666	1.77497	0.492138	1.40885	-2.60027	3.81047	1.77074	0.464704	3.59433	0.960199	0.478044	0.327471	0.0291466
20118	0.128843	0.0754312	3.94002	1.72629	0.438143	1.47587	-2.52986	3.64506	1.81905	0.499047	3.74074	0.907242	0.467411	0.323804	0.029596
20119	0.0523944	0.0606457	3.51239	1.65301	0.470622	1.49593	-2.5291	3.61445	1.62288	0.448997	3.21855	1.0419	0.459655	0.338662	0.0295192
20120	-0.0404757	0.0517935	3.63592	1.60669	0.441895	1.45098	-2.55842	3.83943	1.72391	0.449001	3.06287	1.11223	0.445544	0.338479	0.0295243
20121	0.0609868	0.0614539	3.7883	1.59604	0.421307	1.43574	-2.5627	3.51015	1.66506	0.474355	3.64361	0.944967	0.44682	0.345622	0.0297125
20122	0.110948	0.0562126	3.78043	1.82045	0.481546	1.36777	-2.57117	3.89789	1.8263	0.468535	4.37017	0.789802	0.474941	0.321333	0.029925
20123	0.0656497	0.0998794	3.60256	1.74578	0.484596	1.4657	-2.52693	3.85824	1.82679	0.473478	3.52024	0.980066	0.478847	0.325735	0.0303215
20124	0.216707	0.114076	3.79777	1.8049	0.475253	1.46721	-2.56411	3.91559	1.81637	0.463883	4.58684	0.781875	0.469481	0.331293	0.0306989
20125	0.134587	0.147052	4.05682	1.9393	0.478035	1.33224	-2.59232	3.80913	1.93444	0.507843	5.23169	0.717185	0.49247	0.326391	0.0308196
20126	0.122546	0.10755	3.91525	1.86395	0.476073	1.42551	-2.57593	4.15039	2.07357	0.49961	4.24159	0.848863	0.488185	0.313864	0.0309719
20127	0.249552	0.159902	3.80768	1.80064	0.472897	1.52081	-2.55052	3.89998	1.77233	0.454444	4.54574	0.80805	0.46356	0.339622	0.0315258
20128	0.122562	0.0529992	3.82693	1.69405	0.442665	1.5157	-2.54785	3.54189	1.72359	0.486629	3.48532	0.970413	0.463797	0.331132	0.0316615
20129	0.0803868	0.0432732	3.73112	1.75148	0.469425	1.41971	-2.52339	3.86971	1.77748	0.459331	3.67255	0.896895	0.464286	0.318303	0.0318524
20130	-0.0142822	-0.0503748	4.03435	1.81855	0.450768	1.28068	-2.59955	3.93184	1.8277	0.464846	3.87515	0.838458	0.457716	0.308326	0.0323539
20131	0.0326359	0.0583189	3.99216	1.77336	0.44421	1.35437	-2.62142	3.89947	1.84394	0.47287	4.11052	0.873491	0.458372	0.331794	0.0327864
20132	0.0640415	0.0566833	3.67111	1.73789	0.473396	1.41598	-2.56478	3.46959	1.77843	0.512577	3.75987	0.913872	0.492434	0.328331	0.0330535
20133	0.0309872	0.0401435	3.62557	1.67351	0.461584	1.44645	-2.55106	3.75171	1.72811	0.460619	3.35121	1.00177	0.461093	0.330527	0.033207
20134	-0.031864	0.033387	3.57162	1.71998	0.481569	1.50772	-2.53984	3.68545	1.69442	0.459759	2.79351	1.18516	0.470493	0.326628	0.0332033
20135	-0.0339973	-0.00370029	3.54364	1.54036	0.434683	1.50462	-2.50919	3.82627	1.68088	0.4393	2.65169	1.18367	0.43708	0.327703	0.0333868
20136	0.0196458	-0.0557281	3.3413	1.51938	0.454729	1.48181	-2.50139	3.69759	1.63098	0.441091	2.79771	1.06896	0.447565	0.321982	0.0333943
20137	0.0133887	-0.0272093	3.53798	1.71691	0.48528	1.46393	-2.54036	3.9427	1.63474	0.414625	3.00178	1.05203	0.448041	0.320348	0.0336198
20138	-0.0406739	-0.0294298	3.72574	1.59168	0.427212	1.49477	-2.57913	3.64754	1.67425	0.459009	2.75745	1.1788	0.442942	0.332391	0.0335836
20139	0.0790125	0.0392433	3.38331	1.76529	0.521765	1.36213	-2.653	3.64567	1.81598	0.498121	4.40248	0.823191	0.509502	0.33609	0.0337611
20140	0.0112802	0.032325	3.6935	1.67554	0.453645	1.33645	-2.67123	3.72491	1.67556	0.449826	4.16222	0.878042	0.451728	0.352984	0.0339546
20141	0.0642667	0.0145635	3.66392	1.73277	0.472928	1.40488	-2.625	3.80723	1.65566	0.434873	3.87664	0.898625	0.453536	0.339632	0.0342364
20142	-0.0868466	-0.0732955	3.78735	1.76048	0.464831	1.38889	-2.61769	3.56683	1.60267	0.449325	2.9727	1.0889	0.457311	0.325	0.0346907
20143	-0.0893105	-0.0392747	3.50675	1.79844	0.512851	1.38908	-2.58792	3.37468	1.60981	0.477027	2.97194	1.09282	0.495282	0.322814	0.0349523
20144	-0.0573329	-0.0309346	4.17282	1.95339	0.468122	1.37885	-2.57708	3.64921	1.79702	0.492441	3.143	1.03132	0.479467	0.301852	0.0351224
20145	0.0046161	-0.0168146	3.72465	1.78752	0.479915	1.43345	-2.61239	3.69556	1.80841	0.489346	3.29993	1.02078	0.484612	0.319085	0.0352722
20146	-0.0357899	-0.0223437	4.0765	1.79275	0.439776	1.49021	-2.49942	3.59738	1.75697	0.488403	2.63492	1.16434	0.462571	0.301849	0.0355864
20147	0.010782	0.0472132	3.97691	1.89259	0.475894	1.57052	-2.46352	3.86544	1.72875	0.447233	2.59117	1.2164	0.461767	0.303331	0.0354994
20148	-0.0236467	0.0446365	3.89466	1.70361	0.437423	1.62254	-2.397	3.73975	1.91059	0.510886	2.1999	1.35497	0.473409	0.292075	0.0357523
20149	-0.00546231	0.00666569	3.94737	1.68453	0.426747	1.52583	-2.4651	3.74691	1.87154	0.49949	2.60554	1.17243	0.462171	0.30057	0.0361314
20150	0.0424026	0.0314992	3.83803	1.82653	0.475903	1.53396	-2.47846	3.77742	1.91034	0.505724	2.83176	1.11237	0.490695	0.296608	0.0365826
20151	-0.0378506	-0.0239501	3.73096	1.68166	0.450731	1.50289	-2.43403	4.05845	1.89353	0.466564	2.44683	1.18694	0.458981	0.28895	0.0368443
20152	-0.0365144	-0.0426925	3.59442	1.65544	0.460559	1.52833	-2.51056	3.8046	1.92751	0.506627	2.48714	1.22437	0.484247	0.298327	0.0369297
20153	-0.106831	-0.103046	3.67205	1.7072	0.464918	1.43782	-2.55769	3.88587	1.97564	0.508415	2.52533	1.19297	0.487282	0.290385	0.0371484
20154	-0.0830885	-0.117687	3.82146	1.70397	0.445895	1.22102	-2.6619	3.61127	1.81635	0.502967	3.80607	0.850354	0.473624	0.315031	0.0376489
20155	-0.0490707	-0.149976	3.77044	1.78393	0.473135	1.34609	-2.71942	3.42958	1.68226	0.490514	3.3918	0.973236	0.481413	0.322683	0.0380536
20156	-0.208631	-0.128915	3.70494	1.81632	0.490243	1.4103	-2.65808	3.40658	1.66903	0.489944	2.44061	1.31047	0.4901	0.314625	0.0383609
20157	-0.168516	-0.140344	3.63949	1.62103	0.4454	1.34483	-2.66883	3.75333	1.70723	0.454857	2.79155	1.1451	0.450201	0.324536	0.0386307
20158	-0.114343	-0.103269	3.72741	1.73508	0.46549	1.28546	-2.73958	3.72952	1.67704	0.449667	3.547	0.979722	0.457577	0.33752	0.0390573
20159	-0.138867	-0.124005	3.82404	1.72102	0.450054	1.25892	-2.72684	3.26833	1.61314	0.493567	3.46748	0.9769	0.470106	0.336973	0.0394662
20160	-0.103755	-0.0960034	3.72209	1.63235	0.438557	1.27045	-2.71825	4.00055	1.83146	0.457803	3.64122	0.944215	0.448527	0.33179	0.0398518
20161	-0.0615689	-0.0327518	3.70743	1.70504	0.459899	1.23416	-2.77827	3.79779	1.96122	0.516412	4.48974	0.839454	0.488496	0.339611	0.0404133
20162	-0.0399461	0.00415104	3.74617	1.69646	0.452853	1.21071	-2.77059	4.02541	2.07845	0.516332	4.92227	0.782076	0.485733	0.337812	0.0406887
20163	0.0411514	-0.0168776	3.87822	1.93558	0.49909	1.2119	-2.76808	3.70265	1.98742	0.536757	5.52226	0.685326	0.517487	0.325507	0.0410028
20164	0.0314895	-0.0118217	3.59306	1.69331	0.471273	1.15523	-2.77037	4.01703	1.90344	0.473843	6.02605	0.631392	0.47263	0.346057	0.0412633
20165	-0.0290864	0.0166964	3.58792	1.74434	0.486171	1.23711	-2.77322	3.81145	1.72517	0.452628	4.85494	0.801622	0.468893	0.359443	0.0413059
20166	0.0156186	0.0429875	3.79212	1.71383	0.451945	1.24864	-2.72756	4.06392	1.80396	0.443897	5.04881	0.76017	0.447782	0.353077	0.0414555
20167	0.0476035	0.00183962	3.79072	1.77957	0.469453	1.27227	-2.75649	3.69991	1.76859	0.478007	5.07291	0.749901	0.473678	0.349106	0.0415009
20168	-0.0594134	-0.0360045	3.56563	1.70879	0.47924	1.25803	-2.74933	3.79647	1.89866	0.500113	4.24168	0.867832	0.490004	0.33795	0.0415772
20169	0.052911	0.0341719	4.03903	1.65612	0.41003	1.22326	-2.81797	3.89252	1.92295	0.494012	5.939	0.684856	0.451246	0.362447	0.0419655
20170	-0.066079	-0.0203232	3.71483	1.76258	0.474472	1.08699	-2.82485	3.58689	1.94936	0.543467	5.91575	0.664781	0.508365	0.346405	0.0417579
20171	-0.11494	-0.0488997	3.83564	1.90107	0.495632	1.22642	-2.81727	3.59028	1.78435	0.496994	4.25947	0.899627	0.496291	0.342165	0.0420659
20172	-0.0697158	-0.07409	3.55439	1.63771	0.460757	1.18716	-2.78806	3.64824	1.72942	0.474041	4.66255	0.789871	0.467485	0.353651	0.0423268
20173	-0.150843	-0.0918295	3.6543	1.80475	0.493871	1.21864	-2.80269	3.93564	1.82972	0.46491	3.91833	0.937741	0.478854	0.335877	0.0426475
20174	-0.0656267	-0.0671461	3.67125	1.6851	0.459	1.19427	-2.8157	3.67835	1.76197	0.479011	4.75927	0.793666	0.469015	0.354076	0.0430034
20175	-0.0939799	-0.105642	3.66189	1.69864	0.463871	1.15476	-2.82946	3.93758	1.77881	0.451752	4.75789	0.77967	0.457592	0.347958	0.0431901
20176	0.0840221	-0.0153491	3.98565	1.75725	0.440895	1.16697	-2.79517	3.76759	1.80271	0.47848	6.58895	0.586391	0.459159	0.351884	0.0432773
20177	-0.136769	-0.0641041	3.64012	1.82979	0.502672	1.17614	-2.78731	4.13306	2.11164	0.510914	4.30219	0.861871	0.507055	0.320013	0.0433803
20178	-0.134593	-0.0800153	3.69488	1.79236	0.485091	1.11318	-2.84409	4.11614	2.09963	0.510097	4.90713	0.778468	0.498269	0.32931	0.0435581
20179	-0.180967	-0.152068	3.68028	1.6837	0.457492	1.09582	-2.85568	4.21329	2.13401	0.506494	4.48381	0.815098	0.483647	0.32382	0.0440352
20180	-0.164017	-0.10252	3.81807	1.77809	0.465705	1.31987	-2.7891	3.80904	1.97836	0.519386	3.27792	1.10096	0.492514	0.324596	0.0443661
20181	-0.176976	-0.140984	4.12311	1.77245	0.429883	1.25582	-2.71723	4.00456	1.85073	0.462156	3.23299	1.02645	0.445784	0.314216	0.0444587
20182	-0.175798	-0.147002	3.65673	1.70468	0.466176	1.29022	-2.71401	3.77964	1.71846	0.454663	3.06602	1.07461	0.460325	0.325004	0.0445316
20183	-0.140632	-0.174895	3.84069	1.70699	0.444449	1.28083	-2.71104	3.60689	1.773	0.491559	3.18332	1.01027	0.467265	0.316147	0.0446028
20184	-0.154697	-0.089798	3.60741	1.61275	0.447067	1.34878	-2.73906	3.71509	1.67249	0.450188	3.10497	1.13022	0.448651	0.348265	0.0447253
20185	-0.0166764	-0.0309662	3.76111	1.71575	0.456183	1.32234	-2.73229	3.82939	1.61829	0.422596	4.06989	0.89648	0.439238	0.353773	0.0450052
20186	-0.0261821	-0.0112831	4.10419	1.78402	0.434682	1.21016	-2.80812	3.60315	1.81116	0.50266	5.11752	0.764267	0.466462	0.352422	0.045153
20187	-0.0189602	-0.0460739	3.75637	1.68918	0.449684	1.14084	-2.82159	3.74571	1.80409	0.481643	5.72694	0.672564	0.465641	0.355497	0.0453709
20188	0.0225088	-0.0437138	3.71657	1.6295	0.438442	1.27031	-2.79725	3.89544	1.74486	0.447925	4.86957	0.778502	0.443295	0.3598	0.0458509
20189	0.0404173	-0.0451327	3.48108	1.54837	0.444795	1.23612	-2.76045	3.68967	1.71697	0.465346	5.15692	0.714858	0.455369	0.360927	0.0458235
20190	-0.0220073	-0.0907072	3.69617	1.65189	0.446919	1.2295	-2.8126	3.96948	1.8674	0.470439	4.73018	0.783133	0.459098	0.344931	0.0464515
20191	-0.032526	-0.100543	3.53441	1.53933	0.435526	1.17894	-2.77579	3.84598	1.86799	0.4857	4.87644	0.733829	0.461672	0.344425	0.0463466
20192	-0.0136809	-0.0395335	3.63063	1.55423	0.428088	1.26945	-2.73201	3.89388	1.8915	0.485763	4.4031	0.823218	0.457935	0.344793	0.0465556
20193	-0.055546	-0.0800943	3.55758	1.54961	0.435578	1.27583	-2.75206	4.07194	1.853	0.455067	4.02771	0.886285	0.445979	0.344183	0.0468692
20194	-0.151383	-0.123483	3.65235	1.65063	0.451936	1.20274	-2.81233	4.15514	1.92899	0.464243	3.94289	0.916825	0.458485	0.33563	0.0469227
20195	-0.056987	-0.104561	3.80838	1.71813	0.451145	1.19121	-2.88652	3.77616	1.9701	0.521721	4.96751	0.778992	0.486283	0.344201	0.0469601
20196	-0.066966	-0.0847199	3.65676	1.62174	0.443491	0.972025	-2.92445	3.80986	1.90881	0.501019	7.47015	0.539751	0.472845	0.363586	0.0473125
20197	-0.0680608	-0.0261833	3.81017	1.62301	0.425967	1.10761	-2.94983	4.02427	1.90981	0.474573	6.18415	0.691097	0.450934	0.377017	0.047484
20198	0.014286	0.0139273	3.83905	1.70154	0.443218	1.00741	-2.94536	3.72019	1.82501	0.49057	8.8791	0.493145	0.466521	0.383146	0.0478711
20199	-0.012578	0.0202195	3.42274	1.63817	0.478613	1.12048	-2.90801	3.75988	1.70863	0.454438	6.67897	0.641906	0.465958	0.39055	0.0481834
20200	-0.033971	0.0577143	3.54637	1.67061	0.471076	1.13274	-2.93986	3.75572	1.84557	0.491402	6.60107	0.680604	0.48153	0.38994	0.0484684
20201	0.0134295	0.00282133	3.82924	1.82484	0.476555	1.13577	-2.87166	3.84672	1.73496	0.451024	6.55949	0.629822	0.46376	0.367314	0.04875
20202	-0.0177419	0.0243439	3.70725	1.62082	0.437202	1.0494	-2.87676	3.51462	1.7521	0.498517	7.39061	0.5694	0.467042	0.384288	0.0490088
20203	-0.0272947	-0.017009	3.45673	1.60428	0.464104	1.13945	-2.89962	3.90315	1.84849	0.47359	6.10412	0.680641	0.469135	0.375761	0.0491782
20204	-0.0407725	0.013914	4.01499	1.76539	0.439699	1.02918	-2.92158	3.78384	1.8449	0.487574	7.52723	0.572399	0.462927	0.373828	0.049486
20205	-3.8051e-05	0.0313847	3.61557	1.75506	0.485416	1.10599	-2.91355	4.16946	1.93843	0.46491	7.08964	0.611644	0.474434	0.370007	0.0499327
20206	-0.00838467	0.0266553	3.77921	1.68721	0.446446	1.14522	-2.88795	4.01214	1.94548	0.484899	6.38333	0.665398	0.466247	0.369048	0.0498752
20207	0.0897314	0.0274186	3.75033	1.73476	0.462562	1.131	-2.90694	3.88876	1.82068	0.46819	7.94146	0.542122	0.465427	0.377237	0.0502712
20208	0.0365356	-0.00223517	3.46979	1.74993	0.504333	1.13349	-2.85765	3.60377	1.85037	0.513454	6.77574	0.601659	0.50898	0.361611	0.0504494
20209	-0.00896384	0.056321	3.63102	1.84129	0.507099	1.20468	-2.85738	3.93808	1.77472	0.450656	5.7638	0.736466	0.477733	0.369978	0.0505866
20210	0.0775436	0.0278017	3.78883	1.72687	0.455779	1.10549	-2.87915	3.51565	1.71023	0.48646	7.99716	0.528336	0.470546	0.380787	0.0510485
20211	0.0756384	0.0567297	3.86289	1.57393	0.40745	1.06112	-2.91303	3.74049	1.68672	0.450935	9.08132	0.485585	0.428842	0.403536	0.0515134
20212	0.121235	0.0590524	3.30494	1.59649	0.483064	1.10757	-2.93123	3.9108	1.75831	0.449602	9.19116	0.486433	0.464928	0.400003	0.0516914
20213	0.114575	0.0756549	3.87934	1.70849	0.440409	1.22405	-2.80142	3.82119	1.91904	0.50221	6.72463	0.615466	0.471076	0.363363	0.0519454
20214	0.0653172	0.130279	3.7124	1.69038	0.455332	1.29465	-2.7897	3.60224	1.85497	0.51495	5.64187	0.755625	0.484692	0.375598	0.0522012
20215	0.131471	0.108512	3.68212	1.6509	0.448355	1.17984	-2.84477	3.95627	1.79584	0.453922	7.93556	0.549542	0.451238	0.387605	0.0523505
20216	0.0872603	0.128352	4.08394	1.76246	0.431557	1.15362	-2.87056	3.66883	1.77027	0.482515	7.90904	0.568556	0.455672	0.389037	0.0524907
20217	0.0932555	0.0926827	3.31704	1.68414	0.507723	1.23545	-2.8234	3.91851	1.73633	0.443109	6.51806	0.652304	0.472731	0.383412	0.0527314
20218	0.101441	0.111446	3.55142	1.70002	0.478687	1.16964	-2.79739	3.62089	1.77469	0.490126	7.4154	0.570526	0.484462	0.378529	0.0532634
20219	0.0275079	0.0003816	3.35051	1.58964	0.474447	1.18849	-2.83041	3.91508	1.83154	0.467818	5.94518	0.673941	0.470875	0.36943	0.0533018
20220	-0.100418	0.0322274	3.60575	1.53747	0.426393	1.20779	-2.77839	3.57374	1.81017	0.506519	4.61581	0.855707	0.466277	0.371161	0.0534153
20221	-0.0726877	-0.0301261	3.70963	1.64565	0.443614	1.17166	-2.82056	3.64	1.64419	0.451702	5.02876	0.7742	0.44762	0.371862	0.0536105
20222	-0.0661193	-0.0740576	3.62158	1.72629	0.476668	1.23093	-2.79874	3.56347	1.77024	0.496774	4.41281	0.841173	0.48664	0.346861	0.053789
20223	-0.0936577	-0.0918046	3.56973	1.67996	0.470613	1.24636	-2.77668	4.08587	1.76018	0.430798	4.01445	0.897828	0.449363	0.343883	0.0542593
20224	-0.0171744	-0.0563069	3.60311	1.76198	0.489015	1.21926	-2.76868	4.12367	1.89964	0.460668	4.81235	0.764384	0.473887	0.334467	0.05449
20225	-0.0192918	0.018159	4.05183	1.77943	0.439167	1.04238	-2.90148	3.94648	1.88184	0.47684	7.56269	0.563575	0.457755	0.368028	0.0547449
20226	-0.0501052	-0.0215026	3.80945	1.80697	0.47434	1.02841	-2.86682	3.74031	1.77103	0.473498	6.95999	0.581597	0.473923	0.36141	0.0549434
20227	-0.0130006	-0.0379018	3.63143	1.74953	0.481773	1.12891	-2.80988	3.79966	1.77249	0.466488	5.89272	0.651981	0.473957	0.35304	0.0550368
20228	-0.197702	-0.0868171	3.6195	1.75987	0.48622	1.21038	-2.71251	3.6466	1.77689	0.487273	3.4772	0.99135	0.486748	0.327764	0.0554946
20229	-0.0733247	-0.0981356	3.73753	1.73726	0.464814	1.37871	-2.68704	3.74034	1.90255	0.508657	3.17891	1.0542	0.486743	0.315343	0.0552525
20230	-0.227636	-0.150919	3.68357	1.72608	0.468591	1.22615	-2.72136	3.84341	1.78215	0.46369	3.12617	1.05675	0.466088	0.320221	0.0554158
20231	-0.163989	-0.136119	3.63459	1.7579	0.483659	1.37755	-2.72492	3.56384	1.87458	0.525999	2.82025	1.18817	0.504621	0.315762	0.0557467
20232	-0.0464366	-0.0720045	3.70116	1.70818	0.461526	1.40222	-2.70221	4.0304	1.97334	0.489614	3.29645	1.0493	0.476168	0.319733	0.0562822
20233	-0.115392	-0.0766117	3.73355	1.70499	0.456667	1.21001	-2.71391	3.68697	1.87818	0.509408	3.95934	0.878349	0.482872	0.326837	0.0562779
20234	-0.0923285	-0.0912548	3.62031	1.6627	0.459272	1.28914	-2.68615	3.51098	1.77885	0.506652	3.52823	0.95423	0.482599	0.328578	0.056585
20235	-0.132669	-0.0653741	3.34166	1.64827	0.493247	1.28962	-2.70601	3.66578	1.83918	0.501716	3.447	1.01145	0.497678	0.333383	0.0565284
20236	-0.068995	-0.133616	3.8383	1.70331	0.443767	1.25686	-2.70919	3.71154	1.87479	0.505123	3.77362	0.87894	0.47393	0.316808	0.0568321
20237	-0.135729	-0.12016	3.83575	1.62346	0.423245	1.26411	-2.76163	3.73684	1.83917	0.492173	3.56071	0.97977	0.457259	0.335112	0.0569642
20238	-0.0399043	-0.0774998	3.58748	1.74163	0.485475	1.2239	-2.75197	3.86654	1.81857	0.470335	4.47837	0.798595	0.477621	0.334454	0.0570282
20239	0.015466	-0.0312052	3.67258	1.54617	0.421005	1.31282	-2.72386	3.65346	1.72547	0.472283	4.30771	0.841563	0.446577	0.356629	0.057424
20240	-0.0659036	-0.0218616	3.47115	1.55766	0.448745	1.32479	-2.69765	3.93581	1.81167	0.460304	3.70207	0.967008	0.454887	0.347053	0.0576516
20241	0.0874608	0.0508492	3.62122	1.52307	0.420595	1.37125	-2.70564	3.79034	1.82225	0.480762	4.61028	0.824055	0.451365	0.36229	0.0580365
20242	0.0113686	0.00934705	3.67559	1.67903	0.456806	1.27657	-2.63496	4.16719	1.86547	0.447656	4.36822	0.800369	0.451944	0.330401	0.0581274
20243	-0.0598864	-0.0260654	3.52365	1.54059	0.437214	1.29623	-2.69824	3.64792	1.91603	0.525239	3.88275	0.91952	0.481989	0.340673	0.0583395
20244	0.0263095	0.0293737	3.58484	1.63641	0.45648	1.33228	-2.69147	3.96836	1.79793	0.453066	4.34048	0.852784	0.454686	0.350297	0.0585784
20245	0.0198836	0.0240618	3.81501	1.66051	0.435255	1.27086	-2.63381	3.81656	1.67207	0.438108	4.51409	0.78247	0.436682	0.346494	0.0588299
20246	-0.0226192	0.00908486	3.83088	1.71965	0.448893	1.37842	-2.59625	3.83053	1.69694	0.443004	3.45803	0.981454	0.445949	0.331965	0.0591968
20247	-0.100623	-0.0774208	3.81282	1.79753	0.471444	1.3864	-2.6703	3.7896	1.82339	0.481157	3.0404	1.10561	0.476286	0.317132	0.0593554
20248	-0.0594956	-0.0337815	3.69334	1.81877	0.492446	1.39263	-2.63097	3.8576	1.92981	0.500263	3.1989	1.05433	0.49644	0.310387	0.0595395
20249	0.00945165	0.00790053	3.80455	1.70889	0.449169	1.39944	-2.58647	3.88406	1.81289	0.466752	3.4837	0.966039	0.458051	0.323426	0.05994
20250	-0.0435768	-0.0017434	3.69206	1.63904	0.443936	1.49287	-2.48403	3.71585	1.80107	0.484698	2.61018	1.18033	0.464383	0.309398	0.0603517
20251	0.0744367	0.00436659	3.47811	1.72052	0.494671	1.54308	-2.49186	3.97216	1.94455	0.489544	2.88892	1.07845	0.491938	0.298368	0.0606227
20252	-0.0813935	-0.0855203	3.7162	1.78752	0.481007	1.45	-2.51233	4.12599	2.04272	0.495085	2.51128	1.17259	0.488414	0.277766	0.0609536
20253	-0.0293395	-0.019655	3.39633	1.68341	0.495657	1.41382	-2.59336	3.92948	1.89611	0.482534	3.18044	1.04136	0.488618	0.316408	0.0613423
20254	-0.0291759	-0.0107519	3.8065	1.74951	0.45961	1.47209	-2.61488	3.63651	1.79804	0.49444	3.00892	1.1269	0.476627	0.323474	0.061782
20255	-0.031769	0.0442342	3.67205	1.69169	0.460694	1.40448	-2.60267	3.75868	1.78626	0.475235	3.39637	1.03141	0.46805	0.335044	0.0617392
20256	0.0501129	0.0103178	3.73469	1.61392	0.432144	1.34267	-2.59449	3.7262	1.87657	0.503615	4.06119	0.835351	0.467839	0.327147	0.0620948
20257	0.00540528	0.0283	3.53444	1.56733	0.443445	1.37895	-2.64911	4.05037	1.96317	0.484689	3.79965	0.943311	0.46547	0.336811	0.0619944
20258	0.0442987	0.0827721	3.62222	1.64587	0.454382	1.30712	-2.67584	4.0634	2.00301	0.492939	4.77197	0.79736	0.474767	0.342819	0.0624524
20259	-0.0132864	0.0465494	3.71246	1.62233	0.436996	1.36753	-2.65891	3.85779	1.84972	0.479476	3.83895	0.953325	0.458644	0.345248	0.0626665
20260	0.066533	0.0728046	3.54218	1.67758	0.473601	1.45505	-2.58956	3.98473	1.91423	0.480391	3.67649	0.963986	0.477196	0.330478	0.062871
20261	0.0658414	0.0775212	3.72975	1.72549	0.462628	1.38964	-2.60846	4.03236	1.89194	0.469189	4.11682	0.876218	0.466037	0.332818	0.0635819
20262	0.171733	0.0963524	3.94064	1.72375	0.437429	1.38568	-2.6137	3.43822	1.68608	0.490393	4.98378	0.736831	0.462108	0.350119	0.0635964
20263	0.00961358	0.101637	3.79123	1.66127	0.438188	1.43348	-2.53694	3.77428	1.75146	0.464052	3.43404	1.01369	0.451091	0.337864	0.0636777
20264	-0.00544798	0.0603372	3.37462	1.67754	0.497105	1.55386	-2.47534	3.82125	1.73124	0.453056	2.64438	1.21572	0.473713	0.320554	0.0637933
20265	0.0170214	0.0465921	4.14116	1.71744	0.414724	1.45637	-2.52041	3.87893	1.70444	0.439409	3.18069	1.03586	0.426663	0.325085	0.0639894
20266	0.020609	0.0627094	3.66963	1.71084	0.466217	1.41634	-2.5748	3.9671	1.90881	0.48116	3.57098	0.97403	0.473979	0.324647	0.0641755
20267	0.1117	0.116242	4.0065	1.73721	0.433597	1.57664	-2.48016	3.57714	1.8395	0.514237	3.14124	1.07303	0.471634	0.320389	0.0641762
20268	0.00951528	0.0374077	3.99142	1.66538	0.41724	1.39802	-2.53563	4.10907	1.93693	0.471379	3.43399	0.963971	0.444703	0.314925	0.0643081
20269	0.0569222	0.00567684	3.77108	1.76401	0.467774	1.49764	-2.53337	3.84782	1.7632	0.458233	3.10588	1.03783	0.462955	0.313734	0.0642991
20270	-0.00502891	0.00609636	3.8158	1.82357	0.477899	1.62013	-2.47389	3.58319	1.68634	0.470625	2.32867	1.32057	0.474376	0.30473	0.0645504
20271	0.0362718	0.00255345	4.04086	1.76298	0.436288	1.53072	-2.47798	3.85959	1.64604	0.42648	2.75502	1.1167	0.431497	0.311037	0.0644868
20272	-0.049884	-0.047073	3.71354	1.69863	0.457415	1.42555	-2.49968	3.81329	1.72932	0.453497	2.76325	1.08845	0.45543	0.305032	0.0644433
20273	0.0153539	-0.0299411	3.80327	1.77048	0.465517	1.52526	-2.47592	3.57734	1.74299	0.48723	2.62427	1.1399	0.476041	0.298698	0.0648749
20274	-0.0733436	0.0275664	3.88329	1.74508	0.449381	1.4348	-2.53824	3.56971	1.79217	0.502048	2.89442	1.13725	0.474607	0.31765	0.0650935
20275	0.0693506	0.0429203	3.68519	1.69718	0.46054	1.45266	-2.48457	3.91174	1.83255	0.468473	3.33842	0.956767	0.464625	0.311619	0.0651372
20276	0.0125714	-0.0109109	3.65306	1.71103	0.468382	1.47252	-2.50496	3.92123	1.83868	0.468904	2.91832	1.06573	0.468652	0.304736	0.0653517
20277	0.022503	-0.0177565	3.8351	1.63312	0.425836	1.46746	-2.51288	3.62863	1.70568	0.470063	2.9818	1.04394	0.447338	0.318054	0.0655806
20278	0.0677999	-0.0358684	3.55046	1.62334	0.457218	1.46922	-2.49984	3.98112	1.85883	0.466913	3.09123	0.981995	0.462342	0.303665	0.0657299
20279	-0.0582913	-0.0260912	3.61645	1.67149	0.462191	1.40413	-2.52596	3.60561	1.76021	0.488187	2.92206	1.06934	0.47517	0.312948	0.0660901
20280	0.0977047	-0.00498048	3.5622	1.48685	0.417398	1.50914	-2.52762	4.1527	1.92053	0.462478	3.19438	0.996081	0.441663	0.318402	0.0664791
20281	0.0803211	0.0221468	3.53134	1.66203	0.470651	1.42912	-2.59986	3.97964	1.8939	0.475897	3.77898	0.909628	0.473431	0.325957	0.0666936
20282	0.0272782	0.0177072	3.57059	1.64545	0.460833	1.41778	-2.6409	3.64991	1.91552	0.524813	3.65567	0.966745	0.493175	0.331763	0.0669035
20283	0.0387164	0.0511606	3.58305	1.54545	0.431322	1.33565	-2.68012	3.84452	1.76241	0.458421	4.43502	0.841018	0.445349	0.360647	0.0668331
20284	-0.0311201	0.0165516	3.54969	1.57182	0.442804	1.32496	-2.73573	3.67822	1.85237	0.503603	4.11919	0.919482	0.473744	0.356222	0.0667677
20285	0.0150363	0.00407534	3.64804	1.70718	0.467971	1.25529	-2.70876	3.71772	1.80787	0.486286	4.78441	0.769112	0.477215	0.343698	0.0669168
20286	0.000302826	0.0402888	3.70786	1.75762	0.474027	1.27391	-2.70851	3.56531	1.77428	0.49765	4.65814	0.811042	0.485607	0.348576	0.0673379
20287	0.0847049	0.123839	4.02635	1.80995	0.449528	1.29943	-2.70836	3.64435	1.7699	0.485655	5.4361	0.737783	0.466692	0.35916	0.0678115
20288	0.118712	0.127713	4.10424	1.90295	0.463656	1.2146	-2.75245	3.87791	2.03706	0.525298	6.9072	0.600484	0.493603	0.344956	0.067825
20289	0.223787	0.180372	3.54248	1.75215	0.494612	1.33939	-2.74213	3.67995	1.87907	0.510622	6.86264	0.622286	0.50277	0.370405	0.0676902
20290	0.146522	0.124687	3.73191	1.70214	0.456104	1.2336	-2.72914	3.69386	1.85467	0.502095	6.8918	0.590873	0.478982	0.364165	0.0683888
20291	0.142685	0.114495	3.4481	1.71746	0.49809	1.24143	-2.70318	3.7629	1.76005	0.467737	6.5764	0.603619	0.482251	0.363481	0.0682233
20292	0.162219	0.181427	3.73332	1.60556	0.430062	1.18722	-2.79352	3.94833	1.972	0.49945	8.42388	0.525309	0.465727	0.382246	0.0683387
20293	0.178095	0.138465	3.66957	1.61479	0.440049	1.07267	-2.90255	3.84608	1.92487	0.500476	11.5559	0.400132	0.470972	0.395216	0.0685474
20294	0.100915	0.151312	3.45885	1.66407	0.481103	1.1326	-2.9345	4.28095	1.98717	0.46419	8.94636	0.532185	0.471748	0.394788	0.0689684
20295	0.0954386	0.149528	3.73849	1.69636	0.453754	1.03482	-2.95483	3.88391	1.96528	0.506005	10.921	0.441217	0.480378	0.396974	0.0691942
20296	0.161559	0.122388	3.86682	1.71468	0.443435	0.960634	-2.9814	4.03178	2.04777	0.507907	15.0872	0.31926	0.476344	0.390403	0.0696892
20297	0.139422	0.127631	3.76161	1.76283	0.468638	0.976003	-3.00147	3.94355	1.99259	0.505278	13.9902	0.349934	0.487391	0.394722	0.0701782
20298	0.0437246	0.101024	3.46232	1.55438	0.448943	0.975648	-3.0323	4.35589	2.17862	0.500156	11.3045	0.434241	0.477476	0.3968	0.0706258
20299	0.101919	0.114773	3.5116	1.57187	0.447621	0.899552	-3.06654	3.79834	2.0224	0.532443	15.9076	0.318109	0.491696	0.413249	0.0711632
20300	-0.0028723	-0.0101466	3.53102	1.59602	0.451999	0.880073	-3.06318	3.90261	2.00607	0.514034	11.9563	0.389796	0.484567	0.392924	0.0712527
20301	0.0255195	0.0235736	3.49828	1.59691	0.456483	0.98953	-3.08469	3.93806	1.98998	0.505321	10.3961	0.464658	0.482346	0.402526	0.0711969
20302	0.0603504	0.0483486	3.52403	1.48417	0.421157	0.976785	-3.03334	3.70032	1.95407	0.528079	11.3077	0.419926	0.475923	0.40859	0.0715735
20303	0.0781345	0.0637153	3.60938	1.66007	0.459931	0.905206	-3.06235	4.08013	1.90294	0.466391	14.286	0.342024	0.463359	0.406888	0.0718551
20304	0.0298452	0.0192847	3.28236	1.5456	0.47088	0.946938	-3.01284	3.83887	1.89277	0.493054	10.9312	0.420529	0.482833	0.400769	0.0722505
20305	-0.0435049	0.0165457	3.5528	1.66596	0.468914	0.930436	-3.03673	4.01627	1.95678	0.487213	9.82807	0.47428	0.478624	0.3916	0.0727001
20306	-0.0298766	-0.0304731	3.49297	1.61458	0.462237	1.02537	-3.02356	3.68652	1.92555	0.522321	8.0451	0.55677	0.493089	0.387615	0.0725057
20307	-0.0812219	-0.057529	3.63124	1.7559	0.483552	0.955522	-3.02757	3.82734	1.84862	0.483004	8.20695	0.537419	0.483271	0.379698	0.0724164
20308	-0.0853609	-0.0812123	3.7799	1.61295	0.426718	1.0315	-2.96766	3.88585	1.87973	0.483737	6.67928	0.623691	0.455621	0.373693	0.0728859
20309	-0.160859	-0.154914	3.34679	1.63321	0.487992	1.03559	-2.93527	3.90271	1.85922	0.476391	5.40025	0.715744	0.481747	0.356353	0.0732609
20310	-0.0959797	-0.15391	3.57713	1.53956	0.430388	1.06325	-2.89499	3.56142	1.87435	0.526292	5.59114	0.671912	0.478235	0.355042	0.0735868
20311	-0.169669	-0.21237	3.85153	1.5896	0.41272	1.07446	-2.91485	3.78439	1.82485	0.482206	4.71837	0.773933	0.447157	0.348538	0.0737594
20312	-0.221004	-0.18513	3.72638	1.55333	0.416846	1.01977	-2.93602	3.59066	1.84439	0.513664	4.9154	0.769766	0.464357	0.357772	0.0738508
20313	-0.176191	-0.153636	3.76138	1.71948	0.457141	1.02392	-2.95734	4.16041	1.9148	0.460242	5.45784	0.720134	0.45877	0.351074	0.0742498
20314	-0.138295	-0.147781	3.67687	1.84569	0.501975	1.01975	-2.9902	3.69763	1.88116	0.508749	6.0246	0.670529	0.505371	0.351592	0.0746639
20315	-0.143131	-0.146459	3.93916	1.78768	0.453823	1.08426	-2.95313	3.518	1.78822	0.508307	5.22899	0.753242	0.479527	0.355256	0.0746958
20316	-0.158999	-0.195476	3.71648	1.77347	0.477192	0.881029	-3.03411	3.72467	1.75486	0.471146	7.44954	0.540829	0.474166	0.363554	0.0749928
20317	-0.167793	-0.17475	3.91404	1.73343	0.442876	1.03032	-2.9827	3.89878	1.89259	0.48543	5.49269	0.717732	0.464111	0.352282	0.075446
20318	-0.235957	-0.210098	3.62684	1.6589	0.457396	1.0044	-2.94147	3.99504	2.03052	0.508261	4.84913	0.769248	0.484057	0.335891	0.075678
20319	-0.321281	-0.260075	3.60487	1.57206	0.436092	0.970002	-2.94459	3.86271	1.92417	0.49814	4.32206	0.833706	0.468187	0.340184	0.0760455
20320	-0.264875	-0.249727	3.5824	1.65532	0.462071	1.01189	-2.99446	3.86609	1.93978	0.501743	4.62146	0.815065	0.482662	0.343892	0.0763551
20321	-0.339545	-0.249647	3.71303	1.72585	0.464809	1.06611	-2.92018	3.88496	1.70343	0.43847	3.60941	0.987935	0.451341	0.342181	0.0760972
20322	-0.302419	-0.263109	3.64462	1.68528	0.462403	1.05131	-2.96414	3.89549	1.88786	0.484626	3.98106	0.916286	0.473884	0.338056	0.0762966
20323	-0.191544	-0.248527	3.48855	1.53135	0.438963	1.11365	-2.93093	3.8313	1.82005	0.475047	4.22377	0.851763	0.45785	0.349385	0.0764852
20324	-0.286256	-0.209232	3.37421	1.602	0.47478	1.06759	-2.93267	3.82648	1.80597	0.471965	4.04667	0.916448	0.473284	0.352488	0.07671
20325	-0.30444	-0.187674	3.44268	1.65203	0.479867	1.15435	-2.9293	3.89132	1.83485	0.471524	3.5321	1.06403	0.47544	0.350305	0.0767584
20326	-0.265907	-0.197485	3.67123	1.65807	0.451639	1.12268	-2.92362	3.86795	1.89229	0.489223	3.85431	0.964089	0.470921	0.343649	0.0772801
20327	-0.130806	-0.1311	3.70232	1.68125	0.454107	1.09297	-2.86214	3.77403	1.83437	0.48605	4.98022	0.748819	0.470232	0.346684	0.0777443
20328	-0.0949656	-0.0756033	3.79191	1.72216	0.454167	1.12737	-2.93059	3.9567	1.85213	0.468098	5.45539	0.747053	0.46128	0.363217	0.0782872
20329	-0.0458382	-0.0746242	3.70577	1.70626	0.460435	1.06353	-2.93706	3.90638	1.82366	0.466842	6.65758	0.615354	0.463723	0.367321	0.0782279
20330	-0.0780904	-0.102428	3.78252	1.72942	0.457214	1.04436	-2.93704	3.8287	1.83107	0.478249	6.37753	0.629949	0.467795	0.360803	0.0786384
20331	-0.118591	-0.104883	3.78197	1.52468	0.403144	1.14148	-2.90783	3.94274	1.91207	0.484961	4.94813	0.793886	0.444904	0.363784	0.0788819
20332	-0.016618	-0.113042	3.45171	1.55835	0.451471	1.15065	-2.91811	4.20293	1.87387	0.445848	5.77496	0.681254	0.448383	0.364441	0.0790595
20333	-0.0499803	-0.0625199	3.47834	1.65401	0.475517	1.17246	-2.86288	3.64977	1.71931	0.471074	5.24771	0.747186	0.473242	0.367677	0.0792141
20334	-0.178825	-0.117978	3.79613	1.7058	0.449352	1.07984	-2.84532	3.93966	1.77107	0.44955	4.69526	0.792116	0.449453	0.348583	0.0793106
20335	-0.0566486	-0.0575638	3.76111	1.66328	0.442231	1.0489	-2.88854	3.73685	1.75511	0.469676	6.55717	0.611119	0.455909	0.36965	0.0793417
20336	0.0107033	-0.0106359	3.7325	1.62872	0.436362	1.16614	-2.83673	3.94786	1.89437	0.479846	5.98247	0.667517	0.458714	0.36185	0.0798661
20337	-0.115794	-0.0819473	3.62518	1.64161	0.452836	1.13063	-2.82569	3.77736	1.94624	0.515239	4.84572	0.776782	0.484679	0.344185	0.0804058
20338	-0.0397833	-0.0895093	3.70587	1.53911	0.415316	1.16047	-2.81329	3.99569	1.90905	0.477777	5.14993	0.720302	0.447722	0.349875	0.0805404
20339	-0.199729	-0.161916	3.81499	1.70638	0.447282	1.1741	-2.83681	4.39205	1.99147	0.453425	3.79096	0.943698	0.45057	0.326133	0.0806909
20340	-0.164583	-0.147056	4.00257	1.71074	0.427411	1.30394	-2.73566	3.92061	1.98645	0.506668	3.10719	1.07828	0.46663	0.311925	0.0810512
20341	-0.125361	-0.159868	3.75887	1.68705	0.448819	1.25201	-2.77429	3.55872	1.78597	0.501859	3.60287	0.948575	0.474614	0.329878	0.0812684
20342	-0.138142	-0.14931	3.73779	1.64059	0.438919	1.35377	-2.66786	3.75548	1.90065	0.506102	2.84981	1.1129	0.47259	0.309405	0.0813355
20343	-0.0863682	-0.139464	3.46858	1.6225	0.467771	1.26496	-2.6889	3.86147	1.69516	0.438994	3.55932	0.913043	0.452611	0.328868	0.0815209
20344	-0.096655	-0.0697441	3.86903	1.75276	0.453024	1.25109	-2.67982	3.68913	1.64758	0.446605	3.75052	0.908208	0.449891	0.33383	0.0820043
20345	-0.0552003	-0.0746978	3.72339	1.81377	0.487128	1.29897	-2.71257	3.64951	1.75506	0.480904	3.79457	0.916886	0.484047	0.327815	0.082215
20346	-0.0791199	-0.00748331	3.61606	1.72188	0.476176	1.22241	-2.72871	3.84712	1.77018	0.460131	4.37141	0.846991	0.467905	0.346577	0.0823183
20347	-0.0882925	-0.0442863	3.6442	1.68021	0.461064	1.16353	-2.79134	3.85043	1.78367	0.463238	4.81558	0.783532	0.462181	0.352716	0.0825988
20348	-0.00849823	0.000665604	3.82867	1.75131	0.457419	1.21686	-2.79995	3.99949	1.79236	0.448148	5.22374	0.750753	0.452683	0.356342	0.0826708
20349	-0.021311	0.0223589	3.7801	1.7674	0.467553	1.13923	-2.81821	3.99874	1.94328	0.485972	5.99087	0.673426	0.477021	0.352287	0.0827811
20350	0.0262431	0.0494246	3.78232	1.78517	0.471976	1.31197	-2.76708	3.56575	1.74925	0.490569	4.79866	0.826553	0.480999	0.359543	0.0828953
20351	-0.0380039	0.0414129	3.79202	1.68684	0.44484	1.21601	-2.71591	3.79122	1.83975	0.485265	4.83475	0.78627	0.46505	0.350326	0.08317
20352	0.00138578	-0.0128035	3.46901	1.73174	0.499202	1.26462	-2.70429	4.34855	1.91037	0.439312	4.53958	0.797885	0.465888	0.332219	0.0831317
20353	0.0276072	0.00301588	3.74932	1.49569	0.398923	1.28557	-2.67404	3.64272	1.77038	0.486006	4.52879	0.79123	0.441837	0.354356	0.0836011
20354	-0.0427055	0.0167436	3.72567	1.61761	0.434181	1.30641	-2.70247	3.70491	1.68878	0.455821	4.06247	0.910052	0.444971	0.35871	0.0837424
20355	0.0957727	0.0457705	3.77024	1.60751	0.426368	1.3449	-2.66919	4.0445	1.7851	0.441366	4.72401	0.780162	0.43413	0.352095	0.0837614
20356	0.151402	0.214443	3.60863	1.59553	0.442144	1.41482	-2.6379	3.83166	1.85812	0.484939	5.09693	0.798113	0.464183	0.370763	0.0838948
20357	0.235067	0.23872	3.72555	1.70685	0.458146	1.46961	-2.57858	3.93749	2.00905	0.510237	5.20778	0.762049	0.484912	0.348223	0.0842
20358	0.244535	0.243928	3.78627	1.72945	0.456769	1.4031	-2.55547	4.07047	1.94502	0.477837	5.83835	0.671136	0.467684	0.347875	0.084668
20359	0.232847	0.224626	3.41053	1.6216	0.475469	1.43549	-2.52601	3.98191	1.85885	0.466824	5.23106	0.723181	0.470812	0.352221	0.0849906
20360	0.362975	0.281688	3.66678	1.69308	0.461735	1.52522	-2.54075	4.34207	2.04059	0.469958	5.89726	0.675412	0.466193	0.347968	0.0854404
20361	0.169292	0.239485	3.45504	1.61718	0.468063	1.4335	-2.50749	4.27847	2.10518	0.492039	4.72146	0.799106	0.481328	0.336452	0.0854747
20362	0.192068	0.247077	3.7607	1.70108	0.45233	1.51308	-2.47781	4.20193	1.92087	0.457141	4.25484	0.872535	0.454869	0.338955	0.0859311
20363	0.277522	0.236817	3.77202	1.81399	0.480907	1.55906	-2.48795	3.64795	1.81633	0.497905	4.52058	0.82117	0.489264	0.338418	0.0860246
20364	0.127485	0.203208	3.70805	1.71449	0.462369	1.38025	-2.5497	3.72207	1.84623	0.496023	4.82887	0.78471	0.479228	0.347411	0.0861977
20365	0.272938	0.247876	3.94434	1.80825	0.458441	1.42728	-2.51072	3.82976	1.81014	0.472652	5.71092	0.666253	0.465442	0.344709	0.0863383
20366	0.195466	0.155015	4.05198	1.74582	0.430857	1.48836	-2.51474	3.80498	1.92483	0.505872	4.26398	0.835789	0.467186	0.32691	0.0860785
20367	0.189092	0.125611	3.72768	1.69687	0.455208	1.50629	-2.51725	3.77618	1.82479	0.483238	4.02575	0.867503	0.469313	0.331589	0.0859095
20368	0.0958031	0.148897	4.04441	1.83849	0.454575	1.42819	-2.58847	3.5245	1.72459	0.489316	4.22094	0.887622	0.470752	0.344699	0.086365
20369	0.0800052	0.0990848	3.79276	1.82642	0.481554	1.39822	-2.63059	3.97507	2.05271	0.516397	4.28795	0.868845	0.499384	0.324528	0.0865642
20370	0.170328	0.0711017	3.65238	1.69319	0.463585	1.43266	-2.58121	3.97068	1.99568	0.502605	4.41467	0.796746	0.48391	0.322948	0.0867795
20371	0.0691695	0.101363	3.56003	1.67189	0.469627	1.46661	-2.50916	3.75605	1.82783	0.486637	3.4897	0.976424	0.47836	0.327531	0.0871483
20372	0.0391942	0.0540799	3.76433	1.7815	0.473259	1.55304	-2.47424	3.84416	1.82168	0.473881	2.78934	1.14587	0.473573	0.307359	0.087048
20373	-0.0220772	-0.017608	3.65549	1.82418	0.499026	1.51558	-2.53842	4.00979	1.88475	0.470037	2.68757	1.1822	0.483862	0.299983	0.087253
20374	-0.131105	-0.0786611	3.69238	1.66361	0.450551	1.44668	-2.53182	4.02895	1.8946	0.470246	2.41745	1.2447	0.460828	0.297277	0.087027
20375	0.0209017	0.0229536	3.45698	1.54221	0.446115	1.56077	-2.43827	3.9819	1.86991	0.469603	2.55466	1.1856	0.458688	0.307505	0.0872313
20376	0.0855529	0.040354	3.58975	1.58193	0.440679	1.51363	-2.45717	3.94043	1.90745	0.484071	3.05857	1.0197	0.463385	0.308974	0.087892
20377	0.0396313	0.0462065	3.40512	1.58579	0.465707	1.56418	-2.3989	3.82497	1.7839	0.466384	2.57225	1.16212	0.466065	0.307371	0.0881241
20378	0.0201809	0.0268389	3.60755	1.64724	0.45661	1.54072	-2.44958	4.00516	1.82017	0.454456	2.65251	1.15601	0.455477	0.306704	0.0886414
20379	-0.0727523	0.00339147	3.65059	1.64113	0.449552	1.55688	-2.47481	3.617	1.84195	0.509248	2.31256	1.32785	0.479262	0.306051	0.0891867
20380	-0.0237352	0.0352181	3.52783	1.59872	0.453174	1.61239	-2.47472	3.63938	1.85791	0.510502	2.35338	1.33845	0.482284	0.31312	0.0894751
20381	0.0763233	0.035954	3.76268	1.56715	0.4165	1.49727	-2.50984	3.855	1.88474	0.488907	3.2099	1.00954	0.453142	0.319551	0.0896977
20382	0.120184	0.0124066	3.42959	1.61428	0.470691	1.4413	-2.59385	3.78814	1.90998	0.504201	3.89184	0.872673	0.488278	0.325276	0.0902587
20383	0.0417772	0.0191888	3.24121	1.56687	0.48342	1.37547	-2.62295	3.48075	1.82949	0.525603	3.92465	0.889363	0.505263	0.339545	0.0903658
20384	0.0426847	0.0562161	3.74839	1.75097	0.467126	1.46713	-2.58989	4.09997	1.89775	0.46287	3.45083	1.01452	0.464903	0.32432	0.0909205
20385	0.000623608	0.0899683	3.73172	1.74123	0.466602	1.43933	-2.5604	3.95133	1.88078	0.475986	3.39365	1.03494	0.471428	0.32664	0.0911204
20386	0.0912686	0.0947007	3.61264	1.71932	0.475917	1.42615	-2.52543	4.02781	1.81742	0.451217	3.85265	0.89096	0.462896	0.326833	0.0912658
20387	0.0971414	0.146178	3.4347	1.49701	0.435849	1.4387	-2.5435	3.94749	1.95029	0.494058	4.01959	0.89989	0.466975	0.344221	0.0914909
20388	0.0688504	0.111702	3.6439	1.63814	0.449557	1.40261	-2.5527	4.02819	1.99894	0.496238	3.99066	0.889455	0.474066	0.32805	0.0914292
20389	0.151844	0.146662	3.73529	1.62382	0.434725	1.5204	-2.46458	3.78777	1.96064	0.517623	3.64058	0.936471	0.476463	0.322403	0.0913428
20390	0.0583684	0.139757	3.71593	1.5825	0.42587	1.48949	-2.50176	4.13661	1.97944	0.478518	3.40684	1.02406	0.453604	0.32885	0.0913916
20391	0.141514	0.151519	3.65173	1.56132	0.427556	1.43824	-2.50822	3.71913	1.79012	0.481327	4.20711	0.840745	0.454687	0.345534	0.0915694
20392	0.209962	0.130277	3.42873	1.57071	0.458103	1.41975	-2.55213	3.79716	1.87264	0.493169	4.91622	0.731791	0.47653	0.343257	0.0913165
20393	0.134936	0.140349	3.58922	1.47009	0.409585	1.50109	-2.4886	3.97902	1.88712	0.474267	3.70309	0.933191	0.443592	0.339901	0.0911618
20394	0.161814	0.155155	3.33852	1.55717	0.466424	1.54364	-2.50611	4.09552	1.95782	0.478041	3.70909	0.954724	0.472824	0.335095	0.0910165
20395	0.285358	0.231955	3.46736	1.49404	0.430887	1.42728	-2.54435	3.81526	2.11473	0.554282	5.91105	0.65199	0.495532	0.34821	0.0913353
20396	0.181715	0.238318	3.91966	1.69186	0.431635	1.3275	-2.61903	3.90237	1.96637	0.50389	6.21894	0.656416	0.467683	0.358246	0.0913159
20397	0.198589	0.211883	3.74424	1.59014	0.424689	1.33613	-2.68352	4.00951	1.96728	0.490654	6.47868	0.646995	0.4588	0.370848	0.0914001
20398	0.116277	0.176185	3.66211	1.63087	0.445337	1.30483	-2.65334	3.78956	1.88158	0.496516	5.66751	0.706325	0.471364	0.36311	0.0914677
20399	0.208949	0.208593	3.57765	1.54695	0.432392	1.357	-2.6699	3.61118	1.9137	0.529939	6.28645	0.659014	0.481392	0.374557	0.0913692
20400	0.257736	0.182753	3.43137	1.53007	0.445907	1.27981	-2.64933	3.75628	2.00475	0.533707	7.67802	0.522316	0.491792	0.362061	0.0916259
20401	0.177983	0.203588	3.64182	1.52476	0.418681	1.37761	-2.64046	3.86002	2.04713	0.530342	5.62056	0.719556	0.476136	0.361599	0.0913655
20402	0.214673	0.194638	3.50594	1.60254	0.457092	1.38484	-2.65422	4.01301	1.87243	0.46659	5.92714	0.684647	0.462161	0.368759	0.0915485
20403	0.120134	0.141101	3.8146	1.65498	0.433855	1.29083	-2.70194	3.82462	1.8217	0.476308	5.89765	0.685263	0.455109	0.367694	0.0916728
20404	0.139458	0.137199	3.82098	1.70384	0.445918	1.26693	-2.71718	3.75536	1.87901	0.500354	6.40936	0.635593	0.4729	0.362566	0.0917539
20405	0.113097	0.0885375	3.54376	1.61665	0.456196	1.30186	-2.72682	3.96692	1.98564	0.500551	5.60886	0.706581	0.479623	0.354987	0.0918859
20406	0.103976	0.0632678	3.64708	1.57378	0.431517	1.36159	-2.63421	3.87348	1.84568	0.476492	4.6007	0.790791	0.454682	0.347365	0.0923256
20407	0.0556667	0.0605569	3.725	1.5768	0.423302	1.47669	-2.59288	3.94106	2.02589	0.514047	3.48671	1.00965	0.469953	0.328326	0.0925163
20408	0.104257	0.0727664	3.40925	1.62664	0.477126	1.39199	-2.62456	4.11895	2.00021	0.485612	4.38747	0.829129	0.481769	0.334113	0.0926464
20409	0.0286454	0.0603306	3.87773	1.57417	0.40595	1.41224	-2.55979	3.98147	2.08798	0.524425	3.58611	0.957169	0.46597	0.31921	0.0926082
20410	0.091638	0.0338548	3.6842	1.51498	0.41121	1.41817	-2.60735	4.21724	1.97993	0.469485	3.96434	0.87984	0.442313	0.333004	0.0925293
20411	-0.00311234	0.0882701	3.70558	1.63867	0.442218	1.25803	-2.68445	3.70443	1.7685	0.477402	4.83372	0.795241	0.459808	0.36077	0.0924356
20412	0.131427	0.157717	3.69482	1.56932	0.424734	1.26376	-2.70332	4.16019	1.86421	0.448107	6.38408	0.641089	0.437113	0.37355	0.092492
20413	0.0926158	0.124498	3.50424	1.62719	0.464348	1.32597	-2.70188	4.05951	1.89248	0.466183	5.25153	0.76058	0.465333	0.362122	0.0933642
20414	0.0443326	0.102362	3.71399	1.54011	0.414678	1.35668	-2.67243	4.03286	1.92347	0.476949	4.47054	0.861134	0.447095	0.357336	0.0934034
20415	0.191917	0.120641	3.95081	1.70514	0.431593	1.37591	-2.63743	3.7475	1.82693	0.487508	5.42639	0.700924	0.458812	0.350097	0.0937232
20416	0.169224	0.107548	3.81299	1.74325	0.457187	1.31955	-2.70295	3.98379	1.87813	0.471443	5.96937	0.66162	0.464471	0.352989	0.0938234
20417	0.0566468	0.078186	4.05153	1.85138	0.456958	1.32624	-2.68257	3.81452	1.89928	0.497907	4.72849	0.80594	0.476816	0.336994	0.0939157
20418	-0.000548591	0.0190509	3.97237	1.95469	0.492071	1.3154	-2.71423	3.72719	1.79008	0.480275	4.31407	0.865867	0.486361	0.332889	0.0937393
20419	-0.00825281	-0.00556524	3.99057	1.92958	0.483535	1.35467	-2.72638	3.99368	2.00586	0.502258	3.98522	0.928783	0.4929	0.31996	0.0937732
20420	0.0282105	0.0305511	3.7682	1.66851	0.442788	1.21082	-2.76207	3.96102	2.00157	0.505317	5.57621	0.699287	0.474833	0.347047	0.0941591
20421	0.043343	-0.00505919	3.68435	1.64732	0.447114	1.28394	-2.83103	3.80958	1.91333	0.502242	5.1889	0.76954	0.475139	0.359386	0.0941341
20422	-0.141169	-0.112699	3.71192	1.64746	0.44383	1.21794	-2.81129	4.02901	1.94156	0.481894	3.94244	0.923591	0.463642	0.33666	0.0939991
20423	-0.114353	-0.108292	3.67759	1.74441	0.474335	1.15952	-2.82444	4.07193	1.98397	0.487232	4.54631	0.81137	0.481112	0.331073	0.0945604
20424	-0.179301	-0.113841	3.97192	1.54902	0.389992	1.12602	-2.83266	3.64693	1.71834	0.471175	4.33839	0.851927	0.428852	0.36138	0.0945688
20425	-0.142292	-0.0834444	3.55676	1.65253	0.464616	1.27087	-2.79315	3.69404	1.68887	0.457187	3.67671	0.998515	0.460831	0.354686	0.0946343
20426	-0.100912	-0.143489	3.60156	1.70765	0.474142	1.18994	-2.77413	3.95228	1.77032	0.447925	4.15306	0.833156	0.460425	0.332303	0.0950602
20427	-0.0814156	-0.112222	3.73735	1.64978	0.44143	1.24415	-2.78322	3.70451	1.81915	0.491064	4.06017	0.878563	0.466138	0.339676	0.0953878
20428	-0.109931	-0.13121	3.58878	1.69031	0.470999	1.18238	-2.78474	3.85771	1.9354	0.501696	4.21613	0.835031	0.486902	0.326938	0.0963591
20429	-0.118344	-0.120772	3.60418	1.66103	0.460864	1.06425	-2.82317	3.76976	1.96328	0.520797	5.22184	0.699268	0.491504	0.335105	0.0968756
20430	-0.108259	-0.120624	3.80442	1.65138	0.434071	1.20635	-2.80764	3.93981	1.96965	0.499934	4.17776	0.864103	0.467578	0.332768	0.0972048
20431	-0.0808619	-0.117285	4.02101	1.58531	0.394258	1.23826	-2.76946	4.04189	1.94116	0.480261	4.04235	0.870043	0.437371	0.332848	0.0974964
20432	-0.119716	-0.112584	3.40559	1.52077	0.446551	1.26662	-2.74369	3.64399	1.85064	0.507861	3.60198	0.960963	0.478243	0.339323	0.0975339
20433	0.0416984	-0.0580588	3.63739	1.59787	0.439289	1.18516	-2.7368	3.75134	1.8883	0.503368	5.48807	0.653751	0.471823	0.339863	0.0978117
20434	-0.0149304	-0.0715877	3.67884	1.54143	0.418999	1.25697	-2.70747	3.76294	1.89211	0.502827	4.29485	0.80886	0.461386	0.336049	0.0980968
20435	-0.147856	-0.073538	3.72585	1.69504	0.454941	1.24614	-2.73128	3.88539	1.98263	0.510278	3.63498	0.971614	0.483189	0.324511	0.09842
20436	0.044072	-0.0385984	3.57679	1.60486	0.448687	1.23674	-2.75737	3.8863	2.10155	0.540759	5.1964	0.711233	0.496632	0.33281	0.098589
20437	-0.0642214	0.00818494	3.71724	1.57036	0.422453	1.21473	-2.78236	3.75664	1.95394	0.520129	4.76067	0.817859	0.471549	0.355946	0.0987935
20438	0.183223	0.0994521	3.64511	1.63681	0.449043	1.21962	-2.77778	3.73574	1.83425	0.491001	7.70721	0.53706	0.47028	0.373648	0.0988117
20439	0.0663343	0.103737	3.6591	1.578	0.431254	1.17266	-2.74741	3.9136	1.89225	0.483506	6.64161	0.611977	0.458258	0.369449	0.0993828
20440	0.0541456	0.0208712	3.66527	1.56462	0.426876	1.21199	-2.76968	3.83559	1.9317	0.503627	5.80873	0.670301	0.466123	0.357777	0.0995282
20441	-0.0297174	0.017907	3.49409	1.55643	0.445447	1.30037	-2.68118	3.92303	2.00285	0.510537	4.11786	0.884568	0.479874	0.338602	0.099432
20442	0.0764603	0.083567	3.47307	1.64736	0.474325	1.33892	-2.72789	3.94469	1.94745	0.493689	4.95937	0.796906	0.484622	0.354829	0.100081
20443	0.074179	0.0051987	3.60485	1.56908	0.435269	1.28465	-2.75242	4.0292	1.88535	0.467922	5.18992	0.732618	0.452503	0.355095	0.0999267
20444	-0.0669836	-0.0151568	3.55875	1.60631	0.45137	1.21578	-2.77587	3.96753	1.96649	0.495644	4.63175	0.822747	0.474709	0.347926	0.100054
20445	0.00338223	0.060623	3.49255	1.69296	0.484736	1.22097	-2.74777	3.76215	1.99967	0.531522	5.32004	0.741261	0.508998	0.348212	0.0999454
20446	-0.0435111	0.0138272	3.70476	1.58826	0.428707	1.29391	-2.76971	4.22062	2.10117	0.497835	4.33167	0.89435	0.465521	0.344383	0.100103
20447	0.0392103	-0.0130522	3.57128	1.5469	0.433151	1.31186	-2.73752	4.17018	1.91804	0.459943	4.58293	0.809821	0.447584	0.348884	0.100274
20448	-0.0292785	0.00321349	3.54946	1.45739	0.410596	1.18848	-2.7673	3.99629	1.99616	0.499504	5.17609	0.741464	0.457682	0.357294	0.100581
20449	-0.0606991	-0.0880939	3.35856	1.5446	0.459898	1.28071	-2.75866	3.66122	1.91541	0.523163	3.96357	0.899686	0.492894	0.340183	0.100526
20450	-0.119021	-0.138973	3.43259	1.6467	0.479725	1.30896	-2.74242	3.89585	1.92611	0.494402	3.32394	1.01956	0.487527	0.321808	0.100753
20451	0.014077	-0.0594604	3.38075	1.64739	0.487287	1.34402	-2.70773	3.99571	1.91246	0.478629	3.96515	0.88437	0.482597	0.330107	0.101216
20452	-0.136061	-0.099169	3.58152	1.622	0.452882	1.30131	-2.6823	3.73748	1.88995	0.505674	3.22966	1.03302	0.47984	0.322139	0.101274
20453	-0.0785026	-0.0964947	3.69264	1.59815	0.432794	1.29684	-2.67935	3.69972	1.89159	0.511279	3.5268	0.945779	0.472074	0.323479	0.101957
20454	-0.0771351	-0.0894138	3.81134	1.5206	0.398967	1.27526	-2.58778	3.58213	1.68024	0.469061	3.41272	0.914493	0.432928	0.327847	0.102134
20455	-0.122792	-0.112203	3.72919	1.57925	0.423485	1.47073	-2.53839	3.84706	1.81306	0.471284	2.31809	1.26966	0.447756	0.302661	0.102136
20456	-0.102252	-0.122713	3.43777	1.53667	0.446996	1.37268	-2.61551	3.80023	1.79367	0.471989	2.85649	1.08771	0.460119	0.3182	0.102385
20457	-0.17466	-0.142544	3.52634	1.44239	0.409034	1.47465	-2.58261	3.79175	1.86941	0.49302	2.18877	1.36011	0.45255	0.31019	0.102476
20458	-0.124341	-0.188027	3.36257	1.51246	0.449792	1.42942	-2.61012	3.85998	1.8379	0.476142	2.43004	1.20709	0.463874	0.304577	0.102164
20459	-0.307761	-0.283592	3.33439	1.55507	0.466373	1.30722	-2.63279	3.94216	1.88437	0.478006	2.11595	1.30407	0.472675	0.286395	0.101994
20460	-0.110211	-0.0894284	3.60423	1.53858	0.426882	1.47639	-2.57289	3.81626	1.91776	0.502524	2.45008	1.25864	0.465784	0.308594	0.102253
20461	-0.116969	-0.119818	3.57382	1.61664	0.452356	1.382	-2.61853	4.02499	1.92279	0.477712	2.77875	1.12345	0.465787	0.306144	0.102275
20462	-0.152527	-0.104788	3.98109	1.70919	0.429328	1.3164	-2.63787	3.86139	1.7833	0.461829	2.9737	1.07887	0.445331	0.31485	0.102347
20463	-0.0952014	-0.0657034	3.48034	1.59894	0.459419	1.37216	-2.69755	3.97776	1.85832	0.467178	3.21698	1.07657	0.463557	0.333834	0.102766
20464	-0.0590722	-0.051446	3.69003	1.6699	0.452544	1.22203	-2.71502	3.85296	1.79887	0.46688	4.32278	0.820606	0.459867	0.338439	0.102838
20465	-0.085511	-0.10202	3.30953	1.66871	0.504212	1.28468	-2.73039	3.96673	1.86228	0.469475	3.67967	0.938713	0.485274	0.328573	0.103815
20466	0.0303135	-0.0503462	3.71931	1.70546	0.458541	1.29215	-2.68185	4.09187	2.04962	0.500899	4.34915	0.796111	0.480731	0.31566	0.104339
20467	-0.0231208	-0.0146595	3.6619	1.61649	0.441434	1.30695	-2.66694	3.61136	1.8483	0.511803	3.97639	0.884543	0.476374	0.336796	0.104496
20468	0.0260403	0.00382624	3.59521	1.56724	0.435925	1.306	-2.6357	3.85691	1.86095	0.482498	4.25265	0.819147	0.460029	0.337014	0.104649
20469	0.0852272	0.0406961	3.62317	1.54523	0.426486	1.34051	-2.617	3.66917	1.81735	0.495302	4.48254	0.787874	0.461111	0.344437	0.104386
20470	-0.0492143	0.00197039	3.80161	1.63962	0.431295	1.27764	-2.67039	3.83792	1.87739	0.489169	4.0564	0.880274	0.460369	0.336823	0.104714
20471	-0.034505	-0.0267017	3.82142	1.65337	0.432658	1.31902	-2.65481	3.71621	1.8495	0.497683	3.77009	0.916021	0.464717	0.330296	0.104631
20472	0.0344217	-0.0127214	3.67939	1.63326	0.443895	1.2895	-2.65775	4.08233	1.82978	0.448221	4.44135	0.787617	0.44617	0.335685	0.104882
20473	-0.0363575	0.0151657	3.62371	1.5115	0.417115	1.28736	-2.68384	3.45111	1.6791	0.486539	4.15732	0.87612	0.45098	0.363493	0.105103
20474	0.0119337	-0.00693136	3.68783	1.77591	0.481559	1.31833	-2.69287	3.57524	1.76101	0.492559	4.2271	0.853335	0.486974	0.337827	0.104855
20475	-0.0253028	-0.0428828	3.56239	1.76004	0.494061	1.35162	-2.63754	3.84418	1.80278	0.468964	3.55091	0.94796	0.481035	0.320944	0.10504
20476	0.0197748	-0.0124695	3.567	1.63936	0.459592	1.36094	-2.63583	3.91831	1.9413	0.495443	3.82606	0.899362	0.478359	0.324662	0.105431
20477	0.0456577	0.000223105	3.8808	1.71147	0.441009	1.39244	-2.61219	3.92207	1.89816	0.483969	3.76261	0.906913	0.462603	0.321073	0.105076
20478	-0.0544854	-0.0468375	3.70573	1.64111	0.442858	1.41318	-2.60049	4.02556	1.98004	0.491867	3.0274	1.07702	0.468376	0.310552	0.105119
20479	0.0067562	-0.0353244	3.52974	1.61226	0.456764	1.31447	-2.63986	4.23655	1.90414	0.449455	3.96673	0.855064	0.452777	0.325476	0.105207
20480	-0.0174712	-0.0518492	3.56121	1.66521	0.467597	1.4665	-2.49472	3.62135	1.752	0.483797	2.70989	1.10108	0.475764	0.30401	0.105476
20481	0.0427879	-0.00557464	3.6003	1.63454	0.454001	1.49126	-2.4897	3.71294	1.75216	0.471907	2.94122	1.04903	0.463092	0.313068	0.10592
20482	0.000219547	-0.00576122	3.39733	1.49229	0.439254	1.58656	-2.49217	3.62176	1.77537	0.490196	2.4567	1.25823	0.46554	0.321215	0.106141
20483	0.0537376	0.0881605	3.32453	1.53456	0.461588	1.51563	-2.4744	4.08768	1.89804	0.464331	3.07268	1.06856	0.463101	0.323638	0.106622
20484	0.105156	0.138732	3.29247	1.55237	0.471492	1.5997	-2.45308	3.74723	1.73569	0.463193	3.00737	1.11684	0.467074	0.338188	0.10672
20485	0.100413	0.0898763	3.64459	1.53287	0.420587	1.54257	-2.4485	3.72059	1.82238	0.489808	3.09803	1.03991	0.455555	0.324477	0.107049
20486	0.173534	0.102105	3.56346	1.65681	0.464944	1.49981	-2.45601	3.75467	1.9038	0.507047	3.72029	0.879498	0.486546	0.314928	0.107417
20487	0.118068	0.122516	3.94082	1.6815	0.426687	1.48878	-2.50112	4.19118	2.09043	0.498769	3.66366	0.939423	0.463838	0.313403	0.107214
20488	0.118407	0.145001	3.39486	1.59333	0.469337	1.46679	-2.52561	3.96887	1.97135	0.496703	3.92279	0.909066	0.484086	0.333531	0.107562
20489	0.145549	0.144476	3.678	1.56022	0.424204	1.56412	-2.47735	3.70861	1.94925	0.525601	3.41591	1.00617	0.475112	0.328822	0.107971
20490	0.0689734	0.152541	3.56715	1.59761	0.447868	1.53987	-2.52138	4.20824	2.07279	0.492557	3.30472	1.08176	0.472054	0.327612	0.108105
20491	0.104444	0.164129	3.80083	1.64329	0.43235	1.49971	-2.46058	4.13645	2.06478	0.499168	3.53875	0.97338	0.467172	0.317266	0.108659
20492	0.203621	0.142407	3.56285	1.64659	0.462156	1.60017	-2.49462	3.9947	2.03405	0.509186	3.5655	0.975167	0.487015	0.320914	0.108409
20493	0.059693	0.0845353	3.43159	1.55993	0.45458	1.55642	-2.49146	4.08134	1.97866	0.484807	2.96213	1.1201	0.471001	0.319288	0.108331
20494	-0.00323625	-0.015097	3.31362	1.53745	0.463978	1.53102	-2.52886	3.83817	1.8728	0.487941	2.68445	1.17697	0.476839	0.316692	0.108996
20495	0.0310191	0.00131932	3.57955	1.60834	0.449313	1.38524	-2.53493	3.77953	2.02026	0.534526	3.50755	0.916959	0.493078	0.307195	0.109173
20496	-0.00952819	-0.0120357	3.43645	1.4968	0.435567	1.4452	-2.55355	3.95268	1.96029	0.49594	3.05226	1.05812	0.467862	0.318494	0.109252
20497	-0.13386	-0.0642683	3.72955	1.60631	0.430698	1.47507	-2.50192	4.00898	1.97158	0.491791	2.29545	1.29434	0.462347	0.29349	0.109509
20498	-0.0583423	-0.0664007	3.69229	1.70683	0.46227	1.31271	-2.61721	4.01284	2.0091	0.500669	3.46134	0.939898	0.482268	0.304575	0.109597
20499	-0.079536	-0.0711907	3.53681	1.66125	0.469703	1.34053	-2.64644	3.98287	1.87492	0.470747	3.28871	1.00829	0.470256	0.31931	0.109604
20500	-0.0676839	-0.0572179	3.59937	1.55307	0.431484	1.36511	-2.64047	3.75922	1.81324	0.482346	3.25063	1.02645	0.457467	0.331477	0.109713
