cycle	Zbar1	Gbar1	VP1	VG1	h21	Zbar2	Gbar2	VP2	VG2	h22	h2b	h2b_denom	h2w	Qst	Fst
20000	-0.320889	-0.351306	3.78562	1.83393	0.484447	3.52756	-0.454629	3.71532	1.76397	0.474784	0.000720813	7.40528	0.479661	0.000741617	0.000342779
20001	-0.418758	-0.379025	3.64192	1.77519	0.487432	3.44787	-0.486237	3.57811	1.76456	0.493155	0.000768817	7.4754	0.490268	0.000811558	0.000573783
20002	-0.464159	-0.459692	3.73093	1.76598	0.473335	3.38279	-0.539755	3.41413	1.59446	0.467018	0.000433144	7.3995	0.470317	0.000476891	0.000815585
20003	-0.431836	-0.419345	3.74301	1.9432	0.519154	3.3931	-0.605023	3.56302	1.65248	0.463785	0.00235654	7.31508	0.492152	0.00239254	0.0011027
20004	-0.424044	-0.468848	4.16155	1.94174	0.466591	3.34178	-0.602523	3.97569	1.65554	0.416416	0.00126002	7.09071	0.442077	0.00124091	0.0013598
20005	-0.438204	-0.466511	3.91253	1.92636	0.492356	3.4576	-0.543081	3.45657	1.64287	0.475288	0.000386295	7.58866	0.48435	0.000410695	0.00161676
20006	-0.509246	-0.499992	3.73638	1.85874	0.49747	3.37459	-0.630723	3.66104	1.80501	0.493031	0.00113302	7.5421	0.495273	0.00116543	0.00191148
20007	-0.609187	-0.57277	4.05843	1.85603	0.457327	3.29111	-0.681421	3.50566	1.63725	0.467031	0.000776024	7.60614	0.461825	0.000844552	0.0021703
20008	-0.530517	-0.503613	3.59106	1.68991	0.470589	3.28727	-0.688058	3.50991	1.70715	0.486381	0.00233406	7.28774	0.478395	0.00249863	0.00244165
20009	-0.528674	-0.542476	3.75386	1.59418	0.424679	3.36108	-0.658007	3.77589	1.7793	0.471226	0.000882163	7.56508	0.448021	0.000988648	0.00258613
20010	-0.408428	-0.450149	3.53949	1.60769	0.454217	3.33715	-0.641114	3.67156	1.68708	0.459499	0.00259939	7.01469	0.456906	0.00276084	0.00286296
20011	-0.418335	-0.437418	4.17011	1.81305	0.434774	3.32383	-0.695203	3.82034	1.64753	0.431253	0.00474533	7.00191	0.433091	0.00478013	0.00305058
20012	-0.423597	-0.460475	3.6104	1.6318	0.451972	3.35127	-0.705295	3.67324	1.65158	0.449626	0.0042062	7.12483	0.450789	0.00454519	0.00332538
20013	-0.374358	-0.436557	3.9177	1.69716	0.433203	3.32332	-0.669697	3.82683	1.59773	0.417508	0.00397537	6.8364	0.425448	0.00410925	0.00361362
20014	-0.35967	-0.396431	3.68937	1.77601	0.481385	3.25473	-0.778612	3.71556	1.74027	0.468373	0.0111806	6.53193	0.474856	0.0102831	0.00376316
20015	-0.415809	-0.455162	3.69956	1.75989	0.475702	3.15952	-0.811648	3.61039	1.73518	0.480607	0.0099415	6.39149	0.478125	0.00901268	0.0038388
20016	-0.430867	-0.455102	3.78059	1.77848	0.470422	3.11872	-0.883763	3.79022	1.79619	0.473902	0.0145839	6.29979	0.472164	0.0126941	0.00406161
20017	-0.491881	-0.497082	3.88707	1.74357	0.448557	3.08703	-0.95033	3.60234	1.67927	0.466159	0.0160388	6.40431	0.457024	0.0147902	0.00429836
20018	-0.496075	-0.506603	3.61686	1.73444	0.479544	3.02631	-1.02762	3.69806	1.69393	0.458057	0.0218789	6.20358	0.468681	0.0194201	0.0045155
20019	-0.486282	-0.442764	3.76065	1.74057	0.462838	2.88628	-1.11842	3.82915	1.67202	0.436656	0.0401356	5.6871	0.449629	0.0323764	0.00477517
20020	-0.497238	-0.451186	3.40343	1.67596	0.492433	2.8478	-1.15547	3.81089	1.7451	0.457924	0.0443294	5.59464	0.474204	0.0349961	0.00485066
20021	-0.337364	-0.402637	3.56304	1.73464	0.486843	2.79321	-1.1143	3.7836	1.71733	0.453886	0.0516778	4.90026	0.46987	0.0353991	0.00503017
20022	-0.437034	-0.38117	3.33525	1.64726	0.493893	2.8447	-1.16267	3.72081	1.63594	0.439674	0.0567089	5.38487	0.465302	0.0444596	0.00519966
20023	-0.416898	-0.393696	4.00825	1.61719	0.403465	2.75972	-1.20741	4.03681	1.68152	0.416546	0.0656166	5.04545	0.410029	0.047806	0.00550004
20024	-0.392517	-0.368085	3.71603	1.6849	0.453415	2.74264	-1.22592	3.28067	1.6167	0.492797	0.0748661	4.9146	0.471881	0.0528051	0.00571646
20025	-0.409745	-0.369168	3.65768	1.65924	0.45363	2.7737	-1.22162	3.79624	1.78858	0.471146	0.0717039	5.06716	0.462551	0.050077	0.00596858
20026	-0.390848	-0.333479	3.81993	1.65269	0.432648	2.68957	-1.24259	3.63965	1.75833	0.483105	0.0871003	4.74447	0.457267	0.0571423	0.00633624
20027	-0.285251	-0.268505	3.67983	1.83814	0.499517	2.68421	-1.27998	3.72266	1.67306	0.449425	0.116026	4.40885	0.474326	0.0679299	0.00663303
20028	-0.215204	-0.284162	3.54974	1.61515	0.455005	2.7149	-1.28712	3.60611	1.60218	0.444295	0.117165	4.29276	0.449608	0.0725314	0.00686906
20029	-0.188177	-0.27741	3.7227	1.49596	0.401847	2.65367	-1.33099	3.37429	1.70126	0.504183	0.137446	4.03805	0.450503	0.0799011	0.00712738
20030	-0.22914	-0.244887	3.76446	1.72606	0.458516	2.64573	-1.34665	3.7743	1.67174	0.442929	0.146873	4.13244	0.450712	0.0820289	0.00741126
20031	-0.136221	-0.188212	3.61524	1.58762	0.439147	2.61746	-1.37237	3.76654	1.64105	0.43569	0.184923	3.79138	0.437383	0.0979863	0.00777142
20032	-0.251941	-0.212847	3.58799	1.55116	0.432321	2.57309	-1.41693	3.68738	1.78645	0.484477	0.181662	3.99039	0.458755	0.0980024	0.00798769
20033	-0.171466	-0.187751	3.81558	1.72089	0.451017	2.42431	-1.47733	3.509	1.77757	0.506574	0.246809	3.36902	0.477633	0.106263	0.00821948
20034	-0.128668	-0.167654	3.97256	1.94959	0.490764	2.45184	-1.55498	3.89455	1.85432	0.476131	0.289034	3.32951	0.48352	0.11234	0.00839736
20035	-0.0973718	-0.140915	3.76471	1.78509	0.474165	2.29734	-1.67157	3.90278	1.72757	0.44265	0.408554	2.86733	0.458123	0.142978	0.00874871
20036	-0.237823	-0.244912	3.73918	1.7667	0.472483	2.27458	-1.73024	4.02684	1.77206	0.440063	0.349516	3.15609	0.455673	0.134902	0.00895218
20037	-0.252182	-0.2619	3.80665	1.57923	0.414859	2.1843	-1.72158	3.46244	1.70766	0.493196	0.358911	2.96822	0.452173	0.139517	0.00924016
20038	-0.291176	-0.248647	3.72727	1.70627	0.457781	2.27392	-1.72649	3.90724	1.7116	0.438059	0.331934	3.28985	0.447688	0.137805	0.00945171
20039	-0.348243	-0.315772	3.54187	1.678	0.47376	2.17554	-1.74789	3.71044	1.67445	0.451281	0.321997	3.18474	0.462259	0.132713	0.00966633
20040	-0.27083	-0.3353	3.65742	1.67241	0.457264	2.30949	-1.7388	4.03504	1.81628	0.450127	0.295854	3.32903	0.45352	0.123751	0.00988412
20041	-0.422304	-0.35724	3.72846	1.70024	0.456016	2.27114	-1.75741	3.68981	1.81639	0.492271	0.270235	3.62733	0.474049	0.122377	0.0101073
20042	-0.33894	-0.373884	3.85493	1.78727	0.463632	2.28276	-1.76923	3.77189	1.76976	0.469198	0.283269	3.43666	0.466385	0.120423	0.0103667
20043	-0.425087	-0.380129	3.57397	1.80348	0.504614	2.14939	-1.7922	3.7499	1.63059	0.434836	0.30084	3.31397	0.468887	0.126815	0.0108379
20044	-0.399671	-0.385326	4.07796	1.77227	0.434599	2.12602	-1.89673	3.65883	1.77002	0.483768	0.358096	3.18955	0.457852	0.138895	0.0109961
20045	-0.380733	-0.400107	3.83535	1.67401	0.436468	2.08733	-1.92485	3.676	1.6004	0.435364	0.381661	3.04567	0.435928	0.150807	0.0112171
20046	-0.273787	-0.350412	3.69591	1.87355	0.506927	2.10179	-1.9299	3.74682	1.6765	0.447446	0.442075	2.82168	0.476983	0.149497	0.0113666
20047	-0.246301	-0.328224	3.87839	1.74913	0.450992	2.0239	-1.92674	3.6624	1.63091	0.445312	0.495798	2.57691	0.448234	0.159021	0.0116666
20048	-0.347413	-0.37409	3.74109	1.77125	0.473459	1.979	-1.98029	3.82881	1.70304	0.444797	0.476676	2.7061	0.458962	0.156639	0.0118819
20049	-0.288452	-0.264159	3.57183	1.76287	0.493547	2.04405	-1.9632	3.75732	1.77601	0.47268	0.530594	2.72029	0.482849	0.169457	0.0123322
20050	-0.254188	-0.298532	3.69141	1.91594	0.519027	1.94213	-2.01265	3.37041	1.73132	0.513682	0.609101	2.41191	0.516476	0.167706	0.012645
20051	-0.24679	-0.258691	3.9444	1.99762	0.506443	1.94071	-2.03969	3.47832	1.65554	0.475961	0.662874	2.39257	0.492159	0.178427	0.0129349
20052	-0.18649	-0.15893	3.51223	1.75444	0.499522	2.0068	-1.94988	3.74702	1.62429	0.433489	0.666771	2.40526	0.465438	0.191887	0.0130845
20053	-0.17307	-0.148228	3.74686	1.765	0.471061	2.00095	-1.98635	3.67923	1.67772	0.455998	0.714858	2.36319	0.463598	0.197092	0.0133
20054	-0.00246928	-0.0893501	3.77881	1.73984	0.460421	1.99727	-2.02153	3.65632	1.66942	0.456584	0.933581	1.99947	0.458534	0.21501	0.013501
20055	-0.165923	-0.12539	3.79621	1.68255	0.443219	1.90826	-2.0642	3.75535	1.76755	0.470676	0.87373	2.15111	0.456873	0.214157	0.0135089
20056	-0.093556	-0.0879576	3.63151	1.56373	0.4306	1.90506	-2.15602	3.65773	1.75281	0.479207	1.07071	1.99722	0.454991	0.243886	0.0139552
20057	-0.0918444	-0.0498729	3.6091	1.65379	0.458228	1.78004	-2.23182	3.59307	1.67613	0.466489	1.35872	1.75198	0.462349	0.263412	0.0140358
20058	-0.0652577	-0.0287466	3.73102	1.65006	0.442255	1.78737	-2.27088	3.89377	1.72168	0.442162	1.4647	1.71611	0.442207	0.271631	0.0143776
20059	-0.0369107	0.00222198	3.60329	1.70743	0.473855	1.68719	-2.34077	3.80341	1.6962	0.445967	1.84678	1.48626	0.459534	0.287454	0.0144369
20060	0.15399	0.0862327	3.76612	1.75576	0.466199	1.65951	-2.32569	3.94294	1.82819	0.463662	2.56659	1.13329	0.464901	0.288761	0.0145727
20061	0.0996575	0.10119	3.84792	1.7531	0.455598	1.70809	-2.2903	3.741	1.76859	0.472759	2.21071	1.29352	0.464058	0.288865	0.0147825
20062	0.178025	0.136208	3.69831	1.65597	0.447764	1.61149	-2.35064	3.92794	1.7074	0.43468	3.00972	1.0274	0.441025	0.31503	0.0149806
20063	0.262336	0.242883	3.63836	1.67664	0.460823	1.64986	-2.35915	3.62397	1.70495	0.470465	3.51678	0.962609	0.465635	0.333687	0.0152999
20064	0.299863	0.284208	4.11148	1.86484	0.45357	1.57341	-2.41148	3.96413	1.82994	0.461626	4.48033	0.810961	0.457524	0.329729	0.0156931
20065	0.242632	0.227501	3.98829	1.84203	0.461859	1.55602	-2.43747	3.97739	1.88359	0.473575	4.11715	0.862499	0.467709	0.322864	0.0158798
20066	0.292204	0.258196	3.88467	1.72724	0.444631	1.57318	-2.40954	3.87263	1.76568	0.455936	4.33714	0.820449	0.450275	0.337586	0.0160342
20067	0.381078	0.322266	3.85003	1.69691	0.440751	1.6051	-2.40861	3.5238	1.69996	0.482421	4.97768	0.749113	0.460664	0.354481	0.0162254
20068	0.308033	0.315088	3.72419	1.72633	0.463545	1.52893	-2.43089	3.61513	1.72396	0.476873	5.05864	0.745298	0.47011	0.353434	0.0165591
20069	0.265924	0.277077	3.56494	1.91291	0.536589	1.45035	-2.52169	3.55901	1.7046	0.478953	5.58363	0.701436	0.507795	0.351325	0.0167512
20070	0.224795	0.283858	4.0639	1.87257	0.460781	1.49936	-2.5104	3.62271	1.67579	0.462579	4.80632	0.812253	0.461628	0.354997	0.0169258
20071	0.312204	0.339788	3.45857	1.69494	0.490071	1.5041	-2.4735	4.10006	1.80787	0.440938	5.57122	0.710311	0.463419	0.361086	0.0170546
20072	0.355054	0.351356	3.59084	1.82093	0.507103	1.57163	-2.5121	3.63883	1.75925	0.483466	5.53996	0.740023	0.495206	0.364208	0.0172896
20073	0.325283	0.386476	4.28758	1.93838	0.452092	1.62515	-2.49036	3.792	1.71137	0.45131	4.8982	0.844821	0.451725	0.361914	0.0176071
20074	0.518601	0.480221	3.79176	1.77847	0.469035	1.49932	-2.49932	3.37022	1.55158	0.46038	9.23024	0.480902	0.464962	0.400054	0.0178105
20075	0.560478	0.511515	3.76454	1.6856	0.447758	1.53651	-2.45883	3.53555	1.64432	0.465081	9.2617	0.476315	0.456148	0.398581	0.0181232
20076	0.550501	0.562664	3.57372	1.7075	0.477793	1.58519	-2.41152	3.88128	1.70155	0.438398	8.26253	0.535295	0.457283	0.393581	0.0185175
20077	0.645944	0.598412	3.48063	1.56545	0.449762	1.55886	-2.42788	3.67723	1.61064	0.438003	10.989	0.416708	0.443721	0.419027	0.0187759
20078	0.652272	0.663515	3.54978	1.5652	0.440929	1.69794	-2.38547	3.6581	1.87542	0.512678	8.50198	0.546714	0.477343	0.403276	0.0191579
20079	0.623746	0.633262	3.79914	1.70379	0.448468	1.59398	-2.37232	3.64203	1.64027	0.450374	9.59641	0.470673	0.449401	0.403227	0.0193883
20080	0.656448	0.600196	3.7513	1.75547	0.467963	1.7348	-2.30729	3.85844	1.72231	0.446375	7.26972	0.581417	0.457017	0.378102	0.0196223
20081	0.557141	0.575201	3.82057	1.72848	0.452415	1.73045	-2.31053	4.06802	1.79452	0.441128	6.04897	0.688333	0.446594	0.371555	0.0197091
20082	0.533037	0.531574	3.64472	1.65443	0.453925	1.73231	-2.32926	3.94169	1.74104	0.441698	5.69046	0.719134	0.447572	0.37613	0.0199179
20083	0.437817	0.457202	3.68963	1.64592	0.446093	1.67616	-2.34346	3.93506	1.72113	0.437382	5.11488	0.766752	0.441597	0.36816	0.0200417
20084	0.488891	0.447096	3.80502	1.57452	0.413799	1.64881	-2.38563	3.98055	1.75184	0.440099	5.96428	0.672701	0.427245	0.376322	0.0203784
20085	0.524917	0.490053	3.68595	1.73385	0.470395	1.7305	-2.22943	3.76629	1.78118	0.472926	5.08837	0.726714	0.471674	0.344804	0.0206355
20086	0.387351	0.468922	3.68062	1.75298	0.476273	1.63244	-2.32729	3.87383	1.80677	0.466404	5.04358	0.775124	0.471212	0.354584	0.0209856
20087	0.484411	0.471691	3.7496	1.70339	0.454286	1.71288	-2.34169	4.26088	1.87662	0.440429	5.24483	0.754564	0.446915	0.356088	0.0212668
20088	0.469179	0.524556	3.6699	1.74615	0.475803	1.63123	-2.39484	3.68293	1.91654	0.520384	6.31149	0.675186	0.498133	0.367899	0.0213942
20089	0.564335	0.507737	4.02341	1.70057	0.422668	1.62761	-2.38465	3.99715	1.88334	0.47117	7.39976	0.565282	0.446839	0.368634	0.0217547
20090	0.396645	0.481513	3.6145	1.73789	0.480811	1.5325	-2.4355	3.61345	1.58893	0.439728	6.59517	0.645089	0.460272	0.390147	0.0219153
20091	0.460145	0.4977	3.65215	1.7275	0.473007	1.56172	-2.44431	3.67415	1.65355	0.450049	7.13279	0.606736	0.461494	0.390362	0.0223101
20092	0.297241	0.375936	3.81993	1.78484	0.467243	1.42441	-2.57959	3.84005	1.74227	0.453711	6.87532	0.635255	0.460459	0.382508	0.0226375
20093	0.347658	0.364783	3.54049	1.72891	0.488325	1.39468	-2.58002	3.47521	1.56806	0.451213	7.91044	0.548126	0.469941	0.396824	0.0227687
20094	0.383198	0.362072	3.91375	1.79086	0.457582	1.40652	-2.60325	3.88269	1.6417	0.422825	8.39683	0.523598	0.440273	0.390519	0.0230949
20095	0.282568	0.328159	3.54374	1.8003	0.508023	1.3728	-2.6671	3.69415	1.6863	0.456479	7.54805	0.594299	0.481715	0.391584	0.02327
20096	0.261716	0.305536	3.8126	1.77522	0.465619	1.27932	-2.65543	3.9015	1.6749	0.429296	8.46662	0.517759	0.447249	0.388607	0.0235043
20097	0.115593	0.215563	3.50444	1.7578	0.501594	1.30245	-2.63234	3.71329	1.62738	0.438259	5.75772	0.704318	0.46901	0.374715	0.0237121
20098	0.253717	0.184931	3.50414	1.69292	0.483119	1.38754	-2.55169	3.63073	1.76023	0.484814	5.82556	0.642776	0.483982	0.351686	0.0239456
20099	0.221384	0.207083	3.82652	1.74021	0.454777	1.54931	-2.54421	3.8663	1.79556	0.464413	4.29267	0.881692	0.45962	0.34874	0.0241967
20100	0.116758	0.117844	3.71012	1.67012	0.450153	1.46479	-2.54704	3.96268	1.73649	0.438212	3.90799	0.908602	0.443986	0.342721	0.024342
20101	0.0747732	0.0771092	3.90432	1.82038	0.466247	1.40772	-2.59385	3.71293	1.79878	0.484465	4.0152	0.888379	0.475127	0.330227	0.0245087
20102	0.0363163	-0.000538801	3.70118	1.75325	0.473699	1.44954	-2.58801	4.13625	1.9576	0.473278	3.35218	0.998603	0.473477	0.310947	0.0246318
20103	-0.147886	-0.10448	3.80694	1.78947	0.470055	1.4736	-2.58599	3.83677	1.81958	0.474247	2.3421	1.31461	0.472159	0.299117	0.0251102
20104	-0.11586	-0.0597955	4.00018	1.75969	0.439903	1.3424	-2.61331	3.67273	1.84893	0.503421	3.06626	1.06326	0.470307	0.311272	0.0250764
20105	-0.0473625	-0.0738514	3.56573	1.76193	0.494128	1.386	-2.60811	4.01973	1.85413	0.461256	3.12603	1.02726	0.476709	0.307598	0.0252236
20106	-0.02451	-0.0753255	3.67707	1.72787	0.469904	1.45165	-2.59049	3.91367	1.77897	0.454553	2.90313	1.08952	0.461989	0.310917	0.025384
20107	-0.145393	-0.101531	3.80256	1.85813	0.488652	1.47525	-2.5596	4.01703	1.89669	0.472163	2.30046	1.31323	0.480181	0.286982	0.0256781
20108	-0.088939	-0.103754	3.68619	1.78702	0.484789	1.42843	-2.52136	3.88116	1.70019	0.438061	2.53856	1.15121	0.460823	0.295392	0.0255919
20109	-0.139885	-0.136446	3.66871	1.67593	0.456817	1.46224	-2.46084	3.55769	1.71319	0.481545	2.10488	1.2834	0.468991	0.285071	0.0255933
20110	-0.21454	-0.197489	3.75946	1.81701	0.483316	1.54919	-2.45685	3.61039	1.65942	0.459623	1.64099	1.55537	0.471709	0.26862	0.0260013
20111	-0.219019	-0.208884	3.77238	1.80501	0.47848	1.40576	-2.5362	3.87653	1.87593	0.483921	2.05174	1.31996	0.481237	0.269034	0.026303
20112	-0.229732	-0.256597	3.7954	1.76787	0.465792	1.41395	-2.56678	3.91771	1.69369	0.432317	1.9754	1.35085	0.448789	0.27831	0.02651
20113	-0.157142	-0.207267	3.49026	1.68403	0.482496	1.48764	-2.54	3.80503	1.81766	0.477699	2.01146	1.35266	0.479994	0.279899	0.0266186
20114	-0.289639	-0.228408	3.60403	1.70019	0.471747	1.53032	-2.47745	3.8357	1.83053	0.477236	1.52711	1.65613	0.474577	0.263804	0.0267935
20115	-0.214313	-0.234903	3.65037	1.67215	0.458076	1.64385	-2.47909	3.72489	1.84638	0.495688	1.45866	1.72638	0.477072	0.263638	0.0269538
20116	-0.219789	-0.260986	3.85428	1.76272	0.457341	1.55629	-2.46645	4.05715	2.04279	0.503504	1.54197	1.57724	0.481014	0.242253	0.0273672
20117	-0.207026	-0.270039	3.88027	1.85807	0.478852	1.42459	-2.57549	3.83533	1.79054	0.466855	1.99652	1.33109	0.472888	0.267061	0.0275232
20118	-0.368822	-0.370917	3.95247	1.79702	0.454658	1.39715	-2.66426	3.80287	1.83441	0.482375	1.68644	1.55933	0.468249	0.265925	0.0277495
20119	-0.356232	-0.38676	3.71683	1.79945	0.484137	1.27276	-2.67317	4.06866	1.92127	0.472211	1.97002	1.32681	0.477905	0.260044	0.0279396
20120	-0.337687	-0.339989	3.70365	1.67587	0.452492	1.30827	-2.69762	3.49251	1.74742	0.500332	2.0517	1.35459	0.47571	0.288829	0.0282784
20121	-0.375959	-0.367677	3.6326	1.68313	0.463342	1.32103	-2.68549	3.6325	1.80593	0.49716	1.86552	1.43989	0.480251	0.278045	0.0284554
20122	-0.354151	-0.392874	3.8116	1.65136	0.433246	1.34856	-2.69353	3.74176	1.70671	0.456126	1.82566	1.44962	0.44458	0.282768	0.0284247
20123	-0.387459	-0.371285	3.60089	1.63654	0.454482	1.27717	-2.68567	3.86242	1.78192	0.461348	1.93303	1.3855	0.458035	0.281569	0.0289112
20124	-0.346172	-0.329875	3.57345	1.5721	0.43994	1.36703	-2.6398	3.81506	1.80952	0.47431	1.81793	1.46754	0.457687	0.282982	0.029362
20125	-0.235195	-0.259787	3.649	1.58638	0.434744	1.37923	-2.61448	3.75711	1.83779	0.48915	2.12733	1.30318	0.462344	0.288264	0.0293629
20126	-0.266845	-0.235506	3.69696	1.61825	0.437726	1.34067	-2.6849	3.84545	1.97125	0.512618	2.3217	1.29205	0.475909	0.294812	0.0297337
20127	-0.169731	-0.251169	3.80906	1.69253	0.444343	1.34853	-2.6829	4.01204	1.85869	0.463277	2.56528	1.15257	0.454056	0.294033	0.0299201
20128	-0.311983	-0.283194	3.73977	1.72312	0.460756	1.3607	-2.65763	3.46491	1.74128	0.502548	2.01509	1.39894	0.480855	0.289294	0.0300282
20129	-0.274993	-0.229828	3.84064	1.63948	0.426876	1.39948	-2.64613	3.77292	1.73656	0.46027	2.0823	1.40193	0.443424	0.301951	0.0302981
20130	-0.20916	-0.240322	3.7682	1.71041	0.453906	1.35913	-2.62147	3.88204	1.7335	0.446544	2.30524	1.22978	0.45017	0.29168	0.0304815
20131	-0.266347	-0.219209	3.60097	1.71617	0.476586	1.34154	-2.62495	3.84415	1.90853	0.496476	2.23864	1.29265	0.486856	0.285396	0.0306985
20132	-0.176058	-0.184203	3.87325	1.81896	0.469622	1.47788	-2.59211	3.70914	1.89072	0.509747	2.11955	1.36775	0.48925	0.281058	0.0312355
20133	-0.194351	-0.22916	3.97063	1.75304	0.441503	1.40229	-2.64491	4.30593	1.92936	0.448071	2.28924	1.27463	0.44492	0.283871	0.0316659
20134	-0.196415	-0.198867	3.59928	1.76443	0.490219	1.30816	-2.68095	3.86844	1.96128	0.506994	2.72149	1.13187	0.498909	0.292587	0.0318474
20135	-0.271128	-0.186964	3.93979	1.77758	0.451187	1.315	-2.64618	3.93385	1.97926	0.503136	2.40389	1.2579	0.477142	0.287063	0.0323845
20136	-0.25997	-0.244069	3.79827	1.83273	0.482517	1.29963	-2.71017	3.7654	1.91864	0.509544	2.50033	1.21617	0.495972	0.288508	0.0326274
20137	-0.22149	-0.21872	3.67573	1.86058	0.50618	1.23644	-2.76322	3.93002	1.8212	0.463408	3.046	1.06278	0.484079	0.305483	0.0327227
20138	-0.1562	-0.219551	3.60591	1.7391	0.482292	1.24704	-2.73286	3.70073	1.86613	0.50426	3.20792	0.984547	0.493418	0.304707	0.0328616
20139	-0.214534	-0.16107	3.67405	1.71756	0.467485	1.17469	-2.81378	4.11939	1.91108	0.463922	3.64615	0.964972	0.465602	0.326625	0.0334571
20140	-0.100702	-0.126409	3.8096	1.79666	0.471616	1.0673	-2.85941	3.98447	1.87259	0.469971	5.47511	0.682113	0.470775	0.337382	0.0335321
20141	-0.21765	-0.172773	3.87834	1.7543	0.452333	1.10155	-2.85704	3.75078	1.75499	0.467899	4.14032	0.870138	0.459986	0.339306	0.0337667
20142	-0.241409	-0.204642	3.88417	1.80212	0.463966	1.18821	-2.8734	3.57735	1.61779	0.452231	3.48479	1.0219	0.45834	0.342498	0.0340612
20143	-0.102064	-0.150421	3.75612	1.75106	0.466189	1.14138	-2.86321	3.69156	1.70075	0.460714	4.75974	0.77307	0.463475	0.347796	0.0345454
20144	-0.254567	-0.226679	3.81493	1.76834	0.46353	1.01377	-2.91736	3.81519	1.64154	0.430263	4.50049	0.804334	0.446896	0.346859	0.0347356
20145	-0.215118	-0.229557	3.34687	1.61872	0.483652	1.18157	-2.92914	3.9576	1.7565	0.44383	3.73587	0.975375	0.462076	0.350678	0.03488
20146	-0.19895	-0.173942	3.56179	1.72647	0.48472	1.17045	-2.87617	3.86417	1.65316	0.427817	3.89389	0.937628	0.45511	0.350827	0.0353786
20147	-0.147467	-0.179385	3.61405	1.7159	0.474786	1.01179	-2.96657	3.69704	1.66645	0.450754	5.78055	0.671944	0.462633	0.364867	0.03558
20148	-0.151329	-0.16984	4.08784	1.79268	0.43854	0.942376	-2.96921	3.4872	1.61372	0.462754	6.55121	0.598095	0.449687	0.365248	0.0357569
20149	-0.184828	-0.182495	4.02897	1.79646	0.445885	1.03573	-2.95608	3.55361	1.62294	0.456702	5.1638	0.744876	0.450955	0.360089	0.0358908
20150	-0.261369	-0.172178	3.63907	1.81176	0.497862	1.09764	-2.92873	3.46762	1.50259	0.43332	4.1142	0.923459	0.466369	0.364452	0.0361908
20151	-0.0782864	-0.17365	3.83059	1.76078	0.459662	1.24543	-2.88449	3.45632	1.64335	0.475462	4.19388	0.876116	0.467156	0.350631	0.0362959
20152	-0.0947765	-0.08789	3.69203	1.8209	0.493198	1.1319	-2.90688	3.69483	1.73623	0.469907	5.28113	0.752367	0.481548	0.358474	0.0365423
20153	-0.0196188	-0.0644237	3.81033	1.79159	0.470193	1.13354	-2.82743	3.80614	1.64865	0.433154	5.74101	0.664885	0.451684	0.356935	0.0369675
20154	-0.0960178	-0.095354	3.50258	1.67318	0.4777	1.16173	-2.85497	3.99055	1.72819	0.433072	4.81408	0.790959	0.453933	0.358981	0.0370753
20155	-0.0856625	-0.140621	3.57017	1.70193	0.476708	1.1483	-2.82547	3.44844	1.67206	0.484875	4.73405	0.761335	0.48072	0.348272	0.0371015
20156	-0.163642	-0.197382	3.38093	1.72103	0.50904	1.16686	-2.82217	3.84127	1.65145	0.429923	3.8919	0.885111	0.46696	0.338174	0.0372266
20157	-0.0797066	-0.189861	3.68403	1.69926	0.461251	1.16008	-2.84008	3.85112	1.84638	0.479439	4.56949	0.768537	0.470547	0.331318	0.0375439
20158	-0.228504	-0.200544	3.8477	1.73153	0.450018	1.2107	-2.7894	3.48591	1.75847	0.504451	3.23571	1.03566	0.475892	0.324479	0.0378365
20159	-0.204061	-0.186152	3.76908	1.77622	0.471262	1.2795	-2.70859	3.49286	1.66156	0.475703	2.89086	1.10048	0.473398	0.316442	0.0383399
20160	-0.171547	-0.145859	3.82427	1.83917	0.480922	1.23796	-2.73884	3.77754	1.69616	0.44901	3.38428	0.993349	0.465064	0.322352	0.0386214
20161	-0.163779	-0.192783	3.79732	1.77671	0.467885	1.28152	-2.71499	3.71839	1.72541	0.464022	3.04543	1.04444	0.465974	0.312407	0.0390579
20162	-0.264248	-0.184463	3.73824	1.70579	0.456309	1.38713	-2.66483	3.89185	1.82048	0.467766	2.25599	1.36353	0.462153	0.303809	0.0391554
20163	-0.203196	-0.19895	3.61674	1.73683	0.480218	1.34511	-2.66574	3.88823	1.80277	0.463647	2.53832	1.19863	0.471633	0.300699	0.0396726
20164	-0.243669	-0.239954	4.05982	1.7667	0.435166	1.34754	-2.65156	3.4582	1.74264	0.503916	2.29699	1.26597	0.46679	0.293047	0.0399752
20165	-0.180908	-0.170294	3.74745	1.81209	0.483553	1.41665	-2.5699	3.79157	1.72631	0.455303	2.25614	1.2761	0.469346	0.289285	0.040553
20166	-0.254159	-0.203544	3.51931	1.65307	0.469713	1.56882	-2.48608	3.82311	1.79913	0.470594	1.56773	1.66163	0.470171	0.274039	0.0410198
20167	-0.285302	-0.224763	3.80507	1.73175	0.455117	1.52983	-2.50617	3.92784	1.82669	0.465063	1.57976	1.64735	0.460169	0.267856	0.0413661
20168	-0.231782	-0.259371	3.65023	1.75143	0.479815	1.47891	-2.52274	3.57126	1.71945	0.481467	1.75051	1.46324	0.480632	0.269631	0.0417341
20169	-0.275539	-0.229616	3.48857	1.73358	0.496932	1.52618	-2.47939	3.95674	1.74632	0.441353	1.5592	1.6231	0.467395	0.266757	0.0419332
20170	-0.280973	-0.211216	3.8051	1.756	0.461487	1.46628	-2.48185	3.46331	1.75939	0.508008	1.68882	1.52644	0.483654	0.268386	0.0419611
20171	-0.218006	-0.173894	3.63961	1.71448	0.471062	1.57657	-2.41711	3.63837	1.81971	0.500143	1.56251	1.61025	0.4856	0.262609	0.0417072
20172	-0.196359	-0.161813	3.58719	1.70494	0.475286	1.5304	-2.42732	4.02683	1.83891	0.456664	1.72134	1.49085	0.465437	0.265923	0.0419204
20173	-0.0690403	-0.0756379	3.61633	1.65176	0.456751	1.51535	-2.45245	4.11253	1.92908	0.469073	2.25045	1.25514	0.463308	0.282952	0.0421855
20174	-0.0235503	-0.0582173	3.69591	1.69205	0.457816	1.58529	-2.46665	3.87466	1.94853	0.50289	2.24101	1.29418	0.480885	0.284961	0.0426744
20175	-0.0719813	-0.0391868	3.84219	1.58957	0.413714	1.53394	-2.50549	4.04651	1.98873	0.491469	2.35855	1.28949	0.453599	0.298334	0.0429091
20176	0.0420335	-0.00901595	3.78798	1.70819	0.450952	1.53141	-2.46682	3.84604	1.73215	0.450373	2.72325	1.10912	0.45066	0.305163	0.0434039
20177	0.0993767	-0.00666666	3.59247	1.62426	0.452128	1.57772	-2.45748	3.88125	1.84905	0.476405	2.74835	1.09274	0.464736	0.301943	0.0437737
20178	-0.0971312	-0.0544114	3.93298	1.68695	0.428924	1.51684	-2.52665	3.85576	1.87534	0.486373	2.34632	1.30246	0.457364	0.300284	0.0438841
20179	0.0198324	-0.024986	3.85441	1.84672	0.479118	1.35381	-2.56829	3.66607	1.7241	0.470287	3.63495	0.88975	0.474813	0.311812	0.0442908
20180	-0.00144336	-0.0104413	3.7525	1.78967	0.476928	1.47432	-2.50276	3.82048	1.77535	0.464694	2.85215	1.08894	0.470756	0.303531	0.0448494
20181	0.0543531	0.0280147	3.77747	1.95765	0.518243	1.51597	-2.52105	3.63174	1.66248	0.457764	3.04152	1.06817	0.488598	0.309843	0.0452095
20182	-0.0596398	-0.0304637	3.81818	1.80782	0.473477	1.45838	-2.54864	3.50253	1.74901	0.499356	2.75181	1.15219	0.485859	0.308403	0.0457933
20183	0.00726438	-0.0448475	3.75396	1.82123	0.48515	1.44355	-2.52121	3.69179	1.74213	0.471893	2.97269	1.03146	0.478577	0.300922	0.0460055
20184	-0.102256	-0.0461045	3.66136	1.74631	0.476956	1.47638	-2.56911	3.88034	1.77448	0.4573	2.55432	1.24604	0.466843	0.311402	0.0465642
20185	-0.0762362	-0.0447263	3.48573	1.76634	0.506733	1.40852	-2.55964	3.8857	1.736	0.446766	2.86904	1.10225	0.475123	0.31115	0.0467055
20186	-0.127529	-0.0526584	3.8189	1.82894	0.478918	1.41954	-2.58076	3.47804	1.80323	0.518462	2.67037	1.19671	0.497766	0.305618	0.0465839
20187	-0.032871	0.0273217	3.81494	1.7071	0.447479	1.52265	-2.53192	4.01544	1.92381	0.479102	2.70687	1.20983	0.463696	0.310912	0.0467859
20188	0.0392716	-0.0298942	3.83488	1.8324	0.477824	1.48627	-2.53642	4.04068	1.83	0.452893	3.00059	1.04691	0.465033	0.300249	0.0472523
20189	-0.0531391	-0.0488438	3.98919	1.79738	0.450562	1.48443	-2.50675	3.86347	1.83608	0.475241	2.55542	1.18206	0.462704	0.293725	0.0475457
20190	-0.0580552	-0.0540672	3.5777	1.72397	0.481865	1.51993	-2.53069	4.06941	1.87235	0.460104	2.46329	1.24501	0.470285	0.299031	0.0477891
20191	-0.0503041	0.00346616	3.98208	1.84027	0.462137	1.34535	-2.61287	3.83865	1.88134	0.490104	3.51423	0.97393	0.475864	0.315096	0.0482215
20192	-0.0177782	0.0443765	3.76784	1.78862	0.474706	1.31019	-2.67326	3.94031	1.94567	0.493785	4.18803	0.881747	0.484459	0.330966	0.0482857
20193	0.0632728	0.0693361	3.90567	1.92854	0.49378	1.31905	-2.72595	3.87093	1.848	0.477405	4.95484	0.788482	0.485629	0.341024	0.0482568
20194	0.0444436	0.0341461	3.62774	1.66489	0.458934	1.28952	-2.67654	3.8538	1.68675	0.437686	4.73991	0.775102	0.447989	0.354151	0.048356
20195	-0.0567116	0.0141612	3.75686	1.74761	0.465179	1.32924	-2.66345	3.72161	1.77346	0.47653	3.7325	0.960431	0.470828	0.337443	0.0486822
20196	0.023302	0.0114147	4.01622	1.71874	0.42795	1.32617	-2.64548	3.77571	1.72356	0.456488	4.15861	0.84873	0.441778	0.339029	0.0488831
20197	0.0865563	0.0317355	3.64669	1.63984	0.449678	1.31984	-2.62013	3.70286	1.6489	0.445304	4.62358	0.760493	0.447475	0.34847	0.0490883
20198	0.06461	0.0437717	3.92722	1.5228	0.387755	1.47911	-2.5811	3.78327	1.67153	0.441822	3.4436	1.0004	0.414284	0.35044	0.0494128
20199	0.128889	0.0480092	3.56121	1.65932	0.465942	1.42954	-2.58466	3.66853	1.71005	0.46614	4.09707	0.845843	0.466042	0.339725	0.0493849
20200	0.0104291	0.0108483	3.73847	1.6632	0.444888	1.44788	-2.64067	3.84974	1.76862	0.459413	3.40252	1.03314	0.452257	0.338806	0.0499207
20201	0.0320415	0.00599744	3.85044	1.58369	0.411302	1.35692	-2.6596	3.96033	1.81907	0.459321	4.04797	0.877648	0.43565	0.343096	0.0498934
20202	-0.0141697	-0.0433902	3.76215	1.63347	0.434185	1.41811	-2.63068	3.77214	1.76667	0.468348	3.26315	1.02571	0.451289	0.329956	0.0500425
20203	-0.0375272	-0.0357331	3.51975	1.68454	0.478597	1.27378	-2.68093	3.77896	1.73724	0.459714	4.06917	0.859769	0.46882	0.338393	0.0501366
20204	-0.0773535	-0.027738	3.85025	1.82015	0.472736	1.39122	-2.62256	4.25917	1.87391	0.439971	3.12194	1.07835	0.455528	0.313139	0.0505425
20205	0.0778963	0.011535	3.61717	1.73893	0.480743	1.27943	-2.7051	3.79747	1.85111	0.487459	5.11201	0.721842	0.484183	0.33958	0.0505005
20206	0.056142	0.0428879	3.65946	1.73471	0.474035	1.22391	-2.69897	3.37868	1.86835	0.552984	5.51288	0.681838	0.511935	0.34292	0.0504227
20207	0.131173	0.13099	3.8203	1.71635	0.449272	1.26149	-2.7371	4.14383	1.93642	0.467302	6.43853	0.638806	0.458653	0.360317	0.0508297
20208	0.000923055	0.0642164	3.90651	1.62499	0.41597	1.25386	-2.76672	3.74132	1.99498	0.533228	5.10511	0.78492	0.473333	0.356396	0.0510392
20209	0.225026	0.0775727	3.81196	1.70476	0.447214	1.29934	-2.71822	3.78785	1.8137	0.478819	6.77244	0.57708	0.462967	0.357189	0.051451
20210	0.0460388	0.058113	3.42604	1.70672	0.498161	1.22701	-2.75753	3.73419	1.74302	0.466774	5.68434	0.697343	0.481792	0.365004	0.0516142
20211	0.0563261	0.109903	3.701	1.67845	0.453512	1.20831	-2.79469	4.04926	1.98788	0.490926	6.35734	0.663535	0.473059	0.365308	0.0516651
20212	0.115814	0.0943578	3.73286	1.69786	0.45484	1.20314	-2.77104	4.00446	1.99069	0.497117	6.94466	0.591136	0.476721	0.357642	0.0518086
20213	0.00881099	0.09422	3.67384	1.66499	0.453201	1.28999	-2.75442	3.82462	1.80455	0.471826	4.94372	0.820713	0.462701	0.369088	0.0519067
20214	0.109182	0.137315	3.75569	1.69625	0.451648	1.16315	-2.82073	3.73667	1.81964	0.486967	7.87683	0.555428	0.469263	0.383663	0.0521047
20215	0.180626	0.162246	3.07344	1.67592	0.545291	1.30733	-2.71902	4.06174	1.78535	0.439552	6.53955	0.634731	0.485098	0.374967	0.0523769
20216	0.178213	0.144219	3.80931	1.72092	0.451767	1.27744	-2.72232	3.9421	1.75431	0.445018	6.80055	0.604145	0.448335	0.371627	0.0526161
20217	0.101983	0.152687	3.72629	1.68972	0.453458	1.28249	-2.67405	3.67505	1.76663	0.480709	5.73371	0.696797	0.46699	0.366385	0.0524332
20218	0.122788	0.170513	3.58846	1.6924	0.471624	1.39362	-2.65604	3.80493	1.87129	0.491807	4.94699	0.807502	0.482011	0.359284	0.0523506
20219	0.133534	0.107575	3.57393	1.61887	0.452967	1.41042	-2.65247	3.8597	1.79309	0.464568	4.67231	0.815213	0.45899	0.358338	0.0529002
20220	0.0853981	0.102012	3.84371	1.73008	0.450108	1.28944	-2.69725	3.99889	1.79396	0.448616	5.40509	0.724863	0.449347	0.357395	0.0530571
20221	0.151473	0.115249	3.69511	1.74336	0.471801	1.2854	-2.6729	3.9407	1.87715	0.476349	6.04589	0.642899	0.474148	0.349406	0.0532492
20222	0.0109694	0.102739	3.60725	1.80655	0.500812	1.33307	-2.67992	3.84974	1.77807	0.461867	4.42988	0.873972	0.480706	0.350775	0.0533007
20223	0.0751326	0.0960588	3.75359	1.77573	0.473077	1.27101	-2.77068	3.49213	1.73092	0.495663	5.74651	0.715061	0.483962	0.36956	0.0535576
20224	0.0574925	0.10875	3.8643	1.71869	0.444761	1.29453	-2.75803	3.70954	1.67011	0.45022	5.3706	0.765132	0.447435	0.377566	0.0540181
20225	0.193313	0.191663	3.76985	1.77724	0.471435	1.373	-2.67475	3.6772	1.66815	0.453648	5.90399	0.695827	0.462652	0.373622	0.0541654
20226	0.131998	0.155979	3.81508	1.88702	0.494622	1.29391	-2.69687	3.95119	1.75131	0.443237	6.02849	0.675024	0.468479	0.358775	0.0546904
20227	0.06499	0.0693807	4.02286	1.93571	0.481179	1.3059	-2.77651	3.63571	1.78165	0.490042	5.25965	0.769929	0.485386	0.352731	0.0550045
20228	0.174224	0.0876492	3.68723	1.77833	0.482294	1.30422	-2.75273	3.71343	1.71885	0.462875	6.31824	0.638452	0.47255	0.365894	0.055115
20229	0.100009	0.0986892	3.80022	1.73233	0.45585	1.21365	-2.78555	4.0166	1.78848	0.445273	6.70764	0.620102	0.450415	0.371459	0.0551121
20230	0.0321883	0.077952	3.78426	1.75806	0.464573	1.25814	-2.704	3.61487	1.71259	0.473762	5.14935	0.751479	0.469062	0.358052	0.0549285
20231	0.103169	0.100638	3.63675	1.62195	0.445988	1.31529	-2.73595	3.72478	1.68796	0.453171	5.47646	0.734623	0.449622	0.378127	0.0551824
20232	0.105758	0.050952	3.71262	1.70069	0.458085	1.14669	-2.80264	3.85168	1.6937	0.43973	7.51517	0.541768	0.448739	0.375014	0.0552005
20233	0.145407	0.109759	3.73241	1.71837	0.460391	1.20753	-2.77452	3.66436	1.75022	0.477634	7.37435	0.564055	0.468933	0.374961	0.0551854
20234	0.117398	0.109789	3.68338	1.64962	0.447854	1.09004	-2.81446	3.7238	1.77263	0.476029	9.03903	0.473017	0.462018	0.384612	0.0551638
20235	0.0625969	0.0741045	3.59897	1.71294	0.475953	1.10942	-2.87086	3.68664	1.67922	0.455489	7.91437	0.547916	0.465598	0.390058	0.0551684
20236	0.150046	0.119316	3.57147	1.68579	0.472015	1.17283	-2.8965	3.75712	1.82101	0.484682	8.69441	0.523044	0.478509	0.393468	0.0553705
20237	0.099381	0.126433	3.89518	1.70158	0.436844	1.18053	-2.85952	3.70539	1.77755	0.479721	7.62765	0.584446	0.457747	0.390612	0.0555609
20238	0.114515	0.134743	3.65096	1.7429	0.477382	1.05077	-2.90734	3.71422	1.79688	0.483784	10.5573	0.438285	0.480611	0.395374	0.0553666
20239	0.126539	0.134298	3.69333	1.72169	0.466162	0.997218	-2.97578	3.9901	1.79907	0.450882	12.7593	0.379041	0.458227	0.407292	0.0556479
20240	0.105125	0.134485	3.55244	1.59141	0.447976	0.987536	-3.04831	3.6388	1.77077	0.486636	13.01	0.389325	0.467538	0.429752	0.0555
20241	0.180874	0.138299	3.61906	1.66125	0.459027	0.918816	-3.08157	3.62369	1.79284	0.494755	19.0384	0.272279	0.476902	0.428819	0.0559411
20242	0.220439	0.14209	3.80852	1.85804	0.487863	0.923603	-3.09453	3.93599	1.82646	0.46404	21.1871	0.247219	0.475756	0.415599	0.0560805
20243	0.142427	0.17552	3.61004	1.65024	0.457125	0.788957	-3.14044	3.73978	1.859	0.497087	26.3052	0.209	0.477459	0.439375	0.0564949
20244	0.251402	0.19987	3.54045	1.76795	0.499358	0.936781	-3.10739	3.75149	1.75093	0.466729	23.2848	0.234873	0.482571	0.437405	0.0568066
20245	0.174586	0.156135	3.77246	1.76844	0.468778	0.910602	-3.08842	3.97152	1.68332	0.423848	19.4328	0.27086	0.445735	0.432729	0.0573823
20246	0.12105	0.109352	3.883	1.78892	0.460707	0.970204	-3.05485	3.68695	1.74811	0.474133	13.8853	0.360531	0.467246	0.414527	0.0578821
20247	0.0935561	0.11861	3.76628	1.64561	0.436934	0.893638	-3.04913	3.97967	1.85422	0.465922	15.6759	0.320065	0.451827	0.41764	0.0576676
20248	0.0556819	0.120448	3.86096	1.66275	0.430656	0.963246	-2.99198	3.92825	1.78584	0.454615	11.761	0.411837	0.442739	0.412667	0.057867
20249	0.123063	0.10276	3.58507	1.61182	0.449591	0.999894	-3.00003	3.78601	1.89614	0.50083	12.522	0.384416	0.475909	0.407037	0.0582855
20250	0.150308	0.0734704	3.40382	1.76831	0.519508	0.924116	-3.09628	3.74945	1.88456	0.502623	16.7797	0.299389	0.510657	0.407574	0.0583818
20251	0.0381853	0.0952649	3.91961	1.74706	0.445723	0.921091	-3.05829	3.68908	1.77585	0.481381	12.7577	0.389761	0.463012	0.413862	0.0583027
20252	0.133671	0.0674741	3.88347	1.72508	0.444211	0.884028	-3.07821	3.72977	1.89187	0.507235	17.575	0.281518	0.475087	0.406281	0.0586516
20253	0.0240143	0.0441934	3.66267	1.67601	0.457591	0.926677	-3.08969	3.98818	1.87396	0.469879	12.0536	0.4074	0.463996	0.40898	0.0594677
20254	0.0362274	0.0806952	3.76661	1.66569	0.442226	0.957531	-3.04979	3.79275	1.85711	0.489648	11.5456	0.4244	0.466019	0.410312	0.059444
20255	0.157574	0.100056	3.47859	1.61453	0.464132	1.0048	-2.99922	3.89189	1.87408	0.481535	13.3821	0.358893	0.473322	0.407826	0.0595872
20256	0.0960577	0.0801099	3.66118	1.75796	0.480163	0.967507	-3.03164	3.79786	1.8387	0.484141	12.7504	0.379712	0.482188	0.402411	0.0596281
20257	0.0671882	0.113768	3.48866	1.70301	0.488156	0.873271	-3.09747	3.95937	1.79008	0.452112	15.8703	0.324885	0.468995	0.424758	0.0598708
20258	0.0375221	0.0953636	3.7905	1.85768	0.490088	0.843186	-3.12068	3.85465	1.78639	0.463438	15.9344	0.324547	0.476651	0.415179	0.0600757
20259	0.128805	0.127671	3.82945	1.87348	0.489228	0.982885	-3.03236	3.73308	1.81097	0.485113	13.6894	0.364726	0.487197	0.404018	0.0604401
20260	0.0663912	0.0947961	3.69389	1.7078	0.462332	0.826496	-3.07504	3.97378	1.69908	0.427574	17.391	0.28888	0.444318	0.424522	0.0602964
20261	0.210692	0.131125	3.52387	1.70803	0.484701	1.00342	-3.06069	3.99034	1.75339	0.43941	16.2116	0.314209	0.460649	0.42402	0.0605684
20262	0.185023	0.181287	3.8543	1.70799	0.443138	0.98335	-3.03993	4.06955	1.85858	0.456705	16.2809	0.318663	0.450106	0.421192	0.0606051
20263	0.193713	0.155466	4.01694	1.75849	0.437768	0.835542	-3.1793	3.7571	1.80439	0.480263	26.9955	0.205972	0.458305	0.438424	0.0608181
20264	0.160457	0.13631	3.71116	1.69939	0.457915	0.771615	-3.20833	4.11892	1.91705	0.465425	29.9496	0.186757	0.461866	0.436208	0.0612532
20265	0.0223883	0.0862354	3.8701	1.86719	0.482466	0.721576	-3.20824	3.95571	1.90801	0.482343	22.2017	0.244432	0.482404	0.418301	0.0616609
20266	0.0433138	0.0342351	4.23543	1.96654	0.464308	0.722759	-3.23914	3.71893	1.7999	0.483982	23.2105	0.230823	0.473506	0.415742	0.0618199
20267	0.00474775	-0.0340315	3.68091	1.85811	0.504797	0.685767	-3.33463	3.55494	1.73817	0.488945	23.4891	0.231893	0.497009	0.43107	0.0624422
20268	0.0124764	-0.0416541	3.7612	1.83081	0.486762	0.728112	-3.27667	3.88771	1.81122	0.465883	20.4348	0.256067	0.47615	0.418176	0.0623672
20269	-0.0275656	-0.0389132	3.81983	1.63382	0.427722	0.672977	-3.31347	3.6344	1.77528	0.488465	21.8493	0.24538	0.457338	0.440317	0.0622062
20270	0.0242884	-0.06317	3.66333	1.62653	0.444004	0.781503	-3.25494	3.93709	1.77263	0.45024	17.7675	0.286687	0.447234	0.428452	0.0626089
20271	-0.0588145	-0.0503817	3.75883	1.58932	0.422822	0.727069	-3.27031	3.60244	1.61046	0.447046	16.7871	0.308807	0.434677	0.447653	0.0626744
20272	-0.0614162	-0.0398096	3.60697	1.598	0.443032	0.780173	-3.2254	3.73997	1.78179	0.476417	14.3278	0.354136	0.460026	0.428902	0.0627781
20273	-0.16915	-0.0918202	3.87287	1.80667	0.466495	0.888092	-3.14979	3.75449	1.72185	0.458611	8.36601	0.55888	0.462614	0.398632	0.0630126
20274	-0.0763895	-0.0588895	3.8221	1.72719	0.451895	0.904641	-3.09049	3.88838	1.76643	0.454285	9.54945	0.48121	0.4531	0.396863	0.0631233
20275	0.026381	0.014882	3.47948	1.69904	0.488302	0.807665	-3.2362	3.7654	1.68284	0.446921	17.3156	0.305202	0.466795	0.438747	0.0634924
20276	0.0552237	-0.0185202	3.79476	1.68872	0.445014	0.685075	-3.23444	3.95391	1.71926	0.434825	26.0695	0.198356	0.439815	0.431511	0.0634816
20277	-0.127371	-0.0705151	3.64758	1.69693	0.46522	0.724583	-3.25221	3.63207	1.65516	0.455708	13.9471	0.362913	0.460475	0.430319	0.0638826
20278	-0.157934	-0.0863018	3.72419	1.74655	0.468976	0.839137	-3.2201	3.6956	1.74134	0.471194	9.87849	0.497076	0.470081	0.413237	0.0637917
20279	-0.128806	-0.0754318	3.75645	1.68084	0.447455	0.91575	-3.18653	3.7459	1.82132	0.486218	8.87084	0.545548	0.466809	0.408729	0.06383
20280	-0.0728091	-0.0868647	3.70441	1.83406	0.495103	0.75385	-3.22483	3.65799	1.80741	0.4941	14.4093	0.341683	0.494604	0.403468	0.0640017
20281	-0.108519	-0.107388	3.7593	1.80178	0.479286	0.799001	-3.20477	3.84945	1.82616	0.474396	11.6487	0.411796	0.476812	0.398111	0.0642558
20282	-0.140417	-0.0798432	3.75471	1.74051	0.463554	0.891315	-3.11061	3.57539	1.75792	0.491672	8.62922	0.532235	0.477269	0.396402	0.0647586
20283	0.0714518	0.0012436	3.84113	1.73518	0.451738	0.923222	-3.11932	3.75747	1.77328	0.471935	13.4221	0.362756	0.461725	0.409762	0.0648696
20284	0.0732478	0.0356478	3.66615	1.63553	0.446116	0.778478	-3.17304	3.849	1.87514	0.487176	20.7011	0.248675	0.467146	0.423145	0.0651274
20285	0.0685137	0.0852854	3.50489	1.7115	0.488318	0.839792	-3.14959	3.81508	1.77625	0.465586	17.591	0.297435	0.476471	0.428721	0.0656673
20286	0.0865799	0.102744	3.80159	1.66848	0.43889	0.847687	-3.14735	3.63615	1.74649	0.480314	18.2348	0.289642	0.459141	0.436201	0.065888
20287	0.0931017	0.112217	3.62799	1.72841	0.476408	0.884091	-3.17223	3.72252	1.83786	0.493714	17.2418	0.312832	0.485172	0.430719	0.0663399
20288	0.0914463	0.122677	3.5893	1.62689	0.453261	0.820325	-3.14529	3.72261	1.89479	0.508995	20.1023	0.265632	0.481636	0.431338	0.0662806
20289	0.0822994	0.120922	3.70802	1.76845	0.476924	0.799362	-3.15366	3.80297	1.81248	0.476596	20.8544	0.25709	0.476758	0.428241	0.0668564
20290	0.249958	0.165744	4.03824	1.80254	0.446368	0.680806	-3.26933	3.95042	1.8826	0.476556	63.5657	0.0928152	0.461296	0.44472	0.0669087
20291	0.00179135	0.0776948	3.73622	1.80146	0.482161	0.772419	-3.23925	3.92826	1.90398	0.484687	18.5262	0.296934	0.483456	0.426166	0.0675474
20292	0.0831951	0.0869959	3.74888	1.77125	0.472474	0.682757	-3.28831	3.56445	1.72771	0.484705	31.6926	0.179737	0.478436	0.448858	0.0678144
20293	0.0280421	0.0472807	3.86901	1.65149	0.426851	0.777165	-3.26579	3.7136	1.77676	0.478446	19.5594	0.280593	0.45212	0.444704	0.0676891
20294	0.00561487	0.0138596	3.80507	1.7072	0.448664	0.796453	-3.24172	3.74366	1.74196	0.465311	16.9466	0.312713	0.45692	0.434581	0.0679741
20295	-0.0438397	-0.0399166	3.75498	1.77352	0.472312	0.713922	-3.25466	3.65768	1.74937	0.478273	17.9981	0.287102	0.475253	0.423217	0.0679737
20296	0.0739684	0.0396945	3.83638	1.86527	0.486205	0.72461	-3.23663	3.69948	1.72888	0.467331	25.3566	0.211667	0.476939	0.427599	0.0682599
20297	-0.02462	0.0244316	3.95381	1.86161	0.470839	0.740752	-3.24298	3.75858	1.78409	0.474672	18.2248	0.292897	0.472707	0.422787	0.068292
20298	-0.0494192	0.0058594	3.69666	1.71626	0.464273	0.634395	-3.26486	3.96184	1.75744	0.443591	22.8775	0.233801	0.453574	0.435119	0.0686919
20299	0.0535074	0.0367709	3.91863	1.82233	0.465044	0.649844	-3.30242	3.65123	1.70036	0.465694	31.3546	0.177808	0.465357	0.441874	0.0688125
20300	-0.0523098	0.0118618	4.0133	1.80567	0.449921	0.627646	-3.32556	3.61995	1.69732	0.468879	24.0914	0.23117	0.458912	0.442996	0.0688379
20301	-0.00176804	0.0128384	3.70308	1.74389	0.470929	0.71363	-3.25526	3.94543	1.80295	0.456973	20.8686	0.255898	0.46373	0.429611	0.0689321
20302	-0.036071	-0.018008	3.82722	1.74604	0.456216	0.680423	-3.34264	4.11035	1.83965	0.447566	21.5309	0.256682	0.451736	0.435356	0.0690136
20303	0.0125869	0.0219852	3.81469	1.81727	0.476387	0.691822	-3.36109	3.79721	1.81045	0.476785	24.8075	0.23068	0.476586	0.441068	0.0693076
20304	-0.0723032	0.0104525	3.76241	1.88402	0.500746	0.687677	-3.30171	3.59275	1.74708	0.48628	18.9941	0.288785	0.49368	0.430422	0.0692683
20305	0.120599	0.0398467	3.72735	1.90373	0.510746	0.650254	-3.30562	3.75995	1.81699	0.483249	39.8959	0.140267	0.496938	0.429351	0.0694824
20306	0.0819511	0.0421999	3.64212	1.79374	0.492499	0.607938	-3.34848	4.19372	1.95185	0.465422	41.5551	0.138331	0.478008	0.434304	0.0695352
20307	0.0376763	0.0472812	3.63079	1.61295	0.444244	0.687928	-3.30467	4.20361	1.94891	0.463629	26.5725	0.211414	0.454645	0.441028	0.0699649
20308	0.139216	0.106226	3.73842	1.69592	0.453646	0.732232	-3.27914	3.63041	1.79052	0.493199	32.5895	0.175834	0.473133	0.451218	0.0702434
20309	0.119428	0.104845	3.4729	1.64019	0.472283	0.695031	-3.34732	3.74244	1.75963	0.470181	35.9697	0.165659	0.471193	0.467169	0.0708971
20310	0.209897	0.18877	3.87057	1.68349	0.434946	0.753361	-3.22956	3.62115	1.73641	0.479519	39.5627	0.147676	0.45649	0.460805	0.0715938
20311	0.131905	0.192599	3.62012	1.67175	0.461793	0.803195	-3.2066	3.83135	1.86759	0.487448	25.6408	0.225316	0.474984	0.449509	0.0716278
20312	0.155891	0.149847	3.83529	1.6924	0.441269	0.721332	-3.26453	3.46864	1.74017	0.501687	36.4627	0.159862	0.469961	0.459312	0.0716306
20313	0.279062	0.220607	3.76083	1.74698	0.464521	0.728736	-3.27754	3.85151	1.77988	0.462126	60.5173	0.101104	0.463309	0.464625	0.0718175
20314	0.296317	0.243511	3.84898	1.78847	0.464661	0.779839	-3.2377	3.76122	1.85638	0.493557	51.8354	0.116897	0.478943	0.454043	0.071999
20315	0.286779	0.230518	4.27588	1.98881	0.465124	0.750153	-3.23028	3.80431	1.86545	0.490351	55.7814	0.107358	0.477001	0.437338	0.0723349
20316	0.221927	0.252235	4.08126	1.82024	0.446	0.831829	-3.16455	3.8016	1.81486	0.477393	31.3846	0.18599	0.46114	0.445461	0.0722605
20317	0.214391	0.257895	3.67482	1.66033	0.451814	0.818962	-3.20992	3.77742	1.84867	0.4894	32.9015	0.182753	0.470866	0.461556	0.0724271
20318	0.240369	0.256755	3.49502	1.61756	0.462819	0.800809	-3.17255	4.1667	1.94951	0.46788	37.4415	0.157047	0.465571	0.451943	0.0727104
20319	0.231032	0.292724	4.077	1.79403	0.440037	0.852185	-3.16681	3.63824	1.77139	0.48688	31.0197	0.192915	0.462127	0.456409	0.0731772
20320	0.454996	0.383947	3.90399	1.81968	0.466107	1.08672	-2.9943	3.75055	1.69525	0.452001	28.5976	0.199537	0.459195	0.448162	0.0732392
20321	0.423705	0.375548	3.46235	1.62246	0.4686	1.02688	-2.95803	3.8911	1.89898	0.488031	30.545	0.181908	0.478882	0.441132	0.0732874
20322	0.365166	0.365627	3.62385	1.62638	0.448799	1.16823	-2.90218	3.54922	1.79939	0.506983	16.5581	0.322456	0.477588	0.438098	0.0735392
20323	0.440384	0.387927	3.77998	1.76387	0.466636	1.10963	-2.89676	3.5468	1.72071	0.485145	24.0888	0.223946	0.475596	0.436445	0.073793
20324	0.393529	0.389019	3.84735	1.73893	0.451981	1.10793	-2.86891	3.78931	1.89346	0.499685	20.7968	0.255186	0.475651	0.422261	0.073855
20325	0.399762	0.415158	3.47349	1.68682	0.485628	1.14542	-2.88398	3.82541	1.71981	0.449575	19.5758	0.278003	0.466732	0.444184	0.0739206
20326	0.292367	0.283002	3.73684	1.71089	0.457845	1.1127	-2.83692	3.5175	1.69965	0.483199	14.4646	0.336473	0.470138	0.416526	0.0743179
20327	0.29839	0.314185	3.52972	1.60807	0.45558	1.02746	-2.86357	3.9303	1.79009	0.455458	18.9977	0.265773	0.455516	0.42637	0.0746008
20328	0.232786	0.269264	3.58015	1.62731	0.454536	1.12123	-2.92498	3.87698	1.82283	0.470167	12.9265	0.394662	0.462663	0.42519	0.0746286
20329	0.177504	0.206555	3.83841	1.66617	0.434079	1.05026	-2.99511	3.6718	1.60879	0.438148	13.4575	0.380854	0.436068	0.439115	0.0749599
20330	0.253008	0.232207	3.72961	1.82769	0.49005	1.06367	-2.9683	3.67222	1.77797	0.484166	15.5868	0.328587	0.487131	0.415401	0.0752104
20331	0.225089	0.212466	3.44753	1.66872	0.484035	1.23501	-2.84369	3.65079	1.73217	0.474463	9.15741	0.509973	0.479112	0.407208	0.0755298
20332	0.188652	0.169701	3.90369	1.84624	0.472948	1.032	-2.85405	3.60709	1.69838	0.470843	12.8553	0.355614	0.471937	0.392162	0.0756321
20333	0.126894	0.131092	3.28319	1.65147	0.503006	1.19426	-2.82422	3.7603	1.65	0.438794	7.66617	0.569637	0.468725	0.398205	0.0757093
20334	0.157861	0.160869	4.01173	1.78325	0.444508	1.13451	-2.85873	3.86569	1.61501	0.41778	9.55919	0.476923	0.431392	0.401599	0.0762047
20335	0.15584	0.17674	3.78962	1.79389	0.47337	1.08366	-2.901	3.46415	1.65629	0.478123	11.0036	0.430425	0.47564	0.407133	0.0765891
20336	0.233238	0.166389	3.71648	1.77676	0.478075	1.15893	-2.87088	3.97727	1.80628	0.45415	10.7654	0.428456	0.465707	0.391721	0.0768083
20337	0.231582	0.153741	3.64771	1.69156	0.463733	1.12952	-2.88739	3.94696	1.81662	0.460259	11.4704	0.403146	0.461927	0.39737	0.0771925
20338	0.233858	0.168836	3.5134	1.74755	0.497397	1.03396	-2.92726	3.85447	1.84011	0.477396	14.9741	0.32008	0.486934	0.400589	0.0774789
20339	0.105962	0.109184	3.58581	1.75965	0.490725	0.9468	-3.06509	3.81679	1.8361	0.481059	14.2516	0.353504	0.485741	0.412076	0.0774462
20340	0.176288	0.0956684	3.89019	1.75833	0.45199	0.973758	-3.06742	3.80427	1.77431	0.466401	15.7324	0.317979	0.459115	0.414658	0.0779383
20341	0.0472484	0.164987	3.73385	1.78841	0.478972	0.946641	-3.02873	3.50781	1.67114	0.476406	12.6094	0.404454	0.477729	0.424443	0.0778466
20342	0.18023	0.146262	3.67693	1.73238	0.471148	0.968401	-3.04412	3.96722	1.79832	0.453294	16.3849	0.310606	0.461882	0.418968	0.0780572
20343	0.170988	0.0970735	4.05378	1.63571	0.403504	1.144	-2.94695	3.86436	1.82684	0.472741	9.78713	0.473381	0.437294	0.400967	0.0784354
20344	0.100457	0.0816262	3.39841	1.63075	0.479856	0.996873	-2.98554	3.50344	1.69666	0.484283	11.7072	0.401781	0.482103	0.414236	0.0783161
20345	0.112306	0.0866476	3.69868	1.62192	0.438512	1.04393	-2.94523	3.59424	1.82324	0.507267	10.5911	0.433963	0.472397	0.400255	0.0784148
20346	0.1705	0.122812	3.45852	1.73155	0.500662	1.16285	-2.93576	3.78469	1.90813	0.504171	9.49976	0.492374	0.502496	0.391314	0.0782787
20347	0.145548	0.112359	3.52361	1.75297	0.497493	1.15015	-2.91417	4.09617	1.86354	0.454947	9.07614	0.504611	0.474622	0.387823	0.0785387
20348	0.140834	0.125184	3.96203	1.83308	0.462661	1.08895	-2.87892	3.38199	1.71876	0.50821	10.0394	0.449462	0.483637	0.388576	0.0787247
20349	0.0625243	0.129248	3.75422	1.78228	0.47474	1.06509	-2.92397	3.83532	1.65494	0.4315	9.27442	0.502571	0.452889	0.404183	0.0792908
20350	0.0703144	0.119722	4.0425	1.93694	0.479144	0.960827	-2.99061	3.94581	1.86869	0.473588	12.1992	0.396506	0.4764	0.388691	0.0795503
20351	0.146506	0.0814178	3.65912	1.78005	0.486469	1.13283	-2.90246	3.80628	1.66769	0.438141	9.15213	0.48642	0.461829	0.392441	0.0798865
20352	0.0615472	0.0752585	3.95972	1.72323	0.435189	1.02931	-2.9385	3.91723	1.84077	0.469916	9.69798	0.46828	0.452459	0.389289	0.0799662
20353	0.0608954	0.080832	3.92146	1.79642	0.4581	1.02791	-2.96153	3.60654	1.77453	0.492032	9.89819	0.46756	0.474357	0.393325	0.0801824
20354	0.117377	0.0897153	3.99744	1.86769	0.467222	1.1026	-2.88161	3.74413	1.73906	0.464477	9.09565	0.485328	0.465895	0.379755	0.0801989
20355	0.0308783	0.11677	3.86084	1.7547	0.454488	1.18659	-2.90772	3.62599	1.70569	0.470408	6.84871	0.667829	0.462198	0.398027	0.0802376
20356	0.190043	0.136191	3.97751	1.83311	0.460867	1.23741	-2.82485	3.5418	1.66478	0.470037	7.99266	0.548488	0.465186	0.385357	0.0804235
20357	0.124222	0.103075	3.94237	1.88221	0.477432	1.25415	-2.82907	3.83287	1.89758	0.49508	6.73398	0.638363	0.486132	0.362623	0.0806939
20358	0.0698122	0.0867111	3.94255	1.84947	0.469105	1.16469	-2.86186	3.72826	1.93995	0.520336	7.25249	0.599384	0.494005	0.36462	0.0810515
20359	0.0473511	0.14117	3.91203	1.76151	0.450281	1.13454	-2.87108	3.83564	1.85528	0.483696	7.6767	0.590985	0.466823	0.385561	0.0817329
20360	0.176707	0.151598	3.58685	1.61704	0.450824	1.07156	-2.90453	4.31578	2.0452	0.473888	11.6638	0.40038	0.463419	0.389464	0.0818758
20361	0.210008	0.122012	3.76565	1.72783	0.458839	1.02094	-2.93532	3.85945	1.96656	0.509544	14.2138	0.328809	0.484503	0.387573	0.0822907
20362	0.112375	0.109385	3.72589	1.58788	0.426173	1.09685	-2.93416	4.36099	1.90012	0.435708	9.55759	0.484598	0.431315	0.399134	0.0822048
20363	0.0960182	0.0739776	3.51049	1.63602	0.466037	1.07492	-2.87305	3.64534	1.69171	0.464075	9.06332	0.479128	0.465038	0.394965	0.0823192
20364	0.176687	0.164114	3.83284	1.6265	0.42436	1.1243	-2.83084	3.93467	1.8674	0.474602	9.98896	0.448984	0.44981	0.391038	0.0825181
20365	0.122616	0.136961	3.76005	1.68078	0.447012	1.15404	-2.8442	3.98372	1.91634	0.481042	8.35394	0.531923	0.464518	0.381944	0.0828285
20366	0.132881	0.129893	3.43118	1.65557	0.482508	1.15772	-2.83182	3.72392	1.72062	0.462045	8.35162	0.525151	0.471858	0.393885	0.0826206
20367	0.190006	0.157347	3.81358	1.62079	0.425006	1.14384	-2.84482	3.63964	1.73447	0.47655	9.90664	0.454898	0.450176	0.401876	0.0828825
20368	0.12143	0.180219	3.52146	1.70992	0.48557	1.1086	-2.86317	3.5783	1.60949	0.449791	9.50448	0.487254	0.467537	0.411047	0.0831559
20369	0.234944	0.173849	3.46906	1.63641	0.471715	1.23273	-2.82914	3.68133	1.62744	0.442079	9.05799	0.497788	0.456457	0.408665	0.0836288
20370	0.235125	0.216213	3.6666	1.62495	0.443177	1.19045	-2.79859	3.91122	1.78632	0.456716	9.95897	0.456325	0.450165	0.399918	0.0836066
20371	0.211667	0.180481	3.65097	1.57917	0.432533	1.1626	-2.80755	3.78199	1.88469	0.498333	9.87354	0.452134	0.466013	0.391992	0.0837176
20372	0.23546	0.167983	3.27666	1.49073	0.454954	1.23464	-2.81833	3.94354	1.87366	0.475121	8.9327	0.499182	0.465969	0.398683	0.0837193
20373	0.190675	0.121679	3.73079	1.54423	0.413915	1.22128	-2.78728	4.11087	1.81984	0.442689	7.96691	0.531075	0.429	0.386191	0.0840289
20374	0.0693475	0.0934799	3.844	1.67099	0.4347	1.12052	-2.847	4.11399	1.9788	0.480993	7.82517	0.552477	0.458631	0.372078	0.083677
20375	0.143576	0.179774	3.85897	1.71056	0.443267	1.20109	-2.82635	3.87784	1.8311	0.472195	8.08056	0.559169	0.457766	0.389579	0.0837147
20376	0.193254	0.147987	3.91993	1.73261	0.442	1.09511	-2.87569	3.77442	1.85017	0.490186	11.2409	0.406668	0.465637	0.389602	0.0838668
20377	0.0909699	0.155971	3.52812	1.62826	0.461509	1.06585	-2.92731	4.28111	1.93776	0.452629	10.0028	0.4752	0.456641	0.400051	0.0837239
20378	0.196469	0.217064	3.4589	1.64094	0.474411	1.00836	-2.93234	3.85029	1.85469	0.481702	15.0475	0.329581	0.478252	0.415109	0.0841601
20379	0.204139	0.177573	3.56642	1.63483	0.458397	1.157	-2.94897	3.94261	1.95885	0.496839	10.7663	0.453972	0.478581	0.404893	0.084717
20380	0.330702	0.214571	3.61314	1.51905	0.420423	0.975923	-2.96199	3.64708	1.9686	0.539775	24.2381	0.208155	0.480378	0.419842	0.0852173
20381	0.2037	0.229099	3.51164	1.55733	0.443478	1.01782	-2.96493	4.0168	1.88423	0.469088	15.3921	0.331398	0.457142	0.425764	0.0857032
20382	0.350185	0.280522	3.78015	1.71308	0.453178	1.07565	-2.96377	3.9509	1.87225	0.473878	19.9991	0.263148	0.463756	0.423396	0.0859194
20383	0.304753	0.342864	3.69584	1.64858	0.446064	1.1613	-2.85217	3.97301	1.87979	0.473141	13.914	0.366834	0.460092	0.419839	0.0858379
20384	0.25022	0.275879	3.90236	1.72128	0.441086	1.10193	-2.85546	3.86561	1.86367	0.482114	13.5169	0.362705	0.461503	0.40622	0.0859497
20385	0.383649	0.325166	3.73056	1.62804	0.436407	1.13522	-2.82236	3.96077	1.84943	0.466936	17.5386	0.282431	0.452128	0.416085	0.0859924
20386	0.332944	0.320229	3.59997	1.57711	0.438091	1.22894	-2.82862	4.09125	1.89906	0.464176	12.3506	0.401407	0.451967	0.416381	0.0862331
20387	0.305423	0.309282	3.56485	1.69309	0.47494	1.18569	-2.76081	3.88453	1.90618	0.490711	12.1638	0.387437	0.483164	0.395772	0.0860931
20388	0.329219	0.298043	3.66748	1.7081	0.465744	1.21713	-2.73777	3.90838	2.01545	0.515675	11.6899	0.394191	0.491503	0.382366	0.0864305
20389	0.294009	0.346435	3.65585	1.67394	0.457881	1.26938	-2.73831	4.11223	1.9853	0.482779	10.0024	0.475671	0.471061	0.3941	0.0864657
20390	0.383084	0.353105	3.92327	1.83031	0.466526	1.28067	-2.75468	3.93629	1.80614	0.458844	11.9881	0.402828	0.462679	0.399156	0.0867704
20391	0.234499	0.285881	3.91358	1.75287	0.447893	1.26572	-2.72699	4.13166	2.04247	0.494345	8.53602	0.531713	0.471749	0.374309	0.0875665
20392	0.353679	0.309781	3.84641	1.78381	0.46376	1.25708	-2.73083	4.10361	1.93695	0.472012	11.3282	0.408066	0.46802	0.383291	0.0876947
20393	0.276762	0.28892	3.87776	1.71926	0.443363	1.11145	-2.78836	3.76318	1.88724	0.501502	13.5922	0.348349	0.471996	0.396411	0.0877906
20394	0.2943	0.314299	3.50249	1.67061	0.476979	1.15439	-2.78283	3.98484	2.02991	0.509408	12.9667	0.369878	0.494238	0.393334	0.0881324
20395	0.366821	0.330021	3.88811	1.74855	0.449716	1.24467	-2.80491	3.87551	1.965	0.507029	12.7531	0.385312	0.478326	0.398297	0.088177
20396	0.531592	0.458858	3.80947	1.75233	0.459994	1.33332	-2.65407	3.96692	1.9472	0.490859	15.0758	0.321387	0.475739	0.39583	0.0881037
20397	0.394934	0.471929	3.61253	1.63865	0.453602	1.32161	-2.69925	3.75218	1.83268	0.488432	11.7108	0.429364	0.471347	0.420158	0.0881501
20398	0.507213	0.499757	3.80995	1.58491	0.415992	1.31843	-2.64042	3.74077	1.84239	0.492516	14.9843	0.329035	0.453903	0.418482	0.0885845
20399	0.511185	0.542928	3.54071	1.74171	0.49191	1.3932	-2.61903	3.96953	1.78798	0.450427	12.8517	0.388975	0.469984	0.414687	0.0888799
20400	0.402713	0.417569	3.73231	1.89169	0.506842	1.22552	-2.7774	3.92622	1.92703	0.49081	15.0777	0.338508	0.498623	0.400699	0.0890541
20401	0.356042	0.363911	3.89946	1.95988	0.502604	1.27223	-2.79539	3.70214	1.80895	0.488623	11.8909	0.419697	0.495795	0.398466	0.0888634
20402	0.339591	0.331514	3.86138	1.76192	0.456293	1.17866	-2.80008	3.89182	1.7864	0.459013	13.9295	0.352016	0.457658	0.408738	0.0894491
20403	0.271953	0.298997	3.96722	1.79877	0.453409	1.21743	-2.7953	3.76293	1.70125	0.452108	10.7108	0.446963	0.452776	0.406262	0.089529
20404	0.276791	0.2725	3.45965	1.7725	0.512334	1.27778	-2.77832	3.60937	1.64992	0.457121	9.28908	0.500993	0.484143	0.404845	0.0894687
20405	0.33974	0.325205	3.85568	1.7329	0.449441	1.2021	-2.79817	3.70464	1.75719	0.474323	13.118	0.371835	0.461633	0.411469	0.0894874
20406	0.337368	0.378108	3.58662	1.57394	0.438835	1.1641	-2.75488	3.69201	1.81748	0.492274	14.361	0.341744	0.465942	0.419927	0.0897672
20407	0.353722	0.344402	3.49148	1.62673	0.465915	1.3604	-2.70025	4.17477	1.86782	0.447407	9.14738	0.506698	0.455836	0.398858	0.0904231
20408	0.270179	0.253419	3.4672	1.72712	0.498132	1.14822	-2.82881	4.14499	1.89433	0.457016	12.3225	0.385479	0.475743	0.396191	0.0906752
20409	0.244459	0.264774	3.91419	1.90381	0.486387	1.22192	-2.86833	3.86119	1.83207	0.474482	10.2742	0.477715	0.480475	0.396581	0.0912899
20410	0.301721	0.287073	3.75302	1.71084	0.455857	1.1719	-2.84674	3.94515	1.95071	0.494459	12.9696	0.378607	0.47564	0.40151	0.0916488
20411	0.398398	0.337835	3.98909	1.66804	0.41815	1.11591	-2.87519	3.61952	1.849	0.510841	20.0524	0.257413	0.462244	0.423362	0.0915637
20412	0.251237	0.293574	3.62483	1.7429	0.480823	1.29273	-2.83743	3.87403	1.81603	0.468772	9.03758	0.542356	0.474597	0.407925	0.0917379
20413	0.268218	0.282063	3.73731	1.6954	0.453642	1.17724	-2.83652	4.0769	1.95057	0.478443	11.7698	0.413157	0.466581	0.400194	0.0915477
20414	0.208105	0.251596	3.77676	1.78164	0.471737	1.1967	-2.83438	4.00699	1.75946	0.439098	9.74424	0.488662	0.454935	0.402155	0.0917026
20415	0.325532	0.285607	3.78581	1.84377	0.487022	1.22177	-2.75358	3.57727	1.74283	0.487194	11.4991	0.401625	0.487106	0.391785	0.0923337
20416	0.267516	0.256451	3.52558	1.58051	0.448299	1.23964	-2.76795	3.77112	1.83791	0.487363	9.67919	0.472509	0.468488	0.400941	0.093184
20417	0.172406	0.203112	3.74738	1.69246	0.451638	1.26589	-2.76619	3.81561	1.77033	0.463969	7.37362	0.597857	0.45786	0.389072	0.0930399
20418	0.274887	0.238527	3.72039	1.67465	0.450127	1.23618	-2.77193	3.85217	1.80699	0.469084	9.80738	0.462044	0.45977	0.394339	0.0934596
20419	0.268824	0.276637	3.57193	1.7246	0.482819	1.12946	-2.80837	3.59128	1.6506	0.459614	12.849	0.37035	0.471185	0.413591	0.0934608
20420	0.196335	0.282093	3.43718	1.61362	0.46946	1.26023	-2.76602	3.86239	1.79082	0.463657	8.20846	0.565939	0.466389	0.405685	0.0936743
20421	0.274747	0.311521	3.35338	1.64375	0.490176	1.32567	-2.69665	3.49514	1.68309	0.481552	8.19336	0.552221	0.485775	0.404885	0.0937185
20422	0.338124	0.311037	3.59422	1.80144	0.501206	1.25824	-2.73375	3.52763	1.68507	0.477678	10.9505	0.423302	0.489552	0.399431	0.0937949
20423	0.286801	0.330477	3.58967	1.72763	0.481277	1.32037	-2.70235	3.74299	1.72586	0.461092	8.61031	0.534131	0.470974	0.399827	0.093957
20424	0.427451	0.31506	3.70298	1.73956	0.469774	1.30304	-2.75483	3.68997	1.86119	0.50439	12.2925	0.383331	0.487052	0.395644	0.093946
20425	0.375758	0.364808	3.55165	1.70683	0.480573	1.28971	-2.74787	3.71255	1.67938	0.452352	11.599	0.417653	0.46615	0.417137	0.0942905
20426	0.329749	0.318914	3.91428	1.76966	0.452104	1.23015	-2.81056	3.81043	1.68573	0.442398	12.08	0.405363	0.447316	0.414838	0.0946466
20427	0.313463	0.357317	4.02161	1.88539	0.468814	1.17922	-2.8249	3.85483	1.79416	0.46543	13.5102	0.374771	0.467158	0.407713	0.0950796
20428	0.32864	0.298855	3.96323	1.7807	0.449305	1.25279	-2.81088	3.61727	1.67825	0.463955	11.3231	0.427023	0.456296	0.411521	0.0951686
20429	0.428342	0.359851	4.02866	1.8922	0.469684	1.16997	-2.79522	3.70938	1.72378	0.464708	18.0984	0.275009	0.467298	0.407784	0.0950481
20430	0.294363	0.281356	3.47135	1.62999	0.469554	1.12586	-2.83049	3.6881	1.68285	0.456291	14.0062	0.345691	0.462721	0.422343	0.0948003
20431	0.317726	0.299553	3.72776	1.66513	0.446683	1.17701	-2.83097	3.77532	1.79618	0.47577	13.2728	0.369183	0.461319	0.414586	0.0947654
20432	0.278176	0.306042	3.67172	1.73509	0.472556	1.16072	-2.88037	3.64395	1.69934	0.466344	13.0355	0.389444	0.469462	0.425104	0.0950128
20433	0.34677	0.340501	3.46436	1.71378	0.49469	1.05311	-2.93604	3.74153	1.72993	0.462359	21.5179	0.24946	0.477903	0.438126	0.0948788
20434	0.345596	0.355192	3.43027	1.78534	0.520467	0.974088	-2.98142	3.48941	1.75076	0.501734	28.1846	0.197502	0.51102	0.440556	0.0954289
20435	0.305479	0.359907	3.94153	1.70404	0.43233	0.978908	-2.96323	3.74588	1.97222	0.526503	24.3507	0.226754	0.478218	0.429015	0.0955138
20436	0.444035	0.367071	3.75799	1.84015	0.489665	1.09065	-2.95918	3.57089	1.89997	0.532073	26.4613	0.209059	0.510328	0.425258	0.0961025
20437	0.286286	0.368589	3.48756	1.73065	0.496236	1.007	-2.89572	4.04034	1.87735	0.464652	20.5145	0.259712	0.479285	0.424861	0.0963278
20438	0.302323	0.403812	3.72947	1.76927	0.474401	1.14165	-2.95109	4.06602	2.07111	0.509369	15.9772	0.352232	0.49264	0.422988	0.0966799
20439	0.433466	0.44562	3.63898	1.76369	0.484668	1.1501	-2.90879	4.05702	1.96225	0.483667	21.9099	0.256781	0.48414	0.430316	0.0967076
20440	0.405886	0.470538	4.16974	1.82685	0.43812	1.07259	-2.98099	3.8117	1.81967	0.47739	26.8016	0.222245	0.456874	0.449688	0.0969226
20441	0.477555	0.454343	3.60001	1.62417	0.451158	1.00332	-2.99858	3.57073	1.83704	0.514473	43.1305	0.138216	0.482686	0.462825	0.0971876
20442	0.470561	0.444488	3.74353	1.60123	0.427732	1.09025	-2.97637	3.82188	1.93229	0.505587	30.4735	0.192008	0.467063	0.453063	0.097113
20443	0.529933	0.469354	3.36155	1.63287	0.485749	0.953785	-3.03878	3.88494	1.86051	0.478904	68.5051	0.0898254	0.482079	0.468417	0.0972472
20444	0.403631	0.417697	3.51806	1.53094	0.435166	0.894316	-3.04363	3.55996	1.81992	0.51122	49.7598	0.120386	0.473419	0.472102	0.0975524
20445	0.408108	0.407444	3.74904	1.74854	0.466397	0.963839	-3.02245	3.64857	1.78347	0.488814	38.0919	0.154419	0.477453	0.454476	0.0976657
20446	0.399133	0.354729	3.76111	1.77488	0.471904	0.943962	-3.03907	3.99226	1.72183	0.431292	38.8019	0.148419	0.450992	0.451722	0.0979128
20447	0.397051	0.354167	3.47995	1.82692	0.524984	0.962305	-2.97862	3.83847	1.81226	0.472131	34.7638	0.159756	0.497263	0.432923	0.0981697
20448	0.382748	0.369917	3.7338	1.69113	0.452925	1.09262	-2.95704	3.76431	1.8382	0.488322	21.9649	0.251962	0.470696	0.4396	0.0984614
20449	0.279163	0.329928	3.64597	1.74202	0.477792	0.843652	-3.04128	3.74037	1.89558	0.506791	35.6664	0.159324	0.492477	0.438666	0.0983814
20450	0.265599	0.307935	3.9508	1.78491	0.451784	0.913232	-3.11036	3.50435	1.76094	0.502502	27.8587	0.209714	0.475624	0.451827	0.0987562
20451	0.339273	0.338854	3.81087	1.68639	0.442521	0.875831	-3.11072	3.74941	1.73918	0.463855	41.3331	0.143948	0.453101	0.464918	0.0987416
20452	0.315889	0.366156	3.76853	1.74854	0.463984	0.92964	-3.07588	3.83982	1.86812	0.486512	31.4518	0.188345	0.475353	0.45036	0.0989183
20453	0.250896	0.31349	3.65184	1.69497	0.464142	0.833062	-3.11628	4.04213	1.97514	0.488637	34.7086	0.169459	0.477011	0.444967	0.0991638
20454	0.336144	0.280079	3.6972	1.86521	0.504493	0.821301	-3.13476	3.6364	1.88243	0.517664	49.5424	0.117689	0.511024	0.437661	0.0995977
20455	0.309579	0.294978	3.68415	1.84196	0.499968	0.798102	-3.19557	3.81395	1.92414	0.504501	51.0527	0.119327	0.502274	0.447268	0.0996316
20456	0.209169	0.21672	3.61128	1.76377	0.488404	0.780301	-3.20487	3.92602	1.8378	0.468108	35.8907	0.163096	0.477833	0.448446	0.0998499
20457	0.297064	0.305886	3.70594	1.63945	0.442385	0.804813	-3.25644	3.53423	1.80377	0.510372	49.2231	0.128904	0.475572	0.479667	0.099842
20458	0.30683	0.356153	3.22547	1.5995	0.495898	0.747667	-3.29431	3.8332	1.72763	0.450701	68.5709	0.0971686	0.471354	0.500451	0.1004
20459	0.336618	0.261216	3.87664	1.73419	0.447342	0.812747	-3.22718	3.44462	1.66778	0.484168	53.679	0.113349	0.464669	0.472213	0.100528
20460	0.163789	0.207327	3.45825	1.69589	0.490389	0.79222	-3.25031	3.70652	1.76679	0.476673	30.2721	0.197463	0.483293	0.463399	0.100955
20461	0.107156	0.171132	4.09449	1.71674	0.419279	0.801913	-3.24	3.84147	1.78568	0.464843	24.1063	0.241344	0.441335	0.453841	0.101133
20462	0.263738	0.257803	3.58126	1.72574	0.48188	0.843826	-3.13462	3.74852	1.84422	0.491987	34.2005	0.168251	0.487049	0.446392	0.101341
20463	0.111389	0.161491	3.85015	1.67855	0.435969	0.854364	-3.05781	3.97631	1.79802	0.452183	18.7748	0.276006	0.444207	0.427145	0.101229
20464	0.189115	0.171274	3.7683	1.72284	0.457194	0.875182	-3.12226	3.72632	1.7994	0.48289	23.0458	0.235344	0.46997	0.435126	0.10131
20465	0.21639	0.17639	3.5959	1.73588	0.482739	0.831701	-3.114	4.05336	1.86413	0.459898	28.5961	0.189304	0.470636	0.429298	0.101503
20466	0.162183	0.180758	3.87225	1.58299	0.408803	0.886757	-3.15698	4.15114	1.82971	0.440774	21.2197	0.262504	0.425344	0.449496	0.101534
20467	0.22475	0.13938	3.76324	1.60411	0.426257	0.727767	-3.23907	3.53006	1.83267	0.519162	45.1095	0.126513	0.471224	0.453758	0.101542
20468	0.0676032	0.127932	3.69165	1.74871	0.473693	0.852534	-3.23018	3.75388	1.89984	0.506102	18.3032	0.308059	0.490033	0.436011	0.1022
20469	0.102834	0.181949	3.67246	1.67182	0.455232	0.768432	-3.2134	3.79924	1.81101	0.476676	26.0223	0.221511	0.466136	0.452934	0.10251
20470	0.244106	0.187764	3.57713	1.53783	0.429905	0.747149	-3.23951	3.78974	1.75705	0.463633	46.4181	0.126526	0.447256	0.471373	0.102522
20471	0.272157	0.23658	3.59165	1.67498	0.466354	0.722046	-3.25839	3.6023	1.79086	0.497143	60.35	0.1012	0.481771	0.468517	0.102476
20472	0.280526	0.188507	3.67258	1.59652	0.434712	0.691503	-3.34422	3.92341	1.87952	0.479054	73.8898	0.0844513	0.457615	0.473139	0.102613
20473	0.126264	0.139094	3.75225	1.69046	0.450519	0.648804	-3.28643	3.85646	1.7697	0.458892	42.975	0.136524	0.454763	0.458943	0.102617
20474	0.123836	0.109749	4.01365	1.66585	0.415046	0.701088	-3.31698	3.93466	1.68446	0.428108	35.2395	0.16661	0.421513	0.467138	0.102681
20475	-0.010982	0.0097417	3.80147	1.67651	0.441017	0.730467	-3.28786	3.56591	1.72832	0.484679	19.7803	0.274873	0.46215	0.444084	0.103026
20476	0.10413	0.00610698	3.69086	1.74722	0.473391	0.709948	-3.29908	3.9696	1.72116	0.433585	29.7652	0.183507	0.452764	0.440658	0.103285
20477	-0.0250278	-0.057641	3.89239	1.81573	0.466481	0.722652	-3.29623	3.91168	1.82541	0.466655	18.762	0.279513	0.466568	0.418772	0.103564
20478	-0.183208	-0.123764	3.75203	1.7969	0.478913	0.746787	-3.30518	3.98864	1.7913	0.449101	11.7025	0.432445	0.463552	0.413676	0.103686
20479	-0.146264	-0.136912	3.81736	1.7012	0.445649	0.593537	-3.27966	3.6207	1.8175	0.501974	18.0463	0.273652	0.473067	0.412487	0.103708
20480	-0.108224	-0.0994007	3.98813	1.78197	0.446819	0.621988	-3.30188	3.74631	1.76483	0.471086	19.2342	0.266605	0.458573	0.419704	0.104145
20481	-0.0234248	-0.0546181	3.78008	1.72956	0.457546	0.679896	-3.33195	3.70783	1.90083	0.512653	21.7136	0.24733	0.484834	0.425294	0.104739
20482	-0.087194	-0.021887	3.8731	1.83	0.47249	0.627946	-3.35371	4.01487	1.91826	0.477788	21.7061	0.255713	0.475187	0.425547	0.104819
20483	-0.143176	-0.163297	4.08411	1.84806	0.4525	0.455978	-3.55404	3.77493	1.76847	0.468478	32.0266	0.179493	0.460175	0.442946	0.105101
20484	-0.184661	-0.148181	3.73962	1.63095	0.436127	0.49739	-3.48288	3.71146	1.86198	0.501684	23.9045	0.232597	0.468782	0.443303	0.105199
20485	-0.129722	-0.102827	3.4071	1.63803	0.48077	0.431147	-3.47738	3.66468	1.78604	0.487365	36.2001	0.157287	0.484188	0.454105	0.105503
20486	-0.0835307	-0.0715816	3.65049	1.80316	0.493949	0.530972	-3.4318	3.63643	1.75277	0.482003	29.901	0.188807	0.487988	0.442653	0.105713
20487	-0.0881739	-0.0709124	3.81632	1.74848	0.458159	0.613671	-3.37694	3.66487	1.82213	0.497189	22.1886	0.246293	0.477279	0.433634	0.106368
20488	-0.129335	-0.105066	3.87219	1.69929	0.438845	0.556577	-3.50775	3.90472	1.84936	0.473622	24.6098	0.235237	0.456306	0.449366	0.106458
20489	0.017243	-0.0410985	3.52502	1.72416	0.489121	0.53744	-3.49801	3.75481	1.81816	0.484221	44.1613	0.135302	0.486594	0.457646	0.106901
20490	-0.0368412	-0.0268993	3.59863	1.75788	0.488485	0.515284	-3.52089	3.64843	1.77697	0.487052	40.0468	0.152421	0.487764	0.46347	0.10682
20491	-0.0524055	-0.0209506	3.26927	1.66437	0.509095	0.523737	-3.47608	3.72963	1.73032	0.463941	35.964	0.16597	0.485033	0.467971	0.106942
20492	0.0624988	-0.0132332	3.73223	1.71958	0.460737	0.480501	-3.51127	3.69511	1.84897	0.500384	70.0313	0.087363	0.480462	0.461688	0.107129
20493	-0.0827885	-0.042783	3.82447	1.69933	0.444331	0.489445	-3.47577	3.68202	1.80417	0.489994	35.9913	0.163726	0.466729	0.456934	0.107138
20494	-0.0908989	0.00546978	3.83128	1.60229	0.418212	0.580722	-3.40133	3.4923	1.60416	0.45934	25.7303	0.225537	0.437824	0.475167	0.107143
20495	-0.00216751	-0.0341161	3.5151	1.6419	0.4671	0.487826	-3.45931	3.97179	1.76906	0.445405	48.8641	0.120047	0.455591	0.462454	0.107212
20496	-0.191018	-0.0989178	3.63251	1.73782	0.478407	0.576096	-3.45756	3.8748	1.84379	0.475842	19.1693	0.294232	0.477083	0.440647	0.107171
20497	-0.131762	-0.129386	3.56503	1.62354	0.455406	0.527645	-3.44967	3.70919	1.78383	0.480921	25.3538	0.217408	0.468416	0.447288	0.107354
20498	-0.169476	-0.174856	3.89996	1.73173	0.444037	0.562001	-3.39772	4.09462	1.74292	0.425662	19.4125	0.267529	0.434626	0.42782	0.107252
20499	-0.0940063	-0.187149	3.72765	1.64266	0.440668	0.584079	-3.35648	3.93321	1.68709	0.428935	21.8457	0.2299	0.434644	0.430049	0.106997
20500	-0.245973	-0.179341	3.67846	1.86529	0.507084	0.589881	-3.37281	3.85625	1.78704	0.463414	14.597	0.349326	0.484734	0.411215	0.107116
