cycle	Zbar1	Gbar1	VP1	VG1	h21	Zbar2	Gbar2	VP2	VG2	h22	h2b	h2b_denom	h2w	Qst	Fst
20000	-0.314541	-0.295895	3.58116	1.64447	0.459199	3.64315	-0.333209	4.27632	1.95167	0.456389	8.88877e-05	7.83166	0.45767	9.68288e-05	0.000387589
20001	-0.406485	-0.40337	3.51424	1.67077	0.47543	3.586	-0.413813	3.8809	1.86254	0.479924	6.84184e-06	7.96998	0.477788	7.72027e-06	0.000635756
20002	-0.421748	-0.370636	3.82311	1.74442	0.456283	3.60709	-0.464009	3.7508	1.83898	0.49029	0.000537142	8.11575	0.473124	0.0006082	0.000845957
20003	-0.358	-0.374232	3.87635	1.83078	0.472295	3.43144	-0.511018	3.96992	1.89208	0.476605	0.00130296	7.17991	0.474476	0.00125549	0.0010754
20004	-0.379551	-0.373512	3.87667	1.9169	0.49447	3.34257	-0.619946	3.71332	1.80502	0.486095	0.00438348	6.92711	0.490373	0.00406464	0.00133431
20005	-0.372794	-0.387936	3.89208	1.83415	0.471252	3.32344	-0.707972	3.72759	1.96742	0.527801	0.00749688	6.83106	0.498916	0.00669385	0.00161234
20006	-0.381809	-0.407917	3.81759	1.88151	0.492853	3.27902	-0.752304	3.87319	1.90133	0.490897	0.00884982	6.70084	0.491868	0.00778108	0.00187392
20007	-0.432476	-0.400104	4.23605	1.86224	0.439618	3.18123	-0.818166	3.93577	1.86191	0.473074	0.0133837	6.52942	0.455731	0.0116023	0.00205691
20008	-0.418144	-0.44863	3.79916	1.81749	0.478392	2.98105	-0.959124	4.14736	1.83191	0.441706	0.0225542	5.77728	0.459245	0.017548	0.00222102
20009	-0.501032	-0.384399	4.04316	1.86572	0.461451	3.08282	-1.01832	3.96154	1.89906	0.479373	0.0312875	6.42198	0.470321	0.0260043	0.00241344
20010	-0.464472	-0.402828	4.0419	1.99747	0.49419	2.83636	-1.1249	3.79086	1.99484	0.526225	0.0478534	5.44773	0.509694	0.0316324	0.00263036
20011	-0.471548	-0.378912	4.16869	1.9478	0.467246	2.78863	-1.1408	4.09734	2.06749	0.504593	0.0546129	5.31439	0.485758	0.0348973	0.0029085
20012	-0.435536	-0.425631	3.93673	2.07821	0.527902	2.93904	-1.13481	3.70646	1.96837	0.531064	0.0441647	5.69387	0.529435	0.03015	0.00317211
20013	-0.416529	-0.351753	4.04518	2.02499	0.500593	2.84743	-1.15354	3.86613	1.87895	0.486003	0.0603437	5.32673	0.493463	0.0395592	0.00345126
20014	-0.350009	-0.314034	4.30735	1.8188	0.422256	2.82177	-1.19538	4.06409	1.94785	0.479282	0.0772129	5.0301	0.44994	0.0490519	0.00371395
20015	-0.358819	-0.313573	3.72801	2.00521	0.537876	2.72697	-1.28091	4.22548	1.99518	0.472179	0.0982707	4.76105	0.502973	0.0552735	0.00390434
20016	-0.296103	-0.292077	4.20154	2.09875	0.499519	2.78114	-1.23302	4.05939	1.87552	0.462022	0.093498	4.73471	0.481093	0.0527808	0.00416322
20017	-0.33108	-0.300687	4.16586	1.89932	0.455925	2.67629	-1.30062	4.13591	1.99043	0.481256	0.110552	4.52214	0.468545	0.0604107	0.00445521
20018	-0.282886	-0.314797	3.82556	1.78431	0.466419	2.62718	-1.3427	3.53785	1.88599	0.533089	0.124767	4.23424	0.498451	0.0671683	0.00470373
20019	-0.432165	-0.38134	3.77518	1.86919	0.495125	2.76755	-1.33664	4.14342	2.02076	0.487703	0.0891368	5.11908	0.491241	0.0554278	0.00479733
20020	-0.32168	-0.349783	3.99596	1.70755	0.42732	2.58262	-1.38773	4.10424	2.04337	0.497868	0.127723	4.21747	0.463065	0.0670256	0.00516977
20021	-0.392966	-0.364906	3.81679	1.79681	0.470764	2.54344	-1.41158	4.15471	1.97355	0.475016	0.127054	4.31124	0.47298	0.0677528	0.0053423
20022	-0.403329	-0.40713	3.96759	1.93401	0.487452	2.60194	-1.41644	3.84739	1.84616	0.479848	0.112794	4.51581	0.483708	0.063149	0.00562103
20023	-0.234503	-0.292568	4.12151	1.91429	0.464462	2.57694	-1.44006	4.06257	2.02326	0.498026	0.166585	3.95212	0.481123	0.0771865	0.0058296
20024	-0.221225	-0.284225	3.61882	1.82498	0.504303	2.58197	-1.45407	3.82141	1.88968	0.494498	0.174162	3.92894	0.499267	0.0843749	0.00605269
20025	-0.305899	-0.299842	3.77848	2.05987	0.54516	2.50827	-1.48621	3.77814	1.77511	0.469837	0.177721	3.95976	0.5075	0.0840793	0.00635397
20026	-0.381108	-0.277501	3.99933	2.05309	0.513359	2.47648	-1.46321	3.62176	1.77706	0.490662	0.17217	4.0829	0.502573	0.0840911	0.00663835
20027	-0.274916	-0.260295	4.12043	1.86063	0.451562	2.61128	-1.41955	3.6159	1.77628	0.491242	0.161327	4.16506	0.470108	0.0846039	0.00698536
20028	-0.227182	-0.276285	4.08103	1.9727	0.483384	2.61477	-1.35791	3.78867	1.77443	0.468353	0.14485	4.03836	0.476148	0.072436	0.00719433
20029	-0.190343	-0.246357	3.86481	1.97839	0.511899	2.573	-1.38544	3.75951	1.82726	0.486037	0.16992	3.81803	0.499146	0.0785779	0.00735984
20030	-0.260909	-0.246831	3.85825	2.02882	0.525839	2.55087	-1.42818	4.09204	1.94277	0.474768	0.176519	3.95305	0.499553	0.0807906	0.00748934
20031	-0.300076	-0.252998	4.03174	1.93168	0.47912	2.57803	-1.4376	3.88042	1.81521	0.467788	0.169406	4.14175	0.473562	0.0856523	0.00792861
20032	-0.375633	-0.308206	3.71725	1.90974	0.513751	2.58799	-1.47015	3.93594	1.84191	0.467973	0.153717	4.39153	0.490208	0.0825793	0.00829164
20033	-0.280523	-0.321077	3.84517	1.86459	0.484917	2.496	-1.5029	3.75166	1.8928	0.504523	0.181178	3.85453	0.4946	0.0850682	0.00844114
20034	-0.325672	-0.315936	3.92536	1.92686	0.490876	2.39821	-1.57804	4.08819	1.91996	0.469635	0.214691	3.70978	0.480039	0.0938527	0.00863397
20035	-0.38807	-0.331074	3.67026	1.80743	0.492452	2.50436	-1.59194	3.82194	1.79311	0.469162	0.190026	4.18307	0.480571	0.0994562	0.00882812
20036	-0.30471	-0.331845	4.09742	1.97884	0.482947	2.36929	-1.61293	3.70432	1.8741	0.505923	0.229527	3.57513	0.493856	0.0962837	0.00905008
20037	-0.35711	-0.356758	3.9006	1.9761	0.506613	2.37401	-1.66696	3.78917	1.83875	0.485263	0.230141	3.72949	0.496093	0.101166	0.00934717
20038	-0.285963	-0.294591	4.1374	1.80488	0.436235	2.38638	-1.63559	3.85371	1.83993	0.477445	0.25181	3.5707	0.456108	0.10985	0.0096738
20039	-0.325165	-0.317073	3.96036	1.79946	0.454366	2.3864	-1.61333	3.69598	1.91987	0.519447	0.228528	3.6763	0.485783	0.101526	0.0100557
20040	-0.346008	-0.302527	3.62785	1.88418	0.519364	2.47336	-1.57101	3.85183	1.93222	0.501636	0.202427	3.97442	0.510235	0.095397	0.010333
20041	-0.326978	-0.29687	3.92111	2.00147	0.510434	2.34035	-1.61806	3.44529	1.74243	0.505741	0.245348	3.55731	0.508239	0.104439	0.0105568
20042	-0.321573	-0.289817	4.24359	2.08946	0.49238	2.30991	-1.66007	3.5229	1.87791	0.533058	0.271146	3.46236	0.510832	0.105845	0.0108516
20043	-0.228992	-0.237832	4.15623	2.11626	0.509178	2.30379	-1.73506	3.93114	1.8353	0.466861	0.349447	3.20749	0.488608	0.124262	0.011305
20044	-0.169592	-0.214999	3.96142	1.91394	0.483144	2.17982	-1.82127	4.15491	1.81658	0.437214	0.467433	2.75987	0.459632	0.147479	0.0115176
20045	-0.205492	-0.218399	3.91649	1.89798	0.484611	2.22071	-1.78507	3.88497	1.86608	0.480332	0.416967	2.94322	0.48248	0.140229	0.0117583
20046	-0.24271	-0.243411	4.0978	1.9348	0.472157	2.14396	-1.81984	3.73485	1.83696	0.491844	0.436277	2.84809	0.481544	0.141484	0.0119718
20047	-0.233987	-0.263767	3.84358	1.98866	0.517399	2.08901	-1.79442	3.5193	1.80399	0.512598	0.434169	2.69815	0.515104	0.133835	0.0122372
20048	-0.260509	-0.263043	4.07635	2.02516	0.496807	2.09992	-1.86543	3.93123	1.91595	0.487367	0.460846	2.78581	0.492173	0.140124	0.0123269
20049	-0.20301	-0.224786	3.97116	1.92376	0.484432	2.16156	-1.85333	4.07292	1.96181	0.481673	0.474344	2.79559	0.483035	0.145829	0.0127044
20050	-0.189091	-0.233803	4.09681	1.93993	0.473522	2.23249	-1.80444	3.96085	1.93253	0.487908	0.420683	2.93203	0.480594	0.13744	0.0127557
20051	-0.2428	-0.22565	4.0229	1.8437	0.458302	2.14062	-1.83881	3.94327	1.85684	0.470888	0.458095	2.84034	0.464532	0.149582	0.0129304
20052	-0.121861	-0.143974	3.70472	1.77805	0.479942	2.26027	-1.73891	3.91241	1.93562	0.494739	0.448287	2.83727	0.487542	0.146272	0.0131945
20053	-0.118755	-0.131881	4.20469	1.96074	0.466322	2.15116	-1.79789	3.94583	1.88101	0.47671	0.538688	2.57625	0.471351	0.153052	0.013457
20054	-0.078901	-0.10744	4.11082	1.97974	0.481592	2.11064	-1.87767	3.87268	1.89992	0.490596	0.653659	2.39705	0.48596	0.168076	0.0136416
20055	-0.125898	-0.112521	4.01081	1.92787	0.480668	2.15811	-1.81997	3.97821	1.99723	0.502042	0.558852	2.60835	0.491312	0.156674	0.0140271
20056	-0.102476	-0.111162	3.82373	1.89192	0.494783	2.22185	-1.84908	3.66287	1.91291	0.522244	0.559067	2.70126	0.508218	0.165662	0.0140431
20057	-0.221995	-0.244126	4.12156	1.90156	0.461368	2.3131	-1.77206	4.29176	1.96983	0.458979	0.363261	3.21335	0.460149	0.131065	0.0141078
20058	-0.191198	-0.272973	3.86456	1.70793	0.441946	2.17679	-1.87594	4.21503	2.00442	0.475542	0.458235	2.80368	0.459473	0.147575	0.0142022
20059	-0.182821	-0.278187	3.76773	1.74928	0.46428	2.04158	-1.92762	3.81392	1.93797	0.508131	0.549851	2.47398	0.486339	0.155801	0.014438
20060	-0.248003	-0.289047	3.90062	1.90442	0.488235	2.15818	-1.92247	3.93168	1.99835	0.508269	0.460828	2.89486	0.498292	0.146025	0.0147742
20061	-0.194441	-0.279274	4.02974	1.85819	0.461118	2.0798	-1.92333	4.15365	2.0007	0.481673	0.522587	2.58609	0.471551	0.149079	0.0151572
20062	-0.461545	-0.37404	3.75893	1.8541	0.493252	1.94554	-2.03181	3.98633	1.9065	0.478261	0.47431	2.89704	0.485536	0.154539	0.0154902
20063	-0.472903	-0.432958	3.91813	1.8152	0.463282	1.87832	-2.0836	3.87851	1.85835	0.47914	0.492853	2.76413	0.471171	0.156484	0.015677
20064	-0.424041	-0.458093	4.13003	1.93333	0.468114	1.96862	-2.06932	3.89085	1.90157	0.488728	0.453473	2.86241	0.478114	0.144805	0.0158772
20065	-0.389457	-0.388839	3.92675	2.06934	0.526986	1.86659	-2.08483	3.95292	1.82289	0.46115	0.56513	2.54488	0.493959	0.156007	0.0159384
20066	-0.38777	-0.380725	4.03186	2.08103	0.516146	1.8703	-2.08403	3.7148	1.87558	0.504895	0.568998	2.54944	0.510751	0.154983	0.0161563
20067	-0.440235	-0.361709	3.82829	2.09936	0.54838	1.96012	-2.06699	3.85032	1.93009	0.50128	0.504711	2.88084	0.524763	0.152909	0.0164124
20068	-0.219039	-0.262856	3.88044	1.90363	0.49057	1.93201	-2.08556	3.85391	1.88927	0.490223	0.718015	2.3135	0.490397	0.179715	0.016754
20069	-0.227108	-0.281366	4.04665	2.00045	0.494347	1.94177	-2.0951	4.01552	1.93416	0.481669	0.699324	2.35202	0.488033	0.172955	0.0167089
20070	-0.277533	-0.202501	4.07323	1.94775	0.478184	1.83323	-2.14058	3.96188	2.03576	0.513836	0.843067	2.22766	0.495763	0.190839	0.0171323
20071	-0.17173	-0.152813	4.16158	1.96338	0.471788	1.87477	-2.14789	3.95063	1.95569	0.495033	0.950374	2.09408	0.483108	0.202573	0.0174166
20072	-0.165686	-0.132391	3.85679	1.96335	0.509062	1.84016	-2.1273	3.72048	1.82613	0.490832	0.989126	2.01171	0.500111	0.208033	0.017655
20073	-0.13373	-0.178405	4.18048	2.05584	0.491771	1.83663	-2.17152	3.95522	1.92006	0.485449	1.02323	1.94116	0.488697	0.199943	0.0178084
20074	-0.128207	-0.158464	4.17481	2.03905	0.488416	1.85555	-2.16147	4.00322	1.85649	0.46375	1.0195	1.96765	0.476342	0.204838	0.018242
20075	-0.275997	-0.244754	4.14918	2.04687	0.49332	1.88971	-2.14818	3.75717	1.8013	0.47943	0.772454	2.34514	0.486719	0.190605	0.0185463
20076	-0.243809	-0.255932	3.82486	1.89764	0.496133	1.87244	-2.14642	3.90886	1.88206	0.481485	0.798025	2.23925	0.48873	0.191272	0.0185193
20077	-0.292669	-0.296409	3.64315	1.69054	0.464033	1.81075	-2.16682	3.9236	1.86965	0.476514	0.790722	2.21218	0.470504	0.197295	0.0190701
20078	-0.25263	-0.297038	3.75848	1.87525	0.498939	1.8855	-2.15047	3.79287	1.82975	0.482419	0.75143	2.2858	0.490641	0.188254	0.0193772
20079	-0.414023	-0.372156	4.12163	1.96307	0.476284	1.77233	-2.21432	4.03948	1.97631	0.489248	0.709927	2.39007	0.482701	0.177272	0.0196519
20080	-0.260847	-0.242967	3.98076	1.84062	0.462378	1.81854	-2.1906	3.72132	1.99161	0.535187	0.877294	2.16192	0.497556	0.198451	0.0195603
20081	-0.255074	-0.196445	3.39924	1.73959	0.511759	1.89159	-2.16811	4.24917	1.97119	0.4639	0.843608	2.30408	0.485171	0.207629	0.0198709
20082	-0.221379	-0.214386	3.86856	1.70769	0.441428	1.75055	-2.1906	4.12903	1.82679	0.442426	1.00435	1.94425	0.441943	0.216532	0.0202806
20083	-0.169902	-0.170723	3.63133	1.72265	0.474387	1.87281	-2.12859	4.03802	1.8912	0.468348	0.918657	2.08634	0.471207	0.20968	0.0203326
20084	-0.140467	-0.144432	3.78956	1.75748	0.46377	1.87871	-2.1133	3.77815	1.95625	0.51778	0.950788	2.03854	0.490734	0.207031	0.0205653
20085	-0.0546919	-0.115379	3.87412	1.88189	0.485759	1.83224	-2.18924	4.33302	1.99263	0.459872	1.20794	1.78025	0.472092	0.217313	0.0205259
20086	-0.101313	-0.140772	3.46652	1.80014	0.519292	1.82821	-2.20801	4.07243	1.9103	0.46908	1.14784	1.86152	0.492168	0.223651	0.0207974
20087	-0.116471	-0.121559	3.97882	1.9776	0.497031	1.84058	-2.20923	4.06872	1.96159	0.482114	1.13794	1.91503	0.489489	0.216756	0.021012
20088	-0.0261014	-0.0623708	3.94155	1.86004	0.471905	1.68686	-2.29744	3.64959	1.94768	0.53367	1.70249	1.46712	0.5016	0.247073	0.021128
20089	0.0290451	-0.0674107	4.09345	1.97147	0.481617	1.59773	-2.41637	4.02005	1.90782	0.474576	2.24225	1.23038	0.478128	0.262406	0.0214766
20090	-0.0543371	-0.0725498	3.89811	1.8307	0.469638	1.64376	-2.44982	3.90252	1.90563	0.488306	1.9599	1.44177	0.478978	0.274484	0.0216112
20091	-0.0353203	-0.0533897	3.56529	1.78338	0.500207	1.54662	-2.49749	3.91166	1.96337	0.501928	2.38703	1.25127	0.501108	0.285095	0.0217588
20092	-0.137554	-0.1286	3.69645	1.99649	0.540111	1.52652	-2.54246	3.77642	1.93249	0.511725	2.10417	1.38456	0.525766	0.270572	0.0218182
20093	-0.199882	-0.134668	3.79347	2.03017	0.535174	1.51584	-2.54225	3.87398	1.80296	0.465403	1.96911	1.47185	0.499922	0.274437	0.0220614
20094	-0.183643	-0.238944	4.19655	1.85989	0.443194	1.5093	-2.5495	3.8187	1.76101	0.461155	1.86272	1.43304	0.451751	0.269426	0.0222675
20095	-0.364148	-0.395858	3.69448	1.85354	0.501704	1.40016	-2.57069	3.75835	1.82079	0.484465	1.5195	1.55639	0.493011	0.243559	0.022528
20096	-0.391655	-0.409934	3.70684	1.88917	0.509644	1.43438	-2.55333	3.73189	1.85796	0.497861	1.37781	1.6672	0.503733	0.234693	0.022854
20097	-0.465749	-0.435053	3.92066	1.90393	0.485616	1.37706	-2.61203	3.71406	1.84539	0.496866	1.39555	1.69798	0.491089	0.240215	0.0227906
20098	-0.521882	-0.405967	3.85363	1.85673	0.481812	1.37662	-2.62372	3.85713	1.93779	0.502392	1.36459	1.80216	0.492107	0.244832	0.0231508
20099	-0.372926	-0.390408	4.00049	1.95549	0.488812	1.48447	-2.56893	4.05332	1.85134	0.456747	1.37568	1.72496	0.472674	0.237707	0.0234053
20100	-0.266465	-0.335506	4.10027	1.97994	0.482881	1.5708	-2.44127	4.10762	2.01109	0.489601	1.31365	1.68777	0.486244	0.217468	0.0238126
20101	-0.356973	-0.314122	3.64277	1.87502	0.514725	1.57786	-2.39879	4.36793	2.08767	0.477955	1.16087	1.87179	0.494676	0.21526	0.02428
20102	-0.403289	-0.362161	4.0371	1.99999	0.495403	1.6171	-2.45344	4.12093	2.02182	0.490622	1.0714	2.04098	0.492988	0.213832	0.0245859
20103	-0.424329	-0.392075	4.02173	2.02855	0.504397	1.59567	-2.46581	3.85476	1.8898	0.490251	1.05391	2.0402	0.497474	0.215386	0.0247068
20104	-0.275882	-0.302873	4.37854	2.10347	0.480406	1.59175	-2.45848	3.96353	1.82037	0.459281	1.33216	1.74403	0.470369	0.228513	0.0250462
20105	-0.305407	-0.312384	4.0586	1.97163	0.485791	1.48963	-2.41958	3.84	1.82151	0.474352	1.37805	1.61108	0.48023	0.226484	0.0251474
20106	-0.295694	-0.311248	3.93451	1.93045	0.490646	1.65307	-2.40747	3.96569	1.87592	0.473036	1.15706	1.89885	0.481806	0.224054	0.0256458
20107	-0.361958	-0.346899	4.22647	2.00614	0.47466	1.62904	-2.39001	4.19793	2.04405	0.486919	1.05304	1.98204	0.480769	0.204955	0.0258508
20108	-0.336204	-0.370759	3.97412	1.82188	0.458436	1.64746	-2.3787	3.88375	1.9601	0.504693	1.02463	1.96745	0.481299	0.210515	0.0261826
20109	-0.301293	-0.291862	3.98085	1.94717	0.489134	1.6479	-2.31886	3.7887	1.87681	0.49537	1.08143	1.89967	0.492175	0.211823	0.026445
20110	-0.309301	-0.278538	3.85864	1.97115	0.51084	1.65343	-2.30143	3.82531	1.95074	0.509957	1.06224	1.92616	0.5104	0.206966	0.0269492
20111	-0.333679	-0.29761	3.96543	1.88153	0.474483	1.65604	-2.33946	3.99098	1.99617	0.500171	1.05308	1.97949	0.487368	0.211931	0.0273387
20112	-0.282251	-0.253788	3.98722	1.76492	0.442645	1.6754	-2.36537	4.11105	1.94914	0.474122	1.16344	1.9162	0.458624	0.230934	0.0276141
20113	-0.241297	-0.215064	3.64864	1.78886	0.490281	1.63706	-2.38641	3.8945	1.96296	0.504034	1.3363	1.76412	0.497382	0.239152	0.0277611
20114	-0.163948	-0.213221	3.48929	1.67626	0.480403	1.5933	-2.36129	3.93091	1.8626	0.473834	1.49428	1.54396	0.476923	0.245926	0.0277707
20115	-0.200896	-0.245811	3.86487	1.82069	0.471088	1.57061	-2.43874	3.74511	1.79637	0.479657	1.53236	1.56912	0.475305	0.249555	0.0279265
20116	-0.256418	-0.221096	4.09325	1.95179	0.476832	1.55199	-2.43093	3.85249	1.74183	0.452129	1.49322	1.63517	0.464855	0.248512	0.0281791
20117	-0.223306	-0.236574	4.05011	1.97795	0.488371	1.55549	-2.48235	4.0148	1.75186	0.436352	1.59397	1.58206	0.462475	0.252741	0.0284
20118	-0.168813	-0.176378	3.77598	1.83559	0.486123	1.51496	-2.50243	3.94624	1.8039	0.457118	1.9084	1.41755	0.471301	0.271051	0.0287048
20119	-0.204829	-0.176068	3.78972	1.82511	0.481594	1.56838	-2.45456	3.43814	1.6869	0.490642	1.65111	1.57214	0.485898	0.269936	0.0286368
20120	-0.26088	-0.228898	3.79042	1.80255	0.475555	1.42021	-2.58185	3.71941	1.79244	0.481916	1.95904	1.41303	0.478705	0.278082	0.028759
20121	-0.207166	-0.186277	3.75821	1.80715	0.480855	1.49119	-2.58149	3.91877	1.82439	0.465551	1.989	1.4422	0.473043	0.283228	0.0290495
20122	-0.177962	-0.215788	3.98081	1.9496	0.489751	1.4556	-2.55536	3.91219	1.88551	0.481958	2.05116	1.33426	0.485888	0.263072	0.0291156
20123	-0.100421	-0.214925	4.02121	1.91102	0.475235	1.48907	-2.55217	3.95284	1.76388	0.44623	2.16217	1.26325	0.460857	0.271036	0.029357
20124	-0.136856	-0.177075	4.05172	1.96708	0.485493	1.4497	-2.55113	3.97948	1.86751	0.469286	2.23911	1.25857	0.477462	0.268813	0.02961
20125	-0.182668	-0.169226	3.64754	1.83532	0.503166	1.40436	-2.55976	3.8805	1.87088	0.482123	2.26892	1.25933	0.492319	0.278329	0.0299202
20126	-0.238726	-0.189038	3.85106	1.99555	0.518181	1.49438	-2.56541	3.75587	1.84556	0.491382	1.88008	1.50184	0.504949	0.268861	0.0301422
20127	-0.309108	-0.247877	4.01254	1.88914	0.47081	1.45013	-2.53253	3.82136	1.82517	0.477623	1.68652	1.54745	0.474133	0.260078	0.0302495
20128	-0.322422	-0.330092	3.8564	1.90791	0.494738	1.58229	-2.4725	3.53306	1.77151	0.501409	1.26515	1.81397	0.497928	0.237816	0.0304327
20129	-0.303319	-0.344837	3.82754	1.87807	0.490674	1.59768	-2.41709	3.93208	1.80996	0.460307	1.18828	1.8069	0.475285	0.225549	0.0308083
20130	-0.35625	-0.359301	3.70197	1.91502	0.517298	1.72264	-2.41842	3.42073	1.82958	0.534852	0.981076	2.16088	0.525728	0.220707	0.0311425
20131	-0.300136	-0.375796	3.82444	1.88499	0.49288	1.62476	-2.41293	3.67221	1.79883	0.489848	1.12002	1.8526	0.491395	0.21983	0.031348
20132	-0.361938	-0.343855	3.55259	1.67266	0.470828	1.60972	-2.40807	3.87525	1.79368	0.462855	1.0961	1.94371	0.466669	0.235161	0.0316025
20133	-0.368388	-0.307015	3.52758	1.79863	0.509878	1.52328	-2.42652	4.2944	1.83045	0.426241	1.25539	1.78921	0.46396	0.236421	0.0317931
20134	-0.270435	-0.261053	3.78683	1.86965	0.493725	1.53778	-2.43583	3.58545	1.7312	0.482839	1.44654	1.63482	0.488431	0.247292	0.0322281
20135	-0.3082	-0.28694	4.02576	1.95751	0.486248	1.54295	-2.45588	4.15283	1.79956	0.433335	1.37281	1.71338	0.45938	0.238493	0.0324404
20136	-0.303666	-0.301041	3.89763	1.91648	0.491704	1.46384	-2.53098	3.58375	1.69105	0.471865	1.59172	1.56203	0.482201	0.256381	0.0326063
20137	-0.355487	-0.298961	3.92066	1.91628	0.488763	1.46327	-2.48667	3.87653	1.70876	0.440797	1.44687	1.65394	0.464916	0.248254	0.0327529
20138	-0.270539	-0.262139	3.87813	1.88821	0.486887	1.48497	-2.53394	3.85591	1.88057	0.48771	1.67468	1.54091	0.487297	0.255137	0.0330698
20139	-0.278927	-0.268195	4.09454	1.94598	0.475263	1.52627	-2.53998	3.6896	2.04457	0.554146	1.58375	1.62936	0.512652	0.244421	0.0335408
20140	-0.247005	-0.201234	3.86153	1.82065	0.471484	1.47876	-2.50244	3.72055	1.90577	0.512227	1.77807	1.48913	0.491477	0.262237	0.0336705
20141	-0.154581	-0.164534	3.90951	1.7898	0.457808	1.40464	-2.53075	3.83549	2.04337	0.532754	2.30298	1.21559	0.494923	0.267586	0.0340128
20142	-0.196931	-0.140206	3.86158	2.01692	0.522305	1.50016	-2.55366	3.94723	2.00017	0.506728	2.0224	1.44006	0.514431	0.266151	0.0342177
20143	-0.156194	-0.154884	3.74859	1.85551	0.494988	1.52319	-2.52971	3.57809	1.70839	0.477458	1.99968	1.41017	0.486427	0.283574	0.0344861
20144	-0.0381629	-0.0590723	4.04331	2.04945	0.506875	1.48234	-2.52128	3.63807	1.8792	0.516538	2.62225	1.15597	0.511451	0.278489	0.0345855
20145	-0.0401757	-0.0625521	3.9136	2.0473	0.523126	1.39761	-2.56802	3.89084	1.80494	0.463894	3.03663	1.03361	0.493596	0.289566	0.0345818
20146	-0.126823	-0.122182	4.18708	2.01465	0.48116	1.47107	-2.5285	4.09601	1.96753	0.480353	2.26783	1.27663	0.480761	0.266701	0.0345376
20147	-0.131083	-0.0827309	3.9826	2.05081	0.514942	1.45407	-2.55208	3.91506	1.97725	0.505037	2.42673	1.25635	0.510032	0.274647	0.0349154
20148	-0.0865685	-0.108478	3.75269	2.01947	0.538139	1.40704	-2.58257	3.93237	1.76021	0.447622	2.74384	1.11543	0.491822	0.288294	0.0349624
20149	-0.0852724	-0.0376434	3.76983	1.87968	0.498611	1.3783	-2.6005	3.66989	1.80946	0.493055	3.06635	1.07102	0.49587	0.308117	0.0350832
20150	-0.00161416	-0.0512316	3.97735	2.00549	0.504228	1.3514	-2.59665	4.00893	1.88242	0.469556	3.5393	0.915319	0.486823	0.2942	0.035151
20151	0.0464264	-0.0103783	4.50806	2.07987	0.461368	1.49763	-2.55068	4.10043	1.90983	0.465765	3.06418	1.053	0.463462	0.288035	0.0356069
20152	-0.0253964	-0.0558729	3.91833	1.96376	0.501174	1.37755	-2.62786	3.73739	1.68595	0.451104	3.3609	0.984127	0.476731	0.311935	0.0358517
20153	-0.0741284	-0.0448824	3.9111	1.96989	0.503667	1.38909	-2.60996	4.19964	1.99085	0.474052	3.07313	1.07051	0.488332	0.293541	0.0360417
20154	-0.0460323	-0.124907	3.89587	1.93619	0.496986	1.41756	-2.54067	4.28868	2.01771	0.470473	2.72439	1.07105	0.483093	0.269636	0.03636
20155	-0.156626	-0.181341	4.1511	2.00732	0.483565	1.40996	-2.53413	4.06868	1.94555	0.478177	2.25559	1.22709	0.480898	0.259411	0.0364453
20156	-0.111228	-0.0992064	3.80559	1.90632	0.500927	1.45148	-2.56385	4.12144	1.95966	0.475479	2.48744	1.22103	0.487696	0.282131	0.0364906
20157	-0.104336	-0.0662706	4.01618	1.80031	0.448263	1.43643	-2.57089	4.44986	2.02816	0.45578	2.64246	1.18698	0.452214	0.2907	0.0366291
20158	-0.019334	-0.0984186	3.94448	1.96607	0.498436	1.5108	-2.57936	4.01425	1.9781	0.492769	2.6289	1.17066	0.495578	0.280749	0.0368438
20159	-0.134241	-0.120363	4.17183	2.17159	0.520536	1.54566	-2.5003	3.74938	1.88744	0.503401	2.00708	1.41103	0.512426	0.258728	0.0369454
20160	-0.0553381	-0.12054	3.93362	2.02571	0.514974	1.46515	-2.5111	3.87301	1.89466	0.489197	2.47192	1.15594	0.502186	0.26719	0.0370473
20161	-0.0987302	-0.112262	3.82697	1.97118	0.515076	1.54092	-2.51911	4.10282	1.96461	0.478844	2.15474	1.34422	0.49633	0.269085	0.0371527
20162	-0.208568	-0.185934	4.16964	2.00997	0.482048	1.34916	-2.63373	3.80752	1.97351	0.51832	2.46925	1.21326	0.499361	0.273374	0.0375395
20163	-0.250308	-0.191771	3.97493	2.03997	0.51321	1.45157	-2.61481	4.31599	1.9571	0.453454	2.02706	1.44819	0.482103	0.268684	0.0374623
20164	-0.231885	-0.213005	4.05289	1.93732	0.478009	1.47023	-2.56094	3.96825	1.91497	0.482573	1.9028	1.4486	0.480267	0.26359	0.0377653
20165	-0.140636	-0.17649	3.77216	1.85132	0.490783	1.48292	-2.47724	3.95452	1.83469	0.463948	2.0082	1.31796	0.477049	0.264275	0.0378969
20166	-0.0444559	-0.091683	3.91446	1.95362	0.499079	1.53894	-2.51355	3.896	1.75785	0.451194	2.33949	1.25357	0.475193	0.2833	0.0380715
20167	-0.0228168	-0.0448547	3.72431	1.80652	0.48506	1.42678	-2.56662	3.7773	1.84709	0.488996	3.02633	1.05066	0.487042	0.303309	0.0384138
20168	0.0614841	-0.081384	3.56953	1.84615	0.517198	1.51963	-2.54659	4.03079	1.85476	0.460147	2.85828	1.06309	0.486941	0.291147	0.0386138
20169	-0.131291	-0.125513	3.81748	1.98637	0.520336	1.5225	-2.47287	4.26142	1.88711	0.442835	2.01462	1.36752	0.479457	0.262431	0.0386852
20170	-0.0568782	-0.107146	3.93259	1.9847	0.50468	1.51265	-2.4326	3.96666	1.92829	0.486124	2.1952	1.23171	0.495362	0.256876	0.0390508
20171	-0.233668	-0.11645	3.69022	1.96511	0.532517	1.51349	-2.43354	4.07998	2.03221	0.498094	1.75881	1.52629	0.514442	0.251469	0.0393333
20172	-0.0823141	-0.0710619	3.96207	1.84129	0.464729	1.58135	-2.37858	4.04486	1.97869	0.489187	1.92381	1.38388	0.477084	0.258517	0.0391766
20173	-0.0583265	-0.0672412	3.81462	1.89731	0.497379	1.75881	-2.32463	4.05919	2.09088	0.515096	1.54325	1.65099	0.506513	0.242189	0.0392087
20174	-0.142691	-0.0438839	3.91033	1.76498	0.451363	1.67503	-2.3768	4.17423	2.01529	0.482792	1.64718	1.65206	0.46759	0.264764	0.0396014
20175	0.00253198	-0.101232	3.73672	1.87267	0.501152	1.62814	-2.3915	3.94512	1.89077	0.479269	1.98491	1.3213	0.489914	0.258497	0.0398378
20176	-0.173673	-0.164963	4.10582	1.97611	0.481294	1.64976	-2.42714	3.99327	1.91982	0.480764	1.53913	1.66245	0.481033	0.247299	0.0398931
20177	-0.265384	-0.202605	3.72474	1.9499	0.5235	1.51073	-2.45872	4.06639	2.04451	0.502784	1.61355	1.57728	0.512688	0.241696	0.0403327
20178	-0.173026	-0.185863	3.90774	1.74741	0.447167	1.51819	-2.46773	4.21101	2.21464	0.525916	1.82046	1.43011	0.488013	0.247392	0.0406018
20179	-0.234002	-0.21906	3.72053	1.76405	0.474139	1.51929	-2.53742	3.88508	1.9898	0.512164	1.74845	1.53702	0.493563	0.263695	0.0407544
20180	-0.208019	-0.23109	3.70251	1.73765	0.469316	1.44838	-2.48502	3.9136	1.87698	0.479604	1.85162	1.37183	0.474602	0.260103	0.0410817
20181	-0.220895	-0.23587	3.88188	1.8134	0.467144	1.46924	-2.46527	3.69169	1.8223	0.493622	1.73995	1.42827	0.480051	0.254808	0.0415285
20182	-0.284038	-0.259683	4.15541	1.83354	0.441242	1.53849	-2.43437	3.99771	1.90252	0.475901	1.42379	1.6608	0.458236	0.240478	0.0417172
20183	-0.194264	-0.181872	3.858	1.95719	0.507307	1.57977	-2.42138	4.08624	1.9859	0.485997	1.59362	1.57359	0.496346	0.241359	0.0418444
20184	-0.217274	-0.172869	3.73193	1.80047	0.482451	1.54809	-2.48255	3.98985	2.03881	0.511	1.71173	1.55825	0.497202	0.257909	0.0421304
20185	-0.13135	-0.190688	3.80916	1.95439	0.513078	1.54146	-2.50595	4.03916	1.92021	0.475398	1.91561	1.39915	0.493685	0.257082	0.0422812
20186	-0.137148	-0.0991966	3.9813	1.9267	0.483937	1.43599	-2.57466	4.1877	1.86061	0.444303	2.47617	1.23738	0.463619	0.288108	0.0426751
20187	-0.141605	-0.150478	3.64707	1.82137	0.499406	1.34085	-2.57902	3.56587	1.73201	0.485718	2.68368	1.09883	0.492639	0.293363	0.0432853
20188	-0.223008	-0.167651	4.38002	1.99242	0.454887	1.44455	-2.52817	3.58541	1.67682	0.46768	2.0038	1.39037	0.460645	0.275277	0.0434384
20189	-0.128025	-0.145734	3.85097	1.88284	0.488925	1.42153	-2.55496	4.01824	1.96095	0.488012	2.41737	1.20055	0.488458	0.274155	0.0439348
20190	-0.101098	-0.100817	3.9889	2.01841	0.506007	1.44568	-2.54077	3.96223	2.05839	0.519503	2.48831	1.19627	0.512732	0.267539	0.0441718
20191	-0.237061	-0.147371	4.27928	2.0412	0.476997	1.37023	-2.57909	4.20262	2.13565	0.508171	2.28897	1.29169	0.492443	0.261506	0.0447664
20192	-0.0832156	-0.114109	3.93822	1.9791	0.502537	1.51817	-2.54713	4.33189	2.10025	0.484836	2.30834	1.28222	0.493265	0.266302	0.0448354
20193	-0.0738575	-0.100459	4.00746	1.97065	0.491745	1.37071	-2.60475	4.044	2.20435	0.545092	3.00535	1.04339	0.518539	0.273111	0.0450395
20194	-0.153259	-0.142823	3.76717	1.83626	0.487437	1.39811	-2.5688	4.09538	1.94737	0.475505	2.44538	1.20337	0.481222	0.280092	0.0449768
20195	-0.0947293	-0.120823	3.71203	1.79468	0.483476	1.46923	-2.51933	4.29244	1.95467	0.455375	2.35197	1.22298	0.468407	0.277342	0.0453111
20196	-0.0701788	-0.0918584	3.76467	1.75053	0.464988	1.51727	-2.47126	3.79558	1.86997	0.492671	2.24666	1.25999	0.478886	0.281161	0.0458115
20197	-0.0696781	-0.0651324	3.69979	1.89528	0.512268	1.49432	-2.48695	4.07428	1.85503	0.455303	2.39779	1.22304	0.482413	0.281183	0.0458064
20198	-0.0226029	-0.0772908	4.09641	1.89009	0.461401	1.56292	-2.44094	3.81454	1.82659	0.478849	2.22242	1.25693	0.469814	0.273248	0.0465257
20199	-0.171134	-0.160741	3.97954	2.00486	0.503793	1.56216	-2.44671	3.96965	1.89294	0.476853	1.73939	1.50215	0.49034	0.251124	0.0469941
20200	-0.12745	-0.152244	4.0572	2.05556	0.506645	1.51002	-2.4924	3.68893	1.93236	0.523827	2.04241	1.34065	0.514828	0.255663	0.0474648
20201	-0.238961	-0.231421	3.75205	1.91743	0.511036	1.52987	-2.54574	4.00101	1.97163	0.492784	1.71187	1.56438	0.501617	0.256215	0.0471661
20202	-0.162634	-0.214245	3.93025	1.96477	0.499909	1.44866	-2.57435	3.98334	1.86236	0.467537	2.14543	1.29813	0.483615	0.266883	0.0473468
20203	-0.191632	-0.178894	4.1267	2.00197	0.485126	1.37988	-2.60695	3.64264	1.84959	0.507761	2.38717	1.23482	0.495738	0.276861	0.0475607
20204	-0.151734	-0.179508	3.78117	1.84387	0.487647	1.38494	-2.68282	4.04325	1.89458	0.468579	2.65379	1.18068	0.477794	0.295413	0.0477073
20205	-0.0687374	-0.163903	3.77045	1.85179	0.491132	1.32284	-2.70691	3.91709	1.84156	0.470134	3.33948	0.96825	0.480433	0.30457	0.048103
20206	-0.172624	-0.199818	3.79643	1.9482	0.513167	1.23007	-2.76617	3.79048	1.79577	0.473759	3.3474	0.98377	0.493478	0.305557	0.0483783
20207	-0.227088	-0.168558	4.10182	1.96114	0.478115	1.3115	-2.72632	3.82722	1.91546	0.500482	2.76359	1.18363	0.488911	0.296819	0.0484198
20208	-0.0370623	-0.0669987	4.0859	2.07699	0.50833	1.26021	-2.72518	3.45707	1.85576	0.536802	4.19866	0.841452	0.521379	0.310059	0.0487933
20209	-0.143564	-0.155332	3.96334	2.06425	0.520836	1.3192	-2.68551	3.52872	1.79512	0.508718	2.99194	1.06984	0.515128	0.293236	0.0488306
20210	-0.139446	-0.163157	4.027	2.03431	0.505168	1.41362	-2.63924	3.63952	1.82836	0.502364	2.54183	1.20601	0.503837	0.284184	0.0490184
20211	-0.152855	-0.188307	3.88091	1.86852	0.481466	1.42138	-2.60438	4.11344	1.93095	0.469424	2.35548	1.23911	0.47527	0.277605	0.0490693
20212	-0.28441	-0.25535	3.83929	1.86337	0.485341	1.51098	-2.55212	3.93456	1.85599	0.471714	1.63651	1.61172	0.478444	0.261858	0.0492049
20213	-0.238394	-0.272993	3.81703	1.86335	0.488166	1.43887	-2.56014	4.024	1.87919	0.466995	1.85944	1.40661	0.477301	0.259043	0.0494935
20214	-0.365709	-0.318991	3.9615	1.79247	0.452473	1.38512	-2.597	4.01806	2.10465	0.523798	1.69287	1.5327	0.488388	0.249847	0.0497778
20215	-0.223097	-0.217841	4.17803	2.05283	0.49134	1.3961	-2.57294	4.00664	2.01993	0.504146	2.11553	1.3109	0.497609	0.254084	0.0495856
20216	-0.169493	-0.127991	4.21791	1.98863	0.471472	1.38388	-2.57789	3.798	2.01687	0.531035	2.48741	1.20648	0.499694	0.272621	0.0498287
20217	-0.102274	-0.0999159	3.96577	1.97534	0.498097	1.36598	-2.6216	3.97129	1.82771	0.460232	2.94971	1.07788	0.479152	0.294891	0.0503307
20218	-0.0677404	-0.0776651	4.03335	1.88319	0.466904	1.3141	-2.63468	3.86779	1.90178	0.491696	3.42416	0.954736	0.47904	0.301714	0.0504619
20219	-0.0756655	-0.0293408	3.68276	1.91694	0.520518	1.35987	-2.70094	3.98468	1.84427	0.462841	3.46348	1.03039	0.490544	0.321872	0.0506808
20220	-0.0800729	-0.0830907	3.82931	2.01582	0.526419	1.24585	-2.72935	3.94397	2.04677	0.518962	3.98314	0.879041	0.522635	0.301256	0.0510385
20221	-0.133443	-0.102193	3.8629	1.80986	0.468523	1.35001	-2.66793	4.24602	1.97967	0.466242	2.99141	1.10032	0.467328	0.302896	0.0512448
20222	-0.120246	-0.147127	3.70279	1.81549	0.490303	1.36186	-2.68276	3.90048	1.9706	0.50522	2.92695	1.09832	0.497955	0.298126	0.0517342
20223	-0.15474	-0.087924	3.81278	1.94466	0.510036	1.2515	-2.69332	3.75521	1.96414	0.523043	3.43265	0.988752	0.51649	0.30283	0.0518021
20224	-0.0551054	-0.0705803	4.04206	2.02536	0.501071	1.34808	-2.65854	4.10868	2.01458	0.490322	3.40163	0.984463	0.495653	0.29312	0.0519892
20225	-0.0844037	-0.0965616	4.04422	1.96567	0.486045	1.34117	-2.62614	3.80258	1.89838	0.499235	3.14861	1.01612	0.492437	0.292886	0.0523117
20226	-0.179051	-0.151844	3.73869	2.01007	0.537639	1.36417	-2.62781	3.56658	1.79331	0.502811	2.57416	1.19076	0.520635	0.287323	0.0523813
20227	-0.158571	-0.158487	4.04852	2.10464	0.519853	1.40692	-2.66494	3.98674	1.93085	0.484319	2.56342	1.22538	0.502223	0.280258	0.0525723
20228	-0.131775	-0.146176	3.85337	1.96149	0.509032	1.23793	-2.67931	3.86009	1.84557	0.478116	3.42028	0.938046	0.493561	0.296559	0.0529797
20229	-0.106048	-0.106399	4.09483	1.99697	0.487681	1.36165	-2.66866	3.68731	1.8802	0.509912	3.04771	1.07707	0.498214	0.297523	0.0534721
20230	-0.079816	-0.0801043	3.93565	1.97144	0.500919	1.40135	-2.62196	3.88521	1.78376	0.459116	2.94506	1.09692	0.480153	0.300871	0.0534924
20231	-0.143897	-0.0486925	3.8914	2.00626	0.515562	1.45178	-2.56344	3.8556	1.76612	0.458066	2.48371	1.27309	0.486946	0.295431	0.0532854
20232	-0.0166722	-0.0205245	4.03427	2.02751	0.502572	1.42868	-2.60983	4.0268	2.03488	0.505334	3.20936	1.04453	0.503952	0.292187	0.0538845
20233	-0.0610946	-0.0484965	3.95508	1.93373	0.488923	1.31531	-2.68834	4.03505	1.85007	0.458499	3.67843	0.94725	0.473559	0.315381	0.0539464
20234	-0.0115421	-0.0371816	4.18579	1.908	0.455828	1.35218	-2.65356	3.81356	1.75286	0.459638	3.68084	0.929875	0.457644	0.318666	0.0541906
20235	-0.0157284	-0.0427056	3.6019	1.84263	0.511571	1.51697	-2.58594	3.88265	1.78614	0.46003	2.75333	1.17458	0.484834	0.308356	0.0543284
20236	-0.0630205	-0.0665645	3.8083	1.94827	0.511586	1.45949	-2.56449	4.02797	1.83781	0.456262	2.69177	1.15902	0.483149	0.291893	0.054951
20237	-0.0205396	-0.0666059	3.99614	1.9122	0.478512	1.42375	-2.57922	4.12339	1.9323	0.468619	3.02654	1.04298	0.473488	0.291154	0.0552787
20238	-0.069115	-0.088827	4.0692	1.83232	0.45029	1.43041	-2.5842	3.98671	1.9169	0.480824	2.76928	1.12428	0.4654	0.293496	0.0553464
20239	-0.0507971	-0.08139	3.76373	1.81769	0.482949	1.5021	-2.56271	3.99263	1.9252	0.482188	2.55318	1.20574	0.482557	0.291508	0.055078
20240	-0.162866	-0.0597167	3.53529	1.80209	0.509743	1.4804	-2.53257	4.07408	1.95921	0.480895	2.26455	1.35016	0.494298	0.28909	0.0551556
20241	-0.0412972	-0.0418889	3.89363	1.83654	0.471678	1.49849	-2.55125	4.01657	1.81942	0.45298	2.65586	1.18548	0.462183	0.301094	0.0554301
20242	0.109394	0.0373887	3.87008	1.94071	0.501465	1.38566	-2.56907	3.65718	1.81881	0.497327	4.17077	0.814434	0.499455	0.311289	0.0554987
20243	0.0906228	0.0441143	3.62245	1.86492	0.514822	1.33563	-2.60519	3.7316	1.78349	0.477943	4.52817	0.775017	0.496109	0.324868	0.0554158
20244	-0.0529431	-0.0232485	3.62671	1.88844	0.520703	1.43763	-2.56202	3.95269	1.85659	0.469702	2.90095	1.11091	0.494106	0.300933	0.0552354
20245	-0.143807	-0.0718065	3.74176	1.87949	0.502303	1.38425	-2.63416	3.9643	1.95721	0.493709	2.81188	1.16748	0.497882	0.299736	0.0555787
20246	-0.0448459	-0.0307077	3.8249	1.91538	0.500765	1.35342	-2.64156	3.74911	1.96221	0.523381	3.48648	0.977569	0.51196	0.305412	0.0558732
20247	0.0241778	-0.0200008	3.98767	1.82575	0.457848	1.33762	-2.61244	4.04446	1.95702	0.483877	3.89578	0.862571	0.470954	0.307667	0.056108
20248	0.0695256	0.0153796	3.89061	1.7202	0.44214	1.44323	-2.61382	3.8707	1.94272	0.501904	3.66317	0.943538	0.471946	0.32067	0.0561292
20249	-0.00256337	-0.04299	3.79033	1.75069	0.461884	1.36071	-2.61084	3.83998	1.77594	0.462486	3.54791	0.929259	0.462187	0.318646	0.0564894
20250	0.0309071	0.0158297	3.82856	1.77758	0.464293	1.3329	-2.59758	3.83557	1.92826	0.502732	4.029	0.847594	0.48353	0.31553	0.0569753
20251	0.0383696	-0.0118049	3.86367	1.85822	0.480947	1.45277	-2.54639	3.71975	1.85517	0.498735	3.21122	1.00026	0.489672	0.302024	0.0571308
20252	-0.0743536	0.0195114	4.03827	1.96437	0.486437	1.44008	-2.60664	3.97093	2.00599	0.50517	3.00704	1.14676	0.495725	0.302882	0.0576603
20253	0.00833795	0.0312575	3.83379	1.95529	0.510015	1.23935	-2.66403	4.02904	1.94213	0.482033	4.79389	0.75769	0.495677	0.317974	0.0580592
20254	-0.0757627	0.018449	3.98122	1.83051	0.459786	1.25403	-2.68736	4.00314	2.00303	0.500363	4.14024	0.884174	0.48013	0.323271	0.058075
20255	0.0321806	0.00391655	3.85891	1.88474	0.488412	1.38667	-2.59636	3.82531	1.82581	0.477296	3.68545	0.917318	0.482878	0.313085	0.0583942
20256	0.0787105	0.0655429	3.86265	1.80122	0.466318	1.47744	-2.60306	3.88503	1.81708	0.467713	3.63997	0.978228	0.467017	0.329889	0.0583905
20257	0.0112554	0.0515233	3.69772	1.83545	0.496375	1.47324	-2.57022	3.56351	1.82024	0.510801	3.21586	1.0687	0.503454	0.319863	0.0586595
20258	0.0143971	0.056107	4.34154	2.02784	0.467078	1.29752	-2.63876	3.94943	1.9667	0.497971	4.41098	0.823207	0.481794	0.312593	0.058927
20259	0.0535007	0.0421509	3.93278	1.97507	0.502207	1.37397	-2.68315	3.97252	1.95975	0.493328	4.25962	0.871822	0.497745	0.320712	0.0591477
20260	0.149537	0.0898058	3.9859	1.97416	0.495287	1.34427	-2.66342	4.2391	1.94852	0.459653	5.31058	0.713691	0.476921	0.325848	0.0594855
20261	0.0699354	0.0763614	3.99759	2.03257	0.508449	1.40996	-2.63177	3.96947	1.93346	0.487082	4.08429	0.897829	0.497803	0.316254	0.059701
20262	0.107462	0.113931	4.11601	1.99186	0.483931	1.32153	-2.67271	4.24543	1.98183	0.466815	5.2684	0.736977	0.475241	0.328315	0.0600701
20263	0.170449	0.143694	3.81755	1.99662	0.52301	1.41955	-2.71037	3.86826	1.93454	0.500108	5.22075	0.780125	0.511483	0.341359	0.0603367
20264	0.187933	0.200386	3.83805	1.94249	0.506114	1.39103	-2.62385	3.97631	1.78643	0.449267	5.51062	0.723722	0.477188	0.348546	0.0604813
20265	0.301068	0.323275	3.83066	1.92412	0.502296	1.42418	-2.58686	3.9137	1.98972	0.508398	6.71396	0.63069	0.50538	0.351166	0.0608753
20266	0.415279	0.400464	4.23936	2.04883	0.483287	1.42701	-2.58485	4.18626	1.8772	0.448419	8.70655	0.511804	0.465963	0.362157	0.0611626
20267	0.368457	0.412859	3.9301	1.87682	0.477551	1.36155	-2.61602	3.57052	1.8533	0.519056	9.30208	0.49312	0.497309	0.380871	0.0609733
20268	0.339412	0.344093	3.9888	2.0027	0.502081	1.39487	-2.63653	4.02598	1.88285	0.467675	7.97504	0.556995	0.484798	0.363826	0.0612497
20269	0.296647	0.310733	3.93627	1.87803	0.477109	1.26273	-2.69435	3.65447	1.84073	0.503694	9.6757	0.466661	0.489908	0.377876	0.0614706
20270	0.269222	0.319187	3.83929	1.84521	0.480612	1.3234	-2.70024	4.33385	2.03837	0.470337	8.20386	0.555648	0.475164	0.369953	0.061825
20271	0.186982	0.27275	3.79489	1.91157	0.503722	1.22818	-2.76802	4.17905	1.91679	0.458665	8.52901	0.542049	0.480109	0.3766	0.0618054
20272	0.25164	0.214643	3.85764	1.86538	0.483555	1.25568	-2.80353	3.88046	1.92313	0.495593	9.03624	0.504046	0.489592	0.375553	0.0620486
20273	0.260804	0.277237	3.90627	2.00078	0.512197	1.31775	-2.75389	4.08232	1.80536	0.442239	8.2244	0.558566	0.476447	0.376475	0.0620239
20274	0.353136	0.345692	4.18848	2.06236	0.492388	1.14525	-2.77263	4.126	1.83674	0.445163	15.4976	0.313724	0.468953	0.384155	0.0622178
20275	0.35775	0.34667	3.83974	1.8732	0.487846	1.21202	-2.78039	3.92448	1.91262	0.487356	13.3994	0.364886	0.487598	0.392487	0.0624159
20276	0.320417	0.286735	3.80543	1.8588	0.48846	1.23566	-2.81289	4.33737	1.92777	0.444456	11.4695	0.418837	0.465021	0.388246	0.0623267
20277	0.355214	0.391541	3.56416	1.81515	0.509278	1.20436	-2.79545	3.77246	1.90634	0.50533	14.0864	0.360523	0.507248	0.405702	0.0623651
20278	0.412128	0.404219	3.91615	1.8624	0.47557	1.33428	-2.73672	3.85352	1.8837	0.488827	11.6016	0.425179	0.482145	0.397123	0.0623753
20279	0.339367	0.374295	3.79904	1.89979	0.50007	1.31867	-2.68873	3.86691	1.79805	0.464984	9.78294	0.479515	0.482371	0.388235	0.0627443
20280	0.403983	0.392664	3.85224	1.85314	0.481056	1.35396	-2.63672	3.75783	1.99519	0.530943	10.1691	0.451231	0.50569	0.373621	0.0629593
20281	0.288611	0.302365	3.83412	1.82026	0.474754	1.22543	-2.7153	4.14856	2.03459	0.490431	10.3761	0.438813	0.482901	0.371414	0.062975
20282	0.3187	0.372782	3.74912	1.76752	0.471449	1.2721	-2.74478	3.79793	1.812	0.477103	10.6924	0.454489	0.474294	0.404458	0.0635657
20283	0.304404	0.272875	3.86395	1.88689	0.488332	1.29794	-2.71218	3.57705	1.72554	0.48239	9.02687	0.493557	0.485476	0.381559	0.0633929
20284	0.226496	0.278133	4.10257	1.82462	0.444752	1.3386	-2.62584	3.84534	1.93049	0.502033	6.81853	0.618393	0.472466	0.35968	0.0633898
20285	0.213176	0.278694	3.90659	1.81724	0.465173	1.30142	-2.6699	4.04213	2.08432	0.515649	7.34133	0.59214	0.490841	0.357894	0.0637088
20286	0.286284	0.275848	3.6358	1.80078	0.495291	1.28624	-2.65049	3.89783	1.92828	0.494706	8.56413	0.49996	0.494988	0.364834	0.0637012
20287	0.264212	0.299536	3.62165	1.90834	0.526927	1.50571	-2.58865	4.06696	2.03955	0.501494	5.41204	0.770656	0.513474	0.345763	0.0640251
20288	0.218481	0.244071	4.09415	1.99081	0.486258	1.41568	-2.55246	3.71357	1.93782	0.521821	5.45646	0.716637	0.503173	0.332406	0.0641054
20289	0.230956	0.242638	4.23068	2.02272	0.478108	1.4037	-2.53844	4.16504	1.99744	0.479573	5.62367	0.687667	0.478835	0.32488	0.0636837
20290	0.216864	0.264794	3.89695	1.75945	0.451495	1.47338	-2.60569	3.87288	1.88886	0.487714	5.21882	0.789422	0.469548	0.360984	0.0637604
20291	0.203508	0.246624	3.78926	1.80562	0.476509	1.50465	-2.53717	3.64362	1.90481	0.52278	4.57743	0.846491	0.499191	0.343144	0.0641064
20292	0.264604	0.240752	3.77114	1.75708	0.465928	1.53245	-2.5598	3.75941	1.74727	0.464772	4.87923	0.803721	0.465351	0.358894	0.0641091
20293	0.196347	0.244199	3.6187	1.69637	0.468778	1.53592	-2.54533	3.89886	1.93602	0.496561	4.3364	0.897226	0.483187	0.348886	0.064254
20294	0.217049	0.240654	3.72715	1.64877	0.442368	1.49151	-2.53823	4.30473	2.01545	0.468195	4.75431	0.812125	0.45621	0.345176	0.0644074
20295	0.22012	0.241452	3.68818	1.653	0.448189	1.43718	-2.54027	3.95216	1.88745	0.477576	5.22397	0.74062	0.46339	0.353449	0.0644772
20296	0.193531	0.221596	3.72897	1.79358	0.480984	1.51019	-2.52037	4.01213	1.79768	0.44806	4.33685	0.866801	0.46392	0.343678	0.064609
20297	0.171406	0.16936	4.04592	1.96359	0.485327	1.42292	-2.64831	3.77757	1.92823	0.510443	5.06883	0.783145	0.497454	0.337858	0.0648773
20298	0.180308	0.139484	3.95673	1.95214	0.493371	1.40541	-2.66813	4.14962	1.95855	0.471983	5.25207	0.750439	0.482423	0.335183	0.0645777
20299	0.0488774	0.101177	4.15202	2.07843	0.500583	1.37735	-2.62484	3.8349	1.80317	0.470201	4.21069	0.882415	0.485995	0.323801	0.0647333
20300	0.142035	0.0917887	4.04662	2.10657	0.520574	1.31784	-2.67512	4.07183	1.9339	0.474945	5.53753	0.691265	0.497689	0.321543	0.0651582
20301	-0.00166461	0.0679719	3.70678	1.80298	0.4864	1.38316	-2.63234	3.71987	1.8308	0.492167	3.80222	0.958872	0.489289	0.334181	0.0650252
20302	0.0273699	0.0249378	3.79976	1.8496	0.486768	1.36777	-2.66461	3.80475	1.85479	0.487493	4.02615	0.898339	0.487131	0.32815	0.0652239
20303	-0.0318405	0.0243859	3.82547	1.81351	0.474063	1.38144	-2.62287	4.00097	2.01151	0.502756	3.50861	0.998677	0.488731	0.314252	0.0658819
20304	0.0544246	0.0365597	4.00551	1.88274	0.470039	1.35284	-2.62967	4.20258	2.13357	0.507681	4.21666	0.842938	0.489312	0.306862	0.0661325
20305	-0.00480955	0.0420117	3.87868	1.819	0.468973	1.28631	-2.64552	4.29505	2.01531	0.469217	4.33283	0.833497	0.469101	0.320268	0.0661123
20306	0.154677	0.124135	3.64827	1.70607	0.467638	1.41758	-2.59478	3.91751	1.91602	0.489092	4.63502	0.797463	0.478747	0.337965	0.0666487
20307	0.162528	0.191682	3.86261	1.69578	0.439024	1.51494	-2.55069	3.813	1.89952	0.49817	4.11184	0.914505	0.468406	0.343491	0.0670863
20308	0.190041	0.179034	3.94989	1.90396	0.482028	1.4852	-2.5601	3.83492	1.69555	0.442134	4.47279	0.838723	0.462376	0.342695	0.0675301
20309	0.200335	0.155053	3.82445	1.85834	0.48591	1.36383	-2.55558	3.84491	1.9092	0.496553	5.42769	0.676858	0.491246	0.327867	0.0675968
20310	0.206677	0.229784	4.19582	2.07098	0.493583	1.4785	-2.52968	3.93349	1.94407	0.494236	4.7076	0.808762	0.493899	0.321743	0.0678809
20311	0.282974	0.204018	3.97461	1.8534	0.466309	1.40773	-2.5904	4.17089	2.00652	0.481076	6.1726	0.632535	0.473871	0.335995	0.068044
20312	0.239824	0.248033	3.78899	1.85312	0.489079	1.41164	-2.59962	4.14397	1.90276	0.459162	5.9055	0.686573	0.473451	0.350663	0.0681771
20313	0.405893	0.331275	4.01099	1.89047	0.471321	1.27632	-2.69825	4.04089	1.93318	0.478405	12.1138	0.378825	0.474877	0.37515	0.0682576
20314	0.226786	0.267611	3.61444	1.83045	0.506425	1.27395	-2.75224	4.09213	1.98732	0.485645	8.31646	0.548279	0.495391	0.374011	0.0683363
20315	0.321101	0.300466	3.6479	1.76746	0.484514	1.28303	-2.72825	3.96548	1.94192	0.489706	9.91353	0.462658	0.487218	0.382163	0.0687927
20316	0.149258	0.237253	3.74126	1.81339	0.484701	1.25358	-2.76251	4.14099	1.92646	0.465218	7.37871	0.609765	0.474465	0.375715	0.0692782
20317	0.183613	0.157345	3.84881	1.77995	0.462468	1.27688	-2.75822	3.80417	1.8399	0.483655	7.11196	0.597621	0.472999	0.370027	0.0695566
20318	0.206215	0.239769	3.96939	1.94944	0.491119	1.15477	-2.86254	3.76756	1.8721	0.4969	10.6967	0.449875	0.493934	0.386475	0.0696902
20319	0.311719	0.275609	3.73842	1.86837	0.499776	1.22395	-2.81855	4.03015	1.80684	0.448331	11.5046	0.416086	0.473088	0.394515	0.069722
20320	0.288861	0.277837	3.94821	1.74988	0.443207	1.28815	-2.81089	3.76475	1.78913	0.475233	9.55384	0.499288	0.458839	0.402725	0.06971
20321	0.259661	0.224227	4.00045	1.80453	0.451082	1.23388	-2.79647	3.9604	1.90142	0.480107	9.61387	0.474556	0.465521	0.38113	0.0699885
20322	0.239945	0.270752	4.15804	1.82899	0.439869	1.19413	-2.83648	3.81341	1.84804	0.484615	10.6042	0.455239	0.461275	0.396412	0.0703153
20323	0.198926	0.280845	3.77473	1.87787	0.497485	1.03797	-2.86725	4.02313	2.02755	0.503974	14.0773	0.352002	0.500833	0.388276	0.0701679
20324	0.261402	0.278409	3.89278	1.77814	0.45678	1.20333	-2.85558	3.95078	1.93836	0.490628	11.0702	0.443616	0.473829	0.397961	0.0703146
20325	0.201367	0.28984	4.0806	1.90491	0.466821	1.22425	-2.83186	4.06665	1.93265	0.475243	9.31383	0.523149	0.471025	0.388441	0.0705355
20326	0.311948	0.260032	3.90891	1.87441	0.479522	1.09016	-2.83102	4.13672	1.83065	0.442537	15.7769	0.302805	0.460506	0.392106	0.0707706
20327	0.343495	0.224523	3.9426	1.8202	0.461674	1.20034	-2.87462	3.97796	1.88551	0.473991	13.0823	0.367089	0.46786	0.393311	0.0710144
20328	0.225664	0.231483	3.72482	1.74627	0.468821	1.12181	-2.88598	4.02959	2.09439	0.519752	12.1016	0.401542	0.495287	0.387603	0.0715029
20329	0.244607	0.227875	3.72942	1.8144	0.486511	1.14778	-2.85057	3.70857	1.85777	0.50094	11.6177	0.407861	0.493706	0.392281	0.0717151
20330	0.232513	0.282796	3.71888	1.7416	0.468314	1.10947	-2.85083	3.63553	1.84933	0.508681	12.7685	0.384525	0.488269	0.406169	0.0721673
20331	0.261203	0.275416	3.71423	1.82855	0.49231	1.06122	-2.89292	4.08946	1.87493	0.458479	15.6842	0.320013	0.474581	0.40404	0.0724899
20332	0.334412	0.314343	3.94843	1.92326	0.487096	1.09186	-2.94469	3.8709	1.92966	0.498503	18.513	0.28686	0.492743	0.408115	0.0724322
20333	0.262898	0.256863	3.84254	1.80162	0.468861	1.02781	-2.90519	3.89237	1.92914	0.495621	17.0891	0.292543	0.482327	0.401322	0.0725396
20334	0.197767	0.250163	3.61511	1.85752	0.513822	1.00751	-2.9054	3.89053	1.8302	0.470424	15.1867	0.327838	0.491326	0.403123	0.0727023
20335	0.213281	0.276801	3.7989	1.85263	0.487675	1.02245	-2.95865	3.85625	1.88341	0.488405	15.988	0.327375	0.488043	0.412054	0.0727372
20336	0.273375	0.269573	4.23789	1.87817	0.443186	1.12569	-2.94279	3.70403	1.83438	0.49524	14.2051	0.363223	0.467464	0.410112	0.0732862
20337	0.283158	0.260865	3.84787	1.9505	0.506903	0.936249	-2.97057	3.91044	1.98776	0.50832	24.4817	0.213264	0.507618	0.398749	0.07349
20338	0.26721	0.244746	3.70531	1.77479	0.478984	0.953307	-3.05765	4.13887	2.10643	0.508939	23.1679	0.235365	0.494789	0.412741	0.073922
20339	0.18	0.219489	3.83501	1.79159	0.467166	0.927675	-3.06633	3.96143	1.99894	0.504599	19.3135	0.279509	0.486186	0.416036	0.074034
20340	0.162579	0.153087	3.53073	1.75882	0.498145	0.965156	-3.03243	3.96837	1.87734	0.473077	15.7538	0.322065	0.48488	0.411082	0.0739107
20341	0.14338	0.120068	3.81959	1.85868	0.486619	0.952987	-3.05951	3.8723	1.98275	0.512035	15.4237	0.327732	0.499414	0.396961	0.0744332
20342	0.0971934	0.0753537	4.11621	1.97441	0.479666	0.97992	-3.02056	3.99218	1.98372	0.4969	12.3006	0.389603	0.488151	0.377212	0.0748833
20343	0.0705084	0.0666818	4.19545	2.00389	0.477634	1.12306	-2.91889	3.91701	1.962	0.500891	8.04572	0.553938	0.488863	0.359868	0.0748847
20344	0.0684163	0.0752381	4.15351	1.99831	0.481114	1.11731	-2.91068	3.7968	1.91708	0.504921	8.10385	0.550092	0.492483	0.362879	0.0746019
20345	0.0106738	0.118761	3.68379	1.9389	0.526333	1.0056	-2.93115	4.00242	1.96675	0.491391	9.39713	0.494936	0.508138	0.373322	0.0745302
20346	0.180279	0.123518	3.97368	1.90693	0.479891	1.04083	-2.94874	3.85356	1.79527	0.465873	12.7457	0.370272	0.472989	0.389385	0.0746278
20347	0.0287782	0.0405793	4.10083	1.81664	0.442993	1.04793	-2.9588	3.99775	1.88253	0.470897	8.66126	0.519339	0.456767	0.378224	0.0751148
20348	0.0200003	0.038782	3.92943	1.9581	0.498316	0.979865	-2.9769	3.72433	1.90356	0.511115	9.87075	0.46067	0.504544	0.370694	0.0753206
20349	0.0571792	0.048813	3.9939	1.95405	0.489258	0.969096	-3.04571	4.12474	1.85966	0.450857	11.5153	0.415796	0.469748	0.385769	0.0755215
20350	0.0716573	0.0744223	3.94996	1.73891	0.440235	0.916368	-3.08745	3.99101	1.86701	0.467804	14.0111	0.356768	0.454091	0.409497	0.0756735
20351	0.123022	0.164404	3.68948	1.66714	0.451864	0.95213	-3.02498	4.00441	2.05036	0.512026	14.7976	0.34371	0.483176	0.406322	0.0754937
20352	0.177089	0.177501	3.90508	1.85047	0.473864	0.982942	-3.01472	3.90994	1.92198	0.491564	15.6919	0.324699	0.48272	0.403215	0.0755665
20353	0.180423	0.213977	3.97043	1.86365	0.469383	0.893888	-3.0747	4.1414	1.92208	0.464115	21.2469	0.254516	0.466693	0.416765	0.0756472
20354	0.172395	0.184904	4.18851	1.9851	0.47394	0.943414	-3.05026	4.23514	2.06849	0.488411	17.6061	0.297235	0.481216	0.3924	0.0754737
20355	0.206889	0.218157	4.09708	2.08496	0.508888	1.01997	-2.97629	4.08773	2.07932	0.508673	15.4354	0.330554	0.508781	0.380009	0.075523
20356	0.108072	0.195313	3.67072	1.86616	0.508391	1.09114	-2.95952	3.91651	1.95113	0.498179	10.2989	0.483207	0.50312	0.394733	0.07552
20357	0.269471	0.246478	3.83236	1.84861	0.48237	0.949274	-2.97388	3.87015	2.07097	0.535115	22.441	0.231066	0.508872	0.398243	0.0758783
20358	0.237127	0.246367	3.94571	2.13241	0.540439	1.03654	-2.97081	4.11332	2.08475	0.50683	16.1959	0.319532	0.523285	0.380377	0.0760069
20359	0.174403	0.157386	4.34169	2.10184	0.484106	0.975195	-2.9653	4.02197	2.04162	0.507617	15.2061	0.320634	0.495412	0.370531	0.0761789
20360	0.152932	0.193135	3.831	1.86625	0.487145	1.0112	-3.05547	3.87376	2.0181	0.520968	14.3269	0.368309	0.50415	0.404609	0.0765534
20361	0.133844	0.162067	3.92708	1.85325	0.471917	0.900266	-3.04813	3.97034	1.96418	0.494713	17.544	0.293701	0.483377	0.403066	0.0769427
20362	0.162144	0.168643	4.22971	1.95536	0.462293	0.845811	-3.06342	3.89354	1.99505	0.512401	22.3496	0.2337	0.48631	0.398103	0.0771154
20363	0.223564	0.146243	3.73376	1.89684	0.508024	0.808368	-3.14825	4.00561	2.03649	0.508409	31.7362	0.170998	0.508223	0.408353	0.0775604
20364	0.164251	0.141397	4.14559	2.04011	0.492116	0.92466	-3.10693	3.62018	1.88866	0.521702	18.2485	0.289111	0.505908	0.401832	0.0777234
20365	0.0454962	0.0649331	4.10056	2.17176	0.529625	1.00184	-3.04156	4.22077	1.92999	0.457261	10.5515	0.457295	0.49292	0.370466	0.0777932
20366	0.0201745	0.0849936	3.64439	1.92409	0.527959	0.96408	-3.03662	3.93271	2.03054	0.516321	10.9371	0.445479	0.521919	0.381312	0.0776253
20367	0.042554	0.0501451	3.84374	1.83603	0.477668	0.93187	-3.08451	4.20928	1.92652	0.457685	12.4242	0.395442	0.467223	0.395118	0.078238
20368	0.0136186	0.0290616	3.70925	1.74948	0.471654	0.821943	-3.07395	3.96343	1.85126	0.467085	14.7366	0.326694	0.469294	0.400788	0.0783957
20369	0.108009	0.0336394	3.81124	1.89047	0.496024	0.813103	-3.1441	4.05313	1.86178	0.459345	20.3115	0.248578	0.477121	0.402319	0.078793
20370	0.0341856	0.00558528	4.09425	1.92752	0.470787	0.76562	-3.20131	4.0674	1.95408	0.480424	19.2229	0.267498	0.475589	0.398569	0.0792282
20371	-0.0588545	0.00922463	4.26187	2.07001	0.485705	0.795216	-3.18344	3.79175	1.78828	0.471623	13.9739	0.364718	0.479075	0.39788	0.0796805
20372	0.0246163	0.0121509	4.13975	2.03942	0.492643	0.851153	-3.16841	4.01376	1.82851	0.455562	14.8075	0.341582	0.474389	0.395464	0.0799828
20373	-0.00952153	0.0134363	3.98582	1.84706	0.463409	0.744936	-3.24121	3.7881	1.97935	0.522519	18.6096	0.284603	0.492212	0.409132	0.0800836
20374	0.0111326	-0.00689513	3.71356	1.7896	0.481911	0.691324	-3.29539	3.62809	1.9814	0.546128	23.3739	0.231331	0.513646	0.417686	0.0803153
20375	-0.0192107	-0.019677	3.71473	1.89276	0.509529	0.651819	-3.30717	4.17113	1.86443	0.446984	24.002	0.22514	0.476446	0.418432	0.0805462
20376	-0.0376554	-0.0534568	4.07673	2.0031	0.491349	0.625859	-3.28739	4.04973	1.86389	0.460251	23.7553	0.220126	0.475851	0.403507	0.0808771
20377	-0.113034	-0.139603	3.9055	1.95353	0.500198	0.785018	-3.25612	3.70221	1.90427	0.51436	12.043	0.403248	0.50709	0.386403	0.0811633
20378	-0.186643	-0.123778	3.88712	1.94151	0.499472	0.665108	-3.31841	4.23229	1.97712	0.467151	14.0675	0.36274	0.482624	0.394463	0.0815498
20379	-0.0809328	-0.1659	3.89968	1.86877	0.479211	0.732884	-3.31798	3.74261	2.08676	0.557568	15.0017	0.331149	0.517584	0.385852	0.0819807
20380	-0.11556	-0.151134	3.71079	1.76106	0.474579	0.689438	-3.2756	3.92815	2.03981	0.519279	15.0647	0.324011	0.497565	0.391146	0.0820068
20381	-0.195549	-0.227182	3.9659	1.83975	0.463893	0.701915	-3.30738	4.08741	1.96709	0.481256	11.7794	0.402721	0.472705	0.383999	0.0822459
20382	-0.29339	-0.295663	4.04125	1.97905	0.489712	0.664699	-3.32384	3.92919	2.01881	0.513799	9.98967	0.458967	0.501586	0.364559	0.0823847
20383	-0.405639	-0.324016	4.0471	2.01399	0.497638	0.611484	-3.36764	3.85708	1.92927	0.500189	8.95436	0.517269	0.498883	0.37012	0.082896
20384	-0.327697	-0.310512	4.07795	2.03315	0.498572	0.697088	-3.3174	4.13611	2.03838	0.492826	8.6093	0.525092	0.495678	0.357093	0.0827963
20385	-0.241997	-0.301825	4.12487	1.95895	0.474911	0.763505	-3.29692	4.05833	2.05655	0.506748	8.87272	0.505517	0.4907	0.358472	0.0829689
20386	-0.365478	-0.284738	4.26726	2.00997	0.471021	0.825546	-3.25267	3.78682	1.89647	0.500807	6.20966	0.709269	0.485026	0.360617	0.0832453
20387	-0.262867	-0.240477	3.99171	1.72998	0.433394	0.764933	-3.31582	3.6015	2.03177	0.564146	8.95303	0.528187	0.49541	0.386074	0.083599
20388	-0.0506496	-0.0902057	3.9991	1.86931	0.467432	0.816258	-3.22822	4.01374	2.09271	0.521386	13.1028	0.375765	0.494458	0.383348	0.0836735
20389	-0.113084	-0.141504	4.05871	1.96894	0.485116	0.756698	-3.25502	4.2479	1.97199	0.464226	12.8139	0.37826	0.474433	0.380905	0.0838585
20390	-0.270951	-0.155905	3.95426	1.98953	0.503137	0.709545	-3.26574	3.87901	1.86971	0.482006	10.0597	0.480687	0.492673	0.385297	0.08429
20391	-0.0528931	-0.0683583	3.95939	1.86636	0.471377	0.753749	-3.27695	3.78249	1.86876	0.494056	15.8222	0.325335	0.482457	0.408079	0.0843181
20392	0.0457731	-0.010249	3.81291	1.84288	0.483326	0.915708	-3.11815	4.32263	2.03786	0.471441	12.7633	0.378393	0.477011	0.383688	0.0845973
20393	-0.0482848	-0.050979	4.35562	2.00669	0.460713	0.970312	-3.02977	4.00145	1.96816	0.491862	8.55216	0.518769	0.475627	0.358301	0.0846898
20394	-0.15886	-0.134003	4.3126	1.99269	0.462061	0.905463	-2.99943	3.99235	1.98981	0.498406	7.2482	0.566392	0.479533	0.34023	0.084895
20395	-0.155669	-0.144403	4.10201	2.1072	0.513699	0.855722	-3.1149	3.88545	1.98528	0.510952	8.62622	0.511456	0.512363	0.350354	0.0848607
20396	-0.12433	-0.156961	4.01318	2.01039	0.500947	0.999205	-3.03089	3.80153	1.77488	0.466884	6.54301	0.631165	0.484377	0.353074	0.0850837
20397	-0.105146	-0.139197	3.76372	1.95036	0.518201	0.878732	-3.12856	3.80527	1.88983	0.496635	9.23157	0.484008	0.507359	0.36791	0.0851879
20398	-0.133037	-0.154541	3.93973	1.95366	0.495887	0.908022	-3.09253	4.02653	1.85918	0.461732	7.96433	0.541902	0.478623	0.361532	0.085803
20399	-0.0223987	-0.143588	3.78718	1.90318	0.502534	0.970762	-3.0656	3.91504	1.84476	0.471199	8.65618	0.493184	0.486606	0.36298	0.0860179
20400	-0.252113	-0.210529	3.78661	1.92905	0.509439	0.938209	-3.05871	3.84651	1.94586	0.505877	5.72541	0.708434	0.507644	0.343676	0.0860955
20401	-0.291309	-0.272578	4.03756	1.92332	0.476358	0.92099	-3.06231	4.08132	1.80918	0.443282	5.29548	0.734835	0.459731	0.342768	0.0860455
20402	-0.301125	-0.333057	4.00628	1.86697	0.46601	0.921336	-3.03534	3.73925	1.86753	0.49944	4.88642	0.747205	0.482149	0.328447	0.0861767
20403	-0.39532	-0.330744	3.58276	1.83064	0.510959	1.00559	-2.996	3.78599	1.91048	0.504618	3.61956	0.981275	0.507701	0.322003	0.0864706
20404	-0.455089	-0.40341	4.11605	1.97966	0.480963	1.16871	-2.94423	3.84437	1.8803	0.489105	2.44842	1.31836	0.484895	0.294947	0.0860884
20405	-0.440559	-0.467181	3.75595	1.92507	0.51254	1.12572	-2.94964	4.21998	1.94673	0.461312	2.51204	1.22661	0.485436	0.284751	0.086561
20406	-0.548501	-0.496912	4.25354	1.9828	0.466152	1.095	-2.9232	3.98257	1.92326	0.482918	2.17945	1.35054	0.474259	0.273767	0.0866122
20407	-0.598398	-0.503179	4.11957	2.00832	0.487508	1.11571	-2.85062	3.80723	1.89332	0.497295	1.87549	1.46908	0.492209	0.261046	0.0869291
20408	-0.427248	-0.423975	3.67833	1.8572	0.504904	1.19874	-2.82985	3.94453	1.98719	0.503783	2.18934	1.32191	0.504324	0.27357	0.0867409
20409	-0.346249	-0.367335	4.02819	1.88449	0.467824	1.11377	-2.8315	3.74753	2.06099	0.549959	2.84853	1.06583	0.507409	0.277949	0.087293
20410	-0.413941	-0.392314	3.76642	1.73332	0.460203	1.1675	-2.85835	3.93715	1.95801	0.497316	2.43161	1.25048	0.479171	0.291821	0.0874514
20411	-0.445877	-0.399289	3.83505	1.8931	0.493631	1.17141	-2.75946	3.93065	2.04377	0.519957	2.12966	1.30782	0.506956	0.261399	0.087335
20412	-0.399372	-0.390622	4.26287	1.97648	0.46365	1.3159	-2.69319	3.8728	1.82406	0.470992	1.80201	1.47108	0.467145	0.258672	0.0874155
20413	-0.333212	-0.395263	3.74933	1.91	0.509424	1.28556	-2.71424	3.81525	1.82999	0.479651	2.05222	1.31021	0.494408	0.264517	0.0874907
20414	-0.336235	-0.369903	3.67287	1.80863	0.492429	1.26333	-2.71632	3.91653	1.80649	0.461249	2.15183	1.2793	0.476339	0.27585	0.0879386
20415	-0.391233	-0.373973	3.89588	1.83566	0.471179	1.18557	-2.79693	3.93966	1.9001	0.4823	2.36122	1.24316	0.47677	0.282162	0.0882067
20416	-0.395972	-0.355316	3.66181	1.72825	0.471967	1.21184	-2.77186	3.79247	1.85401	0.488866	2.25901	1.29253	0.480564	0.289644	0.088334
20417	-0.400938	-0.383523	4.05206	1.93109	0.47657	1.23584	-2.73262	4.00528	1.90614	0.475906	2.05979	1.33952	0.47624	0.264544	0.0891421
20418	-0.324106	-0.338426	3.90235	2.00287	0.513248	1.241	-2.70417	3.84489	1.82791	0.475411	2.28482	1.22477	0.49447	0.267631	0.0893508
20419	-0.26671	-0.250035	3.58635	1.77226	0.494167	1.32733	-2.677	3.91396	1.94086	0.495881	2.31809	1.27048	0.495062	0.284066	0.0895125
20420	-0.283651	-0.260229	3.82869	1.79526	0.468895	1.31578	-2.64168	3.77054	1.87287	0.496712	2.21693	1.27909	0.482697	0.278873	0.0894756
20421	-0.256611	-0.238343	3.88672	1.77483	0.45664	1.29403	-2.65395	3.97168	1.90413	0.479426	2.42678	1.20225	0.468156	0.284038	0.0896949
20422	-0.159457	-0.19542	4.09228	1.7841	0.435966	1.26265	-2.64703	4.02962	1.8795	0.46642	2.97194	1.01119	0.451075	0.290956	0.089687
20423	-0.250655	-0.193111	3.90042	1.71488	0.439665	1.33368	-2.60709	3.66861	1.77019	0.482522	2.32153	1.25506	0.460437	0.294896	0.0903233
20424	-0.121089	-0.178023	4.17592	1.92857	0.461832	1.40884	-2.56197	3.70483	1.75043	0.472473	2.428	1.17035	0.466834	0.2787	0.0908128
20425	-0.0583018	-0.0851898	4.06298	1.94581	0.478914	1.4799	-2.64726	3.90024	1.76711	0.453076	2.7743	1.18303	0.466259	0.306617	0.0909052
20426	-0.0861809	-0.139752	3.84183	1.97112	0.513068	1.31852	-2.643	3.84575	1.72214	0.447803	3.1757	0.986596	0.480419	0.29794	0.0911776
20427	-0.126694	-0.104257	3.56518	1.82937	0.513123	1.35625	-2.61371	3.82923	1.88675	0.492723	2.86356	1.09957	0.502559	0.297685	0.0912336
20428	-0.112786	-0.115825	3.79018	1.82368	0.481159	1.4736	-2.55585	3.71534	1.82181	0.490349	2.36576	1.25832	0.485708	0.290024	0.0916775
20429	-0.150521	-0.150529	3.80542	1.75234	0.460486	1.49656	-2.54296	3.83659	1.98704	0.517918	2.10984	1.35643	0.489319	0.276859	0.0920516
20430	-0.0354548	-0.0740825	3.82239	1.6798	0.439463	1.48851	-2.49727	4.1786	1.87058	0.447658	2.52828	1.16123	0.443743	0.292622	0.0923835
20431	-0.174949	-0.113244	3.43314	1.61043	0.469083	1.37945	-2.54056	3.804	1.82842	0.480658	2.43854	1.20807	0.475167	0.299987	0.0920725
20432	-0.168039	-0.148632	3.60317	1.69479	0.470362	1.49991	-2.48444	3.89221	1.86919	0.48024	1.96115	1.39102	0.475491	0.276887	0.0922649
20433	-0.183286	-0.154968	3.74239	1.7856	0.477129	1.43913	-2.46524	3.79699	1.78298	0.469577	2.02768	1.31612	0.473325	0.272251	0.0928504
20434	-0.170761	-0.146589	3.64652	1.86699	0.511991	1.59506	-2.41378	3.61861	1.68761	0.466371	1.64847	1.55907	0.489269	0.265621	0.0928046
20435	-0.100904	-0.15504	3.94539	1.82604	0.462829	1.55242	-2.40712	3.55836	1.91485	0.538127	1.85546	1.36675	0.498536	0.25324	0.0930681
20436	-0.147743	-0.112126	3.63632	1.76987	0.486721	1.58531	-2.3931	3.93063	2.10581	0.535743	1.73227	1.50174	0.512185	0.251372	0.0930508
20437	-0.0390509	-0.138925	3.70637	1.80612	0.487301	1.72271	-2.3873	3.63597	1.92793	0.530238	1.62869	1.55191	0.508564	0.252962	0.0936681
20438	-0.0892289	-0.147392	3.60761	1.82841	0.50682	1.58903	-2.3419	3.87617	1.86326	0.480697	1.70985	1.40827	0.49329	0.246019	0.0936718
20439	-0.170304	-0.138951	3.67449	1.8585	0.505786	1.60767	-2.38854	3.80775	1.90683	0.500776	1.60087	1.58059	0.503236	0.251593	0.0941474
20440	-0.160197	-0.143881	3.75008	1.88701	0.503192	1.65116	-2.34944	3.76094	1.85629	0.493571	1.48262	1.6405	0.498375	0.245306	0.0941115
20441	-0.173307	-0.197675	3.62905	1.76988	0.487697	1.72569	-2.27717	3.80323	1.72582	0.453777	1.19914	1.80309	0.47034	0.2363	0.0944965
20442	-0.224417	-0.1923	3.98733	1.83038	0.459048	1.72255	-2.31293	3.76647	1.76438	0.468445	1.18636	1.89533	0.463612	0.238333	0.09482
20443	-0.167335	-0.170155	3.59526	1.80227	0.50129	1.68307	-2.28523	3.82168	1.80931	0.473434	1.30654	1.71199	0.486937	0.236538	0.095084
20444	-0.112769	-0.146156	3.65188	1.77843	0.48699	1.67992	-2.33222	4.16328	1.9538	0.469294	1.48703	1.60686	0.477563	0.242579	0.0955775
20445	-0.0657485	-0.098818	3.75413	1.84248	0.490788	1.59202	-2.37721	3.81337	1.87307	0.491186	1.8889	1.3741	0.490988	0.25896	0.0955797
20446	-0.0660091	-0.0525414	3.95105	1.95222	0.4941	1.69917	-2.29232	3.51905	1.87138	0.531785	1.61004	1.55792	0.511853	0.247084	0.0961078
20447	0.00967881	0.00842317	3.65549	1.91985	0.525197	1.81429	-2.22294	4.23255	1.96138	0.463404	1.52888	1.62831	0.49204	0.242923	0.0959891
20448	-0.0604027	-0.01461	3.78264	1.78163	0.471	1.69742	-2.20724	3.96752	1.93834	0.488553	1.5559	1.54497	0.479986	0.244289	0.0963224
20449	-0.0998361	-0.046607	3.7175	1.66562	0.448047	1.87135	-2.13955	3.75219	1.92022	0.511761	1.12735	1.94278	0.480052	0.234039	0.0963326
20450	-0.0713043	-0.0459048	3.77683	1.81099	0.479499	1.91204	-2.10874	3.6661	1.89067	0.515718	1.08176	1.96683	0.497339	0.223322	0.0964852
20451	0.00722046	-0.0575367	3.54405	1.71869	0.48495	1.89312	-2.11156	3.98939	2.05277	0.514558	1.18624	1.77831	0.500629	0.218632	0.0969725
20452	0.00130424	-0.0503388	3.6911	1.85378	0.502231	1.81385	-2.09085	3.98676	1.98194	0.49713	1.26737	1.64266	0.499582	0.213535	0.0974793
20453	-0.0431726	-0.0681786	4.07988	1.83962	0.450901	1.89334	-2.06062	3.93372	1.75406	0.445902	1.05859	1.87504	0.448447	0.216488	0.0981891
20454	-0.0761936	-0.0699179	3.592	1.82843	0.509029	1.98624	-2.01485	3.48365	1.71931	0.493538	0.889306	2.12681	0.501402	0.210544	0.0983851
20455	-0.0506301	-0.0489144	3.39041	1.755	0.517637	1.97278	-2.02327	4.34651	1.93066	0.444185	0.952098	2.04709	0.476373	0.209199	0.0985274
20456	-0.109942	-0.109501	3.59814	1.76005	0.489156	1.90293	-2.09696	4.10225	1.82114	0.443936	0.974906	2.02583	0.465066	0.21623	0.0986147
20457	-0.139865	-0.0915743	3.91598	1.80766	0.461611	1.95781	-2.09841	3.40485	1.76697	0.518957	0.91527	2.20011	0.488282	0.219851	0.098949
20458	-0.159261	-0.140818	3.73163	1.82434	0.488886	1.86009	-2.1698	4.18198	1.94361	0.464758	1.00956	2.03888	0.476136	0.214626	0.0983646
20459	-0.0639648	-0.103484	3.90746	1.76724	0.452274	1.85873	-2.13409	3.79494	1.82181	0.480064	1.1154	1.84837	0.465966	0.223217	0.0983625
20460	-0.0966925	-0.0640269	3.81275	1.64789	0.432206	1.82117	-2.1715	3.77169	1.88418	0.499559	1.20751	1.83909	0.4657	0.239267	0.0988341
20461	-0.138588	-0.0477484	3.53429	1.67129	0.472879	1.79145	-2.26097	3.76345	1.85648	0.493292	1.31498	1.86252	0.483406	0.257775	0.0991417
20462	-0.0644584	-0.0323528	3.47135	1.69859	0.489318	1.77931	-2.2935	4.06189	1.80527	0.44444	1.50399	1.69974	0.46512	0.267388	0.099213
20463	0.0271478	0.0381215	3.67427	1.76453	0.480241	1.68047	-2.30637	3.91176	2.10023	0.536902	2.01087	1.36673	0.509458	0.262395	0.099392
20464	-0.015452	0.0133602	3.83081	1.81395	0.473517	1.72383	-2.32376	4.22452	2.06694	0.489272	1.80559	1.51256	0.481779	0.260375	0.0998443
20465	0.0666485	0.0726623	3.60848	1.73679	0.481308	1.66932	-2.32724	4.14135	2.07119	0.500125	2.24233	1.28427	0.491363	0.274474	0.0999845
20466	0.11836	0.0772756	3.51962	1.65841	0.471192	1.70195	-2.26767	3.92291	1.98984	0.507235	2.1927	1.25388	0.49019	0.273782	0.0999742
20467	-0.0115957	0.0287082	3.81841	1.76794	0.463004	1.66135	-2.33885	4.02383	1.79641	0.446443	2.00279	1.39938	0.454507	0.282305	0.100017
20468	-0.0326965	0.036741	3.6438	1.86559	0.51199	1.73362	-2.27629	3.96207	1.86835	0.47156	1.71486	1.55993	0.490929	0.263833	0.100023
20469	-0.0531289	0.0280469	3.6402	1.77332	0.48715	1.71299	-2.25155	3.80876	1.9656	0.516075	1.666	1.55959	0.501939	0.257961	0.100132
20470	0.0866598	0.0751874	3.78042	1.75193	0.463423	1.76948	-2.31183	4.04103	2.07805	0.514238	2.01203	1.41594	0.489677	0.271195	0.100379
20471	0.078309	0.0889507	3.88217	1.79702	0.46289	1.59884	-2.3065	3.92617	2.048	0.521628	2.48189	1.15601	0.492425	0.271816	0.100681
20472	0.0484598	0.0784732	3.65176	1.77004	0.48471	1.67636	-2.35225	4.05668	2.05899	0.507556	2.22955	1.32503	0.496733	0.278477	0.101256
20473	0.102062	0.120051	3.87344	1.88554	0.486787	1.69257	-2.3221	4.26203	2.11512	0.496271	2.35761	1.26486	0.491756	0.271605	0.101145
20474	0.114604	0.149075	3.9164	1.86587	0.476424	1.77344	-2.31753	3.9768	2.05205	0.516005	2.21102	1.37586	0.496366	0.279756	0.101229
20475	0.261387	0.233203	3.90582	1.82426	0.467063	1.72463	-2.28072	3.76985	1.99593	0.529446	2.95167	1.07054	0.497702	0.292679	0.101129
20476	0.286083	0.26558	3.82977	1.85767	0.48506	1.63328	-2.3095	3.72781	1.86397	0.500017	3.65359	0.907468	0.492438	0.308275	0.10155
20477	0.208436	0.260895	4.26271	1.95906	0.459581	1.51791	-2.42109	4.30711	2.04922	0.475775	4.19487	0.857363	0.46772	0.309803	0.101639
20478	0.248733	0.257716	4.2811	2.09146	0.488534	1.53963	-2.44817	4.00785	2.11613	0.527996	4.39374	0.833209	0.507614	0.303259	0.101541
20479	0.296693	0.259757	4.09708	1.98845	0.485333	1.59544	-2.48121	3.69855	1.84038	0.497597	4.45408	0.84337	0.491151	0.329216	0.101847
20480	0.280405	0.292716	4.04918	1.93828	0.478684	1.66343	-2.45705	3.86966	1.72246	0.445119	3.95305	0.956378	0.462282	0.340644	0.102271
20481	0.156499	0.252743	3.97989	2.07429	0.521192	1.5252	-2.45659	3.58562	1.67441	0.46698	3.91837	0.936677	0.495499	0.32876	0.102261
20482	0.273249	0.257664	4.26129	2.08887	0.490196	1.53406	-2.52006	4.11251	1.77686	0.432064	4.85375	0.794823	0.461646	0.332992	0.10229
20483	0.192275	0.250599	3.95772	2.06511	0.521794	1.32716	-2.58671	3.76975	1.78058	0.472333	6.25047	0.643978	0.497665	0.343658	0.102602
20484	0.215274	0.230545	3.91324	1.84236	0.470801	1.35616	-2.63001	4.01528	1.8627	0.463903	6.28661	0.650809	0.467307	0.355841	0.102448
20485	0.110981	0.205434	3.75316	1.89112	0.503874	1.36238	-2.59842	3.90974	1.88657	0.482531	5.02014	0.783004	0.492984	0.342332	0.102571
20486	0.139342	0.0618754	4.01905	1.94031	0.482779	1.41337	-2.62424	3.84928	1.89489	0.492271	4.44518	0.811577	0.487423	0.319989	0.102864
20487	-0.011369	0.0504878	3.47744	1.8493	0.531798	1.4184	-2.59118	3.9572	1.83506	0.463727	3.41369	1.02212	0.495566	0.321461	0.103353
20488	0.103763	0.0243942	3.97248	1.80414	0.45416	1.24484	-2.66712	3.71059	1.85576	0.500125	5.56371	0.651029	0.476359	0.331143	0.103518
20489	0.0369718	0.0744425	3.77046	1.81872	0.482359	1.34744	-2.68787	3.79274	1.81228	0.477828	4.4432	0.858658	0.480087	0.344532	0.103829
20490	0.0967631	0.0549886	3.91646	1.86413	0.475974	1.25357	-2.72833	3.55344	1.75078	0.492701	5.789	0.669104	0.483931	0.348969	0.103862
20491	0.132637	0.12902	3.73147	1.84763	0.495149	1.23662	-2.74742	3.79708	1.79356	0.472352	6.78872	0.609386	0.483651	0.362392	0.104082
20492	0.129771	0.103482	3.88469	1.84685	0.475418	1.21632	-2.7972	4.1226	1.84714	0.448051	7.12695	0.59029	0.461328	0.362943	0.104769
20493	0.144631	0.139918	4.06392	1.79232	0.441031	1.18686	-2.81061	3.95343	1.84632	0.467016	8.01449	0.543119	0.453845	0.37439	0.10485
20494	0.0811256	0.0832655	4.05032	1.88169	0.464579	1.12132	-2.84231	3.81332	1.89843	0.497843	7.9103	0.541002	0.48071	0.361567	0.105343
20495	0.0728859	0.10513	4.15146	1.95275	0.470378	1.14716	-2.8677	3.94348	1.89777	0.481243	7.65783	0.577038	0.475671	0.364711	0.105533
20496	0.12044	0.140032	3.96541	1.85389	0.467515	1.12403	-2.87803	3.61205	1.70654	0.472457	9.04361	0.503599	0.46987	0.390207	0.10575
20497	0.151132	0.180125	3.6218	1.85872	0.513205	1.10511	-2.91334	3.87371	1.7966	0.463793	10.5151	0.455037	0.487669	0.395705	0.106052
20498	0.247367	0.288101	3.83262	1.84284	0.480829	1.01617	-2.90256	3.91081	1.80086	0.460483	17.2238	0.29553	0.470553	0.411362	0.106129
20499	0.367242	0.345848	4.17855	1.8548	0.443885	1.12369	-2.86772	3.74587	1.8181	0.485361	18.0478	0.286103	0.463491	0.412895	0.106355
20500	0.468246	0.410866	3.78285	1.70984	0.451997	1.12555	-2.9143	3.75539	1.8519	0.49313	25.5914	0.216024	0.472489	0.437084	0.106579
