cycle	Zbar1	Gbar1	VP1	VG1	h21	Zbar2	Gbar2	VP2	VG2	h22	h2b	h2b_denom	h2w	Qst	Fst
20000	-0.378658	-0.348028	3.73633	1.81092	0.484678	3.58759	-0.467885	3.71351	1.79384	0.483059	0.000913195	7.86557	0.483871	0.0009958	0.000351452
20001	-0.341785	-0.33228	3.88293	1.84823	0.47599	3.59561	-0.469418	3.8458	1.77022	0.460299	0.0012131	7.75154	0.468182	0.00129833	0.000588605
20002	-0.409881	-0.371886	3.60245	1.83788	0.510174	3.53725	-0.482747	3.92999	1.91473	0.487209	0.00078885	7.78992	0.498192	0.000818514	0.000856763
20003	-0.42681	-0.40657	3.84502	1.80907	0.470497	3.43773	-0.575663	4.29567	1.87541	0.436582	0.00191451	7.46733	0.452601	0.00193727	0.00111655
20004	-0.332579	-0.41378	3.77519	1.75977	0.466141	3.34696	-0.672282	3.90455	1.81057	0.463708	0.0049356	6.76951	0.464904	0.00465958	0.00132892
20005	-0.4734	-0.451395	3.77567	1.70398	0.451305	3.21768	-0.74512	3.66147	1.7118	0.467518	0.0063325	6.81203	0.459287	0.0062779	0.00155172
20006	-0.481113	-0.516326	3.49166	1.73435	0.496712	3.19573	-0.816309	3.62888	1.67647	0.46198	0.00665647	6.75959	0.479011	0.00655597	0.00181593
20007	-0.504459	-0.482365	3.49111	1.74263	0.499162	3.21043	-0.855867	3.72913	1.78591	0.478909	0.0101087	6.90022	0.488702	0.00979207	0.00204908
20008	-0.446345	-0.486787	3.97474	1.83414	0.46145	3.06018	-0.894892	3.73343	1.93403	0.518031	0.0135453	6.14787	0.488854	0.0109344	0.00225699
20009	-0.437188	-0.502924	3.7066	1.72328	0.464922	3.10457	-0.887607	4.14674	2.02455	0.488227	0.0117969	6.27203	0.477227	0.00977949	0.00253701
20010	-0.46515	-0.46707	3.30178	1.58062	0.47872	2.98583	-0.950461	3.93442	1.89853	0.482544	0.0196206	5.95465	0.480799	0.0165214	0.0027489
20011	-0.411383	-0.492674	3.63719	1.63881	0.45057	2.95226	-0.98488	3.80087	1.86035	0.489454	0.0214128	5.65706	0.47044	0.0170228	0.00295087
20012	-0.426025	-0.483073	3.79785	1.63468	0.430421	2.93704	-1.00538	4.02065	1.85338	0.460967	0.02412	5.6551	0.446129	0.019187	0.00318712
20013	-0.450379	-0.458855	3.53861	1.74167	0.492189	3.02168	-1.00486	3.64686	1.78714	0.490048	0.0247298	6.0276	0.491102	0.0206939	0.00334757
20014	-0.534123	-0.493879	3.81878	1.73671	0.454782	2.91573	-1.04369	3.86207	1.76806	0.457801	0.0253996	5.95075	0.4563	0.0211182	0.00350678
20015	-0.614389	-0.602821	3.58843	1.65151	0.460232	2.83868	-1.15585	3.83425	1.79035	0.466937	0.0256501	5.96185	0.463696	0.0217429	0.00387356
20016	-0.50452	-0.506564	3.49349	1.60795	0.460271	2.77007	-1.17913	4.0003	1.70318	0.425763	0.0421853	5.36148	0.44185	0.0330419	0.00413446
20017	-0.551104	-0.5486	3.50333	1.64928	0.470775	2.85534	-1.17163	3.84894	1.80798	0.469734	0.0334512	5.80194	0.47023	0.0273157	0.0043685
20018	-0.529589	-0.547378	4.00074	1.87783	0.469372	2.82371	-1.21932	3.95568	1.91076	0.483042	0.0401528	5.62232	0.476168	0.0289457	0.00454826
20019	-0.520724	-0.549064	3.73604	1.77702	0.475643	2.71075	-1.32537	3.81099	1.74697	0.458402	0.0577115	5.2212	0.466937	0.04102	0.00473625
20020	-0.595304	-0.595255	3.9563	1.71985	0.434712	2.7772	-1.2988	3.86003	1.77555	0.459984	0.0435192	5.68691	0.447192	0.0342083	0.00496749
20021	-0.592063	-0.592964	3.98441	1.80068	0.451931	2.66363	-1.35065	3.80954	1.82491	0.479036	0.0541617	5.29976	0.46518	0.0380968	0.00523676
20022	-0.531503	-0.547655	3.95118	1.91029	0.483472	2.58679	-1.3633	3.85221	1.94058	0.503757	0.0684171	4.86188	0.493486	0.0414215	0.0055373
20023	-0.551826	-0.516115	3.96206	1.9711	0.497495	2.62104	-1.4145	4.15544	1.96709	0.473377	0.0801719	5.03355	0.485148	0.0487615	0.00583587
20024	-0.545696	-0.550251	3.7353	1.8602	0.498007	2.6143	-1.44018	3.91075	1.84199	0.471007	0.0793108	4.9928	0.484197	0.0507887	0.00598841
20025	-0.452264	-0.484308	3.8728	1.94702	0.502741	2.52698	-1.4686	3.81013	1.93718	0.508429	0.109154	4.43795	0.505562	0.058725	0.00621682
20026	-0.462678	-0.430219	4.35003	1.9698	0.452826	2.40127	-1.53751	3.78168	1.87216	0.495062	0.149485	4.10109	0.472468	0.0739227	0.00665113
20027	-0.414704	-0.404388	3.85829	1.81357	0.470045	2.40097	-1.58178	3.62929	1.7766	0.489517	0.174853	3.96402	0.479483	0.0880729	0.00708575
20028	-0.455436	-0.394408	3.65441	1.87366	0.512711	2.32746	-1.63282	4.17612	1.89972	0.454901	0.198033	3.87225	0.48188	0.0922803	0.00723507
20029	-0.239576	-0.305315	3.82016	1.74826	0.45764	2.35196	-1.67502	3.89291	1.88667	0.484642	0.279344	3.35804	0.471268	0.114337	0.00735641
20030	-0.350028	-0.353111	3.93578	1.63794	0.416166	2.17777	-1.77422	3.55781	1.7292	0.486029	0.316059	3.19487	0.449336	0.13045	0.00766501
20031	-0.391112	-0.362852	3.99054	1.88866	0.473283	2.30901	-1.7641	3.78379	1.84457	0.487493	0.269316	3.64534	0.480199	0.116259	0.00781528
20032	-0.321455	-0.274901	3.74492	1.72691	0.461135	2.27157	-1.74432	3.87466	1.81626	0.468753	0.321128	3.3619	0.465009	0.132265	0.00808818
20033	-0.264541	-0.247668	3.81143	1.67345	0.43906	2.21933	-1.80956	3.67403	1.84135	0.501179	0.395409	3.08481	0.469549	0.147925	0.00821408
20034	-0.233006	-0.215155	3.59236	1.72154	0.479222	2.1119	-1.85377	3.63915	1.84174	0.506091	0.488318	2.74928	0.492743	0.158587	0.00852477
20035	-0.211686	-0.252191	3.68261	1.76495	0.479266	2.16201	-1.8635	3.82144	1.82341	0.477153	0.460793	2.81721	0.47819	0.153241	0.00880555
20036	-0.220995	-0.224209	3.84414	1.85947	0.483717	2.19473	-1.83284	3.78663	1.87064	0.494011	0.443423	2.91787	0.488825	0.147863	0.00891726
20037	-0.290863	-0.276946	3.54185	1.68914	0.476908	2.07999	-1.92713	3.80627	1.87217	0.491865	0.484458	2.81047	0.484656	0.160549	0.00909101
20038	-0.250542	-0.227495	3.68431	1.74613	0.473936	2.09162	-1.90699	3.79048	1.71862	0.453404	0.514191	2.74287	0.463524	0.169181	0.00927532
20039	-0.238746	-0.292512	3.72438	1.76395	0.473622	2.05311	-1.96005	3.83461	1.68003	0.438123	0.52939	2.6263	0.455614	0.16802	0.00956847
20040	-0.24642	-0.25244	3.51039	1.84537	0.52569	2.07498	-1.99333	4.24198	1.84702	0.435414	0.562399	2.69444	0.476292	0.170332	0.00977651
20041	-0.267953	-0.241413	4.0108	1.82786	0.455736	1.9298	-2.028	3.93064	1.8592	0.473001	0.660827	2.41506	0.464281	0.177992	0.0100791
20042	-0.279056	-0.276169	3.62126	1.76914	0.488542	1.9283	-2.0285	3.555	1.72965	0.486541	0.630212	2.43621	0.487551	0.180004	0.0102708
20043	-0.135356	-0.21872	4.11218	1.93053	0.469467	1.91903	-2.08243	4.00046	1.78909	0.447222	0.822986	2.11025	0.458498	0.189344	0.010665
20044	-0.226655	-0.156263	3.919	1.8535	0.472951	1.94027	-2.1195	3.96626	1.73916	0.438489	0.820838	2.34779	0.455617	0.211569	0.0110759
20045	-0.182836	-0.152247	3.70292	1.82229	0.492123	1.8177	-2.21457	3.60398	1.74715	0.484783	1.06272	2.00108	0.488503	0.229606	0.0113496
20046	-0.119319	-0.141742	4.04143	1.86534	0.461555	1.7773	-2.22145	3.90989	1.88714	0.482657	1.20239	1.79857	0.471931	0.223783	0.0117205
20047	-0.0740217	-0.109067	3.75813	1.89038	0.503011	1.89993	-2.2277	3.83439	1.91796	0.5002	1.15196	1.94825	0.501592	0.227682	0.0119777
20048	-0.202784	-0.0909816	3.7251	1.87497	0.503334	1.59917	-2.3328	3.78765	1.92924	0.50935	1.54779	1.62352	0.506367	0.24837	0.0122913
20049	0.0416209	-0.0232558	3.63774	1.80476	0.496123	1.69721	-2.33539	3.60513	1.83664	0.509453	1.95039	1.37048	0.502758	0.268583	0.0124413
20050	0.0132673	-0.0286178	3.80924	1.83688	0.482218	1.69333	-2.27991	4.04776	2.07082	0.511597	1.7956	1.41131	0.497353	0.244949	0.0128778
20051	-0.0587868	-0.0299129	3.93808	1.86113	0.472599	1.69582	-2.32909	4.01439	1.9775	0.492602	1.71706	1.53933	0.482697	0.256202	0.0131572
20052	0.00174999	0.0115617	3.70757	1.75325	0.472882	1.63174	-2.33473	4.05392	1.93037	0.476173	2.07201	1.32844	0.474601	0.272095	0.0136259
20053	-0.047853	0.0131947	3.75783	1.74211	0.463595	1.65132	-2.33052	3.73101	1.93539	0.518731	1.90255	1.44359	0.491064	0.27199	0.0136606
20054	-0.0102085	0.0220932	3.9088	1.72374	0.44099	1.75584	-2.29571	3.72924	1.73355	0.464853	1.72245	1.55947	0.452641	0.279884	0.0139402
20055	-0.0220362	-0.012854	3.66041	1.74255	0.476052	1.77752	-2.23049	3.68706	1.82619	0.495297	1.51863	1.6192	0.485709	0.256333	0.0141755
20056	-0.0858949	-0.0601791	3.74247	1.72453	0.460802	1.72133	-2.25424	3.97515	1.82709	0.459629	1.4739	1.63304	0.460197	0.253186	0.0145085
20057	-0.0986576	-0.0968161	3.76629	1.67651	0.445135	1.67854	-2.30338	4.11105	1.96632	0.478301	1.54156	1.57922	0.462444	0.25055	0.0146003
20058	-0.135842	-0.112694	3.709	1.70954	0.460916	1.76073	-2.30435	3.73932	1.83358	0.490351	1.33539	1.79849	0.475694	0.253225	0.0151009
20059	-0.0287865	-0.0885683	3.41712	1.75087	0.512382	1.60939	-2.36618	3.80857	1.88254	0.494291	1.93302	1.34182	0.502846	0.26314	0.0152724
20060	-0.0646011	-0.0776849	3.74079	1.6734	0.447339	1.66209	-2.3882	3.79995	1.89691	0.499193	1.79056	1.49074	0.47347	0.272197	0.015621
20061	-0.0194384	-0.0514339	3.5926	1.61697	0.450082	1.56245	-2.42926	4.03933	1.98361	0.491074	2.25949	1.25118	0.471778	0.28201	0.0160337
20062	-0.12704	-0.132248	3.49604	1.65589	0.473647	1.39442	-2.59858	3.8765	1.82919	0.471867	2.62773	1.15743	0.472711	0.303895	0.0163806
20063	-0.106232	-0.11291	3.58859	1.66374	0.463621	1.50022	-2.5264	4.05339	1.98963	0.490855	2.25713	1.29035	0.478066	0.285102	0.0164564
20064	-0.148	-0.135243	3.57746	1.6366	0.457476	1.44571	-2.54368	4.12009	1.95302	0.474025	2.28377	1.26995	0.466333	0.287842	0.0167564
20065	-0.202449	-0.158825	3.65955	1.59131	0.434839	1.43454	-2.54979	3.4965	1.91674	0.548187	2.13333	1.33986	0.490222	0.289573	0.0170122
20066	-0.042133	-0.127039	3.66422	1.63913	0.447334	1.43946	-2.54989	3.77794	1.90742	0.504885	2.67421	1.09756	0.476549	0.292789	0.0172103
20067	-0.0179309	-0.0948621	3.83887	1.67464	0.436231	1.39543	-2.61022	3.79149	1.80471	0.47599	3.16732	0.998795	0.455987	0.312639	0.0173389
20068	-0.160262	-0.131015	3.83636	1.75359	0.457097	1.37522	-2.59919	3.72939	1.81529	0.486753	2.58383	1.17885	0.471715	0.299206	0.017679
20069	-0.117602	-0.0946176	3.58741	1.66724	0.464749	1.38778	-2.62475	3.86328	1.85923	0.481256	2.82484	1.13308	0.473308	0.312265	0.018061
20070	-0.0336567	-0.0858802	3.82534	1.75787	0.459535	1.51977	-2.5003	3.70893	1.8913	0.50993	2.4157	1.20658	0.484343	0.285493	0.0185599
20071	-0.032731	-0.0645491	3.6736	1.74546	0.475135	1.39916	-2.56854	4.00249	1.90875	0.47689	3.05807	1.02515	0.47605	0.300294	0.0187351
20072	-0.109341	-0.106395	3.51123	1.67538	0.47715	1.37529	-2.59873	3.97194	1.94222	0.488984	2.8182	1.10207	0.483432	0.300448	0.0189123
20073	-0.0762031	-0.0822584	3.91408	1.87262	0.478433	1.39931	-2.60432	3.88833	2.00801	0.516419	2.92162	1.08857	0.497363	0.290771	0.0191604
20074	-0.124461	-0.181659	3.82588	1.88944	0.493856	1.40979	-2.59874	4.17195	1.92175	0.460637	2.48192	1.17697	0.476528	0.277156	0.0193821
20075	-0.310841	-0.218696	3.93466	1.88101	0.478061	1.37632	-2.64015	4.10002	1.9898	0.485314	2.05986	1.42326	0.481762	0.274777	0.0196295
20076	-0.0753615	-0.155227	4.21731	1.96581	0.466128	1.38658	-2.59002	3.84706	1.91468	0.4977	2.77372	1.06864	0.481189	0.276472	0.019932
20077	-0.17449	-0.196629	4.00473	1.82949	0.456832	1.38731	-2.6004	3.94806	1.80814	0.457981	2.36883	1.21961	0.457402	0.284338	0.0204358
20078	-0.196843	-0.183405	3.79765	1.66978	0.439688	1.3289	-2.61796	3.71559	1.8272	0.491765	2.54612	1.16394	0.465442	0.297723	0.0207155
20079	-0.109929	-0.172523	3.61527	1.72223	0.476378	1.2959	-2.64597	3.90543	1.95319	0.50012	3.09554	0.988184	0.488707	0.293958	0.0208194
20080	-0.258599	-0.179021	3.81005	1.65273	0.433781	1.2363	-2.66329	3.82463	1.80946	0.473108	2.76171	1.11735	0.453482	0.308374	0.0210358
20081	-0.204462	-0.196562	3.46558	1.6536	0.477149	1.39706	-2.5935	4.03174	1.90635	0.472834	2.24	1.28244	0.474829	0.287583	0.0211751
20082	-0.233955	-0.18395	3.54696	1.68235	0.474306	1.41873	-2.63852	3.89208	1.78004	0.457348	2.20584	1.36568	0.465434	0.303254	0.0214833
20083	-0.139869	-0.152944	3.85026	1.71852	0.446338	1.31737	-2.61991	4.10206	1.89263	0.461385	2.86595	1.06177	0.4541	0.296538	0.0217744
20084	-0.160646	-0.180268	3.61226	1.71431	0.474582	1.33337	-2.61956	3.72144	1.85069	0.497304	2.66574	1.11604	0.486112	0.294518	0.0220879
20085	-0.142346	-0.17371	3.74026	1.63488	0.437103	1.35973	-2.63597	3.78557	1.87231	0.494591	2.6871	1.12812	0.46602	0.301862	0.0223264
20086	-0.251896	-0.216216	3.98655	1.81468	0.455199	1.37657	-2.59668	3.76453	1.83244	0.486766	2.13682	1.32594	0.47053	0.279863	0.0226199
20087	-0.150277	-0.173108	3.91757	1.71348	0.437384	1.41636	-2.62707	3.70202	1.65124	0.446038	2.45358	1.22718	0.441589	0.309228	0.0229797
20088	-0.10503	-0.130458	3.70081	1.65937	0.448382	1.38769	-2.60332	3.85952	1.83029	0.474228	2.74437	1.11411	0.461576	0.304735	0.023018
20089	-0.100291	-0.0970476	3.78648	1.73226	0.457487	1.40765	-2.58817	3.73623	1.82615	0.488769	2.72912	1.13694	0.473023	0.303721	0.0230895
20090	-0.128985	-0.115472	3.7238	1.82902	0.491169	1.38869	-2.58659	3.81676	2.03239	0.532492	2.65111	1.15168	0.512085	0.283436	0.0233474
20091	0.0835812	0.0442122	3.91159	1.88305	0.481403	1.51769	-2.42397	3.94971	1.88223	0.47655	2.96205	1.02833	0.478965	0.288095	0.0236017
20092	0.151593	0.0736131	3.60355	1.88072	0.521906	1.68189	-2.2901	3.65592	1.81554	0.496604	2.38581	1.17091	0.509164	0.274353	0.023732
20093	0.0918792	0.129113	3.7342	1.90711	0.510715	1.67425	-2.34373	3.69147	1.79694	0.486782	2.44218	1.25195	0.498818	0.292249	0.0239609
20094	0.0409534	0.110694	3.64448	1.72806	0.474157	1.6444	-2.32363	3.77954	1.80764	0.478269	2.3049	1.28551	0.47625	0.295387	0.0241794
20095	0.229331	0.199982	3.9997	1.76876	0.442223	1.61461	-2.32391	3.86195	1.81348	0.469576	3.31948	0.959494	0.45566	0.307853	0.0245352
20096	0.178314	0.242457	3.71506	1.7395	0.46823	1.68269	-2.32286	3.98903	1.80237	0.451832	2.90782	1.13158	0.459739	0.317284	0.0246863
20097	0.164571	0.173899	3.71954	1.77006	0.475882	1.70509	-2.26529	3.82907	1.84933	0.48297	2.50699	1.18661	0.479478	0.291363	0.0247334
20098	0.0152023	0.138821	3.80703	1.66944	0.438517	1.79062	-2.28322	4.26841	1.77285	0.415341	1.86106	1.57606	0.426267	0.298865	0.0249844
20099	0.141425	0.215448	3.68717	1.72759	0.468541	1.65712	-2.36356	3.66935	1.7082	0.465534	2.89521	1.14867	0.467041	0.326241	0.0251218
20100	0.240652	0.215192	3.68867	1.73564	0.470534	1.66065	-2.3746	3.69286	1.68254	0.455621	3.32627	1.00819	0.463073	0.329213	0.0254509
20101	0.244199	0.205563	3.77039	1.75882	0.466482	1.71749	-2.34612	3.86473	1.86634	0.482916	2.99967	1.0853	0.4748	0.309985	0.0257444
20102	0.179049	0.16745	3.42163	1.71049	0.499904	1.66378	-2.33246	3.74857	1.75952	0.469383	2.835	1.10222	0.483948	0.310574	0.0258621
20103	0.0869692	0.154875	3.8197	1.76708	0.462622	1.71238	-2.1846	3.71396	1.85733	0.500095	2.07163	1.32097	0.481096	0.274157	0.0264354
20104	0.187197	0.19842	3.8368	1.67097	0.435511	1.76076	-2.25033	3.85635	1.72213	0.446571	2.42172	1.23804	0.441055	0.306532	0.0265057
20105	0.192494	0.179849	3.47772	1.77814	0.511295	1.81982	-2.24473	3.84365	1.65978	0.431824	2.21986	1.32409	0.469574	0.29957	0.0267641
20106	0.101186	0.149013	3.86616	1.73856	0.449686	1.71611	-2.31463	3.98975	1.76939	0.443485	2.32729	1.30399	0.446537	0.302053	0.0266671
20107	0.0766218	0.159615	3.84695	1.80121	0.468218	1.64014	-2.38516	4.05015	1.88131	0.464504	2.64906	1.2223	0.466313	0.305486	0.0268592
20108	0.154956	0.199619	3.5426	1.69264	0.477795	1.65181	-2.37824	3.57748	1.81934	0.508555	2.96594	1.12028	0.49325	0.321246	0.0271845
20109	0.134998	0.168375	3.79752	1.65942	0.436975	1.56465	-2.43554	3.6107	1.82932	0.506638	3.31735	1.02196	0.470928	0.327107	0.0273861
20110	0.150816	0.171031	3.61284	1.76015	0.487191	1.64698	-2.44154	3.66661	1.84487	0.503156	3.04915	1.11925	0.495233	0.321376	0.0276518
20111	0.15425	0.128985	3.65659	1.74313	0.47671	1.52506	-2.4338	3.94694	1.88381	0.477284	3.49517	0.93956	0.477008	0.31174	0.0279828
20112	0.175074	0.16925	3.78326	1.88121	0.497246	1.4061	-2.52238	3.9195	1.9169	0.489067	4.78071	0.757717	0.493084	0.323003	0.0282442
20113	0.112555	0.129776	3.50712	1.7321	0.49388	1.37321	-2.61422	3.77407	1.81898	0.481968	4.73773	0.794632	0.487706	0.346555	0.0283873
20114	0.116606	0.147004	3.88603	1.78487	0.459306	1.43212	-2.58781	4.08702	1.91667	0.468966	4.32182	0.865283	0.464258	0.335721	0.028564
20115	0.322038	0.246946	3.78574	1.78441	0.471351	1.38382	-2.6427	3.88287	1.85684	0.478214	7.4066	0.56369	0.474826	0.364507	0.0286261
20116	0.241159	0.247954	3.80186	1.80519	0.474817	1.45336	-2.62453	3.96113	1.9748	0.498546	5.6152	0.734717	0.486925	0.353164	0.0287734
20117	0.232241	0.265872	3.67974	1.81868	0.494242	1.39123	-2.65108	3.97974	1.87755	0.471778	6.33434	0.671624	0.48257	0.365393	0.0287998
20118	0.27835	0.236093	3.85827	1.72089	0.446027	1.3622	-2.67349	3.70642	1.75652	0.473913	7.20653	0.58736	0.45969	0.378466	0.0289252
20119	0.149694	0.221832	3.64298	1.81766	0.498948	1.26376	-2.70833	3.92238	1.95167	0.497574	6.91771	0.620571	0.498236	0.362952	0.029171
20120	0.177719	0.175335	3.44942	1.80877	0.524371	1.30992	-2.69764	3.70803	1.88878	0.509375	6.43895	0.640942	0.516602	0.358296	0.0294061
20121	0.176982	0.211443	3.86388	1.73149	0.448123	1.25113	-2.72517	3.83515	1.7843	0.465249	7.47428	0.576893	0.456654	0.380237	0.0296316
20122	0.198753	0.212354	3.74595	1.68379	0.449497	1.19826	-2.76893	3.95946	1.92404	0.485934	8.89689	0.499504	0.46822	0.381263	0.0298352
20123	0.203306	0.240852	3.95479	1.73346	0.43832	1.20175	-2.83989	3.88173	1.97463	0.508697	9.52056	0.498446	0.47318	0.390319	0.0299856
20124	0.102681	0.202615	3.54881	1.91286	0.539014	1.17836	-2.87275	4.18819	1.91806	0.457968	8.17386	0.578545	0.495142	0.381769	0.0301722
20125	0.240088	0.249618	3.91604	1.82121	0.465063	1.13812	-2.82215	4.04821	1.94045	0.479335	11.7001	0.403234	0.472317	0.385528	0.0306091
20126	0.290995	0.271745	3.67694	1.7177	0.467153	1.13531	-2.86139	3.95028	1.90237	0.481579	13.7704	0.356436	0.474625	0.404147	0.0308781
20127	0.272354	0.297591	3.70259	1.9219	0.51907	1.15595	-2.87223	4.2302	2.05318	0.485363	12.8694	0.390374	0.501096	0.387343	0.0308073
20128	0.343917	0.357413	4.1288	1.77914	0.43091	1.16355	-2.84768	3.84649	1.95141	0.507322	15.2912	0.335899	0.467764	0.407848	0.0311702
20129	0.435565	0.363709	3.73568	1.71729	0.4597	1.27056	-2.81298	3.98271	1.90567	0.478486	14.4739	0.348604	0.469394	0.410618	0.0314352
20130	0.389505	0.362262	3.74642	1.85735	0.495766	1.17838	-2.82859	3.8795	1.92308	0.495703	16.3605	0.311163	0.495734	0.402501	0.03176
20131	0.364658	0.411087	3.72962	1.69602	0.454744	1.29487	-2.79777	4.39483	1.95181	0.444114	11.8998	0.432643	0.448994	0.413844	0.0320624
20132	0.540636	0.468708	3.91008	1.73288	0.443183	1.15109	-2.87762	3.55177	1.73976	0.489829	30.0491	0.186326	0.465386	0.44646	0.0325923
20133	0.372148	0.472341	3.58707	1.6615	0.463192	1.10361	-2.8853	4.00209	1.83814	0.459295	21.0711	0.267516	0.461137	0.446214	0.0327697
20134	0.502871	0.493815	3.32821	1.61955	0.486612	1.02061	-2.96261	3.63922	1.69825	0.466652	44.5694	0.134026	0.476186	0.473868	0.0328352
20135	0.46685	0.421435	3.70177	1.69515	0.45793	1.06496	-2.97916	4.09598	1.7874	0.436379	32.3259	0.178867	0.44661	0.453718	0.0332356
20136	0.526053	0.499666	3.63571	1.69872	0.467233	0.930652	-2.95867	4.33005	1.976	0.456347	73.0608	0.08185	0.461315	0.448755	0.033852
20137	0.526519	0.492486	3.64292	1.74722	0.479622	1.05385	-2.94967	4.04593	2.04962	0.506588	42.609	0.139037	0.493812	0.438374	0.0338825
20138	0.397753	0.414096	3.65319	1.88251	0.515305	0.881046	-3.01946	4.04197	1.95032	0.482518	50.4738	0.116786	0.498083	0.434822	0.0340733
20139	0.463427	0.448701	3.7954	1.75508	0.462421	0.962496	-2.97402	4.01012	1.974	0.492254	47.0352	0.124535	0.477748	0.44002	0.0343559
20140	0.381191	0.371235	3.81088	1.79	0.469709	1.01105	-3.00341	3.98564	1.91461	0.480378	28.7054	0.198364	0.475163	0.434677	0.0349626
20141	0.269636	0.287019	3.45453	1.60282	0.463975	1.00092	-2.98115	3.75114	1.74072	0.464051	19.9728	0.267386	0.464014	0.444143	0.03517
20142	0.215764	0.253045	3.72339	1.65002	0.443149	1.05526	-2.98524	3.60622	1.78603	0.495264	14.8797	0.352375	0.46879	0.4329	0.0354497
20143	0.217128	0.287018	3.56084	1.63307	0.45862	1.02543	-2.95897	4.03806	1.93658	0.479582	16.1269	0.326673	0.469759	0.424721	0.0356017
20144	0.35042	0.283676	3.6673	1.6736	0.456356	1.06137	-2.96235	3.76007	1.8121	0.481933	20.8463	0.252723	0.469304	0.430551	0.0356645
20145	0.135358	0.290679	3.39082	1.63342	0.481717	1.01829	-2.9654	3.7961	1.76879	0.465948	13.5998	0.389787	0.473388	0.438028	0.0360494
20146	0.179412	0.232241	3.79162	1.6918	0.446194	1.01999	-2.98166	3.95253	1.975	0.499681	14.6187	0.353288	0.473493	0.413348	0.0362563
20147	0.128556	0.197169	3.58155	1.70902	0.477175	1.09298	-2.92818	4.01802	1.97984	0.492739	10.5018	0.465055	0.485404	0.398428	0.0366868
20148	0.136269	0.107006	3.86842	1.75701	0.454194	1.11103	-2.93181	4.11433	1.84744	0.449025	9.71877	0.47508	0.45153	0.390543	0.0367742
20149	0.140262	0.12984	3.63146	1.75184	0.482406	1.00112	-3.03794	3.93706	1.90356	0.483499	13.5409	0.370538	0.482974	0.407106	0.0369464
20150	0.134691	0.133896	3.54279	1.68886	0.476702	0.972063	-3.06389	3.91563	1.9785	0.505282	14.5836	0.350595	0.491706	0.410876	0.0372707
20151	0.0419571	0.042683	3.78227	1.68429	0.445313	0.863829	-3.09153	4.06791	1.90508	0.46832	14.5428	0.337737	0.457235	0.406364	0.0373413
20152	0.0471604	0.0775805	3.5518	1.70136	0.479013	0.933036	-3.07147	3.96084	1.77952	0.449277	12.6361	0.392388	0.463336	0.416083	0.0375926
20153	0.0712101	0.0770946	3.55055	1.63721	0.461113	0.925295	-3.06322	3.58883	1.78014	0.496023	13.519	0.36473	0.478662	0.419211	0.0375005
20154	0.152496	0.143461	3.78059	1.72059	0.455112	0.824652	-3.09838	3.52335	1.7711	0.502674	23.2618	0.225897	0.478055	0.429499	0.0376194
20155	0.16546	0.188992	3.61108	1.74745	0.483913	0.925599	-3.11484	3.60584	1.68586	0.467535	18.8907	0.288906	0.47573	0.442961	0.0379839
20156	0.169471	0.179185	4.25729	1.80961	0.425061	0.774426	-3.20454	3.9738	1.83987	0.463001	31.2856	0.182985	0.443378	0.439689	0.0382106
20157	0.21301	0.20951	3.63022	1.68438	0.463988	0.869451	-3.15886	3.71421	1.82189	0.490518	26.3299	0.215457	0.477405	0.447324	0.0384581
20158	0.322722	0.269974	3.80008	1.72693	0.454446	0.870097	-3.12348	4.00236	1.65116	0.412546	38.4338	0.14981	0.432953	0.460232	0.0386076
20159	0.249406	0.263595	3.86764	1.74094	0.450131	0.878594	-3.097	3.75667	1.75471	0.467093	28.528	0.197939	0.458489	0.446931	0.0388739
20160	0.205518	0.245449	3.60093	1.71113	0.47519	0.901207	-3.06044	3.84637	1.84688	0.480161	22.5811	0.241992	0.477758	0.434483	0.0393607
20161	0.387601	0.289608	3.69897	1.74545	0.471874	0.99054	-3.04578	4.11632	1.89534	0.460445	30.6017	0.181767	0.465854	0.433197	0.0397448
20162	0.279297	0.221329	3.69017	1.81256	0.491187	0.919533	-3.10028	3.89655	1.88187	0.482959	26.9165	0.204951	0.486961	0.427583	0.0401445
20163	0.30526	0.209708	3.96067	1.82325	0.460338	0.894285	-3.10469	3.87475	1.85358	0.478373	31.6623	0.173475	0.469257	0.427688	0.0407095
20164	0.119409	0.115716	3.81631	1.80817	0.473801	0.944559	-3.03967	3.91237	1.91309	0.488984	14.6231	0.340436	0.481487	0.400921	0.0408844
20165	0.1519	0.0961247	3.9717	1.93758	0.487847	0.920706	-3.08503	3.7836	1.86215	0.492165	17.1213	0.295531	0.489954	0.399814	0.0411861
20166	0.00864335	0.0777338	4.01663	2.01485	0.501626	0.785402	-3.15368	3.87397	1.93889	0.50049	17.3066	0.301677	0.501068	0.397806	0.0413851
20167	0.15057	0.10405	4.2692	1.88626	0.44183	0.787565	-3.16144	3.80705	1.85872	0.48823	26.2799	0.202881	0.463702	0.415957	0.0419235
20168	0.13577	0.0965677	3.51817	1.5849	0.45049	0.93115	-3.1038	3.65722	1.9153	0.523703	16.1901	0.316315	0.487806	0.422606	0.0422192
20169	0.234586	0.145172	3.50582	1.67227	0.476997	0.829498	-3.11525	3.79178	1.96287	0.517665	30.036	0.17696	0.498128	0.422449	0.0426517
20170	0.279833	0.206476	3.51163	1.58598	0.451636	0.869917	-3.09775	4.06637	1.85719	0.456721	31.3555	0.174099	0.454364	0.442313	0.0427437
20171	0.114802	0.17641	3.64193	1.55378	0.426636	0.908167	-3.07421	3.6444	1.81583	0.498251	16.7875	0.314714	0.462456	0.439572	0.0430333
20172	0.182639	0.1214	3.68013	1.81704	0.493743	0.95642	-3.08257	3.71354	1.72936	0.465689	17.1451	0.299368	0.479652	0.419959	0.0432839
20173	0.0988065	0.117956	3.60846	1.62914	0.451477	0.953964	-3.0513	4.00422	1.94292	0.485217	13.7348	0.365647	0.469224	0.412912	0.0435537
20174	0.183745	0.183425	3.7786	1.74158	0.460906	0.928977	-3.06082	3.78619	1.78125	0.47046	18.9515	0.277686	0.465688	0.427687	0.043543
20175	0.141869	0.201583	3.58112	1.71896	0.480006	0.968291	-3.01851	3.91179	1.91722	0.490115	15.1821	0.341487	0.485283	0.416317	0.0435604
20176	0.213641	0.231713	3.54701	1.71289	0.48291	1.00122	-2.99191	3.87889	1.89893	0.489555	16.7534	0.310137	0.486381	0.418485	0.0439176
20177	0.231468	0.171768	3.48181	1.82242	0.523412	1.00391	-3.0108	3.62588	1.68993	0.466075	16.9757	0.29833	0.494162	0.419043	0.0439754
20178	0.112849	0.124318	3.98911	1.82865	0.458411	0.989815	-3.01484	3.63323	1.80414	0.496567	12.8133	0.384535	0.476598	0.404226	0.0440697
20179	0.118309	0.13278	3.87389	1.79313	0.462877	1.04857	-2.95215	3.72733	1.75603	0.471122	10.9972	0.432693	0.46692	0.401446	0.0440985
20180	0.157567	0.179536	3.53075	1.69724	0.480703	0.992533	-2.95249	3.67045	1.65608	0.451192	14.0706	0.348584	0.465661	0.422533	0.044501
20181	0.201498	0.188904	3.77268	1.73259	0.459246	1.10795	-2.91242	3.8321	1.7009	0.443855	11.7059	0.410826	0.45149	0.411998	0.0447184
20182	0.0822831	0.121561	3.68944	1.66482	0.451239	1.08184	-2.97574	3.86052	1.95429	0.506225	9.60189	0.499552	0.479355	0.398682	0.0450113
20183	0.137603	0.187862	3.91611	1.65884	0.423592	1.0766	-2.94157	3.80346	1.91533	0.503575	11.1071	0.440859	0.463	0.406652	0.0450724
20184	0.167998	0.182141	3.58824	1.63916	0.456814	0.979598	-2.92262	3.92911	1.9435	0.49464	14.6343	0.329347	0.476585	0.402267	0.0456211
20185	0.164994	0.17737	3.78583	1.7394	0.459452	1.1354	-2.88213	3.61421	1.9502	0.539592	9.9401	0.470846	0.498593	0.388217	0.045973
20186	0.165044	0.18142	3.62315	1.74289	0.481042	1.07802	-2.92751	3.98719	1.93116	0.484341	11.5959	0.416763	0.48277	0.396869	0.0463613
20187	0.179012	0.227544	3.91495	1.86219	0.475661	1.01008	-2.96383	4.11724	1.95942	0.475907	14.7463	0.345338	0.475787	0.399977	0.0464925
20188	0.195568	0.210764	3.64547	1.78517	0.489695	1.04667	-2.98713	3.98738	1.90973	0.478944	14.1178	0.362184	0.484079	0.409081	0.0465898
20189	0.26696	0.233419	3.77171	1.75974	0.466562	0.91251	-3.04482	4.03449	1.96918	0.488086	25.7882	0.208367	0.477687	0.418898	0.0467281
20190	0.151344	0.180403	3.8833	1.79209	0.461486	0.911939	-3.05312	3.94018	1.88519	0.478454	18.0736	0.289253	0.470032	0.415609	0.0467839
20191	0.261164	0.178579	3.77875	1.86667	0.493991	0.901223	-3.03364	4.04144	2.04183	0.505223	25.1866	0.204838	0.499796	0.397708	0.0469545
20192	0.220786	0.210854	3.82969	1.91587	0.500267	0.981801	-2.96871	3.7571	2.02919	0.540094	17.4562	0.289572	0.51999	0.390605	0.0470334
20193	0.304084	0.268348	3.67473	1.77572	0.483223	1.07468	-2.96214	3.92202	2.01878	0.514731	17.5746	0.296908	0.49949	0.407556	0.0472857
20194	0.382744	0.285388	3.74897	1.72875	0.461127	1.07302	-2.96069	3.82607	1.7212	0.449861	22.1139	0.238244	0.455436	0.433089	0.047461
20195	0.326214	0.334203	3.89802	1.83645	0.471123	1.1535	-2.86665	3.82984	1.91064	0.498881	14.97	0.342201	0.48488	0.406143	0.0477156
20196	0.351533	0.390082	4.04476	2.01943	0.499269	1.13571	-2.85836	3.85454	1.90482	0.494176	17.1602	0.307467	0.496784	0.402125	0.0483272
20197	0.337564	0.383482	3.99037	2.11588	0.530246	1.17595	-2.82692	3.73815	1.95404	0.522728	14.6634	0.351443	0.52661	0.387787	0.0482884
20198	0.347703	0.299322	3.9463	1.97146	0.499571	1.17296	-2.83577	3.87846	1.94178	0.500656	14.432	0.340522	0.500109	0.385838	0.0482548
20199	0.226441	0.29641	3.74017	2.00509	0.536096	1.09686	-2.87805	3.96997	1.97854	0.498377	13.301	0.378814	0.516675	0.387528	0.0483389
20200	0.267125	0.308281	3.69476	1.84127	0.498347	1.13197	-2.81042	3.9088	2.02951	0.519217	13.0037	0.37398	0.509076	0.385938	0.0481063
20201	0.318744	0.340197	4.11366	1.92669	0.468364	1.18247	-2.797	4.32928	2.11608	0.488784	13.1926	0.373012	0.478835	0.378465	0.0479217
20202	0.356254	0.332646	3.67144	1.75746	0.478683	1.22842	-2.74871	3.92006	1.96761	0.501933	12.4819	0.380341	0.490689	0.389327	0.0481236
20203	0.367812	0.292242	3.71556	1.7241	0.464022	1.33155	-2.68692	4.02407	1.93509	0.48088	9.55588	0.464395	0.472787	0.377599	0.0482568
20204	0.256379	0.250395	3.91436	1.61319	0.412121	1.30698	-2.70298	3.9918	1.97845	0.495627	7.9024	0.551883	0.454283	0.377892	0.048365
20205	0.168823	0.204088	3.79044	1.75729	0.463611	1.29778	-2.73684	3.77062	1.98226	0.525713	6.78602	0.63727	0.494581	0.366489	0.0484961
20206	0.0812062	0.141709	3.49449	1.7281	0.494522	1.24404	-2.79262	3.85119	1.93901	0.503484	6.36768	0.676093	0.499221	0.369994	0.0487155
20207	0.112956	0.138242	3.59628	1.74968	0.486526	1.12593	-2.8301	3.67661	1.90661	0.518578	8.58681	0.513056	0.502729	0.376075	0.048945
20208	0.122314	0.0841159	3.79642	1.79406	0.472565	1.30868	-2.76771	3.56043	1.87138	0.525605	5.77842	0.70373	0.498234	0.356904	0.0492667
20209	0.0808454	0.0378277	3.63005	1.74833	0.481627	1.23443	-2.79455	3.67027	1.83657	0.500391	6.02835	0.665384	0.491061	0.358865	0.0494143
20210	0.0710771	0.0275454	3.54453	1.73435	0.489304	1.25905	-2.73768	3.88443	1.91513	0.493027	5.41815	0.705634	0.491251	0.343861	0.0495993
20211	0.0614202	0.0448053	3.66809	1.85056	0.504503	1.24767	-2.74814	3.83757	1.92902	0.502667	5.54335	0.703595	0.503564	0.340467	0.0498742
20212	0.0518843	0.040144	4.14534	1.92212	0.463682	1.19478	-2.75248	4.20492	2.06244	0.490482	5.97051	0.653107	0.477177	0.328659	0.0502045
20213	0.0294373	0.0387528	3.81985	1.82735	0.478383	1.29686	-2.76499	4.15185	2.13318	0.51379	4.89369	0.803174	0.496824	0.331754	0.0506743
20214	-0.0333169	-0.0186294	4.03625	1.75246	0.43418	1.23917	-2.7816	4.1133	2.02207	0.491592	4.71458	0.809618	0.463157	0.335936	0.0510637
20215	-0.0454305	0.00553921	3.60221	1.7519	0.486339	1.28315	-2.77404	3.8248	1.90848	0.498976	4.37707	0.882559	0.492847	0.345526	0.0511288
20216	0.0411323	-0.0441018	3.63089	1.81991	0.501231	1.12822	-2.77113	3.71404	1.77141	0.476949	6.29285	0.590882	0.488953	0.341213	0.0513482
20217	-0.138333	-0.141545	3.82947	1.94847	0.508811	1.17695	-2.75746	3.77646	1.81521	0.480665	3.95555	0.864989	0.494836	0.312606	0.0516027
20218	-0.0942979	-0.0607946	3.82648	1.86385	0.487091	1.27055	-2.74755	3.88602	1.75806	0.452406	3.87512	0.931409	0.469615	0.332671	0.0520063
20219	-0.00562066	0.0173445	3.68423	1.75355	0.47596	1.23975	-2.75598	4.05053	1.85048	0.456849	4.95912	0.775476	0.465952	0.348021	0.052338
20220	0.0277944	-0.0205224	4.0409	1.86164	0.460701	1.26981	-2.78273	4.13629	1.80779	0.437055	4.94604	0.771301	0.44874	0.34214	0.0526483
20221	0.0476034	0.019065	3.90824	1.8861	0.482597	1.27987	-2.7696	3.83906	1.81434	0.4726	5.12136	0.759239	0.477643	0.344542	0.0529219
20222	0.145236	0.0834238	3.73505	1.7654	0.472657	1.28834	-2.71477	3.86495	1.76185	0.455853	5.99215	0.653347	0.464111	0.357011	0.0533207
20223	0.0479294	0.0328789	3.82564	1.78275	0.466	1.36143	-2.70282	3.82827	1.78979	0.46752	4.33791	0.862636	0.466761	0.343825	0.0536466
20224	-0.00657789	0.0477051	4.04622	1.90718	0.471349	1.20857	-2.70239	4.08179	1.92452	0.471488	5.12199	0.73829	0.471419	0.330521	0.0538142
20225	0.0652861	0.119193	3.6939	1.86876	0.505904	1.21911	-2.71156	3.66803	1.75738	0.479107	6.01901	0.665654	0.492553	0.355975	0.0538373
20226	0.107491	0.121815	3.59379	1.73118	0.481713	1.30675	-2.71678	3.85573	1.80278	0.467558	5.60253	0.719105	0.474387	0.363179	0.0541635
20227	0.135665	0.19657	3.81869	1.84869	0.484116	1.29988	-2.67388	3.62168	1.78219	0.49209	6.07904	0.677697	0.487997	0.362084	0.0543882
20228	0.202214	0.173891	3.67555	1.66366	0.45263	1.30517	-2.67138	3.82562	1.77678	0.464443	6.65476	0.608253	0.458655	0.370498	0.0548863
20229	0.228597	0.1921	3.95293	1.83724	0.464779	1.15813	-2.72999	3.95956	1.90286	0.480573	9.88223	0.43202	0.472683	0.363477	0.0552764
20230	0.19756	0.162593	3.78136	1.78114	0.47103	1.23687	-2.77356	3.73696	1.88175	0.50355	7.98123	0.540079	0.487194	0.370553	0.0558093
20231	0.152088	0.0973743	4.04064	1.92858	0.477295	1.24388	-2.75671	3.96944	1.92111	0.483975	6.83365	0.596005	0.480605	0.346087	0.0559428
20232	0.186683	0.179611	3.75927	1.87741	0.499408	1.2878	-2.77068	3.85941	1.87214	0.485084	7.17897	0.606228	0.492152	0.367345	0.0560054
20233	0.29546	0.205837	3.79689	1.87863	0.494781	1.21474	-2.75622	3.75164	1.9694	0.524942	10.3822	0.422541	0.509771	0.363181	0.0562185
20234	0.167245	0.149712	3.83812	1.87574	0.488712	1.22365	-2.72736	3.75583	1.89073	0.503411	7.41722	0.557993	0.495982	0.354713	0.0566677
20235	0.206746	0.168027	3.79708	1.98281	0.522195	1.28005	-2.70102	3.83203	1.96882	0.513779	7.14543	0.575993	0.517968	0.342547	0.0567698
20236	0.2245	0.136168	4.02855	1.96707	0.488282	1.2973	-2.6677	3.86685	1.93666	0.500837	6.83089	0.575448	0.494431	0.334984	0.0570158
20237	0.158526	0.107461	3.60888	1.72403	0.477719	1.37463	-2.63819	3.69917	1.78626	0.482882	5.09742	0.739452	0.480333	0.34945	0.0569695
20238	0.154857	0.125381	4.00284	1.88281	0.47037	1.29283	-2.63964	3.96771	1.81818	0.458244	5.9038	0.647494	0.464334	0.340673	0.0573782
20239	0.143947	0.114383	3.8937	1.80405	0.463324	1.31546	-2.65746	3.72991	1.85023	0.496052	5.59818	0.686218	0.479337	0.344645	0.0578618
20240	0.0950083	0.094893	3.89282	1.78002	0.457258	1.33449	-2.68092	3.77336	1.87762	0.497599	5.01534	0.768156	0.477114	0.345082	0.0581872
20241	0.144872	0.127793	4.05036	1.89428	0.467682	1.25283	-2.69499	4.24504	1.99472	0.469895	6.49091	0.61379	0.468814	0.338833	0.0586082
20242	0.204802	0.165582	3.66305	1.74527	0.476453	1.30228	-2.6988	3.60856	1.87321	0.519102	6.81196	0.602225	0.497618	0.361896	0.0584352
20243	0.120976	0.154064	3.6186	1.81573	0.501777	1.18542	-2.76981	3.86173	1.88686	0.488605	7.54518	0.566523	0.494977	0.366094	0.0587112
20244	0.1668	0.195359	3.78265	1.80025	0.475924	1.12863	-2.82969	3.88195	1.76387	0.454377	9.89169	0.462557	0.465011	0.391061	0.0592261
20245	0.225674	0.227642	3.83097	1.78729	0.466537	1.18345	-2.8261	3.81904	1.87673	0.491413	10.1656	0.458672	0.478955	0.388976	0.0599891
20246	0.236942	0.242442	3.84786	1.87162	0.486407	1.15756	-2.79132	3.66105	1.77292	0.484265	10.8594	0.423767	0.485362	0.387124	0.0604724
20247	0.298636	0.306922	3.834	1.77982	0.464221	1.28648	-2.77945	3.87677	1.8873	0.486823	9.76152	0.48792	0.475584	0.393838	0.0607377
20248	0.316378	0.318241	3.69197	1.73647	0.470337	1.22642	-2.7548	3.60176	1.87065	0.519372	11.4029	0.414088	0.494551	0.395711	0.0611714
20249	0.297883	0.271793	3.69738	1.77724	0.480676	1.16464	-2.8023	3.95383	1.97864	0.500437	12.5787	0.375637	0.490888	0.386251	0.0612522
20250	0.335452	0.383086	3.77071	1.82701	0.484526	1.13954	-2.8594	3.59149	1.98176	0.551794	16.261	0.323278	0.517341	0.408439	0.0610267
20251	0.456928	0.37603	3.73161	1.77994	0.476988	1.00467	-2.91843	4.23117	2.03702	0.481432	36.1753	0.150012	0.479349	0.415624	0.0614466
20252	0.404138	0.36509	3.90468	1.7713	0.453635	1.14398	-2.91159	4.1706	2.03198	0.487216	19.6149	0.273686	0.470978	0.413868	0.0617543
20253	0.368027	0.340405	4.00802	1.84314	0.459862	1.13487	-2.8356	3.90124	1.93849	0.496892	17.1534	0.294023	0.478127	0.400183	0.0616138
20254	0.386088	0.411123	3.92025	1.87571	0.478467	1.23176	-2.85744	4.03266	1.9283	0.478171	14.9386	0.357582	0.478317	0.41262	0.0622964
20255	0.304958	0.401134	3.68669	1.89435	0.513833	1.17639	-2.86255	3.68791	1.87883	0.509457	14.0264	0.3797	0.511645	0.413868	0.0628429
20256	0.39561	0.387931	3.80272	1.91202	0.502803	1.15124	-2.83716	3.86406	1.95578	0.506147	18.2164	0.285491	0.504488	0.40214	0.0627472
20257	0.42929	0.421042	3.79824	1.8645	0.490886	1.16691	-2.83292	4.23207	1.96463	0.464224	19.4607	0.272042	0.476835	0.408858	0.0626269
20258	0.358354	0.367981	3.60191	1.82889	0.507756	1.25423	-2.84412	3.90449	1.88892	0.483781	12.8553	0.401295	0.495285	0.40973	0.0632085
20259	0.366058	0.370641	3.66092	1.86819	0.510306	1.0822	-2.94353	3.78681	1.82068	0.480795	21.4166	0.25643	0.495301	0.426854	0.0632025
20260	0.370288	0.397897	4.10031	1.79954	0.43888	0.934957	-2.92553	3.98892	1.84151	0.461657	34.6405	0.159426	0.450112	0.431417	0.0630171
20261	0.416618	0.419544	3.61637	1.74021	0.481203	1.13111	-2.88165	3.85858	1.83008	0.474288	21.3476	0.255248	0.477633	0.432938	0.0631192
20262	0.375085	0.4375	3.73983	1.65183	0.441685	1.02632	-2.93113	3.68458	1.69248	0.45934	26.7565	0.212054	0.450447	0.459082	0.0637353
20263	0.395909	0.428674	3.6577	1.6766	0.458375	1.18925	-2.90087	3.80252	1.83642	0.482948	17.6136	0.314697	0.4709	0.441125	0.0639404
20264	0.398896	0.401852	3.73692	1.82764	0.489076	1.05102	-2.97457	3.76631	1.83849	0.48814	26.8072	0.212634	0.488606	0.437504	0.0643884
20265	0.364872	0.420856	3.55701	1.7006	0.478099	0.953507	-2.99657	3.78599	1.76251	0.465535	33.7058	0.173246	0.471621	0.457556	0.0644094
20266	0.464863	0.444315	4.09721	1.86261	0.454606	0.941682	-3.01999	3.98066	1.88658	0.473936	52.787	0.113678	0.464131	0.444651	0.0650002
20267	0.456791	0.467972	4.08305	1.85019	0.453138	1.0427	-2.95269	3.89594	1.86415	0.478485	34.0846	0.171645	0.465514	0.440699	0.0652742
20268	0.426244	0.433647	4.08568	1.95805	0.479247	1.02239	-2.96759	3.96651	1.89363	0.477405	32.5517	0.177693	0.478339	0.428978	0.0653904
20269	0.300472	0.374389	3.74915	1.72561	0.460267	1.05669	-2.99032	4.17581	1.97765	0.473597	19.7972	0.28593	0.467291	0.433318	0.0656336
20270	0.296303	0.34512	3.73895	1.78191	0.476581	1.03452	-2.97352	3.84762	2.00096	0.52005	20.2094	0.272483	0.498627	0.421367	0.0659343
20271	0.298676	0.349575	3.95855	1.90319	0.48078	1.04077	-2.95409	3.91999	1.96329	0.50084	19.8185	0.275355	0.490761	0.41385	0.0660187
20272	0.323517	0.293851	3.94807	1.81039	0.45855	0.978986	-2.96755	4.05037	2.00568	0.495185	24.7574	0.21482	0.477102	0.41079	0.0659483
20273	0.234432	0.302882	3.59681	1.76796	0.491534	1.11991	-2.9261	4.20071	2.03074	0.483428	13.2977	0.392034	0.487167	0.407064	0.0662781
20274	0.231206	0.27147	3.46851	1.61535	0.465718	1.00107	-3.00837	4.12493	1.96061	0.475307	18.1499	0.296347	0.470927	0.429366	0.0665229
20275	0.289043	0.295112	3.57967	1.78772	0.499407	0.968977	-2.97816	3.78854	1.81871	0.480057	23.1755	0.231155	0.489458	0.426307	0.0665316
20276	0.186233	0.230467	3.57076	1.74341	0.488247	0.955386	-3.01642	4.15167	2.00112	0.482005	17.82	0.295798	0.484891	0.413213	0.0665038
20277	0.181691	0.195296	3.94113	1.76669	0.44827	0.95626	-3.03075	4.09136	2.06365	0.504392	17.3468	0.299979	0.476856	0.404624	0.0667725
20278	0.250445	0.183328	3.79389	1.70765	0.450106	0.863749	-3.11421	3.82472	1.98059	0.517839	28.9087	0.188071	0.484109	0.424436	0.0673769
20279	0.134066	0.143444	3.58744	1.66978	0.465452	0.830348	-3.15927	3.59442	1.78754	0.497309	22.4994	0.242404	0.481396	0.441075	0.0675136
20280	0.164069	0.121538	3.67327	1.77132	0.482219	0.895737	-3.12941	4.1183	1.96851	0.47799	19.742	0.26767	0.479984	0.414124	0.0676441
20281	-0.0287036	0.0408413	3.79217	1.76677	0.4659	0.882788	-3.11266	3.68913	1.94301	0.526685	11.9696	0.415409	0.495874	0.401375	0.0677053
20282	-0.00932009	0.0729582	3.77176	1.80657	0.478972	0.919137	-3.10067	3.8574	1.81114	0.469525	11.6839	0.431016	0.474195	0.410504	0.067592
20283	0.0229994	0.0809151	3.73819	1.7362	0.464448	0.870872	-3.17351	3.93795	1.87409	0.475906	14.7329	0.359444	0.470326	0.423224	0.0678378
20284	0.0483002	0.11773	4.07686	1.7704	0.434256	0.847284	-3.25989	3.87349	1.88992	0.487912	17.8708	0.319188	0.460398	0.438068	0.068021
20285	0.0888773	0.114853	3.67276	1.83815	0.500481	0.735977	-3.2753	3.84742	1.89712	0.493088	27.447	0.209369	0.496698	0.434905	0.0686464
20286	0.0905777	0.141834	3.55326	1.86099	0.523741	0.837067	-3.18713	3.66255	1.87047	0.510701	19.8871	0.278623	0.517122	0.426225	0.0685852
20287	0.0844562	0.100498	3.87491	1.85468	0.478639	0.875165	-3.07456	3.9117	1.82643	0.466914	16.1239	0.31261	0.472749	0.406524	0.0689837
20288	-0.0132924	-0.0114083	3.96313	1.96068	0.494729	0.970104	-3.05986	3.59575	1.72106	0.478638	9.60951	0.483534	0.487074	0.387007	0.0690081
20289	0.0715667	0.129071	3.96114	2.06344	0.520921	0.988017	-3.05526	3.59618	1.64328	0.456953	12.0731	0.419941	0.490482	0.406258	0.069348
20290	0.134924	0.159396	3.84674	2.06431	0.53664	0.937796	-3.07183	3.43783	1.75665	0.510976	16.1972	0.322302	0.524528	0.405988	0.0696372
20291	0.193473	0.166507	3.88473	1.94576	0.500875	0.930591	-3.08811	3.73644	1.76173	0.4715	19.4951	0.271671	0.486473	0.416781	0.0698707
20292	0.15192	0.196469	3.86031	1.92685	0.499144	0.882112	-3.12398	3.64223	1.78586	0.490321	20.6785	0.26659	0.494861	0.426203	0.0700013
20293	0.158754	0.217875	4.13411	1.8475	0.446891	0.974632	-3.13276	3.81032	1.69679	0.445314	16.8656	0.332829	0.446134	0.442054	0.0701136
20294	0.174094	0.271378	3.83005	1.75584	0.458437	0.854312	-3.1786	3.67485	1.67871	0.456811	25.7239	0.231348	0.457641	0.464325	0.0701474
20295	0.321069	0.270711	3.7722	1.9177	0.508378	0.768565	-3.20729	3.62026	1.77797	0.491117	60.4065	0.100126	0.499925	0.450156	0.0704275
20296	0.202646	0.240886	3.7819	1.79577	0.474834	0.761521	-3.16354	3.90103	1.87983	0.48188	37.1072	0.156171	0.478411	0.440938	0.07099
20297	0.209841	0.236219	3.93689	1.86719	0.474281	0.803309	-3.1831	3.8726	1.9875	0.51322	33.196	0.176102	0.49359	0.431386	0.0709204
20298	0.276618	0.240364	3.9356	1.84565	0.468962	0.854301	-3.16306	3.44933	1.67548	0.485741	34.7098	0.166859	0.476799	0.451401	0.0712739
20299	0.294367	0.213809	3.93703	1.85601	0.471424	0.835007	-3.10072	3.93997	1.70604	0.433008	37.5861	0.146146	0.452209	0.435486	0.0716402
20300	0.206266	0.189561	3.92739	1.75727	0.447439	0.90904	-3.11062	3.51654	1.71798	0.488542	22.0517	0.246945	0.466856	0.439422	0.0717835
20301	0.128249	0.186874	3.87944	1.9009	0.489992	0.858044	-3.10168	3.62469	1.70535	0.470481	20.3052	0.266301	0.480567	0.4286	0.0722476
20302	0.148021	0.164357	3.76947	1.77922	0.472008	0.911044	-3.11322	3.46518	1.61833	0.467027	18.4515	0.291102	0.469622	0.441608	0.0729256
20303	0.20499	0.239786	4.00832	1.78863	0.44623	0.961291	-3.02489	3.74146	1.81988	0.48641	18.6333	0.285995	0.465628	0.42488	0.0732072
20304	0.296362	0.21867	3.97873	1.97782	0.497099	0.997744	-2.96208	3.86544	1.71146	0.442759	20.566	0.245969	0.470322	0.406853	0.0734199
20305	0.0894083	0.136558	3.70572	1.84552	0.49802	0.982252	-2.98465	4.1033	1.77127	0.43167	12.2206	0.398585	0.463156	0.402528	0.0735356
20306	0.135142	0.13457	3.78962	1.84879	0.487855	1.05607	-2.94606	4.13747	1.899	0.458977	11.19	0.424051	0.472783	0.387771	0.0737909
20307	0.0557957	0.0606313	3.92637	1.86841	0.47586	1.17828	-2.88471	4.19413	1.97433	0.470737	6.88513	0.629982	0.473214	0.360884	0.0741068
20308	0.0156897	0.0400873	3.64484	1.8106	0.496756	1.17177	-2.85809	3.75762	1.89518	0.504356	6.28457	0.66826	0.500614	0.36181	0.0740671
20309	0.173387	0.140412	3.61003	1.71162	0.474129	1.05961	-2.9185	3.93305	2.01884	0.513301	11.9138	0.392692	0.494554	0.385514	0.0743837
20310	0.0978249	0.15462	3.63838	1.77492	0.487832	1.07767	-2.91977	4.03567	1.90085	0.471012	9.84478	0.480045	0.478987	0.391421	0.0744809
20311	0.141035	0.138856	3.9728	1.83835	0.462735	1.04091	-2.9478	3.71708	1.74494	0.469438	11.7656	0.404884	0.465975	0.399416	0.0746807
20312	0.0716883	0.13843	3.50494	1.89836	0.541625	1.07546	-2.85316	3.90756	1.78051	0.455658	8.88254	0.503774	0.496307	0.378295	0.0750617
20313	0.191726	0.202976	3.55029	1.73146	0.487695	1.09064	-2.85409	3.71495	1.69922	0.457401	11.5657	0.404025	0.472205	0.405248	0.0750622
20314	0.166709	0.146342	3.60899	1.764	0.48878	0.982358	-2.90663	3.8606	1.69092	0.437993	14.0101	0.332641	0.462531	0.402909	0.0754756
20315	0.0621944	0.134105	3.83013	1.82341	0.476071	1.0204	-2.99911	3.64797	1.73241	0.474898	10.6922	0.459075	0.475498	0.408478	0.0761344
20316	0.161992	0.157483	3.79479	1.84525	0.486259	1.07587	-2.96394	3.52238	1.72957	0.491022	11.6663	0.417584	0.488552	0.405373	0.0761745
20317	0.123124	0.158348	3.77453	1.84079	0.487686	1.04326	-2.93694	3.85212	1.8937	0.491599	11.316	0.423329	0.489662	0.390874	0.0763168
20318	0.239808	0.138364	3.62821	1.70204	0.469114	1.13915	-2.92883	3.71206	1.67702	0.451776	11.6314	0.404408	0.460346	0.410508	0.0768222
20319	0.162913	0.174829	3.89237	1.87749	0.482351	1.09811	-2.9076	3.58695	1.73279	0.483081	10.8638	0.437295	0.482701	0.396961	0.0766599
20320	0.135576	0.109025	4.06607	1.89156	0.465205	1.1335	-2.88206	3.49611	1.71339	0.490085	8.98387	0.497924	0.476708	0.383001	0.0767855
20321	0.0652615	0.0981317	3.84157	1.89757	0.493958	1.15456	-2.85591	3.90409	1.74771	0.44766	7.35431	0.593282	0.470622	0.374519	0.0770541
20322	0.0561547	0.0877455	3.98389	1.8755	0.470771	1.1391	-2.86715	4.07172	1.77454	0.435822	7.44505	0.58639	0.453106	0.374349	0.0773714
20323	-0.0243548	0.0530771	3.93871	1.93206	0.49053	1.19288	-2.82745	3.74441	1.83735	0.490691	5.60011	0.740829	0.490608	0.355085	0.0776935
20324	0.0379785	0.0208005	3.91215	2.01454	0.514944	1.08566	-2.83843	3.95149	1.90458	0.481989	7.44797	0.548821	0.498384	0.342864	0.0772346
20325	-0.00810269	0.0115188	3.66964	1.82705	0.497883	1.14341	-2.82403	4.26446	1.83864	0.431153	6.06371	0.66299	0.462016	0.354267	0.0779017
20326	-0.129383	-0.0439867	3.66459	1.84396	0.503182	1.18566	-2.7742	3.89975	1.86848	0.479127	4.31035	0.864669	0.490781	0.334317	0.0781184
20327	-0.137181	-0.145798	3.70734	1.7881	0.482314	1.2902	-2.70194	3.67073	1.7197	0.46849	3.20692	1.01872	0.475436	0.317826	0.0786105
20328	-0.0927181	-0.145799	3.91259	1.87527	0.47929	1.34186	-2.6842	3.62217	1.74551	0.481896	3.13094	1.029	0.480543	0.308016	0.0789051
20329	-0.0921561	-0.138516	3.83912	1.77205	0.461578	1.27541	-2.73564	3.90175	1.75148	0.448896	3.60653	0.935114	0.455186	0.323781	0.0792195
20330	-0.10817	-0.160109	3.86417	1.97367	0.510763	1.29314	-2.77603	3.86441	1.8456	0.477588	3.48483	0.981835	0.494175	0.309466	0.0795156
20331	-0.0787722	-0.0878169	4.03554	1.91986	0.475738	1.2648	-2.7454	3.62831	1.78463	0.491863	3.91249	0.902589	0.483372	0.322893	0.0793703
20332	-0.0476837	-0.0646335	3.87971	1.82026	0.469175	1.23153	-2.75742	3.65936	1.8335	0.501045	4.43115	0.818195	0.484645	0.331723	0.0794386
20333	-0.036059	-0.0549369	3.95266	1.91462	0.484388	1.35733	-2.71469	3.6453	1.75259	0.480781	3.64365	0.970771	0.482657	0.325468	0.0794757
20334	-0.0117408	-0.0870564	3.99141	1.91481	0.479732	1.34927	-2.70497	3.68864	1.74273	0.472459	3.69991	0.926171	0.476239	0.319119	0.0796685
20335	-0.188437	-0.170916	3.84386	1.72149	0.447855	1.29315	-2.7361	3.86794	1.8186	0.470172	2.99767	1.09755	0.459049	0.31737	0.0797281
20336	-0.0521336	-0.0969589	3.62416	1.69548	0.467829	1.25423	-2.71344	3.59276	1.74497	0.48569	4.01148	0.853296	0.47672	0.332314	0.0797923
20337	-0.102799	-0.1407	3.38381	1.69032	0.499531	1.34059	-2.67437	3.75399	1.79608	0.478446	3.08128	1.04169	0.488442	0.315328	0.079904
20338	-0.198148	-0.196376	3.71094	1.96108	0.52846	1.35543	-2.6129	3.92192	1.64468	0.419356	2.41945	1.2068	0.4724	0.288298	0.0801233
20339	-0.206315	-0.180034	3.90308	1.94179	0.497502	1.37058	-2.59437	3.53752	1.85928	0.525589	2.34416	1.24331	0.510855	0.277234	0.0802243
20340	-0.235234	-0.195179	3.91734	1.87158	0.477768	1.42302	-2.604	3.95126	1.77839	0.450083	2.11013	1.3749	0.463866	0.284502	0.0801735
20341	-0.250508	-0.266114	3.48346	1.84607	0.529952	1.38567	-2.61713	3.40646	1.61829	0.475063	2.06467	1.33854	0.502814	0.285238	0.0802336
20342	-0.365189	-0.269012	3.89699	1.99298	0.511415	1.54416	-2.5482	4.0418	1.68144	0.416012	1.42491	1.82281	0.462843	0.261236	0.0802808
20343	-0.234647	-0.216633	3.92312	1.93413	0.493008	1.49427	-2.46396	3.7074	1.65216	0.445639	1.6896	1.49458	0.469993	0.260489	0.0806338
20344	-0.231534	-0.195576	4.39464	2.07745	0.472722	1.62541	-2.3967	3.7841	1.65117	0.436345	1.40505	1.72412	0.455891	0.245289	0.0808973
20345	-0.0418767	-0.0430242	3.99978	1.9253	0.481351	1.6401	-2.39635	3.58571	1.77334	0.494557	1.95761	1.41452	0.487594	0.272476	0.0810528
20346	-0.0499324	-0.0155	4.08654	1.92993	0.472266	1.52127	-2.4316	3.9784	2.01993	0.507724	2.36465	1.23433	0.489757	0.269892	0.081264
20347	0.00371318	-0.0373271	3.93034	1.77096	0.450587	1.56652	-2.45864	3.96896	1.92719	0.485565	2.40044	1.22118	0.468162	0.283939	0.0814562
20348	-0.0570957	-0.124674	3.99183	1.91637	0.480074	1.41779	-2.56451	3.56319	1.87459	0.5261	2.73655	1.08765	0.501781	0.282003	0.0821694
20349	-0.0864051	-0.0707216	3.62287	1.79365	0.495091	1.40296	-2.5813	3.81496	1.94699	0.510357	2.84147	1.10911	0.502921	0.296499	0.082294
20350	-0.0704991	-0.0359029	3.98142	1.7942	0.450643	1.4573	-2.53469	4.06849	1.85182	0.455162	2.67501	1.16708	0.452927	0.29989	0.0823571
20351	-0.0873135	-0.0761368	3.66645	1.81834	0.49594	1.56689	-2.4624	3.72461	1.73511	0.465849	2.08094	1.36819	0.480776	0.286129	0.0825826
20352	-0.0601932	-0.0857464	3.73087	1.96373	0.526347	1.47041	-2.51991	3.80809	1.66613	0.437525	2.52916	1.17137	0.481481	0.289918	0.0828421
20353	-0.117493	-0.0597005	4.12866	1.92521	0.466303	1.45362	-2.56521	3.7014	1.69731	0.458559	2.54319	1.23419	0.462642	0.302382	0.0830818
20354	-0.0710964	-0.0500766	3.87176	1.83668	0.474379	1.43785	-2.56526	3.61467	1.7668	0.488785	2.77839	1.13846	0.481335	0.305127	0.0832421
20355	-0.0225345	-0.0387872	3.86556	1.84221	0.476571	1.41968	-2.58347	3.85594	1.87805	0.487054	3.1132	1.03999	0.481806	0.303312	0.0833054
20356	-0.0937709	-0.0414679	3.77498	1.85996	0.492708	1.57685	-2.50458	3.95242	1.82097	0.460722	2.17378	1.39549	0.476348	0.291915	0.0829182
20357	-0.150466	-0.0660761	3.96279	1.91531	0.483324	1.54329	-2.56325	3.71752	1.7327	0.46609	2.17366	1.43441	0.474982	0.299504	0.0828207
20358	-0.0293221	-0.0277683	3.91033	1.86888	0.477933	1.42284	-2.56854	3.63748	1.78262	0.49007	3.06124	1.05439	0.483782	0.306614	0.0826433
20359	-0.00228684	-0.0394554	4.10186	1.89079	0.460959	1.38227	-2.62369	3.82765	1.85063	0.483489	3.48373	0.958495	0.471834	0.308659	0.0828672
20360	0.0137744	-0.0210167	3.95533	1.92429	0.486504	1.36153	-2.5719	4.02068	1.94284	0.483211	3.58228	0.908223	0.484844	0.296208	0.0827706
20361	-0.0621272	-0.0533428	3.83999	1.91759	0.499374	1.362	-2.64673	3.34254	1.79437	0.536827	3.31617	1.01407	0.516804	0.311863	0.0824936
20362	-0.0784204	-0.0724349	4.20105	1.78662	0.425279	1.33909	-2.64458	3.94764	1.84624	0.467682	3.29259	1.00467	0.445821	0.312956	0.0825786
20363	-0.0850663	-0.0739231	3.89219	1.8077	0.464443	1.35068	-2.69206	3.88374	1.72687	0.444642	3.32528	1.03068	0.454553	0.326631	0.082644
20364	-0.00433322	-0.0258555	3.95623	2.03506	0.514395	1.26855	-2.67613	3.73268	1.77613	0.475834	4.33513	0.810119	0.495675	0.315525	0.0828972
20365	0.0394239	0.0125802	3.78611	2.06985	0.546696	1.40127	-2.60401	3.31849	1.8291	0.551184	3.69163	0.927308	0.548792	0.30518	0.0833291
20366	-0.0312308	-0.0288834	3.7053	1.78261	0.481097	1.34114	-2.59703	3.73241	1.75045	0.468985	3.50184	0.941702	0.475019	0.318302	0.0835597
20367	-0.00922004	-0.0028112	3.82695	1.78972	0.467661	1.3996	-2.55568	3.85988	1.68259	0.435918	3.28358	0.992386	0.451722	0.319477	0.0835822
20368	-0.0566954	-0.0296801	3.77935	1.71285	0.453214	1.50641	-2.52879	3.97485	1.80958	0.455258	2.5562	1.22165	0.454262	0.307236	0.0836715
20369	-0.0849224	-0.00890191	3.70493	1.71529	0.462975	1.50147	-2.52481	3.63717	1.76103	0.484176	2.51517	1.25832	0.473478	0.31292	0.0837569
20370	-0.0579075	-0.00156686	3.767	1.92541	0.511124	1.48197	-2.48127	3.8998	1.92561	0.493771	2.59315	1.18561	0.502297	0.285396	0.0838548
20371	-0.076001	-0.06709	4.15541	1.92474	0.46319	1.47328	-2.47585	3.94248	1.8412	0.467017	2.41726	1.20014	0.465053	0.278167	0.0844189
20372	-0.0911906	-0.0946085	3.83775	2.04566	0.533036	1.44843	-2.5247	3.76094	1.8558	0.49344	2.49125	1.18521	0.513439	0.274624	0.084251
20373	-0.103197	-0.0582066	3.90755	1.92301	0.492126	1.47556	-2.51812	3.71579	1.85609	0.499515	2.42779	1.24623	0.495727	0.285972	0.0849103
20374	-0.160788	-0.0577913	4.44019	1.88711	0.425006	1.4721	-2.54299	3.92742	1.91091	0.486557	2.31639	1.33316	0.453895	0.28914	0.0850667
20375	-0.135261	-0.0891031	3.8821	1.9105	0.492129	1.47144	-2.60235	3.54258	1.67667	0.473292	2.44681	1.29074	0.483141	0.305763	0.0855698
20376	-0.145861	-0.0801854	4.09283	2.05358	0.501751	1.40352	-2.5764	3.94739	1.76193	0.446353	2.59566	1.20029	0.474553	0.290014	0.0857508
20377	-0.0248547	-0.0605611	4.21907	2.16911	0.514121	1.34567	-2.6218	3.59651	1.65473	0.460094	3.49244	0.939163	0.489259	0.300258	0.085586
20378	0.0616071	0.00983047	4.23068	2.14584	0.507209	1.32071	-2.69013	3.50983	1.64659	0.469136	4.59823	0.792674	0.489946	0.324685	0.0860462
20379	0.0359262	0.0204179	3.97367	2.02986	0.510828	1.31922	-2.70612	3.87806	1.69566	0.437246	4.51412	0.823417	0.474485	0.332935	0.0858036
20380	-0.0491114	-0.00434353	3.85258	1.94218	0.504124	1.28622	-2.70575	3.4503	1.65689	0.480215	4.0926	0.89156	0.492828	0.336502	0.0864073
20381	-0.0848287	-0.0708537	3.44073	1.80883	0.525712	1.22359	-2.7687	4.09068	1.74824	0.427371	4.25148	0.855979	0.472298	0.338536	0.0862685
20382	-0.0442236	-0.0498792	4.06974	1.82914	0.449448	1.33745	-2.7147	3.51606	1.791	0.509377	3.71986	0.954504	0.477226	0.329149	0.0865171
20383	-0.052992	-0.104257	3.82842	1.84701	0.482446	1.24223	-2.75664	3.58987	1.65281	0.460409	4.19358	0.838797	0.471782	0.33457	0.0868517
20384	0.0104048	-0.0548089	3.9621	1.77318	0.447536	1.21499	-2.79322	3.84612	1.76188	0.458093	5.16797	0.725519	0.452736	0.346657	0.0871126
20385	0.0131555	-0.024171	3.74401	1.7553	0.468828	1.20116	-2.81157	3.63052	1.743	0.480096	5.50503	0.705679	0.474375	0.357127	0.0869542
20386	-0.0540439	-0.0403609	3.9635	1.76601	0.445569	1.09135	-2.85263	3.77977	1.73356	0.458641	6.02842	0.655962	0.45195	0.361132	0.0870299
20387	-0.0601229	-0.0564469	3.82441	1.76093	0.460443	1.12464	-2.91063	3.58701	1.76771	0.49281	5.80369	0.701826	0.476108	0.366065	0.0871903
20388	-0.155793	-0.0848016	3.74265	1.77205	0.473474	1.03006	-2.92537	3.89772	1.80012	0.46184	5.73789	0.703118	0.467539	0.361016	0.0873299
20389	-0.0395283	-0.0568295	3.83567	1.89067	0.492918	1.1776	-2.88391	3.85884	1.8674	0.483926	5.39512	0.740703	0.488409	0.347236	0.0877154
20390	-0.038636	-0.0479665	3.89455	1.94902	0.500446	1.08458	-2.93253	4.01542	1.82587	0.454716	6.59527	0.630806	0.477232	0.355392	0.0877178
20391	-0.00613966	-0.013147	4.04612	2.02452	0.500361	1.00242	-2.97191	3.43203	1.71108	0.498562	8.60628	0.508599	0.499535	0.369548	0.0878803
20392	-0.00706557	-0.0245353	4.08777	2.13111	0.521339	0.966678	-2.98178	3.58866	1.60138	0.446234	9.22325	0.474088	0.486228	0.369501	0.0880791
20393	-0.0220257	-0.00267563	3.7576	1.95068	0.51913	0.98855	-2.99305	3.93494	1.69979	0.431972	8.75614	0.510632	0.474546	0.379928	0.0882971
20394	-0.0757058	-0.0553409	4.2931	1.9473	0.453589	0.956897	-2.98062	3.76208	1.79275	0.476531	8.02541	0.533135	0.464304	0.363984	0.0884408
20395	-0.0195204	-0.0567153	3.76426	1.90305	0.505556	0.9795	-2.98821	3.70523	1.7957	0.484639	8.61049	0.499021	0.49518	0.367545	0.0886113
20396	0.0515929	0.000212165	4.07359	1.92059	0.471473	1.09756	-3.00502	3.46167	1.75693	0.507537	8.25503	0.547027	0.488041	0.380525	0.088755
20397	-0.0658761	-0.0139898	3.77549	1.88667	0.499716	1.0285	-3.01248	3.5936	1.87584	0.521994	7.50714	0.598826	0.51058	0.374101	0.0889667
20398	-0.14971	-0.0765193	3.55198	1.81751	0.511691	0.967115	-3.03499	3.90596	1.79155	0.458671	7.01722	0.62365	0.483923	0.377565	0.0890799
20399	-0.146722	-0.118436	4.12934	1.81	0.438326	0.99078	-3.03836	3.62965	1.67424	0.461268	6.58928	0.646956	0.449058	0.379675	0.0894787
20400	-0.10802	-0.0794579	3.77063	1.87976	0.498526	0.882062	-3.10171	3.68955	1.80895	0.490291	9.31795	0.490131	0.494453	0.382473	0.0896483
20401	-0.190741	-0.140439	3.75317	1.981	0.527819	0.933592	-3.12916	3.79994	1.68028	0.442187	7.06609	0.632063	0.484738	0.378971	0.0897239
20402	-0.147116	-0.125392	4.0235	1.94124	0.482476	0.937669	-3.11588	3.93243	1.71972	0.437318	7.59972	0.588379	0.460155	0.379271	0.0900298
20403	-0.0598126	-0.0827589	3.82169	1.9348	0.506268	0.929663	-3.13231	3.98926	1.80279	0.45191	9.49866	0.489531	0.478506	0.383612	0.0904913
20404	-0.14813	-0.110483	3.85693	1.81796	0.471349	0.79298	-3.1212	3.75528	1.74012	0.46338	10.2343	0.442844	0.467418	0.389204	0.090793
20405	-0.128929	-0.0712129	3.72474	1.91071	0.512979	0.983776	-3.07109	3.85445	1.7045	0.442217	7.26855	0.619056	0.476993	0.383717	0.0908567
20406	-0.0925405	-0.0874086	4.08895	2.03287	0.497161	1.0096	-3.01569	3.71007	1.77336	0.477985	7.05907	0.607362	0.488039	0.360406	0.0909087
20407	-0.126189	-0.117318	3.83502	1.81832	0.474135	1.08574	-2.95447	3.76581	1.78831	0.474882	5.48036	0.734387	0.474505	0.35825	0.0913967
20408	-0.165037	-0.0811824	3.85559	1.99255	0.516795	1.13946	-2.94497	3.95699	1.89892	0.479891	4.81946	0.850852	0.498104	0.345181	0.0916811
20409	-0.00880764	-0.00913083	3.84572	1.89965	0.493965	1.13789	-2.83997	4.07082	2.05136	0.503918	6.09447	0.657454	0.499083	0.33657	0.0915117
20410	0.0237416	0.0116975	3.86873	1.77947	0.459961	1.17694	-2.83176	4.17141	2.09106	0.501283	6.07976	0.664932	0.4814	0.343183	0.09126
20411	-0.0152292	-0.0385492	3.55479	1.72787	0.486068	1.13467	-2.84542	4.21701	1.89623	0.449661	5.95831	0.661135	0.466313	0.352228	0.0918766
20412	-0.117085	-0.137468	3.86894	1.74405	0.450783	1.03311	-2.96738	3.83502	1.81008	0.471988	6.05348	0.661472	0.461339	0.36045	0.0919299
20413	-0.0789352	-0.090728	3.61002	1.75117	0.485087	1.00267	-3.00809	3.7728	1.97235	0.522781	7.2752	0.584934	0.504349	0.363756	0.0917827
20414	-0.0969866	-0.134435	3.84518	1.72635	0.448965	1.06482	-2.97331	3.76917	1.85418	0.491933	5.97075	0.674893	0.470235	0.360202	0.0920056
20415	-0.10754	-0.136023	4.16305	1.96487	0.471979	1.05785	-3.00374	3.68806	1.83024	0.496262	6.05525	0.679063	0.483386	0.351494	0.0922857
20416	-0.187851	-0.136051	3.91895	2.05145	0.52347	1.14526	-2.916	3.81239	1.72559	0.452627	4.34848	0.888598	0.488537	0.338525	0.092764
20417	-0.0260836	-0.029735	3.77408	2.00497	0.531247	1.00772	-2.89899	3.64133	1.81397	0.498162	7.70305	0.534374	0.515001	0.350313	0.0931201
20418	0.0315926	0.00853482	3.89113	1.91528	0.492216	1.15233	-2.90985	3.63885	1.68329	0.462587	6.78077	0.628024	0.477898	0.371855	0.0935209
20419	-0.0505037	-0.0653415	4.07544	1.93667	0.475205	1.10847	-2.93085	3.79542	1.7218	0.453652	6.11308	0.671605	0.464812	0.359544	0.0939448
20420	-0.205064	-0.081081	3.9818	1.8769	0.471368	1.23738	-2.84653	3.60737	1.76803	0.490116	3.67563	1.04032	0.48028	0.344179	0.0942802
20421	-0.0307873	-0.0995684	3.84061	1.74694	0.45486	1.11284	-2.79507	3.9675	1.76258	0.444256	5.55534	0.653943	0.449472	0.341166	0.0945804
20422	-0.0800345	-0.116454	3.90237	1.72804	0.442818	1.25737	-2.79902	3.5624	1.57496	0.442106	4.02323	0.894326	0.442478	0.352726	0.0948769
20423	-0.0784521	-0.0800307	3.8738	1.84696	0.476784	1.21278	-2.8248	3.76117	1.711	0.454911	4.51859	0.833641	0.466009	0.346245	0.0952424
20424	-0.194824	-0.0917322	3.72694	1.74687	0.468714	1.19288	-2.84634	3.62514	1.76701	0.487432	3.94029	0.962858	0.477943	0.3507	0.0956409
20425	-0.114264	-0.0834971	3.97815	1.79671	0.451644	1.1548	-2.83631	3.89954	1.86101	0.477239	4.70528	0.805264	0.464314	0.341327	0.0957572
20426	-0.102045	-0.0998289	3.87905	1.95881	0.504973	1.19465	-2.79668	3.73763	1.87565	0.50183	4.32553	0.840705	0.50343	0.321768	0.0962407
20427	-0.172417	-0.140046	3.87523	1.88339	0.486006	1.22195	-2.76663	3.95025	1.80281	0.45638	3.54837	0.972128	0.471051	0.318858	0.0965104
20428	-0.075227	-0.151268	4.15783	2.04624	0.492142	1.26948	-2.75064	3.92542	1.90211	0.484562	3.73665	0.904118	0.488461	0.299736	0.0965013
20429	-0.198674	-0.188357	4.16968	1.93672	0.464477	1.2415	-2.77517	3.86832	1.88621	0.487606	3.22628	1.03705	0.475608	0.3045	0.0963972
20430	-0.0756868	-0.168066	3.91165	1.81977	0.465219	1.20055	-2.77645	3.64369	1.801	0.494279	4.17713	0.814393	0.479234	0.319728	0.0963404
20431	-0.075467	-0.106956	3.64096	1.82312	0.500725	1.29656	-2.74882	3.72803	1.82043	0.488309	3.70762	0.941231	0.494444	0.323927	0.0959235
20432	-0.134747	-0.161189	3.93665	1.96162	0.498297	1.18826	-2.81454	3.95343	1.7247	0.436255	4.02223	0.875174	0.46721	0.323273	0.0962359
20433	-0.191979	-0.0871841	3.88404	1.81787	0.468037	1.19266	-2.84737	3.73175	1.75315	0.469794	3.97379	0.958613	0.468898	0.347953	0.0966597
20434	-0.101372	-0.061912	3.9792	1.91645	0.481617	1.15493	-2.81263	3.86814	1.77134	0.457931	4.79411	0.789142	0.469942	0.339147	0.0969251
20435	-0.142485	-0.114324	3.94074	1.87999	0.477067	1.151	-2.79654	3.80022	1.83014	0.481587	4.29997	0.836551	0.479286	0.326607	0.0973579
20436	-0.131808	-0.127035	3.6642	1.7933	0.489411	1.30273	-2.7856	3.80905	1.73231	0.454788	3.43453	1.02895	0.471764	0.333971	0.0972789
20437	-0.169868	-0.209047	4.02039	1.8692	0.464931	1.24463	-2.77139	3.75719	1.77652	0.472833	3.28148	1.0004	0.468748	0.310559	0.0975566
20438	-0.158968	-0.157395	3.88357	1.82593	0.470167	1.23928	-2.7932	3.75038	1.75261	0.467315	3.55352	0.977551	0.468766	0.326872	0.0974346
20439	-0.198889	-0.15629	4.13851	2.03663	0.492117	1.16036	-2.82953	3.89677	1.82833	0.469192	3.86791	0.923782	0.480999	0.316227	0.0969474
20440	-0.106786	-0.13644	3.86025	1.9532	0.505976	1.17769	-2.84085	3.82614	1.83721	0.480173	4.43297	0.824934	0.493132	0.325524	0.0969711
20441	-0.122087	-0.112597	4.03865	1.95619	0.484368	1.19504	-2.80879	3.81045	1.76654	0.463605	4.1903	0.867415	0.474288	0.328149	0.097337
20442	-0.088921	-0.125866	3.62674	1.87662	0.51744	1.15742	-2.82108	3.64205	1.73522	0.476441	4.67644	0.776678	0.496897	0.334688	0.0976937
20443	-0.0125658	-0.0818695	3.86234	1.76203	0.456206	1.25861	-2.78951	3.68206	1.87351	0.508823	4.53702	0.807943	0.481886	0.33528	0.0983314
20444	-0.0672741	-0.0946192	3.63502	1.73044	0.476046	1.1215	-2.79978	3.89676	1.77489	0.455479	5.17828	0.706595	0.465405	0.343044	0.0986507
20445	-0.0575719	-0.0735635	3.91957	1.68171	0.429054	1.13513	-2.83235	3.57213	1.72419	0.482678	5.35024	0.711269	0.454622	0.358537	0.0988356
20446	-0.0736096	-0.0893562	3.97455	1.80576	0.454332	1.11291	-2.82246	3.66626	1.82915	0.498915	5.30597	0.703912	0.475724	0.339505	0.0987669
20447	-0.0698403	-0.046745	3.81252	1.80279	0.47286	1.1917	-2.75467	3.86933	1.85905	0.480457	4.60758	0.795737	0.476686	0.333723	0.0990053
20448	-0.0726195	0.00302557	3.5519	1.70389	0.479713	1.24248	-2.80052	3.73334	1.83277	0.49092	4.54464	0.864742	0.485456	0.357276	0.0992696
20449	-0.038933	-0.0385334	3.61565	1.81278	0.501371	1.18189	-2.8168	3.63855	1.84564	0.507246	5.17897	0.7452	0.504317	0.345434	0.0992254
20450	-0.0586289	-0.0809167	4.20673	1.80534	0.429156	1.14814	-2.84981	3.74743	1.78221	0.475582	5.26461	0.728142	0.451029	0.348334	0.0997652
20451	-0.194615	-0.132026	3.84029	1.87045	0.487061	1.11206	-2.82015	4.08467	1.97728	0.484073	4.23218	0.853699	0.485521	0.319604	0.0999458
20452	-0.120606	-0.158047	3.81348	1.90047	0.498356	1.30302	-2.79949	3.98968	2.07779	0.52079	3.44263	1.01335	0.509826	0.304917	0.100012
20453	-0.0425198	-0.0995794	3.55187	1.71683	0.48336	1.17141	-2.86932	3.78541	1.85907	0.491113	5.20586	0.736809	0.48736	0.349212	0.100499
20454	-0.0372434	-0.0673642	3.68881	1.7082	0.463077	1.12287	-2.87713	3.97365	1.95629	0.492316	5.86597	0.672933	0.47824	0.350173	0.10039
20455	0.0511336	-0.00703449	3.66799	1.66266	0.453288	1.07942	-2.87557	3.79805	1.80031	0.47401	7.78199	0.52869	0.46383	0.372779	0.100493
20456	0.0218971	0.0259685	3.66707	1.78049	0.485535	1.0771	-2.90071	3.70201	1.77279	0.478873	7.69267	0.556729	0.482188	0.376148	0.100471
20457	0.0834671	0.0415572	3.89306	2.0436	0.524935	1.04386	-2.91958	3.7932	1.80033	0.474622	9.50655	0.461174	0.500105	0.363283	0.100547
20458	0.0594314	0.0860762	3.64978	1.8568	0.508744	1.1095	-2.91764	3.54353	1.7995	0.507826	8.18238	0.551324	0.508292	0.381651	0.10079
20459	0.0844034	0.026184	3.75665	1.8457	0.491315	1.04242	-2.90834	4.03101	1.80368	0.447451	9.38269	0.458901	0.46861	0.371157	0.10122
20460	-0.0289878	-0.0492591	3.84545	1.83023	0.475947	1.11842	-2.84308	3.86614	1.70977	0.442244	5.92878	0.658267	0.45905	0.355466	0.101632
20461	0.0262347	-0.0567891	3.92317	1.83943	0.468863	1.22544	-2.83321	3.54814	1.74882	0.492883	5.36026	0.719041	0.48027	0.349524	0.101531
20462	-0.0192163	-0.0333958	3.78151	1.65497	0.437648	1.16949	-2.87558	3.64638	1.81444	0.4976	5.71686	0.706506	0.467078	0.36804	0.10215
20463	-0.0376797	-0.0679475	3.72757	1.69863	0.455695	1.09469	-2.85502	3.90746	1.86518	0.477337	6.05792	0.641127	0.466771	0.352827	0.102185
20464	-0.12263	-0.0683471	3.61101	1.80725	0.500484	1.23563	-2.75467	3.86052	1.96063	0.507868	3.91157	0.922431	0.504299	0.323887	0.102341
20465	-0.169155	-0.152796	3.82176	1.84454	0.482642	1.39315	-2.72601	3.73085	1.83406	0.491594	2.71281	1.2204	0.487064	0.31045	0.102199
20466	-0.208599	-0.139475	4.05221	1.83811	0.453607	1.24713	-2.71859	3.86358	1.75952	0.455412	3.13891	1.05957	0.454488	0.316224	0.101917
20467	-0.1333	-0.132169	3.58076	1.60571	0.448428	1.30183	-2.71835	3.7552	1.87992	0.500619	3.24741	1.0298	0.475144	0.3243	0.102249
20468	-0.124802	-0.130944	3.74149	1.7501	0.467754	1.18977	-2.7179	3.91853	1.8525	0.472753	3.87267	0.864048	0.470311	0.31724	0.102598
20469	-0.095458	-0.0785134	3.93785	1.98661	0.504492	1.38658	-2.61046	3.87988	1.83283	0.472394	2.91873	1.09821	0.488562	0.295687	0.102694
20470	-0.107207	-0.0863761	4.14704	1.93126	0.465696	1.45712	-2.58711	3.70645	1.77107	0.477835	2.55552	1.22356	0.471425	0.297008	0.102996
20471	-0.156157	-0.136185	4.03632	2.01153	0.498357	1.41505	-2.61688	3.78633	1.77821	0.46964	2.49274	1.23435	0.484457	0.288842	0.103432
20472	-0.074613	-0.057164	3.68563	1.85419	0.503087	1.26711	-2.67418	3.50719	1.84807	0.526936	3.80444	0.900104	0.514716	0.316335	0.103508
20473	-0.197884	-0.186552	3.7539	1.8199	0.484802	1.19474	-2.79101	4.06489	1.94552	0.478616	3.49758	0.969696	0.481586	0.310624	0.10317
20474	-0.227132	-0.190667	3.63071	1.81846	0.500855	1.21706	-2.79677	3.8373	1.93293	0.503721	3.25634	1.04285	0.502328	0.311694	0.103424
20475	-0.191602	-0.151352	4.04932	1.93269	0.477287	1.27306	-2.72552	4.02798	1.91535	0.475511	3.08887	1.07261	0.476401	0.301049	0.103416
20476	-0.122999	-0.135617	3.84268	1.76514	0.45935	1.3284	-2.71334	3.9329	1.92805	0.490236	3.15426	1.05328	0.474972	0.310353	0.103521
20477	-0.114565	-0.15332	3.59388	1.76445	0.490961	1.33847	-2.66387	3.83656	1.80621	0.470787	2.98528	1.05566	0.480545	0.306286	0.103784
20478	-0.124737	-0.151669	3.97612	1.75509	0.441408	1.37572	-2.58798	3.69429	1.72273	0.466321	2.63645	1.12568	0.453407	0.299174	0.103921
20479	-0.107291	-0.157313	3.54826	1.75937	0.495839	1.36587	-2.58844	3.49698	1.80041	0.514846	2.7234	1.08511	0.505273	0.29343	0.104185
20480	-0.0945738	-0.0213016	3.97895	1.78151	0.447735	1.50691	-2.5402	3.73418	1.78707	0.478571	2.47387	1.28238	0.462664	0.307823	0.104556
20481	0.0586477	-0.0133629	3.80704	1.83008	0.48071	1.45431	-2.56806	3.94245	1.71671	0.435443	3.35055	0.973942	0.457681	0.315189	0.10484
20482	0.00788083	0.0100132	3.65884	1.78987	0.48919	1.6249	-2.53008	3.6337	1.73429	0.477278	2.46757	1.30737	0.483254	0.314097	0.104996
20483	-0.00456767	0.000876448	3.77101	1.73614	0.460391	1.47501	-2.52501	3.4439	1.67924	0.487599	2.91443	1.09457	0.473378	0.318451	0.105142
20484	-0.0329472	0.00236632	3.84933	1.71311	0.44504	1.41999	-2.55781	3.60093	1.65694	0.460142	3.10486	1.05552	0.452339	0.327267	0.105386
20485	-0.045219	-0.0428193	3.92854	1.68113	0.427927	1.60401	-2.49102	3.68725	1.61538	0.438098	2.20361	1.35997	0.432851	0.312609	0.105654
20486	-0.0836167	-0.033944	3.84389	1.67076	0.434653	1.48584	-2.47153	3.58229	1.74599	0.487394	2.41224	1.2316	0.460095	0.303124	0.106006
20487	-0.101959	-0.06974	3.69354	1.63752	0.443347	1.40257	-2.49454	3.7451	1.71239	0.457235	2.59748	1.1318	0.450339	0.305079	0.10637
20488	-0.0276026	-0.071489	3.60331	1.74059	0.483053	1.46526	-2.55167	3.65024	1.59223	0.436199	2.7601	1.11433	0.459474	0.315841	0.10641
20489	-0.113665	-0.10439	3.752	1.73064	0.461259	1.50897	-2.5219	3.57309	1.70181	0.476284	2.21971	1.31646	0.468588	0.29868	0.106919
20490	-0.183666	-0.147596	3.71749	1.7123	0.460607	1.48917	-2.56836	3.74817	1.72178	0.459366	2.0941	1.3992	0.459984	0.299144	0.107113
20491	-0.086945	-0.0920334	3.82827	1.74987	0.457091	1.34689	-2.5922	3.84631	1.83518	0.477126	3.04047	1.02794	0.467132	0.303677	0.107552
20492	-0.138966	-0.117249	3.97827	1.7555	0.441272	1.37805	-2.63972	3.88419	1.88504	0.48531	2.76486	1.15066	0.463028	0.304184	0.107737
20493	-0.153025	-0.137634	3.39833	1.65982	0.488422	1.27645	-2.69357	4.01814	1.71433	0.426649	3.19702	1.0217	0.454954	0.326271	0.108236
20494	-0.197033	-0.256879	3.74166	1.715	0.458353	1.21673	-2.7094	3.93699	1.76179	0.447496	3.00934	0.999361	0.452786	0.302025	0.10851
20495	-0.311539	-0.324231	3.69692	1.72636	0.466973	1.34775	-2.70186	3.95284	1.78908	0.452608	2.05326	1.37662	0.45955	0.286846	0.109016
20496	-0.411254	-0.376038	3.84809	1.7585	0.45698	1.31321	-2.69618	3.81377	1.71453	0.449564	1.81017	1.48689	0.453288	0.279374	0.109492
20497	-0.332839	-0.402166	3.76756	1.72099	0.456792	1.33722	-2.67676	3.6289	1.73595	0.47837	1.855	1.39455	0.467379	0.272381	0.109987
20498	-0.343973	-0.349975	3.87481	1.86301	0.4808	1.37646	-2.6453	3.7608	1.81142	0.481659	1.77997	1.47995	0.481223	0.263969	0.109983
20499	-0.390441	-0.415831	3.87681	1.90211	0.490637	1.42496	-2.61771	3.74267	1.84273	0.492356	1.4711	1.64784	0.491481	0.244614	0.110003
20500	-0.363951	-0.393246	4.02253	1.90475	0.47352	1.40266	-2.56591	3.4457	1.68518	0.489067	1.51252	1.56046	0.480693	0.247495	0.110379
