cycle	Zbar1	Gbar1	VP1	VG1	h21	Zbar2	Gbar2	VP2	VG2	h22	h2b	h2b_denom	h2w	Qst	Fst
20000	-0.439725	-0.399063	3.7845	1.73456	0.458332	3.5963	-0.405404	3.85646	1.82515	0.473269	2.46863e-06	8.14474	0.465871	2.82557e-06	0.000357645
20001	-0.31175	-0.316561	3.8827	1.86586	0.480557	3.56522	-0.378899	3.68914	1.6879	0.457532	0.000258536	7.51543	0.469339	0.000273436	0.000573873
20002	-0.21373	-0.242203	3.98952	1.89335	0.47458	3.57093	-0.422561	3.92642	1.80001	0.458435	0.00227099	7.16181	0.466572	0.00219811	0.000810005
20003	-0.269325	-0.317265	3.77172	1.7779	0.471377	3.60921	-0.390999	3.63668	1.81688	0.499598	0.000361405	7.52152	0.48523	0.000378137	0.00109939
20004	-0.286964	-0.269103	3.57869	1.86531	0.521225	3.60179	-0.422497	3.7168	1.77672	0.478024	0.00155596	7.56119	0.499216	0.00161336	0.00134253
20005	-0.236674	-0.262109	3.87429	1.80039	0.464702	3.52705	-0.510608	3.94853	1.79685	0.455068	0.00435926	7.08281	0.45984	0.00427538	0.00163701
20006	-0.307584	-0.271853	3.83497	1.84456	0.480986	3.41428	-0.593398	3.37382	1.61233	0.477894	0.00746381	6.92614	0.479539	0.00742534	0.00191909
20007	-0.213073	-0.2048	3.91452	1.82611	0.466496	3.34894	-0.613377	3.67883	1.75051	0.475832	0.013157	6.34395	0.471019	0.0115396	0.00217148
20008	-0.167647	-0.195763	3.88362	1.81798	0.468116	3.43506	-0.662315	3.97184	1.87057	0.470958	0.0167703	6.48976	0.469553	0.0145458	0.00239201
20009	-0.174207	-0.153555	3.68189	1.84601	0.501377	3.29615	-0.689354	3.9355	1.9036	0.4837	0.0238373	6.02169	0.492244	0.0187905	0.00261473
20010	-0.125792	-0.114612	3.7975	1.89696	0.499528	3.27266	-0.675982	3.63173	2.04184	0.562223	0.0272857	5.77474	0.530176	0.0196194	0.00284392
20011	-0.0742904	-0.121646	3.74495	1.86286	0.497432	3.26292	-0.773772	4.10402	1.94183	0.473154	0.0381853	5.56849	0.484738	0.0271973	0.00304164
20012	-0.0321907	-0.0786584	3.80657	1.82874	0.480416	3.12276	-0.802258	3.87756	1.80335	0.465074	0.0526033	4.97685	0.472674	0.0348028	0.00321651
20013	-0.0647237	-0.0701869	3.88026	1.87604	0.483484	3.15115	-0.850851	3.91747	1.76203	0.449788	0.0589292	5.17092	0.466555	0.0402151	0.00347932
20014	-0.118998	-0.122744	3.82101	1.75821	0.460143	3.21126	-0.785983	3.66254	1.7588	0.480214	0.0396629	5.5453	0.469966	0.030335	0.00381845
20015	-0.0833955	-0.14717	3.76443	1.83024	0.486193	3.21218	-0.811578	3.92043	1.84855	0.471518	0.0406451	5.43039	0.478707	0.0291392	0.004092
20016	-0.0698086	-0.138502	4.15677	1.96346	0.472352	3.17057	-0.795078	3.61803	1.80251	0.498204	0.0410562	5.25003	0.484382	0.027835	0.004368
20017	-0.191116	-0.174555	3.82172	2.05998	0.53902	3.16838	-0.852136	3.70983	1.84543	0.497444	0.0406794	5.64309	0.518541	0.0285644	0.00463194
20018	-0.212173	-0.205575	3.96138	1.99464	0.503522	3.1991	-0.842481	4.22486	1.87834	0.444593	0.0348593	5.81838	0.473109	0.0255288	0.00499612
20019	-0.0843585	-0.155721	3.82783	1.85009	0.483326	3.18925	-0.8298	4.11012	1.95843	0.47649	0.0424003	5.35825	0.479786	0.0289769	0.00530399
20020	-0.196707	-0.15075	3.90956	1.92579	0.492586	3.06064	-0.898383	3.77649	1.85212	0.490433	0.0526804	5.30517	0.491528	0.0356863	0.00554493
20021	-0.170659	-0.132606	4.01652	1.71301	0.426491	3.04628	-0.976957	4.16587	2.02071	0.485063	0.0688906	5.17434	0.456312	0.0455826	0.00574391
20022	-0.129572	-0.114856	3.97308	1.85529	0.466966	2.98257	-1.04152	3.84866	1.92853	0.50109	0.0886594	4.8427	0.483757	0.0537144	0.00593982
20023	-0.172575	-0.114029	4.03069	1.82985	0.453979	3.01306	-1.05563	4.22425	1.9156	0.453478	0.0873663	5.07412	0.453723	0.0558992	0.006247
20024	-0.131436	-0.0742403	3.68559	1.76589	0.479133	2.85042	-1.09369	3.97906	1.82678	0.459099	0.116886	4.44573	0.468732	0.0674739	0.00657211
20025	-0.0561163	-0.00337634	3.68822	1.87943	0.509577	2.94212	-1.07333	3.81699	1.80591	0.473124	0.12735	4.49471	0.491037	0.0720965	0.00691502
20026	0.00980897	0.0198102	3.75063	1.72411	0.459686	2.96235	-1.0883	3.9366	1.94147	0.493183	0.140855	4.35876	0.47684	0.0773098	0.00720681
20027	0.0169112	0.00606221	3.78437	1.76859	0.467341	2.87631	-1.16316	3.56477	1.92775	0.540778	0.167205	4.08807	0.502962	0.0846755	0.00742668
20028	0.00674812	0.00782991	3.72774	1.80013	0.482903	2.85387	-1.19782	4.22257	2.06756	0.489644	0.17932	4.05305	0.486483	0.0859265	0.007705
20029	-0.245282	-0.168922	4.12927	1.93231	0.467954	2.63459	-1.40137	3.89291	1.88433	0.48404	0.183144	4.14683	0.47576	0.0905321	0.0080374
20030	-0.131019	-0.140053	3.74973	1.93826	0.516907	2.63096	-1.39754	3.91711	1.95302	0.498586	0.207285	3.81427	0.507547	0.0922642	0.00831296
20031	-0.176166	-0.212931	4.165	1.93125	0.463685	2.58111	-1.42623	3.83803	1.84773	0.481428	0.193632	3.80128	0.472194	0.088785	0.00849119
20032	-0.167731	-0.179336	3.99304	2.0035	0.501748	2.49593	-1.44179	3.86838	1.86898	0.483144	0.224633	3.54753	0.492594	0.093335	0.00858196
20033	-0.26915	-0.271824	3.80742	1.74395	0.458041	2.53009	-1.41731	3.9667	1.84002	0.463867	0.167456	3.91787	0.461014	0.0838917	0.00868864
20034	-0.227446	-0.269328	3.60292	1.73506	0.481571	2.62497	-1.45002	4.06671	1.9112	0.469963	0.171335	4.06814	0.475416	0.0872806	0.00883396
20035	-0.26417	-0.258602	3.65167	1.74537	0.477964	2.54302	-1.46908	3.65036	1.81938	0.498412	0.185939	3.94015	0.488186	0.0932267	0.009117
20036	-0.165305	-0.201994	3.84474	1.92386	0.500387	2.52141	-1.46427	3.80564	1.74935	0.459674	0.220733	3.60922	0.480135	0.0978783	0.00937862
20037	-0.17825	-0.236675	3.91601	1.84951	0.472294	2.42644	-1.54034	3.87365	1.96624	0.507595	0.250506	3.39221	0.489848	0.100239	0.00963046
20038	-0.153509	-0.215212	3.75909	1.88332	0.501003	2.50384	-1.57945	4.11094	2.0404	0.496335	0.263562	3.53075	0.498564	0.106059	0.00992732
20039	-0.167314	-0.162359	3.9212	1.8779	0.478909	2.39957	-1.58064	3.94092	2.00642	0.509125	0.305291	3.29445	0.494055	0.114676	0.0102333
20040	-0.231666	-0.204748	3.85633	1.96893	0.510571	2.37117	-1.61733	3.82336	1.91275	0.500281	0.294534	3.38737	0.505448	0.113929	0.0103739
20041	-0.0946581	-0.200105	3.82034	1.89699	0.49655	2.45902	-1.54461	3.78569	1.86558	0.492798	0.277199	3.26063	0.494683	0.107278	0.0106583
20042	-0.137959	-0.17065	4.03086	1.82569	0.452927	2.37485	-1.56166	3.76178	1.86855	0.496719	0.306436	3.15711	0.474067	0.115832	0.011026
20043	-0.160467	-0.166966	3.77731	1.75058	0.463446	2.42988	-1.59568	3.66778	1.80384	0.491806	0.30421	3.35494	0.477418	0.125599	0.0111975
20044	-0.226402	-0.136667	3.82896	1.67653	0.437856	2.39331	-1.63445	3.88499	1.87262	0.482014	0.326882	3.43144	0.460095	0.136516	0.0115005
20045	-0.0402946	-0.0667374	3.69365	1.79195	0.485144	2.41893	-1.62254	3.91089	2.03545	0.520459	0.400233	3.02389	0.503306	0.136579	0.0116237
20046	-0.113505	-0.0864637	3.89859	1.95575	0.501654	2.45814	-1.65465	3.9395	1.90434	0.483398	0.371853	3.30667	0.492478	0.137448	0.0118071
20047	-0.175623	-0.112903	3.80037	1.78935	0.470834	2.35653	-1.67371	4.05348	1.82009	0.449017	0.379942	3.20591	0.459574	0.144434	0.0121305
20048	-0.114084	-0.131331	4.01248	1.93088	0.481218	2.32583	-1.68683	3.85612	1.75168	0.45426	0.406432	2.97659	0.468007	0.141145	0.0123636
20049	0.030721	-0.077388	3.79964	1.85136	0.487245	2.32325	-1.66901	3.85447	1.86097	0.482808	0.482002	2.62785	0.485011	0.145798	0.0123494
20050	-0.163793	-0.159852	3.64553	1.82567	0.500797	2.30707	-1.70138	3.95276	1.81674	0.459614	0.389227	3.05259	0.479373	0.140288	0.0125813
20051	-0.240625	-0.185407	3.76098	1.74718	0.464554	2.30659	-1.65733	4.08989	1.94177	0.474774	0.333918	3.24414	0.469878	0.128085	0.0128467
20052	-0.132139	-0.184814	3.50537	1.60136	0.456832	2.31605	-1.65159	3.87551	1.77832	0.45886	0.358953	2.99683	0.457897	0.137355	0.0129451
20053	-0.17886	-0.163008	3.42797	1.69073	0.493215	2.37647	-1.7128	3.8745	1.78105	0.459685	0.367833	3.26486	0.475425	0.147516	0.0132646
20054	-0.0199922	-0.116949	3.77023	1.6684	0.44252	2.26469	-1.72417	3.74382	1.7952	0.47951	0.494875	2.6099	0.46095	0.157216	0.0134169
20055	-0.065886	-0.0184799	4.0738	1.87875	0.461178	2.38432	-1.6619	4.10204	1.85611	0.452486	0.449874	3.00175	0.456817	0.15317	0.0136918
20056	-0.15278	-0.089606	3.86057	1.91052	0.494881	2.20587	-1.75173	4.08588	1.8519	0.453245	0.49659	2.78162	0.473473	0.155163	0.0137064
20057	-0.0647567	-0.0239393	4.0665	1.96684	0.483669	2.18886	-1.79933	3.80566	1.86181	0.48922	0.620622	2.53938	0.486353	0.170757	0.0137941
20058	0.0377327	0.033819	4.12045	2.15157	0.52217	2.08379	-1.90401	3.64181	1.73534	0.476505	0.897005	2.09318	0.500745	0.194619	0.0138336
20059	-0.0261144	-0.00390607	4.24895	1.96748	0.46305	2.05665	-1.92583	3.69439	1.79282	0.48528	0.851515	2.16895	0.473389	0.197239	0.0140512
20060	-0.0257351	0.0446703	3.87914	1.86021	0.479543	2.1011	-1.91147	3.8427	1.71986	0.447565	0.845921	2.26172	0.46363	0.210945	0.0143554
20061	-0.0294969	-0.025203	3.89069	1.97041	0.506441	2.05077	-1.90512	3.6722	1.67713	0.456709	0.816654	2.16375	0.482294	0.19507	0.0145695
20062	-0.048688	-0.0730354	3.94692	1.87574	0.475242	2.09226	-1.8604	3.69521	1.75711	0.475512	0.696974	2.29182	0.475372	0.180299	0.0147686
20063	-0.08646	-0.0828918	3.94343	2.0208	0.512448	2.12281	-1.83024	4.03708	1.97552	0.489344	0.625544	2.44044	0.500761	0.160438	0.0149534
20064	0.111637	0.0870708	3.71912	1.87501	0.504153	2.10409	-1.85407	4.16462	1.96931	0.472868	0.949153	1.98494	0.487626	0.196891	0.0152504
20065	0.0251035	0.0842841	3.81414	1.88762	0.494901	2.02383	-1.98866	3.67424	1.64083	0.446577	1.07565	1.99746	0.47119	0.23349	0.0156467
20066	0.00316692	0.0616304	3.7693	1.78308	0.473052	2.04321	-2.05027	3.52632	1.75024	0.496336	1.07169	2.08088	0.484306	0.239968	0.0157693
20067	0.0322465	0.0737096	3.71279	1.76782	0.476144	1.95178	-2.06224	4.13053	1.9511	0.47236	1.2382	1.8423	0.474152	0.234799	0.0160378
20068	0.032779	0.0399191	3.66215	1.85331	0.506072	1.87176	-2.12671	4.10867	2.00211	0.487288	1.38808	1.69093	0.49614	0.233451	0.01624
20069	0.139045	0.0558831	3.88693	1.96441	0.505387	1.92144	-2.0924	4.08612	1.89713	0.464287	1.45269	1.58847	0.484323	0.230139	0.0166943
20070	0.115862	0.0705547	3.77567	1.96994	0.521744	1.94876	-2.13465	4.07078	1.93421	0.475145	1.44751	1.67976	0.497568	0.237545	0.0169131
20071	0.111991	0.0670071	4.03917	1.92443	0.476441	1.82673	-2.21337	3.9777	1.92187	0.48316	1.76854	1.47017	0.479775	0.252707	0.0172589
20072	0.0870342	0.0849324	3.95237	1.829	0.462761	1.77553	-2.28556	3.695	1.95681	0.529584	1.97097	1.4255	0.495048	0.270742	0.0175094
20073	-0.0257209	0.0399913	3.34615	1.64528	0.491694	1.67232	-2.31783	4.19291	1.97687	0.47148	1.92809	1.44167	0.480452	0.277402	0.0176237
20074	0.0239941	-0.00160909	3.62483	1.82455	0.503349	1.60643	-2.41308	3.84232	1.92064	0.499865	2.32228	1.25205	0.501556	0.279732	0.0178155
20075	-0.00670028	-0.0196143	3.75127	1.80263	0.480538	1.452	-2.52382	4.06823	1.86367	0.458103	2.9472	1.0639	0.468866	0.299636	0.0180157
20076	-0.0323472	0.0176797	3.72694	1.72626	0.463183	1.44982	-2.53755	3.69954	1.89184	0.511372	2.97211	1.09841	0.487189	0.310998	0.0180808
20077	0.0992742	0.0707826	3.94658	1.90147	0.481802	1.39342	-2.54585	3.99743	1.83372	0.458725	4.08806	0.83741	0.47019	0.31436	0.0184778
20078	0.0250184	0.0603812	3.72781	2.04335	0.548138	1.54179	-2.45831	4.15279	2.00042	0.481705	2.75744	1.1503	0.51313	0.281811	0.0187131
20079	0.0718696	0.053496	4.00587	1.99571	0.498198	1.56229	-2.43791	3.97353	1.8835	0.474011	2.79427	1.11068	0.486153	0.285828	0.0189189
20080	-0.0515122	-0.0244604	3.79524	1.88286	0.49611	1.40139	-2.61532	4.18913	2.05274	0.490015	3.17991	1.05546	0.492912	0.299039	0.0189468
20081	0.0733731	0.00153211	3.76888	1.74387	0.462702	1.37065	-2.6231	4.00252	1.94337	0.485537	4.09327	0.841465	0.474463	0.318474	0.0191182
20082	-0.0715039	-0.0460078	4.08299	1.80109	0.441121	1.25863	-2.69834	3.94755	1.94735	0.493307	3.97618	0.884626	0.466774	0.31946	0.0191036
20083	-0.110754	-0.137153	3.68088	1.74787	0.47485	1.2334	-2.71179	4.03715	1.89305	0.468907	3.66887	0.903378	0.471742	0.312897	0.019369
20084	-0.0758067	-0.116018	3.81567	1.79833	0.471302	1.32457	-2.67655	3.85767	1.78877	0.463692	3.34328	0.980528	0.467476	0.313737	0.0195264
20085	-0.0935664	-0.0906544	3.72042	1.91334	0.514281	1.35384	-2.66317	3.66056	1.80937	0.494287	3.1589	1.04749	0.504365	0.307788	0.0198291
20086	-0.110905	-0.184632	3.94214	1.87332	0.475204	1.45708	-2.61386	3.71507	1.7196	0.462872	2.40023	1.22929	0.469221	0.291189	0.0198779
20087	-0.194442	-0.214079	4.14092	1.84434	0.445394	1.32602	-2.68698	3.74378	1.79767	0.480176	2.64521	1.1559	0.461909	0.295764	0.019998
20088	-0.179444	-0.258236	3.6328	1.85805	0.511465	1.26292	-2.71819	3.86615	1.87515	0.485016	2.90876	1.0402	0.497829	0.288481	0.020234
20089	-0.265166	-0.282068	3.85324	1.7833	0.462806	1.27207	-2.73319	3.69718	1.87014	0.505828	2.54243	1.18155	0.483872	0.291447	0.0205815
20090	-0.309547	-0.237157	4.1344	1.8637	0.450779	1.293	-2.75833	3.94296	1.82836	0.463702	2.47506	1.28407	0.457087	0.301002	0.0208764
20091	-0.117147	-0.153409	3.75486	1.77791	0.473495	1.37074	-2.64394	4.01006	1.87448	0.467445	2.80186	1.1069	0.470371	0.298138	0.0212263
20092	-0.12749	-0.163948	3.88804	1.72756	0.444328	1.27749	-2.6773	3.67691	1.83792	0.499856	3.20013	0.986983	0.471317	0.307069	0.0215356
20093	-0.161447	-0.120916	3.64475	1.68844	0.463252	1.42044	-2.60244	3.5607	1.83332	0.514876	2.46084	1.25119	0.488763	0.304278	0.0217852
20094	-0.0895512	-0.119637	3.7461	1.65949	0.442993	1.3557	-2.62571	4.23935	1.89766	0.447629	3.00675	1.04438	0.445454	0.306333	0.0219619
20095	-0.220602	-0.212544	3.87627	1.82197	0.470032	1.37029	-2.60172	4.2296	2.00969	0.475149	2.25536	1.26546	0.472702	0.271466	0.022171
20096	-0.255295	-0.238679	3.71527	1.66807	0.448977	1.29926	-2.68451	3.93755	2.03212	0.516086	2.47537	1.20832	0.483506	0.287941	0.0223716
20097	-0.21594	-0.197641	3.6452	1.72863	0.47422	1.29761	-2.70352	3.99953	1.98295	0.495796	2.7411	1.14542	0.485508	0.297345	0.0227441
20098	-0.207634	-0.204215	3.78071	1.787	0.472664	1.24751	-2.73904	3.87681	2.00001	0.515891	3.03451	1.05872	0.494548	0.297942	0.0230463
20099	-0.218824	-0.204104	3.74303	1.79783	0.480314	1.33433	-2.69079	4.12968	1.99909	0.484077	2.5634	1.20614	0.482288	0.289445	0.0232781
20100	-0.248462	-0.19923	3.69913	1.77505	0.479857	1.22894	-2.76027	3.5922	1.8813	0.523719	3.00494	1.09135	0.501466	0.309718	0.0235979
20101	-0.274303	-0.23968	4.0381	1.87188	0.463555	1.2178	-2.70485	3.77567	1.78667	0.473208	2.72957	1.11319	0.468219	0.293522	0.0237044
20102	-0.228226	-0.20677	3.71346	1.84253	0.496177	1.34132	-2.64239	3.83305	1.86407	0.486315	2.4081	1.23173	0.491168	0.285874	0.0240257
20103	-0.233495	-0.274103	3.30266	1.68476	0.510122	1.43755	-2.62082	3.94906	1.88066	0.476231	1.97217	1.39619	0.491666	0.278674	0.0242809
20104	-0.284495	-0.273498	3.91253	1.92446	0.491872	1.25001	-2.72214	3.73213	1.82654	0.489411	2.54631	1.17736	0.49067	0.28562	0.0245221
20105	-0.198389	-0.218547	3.69946	1.78546	0.482627	1.32798	-2.71389	3.63412	1.86333	0.512733	2.67265	1.16491	0.497546	0.299153	0.0247432
20106	-0.158503	-0.218006	3.4931	1.79272	0.513217	1.34804	-2.71332	3.69636	1.8728	0.50666	2.7434	1.13483	0.509846	0.298189	0.0248763
20107	-0.127764	-0.178645	4.03055	1.83527	0.455339	1.27026	-2.75751	3.77607	1.82698	0.483832	3.40273	0.977236	0.469121	0.312346	0.0249084
20108	-0.245858	-0.195823	3.7883	1.94687	0.513916	1.3152	-2.71039	3.73535	1.93883	0.519049	2.5947	1.21846	0.516464	0.289278	0.0252264
20109	-0.235818	-0.195723	4.02232	2.05609	0.511171	1.31417	-2.72612	3.7536	1.86226	0.496126	2.66515	1.20123	0.503908	0.290139	0.025395
20110	-0.164707	-0.184167	3.68985	1.97228	0.534516	1.34572	-2.68206	4.06201	1.97731	0.486782	2.73494	1.14069	0.509503	0.283226	0.0260306
20111	-0.268682	-0.233373	4.28262	1.99413	0.465634	1.25118	-2.66984	3.75884	1.9694	0.523936	2.56988	1.15499	0.492887	0.272529	0.0264238
20112	-0.176043	-0.146911	4.05235	1.93896	0.478478	1.35848	-2.66845	3.86582	1.8423	0.476562	2.70014	1.17738	0.477542	0.296064	0.0268078
20113	-0.157806	-0.120522	3.94889	1.85442	0.469607	1.24598	-2.74641	3.54145	1.78976	0.505375	3.49908	0.985302	0.486518	0.321238	0.0267628
20114	-0.190107	-0.14437	3.94201	1.85715	0.471118	1.24175	-2.76019	3.82709	1.85477	0.484643	3.33744	1.02511	0.47778	0.315573	0.0270647
20115	-0.124142	-0.13273	4.12132	1.87997	0.456159	1.17242	-2.77187	3.74841	1.95029	0.520299	4.14319	0.840543	0.486709	0.312637	0.0271394
20116	0.0135624	0.0177001	3.84689	1.78968	0.465227	1.44281	-2.61255	3.81332	1.79208	0.469953	3.38672	1.02138	0.46758	0.325746	0.0274093
20117	0.0132803	0.0201091	3.73915	1.90133	0.508493	1.3668	-2.63279	3.76094	1.73817	0.462164	3.84161	0.916006	0.485261	0.325999	0.0275012
20118	0.0419571	0.043745	4.09534	1.93341	0.472101	1.40697	-2.61511	3.96378	1.76654	0.44567	3.79418	0.931626	0.459101	0.323371	0.0278415
20119	0.0118245	-0.00394702	4.10208	1.92016	0.468093	1.37653	-2.6198	4.05883	1.91861	0.472702	3.6741	0.931209	0.470385	0.308367	0.0279428
20120	-0.0893634	-0.0180886	3.92247	1.90724	0.486233	1.40701	-2.68204	3.94234	1.81625	0.460704	3.16937	1.11956	0.473437	0.322821	0.0279527
20121	-0.0173613	0.0311745	3.71941	1.82123	0.489655	1.42013	-2.58708	3.67957	1.69641	0.461034	3.31748	1.0332	0.475422	0.327708	0.0286054
20122	0.118957	0.109715	3.70901	1.78693	0.481781	1.47713	-2.51162	3.76898	1.78745	0.474251	3.72509	0.922313	0.477986	0.324709	0.0286367
20123	0.0251798	0.0851537	3.95766	1.74307	0.440429	1.52514	-2.42695	3.7982	1.91806	0.504992	2.80489	1.12494	0.472047	0.301256	0.029093
20124	0.0227103	0.021763	3.49809	1.77318	0.506898	1.56476	-2.40947	3.74697	1.88184	0.502229	2.48574	1.18896	0.504483	0.288004	0.0294738
20125	-0.0255799	-0.0126558	3.64697	1.79415	0.491955	1.54136	-2.42592	3.67404	1.77325	0.482643	2.37196	1.22765	0.487282	0.289942	0.0297473
20126	-0.0943178	-0.0483707	3.43514	1.79389	0.522216	1.60695	-2.35672	3.89519	1.82975	0.469745	1.841	1.44716	0.494334	0.2689	0.0298713
20127	-0.0550243	-0.0658795	3.99509	1.95693	0.489834	1.56754	-2.34785	3.84535	2.01202	0.523236	1.97797	1.31635	0.506216	0.247086	0.0299938
20128	-0.154188	-0.117562	3.75481	1.94446	0.517857	1.52508	-2.37493	3.88204	1.87553	0.483131	1.80702	1.40998	0.500205	0.250182	0.0301678
20129	-0.156894	-0.124274	3.85593	1.78537	0.46302	1.52946	-2.42823	3.88089	1.8476	0.476077	1.86661	1.42189	0.469569	0.267648	0.0301374
20130	-0.139003	-0.158253	3.93833	1.85029	0.469815	1.45826	-2.44532	3.94054	1.95327	0.495685	2.05024	1.27563	0.482754	0.255938	0.0302475
20131	-0.0878246	-0.101506	3.63252	1.72847	0.475833	1.51774	-2.42892	3.61153	1.86476	0.516335	2.1013	1.28893	0.496025	0.273819	0.0305058
20132	-0.0350882	-0.0747716	3.68783	1.88123	0.510118	1.59956	-2.43586	3.85805	1.86009	0.482133	2.08631	1.33603	0.49581	0.271508	0.0306881
20133	-0.0460728	-0.0688013	3.94118	1.82208	0.462317	1.5783	-2.42338	3.79246	1.85049	0.48794	2.10114	1.3193	0.474882	0.274092	0.0309404
20134	-0.131646	-0.0586446	3.85942	1.77644	0.460286	1.55787	-2.38992	4.23939	1.91316	0.451282	1.90398	1.42723	0.455573	0.269241	0.0311495
20135	-0.18553	-0.117124	4.10243	1.85478	0.452116	1.57668	-2.43666	3.93785	1.88189	0.477898	1.73254	1.5527	0.464743	0.264783	0.0314754
20136	-0.0801266	-0.101115	4.28148	1.89512	0.442631	1.40937	-2.50071	4.09488	1.95728	0.477982	2.59536	1.1093	0.459913	0.272121	0.0317334
20137	-0.081927	-0.0408739	3.74638	1.89453	0.505696	1.46141	-2.55615	4.06542	1.9595	0.481993	2.65611	1.19095	0.49336	0.291078	0.0320454
20138	-0.0577188	-0.0792577	3.73458	1.88529	0.504819	1.43238	-2.62029	4.09036	1.92225	0.469946	2.90797	1.1102	0.48659	0.297833	0.0322702
20139	-0.0921083	-0.0971394	4.03663	1.95459	0.484213	1.38535	-2.63828	4.14076	1.87911	0.453807	2.95819	1.09145	0.468816	0.296422	0.0323291
20140	-0.0930256	-0.135075	3.97985	1.87503	0.471131	1.37797	-2.65275	3.59182	1.80297	0.501966	2.92939	1.08191	0.485759	0.30122	0.0326197
20141	-0.125698	-0.207846	3.86383	1.91525	0.495686	1.32091	-2.65642	4.1115	1.81936	0.442505	2.86501	1.04633	0.46827	0.286504	0.0330422
20142	-0.160774	-0.172485	3.85227	1.90343	0.494104	1.32001	-2.67203	3.81927	1.80863	0.473555	2.84931	1.09636	0.483874	0.296261	0.0333334
20143	-0.177651	-0.193081	3.9622	1.92919	0.486899	1.34505	-2.68264	4.06685	2.0124	0.494829	2.67312	1.1593	0.490916	0.282284	0.0335538
20144	-0.352199	-0.317478	3.76961	1.78667	0.473968	1.38835	-2.70873	4.15301	1.93385	0.465649	1.88747	1.51475	0.469607	0.277675	0.0340227
20145	-0.309369	-0.318577	3.91754	1.8076	0.461412	1.37814	-2.63895	4.05507	1.87935	0.463458	1.89071	1.42384	0.462453	0.267541	0.0340415
20146	-0.408024	-0.341203	3.77951	1.85569	0.490989	1.41197	-2.59277	3.99324	1.88983	0.473257	1.5305	1.65618	0.481879	0.25292	0.0339441
20147	-0.354438	-0.287606	3.75828	1.89627	0.504559	1.42105	-2.63621	3.88872	1.78176	0.458187	1.74977	1.57619	0.480978	0.272786	0.0341018
20148	-0.377197	-0.378999	3.94416	1.92371	0.487738	1.33636	-2.71886	3.61527	1.82371	0.504448	1.86459	1.46814	0.495729	0.26763	0.0344018
20149	-0.373946	-0.41243	4.13132	1.88701	0.456756	1.32777	-2.71594	4.00968	1.92312	0.47962	1.83233	1.44792	0.468017	0.258344	0.0344629
20150	-0.380808	-0.414367	3.68724	1.898	0.514748	1.27902	-2.72353	3.99172	1.92327	0.481816	1.93546	1.37752	0.497629	0.258725	0.0346934
20151	-0.513808	-0.506702	3.69089	1.98119	0.536777	1.21896	-2.75802	3.96853	1.90475	0.479965	1.68809	1.50124	0.507341	0.245988	0.0347779
20152	-0.451308	-0.461969	3.81518	1.81064	0.474589	1.23873	-2.79291	4.23263	1.96585	0.464451	1.90226	1.42811	0.469257	0.264629	0.0350744
20153	-0.359258	-0.460615	3.87542	1.88814	0.487209	1.2518	-2.78051	3.92741	2.00211	0.509778	2.07355	1.29775	0.498569	0.257076	0.0353659
20154	-0.519185	-0.480335	3.68208	1.90232	0.516644	1.2343	-2.7727	3.79291	2.07741	0.547709	1.70908	1.53736	0.532407	0.248274	0.0354872
20155	-0.502916	-0.450195	3.87431	1.94722	0.502597	1.25525	-2.75152	4.05764	2.02057	0.497966	1.71331	1.54558	0.500228	0.250297	0.0356655
20156	-0.483005	-0.51489	3.81289	2.02258	0.530458	1.19279	-2.78701	4.20075	1.95385	0.465119	1.83832	1.40415	0.496207	0.245132	0.0359243
20157	-0.589416	-0.549688	3.71076	1.85113	0.498856	1.2048	-2.75559	3.90432	1.91509	0.490504	1.51155	1.60961	0.494574	0.244237	0.0361003
20158	-0.493523	-0.495642	3.99879	1.79225	0.448198	1.28641	-2.69309	3.93207	1.98841	0.505692	1.52415	1.58408	0.476703	0.242118	0.0364235
20159	-0.442549	-0.467252	3.99152	1.80942	0.453315	1.25912	-2.73371	4.05573	2.04078	0.503184	1.77396	1.44784	0.478448	0.250211	0.0367383
20160	-0.514765	-0.464292	3.90292	1.82535	0.467689	1.19975	-2.72985	3.75004	1.87004	0.498671	1.74609	1.46979	0.482871	0.257838	0.0367749
20161	-0.369444	-0.404717	3.69209	1.91846	0.519614	1.29341	-2.76291	4.06909	1.8117	0.445234	2.01119	1.38254	0.480617	0.271614	0.0371226
20162	-0.422235	-0.384452	3.74401	1.89386	0.505838	1.18605	-2.82289	3.91577	1.84405	0.47093	2.29879	1.29329	0.487993	0.284631	0.0372657
20163	-0.406432	-0.426607	3.79781	1.90184	0.500772	1.30513	-2.75642	3.68755	1.91003	0.517967	1.85292	1.46472	0.509243	0.262631	0.0374644
20164	-0.389132	-0.313213	4.07478	2.05871	0.505232	1.30898	-2.72462	3.74549	1.84382	0.492278	2.01655	1.44179	0.499028	0.271505	0.0377391
20165	-0.27566	-0.308403	4.0833	2.0326	0.497784	1.2419	-2.72355	3.62673	1.80938	0.498902	2.53277	1.15149	0.49831	0.275226	0.0381318
20166	-0.350357	-0.325384	4.23731	2.16543	0.51104	1.27721	-2.7232	4.21889	1.89829	0.44995	2.17047	1.32448	0.480561	0.261385	0.0381906
20167	-0.246337	-0.258891	3.85725	1.90328	0.49343	1.28195	-2.7335	3.78046	1.76914	0.467968	2.62182	1.16783	0.480827	0.294323	0.0386338
20168	-0.185576	-0.221752	3.9372	1.81167	0.460142	1.29007	-2.69244	3.67506	1.81247	0.493181	2.80333	1.08876	0.476093	0.296418	0.0387338
20169	-0.25447	-0.215859	3.40958	1.76965	0.519023	1.20254	-2.7292	3.90706	1.76972	0.452955	2.97564	1.06143	0.483743	0.308633	0.0388627
20170	-0.175382	-0.171932	3.70894	1.91564	0.516493	1.30755	-2.74559	3.95686	1.79879	0.4546	3.01203	1.09954	0.484546	0.308453	0.0391912
20171	-0.125633	-0.19761	3.78212	1.86394	0.492831	1.25351	-2.7743	3.61509	1.73981	0.481265	3.49064	0.951018	0.487178	0.31545	0.0392577
20172	-0.125481	-0.163569	3.61874	1.83173	0.50618	1.14208	-2.8294	3.66708	1.85986	0.507176	4.42311	0.803357	0.506681	0.325016	0.0394668
20173	-0.113739	-0.107572	3.81814	1.94429	0.509225	1.2453	-2.72733	3.70382	1.92605	0.520016	3.71587	0.923487	0.514539	0.307257	0.0398076
20174	-0.128636	-0.138831	4.14023	1.92392	0.464689	1.2692	-2.77044	3.57517	1.7114	0.478691	3.54429	0.976973	0.471177	0.322719	0.0399153
20175	-0.135207	-0.125439	3.94005	1.94176	0.492825	1.16566	-2.803	4.08087	1.75026	0.428894	4.23658	0.846122	0.460298	0.326919	0.0401806
20176	-0.0470064	-0.115835	4.03607	1.89162	0.468677	1.21941	-2.8094	3.33562	1.63729	0.490849	4.52379	0.801902	0.47871	0.339606	0.0406746
20177	-0.0234679	-0.00723812	3.92784	1.80864	0.460466	1.17124	-2.8691	3.57815	1.63709	0.457524	5.73818	0.713665	0.459064	0.372857	0.0408572
20178	0.012325	0.00188141	4.12893	1.72119	0.41686	1.22243	-2.81945	3.85434	1.78988	0.46438	5.43582	0.732173	0.439803	0.361861	0.0414649
20179	0.0565705	-0.0212924	3.73229	1.74881	0.468563	1.10319	-2.8542	4.08295	2.06124	0.50484	7.32628	0.547709	0.487515	0.345059	0.0419707
20180	-0.0568107	0.00283726	3.84427	1.88076	0.489236	1.26407	-2.82996	3.7427	1.80033	0.481025	4.59941	0.872368	0.485185	0.352865	0.0421928
20181	-0.143917	-0.0700578	4.18858	1.90668	0.455209	1.33179	-2.77759	3.93172	1.84139	0.468343	3.36627	1.08885	0.461568	0.328504	0.042451
20182	0.0476357	0.0354234	3.81309	1.9197	0.503449	1.17694	-2.81477	3.90595	1.91902	0.491305	6.36987	0.63766	0.497304	0.346116	0.0424834
20183	0.0511767	0.0315894	4.00404	2.07013	0.517011	1.24644	-2.82992	3.74473	1.7937	0.478993	5.73139	0.714331	0.498638	0.346433	0.0428663
20184	0.129998	0.0440849	3.9583	2.00665	0.506949	1.14001	-2.84486	3.97549	1.90691	0.479667	8.18141	0.510058	0.493278	0.347859	0.0430231
20185	-0.074851	0.00586166	3.73205	1.97599	0.529466	1.15894	-2.81829	4.15432	2.03242	0.489231	5.23952	0.761125	0.508271	0.332306	0.0433012
20186	0.0788363	-0.0169675	3.66233	1.72211	0.470221	1.17199	-2.80957	3.81024	1.95171	0.512227	6.52617	0.597491	0.49164	0.346814	0.0435894
20187	0.0482938	-0.0210305	3.87158	1.88308	0.486387	1.23786	-2.83949	3.94813	1.94282	0.492086	5.61363	0.707539	0.489264	0.341817	0.0438467
20188	-0.0684329	-0.0976006	3.84425	2.00579	0.521765	1.26324	-2.77761	4.04573	1.8944	0.468246	4.05018	0.88668	0.494322	0.315359	0.0441278
20189	-0.0594478	-0.100305	3.75775	1.94133	0.516619	1.17893	-2.78894	3.96797	1.95786	0.493416	4.71366	0.76679	0.504702	0.316805	0.0443508
20190	-0.13667	-0.073086	3.68286	1.99726	0.542312	1.19574	-2.83334	3.49138	1.81017	0.518469	4.29165	0.887652	0.530709	0.333565	0.0445732
20191	-0.065862	-0.0948829	3.57817	1.82858	0.511036	1.21131	-2.73869	3.94943	1.85055	0.468561	4.28511	0.815579	0.488751	0.322123	0.0448707
20192	-0.100384	-0.131465	4.07891	1.93548	0.474508	1.31859	-2.68872	4.23505	2.0325	0.479923	3.24787	1.00675	0.477266	0.291899	0.045273
20193	-0.235432	-0.185818	4.24168	1.93771	0.456825	1.1862	-2.76917	4.09477	2.04995	0.500626	3.30213	1.01052	0.478339	0.295083	0.045877
20194	-0.354962	-0.215009	3.97101	1.81789	0.457791	1.21662	-2.8617	4.00176	1.86899	0.467042	2.83616	1.23494	0.462434	0.32214	0.0462758
20195	-0.2653	-0.22061	3.88907	1.97506	0.507849	1.09137	-2.87691	3.79373	1.83561	0.483852	3.83357	0.92028	0.495999	0.316537	0.0463464
20196	-0.201003	-0.208312	3.76458	1.88523	0.500782	1.09662	-2.86142	3.73765	1.86368	0.498625	4.18035	0.841916	0.499707	0.31956	0.0463684
20197	-0.227712	-0.197477	3.65703	1.84751	0.505194	1.13232	-2.87612	3.84747	1.79238	0.465859	3.87907	0.924848	0.485028	0.330233	0.0464873
20198	-0.110622	-0.146186	4.24159	2.00755	0.4733	1.24755	-2.84202	3.47454	1.72082	0.495266	3.93981	0.922321	0.483192	0.327757	0.0466127
20199	-0.126807	-0.118188	3.56875	1.74777	0.489741	1.26628	-2.77962	3.78989	1.9215	0.507008	3.64981	0.970352	0.498634	0.325621	0.0465294
20200	-0.0507873	-0.0659266	3.36928	1.6126	0.478619	1.23504	-2.77289	4.2278	1.89731	0.448769	4.43201	0.826672	0.462008	0.34305	0.0468247
20201	-0.0591529	-0.0221142	3.48674	1.75758	0.504077	1.20236	-2.73041	3.85919	1.99557	0.517096	4.60901	0.795708	0.510916	0.328329	0.0469897
20202	-0.0186452	-0.042238	3.85575	1.86175	0.482851	1.25221	-2.68082	4.02406	2.01976	0.501921	4.3107	0.80754	0.49259	0.309697	0.0471894
20203	-0.0783674	-0.0679095	3.69809	1.75499	0.474567	1.31832	-2.69273	3.91765	1.90885	0.487244	3.53186	0.975362	0.481088	0.319889	0.0474597
20204	-0.0902001	-0.0354812	3.86235	1.77049	0.458397	1.20348	-2.7336	3.80276	1.73914	0.457337	4.34983	0.836798	0.457871	0.341595	0.0476408
20205	-0.141313	-0.102172	4.18761	1.77467	0.423791	1.13271	-2.8464	3.94312	1.89095	0.479555	4.63965	0.811569	0.450835	0.33944	0.0479467
20206	-0.123196	-0.120544	4.03754	1.83862	0.455381	1.13492	-2.84639	4.036	1.92528	0.477027	4.69421	0.791427	0.466202	0.330552	0.0482795
20207	-0.0983395	-0.151563	3.69149	1.7845	0.48341	1.07326	-2.8881	3.80059	1.80979	0.476188	5.4556	0.686327	0.479747	0.342594	0.048175
20208	-0.192992	-0.242803	3.63595	1.7398	0.478499	1.12671	-2.88477	3.74677	1.83187	0.48892	4.00776	0.870808	0.483788	0.328323	0.0482241
20209	-0.292137	-0.265953	3.89806	1.87432	0.480835	1.06317	-2.91486	3.98501	1.91016	0.479337	3.81994	0.918429	0.480077	0.316823	0.0481654
20210	-0.188257	-0.245644	3.9119	1.85686	0.474669	1.08444	-2.93038	3.87865	1.92298	0.495787	4.4499	0.809881	0.485183	0.322935	0.0481125
20211	-0.241152	-0.257468	3.55631	1.83861	0.517	1.03357	-2.95947	3.87014	1.83173	0.473298	4.49305	0.812458	0.494226	0.332236	0.0484781
20212	-0.328931	-0.250262	3.92217	1.84243	0.469747	0.975807	-2.93607	3.89657	1.91739	0.492071	4.23745	0.85117	0.480872	0.324274	0.0485224
20213	-0.308766	-0.278335	3.743	1.7339	0.463237	1.01739	-2.96676	3.78648	1.93706	0.511573	4.10966	0.879346	0.487545	0.329967	0.0486937
20214	-0.216424	-0.251851	3.68324	1.84794	0.501716	1.01915	-2.94806	3.92113	1.82405	0.465185	4.76183	0.763316	0.482879	0.331185	0.0486374
20215	-0.104655	-0.17072	3.99529	1.83616	0.459582	1.01586	-2.97588	3.83253	1.80491	0.470946	6.26728	0.627778	0.465145	0.350885	0.0488315
20216	-0.129414	-0.191631	3.79339	1.87606	0.49456	1.00688	-2.98408	3.8436	1.80098	0.468566	6.03933	0.645582	0.481478	0.34659	0.0488916
20217	-0.302498	-0.186716	4.08086	1.92186	0.470943	0.904626	-3.11101	3.83441	1.73583	0.452699	5.86865	0.728574	0.462105	0.368998	0.0493583
20218	-0.197307	-0.161148	4.05293	1.94186	0.479126	0.917845	-3.07201	3.77893	1.88191	0.498	6.8136	0.621782	0.488233	0.356605	0.049557
20219	-0.190341	-0.244663	3.87502	1.72811	0.445961	0.958905	-3.02003	3.5738	1.83439	0.513287	5.83196	0.660382	0.478263	0.35099	0.0499589
20220	-0.162324	-0.215004	3.65615	1.82158	0.498223	1.02915	-3.01818	3.82664	1.79044	0.467888	5.53514	0.70981	0.48271	0.352389	0.0501432
20221	-0.228822	-0.207337	3.76815	1.9063	0.505898	0.948027	-3.04733	4.02892	1.90506	0.472846	5.82362	0.692487	0.48882	0.346111	0.0504026
20222	-0.198374	-0.20506	3.56459	1.91079	0.536048	0.906732	-3.07819	3.73665	1.86038	0.497875	6.75932	0.610629	0.516511	0.3538	0.0506581
20223	-0.197042	-0.212974	3.6453	1.85463	0.508773	0.898753	-3.07306	3.68005	1.78776	0.485798	6.8124	0.600383	0.497231	0.359685	0.0510213
20224	-0.227819	-0.255633	3.48661	1.70757	0.489749	0.840345	-3.09376	3.62945	1.86864	0.514855	7.05971	0.570487	0.502554	0.360358	0.0513348
20225	-0.173821	-0.253084	3.7312	1.79485	0.481037	0.880096	-3.06454	3.9105	1.86849	0.477814	7.11623	0.55537	0.479387	0.350518	0.0520804
20226	-0.246215	-0.289883	3.74317	1.86938	0.499412	0.960122	-3.06721	4.01735	1.9541	0.486414	5.30049	0.727625	0.492683	0.335374	0.0522868
20227	-0.371501	-0.281686	3.90704	1.93282	0.494703	0.912835	-3.10204	3.99147	1.84644	0.462596	4.82224	0.82476	0.478478	0.344885	0.0522901
20228	-0.283948	-0.284994	3.61037	1.97152	0.546071	0.840595	-3.12628	3.54637	1.85772	0.523837	6.38377	0.632299	0.535053	0.345259	0.0528053
20229	-0.326328	-0.224581	4.15499	1.98571	0.47791	0.848639	-3.16876	4.16815	1.89457	0.454536	6.27879	0.690274	0.466204	0.358462	0.0532919
20230	-0.18573	-0.216488	3.62771	1.89808	0.523217	0.854649	-3.14589	3.8242	1.87677	0.490762	7.92823	0.541194	0.506561	0.362494	0.0538967
20231	-0.181175	-0.19988	3.81506	1.86569	0.489034	0.964944	-3.06601	3.80966	1.93168	0.507048	6.25362	0.656795	0.498034	0.351107	0.0543495
20232	-0.233338	-0.216955	3.83711	1.80751	0.471059	0.897615	-3.11077	3.75347	1.84114	0.490516	6.54717	0.639527	0.48068	0.364706	0.0544926
20233	-0.322153	-0.259024	3.96283	1.99929	0.504511	0.861163	-3.13446	4.19691	1.98424	0.472785	5.9048	0.700119	0.488193	0.341739	0.0545958
20234	-0.236571	-0.243839	4.10007	2.01239	0.490817	0.982296	-3.04417	3.72628	1.74451	0.468165	5.27846	0.742819	0.480032	0.34301	0.0544361
20235	-0.197539	-0.246291	4.12598	1.91023	0.462976	0.898042	-3.07535	3.47787	1.61487	0.464327	6.66799	0.600149	0.463594	0.362203	0.0542414
20236	-0.22508	-0.238455	4.25214	2.02112	0.475319	0.90515	-3.03904	3.49602	1.64723	0.471172	6.13996	0.63871	0.473448	0.348446	0.0543698
20237	-0.176873	-0.212656	3.83579	1.91184	0.498422	0.984784	-2.98251	3.70154	1.74309	0.470911	5.68538	0.674724	0.484911	0.34428	0.0544091
20238	-0.189879	-0.211664	3.5125	1.8026	0.513196	1.03614	-2.99788	3.88403	1.74382	0.448973	5.16462	0.751558	0.479471	0.353803	0.0543203
20239	-0.202427	-0.175401	4.03987	1.8227	0.451178	1.05459	-2.96108	3.90882	1.69338	0.433219	4.91112	0.790046	0.442347	0.355682	0.0546025
20240	-0.210935	-0.160425	3.75004	1.8154	0.484102	0.9836	-2.97757	3.67531	1.76616	0.480548	5.56185	0.713457	0.482343	0.356601	0.0547091
20241	-0.139634	-0.141768	3.70232	1.8637	0.503387	1.09452	-2.93356	3.64171	1.85108	0.5083	5.11717	0.761564	0.505823	0.344174	0.0548918
20242	-0.143452	-0.18786	3.99312	1.94633	0.48742	1.15956	-2.94387	3.83026	1.77423	0.463214	4.47368	0.848922	0.475569	0.338028	0.0550052
20243	-0.204731	-0.188478	3.95048	2.07203	0.5245	1.0693	-2.89433	3.78633	1.77444	0.468645	4.51078	0.811572	0.497165	0.322542	0.0552543
20244	-0.0708252	-0.200434	3.94694	1.91293	0.484663	1.06451	-2.90816	3.85284	1.74615	0.45321	5.68803	0.644491	0.469126	0.333858	0.0552273
20245	-0.294231	-0.247568	4.22808	2.19183	0.518399	1.09871	-2.89515	3.78487	1.72696	0.456282	3.61272	0.970143	0.489058	0.30911	0.0556146
20246	-0.314317	-0.32477	4.18707	2.05461	0.490703	1.09653	-2.93797	4.171	1.87704	0.45002	3.43071	0.995246	0.470401	0.302863	0.05578
20247	-0.191896	-0.216625	4.23563	1.99776	0.471656	1.00736	-2.99391	3.59493	1.79561	0.499484	5.36312	0.719106	0.484432	0.337132	0.0556645
20248	-0.26597	-0.288042	3.87211	2.05276	0.530141	1.02066	-3.01246	3.84901	1.90627	0.495264	4.48375	0.827707	0.512754	0.319236	0.0557856
20249	-0.278038	-0.252794	3.76479	1.88594	0.500941	0.870446	-3.00823	4.07609	1.96204	0.481354	5.75614	0.659507	0.490759	0.330441	0.055849
20250	-0.393751	-0.342349	4.11051	1.95109	0.474658	0.982157	-2.9459	3.75474	1.80873	0.48172	3.58057	0.946561	0.478029	0.310793	0.0560977
20251	-0.452042	-0.42346	3.80016	1.87323	0.492935	1.15184	-2.88407	3.78105	1.84311	0.487459	2.35365	1.28622	0.490204	0.289521	0.0566137
20252	-0.386667	-0.418971	4.04786	1.97653	0.488289	1.06331	-2.91342	4.16687	1.96422	0.47139	2.95956	1.05122	0.479717	0.283121	0.0567517
20253	-0.344846	-0.371533	3.92416	1.97569	0.503469	0.998096	-2.95152	4.118	2.03496	0.494163	3.69081	0.901746	0.498704	0.293348	0.0569365
20254	-0.460762	-0.403863	4.05647	1.91849	0.472946	1.06472	-2.96806	4.15664	2.03949	0.490659	2.82547	1.16354	0.48191	0.293543	0.0571461
20255	-0.411642	-0.334019	3.90718	1.89764	0.485681	0.95182	-3.06624	4.25847	1.96382	0.461157	4.01557	0.929514	0.472892	0.32594	0.0573318
20256	-0.419786	-0.346368	3.66398	1.92084	0.524251	0.957234	-3.02865	4.0155	1.95118	0.485912	3.79428	0.948092	0.504204	0.317294	0.0578342
20257	-0.394165	-0.398176	3.88058	1.95369	0.503453	0.936813	-3.09881	3.96267	1.91292	0.482735	4.1171	0.885751	0.492985	0.320561	0.0582651
20258	-0.416	-0.368496	3.8751	1.82822	0.471787	0.932245	-3.10541	3.70715	1.87973	0.507055	4.12082	0.908882	0.489031	0.335678	0.0585823
20259	-0.606951	-0.565536	3.55229	1.75483	0.493998	0.712913	-3.28586	3.92882	1.94057	0.493931	4.24799	0.871021	0.493963	0.333727	0.0589275
20260	-0.642455	-0.65335	3.77559	1.78041	0.471557	0.750886	-3.28437	3.94426	1.90601	0.483236	3.56562	0.970699	0.477524	0.31958	0.0591102
20261	-0.6548	-0.638828	3.91235	1.89119	0.483389	0.698029	-3.35621	3.68958	1.87435	0.508013	4.03474	0.915073	0.49534	0.32908	0.05939
20262	-0.589745	-0.640819	3.63685	1.94903	0.53591	0.641388	-3.3728	3.66316	1.83043	0.499685	4.92431	0.757844	0.517732	0.330634	0.0593592
20263	-0.494711	-0.602809	4.04104	1.89139	0.468046	0.577999	-3.39575	3.8366	1.94263	0.50634	6.7789	0.575353	0.486696	0.337263	0.0594721
20264	-0.606742	-0.574346	3.87371	2.08805	0.539032	0.551018	-3.43439	4.01937	1.89718	0.47201	6.10253	0.670204	0.504902	0.339233	0.0597656
20265	-0.582649	-0.551457	4.15216	2.09493	0.504541	0.623983	-3.46312	3.77821	1.9742	0.522522	5.82282	0.72798	0.513108	0.34259	0.0598813
20266	-0.554106	-0.536695	3.91334	1.86938	0.477694	0.563771	-3.49613	3.77561	1.897	0.502434	7.00859	0.624824	0.489842	0.367744	0.060139
20267	-0.469828	-0.46228	4.04724	1.86972	0.461974	0.455816	-3.5743	4.0134	1.88861	0.470577	11.3031	0.428408	0.466257	0.391926	0.0601266
20268	-0.653947	-0.534738	3.89256	1.87524	0.48175	0.497439	-3.49301	3.99554	1.90256	0.476171	6.60139	0.662845	0.478924	0.366858	0.0601277
20269	-0.500463	-0.528493	3.92234	2.02347	0.515882	0.564379	-3.43972	3.78147	1.96795	0.52042	7.47451	0.566943	0.51811	0.346878	0.0605216
20270	-0.632221	-0.489121	4.03633	1.98948	0.492892	0.650086	-3.39488	4.06072	1.91743	0.472188	5.13494	0.822155	0.482509	0.350885	0.0608105
20271	-0.410166	-0.447882	3.80292	1.88522	0.495731	0.571389	-3.41416	4.22684	2.0562	0.486461	9.13259	0.481725	0.490852	0.358307	0.0606817
20272	-0.386924	-0.410278	3.9058	1.81481	0.464644	0.568253	-3.46267	4.35787	2.06169	0.473096	10.212	0.456182	0.469101	0.375457	0.0604706
20273	-0.232761	-0.321501	3.76954	1.84921	0.490566	0.413239	-3.56459	4.31105	2.168	0.502893	25.2031	0.208658	0.497142	0.395721	0.0606833
20274	-0.350105	-0.29344	3.77001	1.89012	0.501355	0.409653	-3.58274	4.27281	2.07983	0.486759	18.7438	0.288616	0.493601	0.405357	0.0606853
20275	-0.375422	-0.337845	4.20523	1.97405	0.469428	0.263026	-3.67229	3.7986	1.96849	0.518215	27.277	0.203808	0.492582	0.413623	0.0608803
20276	-0.280388	-0.329464	4.26645	1.92377	0.450906	0.378867	-3.66362	3.85561	1.7943	0.465375	25.578	0.217308	0.457775	0.427867	0.0611173
20277	-0.289924	-0.267881	4.09195	1.96812	0.480975	0.351588	-3.65733	3.69146	1.71849	0.46553	27.9157	0.205769	0.47365	0.438029	0.0611836
20278	-0.381759	-0.214688	4.0351	1.92006	0.47584	0.285206	-3.68337	3.77403	1.7761	0.470611	27.0473	0.222421	0.473313	0.448796	0.0615194
20279	-0.176156	-0.149133	3.67957	1.91675	0.520916	0.459756	-3.59632	3.62776	1.85685	0.511845	29.3856	0.202192	0.516412	0.440605	0.0618249
20280	-0.0768125	-0.0670649	3.72407	2.00476	0.538324	0.325689	-3.61518	3.53688	1.77371	0.501491	77.7071	0.0810036	0.520383	0.454555	0.061814
20281	-0.167871	-0.138862	4.05872	2.01438	0.49631	0.403301	-3.66796	3.83426	1.80461	0.470654	38.1763	0.163119	0.483847	0.449251	0.0623416
20282	-0.141848	-0.127111	3.96654	1.96868	0.496321	0.32165	-3.61197	3.80372	1.88937	0.496715	56.5295	0.107415	0.496514	0.440509	0.0627038
20283	-0.174876	-0.147897	3.92248	1.96659	0.501363	0.384971	-3.62981	3.96134	2.01925	0.509738	38.6808	0.156715	0.505571	0.432078	0.063018
20284	-0.164379	-0.194326	3.84	1.97417	0.514107	0.289197	-3.6508	4.00048	1.90983	0.477399	58.0718	0.102866	0.495378	0.434832	0.0634101
20285	-0.130363	-0.103172	3.82466	1.92699	0.503834	0.410527	-3.59949	4.03513	1.95764	0.485149	41.7834	0.146281	0.494241	0.440434	0.0633776
20286	-0.0622093	-0.0992931	4.00986	1.9273	0.48064	0.583835	-3.47096	3.91704	2.00259	0.51125	27.2373	0.208687	0.495765	0.419801	0.0633081
20287	-0.0368574	-0.0434551	4.0193	1.9444	0.483766	0.626196	-3.34987	4.27762	2.07432	0.484923	24.8667	0.21982	0.484363	0.404915	0.0634615
20288	-0.076021	-0.0555604	4.29406	2.08872	0.486421	0.73006	-3.24825	3.87046	1.91516	0.494815	15.6875	0.324884	0.4904	0.389044	0.0635395
20289	0.115107	0.11961	4.03521	2.06956	0.512875	0.973655	-3.0417	4.00244	1.95028	0.487272	13.5583	0.368552	0.500126	0.383419	0.0640218
20290	0.222029	0.159186	3.67281	1.86427	0.507586	0.991043	-3.08587	4.03835	2.04317	0.505942	17.8064	0.295691	0.506725	0.402655	0.064298
20291	0.10919	0.149506	4.09152	1.97498	0.482702	0.964257	-3.08392	4.05568	2.02428	0.499121	14.2997	0.36557	0.490876	0.395364	0.0645299
20292	0.230621	0.150048	3.86178	1.93338	0.500644	0.888949	-3.1241	4.00114	2.03223	0.507913	24.7351	0.216698	0.504343	0.403396	0.0649477
20293	0.143476	0.141957	3.81685	1.83147	0.479837	0.866433	-3.15306	3.82339	1.97558	0.516707	20.7726	0.261333	0.498288	0.416338	0.065031
20294	0.0618855	0.112094	3.82661	1.79238	0.4684	0.828839	-3.23368	3.7469	1.89982	0.507037	19.0307	0.294109	0.487515	0.431282	0.0650524
20295	0.0536024	0.0889491	3.78229	1.95041	0.51567	0.673664	-3.27044	3.82861	1.81629	0.474401	29.3528	0.192238	0.49491	0.428376	0.065636
20296	0.0931336	0.0539111	3.88463	1.88061	0.484116	0.759879	-3.24506	3.74778	1.84035	0.49105	24.4814	0.222275	0.487521	0.422491	0.0663089
20297	0.150479	0.169005	4.01356	1.96323	0.48915	0.739486	-3.2533	3.84451	1.79122	0.465917	33.7595	0.173465	0.477783	0.438289	0.066373
20298	0.124411	0.166658	3.86786	2.0373	0.526726	0.766631	-3.23958	3.8004	1.90983	0.502533	28.1308	0.206224	0.514736	0.423709	0.0668207
20299	0.183116	0.183598	4.2064	1.89361	0.450174	0.836059	-3.14482	4.09821	1.9357	0.472329	25.9852	0.213167	0.461107	0.419827	0.0673456
20300	0.260104	0.191216	4.1295	1.90445	0.461182	0.774584	-3.20443	3.98482	1.71758	0.431031	43.562	0.132345	0.446375	0.443285	0.0672575
20301	0.0845221	0.0814969	4.16402	2.08753	0.501325	0.871941	-3.1835	3.66595	1.76293	0.480893	17.1931	0.310014	0.491759	0.409152	0.0676673
20302	0.0224485	0.100568	4.10101	1.88901	0.46062	0.782271	-3.24488	3.45954	1.6511	0.477261	19.3858	0.288665	0.468235	0.441581	0.0677518
20303	0.174612	0.0940937	3.70543	1.86877	0.504333	0.811445	-3.22095	3.83373	1.79369	0.467872	27.0975	0.202778	0.485792	0.428741	0.0681481
20304	0.112221	0.0459343	4.04262	1.89391	0.468486	0.734215	-3.28937	3.57095	1.91912	0.537426	28.754	0.193439	0.50082	0.421873	0.0682733
20305	0.00701491	0.0320233	3.9302	1.87597	0.477322	0.799375	-3.2638	3.84095	1.82229	0.474437	17.3014	0.313917	0.475896	0.423518	0.0683962
20306	0.118272	0.0544055	3.99924	1.96611	0.491621	0.669113	-3.25251	3.92165	1.82159	0.464495	36.0407	0.151713	0.478191	0.419331	0.0684727
20307	0.0740941	0.0448581	3.96744	1.98708	0.500846	0.798343	-3.209	3.81051	1.89904	0.49837	20.1847	0.262268	0.499633	0.405278	0.0688788
20308	0.0589698	0.0423583	4.00095	1.97811	0.494411	0.861282	-3.2169	3.9528	2.00373	0.506914	16.5025	0.321853	0.500624	0.400222	0.0692033
20309	0.0587695	0.0383283	4.02259	1.97877	0.491914	0.773673	-3.25085	3.83859	1.98036	0.515907	21.168	0.255543	0.50363	0.405996	0.0694154
20310	0.0352614	0.0702586	3.66964	1.91162	0.520929	0.746001	-3.22988	3.87976	1.86208	0.479947	21.5598	0.252575	0.499868	0.419234	0.0699915
20311	0.175862	0.129981	3.90117	1.84319	0.47247	0.731042	-3.25864	3.6949	1.79118	0.484771	37.2545	0.154112	0.478454	0.441425	0.0699229
20312	0.0768082	0.0724448	3.95572	1.87726	0.474569	0.804221	-3.21611	3.71592	1.82303	0.4906	20.4384	0.264565	0.482334	0.422307	0.0705776
20313	0.0949708	0.101916	3.96935	1.88702	0.475398	0.739776	-3.2311	3.87098	1.76955	0.457131	26.7188	0.207887	0.466379	0.431787	0.0706261
20314	0.041984	0.0625643	3.78	1.66108	0.43944	0.622032	-3.33894	3.70658	1.86979	0.50445	34.3886	0.168228	0.471626	0.450438	0.0707348
20315	0.0520894	0.0138243	3.8031	1.88766	0.496348	0.645236	-3.39539	4.00311	2.076	0.518596	33.0358	0.175912	0.507757	0.423116	0.0708978
20316	-0.011841	0.0148123	3.86796	1.86413	0.481941	0.565329	-3.42939	3.74644	1.87215	0.499716	35.6098	0.166562	0.490687	0.442629	0.0709518
20317	-0.0606842	-0.0608971	3.99398	2.00022	0.50081	0.624997	-3.44358	4.20899	1.95095	0.46352	24.3376	0.23508	0.481676	0.420074	0.071107
20318	-0.114632	-0.106206	4.05548	2.00401	0.494148	0.703955	-3.37393	4.16623	2.10186	0.504498	15.9353	0.335043	0.499393	0.394121	0.071364
20319	-0.184866	-0.110531	3.82596	2.01713	0.527221	0.646201	-3.35108	3.95038	2.18845	0.553985	15.2043	0.345336	0.540817	0.384446	0.0716165
20320	-0.214424	-0.128753	3.94014	2.01999	0.51267	0.71537	-3.30189	3.88405	2.05865	0.530027	11.6467	0.432259	0.521286	0.381752	0.0715677
20321	-0.126774	-0.106116	4.00584	1.98756	0.496165	0.574498	-3.31907	3.87571	1.97451	0.509457	20.9911	0.245892	0.502701	0.394562	0.0718256
20322	-0.0623466	-0.0793269	4.04094	1.89137	0.468051	0.633195	-3.31631	3.55855	1.9006	0.534094	21.6588	0.241889	0.498976	0.408687	0.0719549
20323	-0.211269	-0.148192	3.96018	1.90467	0.480954	0.773071	-3.32169	3.88106	1.92117	0.495012	10.3941	0.484463	0.487912	0.397019	0.0719053
20324	-0.137865	-0.0866071	3.87541	1.91827	0.494985	0.651171	-3.32411	4.24781	1.85012	0.435548	16.8355	0.311289	0.463904	0.410272	0.0721855
20325	-0.115239	-0.0597602	3.99011	2.00481	0.502445	0.603669	-3.38799	3.59957	1.7039	0.473362	21.4329	0.258414	0.488652	0.427613	0.0725196
20326	-0.186875	-0.127463	4.21669	1.84044	0.436466	0.609122	-3.37947	3.80662	1.70116	0.446896	16.6909	0.316805	0.441414	0.427556	0.0725529
20327	-0.113662	-0.118537	3.96218	1.84099	0.464642	0.585039	-3.37241	3.7221	1.69456	0.455271	21.6879	0.244092	0.460103	0.428256	0.0730766
20328	-0.234649	-0.211377	4.01778	1.86311	0.463717	0.556013	-3.45244	3.80346	1.84464	0.484991	16.8032	0.312573	0.474062	0.414736	0.0735777
20329	-0.22236	-0.187049	3.95701	1.95604	0.494323	0.536117	-3.53277	4.1339	1.99482	0.482552	19.4578	0.287644	0.488309	0.414749	0.0738541
20330	-0.122073	-0.121179	3.73136	1.91995	0.514546	0.555453	-3.47449	3.93725	1.88125	0.477808	24.4961	0.22952	0.495683	0.425261	0.0740514
20331	-0.0736554	-0.0795468	3.91636	1.87781	0.479477	0.655121	-3.38987	3.96356	1.93224	0.4875	20.6325	0.265558	0.483512	0.418401	0.0744176
20332	-0.145613	-0.134308	3.79909	1.9039	0.501146	0.564828	-3.43382	3.8171	1.86574	0.488784	21.5697	0.252363	0.49495	0.419403	0.0749772
20333	-0.0329975	-0.0433378	3.99589	1.90085	0.4757	0.511882	-3.47397	3.72363	1.7911	0.481009	39.6412	0.148447	0.478261	0.443626	0.0751907
20334	-0.0628852	-0.023866	3.95814	1.80934	0.457118	0.431188	-3.4868	3.999	1.88291	0.470846	49.1254	0.122054	0.464017	0.448238	0.0752239
20335	-0.0392891	-0.0697927	4.22335	1.84656	0.437226	0.466841	-3.49036	3.90014	1.94735	0.499302	45.6744	0.128084	0.467029	0.435469	0.0752968
20336	-0.142447	-0.10838	3.86279	1.83522	0.475103	0.452066	-3.50794	4.06993	1.92933	0.474044	32.6981	0.176723	0.47456	0.434348	0.0755236
20337	-0.13084	-0.115217	3.71031	1.70185	0.458683	0.475696	-3.49891	3.8901	1.83083	0.470637	31.1221	0.183943	0.464801	0.447713	0.0757152
20338	-0.127219	-0.061915	3.6292	1.73641	0.478455	0.553696	-3.51756	3.87697	1.87404	0.483378	25.7556	0.231823	0.480998	0.452738	0.0760098
20339	-0.0753578	-0.030022	3.78465	1.78097	0.470577	0.471346	-3.5806	4.17892	2.00066	0.47875	42.1788	0.149442	0.474866	0.454693	0.0764638
20340	-0.107043	-0.060275	3.91941	1.81125	0.462122	0.359787	-3.56633	4.23346	1.95115	0.460888	56.4055	0.108965	0.461481	0.449705	0.0767112
20341	-0.0763109	-0.0348671	3.95165	1.97728	0.500368	0.462409	-3.54156	3.66735	1.70339	0.464474	42.371	0.14511	0.483091	0.455235	0.0768275
20342	-0.00849876	-0.0448994	3.90492	1.95191	0.49986	0.475268	-3.5145	3.78991	1.72868	0.456128	51.4384	0.117015	0.478321	0.449971	0.0770466
20343	-0.0567696	-0.10141	3.55371	1.86467	0.524712	0.499722	-3.56875	3.89366	1.9558	0.502304	38.8219	0.154841	0.512996	0.440436	0.0770645
20344	-0.0367486	-0.0763813	3.95063	1.89276	0.479103	0.424098	-3.56562	3.66187	1.77917	0.485863	57.3257	0.10619	0.482355	0.453351	0.0769527
20345	0.00980944	-0.0455872	3.95967	2.00557	0.506499	0.447034	-3.55877	3.66194	1.88096	0.513651	64.5642	0.0955827	0.509935	0.442687	0.077113
20346	-0.00604611	-0.0555512	3.85295	1.96184	0.509179	0.372038	-3.58556	4.09925	1.94984	0.475657	87.172	0.0714736	0.491899	0.443454	0.077046
20347	0.00794897	0.00351968	3.8395	1.95086	0.508102	0.40504	-3.5732	4.13861	2.1042	0.508432	81.1317	0.0788405	0.508273	0.441059	0.0773517
20348	0.0827572	-0.0154763	3.74754	1.7745	0.47351	0.570507	-3.48496	4.03045	1.9468	0.483024	50.5982	0.11895	0.47844	0.447234	0.0775713
20349	0.0897971	0.0342185	3.6242	1.77869	0.49078	0.550191	-3.45476	3.85691	1.91105	0.495488	57.4297	0.105981	0.493207	0.452114	0.0776533
20350	0.0218127	0.0361342	3.63015	1.83297	0.504929	0.629962	-3.39754	3.88574	1.81427	0.466905	31.8785	0.184923	0.48527	0.447073	0.0778058
20351	0.0461727	0.0327693	3.93129	2.09326	0.53246	0.633562	-3.44744	3.95076	2.00158	0.506631	35.1042	0.172513	0.519514	0.425232	0.078059
20352	0.0267944	0.0458346	4.07371	1.93943	0.476085	0.491232	-3.50268	3.94533	2.00971	0.509389	58.3766	0.107851	0.492471	0.443682	0.0783166
20353	0.0762099	0.0698469	3.72415	1.84548	0.495544	0.533192	-3.45445	4.04089	2.0075	0.496798	59.4767	0.104416	0.496196	0.446386	0.0783836
20354	0.118804	0.153504	3.88565	1.89304	0.487186	0.549462	-3.4425	3.95518	2.06946	0.523226	69.7229	0.092733	0.505366	0.449418	0.0787775
20355	0.101896	0.141324	3.7392	1.8982	0.507648	0.57757	-3.4725	4.11773	2.05667	0.499467	57.7185	0.113133	0.503361	0.452342	0.0789332
20356	0.193146	0.105163	4.08905	1.91276	0.467777	0.450886	-3.46362	3.86453	2.02563	0.52416	191.724	0.033215	0.495173	0.447168	0.0788723
20357	0.0896374	0.0188358	3.83489	1.83232	0.477803	0.603559	-3.44485	3.65721	1.93833	0.530003	45.4238	0.132058	0.503284	0.443153	0.0796431
20358	-0.0185529	0.0167723	3.93682	1.93414	0.491294	0.665789	-3.38073	3.85553	1.85983	0.482379	24.6475	0.234162	0.486883	0.43214	0.0798509
20359	0.109685	0.082727	3.88191	1.84024	0.474055	0.626812	-3.3518	3.84667	1.79267	0.466033	44.1102	0.13371	0.470062	0.448169	0.0801858
20360	0.0724107	0.0459339	3.5251	1.64542	0.466772	0.767005	-3.2576	3.56334	1.70855	0.47948	22.6201	0.24123	0.47316	0.448693	0.080523
20361	0.145301	0.152684	3.89856	1.79198	0.459652	0.737616	-3.29089	3.78849	1.81901	0.480142	33.7998	0.175419	0.46975	0.450969	0.0806756
20362	0.206522	0.210461	4.18726	1.90714	0.455463	0.650236	-3.32435	3.88659	1.90926	0.491242	63.4639	0.0984411	0.472686	0.450221	0.0815032
20363	0.252413	0.183379	3.9984	1.86009	0.465209	0.624556	-3.34721	3.95131	2.03278	0.514457	90.0067	0.0692453	0.489687	0.444724	0.0817927
20364	0.216169	0.251756	3.72299	1.68279	0.452	0.669327	-3.3948	3.93278	2.03393	0.517173	64.7538	0.102676	0.48548	0.472261	0.0818858
20365	0.206378	0.278362	4.01758	1.78536	0.444386	0.607725	-3.3666	3.9154	1.86816	0.477133	82.4799	0.0805395	0.460549	0.47632	0.0824145
20366	0.259505	0.308691	3.8336	1.78933	0.46675	0.643297	-3.41879	3.63988	1.84426	0.506682	94.328	0.073648	0.486198	0.488865	0.0831926
20367	0.233913	0.281918	3.96098	1.85529	0.46839	0.551794	-3.41702	3.81448	1.76171	0.461847	135.403	0.050524	0.465181	0.486167	0.0834489
20368	0.293165	0.333441	3.56848	1.74909	0.490149	0.661323	-3.34668	3.78637	1.84386	0.486973	99.9212	0.06777	0.488514	0.485286	0.0835909
20369	0.361117	0.340585	4.29457	1.86251	0.433689	0.724791	-3.27716	4.06027	1.90191	0.46842	98.9581	0.0661295	0.450568	0.465136	0.083712
20370	0.272867	0.339288	3.79314	1.76917	0.466413	0.672312	-3.22675	3.98737	1.93565	0.485444	79.7001	0.0797781	0.476166	0.461945	0.0837493
20371	0.362982	0.351403	3.73934	1.76044	0.470788	0.844331	-3.21538	3.96648	1.94445	0.49022	54.9077	0.115848	0.48079	0.462043	0.0842144
20372	0.397121	0.353698	3.75788	1.77252	0.471682	0.893276	-3.19488	3.79594	1.78025	0.468988	51.1531	0.123085	0.470328	0.469928	0.0840232
20373	0.42498	0.419118	3.77951	1.77247	0.468968	0.675227	-3.2982	3.48767	1.70754	0.489593	220.659	0.0313119	0.478866	0.498295	0.0841268
20374	0.452525	0.428456	3.70158	1.78362	0.481855	0.732583	-3.25612	3.8916	1.81676	0.466841	173.093	0.0392163	0.47416	0.485374	0.0844045
20375	0.350793	0.395357	3.88642	1.75081	0.450495	0.631111	-3.33227	3.78428	1.94331	0.513522	176.833	0.039289	0.481589	0.484756	0.0847601
20376	0.383722	0.373535	3.42403	1.61753	0.472404	0.700692	-3.34543	3.85873	1.94169	0.503195	137.66	0.050235	0.488718	0.492889	0.0851081
20377	0.419474	0.351038	3.80006	1.6836	0.443045	0.716151	-3.28349	3.92749	2.0419	0.519899	150.082	0.0440085	0.482106	0.470027	0.0854979
20378	0.318925	0.353829	3.72321	1.90774	0.512393	0.798126	-3.26703	3.56032	1.87473	0.526562	57.0939	0.114816	0.519319	0.464374	0.0857222
20379	0.380343	0.422668	3.75914	1.82858	0.486436	0.746476	-3.2455	3.87427	1.92735	0.497475	100.373	0.0670269	0.492039	0.472591	0.0859748
20380	0.499264	0.406065	3.54408	1.81975	0.513461	0.700457	-3.26712	3.91885	1.8503	0.472154	333.318	0.0202393	0.491771	0.479042	0.0861288
20381	0.316728	0.361829	3.84954	1.95802	0.508636	0.8126	-3.15171	3.6608	1.92352	0.525436	50.2051	0.122945	0.516825	0.443054	0.0859335
20382	0.390463	0.363487	3.99015	1.89208	0.474188	0.831094	-3.18219	3.86464	1.92674	0.498558	64.7513	0.0970779	0.486178	0.451582	0.0860743
20383	0.33772	0.354836	4.2415	1.96193	0.462556	0.769233	-3.19431	4.10485	1.97872	0.482043	67.649	0.0931016	0.47214	0.444302	0.0863909
20384	0.407599	0.374678	3.82499	1.90501	0.498042	0.806315	-3.23776	4.08905	1.92653	0.471143	82.0872	0.0794871	0.484144	0.460013	0.0868327
20385	0.332618	0.366933	3.6561	1.84888	0.505699	0.724871	-3.24387	3.6809	1.7524	0.476079	84.7373	0.0769314	0.490839	0.475215	0.0871691
20386	0.363544	0.371932	3.92346	1.91205	0.487337	0.759164	-3.23403	3.87619	1.82389	0.470537	83.0778	0.0782577	0.478988	0.465401	0.0875517
20387	0.443966	0.396626	3.94312	1.95466	0.495713	0.691276	-3.29215	3.97386	1.96161	0.493629	222.476	0.0305811	0.494667	0.464972	0.0873962
20388	0.419175	0.472643	3.95542	1.94125	0.490782	0.671549	-3.26403	3.98018	1.90769	0.479296	219.22	0.0318463	0.485021	0.475719	0.0872514
20389	0.470272	0.405963	3.72138	1.84199	0.494976	0.657147	-3.2599	4.0256	1.9316	0.479828	384.811	0.0174612	0.487104	0.471109	0.0875757
20390	0.425062	0.453038	3.72638	1.79213	0.480931	0.847126	-3.18096	3.93955	1.95452	0.496128	74.1332	0.0890689	0.48874	0.468544	0.0875476
20391	0.372411	0.405556	3.86163	1.77763	0.460332	0.900032	-3.08492	4.07703	1.97754	0.485044	43.7647	0.139192	0.473023	0.447975	0.0875427
20392	0.331751	0.356398	4.06517	1.88861	0.464582	0.876274	-3.08845	3.81308	1.80366	0.473018	40.0229	0.148252	0.468665	0.445647	0.0875828
20393	0.268616	0.313115	4.01521	1.91665	0.477347	0.88658	-3.118	3.87523	1.89812	0.489808	30.8279	0.190939	0.483467	0.435633	0.0873972
20394	0.25661	0.293187	3.81063	1.94517	0.510458	0.945326	-3.14173	3.94514	1.93426	0.490289	24.8744	0.237164	0.500198	0.432049	0.0877018
20395	0.261022	0.262087	3.89467	1.88866	0.484935	0.906768	-3.16365	3.98779	1.96979	0.493956	28.1439	0.208494	0.489499	0.432065	0.087885
20396	0.336455	0.26969	3.80025	1.79393	0.472056	0.82857	-3.14855	4.0064	1.82751	0.456147	48.247	0.121089	0.463891	0.446601	0.0880763
20397	0.260894	0.284117	3.69095	1.71359	0.464268	0.872409	-3.09051	3.99269	1.87754	0.470244	30.4535	0.186975	0.467373	0.442335	0.0878551
20398	0.169476	0.171034	3.56392	1.76816	0.496127	0.935776	-3.06384	3.74701	1.64784	0.439774	17.8203	0.293608	0.467245	0.433819	0.0878748
20399	0.226122	0.216918	3.96611	1.71441	0.432264	0.917282	-3.10806	3.9527	1.87242	0.473707	23.143	0.238851	0.45295	0.43533	0.0881351
20400	0.165109	0.140207	3.98438	1.78398	0.447743	0.93043	-3.05271	3.93845	1.84615	0.468751	17.4056	0.292859	0.458186	0.412609	0.0885257
20401	0.146532	0.14294	3.85745	1.72205	0.446421	1.00444	-3.04265	4.02594	2.00417	0.497813	13.7878	0.368005	0.472666	0.405183	0.089019
20402	0.100256	0.098579	4.1397	1.81325	0.438015	0.944123	-3.05569	3.85388	1.85997	0.482623	13.9717	0.356056	0.459522	0.403873	0.0895642
20403	0.112681	0.0827975	3.73725	1.81636	0.486016	0.944305	-3.09785	3.73895	1.90321	0.509022	14.6278	0.345799	0.497521	0.404866	0.089431
20404	0.157347	0.109333	3.87004	1.8122	0.468264	0.858656	-3.15023	3.78873	1.81614	0.479354	21.6023	0.245917	0.47375	0.422777	0.089602
20405	0.0908306	0.161434	3.89541	1.74022	0.446736	0.92024	-3.16141	4.09327	1.84087	0.449732	16.0503	0.34396	0.448271	0.435408	0.0898158
20406	0.208677	0.206161	3.54594	1.70532	0.480922	0.746252	-3.17751	3.84976	1.89091	0.491176	39.6185	0.144493	0.48626	0.443305	0.0901895
20407	0.258373	0.219252	3.86428	1.74393	0.451295	0.844059	-3.14364	3.35827	1.6279	0.484745	32.9684	0.171514	0.466848	0.456201	0.0899836
20408	0.203734	0.243964	4.08784	1.84946	0.452429	0.938775	-3.07656	3.7817	1.92945	0.510206	20.4076	0.270142	0.480194	0.4219	0.0905044
20409	0.255356	0.233235	3.73288	1.6807	0.450242	0.992179	-3.09474	3.99284	1.86057	0.465977	20.4002	0.271454	0.458374	0.438919	0.0905099
20410	0.203	0.238929	3.49576	1.70672	0.488224	0.844616	-3.18082	3.84516	1.81144	0.471097	28.4078	0.205835	0.479253	0.453981	0.0905353
20411	0.242697	0.236612	3.82673	1.71598	0.448419	0.707398	-3.24158	3.82888	1.98071	0.51731	56.0222	0.107974	0.482874	0.450115	0.0903596
20412	0.155866	0.172961	3.45754	1.641	0.474614	0.686184	-3.26781	3.88952	1.8764	0.482425	42.0957	0.140619	0.478749	0.457075	0.0906414
20413	0.0834585	0.109181	3.61049	1.74814	0.484183	0.748317	-3.27263	3.43087	1.81925	0.530258	25.8726	0.221019	0.506633	0.445022	0.0908959
20414	0.0573844	0.0755613	3.745	1.86352	0.497603	0.850023	-3.22089	3.76977	1.88097	0.498961	17.2958	0.314138	0.498285	0.420581	0.0910116
20415	0.0458157	0.0952951	3.65415	1.64478	0.450114	0.68156	-3.20062	4.03731	1.92635	0.477137	26.8774	0.202085	0.464299	0.432094	0.0910411
20416	0.0915977	0.127616	3.62063	1.68291	0.464813	0.801237	-3.11583	3.71516	1.77074	0.476625	20.89	0.251794	0.470795	0.432427	0.0915485
20417	0.0937425	0.121736	3.7076	1.83653	0.495342	1.01973	-3.0921	4.03768	1.74854	0.433055	12.046	0.428723	0.462871	0.418815	0.0915147
20418	0.112633	0.0897582	3.57676	1.84371	0.51547	0.828626	-3.11408	3.53954	1.81581	0.513007	20.0227	0.256323	0.514245	0.412309	0.0917259
20419	-0.00146143	0.0931832	3.78112	1.83351	0.484911	0.811255	-3.24777	3.80379	1.90126	0.499833	16.899	0.330254	0.492394	0.427767	0.0922471
20420	0.0299977	0.0762407	3.97337	1.75644	0.442052	0.736985	-3.31685	3.85374	1.88837	0.49001	23.0339	0.249915	0.465664	0.441367	0.0925032
20421	0.145746	0.0861374	3.54336	1.75683	0.495809	0.692251	-3.24416	3.85288	1.92249	0.498976	37.1347	0.149334	0.497459	0.429866	0.0927239
20422	-0.00820659	0.020805	3.80881	1.73873	0.456504	0.765044	-3.22601	3.77978	1.80113	0.476517	17.6309	0.298959	0.466472	0.426895	0.0928351
20423	-0.0292571	0.0206388	3.74058	1.81332	0.484769	0.868283	-3.18311	3.8355	1.91201	0.498502	12.7412	0.402789	0.491721	0.407984	0.0933809
20424	-0.0612765	-0.0642098	3.89934	1.77478	0.45515	0.884977	-3.16623	3.83596	1.91595	0.499471	10.7467	0.447697	0.477129	0.39472	0.0931378
20425	-0.0771792	-0.0680694	3.75952	1.75803	0.467621	0.858572	-3.16192	4.11069	1.899	0.461967	10.9315	0.437815	0.464668	0.395653	0.0937068
20426	-0.221517	-0.12375	3.99356	1.78103	0.445976	0.773367	-3.13099	3.82762	1.97704	0.516521	9.13676	0.494897	0.4805	0.375744	0.0939791
20427	-0.190282	-0.170693	3.66622	1.78389	0.486575	0.889914	-3.14979	4.02127	1.98514	0.493659	7.60614	0.583412	0.490281	0.370664	0.093764
20428	-0.261459	-0.195919	4.06302	1.84659	0.454488	0.685064	-3.31849	4.00238	1.96326	0.490522	10.8834	0.447952	0.47237	0.390296	0.0940908
20429	-0.252286	-0.231829	3.80504	1.83159	0.481358	0.675731	-3.26912	3.69304	1.81204	0.490663	10.7117	0.430607	0.485941	0.387735	0.0945214
20430	-0.262927	-0.261422	3.95909	1.74193	0.439982	0.788246	-3.25109	3.76461	1.84351	0.489695	8.08907	0.552482	0.464213	0.384061	0.0947362
20431	-0.31409	-0.304341	3.64633	1.77401	0.486518	0.83712	-3.17767	4.07133	1.97809	0.485858	6.22961	0.662642	0.48617	0.354992	0.094712
20432	-0.29254	-0.281023	3.47514	1.67182	0.481078	0.824204	-3.15115	3.75377	1.97967	0.527381	6.60535	0.623558	0.505122	0.360726	0.0952033
20433	-0.164584	-0.221151	3.61465	1.73083	0.478837	0.777962	-3.17628	4.12328	1.96772	0.477223	9.8299	0.444196	0.477977	0.371299	0.0956941
20434	-0.191815	-0.19781	3.56759	1.75325	0.491439	0.747606	-3.24436	3.89416	1.8497	0.474993	10.5171	0.441257	0.482856	0.391853	0.0960864
20435	-0.220492	-0.204726	3.82165	1.73016	0.452727	0.812369	-3.20721	3.87166	2.02708	0.523568	8.45042	0.533402	0.488378	0.375054	0.0962445
20436	-0.18987	-0.22315	3.90569	1.83063	0.468707	0.754374	-3.25778	3.71943	1.79761	0.483303	10.3286	0.445798	0.475827	0.388324	0.0965083
20437	-0.283158	-0.251332	3.93068	1.80977	0.460422	0.791035	-3.22977	3.99529	1.93105	0.48333	7.68799	0.576945	0.47197	0.372314	0.0967095
20438	-0.228014	-0.231419	3.95797	1.77564	0.448624	0.749498	-3.24245	3.8869	1.91793	0.493435	9.48827	0.477765	0.470826	0.380407	0.0973907
20439	-0.126227	-0.127077	3.74857	1.75432	0.467996	0.743529	-3.23151	3.82636	1.81561	0.474499	12.74	0.378237	0.471281	0.403074	0.097629
20440	-0.11861	-0.077627	3.86434	1.81452	0.469556	0.763342	-3.23625	3.89961	1.76223	0.451898	12.8264	0.38892	0.460687	0.410965	0.0982976
20441	-0.148648	-0.0944906	3.78314	1.85022	0.489069	0.707643	-3.22758	3.84754	1.91331	0.49728	13.3876	0.366617	0.493209	0.394816	0.0984432
20442	-0.087737	-0.0947992	3.86429	1.97044	0.50991	0.705851	-3.29265	3.7902	1.87943	0.495865	16.2377	0.314891	0.502956	0.399181	0.0983309
20443	-0.0667362	-0.101867	3.77062	1.85461	0.491859	0.656707	-3.27825	3.83078	1.86697	0.48736	19.2777	0.261685	0.489592	0.404089	0.0982676
20444	-0.0497036	-0.0568577	3.69449	1.74265	0.471689	0.79349	-3.23652	3.85986	1.91433	0.495958	14.2202	0.355488	0.484089	0.408811	0.0984108
20445	-0.0624426	-0.0107275	3.59567	1.60576	0.446582	0.704833	-3.25515	3.99247	1.96582	0.492382	17.8801	0.294356	0.470679	0.424353	0.0981101
20446	-0.00551909	-0.0120877	3.66221	1.71032	0.467017	0.734046	-3.20707	3.97696	2.09445	0.526647	18.6631	0.273479	0.49806	0.401581	0.0981704
20447	-0.0771404	-0.0600695	3.61033	1.82115	0.504428	0.856639	-3.17115	3.77184	1.97	0.52229	11.1003	0.435972	0.513555	0.389712	0.098542
20448	-0.163858	-0.142849	3.97849	1.84849	0.464622	0.834695	-3.16195	3.75771	1.82229	0.484947	9.1414	0.498554	0.474495	0.383131	0.0989723
20449	-0.0944438	-0.140373	3.39929	1.72299	0.506866	0.845655	-3.20208	3.80856	1.79537	0.471404	10.6067	0.441893	0.488129	0.39991	0.09909
20450	-0.0937669	-0.152209	3.56633	1.67947	0.470923	0.893951	-3.18162	3.73226	1.80645	0.48401	9.40701	0.487793	0.477615	0.397047	0.0992348
20451	-0.187092	-0.179293	3.93172	1.70049	0.432505	0.900022	-3.15181	4.01138	1.87212	0.466703	7.47649	0.590909	0.449776	0.382187	0.0992413
20452	-0.154323	-0.2129	3.57538	1.62845	0.455463	0.936886	-3.11317	4.02326	1.98675	0.493816	7.06417	0.595369	0.47577	0.367877	0.0990045
20453	-0.259388	-0.2398	3.84836	1.7237	0.447904	0.892876	-3.07876	3.96786	1.90075	0.479036	6.07036	0.663857	0.463708	0.357411	0.099057
20454	-0.275671	-0.249906	3.84891	1.78347	0.46337	0.926036	-3.10671	3.72283	1.8561	0.498573	5.65148	0.72205	0.480678	0.359334	0.0992768
20455	-0.21406	-0.175934	3.95286	1.80536	0.456722	0.824355	-3.12318	3.9966	2.02736	0.507271	8.05545	0.539153	0.482135	0.361785	0.099781
20456	-0.305245	-0.252894	3.61252	1.7777	0.492094	0.791802	-3.1595	3.97633	2.02265	0.508673	7.01974	0.601756	0.500781	0.357343	0.100388
20457	-0.146592	-0.192409	3.85672	1.80111	0.467007	0.820798	-3.16175	4.01312	1.97848	0.493002	9.4214	0.467922	0.480263	0.368483	0.100715
20458	-0.181965	-0.183756	3.87788	1.84477	0.475716	0.972315	-3.08375	4.00758	1.9638	0.490023	6.31209	0.666181	0.482987	0.355803	0.101387
20459	-0.198328	-0.217328	4.10562	1.96399	0.478366	0.827272	-3.10419	3.67003	1.94364	0.529598	7.92311	0.525927	0.502547	0.347876	0.101542
20460	-0.240118	-0.187508	3.94778	1.92293	0.487091	0.771127	-3.13523	3.93519	1.98167	0.503576	8.49688	0.511308	0.49532	0.357579	0.101771
20461	-0.242098	-0.228425	3.62791	1.89114	0.521276	0.885337	-3.12825	4.12192	1.89231	0.459083	6.61545	0.635556	0.488197	0.357294	0.102071
20462	-0.234786	-0.274817	3.86196	1.76762	0.457699	0.913557	-3.09952	4.15655	2.13436	0.513494	6.05067	0.659345	0.486621	0.338392	0.102403
20463	-0.328464	-0.278112	4.2554	1.88917	0.443945	0.967687	-3.08888	3.83961	2.01547	0.524916	4.70259	0.840004	0.482351	0.336028	0.102433
20464	-0.217888	-0.228841	4.09431	1.95688	0.477951	0.976631	-3.07854	3.79131	2.09178	0.55173	5.6913	0.713438	0.513423	0.334088	0.102471
20465	-0.215324	-0.2375	4.00474	1.73013	0.43202	0.918168	-3.08452	3.86299	1.97996	0.512545	6.30875	0.642402	0.471557	0.353359	0.103061
20466	-0.192287	-0.228891	3.84433	1.71589	0.446343	0.917093	-3.10013	3.88565	1.857	0.477914	6.6985	0.615361	0.462213	0.365938	0.103391
20467	-0.330817	-0.33505	3.98659	1.84642	0.463157	0.957222	-3.027	4.19514	1.95155	0.465192	4.36795	0.829522	0.464201	0.323064	0.103487
20468	-0.335002	-0.338857	4.14793	2.07276	0.499711	0.953654	-2.98382	4.26058	1.97164	0.462763	4.21275	0.830317	0.480989	0.301996	0.103479
20469	-0.375217	-0.32993	4.18624	1.9716	0.470971	1.05956	-2.99257	3.96629	1.97853	0.498837	3.44396	1.02929	0.484528	0.309832	0.103632
20470	-0.365351	-0.285627	3.85351	1.9814	0.514181	0.996472	-2.99728	4.28299	1.92148	0.44863	3.96486	0.927282	0.479676	0.320301	0.103618
20471	-0.222215	-0.209384	4.14373	1.91057	0.461074	1.04457	-2.99644	3.95004	1.91562	0.484962	4.84042	0.802376	0.472732	0.336777	0.1038
20472	-0.123182	-0.162458	3.62594	1.86294	0.513782	0.808966	-3.11467	4.09633	1.93143	0.471503	10.0306	0.43445	0.491355	0.364889	0.104155
20473	-0.181323	-0.139805	3.96188	1.8307	0.462079	0.82415	-3.14041	3.81924	1.93533	0.506731	8.90587	0.505487	0.483996	0.374212	0.104466
20474	-0.0770958	-0.137268	3.99802	1.83557	0.459121	0.903384	-3.12828	4.08049	1.92821	0.472543	9.30591	0.48067	0.465901	0.372853	0.104775
20475	-0.228841	-0.166866	3.64947	1.75433	0.480707	0.819451	-3.23373	3.81775	1.91469	0.501523	8.55903	0.549458	0.49135	0.390691	0.10493
20476	-0.0592599	-0.0962624	3.96481	1.8162	0.458081	0.822861	-3.18169	3.99421	1.91322	0.478998	12.2342	0.389069	0.468578	0.389678	0.105063
20477	-0.129125	-0.0495838	4.03079	1.94269	0.481962	0.810496	-3.22023	3.98798	2.03383	0.50999	11.3865	0.441444	0.495901	0.387382	0.105456
20478	0.0205402	-0.0504642	3.82326	1.92124	0.502513	0.826765	-3.24769	3.8174	2.02557	0.530615	15.7266	0.324999	0.516554	0.39314	0.105744
20479	-0.0177562	-0.01428	3.79392	1.98447	0.523065	0.617714	-3.27617	3.99912	1.92601	0.48161	26.3481	0.201911	0.501791	0.40496	0.106305
20480	0.0244729	-0.0148341	4.02278	1.80697	0.449183	0.652887	-3.32256	3.62741	1.9698	0.543032	27.7056	0.197452	0.493683	0.420155	0.106597
20481	0.0234338	0.0421249	3.55966	1.67252	0.469854	0.667348	-3.3134	3.87368	1.95999	0.505977	27.156	0.207312	0.488679	0.436716	0.106646
20482	0.158497	0.0555739	3.60411	1.80367	0.50045	0.570322	-3.43323	4.14801	2.06537	0.497918	71.7676	0.0847998	0.499095	0.440364	0.107004
20483	0.0416939	0.00305501	3.95114	1.95599	0.495044	0.577677	-3.38096	3.988	2.03311	0.509808	39.8623	0.143639	0.50246	0.41794	0.107157
20484	0.135199	0.0170206	3.79401	1.91464	0.504649	0.585281	-3.41087	4.04598	2.1484	0.530997	58.0055	0.101287	0.518247	0.419741	0.106913
20485	0.128457	0.0710251	4.04791	1.99812	0.493617	0.69957	-3.29993	4.1673	2.20688	0.52957	34.8388	0.163085	0.511855	0.403314	0.107398
20486	0.00498465	0.064499	4.25847	2.08538	0.489701	0.719243	-3.29917	4.01564	2.01005	0.500556	22.1776	0.255082	0.494969	0.408637	0.107551
20487	-0.0274206	0.00834525	4.30373	2.22795	0.51768	0.614273	-3.40146	3.82393	1.90544	0.498292	28.2361	0.205885	0.508558	0.412999	0.107648
20488	-0.102099	-0.0765734	3.77316	1.9149	0.507506	0.574896	-3.41572	3.96413	1.98875	0.501686	24.3276	0.229162	0.504524	0.416714	0.108095
20489	-0.0356924	-0.00991956	4.02375	1.99931	0.496878	0.693281	-3.33632	4.02261	2.01743	0.501521	20.8221	0.265701	0.499199	0.407941	0.108216
20490	-0.0115609	-0.0193341	3.96401	1.91609	0.483371	0.610361	-3.35154	4.07287	2.04252	0.501494	28.7072	0.193394	0.492555	0.412311	0.108322
20491	0.0947979	0.0366573	3.85663	1.87772	0.486881	0.674584	-3.30863	3.89057	1.82595	0.469328	33.2914	0.168076	0.478066	0.430451	0.108542
20492	-0.148798	-0.0537782	3.83901	1.885	0.491013	0.692908	-3.35036	3.85837	1.82886	0.473997	15.3393	0.354235	0.482484	0.422604	0.108966
20493	-0.0520202	-0.0661047	3.58247	1.74237	0.486361	0.697436	-3.3206	4.08337	1.96486	0.481185	18.8571	0.280842	0.483604	0.416781	0.108849
20494	-0.115636	-0.0608512	4.00975	1.73608	0.432966	0.874405	-3.17444	3.96378	2.05095	0.517423	9.89045	0.49009	0.474951	0.390353	0.108766
20495	-0.0445047	-0.0733481	4.01224	1.79576	0.44757	0.739129	-3.19897	3.91598	2.03626	0.519986	15.9091	0.307041	0.483339	0.38938	0.109083
20496	-0.0616027	-0.10051	4.15023	1.95126	0.470157	0.730122	-3.20775	3.87669	1.82602	0.471025	15.4028	0.313414	0.470576	0.389996	0.109776
20497	-0.0483503	-0.0152553	4.03237	1.88581	0.467669	0.833449	-3.184	3.9175	1.75521	0.448044	12.9132	0.388785	0.457999	0.408205	0.109829
20498	-0.0124947	0.0211841	3.72919	1.77187	0.475134	0.916502	-3.11774	3.68177	1.70256	0.462428	11.4165	0.431518	0.468822	0.414969	0.110107
20499	0.0807159	0.0147205	3.83515	1.98271	0.516984	0.844161	-3.11169	4.09103	2.0005	0.488997	16.7701	0.291424	0.502539	0.380339	0.110404
20500	0.128892	0.0181085	4.07046	1.95189	0.479527	0.945374	-2.99603	4.09071	1.93699	0.473511	13.628	0.333322	0.476511	0.368818	0.11055
