cycle	Zbar1	Gbar1	VP1	VG1	h21	Zbar2	Gbar2	VP2	VG2	h22	h2b	h2b_denom	h2w	Qst	Fst
20000	-0.44583	-0.508095	3.7086	1.82651	0.492507	-2.4871	-0.485425	3.63611	1.77067	0.486969	0.000123331	2.0834	0.489765	3.57318e-05	0.000386306
20001	-0.440438	-0.499401	3.99478	1.87165	0.468526	-2.44361	-0.484363	3.49196	1.6492	0.472285	5.63616e-05	2.00634	0.470279	1.60664e-05	0.000636083
20002	-0.460121	-0.477872	3.58592	1.83123	0.510672	-2.35935	-0.364027	3.77694	1.7191	0.455157	0.00359309	1.80354	0.482194	0.000912256	0.000866521
20003	-0.466319	-0.486559	3.66075	1.80106	0.491993	-2.35178	-0.317594	3.48681	1.64914	0.472967	0.0080308	1.77748	0.482711	0.00206542	0.00110817
20004	-0.582477	-0.514782	3.705	1.87	0.504723	-2.25962	-0.261142	3.79142	1.77157	0.467258	0.0228714	1.40641	0.485775	0.00439936	0.00133796
20005	-0.455437	-0.495964	3.87969	1.82006	0.469125	-2.19689	-0.191862	4.17524	1.82581	0.437294	0.0304938	1.51634	0.452625	0.00630445	0.0016001
20006	-0.500664	-0.484081	3.82743	1.82512	0.476854	-2.10961	-0.104845	3.82374	1.82648	0.477668	0.0555567	1.29435	0.477261	0.00975518	0.00191425
20007	-0.409727	-0.482302	3.51729	1.89943	0.540027	-2.05326	-0.0656126	3.97926	1.90934	0.479822	0.064279	1.35059	0.50807	0.0112739	0.00211362
20008	-0.467217	-0.482043	3.83337	1.75791	0.458581	-2.06534	0.00309305	3.9669	1.91685	0.483211	0.0921519	1.27701	0.471107	0.0157671	0.00230224
20009	-0.455243	-0.489486	3.87737	1.70114	0.438735	-1.95206	0.0056902	3.73388	1.86372	0.499137	0.109441	1.12023	0.468367	0.0169132	0.0025321
20010	-0.509324	-0.47361	3.55924	1.63039	0.458074	-1.93324	0.0597434	4.12201	1.80872	0.438795	0.140302	1.01376	0.447728	0.0202697	0.00260523
20011	-0.329152	-0.40934	3.54367	1.59718	0.450713	-1.93129	0.0675551	3.83484	1.90877	0.497743	0.0886022	1.28343	0.475156	0.0159664	0.00289662
20012	-0.417034	-0.384337	3.77361	1.71411	0.454236	-1.81566	0.148893	3.69085	1.88565	0.510899	0.145354	0.978076	0.482253	0.0193739	0.00305387
20013	-0.385525	-0.371778	3.89245	1.6702	0.429087	-1.79887	0.214384	3.53676	1.70609	0.482388	0.172004	0.998774	0.454462	0.024822	0.00325898
20014	-0.344704	-0.321084	3.68776	1.74169	0.472289	-1.8274	0.22767	3.71883	1.72443	0.463702	0.136977	1.0992	0.467978	0.0212683	0.00347534
20015	-0.243956	-0.274613	4.26047	1.94799	0.457225	-1.95373	0.140813	3.78738	1.6482	0.435183	0.059035	1.46167	0.446852	0.011861	0.00369728
20016	-0.311526	-0.305653	3.73035	1.85707	0.497828	-1.88612	0.117525	3.61064	1.71124	0.473944	0.0722289	1.23967	0.486081	0.0123972	0.0038732
20017	-0.173955	-0.262098	3.80293	1.78223	0.468646	-1.93003	0.0880932	3.63806	1.66478	0.4576	0.0397672	1.54189	0.463245	0.00882017	0.00414104
20018	-0.294746	-0.27137	3.66732	1.72058	0.469166	-1.87608	0.167884	3.71634	1.82698	0.491607	0.077159	1.2503	0.480461	0.0134212	0.00438536
20019	-0.233767	-0.256553	3.62771	1.60579	0.442645	-1.79325	0.216486	3.85956	1.75992	0.45599	0.0920097	1.21599	0.449524	0.0163573	0.00474093
20020	-0.293842	-0.287986	3.56071	1.67051	0.469151	-1.66994	0.251685	3.95703	1.79772	0.454311	0.153801	0.946825	0.46134	0.0205721	0.00504193
20021	-0.308097	-0.318288	3.60651	1.62826	0.451478	-1.70368	0.248929	3.91994	1.83191	0.46733	0.165192	0.97382	0.459734	0.0227286	0.00532341
20022	-0.361541	-0.354057	3.67108	1.67259	0.455613	-1.70564	0.359535	3.91375	1.82186	0.465503	0.281864	0.903295	0.460716	0.0351666	0.00568115
20023	-0.259088	-0.295917	3.64327	1.7606	0.483245	-1.64561	0.398833	3.88039	1.90235	0.490247	0.251076	0.961216	0.486856	0.031908	0.0059448
20024	-0.290334	-0.249252	3.64482	1.66047	0.455571	-1.53233	0.449686	4.17039	1.86544	0.447306	0.316693	0.771275	0.45116	0.0334941	0.00611057
20025	-0.25462	-0.234728	3.78727	1.6599	0.438283	-1.59678	0.426642	3.9215	1.80632	0.46062	0.242818	0.900697	0.449646	0.0305981	0.00626983
20026	-0.22297	-0.239133	3.79055	1.63396	0.431061	-1.55334	0.440742	3.91619	1.71764	0.438599	0.261163	0.884943	0.434891	0.0333453	0.00646796
20027	-0.248162	-0.237546	3.59534	1.60676	0.4469	-1.54014	0.457289	3.59503	1.69529	0.471566	0.289238	0.834599	0.459232	0.0352808	0.00671835
20028	-0.328066	-0.299324	3.78822	1.70528	0.450153	-1.47781	0.511266	3.61007	1.75552	0.486285	0.497047	0.660961	0.467784	0.0453351	0.00702841
20029	-0.367471	-0.359013	3.67026	1.65706	0.451484	-1.42636	0.577247	3.70875	1.69203	0.456226	0.781793	0.560624	0.453867	0.0614445	0.00734471
20030	-0.208239	-0.248263	3.57025	1.66914	0.467515	-1.40839	0.617825	3.7243	1.65481	0.444327	0.520774	0.720185	0.455676	0.0534293	0.00762966
20031	-0.228056	-0.162849	3.96326	1.77166	0.447022	-1.40919	0.655468	3.66446	1.76067	0.480471	0.480005	0.697538	0.463092	0.045271	0.00799539
20032	-0.161553	-0.159974	3.7797	1.71586	0.453967	-1.37624	0.678216	3.57938	1.6766	0.468404	0.476161	0.737736	0.460989	0.0492487	0.00818902
20033	-0.194615	-0.184507	3.76951	1.72191	0.456799	-1.28447	0.70851	3.84597	1.61773	0.420629	0.6714	0.593893	0.438533	0.0563617	0.00838964
20034	-0.143503	-0.204422	3.73253	1.70834	0.457689	-1.32057	0.727821	3.72667	1.6478	0.442164	0.62727	0.692745	0.449933	0.0608303	0.00868937
20035	-0.259728	-0.218764	3.4032	1.62194	0.476593	-1.25269	0.757458	3.32072	1.57706	0.474916	0.96657	0.492985	0.475765	0.069347	0.00885941
20036	-0.217597	-0.227102	3.81157	1.71592	0.450186	-1.22283	0.800958	3.68963	1.62827	0.44131	1.04594	0.505244	0.445821	0.0732591	0.00907208
20037	-0.273105	-0.220182	3.77074	1.70299	0.451633	-1.23924	0.741588	3.79367	1.64133	0.43265	0.99099	0.466706	0.442113	0.0647054	0.00936624
20038	-0.30082	-0.236908	3.74463	1.61853	0.432226	-1.15777	0.828123	3.73171	1.66506	0.446191	1.5446	0.36718	0.439197	0.0795321	0.00964931
20039	-0.294207	-0.236465	3.67974	1.65801	0.450577	-1.10869	0.840508	3.82301	1.76083	0.460588	1.74842	0.331692	0.455678	0.0782196	0.0100878
20040	-0.158645	-0.16415	3.6424	1.70132	0.467088	-1.15472	0.82149	3.65429	1.78321	0.487977	0.979159	0.496082	0.477549	0.0651889	0.0103893
20041	-0.153792	-0.154008	3.53422	1.63629	0.462985	-1.09716	0.859971	3.73639	1.89815	0.508018	1.15531	0.44497	0.486127	0.0678253	0.0105089
20042	-0.108963	-0.110205	3.87589	1.80528	0.465771	-1.1379	0.85463	3.84975	1.91954	0.498614	0.879282	0.529356	0.482137	0.0588335	0.0109046
20043	-0.0980035	-0.141425	3.68054	1.72983	0.469994	-1.12709	0.90781	3.60726	1.94942	0.540416	1.03954	0.52951	0.504851	0.0696304	0.0113299
20044	-0.11297	-0.133272	3.72405	1.77361	0.47626	-1.06536	0.923635	3.5646	1.87324	0.525513	1.23153	0.453524	0.500348	0.0711627	0.0114942
20045	-0.117596	-0.155651	3.78049	1.71255	0.452997	-0.982529	0.98869	3.64737	1.73977	0.476992	1.75043	0.374055	0.464779	0.0866548	0.0117533
20046	-0.197813	-0.12801	3.95209	1.88109	0.475972	-1.02527	1.00707	3.56571	1.68821	0.473456	1.88175	0.342342	0.474779	0.0828105	0.0120955
20047	-0.206064	-0.135185	3.78946	1.78681	0.471522	-0.951493	1.08221	3.93209	1.78422	0.453757	2.66718	0.277832	0.462475	0.094045	0.0124051
20048	-0.144245	-0.127975	3.53747	1.7145	0.484669	-1.01727	1.02528	3.51451	1.5736	0.447744	1.74503	0.381084	0.466267	0.0918776	0.0123961
20049	-0.116477	-0.126595	3.65553	1.66269	0.454844	-0.841717	1.04063	3.83124	1.67793	0.437961	2.59027	0.262987	0.446204	0.0925664	0.0128135
20050	-0.127926	-0.0734994	3.68464	1.61679	0.438793	-0.972192	1.03228	3.63127	1.62403	0.447234	1.71545	0.356393	0.442982	0.0862334	0.0131346
20051	-0.0819911	-0.0561734	3.95619	1.75896	0.444609	-0.903483	1.06492	3.60555	1.72613	0.478742	1.8624	0.337425	0.460884	0.0827401	0.0133854
20052	-0.12708	-0.0985583	3.59533	1.75524	0.4882	-0.981899	1.07823	3.53075	1.81998	0.515465	1.89517	0.365358	0.501709	0.0883266	0.0135682
20053	-0.0283457	-0.0377099	3.76085	1.7003	0.452105	-0.93239	1.12073	4.00982	1.88632	0.470424	1.64198	0.408648	0.461558	0.0855789	0.0138779
20054	-0.0979679	-0.0280612	3.78463	1.72752	0.456457	-0.736659	1.22337	3.63578	1.6523	0.454454	3.83912	0.203963	0.455476	0.103861	0.0141551
20055	0.00384016	-0.0229545	3.67014	1.73695	0.473265	-0.778143	1.2703	3.53141	1.69233	0.479221	2.73511	0.305749	0.476186	0.108727	0.0144489
20056	-0.00866151	-0.0158122	4.10089	1.86026	0.453622	-0.7826	1.24428	3.61991	1.5716	0.434154	2.6509	0.299491	0.444494	0.103724	0.0146876
20057	-0.0823907	-0.0153478	3.80815	1.8608	0.488636	-0.844428	1.23117	3.71462	1.70518	0.459046	2.67576	0.29035	0.474025	0.0982768	0.014658
20058	0.00641585	-0.0300182	3.62104	1.65791	0.457855	-0.769131	1.21669	3.70668	1.77864	0.479849	2.58413	0.300737	0.468981	0.10163	0.0148679
20059	0.00448969	-0.00616575	3.72249	1.72875	0.464406	-0.73377	1.2577	3.8302	1.82271	0.475878	2.93077	0.272513	0.470224	0.101123	0.0151298
20060	0.0229978	-0.0177426	3.52221	1.62722	0.461989	-0.61145	1.39113	3.46536	1.67573	0.483565	4.93121	0.201262	0.47269	0.130673	0.0152229
20061	-0.129309	-0.000705583	3.55076	1.77371	0.499531	-0.609442	1.31743	3.46083	1.63753	0.473163	7.53698	0.115264	0.486516	0.113002	0.015484
20062	-0.058555	-0.0669049	3.92518	1.76699	0.450166	-0.603063	1.38974	4.0982	1.77144	0.432248	7.15651	0.148244	0.441014	0.130426	0.0158093
20063	-0.109816	-0.100684	3.82863	1.80959	0.472647	-0.62632	1.40869	3.87756	1.79453	0.462799	8.53979	0.133388	0.467692	0.136523	0.0160814
20064	-0.0163299	-0.0784423	3.85269	1.89888	0.492871	-0.483919	1.50522	3.51924	1.79572	0.510259	11.4708	0.10932	0.501171	0.145146	0.0162609
20065	-0.0669346	-0.00638385	3.84335	1.77432	0.461659	-0.601144	1.48578	3.70259	1.77591	0.479638	7.80204	0.14269	0.470481	0.135597	0.0164238
20066	-0.0644184	-0.0278896	3.7551	1.72766	0.460084	-0.435923	1.5226	3.63237	1.67987	0.462471	17.4184	0.0690078	0.461258	0.149995	0.0163843
20067	-0.0506674	-0.0630508	3.57363	1.60146	0.448133	-0.427547	1.53119	3.43967	1.63715	0.475962	17.8939	0.0710192	0.461782	0.164086	0.0167797
20068	-0.0908903	-0.0753312	3.64031	1.60165	0.439975	-0.453487	1.58489	3.87106	1.76254	0.45531	20.9646	0.0657382	0.447878	0.170078	0.0170943
20069	-0.0772318	-0.109639	3.51772	1.59739	0.454097	-0.38162	1.62794	3.87816	1.72888	0.445799	32.5863	0.046326	0.449746	0.185026	0.0173733
20070	-0.164632	-0.133115	3.58548	1.59367	0.444479	-0.277835	1.70119	3.57908	1.69397	0.473296	262.557	0.00640753	0.458875	0.203813	0.0175942
20071	-0.184423	-0.198088	3.37492	1.60649	0.476008	-0.378753	1.6836	3.62807	1.75838	0.48466	93.76	0.0188819	0.48049	0.208359	0.017994
20072	-0.167879	-0.25608	3.89138	1.71999	0.442	-0.313168	1.68617	3.40295	1.65646	0.486772	178.71	0.0105544	0.462887	0.218416	0.0183429
20073	-0.271395	-0.272708	3.79751	1.74848	0.460428	-0.304513	1.73584	3.47168	1.65255	0.47601	3678.33	0.000548385	0.46787	0.22881	0.0182749
20074	-0.385248	-0.279001	3.69617	1.66373	0.450123	-0.286628	1.74739	4.06991	1.79034	0.439896	422.2	0.00486291	0.444764	0.229199	0.018542
20075	-0.445291	-0.332818	3.63793	1.61256	0.443264	-0.233435	1.78419	3.6778	1.77078	0.481477	99.8541	0.0224414	0.462475	0.24887	0.0190663
20076	-0.365704	-0.295178	3.65768	1.67976	0.459241	-0.279958	1.73314	3.73425	1.74958	0.468522	559.554	0.00367621	0.46393	0.230809	0.0191682
20077	-0.228188	-0.287947	3.53809	1.59234	0.450058	-0.287226	1.77892	3.62985	1.82952	0.504022	1225.65	0.00174273	0.477385	0.237958	0.0196152
20078	-0.215102	-0.273436	3.54134	1.66471	0.470079	-0.165498	1.77438	3.50067	1.5848	0.452713	1704.36	0.00123024	0.461446	0.244022	0.0200503
20079	-0.204587	-0.269074	3.69947	1.72621	0.466609	-0.161663	1.81436	3.5579	1.63111	0.458446	2355.85	0.000921259	0.462607	0.244364	0.0203281
20080	-0.265544	-0.27538	3.81142	1.79441	0.470799	-0.137883	1.82447	3.35198	1.59091	0.474617	270.558	0.0081487	0.472585	0.245732	0.0204308
20081	-0.364082	-0.385238	4.03901	1.7039	0.421861	-0.145148	1.78634	3.99427	1.68539	0.421952	98.3836	0.0239662	0.421906	0.258169	0.020729
20082	-0.313011	-0.331719	3.66437	1.62845	0.444401	-0.237366	1.80287	4.20154	1.82195	0.433638	796.299	0.00286104	0.438652	0.248294	0.0207726
20083	-0.344235	-0.378631	3.65034	1.60973	0.44098	-0.13257	1.8258	4.1485	1.96774	0.474326	108.466	0.0224011	0.458718	0.253599	0.0208842
20084	-0.35024	-0.326053	3.55657	1.66773	0.468915	-0.0900034	1.9098	3.8173	1.76756	0.463039	73.8158	0.0338614	0.465873	0.266852	0.0212647
20085	-0.408984	-0.35613	3.76328	1.7504	0.465128	0.0806771	1.9843	3.69343	1.7221	0.466262	22.8456	0.119884	0.465689	0.282925	0.0215502
20086	-0.413627	-0.448752	3.54861	1.77517	0.500245	0.0206757	2.05586	3.791	1.60305	0.422856	33.258	0.0943096	0.460273	0.317156	0.0217936
20087	-0.27856	-0.357103	3.59327	1.7962	0.499879	0.0114942	2.05919	3.50209	1.51905	0.433756	69.3968	0.0420658	0.467242	0.305793	0.0220872
20088	-0.238908	-0.266881	3.66934	1.78086	0.485336	-0.0575874	2.01821	3.80118	1.73389	0.456145	158.824	0.0164385	0.470483	0.270922	0.0221509
20089	-0.345138	-0.321468	3.91949	1.71206	0.436807	0.0722842	2.02881	3.58929	1.75766	0.489697	31.7021	0.0871208	0.462089	0.284795	0.0225671
20090	-0.305366	-0.319538	3.93745	1.80494	0.458404	0.0704414	2.04599	3.68315	1.65147	0.448385	39.6209	0.0706158	0.453562	0.288224	0.0227124
20091	-0.353219	-0.339909	3.76269	1.85484	0.492956	0.0156852	2.06891	3.43147	1.64432	0.479187	42.6363	0.0680452	0.486389	0.293168	0.0229177
20092	-0.327496	-0.310114	3.86621	1.77043	0.457924	0.0566165	2.09616	3.60335	1.71735	0.476598	39.2441	0.0737713	0.466932	0.293406	0.0230763
20093	-0.237939	-0.309964	3.56942	1.88813	0.528976	0.102785	2.12396	3.69109	1.70433	0.46174	51.0279	0.0580464	0.494795	0.292014	0.023372
20094	-0.371145	-0.326471	3.97751	1.91145	0.480564	0.145247	2.11248	3.78173	1.76616	0.467025	22.3072	0.13333	0.473965	0.28804	0.023588
20095	-0.297752	-0.296868	3.82179	1.84583	0.482974	0.0588509	2.11077	3.54514	1.77367	0.500311	45.5839	0.063583	0.491317	0.286011	0.0237917
20096	-0.42694	-0.335837	3.74347	1.84008	0.491544	0.171463	2.14294	3.88593	1.77003	0.455497	17.1589	0.179043	0.473184	0.298595	0.0238784
20097	-0.333084	-0.285804	3.67298	1.74015	0.473771	0.240341	2.22422	3.70987	1.78787	0.481922	19.1603	0.164408	0.477866	0.308755	0.0237749
20098	-0.177238	-0.240568	3.6013	1.63057	0.452772	0.320109	2.2752	3.7422	1.73084	0.462519	25.5872	0.123677	0.457739	0.320169	0.0240844
20099	-0.381316	-0.305256	3.70708	1.74456	0.470602	0.292367	2.28195	3.88926	1.77268	0.455788	14.7486	0.226925	0.463017	0.322499	0.024526
20100	-0.224456	-0.237102	4.04273	1.81182	0.448167	0.373322	2.33127	3.57892	1.74715	0.488177	18.4602	0.178669	0.466955	0.316757	0.0247139
20101	-0.310845	-0.276237	3.38238	1.7327	0.512272	0.221747	2.27077	3.84413	1.73521	0.451394	22.8702	0.141828	0.479888	0.318753	0.0248444
20102	-0.267916	-0.24662	3.80006	1.78274	0.469133	0.361393	2.28145	3.81944	1.78973	0.468584	16.138	0.198015	0.468858	0.309141	0.0252759
20103	-0.158502	-0.164146	3.51876	1.76437	0.501419	0.330165	2.25051	3.74557	1.81029	0.483315	24.4164	0.119398	0.492084	0.289759	0.0255276
20104	-0.182012	-0.227373	3.59202	1.81092	0.504152	0.292183	2.3368	3.67016	1.73803	0.473557	29.2402	0.112431	0.48869	0.316658	0.0262846
20105	-0.159951	-0.230148	3.92143	1.81334	0.462419	0.272773	2.34691	3.75162	1.75402	0.467537	35.467	0.0936252	0.464921	0.317708	0.026287
20106	-0.329709	-0.275039	4.01731	1.73759	0.432526	0.427201	2.39612	3.77744	1.63218	0.432086	12.4541	0.286456	0.432312	0.34624	0.0265421
20107	-0.22913	-0.292044	3.70861	1.77154	0.477684	0.285608	2.32505	3.5582	1.6562	0.46546	25.8505	0.132477	0.471698	0.333241	0.0265804
20108	-0.281436	-0.271398	3.89947	1.6651	0.427008	0.274174	2.35888	3.64321	1.67437	0.459586	22.4111	0.154351	0.442743	0.341317	0.0265189
20109	-0.280562	-0.32538	3.75769	1.62938	0.433611	0.463878	2.36963	3.50183	1.66237	0.474716	13.1057	0.277095	0.453439	0.355623	0.0268911
20110	-0.422015	-0.318295	3.79488	1.84672	0.486634	0.348313	2.36872	3.68124	1.68009	0.456393	12.1672	0.296703	0.471743	0.338649	0.0272053
20111	-0.234141	-0.227477	3.67903	1.58077	0.429672	0.552185	2.48392	3.83345	1.80891	0.471876	11.8899	0.309155	0.451208	0.351693	0.0276125
20112	-0.242725	-0.227597	3.67336	1.77317	0.482712	0.412841	2.45845	3.57839	1.75436	0.490265	16.7878	0.214883	0.486439	0.33844	0.0279168
20113	-0.166581	-0.197227	3.73531	1.71633	0.459487	0.364445	2.36847	3.95761	1.83455	0.463551	23.3442	0.140994	0.461578	0.316797	0.0278858
20114	-0.164188	-0.15887	3.70829	1.67442	0.451535	0.342364	2.36805	3.97664	1.71497	0.431261	24.8849	0.128297	0.441044	0.32029	0.028224
20115	-0.173531	-0.102889	3.88923	1.70982	0.43963	0.340621	2.33996	3.81745	1.8672	0.489123	22.574	0.132176	0.464146	0.294423	0.0284083
20116	-0.26211	-0.150255	3.88109	1.72713	0.445011	0.335184	2.30649	3.80463	1.78895	0.470202	16.9178	0.17838	0.457481	0.300385	0.0287678
20117	-0.0972827	-0.109975	3.42998	1.68887	0.492385	0.405815	2.39457	3.60598	1.68239	0.466556	24.783	0.126554	0.479147	0.31759	0.0288968
20118	-0.0435575	-0.0372351	3.92748	1.82002	0.463408	0.406148	2.35061	3.61291	1.75681	0.486259	28.1941	0.101117	0.474356	0.285063	0.0291134
20119	-0.109487	-0.0505191	3.82582	1.81749	0.47506	0.388504	2.39539	3.82247	1.7655	0.461875	24.1233	0.123997	0.46847	0.294597	0.0292996
20120	-0.12988	-0.0939404	3.66458	1.77298	0.483814	0.422823	2.43586	3.70702	1.74672	0.471192	20.9502	0.15274	0.477467	0.312622	0.0295195
20121	0.00021587	-0.0244842	3.54374	1.80485	0.509307	0.390653	2.42903	3.66339	1.7742	0.484304	39.4888	0.0762206	0.496598	0.296118	0.0298841
20122	-0.0872895	-0.0863973	3.57232	1.67466	0.468789	0.336903	2.34355	3.57581	1.64313	0.459512	32.8146	0.0899696	0.464148	0.308028	0.0301201
20123	-0.0873055	-0.0563692	3.5606	1.71213	0.480855	0.324851	2.32503	3.55606	1.64116	0.46151	33.3841	0.0849366	0.471189	0.297264	0.0303702
20124	-0.0651879	-0.0466614	3.83711	1.80369	0.470066	0.41032	2.36086	3.66009	1.69661	0.463543	25.6345	0.113054	0.466881	0.292878	0.0307937
20125	-0.136632	-0.115695	3.95759	1.75172	0.442624	0.344707	2.34004	3.89909	1.79102	0.459342	26.0293	0.115844	0.450921	0.298628	0.0308982
20126	-0.00320678	-0.0655336	3.94036	1.7919	0.454755	0.335859	2.33799	3.93103	1.82955	0.465411	50.2492	0.0574828	0.460077	0.285203	0.0311782
20127	-0.0446548	-0.0531973	3.9669	1.86819	0.470945	0.4326	2.40671	3.78878	1.89088	0.499074	26.5666	0.113886	0.484687	0.287056	0.0314154
20128	-0.0231458	-0.0897837	3.77492	1.86587	0.494281	0.446423	2.4166	4.06595	1.76897	0.435069	28.4902	0.110247	0.463576	0.301813	0.0318354
20129	-0.0446363	-0.0831969	3.91162	1.84884	0.472652	0.334854	2.37785	3.68181	1.70005	0.461743	42.0569	0.0720065	0.467363	0.299169	0.0321226
20130	-0.0407811	-0.064555	3.3594	1.7084	0.508542	0.386724	2.44511	3.8969	1.79063	0.459501	34.4627	0.0913803	0.482205	0.310458	0.0323571
20131	0.00979318	-0.0520368	3.73431	1.67778	0.449288	0.552609	2.46667	3.53928	1.73205	0.489378	21.5303	0.147324	0.468795	0.317569	0.0324051
20132	-0.0598195	-0.125271	3.72966	1.59166	0.426756	0.594185	2.53836	3.86589	1.67683	0.43375	16.5878	0.213861	0.430316	0.351891	0.032282
20133	-0.213983	-0.184643	3.46837	1.61236	0.464877	0.517982	2.51821	3.68889	1.72671	0.468085	13.6354	0.267886	0.46653	0.353687	0.0326773
20134	-0.206079	-0.208898	3.34389	1.60638	0.480392	0.543652	2.58259	3.91397	1.85137	0.473018	13.8632	0.281048	0.476415	0.360484	0.03307
20135	-0.0864069	-0.161102	3.61052	1.55932	0.431883	0.56324	2.61896	3.46438	1.75646	0.507007	18.3127	0.21102	0.468669	0.368294	0.0334413
20136	-0.224139	-0.192323	3.63078	1.70585	0.46983	0.630465	2.57894	3.65384	1.61568	0.442186	10.5154	0.365174	0.455964	0.366419	0.0334378
20137	-0.213457	-0.21328	3.5243	1.61319	0.457735	0.590796	2.60037	3.51467	1.67527	0.47665	12.2392	0.323412	0.467179	0.375839	0.0335562
20138	-0.107659	-0.126334	3.6398	1.63347	0.448781	0.667088	2.64749	4.04793	1.68544	0.416371	12.8185	0.300117	0.431716	0.367031	0.0336866
20139	-0.190068	-0.149546	3.62267	1.73957	0.480188	0.62916	2.63152	3.83491	1.76286	0.459687	11.5243	0.335567	0.469646	0.355814	0.0338269
20140	-0.246368	-0.214196	3.62891	1.62893	0.448877	0.662867	2.598	3.7001	1.7133	0.463043	9.56624	0.413353	0.456029	0.371801	0.0340685
20141	-0.335955	-0.26513	3.54496	1.61707	0.456159	0.587531	2.63318	3.60359	1.69867	0.471382	9.84985	0.426413	0.463833	0.387884	0.0343805
20142	-0.168165	-0.220051	3.65866	1.64199	0.448795	0.552401	2.54491	3.82781	1.66048	0.433793	14.7242	0.259608	0.441124	0.366698	0.0343644
20143	-0.196081	-0.22844	3.65826	1.66714	0.45572	0.617217	2.57478	3.35419	1.62369	0.484077	11.8799	0.330727	0.469283	0.373929	0.0345328
20144	-0.276319	-0.253521	3.5962	1.70219	0.473331	0.573774	2.5885	3.72937	1.70585	0.457411	11.1769	0.361329	0.465226	0.372173	0.0345974
20145	-0.186542	-0.185566	3.40016	1.60357	0.471616	0.606773	2.57417	3.43473	1.65268	0.481169	12.1016	0.314675	0.476416	0.369095	0.0347369
20146	-0.146537	-0.168838	3.50497	1.74135	0.496823	0.607295	2.59453	3.61778	1.51953	0.420019	13.4378	0.284131	0.457813	0.369376	0.0347105
20147	-0.14956	-0.226724	3.88157	1.8219	0.469371	0.539118	2.5491	3.4832	1.61548	0.463792	16.2462	0.237139	0.466733	0.359253	0.0349486
20148	-0.184611	-0.283447	3.55223	1.74827	0.492161	0.570986	2.57465	3.65386	1.5247	0.417286	14.3078	0.285463	0.454196	0.384337	0.0353732
20149	-0.276478	-0.279151	3.8506	1.80756	0.469424	0.656247	2.60606	3.69339	1.69393	0.458637	9.56857	0.434988	0.464143	0.372902	0.0355913
20150	-0.268495	-0.241068	3.62109	1.79564	0.495884	0.625647	2.60731	3.84974	1.74234	0.452586	10.148	0.399746	0.473572	0.364508	0.0354641
20151	-0.220623	-0.267629	3.6486	1.675	0.459082	0.60973	2.59391	3.80216	1.70886	0.449446	11.8761	0.344742	0.454165	0.377048	0.0357145
20152	-0.219766	-0.309085	3.60083	1.61603	0.448793	0.542419	2.58019	3.48008	1.66463	0.47833	14.37	0.290463	0.46331	0.388927	0.0359462
20153	-0.344524	-0.277394	3.47456	1.6868	0.485472	0.648471	2.60875	3.52004	1.72729	0.4907	8.44774	0.49302	0.488103	0.378984	0.03597
20154	-0.196212	-0.204277	3.81118	1.74319	0.457389	0.488496	2.54591	3.37834	1.8176	0.538014	16.133	0.234412	0.495275	0.346959	0.03605
20155	-0.16612	-0.18382	3.81373	1.73323	0.454472	0.585509	2.54133	3.9903	1.83931	0.460947	13.1454	0.282473	0.457783	0.342083	0.0366518
20156	-0.165818	-0.193099	3.54633	1.71834	0.484541	0.471437	2.50424	3.91909	1.81232	0.462433	17.9162	0.203047	0.472935	0.340123	0.0365894
20157	-0.0898569	-0.0984615	3.69506	1.6838	0.455689	0.505674	2.48586	3.98762	1.96683	0.493235	18.8315	0.177328	0.475177	0.313939	0.0369397
20158	-0.0531955	-0.0473529	3.72356	1.6639	0.446857	0.424755	2.45989	3.88573	1.77663	0.45722	27.5187	0.114218	0.452149	0.313663	0.0371791
20159	0.00755409	-0.0133931	3.84332	1.68159	0.437535	0.471974	2.48536	3.64877	1.7763	0.48682	28.9485	0.107843	0.461538	0.311125	0.0371182
20160	-0.0218537	0.00206259	3.88476	1.64909	0.424501	0.430806	2.42554	3.80003	1.83082	0.481791	28.6637	0.10245	0.45283	0.296839	0.0372224
20161	0.0566245	0.0254673	4.03548	1.92376	0.476712	0.468616	2.47012	3.68201	1.78464	0.484692	35.2093	0.0848686	0.480519	0.287289	0.0373479
20162	-0.0703196	0.00993961	4.06839	1.85067	0.45489	0.461675	2.48219	3.81483	1.67503	0.439083	21.5958	0.141509	0.447241	0.302458	0.0374607
20163	-0.0286143	-0.0383114	3.57687	1.6557	0.462892	0.421457	2.45118	3.63214	1.65982	0.456982	30.5955	0.101282	0.459914	0.31859	0.0378033
20164	-0.0287761	-0.0225663	3.44363	1.69753	0.492947	0.599158	2.55505	3.80172	1.70504	0.44849	16.8503	0.19715	0.46962	0.328143	0.0381203
20165	-0.0221398	-0.0470761	3.71115	1.72913	0.465929	0.536333	2.5187	3.72364	1.62252	0.435735	21.1073	0.155946	0.450807	0.329439	0.0383979
20166	-0.105319	-0.083123	3.44261	1.60423	0.465992	0.459807	2.48566	3.77293	1.62959	0.431915	20.6618	0.159683	0.448174	0.337917	0.0383509
20167	-0.0527112	-0.0662808	3.67327	1.73067	0.471152	0.376433	2.47892	3.6901	1.84072	0.498827	35.1754	0.0920825	0.485021	0.312099	0.0386114
20168	-0.013034	-0.0460044	3.63415	1.75469	0.482835	0.531652	2.5064	3.79331	1.87226	0.493569	21.9586	0.148342	0.488317	0.310001	0.0390871
20169	0.0628319	0.00500016	3.5491	1.71003	0.481821	0.407415	2.48573	3.7314	1.73688	0.465476	51.8288	0.0593687	0.473444	0.308708	0.0393826
20170	-0.0317345	-0.0515601	3.82637	1.62398	0.424417	0.429711	2.49855	3.46228	1.61963	0.467794	30.5406	0.106466	0.445022	0.333987	0.0398565
20171	-0.0499945	-0.0715034	3.75103	1.60138	0.426916	0.567183	2.49062	3.814	1.73494	0.454887	17.2337	0.190454	0.441018	0.329822	0.0399858
20172	-0.0673873	-0.0342741	3.39568	1.645	0.48444	0.459496	2.49046	3.70509	1.69726	0.458089	22.9615	0.138803	0.47069	0.322966	0.0402787
20173	-0.0597985	-0.0864667	3.71002	1.69593	0.457121	0.644511	2.54696	3.85879	1.74988	0.453478	13.9803	0.248026	0.455264	0.33484	0.0406647
20174	0.010799	-0.0138066	3.64562	1.70089	0.466557	0.574029	2.5505	3.65286	1.68914	0.462416	20.7284	0.158614	0.464485	0.326675	0.0412826
20175	-0.00776665	-0.0212717	3.70267	1.7488	0.472307	0.566784	2.55013	3.6225	1.67857	0.463373	20.0302	0.165054	0.467889	0.325484	0.0415939
20176	-0.0131713	-0.00371669	3.44419	1.61141	0.467864	0.505742	2.51962	3.5898	1.6747	0.466517	23.6461	0.134636	0.467177	0.326438	0.0415657
20177	0.0161603	-0.0295827	3.87615	1.52531	0.393513	0.52025	2.51894	3.79593	1.70575	0.449362	25.5599	0.127053	0.421145	0.334572	0.0418875
20178	-0.0483652	-0.0240722	3.72383	1.63013	0.437756	0.635844	2.595	3.50573	1.78665	0.509638	14.6527	0.234071	0.472613	0.334289	0.0416211
20179	0.00740239	-0.0469072	3.88027	1.78772	0.46072	0.549459	2.49622	3.59826	1.69402	0.470789	22.0114	0.146913	0.465565	0.317229	0.0418078
20180	-0.0559912	-0.0753506	3.38812	1.56418	0.461666	0.507831	2.54614	3.84484	1.5882	0.413074	21.6177	0.158948	0.435836	0.352865	0.0421951
20181	-0.105864	-0.103767	3.51273	1.65619	0.471482	0.583733	2.53797	3.50704	1.55396	0.443098	14.6754	0.237772	0.457302	0.352233	0.0426898
20182	-0.124015	-0.113613	3.29928	1.61861	0.490594	0.573972	2.59802	3.67865	1.66991	0.453946	15.0927	0.243593	0.471274	0.358673	0.0427512
20183	-0.12271	-0.0885321	3.94194	1.75032	0.444025	0.645061	2.62655	3.4643	1.68522	0.486452	12.5055	0.294736	0.46387	0.349253	0.0427297
20184	-0.152203	-0.0944793	3.72552	1.76477	0.473698	0.631892	2.6301	3.60358	1.79456	0.497994	12.0743	0.307402	0.485644	0.342824	0.0428344
20185	-0.0629843	-0.0868927	3.59401	1.73613	0.483064	0.667913	2.60404	3.57717	1.67007	0.466868	13.5548	0.267105	0.474985	0.347145	0.0433171
20186	-0.0244226	-0.0214003	3.64888	1.82058	0.498941	0.801709	2.70374	3.89516	1.68593	0.432827	10.8813	0.341247	0.464805	0.346293	0.0432528
20187	0.0923952	0.0104914	3.80784	1.77201	0.465357	0.653147	2.6796	3.44153	1.611	0.468105	22.6565	0.157221	0.466661	0.345006	0.0436819
20188	-0.137008	-0.0986646	3.81848	1.76103	0.461185	0.662366	2.64419	3.85598	1.77148	0.459413	11.7735	0.319499	0.460295	0.347555	0.0440422
20189	-0.162648	-0.17615	4.06297	1.913	0.470837	0.644348	2.61763	3.8176	1.73509	0.454498	11.9851	0.325621	0.462922	0.348598	0.0440945
20190	-0.213203	-0.273258	3.85716	1.85525	0.480987	0.683162	2.65704	3.56625	1.66112	0.465788	10.6869	0.401735	0.473685	0.379183	0.0449786
20191	-0.34458	-0.263764	3.87269	1.74562	0.450752	0.555504	2.62004	3.5802	1.63631	0.457045	10.2651	0.405076	0.453775	0.380831	0.0451564
20192	-0.304828	-0.332517	3.89322	1.67965	0.431429	0.59921	2.61884	3.64669	1.66766	0.457309	10.6579	0.408642	0.443946	0.394264	0.0452583
20193	-0.258961	-0.295122	3.48338	1.60401	0.460474	0.631417	2.65681	3.65895	1.61601	0.441658	10.9917	0.396386	0.450835	0.403655	0.0453624
20194	-0.169113	-0.204734	3.60249	1.66978	0.463507	0.634061	2.65305	3.73942	1.69966	0.454525	12.6602	0.322544	0.458932	0.377435	0.0453764
20195	-0.13042	-0.198335	3.36682	1.65802	0.492459	0.611475	2.66002	3.40528	1.67571	0.49209	14.8439	0.275204	0.492273	0.380037	0.0455706
20196	-0.230781	-0.226801	3.63457	1.54652	0.425502	0.679906	2.66258	3.60502	1.69515	0.470219	10.0664	0.414675	0.44777	0.39179	0.0460089
20197	-0.255489	-0.22782	3.52854	1.65702	0.469605	0.56631	2.61846	3.47355	1.64181	0.47266	11.9956	0.337676	0.471121	0.380521	0.0464193
20198	-0.197985	-0.203558	3.65145	1.58418	0.433849	0.566494	2.62028	3.79277	1.64455	0.433602	13.6442	0.292215	0.433723	0.381854	0.046701
20199	-0.0725926	-0.0810715	3.53597	1.59633	0.451453	0.721516	2.67756	3.59455	1.63829	0.45577	12.0678	0.315305	0.453629	0.370462	0.047029
20200	-0.087612	-0.0555264	3.54297	1.67923	0.473962	0.734497	2.73867	3.69144	1.80054	0.48776	11.5519	0.337932	0.481003	0.359468	0.0474696
20201	0.0043388	-0.0168441	3.26957	1.36708	0.418121	0.782874	2.83406	3.66153	1.69231	0.462186	13.4094	0.303059	0.4414	0.399215	0.0476224
20202	-0.133391	-0.085545	3.52076	1.53057	0.434728	0.746969	2.81578	3.72882	1.65777	0.444583	10.8611	0.387517	0.439797	0.397724	0.047567
20203	-0.0562166	-0.0739626	3.39082	1.51253	0.446067	0.895836	2.79999	3.5376	1.71415	0.484551	9.11249	0.453202	0.465717	0.390343	0.0477431
20204	-0.147144	-0.10502	3.8237	1.6809	0.4396	0.712794	2.76137	3.60518	1.65324	0.458574	11.1106	0.369747	0.448808	0.381332	0.048034
20205	-0.0953706	-0.0743952	3.84104	1.70198	0.443103	0.729137	2.74474	3.87625	1.96556	0.507077	11.6908	0.339906	0.475236	0.3515	0.0483649
20206	-0.162036	-0.189546	3.70784	1.62309	0.437746	0.771217	2.8007	4.12392	1.8542	0.449621	10.2663	0.435481	0.443999	0.391422	0.0486613
20207	-0.21528	-0.198678	3.83675	1.69681	0.442253	0.888455	2.89564	3.73677	1.83807	0.491888	7.85959	0.609116	0.466743	0.403877	0.0491118
20208	-0.226786	-0.198277	3.73604	1.80909	0.484226	0.916838	2.90691	3.954	1.89434	0.479095	7.37242	0.653937	0.481588	0.394388	0.049442
20209	-0.265144	-0.267377	3.88212	1.76613	0.454941	0.728918	2.81593	3.63998	1.80386	0.495569	9.62072	0.494079	0.474601	0.399787	0.0497267
20210	-0.241103	-0.301609	3.96877	1.78452	0.44964	0.818529	2.83322	3.84628	1.81741	0.472512	8.75218	0.56141	0.460897	0.405616	0.0499489
20211	-0.367908	-0.359917	3.91581	1.89339	0.483523	0.841845	2.86094	3.7491	1.73032	0.46153	7.0884	0.731751	0.472766	0.417268	0.0501866
20212	-0.436374	-0.360601	3.9747	1.88426	0.474064	0.871881	2.85271	3.84112	1.7579	0.457652	6.03283	0.855767	0.465998	0.414895	0.0501039
20213	-0.390517	-0.316956	3.79205	1.82341	0.480851	0.860909	2.89163	3.80204	1.71275	0.450483	6.57379	0.783034	0.465647	0.421364	0.0503217
20214	-0.172083	-0.222186	4.08897	1.83719	0.449305	0.917512	2.87604	3.95118	1.75466	0.444085	8.08532	0.593609	0.44674	0.40064	0.0504584
20215	-0.251709	-0.252371	3.50552	1.75409	0.500378	0.865473	2.89009	3.88805	1.69136	0.435015	7.91212	0.624047	0.466006	0.417551	0.05134
20216	-0.239357	-0.289816	3.70383	1.74491	0.47111	0.875904	2.8525	3.79531	1.75296	0.461876	7.93868	0.621904	0.466436	0.413862	0.0516343
20217	-0.217177	-0.286893	3.71293	1.72876	0.465604	0.7479	2.76987	3.46296	1.5667	0.452415	10.0323	0.465686	0.459239	0.41493	0.0526063
20218	-0.217002	-0.23176	3.78221	1.6572	0.438156	0.752165	2.75621	3.52859	1.61719	0.458311	9.50506	0.469642	0.447884	0.405467	0.052487
20219	-0.198274	-0.202375	3.73471	1.64207	0.439679	0.77428	2.76156	3.50991	1.66893	0.475492	9.28771	0.472931	0.45703	0.398909	0.052475
20220	-0.238877	-0.183283	3.6191	1.56918	0.433584	0.821985	2.84332	3.64866	1.56117	0.427875	8.13939	0.562714	0.430718	0.422612	0.0526575
20221	-0.100503	-0.140919	3.54347	1.5289	0.43147	0.941846	2.91248	3.68072	1.61288	0.438197	8.58109	0.543245	0.434897	0.426029	0.052799
20222	-0.0741243	-0.0592775	3.74527	1.50524	0.401905	0.919203	2.91229	3.51114	1.5161	0.431797	8.94924	0.493349	0.416369	0.422305	0.0529566
20223	-0.0998411	-0.0438649	3.49982	1.52504	0.435748	0.965619	2.95419	3.37278	1.48754	0.441042	7.91779	0.567603	0.438346	0.427352	0.0532241
20224	-0.0486464	-0.0597006	3.6094	1.6555	0.458665	0.974797	3.01281	3.6447	1.56256	0.428721	9.01278	0.523718	0.44362	0.423216	0.0537615
20225	-0.0302127	-0.041579	3.655	1.64807	0.450908	0.985243	3.00774	3.66944	1.65912	0.452145	9.01743	0.515575	0.451528	0.412884	0.0539563
20226	-0.0788177	-0.112346	3.65007	1.7419	0.477225	1.03	3.02594	3.6613	1.65129	0.451012	8.01066	0.614733	0.464098	0.420624	0.0540956
20227	-0.129837	-0.127816	3.3678	1.65329	0.490911	0.934846	2.98331	3.82034	1.77811	0.465434	8.53877	0.566775	0.47737	0.413675	0.0545426
20228	0.102929	0.0978855	3.86611	1.70757	0.441676	1.21231	3.24269	3.6648	1.74122	0.475121	8.03573	0.615365	0.457951	0.417678	0.0547775
20229	0.0833937	0.0201119	3.98072	1.83431	0.460797	1.24597	3.22886	3.52739	1.65742	0.46987	7.6177	0.675797	0.46506	0.424475	0.0548299
20230	0.097073	0.0374427	3.44023	1.82718	0.531121	1.19977	3.2378	3.67506	1.54391	0.420105	8.42335	0.607968	0.473781	0.431801	0.054888
20231	0.0549689	0.0282945	3.61261	1.79195	0.496026	1.21988	3.19679	3.3157	1.4284	0.430798	7.39816	0.678505	0.46481	0.438127	0.055149
20232	0.0890754	0.00807584	3.6299	1.66572	0.45889	1.11446	3.21188	3.64296	1.62023	0.444756	9.7624	0.525708	0.451811	0.438618	0.0553393
20233	-0.00474052	-0.0496676	3.61595	1.74295	0.482017	1.23265	3.26868	3.91668	1.67371	0.427329	7.19171	0.765565	0.453581	0.446327	0.0552175
20234	-0.0894785	-0.072555	3.8809	1.74653	0.450033	1.22107	3.17821	3.65661	1.70385	0.465965	6.15264	0.858773	0.457762	0.433766	0.0551808
20235	-0.0211343	-0.066481	3.6311	1.76433	0.485895	1.24112	3.21937	3.64002	1.74992	0.480745	6.77644	0.796642	0.483317	0.434535	0.0551899
20236	-0.0501175	-0.0504289	3.87581	1.82389	0.470581	1.16192	3.18308	3.64781	1.6558	0.453917	7.11739	0.734511	0.462502	0.429082	0.0552296
20237	-0.00882216	-0.0733374	3.61262	1.6791	0.464787	1.1633	3.18239	3.75676	1.59793	0.425347	7.71526	0.686933	0.444681	0.447222	0.055485
20238	-0.0603296	-0.0824883	3.91257	1.7487	0.446945	1.19952	3.19419	3.35541	1.48009	0.441107	6.76443	0.793608	0.44425	0.454069	0.05572
20239	-0.148641	-0.114371	3.84674	1.73724	0.451613	1.21002	3.20505	3.73892	1.57569	0.421429	5.96904	0.922976	0.436735	0.454119	0.0557078
20240	-0.152303	-0.148907	3.6153	1.65937	0.458986	1.30513	3.2579	3.60663	1.49875	0.415555	5.46408	1.06206	0.437296	0.478958	0.0556596
20241	-0.185521	-0.180249	3.51123	1.60385	0.456778	1.41534	3.36835	3.52416	1.6004	0.454124	4.91368	1.28138	0.455449	0.495708	0.0559277
20242	-0.120879	-0.107676	3.53739	1.58457	0.44795	1.33871	3.38857	3.44656	1.61409	0.46832	5.73774	1.06521	0.458002	0.488715	0.0558125
20243	-0.0959002	-0.0639643	3.42265	1.58341	0.462629	1.37662	3.44219	3.75249	1.69415	0.451473	5.66943	1.08416	0.456794	0.484043	0.0560344
20244	-0.127879	-0.087318	3.5039	1.65179	0.471414	1.37586	3.43485	3.92262	1.81328	0.462263	5.48626	1.13061	0.466581	0.472434	0.0563107
20245	-0.0409598	-0.0431658	4.1033	1.88507	0.459405	1.5119	3.50815	3.80941	1.91563	0.502868	5.23017	1.20568	0.480329	0.453548	0.0564914
20246	-0.0110064	-0.0612384	3.69779	1.74444	0.471751	1.49256	3.5641	3.75536	1.75857	0.468282	5.81371	1.13035	0.470003	0.484125	0.0567792
20247	-0.0850146	-0.0736594	3.62043	1.75618	0.485075	1.52399	3.55067	3.6652	1.77626	0.484628	5.07391	1.29444	0.48485	0.481896	0.0571513
20248	-0.0306008	-0.0791203	3.8225	1.76879	0.462729	1.58155	3.55094	3.7439	1.85795	0.49626	5.07009	1.29951	0.47932	0.476111	0.0573989
20249	-0.089936	-0.0694745	3.87441	1.76335	0.455127	1.47207	3.52257	3.93649	1.81842	0.46194	5.28832	1.21993	0.458561	0.473971	0.0573771
20250	-0.000521044	-0.0357318	3.82552	1.76063	0.460233	1.60135	3.59682	4.06376	1.91363	0.470902	5.14244	1.283	0.465729	0.473207	0.0576814
20251	0.0158846	-0.0289684	3.83782	1.80677	0.470781	1.53452	3.55256	3.96185	1.74588	0.440673	5.562	1.15312	0.455488	0.474544	0.0581619
20252	-0.0957183	-0.055577	3.70948	1.73854	0.468675	1.43502	3.52896	3.6721	1.76592	0.480902	5.48355	1.17159	0.474758	0.47837	0.0583206
20253	-0.0682401	-0.0767307	3.54512	1.64156	0.463047	1.47021	3.43462	3.37422	1.70457	0.505174	5.20932	1.18341	0.48359	0.479612	0.0585763
20254	-0.0441434	-0.0319087	3.59123	1.50649	0.419492	1.5461	3.46101	3.21932	1.5927	0.494733	4.82449	1.26443	0.455058	0.496134	0.0586752
20255	0.00425029	0.0186955	3.42587	1.46987	0.42905	1.37922	3.39572	3.71052	1.68763	0.454824	6.03226	0.945273	0.442451	0.474625	0.0591092
20256	0.117422	0.0769136	3.53355	1.56546	0.443026	1.3998	3.4356	3.65901	1.71547	0.468835	6.85977	0.822243	0.456156	0.462366	0.0595037
20257	0.112807	0.0729892	3.76897	1.63736	0.43443	1.46725	3.45528	4.02689	1.78818	0.44406	6.23596	0.917254	0.439405	0.455135	0.0601042
20258	0.0558975	0.117426	3.84882	1.75519	0.456033	1.36737	3.41395	3.70173	1.82636	0.49338	6.31817	0.859983	0.474343	0.431471	0.0603962
20259	0.0881855	0.0908585	3.73049	1.63231	0.43756	1.43622	3.39901	3.76383	1.65725	0.440309	6.0224	0.908596	0.438941	0.454186	0.060634
20260	0.180354	0.156021	3.64966	1.63511	0.448018	1.44064	3.41265	3.7186	1.72042	0.462652	6.67719	0.794167	0.455403	0.441514	0.0610437
20261	0.109637	0.144379	3.78553	1.85767	0.490729	1.35546	3.32927	3.8251	1.79308	0.468768	6.53548	0.776036	0.479691	0.410018	0.0612386
20262	0.130824	0.174511	3.90299	1.78546	0.457458	1.31859	3.30228	3.53689	1.75109	0.495093	6.93441	0.70539	0.47535	0.40895	0.0615008
20263	0.199086	0.191309	3.73619	1.58442	0.424075	1.26486	3.29751	3.62059	1.68449	0.465253	8.49426	0.567941	0.44434	0.424714	0.0614606
20264	0.207197	0.178164	3.75951	1.62098	0.431168	1.4245	3.3655	3.62893	1.67086	0.460428	6.85584	0.740908	0.445539	0.435641	0.0612983
20265	0.1327	0.130844	3.57907	1.7387	0.485797	1.34372	3.38042	3.61254	1.66475	0.460824	7.20032	0.733284	0.473253	0.436954	0.0616188
20266	0.171867	0.175322	3.71742	1.73798	0.467524	1.39458	3.35698	3.58928	1.69496	0.47223	6.77111	0.747511	0.469835	0.42448	0.0621151
20267	0.26119	0.200116	3.8698	1.71015	0.441923	1.36576	3.37071	3.84423	1.83297	0.476812	8.23943	0.610033	0.459309	0.415089	0.0623213
20268	0.294206	0.220499	3.5847	1.68418	0.469823	1.33937	3.39506	3.64528	1.6689	0.457826	9.22576	0.546181	0.463774	0.429147	0.0623677
20269	0.250545	0.213267	3.61547	1.72776	0.47788	1.37313	3.36065	3.65092	1.70396	0.46672	7.86071	0.630098	0.472273	0.419285	0.0628337
20270	0.205607	0.222044	3.75555	1.67966	0.447246	1.41707	3.38741	3.32212	1.51414	0.455777	6.82693	0.733827	0.45125	0.439679	0.0630896
20271	0.188667	0.194349	3.612	1.65574	0.458398	1.39111	3.3488	3.77023	1.67347	0.443864	6.88199	0.72294	0.450975	0.427783	0.0632464
20272	0.183052	0.187459	3.62305	1.64063	0.45283	1.29743	3.32992	3.49981	1.80575	0.515958	7.95199	0.620915	0.483848	0.417484	0.0636689
20273	0.0814209	0.142153	3.44796	1.73085	0.501991	1.21288	3.25353	3.61281	1.74228	0.48225	7.56185	0.640098	0.49189	0.410785	0.063827
20274	0.208608	0.13389	3.72962	1.75177	0.46969	1.17725	3.20182	3.83704	1.7871	0.46575	10.0315	0.469133	0.467692	0.399489	0.0640111
20275	0.165844	0.14679	3.96941	1.65492	0.416918	1.15828	3.16476	3.49874	1.64064	0.468923	9.24746	0.492466	0.441281	0.408734	0.0640831
20276	0.0811508	0.15775	3.72848	1.7065	0.457694	1.11392	3.15873	3.80674	1.66152	0.436468	8.44343	0.533307	0.446971	0.400773	0.0639332
20277	-0.000298322	0.0942374	3.60584	1.62432	0.450468	1.14863	3.16524	3.91537	1.6822	0.42964	7.14457	0.660017	0.439625	0.416373	0.0640211
20278	0.17578	0.0957933	3.55983	1.59674	0.448545	1.2504	3.1749	3.5472	1.65133	0.465531	8.20997	0.5774	0.457023	0.421997	0.0644143
20279	0.117352	0.0832412	3.75852	1.58856	0.422656	1.18062	3.17766	3.82812	1.66833	0.435809	8.46975	0.565274	0.429293	0.423758	0.0644785
20280	0.115978	0.0913791	3.77659	1.67606	0.443802	1.13386	3.12187	3.7017	1.58703	0.42873	8.86392	0.518047	0.436342	0.413135	0.0648249
20281	0.185329	0.153237	3.6738	1.75051	0.476484	1.10586	3.12144	3.80039	1.55441	0.409014	10.3971	0.423689	0.442178	0.400042	0.0652471
20282	0.191339	0.161724	3.84996	1.69138	0.439324	1.19187	3.11812	3.60848	1.56601	0.43398	8.73096	0.500533	0.436738	0.401606	0.065379
20283	0.234599	0.223594	3.56975	1.67874	0.470268	1.15038	3.11635	3.49146	1.56582	0.448471	9.97795	0.419326	0.45949	0.392133	0.0654546
20284	0.170288	0.242862	3.85192	1.73789	0.451174	1.16415	3.13799	3.92221	1.77791	0.453292	8.48565	0.493878	0.452243	0.373553	0.0658453
20285	0.235931	0.21761	3.76782	1.79979	0.477675	1.12551	3.11391	3.81968	1.80126	0.471574	10.6003	0.395677	0.474603	0.368152	0.0660783
20286	0.165114	0.174451	3.79016	1.73484	0.457723	1.17149	3.09407	3.76446	1.67275	0.444352	8.41651	0.506395	0.45106	0.384878	0.0661491
20287	0.253128	0.18326	3.74137	1.74918	0.467523	0.973575	3.00888	3.86169	1.82395	0.472319	15.3824	0.259522	0.469959	0.358523	0.0660715
20288	0.221847	0.226234	3.62858	1.8353	0.505789	1.01616	2.99679	3.47952	1.62572	0.467225	12.1661	0.315465	0.486911	0.356805	0.065887
20289	0.290553	0.248766	3.56526	1.72896	0.484947	0.934384	2.98246	3.54638	1.58438	0.446761	18.0283	0.207259	0.465905	0.360672	0.0661498
20290	0.211719	0.264973	3.75403	1.79858	0.479108	0.947817	2.98951	3.57515	1.56934	0.438959	13.6998	0.27092	0.459523	0.355376	0.0660409
20291	0.210388	0.218691	3.74216	1.63342	0.43649	0.990722	2.95794	3.43502	1.60619	0.467593	12.3226	0.30446	0.451376	0.366821	0.0663041
20292	0.257399	0.240655	3.81772	1.73847	0.455368	0.923353	2.92923	3.41269	1.62581	0.476403	16.2988	0.221747	0.465296	0.349558	0.0662893
20293	0.192876	0.243812	3.4644	1.63255	0.471235	0.955458	2.94368	3.67633	1.61229	0.43856	12.5347	0.290766	0.454413	0.359749	0.0665265
20294	0.201931	0.228041	3.67461	1.7596	0.478854	0.864688	2.98399	3.68091	1.61317	0.438254	17.2916	0.219623	0.458537	0.360313	0.0667051
20295	0.267615	0.185361	3.78607	1.79597	0.474363	1.04016	3.04338	3.66892	1.60612	0.437763	13.6862	0.298413	0.456351	0.375211	0.0667034
20296	0.18288	0.22733	3.82232	1.78153	0.466086	1.1159	3.08003	3.30365	1.60481	0.485768	9.34828	0.435263	0.475211	0.375426	0.0667796
20297	0.273803	0.254729	3.6167	1.83224	0.506605	1.12998	3.14442	3.65683	1.65343	0.452148	11.3913	0.366523	0.479226	0.374689	0.0673361
20298	0.286066	0.263536	3.941	1.89357	0.480479	1.26382	3.20691	3.49525	1.63728	0.468431	9.06223	0.477998	0.474816	0.380313	0.0673373
20299	0.290941	0.237417	4.29382	1.91679	0.446408	1.2573	3.24617	3.77015	1.70939	0.453399	9.69378	0.466928	0.449677	0.384398	0.0674869
20300	0.284928	0.219778	3.98395	1.86105	0.467137	1.30192	3.25107	3.75163	1.87168	0.498899	8.88422	0.517137	0.482541	0.381082	0.0672405
20301	0.16608	0.198894	3.77623	1.80669	0.478438	1.1679	3.2422	3.91228	1.69005	0.431986	9.22815	0.501817	0.454801	0.398495	0.0672054
20302	0.151466	0.211845	3.95741	1.80925	0.457181	1.21001	3.18774	3.73642	1.67638	0.448659	7.9034	0.560261	0.453042	0.388564	0.06746
20303	0.176074	0.220347	3.81766	1.78688	0.468055	1.24688	3.20316	3.62951	1.63175	0.449578	7.75948	0.573311	0.45905	0.394294	0.0676706
20304	0.268141	0.208263	3.68589	1.702	0.461763	1.11015	3.13403	3.60063	1.6137	0.448173	12.0738	0.354491	0.455047	0.392371	0.0678488
20305	0.187529	0.183778	3.93174	1.77396	0.45119	1.13292	3.13696	3.64309	1.61819	0.444181	9.75788	0.446883	0.447819	0.391385	0.0677489
20306	0.147093	0.172843	3.67371	1.78672	0.486354	1.16577	3.13343	3.93227	1.82443	0.463965	8.44666	0.51885	0.474779	0.377765	0.0680205
20307	0.0892517	0.148163	3.87928	1.75394	0.452131	1.10752	3.0749	3.56764	1.78039	0.499039	8.2612	0.518434	0.474603	0.377413	0.0680035
20308	0.124824	0.193651	3.6816	1.83041	0.497178	1.09799	3.08027	3.94668	1.6487	0.417744	8.7985	0.473521	0.456081	0.374631	0.0683268
20309	0.140195	0.158136	3.74698	1.82313	0.486561	1.08988	3.07467	3.48571	1.64745	0.47263	9.4313	0.450954	0.479847	0.380053	0.06857
20310	0.220954	0.210099	3.59115	1.65149	0.459879	1.07012	3.05907	3.50853	1.69969	0.484446	11.2562	0.360541	0.47202	0.377261	0.0688377
20311	0.178141	0.217933	3.73366	1.72916	0.463127	1.10877	3.06011	3.49667	1.72739	0.49401	9.32726	0.433032	0.478062	0.368904	0.0689092
20312	0.153751	0.21028	3.6451	1.70946	0.468974	0.964239	2.98862	3.84034	1.75557	0.457138	11.7511	0.328446	0.462902	0.357828	0.0686087
20313	0.260501	0.215162	3.77474	1.7372	0.460218	1.07651	2.99493	3.71331	1.72545	0.464665	11.6044	0.332938	0.462423	0.358221	0.068775
20314	0.346457	0.227702	3.69157	1.70742	0.462519	1.04055	3.05176	4.15748	1.70043	0.409006	16.5543	0.240883	0.434174	0.369229	0.068778
20315	0.196768	0.235077	3.8461	1.5829	0.41156	1.07444	3.08393	4.17735	1.78488	0.427275	10.5359	0.385157	0.419742	0.376081	0.0693907
20316	0.210841	0.200237	3.7097	1.63761	0.441439	1.08723	3.07746	3.60394	1.68529	0.467624	10.7784	0.384029	0.454342	0.383911	0.0696449
20317	0.198969	0.214972	3.54503	1.65499	0.466847	1.00968	2.99114	3.70499	1.63893	0.442359	11.7263	0.328625	0.454333	0.369182	0.0702467
20318	0.185871	0.232252	3.77446	1.66974	0.442379	0.978903	2.99389	3.84232	1.73737	0.452167	12.1269	0.31445	0.447317	0.358929	0.0702756
20319	0.291015	0.22105	3.72628	1.85252	0.49715	0.959382	3.02253	3.81361	1.88672	0.494733	17.569	0.223357	0.495928	0.344257	0.0703383
20320	0.341749	0.228414	3.52061	1.75865	0.49953	1.1102	3.0943	3.68452	1.74149	0.472649	13.9085	0.29526	0.485784	0.369854	0.0699911
20321	0.184419	0.227257	3.76592	1.68492	0.447412	1.17473	3.10312	3.57288	1.77329	0.496319	8.43327	0.490355	0.471222	0.374294	0.0701092
20322	0.205995	0.214037	4.00763	1.75604	0.438175	1.16354	3.10271	3.65214	1.61904	0.443312	9.10084	0.458444	0.440624	0.382107	0.0704011
20323	0.255242	0.152196	3.64274	1.84973	0.507786	1.02117	3.03688	3.53483	1.54651	0.437506	14.1849	0.29332	0.473174	0.379981	0.0707932
20324	0.186173	0.195612	3.5132	1.6646	0.473815	1.02052	3.03278	3.74598	1.68841	0.450727	11.5633	0.348064	0.461901	0.375185	0.070522
20325	0.209482	0.141852	3.56548	1.63061	0.457332	1.10726	3.10362	3.44921	1.59873	0.463506	10.8834	0.403001	0.460368	0.40456	0.070614
20326	0.10485	0.139019	3.65919	1.76701	0.482896	1.05652	3.09732	3.73603	1.61128	0.43128	9.663	0.452837	0.45682	0.393188	0.0708022
20327	0.204007	0.209435	3.58542	1.67043	0.465897	1.14412	3.11069	3.74304	1.69747	0.453501	9.52387	0.441905	0.459566	0.384664	0.0706979
20328	0.210912	0.214336	3.62795	1.70637	0.470341	1.09343	3.13072	3.61113	1.65566	0.458488	10.9205	0.389421	0.464428	0.387544	0.0707408
20329	0.164621	0.203547	3.7033	1.684	0.45473	1.24918	3.23187	3.59362	1.62927	0.45338	7.79652	0.58813	0.454065	0.409093	0.0707632
20330	0.183402	0.196088	3.50664	1.74872	0.498687	1.25256	3.24827	3.77697	1.72475	0.456651	8.14955	0.571555	0.476889	0.401497	0.0708295
20331	0.196433	0.122542	3.35782	1.59753	0.475763	1.24865	3.22355	3.82611	1.52245	0.39791	8.68554	0.553577	0.434299	0.435323	0.0709706
20332	0.13849	0.118061	3.83417	1.71153	0.44639	1.28149	3.24058	3.75693	1.61495	0.429858	7.463	0.65323	0.438208	0.42301	0.0710893
20333	0.0793983	0.128637	3.49308	1.73179	0.495776	1.22134	3.23291	3.74109	1.70593	0.455998	7.38981	0.652015	0.475205	0.412161	0.070973
20334	0.129566	0.12456	3.98594	1.98106	0.497011	1.23555	3.19146	3.6983	1.7773	0.480573	7.68952	0.611603	0.4891	0.384985	0.0713462
20335	0.0911956	0.0924835	4.02804	1.84738	0.458629	1.05717	3.16805	3.48581	1.7438	0.500257	10.1371	0.466557	0.477941	0.397164	0.071998
20336	0.0580962	0.0253205	3.73616	1.71899	0.460095	1.15864	3.17216	3.87426	1.90808	0.492501	8.17581	0.605603	0.476592	0.405784	0.0721757
20337	-0.00604936	-0.00373971	3.66238	1.64755	0.449857	1.17985	3.20611	3.76164	1.82143	0.484213	7.32609	0.70318	0.467265	0.42624	0.0722754
20338	-0.00174839	-0.023945	3.93981	1.74418	0.442708	1.29352	3.24858	3.47672	1.63138	0.469229	6.3833	0.838864	0.45514	0.442449	0.0726627
20339	-0.118159	-0.0680288	3.45338	1.63452	0.473309	1.19875	3.25011	3.66373	1.55567	0.424613	6.34859	0.867124	0.448241	0.4633	0.0728271
20340	-0.106969	-0.0843931	3.67686	1.66941	0.454031	1.23714	3.24016	3.78518	1.83546	0.484908	6.11786	0.90331	0.469693	0.440958	0.0731533
20341	0.0479658	0.0052623	3.45682	1.66493	0.481636	1.35821	3.22181	4.0877	1.73077	0.42341	6.0267	0.858363	0.450089	0.432493	0.0733986
20342	0.0955734	0.0539266	3.66179	1.73367	0.473447	1.13757	3.21119	3.71809	1.64909	0.443531	9.18107	0.542875	0.458375	0.424318	0.0735508
20343	0.130139	0.0730847	3.95944	1.83287	0.462913	1.21158	3.19341	3.55711	1.62058	0.455588	8.32526	0.584754	0.459447	0.413554	0.0738115
20344	0.0480447	0.0202436	3.78497	1.70338	0.450038	1.144	3.16607	3.80068	1.77017	0.465752	8.23918	0.600557	0.457911	0.416096	0.0739212
20345	-0.0470111	-0.0231834	3.30581	1.60002	0.484002	1.14186	3.12644	3.75441	1.67286	0.445571	7.01856	0.706705	0.463565	0.431214	0.0740573
20346	-0.0353789	-0.0226917	3.83201	1.7144	0.447389	1.00411	3.08311	3.58852	1.55819	0.434216	8.927	0.540272	0.441019	0.424377	0.0739874
20347	0.00304387	-0.00791722	3.77602	1.67586	0.443817	1.20765	3.14136	3.55899	1.5821	0.444537	6.83487	0.725541	0.444166	0.432281	0.0743912
20348	-0.0782666	-0.0553303	3.81371	1.6262	0.42641	1.18297	3.18599	3.40233	1.58668	0.466352	6.60471	0.795353	0.445242	0.449918	0.0746021
20349	-0.0265094	-0.0412492	3.47408	1.68793	0.485864	1.24559	3.19119	3.34473	1.68331	0.503273	6.45677	0.809123	0.494403	0.436691	0.0749323
20350	-0.0749438	-0.0490636	3.50866	1.69378	0.482744	1.2438	3.21201	3.50371	1.69306	0.48322	6.11505	0.869542	0.482982	0.439897	0.0752208
20351	-0.0680892	-0.0477329	3.74803	1.82677	0.487396	1.26938	3.26632	3.92308	1.90099	0.484567	6.13977	0.894408	0.485949	0.424271	0.0755945
20352	-0.014758	-0.0180641	3.72327	1.71686	0.461116	1.27605	3.29438	3.8183	1.78835	0.468362	6.58526	0.833093	0.464785	0.439135	0.0754729
20353	0.0214888	0.0480318	4.01875	1.68518	0.419328	1.19762	3.23442	3.90986	1.69837	0.43438	7.33981	0.691644	0.426751	0.428753	0.0753139
20354	0.0433813	0.078935	3.55488	1.60211	0.45068	1.23394	3.22221	3.58376	1.77263	0.494627	6.97052	0.708713	0.472743	0.422729	0.0753586
20355	0.0662296	0.0555062	3.61112	1.60386	0.444145	1.25014	3.21634	3.6349	1.66679	0.458552	7.12794	0.700823	0.451372	0.433125	0.0759207
20356	-0.00718853	0.0649096	3.63176	1.62585	0.447675	1.25747	3.16425	3.69678	1.70134	0.460221	6.00604	0.799686	0.454004	0.419325	0.0761289
20357	0.0914483	0.0476718	3.65218	1.58894	0.435065	1.14381	3.10366	3.80777	1.68884	0.443524	8.43276	0.553737	0.439383	0.416113	0.0765239
20358	-0.0584759	0.00566903	3.33976	1.6743	0.501325	1.05906	3.1124	3.66946	1.78081	0.485307	7.72834	0.62444	0.492939	0.411321	0.0765897
20359	-0.0663722	-0.0365295	3.52121	1.60415	0.455568	1.00965	3.05523	3.81215	1.70974	0.448499	8.25598	0.578912	0.451893	0.419108	0.0768725
20360	-0.104708	-0.0992273	3.42958	1.62522	0.473884	1.0294	3.02296	3.76657	1.78238	0.473212	7.57898	0.643096	0.473532	0.417088	0.0767989
20361	-0.309056	-0.348035	3.64621	1.72745	0.473765	0.961753	2.85677	3.66621	1.64908	0.449806	6.35977	0.807478	0.461753	0.432086	0.0773625
20362	-0.427407	-0.317281	3.49019	1.53959	0.441118	0.902875	2.86184	3.91694	1.60583	0.40997	5.71119	0.884825	0.424647	0.445584	0.0777985
20363	-0.313041	-0.290928	3.62285	1.55091	0.428092	0.918925	2.86938	3.61953	1.55915	0.430761	6.58052	0.75887	0.429426	0.445443	0.0780586
20364	-0.216555	-0.266486	3.67131	1.5979	0.435241	0.811553	2.87022	3.55391	1.65945	0.466937	9.30832	0.528503	0.450831	0.430365	0.0783911
20365	-0.236618	-0.24915	4.02235	1.86474	0.463595	0.753944	2.83682	3.83019	1.75616	0.458504	9.70558	0.490606	0.461111	0.396808	0.0787302
20366	-0.194676	-0.266695	3.61171	1.61748	0.447844	0.850826	2.87809	3.5497	1.64935	0.464646	9.04756	0.546538	0.456172	0.430913	0.0790383
20367	-0.143204	-0.221793	3.647	1.69921	0.465921	0.926201	2.88575	3.15326	1.59626	0.506226	8.44405	0.571813	0.48461	0.422949	0.079522
20368	-0.189452	-0.286751	3.47905	1.72133	0.49477	0.886794	2.89055	3.4428	1.70187	0.494327	8.71554	0.579153	0.49455	0.424506	0.0798027
20369	-0.308728	-0.261461	3.51319	1.68796	0.480462	0.837994	2.87004	3.7147	1.69621	0.456619	7.45744	0.657486	0.468209	0.420219	0.0803621
20370	-0.25553	-0.221085	3.5446	1.7166	0.484286	0.885889	2.86151	3.73562	1.72529	0.46185	7.29363	0.651418	0.472773	0.408476	0.080776
20371	-0.159219	-0.168022	3.85881	1.70737	0.442459	0.854288	2.86857	3.45882	1.68115	0.486048	8.97672	0.513599	0.463062	0.40499	0.0811929
20372	-0.132763	-0.180467	3.72328	1.67783	0.450634	0.978505	2.9037	3.74097	1.59324	0.425889	7.70262	0.617458	0.438232	0.421079	0.0815879
20373	-0.218419	-0.237663	3.73217	1.64975	0.442035	0.853271	2.89578	3.46525	1.50512	0.434347	8.54882	0.57426	0.438333	0.437707	0.0819751
20374	-0.271683	-0.294468	3.57806	1.73778	0.485676	0.900407	2.91857	3.58135	1.59824	0.446269	7.51469	0.686897	0.465963	0.436313	0.0822874
20375	-0.368739	-0.342614	3.94774	1.66726	0.422333	0.937796	2.93422	3.63612	1.63974	0.450959	6.29024	0.853517	0.436058	0.448167	0.0824768
20376	-0.362027	-0.410783	3.5785	1.6721	0.467264	0.832278	2.90641	3.65612	1.8673	0.510733	7.71458	0.713182	0.489232	0.437451	0.0827207
20377	-0.466448	-0.440849	3.45503	1.74487	0.505024	0.984036	2.85442	3.82925	1.80022	0.470122	5.16126	1.05195	0.486677	0.433796	0.0830823
20378	-0.315179	-0.314597	3.73562	1.76374	0.472143	0.811238	2.82864	3.71181	1.68663	0.454395	7.78671	0.634408	0.463297	0.417323	0.0832396
20379	-0.137789	-0.17879	3.52902	1.62286	0.45986	0.810128	2.90157	3.58373	1.74023	0.485591	10.5599	0.449274	0.472824	0.413732	0.0837027
20380	-0.152169	-0.233238	3.63173	1.61363	0.444314	0.991953	2.97864	3.79425	1.66805	0.439626	7.88089	0.654507	0.441919	0.440179	0.0839257
20381	-0.242195	-0.228755	3.6348	1.69948	0.467557	0.91018	2.8983	3.84129	1.79681	0.467762	7.3635	0.663985	0.467662	0.411611	0.0842132
20382	-0.30537	-0.286833	3.75568	1.66836	0.444223	1.0175	2.94294	3.70044	1.76726	0.477581	5.96087	0.874993	0.460778	0.431639	0.0846742
20383	-0.332813	-0.260251	3.54725	1.61447	0.455134	0.925462	2.9423	3.78912	1.79799	0.474515	6.47799	0.791629	0.465144	0.429146	0.0848314
20384	-0.264291	-0.296559	3.47534	1.69849	0.488727	0.99159	2.99946	3.52488	1.65534	0.469616	6.88785	0.788618	0.479104	0.447577	0.0848437
20385	-0.23304	-0.25691	3.52515	1.60739	0.455979	1.15256	3.01892	3.64947	1.69816	0.465317	5.58943	0.959945	0.460729	0.448124	0.0849315
20386	-0.329321	-0.336118	3.34349	1.65136	0.493903	1.12384	3.0824	3.87573	1.74216	0.449504	5.53415	1.05583	0.470067	0.462757	0.0852279
20387	-0.377312	-0.315613	3.70868	1.58007	0.426047	0.983954	3.05552	3.84018	1.64666	0.428798	6.13289	0.926523	0.427446	0.468351	0.0857442
20388	-0.237187	-0.281924	3.52137	1.59782	0.45375	1.11577	3.09124	3.78112	1.66998	0.441664	6.21597	0.915241	0.447492	0.465502	0.0861738
20389	-0.233422	-0.247279	3.71699	1.65277	0.444654	1.06501	3.1097	3.74977	1.64219	0.437944	6.68433	0.842964	0.441284	0.461052	0.0861624
20390	-0.181749	-0.238795	3.66506	1.6607	0.453117	1.06069	3.09849	3.73562	1.71998	0.460427	7.21502	0.771824	0.456807	0.451761	0.0864294
20391	-0.252028	-0.283884	3.61718	1.79527	0.496319	1.10753	3.06722	3.69449	1.68206	0.455288	6.07547	0.924202	0.475587	0.446832	0.0863838
20392	-0.345346	-0.281267	3.61375	1.69087	0.467899	1.03018	3.04525	3.87314	1.8136	0.46825	5.84849	0.946032	0.468081	0.441277	0.0864204
20393	-0.343762	-0.305538	3.60135	1.79729	0.499059	1.09058	3.11965	4.1053	1.71253	0.417152	5.70249	1.02867	0.455428	0.455358	0.0870913
20394	-0.391902	-0.332868	3.77141	1.77399	0.470379	1.09336	3.11338	3.7333	1.81552	0.486306	5.3838	1.103	0.478302	0.452831	0.0870606
20395	-0.4426	-0.346942	3.61802	1.67837	0.463891	1.07727	3.09168	3.70655	1.68946	0.455804	5.11867	1.155	0.459799	0.467566	0.08692
20396	-0.30677	-0.390723	3.42474	1.60001	0.467192	1.12946	3.12947	3.36462	1.63875	0.487054	6.00737	1.03138	0.477035	0.489014	0.0871417
20397	-0.23018	-0.254039	3.78296	1.72569	0.456174	1.14553	3.16221	3.53768	1.63254	0.461473	6.1666	0.946285	0.458735	0.465026	0.0876298
20398	-0.286257	-0.261606	3.71202	1.80411	0.486017	1.24294	3.20853	3.82176	1.65866	0.434006	5.14948	1.16923	0.459633	0.465187	0.0880958
20399	-0.336352	-0.313695	4.07031	1.75069	0.430111	1.20369	3.21153	3.51034	1.61803	0.460934	5.23975	1.18586	0.444384	0.479902	0.0883426
20400	-0.37227	-0.323585	3.62376	1.71298	0.472708	1.16751	3.20224	3.62663	1.64905	0.454706	5.2433	1.18546	0.463704	0.480483	0.088082
20401	-0.299042	-0.302971	3.59246	1.53272	0.426649	1.0342	3.11805	3.62845	1.69373	0.466793	6.58407	0.888763	0.446821	0.475694	0.0885803
20402	-0.149117	-0.22223	3.54822	1.65927	0.467635	1.26372	3.25445	3.89606	1.70823	0.438452	6.05547	0.998049	0.452362	0.473073	0.0890071
20403	-0.251966	-0.271376	3.70273	1.60326	0.432993	1.30461	3.27451	3.44742	1.62894	0.47251	5.18927	1.21147	0.452046	0.493155	0.0892685
20404	-0.242619	-0.243168	3.72672	1.72723	0.463472	1.26356	3.30286	3.51759	1.59501	0.453437	5.54284	1.13428	0.458599	0.486309	0.0889407
20405	-0.288575	-0.259309	3.65121	1.6636	0.45563	1.34624	3.32899	3.58375	1.61462	0.450539	4.8177	1.33631	0.453108	0.495566	0.0890387
20406	-0.232542	-0.228784	3.74016	1.67676	0.448312	1.33532	3.34733	3.65825	1.63526	0.447007	5.20241	1.2291	0.447667	0.491301	0.0893239
20407	-0.234154	-0.202998	3.90104	1.71179	0.438804	1.33636	3.35275	3.40015	1.65974	0.488136	5.12598	1.23326	0.461778	0.483999	0.0898525
20408	-0.326464	-0.261674	3.608	1.67133	0.46323	1.32477	3.27421	3.61506	1.73893	0.481023	4.58543	1.36328	0.472135	0.478349	0.0897238
20409	-0.316601	-0.300942	3.63071	1.72802	0.475945	1.2736	3.23242	4.20956	1.77682	0.422092	4.93708	1.26437	0.44703	0.471172	0.0898132
20410	-0.186853	-0.221787	3.64711	1.63423	0.448091	1.33044	3.34795	3.57341	1.73908	0.486672	5.53524	1.15108	0.467185	0.485827	0.0900421
20411	-0.306573	-0.259365	3.52078	1.56847	0.445489	1.36263	3.3335	3.70355	1.69607	0.457958	4.63302	1.39312	0.451881	0.497247	0.0902642
20412	-0.21814	-0.208423	3.53417	1.60298	0.453567	1.31436	3.3041	3.53398	1.77275	0.50163	5.25333	1.17428	0.477598	0.47758	0.0907168
20413	-0.20718	-0.217964	3.37604	1.51577	0.44898	1.34071	3.32707	3.71819	1.75579	0.472217	5.24515	1.19799	0.461159	0.490009	0.0907245
20414	-0.200059	-0.247212	3.63781	1.62943	0.447914	1.28128	3.31637	3.68144	1.81196	0.492187	5.78715	1.09718	0.470182	0.479976	0.0906651
20415	-0.300271	-0.270999	4.11361	1.69563	0.4122	1.37504	3.36831	3.88699	1.80079	0.463285	4.71896	1.40334	0.437019	0.486517	0.0908422
20416	-0.276264	-0.279546	3.49302	1.73591	0.496964	1.47433	3.33898	3.71396	1.8003	0.484738	4.27262	1.53228	0.490663	0.480831	0.0911085
20417	-0.332294	-0.287767	3.68604	1.61158	0.437211	1.29997	3.26156	3.83781	1.78749	0.465757	4.72837	1.33214	0.451772	0.481064	0.0911138
20418	-0.364492	-0.313841	3.56933	1.64999	0.462267	1.28667	3.25977	3.667	1.70341	0.464523	4.68421	1.36316	0.46341	0.487849	0.0904278
20419	-0.348383	-0.343429	3.425	1.6096	0.469956	1.22447	3.3147	3.64455	1.67321	0.459101	5.40933	1.23693	0.46436	0.504852	0.0906205
20420	-0.271681	-0.252986	3.66241	1.63937	0.447621	1.42181	3.3165	3.69643	1.77921	0.481332	4.4427	1.43395	0.464554	0.482463	0.0911444
20421	-0.302294	-0.247594	4.01595	1.86278	0.463845	1.26016	3.32106	3.65965	1.63724	0.447376	5.2167	1.22063	0.455993	0.47647	0.0916176
20422	-0.257786	-0.210088	3.74455	1.76608	0.47164	1.28841	3.31827	3.72831	1.68672	0.452408	5.20733	1.19537	0.462045	0.474195	0.0917786
20423	-0.159142	-0.155011	3.61037	1.64863	0.456639	1.31692	3.32879	3.38096	1.75845	0.520105	5.57059	1.08937	0.487331	0.471181	0.0915767
20424	-0.195933	-0.181599	3.76311	1.70076	0.451957	1.2608	3.29271	3.69351	1.64953	0.446602	5.6882	1.06104	0.449305	0.474011	0.0921636
20425	-0.134641	-0.195344	3.69906	1.69167	0.457325	1.12597	3.22574	3.64215	1.73063	0.475166	7.36494	0.794564	0.466176	0.461032	0.0925552
20426	-0.205867	-0.17827	3.85782	1.76485	0.457475	1.25027	3.26461	3.69388	1.73738	0.470341	5.59032	1.06017	0.463768	0.458451	0.0929192
20427	-0.0935942	-0.107559	3.46106	1.65793	0.479025	1.24127	3.24472	3.87747	1.66716	0.429961	6.30681	0.890926	0.453101	0.458097	0.092896
20428	-0.0226478	-0.0659238	3.92195	1.80775	0.460933	1.1825	3.20837	3.63311	1.56966	0.432044	7.38169	0.72619	0.447041	0.44258	0.0933598
20429	-0.106408	-0.0436104	3.89181	1.75721	0.451516	1.17271	3.18036	3.88316	1.66755	0.429431	6.35278	0.818067	0.440486	0.431533	0.0935516
20430	-0.0038039	-0.0649921	3.59838	1.69321	0.470547	1.20832	3.1987	3.57431	1.63965	0.458731	7.24976	0.734624	0.464659	0.444257	0.0934988
20431	-0.128148	-0.0894364	3.57762	1.59819	0.446719	1.12861	3.1555	3.75639	1.65594	0.440834	6.66663	0.789725	0.443705	0.447314	0.093233
20432	-0.0753004	-0.0656139	3.88712	1.804	0.464097	1.17118	3.16042	3.44951	1.6478	0.477691	6.69832	0.776858	0.470488	0.429918	0.0932066
20433	-7.2412e-06	0.0382184	3.96941	1.7751	0.447196	1.14946	3.12827	3.70154	1.69524	0.457981	7.22663	0.660643	0.4524	0.407655	0.0933909
20434	0.102918	0.0343858	3.59255	1.82887	0.509072	1.09401	3.09302	3.39173	1.70727	0.503362	9.52407	0.491136	0.506299	0.398219	0.0934856
20435	0.121816	0.13186	3.54994	1.69959	0.478767	1.07824	3.05613	3.63588	1.59662	0.439128	9.34839	0.457369	0.45871	0.393534	0.0934793
20436	0.206931	0.223127	3.56324	1.62574	0.456253	1.11975	3.02161	3.69556	1.58719	0.429486	9.3988	0.416623	0.442626	0.378758	0.0936747
20437	0.247264	0.198219	3.62305	1.59075	0.439063	1.05615	3.06997	3.45337	1.60403	0.464482	12.6044	0.327148	0.451468	0.392345	0.094493
20438	0.22808	0.212138	3.7881	1.6151	0.426363	1.06938	3.07695	3.7104	1.57329	0.424023	11.5955	0.353894	0.425205	0.391668	0.0947851
20439	0.214495	0.214681	3.56944	1.50146	0.420645	1.15418	3.08352	3.76757	1.55327	0.412273	9.32058	0.441508	0.416346	0.402593	0.0949847
20440	0.322592	0.244806	3.63029	1.6021	0.441314	1.0871	3.08241	3.8531	1.62679	0.422204	13.7767	0.292233	0.431474	0.384141	0.0951071
20441	0.269929	0.277473	3.91848	1.71015	0.436432	1.03469	3.04076	3.53459	1.63359	0.462173	13.0558	0.292427	0.44864	0.363536	0.0954825
20442	0.301202	0.304087	3.66054	1.79027	0.489074	0.959544	3.02506	3.7215	1.68351	0.452373	17.0822	0.216707	0.470572	0.347724	0.0956545
20443	0.218711	0.287171	3.71574	1.8069	0.486282	1.08483	3.05136	3.63596	1.6757	0.460868	10.1855	0.37508	0.473713	0.354327	0.0954445
20444	0.2116	0.304831	3.63706	1.63511	0.449568	1.092	3.08348	3.7218	1.6829	0.452175	9.96106	0.387555	0.450886	0.367902	0.0954589
20445	0.240941	0.270421	3.41879	1.54486	0.451874	1.02997	2.99946	3.89186	1.86981	0.480442	11.9627	0.311286	0.467082	0.352976	0.095869
20446	0.159975	0.234414	4.04635	1.81237	0.447902	0.992027	2.9317	3.68989	1.74308	0.472394	10.5088	0.346155	0.459584	0.338545	0.0965434
20447	0.307951	0.222485	3.64979	1.69507	0.464431	0.868151	2.88713	3.73704	1.77866	0.475953	22.6253	0.156912	0.47026	0.3383	0.096833
20448	0.168228	0.188296	3.79569	1.81411	0.477939	0.903677	2.89593	3.74292	1.63866	0.437802	13.5542	0.270443	0.458011	0.346871	0.0967826
20449	0.276029	0.267733	3.70509	1.69427	0.457282	0.932849	2.86418	3.77413	1.65425	0.438313	15.6267	0.215706	0.44771	0.334919	0.0966199
20450	0.328087	0.28342	3.65244	1.6387	0.44866	0.807443	2.86006	3.74866	1.77038	0.472271	28.893	0.114891	0.460619	0.327555	0.0966015
20451	0.245537	0.27715	3.53035	1.63959	0.464428	0.851449	2.8609	3.70875	1.68348	0.453921	18.1836	0.183565	0.459045	0.334433	0.0969782
20452	0.347763	0.308207	3.63493	1.70052	0.467827	0.871251	2.88602	3.53172	1.60117	0.453368	24.2488	0.13702	0.460702	0.334847	0.0970581
20453	0.257663	0.251283	3.72446	1.774	0.476312	0.940863	2.88059	3.47074	1.57542	0.453915	14.8111	0.233381	0.465508	0.340484	0.0970304
20454	0.255952	0.25829	3.9711	1.82917	0.460619	0.89625	2.90866	3.92054	1.68232	0.429104	17.1336	0.204991	0.444963	0.333492	0.0973301
20455	0.219196	0.19801	3.96205	1.92521	0.485913	0.936889	2.90067	3.78362	1.753	0.463313	14.1809	0.257542	0.474873	0.331868	0.0969423
20456	0.201547	0.158686	3.48267	1.65493	0.47519	0.884495	2.90922	3.90498	1.78084	0.456045	16.2203	0.233209	0.46507	0.355158	0.0971534
20457	0.194743	0.196601	3.63073	1.67453	0.461209	0.908201	2.88642	3.98426	1.81613	0.455827	14.2138	0.254511	0.458393	0.341428	0.0977755
20458	0.140898	0.101492	3.9467	1.69199	0.42871	0.964837	2.91958	3.74216	1.6862	0.450597	11.6982	0.339438	0.439362	0.370279	0.0979999
20459	0.036033	0.0290567	3.78606	1.70152	0.449418	0.858906	2.87434	3.78852	1.68391	0.444478	11.956	0.33856	0.446947	0.374267	0.0985186
20460	0.0892144	0.0452824	3.6407	1.67546	0.460203	0.844384	2.82567	3.80319	1.66907	0.438861	13.5557	0.285141	0.449299	0.366343	0.0988201
20461	0.0578345	0.0206293	3.48348	1.706	0.489739	0.738147	2.81433	3.79367	1.8638	0.491291	16.8633	0.231413	0.490548	0.353527	0.0990411
20462	0.0482131	0.0355763	3.90862	1.77799	0.454891	0.815664	2.79807	3.79846	1.8225	0.4798	12.9569	0.29449	0.467168	0.346469	0.0993548
20463	0.0755404	0.0159449	4.05355	1.88127	0.464104	0.755791	2.77618	4.03689	1.83643	0.454913	16.4647	0.23137	0.459518	0.338884	0.0988005
20464	0.0135036	0.0217755	4.03749	1.87735	0.46498	0.768954	2.79519	3.46043	1.74058	0.502995	13.4777	0.285353	0.482524	0.347162	0.0990342
20465	0.0164201	0.00234214	3.90976	1.82411	0.466554	0.789379	2.85151	3.4992	1.65686	0.473496	13.5869	0.298733	0.469833	0.368407	0.0997395
20466	-0.0897621	-0.038334	3.75042	1.75744	0.468598	0.942229	2.89285	3.71154	1.711	0.460994	8.06743	0.532503	0.464816	0.382563	0.100026
20467	-0.0677265	-0.0659984	3.63867	1.66947	0.458814	0.905605	2.87524	3.76831	1.77565	0.471205	9.13144	0.473687	0.465118	0.385779	0.100099
20468	-0.105182	-0.0701263	3.50928	1.63021	0.464542	1.04146	2.95998	3.74486	1.77136	0.473011	6.98324	0.657399	0.468914	0.403035	0.0998927
20469	-0.0449596	-0.0340754	3.56881	1.64361	0.46055	1.05179	2.99392	3.6314	1.83266	0.504671	7.62244	0.601433	0.482802	0.397486	0.100046
20470	-0.133574	-0.0802488	3.52707	1.66082	0.470877	0.954327	2.94159	3.88083	1.78433	0.45978	7.7155	0.591764	0.465063	0.398665	0.100338
20471	-0.0938139	-0.110508	3.7468	1.72566	0.46057	0.851968	2.90048	3.81105	1.73191	0.454443	10.1353	0.447252	0.45748	0.396081	0.100594
20472	-0.0953858	-0.129374	3.71613	1.77305	0.477124	0.866194	2.85134	3.91495	1.824	0.465906	9.60884	0.462318	0.471369	0.381879	0.100766
20473	-0.0701953	-0.0948926	3.73584	1.73076	0.463286	0.822429	2.8869	3.95298	1.88501	0.476858	11.1588	0.398389	0.470264	0.380825	0.101045
20474	-0.115348	-0.11	3.99483	1.74376	0.436504	0.877888	2.88073	3.61579	1.87569	0.51875	9.06669	0.493259	0.475579	0.381996	0.101481
20475	-0.155538	-0.10968	3.66715	1.68056	0.458275	0.903897	2.90657	3.98375	2.0686	0.519259	8.10563	0.561201	0.490029	0.377706	0.101888
20476	-0.0910378	-0.112813	3.54315	1.69314	0.477863	0.879565	2.90245	4.30044	1.93559	0.45009	9.65093	0.471035	0.462636	0.385256	0.102354
20477	-0.0722198	-0.0737094	3.63599	1.62004	0.445558	0.948378	2.91804	3.7695	1.80226	0.478116	8.59292	0.52081	0.46213	0.395467	0.10254
20478	0.013392	-0.071058	3.8345	1.82431	0.475762	0.92106	2.92461	3.91259	1.85011	0.472861	10.8926	0.411931	0.474297	0.379221	0.10261
20479	-0.0299985	-0.0939571	3.87857	1.77822	0.458474	0.985989	2.98619	3.69495	1.84748	0.500002	9.19107	0.516115	0.478734	0.395587	0.103072
20480	-0.120884	-0.0814387	3.69689	1.80528	0.488325	0.984879	2.99459	3.93919	1.94218	0.493041	7.73848	0.611356	0.490758	0.387081	0.103353
20481	-0.10295	-0.134574	3.66246	1.75553	0.47933	1.03877	3.004	3.70642	1.91169	0.515779	7.55696	0.651759	0.497663	0.401867	0.103884
20482	-0.0592142	-0.100766	3.91732	1.79278	0.457655	1.00464	2.98749	3.74023	1.84117	0.492261	8.4268	0.565892	0.474558	0.396301	0.104244
20483	-0.193739	-0.0951757	3.6721	1.83977	0.501015	1.09654	2.99085	3.8045	1.87985	0.494112	5.72044	0.832413	0.497502	0.390395	0.104667
20484	-0.177254	-0.180359	3.96419	1.81082	0.456796	0.848059	2.9529	4.10275	1.82774	0.445493	9.33854	0.525633	0.451047	0.402938	0.104848
20485	-0.198888	-0.165968	4.04201	1.76015	0.435464	0.911186	2.93349	3.64416	1.7372	0.476708	7.79595	0.616132	0.455018	0.407251	0.105178
20486	-0.222113	-0.112783	3.90891	1.70284	0.43563	0.976175	2.96562	3.73823	1.68275	0.450147	6.59978	0.717948	0.442726	0.411808	0.105632
20487	-0.032556	-0.0877722	3.88309	1.76612	0.454823	1.0097	3.02965	3.67081	1.78332	0.48581	8.94625	0.543149	0.469881	0.406471	0.10551
20488	-0.110361	-0.129674	3.70402	1.7709	0.478101	0.941504	2.98439	3.87879	1.90938	0.492262	8.76464	0.55321	0.485345	0.397253	0.105623
20489	-0.19084	-0.185522	3.91759	1.77977	0.454301	0.980081	2.97973	3.65263	1.79862	0.492418	7.30738	0.685529	0.472693	0.41187	0.105943
20490	-0.156207	-0.158054	3.7689	1.76119	0.467296	0.851158	2.95406	3.90654	1.78328	0.456485	9.54418	0.507392	0.461794	0.405988	0.106312
20491	-0.0764194	-0.152031	4.00297	1.80575	0.451102	0.939197	2.94707	3.76637	1.80543	0.479356	9.31131	0.515739	0.464799	0.399486	0.106454
20492	-0.125611	-0.123753	3.93571	1.89448	0.481358	0.928996	2.93186	3.70981	1.74228	0.46964	8.39488	0.556099	0.475672	0.391044	0.106517
20493	-0.0432812	-0.0348052	3.54773	2.00089	0.563992	0.865375	2.88161	3.69482	1.71678	0.464643	10.3015	0.412828	0.513309	0.363968	0.106688
20494	-0.094897	-0.0474396	3.80963	1.81534	0.476513	0.880208	2.85235	3.61474	1.56585	0.433185	8.84363	0.475415	0.455418	0.383494	0.106932
20495	-0.106645	-0.0760247	3.79316	1.76691	0.465817	0.872143	2.85074	3.52017	1.69035	0.480189	8.94122	0.479013	0.472735	0.382611	0.107156
20496	0.107897	0.0135156	3.4735	1.67073	0.480993	0.87855	2.92951	3.55541	1.6759	0.471365	14.3171	0.296953	0.476123	0.38857	0.10784
20497	0.0560002	0.00677701	3.82873	1.7408	0.454666	0.979631	2.93474	3.77643	1.64665	0.436033	10.0492	0.426547	0.445414	0.387636	0.107842
20498	0.0836475	0.0847333	3.90304	1.76733	0.452809	0.903265	2.91965	3.79744	1.8043	0.475135	11.9635	0.335886	0.463819	0.360132	0.107908
20499	0.190297	0.134036	3.70186	1.69367	0.45752	0.877912	2.91485	3.78671	1.67891	0.443368	16.3551	0.236407	0.450364	0.364478	0.10839
20500	0.060939	0.105205	3.78594	1.68261	0.444436	1.04707	2.94999	3.67058	1.66748	0.454283	8.32205	0.486228	0.449284	0.376647	0.108708
