cycle	Zbar1	Gbar1	VP1	VG1	h21	Zbar2	Gbar2	VP2	VG2	h22	h2b	h2b_denom	h2w	Qst	Fst
20000	-0.0191296	0.0123964	3.88602	1.75205	0.450861	3.90888	-0.0687334	3.60631	1.72757	0.47904	0.000426596	7.71463	0.464424	0.000472913	0.000370291
20001	0.0366008	0.0684434	3.95368	1.75758	0.444543	3.86397	-0.107561	3.60594	1.89118	0.524464	0.0021147	7.32436	0.482665	0.00211904	0.000609542
20002	0.199605	0.236553	3.99515	1.84081	0.460762	3.99101	-0.0102257	3.82092	1.81895	0.47605	0.00423656	7.18738	0.468236	0.00414491	0.000847963
20003	0.32374	0.268345	3.69613	1.84393	0.498881	3.96116	-0.0487876	3.93439	1.86918	0.475088	0.0076014	6.61543	0.486613	0.00672929	0.00111487
20004	0.352125	0.310856	3.67234	1.71996	0.468355	3.98012	-0.0900074	4.17704	1.81449	0.434396	0.0122084	6.58117	0.450284	0.0112439	0.00137081
20005	0.353306	0.332539	3.48874	1.58136	0.453276	3.86556	-0.0998819	3.50403	1.75419	0.500619	0.015158	6.16796	0.476999	0.0138279	0.0016311
20006	0.348571	0.352358	3.59532	1.56269	0.434646	3.94884	-0.0635862	3.85505	1.70278	0.441702	0.0133475	6.48095	0.438297	0.0130787	0.00185637
20007	0.391134	0.339427	3.66829	1.63467	0.445623	3.92041	-0.0909779	3.9006	1.82872	0.468831	0.0148725	6.22789	0.457583	0.0132019	0.00208906
20008	0.415798	0.345224	3.98868	1.7778	0.445712	3.82908	-0.120389	3.43605	1.92442	0.560069	0.0186083	5.82524	0.498635	0.0144354	0.00237542
20009	0.352516	0.305101	3.72613	1.70847	0.45851	3.83228	-0.20932	3.74606	1.84919	0.493637	0.0218543	6.05439	0.47612	0.0182652	0.00261387
20010	0.299314	0.31341	3.74917	1.75477	0.468042	3.77655	-0.203773	3.74604	1.7177	0.458538	0.0221219	6.04557	0.463292	0.0189025	0.00290959
20011	0.392775	0.319011	3.51901	1.71928	0.488568	3.75883	-0.218431	3.65463	1.68707	0.461627	0.0254929	5.66517	0.474843	0.020769	0.00314442
20012	0.357116	0.383794	3.60614	1.69199	0.469197	3.72576	-0.231159	3.90257	1.68796	0.432525	0.0333253	5.67388	0.450137	0.0272235	0.00329409
20013	0.500619	0.413144	3.70522	1.66867	0.450356	3.66845	-0.310402	3.8511	1.79775	0.466815	0.0521684	5.01759	0.458744	0.0364003	0.00349966
20014	0.47213	0.477031	3.73472	1.77878	0.476282	3.68424	-0.321066	3.72649	1.79456	0.481568	0.061735	5.15883	0.478922	0.0426826	0.00381798
20015	0.459618	0.509781	3.92358	1.86254	0.474703	3.61433	-0.38615	3.6693	1.66708	0.454333	0.0806549	4.97609	0.464859	0.053821	0.00423924
20016	0.505351	0.49067	3.90446	1.86242	0.476999	3.53969	-0.410567	3.75276	1.66367	0.443318	0.0882161	4.60362	0.460492	0.054477	0.00446796
20017	0.423574	0.412848	4.22286	1.79564	0.425218	3.502	-0.487492	3.75754	1.68863	0.449397	0.0855374	4.73835	0.436603	0.0549914	0.00475355
20018	0.298414	0.336265	3.88085	1.81311	0.467195	3.3953	-0.589113	3.90671	1.75236	0.44855	0.0892867	4.79536	0.457842	0.0566687	0.00502929
20019	0.278468	0.288754	3.74422	1.84041	0.491533	3.32792	-0.648206	3.58477	1.69975	0.47416	0.0944054	4.64959	0.483035	0.0584038	0.0052738
20020	0.27995	0.301456	3.61949	1.79497	0.495918	3.29104	-0.688495	3.8276	1.81516	0.474229	0.108089	4.53332	0.48477	0.0635817	0.00562744
20021	0.372178	0.324033	3.7363	1.75129	0.468723	3.16272	-0.71293	3.79605	1.69181	0.445677	0.138086	3.89357	0.457108	0.072455	0.00578886
20022	0.267868	0.329043	3.77665	1.7423	0.461335	3.24276	-0.731839	3.64115	1.64768	0.452515	0.127172	4.42499	0.457006	0.0766743	0.00604373
20023	0.336055	0.302315	3.91961	1.79972	0.459158	3.15147	-0.782607	3.60565	1.61924	0.449084	0.148495	3.96327	0.454331	0.0792841	0.00631707
20024	0.357287	0.378675	3.80547	1.83108	0.481171	3.21702	-0.831796	3.37023	1.51685	0.450071	0.179167	4.08902	0.466564	0.0986676	0.00642952
20025	0.434472	0.402231	3.65173	1.677	0.459233	3.13653	-0.875552	3.72777	1.55718	0.417724	0.223628	3.65055	0.438265	0.112115	0.00660039
20026	0.30451	0.391936	3.48446	1.7075	0.490032	3.07142	-0.866468	3.6413	1.54211	0.423504	0.206847	3.8279	0.456036	0.108647	0.00688924
20027	0.300896	0.361086	3.76334	1.69772	0.451121	3.15442	-0.907428	3.45738	1.59874	0.462414	0.197618	4.07131	0.456528	0.10881	0.00728369
20028	0.403308	0.37726	3.72185	1.72834	0.464376	3.09016	-0.907823	3.79008	1.60256	0.422829	0.228757	3.60959	0.443414	0.110329	0.00744989
20029	0.324895	0.301871	3.59054	1.67724	0.467128	3.10281	-0.959214	3.78879	1.67153	0.441177	0.206087	3.85841	0.453804	0.106173	0.00758508
20030	0.225595	0.255554	3.74002	1.55854	0.41672	3.00483	-0.990371	3.72275	1.75644	0.471811	0.200971	3.86207	0.444202	0.104847	0.00777854
20031	0.288544	0.285232	3.53352	1.56125	0.441841	2.94174	-1.04114	3.78203	1.80326	0.476797	0.249915	3.51972	0.459913	0.115661	0.00809485
20032	0.373538	0.313308	3.74322	1.5636	0.417714	2.80253	-1.16161	3.64964	1.79723	0.49244	0.368708	2.95	0.454604	0.13934	0.00843139
20033	0.382879	0.385134	3.72205	1.69865	0.456374	2.80641	-1.17642	3.69954	1.76044	0.475853	0.415161	2.93674	0.466084	0.149893	0.00872037
20034	0.35219	0.345143	3.68307	1.68699	0.458038	2.75572	-1.18259	3.81611	1.74611	0.457562	0.404016	2.88847	0.457796	0.145333	0.00871527
20035	0.376939	0.341614	3.91066	1.72259	0.440485	2.77491	-1.23103	3.64305	1.71086	0.469623	0.430102	2.87512	0.454538	0.152665	0.00886045
20036	0.400989	0.415141	3.88066	1.8506	0.476879	2.79118	-1.17762	3.53935	1.6257	0.45932	0.444057	2.8565	0.468503	0.154358	0.00905527
20037	0.444562	0.401609	3.57541	1.66348	0.465257	2.85314	-1.22371	3.85683	1.76926	0.458735	0.455362	2.90063	0.461872	0.161414	0.00937108
20038	0.3589	0.350937	3.9444	1.65244	0.418934	2.63416	-1.29665	3.58845	1.78257	0.496752	0.52437	2.5884	0.456005	0.165041	0.00959369
20039	0.389468	0.433102	3.60378	1.62373	0.450563	2.69302	-1.29507	3.78148	1.75452	0.463977	0.562831	2.65317	0.457431	0.181083	0.00980816
20040	0.434269	0.469461	3.64065	1.82063	0.500084	2.73331	-1.28079	3.72116	1.7634	0.473886	0.579573	2.6428	0.486841	0.176134	0.0100337
20041	0.384094	0.406077	3.87809	1.83144	0.472253	2.70769	-1.30593	3.87007	1.82723	0.472144	0.54286	2.69954	0.472198	0.166927	0.0102934
20042	0.299328	0.340284	3.773	1.65538	0.438743	2.61898	-1.34784	3.54455	1.72266	0.486003	0.529617	2.69039	0.461635	0.174242	0.010579
20043	0.332222	0.315173	3.62077	1.66285	0.459252	2.54212	-1.42701	3.76863	1.71969	0.456316	0.621503	2.44182	0.457755	0.183301	0.0109707
20044	0.291743	0.314637	3.63086	1.65229	0.45507	2.55954	-1.44568	3.45222	1.65054	0.478111	0.602522	2.57146	0.4663	0.190065	0.0111488
20045	0.269616	0.312572	3.66277	1.68211	0.459244	2.50185	-1.42469	3.63046	1.64093	0.451988	0.605691	2.49144	0.455632	0.185118	0.0115328
20046	0.226966	0.271971	3.49637	1.75915	0.503136	2.53027	-1.41015	3.40154	1.57859	0.464082	0.533349	2.65261	0.483877	0.174945	0.0118618
20047	0.286487	0.309456	3.73521	1.76219	0.471777	2.6032	-1.45458	3.7719	1.67051	0.442883	0.57979	2.68359	0.45726	0.184835	0.0119192
20048	0.298413	0.278832	3.7403	1.7658	0.472101	2.48553	-1.51683	3.68422	1.69315	0.459567	0.674072	2.39174	0.465881	0.189079	0.0120497
20049	0.215253	0.266135	3.85065	1.77914	0.462035	2.38492	-1.58138	3.54572	1.83782	0.518319	0.725088	2.35373	0.489017	0.190967	0.0123291
20050	0.228325	0.251755	3.9124	1.8092	0.462428	2.39895	-1.64418	3.88909	1.82976	0.470485	0.762917	2.3558	0.466444	0.198122	0.0125025
20051	0.27756	0.261807	3.47806	1.76798	0.508324	2.3354	-1.70584	3.96879	1.93157	0.486689	0.91426	2.11736	0.496794	0.207456	0.0126565
20052	0.182102	0.211028	3.91908	1.77943	0.454043	2.21795	-1.73188	3.57192	1.7178	0.480918	0.910788	2.07233	0.466858	0.212589	0.012968
20053	0.177904	0.174341	3.88716	1.85945	0.478358	2.39862	-1.70817	3.71104	1.74711	0.470787	0.7186	2.4658	0.47466	0.197287	0.013345
20054	0.114542	0.153292	3.86284	1.66742	0.431657	2.20865	-1.75214	3.84145	1.77495	0.462053	0.827922	2.19264	0.446813	0.20874	0.0137228
20055	0.14918	0.08564	3.78371	1.75561	0.463991	2.22676	-1.83828	3.71807	1.80659	0.485896	0.857546	2.15817	0.474847	0.206288	0.0141397
20056	0.0451545	0.0173857	3.47192	1.69345	0.487757	2.10215	-1.90621	3.92716	1.78477	0.45447	0.8745	2.11561	0.470089	0.210165	0.0142577
20057	-0.0145394	0.0443078	3.70069	1.76358	0.476556	2.19219	-1.86817	3.66841	1.78024	0.485288	0.75109	2.43483	0.480903	0.205184	0.0147082
20058	0.111764	0.0630846	4.04001	1.77868	0.440266	2.12175	-1.87644	3.77998	1.83286	0.484887	0.931115	2.02002	0.461834	0.206681	0.0151989
20059	0.0596478	0.00960609	3.9362	1.80306	0.458071	2.01586	-1.88729	3.95137	1.90248	0.481472	0.940272	1.91339	0.469794	0.195417	0.0155154
20060	0.048122	0.0486896	3.7438	1.81714	0.485374	2.01807	-1.93038	3.80935	1.88844	0.495738	1.00928	1.94036	0.490601	0.209096	0.0157673
20061	0.0389537	0.0768193	3.74674	1.75533	0.468496	2.10776	-1.93572	3.99464	1.98758	0.497563	0.946338	2.13999	0.483495	0.213011	0.015825
20062	0.158975	0.142776	3.70704	1.68929	0.455697	2.08033	-1.94735	3.62986	1.8724	0.515831	1.1834	1.8458	0.485448	0.234769	0.0159312
20063	0.114157	0.0850364	3.54023	1.74508	0.492929	2.03435	-1.95246	3.67789	1.70432	0.463397	1.12592	1.84356	0.477881	0.231377	0.0159855
20064	0.00598229	0.073061	3.41292	1.67539	0.490898	2.0372	-1.95361	3.61886	1.68204	0.464797	0.995527	2.06293	0.477465	0.234301	0.0162216
20065	0.0643911	0.105094	3.86035	1.65172	0.427869	2.03854	-1.94994	3.63201	1.62065	0.446213	1.08362	1.94864	0.436761	0.244027	0.0164304
20066	0.0847578	0.0821464	3.58068	1.66797	0.465826	1.94613	-1.93624	3.7285	1.76836	0.474281	1.17582	1.73235	0.470139	0.228711	0.0168419
20067	0.160526	0.0898867	3.99827	1.75941	0.440044	2.06838	-1.95454	3.82949	1.81015	0.472687	1.14829	1.81996	0.456013	0.226531	0.0171324
20068	0.0417954	0.0452242	3.91685	1.83376	0.468171	2.07576	-1.9291	3.62949	1.72026	0.473968	0.942209	2.06851	0.470959	0.215274	0.0173324
20069	0.036564	0.0564148	3.99554	1.75938	0.440336	1.97139	-2.0326	3.80583	1.69967	0.446598	1.16573	1.87178	0.443391	0.239868	0.0175895
20070	0.00985333	0.0173607	3.79738	1.88272	0.495796	1.9556	-2.05666	4.13379	1.75257	0.423963	1.1362	1.89296	0.458356	0.228375	0.0177591
20071	0.117714	0.09675	3.75183	1.81876	0.484767	1.91235	-2.05077	3.56849	1.74103	0.487889	1.43193	1.61035	0.486289	0.244739	0.0180189
20072	0.00564538	0.0604881	3.84199	1.89018	0.49198	1.86906	-2.04172	3.85864	1.80585	0.468002	1.27271	1.73617	0.479965	0.230218	0.0182837
20073	0.0907261	0.0728396	3.76194	1.75448	0.466376	1.98463	-2.05063	3.66681	1.62495	0.44315	1.25712	1.79344	0.454912	0.250228	0.0186476
20074	0.121001	0.0961672	3.87191	1.75787	0.454006	1.91091	-2.08779	3.63035	1.71969	0.473697	1.48877	1.60188	0.463535	0.255432	0.0190312
20075	0.145393	0.119046	3.91675	1.78025	0.454523	2.05905	-2.03724	3.94145	1.7681	0.448592	1.26966	1.83104	0.451548	0.246847	0.0192286
20076	0.141256	0.15214	3.90645	1.74368	0.446359	2.0782	-1.97655	3.68897	1.6953	0.459559	1.20779	1.87587	0.45277	0.247879	0.0194296
20077	0.119998	0.114068	3.66285	1.59374	0.43511	1.94531	-1.99372	3.77968	1.64243	0.434541	1.33347	1.66587	0.434821	0.255612	0.0196829
20078	0.08004	0.0993765	3.71465	1.53768	0.413949	1.99648	-1.99165	3.68104	1.71417	0.465675	1.19049	1.83637	0.439694	0.251673	0.0199678
20079	0.24326	0.200829	3.63185	1.6725	0.460509	2.00379	-1.9952	3.62602	1.71324	0.472485	1.55592	1.54973	0.466492	0.262684	0.0203308
20080	0.205106	0.257878	3.7872	1.67935	0.443428	2.00067	-2.03548	3.58296	1.69647	0.473483	1.63134	1.61202	0.458039	0.280417	0.020515
20081	0.270186	0.284188	3.90056	1.6813	0.431041	1.88947	-2.09665	3.65753	1.70796	0.466971	2.16179	1.31104	0.448429	0.294942	0.0206692
20082	0.213329	0.274413	3.76605	1.76559	0.468817	1.78243	-2.13211	3.63975	1.6471	0.452531	2.35223	1.23104	0.460813	0.297982	0.0210214
20083	0.248353	0.307637	3.76032	1.83054	0.486805	1.91434	-2.11359	3.53157	1.6563	0.468998	2.11217	1.38775	0.478181	0.296038	0.0214126
20084	0.292782	0.327449	3.67245	1.72333	0.469258	1.88874	-2.1725	3.80648	1.70684	0.448403	2.45369	1.27354	0.458644	0.313058	0.0216599
20085	0.293941	0.317948	3.58482	1.59133	0.443909	1.88534	-2.12697	3.47089	1.66065	0.478451	2.36032	1.26627	0.460901	0.314958	0.0220197
20086	0.239279	0.272766	3.80156	1.60488	0.422164	1.90485	-2.10666	4.12827	1.81359	0.43931	2.04088	1.38707	0.43109	0.292915	0.0221139
20087	0.23015	0.246934	3.69792	1.66423	0.450046	1.91276	-2.12099	3.3809	1.53155	0.453	1.98046	1.41559	0.451457	0.305	0.0222158
20088	0.257673	0.293906	3.98194	1.78556	0.448414	1.78062	-2.17997	3.37268	1.57397	0.466682	2.63867	1.15969	0.456791	0.313024	0.0225575
20089	0.294393	0.225989	3.81887	1.84582	0.483342	1.82981	-2.1911	3.54365	1.63888	0.462484	2.47819	1.17875	0.473303	0.295453	0.0227294
20090	0.182631	0.188162	3.72062	1.67745	0.450853	1.76986	-2.19844	3.62811	1.741	0.479864	2.26091	1.25965	0.465176	0.294166	0.0229447
20091	0.173995	0.140189	3.59144	1.71532	0.477612	1.74781	-2.16925	3.51306	1.68955	0.480933	2.1533	1.23845	0.479254	0.281509	0.0230795
20092	0.148674	0.145873	3.64298	1.69923	0.466439	1.71901	-2.27934	3.54238	1.6793	0.47406	2.38513	1.23298	0.470196	0.30335	0.0232755
20093	0.0643493	0.0749944	3.69914	1.78467	0.482455	1.66935	-2.2608	3.69287	1.65214	0.447387	2.11797	1.28801	0.464936	0.284218	0.0236049
20094	0.0286721	0.0543967	3.93096	1.82696	0.464761	1.80678	-2.2695	3.61854	1.73089	0.478339	1.70812	1.58083	0.471269	0.275188	0.0240057
20095	0.055833	0.079602	3.91463	1.74827	0.446599	1.71976	-2.31198	3.82363	1.65015	0.431565	2.06588	1.38432	0.43917	0.296256	0.0241383
20096	-0.0203508	0.00304497	3.64252	1.66571	0.457298	1.61975	-2.33979	4.033	1.64062	0.406799	2.04052	1.34497	0.430764	0.293404	0.0243089
20097	0.0346922	0.0303934	3.81705	1.67263	0.438198	1.6636	-2.32385	3.66512	1.72392	0.470358	2.08887	1.32666	0.453952	0.28985	0.0244367
20098	0.00622106	0.00634797	3.51855	1.53907	0.437417	1.68272	-2.39622	3.61898	1.58976	0.439285	2.05374	1.40532	0.438364	0.315748	0.0245102
20099	0.00152738	0.00912019	3.41155	1.58305	0.464025	1.58071	-2.37182	3.66907	1.80562	0.492121	2.27317	1.24691	0.478584	0.294997	0.024723
20100	-0.0385213	-0.0258003	3.89174	1.65612	0.425547	1.61874	-2.37743	3.67198	1.70012	0.462998	2.01353	1.37325	0.443728	0.291854	0.0251022
20101	-0.188686	-0.0662672	3.36622	1.60077	0.47554	1.50453	-2.43003	3.83689	1.75255	0.456762	1.94889	1.43348	0.465537	0.294167	0.0257345
20102	-0.0442862	-0.0429697	3.63023	1.69352	0.466505	1.54392	-2.4193	3.7108	1.73206	0.466762	2.2387	1.2612	0.466635	0.291945	0.0260613
20103	-0.0541754	-0.0521582	3.66319	1.82469	0.498114	1.53399	-2.40717	3.83569	1.84584	0.481229	2.19885	1.26113	0.489477	0.274276	0.0264204
20104	-0.111664	-0.0548534	3.78705	1.84306	0.486674	1.60485	-2.34881	3.69469	1.64906	0.446333	1.78597	1.47322	0.466753	0.273736	0.0267062
20105	-0.110413	-0.0999557	3.89538	1.78504	0.458245	1.6892	-2.32546	3.70476	1.68845	0.455752	1.52932	1.6193	0.457029	0.262893	0.0270772
20106	-0.0995181	-0.103057	3.65077	1.67671	0.459275	1.66093	-2.35722	3.65009	1.73655	0.475756	1.63954	1.54959	0.467515	0.271326	0.0274958
20107	-0.0801267	-0.0661282	3.8311	1.68462	0.439723	1.71739	-2.30101	3.98876	1.70082	0.426404	1.54583	1.61554	0.432929	0.26955	0.0276368
20108	0.0294117	-0.00155566	3.74143	1.72665	0.461494	1.70739	-2.29186	3.3826	1.60345	0.474028	1.86301	1.4078	0.467445	0.282635	0.0276657
20109	0.0840758	0.137014	3.65656	1.71045	0.467775	1.7884	-2.25328	3.77404	1.64328	0.435418	1.96699	1.45235	0.451341	0.298797	0.0277559
20110	0.124977	0.158961	3.41961	1.67011	0.488391	1.75176	-2.22697	3.76163	1.66636	0.442988	2.15109	1.32321	0.464608	0.299113	0.0279307
20111	0.0355996	0.0920974	3.93036	1.80434	0.459078	1.79161	-2.23426	3.6746	1.63351	0.444541	1.75509	1.54179	0.452054	0.282513	0.0282154
20112	0.0502062	-0.0202596	3.65761	1.73764	0.475074	1.795	-2.23324	3.71607	1.64293	0.442115	1.60867	1.52215	0.458464	0.265971	0.028582
20113	-0.137791	-0.0580349	3.44489	1.62049	0.470405	1.84356	-2.22	3.44392	1.64701	0.478236	1.19062	1.96288	0.47432	0.263514	0.0287099
20114	-0.0474587	-0.0871385	3.57455	1.70383	0.476655	1.74979	-2.2282	3.86542	1.67809	0.434129	1.4192	1.61504	0.454561	0.253196	0.0290872
20115	-0.141127	-0.145845	3.69984	1.65445	0.447168	1.65084	-2.28554	3.8397	1.69523	0.441501	1.42575	1.60558	0.444281	0.254771	0.0295216
20116	-0.0950127	-0.06677	3.72834	1.69707	0.45518	1.71022	-2.25399	3.84633	1.62856	0.423405	1.46797	1.62943	0.439045	0.264601	0.0298393
20117	0.0456846	-0.00753833	3.83665	1.83197	0.477493	1.7082	-2.27567	3.69005	1.68533	0.456723	1.86125	1.38198	0.46731	0.267846	0.03007
20118	0.081778	0.00195167	3.81818	1.86486	0.488417	1.73655	-2.22783	3.73246	1.77572	0.475749	1.81571	1.36913	0.482155	0.254618	0.0305586
20119	-0.0112978	-0.00651743	3.85922	1.95457	0.506467	1.82001	-2.19585	3.78724	1.84901	0.488222	1.42924	1.67684	0.49743	0.239661	0.0308787
20120	-0.00449653	-0.030824	3.73025	1.8163	0.486912	1.85037	-2.12841	4.05546	1.88317	0.464354	1.27883	1.72027	0.475162	0.229275	0.0310021
20121	-0.0564239	-0.0436144	3.62689	1.72748	0.476299	1.94535	-2.09553	3.69688	1.62852	0.440511	1.05072	2.00355	0.458234	0.23885	0.0311975
20122	-0.0359968	-0.0618551	3.45067	1.54856	0.448769	1.8404	-2.14298	3.36721	1.52998	0.454376	1.23012	1.76043	0.451538	0.260296	0.0310351
20123	-0.0147204	-0.0224126	3.7131	1.58291	0.426304	1.86763	-2.20358	3.73985	1.63761	0.437882	1.3427	1.77161	0.432114	0.269804	0.031396
20124	0.0908627	0.0702873	3.75683	1.66674	0.443657	1.72186	-2.18886	3.78446	1.69914	0.448978	1.91859	1.33008	0.446328	0.274979	0.0317952
20125	0.0391255	0.0339242	3.60451	1.79488	0.497953	1.85335	-2.18193	3.44667	1.65112	0.479049	1.49175	1.64571	0.488713	0.262748	0.0320524
20126	0.100979	0.0375737	4.02696	1.80572	0.448407	1.87284	-2.13429	3.84434	1.8047	0.469443	1.50248	1.56974	0.458681	0.246301	0.0324434
20127	0.213283	0.0782269	3.61086	1.7332	0.479997	1.87209	-2.15222	3.60601	1.67063	0.46329	1.80796	1.37582	0.471649	0.267706	0.0326665
20128	0.0513027	0.0852095	3.68077	1.70912	0.464338	1.82809	-2.14993	3.52524	1.65147	0.468471	1.58247	1.5785	0.46636	0.271049	0.0329365
20129	0.0792133	0.135678	4.04124	1.75786	0.434979	1.92191	-2.11838	3.79254	1.6211	0.427444	1.49632	1.69777	0.431331	0.27331	0.0331211
20130	0.272475	0.234222	3.61815	1.79798	0.496932	1.82911	-2.1731	3.5992	1.62835	0.452419	2.39163	1.21156	0.474734	0.297287	0.0333282
20131	0.272217	0.247743	3.41306	1.66972	0.489216	1.81671	-2.22483	3.67406	1.61861	0.44055	2.56287	1.19273	0.463987	0.317419	0.0337985
20132	0.277269	0.249774	3.73242	1.60289	0.429449	1.70269	-2.27289	3.6013	1.72129	0.477963	3.13208	1.01591	0.453272	0.323795	0.0339937
20133	0.226129	0.247704	3.60569	1.64712	0.456812	1.73278	-2.26992	3.58364	1.75774	0.49049	2.79228	1.13499	0.4736	0.317699	0.0343378
20134	0.27547	0.226135	3.60645	1.68995	0.46859	1.75645	-2.25565	3.68985	1.86219	0.504679	2.80822	1.09665	0.486841	0.302508	0.0345435
20135	0.319471	0.247556	3.43802	1.59818	0.464855	1.72829	-2.25222	3.79199	1.86012	0.490539	3.14841	0.992386	0.478326	0.311274	0.0346326
20136	0.27108	0.269535	3.9987	1.82396	0.456138	1.71712	-2.26747	3.86936	1.70311	0.440152	3.07809	1.04552	0.448276	0.313395	0.0351814
20137	0.26658	0.235981	3.75027	1.72786	0.460728	1.672	-2.32863	3.92126	1.82771	0.466102	3.32991	0.987601	0.463475	0.316329	0.0354648
20138	0.256916	0.260558	3.79327	1.91686	0.505331	1.71455	-2.35627	3.67786	1.86397	0.506809	3.22296	1.06235	0.506059	0.31178	0.0358231
20139	0.12539	0.193883	3.91637	1.84279	0.470535	1.62569	-2.34373	3.54794	1.63735	0.461493	2.86086	1.12545	0.466237	0.316389	0.0359686
20140	0.259807	0.261308	3.78178	1.75941	0.465234	1.63449	-2.29651	3.664	1.66335	0.453971	3.46203	0.944881	0.459692	0.323456	0.0362837
20141	0.26205	0.246465	3.7605	1.69698	0.451265	1.69159	-2.25923	3.50419	1.67229	0.477224	3.07232	1.02179	0.463786	0.317918	0.0366788
20142	0.296578	0.284774	3.99943	1.86569	0.466489	1.76117	-2.21083	3.80475	1.58526	0.416653	2.90347	1.07251	0.442192	0.311013	0.0368645
20143	0.27203	0.275058	3.90394	1.79322	0.459336	1.76617	-2.22801	3.75712	1.60207	0.426411	2.80647	1.11623	0.443189	0.315798	0.0371849
20144	0.293172	0.329122	3.8436	1.90792	0.496388	1.72313	-2.23293	3.66584	1.70164	0.464187	3.21016	1.0224	0.480669	0.312649	0.0375288
20145	0.348171	0.333751	3.88856	1.87351	0.481801	1.83641	-2.23067	3.68154	1.64958	0.448067	2.96917	1.10743	0.465395	0.318285	0.0377465
20146	0.357487	0.266983	3.66106	1.79296	0.489738	1.72552	-2.24916	3.64782	1.65205	0.452887	3.38283	0.935754	0.471346	0.31491	0.037657
20147	0.28801	0.237804	3.48746	1.58586	0.454731	1.75667	-2.29354	3.78919	1.80323	0.475889	2.97071	1.07848	0.465748	0.321071	0.0378177
20148	0.312001	0.233088	3.61025	1.60485	0.444526	1.72532	-2.26217	3.57912	1.84001	0.514096	3.1171	0.998738	0.47916	0.311334	0.0382315
20149	0.204084	0.204925	3.96127	1.76111	0.444581	1.77175	-2.23617	3.78235	1.78027	0.470678	2.42472	1.22879	0.457328	0.29621	0.0383472
20150	0.254567	0.229091	4.00369	1.8207	0.454756	1.69198	-2.27843	3.64319	1.69897	0.466341	3.04319	1.03307	0.460275	0.308835	0.0384959
20151	0.21637	0.228431	4.23492	1.96075	0.462997	1.67675	-2.2983	3.57485	1.62792	0.45538	2.99358	1.06635	0.45951	0.30795	0.0388613
20152	0.202518	0.2343	3.91052	1.91187	0.488904	1.64461	-2.34234	3.70989	1.6935	0.456484	3.19243	1.03981	0.47312	0.315345	0.0391745
20153	0.216143	0.21929	4.17008	1.94765	0.467052	1.56109	-2.42965	3.57494	1.67493	0.468518	3.87915	0.904438	0.467729	0.326368	0.0393314
20154	0.0890718	0.201556	3.70923	1.79014	0.482617	1.53575	-2.45106	3.82685	1.80122	0.470679	3.36203	1.04644	0.476555	0.328885	0.039537
20155	0.163745	0.164329	4.05707	1.84486	0.454728	1.55566	-2.4511	3.51635	1.78747	0.508331	3.53069	0.968714	0.479616	0.320209	0.0400275
20156	0.189281	0.171646	4.22856	1.95675	0.462745	1.51353	-2.46174	3.73863	1.79233	0.479408	3.95448	0.876817	0.470564	0.316314	0.0402524
20157	0.183158	0.143678	3.88872	1.81074	0.465639	1.47203	-2.467	3.26597	1.73111	0.530045	4.10284	0.830598	0.495039	0.324926	0.0407302
20158	0.124537	0.117174	3.6345	1.84982	0.508961	1.62037	-2.45727	3.81972	1.77494	0.464677	2.96209	1.11877	0.486269	0.313821	0.040636
20159	0.170268	0.125014	3.99718	1.79466	0.448982	1.41893	-2.54202	3.67786	1.7319	0.470898	4.56213	0.779575	0.459484	0.335328	0.0407142
20160	0.0934897	0.156748	3.5863	1.77005	0.493558	1.4812	-2.52877	3.68729	1.7468	0.473736	3.74503	0.962875	0.48351	0.339031	0.0408605
20161	0.226228	0.213067	3.71879	1.76324	0.474144	1.37492	-2.60577	4.01078	1.86709	0.465517	6.02186	0.659749	0.469668	0.353779	0.0411184
20162	0.296068	0.232622	3.90997	1.71927	0.439715	1.41981	-2.57799	3.76495	1.75325	0.465676	6.25563	0.631395	0.45245	0.362653	0.0415333
20163	0.255881	0.229444	3.85289	1.87319	0.486179	1.42668	-2.64017	3.57674	1.67434	0.46812	6.00731	0.685387	0.477485	0.367329	0.0415237
20164	0.256908	0.243659	3.90187	1.88314	0.482627	1.39839	-2.60212	3.72246	1.67313	0.449469	6.21535	0.651487	0.466438	0.362891	0.042061
20165	0.0963126	0.12962	3.85868	1.86662	0.483745	1.42027	-2.62056	3.60161	1.61793	0.449225	4.31493	0.876431	0.46708	0.351876	0.0422273
20166	0.140806	0.126311	3.96041	1.93144	0.487687	1.26976	-2.68389	3.52447	1.69119	0.479842	6.19616	0.637268	0.483993	0.352862	0.0426557
20167	0.114007	0.0967828	3.87033	1.80474	0.466302	1.28939	-2.71018	3.93198	1.80105	0.458052	5.70314	0.690763	0.462145	0.353399	0.0428748
20168	0.0607719	0.131205	4.02617	1.83125	0.454837	1.34936	-2.71292	3.85171	1.81505	0.471233	4.87158	0.83023	0.462854	0.356865	0.0428497
20169	0.090853	0.083334	3.69731	1.6509	0.446513	1.31034	-2.67539	3.88497	1.79864	0.462975	5.11755	0.743573	0.454948	0.355603	0.0434024
20170	-0.107788	-0.0762145	3.78997	1.77105	0.467301	1.33603	-2.67021	3.9433	1.92514	0.488206	3.22786	1.04231	0.477961	0.312878	0.0439051
20171	0.0780437	0.00125624	3.6742	1.71564	0.466943	1.31282	-2.63751	3.85134	1.87032	0.485629	4.56696	0.762334	0.476505	0.32691	0.0440503
20172	0.0587385	0.0505395	3.90197	1.71748	0.440157	1.27569	-2.67618	3.86184	1.74153	0.450959	5.02033	0.740489	0.44553	0.34965	0.044179
20173	0.139645	0.116183	3.74315	1.78809	0.477695	1.39327	-2.65407	3.57819	1.70579	0.476717	4.88322	0.785783	0.477217	0.354589	0.044624
20174	0.147208	0.16881	3.96526	1.85604	0.468076	1.36857	-2.65319	3.69226	1.70665	0.462223	5.33861	0.745858	0.465254	0.358607	0.0447886
20175	0.209327	0.179844	3.78436	1.86436	0.492648	1.27718	-2.6685	3.66972	1.70411	0.464372	7.11476	0.570158	0.478728	0.362517	0.0453336
20176	0.265003	0.215807	3.62556	1.48191	0.408741	1.37486	-2.65258	3.52714	1.67841	0.475856	6.67948	0.615889	0.441837	0.394372	0.0455355
20177	0.245902	0.184497	3.76583	1.5169	0.402805	1.37068	-2.62307	3.76271	1.67244	0.444477	6.23053	0.632564	0.423633	0.382023	0.0454739
20178	0.251891	0.205741	3.55164	1.60042	0.450614	1.41085	-2.64599	3.60292	1.72121	0.477727	6.05452	0.671596	0.464268	0.3798	0.0455439
20179	0.186345	0.209919	3.64071	1.66016	0.456001	1.43062	-2.60911	3.52449	1.68886	0.47918	5.13298	0.774105	0.467403	0.37246	0.0453746
20180	0.135825	0.178014	3.61884	1.73067	0.47824	1.37433	-2.65274	3.72535	1.55427	0.417215	5.2241	0.766942	0.447285	0.378938	0.0454847
20181	0.215393	0.190923	3.39944	1.55589	0.457691	1.28473	-2.69735	3.78005	1.69866	0.449374	7.29537	0.571741	0.453312	0.390662	0.0452834
20182	0.218246	0.226926	3.98922	1.73582	0.435127	1.35199	-2.61382	3.70523	1.69002	0.456117	6.27822	0.642686	0.445235	0.370749	0.045271
20183	0.154172	0.144451	4.0694	1.82974	0.449634	1.41383	-2.61973	3.75439	1.78042	0.474224	4.81533	0.793371	0.461434	0.346138	0.0452842
20184	0.134401	0.179583	3.84103	1.84556	0.480485	1.51522	-2.50974	3.66059	1.71453	0.468376	3.79327	0.953328	0.474576	0.336931	0.0456005
20185	0.180375	0.147968	3.66569	1.74325	0.47556	1.42874	-2.57566	3.79593	1.83272	0.482811	4.76007	0.779207	0.479249	0.341617	0.0462132
20186	0.178591	0.175897	3.41165	1.8005	0.52775	1.38613	-2.60678	3.71146	1.85372	0.499458	5.3103	0.729081	0.513008	0.346412	0.0466475
20187	0.19082	0.173821	3.91478	1.75803	0.449075	1.44242	-2.59931	3.70015	1.67386	0.452376	4.90921	0.783247	0.450679	0.359174	0.0471913
20188	0.269135	0.208697	3.59174	1.8822	0.524034	1.47237	-2.54742	3.854	1.75696	0.455881	5.24679	0.72389	0.488757	0.343012	0.0475978
20189	0.244321	0.242913	3.7397	1.67057	0.446712	1.50675	-2.482	3.70872	1.73425	0.467615	4.65901	0.796858	0.45712	0.352946	0.0477606
20190	0.139267	0.163353	3.76044	1.76898	0.470418	1.5218	-2.45433	3.93325	1.74105	0.442648	3.58496	0.955696	0.456221	0.328089	0.0477007
20191	0.12786	0.169875	3.73211	1.65506	0.443464	1.37942	-2.48038	3.41545	1.65528	0.484646	4.48407	0.783201	0.463143	0.34671	0.0482157
20192	0.140083	0.121504	3.68297	1.70034	0.461678	1.55095	-2.44096	3.53266	1.77096	0.501311	3.29869	0.995277	0.481082	0.321173	0.0485984
20193	0.160424	0.137633	3.67588	1.64704	0.448066	1.4885	-2.38875	3.52664	1.72587	0.489382	3.61873	0.881887	0.468296	0.321259	0.0489545
20194	0.108259	0.164829	3.65995	1.64295	0.448898	1.51536	-2.4241	3.44501	1.69696	0.492587	3.38523	0.989972	0.470082	0.3342	0.0488846
20195	0.154503	0.123079	3.46127	1.70346	0.49215	1.53894	-2.40418	3.77436	1.70899	0.45279	3.33236	0.958338	0.471619	0.318874	0.0492178
20196	0.142308	0.127115	3.70284	1.66032	0.448392	1.59006	-2.39966	3.55057	1.66221	0.468153	3.04611	1.04799	0.458065	0.324617	0.0497342
20197	0.112884	0.196769	3.66399	1.69342	0.46218	1.58386	-2.45704	3.9295	1.71521	0.436497	3.25481	1.08189	0.448889	0.340713	0.0500927
20198	0.207806	0.214494	3.53326	1.65319	0.467894	1.427	-2.51505	3.87628	1.65335	0.426529	5.01226	0.743217	0.446254	0.360446	0.0498727
20199	0.111357	0.161431	3.58176	1.73072	0.483206	1.4127	-2.50634	3.58943	1.68697	0.469983	4.20258	0.846743	0.476587	0.342478	0.0501615
20200	0.0873817	0.155443	3.94439	1.82232	0.462002	1.50582	-2.49813	3.88006	1.73404	0.44691	3.49978	1.00599	0.454518	0.331211	0.0507902
20201	0.225476	0.195382	3.92817	1.77482	0.451817	1.44273	-2.51551	3.49529	1.72751	0.49424	4.95976	0.740854	0.471792	0.344192	0.0509796
20202	0.199265	0.220797	3.85889	1.74684	0.45268	1.49043	-2.49002	3.61077	1.73634	0.480877	4.40796	0.833549	0.46631	0.345418	0.0515915
20203	0.215115	0.182699	3.81952	1.82212	0.477053	1.46215	-2.53836	3.5842	1.70941	0.47693	4.76126	0.777543	0.476994	0.344008	0.0518494
20204	0.169433	0.161735	3.98384	1.76697	0.443534	1.37312	-2.58071	3.7086	1.77368	0.47826	5.191	0.724425	0.460275	0.346966	0.0516652
20205	0.174503	0.13071	3.90936	1.74423	0.446168	1.45136	-2.52088	3.7553	1.87249	0.498626	4.31252	0.815178	0.47187	0.327164	0.0516726
20206	0.169053	0.0671601	3.54402	1.76821	0.498928	1.48116	-2.53594	3.86367	1.87108	0.484276	3.93592	0.860809	0.491286	0.317741	0.0519119
20207	-0.0911394	-0.0243588	3.63545	1.7719	0.487396	1.5101	-2.54902	3.88523	1.74574	0.449326	2.48595	1.28199	0.467729	0.311875	0.0524193
20208	-0.053522	-0.0579027	3.73969	1.61292	0.431297	1.46079	-2.52413	3.76025	1.79894	0.478409	2.65237	1.14657	0.454918	0.308386	0.0526254
20209	-0.118937	-0.0760129	3.78362	1.65438	0.437248	1.54331	-2.51458	3.76248	1.83267	0.487091	2.15217	1.38154	0.462099	0.299008	0.0527287
20210	-0.0835261	-0.110428	3.7276	1.86555	0.50047	1.3974	-2.50668	3.78135	1.73642	0.459205	2.61815	1.09658	0.47969	0.285067	0.0529157
20211	-0.181966	-0.125858	3.69208	1.74475	0.472566	1.43432	-2.51825	3.73747	1.59561	0.426923	2.19093	1.30619	0.449605	0.300003	0.0533208
20212	-0.144739	-0.186656	3.83454	1.70389	0.444352	1.52357	-2.49635	3.62473	1.61183	0.444677	1.91671	1.39162	0.44451	0.286951	0.0533669
20213	-0.252877	-0.253045	3.62205	1.6443	0.453969	1.39538	-2.57583	3.79688	1.59309	0.419578	1.98595	1.35838	0.436368	0.29421	0.0534802
20214	-0.3014	-0.279373	3.79911	1.66068	0.437123	1.41296	-2.54754	3.52155	1.70021	0.482802	1.75043	1.46951	0.459097	0.276866	0.0538577
20215	-0.337567	-0.285375	3.56954	1.55247	0.43492	1.46599	-2.48286	4.00304	1.69382	0.423134	1.48454	1.62641	0.42869	0.271173	0.0541062
20216	-0.285263	-0.263598	3.62027	1.61893	0.447185	1.57113	-2.431	3.6794	1.80449	0.490429	1.36314	1.72309	0.468982	0.255522	0.0545247
20217	-0.197047	-0.201605	3.64493	1.63703	0.449126	1.62571	-2.39931	3.60788	1.69453	0.469676	1.45373	1.66122	0.459348	0.266118	0.0546879
20218	-0.22818	-0.195859	3.79659	1.7173	0.452327	1.58796	-2.35667	3.60693	1.73311	0.480496	1.41558	1.64919	0.46605	0.252878	0.0547586
20219	-0.137055	-0.169337	3.60478	1.5653	0.434231	1.67211	-2.34164	3.67877	1.66391	0.452301	1.44173	1.63654	0.443357	0.267674	0.0548442
20220	-0.229068	-0.174341	3.61861	1.76049	0.486512	1.59152	-2.38422	3.83383	1.63466	0.426379	1.47336	1.65728	0.455577	0.264585	0.0549686
20221	-0.17509	-0.132472	3.7688	1.84926	0.490677	1.58714	-2.40726	3.58288	1.73235	0.483508	1.66632	1.55272	0.487183	0.26545	0.05527
20222	-0.104528	-0.13061	3.77169	1.69574	0.449596	1.55611	-2.37388	3.82399	1.80017	0.470758	1.82479	1.37886	0.46025	0.264732	0.0556663
20223	-0.181728	-0.127003	3.65204	1.63947	0.44892	1.62766	-2.34082	3.72599	1.74953	0.469547	1.497	1.63694	0.459337	0.265634	0.055794
20224	-0.0822133	-0.141342	3.58552	1.61198	0.449581	1.63707	-2.27191	3.88308	1.7643	0.454356	1.53567	1.47796	0.452063	0.251658	0.0559081
20225	-0.140454	-0.160107	3.48279	1.5384	0.441714	1.68324	-2.32826	3.86469	1.73191	0.448137	1.41343	1.66294	0.445092	0.264458	0.0563106
20226	-0.222879	-0.177729	3.79309	1.5472	0.407899	1.71011	-2.34298	3.94016	1.77612	0.450774	1.25475	1.86822	0.429744	0.260824	0.0563482
20227	-0.130276	-0.122011	3.77686	1.64257	0.434903	1.64123	-2.3367	3.39958	1.65981	0.488239	1.56293	1.56912	0.460169	0.27087	0.0563821
20228	-0.170139	-0.121905	3.48929	1.50359	0.430915	1.53316	-2.42973	3.44633	1.61514	0.468655	1.8358	1.45061	0.449668	0.299305	0.056682
20229	-0.0844889	-0.094276	3.51021	1.68513	0.480065	1.48519	-2.45058	3.64274	1.6165	0.443761	2.25342	1.23194	0.461577	0.296083	0.0568162
20230	-0.0990334	-0.104127	3.8216	1.6798	0.439554	1.58112	-2.3982	3.6551	1.67998	0.459626	1.8643	1.41147	0.449367	0.281505	0.0568793
20231	-0.217958	-0.149707	3.578	1.69295	0.473155	1.59198	-2.38414	3.67717	1.82257	0.495646	1.52408	1.63793	0.484554	0.262114	0.0568455
20232	-0.132693	-0.190506	3.57465	1.68047	0.470108	1.55393	-2.38667	3.68689	1.71902	0.466254	1.69548	1.42235	0.468151	0.261923	0.0571354
20233	-0.135181	-0.15588	3.82327	1.6666	0.435911	1.5338	-2.40062	3.62119	1.72756	0.477069	1.80896	1.39274	0.455931	0.270779	0.0571346
20234	-0.0931099	-0.11923	3.69207	1.58754	0.429988	1.66123	-2.37245	3.87155	1.87156	0.483414	1.64962	1.53885	0.457335	0.268533	0.0573053
20235	-0.102937	-0.0874014	3.44743	1.59588	0.462919	1.6523	-2.35837	3.78972	1.81547	0.479052	1.67398	1.54043	0.471367	0.274385	0.0575978
20236	-0.0289052	-0.0291907	3.55996	1.60831	0.451778	1.61656	-2.30246	3.80726	1.8128	0.476143	1.90865	1.35377	0.464369	0.274219	0.0578973
20237	-0.017893	-0.0478674	3.77007	1.79932	0.477265	1.67892	-2.27565	3.6898	1.79687	0.486982	1.72376	1.43959	0.482072	0.256612	0.0585377
20238	0.0568597	0.0659544	3.76285	1.76785	0.469817	1.5728	-2.38497	4.00831	1.9035	0.474889	2.61395	1.14903	0.472433	0.290404	0.0589246
20239	-0.0560167	0.00968563	4.0275	1.87395	0.465288	1.6738	-2.35817	3.70549	1.91728	0.517416	1.87375	1.49613	0.490267	0.270021	0.0592421
20240	0.0310492	0.0119237	3.83701	1.87002	0.487363	1.60114	-2.41593	3.98544	1.91905	0.481515	2.3911	1.23259	0.484384	0.280114	0.0594359
20241	0.0652039	0.0132183	4.03272	1.7957	0.445282	1.48696	-2.45981	3.8334	1.80559	0.471014	3.02556	1.0107	0.457822	0.298134	0.0594497
20242	-0.0477033	-0.00784286	3.68414	1.71953	0.466737	1.50975	-2.51735	4.12086	1.72619	0.41889	2.59626	1.21283	0.441475	0.313728	0.0597902
20243	-0.124283	-0.0184633	3.9609	1.91411	0.483252	1.51639	-2.47532	3.55376	1.73794	0.489041	2.24241	1.34591	0.48599	0.292491	0.060236
20244	0.00307181	0.0264761	3.91877	1.78107	0.454496	1.53834	-2.47181	3.63021	1.75492	0.48342	2.64796	1.17853	0.468405	0.306278	0.0601561
20245	0.00930975	-0.0119065	4.24213	1.73559	0.409131	1.60855	-2.43312	3.70023	1.63392	0.441572	2.29214	1.27878	0.424244	0.303218	0.0602498
20246	-0.127043	-0.0820063	3.88796	1.75147	0.450485	1.65422	-2.39592	3.5738	1.66936	0.467111	1.68749	1.58645	0.458448	0.281346	0.0607211
20247	-0.099132	-0.0786938	3.8623	1.74408	0.451564	1.67326	-2.31676	3.53213	1.66778	0.472174	1.5945	1.57069	0.461409	0.268582	0.0611043
20248	-0.0508291	-0.0554399	3.98612	1.79709	0.450836	1.66192	-2.35492	4.01737	1.72512	0.429416	1.80249	1.46676	0.440084	0.272989	0.0613093
20249	-0.15713	-0.118853	3.94912	1.69679	0.429664	1.56942	-2.46082	3.42393	1.56398	0.45678	1.83993	1.49049	0.442256	0.296133	0.0614155
20250	-0.124439	-0.100037	3.81859	1.69538	0.443981	1.61901	-2.44452	3.48463	1.72443	0.494867	1.80833	1.5198	0.468261	0.286744	0.0615693
20251	-0.0832139	-0.0542239	3.49102	1.65632	0.474451	1.46233	-2.52103	3.62304	1.84486	0.509201	2.54745	1.19436	0.492149	0.303002	0.0614603
20252	-0.132962	-0.0784139	3.63949	1.71351	0.470809	1.52257	-2.51789	3.67462	1.76627	0.480667	2.17128	1.37039	0.475762	0.299601	0.0614612
20253	-0.130391	-0.0926495	3.58723	1.73063	0.482442	1.47088	-2.50032	4.30026	1.91248	0.444736	2.26081	1.28203	0.461885	0.28469	0.0616066
20254	-0.0985956	-0.190467	3.79318	1.78284	0.470013	1.44054	-2.56753	3.8124	1.72919	0.45357	2.38519	1.18448	0.46177	0.286946	0.0616897
20255	-0.202536	-0.239899	3.34436	1.65207	0.493987	1.49619	-2.50969	3.78229	1.72459	0.455966	1.78537	1.44283	0.473808	0.276217	0.0615971
20256	-0.377874	-0.373112	3.56978	1.77153	0.496257	1.43387	-2.51686	3.84941	1.74946	0.454476	1.40008	1.64121	0.474579	0.246117	0.0620099
20257	-0.381523	-0.379714	3.94937	1.95889	0.496	1.54206	-2.50995	3.62645	1.62826	0.448997	1.22639	1.8501	0.4735	0.240363	0.062516
20258	-0.17009	-0.299968	3.63104	1.80656	0.497533	1.51099	-2.50557	3.88521	1.8007	0.463476	1.72139	1.41301	0.479929	0.252232	0.0625185
20259	-0.236745	-0.322167	3.91222	1.71366	0.438028	1.50981	-2.46378	3.81627	1.83239	0.480153	1.50355	1.52522	0.458829	0.244436	0.0626647
20260	-0.347577	-0.304132	3.72865	1.74529	0.468076	1.57213	-2.43164	3.86521	1.83851	0.475656	1.2282	1.84265	0.471934	0.240066	0.0630228
20261	-0.315679	-0.305752	3.81932	1.70124	0.44543	1.60264	-2.34039	3.74491	1.73656	0.463712	1.12495	1.83997	0.454481	0.231476	0.0634753
20262	-0.398064	-0.258311	3.54408	1.68452	0.475304	1.53039	-2.37317	3.61732	1.69377	0.468239	1.20266	1.85947	0.471735	0.248769	0.0637245
20263	-0.227001	-0.263952	3.6547	1.66436	0.455404	1.64952	-2.40675	3.80317	1.76538	0.464188	1.30393	1.76067	0.459883	0.250855	0.0643565
20264	-0.163149	-0.235091	3.75195	1.71797	0.457889	1.60142	-2.37593	3.93113	1.77394	0.451256	1.47193	1.55686	0.454495	0.247153	0.0644813
20265	-0.179778	-0.211842	3.70998	1.76188	0.474905	1.52457	-2.4237	3.89181	1.78517	0.458699	1.68422	1.4524	0.466608	0.256499	0.0645233
20266	-0.268457	-0.231403	3.71018	1.71713	0.462815	1.50407	-2.46299	3.7113	1.6785	0.452268	1.58504	1.57092	0.457541	0.268379	0.0645739
20267	-0.339286	-0.252059	3.95666	1.72275	0.435405	1.59421	-2.46539	3.82424	1.86223	0.486955	1.31041	1.8692	0.460741	0.254729	0.0644607
20268	-0.258901	-0.273681	3.81088	1.77539	0.465874	1.36021	-2.59646	3.91714	1.86977	0.477331	2.05807	1.31077	0.471681	0.270189	0.0648033
20269	-0.225979	-0.226539	3.78217	1.77818	0.470149	1.41184	-2.59221	3.55877	1.7848	0.501522	2.0863	1.34122	0.485358	0.282059	0.0650236
20270	-0.191917	-0.250179	3.82119	1.78956	0.468327	1.42177	-2.63126	3.63347	1.78107	0.490184	2.17728	1.30198	0.47898	0.284261	0.0653212
20271	-0.289372	-0.259093	3.71854	1.7013	0.457518	1.21222	-2.67421	4.28431	1.97631	0.46129	2.58687	1.12739	0.459537	0.28403	0.0657366
20272	-0.342595	-0.293311	3.73655	1.69276	0.453027	1.35554	-2.6512	3.81357	1.87348	0.491268	1.92799	1.44183	0.472342	0.280542	0.0661132
20273	-0.192954	-0.254684	3.73799	1.67068	0.446945	1.39518	-2.67498	3.76909	1.74835	0.463865	2.32253	1.26109	0.45544	0.299985	0.0664233
20274	-0.287101	-0.258567	3.74209	1.70401	0.455362	1.29222	-2.66785	3.93592	1.8385	0.467109	2.32722	1.24713	0.461384	0.290704	0.0670867
20275	-0.29527	-0.275591	4.01757	1.82951	0.455376	1.34011	-2.65809	3.6739	1.77213	0.482356	2.12241	1.33723	0.468263	0.282745	0.0673029
20276	-0.117798	-0.19074	3.69607	1.64458	0.444954	1.35502	-2.68707	3.59365	1.77251	0.493233	2.87282	1.08459	0.468755	0.313257	0.0674671
20277	-0.182519	-0.151535	3.69235	1.73879	0.470918	1.35405	-2.72825	3.76031	1.71125	0.455083	2.81208	1.18052	0.462928	0.324942	0.0675963
20278	-0.17285	-0.185754	3.80509	1.75777	0.461952	1.27646	-2.71883	3.60681	1.65059	0.457631	3.05476	1.05024	0.459849	0.320135	0.06793
20279	-0.177978	-0.210421	4.04393	1.79857	0.444759	1.2572	-2.71673	3.42003	1.68243	0.491935	3.0497	1.02987	0.466376	0.31099	0.0677601
20280	-0.160887	-0.144031	3.49398	1.89496	0.542348	1.22627	-2.77493	3.81618	1.76432	0.462327	3.59714	0.962101	0.500574	0.321168	0.0677451
20281	-0.147697	-0.112709	4.14285	1.7502	0.422463	1.20509	-2.76786	3.53809	1.70453	0.481766	3.8523	0.915016	0.44978	0.337929	0.0676321
20282	-0.0961643	-0.131441	3.51903	1.59373	0.452888	1.26016	-2.72669	3.86879	1.65756	0.428445	3.66124	0.919814	0.440088	0.341306	0.0677679
20283	-0.158658	-0.166872	3.76799	1.6525	0.438562	1.33996	-2.68121	3.81166	1.69844	0.445591	2.81489	1.12293	0.442097	0.320599	0.0678777
20284	-0.222523	-0.18526	3.48502	1.72433	0.494783	1.33635	-2.64328	3.56445	1.56245	0.438343	2.48627	1.21504	0.466245	0.314969	0.0680874
20285	-0.144074	-0.127966	4.13637	1.80722	0.436909	1.39001	-2.67194	3.27622	1.46193	0.446225	2.74998	1.1767	0.441027	0.331177	0.0681323
20286	-0.100578	-0.120613	4.02714	1.91655	0.475907	1.24725	-2.73118	3.50767	1.6096	0.458879	3.75147	0.908316	0.46798	0.325883	0.0682527
20287	-0.160193	-0.176201	4.03463	1.82248	0.45171	1.25709	-2.78754	3.74803	1.71541	0.457684	3.39482	1.00434	0.454587	0.325282	0.0684774
20288	-0.0368872	-0.139281	3.96048	1.85566	0.468544	1.115	-2.84757	3.85799	1.79891	0.466282	5.52807	0.663416	0.467428	0.334225	0.0682506
20289	-0.14137	-0.0791985	3.78079	1.75296	0.463648	1.17704	-2.80025	3.76765	1.82719	0.484968	4.25961	0.869108	0.47429	0.340928	0.0685112
20290	-0.0746982	-0.0510457	3.94536	1.70307	0.431665	1.19633	-2.83992	3.71412	1.81457	0.488562	4.81446	0.807755	0.459255	0.356104	0.0687539
20291	0.0148973	-0.0287048	3.60112	1.68175	0.467007	1.33188	-2.77638	3.98442	1.92898	0.484129	4.35282	0.86722	0.476001	0.343396	0.0689529
20292	0.00425726	0.020853	3.56273	1.62169	0.455181	1.20198	-2.80961	3.65577	1.82132	0.498204	5.58474	0.71727	0.47697	0.367895	0.0692923
20293	-0.0403062	-0.00793611	3.64156	1.7263	0.474055	1.15155	-2.79249	3.6198	1.88713	0.521336	5.45838	0.710261	0.497624	0.349264	0.0695342
20294	0.00466004	0.0342012	3.72843	1.67811	0.450086	1.13857	-2.82759	3.65288	1.85278	0.50721	6.36966	0.64288	0.478356	0.367153	0.0698625
20295	0.0501022	0.0683632	3.56024	1.64561	0.46222	1.1455	-2.83886	3.92636	1.75601	0.447235	7.0439	0.599948	0.454361	0.38328	0.0700299
20296	-0.0551638	0.0382592	3.75431	1.72787	0.460237	1.11129	-2.86214	3.86734	1.89058	0.488858	6.18275	0.680307	0.47476	0.36769	0.0701267
20297	0.00641655	-0.00134938	3.80356	1.78252	0.468644	1.15	-2.84346	3.70136	1.70769	0.46137	6.17654	0.653892	0.465057	0.366639	0.0704857
20298	-0.0718422	0.00893486	3.85092	1.7206	0.446801	1.25296	-2.78514	3.65611	1.77395	0.485203	4.4481	0.877547	0.465503	0.358473	0.0705903
20299	0.0500795	-0.0160553	3.71354	1.71464	0.461726	1.20283	-2.78563	3.41505	1.64295	0.48109	5.77238	0.664419	0.471003	0.363634	0.071264
20300	-0.016897	0.0242912	3.5281	1.66275	0.471287	1.18571	-2.77868	3.69395	1.70317	0.46107	5.43239	0.723129	0.466061	0.368621	0.0716394
20301	-0.0491813	0.0235587	3.83373	1.68688	0.440012	1.21232	-2.76559	3.34247	1.66379	0.497772	4.88839	0.795699	0.466915	0.367378	0.0717676
20302	0.000217364	0.0373467	3.79645	1.65261	0.435304	1.17516	-2.78481	3.71887	1.61204	0.433474	5.7694	0.690244	0.434399	0.378966	0.0717268
20303	-0.0774425	-0.00292708	3.79839	1.71549	0.451637	1.31453	-2.79359	3.74831	1.55198	0.414049	4.01934	0.96879	0.432968	0.373495	0.0718206
20304	0.0424653	0.00845514	3.86137	1.79308	0.464363	1.18843	-2.78138	3.65438	1.71747	0.469977	5.92675	0.656612	0.467093	0.356725	0.0720217
20305	-0.000885971	0.010093	3.6279	1.82315	0.502538	1.2005	-2.82528	3.79176	1.75782	0.463589	5.57003	0.721662	0.482634	0.359605	0.0721104
20306	0.0286302	0.0526534	4.07596	1.86457	0.457456	1.1651	-2.80664	3.83499	1.88808	0.49233	6.32996	0.645784	0.474362	0.35272	0.0722674
20307	0.133962	0.153683	3.70468	1.79751	0.485201	1.10943	-2.85522	3.79648	1.84759	0.486657	9.51463	0.475768	0.485938	0.383191	0.0726982
20308	0.0157015	0.0630022	4.05909	1.84688	0.454999	1.23822	-2.7991	3.96604	1.93162	0.487041	5.481	0.747275	0.470834	0.351601	0.0729277
20309	0.0494376	0.0852264	3.83871	1.82408	0.475182	1.24724	-2.75213	3.65966	1.84794	0.50495	5.61126	0.717359	0.48971	0.354162	0.073333
20310	0.0759186	0.0764589	3.62675	1.6777	0.462591	1.34057	-2.75133	3.75289	1.8033	0.480509	4.99979	0.799672	0.471703	0.364908	0.0738632
20311	0.081957	0.0937314	3.53516	1.7332	0.490276	1.22363	-2.7232	3.77688	1.69421	0.448573	6.08793	0.651706	0.468735	0.366722	0.0741441
20312	-0.0388044	0.0479065	4.12634	1.75594	0.425546	1.29784	-2.77126	3.65142	1.60972	0.440848	4.44844	0.89331	0.43273	0.371324	0.074629
20313	0.031533	0.00348256	3.58875	1.66867	0.464974	1.25703	-2.78438	3.81922	1.76262	0.461513	5.17508	0.750926	0.46319	0.361657	0.074727
20314	-0.146492	-0.0922213	3.85969	1.75155	0.453805	1.228	-2.7787	3.76344	1.62146	0.430845	3.82014	0.944618	0.44247	0.348614	0.074875
20315	-0.0736357	-0.100963	3.44363	1.64771	0.47848	1.20179	-2.8241	3.52948	1.63067	0.462014	4.55858	0.813355	0.470145	0.361336	0.0749949
20316	-0.230464	-0.175998	3.82169	1.61394	0.422311	1.28496	-2.79791	3.79383	1.6501	0.434942	2.99339	1.14826	0.428604	0.34503	0.0753717
20317	-0.122479	-0.16829	3.82841	1.60826	0.420086	1.20073	-2.78301	3.52757	1.63523	0.463557	3.90477	0.875439	0.440933	0.345218	0.075519
20318	-0.133486	-0.226857	3.62015	1.77718	0.490913	1.17699	-2.86463	3.84485	1.6234	0.422227	4.05154	0.858669	0.455536	0.338526	0.0759368
20319	-0.34321	-0.242049	3.90495	1.85081	0.473964	1.08278	-2.89002	3.76395	1.68283	0.447092	3.44821	1.01672	0.460775	0.331694	0.0760166
20320	-0.204195	-0.214998	3.8384	1.70117	0.443199	1.1574	-2.88576	3.63274	1.593	0.438511	3.8475	0.926964	0.44092	0.351325	0.0763471
20321	-0.230098	-0.237675	3.75881	1.66133	0.441981	1.18995	-2.87491	3.79493	1.64224	0.432747	3.449	1.00826	0.437342	0.344944	0.0766381
20322	-0.167613	-0.215843	3.57172	1.7785	0.49794	1.19756	-2.86777	3.65816	1.62625	0.444553	3.77351	0.931855	0.470927	0.340652	0.0769137
20323	-0.215344	-0.260539	3.59968	1.71916	0.477588	1.05807	-2.91093	3.55019	1.68799	0.475465	4.33194	0.810789	0.476534	0.340233	0.0769187
20324	-0.293424	-0.283249	3.90322	1.88371	0.482605	1.02381	-2.92931	3.894	1.75447	0.450556	4.03526	0.867555	0.4666	0.324945	0.0769213
20325	-0.325419	-0.323897	3.81166	1.87793	0.492681	1.15063	-2.85306	3.36978	1.65996	0.492602	2.93599	1.08936	0.492644	0.311408	0.0770938
20326	-0.433186	-0.333859	3.62857	1.7614	0.485425	1.22645	-2.8002	3.50599	1.65083	0.470859	2.2084	1.3772	0.478267	0.308383	0.0773723
20327	-0.385321	-0.35448	3.74773	1.77602	0.473893	1.23917	-2.81248	3.67167	1.71331	0.466629	2.28943	1.31949	0.470298	0.302207	0.0774581
20328	-0.388869	-0.361488	3.71783	1.64768	0.443182	1.13092	-2.86196	3.80739	1.71972	0.451679	2.70694	1.15488	0.447481	0.317134	0.0777377
20329	-0.41649	-0.389309	3.76731	1.63857	0.434945	1.23403	-2.85534	3.70722	1.6653	0.449203	2.23232	1.3621	0.442016	0.315254	0.078197
20330	-0.31394	-0.341574	3.63991	1.58651	0.435866	1.16035	-2.86615	3.71729	1.70159	0.457749	2.93231	1.08677	0.446923	0.326521	0.0784383
20331	-0.265177	-0.291084	3.25259	1.53699	0.472543	1.06396	-2.92235	3.96052	1.71706	0.433544	3.91914	0.883298	0.45113	0.347337	0.0789625
20332	-0.424625	-0.333451	3.77487	1.62767	0.431185	1.04315	-2.91642	3.39179	1.65354	0.487512	3.09685	1.07718	0.457843	0.337127	0.0792077
20333	-0.21824	-0.26699	3.63883	1.72138	0.473059	1.0409	-2.94067	3.85809	1.76325	0.457028	4.50891	0.792714	0.464809	0.339114	0.0794435
20334	-0.217042	-0.226466	3.73671	1.8307	0.489922	0.972261	-3.00705	3.55692	1.6504	0.463998	5.46622	0.70722	0.477279	0.357135	0.0797628
20335	-0.12215	-0.134291	3.79784	1.85126	0.487452	0.879263	-3.05391	3.51867	1.84056	0.523083	8.50015	0.501414	0.504588	0.366095	0.0793937
20336	-0.150565	-0.157379	3.88849	1.81853	0.467671	0.979664	-3.05006	3.7215	1.75281	0.470995	6.55038	0.63871	0.469297	0.369498	0.0793964
20337	-0.294369	-0.189361	3.99756	1.84743	0.462139	0.98812	-3.04969	3.72269	1.80864	0.485841	4.97423	0.822389	0.473568	0.358863	0.0796778
20338	-0.111327	-0.206198	3.74065	1.78032	0.475939	0.893682	-3.10894	3.8551	1.74125	0.451673	8.34212	0.505021	0.463623	0.374399	0.0796436
20339	-0.216786	-0.222249	3.73958	1.81441	0.485191	0.91192	-3.08913	3.56291	1.76054	0.49413	6.45145	0.636989	0.489552	0.3651	0.0795801
20340	-0.15557	-0.18983	4.03812	1.87377	0.46402	0.853921	-3.09606	3.6598	1.6515	0.451255	8.28809	0.509536	0.457951	0.374715	0.0797816
20341	-0.20249	-0.131081	3.85927	1.81467	0.470212	0.977308	-3.03141	3.84794	1.76963	0.45989	6.04339	0.695962	0.465059	0.369886	0.0801176
20342	-0.0970294	-0.165007	3.8912	1.6929	0.43506	0.973881	-3.08463	3.44629	1.79415	0.520603	7.43272	0.573424	0.475238	0.379436	0.080391
20343	-0.0643421	-0.156718	3.77852	1.81548	0.480475	0.822456	-3.16906	3.48651	1.72529	0.494847	11.5388	0.393205	0.487372	0.390621	0.0807911
20344	-0.218147	-0.213182	3.55661	1.86417	0.524142	0.757537	-3.19447	3.62068	1.72242	0.475718	9.3366	0.475979	0.499714	0.382657	0.080755
20345	-0.212675	-0.12536	4.09158	1.84721	0.451467	0.885931	-3.16243	3.94851	1.85444	0.469655	7.64234	0.603467	0.460399	0.383957	0.0808148
20346	-0.135449	-0.19496	3.71546	1.6573	0.446055	0.946978	-3.08994	3.86849	1.74417	0.450867	7.1531	0.585824	0.44851	0.381297	0.0811887
20347	-0.209194	-0.251486	3.55671	1.60554	0.451412	0.928139	-3.11472	3.43245	1.62203	0.472557	6.33779	0.646763	0.461796	0.3885	0.0817017
20348	-0.24574	-0.212572	3.40926	1.58553	0.465066	0.818946	-3.19703	3.33347	1.50652	0.451938	7.85757	0.566778	0.458576	0.418778	0.0822408
20349	-0.211021	-0.224164	3.55805	1.72283	0.484205	0.736093	-3.27545	3.86192	1.69223	0.438184	10.3791	0.448513	0.460252	0.405436	0.0827722
20350	-0.144655	-0.218944	3.74059	1.91801	0.512756	0.772579	-3.2197	3.64132	1.52589	0.419047	10.7029	0.420659	0.466531	0.395401	0.0831961
20351	-0.21297	-0.233978	3.78512	1.63336	0.431522	0.799661	-3.22941	3.55419	1.48638	0.418203	8.75018	0.512711	0.425072	0.418395	0.0830618
20352	-0.157758	-0.194353	3.69338	1.66097	0.449717	0.717139	-3.21132	3.42636	1.46896	0.428723	11.8912	0.382722	0.439614	0.421089	0.0831662
20353	-0.0905059	-0.183727	3.83816	1.72479	0.449381	0.734972	-3.19089	3.75278	1.61911	0.431442	13.2709	0.340707	0.440512	0.403491	0.0837034
20354	-0.221896	-0.191368	3.87282	1.77555	0.458465	0.813112	-3.18731	3.46997	1.58741	0.457471	8.37874	0.535621	0.457995	0.400328	0.0838052
20355	-0.163913	-0.120459	3.83316	1.77011	0.461787	0.851938	-3.15782	3.5674	1.65394	0.463627	8.93987	0.515977	0.462674	0.4026	0.0839399
20356	-0.0649691	-0.119902	3.7662	1.57398	0.417923	0.797835	-3.17062	3.60796	1.62696	0.450937	12.502	0.372215	0.434076	0.421045	0.0844165
20357	-0.065503	-0.071414	3.59094	1.65949	0.462134	0.862725	-3.12264	3.67706	1.59515	0.433812	10.8054	0.430803	0.447805	0.417076	0.0842449
20358	-0.171134	-0.118384	3.77921	1.66151	0.439644	0.775803	-3.15344	3.80524	1.74254	0.457932	10.2729	0.448344	0.448819	0.403646	0.0845294
20359	-0.224297	-0.227299	3.79014	1.65015	0.43538	0.871117	-3.15386	4.03305	1.84319	0.45702	7.1377	0.599965	0.446536	0.38013	0.0848252
20360	-0.18107	-0.253133	3.61873	1.6323	0.451069	0.936333	-3.11888	3.97009	1.8248	0.459637	6.57741	0.624295	0.455551	0.372719	0.0848106
20361	-0.198086	-0.231224	4.01554	1.69009	0.420888	0.912335	-3.11692	3.89139	1.89144	0.486058	6.75347	0.616517	0.452961	0.367711	0.0852969
20362	-0.256183	-0.241107	3.76374	1.78959	0.475481	0.908854	-3.08422	3.71442	1.91192	0.514729	5.95539	0.678656	0.494975	0.353262	0.0855313
20363	-0.169058	-0.189602	3.85262	1.62348	0.421396	0.802903	-3.13735	3.63954	1.99116	0.54709	9.19776	0.472354	0.482456	0.375498	0.0857341
20364	-0.0699448	-0.122559	3.75918	1.71235	0.455511	0.947295	-3.04179	3.7118	1.79215	0.482825	8.23551	0.517389	0.469081	0.378199	0.0860585
20365	-0.222629	-0.172693	4.12517	1.88352	0.456591	0.99765	-2.97988	3.96579	1.79396	0.45236	5.29204	0.74454	0.454517	0.34895	0.0864722
20366	-0.122936	-0.10684	3.90528	1.71253	0.438517	1.14476	-2.9147	3.80495	1.85755	0.488193	4.90593	0.803524	0.463032	0.355823	0.0867115
20367	-0.0745077	-0.0390629	3.76268	1.70539	0.453239	1.01794	-2.97403	3.71118	1.86566	0.502714	7.2178	0.596722	0.477806	0.376305	0.0870259
20368	0.0143523	0.0363259	3.7337	1.7336	0.46431	1.04384	-2.96352	4.02077	1.7814	0.44305	8.49093	0.529923	0.453287	0.390381	0.0871274
20369	0.0049046	0.0859463	3.80382	1.75078	0.460268	0.972704	-2.93915	3.48871	1.82347	0.522679	9.77032	0.468318	0.490125	0.390393	0.0873184
20370	-0.00900452	0.0863411	3.48779	1.6832	0.482598	1.03075	-2.99584	3.57365	1.7435	0.487876	8.78726	0.540546	0.485269	0.40948	0.0873531
20371	0.117291	0.147646	3.61425	1.77271	0.490479	1.04254	-2.98365	3.67175	1.7049	0.464329	11.4532	0.428047	0.477301	0.413564	0.0873176
20372	0.207462	0.152051	3.53646	1.52334	0.430752	0.903212	-3.0112	3.5526	1.61565	0.45478	20.671	0.242034	0.442793	0.443617	0.0874368
20373	0.2442	0.157177	3.40347	1.68644	0.495505	1.05724	-2.94395	3.43133	1.66311	0.484684	14.5484	0.330518	0.490073	0.417976	0.0876245
20374	0.0967328	0.090642	3.68571	1.81946	0.493653	1.1056	-2.91915	3.60158	1.5986	0.443861	8.90022	0.50891	0.469044	0.398641	0.088155
20375	0.0695175	0.0904024	4.04965	1.82255	0.450052	1.09491	-2.88848	3.80667	1.77322	0.465818	8.43974	0.52571	0.457691	0.381672	0.0880878
20376	0.109548	0.102746	3.5515	1.64863	0.464207	1.1682	-2.87472	3.51967	1.73529	0.493026	7.91026	0.560369	0.478552	0.395875	0.0879656
20377	0.153618	0.110584	3.6419	1.78457	0.49001	1.10108	-2.91919	3.85778	1.73781	0.45047	10.2258	0.448843	0.469671	0.394615	0.088203
20378	0.084893	0.0957896	3.72528	1.75887	0.472144	0.982123	-2.98281	3.60974	1.73394	0.480351	11.7733	0.402511	0.476182	0.404307	0.0883974
20379	0.105938	0.142056	3.51795	1.62378	0.46157	0.892223	-3.05259	3.93492	1.70906	0.434331	16.5076	0.309122	0.447189	0.433725	0.0884057
20380	0.148005	0.148612	3.8495	1.74696	0.453816	0.968809	-3.06461	3.95575	1.8612	0.470505	15.325	0.33686	0.462274	0.417159	0.088628
20381	0.131697	0.188345	3.62737	1.78781	0.492868	0.897413	-3.08761	3.80189	1.92603	0.506599	18.3037	0.293161	0.499895	0.419544	0.0884293
20382	0.207652	0.178917	3.82759	1.82975	0.478043	0.864912	-3.16279	3.89102	1.95918	0.503512	25.8502	0.215995	0.490882	0.424357	0.088878
20383	0.171489	0.198986	3.87621	1.87821	0.484548	0.859122	-3.14589	3.9753	1.88112	0.473202	23.6617	0.236419	0.478803	0.426737	0.0889099
20384	0.212101	0.204212	3.95156	1.83894	0.46537	0.836133	-3.16521	4.05214	1.86156	0.459401	29.1539	0.194708	0.462348	0.434189	0.0887909
20385	0.226465	0.228336	3.89977	1.89091	0.484879	0.849566	-3.10448	3.74977	1.85966	0.495939	28.6092	0.194127	0.4903	0.425541	0.0886364
20386	0.214619	0.261088	3.44698	1.63904	0.475501	0.886877	-3.11417	3.87929	1.85235	0.477496	25.2083	0.225965	0.476557	0.449386	0.089132
20387	0.260205	0.235158	3.78069	1.82846	0.483631	0.904086	-3.06551	3.66535	1.72938	0.471818	26.2781	0.207291	0.477816	0.433718	0.0893173
20388	0.164506	0.223097	3.70022	1.66434	0.449795	0.97396	-3.05361	3.65236	1.72627	0.472646	16.3867	0.327608	0.461146	0.44198	0.0893173
20389	0.277417	0.262344	3.64359	1.70267	0.467305	0.922529	-3.06202	3.57749	1.64715	0.46042	26.555	0.208085	0.463894	0.452112	0.0890579
20390	0.255575	0.237633	3.75276	1.66433	0.443494	0.916198	-3.0484	4.09602	1.80815	0.441442	24.7421	0.218211	0.442423	0.437503	0.0895542
20391	0.266871	0.258668	3.82768	1.73438	0.453116	0.925094	-3.11061	3.59724	1.75652	0.488296	26.2017	0.216629	0.47016	0.448544	0.0896904
20392	0.332989	0.292414	3.71681	1.781	0.479174	0.829143	-3.1388	3.51515	1.76441	0.501946	47.8259	0.123084	0.490243	0.453728	0.0898334
20393	0.231785	0.288507	3.90156	1.82415	0.467543	0.967305	-3.07584	3.68348	1.78331	0.484138	20.9225	0.270495	0.475602	0.439712	0.090033
20394	0.320629	0.296177	3.87318	1.80018	0.46478	0.921994	-3.04897	3.80118	1.77181	0.466121	30.9424	0.18082	0.465445	0.439327	0.0901835
20395	0.306228	0.280089	3.88133	1.8522	0.477206	1.00673	-3.068	3.70914	1.75687	0.473661	22.8441	0.245352	0.475474	0.437217	0.0901043
20396	0.0651613	0.0613899	3.76399	1.76573	0.469111	0.688241	-3.25311	3.71744	1.61982	0.435736	28.2975	0.194114	0.452528	0.448014	0.0905463
20397	0.0717099	0.0397374	4.02036	1.87	0.465133	0.856976	-3.19571	3.67735	1.77533	0.482776	16.976	0.308322	0.473561	0.41802	0.0904114
20398	0.0210486	0.0514396	4.16558	1.89208	0.454219	0.8128	-3.20384	3.52708	1.65186	0.468337	16.9043	0.313435	0.460692	0.427886	0.0907933
20399	0.156844	0.0574294	4.00473	1.78698	0.446217	0.663333	-3.30986	3.78068	1.66386	0.440096	44.1996	0.128266	0.443245	0.451107	0.0914411
20400	0.174467	0.122421	3.83697	1.84793	0.481613	0.754894	-3.22404	3.89815	1.628	0.417634	33.2411	0.168448	0.44937	0.446246	0.0911038
20401	0.0613079	0.140946	3.84163	1.75869	0.457797	0.792425	-3.19258	3.93655	1.62892	0.413793	20.7889	0.267266	0.435526	0.450696	0.0910186
20402	0.134865	0.152878	3.67856	1.75822	0.477965	0.852647	-3.18874	3.66573	1.74392	0.475736	21.6735	0.257605	0.476852	0.443676	0.0910172
20403	0.132878	0.155729	3.82059	1.72229	0.45079	0.764181	-3.16219	3.5101	1.68081	0.478848	27.6221	0.199271	0.464225	0.447246	0.0907986
20404	0.294407	0.256867	3.43898	1.64012	0.47692	0.874372	-3.05246	3.69441	1.59638	0.432106	32.5592	0.16818	0.453711	0.458397	0.0905918
20405	0.372341	0.330649	3.66478	1.82912	0.499109	0.954105	-3.0577	3.71848	1.71879	0.462229	33.922	0.169225	0.480535	0.447328	0.0908866
20406	0.391943	0.36342	4.00598	1.77649	0.44346	0.948595	-3.06604	3.88867	1.81475	0.466677	37.9564	0.154931	0.454896	0.450294	0.0908256
20407	0.495742	0.515196	3.77567	1.72545	0.456991	0.955502	-3.0016	3.67299	1.73574	0.472569	58.5101	0.10569	0.464673	0.471953	0.0910477
20408	0.405144	0.417472	3.67785	1.71931	0.467476	1.15547	-2.87807	3.69065	1.64878	0.446744	19.2909	0.281495	0.457092	0.446456	0.0912891
20409	0.446319	0.452705	3.7188	1.89144	0.508615	1.14932	-2.77485	3.94115	1.70052	0.431478	21.0785	0.247103	0.468927	0.420422	0.0914739
20410	0.460053	0.431491	3.97275	1.84429	0.464235	1.2371	-2.7719	3.36399	1.62007	0.481593	16.995	0.301905	0.472194	0.425582	0.0919566
20411	0.400382	0.4052	3.66202	1.7658	0.482193	1.22014	-2.72873	3.49429	1.64277	0.470129	14.6153	0.336	0.476302	0.418846	0.0923429
20412	0.37815	0.345045	3.85339	1.74242	0.452179	1.35118	-2.66664	3.6514	1.63862	0.448766	9.57996	0.473396	0.450519	0.401557	0.0922862
20413	0.26363	0.301965	3.92521	1.80067	0.458745	1.38656	-2.65265	3.5902	1.70029	0.473592	6.92298	0.63049	0.465838	0.38412	0.0922922
20414	0.221552	0.28494	3.59617	1.75364	0.48764	1.38911	-2.65306	3.7758	1.80649	0.478439	6.33205	0.681601	0.482927	0.377511	0.0926333
20415	0.324394	0.372004	3.87685	1.74602	0.45037	1.29119	-2.66843	3.75406	1.60827	0.428407	9.89013	0.467347	0.439565	0.40805	0.0927526
20416	0.328624	0.347792	3.51266	1.84616	0.525573	1.27308	-2.78246	3.56861	1.62762	0.456094	10.9849	0.445997	0.490559	0.413672	0.0930417
20417	0.332104	0.378163	3.55247	1.74384	0.490881	1.17613	-2.76568	3.78996	1.75453	0.46294	13.8743	0.356188	0.476459	0.414062	0.0932467
20418	0.359898	0.334491	3.8637	1.71443	0.443729	1.27862	-2.74949	3.89151	1.85998	0.477957	11.2682	0.422027	0.460904	0.399596	0.0932678
20419	0.373479	0.31432	3.33781	1.75764	0.526585	1.32346	-2.75009	3.52246	1.70588	0.484287	10.4056	0.451228	0.504867	0.40411	0.0934309
20420	0.241532	0.216967	3.81141	1.70911	0.448419	1.07904	-2.89658	3.51156	1.74212	0.496109	13.8208	0.350708	0.471288	0.412655	0.0934826
20421	0.183271	0.227715	4.03419	1.86302	0.461809	1.13463	-2.90812	3.46694	1.76959	0.510417	10.8648	0.45254	0.484275	0.403729	0.093806
20422	0.349798	0.340547	3.95918	1.87631	0.473913	1.05894	-2.96711	3.74749	1.78994	0.477636	21.7561	0.251438	0.475724	0.427396	0.0937381
20423	0.351447	0.360593	4.13408	1.82008	0.440262	0.940271	-2.99525	3.86269	1.84197	0.476863	32.4812	0.173357	0.457941	0.43477	0.0942191
20424	0.32539	0.350078	3.85765	1.74447	0.45221	0.948218	-3.05081	3.94909	1.86115	0.471285	29.816	0.193957	0.461859	0.445169	0.0943132
20425	0.39346	0.358259	3.85301	1.72472	0.44763	1.0321	-2.98045	3.63812	1.86856	0.513605	27.3306	0.203928	0.479671	0.436915	0.0944409
20426	0.266502	0.321899	3.94787	1.81836	0.460592	1.03108	-3.01658	3.96534	1.76699	0.445607	19.0656	0.292292	0.453083	0.437425	0.0946608
20427	0.328011	0.344061	3.76474	1.81946	0.483289	0.858388	-3.06552	3.62855	1.68131	0.463355	41.3268	0.14065	0.473506	0.453733	0.0947279
20428	0.31519	0.251244	4.11535	1.95047	0.473949	1.0281	-2.99636	3.84742	1.8101	0.470471	20.7516	0.254124	0.472269	0.412285	0.0951579
20429	0.164187	0.224981	3.93392	1.94003	0.493153	0.992513	-2.98753	3.9361	1.74731	0.443918	15.0414	0.343062	0.468529	0.411785	0.0958541
20430	0.249514	0.243953	3.96751	1.92672	0.485626	0.945387	-3.04692	3.83645	1.7816	0.464388	22.3647	0.242119	0.475185	0.422122	0.0961936
20431	0.308026	0.266401	3.92247	1.85738	0.473524	1.01854	-2.97243	3.79248	1.81316	0.478094	20.7791	0.252418	0.47577	0.416852	0.0962144
20432	0.315855	0.299814	3.85108	1.82963	0.475095	1.04007	-2.95709	4.02188	1.74813	0.434655	20.2246	0.262241	0.454436	0.425808	0.096822
20433	0.299727	0.282561	3.91123	1.82485	0.466566	1.02967	-3.03461	3.60475	1.77334	0.491945	20.6518	0.266409	0.478738	0.433398	0.0967492
20434	0.268255	0.286378	4.03748	1.93271	0.478693	0.860588	-3.09372	3.75613	1.73057	0.460732	32.5632	0.175429	0.470036	0.438231	0.0968897
20435	0.399546	0.350307	3.48631	1.72822	0.495716	0.935713	-3.10646	3.50061	1.63	0.465633	41.5661	0.143738	0.480644	0.470898	0.0972893
20436	0.307603	0.310041	3.58508	1.75206	0.488709	0.903435	-3.1224	3.59145	1.79037	0.498509	33.1862	0.177508	0.493614	0.454113	0.0974922
20437	0.27438	0.30102	3.55062	1.91041	0.538049	0.846886	-3.13469	3.59033	1.84122	0.512826	36.0142	0.163882	0.525367	0.440401	0.097765
20438	0.300421	0.308902	3.87638	1.85421	0.478335	0.847088	-3.1687	3.59513	1.74808	0.486237	40.4683	0.149422	0.482137	0.456441	0.0981422
20439	0.247997	0.249724	3.82424	1.7931	0.468876	0.792523	-3.18713	4.04899	1.84619	0.455964	39.8369	0.148254	0.462236	0.44807	0.0983492
20440	0.337622	0.248909	3.68529	1.82643	0.4956	0.846913	-3.20898	3.88614	1.73765	0.447141	46.0988	0.129689	0.470728	0.456266	0.0987721
20441	0.209899	0.234302	3.56661	1.75815	0.492949	0.782815	-3.23345	3.89489	1.87258	0.480778	36.6366	0.164116	0.486595	0.453085	0.0991838
20442	0.147682	0.175974	3.45296	1.70194	0.492892	0.773342	-3.19769	3.65647	1.81201	0.495563	29.0754	0.195725	0.494266	0.447559	0.0992458
20443	0.187007	0.143963	3.78494	1.70336	0.450036	0.811876	-3.18862	3.95735	2.00105	0.505655	28.4435	0.195231	0.478465	0.428537	0.0997176
20444	0.167901	0.113616	3.60321	1.71252	0.475276	0.838969	-3.18577	3.84545	1.89424	0.492592	24.1731	0.225166	0.484215	0.430177	0.100014
20445	0.210493	0.185327	3.58826	1.71398	0.477663	0.84254	-3.08035	3.77535	1.90469	0.504506	26.6961	0.199741	0.491426	0.424344	0.100341
20446	0.16183	0.20683	3.96163	1.83476	0.463133	1.01308	-3.0115	3.90457	1.842	0.471754	14.2937	0.362316	0.467412	0.413359	0.100517
20447	0.130418	0.111785	3.85079	1.84954	0.480302	0.970843	-2.98094	3.87509	1.76886	0.45647	13.5421	0.353157	0.468348	0.39802	0.100466
20448	0.037847	0.0851529	3.92628	1.70392	0.433977	0.999325	-2.98802	3.88136	1.7349	0.446983	10.2163	0.46222	0.440443	0.407212	0.100774
20449	0.135917	0.112478	3.75135	1.69087	0.450736	0.995482	-2.97195	3.81984	1.80737	0.473155	12.8763	0.369426	0.462047	0.404844	0.101036
20450	0.0944231	0.121232	3.62974	1.71389	0.472181	1.08941	-2.91822	3.68265	1.80337	0.489693	9.33153	0.495004	0.481	0.396488	0.10101
20451	0.0776456	0.0734891	3.5672	1.74729	0.48982	1.054	-2.96637	3.90764	1.71024	0.437665	9.69382	0.476629	0.462554	0.400657	0.101356
20452	0.0969473	0.10334	3.88374	1.82627	0.470233	0.934833	-2.97012	3.81156	1.80695	0.47407	13.4551	0.351026	0.472134	0.394054	0.101595
20453	0.176032	0.137957	3.70458	1.69347	0.457128	1.02668	-3.04188	3.93448	1.89661	0.482047	13.9736	0.361802	0.469963	0.413307	0.101605
20454	0.0350435	0.0579296	3.99217	1.79586	0.449845	0.982663	-2.99565	3.9122	1.73724	0.444056	10.3837	0.448991	0.44698	0.397632	0.101793
20455	-0.0225648	0.0279849	3.87452	1.71312	0.44215	1.02522	-3.01254	3.79698	1.82419	0.480433	8.42084	0.548924	0.461098	0.395297	0.102254
20456	0.00765763	0.0656802	3.72585	1.79534	0.48186	0.973384	-2.99415	3.79364	1.83696	0.48422	10.0389	0.466313	0.483051	0.391994	0.101955
20457	0.0411035	0.09121	3.60847	1.74339	0.483137	1.18171	-2.95218	3.88317	1.71849	0.442547	7.11937	0.650496	0.462098	0.400914	0.102332
20458	0.0245076	0.0683167	3.78409	1.7679	0.467193	1.01058	-2.97999	3.76587	1.79294	0.476102	9.55641	0.486174	0.471637	0.394934	0.102659
20459	0.0924587	0.0749234	3.78665	1.75721	0.464054	1.08185	-2.89454	3.71177	1.81474	0.488916	9.00776	0.48945	0.476361	0.381745	0.102902
20460	0.05037	0.048327	3.72805	1.70712	0.457911	1.09607	-2.94294	4.08292	1.83337	0.449033	8.18263	0.546748	0.453271	0.387303	0.102782
20461	-0.101379	0.0152877	3.90553	1.84214	0.471675	1.0969	-2.94713	3.84615	1.87769	0.488199	6.11191	0.717935	0.479874	0.371109	0.103034
20462	0.0412459	0.0417472	3.83454	1.92487	0.501983	1.10387	-2.87174	3.99173	1.88908	0.473249	7.51744	0.564581	0.487327	0.357608	0.103328
20463	0.0698453	0.056023	3.98597	1.87358	0.470044	1.08508	-2.89173	3.78023	1.74628	0.461952	8.43034	0.515355	0.466105	0.375159	0.10376
20464	-0.064176	0.0199985	3.85144	1.81388	0.470962	1.061	-2.91857	3.54837	1.72364	0.485756	6.82075	0.63301	0.478056	0.379099	0.103774
20465	0.000220198	0.0266884	3.68547	1.81831	0.493373	1.10061	-2.89519	3.96821	1.65831	0.417899	7.05068	0.60543	0.454242	0.380506	0.103818
20466	0.0593378	0.061679	3.9019	1.73779	0.44537	1.08202	-2.95373	3.66485	1.73242	0.472712	8.69382	0.522941	0.458613	0.39591	0.104092
20467	0.0878711	0.0881442	3.61281	1.74284	0.482406	1.10413	-2.92107	3.83164	1.76365	0.460286	8.7679	0.516393	0.471021	0.392443	0.10474
20468	0.00702024	0.0234691	3.27645	1.6653	0.508264	1.14012	-2.89633	3.78366	1.7023	0.449909	6.64003	0.641957	0.47699	0.387706	0.104941
20469	0.143189	0.0773755	3.96757	1.76669	0.445283	1.07479	-2.93104	3.88275	1.83408	0.472366	10.4283	0.433942	0.458678	0.38601	0.105548
20470	0.194178	0.164065	3.45365	1.68259	0.487191	1.1585	-2.91906	3.71115	1.83467	0.494368	10.2221	0.464955	0.490909	0.403335	0.10569
20471	0.22959	0.204456	3.84505	1.69396	0.440555	1.03384	-2.94351	3.70537	1.94163	0.524005	15.3206	0.323411	0.481508	0.405391	0.106037
20472	0.161778	0.181781	3.75889	1.82538	0.485616	1.046	-2.94392	4.02115	1.78847	0.444765	12.4961	0.390923	0.464502	0.403417	0.106155
20473	0.210669	0.193804	3.97644	1.8207	0.457872	0.943867	-2.97753	3.94056	1.84112	0.467225	18.7086	0.26879	0.462527	0.407225	0.105763
20474	0.179221	0.219909	3.57484	1.76344	0.493293	1.03558	-2.98601	4.18076	1.81804	0.434859	14.015	0.366677	0.461794	0.417858	0.106132
20475	0.248917	0.235417	4.1328	1.90758	0.461571	1.09154	-2.93317	3.96592	1.88972	0.47649	14.1405	0.355007	0.468877	0.398071	0.106277
20476	0.139216	0.203672	3.38194	1.79279	0.530108	1.09862	-2.90203	3.91934	1.91494	0.488587	10.479	0.460224	0.507819	0.39419	0.106485
20477	0.204313	0.242999	3.77196	1.77628	0.470916	1.04324	-2.88502	3.76351	1.86111	0.494514	13.9025	0.351898	0.482702	0.402212	0.106817
20478	0.18277	0.207487	3.53567	1.81061	0.512099	1.13602	-2.88137	3.90806	1.81752	0.465071	10.4997	0.454346	0.487408	0.396777	0.107255
20479	0.175424	0.191845	4.10235	1.91887	0.467748	1.09015	-2.84748	3.57905	1.8575	0.518991	11.04	0.418365	0.491624	0.379591	0.107371
20480	0.192764	0.181079	3.81265	1.77048	0.464369	1.10859	-2.81266	3.94069	1.86484	0.473228	10.6857	0.41937	0.468871	0.38144	0.107894
20481	0.131008	0.202801	3.75842	1.78312	0.474434	1.22349	-2.86112	4.01014	1.80534	0.450195	7.86543	0.596763	0.461922	0.395529	0.10783
20482	0.222209	0.230608	3.67175	1.77451	0.483287	1.21847	-2.85251	4.15508	1.70318	0.409903	9.57716	0.496264	0.444329	0.406059	0.108033
20483	0.137133	0.189289	3.37865	1.59884	0.473219	1.19282	-2.85102	3.83144	1.74817	0.456269	8.294	0.557239	0.464212	0.408555	0.108047
20484	0.202341	0.226106	3.77155	1.64103	0.435107	1.06796	-2.90221	3.91826	1.7951	0.458136	13.0609	0.374644	0.446841	0.416017	0.10779
20485	0.282478	0.288952	3.80602	1.82781	0.480242	1.18993	-2.86013	3.63221	1.58613	0.436684	12.0428	0.41173	0.458972	0.420813	0.10811
20486	0.176485	0.265954	3.66722	1.75139	0.477578	1.15949	-2.88421	3.60295	1.7619	0.489016	10.2696	0.483151	0.483246	0.414005	0.108216
20487	0.302481	0.266738	3.80345	1.85603	0.487986	1.16674	-2.85966	4.07241	1.93637	0.475485	13.086	0.373468	0.481522	0.391972	0.108499
20488	0.221292	0.234529	3.66199	1.76917	0.483116	1.24902	-2.84418	3.81834	1.87196	0.490256	8.97395	0.52811	0.486761	0.39435	0.108891
20489	0.212347	0.257046	3.88854	1.60117	0.411767	1.08147	-2.90878	3.74961	1.71191	0.456558	13.2682	0.377687	0.433755	0.430737	0.109198
20490	0.26669	0.255062	3.78085	1.67517	0.443067	1.09681	-2.84271	3.60231	1.62516	0.451142	13.9256	0.344551	0.447007	0.421054	0.109519
20491	0.305348	0.24004	4.13036	1.86072	0.450498	1.18604	-2.80906	3.60528	1.72001	0.477081	11.9865	0.387813	0.462887	0.393728	0.110151
20492	0.244104	0.200494	3.79536	1.64304	0.432907	1.14051	-2.82828	3.80794	1.82782	0.480003	11.4162	0.401776	0.456494	0.397982	0.110892
20493	0.187984	0.214946	3.37156	1.69619	0.503088	0.99201	-2.91697	3.84063	1.85602	0.483258	15.1733	0.323229	0.492528	0.408523	0.11101
20494	0.223287	0.18019	3.43575	1.66621	0.484961	1.07611	-2.90067	3.86597	1.76054	0.455395	13.0504	0.363656	0.469307	0.409269	0.111223
20495	0.174513	0.223189	3.63918	1.68827	0.463916	1.1236	-2.91534	3.71166	1.83658	0.494813	10.9354	0.450387	0.479517	0.411413	0.111578
20496	0.35848	0.265795	3.48664	1.80088	0.516508	1.05147	-2.89072	4.33115	2.09491	0.483683	20.7472	0.240119	0.498323	0.390133	0.111715
20497	0.383961	0.341765	3.52282	1.67841	0.47644	1.05076	-2.84468	3.89524	1.87891	0.482361	22.836	0.222311	0.479549	0.41654	0.111918
20498	0.316601	0.300667	3.4423	1.79094	0.520275	1.11058	-2.86091	3.9949	1.85329	0.463915	15.8558	0.315203	0.490001	0.406899	0.112325
20499	0.233496	0.249193	3.80698	1.67236	0.439289	1.17059	-2.8288	3.80049	1.88766	0.496689	10.7887	0.439074	0.467965	0.39963	0.112709
20500	0.184667	0.150588	3.52193	1.66215	0.471943	1.17891	-2.83276	3.80067	1.84141	0.484496	9.00382	0.494255	0.478459	0.388534	0.113033
