cycle	Zbar1	Gbar1	VP1	VG1	h21	Zbar2	Gbar2	VP2	VG2	h22	h2b	h2b_denom	h2w	Qst	Fst
20000	-0.317068	-0.361788	3.94266	1.81189	0.45956	-2.36229	-0.300181	3.68051	1.70131	0.462248	0.000907345	2.09147	0.460858	0.000270142	0.000366772
20001	-0.2926	-0.369448	3.66575	1.76521	0.48154	-2.18255	-0.160497	4.01088	1.79083	0.446493	0.0122234	1.78596	0.463229	0.00306162	0.000643131
20002	-0.443082	-0.387924	3.92323	1.79525	0.457594	-2.19462	-0.143391	3.38205	1.7899	0.529235	0.019491	1.53395	0.490761	0.00415449	0.000915668
20003	-0.320765	-0.328462	3.68266	1.76842	0.4802	-2.13562	-0.154418	3.88283	1.75523	0.452047	0.00919677	1.64685	0.465751	0.00214562	0.00113644
20004	-0.398697	-0.370169	3.6498	1.70797	0.467963	-2.13381	-0.115192	3.70565	1.86373	0.502944	0.0215946	1.50531	0.485586	0.00453221	0.00137229
20005	-0.39771	-0.3696	3.89536	1.77336	0.455248	-2.21849	-0.120182	3.74282	1.80786	0.48302	0.0187647	1.65761	0.468857	0.00432612	0.0016565
20006	-0.389625	-0.387275	3.7726	1.89046	0.501103	-1.95946	-0.0258146	3.73836	1.84774	0.494264	0.053017	1.23219	0.497699	0.00866635	0.00190132
20007	-0.361487	-0.403119	3.92003	1.77318	0.452338	-1.97032	-0.0319392	3.63367	1.80826	0.497641	0.0532289	1.29417	0.474131	0.00953034	0.0022223
20008	-0.463781	-0.471666	3.98893	1.95944	0.491221	-2.06265	-0.0129853	3.97184	1.94519	0.489746	0.0822993	1.27819	0.490485	0.0132979	0.00240255
20009	-0.433975	-0.495661	4.03727	1.92492	0.476787	-1.94689	0.0798429	3.93707	1.75645	0.44613	0.144699	1.14446	0.461651	0.022008	0.00256974
20010	-0.403292	-0.466674	3.82868	1.83544	0.479391	-1.89995	0.102248	3.76548	1.64173	0.435993	0.144498	1.11999	0.457873	0.0227532	0.00285487
20011	-0.476446	-0.486327	3.66922	1.77058	0.48255	-1.81428	0.147489	3.98146	1.91148	0.480096	0.22445	0.894901	0.481273	0.0265643	0.0030748
20012	-0.510091	-0.4948	3.80054	1.86509	0.490742	-1.76578	0.240672	4.06894	1.87332	0.460395	0.34306	0.788373	0.475051	0.0349272	0.00332954
20013	-0.529183	-0.483829	3.85351	1.88604	0.489434	-1.72727	0.311042	3.63948	1.68336	0.462527	0.440166	0.717708	0.476365	0.0423977	0.00353014
20014	-0.377428	-0.385991	3.89877	1.80964	0.464157	-1.59676	0.389084	3.8862	1.94514	0.500524	0.404055	0.743391	0.482311	0.0384787	0.00377413
20015	-0.45228	-0.441817	3.69814	1.84067	0.497729	-1.48524	0.531335	3.75978	1.93586	0.514886	0.887555	0.533502	0.506378	0.0590209	0.00395904
20016	-0.40528	-0.440957	4.09895	1.94491	0.474488	-1.39553	0.582456	3.85524	1.86964	0.48496	1.0681	0.490296	0.479564	0.0642643	0.0042033
20017	-0.448258	-0.458381	3.96266	1.89214	0.477492	-1.29741	0.656249	3.92459	1.87003	0.476492	1.723	0.360534	0.476994	0.0762978	0.00443778
20018	-0.48406	-0.467265	3.9333	1.87703	0.477216	-1.4194	0.621859	3.79982	1.92919	0.507705	1.35586	0.437432	0.492197	0.0723136	0.00472433
20019	-0.36167	-0.40071	3.81047	1.8656	0.489598	-1.28883	0.730326	3.87941	1.93741	0.499409	1.48814	0.429812	0.494547	0.0776067	0.00493885
20020	-0.530875	-0.551405	4.04164	1.92824	0.477092	-1.25769	0.731825	4.10956	2.00031	0.486745	3.11717	0.26413	0.481959	0.0948931	0.005259
20021	-0.47137	-0.507286	4.15901	1.98001	0.476077	-1.28815	0.718907	3.93998	1.84005	0.467018	2.25375	0.333566	0.47167	0.0896243	0.00542785
20022	-0.423946	-0.430109	3.45365	1.764	0.510765	-1.33883	0.740847	3.86778	1.93024	0.499057	1.63814	0.418503	0.50458	0.084949	0.00555941
20023	-0.338719	-0.418033	3.68958	1.78513	0.483831	-1.20507	0.798303	4.09804	1.96644	0.479848	1.97114	0.375283	0.481735	0.0897834	0.00584205
20024	-0.409355	-0.334261	3.79	1.79706	0.474157	-1.17405	0.863834	3.82686	1.89062	0.494038	2.45472	0.292381	0.484146	0.0887232	0.00597245
20025	-0.337906	-0.370187	3.82608	1.86461	0.487342	-1.02863	0.92839	3.69574	1.85398	0.501652	3.53452	0.238547	0.494373	0.101872	0.00626859
20026	-0.419543	-0.390661	3.54549	1.79209	0.505455	-1.09091	0.919238	3.85504	1.94783	0.505267	3.80677	0.225366	0.505357	0.102942	0.00646232
20027	-0.398846	-0.389347	3.64306	1.57231	0.43159	-1.01639	0.981504	3.93643	1.92751	0.489658	4.9277	0.190681	0.461748	0.118403	0.00658044
20028	-0.309468	-0.360428	3.71448	1.69666	0.456769	-0.941667	1.0134	3.76445	1.88709	0.501292	4.72232	0.199838	0.479179	0.116396	0.00680679
20029	-0.321801	-0.317011	3.65075	1.73476	0.475178	-0.956931	0.999682	4.25616	2.01233	0.472803	4.29779	0.201695	0.4739	0.103723	0.00720064
20030	-0.169781	-0.276001	3.80922	1.75895	0.461762	-0.885991	1.08905	3.62378	1.85369	0.511536	3.63261	0.256478	0.486028	0.11427	0.00722627
20031	-0.248561	-0.226702	3.82308	1.94812	0.509569	-0.816138	1.14352	4.05722	1.97572	0.486964	5.82816	0.161072	0.497931	0.106889	0.00743238
20032	-0.188601	-0.191706	3.77457	1.93402	0.512382	-0.831672	1.18856	3.93614	1.96581	0.499427	4.6069	0.20677	0.505769	0.108886	0.00766497
20033	-0.2071	-0.215001	3.69177	1.86837	0.506091	-0.749589	1.22563	3.9639	1.90754	0.481228	7.05222	0.147147	0.493218	0.120864	0.00783204
20034	-0.277838	-0.229378	3.80179	1.80899	0.475826	-0.831941	1.20285	3.69149	1.89927	0.514499	6.68105	0.153515	0.494878	0.121544	0.00813635
20035	-0.270384	-0.296551	3.95825	1.84373	0.465793	-0.85604	1.18383	3.97539	1.85532	0.466703	6.38937	0.171497	0.466249	0.129062	0.00849302
20036	-0.212692	-0.288566	3.78599	1.89648	0.500921	-0.801303	1.20493	3.6152	1.88919	0.522567	6.43802	0.173232	0.511494	0.128445	0.00869721
20037	-0.334171	-0.35682	3.67965	1.88825	0.513159	-0.743734	1.25088	3.84693	1.87558	0.487553	15.4088	0.0838709	0.500072	0.146587	0.00899475
20038	-0.321416	-0.330144	3.7805	1.88862	0.499568	-0.646516	1.33138	3.7225	1.85436	0.498148	26.1203	0.0528452	0.498863	0.155749	0.00933292
20039	-0.196144	-0.273142	4.01326	1.90702	0.47518	-0.578712	1.37315	3.7251	1.90916	0.512511	18.5182	0.0731791	0.493151	0.150845	0.00958472
20040	-0.295005	-0.303558	3.69559	1.79444	0.485563	-0.565836	1.40519	3.74785	1.76351	0.470538	39.8073	0.0366745	0.477998	0.170307	0.00998133
20041	-0.369295	-0.338954	3.85739	1.98358	0.514229	-0.501799	1.49246	3.83398	1.82296	0.475474	191.034	0.0087787	0.49491	0.180592	0.0100444
20042	-0.259141	-0.283808	3.91931	2.05221	0.523613	-0.56154	1.46389	3.63073	1.69581	0.467072	33.4021	0.0457225	0.496423	0.169325	0.010349
20043	-0.206486	-0.288652	3.82621	1.94335	0.507905	-0.578387	1.45833	3.53329	1.70101	0.481424	22.0659	0.069155	0.495192	0.173188	0.0107028
20044	-0.256922	-0.290159	3.71183	1.77254	0.477538	-0.485579	1.47774	3.71166	1.87834	0.506064	59.7785	0.0261421	0.491801	0.176364	0.0108975
20045	-0.223936	-0.248775	3.83362	1.9362	0.505059	-0.513075	1.52177	3.95151	1.89597	0.479809	37.4974	0.0418008	0.492243	0.169856	0.0110456
20046	-0.24051	-0.264401	3.60632	1.92666	0.534246	-0.487375	1.54658	4.04227	1.93649	0.479061	53.8157	0.0304712	0.505081	0.175153	0.0112245
20047	-0.262714	-0.205226	4.26826	1.81301	0.424765	-0.375445	1.58951	3.75741	1.86276	0.495756	253.465	0.0063541	0.458001	0.17978	0.0115624
20048	-0.230164	-0.246425	4.07986	1.93499	0.474279	-0.382397	1.59892	3.98211	1.88708	0.473889	146.938	0.0115875	0.474086	0.182238	0.0116718
20049	-0.220264	-0.173042	4.09158	1.93013	0.471733	-0.401893	1.56551	3.75198	1.78757	0.476434	91.6232	0.0164944	0.473982	0.16899	0.0119138
20050	-0.226162	-0.187823	3.80948	1.79797	0.471972	-0.36038	1.62354	3.82717	1.84064	0.480939	182.133	0.00900723	0.476466	0.184036	0.01207
20051	-0.0971258	-0.119516	3.89684	1.71916	0.441168	-0.242171	1.68521	3.68294	1.79979	0.488684	154.816	0.010519	0.464256	0.187988	0.0123416
20052	-0.0298402	-0.0284007	3.815	1.64738	0.431816	-0.327759	1.72528	3.7615	1.86615	0.496119	34.6502	0.0443779	0.46374	0.179612	0.0127025
20053	-0.0530239	-0.00967862	3.82899	1.7927	0.468192	-0.101966	1.83693	4.13203	1.9127	0.462896	1423.6	0.00119766	0.465443	0.187113	0.0130817
20054	0.0576835	0.0360559	3.71414	1.70061	0.457875	0.0259781	1.90752	4.12465	1.88437	0.456856	3484.15	0.000502615	0.457338	0.196375	0.0132704
20055	-0.036511	0.0587449	3.74382	1.76306	0.470924	0.0567706	1.9916	3.93934	1.84292	0.467825	429.344	0.00435072	0.469335	0.205806	0.013436
20056	0.147065	0.0616518	3.77869	1.85656	0.491325	0.012503	2.05451	4.0128	2.05623	0.512417	219.337	0.00905341	0.502188	0.202474	0.0137259
20057	0.151595	0.103432	3.92571	1.80804	0.460564	0.128693	2.11905	4.00617	1.85502	0.463041	7745.98	0.000262247	0.461815	0.217169	0.0140314
20058	0.140183	0.11802	3.73548	1.79956	0.481748	0.0737779	2.06433	3.49398	1.67018	0.478018	859.055	0.00220483	0.479945	0.214502	0.014165
20059	0.168198	0.114161	3.71407	2.00493	0.539822	0.0171568	2.07171	3.68618	1.74502	0.473397	167.971	0.0114068	0.506734	0.203567	0.0143141
20060	0.1234	0.128874	3.8584	1.92413	0.498685	0.0287105	2.08983	4.09183	1.85093	0.452348	428.878	0.00448304	0.474836	0.203049	0.0144161
20061	0.225802	0.197634	3.75534	1.82656	0.486389	0.0835094	2.13232	3.92576	1.88653	0.480552	184.866	0.0101236	0.483406	0.201368	0.0148575
20062	0.237792	0.249777	3.9001	1.71151	0.438838	0.156767	2.17768	3.958	1.89618	0.479074	566.146	0.00328254	0.459104	0.204891	0.0151306
20063	0.232859	0.265469	3.72354	1.79151	0.481131	0.206371	2.2062	3.78382	1.78631	0.472093	5367.92	0.000350829	0.476576	0.20843	0.0153992
20064	0.155737	0.207914	3.79957	1.77183	0.466324	0.221663	2.23695	3.8859	1.94785	0.501262	947.259	0.0021731	0.483989	0.216817	0.0156158
20065	0.124863	0.248698	3.96297	1.62152	0.409167	0.236812	2.22906	3.89033	1.92182	0.493999	312.935	0.00626623	0.451191	0.216819	0.0158136
20066	0.289151	0.290492	3.77027	1.69548	0.449699	0.218518	2.21671	3.89495	1.90136	0.488162	743.692	0.00249453	0.469243	0.205098	0.0159652
20067	0.22799	0.23699	3.67432	1.72287	0.468894	0.214574	2.18925	4.03823	2.01604	0.49924	21172.8	9.00052e-05	0.484783	0.203168	0.0161195
20068	0.250643	0.223999	3.83208	1.68698	0.440225	0.228651	2.21288	3.96761	2.05686	0.518412	8178.76	0.000241825	0.479998	0.209034	0.0163767
20069	0.228246	0.223431	3.88449	1.73485	0.446611	0.236042	2.22874	3.96446	2.12691	0.536493	66163.5	3.0389e-05	0.49201	0.206637	0.0167085
20070	0.191801	0.207043	3.81675	1.74194	0.456394	0.161639	2.22517	3.94611	2.07195	0.525062	4476.69	0.000454892	0.4913	0.2108	0.0169627
20071	0.291654	0.273192	3.68562	1.73654	0.471167	0.194022	2.24324	4.10294	2.18468	0.532468	407.166	0.00476598	0.50346	0.198439	0.0174226
20072	0.307932	0.276325	3.91209	1.79397	0.458571	0.186415	2.24651	3.63029	1.98666	0.547247	262.868	0.00738322	0.501252	0.204332	0.017699
20073	0.32877	0.279018	3.99293	1.83559	0.45971	0.349674	2.29462	3.75352	1.79854	0.479163	9297.3	0.000218486	0.469136	0.218517	0.0179523
20074	0.297962	0.294143	3.33548	1.77458	0.532032	0.339348	2.32894	3.54255	1.81522	0.512406	2417.33	0.000856402	0.521924	0.223898	0.018303
20075	0.384943	0.410586	3.72004	1.75155	0.470842	0.345372	2.33183	3.66443	1.75271	0.478305	2357.35	0.000782909	0.474545	0.208527	0.0185612
20076	0.35149	0.322651	3.61961	1.84189	0.508866	0.43572	2.37155	3.50131	1.64192	0.468944	591.703	0.00354737	0.489236	0.231597	0.0187748
20077	0.349304	0.29826	3.88253	1.76638	0.454957	0.440408	2.39546	3.61909	1.71933	0.475071	529.904	0.00415002	0.464661	0.239893	0.0190007
20078	0.387487	0.346627	3.79491	1.70544	0.449402	0.399389	2.3862	3.73251	1.80446	0.483444	29369.2	7.08203e-05	0.466282	0.228659	0.0192499
20079	0.348698	0.338354	3.83786	1.8394	0.479276	0.307231	2.37615	3.71205	1.72653	0.465115	2414.97	0.000859763	0.472313	0.225573	0.0193615
20080	0.261849	0.239759	3.99429	1.83314	0.458941	0.354703	2.36088	3.82767	1.70141	0.444501	521.823	0.00431098	0.451875	0.241496	0.0198415
20081	0.312396	0.288859	3.68157	1.78524	0.484913	0.349296	2.3403	3.78968	1.88622	0.497725	3090.73	0.000680808	0.491412	0.222821	0.0199515
20082	0.254922	0.303849	3.81321	1.84633	0.484194	0.421839	2.38191	4.22393	1.92245	0.455134	154.992	0.0139308	0.468921	0.222755	0.0198922
20083	0.346755	0.306588	3.78192	1.8741	0.495541	0.345646	2.39092	4.16165	2.01152	0.483348	3.52652e+06	6.15967e-07	0.489153	0.218542	0.0201586
20084	0.217783	0.277462	4.02452	1.87053	0.464782	0.451316	2.397	4.15861	1.94474	0.467642	82.3732	0.0272689	0.466236	0.227513	0.0202191
20085	0.299421	0.259365	3.97785	1.88536	0.473966	0.485406	2.42674	3.94949	1.87777	0.475447	135.805	0.0172951	0.474703	0.23794	0.0203005
20086	0.203141	0.230241	4.15416	1.99498	0.480236	0.512295	2.49555	3.94665	1.8535	0.469638	53.6916	0.0477881	0.475073	0.250106	0.0204732
20087	0.187486	0.186798	3.92795	1.82482	0.464574	0.616926	2.5159	3.67683	1.8021	0.490124	29.4153	0.0922095	0.476927	0.272255	0.0206438
20088	0.138423	0.128277	3.77617	1.7586	0.465712	0.583788	2.56659	3.8314	1.79037	0.467289	29.9743	0.0991749	0.466506	0.295288	0.0208037
20089	0.0933394	0.138983	4.15941	2.09074	0.502654	0.623336	2.59595	4.03805	1.86539	0.461954	21.4908	0.140448	0.482605	0.276237	0.0212987
20090	0.0172625	0.0786576	3.88398	1.97504	0.508508	0.575382	2.60622	4.07569	1.892	0.464217	20.5093	0.155749	0.485829	0.292397	0.021644
20091	-0.112747	-0.0678495	4.01973	1.90377	0.473607	0.504548	2.52185	3.67704	1.70558	0.463846	17.6001	0.190527	0.468943	0.317294	0.0218066
20092	-0.202399	-0.114737	3.61188	1.73261	0.479697	0.522097	2.50062	4.19731	1.94148	0.462554	13.0314	0.262447	0.470483	0.317714	0.0220328
20093	-0.0196051	-0.127277	3.84869	1.76662	0.459018	0.36392	2.47348	3.96745	1.91293	0.482157	45.9846	0.0735458	0.470763	0.314971	0.0220172
20094	-0.164016	-0.143873	3.952	1.77022	0.447931	0.391028	2.42955	3.77583	1.9258	0.510035	21.4965	0.154037	0.478275	0.309475	0.0223928
20095	-0.0689459	-0.056765	3.93865	1.86152	0.472629	0.464495	2.47145	3.95174	1.83117	0.463383	22.4624	0.14228	0.467998	0.302142	0.0228097
20096	-0.16648	-0.103329	3.84866	1.86476	0.484523	0.483597	2.5069	3.6407	1.89661	0.520947	16.1223	0.2113	0.502229	0.311803	0.0226942
20097	-0.135466	-0.141054	3.931	1.77861	0.452458	0.485531	2.5539	4.15715	1.96823	0.473457	18.8331	0.192819	0.463251	0.326524	0.0230823
20098	-0.127116	-0.171297	3.71478	1.70454	0.458854	0.48403	2.6212	3.95592	1.84959	0.467551	20.8783	0.186749	0.463339	0.354335	0.0235036
20099	-0.205564	-0.124403	3.79471	1.81492	0.478277	0.627191	2.61239	3.87245	1.74178	0.449789	10.8007	0.34674	0.463888	0.345009	0.0237515
20100	-0.128195	-0.12579	3.86174	1.76381	0.45674	0.741697	2.72472	3.7938	1.70374	0.449086	10.7378	0.378356	0.452947	0.369527	0.0238119
20101	-0.218883	-0.140052	3.72068	1.87305	0.503415	0.693773	2.68473	3.86824	1.85572	0.479733	9.57981	0.416471	0.491344	0.348643	0.0238117
20102	-0.135896	-0.131294	3.5251	1.87127	0.530841	0.703278	2.70531	3.76584	1.83925	0.488403	11.4259	0.352107	0.508921	0.351659	0.0238367
20103	-0.147134	-0.189908	3.73202	1.80576	0.483856	0.749843	2.64708	3.71921	1.87346	0.503725	10.0035	0.402284	0.493774	0.353655	0.0239993
20104	-0.313996	-0.23854	3.51077	1.77272	0.504937	0.679554	2.65971	3.69457	1.8445	0.499247	8.50928	0.493571	0.502019	0.367424	0.024462
20105	-0.265357	-0.266872	3.54887	1.78817	0.503871	0.73168	2.69973	3.92925	1.86388	0.474361	8.85313	0.497042	0.488366	0.376074	0.0246274
20106	-0.176067	-0.17396	3.85295	1.87205	0.485874	0.768644	2.71404	4.05964	1.86357	0.459047	9.34538	0.446239	0.47211	0.35834	0.0248579
20107	-0.166551	-0.184218	3.91098	1.82798	0.467397	0.724326	2.72989	3.76967	1.74877	0.463906	10.6998	0.39683	0.465684	0.372589	0.0251281
20108	-0.226001	-0.209003	3.84063	1.74496	0.454343	0.726189	2.72838	3.59649	1.80894	0.502974	9.51644	0.453333	0.47786	0.377823	0.0254441
20109	-0.230237	-0.218659	3.6476	1.74464	0.478299	0.761269	2.72859	3.90302	1.7142	0.439198	8.83574	0.491542	0.458087	0.385805	0.0255802
20110	-0.137047	-0.139932	3.71782	1.62323	0.436608	0.730222	2.72388	3.76139	1.81073	0.4814	10.9039	0.376078	0.459134	0.373976	0.0257552
20111	-0.266535	-0.243021	3.63081	1.68097	0.462974	0.6755	2.66751	3.81542	1.8968	0.497139	9.54575	0.443715	0.48048	0.371949	0.025939
20112	-0.32283	-0.238157	3.8769	1.78343	0.460015	0.629862	2.67725	3.93028	1.78463	0.454071	9.36467	0.453812	0.457023	0.373367	0.0262111
20113	-0.338438	-0.279602	3.53915	1.75742	0.496565	0.776186	2.69153	3.91405	1.81738	0.464321	7.10539	0.621194	0.479632	0.381824	0.0262637
20114	-0.214971	-0.186719	3.70508	1.9011	0.513105	0.692095	2.7414	3.92457	1.73375	0.441767	10.4207	0.411385	0.47641	0.371067	0.0265196
20115	-0.0717416	-0.0936429	4.07922	1.92715	0.472431	0.731311	2.7619	3.88973	1.75044	0.450016	12.6442	0.322447	0.46149	0.356744	0.0267861
20116	-0.183737	-0.195399	3.99307	1.90607	0.477345	0.721273	2.73258	3.40634	1.6628	0.488147	10.4672	0.409522	0.482318	0.37533	0.0270682
20117	-0.209061	-0.17968	3.81442	1.81687	0.476316	0.744477	2.74295	3.68017	1.6898	0.459164	9.39445	0.454617	0.467894	0.3786	0.0274495
20118	-0.130783	-0.114011	3.4038	1.71958	0.505193	0.779909	2.75768	3.92135	1.86371	0.475273	9.94331	0.41468	0.489176	0.365337	0.0278599
20119	-0.28176	-0.210268	3.72058	1.70174	0.457386	0.792128	2.74685	3.80115	1.74049	0.457885	7.58261	0.576617	0.457638	0.388532	0.0280213
20120	-0.211074	-0.156539	3.43638	1.70823	0.497102	0.673165	2.70024	3.77007	1.79062	0.474956	10.4379	0.390939	0.485516	0.368457	0.0281325
20121	-0.167226	-0.150809	3.79577	1.82152	0.479883	0.695111	2.70645	3.7718	1.7496	0.463863	10.9785	0.371813	0.471898	0.363791	0.0282151
20122	-0.107235	-0.114173	4.17527	1.80953	0.433393	0.64916	2.70113	4.02311	1.86264	0.462986	13.8533	0.286067	0.447914	0.350593	0.0283456
20123	-0.0609757	-0.0756785	3.85071	1.79172	0.465296	0.638999	2.62758	4.095	1.92678	0.470521	14.9145	0.244982	0.467988	0.329555	0.0285509
20124	-0.113193	-0.0868676	4.17309	2.02879	0.486159	0.602403	2.59133	3.94371	1.69868	0.430731	14.0071	0.256038	0.459228	0.324923	0.0288493
20125	0.113126	0.0321621	3.89199	1.9143	0.491856	0.552363	2.58773	3.66464	1.75111	0.477841	33.8514	0.0964649	0.485059	0.308278	0.029082
20126	-0.00502983	0.0386892	3.72173	1.86662	0.501547	0.668668	2.59326	3.61255	1.79191	0.496023	14.3782	0.226934	0.498826	0.308511	0.0291739
20127	0.0466888	0.0755704	3.97708	1.8297	0.460061	0.683062	2.7238	3.8834	1.94105	0.499832	17.3176	0.202486	0.47971	0.3175	0.0295838
20128	0.0581169	0.00923169	3.6919	1.70329	0.461359	0.683225	2.72664	3.79592	1.73115	0.456054	18.8972	0.19538	0.45867	0.349715	0.0299585
20129	-0.144294	-0.0663794	3.83907	1.81726	0.473358	0.761641	2.70311	3.82674	1.7407	0.454878	9.34559	0.410359	0.464133	0.350316	0.0302672
20130	-0.0666531	-0.0543365	3.57331	1.81212	0.507126	0.719053	2.67892	3.78771	1.78836	0.472149	12.1015	0.308667	0.489128	0.341667	0.0306215
20131	-0.117109	-0.0850919	3.82641	1.88125	0.491648	0.682295	2.70678	3.73391	1.64036	0.439313	12.1971	0.319524	0.465801	0.356339	0.0307825
20132	-0.184896	-0.15618	3.83502	1.7264	0.450166	0.743171	2.74894	3.80317	1.90261	0.500271	9.79872	0.430654	0.475114	0.367768	0.0310553
20133	-0.182438	-0.21853	3.94338	1.77119	0.449155	0.755782	2.77768	4.02625	1.93659	0.480991	10.1985	0.440128	0.465238	0.377181	0.0312769
20134	-0.155315	-0.185661	3.66965	1.8143	0.494405	0.790589	2.78789	3.9161	1.92838	0.492422	9.88229	0.447367	0.493382	0.371432	0.0313156
20135	-0.206838	-0.173794	4.12988	1.99987	0.484244	0.830973	2.82165	3.83849	1.88029	0.489852	8.3308	0.538526	0.486945	0.366448	0.031738
20136	-0.197287	-0.14357	3.95808	1.86226	0.470496	0.84529	2.84679	3.96375	1.77913	0.44885	8.22679	0.543484	0.459665	0.380513	0.0320105
20137	-0.17598	-0.109993	3.97288	1.85903	0.46793	0.898198	2.88643	4.00658	1.75976	0.439217	7.78131	0.576929	0.453513	0.382938	0.0318665
20138	-0.11002	-0.100918	3.86282	1.86194	0.482016	0.922934	2.89373	3.89063	1.95609	0.502768	8.40482	0.533497	0.492429	0.370079	0.0323221
20139	-0.112357	-0.122206	4.13075	1.85555	0.449203	0.845967	2.80174	4.09921	2.06607	0.504018	9.30923	0.459192	0.476505	0.352874	0.0326579
20140	-0.077687	-0.166056	4.04395	1.93651	0.478865	0.728522	2.78678	3.92991	2.11735	0.538777	13.4148	0.324987	0.508392	0.349798	0.0329706
20141	-0.152188	-0.191073	3.53521	1.84329	0.521408	0.818536	2.77528	3.96835	2.06795	0.52111	9.33799	0.471153	0.52125	0.360088	0.0332292
20142	-0.215215	-0.195184	3.56118	1.74464	0.489905	0.732529	2.75642	3.87914	2.11105	0.544206	9.69912	0.44911	0.518216	0.361087	0.0333827
20143	-0.27842	-0.168537	3.62301	1.76052	0.485928	0.83186	2.7873	3.84262	1.86865	0.486296	7.08754	0.616361	0.486118	0.375842	0.0334341
20144	-0.345967	-0.26637	3.85299	1.68764	0.438007	0.839307	2.79751	4.18095	1.89969	0.454367	6.68198	0.702437	0.446521	0.395599	0.0336059
20145	-0.333612	-0.371034	3.74497	1.65309	0.441416	0.827222	2.73028	4.01491	1.73758	0.432782	7.13759	0.673768	0.436949	0.41504	0.0338212
20146	-0.334642	-0.343794	3.62032	1.71217	0.472934	0.770991	2.77601	3.82265	1.83228	0.479322	7.96218	0.611213	0.476214	0.40718	0.0341503
20147	-0.31617	-0.302845	3.77118	1.70798	0.452904	0.785879	2.73532	3.90335	1.80979	0.463651	7.60009	0.607257	0.45837	0.396249	0.0343666
20148	-0.376302	-0.342986	3.34232	1.60177	0.479239	0.646875	2.66705	3.51687	1.77411	0.504459	8.6545	0.523446	0.49217	0.401662	0.0343274
20149	-0.304516	-0.299913	3.67188	1.60751	0.43779	0.781898	2.73911	3.75464	1.75451	0.467291	7.82487	0.590148	0.452705	0.40727	0.0346529
20150	-0.265538	-0.334173	3.51564	1.72341	0.490211	0.702522	2.70193	3.76238	1.74969	0.46505	9.83625	0.46857	0.477204	0.398987	0.0348777
20151	-0.450846	-0.405004	3.68655	1.69487	0.459743	0.689966	2.64455	3.78304	1.69678	0.448524	7.14571	0.650726	0.454061	0.406822	0.0352797
20152	-0.322741	-0.371419	3.7221	1.79117	0.481227	0.748989	2.70771	3.65346	1.61351	0.441639	8.25441	0.574303	0.461617	0.41056	0.0356801
20153	-0.417034	-0.413876	3.52248	1.64213	0.466187	0.719527	2.68752	3.5875	1.67587	0.467142	7.44611	0.645886	0.466669	0.420322	0.0359612
20154	-0.379812	-0.424265	3.71206	1.58038	0.425741	0.726609	2.74215	3.62084	1.79531	0.495828	8.19021	0.612084	0.460348	0.426244	0.0361203
20155	-0.334596	-0.363827	3.88053	1.57349	0.405484	0.763803	2.76359	3.7738	1.82637	0.483962	8.10684	0.60324	0.444176	0.418456	0.0362545
20156	-0.372095	-0.401198	3.76326	1.76331	0.468559	0.770663	2.805	3.82486	1.82513	0.477176	7.87175	0.652948	0.472902	0.417428	0.036484
20157	-0.360979	-0.368404	3.80726	1.65427	0.434504	0.820894	2.82931	3.77761	1.67837	0.444294	7.32044	0.698411	0.43938	0.434212	0.0366916
20158	-0.242854	-0.312521	3.4963	1.68228	0.48116	0.836147	2.83935	3.83271	1.77093	0.462056	8.53282	0.582121	0.471169	0.418458	0.0372514
20159	-0.242473	-0.277486	3.63651	1.60613	0.441667	0.858732	2.87133	3.85721	1.85312	0.480431	8.17634	0.606326	0.46162	0.417561	0.0374571
20160	-0.270238	-0.251304	3.75434	1.66202	0.442694	0.931276	2.87011	3.95206	1.82269	0.461199	6.74911	0.721817	0.452184	0.41154	0.0379011
20161	-0.26502	-0.298215	4.12927	1.67715	0.406162	0.799201	2.83402	3.91046	1.87013	0.478239	8.66255	0.566283	0.441219	0.408908	0.0384346
20162	-0.283275	-0.335567	3.65701	1.73446	0.474283	0.854262	2.86393	3.76196	1.90239	0.505692	7.91101	0.646995	0.49021	0.413158	0.038637
20163	-0.395457	-0.337691	3.7072	1.76577	0.476309	0.851806	2.85003	3.70732	1.79983	0.48548	6.53197	0.777834	0.480894	0.41617	0.0388891
20164	-0.280571	-0.318298	3.96923	1.84142	0.463922	0.792908	2.8048	3.9536	1.9673	0.497598	8.46416	0.57618	0.480727	0.390447	0.0388571
20165	-0.300908	-0.32166	3.93314	1.96367	0.499262	0.848473	2.84625	3.96609	1.91894	0.483838	7.59659	0.660539	0.491518	0.392658	0.0390121
20166	-0.303817	-0.291339	4.02028	1.89282	0.470818	0.934552	2.90918	4.01245	1.87628	0.467613	6.67943	0.766779	0.469217	0.404679	0.0393701
20167	-0.337449	-0.346396	3.92764	1.91715	0.488118	0.871004	2.92917	3.76831	1.8948	0.502824	7.34704	0.730179	0.495319	0.413151	0.0395474
20168	-0.428748	-0.408831	4.17635	1.92139	0.460063	0.995012	2.99335	4.12886	1.90187	0.460627	5.71006	1.01355	0.460343	0.430929	0.0395349
20169	-0.381808	-0.43571	3.73158	1.74387	0.467327	0.864177	2.92483	3.61233	1.91323	0.529638	7.27431	0.77624	0.497977	0.435791	0.039798
20170	-0.354359	-0.378772	3.50077	1.80494	0.515582	0.86751	2.94409	3.88561	1.74812	0.449896	7.39565	0.746482	0.481028	0.437344	0.0399952
20171	-0.285785	-0.360951	3.7642	1.75996	0.467553	0.97389	2.96503	3.93756	1.83528	0.466096	6.97146	0.79339	0.466808	0.434903	0.040305
20172	-0.26502	-0.337639	3.70423	1.77636	0.479551	0.936054	2.95691	3.59443	1.77146	0.492837	7.52405	0.72129	0.486094	0.433498	0.0404145
20173	-0.398909	-0.308232	3.90173	1.84461	0.472769	1.06255	3.02694	3.85142	1.72562	0.448047	5.20789	1.06794	0.460488	0.437978	0.0407723
20174	-0.312489	-0.264232	4.0339	1.8601	0.461116	0.985549	2.97591	3.80423	1.93975	0.509892	6.23092	0.842452	0.48479	0.408657	0.0412709
20175	-0.217619	-0.271487	3.78657	1.81877	0.480323	0.912404	2.92167	3.77131	1.71948	0.455938	7.98484	0.638476	0.468155	0.418872	0.0413446
20176	-0.323053	-0.297091	3.90234	1.74004	0.445897	0.949898	2.92097	3.67446	1.78803	0.486612	6.39096	0.810202	0.465642	0.423362	0.0416094
20177	-0.284336	-0.247771	4.1089	1.94568	0.473527	0.896884	2.93285	3.80792	1.82072	0.47814	7.2504	0.69764	0.475746	0.40185	0.0416971
20178	-0.280187	-0.263117	4.04317	1.82194	0.450621	0.906717	2.95603	4.00658	1.93538	0.483049	7.35615	0.704371	0.466761	0.408235	0.0417291
20179	-0.274347	-0.237229	3.58118	1.72591	0.481939	0.952488	2.92552	3.89318	2.04663	0.525695	6.64596	0.752563	0.50473	0.398754	0.0418536
20180	-0.231074	-0.219899	3.86025	1.75015	0.453377	0.958265	2.93761	4.08657	2.02133	0.494627	7.04818	0.707263	0.47459	0.398026	0.0420728
20181	-0.289147	-0.270876	3.5397	1.64312	0.464196	0.992877	2.96848	3.74222	1.89318	0.505899	6.38449	0.821793	0.485628	0.426016	0.0422855
20182	-0.22052	-0.265775	3.85885	1.69439	0.439092	0.979885	2.96732	4.13547	1.86122	0.450062	7.25404	0.720487	0.444766	0.423739	0.0425274
20183	-0.220038	-0.237282	3.64687	1.73863	0.476746	1.04666	3.00028	3.83092	1.95184	0.509495	6.53268	0.802262	0.493524	0.415347	0.043062
20184	-0.13344	-0.13601	3.77652	1.75313	0.464219	0.984401	2.96729	3.77547	1.91086	0.506125	7.70702	0.624785	0.485169	0.396657	0.0430262
20185	-0.192584	-0.11317	3.48158	1.72078	0.494252	0.998999	3.00244	3.67661	1.81092	0.492551	6.83653	0.709936	0.493378	0.4074	0.043175
20186	-0.0941371	-0.0820622	3.68491	1.76166	0.478075	1.01644	3.02891	3.5906	1.82165	0.507337	7.84679	0.616694	0.492516	0.403185	0.0434494
20187	-0.042988	-0.103793	3.77142	1.69622	0.449757	0.980224	2.94624	3.86328	1.79293	0.464095	8.8854	0.523482	0.457012	0.400076	0.0435224
20188	-0.0849056	-0.12878	4.09687	1.96925	0.480673	0.9178	2.89897	3.50255	1.83916	0.525091	9.11785	0.50271	0.501145	0.375811	0.0437436
20189	-0.197739	-0.173294	3.91294	1.90088	0.485794	0.899104	2.85094	3.82264	1.8516	0.484377	7.60225	0.601532	0.485094	0.378741	0.0437147
20190	-0.14125	-0.157081	3.93197	1.79052	0.455375	0.818172	2.84636	3.93841	1.72316	0.437526	9.79983	0.460246	0.446443	0.391041	0.0441654
20191	-0.178332	-0.202523	4.06714	1.94229	0.477556	0.841775	2.81369	3.8711	1.85009	0.477923	8.74242	0.52031	0.477735	0.37501	0.044473
20192	-0.274148	-0.283894	3.80778	1.78701	0.469304	0.832374	2.82314	4.00023	1.80053	0.450106	7.88448	0.612195	0.459469	0.402293	0.0447875
20193	-0.284345	-0.291355	3.57397	1.77875	0.497696	0.796364	2.80195	4.01133	1.92535	0.479979	8.19274	0.583966	0.488327	0.392515	0.0451021
20194	-0.27954	-0.336705	3.99649	1.88899	0.472662	0.842583	2.85484	4.1148	2.00504	0.487275	8.08949	0.62958	0.480075	0.395506	0.0453457
20195	-0.296456	-0.318909	3.54025	2.00395	0.566048	0.794875	2.85581	4.07816	1.91537	0.469666	8.46248	0.595502	0.514454	0.391437	0.0457073
20196	-0.348467	-0.295587	4.19791	2.02886	0.483302	0.754064	2.8071	3.89323	1.93226	0.496314	7.91942	0.607786	0.489563	0.378061	0.0461031
20197	-0.23903	-0.236784	3.9232	1.91583	0.488334	0.70675	2.76741	3.79107	1.85769	0.490016	10.0896	0.44725	0.48916	0.374307	0.0466522
20198	-0.226889	-0.237925	4.00228	1.93413	0.483258	0.759926	2.7789	3.77203	1.82079	0.482708	9.34605	0.486902	0.482991	0.377434	0.0469329
20199	-0.28557	-0.289114	3.59747	1.85403	0.515371	0.735352	2.76397	3.84491	1.83151	0.476347	8.94317	0.521141	0.49521	0.387482	0.0470341
20200	-0.339707	-0.282495	4.27325	1.92637	0.450797	0.824023	2.80332	3.51375	1.69514	0.48243	7.0313	0.677134	0.465071	0.396744	0.0470895
20201	-0.245829	-0.27009	3.91394	1.75659	0.448803	0.829142	2.80983	3.96008	1.98726	0.501823	8.2089	0.577781	0.475468	0.387911	0.0472528
20202	-0.238172	-0.287611	3.85651	1.84464	0.478319	0.816752	2.80154	4.10842	1.97461	0.480625	8.57504	0.556433	0.479509	0.384603	0.0477811
20203	-0.338051	-0.29138	4.10261	1.7917	0.436722	0.837455	2.86602	3.92973	1.98812	0.505919	7.21456	0.690907	0.470576	0.397481	0.0476921
20204	-0.38923	-0.281506	4.19287	1.86915	0.445792	0.741389	2.7843	3.93106	1.91095	0.486117	7.35289	0.639149	0.465305	0.383452	0.0477353
20205	-0.285977	-0.286053	3.83413	1.85649	0.484201	0.771491	2.71158	3.90498	1.89553	0.485414	8.03566	0.55912	0.484813	0.374621	0.0476435
20206	-0.264628	-0.28269	4.03165	1.82699	0.453161	0.676031	2.69191	3.68917	1.72987	0.468903	9.99985	0.44242	0.460683	0.383564	0.0477771
20207	-0.403265	-0.341405	3.9484	1.9559	0.495365	0.700225	2.65231	3.89526	1.68807	0.433365	7.36011	0.608845	0.464575	0.380875	0.048081
20208	-0.307561	-0.306184	3.59446	1.92618	0.535875	0.721678	2.68675	3.72827	1.60632	0.430848	8.45596	0.529666	0.482402	0.388104	0.0483375
20209	-0.266888	-0.233421	3.95653	1.79279	0.453122	0.763065	2.73478	3.63186	1.76012	0.484634	8.30522	0.530402	0.468204	0.382807	0.0484614
20210	-0.214165	-0.21873	3.87909	1.80951	0.466479	0.619869	2.72329	3.83668	1.78658	0.465657	12.4429	0.347807	0.46607	0.375792	0.0489613
20211	-0.271799	-0.234456	3.49682	1.78468	0.510374	0.655291	2.71193	3.59587	1.78112	0.495324	10.1003	0.429749	0.502744	0.378476	0.0490244
20212	-0.0654669	-0.138546	4.00399	1.90342	0.475382	0.696662	2.71013	3.60137	1.66006	0.460953	13.971	0.29042	0.46855	0.362894	0.0491384
20213	-0.205325	-0.174207	3.83147	1.86826	0.48761	0.66243	2.74454	3.45448	1.56267	0.452359	11.3136	0.3765	0.470897	0.383123	0.0493387
20214	-0.133055	-0.176479	3.59077	1.69336	0.471586	0.630034	2.70402	3.5504	1.6248	0.457639	14.249	0.291153	0.464652	0.384787	0.0499177
20215	-0.24556	-0.152217	3.84543	1.78423	0.463986	0.706829	2.75825	3.73739	1.76987	0.473559	9.3389	0.453522	0.468705	0.373491	0.0503817
20216	-0.166683	-0.136799	3.83879	1.88359	0.490675	0.771939	2.74657	3.79215	1.6829	0.443784	9.43668	0.440505	0.467373	0.368314	0.0505006
20217	-0.236583	-0.19221	3.95192	1.83602	0.46459	0.83395	2.77675	3.59899	1.69518	0.471016	7.69144	0.573021	0.467653	0.384377	0.0505109
20218	-0.152886	-0.157712	3.9766	1.88356	0.473661	0.704919	2.77413	3.72537	1.66823	0.447803	11.6816	0.367915	0.461154	0.377074	0.0506619
20219	-0.0690016	-0.0982366	4.08665	1.98426	0.485547	0.767536	2.78518	3.63869	1.58287	0.43501	11.8807	0.349898	0.461744	0.36828	0.0508528
20220	-0.187127	-0.10912	4.06708	2.02827	0.498704	0.808888	2.83	3.62038	1.75207	0.483948	8.70769	0.496023	0.491755	0.363689	0.0510393
20221	-0.204823	-0.103514	3.64746	1.80746	0.495538	0.76956	2.77181	3.7058	1.78192	0.480847	8.70792	0.47471	0.488134	0.36553	0.0512803
20222	-0.170885	-0.170071	3.74166	1.93939	0.518324	0.780275	2.80291	3.5447	1.69287	0.477577	9.76962	0.452352	0.498501	0.378359	0.0511352
20223	-0.22062	-0.187734	4.29818	1.95366	0.454532	0.762162	2.75681	3.80965	1.85829	0.487784	8.9768	0.48293	0.470156	0.362616	0.0512671
20224	-0.276012	-0.209463	4.02422	1.88461	0.468315	0.82232	2.73735	3.49368	1.80544	0.516773	7.19843	0.603166	0.490834	0.37052	0.0518013
20225	-0.215067	-0.228346	4.10125	1.91172	0.466132	0.821624	2.77789	3.85721	1.79866	0.466311	8.40909	0.537364	0.466219	0.378588	0.0521371
20226	-0.319546	-0.320942	3.93048	1.87068	0.475942	0.79978	2.81946	3.62261	1.79018	0.49417	7.87147	0.626446	0.484684	0.402564	0.0527596
20227	-0.246981	-0.233053	3.84961	1.81666	0.471908	0.852729	2.85428	4.12786	1.90872	0.4624	7.88153	0.60468	0.466988	0.390229	0.0532689
20228	-0.124	-0.234511	4.12159	1.86292	0.45199	0.843922	2.86835	3.87394	1.92719	0.497476	10.2765	0.468436	0.474028	0.388519	0.0533273
20229	-0.228432	-0.196231	3.83124	1.86687	0.487274	1.00212	2.92499	3.95155	1.90527	0.482158	6.43353	0.757128	0.484677	0.392459	0.0535878
20230	-0.211313	-0.196468	3.71637	1.77493	0.477598	0.874404	2.90085	4.00365	1.73681	0.433806	8.13838	0.58939	0.454887	0.405926	0.0537983
20231	-0.251617	-0.145599	3.7462	1.79166	0.478261	1.01888	2.93725	3.98209	1.87373	0.47054	5.88786	0.80708	0.474283	0.393405	0.0539097
20232	-0.111912	-0.080662	3.62545	1.82991	0.504739	0.954989	2.95989	3.79686	1.87666	0.494267	8.12186	0.569139	0.499382	0.384184	0.0541524
20233	0.0507858	-0.0499842	3.73328	1.7113	0.458392	0.982702	3.00716	3.99489	1.97402	0.494137	10.7616	0.434234	0.476869	0.388127	0.0541305
20234	-0.0418225	-0.0202332	3.49008	1.70672	0.489021	1.06598	3.07118	4.21162	1.96831	0.467352	7.78734	0.613615	0.477171	0.394103	0.054519
20235	-0.065699	-0.0616486	3.7413	1.80448	0.482314	1.06028	3.09989	3.81375	1.88694	0.494774	7.88384	0.633912	0.488604	0.403792	0.0545804
20236	-0.0489864	-0.0752248	3.69414	1.85304	0.501616	1.11603	3.07182	3.77489	1.78983	0.474142	7.29691	0.678635	0.487731	0.404767	0.0544645
20237	-0.0540092	-0.0800911	4.35583	1.87587	0.430659	1.14878	3.06091	3.70596	1.71884	0.463805	6.81963	0.723346	0.445896	0.40705	0.0546427
20238	-0.0456951	-0.0475551	3.70092	1.80009	0.48639	1.02874	3.07676	3.69109	1.80147	0.488059	8.45571	0.577203	0.487223	0.404022	0.0549058
20239	0.0137249	0.0166126	3.76172	1.9459	0.517289	1.1525	3.10968	4.09217	1.88529	0.460705	7.37734	0.648409	0.487807	0.384465	0.0554471
20240	-0.0853654	-0.0489773	3.93457	1.91082	0.485647	1.16842	3.14616	3.90064	1.82971	0.469079	6.49426	0.785995	0.477399	0.405703	0.0557226
20241	-0.0411298	-0.00408588	3.6158	1.72946	0.478307	1.06049	3.11405	3.6587	1.6657	0.455271	8.01168	0.606788	0.466721	0.417347	0.0558615
20242	0.03427	0.0273407	3.8557	1.81071	0.46962	1.11847	3.14636	3.91194	1.82789	0.467258	8.27601	0.587741	0.46843	0.400747	0.0561613
20243	0.117867	0.0287611	3.97618	1.88585	0.474286	1.30248	3.20843	4.07917	1.87826	0.460452	7.20466	0.701649	0.467281	0.401852	0.0563301
20244	0.130893	0.0584509	3.84087	1.73155	0.450822	1.22803	3.2736	3.90633	1.91422	0.49003	8.58779	0.601853	0.470592	0.414932	0.0565313
20245	0.0310233	0.0774276	3.33328	1.68788	0.506372	1.20061	3.22948	3.81323	1.91977	0.503451	7.26305	0.683971	0.504813	0.407878	0.0567234
20246	0.128829	0.117637	3.70665	1.68619	0.454909	1.1434	3.17052	3.60493	1.72121	0.477459	9.05424	0.514682	0.466027	0.406232	0.056746
20247	0.146232	0.141627	3.65077	1.65578	0.453544	1.23321	3.16311	3.62382	1.64298	0.453383	7.72684	0.590758	0.453464	0.409062	0.057077
20248	0.108052	0.143752	3.40686	1.60802	0.471995	1.19401	3.12818	3.43991	1.62322	0.471877	7.5526	0.589653	0.471936	0.408096	0.0574306
20249	0.196104	0.140575	3.95143	1.72722	0.437112	1.17098	3.20449	3.66398	1.61946	0.441994	9.87776	0.475187	0.439461	0.412322	0.0576235
20250	0.172908	0.151668	4.00952	1.79763	0.44834	1.20756	3.16904	3.95719	1.70846	0.431735	8.50491	0.535251	0.440092	0.393763	0.0577559
20251	0.357301	0.25214	3.55034	1.72478	0.485808	1.08103	3.15549	3.72929	1.80472	0.48393	16.0933	0.261894	0.484846	0.373972	0.0580768
20252	0.319067	0.272003	3.86685	1.77787	0.459772	1.21961	3.17736	3.78363	1.67411	0.442462	10.4086	0.405489	0.451211	0.37951	0.0583639
20253	0.261754	0.339753	4.09049	1.95125	0.477022	1.12166	3.20783	3.51607	1.54136	0.438375	11.1244	0.369722	0.459157	0.370713	0.0585837
20254	0.306925	0.320488	3.8	1.8839	0.495762	1.21367	3.24636	3.39905	1.54665	0.455025	10.4122	0.41109	0.476528	0.384301	0.0588138
20255	0.284245	0.300846	3.54629	1.7106	0.482362	1.26078	3.23116	3.60078	1.73123	0.480794	9.0043	0.476815	0.481572	0.384244	0.0593578
20256	0.251908	0.301563	3.60693	1.72794	0.47906	1.24954	3.27571	3.91719	1.75838	0.448889	8.88764	0.497632	0.463352	0.388237	0.0591727
20257	0.238644	0.317004	3.75567	1.71817	0.457487	1.20197	3.2246	3.62162	1.7515	0.483624	9.11006	0.464	0.470318	0.37867	0.0593096
20258	0.360166	0.311058	3.61194	1.68968	0.467805	1.28195	3.29147	3.74522	1.77857	0.474891	10.4544	0.424839	0.471412	0.390473	0.059785
20259	0.327404	0.363323	3.66581	1.70343	0.464681	1.40065	3.34285	3.81743	1.69499	0.444013	7.70723	0.575924	0.454138	0.395183	0.059911
20260	0.292858	0.340911	3.70331	1.83687	0.496006	1.45625	3.37482	3.81443	1.67383	0.438815	6.80067	0.676744	0.466988	0.396062	0.0599323
20261	0.181392	0.227328	3.91825	1.81858	0.46413	1.36697	3.3966	3.39844	1.67991	0.494317	7.14593	0.702797	0.478151	0.417968	0.0600879
20262	0.192251	0.197937	3.68753	1.83488	0.497589	1.43404	3.45435	3.5454	1.6394	0.462403	6.87672	0.771025	0.480342	0.432925	0.060513
20263	0.225421	0.236317	3.81952	1.89384	0.495831	1.45495	3.4138	3.64703	1.68321	0.46153	6.67866	0.75587	0.479077	0.41383	0.0609522
20264	0.115157	0.195227	3.8846	1.79186	0.461273	1.34365	3.33076	3.60318	1.71344	0.475535	6.51443	0.754599	0.468136	0.412298	0.0611158
20265	0.186276	0.161727	3.81749	1.78691	0.468085	1.34164	3.29294	3.54344	1.7263	0.487181	7.34501	0.667427	0.477278	0.411085	0.0611939
20266	0.243502	0.182374	3.8063	1.8161	0.477131	1.30315	3.27465	3.53107	1.54432	0.437352	8.51594	0.561427	0.457987	0.415798	0.0611918
20267	0.127918	0.156224	4.24048	1.9269	0.454406	1.44583	3.31965	3.37947	1.60495	0.47491	5.76159	0.868449	0.4635	0.414765	0.0614209
20268	0.279963	0.210223	4.03744	1.95971	0.485385	1.41	3.35261	3.82014	1.61538	0.422859	7.73281	0.638487	0.454986	0.408585	0.0618258
20269	0.167489	0.180789	3.62436	1.86756	0.515281	1.31287	3.38992	3.46964	1.62987	0.469752	7.85014	0.655947	0.493013	0.424135	0.0621412
20270	0.228334	0.121554	3.91542	1.89252	0.48335	1.46006	3.48497	3.83297	1.77814	0.463908	7.45641	0.75858	0.473732	0.435302	0.0627282
20271	0.0772902	0.0509839	3.78967	1.84774	0.487574	1.52784	3.49594	3.87522	1.82919	0.472024	5.6403	1.05204	0.479712	0.44669	0.0629989
20272	0.0458576	0.0494209	3.57312	1.76715	0.494568	1.52677	3.51399	3.79188	1.77369	0.46776	5.47315	1.09656	0.480766	0.458848	0.0635421
20273	0.0850665	0.0343417	3.83737	1.77934	0.463687	1.44435	3.45774	3.76139	1.81286	0.481966	6.34296	0.923831	0.472735	0.449351	0.0635884
20274	0.00684832	0.00374575	3.83129	1.84709	0.482108	1.43173	3.37919	3.67904	1.717	0.466698	5.61184	1.01514	0.474559	0.44432	0.0640744
20275	0.107408	0.0632103	3.69396	1.6495	0.446539	1.35291	3.32795	3.69244	1.76246	0.477315	6.87079	0.77564	0.461923	0.438631	0.0646154
20276	0.0520558	0.0902815	3.84201	1.81802	0.473193	1.40623	3.40972	3.71833	1.8947	0.509558	6.00872	0.916889	0.491078	0.426054	0.0649622
20277	0.0713823	0.10599	3.80043	1.88534	0.496085	1.46976	3.3971	3.7143	1.70031	0.457774	5.53906	0.977731	0.477149	0.430385	0.0652503
20278	0.138493	0.140492	4.02114	1.84813	0.459603	1.39173	3.3938	3.69075	1.68749	0.457221	6.73882	0.785303	0.458463	0.428167	0.0653641
20279	0.0698569	0.124599	4.01933	2.01542	0.501433	1.38682	3.3893	4.03567	1.79387	0.444504	6.14522	0.8672	0.472911	0.41171	0.0654838
20280	0.207707	0.145318	3.85657	1.94577	0.504534	1.34094	3.38807	3.98353	1.75025	0.43937	8.18825	0.642108	0.471425	0.41576	0.0658693
20281	0.160392	0.160069	3.76837	1.89038	0.501644	1.35842	3.40636	3.97361	1.83996	0.463046	7.34246	0.717634	0.481833	0.414045	0.0662997
20282	0.122457	0.194033	4.52369	1.95821	0.432879	1.34997	3.3817	3.89428	1.77874	0.456758	6.74357	0.753399	0.443925	0.404804	0.0662664
20283	0.261193	0.189351	4.09222	1.95775	0.478407	1.47829	3.40341	3.76654	1.66159	0.441146	6.97359	0.740664	0.460549	0.416534	0.0666092
20284	0.264575	0.201403	4.11156	1.91638	0.466095	1.42539	3.40028	3.77138	1.69629	0.449779	7.59403	0.673742	0.458289	0.414683	0.0669158
20285	0.255149	0.14458	4.04439	1.83697	0.454202	1.39932	3.31118	3.53093	1.7204	0.487237	7.65963	0.654559	0.4696	0.413505	0.0672078
20286	0.260147	0.20708	3.84146	1.8554	0.482992	1.31086	3.32484	3.97963	1.8813	0.472732	8.8047	0.552004	0.477771	0.394183	0.0677614
20287	0.199612	0.191674	3.89307	1.9429	0.499066	1.31644	3.30112	3.79874	1.72564	0.454268	7.7517	0.623649	0.476942	0.397307	0.067586
20288	0.210339	0.2298	3.96918	2.01896	0.50866	1.2717	3.30728	3.81468	1.88364	0.493788	8.4074	0.563249	0.501372	0.377725	0.0680004
20289	0.203039	0.18568	3.86386	1.8185	0.470642	1.34312	3.36955	3.82254	1.80708	0.472745	7.79896	0.649896	0.471688	0.411537	0.0682035
20290	0.133391	0.123263	3.45524	1.71249	0.495622	1.40478	3.38742	3.61999	1.7604	0.486301	6.59146	0.80822	0.490853	0.434189	0.0685962
20291	0.0405003	0.116477	3.64111	1.75325	0.481515	1.47963	3.49792	3.7953	1.73026	0.455895	5.52086	1.03554	0.468439	0.450852	0.0690715
20292	0.137946	0.0628366	3.65875	1.69158	0.46234	1.45683	3.46441	3.66399	1.67827	0.458045	6.65188	0.86973	0.460191	0.462026	0.069232
20293	-0.039847	-0.0166754	3.56642	1.74713	0.489883	1.48332	3.45688	3.59051	1.59005	0.442848	5.20063	1.16001	0.466286	0.474881	0.0691938
20294	-0.0419875	-0.0269715	3.71987	1.81782	0.488677	1.49079	3.42874	3.82077	1.75157	0.458432	5.08296	1.17471	0.473352	0.455585	0.0695037
20295	0.0432574	0.00532451	4.21045	1.8669	0.443397	1.28783	3.36272	3.63636	1.75905	0.483739	7.27719	0.774481	0.462092	0.437434	0.0697126
20296	0.0499941	0.051849	4.06655	1.89117	0.465056	1.354	3.35523	3.68798	1.77539	0.481401	6.41742	0.85021	0.472829	0.426742	0.0698436
20297	0.0670263	0.10519	4.03401	1.86057	0.461221	1.3742	3.32771	3.92039	1.82028	0.464312	6.07746	0.854356	0.462744	0.413719	0.0705392
20298	0.058397	0.0826111	3.66412	1.867	0.509538	1.38749	3.35104	3.83099	1.83503	0.478997	6.04742	0.88324	0.493927	0.419201	0.0710613
20299	0.0491271	0.0807344	3.8606	1.73629	0.449746	1.36471	3.33265	3.6457	1.7127	0.469786	6.11001	0.865381	0.459479	0.434041	0.0713679
20300	0.052914	0.108727	3.8056	1.81397	0.476657	1.43884	3.40689	3.73687	1.69791	0.454365	5.66324	0.960394	0.465613	0.436541	0.0718829
20301	0.188627	0.157238	3.91673	1.79195	0.457511	1.43378	3.43345	3.60006	1.64093	0.455807	6.92308	0.775203	0.456695	0.438854	0.0719316
20302	0.111781	0.197519	3.9151	1.79052	0.457338	1.45882	3.39355	3.84298	1.7387	0.452436	5.62941	0.907253	0.454909	0.419931	0.071846
20303	0.130757	0.171983	3.68935	1.83612	0.497682	1.3907	3.36988	3.49229	1.67951	0.480918	6.44205	0.793731	0.48953	0.421156	0.0724225
20304	0.159695	0.174239	3.65168	1.72657	0.472816	1.31367	3.35474	4.04997	1.73201	0.42766	7.59622	0.665832	0.44907	0.422487	0.0725856
20305	0.179599	0.202299	3.58953	1.79349	0.499645	1.32263	3.32725	3.7659	1.81357	0.481577	7.47431	0.653261	0.490394	0.403754	0.0728047
20306	0.180065	0.159528	3.65703	1.88756	0.516144	1.24157	3.30909	3.85938	1.78633	0.462855	8.80347	0.563398	0.488782	0.403111	0.0730962
20307	0.0582777	0.144988	3.95735	1.8667	0.471704	1.24033	3.28576	3.5699	1.82255	0.510534	7.05991	0.698623	0.49012	0.400764	0.0733693
20308	0.102702	0.163807	3.7292	1.7692	0.474419	1.25276	3.31388	4.00523	1.9614	0.48971	7.50246	0.661314	0.482338	0.399509	0.0733653
20309	0.110383	0.115117	4.09122	1.77743	0.434451	1.33954	3.2976	3.83385	1.79684	0.468679	6.70373	0.755416	0.451009	0.414782	0.0741319
20310	0.0407282	0.0365935	3.98502	1.75182	0.439601	1.31304	3.32828	3.80479	1.83581	0.482499	6.6934	0.809395	0.460554	0.430335	0.0745089
20311	-0.0576766	-0.0325348	3.96659	1.7452	0.439974	1.30868	3.35365	3.45736	1.6068	0.464749	6.14174	0.93347	0.451512	0.461093	0.0743938
20312	-0.159736	-0.0802477	3.88373	1.76649	0.454844	1.26515	3.30433	3.8984	1.75421	0.449982	5.64219	1.01515	0.452408	0.448682	0.0741821
20313	-0.0443229	-0.0717936	3.99079	1.89107	0.473858	1.2711	3.29789	3.70453	1.80495	0.487229	6.56211	0.865175	0.480295	0.434524	0.0741702
20314	0.0437548	0.0209477	4.05084	1.9553	0.482689	1.32665	3.35142	3.7083	1.75461	0.473158	6.73951	0.822912	0.478134	0.427864	0.0743962
20315	0.0614213	-0.00781388	4.01063	1.93439	0.482315	1.32929	3.34998	3.54172	1.71873	0.485282	7.01384	0.80375	0.483706	0.435656	0.0745658
20316	-0.013045	-0.0116962	3.64929	1.90947	0.523245	1.41588	3.40025	3.80332	1.72209	0.452786	5.70145	1.02091	0.487288	0.445	0.074613
20317	0.0267884	-0.00825686	3.92297	1.88078	0.479428	1.41619	3.39146	3.84318	1.63603	0.425696	5.98724	0.965224	0.452838	0.451165	0.0749899
20318	0.016158	0.00366977	3.81714	1.94613	0.50984	1.29942	3.34539	3.73512	1.6703	0.447189	6.78125	0.823381	0.478855	0.435779	0.0749274
20319	0.0592137	-0.0300769	4.17817	1.9595	0.468986	1.29351	3.32053	4.0567	1.84417	0.454599	7.36897	0.761746	0.461899	0.424707	0.0748687
20320	0.0368241	-0.018129	4.15588	1.81783	0.437412	1.25759	3.25249	3.91218	1.78083	0.455201	7.17793	0.745129	0.446038	0.426439	0.0752045
20321	0.0360913	0.0232406	3.77002	1.70966	0.453488	1.24369	3.25794	3.74325	1.72567	0.461008	7.175	0.729149	0.457234	0.432408	0.0755897
20322	0.14082	0.0570579	3.84205	1.8384	0.478495	1.15979	3.25887	3.66629	1.76365	0.481045	9.87338	0.519154	0.47974	0.415843	0.0756098
20323	0.147034	0.0819795	3.71663	1.77896	0.478649	1.24741	3.26191	3.51278	1.81627	0.517047	8.35128	0.605414	0.497307	0.412974	0.0758123
20324	-0.00560686	0.0633518	3.67286	1.8644	0.507617	1.35671	3.24465	3.71052	1.87248	0.504639	5.45322	0.92795	0.50612	0.403845	0.076302
20325	0.0386179	0.110128	3.9805	1.79561	0.451103	1.29678	3.23634	3.83273	1.7391	0.45375	6.17397	0.791487	0.452402	0.408836	0.0766874
20326	0.0974428	0.0542572	4.34842	1.8548	0.426546	1.25355	3.24949	3.65754	1.8283	0.49987	7.63847	0.668295	0.460044	0.409453	0.077207
20327	0.144927	0.10422	3.90452	1.85868	0.476031	1.15721	3.22988	3.85711	1.7104	0.44344	9.53404	0.512362	0.459835	0.406414	0.0776773
20328	0.0646406	0.0740474	3.89985	1.90332	0.48805	1.25679	3.25857	3.75716	1.70501	0.453804	7.13553	0.710613	0.471246	0.412792	0.0777341
20329	0.0690497	0.121644	3.84862	1.91514	0.497617	1.27672	3.27998	3.60628	1.679	0.465576	6.83945	0.729234	0.482117	0.409749	0.0782111
20330	0.115317	0.132248	3.88372	1.77456	0.456921	1.16821	3.15141	3.81942	1.72984	0.452906	8.22259	0.554286	0.45493	0.394161	0.0785066
20331	0.0472135	0.122643	4.14846	2.0121	0.485023	1.11737	3.08747	3.77091	1.74606	0.463035	7.67544	0.57262	0.474553	0.369099	0.0787783
20332	0.246026	0.194206	3.80724	1.87291	0.491935	1.14684	3.1231	3.84867	1.81489	0.471563	10.5715	0.405736	0.481694	0.367822	0.07848
20333	0.268741	0.24282	4.05686	1.89319	0.466663	1.10501	3.10253	3.48189	1.73531	0.498382	11.6936	0.349676	0.481313	0.360504	0.0786687
20334	0.236342	0.268058	3.69928	1.96185	0.530332	1.16886	3.11817	3.96511	2.00333	0.505238	9.34141	0.434793	0.51735	0.338805	0.0789772
20335	0.14644	0.210683	3.98421	1.97082	0.494656	1.00479	3.04766	4.03345	1.93736	0.480325	10.924	0.368384	0.487446	0.339979	0.079225
20336	0.14099	0.173074	3.65433	1.77457	0.485607	1.11205	3.13077	3.97935	1.88339	0.473292	9.27723	0.471474	0.479187	0.374284	0.0795078
20337	0.26492	0.213664	3.57509	1.77594	0.496755	1.15699	3.11727	3.53025	1.6513	0.467757	10.5945	0.397891	0.482347	0.38092	0.0797067
20338	0.137288	0.178995	4.18885	1.72784	0.412485	1.08394	3.06454	3.57474	1.80723	0.505555	9.29132	0.448072	0.455339	0.370727	0.0801538
20339	0.0592227	0.137475	3.57708	1.75262	0.489958	1.03676	3.07848	3.6331	1.78037	0.490041	9.05166	0.477787	0.49	0.379792	0.0803638
20340	0.139462	0.0955445	3.7662	1.79549	0.476737	1.07047	3.09964	3.55156	1.75809	0.495018	10.4118	0.433385	0.485609	0.38846	0.0805076
20341	0.000598847	0.0675661	3.69589	1.79803	0.486495	1.04949	3.0465	3.92026	1.63615	0.417357	8.06604	0.550088	0.450908	0.39259	0.0810136
20342	0.0682332	0.0994688	3.78781	1.8187	0.480147	1.03396	2.99091	3.86988	1.75458	0.453394	8.96436	0.466314	0.466627	0.369172	0.0811136
20343	0.221951	0.172096	4.19252	1.82158	0.434483	1.04287	3.02866	3.80815	1.73777	0.45633	12.1083	0.336957	0.444882	0.364443	0.0817607
20344	0.18048	0.149764	3.91006	1.74211	0.445546	1.0299	3.03085	3.76772	1.77593	0.471355	11.5045	0.360757	0.458211	0.371131	0.0819023
20345	0.0675289	0.138098	3.87121	1.77182	0.457691	1.05638	3.05372	3.73658	1.87325	0.501326	8.69358	0.488914	0.479123	0.368419	0.082477
20346	0.118264	0.133807	4.02886	1.79158	0.444686	1.10645	3.08691	3.93361	1.84758	0.46969	8.93054	0.488258	0.457039	0.374764	0.0826306
20347	0.210935	0.141424	3.71286	1.71688	0.462415	1.06351	3.07557	3.84883	1.84318	0.478893	11.8441	0.363439	0.470802	0.376898	0.0827332
20348	0.152999	0.117543	3.50301	1.7106	0.488324	1.14474	3.11635	3.71947	1.82942	0.491849	9.14321	0.491777	0.490139	0.38853	0.0829091
20349	0.011861	0.12346	4.00288	1.76705	0.441443	1.21135	3.11606	3.97705	1.78448	0.448695	6.22455	0.719382	0.445057	0.386776	0.0826577
20350	0.285652	0.210105	3.88424	1.75393	0.45155	1.19227	3.12335	4.05064	1.84943	0.456577	10.3254	0.410975	0.454116	0.370721	0.0831681
20351	0.200491	0.214691	3.52981	1.6633	0.471216	1.15612	3.13414	3.60457	1.8401	0.510491	9.33309	0.45661	0.49106	0.378307	0.0832778
20352	0.398879	0.332687	3.76302	1.76899	0.470098	1.19251	3.22777	4.03895	1.9095	0.472772	13.3071	0.314926	0.471482	0.363023	0.083292
20353	0.385817	0.382309	3.70622	1.82855	0.493373	1.33297	3.33127	3.72781	1.91742	0.514356	9.69383	0.448552	0.503895	0.367358	0.083702
20354	0.442	0.415188	3.692	1.8435	0.499321	1.25022	3.32168	3.91457	1.81333	0.463226	12.9325	0.326608	0.480745	0.366214	0.0838267
20355	0.515206	0.509343	3.71223	1.75062	0.471581	1.36142	3.35049	3.45448	1.83184	0.53028	11.2727	0.358039	0.499875	0.360447	0.0843179
20356	0.514532	0.513272	3.97249	1.78512	0.449371	1.37497	3.34625	3.75017	1.827	0.487178	10.8405	0.370175	0.46773	0.357224	0.0846565
20357	0.640851	0.561959	3.69176	1.73028	0.468686	1.2792	3.28377	3.94505	1.77716	0.450479	18.1801	0.203747	0.459281	0.34568	0.0847602
20358	0.548396	0.545196	3.76265	1.81921	0.483493	1.32559	3.23871	3.7784	1.78099	0.47136	12.0111	0.302013	0.477414	0.335127	0.0844671
20359	0.545215	0.597849	4.097	1.8296	0.446569	1.27088	3.26213	3.7085	1.80154	0.485786	13.4801	0.263292	0.465202	0.328391	0.0848601
20360	0.517066	0.566414	4.04748	1.91722	0.473682	1.19389	3.24177	3.6297	1.73171	0.477096	15.6247	0.229046	0.475296	0.329143	0.0851449
20361	0.609752	0.589272	3.8419	1.94423	0.506059	1.24722	3.23517	3.81221	1.81616	0.476406	17.228	0.20318	0.49129	0.317714	0.0853664
20362	0.65728	0.599846	4.18583	1.96513	0.469473	1.19831	3.19138	3.92463	1.89295	0.482327	22.9436	0.146359	0.475693	0.303335	0.0858725
20363	0.597395	0.584409	4.05197	1.94553	0.480143	1.28051	3.25688	4.07607	1.8743	0.459829	15.3051	0.233325	0.469956	0.318649	0.0860606
20364	0.66235	0.581094	3.92489	2.02612	0.516224	1.25037	3.24848	4.05222	1.84031	0.454149	20.5775	0.172881	0.484691	0.315198	0.0858886
20365	0.506598	0.533196	4.07952	2.06063	0.505116	1.15955	3.2061	3.93027	1.7927	0.456125	16.757	0.213176	0.481077	0.316825	0.0854944
20366	0.434393	0.484235	3.92573	1.98913	0.50669	1.21746	3.2122	3.60609	1.70663	0.473264	12.1362	0.306595	0.490686	0.334953	0.0855756
20367	0.467013	0.532646	3.76211	1.78792	0.475243	1.29702	3.27889	3.89016	1.95806	0.503336	10.9476	0.344452	0.489525	0.334922	0.0856462
20368	0.499856	0.45827	3.83666	1.87945	0.489867	1.35075	3.2968	3.97873	1.87059	0.470148	11.1286	0.362008	0.479828	0.349557	0.0861572
20369	0.482466	0.444635	3.45282	1.70207	0.492949	1.31534	3.30565	3.87369	1.71036	0.441533	11.8	0.346838	0.465764	0.37499	0.0863596
20370	0.389202	0.446447	3.87173	1.85012	0.477854	1.35434	3.32459	4.06992	1.76673	0.434095	8.89287	0.465749	0.455428	0.364217	0.0867385
20371	0.339005	0.365459	3.77966	1.85888	0.491812	1.17007	3.23336	3.68601	1.69868	0.460844	11.9085	0.345337	0.476522	0.366397	0.0870114
20372	0.31594	0.356983	3.71019	1.87574	0.505564	1.11469	3.15996	3.80199	1.75815	0.46243	12.3144	0.319003	0.483733	0.35098	0.0871504
20373	0.292808	0.341414	3.90768	1.73474	0.443931	1.07777	3.11342	3.72606	1.75634	0.471366	12.4707	0.308084	0.457322	0.355062	0.0874238
20374	0.318173	0.377755	3.78438	1.86561	0.492978	1.09622	3.07674	3.766	1.85322	0.492092	12.0335	0.302676	0.492536	0.328836	0.0876129
20375	0.290628	0.361638	3.91507	1.7973	0.459074	0.94777	2.99976	3.96013	1.99158	0.502908	16.1166	0.215918	0.481117	0.31481	0.0876534
20376	0.341308	0.352814	3.92566	1.85701	0.473043	1.01504	3.0046	3.63657	1.91003	0.525229	15.4917	0.226959	0.498138	0.318296	0.0879415
20377	0.383087	0.374202	3.76534	1.94601	0.516822	1.04317	2.99322	3.81971	1.79248	0.469271	15.7425	0.217857	0.492876	0.314562	0.0881225
20378	0.398871	0.38427	4.12844	1.95891	0.474492	1.03036	2.99283	3.61206	1.71293	0.474226	17.0634	0.199391	0.474368	0.316719	0.0883231
20379	0.408433	0.351821	3.49295	1.75797	0.503289	0.905546	3.01998	3.82134	1.94156	0.508083	28.808	0.123561	0.505794	0.324927	0.0889242
20380	0.279446	0.275421	3.81216	1.747	0.45827	1.03468	3.02727	3.73407	1.87445	0.501987	13.2765	0.285189	0.479902	0.343412	0.0893324
20381	0.31905	0.288688	3.60817	1.71747	0.475994	0.99605	3.0114	3.96371	1.99011	0.502083	16.1742	0.229165	0.489651	0.333384	0.0893385
20382	0.270028	0.251626	3.86528	1.76008	0.455357	1.03304	2.96516	3.90841	1.97577	0.505517	12.6475	0.291097	0.480576	0.330204	0.0898259
20383	0.229084	0.213081	3.62056	1.83843	0.507775	1.04963	3.06665	3.8526	1.88854	0.490198	12.094	0.336648	0.498714	0.353373	0.090242
20384	0.184038	0.219614	3.83079	1.94967	0.508947	1.12491	3.11831	3.93789	1.84926	0.469608	9.49166	0.442623	0.489006	0.356178	0.0907487
20385	0.31044	0.268091	3.5019	1.83365	0.523615	1.0587	3.07105	3.79074	1.86016	0.490712	14.0321	0.279949	0.506512	0.34726	0.0909006
20386	0.264507	0.227849	3.99433	1.82654	0.457283	1.07534	3.10833	4.01584	1.96659	0.489708	12.6201	0.328726	0.473539	0.353641	0.0910165
20387	0.209933	0.209565	3.72553	1.80873	0.485498	1.25199	3.13855	4.04541	1.85968	0.459701	7.90046	0.542938	0.472068	0.369062	0.0917126
20388	0.18017	0.201127	3.93496	1.81943	0.462375	1.01418	3.01291	3.49064	1.69767	0.486348	11.3663	0.347788	0.473644	0.359901	0.0919158
20389	0.227073	0.259752	3.77941	1.79804	0.475747	0.958826	2.95447	3.79303	1.7384	0.458313	13.5612	0.267732	0.467014	0.33932	0.0921842
20390	0.349079	0.279133	3.95283	1.91053	0.483332	0.929079	2.96701	3.90693	1.72313	0.441044	21.4765	0.1682	0.462312	0.332137	0.0921446
20391	0.315139	0.272088	3.92787	1.8996	0.483622	0.880419	2.92659	3.72534	1.88751	0.506667	22.0516	0.159771	0.49484	0.317588	0.0921872
20392	0.188398	0.220389	4.11354	1.98602	0.482801	0.873872	2.89761	3.86396	1.86759	0.483337	15.2542	0.234937	0.483061	0.317509	0.0926784
20393	0.274992	0.267463	4.05899	1.97844	0.487421	0.916042	2.87004	3.86171	1.79987	0.466082	16.4825	0.205472	0.477017	0.309583	0.0926523
20394	0.319091	0.245003	4.02766	1.96429	0.487701	0.877491	2.8419	3.92152	1.8269	0.465864	21.6282	0.155905	0.476928	0.307925	0.0929803
20395	0.27443	0.180453	3.8978	1.94651	0.499386	1.00616	2.91117	4.10963	1.90768	0.464198	13.9267	0.267716	0.481326	0.326111	0.09317
20396	0.123968	0.125341	3.93417	1.95682	0.497392	1.00578	2.92067	3.83294	1.90423	0.496807	10.0488	0.388796	0.497103	0.336075	0.0932075
20397	0.237147	0.164886	3.92891	1.86659	0.475092	0.990634	2.96049	3.95335	1.81466	0.459019	13.7658	0.283871	0.46703	0.346842	0.0935081
20398	0.176923	0.170133	3.82309	1.77651	0.464678	0.862776	2.9195	3.97086	1.8281	0.460379	16.0695	0.235198	0.462488	0.344057	0.0938438
20399	0.208137	0.193974	3.88682	1.75013	0.450273	0.976263	2.94321	3.794	1.77202	0.467058	12.8103	0.295009	0.458564	0.349278	0.0943244
20400	0.209113	0.165182	3.66741	1.81223	0.494144	0.931822	2.94877	4.08778	1.88733	0.4617	14.8348	0.261154	0.477043	0.343773	0.094287
20401	0.123047	0.219668	3.89644	1.95338	0.501324	0.847134	2.91911	4.11208	1.94123	0.472078	13.8985	0.262151	0.486307	0.318799	0.0947252
20402	0.213698	0.249986	3.81125	1.90487	0.4998	0.975453	2.98818	3.96655	1.90129	0.479332	12.921	0.290135	0.489362	0.330081	0.0948166
20403	0.210419	0.278633	3.91044	1.8571	0.47491	0.981054	2.96307	4.14057	1.83781	0.443854	12.1341	0.29694	0.458938	0.327875	0.0948088
20404	0.298053	0.310609	3.96224	1.94795	0.491627	0.995705	2.91322	3.62563	1.74702	0.481853	13.9168	0.24336	0.486957	0.314377	0.0954459
20405	0.362443	0.348355	3.98796	1.88579	0.472872	0.883341	2.90066	3.67706	1.80263	0.490235	24.0083	0.135667	0.481202	0.306402	0.0954936
20406	0.372199	0.347398	4.12002	1.91756	0.465425	0.896803	2.87274	4.04042	1.90762	0.472135	23.1727	0.137605	0.468747	0.294288	0.0956945
20407	0.437168	0.34984	3.72999	1.87018	0.50139	1.01844	2.93365	3.94227	1.82903	0.463953	19.7591	0.168937	0.482153	0.311014	0.0958044
20408	0.373126	0.332154	3.84647	1.75397	0.455994	0.848968	2.92534	3.72349	1.71549	0.460722	29.6991	0.113213	0.458319	0.326509	0.0957222
20409	0.320491	0.331259	3.63279	1.75402	0.482829	0.933443	2.91155	3.57082	1.66392	0.465978	17.7208	0.187855	0.474476	0.327607	0.0960339
20410	0.267318	0.280808	3.68813	1.76595	0.478821	0.880653	2.86287	3.85939	1.78461	0.462407	17.723	0.18809	0.470428	0.319575	0.0966015
20411	0.289705	0.316671	4.09249	1.87257	0.457563	0.829745	2.85607	3.95844	1.83031	0.462382	22.111	0.145822	0.459933	0.303423	0.0971576
20412	0.3403	0.33326	3.74472	1.67015	0.446002	0.954486	2.95907	3.80208	1.63791	0.430792	18.2779	0.188612	0.438339	0.342679	0.0973211
20413	0.353059	0.347611	3.63131	1.68944	0.465241	0.920361	2.94276	3.20226	1.60033	0.49975	20.9264	0.160916	0.481412	0.338648	0.0973482
20414	0.319753	0.310799	3.85974	1.86089	0.482127	0.925834	2.89889	3.58538	1.71901	0.47945	18.2347	0.183667	0.480838	0.3188	0.097537
20415	0.222372	0.271036	4.03566	1.89968	0.470723	0.888847	2.87077	3.82315	1.69463	0.443255	15.2156	0.222095	0.45736	0.319879	0.0977596
20416	0.341722	0.274681	3.77022	1.81302	0.480878	0.767298	2.78041	4.06842	1.73774	0.427129	34.6667	0.0905577	0.452981	0.306657	0.0979256
20417	0.180842	0.242999	3.78297	1.80252	0.476484	0.730648	2.75416	3.55331	1.68498	0.474201	20.8608	0.151143	0.475378	0.311419	0.0979906
20418	0.281228	0.249649	3.46584	1.69747	0.489772	0.764276	2.75931	3.74	1.65506	0.442529	26.9929	0.116668	0.465252	0.319686	0.0983439
20419	0.0564927	0.141436	3.7859	1.75455	0.463443	0.651405	2.65596	3.60428	1.65476	0.459109	17.8651	0.176961	0.461329	0.316883	0.0985794
20420	0.166084	0.183432	3.59213	1.70433	0.474462	0.686474	2.69276	3.75439	1.73285	0.461552	23.2517	0.135403	0.467865	0.31423	0.0982461
20421	0.27456	0.320504	3.59355	1.65844	0.461505	0.8829	2.90012	3.99208	1.79196	0.448879	17.9812	0.185039	0.45486	0.325414	0.0980732
20422	0.357455	0.324994	3.76241	1.89398	0.503396	0.994759	2.92229	4.07796	1.81133	0.444175	16.6093	0.203078	0.472594	0.312896	0.0985623
20423	0.27134	0.270487	4.03098	1.96897	0.488458	0.92906	2.92846	3.9275	1.80155	0.458702	16.3313	0.216297	0.473774	0.319108	0.0989284
20424	0.235671	0.239446	3.67692	1.84673	0.502249	0.97453	2.97859	3.87576	1.84352	0.475655	13.7438	0.272957	0.488602	0.337111	0.0991608
20425	0.198735	0.232286	3.86741	1.90487	0.492545	0.919434	2.97064	3.3541	1.67613	0.499727	14.4368	0.259704	0.495881	0.343728	0.0993654
20426	0.254523	0.214164	4.05742	1.83582	0.45246	0.898106	2.91082	3.85249	1.71445	0.445024	17.5567	0.207099	0.448838	0.338768	0.0991934
20427	0.166484	0.158121	3.97362	1.80362	0.453899	0.803652	2.88254	4.04829	1.79847	0.444254	18.2826	0.202991	0.449032	0.34011	0.0991562
20428	0.147794	0.202728	3.89169	1.84048	0.472924	0.90099	2.90881	3.85631	1.74559	0.452659	12.9082	0.283652	0.462838	0.338083	0.10004
20429	0.223874	0.225944	3.81289	1.86664	0.48956	0.881662	2.88151	3.64825	1.80899	0.495851	16.2983	0.216342	0.492636	0.324273	0.10022
20430	0.23605	0.232805	3.79173	1.72122	0.453941	0.944383	2.91966	3.78549	1.80985	0.478102	14.3885	0.250868	0.466012	0.338351	0.100539
20431	0.174801	0.191495	3.82976	1.79815	0.469519	0.871371	2.90552	4.09991	1.7472	0.426156	15.1809	0.242605	0.447099	0.341961	0.101288
20432	0.172229	0.188293	3.67497	1.82406	0.496345	0.900238	2.897	3.87319	1.87371	0.483763	13.8436	0.264999	0.489889	0.331684	0.101672
20433	0.160263	0.174988	3.7163	1.81999	0.489731	0.876036	2.90444	4.11718	1.80724	0.438951	14.5411	0.256166	0.463042	0.339378	0.102128
20434	0.108833	0.133435	3.44979	1.72882	0.501138	0.890945	2.8873	4.11096	1.98388	0.482583	12.3979	0.30585	0.491049	0.338152	0.102212
20435	0.156114	0.153733	3.89902	1.77828	0.456085	0.806125	2.85851	4.12188	1.92229	0.466362	17.3149	0.211258	0.461366	0.330872	0.102347
20436	0.208819	0.196811	3.98687	1.86072	0.466712	0.86011	2.89958	4.06499	1.99801	0.491516	17.2213	0.21209	0.479234	0.321349	0.102707
20437	0.156828	0.179705	4.02095	1.96584	0.4889	0.857256	2.88906	4.04707	2.05385	0.507489	14.9625	0.245299	0.498225	0.313549	0.103187
20438	0.227627	0.19149	3.97625	1.8471	0.464533	0.836862	2.87407	3.97475	2.03021	0.510777	19.3881	0.185584	0.48765	0.317047	0.103472
20439	0.200532	0.212866	3.67595	1.83683	0.499688	0.92712	2.87397	3.81025	1.84883	0.485225	13.4137	0.263965	0.492327	0.324589	0.103654
20440	0.262673	0.269494	3.5524	1.79598	0.505569	0.756224	2.86293	3.77567	1.66964	0.442211	27.6114	0.121796	0.472925	0.326795	0.103793
20441	0.32712	0.277314	3.77851	1.88696	0.499393	0.812094	2.80356	3.89388	1.60312	0.411703	27.134	0.1176	0.454888	0.313835	0.104289
20442	0.316034	0.236752	3.55192	1.80123	0.507114	0.8038	2.80577	3.72966	1.69542	0.454579	27.7404	0.118958	0.480205	0.320701	0.10424
20443	0.24349	0.243718	3.79506	1.71714	0.452467	0.841356	2.86322	3.72644	1.7119	0.459393	19.1968	0.178722	0.455898	0.333565	0.104337
20444	0.259402	0.251228	3.71108	1.7582	0.47377	0.810052	2.87074	3.96213	1.767	0.445973	22.6304	0.151607	0.459417	0.327447	0.104568
20445	0.266398	0.28285	3.9258	1.81837	0.463185	0.862893	2.90613	3.97121	1.75347	0.441544	19.341	0.177903	0.452302	0.32519	0.104699
20446	0.321977	0.288699	3.6845	1.70888	0.463802	0.824556	2.85196	3.73712	1.68977	0.452158	26.0122	0.126293	0.457939	0.325938	0.105305
20447	0.155003	0.231541	3.7174	1.686	0.453543	0.838605	2.8741	3.74204	1.71898	0.459369	14.9432	0.233656	0.456466	0.339049	0.105181
20448	0.202993	0.179172	4.11452	1.73892	0.422629	0.888563	2.84398	3.87717	1.68961	0.435785	15.1087	0.235003	0.429011	0.341265	0.10558
20449	0.186405	0.153886	3.56881	1.6648	0.466486	0.857806	2.80279	3.75988	1.92052	0.510794	15.5657	0.22539	0.489217	0.328639	0.105898
20450	0.173255	0.122662	3.36171	1.60577	0.477666	0.805283	2.85071	3.95785	1.84698	0.466663	18.6308	0.19973	0.471716	0.350283	0.106173
20451	0.105259	0.0744005	3.6903	1.66996	0.452527	0.861932	2.91203	4.09934	2.03417	0.496219	14.0635	0.286278	0.47552	0.352218	0.10605
20452	0.160589	0.0329584	3.70508	1.85283	0.500079	0.888149	2.93542	4.03011	1.8228	0.452295	15.9147	0.264671	0.475183	0.364382	0.105889
20453	-0.0160753	0.0218379	3.75639	1.81186	0.482341	0.952652	2.97819	4.12709	1.97386	0.47827	9.31343	0.469216	0.48021	0.366069	0.105873
20454	0.0185698	0.0516073	3.8823	1.86452	0.480261	1.00088	2.99637	3.78381	1.83927	0.48609	8.9867	0.48247	0.483138	0.36933	0.106411
20455	0.118332	0.0411319	3.94791	1.88593	0.477705	0.9913	3.0084	4.03904	1.84365	0.456456	11.5536	0.381036	0.466959	0.371261	0.106367
20456	0.0405806	0.0630076	4.07616	1.8471	0.453146	0.906414	2.93982	3.91358	1.90898	0.487782	11.0396	0.374834	0.470112	0.355305	0.1066
20457	-0.0761403	0.0333322	3.97389	1.95847	0.492835	0.977867	2.93622	3.80341	1.68287	0.442464	7.5853	0.555465	0.468202	0.366622	0.106868
20458	0.0540201	0.0456633	3.61574	1.87231	0.517823	0.998448	2.96662	3.62151	1.78654	0.493314	9.56559	0.445972	0.505558	0.368391	0.107755
20459	0.0394375	0.0371019	3.74764	1.74435	0.465454	1.00049	3.00538	3.84821	1.67874	0.43624	9.53933	0.461809	0.450653	0.391652	0.107837
20460	0.0433337	0.0618407	3.75821	1.81445	0.482797	0.961537	2.92379	3.60114	1.69654	0.471111	9.71505	0.421548	0.477079	0.368493	0.108156
20461	0.0240359	0.0601173	4.04204	1.84666	0.456863	0.921762	2.9112	3.64311	1.75557	0.481888	10.0863	0.402956	0.468726	0.360787	0.108888
20462	0.134682	0.139467	3.88379	1.85203	0.476862	0.924875	2.9386	3.80529	1.70062	0.44691	12.5482	0.312202	0.462039	0.355518	0.109341
20463	0.217355	0.158584	3.84688	1.99766	0.519293	0.87263	2.92149	3.72555	1.76972	0.475022	17.7781	0.214692	0.497512	0.336349	0.109786
20464	0.159633	0.177123	3.75374	1.90533	0.507582	0.967776	2.93871	3.884	1.78816	0.460391	11.6772	0.326548	0.483584	0.34057	0.110317
20465	0.225714	0.16615	3.585	1.7737	0.494756	0.861541	2.88028	3.93282	1.74946	0.444837	18.2215	0.202138	0.468642	0.343393	0.110458
20466	0.233589	0.247154	3.68845	1.84693	0.500735	0.857831	2.87934	3.72615	1.67225	0.448788	17.7799	0.194839	0.474629	0.329954	0.110826
20467	0.323068	0.325674	3.66125	1.83602	0.501473	0.893432	2.82949	3.79758	1.69545	0.446456	19.2709	0.162658	0.473462	0.307491	0.110911
20468	0.268723	0.375877	3.42749	1.76264	0.514266	0.984905	2.8502	3.39411	1.62355	0.478343	11.9362	0.256458	0.496392	0.311404	0.11151
20469	0.380018	0.434494	3.69675	1.68361	0.455429	0.834541	2.83777	4.14271	1.71679	0.414412	27.9572	0.103296	0.433754	0.298171	0.111638
20470	0.492923	0.469849	3.42889	1.63404	0.476551	0.730918	2.8002	3.52879	1.70072	0.481955	95.875	0.028321	0.479292	0.28943	0.111911
20471	0.493392	0.520739	3.62143	1.67573	0.462727	0.824767	2.80405	3.56184	1.73496	0.487097	47.4777	0.0549046	0.474811	0.276586	0.112628
20472	0.509099	0.522372	3.78994	1.78482	0.470935	0.737773	2.81109	3.94653	1.85775	0.470729	100.173	0.0261459	0.47083	0.26454	0.113238
20473	0.507203	0.467218	3.78852	1.72162	0.45443	0.768304	2.80687	3.60489	1.81452	0.503348	80.2943	0.0340869	0.478282	0.279122	0.113736
20474	0.530443	0.558156	3.65065	1.68222	0.460799	0.786841	2.80958	3.87888	1.81468	0.467836	77.1057	0.0328699	0.464424	0.266092	0.114187
20475	0.617458	0.605577	3.39147	1.71464	0.505573	0.771309	2.83415	3.8227	1.85774	0.485976	209.822	0.0118352	0.495189	0.258017	0.114271
20476	0.544667	0.529981	3.79752	1.77904	0.468474	0.856162	2.80158	4.06812	1.89357	0.465465	53.1814	0.0485146	0.466918	0.260046	0.114477
20477	0.499351	0.577613	3.79037	1.71049	0.451273	0.77972	2.81179	4.0958	1.93803	0.473175	63.5002	0.0393035	0.462648	0.254953	0.114848
20478	0.560681	0.538693	3.66426	1.66793	0.455189	0.859588	2.79104	3.9333	1.84388	0.468787	56.7803	0.0446727	0.462229	0.265421	0.115029
20479	0.527932	0.530773	3.74377	1.66657	0.445159	0.845601	2.82216	3.83782	1.7748	0.46245	52.0294	0.0504565	0.453912	0.276208	0.114931
20480	0.472976	0.5078	3.71509	1.71966	0.462885	0.812621	2.81101	3.31879	1.69247	0.509966	45.9851	0.0576795	0.4851	0.279988	0.114878
20481	0.534939	0.480137	3.5128	1.71727	0.48886	0.864134	2.86201	3.88587	1.6541	0.425671	52.3519	0.0541845	0.455673	0.296225	0.114719
20482	0.593283	0.537592	3.44778	1.71086	0.496221	0.824269	2.81023	3.30344	1.59151	0.481774	96.8031	0.0266772	0.489152	0.281193	0.114944
20483	0.505795	0.558585	3.96771	1.78732	0.450466	0.652349	2.72087	3.55277	1.65354	0.465424	217.687	0.010739	0.457532	0.253661	0.115013
20484	0.584687	0.56755	3.77489	1.83211	0.485342	0.692152	2.72055	3.74298	1.80793	0.483018	401.381	0.00577434	0.484185	0.241576	0.115235
20485	0.594723	0.546968	3.9659	1.90929	0.481426	0.873268	2.77236	3.82762	1.80773	0.472286	63.8297	0.0387935	0.476937	0.249955	0.11515
20486	0.515334	0.504896	3.78015	1.74889	0.46265	0.653364	2.71151	3.61368	1.73932	0.481316	255.567	0.00952615	0.471773	0.25879	0.115678
20487	0.433065	0.456351	3.86651	1.83887	0.475589	0.677447	2.69571	3.56771	1.84858	0.518142	83.967	0.0298613	0.49601	0.253819	0.115789
20488	0.542047	0.446991	3.93837	1.81124	0.459896	0.679066	2.70345	3.91217	1.75647	0.448975	271.201	0.00938714	0.454454	0.26306	0.116335
20489	0.439775	0.395656	3.59632	1.7561	0.488305	0.666615	2.70766	3.82434	1.73945	0.454836	103.881	0.0257281	0.471056	0.276666	0.116632
20490	0.332229	0.316124	3.54295	1.72465	0.486784	0.7616	2.73006	4.2712	1.98094	0.46379	31.6073	0.0921797	0.474215	0.282293	0.116321
20491	0.231434	0.223104	3.79766	1.62817	0.428729	0.689454	2.66996	3.89787	1.8154	0.465742	28.5397	0.104891	0.447477	0.303076	0.116413
20492	0.166392	0.177783	3.64715	1.66872	0.457541	0.619166	2.63572	3.66799	1.90952	0.520591	29.47	0.102502	0.489156	0.296917	0.116941
20493	0.163119	0.137065	3.6513	1.67027	0.457446	0.590123	2.61848	3.74978	1.88855	0.503642	33.7703	0.0911663	0.480852	0.302048	0.117378
20494	0.212401	0.140493	3.8411	1.79767	0.468008	0.567151	2.56626	4.12552	1.88147	0.456057	46.7578	0.0629236	0.461819	0.285737	0.117858
20495	0.163702	0.132728	3.99785	1.79699	0.449489	0.43444	2.47255	3.58192	1.81056	0.505473	74.6905	0.0366496	0.475945	0.275144	0.118305
20496	0.195544	0.1621	3.6522	1.66094	0.454777	0.469804	2.42464	3.80624	1.77885	0.467352	68.0566	0.0376092	0.461195	0.271263	0.118584
20497	0.131569	0.16427	3.87515	1.75788	0.453629	0.37354	2.44375	3.98756	1.86603	0.467963	88.7454	0.0292748	0.460898	0.263966	0.118554
20498	0.28119	0.199825	3.75807	1.68073	0.447233	0.438175	2.45163	3.53204	1.78468	0.505282	205.751	0.0123222	0.475358	0.267928	0.118558
20499	0.203764	0.179353	3.71026	1.81691	0.489699	0.440622	2.45228	3.72512	1.84709	0.495846	92.0863	0.0280509	0.492779	0.260724	0.118807
20500	0.178846	0.136284	3.82717	1.81515	0.474279	0.506365	2.49087	4.0175	1.88795	0.469932	51.6839	0.0536343	0.472053	0.272448	0.119104
