cycle	Zbar1	Gbar1	VP1	VG1	h21	Zbar2	Gbar2	VP2	VG2	h22	h2b	h2b_denom	h2w	Qst	Fst
20000	0.193409	0.263066	3.70397	1.69266	0.456985	4.11578	0.158594	3.79566	1.70679	0.449669	0.000709429	7.69252	0.453282	0.00080243	0.000370026
20001	0.390286	0.297134	3.57242	1.65538	0.463379	4.0518	-0.0145295	3.78052	1.82078	0.481621	0.00724522	6.70333	0.472758	0.00694072	0.000643923
20002	0.248526	0.263765	3.5905	1.80002	0.501328	3.91269	-0.0726548	4.06823	1.7688	0.434784	0.00842971	6.71306	0.46598	0.00786981	0.000914591
20003	0.224025	0.19996	3.80676	1.81124	0.475794	3.86309	-0.10984	4.01044	1.91034	0.47634	0.0072474	6.62139	0.476074	0.00640915	0.00117483
20004	0.276927	0.187762	3.76055	1.75474	0.466619	3.87206	-0.1601	3.59077	1.80852	0.503659	0.00936229	6.46249	0.484712	0.00842263	0.00145138
20005	0.229407	0.178737	3.5423	1.82391	0.514893	3.79121	-0.195449	4.0321	1.84452	0.457461	0.0110366	6.34321	0.48432	0.00945639	0.00174003
20006	0.209898	0.238484	3.77848	1.69394	0.448313	3.83854	-0.192833	4.05912	1.94374	0.478857	0.0141287	6.58353	0.464132	0.01263	0.00196418
20007	0.261303	0.286398	3.93141	1.86488	0.474353	3.76388	-0.273676	3.77259	1.84688	0.489552	0.0255691	6.13401	0.481796	0.0207006	0.00224733
20008	0.232837	0.250603	3.73649	1.81614	0.486055	3.68902	-0.290533	3.99869	1.86749	0.467024	0.0245142	5.97262	0.476217	0.0194959	0.00250902
20009	0.0944143	0.149529	4.17528	1.95873	0.469125	3.7041	-0.327512	4.10598	1.82876	0.445389	0.0174652	6.5149	0.457357	0.014806	0.00279443
20010	0.108162	0.150021	3.81329	1.89317	0.496467	3.7113	-0.353714	3.83984	1.79353	0.467084	0.0195453	6.49132	0.481725	0.0169243	0.00303813
20011	0.140744	0.13769	3.87624	1.7449	0.450152	3.60639	-0.413629	3.751	1.99487	0.531822	0.0253069	6.00534	0.490317	0.0199241	0.00327039
20012	0.14884	0.16857	3.54383	1.75197	0.494372	3.5933	-0.418777	3.83875	1.78162	0.464113	0.0290769	5.93215	0.478638	0.0238371	0.00358238
20013	0.106228	0.139951	3.65426	1.74827	0.478419	3.51069	-0.444633	3.78716	1.72783	0.456233	0.0294847	5.79517	0.467128	0.0239998	0.00395441
20014	0.144382	0.158547	3.75799	1.72312	0.458523	3.63716	-0.420247	3.87087	1.68662	0.435722	0.0274603	6.09976	0.446954	0.023985	0.00419152
20015	0.0465858	0.0866183	3.87235	1.80047	0.464955	3.51956	-0.495051	3.65543	1.73238	0.473921	0.0280511	6.03076	0.469309	0.0233939	0.0044286
20016	0.0878091	0.103587	3.48762	1.71106	0.490611	3.48236	-0.511115	3.47085	1.76245	0.507787	0.0327918	5.76148	0.499178	0.0264886	0.00463938
20017	0.0852487	0.120122	3.73364	1.73915	0.465805	3.50332	-0.496698	3.92333	1.74995	0.446038	0.0325653	5.84161	0.455677	0.0265506	0.00483988
20018	0.070186	0.105335	3.72324	1.76711	0.474616	3.47837	-0.519587	3.75674	1.77817	0.473327	0.0336205	5.80787	0.473969	0.0268136	0.0051175
20019	0.0953566	0.150329	4.03283	1.86529	0.462526	3.45384	-0.475145	3.40566	1.75578	0.515546	0.0346842	5.6397	0.486801	0.0263123	0.00531925
20020	0.213985	0.21542	3.98201	1.94565	0.48861	3.43716	-0.548589	3.92085	1.76716	0.450707	0.0561862	5.19442	0.469805	0.0378357	0.00553462
20021	0.172308	0.162604	3.86002	1.80498	0.467608	3.40851	-0.51212	3.75011	1.69766	0.452695	0.0434691	5.23649	0.460259	0.0314862	0.00582285
20022	0.183466	0.149643	4.14916	2.00466	0.483148	3.43742	-0.570275	3.57163	1.50709	0.421961	0.0489489	5.29412	0.454843	0.0356006	0.00597789
20023	0.205317	0.169855	3.47643	1.81592	0.522352	3.31772	-0.670773	3.85209	1.76208	0.457436	0.0729481	4.84354	0.48823	0.0470742	0.00607382
20024	0.273606	0.216821	3.79159	1.83512	0.483999	3.30422	-0.707169	3.74635	1.65543	0.441878	0.0929552	4.59231	0.463065	0.0576513	0.0062356
20025	0.204521	0.163081	3.58459	1.79671	0.50123	3.19958	-0.78918	3.91074	1.66115	0.424766	0.101089	4.48518	0.461335	0.061556	0.00649705
20026	0.110144	0.0880425	3.77252	1.83426	0.486215	3.1378	-0.839123	4.0128	1.76005	0.43861	0.0937784	4.58334	0.461678	0.0564448	0.00680313
20027	0.114683	0.0518016	3.54407	1.72287	0.486128	3.04422	-0.899987	3.30962	1.62918	0.492256	0.105556	4.29109	0.489087	0.063317	0.00714291
20028	-0.0207773	0.0417303	3.69876	1.62606	0.439623	3.0871	-0.887485	3.63434	1.69646	0.466786	0.0893931	4.82946	0.453085	0.061034	0.00730665
20029	-0.0426062	-0.0354237	3.54619	1.67772	0.473105	3.07081	-0.964172	3.76843	1.63526	0.433936	0.0889862	4.84667	0.452926	0.0611414	0.00750898
20030	-0.0804453	-0.082157	3.73113	1.80628	0.484111	2.9621	-1.05823	3.75957	1.64579	0.437761	0.102918	4.62853	0.460848	0.064573	0.00764676
20031	-0.0791635	-0.0708559	3.95889	1.87911	0.474656	2.97757	-1.00312	3.81079	1.83691	0.482029	0.0930172	4.6718	0.478272	0.055267	0.0079201
20032	-0.202416	-0.0815008	3.97773	1.89984	0.477621	2.94783	-1.05072	3.6946	1.8536	0.501706	0.094658	4.96202	0.489219	0.0589118	0.00826282
20033	-0.128377	-0.155186	3.81659	1.65909	0.434705	2.85309	-1.12122	3.4627	1.66701	0.48142	0.104986	4.44456	0.456927	0.0655773	0.00860521
20034	-0.0682584	-0.0830619	3.69181	1.80294	0.488362	2.88318	-1.08733	3.50385	1.64525	0.469556	0.11578	4.35549	0.479205	0.0681712	0.00897628
20035	-0.121129	-0.109144	3.74544	1.82878	0.488269	2.92593	-1.09831	3.55628	1.70936	0.48066	0.105385	4.64228	0.484563	0.0646959	0.00918804
20036	-0.0510106	-0.071363	3.85075	1.94477	0.505037	2.75074	-1.19539	3.56548	1.7268	0.484309	0.160951	3.92492	0.495072	0.0792505	0.00930506
20037	-0.134577	-0.10705	4.02842	1.92185	0.477073	2.73882	-1.23453	3.89972	1.74484	0.447426	0.153966	4.1282	0.46249	0.0797964	0.00947469
20038	0.0584838	0.01355	3.97991	1.83772	0.461749	2.89767	-1.08008	3.81154	1.72181	0.451735	0.148374	4.03049	0.45685	0.0775287	0.00964095
20039	-0.034182	-0.024467	3.51111	1.79852	0.512238	2.82841	-1.16983	3.72273	1.66995	0.448582	0.16009	4.09723	0.479479	0.0864265	0.00987567
20040	-0.0370804	-0.0668404	3.86582	1.74954	0.452565	2.67869	-1.29468	3.83397	1.74062	0.453999	0.204408	3.6877	0.453279	0.0975077	0.0102587
20041	-0.0562996	-0.0480234	3.59808	1.74408	0.484727	2.71397	-1.35879	3.92533	1.81642	0.462743	0.223875	3.83719	0.473257	0.107698	0.0105245
20042	-0.0407445	-0.0212036	4.00726	1.72419	0.430267	2.56101	-1.403	3.91441	1.75624	0.448659	0.282068	3.38456	0.439355	0.120661	0.010695
20043	-0.117077	-0.0795387	3.83475	1.7578	0.458388	2.5302	-1.44776	3.79158	1.78777	0.471511	0.267125	3.50403	0.464912	0.116658	0.0108511
20044	-0.0731815	-0.0257999	4.11112	1.81146	0.440623	2.42428	-1.46481	3.65754	1.84895	0.505518	0.331994	3.11866	0.471176	0.123959	0.011271
20045	0.0432667	0.00217562	3.40411	1.69679	0.498452	2.45253	-1.52272	4.17441	1.92026	0.460008	0.400603	2.90227	0.477276	0.138525	0.0113704
20046	-0.021471	-0.0138899	3.52826	1.70319	0.482729	2.3656	-1.55464	3.68658	1.89223	0.513276	0.416613	2.84907	0.498338	0.14174	0.011662
20047	-0.0774768	-0.0704099	3.81079	1.76243	0.462486	2.35097	-1.66207	3.797	1.83487	0.483241	0.429579	2.94867	0.472845	0.149768	0.0116529
20048	0.00751334	0.0131922	3.81163	1.71074	0.448821	2.29209	-1.68928	3.7643	1.7597	0.46747	0.555331	2.60964	0.458087	0.172801	0.0121207
20049	0.0246575	-0.00106949	3.87233	1.80474	0.466061	2.32564	-1.68976	3.82798	1.85649	0.48498	0.538606	2.64727	0.475466	0.163052	0.0121984
20050	-0.180225	-0.085738	3.89842	1.77656	0.455713	2.33985	-1.68105	4.10282	1.82708	0.445324	0.400739	3.17539	0.450386	0.150127	0.0124752
20051	-0.139022	-0.116677	3.68832	1.72294	0.467133	2.36431	-1.76118	3.82835	1.82039	0.475504	0.431552	3.13334	0.471396	0.160302	0.0126497
20052	-0.140866	-0.192124	3.6924	1.70413	0.461523	2.19963	-1.76892	3.88172	1.88137	0.484675	0.453876	2.73895	0.473389	0.147808	0.0131085
20053	-0.189665	-0.194538	3.6469	1.73126	0.474722	2.22865	-1.81071	3.85302	1.78463	0.463176	0.446628	2.92413	0.468791	0.156702	0.0133821
20054	-0.161927	-0.134322	3.50805	1.78093	0.50767	2.20104	-1.76887	3.83419	1.85225	0.483087	0.478497	2.7918	0.494832	0.155359	0.0136845
20055	-0.138018	-0.171639	3.72663	1.77985	0.477603	2.29798	-1.75348	3.84291	1.80924	0.470801	0.42167	2.96703	0.47415	0.148487	0.0138876
20056	-0.107723	-0.0908019	3.69338	1.65213	0.447323	2.18389	-1.76399	3.64359	1.64826	0.452372	0.533102	2.62573	0.449831	0.175033	0.0140494
20057	-0.0576564	-0.0702378	3.77536	1.71595	0.454514	2.21369	-1.80208	3.56338	1.64967	0.462949	0.581368	2.5795	0.45861	0.182271	0.0141657
20058	-0.192211	-0.125321	3.56409	1.86983	0.52463	2.1425	-1.84491	3.58127	1.64298	0.458769	0.542478	2.72545	0.49162	0.173928	0.0144174
20059	-0.24008	-0.134629	3.82508	1.8266	0.477533	2.19894	-1.86974	3.78275	1.71156	0.452464	0.506087	2.97441	0.465068	0.175483	0.0146073
20060	-0.157992	-0.190879	3.70537	1.72603	0.465818	2.02404	-1.92337	4.25439	1.81511	0.426645	0.630405	2.38064	0.444881	0.174925	0.0149076
20061	-0.114429	-0.169716	3.93729	1.76711	0.448813	2.09516	-1.95073	3.55955	1.7107	0.480594	0.6497	2.44113	0.463903	0.185755	0.0149603
20062	-0.254974	-0.203626	3.85814	1.9502	0.505476	2.11819	-1.94774	3.66897	1.69804	0.462812	0.540129	2.81595	0.48468	0.172567	0.0151534
20063	-0.228454	-0.183006	3.81418	1.92155	0.50379	2.05841	-1.94613	3.70775	1.73923	0.469081	0.594407	2.61486	0.486681	0.175187	0.0154972
20064	-0.094719	-0.168014	3.81799	1.87124	0.490111	1.95831	-1.98137	3.9699	1.69139	0.426054	0.78014	2.10747	0.457458	0.187561	0.0158632
20065	-0.164286	-0.234591	3.96233	1.94175	0.490054	1.96781	-1.96242	3.36884	1.72212	0.51119	0.656731	2.27293	0.499766	0.169302	0.0160352
20066	-0.306848	-0.256881	4.19133	1.91329	0.456487	1.92087	-2.04929	3.59057	1.59316	0.443707	0.647374	2.48136	0.45059	0.186446	0.0162718
20067	-0.207615	-0.211893	4.10615	1.98594	0.483649	1.92924	-2.0438	3.40678	1.58758	0.466005	0.734954	2.28307	0.475648	0.190214	0.0164402
20068	-0.2198	-0.169357	3.90686	1.92189	0.491927	1.91011	-2.11492	3.61808	1.71468	0.47392	0.834382	2.26827	0.483269	0.206568	0.0165191
20069	-0.236932	-0.271055	3.90978	1.75154	0.44799	1.85435	-2.18717	3.40511	1.6109	0.473083	0.839497	2.18672	0.459671	0.214525	0.0167923
20070	-0.290321	-0.285461	3.60661	1.6593	0.460071	1.75918	-2.23205	3.87502	1.75621	0.453212	0.902091	2.10024	0.456519	0.217216	0.0169971
20071	-0.347155	-0.318187	3.75388	1.83736	0.489458	1.77346	-2.3442	3.65604	1.65404	0.452412	0.912768	2.2485	0.471179	0.22724	0.0175369
20072	-0.256981	-0.288211	3.73382	1.81065	0.484932	1.61495	-2.39618	3.47136	1.66248	0.478913	1.26809	1.75206	0.482032	0.242431	0.0177972
20073	-0.320322	-0.282123	4.00843	1.87782	0.468466	1.70688	-2.32957	3.83423	1.66621	0.434562	1.02008	2.05477	0.45189	0.228312	0.0179209
20074	-0.0980227	-0.196794	3.61613	1.79978	0.497709	1.60267	-2.35537	3.60771	1.56051	0.432548	1.61095	1.44618	0.465166	0.257515	0.0183678
20075	-0.423122	-0.315965	4.00742	2.04659	0.510701	1.51592	-2.45545	3.29766	1.55024	0.470103	1.21743	1.87995	0.492375	0.241455	0.0185872
20076	-0.360718	-0.344325	3.72365	1.87407	0.503289	1.5642	-2.41488	3.75117	1.77859	0.474144	1.15704	1.85266	0.488663	0.22695	0.0187266
20077	-0.304381	-0.355992	3.83463	1.95379	0.509512	1.52853	-2.42974	3.84738	1.75733	0.456761	1.28005	1.67978	0.483093	0.224712	0.018984
20078	-0.408724	-0.378089	3.95793	2.03172	0.513328	1.65754	-2.44705	3.76498	1.7807	0.472963	1.00261	2.13473	0.49365	0.219264	0.0192363
20079	-0.402847	-0.350983	4.01753	1.89146	0.470802	1.54027	-2.56921	3.55813	1.8114	0.509087	1.3032	1.88786	0.488783	0.249462	0.0194158
20080	-0.307027	-0.258286	3.76845	1.86548	0.495025	1.44802	-2.56394	3.66391	1.70441	0.465188	1.72588	1.54009	0.480316	0.271386	0.0194038
20081	-0.348078	-0.391012	3.74916	1.77939	0.47461	1.45024	-2.56538	3.72731	1.69926	0.455895	1.46196	1.61697	0.46528	0.253703	0.0196064
20082	-0.330084	-0.313443	3.94531	1.80915	0.458556	1.41688	-2.599	3.50829	1.71535	0.488942	1.71165	1.52594	0.472858	0.270455	0.0199578
20083	-0.324735	-0.360111	3.39984	1.64192	0.48294	1.39289	-2.60664	3.81174	1.67496	0.439422	1.71067	1.47512	0.459938	0.275669	0.0200563
20084	-0.408191	-0.393171	4.11878	1.77874	0.43186	1.45338	-2.55577	3.53041	1.55821	0.441367	1.34956	1.73273	0.436248	0.259565	0.020208
20085	-0.340681	-0.346309	3.84446	1.74288	0.453348	1.44248	-2.55598	3.77588	1.68718	0.44683	1.53558	1.58984	0.450119	0.262564	0.0206787
20086	-0.318183	-0.305168	4.01052	1.83585	0.457759	1.58957	-2.47429	3.60424	1.68098	0.466389	1.29278	1.81976	0.461844	0.250733	0.0209775
20087	-0.201588	-0.217379	3.84175	1.90546	0.495989	1.42442	-2.58941	3.6491	1.65621	0.453868	2.12811	1.32195	0.47547	0.283222	0.0214109
20088	-0.179726	-0.173827	3.55333	1.71016	0.481284	1.42617	-2.61007	3.80019	1.72591	0.454165	2.30148	1.28945	0.467269	0.301702	0.0215363
20089	-0.181187	-0.194786	3.76746	1.68383	0.446941	1.38949	-2.62644	3.74591	1.67036	0.445917	2.39679	1.23352	0.44643	0.306006	0.0215662
20090	-0.159166	-0.148608	3.81196	1.79109	0.46986	1.3378	-2.71248	3.96934	1.84475	0.464749	2.93338	1.12046	0.467253	0.311398	0.0219032
20091	0.00511291	-0.0254636	3.78816	1.90369	0.502537	1.36391	-2.68027	3.83068	1.89381	0.49438	3.81731	0.923166	0.498436	0.317044	0.0221391
20092	0.0919579	0.0698456	3.93867	1.98238	0.503311	1.4036	-2.6254	3.57429	1.63993	0.458814	4.22247	0.860199	0.482142	0.334049	0.0223707
20093	0.0654019	0.018728	4.07708	1.89384	0.464508	1.36154	-2.67887	3.83972	1.70383	0.443738	4.33162	0.839991	0.454435	0.335959	0.0225966
20094	0.0828818	0.0646713	3.9763	1.91871	0.482538	1.27137	-2.70505	3.5649	1.66732	0.467704	5.43104	0.70625	0.475525	0.348566	0.0227876
20095	0.0772606	0.0845416	4.11794	1.89999	0.461394	1.32534	-2.70908	3.62591	1.63178	0.450033	5.01015	0.778851	0.456074	0.355966	0.023078
20096	0.0428427	0.0804912	3.6887	1.81556	0.492195	1.29415	-2.68591	3.53121	1.53856	0.435704	4.88764	0.782889	0.464566	0.363341	0.0233088
20097	0.108252	0.104261	4.0228	1.76113	0.437786	1.26175	-2.73529	3.6676	1.61252	0.439666	6.05991	0.665277	0.438683	0.37414	0.0235433
20098	0.143528	0.087521	3.94365	1.7707	0.449	1.24223	-2.72196	3.59043	1.63006	0.454001	6.53875	0.603568	0.451384	0.367305	0.0236831
20099	0.0668163	0.110154	3.68777	1.68705	0.457471	1.28173	-2.69425	3.40899	1.6066	0.471283	5.32833	0.738009	0.464106	0.373928	0.0238494
20100	0.0530681	0.0373372	3.84019	1.745	0.454404	1.33314	-2.69592	3.51461	1.67829	0.477518	4.55924	0.81929	0.46545	0.353107	0.0242526
20101	0.00899232	0.0168834	3.583	1.66417	0.464463	1.36337	-2.63212	3.78649	1.76556	0.466279	3.82546	0.917171	0.465396	0.338516	0.0246586
20102	-0.00439786	-0.000818833	3.90033	1.68912	0.433072	1.34228	-2.67244	3.64047	1.76702	0.485382	3.9357	0.906773	0.458326	0.340611	0.0248443
20103	0.0408753	0.0263399	3.75122	1.83985	0.490468	1.22522	-2.73421	3.81907	1.74041	0.455717	5.43293	0.701339	0.472937	0.347427	0.0251966
20104	0.0364099	0.0452422	3.89154	1.90352	0.489142	1.29049	-2.74003	3.82205	1.74492	0.456541	4.93268	0.786364	0.472988	0.347193	0.025421
20105	-0.11559	-0.0343543	3.93137	1.85028	0.470644	1.24716	-2.74099	3.82148	1.79154	0.468808	3.9448	0.928544	0.469739	0.33473	0.0256523
20106	0.00457776	-0.0274119	3.84592	1.88645	0.490506	1.2454	-2.80368	3.69308	1.6687	0.451845	5.00616	0.76982	0.471567	0.351609	0.0259353
20107	0.0128947	-0.0102621	4.11001	1.98171	0.482165	1.08275	-2.83837	3.81902	1.71234	0.448372	6.98789	0.572291	0.465889	0.351307	0.0263332
20108	-0.0594874	-0.0985762	4.31317	1.88489	0.437008	1.20661	-2.77937	3.89159	1.77884	0.457099	4.48329	0.801495	0.446537	0.329147	0.0269189
20109	-0.16837	-0.118258	3.84863	1.88252	0.48914	1.22295	-2.82718	3.51745	1.80365	0.512773	3.79086	0.967885	0.500425	0.332415	0.0270941
20110	-0.0818987	-0.112025	3.77999	1.89292	0.500775	1.14718	-2.85178	3.95954	1.77163	0.447433	4.96895	0.755314	0.473485	0.338773	0.0273709
20111	-0.0102924	-0.0840453	3.77942	1.73679	0.45954	1.02462	-2.95603	3.85005	1.82122	0.473038	7.70111	0.535525	0.466351	0.367027	0.027756
20112	-0.086456	-0.069478	3.72816	1.68471	0.451887	0.998967	-2.9911	3.80838	1.73212	0.454817	7.24518	0.589071	0.453367	0.384562	0.0277899
20113	-0.0324571	-0.0242385	3.66776	1.67211	0.455893	0.954387	-2.98311	3.88535	1.81236	0.466459	8.9899	0.48693	0.461328	0.38592	0.0279853
20114	0.0368332	0.0335492	3.68365	1.64769	0.447299	0.976668	-3.0118	3.70584	1.82368	0.49211	10.4996	0.441644	0.469772	0.400565	0.0282638
20115	0.160369	0.116249	3.83493	1.73545	0.452539	0.906272	-3.09219	3.92631	1.87962	0.478724	18.5021	0.278186	0.465786	0.41597	0.0286838
20116	0.0823475	0.0578965	3.9115	1.90828	0.487863	0.902446	-3.08033	4.0287	1.82027	0.451825	14.6433	0.336281	0.469578	0.397835	0.0290554
20117	0.12281	0.0976775	4.07896	1.82892	0.448379	0.894876	-3.05611	3.86841	1.86382	0.481806	16.6861	0.298043	0.464649	0.402525	0.0293537
20118	0.157428	0.126111	3.83438	1.7989	0.469149	1.00347	-3.03342	3.83213	1.83828	0.479702	13.9463	0.357894	0.474424	0.407054	0.0293385
20119	0.207159	0.183114	3.82751	1.83046	0.478239	0.951857	-3.0409	3.98076	1.80405	0.453193	18.7428	0.277288	0.46547	0.417021	0.0295612
20120	0.0017559	0.0476201	4.25248	1.86132	0.437702	1.00899	-3.07819	3.63406	1.63163	0.448984	9.63095	0.507256	0.4429	0.411649	0.0296878
20121	0.0628406	0.00621101	3.79327	1.90426	0.50201	0.92903	-3.10469	3.71081	1.63007	0.439275	12.8987	0.375142	0.470988	0.406491	0.029992
20122	0.116318	0.0305597	4.23893	1.9354	0.456577	0.85716	-3.09203	3.47057	1.7356	0.500092	17.7656	0.274423	0.476166	0.399168	0.0302593
20123	0.0791179	0.0106664	3.94979	1.91034	0.483657	0.820975	-3.16935	3.68061	1.75842	0.477752	18.3746	0.275176	0.480809	0.408088	0.0305903
20124	-0.0157646	0.0184294	3.66117	1.84528	0.504014	0.883741	-3.10924	3.73522	1.78894	0.478939	12.0902	0.404555	0.491351	0.402366	0.0310692
20125	0.069828	0.0265833	3.74751	1.72041	0.459082	0.837223	-3.13323	3.80967	1.75764	0.461364	16.9545	0.294447	0.460232	0.417938	0.0310925
20126	-0.0171202	-0.0324557	3.55236	1.68175	0.473418	0.868835	-3.10105	3.8177	1.72652	0.452241	11.9965	0.392458	0.462448	0.408648	0.0310939
20127	0.000155791	0.00906148	3.69891	1.79853	0.486233	0.859658	-3.14211	3.82114	1.78679	0.467608	13.4416	0.369372	0.476769	0.409243	0.0311937
20128	0.0119997	-0.0107124	3.85126	1.79206	0.465319	0.900715	-3.05475	3.48431	1.65395	0.474684	11.7321	0.394907	0.469767	0.40212	0.0313347
20129	0.0440327	0.0150979	3.90116	1.80758	0.463344	0.953096	-2.98452	3.77018	1.76355	0.467763	10.8879	0.413198	0.465515	0.386581	0.0315778
20130	0.0122594	-0.060456	3.88314	1.94961	0.502071	1.01816	-2.95696	3.98584	1.8879	0.473653	8.29163	0.505917	0.487676	0.353519	0.0317847
20131	-0.145985	-0.0989871	3.89816	1.88923	0.484648	1.07183	-2.92769	4.11767	1.8371	0.44615	5.39528	0.741535	0.464872	0.349422	0.0320797
20132	-0.156557	-0.137418	3.78794	1.78137	0.470275	0.941932	-2.9448	3.61473	1.66143	0.459629	6.53146	0.603339	0.465077	0.364107	0.0322132
20133	-0.156794	-0.187518	3.77909	1.87379	0.495832	1.03348	-2.97649	3.72947	1.78989	0.479931	5.49026	0.708377	0.487934	0.346849	0.0324128
20134	-0.12677	-0.163253	3.74439	1.81897	0.485784	1.01116	-2.97125	3.83316	1.91867	0.500544	6.08927	0.647439	0.49325	0.345404	0.0326162
20135	-0.122275	-0.15901	3.87215	1.84473	0.47641	1.02964	-2.98574	3.59566	1.84724	0.51374	6.02183	0.663451	0.494384	0.351212	0.0330185
20136	-0.193512	-0.204337	3.95429	1.73678	0.439214	1.04246	-3.02025	3.72779	1.81365	0.48652	5.19063	0.763816	0.462169	0.358407	0.0333501
20137	-0.080576	-0.141985	4.05049	1.83947	0.454135	1.01481	-3.04239	3.98882	1.7174	0.430554	7.01099	0.59994	0.442435	0.371689	0.033551
20138	-0.14249	-0.100297	3.78983	1.93183	0.50974	0.934396	-3.01661	3.92488	1.72649	0.439883	7.3338	0.579843	0.4742	0.367687	0.0338475
20139	-0.0247314	-0.133225	3.96817	1.99056	0.501632	1.0554	-2.98544	3.76919	1.72306	0.457144	6.97285	0.583344	0.47996	0.353976	0.0339129
20140	-0.0988555	-0.0811521	4.36165	2.09616	0.480588	0.922988	-2.98538	3.47184	1.61175	0.464235	8.07777	0.522082	0.47334	0.362639	0.0341915
20141	-0.16394	-0.13508	4.16711	1.84603	0.442999	1.0323	-2.94733	3.84501	1.74084	0.452753	5.52678	0.715492	0.44768	0.355465	0.0343619
20142	-0.192705	-0.155367	3.59921	1.80742	0.502172	1.0792	-2.93836	3.78689	1.80126	0.475655	4.78755	0.808875	0.488577	0.349308	0.034926
20143	-0.180903	-0.178647	3.76692	1.85335	0.492006	1.01151	-2.95494	3.97268	1.96383	0.494334	5.42096	0.710924	0.493201	0.335575	0.0351688
20144	-0.145148	-0.152156	3.99042	1.80253	0.451714	0.999393	-2.95751	3.89909	1.84195	0.472406	6.00778	0.654987	0.46194	0.350704	0.0353155
20145	-0.0741186	-0.131223	3.9441	1.82439	0.462562	1.12389	-2.93682	4.10979	1.93966	0.471961	5.48439	0.717614	0.467358	0.343427	0.0357191
20146	-0.0857441	-0.13813	4.133	1.85451	0.448709	1.11255	-2.90926	3.95769	1.84096	0.465161	5.34795	0.717956	0.456757	0.342001	0.0356538
20147	-0.0862872	-0.1025	3.84587	1.82915	0.475615	1.20552	-2.87039	3.72674	1.78193	0.478147	4.59091	0.834388	0.476861	0.346687	0.0357413
20148	-0.082398	-0.0590922	3.71238	1.81172	0.488021	1.17255	-2.81401	3.83079	1.78651	0.466356	4.81913	0.787444	0.477018	0.345369	0.0360219
20149	-0.0529694	-0.0720735	3.91534	1.88612	0.481725	1.18092	-2.87883	3.63387	1.81231	0.498728	5.17437	0.761243	0.489909	0.347592	0.0361622
20150	-0.152435	-0.0609121	3.84189	1.85704	0.483366	1.18573	-2.86711	3.60684	1.79142	0.496674	4.3976	0.895344	0.48981	0.350592	0.036303
20151	-0.0459188	-0.0194553	3.94482	1.86934	0.473872	0.997141	-2.94069	3.47904	1.68807	0.485212	7.84357	0.543987	0.479186	0.375002	0.036663
20152	-0.0187905	-0.0345099	3.93043	1.89731	0.482722	1.03335	-2.9438	3.64787	1.70106	0.466317	7.64588	0.5535	0.474826	0.370411	0.0368062
20153	0.0542372	0.0524077	3.83193	1.83975	0.48011	1.02439	-2.94974	3.77608	1.76729	0.468023	9.57601	0.470599	0.474111	0.384611	0.037201
20154	0.0213895	0.0590833	3.47834	1.77257	0.509601	1.07879	-2.98754	3.53358	1.67575	0.474235	8.30157	0.559045	0.491778	0.402367	0.0374877
20155	0.0906814	0.0743598	3.96205	1.94699	0.491408	0.938149	-3.05276	3.74329	1.64231	0.438734	13.6158	0.359101	0.465819	0.405278	0.0376036
20156	0.105641	0.0717739	3.7791	1.81236	0.479576	0.880646	-3.06876	3.55261	1.59029	0.44764	16.421	0.300317	0.464101	0.420295	0.0379627
20157	0.104231	0.102563	3.70881	1.81749	0.490048	0.986649	-2.95037	3.91125	1.76333	0.450834	11.9698	0.38933	0.46992	0.394322	0.0381463
20158	0.103065	0.105173	3.78605	1.7914	0.473157	0.994862	-2.96182	3.73859	1.76873	0.4731	11.8275	0.397651	0.473129	0.397907	0.0383938
20159	0.0812221	0.0696005	3.97437	1.74903	0.440078	1.11332	-2.95039	3.40819	1.59117	0.466868	8.56193	0.53261	0.452446	0.405809	0.0387454
20160	0.0889836	0.111796	3.68787	1.85713	0.503577	1.09147	-2.87937	3.65326	1.64706	0.450848	8.90268	0.502493	0.477337	0.389735	0.0388888
20161	0.0517964	0.114776	3.71598	1.87745	0.505236	1.19561	-2.82828	3.65757	1.69336	0.462975	6.62042	0.654156	0.484273	0.377613	0.0390701
20162	0.168719	0.132419	4.22878	2.04707	0.484081	1.14452	-2.82974	3.56312	1.64706	0.462253	9.21507	0.476089	0.474099	0.372688	0.0390619
20163	0.121362	0.185168	3.72545	1.83039	0.49132	1.16273	-2.82909	3.46927	1.58342	0.456415	8.37832	0.542219	0.474489	0.399652	0.0393559
20164	0.274687	0.210274	4.026	1.88593	0.468438	1.2501	-2.80195	3.70825	1.64941	0.444795	9.53666	0.475717	0.457102	0.390968	0.0396095
20165	0.23141	0.178567	3.98846	1.85503	0.465101	1.15695	-2.844	3.54831	1.73605	0.489262	10.6651	0.428311	0.476476	0.388877	0.0395462
20166	0.153754	0.183455	3.67138	1.81913	0.49549	1.10467	-2.89561	3.54996	1.62824	0.458664	10.4847	0.452118	0.477386	0.407538	0.0397257
20167	0.113779	0.141143	3.7831	1.93195	0.51068	1.0742	-2.91249	3.53937	1.68334	0.475606	10.109	0.461208	0.493726	0.392145	0.0397837
20168	0.136866	0.109342	3.85039	2.03878	0.529501	1.04977	-2.93469	3.7897	1.70242	0.449222	11.1186	0.416694	0.48968	0.382527	0.0399374
20169	0.118418	0.183074	3.88962	1.83886	0.472762	1.04412	-2.95045	3.73418	1.65821	0.444064	11.4584	0.428462	0.458705	0.412557	0.0399199
20170	0.182108	0.173202	4.0811	1.83403	0.449396	0.997245	-2.90837	3.63177	1.71448	0.472079	14.2916	0.332225	0.460077	0.400965	0.040221
20171	0.120016	0.140914	3.48343	1.74407	0.500674	1.04734	-2.96768	4.1473	1.86569	0.449858	11.2374	0.429962	0.473056	0.401049	0.0403364
20172	0.0568564	0.102508	3.9044	1.75933	0.450601	0.984295	-3.00644	3.81675	1.81769	0.476239	11.2371	0.430071	0.463274	0.403294	0.0406478
20173	0.0504633	0.0712522	3.5748	1.76216	0.49294	0.967624	-3.04483	3.8115	1.88945	0.495725	11.5432	0.420592	0.494377	0.399437	0.0412009
20174	0.090479	0.0763313	3.49848	1.67603	0.479073	0.960473	-3.01455	3.72673	1.78351	0.478571	12.6221	0.378445	0.478814	0.408537	0.0416599
20175	0.0873896	0.0687833	3.64142	1.64858	0.452731	1.03583	-2.96874	3.81617	1.73469	0.454563	10.257	0.449771	0.453669	0.405512	0.0418782
20176	-0.012929	0.032212	3.52823	1.76453	0.500119	0.962971	-2.97013	3.60317	1.69903	0.471537	9.46477	0.47619	0.485678	0.394292	0.0421119
20177	0.0494644	0.0495	3.48746	1.66094	0.476262	0.993754	-2.99496	3.74108	1.95376	0.522245	10.3947	0.445841	0.50006	0.390751	0.0420449
20178	0.0126578	0.0672123	3.61433	1.7712	0.490048	1.04754	-2.9987	3.98015	1.7824	0.447823	8.77682	0.53549	0.467919	0.398177	0.0424182
20179	0.160096	0.0311191	3.70424	1.76388	0.476179	1.05554	-2.91485	3.74958	1.75498	0.468048	10.8239	0.400906	0.472088	0.381531	0.0428826
20180	0.100097	0.12359	3.63585	1.77602	0.488474	1.06731	-2.85009	3.75145	1.78419	0.475599	9.45254	0.467747	0.481936	0.383195	0.0430472
20181	0.138704	0.0731441	3.79983	1.87618	0.493754	1.15172	-2.88423	4.01785	1.86294	0.463666	8.52282	0.513096	0.47829	0.369109	0.0430455
20182	0.0757894	0.0615966	3.98897	1.92222	0.481884	1.251	-2.80233	3.7695	1.79982	0.477469	5.93874	0.690559	0.479739	0.355334	0.0431185
20183	0.0488304	-0.0179707	4.01011	1.83254	0.45698	1.19924	-2.78522	3.78389	1.7443	0.460981	5.7862	0.661719	0.458923	0.348744	0.0428635
20184	-0.00308688	0.00242435	4.07666	1.89929	0.465893	1.31102	-2.78729	3.55667	1.76182	0.495356	4.50673	0.863435	0.479621	0.34713	0.0431232
20185	-0.0491309	0.0167032	3.88416	1.91224	0.492316	1.18664	-2.84274	3.89708	1.83552	0.471	5.35415	0.763562	0.48164	0.353042	0.0430011
20186	-0.00706269	0.0245193	4.12802	1.95958	0.474702	1.14801	-2.86403	4.03847	1.73769	0.430283	6.25382	0.667091	0.452736	0.360804	0.0429631
20187	-0.0859481	-0.14677	4.10657	1.96933	0.479556	0.922798	-2.9779	3.96493	1.81379	0.457458	7.87689	0.508785	0.468701	0.346379	0.0431964
20188	-0.155298	-0.115137	4.07648	1.94599	0.477369	1.11981	-2.93902	3.68794	1.79677	0.487201	4.90458	0.812949	0.482039	0.34765	0.0435613
20189	0.00732331	-0.023495	3.78614	1.89817	0.501347	1.07874	-2.94924	4.01457	1.77416	0.44193	7.4569	0.573965	0.470768	0.3683	0.043952
20190	-0.00483419	0.00312505	3.8699	1.84264	0.476148	1.04617	-2.97517	3.8986	1.74775	0.448303	8.03013	0.552309	0.462174	0.381932	0.0443095
20191	-0.0298744	-0.0133993	4.21105	1.93819	0.460263	0.965622	-3.01167	3.6344	1.63518	0.449918	9.07114	0.495507	0.455471	0.386219	0.0443161
20192	-0.157031	-0.14991	3.65131	1.88265	0.515611	0.913076	-3.09041	3.74815	1.68355	0.449167	7.55071	0.572564	0.481954	0.377509	0.044643
20193	0.0315164	-0.0279995	3.71018	1.79435	0.48363	1.11327	-3.00534	3.8525	1.77364	0.460387	7.57528	0.585098	0.47179	0.38326	0.0450419
20194	0.0192231	-0.0344252	3.79926	1.79742	0.473098	0.989676	-3.04642	3.79189	1.68589	0.444604	9.63298	0.470889	0.458865	0.394468	0.0449982
20195	-0.108893	-0.131576	3.61328	1.90409	0.52697	0.969036	-3.02466	3.6436	1.6327	0.448102	7.20348	0.580966	0.487371	0.371832	0.0452385
20196	-0.0854092	-0.102687	3.82384	1.94253	0.508006	0.940723	-3.04992	3.90132	1.76716	0.452966	8.24942	0.526473	0.48021	0.36935	0.0453173
20197	-0.148722	-0.179109	3.70027	1.86678	0.504499	0.924264	-3.07479	3.82393	1.66661	0.435837	7.28305	0.57565	0.469604	0.372475	0.0454821
20198	-0.178471	-0.207654	3.75524	1.89374	0.504294	0.962351	-3.03553	3.64553	1.73211	0.475132	6.14446	0.650737	0.489929	0.355526	0.0457392
20199	-0.128818	-0.163752	3.96776	1.96923	0.496308	0.876841	-3.03598	3.56633	1.70422	0.477864	8.15709	0.505675	0.487577	0.35968	0.0459637
20200	-0.208625	-0.159261	3.82814	2.00777	0.524476	0.929953	-3.06619	3.49025	1.60933	0.461093	6.51842	0.648179	0.494248	0.368822	0.0458774
20201	-0.149935	-0.188367	4.10314	1.95021	0.475296	0.993995	-3.06961	3.652	1.70625	0.46721	6.34395	0.654288	0.471488	0.362196	0.0460815
20202	-0.129928	-0.226019	3.82982	1.7845	0.465948	0.954313	-3.05398	3.92773	1.74317	0.443812	6.8029	0.587789	0.45474	0.361855	0.0466539
20203	-0.210172	-0.181004	3.61995	1.7728	0.48973	0.962259	-3.01686	3.86125	1.75431	0.454337	5.85051	0.687298	0.471463	0.363181	0.0471705
20204	-0.127803	-0.208126	3.74842	1.7694	0.472037	0.952604	-3.04571	3.70916	1.78367	0.480884	6.89802	0.583639	0.476437	0.361768	0.0473008
20205	-0.147401	-0.142172	3.84307	1.72298	0.448334	1.06563	-2.98007	3.62655	1.74669	0.481638	5.47326	0.735728	0.464503	0.367322	0.0476761
20206	0.0438564	-0.0635307	3.61642	1.84189	0.509312	1.04784	-3.01555	3.54125	1.80844	0.510679	8.6454	0.503992	0.509988	0.373874	0.0476107
20207	-0.00975701	-0.00440174	3.61638	1.78843	0.494536	1.02214	-3.0098	3.34653	1.72873	0.516573	8.48273	0.532401	0.505127	0.391115	0.0475907
20208	0.0398006	-0.00668297	3.62428	1.69023	0.466363	0.949072	-3.00971	3.98664	1.82071	0.456704	10.9077	0.413388	0.461304	0.39116	0.0478897
20209	0.00592749	0.087565	3.83855	1.86498	0.485855	1.14783	-2.92194	3.76025	1.84727	0.491263	6.94602	0.651965	0.488531	0.37898	0.0480482
20210	0.061774	0.0711068	3.9408	1.94428	0.493373	1.0598	-2.94694	3.99966	1.88802	0.472044	9.14463	0.49803	0.48263	0.372843	0.0484565
20211	0.128202	0.0688123	3.81398	1.87462	0.491512	0.986387	-2.97153	3.47286	1.75216	0.50453	12.5511	0.368241	0.497716	0.389313	0.04879
20212	0.11442	0.131574	3.73763	1.7138	0.458527	0.891334	-3.01318	3.9888	1.77538	0.445093	16.3843	0.301798	0.451591	0.41484	0.0490656
20213	0.199335	0.190703	3.25737	1.60634	0.49314	0.954274	-3.00246	3.8198	1.81483	0.475111	17.8903	0.284967	0.483409	0.427085	0.0489805
20214	0.152817	0.0904924	3.90947	1.67499	0.428445	1.00548	-3.03819	3.67508	1.75879	0.478571	13.4637	0.36352	0.452733	0.416239	0.048923
20215	0.0968703	0.0329137	3.73755	1.81366	0.485254	1.00131	-2.93598	4.12796	1.83305	0.444057	10.7754	0.409004	0.463633	0.37678	0.0491101
20216	0.0792773	0.0277891	3.93376	1.86525	0.474164	1.05629	-2.88788	3.71871	1.87447	0.504063	8.90583	0.477278	0.488693	0.362482	0.049093
20217	0.00402735	0.0484826	3.88802	1.76662	0.454375	1.15209	-2.91133	3.89817	1.89018	0.484888	6.64654	0.659026	0.469651	0.374695	0.0491094
20218	-0.0383128	-0.0501607	3.8142	1.86543	0.489075	1.09045	-2.93376	3.53312	1.6914	0.478727	6.5262	0.637058	0.484099	0.368982	0.0495816
20219	-0.049585	0.00161755	3.70389	1.76376	0.47619	1.09546	-2.90432	3.87317	1.72382	0.445068	6.44067	0.65556	0.460281	0.377191	0.0496808
20220	-0.0733336	-0.0492667	4.02596	1.8956	0.470844	1.09246	-2.88916	3.65062	1.91237	0.523848	5.93423	0.679534	0.49605	0.346298	0.0499361
20221	-0.0166139	-0.0317429	3.97215	1.90015	0.478368	1.14931	-2.83416	3.88432	1.80996	0.465967	5.77727	0.679693	0.472237	0.346176	0.0500367
20222	-0.0831528	-0.0313783	4.35618	2.00351	0.459923	1.24902	-2.81855	3.50439	1.77265	0.505836	4.37732	0.887339	0.480392	0.339742	0.0503822
20223	-0.0153208	-0.0435364	3.98466	1.87405	0.470317	1.05073	-2.91988	3.69091	1.76326	0.477731	7.27994	0.568228	0.473882	0.362621	0.0504586
20224	0.0165895	0.000122853	3.93945	1.88073	0.477409	1.04093	-2.90904	3.59127	1.87558	0.522261	8.06576	0.524639	0.498798	0.36043	0.0508156
20225	0.108334	0.0335534	3.97315	1.92027	0.483311	1.04667	-2.94083	3.5647	1.77756	0.498656	10.048	0.440237	0.490568	0.374382	0.0511267
20226	0.114778	0.0715677	3.75043	1.80941	0.482455	0.976183	-2.97787	3.47732	1.80405	0.518806	12.5321	0.371009	0.499944	0.39161	0.0515212
20227	0.0130407	0.0216387	4.17436	1.92009	0.459972	1.06119	-3.02397	3.76164	1.65838	0.440865	8.44311	0.549307	0.450915	0.393332	0.0516002
20228	0.136834	0.0625135	3.69599	1.77625	0.480588	1.04608	-2.99642	3.83772	1.68032	0.437843	11.3181	0.413369	0.458813	0.403733	0.0519986
20229	-0.0131096	0.0253634	3.75985	1.86448	0.495893	0.848853	-3.06458	3.85847	1.8455	0.478297	12.8506	0.371489	0.486981	0.391618	0.0523032
20230	0.129846	0.0971429	3.7276	1.7584	0.471723	0.941317	-3.11187	3.98591	1.79273	0.449768	15.6385	0.329243	0.460378	0.420399	0.052487
20231	0.163986	0.189553	4.10863	1.90391	0.463393	0.925579	-3.1071	3.51666	1.78201	0.506733	18.737	0.290012	0.483381	0.424458	0.0528433
20232	0.142446	0.158939	3.75506	1.91026	0.508716	0.859203	-3.11305	3.99935	1.76804	0.442081	20.8391	0.25687	0.474349	0.421297	0.0532998
20233	0.145071	0.116119	3.70906	1.76601	0.476135	0.923446	-3.10937	3.97057	1.831	0.461144	17.1716	0.302935	0.468384	0.419767	0.0533354
20234	0.0734595	0.103917	4.10622	1.83543	0.446989	1.02216	-3.04344	3.70267	1.79589	0.485026	11.006	0.45002	0.465025	0.405581	0.0534765
20235	0.119705	0.14461	3.72675	1.79416	0.481427	0.863495	-3.04776	3.90696	1.7295	0.442671	18.4216	0.276611	0.461592	0.419759	0.0534137
20236	0.0825839	0.109719	3.56584	1.76866	0.496001	0.928668	-3.12358	3.89945	1.7573	0.450652	14.6038	0.357929	0.472313	0.425817	0.0537091
20237	0.103852	0.0854696	3.86748	1.81611	0.469585	0.893794	-3.08297	3.96582	1.708	0.430681	16.0879	0.312005	0.449889	0.416066	0.0536655
20238	0.082309	0.092781	3.91534	1.77768	0.454031	0.861902	-3.12587	3.794	1.74532	0.460021	17.0456	0.303883	0.456979	0.423802	0.0541054
20239	0.0260169	0.0991773	3.95276	1.87594	0.47459	0.963958	-3.0827	3.63064	1.76802	0.486973	11.5085	0.439866	0.480518	0.410011	0.0540794
20240	0.095269	0.0726254	3.85192	1.73037	0.449221	0.866479	-3.11073	3.99557	1.81723	0.45481	17.0383	0.297382	0.452067	0.416735	0.0540046
20241	0.102809	0.0466515	4.05554	1.89803	0.468008	0.809738	-3.10867	4.07599	1.80467	0.442756	19.9221	0.249875	0.45535	0.402112	0.0542111
20242	0.104015	0.110075	4.14526	1.90144	0.458701	0.920353	-3.09186	3.79307	1.94002	0.511465	15.3845	0.333205	0.483913	0.400319	0.0547712
20243	0.0554245	0.0018324	3.99957	1.89874	0.474737	0.862491	-3.16439	4.01826	1.78469	0.444144	15.3909	0.325679	0.459405	0.405027	0.0550891
20244	0.0710651	0.0682077	3.81781	1.82049	0.476843	0.785477	-3.20436	4.03059	1.80867	0.448737	20.9836	0.255192	0.462409	0.424665	0.0553733
20245	0.0432439	-0.0071483	3.41332	1.72548	0.505513	0.833043	-3.19948	3.82495	1.69187	0.442325	16.3373	0.311892	0.472123	0.427231	0.0558975
20246	-0.0364615	-0.0204543	3.64324	1.81793	0.498989	0.824032	-3.21915	3.53969	1.65469	0.467467	13.8182	0.370225	0.483455	0.424283	0.0562212
20247	0.0354332	0.0388686	3.79032	1.69491	0.447167	0.815372	-3.2449	3.56159	1.80422	0.506577	17.7265	0.304152	0.475948	0.435283	0.056426
20248	0.108599	0.0345442	3.73609	1.79544	0.480568	0.808401	-3.21795	3.77577	1.65284	0.437749	21.6014	0.244862	0.459045	0.434177	0.0564045
20249	0.16114	0.139474	3.7904	1.72892	0.456131	0.739241	-3.21001	3.93683	1.58412	0.402386	33.5697	0.1671	0.428749	0.458582	0.056629
20250	0.294182	0.204439	3.61925	1.64331	0.454047	0.862437	-3.17829	3.73799	1.62925	0.435861	35.4362	0.161457	0.444807	0.46655	0.0569006
20251	0.241775	0.231227	4.10471	2.01333	0.490493	0.72411	-3.22158	3.74788	1.75187	0.467431	51.2445	0.116323	0.479486	0.441957	0.0569634
20252	0.287415	0.243734	3.75486	1.88374	0.501681	0.725671	-3.24928	3.66423	1.62623	0.443813	63.525	0.096034	0.473101	0.465088	0.057094
20253	0.319661	0.324348	3.82751	1.73231	0.452595	0.971635	-3.0257	3.51143	1.59348	0.453796	26.4022	0.212535	0.45317	0.457713	0.0576102
20254	0.33901	0.37816	3.92307	1.77396	0.452187	0.986539	-3.02816	3.49324	1.6948	0.485167	27.6727	0.209647	0.467721	0.455536	0.0574875
20255	0.352365	0.361747	3.91105	1.86104	0.475842	1.06346	-3.00514	3.7136	1.79682	0.483849	22.4184	0.252827	0.479742	0.436668	0.0578376
20256	0.34038	0.381038	3.74474	1.71416	0.457753	0.920174	-3.01288	3.97597	1.78188	0.448164	34.2654	0.168081	0.452815	0.451786	0.0580698
20257	0.46442	0.391182	3.80585	1.77485	0.466349	0.983572	-3.05165	3.64493	1.80601	0.495484	43.9788	0.134759	0.480602	0.452938	0.0581152
20258	0.41652	0.376808	3.6238	1.73822	0.479669	0.997555	-2.99731	4.09927	1.83869	0.44854	33.7221	0.168801	0.463146	0.443239	0.0578106
20259	0.368158	0.343099	3.76119	1.76317	0.46878	0.975166	-2.98526	3.85646	1.81624	0.470959	30.0658	0.184229	0.469883	0.436339	0.0579296
20260	0.269582	0.293684	3.70489	1.89018	0.510184	1.04519	-2.97458	3.84742	1.86274	0.484153	17.7563	0.300781	0.496923	0.415855	0.0582623
20261	0.298726	0.282503	3.56402	1.61721	0.453761	1.01659	-2.9565	3.58273	1.68819	0.471201	20.3581	0.257664	0.462504	0.442549	0.0588185
20262	0.209655	0.285707	3.38364	1.6486	0.487228	0.920305	-3.03207	3.41452	1.595	0.467122	21.7963	0.252511	0.47713	0.459119	0.0591774
20263	0.291865	0.263249	3.77495	1.80938	0.479312	1.06508	-2.91258	3.61559	1.69651	0.469221	16.87	0.298931	0.474375	0.41846	0.0597597
20264	0.332534	0.278623	3.77859	2.00455	0.530503	1.07492	-2.94846	3.71763	1.75216	0.47131	18.8959	0.275565	0.501147	0.409465	0.0600664
20265	0.279362	0.292061	3.53864	1.80231	0.509322	1.1157	-2.92357	3.66652	1.62213	0.442417	14.7833	0.34973	0.475276	0.430287	0.0603158
20266	0.231336	0.167121	3.72963	1.85227	0.496637	1.04993	-2.93994	3.74164	1.77031	0.473138	14.4065	0.33505	0.484869	0.399961	0.0606191
20267	0.218766	0.154028	3.65955	1.80484	0.493186	1.00342	-2.96977	3.79535	1.92217	0.506453	15.8495	0.307838	0.49994	0.395728	0.0608037
20268	0.104421	0.0886789	3.72736	1.69575	0.454947	1.04254	-2.87518	3.98011	2.015	0.506268	9.98154	0.440034	0.481449	0.371907	0.0608493
20269	-0.0557679	0.00270083	3.80899	1.69604	0.445272	1.03087	-2.98746	3.96223	1.88736	0.476337	7.57208	0.590395	0.461111	0.384272	0.0610882
20270	0.0722974	0.0450167	3.79245	1.77539	0.468139	0.888288	-3.0398	3.7817	1.95509	0.516988	14.2918	0.33292	0.492528	0.389516	0.0615071
20271	0.203194	0.166189	3.43274	1.58818	0.462655	0.941961	-3.04584	3.97837	1.93664	0.486793	18.9036	0.272888	0.475613	0.422671	0.0616134
20272	0.030334	0.107155	3.50046	1.66923	0.476862	0.834983	-3.17289	4.11581	1.8542	0.450507	16.6167	0.32373	0.46262	0.433025	0.0615964
20273	-0.000968639	0.0618978	3.54028	1.69838	0.47973	0.933381	-3.12055	3.71954	1.78031	0.478637	11.6012	0.436505	0.47917	0.421372	0.0621243
20274	0.121731	0.108436	3.97775	1.855	0.466344	0.874468	-3.1001	3.88847	1.76557	0.454052	18.1689	0.283306	0.460268	0.415616	0.0620828
20275	0.149564	0.135292	3.80253	1.98977	0.523277	0.795385	-3.14951	3.66153	1.68043	0.458944	25.8699	0.208542	0.491718	0.423743	0.0620083
20276	0.0818517	0.112419	4.04629	1.91457	0.473165	0.922876	-3.13712	3.84503	1.7427	0.453234	14.9288	0.353661	0.463454	0.41934	0.0622335
20277	0.0243134	0.0618232	3.9215	1.89548	0.483355	0.931615	-3.06928	3.86265	1.82982	0.473721	11.9094	0.411598	0.478574	0.396955	0.0622101
20278	0.181975	0.11701	3.91778	1.91803	0.489571	0.966307	-3.08048	3.72988	1.86779	0.500765	16.6195	0.307588	0.49503	0.403158	0.0622509
20279	-0.00131653	0.054534	4.03708	1.93863	0.480206	1.02999	-2.97688	3.81946	1.74857	0.457805	8.64003	0.531797	0.469316	0.384001	0.0625012
20280	0.00815912	0.00935526	3.89752	1.95518	0.501648	1.01408	-2.94773	3.62711	1.65511	0.456317	8.64174	0.505938	0.479797	0.377265	0.0622739
20281	-0.0163377	-0.0237685	3.85622	1.82954	0.47444	1.1096	-2.93959	3.55672	1.59381	0.448112	6.7065	0.633864	0.461808	0.383171	0.0624988
20282	-0.162727	-0.0392676	3.63446	1.72338	0.474176	1.02906	-2.95902	3.82502	1.7315	0.452678	6.00204	0.710173	0.463153	0.381643	0.0629356
20283	-0.0301867	0.0159591	3.95889	1.91194	0.482949	1.0099	-2.98305	3.68926	1.69283	0.458852	8.31417	0.540887	0.471325	0.384264	0.0627921
20284	0.0296959	-0.00198604	3.71391	1.90461	0.512831	0.899941	-2.99539	3.78668	1.86976	0.493772	11.8317	0.378663	0.503209	0.37257	0.0631152
20285	-0.0258314	-0.0428207	3.97731	1.85724	0.466959	0.859602	-3.06263	3.647	1.78757	0.490147	11.6318	0.391996	0.478051	0.384922	0.0633863
20286	0.079251	0.0355523	3.80393	1.70042	0.447016	0.940196	-3.02722	3.71672	1.69053	0.454846	12.6555	0.370613	0.450885	0.408961	0.0636969
20287	-0.0578231	0.00835177	3.8527	1.7704	0.459522	0.988239	-3.03748	3.59046	1.72398	0.480154	8.47807	0.547123	0.469474	0.399056	0.063868
20288	-0.00881328	0.0104922	4.04975	2.01816	0.498343	0.947514	-3.05394	3.3261	1.54022	0.463072	10.268	0.457281	0.482437	0.397624	0.0639709
20289	-0.0203121	0.00602192	3.84074	1.79124	0.46638	0.900194	-3.04579	3.32871	1.54486	0.464101	10.9916	0.423666	0.465322	0.411172	0.0639754
20290	0.000755465	0.00259141	4.1364	1.95009	0.471446	0.97974	-3.04778	3.94637	1.60253	0.406076	9.70853	0.479205	0.439529	0.39581	0.0641032
20291	0.0594815	-0.00687911	3.86153	1.83187	0.474389	0.912698	-3.06826	3.50112	1.6817	0.480334	12.8741	0.363989	0.477216	0.400186	0.064252
20292	-0.0529294	-0.0398757	3.7068	1.66388	0.448874	0.885366	-3.08712	3.7259	1.68993	0.453563	10.5471	0.440199	0.451224	0.409165	0.0644717
20293	-0.137775	-0.071552	3.83432	1.83018	0.477314	0.902629	-3.05263	3.94187	1.68705	0.427981	8.20998	0.54122	0.452307	0.387247	0.0648057
20294	-0.0267664	-0.0181539	3.97681	1.67493	0.421174	0.872794	-3.11163	3.68465	1.72111	0.467103	11.8259	0.404605	0.443263	0.413428	0.0648484
20295	-0.0538845	0.0300868	4.00532	1.73185	0.432386	0.921063	-3.01175	3.76046	1.78216	0.473921	9.73441	0.475262	0.452499	0.397085	0.0649746
20296	0.044881	0.0147632	3.70629	1.83393	0.494815	1.07565	-2.97671	3.60941	1.69219	0.468828	8.42257	0.531245	0.481993	0.3883	0.0649819
20297	-0.0766798	0.0256699	3.85817	1.85485	0.480759	1.0208	-3.01696	3.75459	1.62348	0.432399	7.68603	0.602235	0.456908	0.399655	0.0649109
20298	0.120226	0.0797388	3.89857	1.8787	0.481894	1.00913	-3.0617	3.92306	1.74797	0.445563	12.4896	0.395072	0.463671	0.404982	0.0650389
20299	-0.0206498	0.0810336	3.69753	1.80447	0.488021	0.979537	-3.04557	3.61047	1.80068	0.498739	9.77201	0.500187	0.493316	0.404136	0.0653391
20300	0.0453262	0.0573702	3.73675	1.78514	0.477725	0.875536	-3.09519	3.85554	1.80359	0.467793	14.4195	0.344624	0.472681	0.409227	0.0653857
20301	0.0987557	0.0726777	3.76496	1.70867	0.453835	0.934306	-3.12103	3.7976	1.8425	0.485175	14.6098	0.349073	0.469572	0.418069	0.0654727
20302	0.0505891	0.0506519	3.71102	1.68943	0.455247	0.833598	-3.06826	3.55153	1.7148	0.482834	15.8662	0.306552	0.468737	0.416819	0.0657279
20303	0.202773	0.0822103	3.52182	1.65446	0.469775	0.949301	-3.13659	3.64329	1.66385	0.456689	18.5907	0.278652	0.463121	0.438505	0.0660244
20304	0.100806	0.0935552	3.86713	1.89139	0.489094	0.938306	-3.10568	3.69284	1.70504	0.461716	14.5923	0.350702	0.475721	0.415831	0.0659147
20305	0.134211	0.101664	3.73591	1.98459	0.53122	0.873819	-3.12503	3.53915	1.63846	0.462954	19.0332	0.27351	0.49801	0.418193	0.0662351
20306	0.176458	0.156315	3.66145	1.8011	0.49191	0.94615	-3.09796	3.91153	1.80787	0.462191	17.8761	0.296213	0.476559	0.423291	0.0664874
20307	0.113111	0.136731	3.91294	1.7406	0.444832	0.849248	-3.04965	3.80329	1.72538	0.453656	18.736	0.270949	0.449181	0.422866	0.0670829
20308	0.107965	0.189046	3.69404	1.7527	0.474467	1.0339	-3.07895	3.69348	1.60187	0.433703	12.4566	0.428679	0.454087	0.443303	0.067538
20309	0.118173	0.152703	3.67292	1.64987	0.449197	0.939971	-3.08194	3.97761	1.78759	0.449413	15.4925	0.337676	0.449309	0.432247	0.0677733
20310	0.174591	0.206876	3.9029	1.74912	0.448158	0.871184	-3.09897	3.9289	1.9179	0.488151	22.522	0.242621	0.468221	0.427077	0.0679925
20311	0.1413	0.132835	3.86464	1.87892	0.486182	0.996686	-3.03782	3.92671	1.8794	0.478618	13.7396	0.365843	0.48237	0.400859	0.0680956
20312	0.0808387	0.118124	4.30164	1.91419	0.44499	0.896176	-3.09169	3.87245	1.68005	0.433848	15.4984	0.332387	0.439711	0.417584	0.0683236
20313	0.0929884	0.122863	3.9378	1.8541	0.470847	0.901977	-3.04936	3.68407	1.78839	0.485439	15.376	0.327231	0.4779	0.408638	0.0683261
20314	0.211014	0.199574	3.99207	1.90057	0.476086	0.971375	-2.99066	4.04186	1.71225	0.423629	17.6038	0.289075	0.449695	0.41336	0.0684545
20315	0.217075	0.24209	3.87305	1.8824	0.486026	0.995118	-2.98259	3.47458	1.67152	0.481071	17.1777	0.302676	0.483683	0.422583	0.0685768
20316	0.196963	0.273696	3.76929	1.92518	0.510755	1.10642	-2.89943	3.43435	1.74583	0.508343	12.1734	0.413555	0.509605	0.406893	0.0690814
20317	0.240826	0.227281	3.9441	1.69516	0.429797	1.08349	-2.95296	3.90594	1.65498	0.423709	14.2433	0.355041	0.426768	0.430238	0.069457
20318	0.273479	0.227464	3.71383	1.68595	0.453965	1.09897	-2.9563	3.83716	1.72188	0.448737	14.8749	0.340719	0.451308	0.426599	0.0695898
20319	0.189782	0.176087	3.83663	1.76032	0.458818	1.00612	-3.01941	3.76298	1.70649	0.453494	15.3227	0.333205	0.456182	0.424203	0.0696018
20320	0.0640092	0.0951655	3.68846	1.76317	0.478023	0.990145	-3.04071	3.34534	1.64075	0.490459	11.4648	0.428863	0.483937	0.419481	0.0701562
20321	0.198966	0.142973	4.06511	1.91863	0.471973	0.920287	-3.07417	3.68394	1.66027	0.450677	19.8922	0.260152	0.461849	0.419735	0.0702515
20322	0.0909349	0.127993	3.91539	1.90236	0.485867	0.893064	-3.12567	3.82466	1.67353	0.437564	16.4535	0.321705	0.461999	0.425449	0.0703194
20323	0.232431	0.207914	3.85825	1.91225	0.495626	0.79853	-3.16322	3.76776	1.67724	0.445155	35.4622	0.160234	0.47069	0.441936	0.0707758
20324	0.212804	0.218519	4.21225	1.87742	0.445703	0.879182	-3.11117	3.47573	1.64081	0.472077	24.967	0.22203	0.457627	0.440782	0.0705434
20325	0.220199	0.263597	3.97918	1.77817	0.446869	0.884011	-3.12016	3.77504	1.55301	0.411389	25.9842	0.220323	0.429596	0.462285	0.0709886
20326	0.323352	0.342445	4.08569	1.90701	0.466754	0.941384	-3.08414	3.51704	1.47356	0.418976	30.7398	0.190982	0.444652	0.464881	0.0708373
20327	0.186542	0.255455	3.89342	1.90634	0.489632	0.861683	-3.09166	3.71114	1.66864	0.449631	24.5783	0.227908	0.470111	0.43941	0.0707925
20328	0.286743	0.267574	4.11992	1.8815	0.456683	1.01524	-3.02396	3.77745	1.56217	0.413551	20.4145	0.265356	0.436052	0.44038	0.0707765
20329	0.295564	0.301954	3.70815	1.90898	0.514805	0.981775	-3.01401	3.62848	1.64407	0.4531	23.351	0.235443	0.484288	0.436323	0.070914
20330	0.268109	0.365764	3.65713	1.87175	0.511809	1.00895	-3.03586	3.58551	1.74382	0.486351	21.0823	0.274426	0.499206	0.444595	0.0709051
20331	0.481396	0.410995	3.76787	1.8584	0.493223	0.963795	-3.05504	3.59126	1.64767	0.458799	51.6242	0.116354	0.476424	0.46151	0.071347
20332	0.448108	0.474827	4.10535	1.74278	0.424515	0.972814	-3.07378	3.54596	1.58453	0.446855	45.7386	0.137658	0.434868	0.48629	0.0718209
20333	0.454616	0.47332	3.80672	1.83113	0.481026	0.969565	-3.04326	3.72512	1.65223	0.443537	46.6351	0.132586	0.462484	0.470332	0.071937
20334	0.57144	0.524212	3.84002	1.79578	0.467649	0.880148	-3.08719	3.58797	1.74081	0.48518	136.853	0.0476505	0.476117	0.479819	0.0722508
20335	0.474082	0.488623	3.97962	2.02654	0.509229	0.894545	-3.07498	3.66195	1.82119	0.497327	71.8331	0.0883944	0.503525	0.452214	0.072585
20336	0.517192	0.507952	3.9608	1.93988	0.489768	0.897816	-3.11192	3.96078	2.01932	0.509829	90.447	0.0724373	0.499799	0.4529	0.0728781
20337	0.573355	0.552511	3.8216	1.92936	0.504858	0.804655	-3.11924	3.92667	1.95314	0.497403	251.997	0.0267499	0.50108	0.464825	0.0736079
20338	0.615932	0.611233	3.77491	1.84865	0.489721	0.864641	-3.10541	4.17836	2.0468	0.489858	223.315	0.0309281	0.489793	0.470045	0.0735204
20339	0.558541	0.60476	3.75094	1.83202	0.488417	0.8158	-3.09354	3.7703	1.89635	0.502971	206.664	0.033091	0.495713	0.478509	0.0733524
20340	0.475969	0.525336	3.57901	1.84406	0.515242	0.906506	-3.05196	3.85375	1.94915	0.505782	69.0381	0.0926809	0.510337	0.457653	0.0738198
20341	0.491413	0.516716	3.91583	1.81252	0.46287	0.836239	-3.07652	4.1309	1.81915	0.440376	108.585	0.0594524	0.451323	0.470688	0.0739576
20342	0.531592	0.513274	3.97953	1.83543	0.461218	0.922238	-3.06832	3.60918	1.66248	0.460625	84.0593	0.0763023	0.460936	0.478428	0.0739014
20343	0.523852	0.513269	3.54592	1.69901	0.479146	0.906911	-3.13375	3.92808	1.73433	0.441522	90.6449	0.0733674	0.459372	0.492124	0.0745401
20344	0.49857	0.535752	3.56846	1.77825	0.498323	0.942315	-3.07664	3.85156	1.86311	0.483729	66.271	0.0984548	0.490748	0.472675	0.0745878
20345	0.495016	0.527199	4.09965	1.88105	0.45883	0.873083	-3.11031	4.00627	1.82071	0.454466	92.5699	0.0714673	0.456673	0.472028	0.0745599
20346	0.426463	0.515464	4.02404	1.91408	0.475663	0.83458	-3.13729	3.68558	1.65653	0.449463	80.1071	0.0832798	0.463138	0.483114	0.0743488
20347	0.472381	0.498702	3.95108	1.75812	0.444972	0.837165	-3.1187	3.78604	1.82754	0.482705	98.3379	0.0665339	0.463436	0.47721	0.0745381
20348	0.512588	0.545908	3.89255	1.67416	0.430093	0.850183	-3.12072	3.9789	1.78926	0.449688	117.962	0.0569851	0.439998	0.492624	0.0745611
20349	0.646209	0.56912	3.91554	1.7253	0.44063	0.894222	-3.05839	3.84048	1.80574	0.470185	213.927	0.0307555	0.455265	0.482434	0.0745042
20350	0.521477	0.57063	3.81645	1.9417	0.508772	0.799013	-3.16058	3.82628	1.64554	0.430063	180.743	0.0385132	0.469367	0.492573	0.0750103
20351	0.498271	0.576436	3.77517	1.77852	0.471111	0.79602	-3.14866	3.68929	1.72509	0.467596	156.522	0.0443272	0.469374	0.497649	0.0754783
20352	0.702995	0.633091	3.50139	1.71662	0.490267	0.924567	-3.12229	3.60108	1.76465	0.490033	287.262	0.024547	0.490148	0.503297	0.0756406
20353	0.547572	0.602436	3.88385	1.77534	0.457109	0.76869	-3.18561	3.68895	1.70882	0.463228	293.485	0.0244464	0.46009	0.50742	0.0762277
20354	0.662503	0.64049	3.6638	1.84735	0.504216	0.783572	-3.18141	4.1401	1.73146	0.418216	996.545	0.00732878	0.458592	0.505168	0.076365
20355	0.669561	0.596455	3.82032	1.82621	0.478026	0.765177	-3.19678	3.76016	1.81187	0.481861	1573.83	0.0045712	0.479929	0.497296	0.0766247
20356	0.652626	0.63659	3.66313	1.92997	0.526864	0.849469	-3.19074	3.8592	1.76977	0.458584	378.052	0.0193736	0.491834	0.49757	0.0765929
20357	0.541844	0.581549	3.6051	1.8288	0.507282	0.845506	-3.14074	3.64855	1.71674	0.470527	150.259	0.0461053	0.488794	0.494299	0.0764924
20358	0.593097	0.597863	3.66202	1.93976	0.529697	0.887249	-3.09716	3.57242	1.79165	0.501522	157.795	0.0432626	0.515784	0.477863	0.0767259
20359	0.61832	0.605594	4.03008	1.94872	0.483543	0.861944	-3.06856	3.72148	1.78924	0.480789	227.445	0.0296762	0.482221	0.474599	0.0766206
20360	0.593776	0.623189	3.74052	1.82919	0.489021	0.935239	-3.05662	3.87696	1.85539	0.478569	116.135	0.0582985	0.483701	0.478956	0.0766375
20361	0.533468	0.605719	3.71687	1.91538	0.515323	0.879067	-3.10472	3.58889	1.73663	0.483891	115.267	0.0597195	0.499882	0.485311	0.0765314
20362	0.624579	0.630247	3.92249	1.77946	0.453656	0.818826	-3.13102	3.85636	1.68063	0.435808	374.936	0.018866	0.444808	0.505605	0.0769802
20363	0.624642	0.655146	3.44572	1.70334	0.494335	0.752857	-3.23304	3.80189	1.73404	0.456101	919.637	0.00821953	0.474279	0.523827	0.0773244
20364	0.676383	0.670727	3.72657	1.6789	0.450521	0.750485	-3.23511	3.60681	1.61215	0.446975	2778.22	0.00274556	0.448777	0.536919	0.0773488
20365	0.704235	0.708934	3.7454	1.66834	0.445437	0.761264	-3.26126	3.80086	1.74233	0.458405	4846.48	0.00162617	0.451969	0.536168	0.0772662
20366	0.507165	0.60376	3.81404	1.74844	0.458423	0.759665	-3.22471	3.9435	1.74418	0.442292	229.894	0.0318781	0.450223	0.512119	0.0773357
20367	0.641458	0.674633	3.76606	1.72867	0.459013	0.784263	-3.19977	3.69765	1.75868	0.475621	736.08	0.0101966	0.467241	0.518453	0.0777644
20368	0.597861	0.621789	3.74453	1.72902	0.461745	0.804936	-3.24583	3.88735	1.67536	0.430979	348.844	0.0214401	0.446074	0.523588	0.0781265
20369	0.535975	0.603993	3.73502	1.70408	0.456243	0.781045	-3.24159	3.67191	1.72749	0.47046	246.231	0.0300297	0.463291	0.518751	0.0784823
20370	0.538029	0.58603	3.91031	1.72802	0.441915	0.786832	-3.15876	3.95839	1.6639	0.420348	226.54	0.0309514	0.431065	0.508385	0.0785583
20371	0.668969	0.607626	3.64125	1.80941	0.49692	0.897557	-3.1176	3.87624	1.73781	0.448324	265.582	0.0261261	0.471862	0.494574	0.0787969
20372	0.714061	0.661783	3.6794	1.83872	0.499734	0.903182	-3.07193	3.52585	1.60336	0.454745	389.765	0.0178834	0.477719	0.503234	0.0789726
20373	0.64578	0.708913	3.7625	1.74587	0.464019	0.943685	-3.06183	3.85431	1.81421	0.470695	160.214	0.0443737	0.467397	0.499743	0.0797001
20374	0.742048	0.758247	4.05623	1.78014	0.438866	0.844069	-3.11109	3.8491	1.70859	0.443894	1438.46	0.00520409	0.441314	0.517701	0.0804539
20375	0.73708	0.76908	3.82869	1.84752	0.482546	0.978581	-3.05396	3.6684	1.6721	0.455811	250.602	0.0291612	0.469464	0.509486	0.080818
20376	0.84227	0.846433	4.17746	1.92269	0.460253	0.993041	-3.00965	3.61269	1.63097	0.451456	654.126	0.0113658	0.456173	0.511381	0.0813533
20377	0.857093	0.790713	3.88475	1.94832	0.50153	0.973812	-3.00913	3.79092	1.75156	0.462042	1059.84	0.00681176	0.482027	0.493956	0.0813875
20378	0.64896	0.677939	4.0494	1.96877	0.486188	1.0101	-2.9789	3.67596	1.70364	0.463455	102.531	0.0652117	0.47537	0.476656	0.0815033
20379	0.672335	0.66221	3.86662	1.93332	0.500003	1.12546	-2.91887	3.66106	1.62965	0.445132	62.4588	0.102661	0.473317	0.473759	0.0814711
20380	0.764176	0.680376	3.64658	1.83746	0.503885	1.11283	-2.94706	3.4397	1.64161	0.477253	108.247	0.0607793	0.490958	0.486128	0.0819204
20381	0.629369	0.596102	3.64035	1.77517	0.487638	1.03202	-2.97872	3.67278	1.73868	0.473397	78.8239	0.0810627	0.480486	0.476348	0.0819373
20382	0.456925	0.481793	3.9748	1.69231	0.42576	0.975929	-3.09714	3.86626	1.77918	0.46018	47.5518	0.134682	0.442732	0.479949	0.0822893
20383	0.450075	0.445876	3.66389	1.70848	0.466302	1.00788	-3.08812	3.72772	1.85839	0.498534	40.1398	0.155571	0.482557	0.466893	0.0824809
20384	0.453855	0.519424	3.52126	1.75934	0.499634	0.861934	-3.09595	3.82558	1.9116	0.49969	78.4906	0.0832641	0.499663	0.471069	0.0825375
20385	0.511938	0.569738	3.78309	1.81267	0.47915	0.862493	-3.15495	3.62358	1.88568	0.520392	112.893	0.0614445	0.499327	0.484077	0.0828894
20386	0.578162	0.589979	3.68895	1.81208	0.49122	0.789634	-3.14857	3.61994	1.73717	0.47989	312.538	0.0223601	0.485609	0.496216	0.0830644
20387	0.643925	0.566245	3.73408	1.76306	0.472155	0.922124	-3.11566	3.74363	1.68707	0.450652	175.16	0.0386974	0.461389	0.495664	0.0830743
20388	0.590528	0.565245	3.73045	1.76234	0.472421	0.90932	-3.11935	3.62328	1.69331	0.467342	133.588	0.0508139	0.469919	0.495628	0.0828392
20389	0.560043	0.561156	3.79535	1.76337	0.464614	0.797432	-3.17576	3.8326	1.87752	0.489881	247.802	0.0281768	0.477309	0.489626	0.0831371
20390	0.570042	0.53212	3.49925	1.71229	0.489331	0.771648	-3.22336	3.73679	1.80818	0.483884	346.995	0.0203225	0.486519	0.50051	0.0831521
20391	0.533617	0.477726	3.76318	1.66129	0.441459	0.711183	-3.26018	4.05264	1.92519	0.475045	443.141	0.0157647	0.458874	0.493522	0.0833896
20392	0.407051	0.410043	3.70447	1.88798	0.509649	0.647076	-3.40135	3.84396	1.83874	0.478344	252.147	0.0288061	0.493707	0.493667	0.0836218
20393	0.354312	0.381937	3.72382	1.84516	0.495503	0.696546	-3.38202	3.83567	1.78943	0.466523	120.96	0.058562	0.480799	0.493663	0.0835727
20394	0.49214	0.449744	3.79029	1.92497	0.507868	0.670715	-3.33394	3.69917	1.80651	0.488355	448.937	0.0159446	0.49823	0.489701	0.0833329
20395	0.45426	0.457243	3.71209	1.87392	0.504816	0.642127	-3.37061	3.7564	1.80353	0.480122	415.155	0.017647	0.492395	0.499149	0.0832623
20396	0.552193	0.5094	3.84511	1.77444	0.461479	0.634156	-3.31871	3.65933	1.7156	0.468828	2181.42	0.00335892	0.465063	0.512256	0.0836057
20397	0.495359	0.508822	3.94621	1.77781	0.450511	0.801482	-3.27746	3.71502	1.7989	0.484223	152.98	0.0468557	0.466858	0.500633	0.0836725
20398	0.568788	0.579162	3.54258	1.76894	0.499335	0.824101	-3.2291	3.57646	1.7618	0.492611	222.487	0.0325925	0.495957	0.50676	0.0836417
20399	0.477403	0.548109	3.78611	1.77907	0.469894	0.773465	-3.20507	3.7293	1.76711	0.473844	160.706	0.0438263	0.471854	0.498385	0.0836313
20400	0.406405	0.502566	3.61087	1.74897	0.484363	0.761575	-3.22478	3.60431	1.64837	0.457332	110.135	0.0630728	0.47086	0.505651	0.0836007
20401	0.4425	0.478106	3.63041	1.83667	0.505912	0.717811	-3.24619	3.61888	1.74858	0.483183	182.996	0.0378981	0.494566	0.491785	0.0839517
20402	0.48764	0.476552	3.68102	1.80977	0.491649	0.667208	-3.32469	4.06184	1.81552	0.44697	448.119	0.0161223	0.468211	0.499232	0.0841835
20403	0.485184	0.473545	3.96814	1.86593	0.470228	0.657165	-3.35646	3.59841	1.67919	0.466647	495.947	0.0147888	0.468525	0.508591	0.0842615
20404	0.49576	0.50516	3.88551	1.85262	0.476803	0.544366	-3.39277	3.63034	1.71069	0.471221	6431.07	0.00118128	0.474107	0.516095	0.084617
20405	0.347067	0.449184	4.04151	1.94119	0.480314	0.6904	-3.35442	3.40116	1.68559	0.495593	122.732	0.0589389	0.487296	0.499439	0.0846724
20406	0.388793	0.425981	3.91202	1.95827	0.500579	0.554407	-3.33049	3.62024	1.81305	0.500809	514.477	0.013714	0.50069	0.483441	0.0846401
20407	0.444016	0.484498	3.80198	1.85549	0.488033	0.586104	-3.36491	3.60099	1.71576	0.476468	733.964	0.0100945	0.482408	0.509282	0.0850373
20408	0.500912	0.4551	3.83302	1.93702	0.50535	0.644183	-3.373	3.88612	1.87463	0.482392	713.926	0.0102632	0.493792	0.490222	0.0854502
20409	0.421807	0.486463	4.1043	1.81177	0.441432	0.604796	-3.33815	3.99123	1.81845	0.455611	436.846	0.0167424	0.448423	0.501957	0.0856714
20410	0.525921	0.530914	3.66666	1.75024	0.477339	0.741572	-3.25565	3.73218	1.81235	0.485601	308.312	0.0232525	0.481506	0.501659	0.0861901
20411	0.470444	0.472321	3.71207	1.71407	0.461756	0.743128	-3.23376	4.00974	1.72208	0.429474	184.718	0.0371785	0.444993	0.499951	0.0862832
20412	0.450242	0.492425	3.81672	1.83586	0.481005	0.830966	-3.22062	3.77165	1.8135	0.480825	95.113	0.0724756	0.480916	0.485844	0.0867493
20413	0.449605	0.459073	3.71965	1.88555	0.506916	0.789364	-3.29163	3.90476	1.85972	0.476271	121.866	0.0577181	0.491221	0.484404	0.087018
20414	0.527159	0.46224	4.15617	1.97029	0.474064	0.704678	-3.22094	4.04576	1.83131	0.45265	430.481	0.0157566	0.463501	0.471614	0.0872252
20415	0.482488	0.459059	3.99882	1.93329	0.483464	0.818911	-3.17457	3.99781	1.94794	0.487253	116.657	0.0565902	0.485358	0.459717	0.0875145
20416	0.342956	0.424561	3.63136	1.89612	0.522151	0.759288	-3.26628	4.04621	1.85409	0.458228	78.5904	0.0866664	0.488463	0.476044	0.0877397
20417	0.369969	0.386391	3.9686	1.92317	0.484596	0.675341	-3.24183	3.98489	1.90295	0.477542	141.167	0.0466258	0.481062	0.462531	0.0880126
20418	0.44728	0.441788	4.03163	1.967	0.487891	0.704725	-3.27925	3.60306	1.79355	0.497784	208.91	0.033139	0.49256	0.479424	0.0886843
20419	0.436453	0.454935	3.97398	1.85053	0.465662	0.656196	-3.26161	3.55367	1.74187	0.490161	286.055	0.0241435	0.477228	0.490245	0.0883326
20420	0.486599	0.498629	3.86372	1.80646	0.467545	0.65528	-3.27129	3.86093	1.75116	0.45356	499.497	0.0142266	0.460555	0.499805	0.0889966
20421	0.504393	0.463032	3.96196	1.68139	0.424383	0.604008	-3.25342	3.85091	1.80896	0.46975	1391.9	0.00496158	0.446744	0.497436	0.089063
20422	0.343061	0.401021	3.67468	1.73521	0.472207	0.878228	-3.15185	3.59846	1.79169	0.497905	44.0738	0.143202	0.484921	0.472353	0.0892534
20423	0.376362	0.37133	3.74994	1.78614	0.476311	0.854966	-3.13205	3.77521	1.89782	0.502706	53.5824	0.114531	0.489553	0.454545	0.0894596
20424	0.500302	0.41035	3.96547	1.90141	0.479492	0.834896	-3.07961	3.60003	1.83264	0.509063	108.794	0.0559766	0.493563	0.449298	0.0895843
20425	0.314086	0.429331	3.97295	1.89148	0.476089	0.740703	-3.1957	3.81462	1.95025	0.511256	72.2017	0.091001	0.493315	0.461081	0.0897261
20426	0.454546	0.366835	3.69463	1.74487	0.472271	0.816877	-3.17259	4.26528	2.01624	0.47271	95.4231	0.065642	0.472506	0.454482	0.0898555
20427	0.347498	0.378833	3.95639	1.77379	0.448335	0.97147	-3.0792	3.88606	1.93365	0.497586	30.7133	0.194671	0.472739	0.446521	0.090056
20428	0.466544	0.380334	3.6881	1.79226	0.485958	0.935387	-3.08607	4.11122	1.86246	0.453018	54.664	0.109907	0.468594	0.45126	0.0906216
20429	0.463304	0.38992	3.60454	1.76201	0.48883	1.04084	-3.03694	3.59921	1.70953	0.474975	35.2077	0.166773	0.481908	0.458321	0.0910888
20430	0.259421	0.30844	3.9352	1.71516	0.43585	0.956875	-3.04143	3.94977	1.85114	0.468672	23.0689	0.243221	0.452291	0.440415	0.0914085
20431	0.281036	0.290672	3.9351	1.81638	0.461583	0.825164	-3.13893	3.69572	1.77603	0.480565	39.727	0.148037	0.470776	0.450233	0.0923953
20432	0.370603	0.35218	4.176	1.82262	0.43645	0.903738	-3.10095	3.58136	1.73019	0.483109	41.9518	0.142116	0.457991	0.456369	0.0923305
20433	0.43398	0.398293	3.76685	1.80527	0.479251	1.04755	-3.0163	3.58416	1.76215	0.491648	30.9707	0.188234	0.485295	0.449791	0.0926207
20434	0.424282	0.402628	3.97062	1.96434	0.49472	0.989949	-3.01697	3.75016	1.66895	0.445034	36.5451	0.15999	0.470586	0.44599	0.092904
20435	0.293107	0.357146	4.18048	1.9718	0.471668	0.910274	-3.00741	3.50622	1.61928	0.461831	29.7201	0.190447	0.467181	0.440864	0.0931368
20436	0.376137	0.359505	3.98849	1.82432	0.457397	0.958524	-3.01738	3.91094	1.63916	0.419123	33.621	0.169587	0.438448	0.451612	0.0934053
20437	0.409074	0.385527	4.09868	1.85967	0.453724	1.0488	-2.96719	3.78881	1.83444	0.484172	27.4668	0.204624	0.46835	0.432174	0.0936006
20438	0.290034	0.28818	3.76559	1.88762	0.501281	1.12733	-2.93728	3.97831	1.82037	0.457574	14.8396	0.350534	0.478827	0.412381	0.093822
20439	0.248711	0.305823	4.05282	1.93036	0.476299	0.930404	-3.04118	3.99069	1.8268	0.457764	24.1066	0.232352	0.467103	0.427191	0.0945352
20440	0.382883	0.351314	4.12207	1.88033	0.456162	0.910888	-3.07515	3.77858	1.69303	0.448059	42.1129	0.139395	0.452287	0.451096	0.0945522
20441	0.285799	0.297301	3.64305	1.80131	0.494451	1.02392	-3.04884	3.54118	1.69984	0.480021	20.5508	0.272415	0.487338	0.444414	0.0950245
20442	0.340196	0.290199	3.81713	1.71338	0.448866	0.945063	-3.0493	3.91595	1.78891	0.456826	30.4818	0.182933	0.452897	0.443352	0.0951076
20443	0.165943	0.26351	3.64035	1.7982	0.493963	0.96405	-3.04852	3.7871	1.80184	0.475782	17.2213	0.318487	0.484693	0.432511	0.0953589
20444	0.242943	0.222721	3.77409	1.8034	0.477836	1.00835	-2.96594	3.73199	1.78663	0.478734	17.3553	0.292924	0.478283	0.414655	0.0955255
20445	0.245904	0.222987	3.89506	1.74728	0.448589	1.14636	-2.8688	3.75399	1.64546	0.438323	11.7894	0.405413	0.44355	0.413399	0.0953143
20446	0.14713	0.182901	3.9643	1.82077	0.459293	1.08437	-2.92682	3.70784	1.60338	0.432429	11.0087	0.439214	0.44631	0.41397	0.0952538
20447	0.19517	0.134826	3.73758	1.8307	0.489809	1.05448	-2.96914	3.85948	1.70073	0.440664	13.0475	0.36921	0.464843	0.405611	0.0955101
20448	0.0910546	0.124991	4.00931	1.83506	0.4577	0.949928	-3.0299	3.88745	1.80208	0.463563	13.4931	0.368831	0.460586	0.406349	0.0956632
20449	0.0593239	0.103441	3.78798	1.94418	0.513249	1.06594	-2.9532	3.67981	1.86957	0.508061	9.22068	0.506636	0.510692	0.379947	0.0959395
20450	0.093014	0.0863674	4.00873	1.90498	0.475208	1.03558	-2.9578	4.03069	1.83212	0.454543	10.4308	0.444214	0.464847	0.382808	0.0964252
20451	0.110228	0.170618	4.07662	1.90646	0.467657	1.03797	-3.03724	4.09831	1.81523	0.442921	11.9558	0.430351	0.455256	0.40884	0.0966299
20452	0.280506	0.237281	3.76705	1.89592	0.50329	1.08211	-2.96664	3.95057	1.76288	0.446234	15.9752	0.321283	0.474083	0.41237	0.0967836
20453	0.202392	0.200739	3.77047	1.78846	0.474335	1.07378	-2.93532	3.95165	1.7736	0.448826	12.9521	0.379662	0.461281	0.408493	0.0967073
20454	0.239232	0.233674	3.84611	1.90958	0.496495	1.11788	-2.90598	3.4735	1.69433	0.487787	12.7684	0.386007	0.492363	0.406226	0.0971776
20455	0.229669	0.207987	3.75702	1.86198	0.4956	1.0741	-2.88713	3.77273	1.72152	0.456306	13.4346	0.356533	0.475912	0.400717	0.0975906
20456	0.237484	0.21825	3.85675	1.93724	0.502299	1.07215	-2.94097	3.40051	1.60855	0.473032	14.3263	0.348334	0.488585	0.413163	0.0980845
20457	0.278241	0.245766	3.8541	1.79571	0.465924	1.09081	-2.89506	3.63225	1.63014	0.448797	14.9405	0.330134	0.457614	0.418684	0.0987174
20458	0.336626	0.327321	3.64599	1.8521	0.507984	1.19425	-2.85957	3.86297	1.73109	0.448123	13.8084	0.367758	0.477189	0.414849	0.0990125
20459	0.350439	0.337086	3.59453	1.85892	0.517152	1.18065	-2.8292	3.64996	1.69689	0.464907	14.5452	0.344629	0.490829	0.413563	0.099134
20460	0.257991	0.328621	3.93306	1.83857	0.467465	1.11274	-2.84556	3.66791	1.72779	0.471057	13.7908	0.365295	0.469198	0.414052	0.0993309
20461	0.345652	0.342371	3.98473	1.93382	0.485307	1.14084	-2.85811	4.0024	1.74195	0.435226	16.1992	0.31616	0.460211	0.410728	0.0995089
20462	0.243904	0.291336	3.99123	1.86166	0.466438	1.20769	-2.80581	3.74597	1.75706	0.469053	10.3267	0.464441	0.467704	0.398683	0.0995417
20463	0.31105	0.300437	3.72322	1.85717	0.498807	1.24023	-2.7893	3.814	1.77042	0.46419	11.0572	0.431687	0.48129	0.39695	0.100338
20464	0.266019	0.253592	3.85704	2.01383	0.522118	1.19646	-2.80015	3.84076	1.77758	0.462821	10.7718	0.43286	0.492532	0.380884	0.100502
20465	0.241046	0.331848	3.97198	1.91284	0.481582	1.19406	-2.80469	3.70157	1.74231	0.470695	10.8319	0.454116	0.47633	0.402348	0.100211
20466	0.274643	0.335048	3.90277	1.78254	0.456736	1.23889	-2.78659	3.76545	1.74068	0.462278	10.4807	0.464882	0.459458	0.408915	0.100473
20467	0.331944	0.299433	3.65326	1.83821	0.50317	1.11231	-2.85739	3.9209	1.80413	0.46013	16.3645	0.304485	0.48089	0.406298	0.100677
20468	0.291716	0.271634	4.02495	1.89468	0.470733	1.17403	-2.84515	3.67664	1.85649	0.504942	12.4786	0.389239	0.487064	0.39311	0.100725
20469	0.18447	0.221207	3.61878	1.84534	0.509933	1.18043	-2.77107	4.24663	1.93639	0.455982	9.02657	0.495965	0.480804	0.37194	0.101169
20470	0.203863	0.233388	3.77822	1.82597	0.483288	1.19475	-2.78681	3.69818	1.82332	0.493031	9.29018	0.490928	0.488107	0.384692	0.101348
20471	0.267763	0.291238	4.06597	1.80404	0.443691	1.28251	-2.79074	3.76342	1.72936	0.459519	9.2245	0.514856	0.451299	0.402054	0.101845
20472	0.299696	0.299902	3.62727	1.80099	0.496512	1.23915	-2.82359	3.67551	1.76202	0.479395	11.0542	0.44129	0.487897	0.406489	0.101524
20473	0.359101	0.288472	3.75514	1.87092	0.498229	1.21033	-2.81382	3.79495	1.74423	0.459619	13.2824	0.362292	0.478822	0.399717	0.101846
20474	0.27433	0.311582	4.113	1.95676	0.475751	1.25351	-2.77638	4.01852	1.86708	0.46462	9.9453	0.479397	0.47025	0.384136	0.101784
20475	0.325257	0.309575	3.78216	1.88081	0.497284	1.20077	-2.74077	3.65771	1.87762	0.513333	12.1389	0.383258	0.505174	0.382421	0.10197
20476	0.331904	0.312102	3.79012	1.78369	0.470616	1.301	-2.68926	3.78204	1.6241	0.429426	9.59192	0.469571	0.450043	0.398019	0.102396
20477	0.23758	0.304854	4.18871	1.93516	0.461995	1.41475	-2.61996	3.65812	1.7935	0.49028	6.17336	0.692859	0.475181	0.364617	0.102573
20478	0.31297	0.272048	3.52125	1.67975	0.477031	1.35842	-2.61905	3.92185	1.77322	0.452139	7.64745	0.546485	0.463915	0.377128	0.102898
20479	0.283533	0.260203	3.84539	1.8425	0.479146	1.36308	-2.57447	3.80494	1.75108	0.460212	6.89482	0.582709	0.469729	0.358681	0.103238
20480	0.291109	0.264504	3.8753	1.77659	0.45844	1.4138	-2.58461	3.82176	1.81217	0.474171	6.44025	0.630213	0.466251	0.361333	0.103324
20481	0.261545	0.253244	3.9187	1.72777	0.440905	1.39267	-2.58861	3.90706	1.71474	0.438883	6.31222	0.639724	0.439895	0.369799	0.103406
20482	0.166378	0.211197	4.16726	1.88367	0.452017	1.57369	-2.52443	3.48753	1.61046	0.461777	3.77859	0.990269	0.456464	0.348836	0.103437
20483	0.175018	0.225611	3.6508	1.77498	0.486188	1.49612	-2.51157	3.79154	1.76025	0.464257	4.29271	0.872658	0.475015	0.346442	0.103756
20484	0.220266	0.203767	3.86298	1.80471	0.46718	1.50435	-2.53627	3.60312	1.63733	0.45442	4.55334	0.82443	0.461022	0.352992	0.104017
20485	0.275395	0.258955	3.87512	1.78735	0.461237	1.44212	-2.53161	3.51384	1.67655	0.477128	5.72064	0.680629	0.468794	0.359923	0.104249
20486	0.194924	0.233836	3.72937	1.74766	0.468622	1.32386	-2.59826	3.73786	1.79681	0.480705	6.29323	0.637252	0.47467	0.361433	0.104355
20487	0.213928	0.244426	4.02629	1.80341	0.447907	1.36223	-2.62601	3.66073	1.70375	0.465412	6.24858	0.659302	0.456243	0.370127	0.104333
20488	0.157696	0.186593	3.4062	1.78578	0.524272	1.34655	-2.63884	3.49179	1.7064	0.488688	5.64822	0.706688	0.506259	0.36378	0.104761
20489	0.167567	0.219974	3.8872	1.80183	0.463528	1.23644	-2.7552	3.89061	1.74967	0.449717	7.74775	0.57124	0.45662	0.38401	0.105488
20490	0.17722	0.174911	3.79024	1.87084	0.493594	1.19031	-2.80832	3.81862	1.81339	0.474882	8.67106	0.513181	0.484203	0.376637	0.105969
20491	0.167957	0.187926	3.73353	1.8676	0.500224	1.18202	-2.82073	3.69012	1.89946	0.514741	8.80272	0.51416	0.50744	0.375405	0.106209
20492	0.0556802	0.108394	3.9197	1.84986	0.47194	1.23199	-2.79105	3.74362	1.78374	0.476475	6.07558	0.691849	0.474155	0.366565	0.106667
20493	-0.031766	0.0482113	4.20141	1.94997	0.464123	1.1775	-2.79656	3.78913	1.84068	0.485779	5.53416	0.731159	0.474392	0.348107	0.106823
20494	0.0108534	0.0495342	3.739	1.75281	0.46879	1.20583	-2.77851	3.76689	1.68983	0.448602	5.60085	0.713985	0.458658	0.367522	0.107018
20495	0.00745643	-0.00889466	3.67681	1.58185	0.430223	1.24844	-2.75242	3.35485	1.61886	0.482543	4.88751	0.770019	0.455185	0.370359	0.107341
20496	-0.03598	-0.00997942	3.65065	1.63444	0.447711	1.22929	-2.76796	3.44099	1.74339	0.506653	4.75134	0.800456	0.476311	0.360309	0.107649
20497	-0.00934546	-0.0265661	3.68323	1.59236	0.432326	1.2915	-2.75708	3.74789	1.65456	0.441464	4.40593	0.846098	0.436935	0.364816	0.108194
20498	-0.0727877	-0.0330794	3.58885	1.75834	0.489946	1.25445	-2.73535	3.74674	1.71356	0.457347	4.14534	0.880779	0.473296	0.344724	0.108522
20499	0.0418154	-0.0108158	3.8246	1.84211	0.481648	1.28733	-2.74591	3.61979	1.73149	0.47834	4.8222	0.775657	0.48004	0.343658	0.108666
20500	0.0219364	-0.00942497	3.7604	1.86084	0.494851	1.26476	-2.75794	3.37062	1.74448	0.517554	4.89077	0.772305	0.505582	0.343873	0.108665
