cycle	Zbar1	Gbar1	VP1	VG1	h21	Zbar2	Gbar2	VP2	VG2	h22	h2b	h2b_denom	h2w	Qst	Fst
20000	-0.174989	-0.135174	3.89025	1.97536	0.507771	-2.18446	-0.138169	3.86506	2.0749	0.536836	2.22138e-06	2.01899	0.522256	5.53938e-07	0.000385346
20001	-0.0659006	-0.074148	3.80603	1.87828	0.493502	-1.98807	-0.0398214	3.92457	1.96166	0.499841	0.000318918	1.84736	0.49672	7.67467e-05	0.000633296
20002	-0.0541639	-0.0995653	3.89717	1.95153	0.500756	-1.90549	0.0314904	4.12251	1.95266	0.473658	0.00501124	1.71371	0.486826	0.00109916	0.000931525
20003	-0.160056	-0.119268	4.00907	2.0921	0.521841	-1.88427	0.113167	3.76395	1.93038	0.512861	0.0181728	1.48646	0.517493	0.0033482	0.00107385
20004	-0.19725	-0.121958	3.98671	2.01236	0.504766	-1.94008	0.0963051	3.97792	1.95883	0.492427	0.0156837	1.51873	0.498604	0.00299155	0.00131112
20005	-0.0987846	-0.186893	3.96054	2.166	0.546897	-1.80926	0.184369	4.37713	2.03238	0.464317	0.0471116	1.46286	0.503544	0.00814489	0.00150507
20006	-0.260407	-0.21914	4.36052	2.11046	0.483992	-1.68175	0.243746	4.40214	1.99829	0.453937	0.106059	1.01012	0.468893	0.0128756	0.0017258
20007	-0.235105	-0.255304	3.79352	1.95872	0.516333	-1.6848	0.315036	3.72936	1.86484	0.500042	0.154779	1.05081	0.508257	0.020836	0.0020287
20008	-0.317315	-0.296573	3.89656	1.91061	0.490334	-1.70847	0.295165	3.88651	1.87038	0.48125	0.180929	0.967653	0.485798	0.0226394	0.00231543
20009	-0.385222	-0.320915	3.80154	1.83454	0.482576	-1.67602	0.29879	4.10797	1.95152	0.475057	0.230492	0.833077	0.478671	0.0247434	0.00258303
20010	-0.278021	-0.265977	3.77286	2.03731	0.539991	-1.6523	0.288486	4.0262	1.94567	0.483253	0.162778	0.944321	0.510701	0.0189404	0.00282409
20011	-0.246014	-0.204962	4.08728	1.93169	0.472609	-1.54239	0.386649	3.99112	1.89537	0.474896	0.208263	0.840291	0.473739	0.0223637	0.00305254
20012	-0.178387	-0.165669	3.78146	1.97647	0.522672	-1.64347	0.388095	4.03597	1.95391	0.484124	0.142864	1.07324	0.502771	0.0191417	0.00327169
20013	-0.137792	-0.158795	3.89056	1.78421	0.4586	-1.58229	0.426595	3.80581	2.01695	0.529966	0.164232	1.04328	0.49389	0.022052	0.00354982
20014	-0.23052	-0.179174	4.2609	2.00941	0.471592	-1.48136	0.537186	3.94987	2.0153	0.51022	0.327989	0.782302	0.490174	0.0309066	0.00376663
20015	-0.219228	-0.187057	4.08008	1.82845	0.448142	-1.36544	0.652589	3.78336	1.93476	0.511386	0.536618	0.656897	0.478571	0.0447614	0.00391943
20016	-0.169673	-0.170139	3.84561	1.90996	0.496661	-1.28053	0.717981	3.76763	2.05956	0.546645	0.639186	0.617	0.521397	0.0473474	0.0040894
20017	-0.175231	-0.148898	3.86896	1.88237	0.486532	-1.22853	0.767989	4.16115	1.932	0.464295	0.757757	0.554717	0.475009	0.0522469	0.00430099
20018	-0.112847	-0.132079	3.87987	1.81102	0.466773	-1.13812	0.822242	4.26639	2.04085	0.478355	0.866382	0.525592	0.472839	0.0558369	0.00452793
20019	-0.0144777	-0.0789998	4.15648	1.91861	0.461594	-1.14439	0.834103	3.84013	1.97871	0.515272	0.653059	0.638347	0.487371	0.0507916	0.0047102
20020	-0.099163	-0.0708577	4.16153	1.91474	0.460106	-1.04277	0.956652	3.55851	1.79962	0.505724	1.18573	0.445201	0.481133	0.0663768	0.00496865
20021	-0.166238	-0.117094	4.07634	1.99128	0.488497	-1.06337	0.967499	3.96312	2.05133	0.517605	1.46158	0.402421	0.502846	0.0678449	0.00508839
20022	-0.101387	-0.0965414	4.10957	2.03083	0.494172	-1.00804	1.03875	3.83898	1.99111	0.518656	1.56794	0.41101	0.505997	0.0742072	0.00535431
20023	-0.14186	-0.0862525	3.74034	1.91165	0.51109	-0.962495	1.05274	3.79013	1.82757	0.482192	1.92637	0.336721	0.496545	0.0798499	0.00554542
20024	-0.145952	-0.112374	3.77246	1.73072	0.458779	-0.910543	1.11139	4.13765	1.88033	0.454444	2.56176	0.2923	0.456512	0.0939843	0.00581911
20025	-0.183504	-0.160248	3.89267	2.01895	0.518655	-0.74986	1.22661	3.96124	1.92869	0.486891	5.99629	0.160379	0.502634	0.108627	0.00601714
20026	-0.0387347	-0.109408	3.99048	2.07902	0.520996	-0.830223	1.2643	3.82166	1.76481	0.461791	3.01231	0.313227	0.492033	0.109366	0.00623477
20027	-0.0609363	-0.122967	4.01514	2.05185	0.511029	-0.715982	1.28765	3.70949	1.88957	0.509388	4.63737	0.214543	0.510241	0.112118	0.00640197
20028	-0.0970658	-0.106583	3.96412	2.05378	0.518093	-0.589406	1.37344	3.72038	1.71865	0.461956	9.03659	0.121199	0.490915	0.126817	0.00667464
20029	-0.136693	-0.120393	3.81876	1.87217	0.490256	-0.744594	1.36292	3.54531	1.7521	0.494202	5.95385	0.184772	0.492156	0.131828	0.00698273
20030	-0.0332807	-0.0554813	3.71836	1.89871	0.51063	-0.482435	1.48978	3.59732	1.76292	0.490065	11.8362	0.10087	0.500518	0.140238	0.00720866
20031	0.0620227	-0.00180801	3.70948	1.79125	0.482885	-0.423561	1.54898	3.78644	1.75741	0.464133	10.1994	0.117896	0.473413	0.144942	0.00750787
20032	-0.054933	-0.0313151	3.96517	1.90158	0.479572	-0.330635	1.66749	4.01456	1.90456	0.474413	37.9673	0.0380057	0.476976	0.159419	0.00770753
20033	-0.0524132	-0.0203694	3.85618	1.84777	0.479172	-0.278277	1.68716	4.04494	2.09548	0.51805	57.1532	0.0255073	0.499075	0.156077	0.00795617
20034	-0.00560291	-0.00203525	3.97655	1.87455	0.471401	-0.301741	1.69391	3.96677	1.9437	0.489995	32.7971	0.0438488	0.480687	0.158543	0.00821677
20035	0.0226809	-0.0263476	4.06681	1.99131	0.48965	-0.228811	1.7249	3.78252	1.79723	0.475141	48.4892	0.0316242	0.482658	0.168384	0.00838424
20036	0.0896882	0.0710356	3.93916	2.08298	0.528789	-0.207278	1.79184	3.77781	1.76092	0.466121	33.5776	0.0440944	0.49811	0.161556	0.00844505
20037	0.135778	0.0875938	4.16272	2.07493	0.498457	-0.184798	1.8287	3.79982	1.87138	0.492492	29.4977	0.0513845	0.49561	0.161172	0.0085823
20038	0.141025	0.119847	4.04249	2.06151	0.50996	-0.130674	1.85968	4.00595	1.80683	0.451036	41.0054	0.0369101	0.480632	0.163688	0.00884234
20039	0.0986285	0.176778	4.21191	2.04965	0.486632	-0.0748875	1.9449	3.91252	1.79424	0.458589	103.835	0.0150539	0.473127	0.16904	0.00902591
20040	0.219219	0.22234	4.09245	2.02114	0.493871	-0.0672028	1.96665	4.09444	1.94429	0.47486	37.0881	0.0410186	0.484363	0.161015	0.00942344
20041	0.133083	0.15609	3.89116	1.86895	0.480307	-0.0439365	2.04155	3.7613	2.02045	0.537168	113.447	0.0156679	0.508255	0.186077	0.00960355
20042	0.270331	0.220843	3.8949	1.87282	0.48084	0.0218028	2.00849	4.06124	2.10216	0.517614	51.7383	0.0308831	0.499611	0.167422	0.00984752
20043	0.169621	0.223548	3.70492	1.79838	0.485402	0.0961986	2.02489	3.91646	1.90423	0.486212	601.919	0.00269541	0.485819	0.179791	0.0101752
20044	0.252452	0.257072	3.84148	1.77416	0.461843	0.10738	2.07158	3.96977	1.98743	0.50064	156.442	0.0105229	0.48156	0.179608	0.0104841
20045	0.209706	0.285917	4.09301	1.97982	0.483709	0.236765	2.17415	3.82103	1.78271	0.466553	4869.47	0.000366098	0.475425	0.191606	0.0107634
20046	0.387547	0.330015	3.99414	1.98912	0.498008	0.150734	2.19082	3.85182	1.93347	0.501963	61.7434	0.0280402	0.49995	0.180861	0.0111764
20047	0.360662	0.320144	3.8824	1.85162	0.476928	0.231561	2.21962	3.99639	1.94465	0.486602	216.478	0.00833349	0.481835	0.192064	0.0115187
20048	0.437405	0.429311	3.76675	1.84701	0.490347	0.318338	2.31558	4.05135	2.01432	0.497197	250.973	0.00708844	0.493897	0.187307	0.0118511
20049	0.454406	0.467866	3.79555	1.88353	0.496245	0.295873	2.30853	4.04828	1.94285	0.479919	134.806	0.0125664	0.487819	0.181316	0.0119512
20050	0.568647	0.489508	3.90911	1.99587	0.510568	0.227288	2.25067	3.73436	1.83157	0.490466	26.6182	0.0582628	0.500747	0.168536	0.0119157
20051	0.487312	0.50562	3.93722	2.01194	0.511005	0.199354	2.22398	3.85579	1.88516	0.488918	35.6101	0.0414598	0.500077	0.159322	0.0121345
20052	0.487618	0.510313	3.77816	1.9144	0.506702	0.256578	2.2231	3.97492	1.89978	0.477942	54.9579	0.0266898	0.491957	0.161342	0.012332
20053	0.549457	0.512987	3.91716	1.92698	0.491932	0.171981	2.20259	3.61405	1.72194	0.476457	20.035	0.0712443	0.484506	0.163661	0.0125454
20054	0.514715	0.463925	3.9199	1.80784	0.461197	0.248956	2.22522	3.72502	1.85778	0.49873	43.9229	0.0353138	0.479485	0.174698	0.0126866
20055	0.479573	0.550005	3.60881	1.79238	0.496667	0.23074	2.24069	3.88543	1.90228	0.489593	46.1647	0.0309591	0.493	0.162138	0.012944
20056	0.412454	0.444577	3.71624	1.80516	0.485748	0.299621	2.21782	3.93927	1.94356	0.493381	246.982	0.00636563	0.489676	0.173419	0.013102
20057	0.399316	0.445212	3.89063	1.84024	0.472993	0.339271	2.38603	3.81925	1.80989	0.473887	1044.75	0.00180271	0.473436	0.205161	0.0134365
20058	0.424473	0.453898	4.16677	1.89313	0.454339	0.479271	2.44499	3.79598	1.87344	0.493532	1320.26	0.0015014	0.473023	0.208402	0.0137016
20059	0.405961	0.402953	3.77859	1.88162	0.497969	0.607189	2.52412	3.70602	1.87119	0.504906	111.116	0.0202463	0.501404	0.2307	0.0139577
20060	0.454236	0.410862	3.98768	1.89723	0.475772	0.566241	2.54312	4.09165	2.02124	0.493991	362.413	0.00627255	0.484999	0.224935	0.0140694
20061	0.4359	0.403867	3.53641	1.86205	0.526539	0.577731	2.54799	4.07499	2.10512	0.516595	228.539	0.010058	0.521215	0.224717	0.0141021
20062	0.399345	0.400378	3.93888	1.91245	0.485532	0.473918	2.48549	4.0877	2.00986	0.491684	781.785	0.00278061	0.488665	0.217069	0.0143182
20063	0.386505	0.403916	4.02933	1.79732	0.446059	0.532545	2.52877	3.79083	1.85287	0.488777	211.697	0.0106638	0.466767	0.236283	0.0146764
20064	0.488099	0.409877	3.66599	1.73611	0.473572	0.522743	2.53742	3.60859	1.8206	0.504519	3771.55	0.000600079	0.488923	0.24146	0.014741
20065	0.290068	0.390514	3.67054	1.73222	0.471925	0.693174	2.63017	3.60505	1.69396	0.469885	30.8692	0.0812473	0.470914	0.26804	0.0150111
20066	0.261754	0.353726	3.72991	1.71648	0.460193	0.685431	2.72333	3.88863	1.78114	0.458038	31.2813	0.0897507	0.459093	0.286503	0.0152116
20067	0.361135	0.317519	4.09861	1.91391	0.466966	0.596873	2.60413	3.93888	1.67647	0.425621	94.086	0.0277862	0.446704	0.266997	0.015399
20068	0.414613	0.305546	3.77857	1.88574	0.499062	0.646447	2.58896	3.7565	1.78254	0.474523	97.0093	0.0268736	0.486828	0.262276	0.0155206
20069	0.334493	0.331867	4.06975	1.99206	0.489479	0.669244	2.65611	3.75897	1.70696	0.454104	48.208	0.056029	0.472493	0.267553	0.0158693
20070	0.320458	0.355959	3.92355	1.80183	0.459236	0.76492	2.70676	3.7865	1.84253	0.486605	27.9747	0.0987729	0.472677	0.274988	0.016097
20071	0.241507	0.259116	4.093	1.83545	0.448436	0.704088	2.63096	3.89637	1.86037	0.477463	26.2905	0.10699	0.462593	0.275747	0.0161777
20072	0.19365	0.165076	3.96333	1.91488	0.483149	0.567414	2.68288	4.1711	1.95612	0.468969	45.3785	0.0698498	0.475878	0.290588	0.0163839
20073	0.0930435	0.108873	3.92744	1.9696	0.501495	0.729182	2.72521	3.84759	2.0255	0.526433	16.9154	0.202336	0.513836	0.299997	0.0167442
20074	0.13382	0.139958	3.7208	1.73555	0.466444	0.751218	2.70111	3.82317	1.98601	0.519466	17.2083	0.19059	0.493315	0.305971	0.0170079
20075	0.145703	0.176601	3.8869	1.70917	0.439727	0.765207	2.75058	3.45607	1.886	0.545707	17.2633	0.191892	0.489608	0.315511	0.0172394
20076	0.255465	0.245724	3.67583	1.80704	0.4916	0.75712	2.79392	3.72606	1.79407	0.481491	25.8022	0.125829	0.486511	0.310826	0.0174727
20077	0.196525	0.194095	3.48774	1.73608	0.497768	0.72161	2.72071	3.64032	1.81681	0.499078	23.1536	0.137857	0.498437	0.310069	0.0176969
20078	0.167073	0.18185	4.1756	1.76109	0.421757	0.781994	2.80685	3.77948	1.83734	0.486135	18.223	0.189064	0.452344	0.323851	0.0180231
20079	0.0769584	0.123673	3.84548	1.66582	0.433189	0.76678	2.81068	3.75202	1.70226	0.453692	15.1727	0.237927	0.443315	0.349035	0.0183829
20080	0.110092	0.111572	3.83788	1.80177	0.46947	0.754002	2.84857	3.88182	1.81463	0.467469	18.0675	0.20731	0.468464	0.34129	0.0185605
20081	0.100647	0.130488	4.05755	1.88998	0.465795	0.814709	2.81439	4.10514	1.96177	0.477882	14.1273	0.254943	0.471874	0.318693	0.0186343
20082	0.214756	0.146205	3.75414	1.91793	0.510884	0.793597	2.80974	4.09584	1.94098	0.47389	21.1738	0.167528	0.491582	0.314995	0.0185632
20083	0.123202	0.0780296	3.73301	1.94246	0.520347	0.850894	2.80499	3.74286	1.94187	0.51882	14.0431	0.264768	0.519582	0.323799	0.0185006
20084	0.0712699	0.0741223	3.91035	1.89885	0.485595	0.789942	2.82894	3.70512	1.77358	0.478684	14.6935	0.258245	0.482232	0.340753	0.018708
20085	0.0418166	0.0215481	3.74756	1.8257	0.487169	0.875439	2.79997	3.69672	1.72733	0.46726	11.1085	0.347463	0.477283	0.352098	0.0190014
20086	-0.057381	0.00648643	4.10775	2.00275	0.487554	0.825013	2.77398	3.90077	1.72804	0.442999	9.8367	0.389309	0.465852	0.339275	0.0193394
20087	0.0598744	0.0315795	4.15403	2.0666	0.497492	0.76268	2.79341	3.52091	1.68614	0.478893	15.4427	0.246968	0.48896	0.337045	0.0196452
20088	0.050222	0.104738	3.94077	1.98959	0.504874	0.778794	2.82967	4.11204	1.97626	0.480603	13.9884	0.265409	0.492481	0.318944	0.0198267
20089	0.185283	0.189336	4.12649	1.91257	0.463487	0.849794	2.82709	3.96602	1.86788	0.470971	15.7567	0.220787	0.467155	0.31523	0.0200692
20090	0.12928	0.153565	3.91227	1.83271	0.468453	0.879744	2.85015	4.09003	2.0395	0.49865	12.9112	0.281599	0.483887	0.319592	0.0203207
20091	0.175487	0.122618	3.83154	1.86991	0.488033	0.81013	2.82199	3.96164	1.96151	0.495125	18.0912	0.201386	0.491638	0.32235	0.0205043
20092	0.22197	0.201297	3.89183	1.89602	0.48718	0.775051	2.81309	4.19628	1.9989	0.476351	22.2998	0.152949	0.481562	0.304621	0.0209454
20093	0.121133	0.143432	4.12753	2.03323	0.492603	0.832654	2.76117	4.09077	1.86576	0.456091	13.5356	0.253131	0.474429	0.305363	0.0211968
20094	0.113631	0.141669	3.65963	1.75393	0.479263	0.839537	2.77258	3.7685	1.74211	0.462282	13.1357	0.26347	0.470648	0.331201	0.0215899
20095	0.150989	0.0993183	3.6696	1.90902	0.520224	0.799662	2.74012	4.07558	1.91505	0.469885	16.5737	0.210388	0.493735	0.313255	0.0216413
20096	0.188321	0.206641	3.69667	1.87463	0.507114	0.678362	2.73509	3.73076	2.05337	0.55039	26.6223	0.12007	0.528851	0.289315	0.0219708
20097	0.234755	0.200824	3.76858	1.82809	0.485086	0.677125	2.7446	3.99107	2.03047	0.508753	33.0664	0.0978452	0.497259	0.295506	0.0224435
20098	0.197365	0.176971	3.70278	1.87543	0.506491	0.731042	2.71464	3.71296	1.94882	0.524871	22.6106	0.142406	0.515694	0.296366	0.0227655
20099	0.220946	0.211561	3.91777	1.85677	0.473935	0.776284	2.77691	3.6895	1.72478	0.467482	21.3392	0.1542	0.470806	0.314881	0.0230344
20100	0.223275	0.290055	3.98495	1.85344	0.46511	0.720939	2.74181	3.80282	1.9385	0.509753	24.2707	0.123835	0.48691	0.283927	0.0234629
20101	0.327889	0.31348	4.14173	1.87763	0.453345	0.696324	2.71108	4.18076	2.06852	0.494771	42.348	0.0678721	0.474156	0.267058	0.0235464
20102	0.401226	0.367957	3.99538	2.04379	0.511539	0.708137	2.71637	4.08709	1.98735	0.48625	58.5494	0.0470971	0.498751	0.254953	0.0238762
20103	0.375083	0.38765	4.18522	1.93344	0.461969	0.687177	2.70197	3.75984	1.97626	0.525623	54.9888	0.0487013	0.492092	0.255208	0.0239292
20104	0.31318	0.351144	3.75463	1.968	0.524152	0.719841	2.77664	3.66891	1.85857	0.506571	35.5742	0.0826866	0.515463	0.277742	0.0243533
20105	0.386143	0.409447	3.82388	1.91633	0.501147	0.87524	2.81188	4.04382	1.97343	0.488011	24.1274	0.119608	0.494395	0.270679	0.0244134
20106	0.424625	0.3848	4.00896	1.95967	0.488821	0.857446	2.88129	3.5949	1.86973	0.520107	33.2693	0.0936672	0.503612	0.289312	0.0246583
20107	0.278656	0.303016	4.16172	2.09071	0.502366	0.855014	2.80503	4.00013	1.90505	0.476246	18.845	0.166094	0.489565	0.28154	0.0249181
20108	0.254638	0.307473	4.04587	2.10712	0.520808	0.711607	2.81265	3.95571	1.87382	0.473701	30.054	0.10441	0.49752	0.282804	0.0251696
20109	0.27036	0.27426	3.90101	2.107	0.540118	0.786901	2.75007	4.14007	1.94705	0.470294	22.9732	0.133408	0.504168	0.274407	0.0254408
20110	0.405756	0.357296	4.12256	2.10516	0.510644	0.799013	2.76996	3.64153	1.82686	0.501674	37.6393	0.0773256	0.506437	0.270225	0.0257726
20111	0.404725	0.388979	4.01688	2.11574	0.526712	0.879627	2.89348	3.75388	1.81749	0.484163	27.8121	0.112766	0.506157	0.285146	0.0256868
20112	0.427248	0.386271	4.15249	2.00441	0.482699	0.908299	2.8377	4.0817	1.98165	0.485496	25.9691	0.115705	0.484086	0.273835	0.026005
20113	0.338137	0.327196	3.90083	1.8751	0.480692	0.772027	2.75429	3.96688	1.90047	0.479083	31.2907	0.0941302	0.479881	0.280708	0.0261359
20114	0.37453	0.39657	4.27175	1.94285	0.454814	0.719929	2.78761	4.16369	1.98458	0.47664	47.9215	0.0596502	0.465587	0.266916	0.0264394
20115	0.388048	0.434238	3.54081	1.87969	0.530864	0.753268	2.84925	3.93598	1.9069	0.484478	43.7249	0.0666929	0.506445	0.278111	0.0268199
20116	0.419493	0.459421	4.08414	1.83224	0.448622	0.832222	2.82217	3.90376	1.82377	0.467184	32.7721	0.0851729	0.457694	0.276375	0.0269159
20117	0.58723	0.501663	3.92992	1.96454	0.499892	0.895573	2.80372	3.58371	1.89679	0.529281	55.7393	0.0475378	0.51391	0.255555	0.0272634
20118	0.517793	0.5478	3.81169	1.94178	0.509429	0.815399	2.81665	3.99494	1.86669	0.467263	58.1205	0.0442847	0.487851	0.252661	0.0273253
20119	0.557694	0.59939	4.15236	2.09091	0.503549	0.702443	2.77339	3.77868	1.85687	0.491406	225.572	0.0104761	0.497764	0.230443	0.0275153
20120	0.556855	0.545536	3.79144	1.91628	0.505421	0.825109	2.84681	3.7026	1.86265	0.503066	73.5943	0.0359802	0.504258	0.25955	0.0275142
20121	0.494295	0.572715	3.97847	1.92812	0.48464	0.862231	2.85436	4.24873	2.0134	0.473883	38.4548	0.0676886	0.479085	0.248324	0.0276127
20122	0.562942	0.617848	3.84088	1.89014	0.492111	0.859133	2.75267	4.01053	1.80928	0.451131	51.9495	0.0438644	0.471179	0.235556	0.0279221
20123	0.620885	0.616265	3.84342	1.85602	0.482909	0.809667	2.8052	3.93105	1.70234	0.43305	134.444	0.0178195	0.457699	0.251946	0.0282266
20124	0.604969	0.52654	3.70907	1.9379	0.522478	0.814918	2.75417	3.80617	1.88463	0.495151	112.579	0.0220394	0.508638	0.245117	0.0284621
20125	0.54417	0.577405	3.76388	1.85988	0.49414	0.747673	2.75931	4.06039	1.87745	0.462383	114.957	0.0207066	0.477659	0.241629	0.028727
20126	0.650165	0.555537	3.91697	1.93302	0.493498	0.771465	2.79794	3.68138	1.87774	0.510064	341.748	0.00735685	0.501524	0.248146	0.0293127
20127	0.489757	0.528145	3.93281	1.99345	0.506878	0.842432	2.85433	3.76004	1.96102	0.521543	43.5053	0.0621896	0.514045	0.254989	0.029646
20128	0.397278	0.50175	3.94654	2.01611	0.510854	0.973662	2.92567	4.04035	2.10324	0.520558	17.6854	0.166109	0.515763	0.262946	0.0302148
20129	0.456081	0.426417	4.15205	2.04937	0.49358	0.908852	2.91224	4.2457	2.10607	0.496047	30.1427	0.102501	0.494828	0.271108	0.0304215
20130	0.484375	0.385808	4.04688	1.9533	0.482667	0.995758	3.01859	4.03139	1.86878	0.463557	26.5055	0.130756	0.473131	0.31206	0.0307517
20131	0.33496	0.398846	4.18439	2.10379	0.502772	0.965142	2.99402	4.00843	1.9073	0.475822	16.9591	0.198565	0.489586	0.295765	0.0308466
20132	0.380436	0.38752	3.90448	1.92881	0.494001	1.02584	2.9908	3.8567	1.78439	0.462672	16.2694	0.208276	0.478433	0.313427	0.0308588
20133	0.324281	0.337619	3.89045	2.02179	0.51968	0.985054	3.0499	3.829	1.82717	0.477191	16.8486	0.21831	0.498605	0.323437	0.0308678
20134	0.255385	0.376293	3.82878	1.85909	0.485555	1.02058	3.06527	3.90229	1.82894	0.468683	12.3488	0.292764	0.477039	0.329033	0.0311813
20135	0.389804	0.411929	3.85681	1.8366	0.476196	1.12892	3.10481	3.81581	1.87535	0.491469	13.2742	0.273148	0.483792	0.328246	0.0315985
20136	0.432752	0.406679	3.97993	1.82869	0.459478	1.09053	3.0925	3.78491	1.96922	0.52028	16.6723	0.216337	0.489115	0.322071	0.0319207
20137	0.416476	0.376109	3.93667	1.9422	0.49336	1.09959	3.06745	3.95319	1.96439	0.496913	15.5221	0.233323	0.495141	0.316829	0.0320238
20138	0.314661	0.381671	3.92078	2.04834	0.52243	1.06634	3.04521	4.08352	1.93914	0.474869	12.5559	0.282513	0.498166	0.307967	0.0322634
20139	0.353009	0.39293	4.15115	1.88722	0.454625	1.0172	3.06637	3.9442	1.77081	0.448966	16.2016	0.220573	0.451868	0.328277	0.0323165
20140	0.383573	0.335167	3.809	1.94206	0.50986	0.964706	3.05792	3.62401	1.75366	0.483901	21.9516	0.168857	0.497204	0.334103	0.0323773
20141	0.324277	0.298152	3.74864	1.98976	0.530796	1.02643	3.05775	3.7751	1.6896	0.447565	15.4464	0.246511	0.489034	0.341107	0.0328154
20142	0.345073	0.319601	4.09565	2.02139	0.493546	1.0416	3.04673	3.68331	1.83724	0.4988	15.3295	0.242578	0.496034	0.32528	0.0332952
20143	0.232242	0.260456	4.33247	1.92721	0.44483	1.07875	3.07361	3.67991	1.84412	0.501133	11.0439	0.358292	0.470689	0.344206	0.0333586
20144	0.261787	0.247802	3.84824	2.00621	0.521332	1.20748	3.09201	3.70111	1.7426	0.470832	9.04525	0.447169	0.496574	0.35054	0.0335569
20145	0.143704	0.195569	4.03766	1.9934	0.493703	1.14326	3.07391	3.6355	1.78449	0.490852	8.29221	0.499557	0.492352	0.354222	0.0337395
20146	-0.0800486	-0.0574246	3.99367	1.96051	0.490903	0.934288	2.8638	3.92442	1.81601	0.462746	8.29402	0.51444	0.476948	0.3611	0.0339098
20147	0.00541575	0.0128423	4.19061	1.99618	0.476346	0.819601	2.85895	3.6967	1.84452	0.498964	12.2196	0.331449	0.486947	0.34535	0.0339725
20148	0.00355951	-0.0341545	4.03358	2.064	0.511704	0.834843	2.88381	3.72485	1.82437	0.489782	12.3214	0.345516	0.501179	0.353884	0.0342525
20149	0.102244	0.0232628	4.11277	1.93732	0.47105	0.99839	2.91727	3.89908	1.76893	0.45368	10.429	0.401539	0.462597	0.361114	0.0342774
20150	-0.00922619	-0.0744788	3.83695	1.88485	0.491237	0.853697	2.89886	3.99791	1.86843	0.467353	11.8726	0.372318	0.479049	0.370738	0.0344677
20151	-0.0490989	-0.0996985	3.65194	1.90648	0.522045	0.976007	2.94026	3.75869	1.7853	0.474979	8.79421	0.525421	0.498173	0.385038	0.0347836
20152	-0.0365962	-0.0900144	3.89614	1.94377	0.498897	0.979899	3.02758	3.75687	1.78732	0.475748	9.40649	0.516631	0.487533	0.394514	0.0348294
20153	-0.21634	-0.101409	3.96283	1.85466	0.468014	1.0868	3.07953	3.80921	1.78059	0.467444	5.95836	0.849092	0.467735	0.410447	0.0349893
20154	0.00217055	-0.0145664	4.19175	1.96252	0.468187	1.07554	3.0787	3.83076	1.9039	0.497004	8.30488	0.576066	0.481947	0.382331	0.0349503
20155	0.00845194	-0.0180767	3.72877	1.82189	0.488604	1.04844	3.06067	4.14568	2.03324	0.490447	8.7637	0.540791	0.489575	0.3808	0.0353379
20156	-0.021262	-0.0220854	3.93279	1.95298	0.496589	1.14612	3.09329	3.81439	1.89066	0.495666	7.12188	0.681392	0.496135	0.387101	0.0356237
20157	-0.0899392	-0.067604	4.14619	1.93509	0.466715	1.18974	3.12923	4.03238	2.03379	0.504366	6.24071	0.818795	0.485279	0.391751	0.0357374
20158	-0.189207	-0.146201	3.99288	1.81248	0.453928	1.19735	3.13993	3.80402	2.04749	0.538244	5.61688	0.961265	0.495065	0.411677	0.0360423
20159	-0.180013	-0.19251	4.28581	1.90079	0.443507	1.07565	3.14422	3.76869	1.87014	0.496231	7.06152	0.788342	0.468176	0.424792	0.0362899
20160	-0.301142	-0.219252	3.84857	1.92701	0.500708	1.16108	3.1804	3.7599	1.83698	0.488572	5.4056	1.06904	0.494711	0.434399	0.0366613
20161	-0.178507	-0.219554	4.0388	2.09872	0.51964	1.29883	3.25418	3.8724	1.85551	0.479163	5.52883	1.09127	0.499827	0.432878	0.0367902
20162	-0.230537	-0.195259	3.95658	2.1132	0.534098	1.22221	3.27734	3.8233	1.96605	0.514229	5.71383	1.05524	0.524334	0.425092	0.036732
20163	-0.115897	-0.159126	4.12213	2.07845	0.504218	1.19107	3.23382	4.38083	2.04928	0.467782	6.73947	0.85408	0.485446	0.41093	0.036901
20164	-0.145286	-0.0988381	4.15419	2.17338	0.523178	1.27179	3.26775	3.98967	1.99251	0.499417	5.6441	1.00405	0.511538	0.40494	0.0369977
20165	-0.0674744	-0.0927763	3.89375	1.99403	0.512111	1.28048	3.3002	3.89831	2.00597	0.514574	6.33598	0.908485	0.513343	0.418564	0.0371148
20166	-0.0944948	-0.102553	3.72896	1.96192	0.52613	1.2651	3.30381	4.28226	1.95501	0.456536	6.27714	0.924249	0.48893	0.425603	0.0374213
20167	-0.210143	-0.12913	3.9168	1.92562	0.49163	1.39225	3.3505	3.89956	1.93286	0.495661	4.71553	1.28382	0.493641	0.439741	0.0376656
20168	-0.280692	-0.230801	4.09173	2.11127	0.515984	1.30731	3.26122	4.05828	2.04376	0.503601	4.83564	1.26087	0.509818	0.423322	0.0375837
20169	-0.267428	-0.20489	3.94833	1.96435	0.497515	1.47686	3.33942	3.94116	2.13393	0.541446	4.12881	1.52128	0.519461	0.433969	0.0377893
20170	-0.289404	-0.284162	4.2284	2.06985	0.489513	1.34263	3.37344	3.86797	2.01495	0.520931	5.02269	1.33176	0.504523	0.450302	0.0379408
20171	-0.308833	-0.285075	3.6935	2.04971	0.55495	1.39231	3.36689	3.94865	2.02961	0.514002	4.60864	1.44694	0.533792	0.44987	0.0381951
20172	-0.257995	-0.27099	4.03772	2.02604	0.501778	1.39997	3.38152	3.98891	2.04657	0.513065	4.85322	1.37443	0.507387	0.450351	0.0384227
20173	-0.303746	-0.354232	3.71556	1.85103	0.498184	1.41393	3.39239	4.31338	2.04804	0.47481	4.75771	1.4752	0.485627	0.473819	0.0389285
20174	-0.276774	-0.327773	3.79328	2.00097	0.527503	1.34682	3.32314	4.2109	2.08255	0.494562	5.05647	1.31803	0.510173	0.449473	0.0394219
20175	-0.380406	-0.429523	4.34564	2.00242	0.460789	1.29383	3.30418	3.93158	1.82064	0.463081	4.97332	1.40153	0.461878	0.477005	0.0397615
20176	-0.442894	-0.416475	3.98805	1.99346	0.49986	1.2508	3.22667	3.91358	1.84577	0.471631	4.62684	1.4343	0.485878	0.463721	0.0395407
20177	-0.384505	-0.406494	3.89575	1.80361	0.462969	1.18022	3.21254	3.80666	1.82361	0.479056	5.34945	1.22419	0.470919	0.474561	0.0396045
20178	-0.445395	-0.4544	3.84697	1.83783	0.477733	1.27527	3.22146	3.97894	1.72323	0.433087	4.56376	1.48035	0.455034	0.486934	0.0398666
20179	-0.331565	-0.409432	3.7748	1.87769	0.497428	1.25187	3.2936	3.73057	1.83323	0.491408	5.46908	1.25364	0.494435	0.480318	0.0402717
20180	-0.385874	-0.393532	3.75511	1.91107	0.508925	1.4731	3.39015	3.60258	1.72284	0.478224	4.14268	1.7279	0.493893	0.496323	0.0406181
20181	-0.286501	-0.351515	3.78373	1.79204	0.473618	1.37433	3.32355	3.81338	1.94355	0.509666	4.89641	1.37919	0.491713	0.474882	0.0407899
20182	-0.333578	-0.386317	4.19961	2.0008	0.476426	1.31114	3.3496	3.99725	2.07069	0.51803	5.15951	1.35256	0.496715	0.461621	0.041038
20183	-0.369515	-0.362336	3.93496	1.97316	0.501443	1.33527	3.31576	4.17269	2.05853	0.493334	4.65486	1.45315	0.49727	0.456314	0.0415097
20184	-0.323091	-0.341371	3.92953	1.9744	0.502453	1.26589	3.30175	4.00937	1.93598	0.482863	5.25664	1.26243	0.49256	0.459154	0.0415281
20185	-0.273887	-0.320801	3.94542	1.89891	0.481295	1.24068	3.23126	4.44252	2.05255	0.462024	5.50025	1.14696	0.471088	0.444029	0.0417901
20186	-0.303165	-0.298884	3.90606	1.871	0.478998	1.32212	3.29176	3.50232	1.82325	0.520584	4.88073	1.32078	0.498658	0.466076	0.0421512
20187	-0.210856	-0.18459	3.78802	1.93078	0.509708	1.22063	3.2437	3.981	1.88561	0.473654	5.73564	1.02457	0.491233	0.435123	0.04218
20188	-0.257473	-0.239714	4.10943	1.90221	0.46289	1.21076	3.23524	3.75057	1.75663	0.468364	5.60156	1.07785	0.465502	0.452201	0.0423578
20189	-0.293073	-0.332895	4.05686	2.09339	0.516011	1.3165	3.33139	3.91881	1.931	0.49275	5.18268	1.29537	0.504582	0.454898	0.0424601
20190	-0.253215	-0.277142	3.99518	1.95034	0.488172	1.27291	3.28535	4.47979	1.95417	0.43622	5.44915	1.16453	0.46071	0.448433	0.0426796
20191	-0.349796	-0.341198	3.98603	2.0242	0.507825	1.23319	3.26265	4.15114	2.00218	0.482319	5.18298	1.25292	0.494813	0.446541	0.0426708
20192	-0.415839	-0.384989	3.89597	1.99896	0.513085	1.35493	3.27221	3.76912	1.94954	0.517239	4.26552	1.56782	0.515128	0.458661	0.0431826
20193	-0.446841	-0.450747	4.03595	1.97489	0.489324	1.1923	3.25657	3.77778	1.89961	0.502838	5.11549	1.34339	0.495858	0.470137	0.0434955
20194	-0.413628	-0.347321	4.09941	2.11174	0.515132	1.22501	3.1937	3.95941	1.96232	0.495608	4.66972	1.34257	0.50554	0.43497	0.0437276
20195	-0.296763	-0.311305	3.85205	1.94599	0.505183	1.22552	3.26539	3.95421	1.93633	0.489689	5.52046	1.15867	0.497334	0.451813	0.0438518
20196	-0.32989	-0.29882	3.88347	1.95952	0.50458	1.23984	3.24752	3.98172	1.86649	0.468766	5.10402	1.23203	0.486449	0.45121	0.0440915
20197	-0.236525	-0.243935	4.12073	2.04752	0.496882	1.19717	3.17915	3.75155	1.86474	0.497059	5.70062	1.02774	0.496966	0.428292	0.0445561
20198	-0.227297	-0.208961	4.02455	1.97945	0.491845	1.2086	3.18446	3.93186	1.87395	0.476608	5.58505	1.03091	0.484315	0.427741	0.0445461
20199	-0.275533	-0.297178	3.86606	1.97133	0.509906	1.21533	3.18718	3.61987	1.80397	0.498352	5.46223	1.11133	0.504319	0.445787	0.0450124
20200	-0.255826	-0.289059	3.90134	1.91952	0.492015	1.18291	3.20606	3.99302	1.85717	0.465103	5.90145	1.03499	0.478403	0.447221	0.0455156
20201	-0.310854	-0.288447	3.8177	1.9741	0.517092	1.18491	3.2465	3.96196	2.04246	0.515518	5.58522	1.11866	0.516291	0.437621	0.0459618
20202	-0.265263	-0.266175	3.67855	1.9819	0.538771	1.22621	3.25052	3.94524	2.09606	0.531287	5.5595	1.11225	0.534898	0.431349	0.0461262
20203	-0.276876	-0.322064	4.09764	1.99525	0.486927	1.34858	3.28734	4.28191	2.10609	0.491858	4.93082	1.32106	0.489446	0.442747	0.0462389
20204	-0.329456	-0.323599	4.02599	2.16313	0.537292	1.28186	3.28841	4.50183	2.00254	0.444827	5.02501	1.29817	0.48848	0.439266	0.0470357
20205	-0.33631	-0.281077	4.22526	2.19669	0.519896	1.20008	3.24253	3.95857	2.07498	0.524173	5.25985	1.18024	0.521965	0.420961	0.0473064
20206	-0.25765	-0.260653	3.98582	2.21648	0.556091	1.19655	3.21613	3.90199	1.93251	0.495262	5.71619	1.05735	0.526	0.421542	0.0475933
20207	-0.19688	-0.210323	4.15159	2.02902	0.488732	1.1561	3.20618	3.98596	2.03942	0.51165	6.37651	0.915272	0.499958	0.417798	0.0474708
20208	-0.176383	-0.1907	4.21668	2.02322	0.479814	1.21356	3.1376	4.11738	1.96172	0.476449	5.73388	0.965973	0.478151	0.410138	0.0475384
20209	-0.149337	-0.162228	4.17569	2.08124	0.498418	1.02492	3.02502	3.88344	1.98495	0.511134	7.36722	0.689441	0.504545	0.384572	0.0477036
20210	-0.0494596	-0.16728	3.90549	1.92562	0.493053	1.05637	3.05397	3.53808	1.87483	0.529899	8.4854	0.611429	0.510567	0.405796	0.0478065
20211	-0.135888	-0.193313	4.20935	2.00014	0.475167	1.05189	3.00141	3.91258	2.03138	0.519191	7.23434	0.705404	0.496375	0.387713	0.0481939
20212	-0.190398	-0.189701	4.39891	1.96598	0.446924	0.999901	2.97473	3.99912	2.08658	0.521759	7.06772	0.708406	0.48256	0.38197	0.0484048
20213	-0.200307	-0.244874	3.83915	2.01297	0.524326	1.00664	2.95759	3.91799	1.93649	0.494256	7.04031	0.72836	0.509138	0.39376	0.048611
20214	-0.312086	-0.252303	3.95192	2.01011	0.508642	0.982273	2.98913	3.74507	1.9768	0.527841	6.2714	0.837682	0.517984	0.397287	0.0490953
20215	-0.280077	-0.302452	4.10023	2.04895	0.499716	1.04938	3.0654	3.60649	1.93553	0.536679	6.41741	0.883723	0.517014	0.415894	0.0491179
20216	-0.334026	-0.290979	4.04707	1.92917	0.476684	1.05095	2.97532	4.15113	1.92345	0.463355	5.56198	0.959072	0.469935	0.409209	0.0490542
20217	-0.305624	-0.383338	3.77121	1.84504	0.489244	0.855691	2.97744	4.136	1.95872	0.473578	8.37491	0.674326	0.48105	0.426184	0.0493517
20218	-0.488545	-0.512543	3.95288	1.85756	0.469925	1.01913	2.96543	3.95242	1.88132	0.475992	5.32154	1.13654	0.472958	0.447277	0.0492429
20219	-0.426886	-0.438865	4.07744	1.97336	0.483969	1.14192	3.13395	3.57698	1.75782	0.491425	5.18662	1.23057	0.487453	0.461126	0.049478
20220	-0.480743	-0.478708	3.89539	1.90856	0.489954	1.03104	3.10558	3.69642	1.80499	0.488307	5.62113	1.14275	0.489152	0.463897	0.0495134
20221	-0.43145	-0.430021	3.86821	2.01169	0.520058	1.0308	3.05019	3.50837	1.70148	0.484977	5.66456	1.06909	0.503373	0.449301	0.0494974
20222	-0.468763	-0.451227	3.56775	1.79114	0.502035	1.06541	3.0278	4.08052	1.79128	0.438985	5.14241	1.17684	0.468396	0.458017	0.0493116
20223	-0.497612	-0.43336	3.89622	1.92434	0.493901	1.06484	3.06609	3.79166	1.79157	0.472502	5.01632	1.22063	0.483347	0.451848	0.0498921
20224	-0.384168	-0.421295	3.95358	1.9273	0.487482	1.09681	3.12932	4.08534	1.88518	0.461449	5.74792	1.09665	0.474252	0.452685	0.0502382
20225	-0.405292	-0.342836	3.89716	2.05164	0.526445	1.13073	3.09766	3.9301	1.94586	0.495116	5.01706	1.17967	0.510715	0.4255	0.0502752
20226	-0.307363	-0.340235	4.0719	2.12566	0.522031	0.957957	2.99123	3.74822	1.96196	0.523438	6.93218	0.800517	0.522705	0.404456	0.0506211
20227	-0.380152	-0.3938	3.89195	2.00879	0.51614	1.11539	3.08629	4.19792	1.94274	0.462786	5.41486	1.11832	0.488454	0.433944	0.0509113
20228	-0.516617	-0.450974	4.30546	2.09853	0.487412	1.09468	3.07816	4.07073	1.99623	0.490388	4.79718	1.29814	0.488858	0.432073	0.0513612
20229	-0.439616	-0.439427	3.83087	2.05185	0.535609	0.97414	2.98961	4.16331	2.01742	0.484571	5.88294	0.999353	0.509029	0.419531	0.0521343
20230	-0.515011	-0.45965	3.52226	1.90625	0.541201	0.891393	2.88237	3.70982	1.85482	0.499977	5.64673	0.988986	0.520054	0.426205	0.0522136
20231	-0.566633	-0.471469	4.20746	1.9296	0.458614	0.998714	2.95911	4.07693	1.9082	0.468049	4.80301	1.22516	0.463257	0.434077	0.0522311
20232	-0.569711	-0.531527	3.96686	1.92566	0.485438	0.994692	2.96276	4.0434	1.8854	0.466292	4.98908	1.22368	0.475773	0.444864	0.0523793
20233	-0.55024	-0.554463	4.05722	2.00765	0.494835	1.04385	3.00466	3.9205	1.86561	0.475861	4.98495	1.27056	0.48551	0.449952	0.0527867
20234	-0.502159	-0.539888	3.86971	2.01447	0.520574	0.915503	2.9352	3.76285	1.77732	0.472333	6.00878	1.00488	0.496791	0.443396	0.0529242
20235	-0.579148	-0.57283	3.93252	1.98476	0.504705	0.973346	2.9521	3.81653	1.76311	0.461966	5.15514	1.20512	0.483656	0.453321	0.0530082
20236	-0.538078	-0.553425	4.33719	2.2198	0.511807	1.00486	2.95735	3.85205	1.72555	0.447958	5.17739	1.19033	0.481774	0.438646	0.0535641
20237	-0.631736	-0.575413	4.20009	2.12956	0.507027	0.984501	2.914	3.69368	1.73368	0.469363	4.66117	1.30611	0.489403	0.440821	0.0540464
20238	-0.605349	-0.518472	4.12553	2.13516	0.517548	0.957047	2.89773	3.52312	1.71594	0.487051	4.78084	1.22054	0.5035	0.431166	0.0543058
20239	-0.516369	-0.514983	3.89878	2.01198	0.516055	0.889657	2.87608	3.75787	1.69618	0.451367	5.81679	0.988455	0.484306	0.436828	0.0545614
20240	-0.548544	-0.48689	3.89733	2.13751	0.548454	0.863341	2.85425	3.86548	1.94248	0.502519	5.60003	0.99671	0.525581	0.406304	0.0550969
20241	-0.468469	-0.48441	4.13029	2.00632	0.485756	0.879756	2.84768	3.60344	1.92692	0.534744	6.10813	0.908855	0.508581	0.413854	0.0552535
20242	-0.465345	-0.498337	4.0879	1.99641	0.488371	1.02459	2.93021	4.33026	2.04009	0.471124	5.29522	1.10996	0.479499	0.421432	0.055694
20243	-0.459254	-0.508026	3.99844	1.81825	0.454739	0.93788	2.96195	3.56175	1.94289	0.545487	6.16846	0.97599	0.497492	0.444672	0.0558952
20244	-0.40789	-0.436878	3.84292	1.80652	0.470091	0.942426	2.96557	3.68974	1.89219	0.512823	6.34908	0.911677	0.491023	0.439106	0.0557794
20245	-0.456578	-0.433513	3.8445	1.9441	0.505685	0.904007	2.94437	3.65855	2.00329	0.547564	6.16365	0.925596	0.526105	0.419616	0.0558519
20246	-0.317914	-0.377883	4.22592	2.05662	0.486668	0.956203	2.96725	3.89747	1.98867	0.510247	6.89301	0.811686	0.497981	0.408943	0.0559342
20247	-0.391686	-0.407333	3.80918	1.94953	0.511798	0.976605	2.98664	3.98168	1.92705	0.483979	6.15262	0.93611	0.497581	0.426353	0.0560322
20248	-0.404086	-0.393983	3.8037	1.93622	0.509036	0.881161	2.97101	4.07356	1.98748	0.487898	6.85482	0.82593	0.498105	0.419221	0.0562081
20249	-0.367254	-0.389449	4.06953	2.02375	0.497292	0.964357	2.9436	3.67089	1.79913	0.490108	6.2651	0.886593	0.493885	0.420913	0.056436
20250	-0.399052	-0.461673	4.05125	1.95672	0.482992	0.832692	2.77922	3.84171	1.84551	0.480388	6.92291	0.758596	0.481724	0.408617	0.0569592
20251	-0.529658	-0.508493	4.0032	1.98805	0.496615	0.823466	2.7597	3.84929	1.96943	0.511633	5.83366	0.915473	0.503977	0.403014	0.0572595
20252	-0.48645	-0.451391	3.82687	1.88018	0.491309	0.665242	2.69433	3.97003	1.89432	0.477156	7.46052	0.663196	0.484102	0.396045	0.0577155
20253	-0.49455	-0.477999	3.95382	1.88798	0.477508	0.749247	2.77733	3.89099	1.77342	0.455776	6.85003	0.773515	0.466729	0.419933	0.0577355
20254	-0.350332	-0.442878	4.02433	1.83619	0.456273	0.71273	2.76953	3.7017	1.69713	0.458474	9.13152	0.56505	0.457328	0.42214	0.0578516
20255	-0.479058	-0.479806	4.02501	1.98059	0.492072	0.746495	2.72061	3.7517	1.6471	0.439027	6.81942	0.75099	0.466482	0.413908	0.0579257
20256	-0.447908	-0.448734	3.97202	1.89292	0.476563	0.680487	2.69298	3.62838	1.73257	0.477506	7.75195	0.636637	0.477013	0.405103	0.0580994
20257	-0.393423	-0.438687	3.70606	1.78977	0.48293	0.699293	2.74727	3.65942	1.68868	0.461461	8.50091	0.597014	0.472263	0.421925	0.0581975
20258	-0.435534	-0.4453	3.86421	1.87049	0.484054	0.741053	2.76588	3.65435	1.90919	0.522443	7.44873	0.692178	0.502713	0.405607	0.0581409
20259	-0.365017	-0.389545	3.87831	1.99627	0.514726	0.813504	2.80505	3.58471	1.77084	0.493998	7.34777	0.694455	0.50477	0.403914	0.0585287
20260	-0.46236	-0.440381	3.98742	1.89101	0.474244	0.80088	2.74017	3.93736	1.96363	0.498718	6.33917	0.797887	0.486403	0.396286	0.0588358
20261	-0.426791	-0.455822	3.9466	1.85752	0.470664	0.650648	2.68194	3.69813	1.8911	0.511368	8.48114	0.580437	0.490355	0.396477	0.0590137
20262	-0.343336	-0.439588	3.89182	1.89934	0.488033	0.623328	2.70765	3.7855	1.70805	0.451209	10.6	0.467219	0.469876	0.407157	0.0592579
20263	-0.473046	-0.43929	4.02761	1.93901	0.481431	0.769803	2.76859	3.98398	1.72723	0.433544	6.66193	0.772337	0.457617	0.412476	0.0596004
20264	-0.360272	-0.394809	3.96314	1.97761	0.499	0.760998	2.76711	3.91808	1.81056	0.462105	7.95207	0.628623	0.480658	0.397637	0.0596413
20265	-0.445051	-0.369998	3.817	1.95364	0.511825	0.679997	2.7285	3.71644	1.80573	0.485876	7.5851	0.632866	0.499024	0.389787	0.0600525
20266	-0.300624	-0.328788	3.6145	1.86357	0.515582	0.696306	2.7431	3.70351	1.8212	0.491751	9.49473	0.496935	0.503522	0.390451	0.0601029
20267	-0.250034	-0.301719	3.99248	2.04454	0.512097	0.753102	2.78438	3.7381	1.77787	0.475607	9.46458	0.50314	0.494452	0.38394	0.0600439
20268	-0.445583	-0.39135	4.25165	2.22814	0.524065	0.762691	2.7706	3.87092	1.97296	0.509688	6.84826	0.729963	0.517213	0.373142	0.0603034
20269	-0.438746	-0.411647	4.51914	2.20118	0.48708	0.646078	2.64019	3.91358	2.01233	0.514192	7.91414	0.588421	0.499663	0.356037	0.0608716
20270	-0.40127	-0.368067	4.17092	2.25346	0.540278	0.615722	2.59523	4.14573	2.11095	0.509187	8.49015	0.517136	0.52478	0.334774	0.0611417
20271	-0.377289	-0.348016	3.87561	2.02685	0.522976	0.543382	2.56699	3.78526	1.8142	0.479279	10.0247	0.423817	0.501385	0.356223	0.0614815
20272	-0.325049	-0.313797	3.88281	1.96413	0.505853	0.535901	2.56767	3.8155	1.78349	0.467433	11.2014	0.370617	0.486811	0.356562	0.0617025
20273	-0.30761	-0.322374	4.10674	2.09087	0.509132	0.536499	2.53459	3.81719	1.83358	0.480349	11.4554	0.35626	0.495266	0.342201	0.062442
20274	-0.361213	-0.313552	4.10002	2.03802	0.497074	0.533447	2.47425	3.75121	1.73132	0.461536	9.70971	0.400209	0.480094	0.340248	0.0624653
20275	-0.357058	-0.35233	4.2125	2.18427	0.518522	0.45135	2.43185	3.65205	1.83692	0.502985	11.8613	0.326762	0.511307	0.325311	0.0628402
20276	-0.353115	-0.352831	3.98057	1.95222	0.490438	0.353557	2.39317	4.00055	1.79671	0.449115	15.0996	0.249693	0.469725	0.334707	0.0632467
20277	-0.292377	-0.301884	3.88581	1.93207	0.497212	0.410491	2.33707	3.5837	1.69727	0.47361	14.0967	0.247011	0.485888	0.324299	0.0631319
20278	-0.273459	-0.325346	3.72653	1.98301	0.532132	0.44967	2.4302	3.61099	1.76994	0.490153	14.5206	0.261458	0.511473	0.336015	0.0633398
20279	-0.358713	-0.306077	4.03817	2.04824	0.507219	0.46356	2.47312	3.86922	1.8308	0.47317	11.4237	0.338066	0.490558	0.332466	0.0633853
20280	-0.208966	-0.250062	4.02638	2.04493	0.507882	0.585079	2.47595	3.96907	1.80492	0.454747	11.7859	0.315254	0.481505	0.325601	0.0638434
20281	-0.234748	-0.24352	3.90992	2.11136	0.54	0.58026	2.51837	3.67576	1.74837	0.475649	11.4839	0.332119	0.508818	0.330802	0.0641899
20282	-0.21064	-0.183975	4.06524	2.10031	0.516651	0.514236	2.49985	3.91752	1.85013	0.47227	13.7082	0.262723	0.494871	0.313214	0.0643802
20283	-0.21226	-0.209843	4.13909	2.03925	0.49268	0.497113	2.51476	3.89909	1.91234	0.49046	14.7522	0.251605	0.491603	0.319675	0.0650512
20284	-0.175239	-0.2181	3.91993	1.89724	0.483999	0.49442	2.49822	4.15085	1.98294	0.47772	16.4533	0.224222	0.48077	0.322323	0.065265
20285	-0.205945	-0.284368	3.94787	1.86759	0.473062	0.436077	2.54977	3.80342	1.82475	0.479766	19.4868	0.206097	0.476351	0.352383	0.0655698
20286	-0.312997	-0.312951	3.77856	1.7962	0.475368	0.609668	2.58228	3.73017	1.76571	0.473361	9.84645	0.425655	0.474371	0.370526	0.0660282
20287	-0.274469	-0.287117	4.02785	1.99404	0.495063	0.535625	2.53199	3.77936	1.85189	0.49	12.1102	0.328126	0.492612	0.340747	0.0662749
20288	-0.309264	-0.275411	4.16521	2.04398	0.490728	0.617013	2.58028	3.92283	1.94746	0.496441	9.50473	0.428994	0.493499	0.338201	0.0665227
20289	-0.331594	-0.359444	4.36584	2.16773	0.496521	0.554696	2.58819	3.76055	1.89331	0.503466	11.061	0.392755	0.499735	0.348593	0.0670669
20290	-0.430641	-0.391886	4.20758	2.0731	0.492705	0.654525	2.59327	3.95337	1.9231	0.486445	7.56732	0.588793	0.489673	0.358052	0.0670625
20291	-0.356007	-0.320062	4.37717	1.9412	0.443483	0.628936	2.63005	3.54521	1.74817	0.493106	8.97132	0.485056	0.465689	0.371086	0.067101
20292	-0.245638	-0.249251	3.57535	1.71172	0.478757	0.60679	2.59064	3.97294	1.91789	0.482738	11.0991	0.363316	0.480852	0.357235	0.0675021
20293	-0.323163	-0.337821	3.72027	1.78201	0.479	0.56757	2.56995	4.08676	1.92093	0.470038	10.6567	0.396703	0.474309	0.363512	0.0677464
20294	-0.416379	-0.408334	4.04244	1.82779	0.452151	0.707801	2.65346	4.12388	1.99412	0.483554	7.4179	0.631889	0.468009	0.380237	0.0677654
20295	-0.33021	-0.353492	4.01844	1.80668	0.449596	0.640791	2.66943	3.97255	1.96368	0.494312	9.69201	0.471421	0.471825	0.377419	0.0678442
20296	-0.365543	-0.365736	4.08431	1.96729	0.481671	0.692169	2.67846	3.8352	1.76963	0.461418	8.28342	0.559378	0.471863	0.382823	0.06779
20297	-0.431912	-0.370835	3.71573	2.02477	0.544917	0.547971	2.55947	3.96497	1.85424	0.467654	8.94289	0.480085	0.505032	0.356369	0.0683532
20298	-0.333604	-0.365403	4.04142	2.15296	0.532723	0.569435	2.48145	3.75139	2.06985	0.551755	9.93843	0.40774	0.541885	0.324347	0.0685676
20299	-0.287669	-0.357373	3.97341	1.93035	0.485818	0.525148	2.52554	4.0816	2.05226	0.502808	12.5799	0.330336	0.494427	0.34296	0.068495
20300	-0.460383	-0.399657	3.72594	1.83133	0.491508	0.550249	2.57656	3.92732	1.93791	0.493445	8.67246	0.510688	0.492502	0.370199	0.0687468
20301	-0.399873	-0.319969	4.23131	2.00222	0.473192	0.54781	2.5565	4.013	1.90802	0.475459	9.21282	0.449051	0.474296	0.346091	0.0687009
20302	-0.231246	-0.214517	4.24566	1.99637	0.470215	0.498409	2.54082	3.86051	1.90491	0.493435	14.2598	0.266198	0.481273	0.327389	0.0688292
20303	-0.246032	-0.176317	3.95334	2.10494	0.532446	0.422174	2.49786	4.00256	1.93987	0.484658	16.0162	0.22325	0.508404	0.306625	0.06894
20304	-0.0594437	-0.10875	3.99993	1.93562	0.483915	0.518445	2.49614	3.72855	1.87802	0.503685	20.3185	0.166977	0.493453	0.307977	0.0691048
20305	-0.111285	-0.098444	3.92726	1.97689	0.503376	0.535147	2.53626	3.75782	1.83305	0.487796	16.6119	0.208937	0.495758	0.313058	0.0692219
20306	-0.093938	-0.126333	4.01811	1.99855	0.497385	0.479947	2.55126	3.76252	1.82531	0.48513	21.7691	0.164672	0.491459	0.31925	0.0693689
20307	-0.13127	-0.177579	4.07021	1.91415	0.470283	0.444001	2.52829	3.73069	1.78654	0.478877	22.1242	0.165468	0.474393	0.331043	0.0693925
20308	-0.18021	-0.20091	3.82074	1.95765	0.512375	0.60483	2.57795	3.76451	1.83658	0.487867	12.53	0.308143	0.500212	0.337335	0.069756
20309	-0.218814	-0.265004	3.67378	1.8196	0.495293	0.591837	2.58051	3.96126	1.85427	0.468102	12.3212	0.328577	0.481186	0.355362	0.069926
20310	-0.260666	-0.26732	3.90876	1.82222	0.46619	0.562292	2.55052	3.95862	1.85067	0.467505	11.724	0.33863	0.466851	0.350957	0.0703601
20311	-0.309967	-0.262237	3.80246	2.05326	0.539982	0.509718	2.47884	3.83549	1.76779	0.460902	11.1827	0.335941	0.500271	0.329683	0.0705503
20312	-0.236295	-0.251279	4.04204	2.0155	0.498634	0.575591	2.46438	4.06493	1.86506	0.458817	11.1882	0.329579	0.478669	0.322194	0.0714286
20313	-0.128037	-0.208431	3.632	1.93957	0.534022	0.391887	2.46228	3.59114	1.75668	0.48917	26.386	0.135161	0.511723	0.325541	0.0715589
20314	-0.173066	-0.178272	3.7057	1.88367	0.508318	0.352965	2.39712	4.03862	1.7852	0.442033	23.9697	0.138354	0.47375	0.311379	0.0717892
20315	-0.158207	-0.152259	4.09896	1.88204	0.459151	0.282412	2.33381	3.7758	1.87656	0.496996	31.8348	0.0970724	0.477297	0.291434	0.0718468
20316	-0.280533	-0.186988	4.20247	1.95345	0.464834	0.399411	2.38951	4.05888	1.93651	0.477104	14.3587	0.231162	0.470862	0.299154	0.071711
20317	-0.154758	-0.160356	3.71942	1.97232	0.530277	0.327064	2.35002	3.89701	1.96418	0.504023	27.1459	0.116076	0.516844	0.285932	0.071613
20318	-0.0947566	-0.131828	3.7751	1.9822	0.525071	0.384076	2.36998	3.82011	1.79278	0.4693	27.2985	0.114641	0.49702	0.293144	0.0715398
20319	-0.245432	-0.18448	3.8574	1.9234	0.498626	0.35135	2.35152	3.73996	1.75002	0.467926	18.0578	0.178074	0.483513	0.304546	0.0718969
20320	-0.155343	-0.155733	3.88639	1.82914	0.470653	0.3499	2.33902	3.64376	1.67403	0.459423	24.381	0.127635	0.465219	0.307659	0.0723951
20321	-0.0741823	-0.157012	4.12974	1.88939	0.457508	0.279684	2.27245	3.76487	1.78723	0.474713	47.1349	0.0626106	0.465713	0.286499	0.0724595
20322	-0.191067	-0.161381	3.98759	1.91391	0.479967	0.244689	2.26968	3.60759	1.83036	0.507365	31.1245	0.094942	0.492981	0.283053	0.0728872
20323	-0.111115	-0.148344	3.841	1.82901	0.47618	0.241919	2.19489	4.02979	1.95814	0.485917	44.0553	0.0623166	0.481165	0.266131	0.0732189
20324	-0.0602287	-0.0968776	4.22834	1.86701	0.441546	0.180613	2.20634	3.87898	1.83831	0.473915	91.4547	0.0290023	0.457033	0.263675	0.0737029
20325	-0.219434	-0.160071	3.77271	1.81273	0.480486	0.18097	2.20545	3.89009	1.8364	0.472072	34.9025	0.0801616	0.476214	0.277221	0.0738601
20326	-0.310807	-0.256522	3.75177	1.89559	0.505252	0.245867	2.23315	3.4362	1.78448	0.519317	20.0024	0.154943	0.511976	0.296416	0.0742785
20327	-0.247251	-0.225005	4.06675	2.04976	0.504029	0.345357	2.30539	3.7922	1.85318	0.488682	18.2324	0.175592	0.496624	0.290951	0.0744985
20328	-0.267814	-0.268659	3.99057	1.92635	0.482725	0.332089	2.32701	3.8392	1.82183	0.474535	18.7213	0.179942	0.478709	0.310159	0.0750407
20329	-0.34544	-0.290767	3.63727	1.88058	0.51703	0.251843	2.25389	4.04725	1.88004	0.464524	18.1509	0.178373	0.489376	0.301032	0.0751732
20330	-0.291108	-0.271046	3.80487	2.04486	0.537433	0.238739	2.28462	4.01164	1.99318	0.49685	23.2653	0.140369	0.516605	0.288039	0.0751469
20331	-0.175089	-0.189157	4.1411	2.03413	0.491205	0.195553	2.25639	3.85288	1.96969	0.511225	43.5353	0.0686878	0.500854	0.271999	0.0756755
20332	-0.123579	-0.160405	3.95389	2.04703	0.517725	0.304302	2.27865	4.04263	1.93059	0.477558	32.4934	0.0915411	0.497419	0.272246	0.075974
20333	-0.159453	-0.133517	3.98282	2.01649	0.506298	0.291463	2.3208	4.09873	1.95402	0.476739	29.6258	0.101663	0.491306	0.275081	0.076238
20334	-0.0653365	-0.13963	3.70722	1.8155	0.489721	0.427059	2.40756	3.84677	1.83927	0.478133	26.7605	0.121227	0.48382	0.307498	0.0766185
20335	-0.18485	-0.129441	3.76322	1.8914	0.502602	0.547662	2.52748	3.74953	1.77318	0.472907	13.1561	0.268287	0.487781	0.325156	0.0767126
20336	-0.0265368	-0.050421	3.96448	1.98131	0.499765	0.460085	2.52888	4.08721	1.8649	0.456277	28.0944	0.1184	0.477689	0.301988	0.0771436
20337	-0.0451421	-0.050606	3.66874	1.87632	0.511433	0.418481	2.45315	3.54297	1.76384	0.497842	29.1644	0.107473	0.504756	0.301064	0.0774933
20338	-0.0449286	-0.0631332	3.80759	1.84046	0.483365	0.56998	2.52206	4.00779	1.90336	0.474914	17.6752	0.189056	0.479031	0.308679	0.0774463
20339	0.00159	-0.0357676	4.15381	1.8922	0.455533	0.603463	2.57667	3.73525	1.86493	0.499279	18.84	0.181126	0.476245	0.312408	0.0773809
20340	-0.0115304	-0.0258186	3.71656	1.87293	0.503941	0.429816	2.5303	3.95359	1.87738	0.474853	33.5431	0.0973933	0.488948	0.303507	0.0773893
20341	0.00526742	-0.0303513	4.07826	1.97424	0.484089	0.586013	2.60812	4.07825	1.77338	0.434837	20.6411	0.168633	0.459463	0.317233	0.0779551
20342	-0.125498	-0.0788348	4.08951	2.12371	0.519306	0.7049	2.65079	3.88706	1.80615	0.464658	10.8052	0.34478	0.492675	0.321679	0.0778939
20343	-0.227591	-0.205843	4.21336	1.97997	0.469927	0.715608	2.63879	3.75717	1.93129	0.514026	9.09591	0.444812	0.490715	0.341013	0.0780579
20344	-0.219648	-0.208306	3.86887	2.00152	0.517339	0.577605	2.60595	3.92992	1.98145	0.504195	12.4605	0.317806	0.510716	0.332161	0.0784917
20345	-0.232098	-0.199385	4.06991	2.04353	0.502108	0.394016	2.49796	3.99046	1.96652	0.492806	18.5594	0.19601	0.497503	0.312155	0.0784571
20346	-0.217576	-0.23891	4.1354	1.87147	0.452548	0.525791	2.54198	3.93054	1.89865	0.48305	13.9946	0.276297	0.467412	0.339088	0.0785623
20347	-0.129713	-0.197763	3.68143	1.95269	0.530416	0.564574	2.55921	4.02129	1.86121	0.46284	15.7684	0.241017	0.495137	0.33266	0.0786427
20348	-0.097819	-0.133389	3.46301	1.72825	0.499061	0.642368	2.60154	4.17413	1.91935	0.459821	13.6524	0.273938	0.477614	0.339022	0.0788833
20349	-0.0437183	-0.132153	3.77762	1.78805	0.473327	0.742002	2.69712	3.78241	1.93437	0.511413	12.9662	0.308678	0.492382	0.349753	0.079332
20350	-0.170387	-0.169961	3.66168	1.88404	0.51453	0.795493	2.75454	4.07699	2.02599	0.496932	9.16765	0.466462	0.505259	0.353637	0.0796034
20351	-0.246403	-0.264754	3.74168	1.92891	0.515521	0.762356	2.84663	4.00993	1.94279	0.484494	9.51334	0.508798	0.49947	0.38477	0.0798756
20352	-0.247574	-0.24177	3.50933	1.77884	0.506888	0.799725	2.853	3.84907	2.07656	0.539498	8.73206	0.548417	0.523946	0.383235	0.0798765
20353	-0.172109	-0.15312	3.52753	1.76886	0.501444	0.83311	2.84933	4.06126	2.01002	0.494924	8.92133	0.505233	0.497955	0.373703	0.0799168
20354	-0.10189	-0.152743	3.7407	1.78819	0.478036	0.848263	2.85125	4.14105	1.84023	0.444387	9.99561	0.451395	0.460357	0.383502	0.0796577
20355	-0.169951	-0.138514	3.6724	1.84707	0.50296	0.84077	2.87774	3.97188	1.92468	0.484577	8.90583	0.510778	0.493408	0.376296	0.0797452
20356	-0.0934415	-0.0786602	4.14667	1.92966	0.465352	0.851103	2.80343	3.94036	1.92977	0.489745	9.31046	0.446082	0.477237	0.349945	0.0802644
20357	-0.0320016	-0.0288136	4.05205	1.89061	0.466582	0.831075	2.80351	3.73554	2.04951	0.548651	10.7693	0.372451	0.505949	0.337421	0.0799826
20358	-0.0536544	-0.0720147	3.65056	1.90949	0.523066	0.734929	2.7871	3.90326	1.94585	0.49852	13.1453	0.310932	0.510383	0.346553	0.0803557
20359	-0.0494328	-0.0628055	4.13135	1.93072	0.467335	0.814604	2.72576	3.63246	1.83714	0.505756	10.4159	0.37328	0.485311	0.340459	0.0807157
20360	0.0213928	-0.0116654	3.8253	1.97714	0.516858	0.80352	2.77214	3.71799	1.97093	0.530106	12.6684	0.305862	0.523388	0.329294	0.0809609
20361	0.0217982	0.00309687	4.08753	1.94836	0.476659	0.878793	2.87139	3.63997	1.92068	0.527665	11.2019	0.36722	0.500685	0.347201	0.0812995
20362	0.0294765	0.0404817	3.81425	1.93069	0.506178	0.953767	2.96472	4.10031	1.99282	0.486017	10.0094	0.427156	0.495733	0.352809	0.0809553
20363	0.0523556	0.0342503	3.96951	1.93228	0.486781	0.962819	2.96086	3.86414	1.95164	0.505065	10.3325	0.414472	0.4958	0.355499	0.0811625
20364	-0.00272852	-0.00506112	3.80878	2.02464	0.531571	1.04122	2.95587	4.41343	2.07881	0.471019	8.04452	0.544912	0.499069	0.348278	0.0814082
20365	-0.0380213	-0.019487	4.07797	2.04027	0.500316	0.899324	3.0042	4.00597	1.86168	0.464728	10.4058	0.439308	0.48268	0.369511	0.0818259
20366	0.0032697	0.0065755	3.9358	2.04645	0.519957	0.90512	2.9817	3.9991	1.75179	0.438046	10.8828	0.406667	0.478675	0.368244	0.0819712
20367	-0.0127618	-0.0683003	3.84304	1.84743	0.48072	1.00147	2.99287	3.76549	1.67882	0.445843	9.10966	0.514333	0.463459	0.399289	0.0819056
20368	-0.118222	-0.0686992	3.89937	1.78802	0.45854	0.962994	2.9753	3.9729	1.75668	0.442166	7.92621	0.584514	0.450276	0.395345	0.082443
20369	-0.0643714	-0.0387787	3.84464	1.81535	0.472176	0.945979	2.94894	4.00822	1.91534	0.477852	8.7445	0.510404	0.475073	0.374404	0.0824492
20370	-0.087026	-0.0463378	3.81641	1.90322	0.498695	0.970521	2.87524	3.81177	1.81982	0.477421	7.63195	0.559202	0.488064	0.364453	0.0825365
20371	-0.0549836	-0.00689644	3.558	1.82197	0.512077	0.830765	2.87322	3.70527	1.83393	0.494952	10.573	0.392275	0.503341	0.36205	0.0829528
20372	0.0232463	0.0160805	3.94349	1.97382	0.500526	0.842838	2.90858	3.68579	1.6164	0.438548	12.4552	0.335865	0.470584	0.368243	0.0831289
20373	0.0693944	0.0151241	4.11705	1.9572	0.475389	0.889431	2.93429	3.75649	1.78013	0.473881	12.6722	0.33623	0.47467	0.363184	0.0833144
20374	0.0303481	0.0366126	3.32982	1.74916	0.525302	0.988028	2.95256	3.87496	1.76813	0.456296	9.27082	0.458576	0.488188	0.376813	0.0835423
20375	0.0972657	-0.00183892	4.06525	1.82358	0.448578	1.07431	3.00283	4.0182	1.92384	0.478781	9.45723	0.47731	0.463591	0.376009	0.0840324
20376	0.0164145	0.0115428	3.85159	1.87373	0.486482	0.993111	3.05422	4.23284	1.95848	0.462687	9.70493	0.476968	0.474023	0.376657	0.0844525
20377	-0.100877	0.0058553	4.12884	1.98836	0.481579	1.12219	3.06507	4.33997	2.05374	0.473216	6.25631	0.747948	0.477293	0.366736	0.0846622
20378	-0.0269006	-0.024976	4.01033	1.95236	0.486832	1.06803	3.06411	4.01133	2.05094	0.511287	7.95959	0.599432	0.499061	0.373516	0.0848115
20379	0.0576511	0.0168272	3.84987	1.79561	0.466409	1.04512	3.02026	3.95276	1.94563	0.49222	9.25099	0.487547	0.479485	0.376201	0.085497
20380	0.0789936	0.059071	3.84329	1.92006	0.499588	0.964364	2.96605	3.73371	1.9939	0.534026	10.7804	0.391941	0.516558	0.350666	0.0853524
20381	-0.0729152	-0.0354408	3.9684	1.94253	0.489499	0.92654	2.96728	4.3326	1.99597	0.460687	9.02615	0.499455	0.474461	0.364113	0.0852699
20382	-0.0318333	-0.081701	3.98376	1.98659	0.498671	1.08963	2.99797	4.2266	2.03441	0.481335	7.54124	0.628835	0.489747	0.371059	0.0854549
20383	0.00024059	0.0036641	3.57806	1.89118	0.528549	0.924383	2.96946	3.81361	1.86908	0.490109	10.2993	0.427019	0.508716	0.369121	0.0855512
20384	-0.129095	-0.0790662	3.8948	1.877	0.481925	0.904001	2.95024	3.8574	1.86502	0.483492	8.59816	0.533644	0.482704	0.380188	0.0857331
20385	-0.131886	-0.0788171	3.99958	1.85478	0.463744	0.975719	2.96565	3.92132	1.96468	0.501026	7.55532	0.613395	0.482201	0.377717	0.0861623
20386	-0.076587	-0.100375	3.82818	1.90813	0.498444	1.02509	2.97014	3.78211	1.9162	0.50665	7.76803	0.60685	0.502522	0.381429	0.0863901
20387	-0.117032	-0.0987107	4.14232	1.9202	0.463557	0.939006	2.92084	4.23609	2.02941	0.479077	8.17572	0.557608	0.471404	0.366051	0.0865626
20388	-0.103514	-0.111158	3.93166	1.87928	0.477986	0.872341	2.90628	3.84553	1.84753	0.480436	9.56105	0.476147	0.479197	0.379297	0.0865705
20389	-0.115395	-0.114623	4.02133	1.89264	0.47065	0.91635	2.93925	4.03519	1.8465	0.457599	8.76105	0.532249	0.464113	0.384183	0.0867221
20390	-0.130767	-0.0723602	4.13237	1.98316	0.479909	0.9474	2.89562	3.65373	1.79595	0.49154	7.57791	0.581222	0.485367	0.368299	0.0867154
20391	-0.0891995	-0.110159	3.92599	1.72965	0.440564	0.921078	2.94238	3.76112	1.834	0.487622	9.12934	0.51033	0.463588	0.395408	0.0867312
20392	-0.0990493	-0.0997872	3.92293	1.94553	0.495939	0.916281	2.94073	4.10492	1.84953	0.450564	8.96769	0.515448	0.472737	0.378613	0.0868264
20393	-0.0265764	-0.0108506	3.80591	1.92496	0.505782	0.918392	2.92714	3.84893	1.82679	0.474624	9.66643	0.446482	0.490115	0.365269	0.0872487
20394	0.048277	-0.0510679	4.04159	1.81373	0.448765	0.876926	2.95465	3.85612	1.88514	0.488869	13.1569	0.34333	0.468346	0.379237	0.0877044
20395	-0.0278987	-0.0147665	3.64671	1.81658	0.498141	1.01055	2.98536	3.95151	1.88579	0.477233	8.34654	0.53919	0.487268	0.378138	0.0879459
20396	0.0110334	0.0395983	3.56367	1.86965	0.524641	1.04708	3.04291	3.81551	1.91342	0.501484	8.40315	0.536696	0.512667	0.373578	0.0883739
20397	9.46888e-05	0.00608341	4.14915	1.91937	0.462593	0.926542	2.962	3.66162	1.84902	0.504972	10.1799	0.429152	0.48246	0.367067	0.0884512
20398	-0.0787042	0.00243444	3.86659	1.82271	0.471399	0.94393	2.99851	3.63882	1.85805	0.510619	8.58349	0.522891	0.490414	0.378879	0.0884779
20399	-0.059079	-0.0691475	4.14601	1.91896	0.462845	0.971094	2.98768	3.53668	1.81556	0.51335	8.80484	0.530629	0.486095	0.384934	0.088205
20400	-0.127607	-0.118311	3.90713	1.85117	0.473792	1.05604	3.04237	3.92119	1.92637	0.491273	7.13041	0.700514	0.482548	0.398123	0.0884577
20401	-0.258429	-0.12531	3.86457	1.74974	0.452766	0.995705	3.03723	3.71438	1.7709	0.47677	6.35893	0.786426	0.46453	0.415399	0.0880766
20402	-0.204858	-0.188238	3.9639	1.86194	0.469724	0.958816	3.05165	3.80586	1.78458	0.468902	7.75169	0.677069	0.469321	0.418608	0.0881706
20403	-0.247938	-0.179956	3.90345	1.82456	0.467423	0.924461	2.95647	3.73716	1.85733	0.496991	7.1568	0.68726	0.481885	0.400579	0.0881211
20404	-0.179956	-0.127296	3.78872	1.92142	0.507142	0.922868	2.89237	3.92647	1.85325	0.47199	7.49734	0.60811	0.489252	0.376645	0.0882919
20405	-0.0622174	-0.0871903	4.24551	1.96327	0.462434	0.840275	2.87828	4.29485	2.0878	0.486117	10.7969	0.407247	0.474344	0.351899	0.0885499
20406	-0.148042	-0.121195	3.94863	2.10678	0.533545	0.811556	2.85956	4.0685	2.04414	0.50243	9.64882	0.460415	0.517755	0.348698	0.0885797
20407	-0.109971	-0.102161	4.14685	2.10058	0.506548	0.740089	2.75342	4.10991	2.05571	0.500185	11.2847	0.361301	0.50338	0.329187	0.0892348
20408	-0.0372791	-0.0803671	3.76989	1.91605	0.508251	0.716744	2.76551	3.98354	1.95667	0.491188	14.245	0.284276	0.499485	0.343439	0.0892974
20409	-0.0101301	-0.0311636	3.93202	1.77438	0.451264	0.701399	2.67477	3.6972	1.91772	0.518697	14.4627	0.253137	0.483942	0.33157	0.0891387
20410	0.079079	0.0239873	3.89301	1.86688	0.479546	0.690472	2.67397	4.16147	1.94743	0.467966	18.7865	0.1869	0.473563	0.315302	0.0892915
20411	-0.064098	0.0240367	4.25928	1.96574	0.461518	0.680658	2.67901	3.71808	1.95397	0.525533	12.7085	0.277331	0.491354	0.310252	0.0891839
20412	0.0357338	0.0998811	4.1571	1.88452	0.453326	0.636491	2.66456	4.16138	2.06965	0.497348	18.2251	0.180455	0.475348	0.293821	0.089231
20413	0.133118	0.11828	3.82932	1.88534	0.492342	0.786415	2.74992	3.95989	1.92594	0.486362	16.2267	0.213399	0.489302	0.312482	0.0896299
20414	0.178565	0.187321	4.0005	2.02886	0.507152	0.706949	2.7525	3.90396	2.02349	0.518318	23.5687	0.139595	0.512667	0.288838	0.089704
20415	0.186348	0.186032	3.77024	1.94638	0.51625	0.706102	2.76282	3.88528	1.98709	0.511441	24.5788	0.135072	0.513809	0.296874	0.0903413
20416	0.238428	0.225959	4.08823	1.93319	0.472868	0.778441	2.79135	3.70516	1.96815	0.531192	22.5682	0.145807	0.500597	0.296735	0.0910535
20417	0.153152	0.183681	3.8534	1.95926	0.508449	0.826386	2.79707	4.04937	2.11485	0.522266	15.0687	0.226622	0.515529	0.295431	0.0910696
20418	0.152445	0.151983	3.74169	1.87755	0.501792	0.80354	2.86832	4.09782	2.11553	0.516258	17.4052	0.211963	0.509354	0.316093	0.0912629
20419	0.224369	0.194096	4.10857	2.04949	0.498833	0.867964	2.8874	4.08304	2.06825	0.506547	17.5124	0.207107	0.502678	0.305857	0.0917625
20420	0.123972	0.156198	4.08347	1.87719	0.459703	0.955444	2.9113	3.74179	2.06869	0.55286	10.9795	0.345673	0.504248	0.324854	0.0918293
20421	0.234973	0.223641	3.98577	2.02541	0.508161	0.918844	2.89698	4.10537	2.10491	0.51272	15.2812	0.23384	0.510474	0.302062	0.0919882
20422	0.238144	0.178029	3.98658	1.96396	0.492643	0.97138	2.94652	3.86318	1.87848	0.486253	14.2561	0.268818	0.489498	0.332856	0.0918129
20423	0.111004	0.118663	4.05312	1.91022	0.471296	0.944829	2.94156	4.31618	2.03012	0.470352	11.4615	0.347632	0.470809	0.335919	0.0921498
20424	0.215132	0.18462	3.94244	2.05006	0.519998	1.15622	3.05463	4.45927	2.19687	0.492651	9.30057	0.442822	0.505484	0.326654	0.0923698
20425	0.101779	0.128499	3.95067	2.11363	0.535006	1.18884	3.079	3.98802	2.06905	0.518818	7.36694	0.590846	0.526874	0.342359	0.092507
20426	0.0547854	0.11662	4.38089	2.19503	0.501048	1.07155	3.06754	4.15414	1.96795	0.473733	8.42317	0.516902	0.487753	0.343487	0.0928219
20427	0.113279	0.0399998	4.03706	2.05116	0.508081	1.04397	3.06374	4.09556	1.83277	0.447502	10.5554	0.433096	0.477574	0.370599	0.0935087
20428	0.0952989	0.124432	3.87934	1.90552	0.491198	1.00787	3.02338	3.77922	1.98145	0.524301	10.0913	0.416396	0.507533	0.350982	0.0932379
20429	0.239498	0.168713	3.91715	1.86666	0.476536	1.08413	3.06999	3.74575	1.88507	0.503256	11.799	0.356701	0.489597	0.35946	0.0935101
20430	0.139832	0.185535	3.91991	1.87021	0.477105	0.945824	2.99044	4.07811	2.05226	0.503238	12.1109	0.324811	0.49043	0.334084	0.0938965
20431	0.246469	0.178108	3.76212	1.94677	0.517466	1.03987	3.06591	3.73125	1.9554	0.524061	13.2479	0.314746	0.52075	0.348343	0.0939691
20432	0.098498	0.124948	3.85665	1.93744	0.502365	0.928861	3.037	3.60737	1.87337	0.519319	12.2988	0.344751	0.510559	0.357571	0.0939396
20433	0.116323	0.135717	4.16061	2.00346	0.481529	0.933404	3.02893	3.45912	1.7974	0.519612	12.538	0.333811	0.498817	0.355194	0.0939182
20434	0.109131	0.0600895	3.71084	1.94777	0.524886	0.97203	2.99021	3.78573	1.72799	0.456448	11.5306	0.372297	0.490325	0.368777	0.0940697
20435	0.0495127	0.0277449	4.13321	1.7926	0.433705	1.00169	3.05447	3.63491	1.77993	0.489675	10.1043	0.453323	0.459895	0.390763	0.0946223
20436	0.113547	0.0471981	3.91323	1.96944	0.503277	1.11725	3.08574	3.76045	1.85462	0.493191	9.16478	0.503706	0.498334	0.376518	0.0947926
20437	-0.13732	-0.0713316	3.9105	1.86283	0.476366	1.14415	3.05088	3.88549	1.98516	0.510916	5.93613	0.821088	0.493585	0.387873	0.0950058
20438	0.0280873	-0.00386036	4.00998	1.77564	0.442805	0.969871	3.00459	4.11568	2.0082	0.487939	10.2043	0.443479	0.465666	0.37433	0.0951635
20439	0.0173993	0.0285621	3.9153	1.68871	0.43131	1.01741	3.0446	3.87558	1.93658	0.499689	9.09633	0.50001	0.465325	0.385602	0.0953837
20440	-0.0804073	-0.0530902	3.62267	1.77789	0.490768	1.02728	2.97493	3.63851	1.86328	0.5121	7.47273	0.613489	0.501458	0.386444	0.095737
20441	-0.0678557	-0.0375193	3.97639	1.82903	0.459972	1.06374	2.97582	4.05774	2.12621	0.523988	7.09117	0.640249	0.492304	0.364767	0.0961811
20442	-0.135652	-0.146784	3.75986	1.95935	0.521123	0.895277	2.97199	3.84816	1.937	0.503356	9.15185	0.531408	0.512136	0.38439	0.0968676
20443	-0.178612	-0.172835	4.02815	2.02067	0.501637	1.01464	2.967	3.94615	1.89501	0.480217	6.92392	0.711922	0.491037	0.386407	0.0965381
20444	-0.144659	-0.173382	3.84485	1.93769	0.503971	1.00766	2.97288	3.73448	1.89077	0.506301	7.45499	0.663916	0.505119	0.392736	0.0970912
20445	-0.11585	-0.167857	3.82606	1.91355	0.500137	0.960275	2.9148	3.89453	1.90735	0.489751	8.20588	0.579023	0.494898	0.383505	0.0971813
20446	-0.195351	-0.205786	4.11091	1.96276	0.477451	0.98824	2.99226	3.7047	1.78494	0.481805	7.30072	0.700444	0.479515	0.405679	0.0972347
20447	-0.0698322	-0.113313	3.86197	1.89419	0.490471	0.864514	2.9246	3.70446	1.75054	0.47255	10.5714	0.436501	0.481697	0.38776	0.0975444
20448	-0.0580682	-0.13994	3.71665	1.8054	0.48576	1.01611	2.9558	3.95856	1.95953	0.49501	8.30571	0.576929	0.49053	0.389012	0.098155
20449	-0.190241	-0.155721	3.83126	1.84352	0.481179	0.931281	2.92645	3.69355	1.99931	0.541298	7.55263	0.628906	0.510688	0.382079	0.0982121
20450	-0.130916	-0.199229	4.09526	2.00174	0.488796	0.898536	2.96406	3.70532	1.92211	0.518742	9.44202	0.529885	0.503021	0.389445	0.0985595
20451	-0.123015	-0.159242	3.73105	1.93871	0.519616	0.909545	2.93681	3.94901	1.82814	0.462937	8.99056	0.53309	0.490472	0.388938	0.0987445
20452	-0.207332	-0.184646	3.95946	1.95938	0.494861	0.842516	2.89602	3.59972	1.77152	0.492128	8.61066	0.551091	0.493559	0.388849	0.0987486
20453	-0.218621	-0.217403	3.91308	2.17163	0.554967	0.935673	2.91893	3.9123	1.8426	0.470975	7.38263	0.666198	0.512975	0.380004	0.0994527
20454	-0.203273	-0.208298	3.9519	1.86784	0.472645	0.847237	2.80097	4.04642	1.87754	0.463999	8.20584	0.551785	0.468271	0.376855	0.0993871
20455	-0.184601	-0.204087	3.84614	1.93294	0.502567	0.918546	2.83855	3.86178	1.97075	0.510323	7.60734	0.608466	0.506453	0.372321	0.0995955
20456	-0.115184	-0.160113	4.25005	1.94155	0.456831	0.844656	2.79141	3.77873	1.86016	0.492271	9.45573	0.460646	0.473511	0.364334	0.100042
20457	-0.154603	-0.168607	3.61527	1.98877	0.550101	0.849974	2.81931	3.88937	1.85219	0.476218	8.84646	0.504588	0.511811	0.367638	0.100573
20458	-0.104085	-0.192772	4.16822	2.09957	0.50371	0.863361	2.81528	3.71547	1.74449	0.469521	9.66753	0.467976	0.487597	0.370577	0.100832
20459	-0.0924549	-0.18213	4.07249	1.99954	0.490987	0.850765	2.86365	3.73692	1.70993	0.457578	10.4273	0.444832	0.475	0.384813	0.100951
20460	-0.184502	-0.122892	4.03704	2.0408	0.50552	0.882745	2.84249	3.8473	1.73186	0.45015	7.72025	0.569508	0.478501	0.368289	0.101198
20461	-0.149952	-0.167726	3.86881	1.91244	0.494323	0.833841	2.85178	3.86633	1.87422	0.484755	9.42026	0.483924	0.489541	0.375874	0.101371
20462	-0.0707462	-0.125534	4.1641	1.93297	0.464198	0.825456	2.84194	3.77092	1.90248	0.504515	10.9638	0.40159	0.483357	0.364784	0.101735
20463	-0.228688	-0.151484	3.89219	1.8734	0.481322	0.831899	2.82781	3.82255	1.92122	0.502602	7.89104	0.562422	0.491866	0.369118	0.101927
20464	-0.0967249	-0.145804	3.84324	1.82691	0.475356	0.842321	2.77596	4.0059	1.90698	0.476043	9.68092	0.440904	0.475706	0.36381	0.102292
20465	-0.0878951	-0.147986	3.74242	1.81736	0.485611	0.673472	2.75085	3.9202	1.82989	0.466786	14.4964	0.28984	0.47598	0.365598	0.102409
20466	-0.0847656	-0.148722	3.60177	1.79364	0.497987	0.793204	2.75955	3.93666	1.72926	0.439271	10.9727	0.385415	0.467325	0.375203	0.102465
20467	-0.0993053	-0.0771852	3.71201	1.96508	0.529386	0.759954	2.74781	3.82208	1.80677	0.472718	10.8091	0.369163	0.500638	0.346073	0.102669
20468	-0.227919	-0.153286	4.0586	1.95583	0.481898	0.775594	2.77096	3.83237	1.68737	0.440294	8.49147	0.503519	0.461692	0.369915	0.102676
20469	-0.14271	-0.129667	4.03899	1.9986	0.494827	0.780744	2.77486	3.78954	1.77253	0.467743	9.89285	0.426383	0.481716	0.358788	0.10337
20470	-0.18313	-0.122225	3.86327	1.86005	0.481471	0.919966	2.8398	3.68082	1.90515	0.517588	7.21026	0.60841	0.499093	0.368223	0.103272
20471	-0.127345	-0.0557784	4.00055	1.82009	0.454959	0.838003	2.89849	4.03626	1.94523	0.48194	9.36553	0.465949	0.468509	0.366997	0.103536
20472	0.047541	0.00848301	3.82892	1.85273	0.483878	0.933383	2.9654	4.16109	1.97815	0.475393	11.142	0.392358	0.479459	0.36341	0.103737
20473	-0.0561707	-0.0161696	3.70948	1.93728	0.522251	0.902734	2.94381	3.9535	1.76463	0.446346	9.52854	0.459749	0.48309	0.371853	0.103993
20474	-0.0746694	-0.0331807	4.13844	2.107	0.509129	1.00465	3.00451	3.71635	1.76632	0.475283	7.92121	0.58246	0.493116	0.373388	0.103826
20475	0.226371	0.202272	4.12877	1.89459	0.458874	1.19946	3.22204	3.9795	1.84512	0.463656	9.63035	0.473452	0.461221	0.378848	0.104464
20476	0.295117	0.185671	3.90051	1.87993	0.481971	1.04407	3.16301	3.95285	1.91579	0.484661	15.8034	0.280464	0.483325	0.368744	0.105011
20477	0.129009	0.163534	3.87467	1.98029	0.511086	1.23033	3.17152	3.83744	1.88526	0.491281	7.45977	0.60645	0.501232	0.369268	0.10534
20478	0.16334	0.182585	3.75489	1.81345	0.482956	1.20647	3.14964	3.89965	1.95734	0.501927	8.09055	0.544057	0.492621	0.368668	0.105429
20479	0.232695	0.291467	3.8533	1.7073	0.443074	0.999802	3.06893	3.74039	1.81766	0.485956	13.1094	0.294227	0.464196	0.353751	0.105736
20480	0.374044	0.297776	3.79778	1.91359	0.503871	0.97484	3.02614	3.78023	1.96052	0.518625	20.623	0.180478	0.511231	0.324601	0.105966
20481	0.418325	0.326592	3.85349	1.87132	0.485618	1.01472	3.02175	4.05974	1.92914	0.475189	20.4224	0.177842	0.480268	0.323441	0.106535
20482	0.35934	0.381305	3.83571	1.75367	0.457195	1.05232	3.05126	4.22792	2.00516	0.474266	14.8445	0.240112	0.466146	0.321742	0.106817
20483	0.33374	0.364955	3.88431	1.88346	0.48489	1.01632	3.0455	3.90743	1.90529	0.487608	15.422	0.232958	0.486253	0.321739	0.107478
20484	0.29797	0.307039	4.09616	2.10288	0.513377	1.03428	3.05183	4.01723	1.86367	0.46392	13.8963	0.271074	0.488889	0.322068	0.107737
20485	0.367796	0.348691	4.33947	2.02166	0.465878	0.973954	2.9985	3.79052	1.78454	0.470791	19.1098	0.183713	0.468169	0.315732	0.107858
20486	0.247342	0.279442	3.62313	1.78746	0.493347	1.08502	2.97578	3.75139	1.82572	0.486678	10.3608	0.350852	0.489954	0.334792	0.1083
20487	0.22821	0.203325	3.75345	1.87329	0.499084	0.966254	2.94086	3.91001	1.76415	0.451188	13.7579	0.272355	0.474647	0.340075	0.108183
20488	0.16049	0.184194	4.37558	1.96155	0.448296	1.01646	3.04576	3.74882	1.77871	0.474471	11.1761	0.366342	0.460374	0.353838	0.107916
20489	0.270378	0.205925	3.92544	1.96444	0.500438	0.997335	2.92911	4.17901	1.87876	0.44957	14.0326	0.264233	0.474208	0.325525	0.108138
20490	0.227938	0.24152	4.03164	2.00791	0.498039	0.915054	2.92948	3.94653	1.72186	0.436297	15.3033	0.236065	0.467497	0.326386	0.108893
20491	0.318087	0.316922	3.70366	1.86382	0.503237	0.919368	2.91444	3.63521	1.78499	0.491028	18.6621	0.180769	0.49719	0.316244	0.109005
20492	0.375123	0.357236	3.77446	1.70589	0.451955	0.933428	2.93471	3.63582	1.87578	0.515915	21.3131	0.155852	0.483337	0.316912	0.10854
20493	0.366691	0.339836	3.52314	1.66836	0.473545	0.857111	2.86422	3.44526	1.73892	0.504726	26.4956	0.120256	0.488962	0.318708	0.108657
20494	0.345318	0.354907	3.86224	1.75943	0.455547	0.811507	2.84353	3.73165	1.75296	0.469754	28.4968	0.108666	0.462528	0.306055	0.109057
20495	0.365886	0.389504	3.59354	1.70987	0.475817	0.916043	2.85866	3.88345	1.82489	0.469915	20.1431	0.151336	0.472752	0.301391	0.1091
20496	0.327984	0.313777	3.83682	1.71743	0.447618	0.87706	2.899	3.73103	1.98119	0.531004	22.1683	0.150742	0.488728	0.311283	0.108981
20497	0.230265	0.258285	3.642	1.80463	0.495504	0.86837	2.94534	3.70367	1.80311	0.486844	17.7325	0.203589	0.491137	0.333592	0.108718
20498	0.156139	0.116459	3.94159	1.80215	0.457212	0.828791	2.81445	4.45246	2.02216	0.454167	16.088	0.22623	0.455597	0.322533	0.108907
20499	0.111797	0.115609	3.62578	1.8345	0.505961	0.783131	2.83121	4.20529	2.07947	0.494488	16.3627	0.225345	0.4998	0.320317	0.109031
20500	0.177704	0.18941	4.09446	1.75624	0.42893	0.854222	2.7837	4.20864	2.13078	0.506287	14.7054	0.228839	0.46814	0.302206	0.109053
