cycle	Zbar1	Gbar1	VP1	VG1	h21	Zbar2	Gbar2	VP2	VG2	h22	h2b	h2b_denom	h2w	Qst	Fst
20000	0.707754	0.668025	3.74969	1.76185	0.469864	4.64332	0.63475	3.4388	1.68745	0.49071	7.14833e-05	7.74433	0.479836	8.02804e-05	0.000377933
20001	0.724673	0.651434	3.7638	1.88447	0.500682	4.40269	0.470065	3.53435	1.78938	0.506284	0.00243161	6.76391	0.503395	0.00223453	0.00063987
20002	0.603142	0.633871	3.77733	1.87444	0.496235	4.29857	0.402971	4.00737	1.90985	0.476585	0.00390408	6.82809	0.48612	0.00351151	0.000894396
20003	0.577208	0.592582	3.74712	1.97791	0.527848	4.37857	0.376881	3.8857	1.7651	0.454255	0.00321977	7.22518	0.490383	0.0030995	0.00114757
20004	0.656645	0.599207	3.84572	1.84849	0.480662	4.33847	0.338556	3.81267	1.72502	0.452444	0.00501178	6.77792	0.466614	0.00473282	0.00141442
20005	0.547905	0.548645	3.98681	1.85214	0.464568	4.2653	0.301219	3.77375	1.81083	0.47985	0.00443011	6.90951	0.471999	0.00416296	0.00160142
20006	0.497899	0.51896	3.66958	1.75761	0.478967	4.37187	0.320995	3.86569	1.80151	0.466024	0.00261135	7.50381	0.472327	0.00274661	0.00187949
20007	0.468063	0.521431	3.72418	1.68434	0.452272	4.28835	0.223669	3.80254	1.77929	0.467922	0.00607502	7.29728	0.460178	0.00636199	0.00216187
20008	0.449736	0.486751	3.75726	1.67001	0.444475	4.09671	0.121388	3.91577	1.78292	0.455319	0.0100365	6.65023	0.450009	0.00957721	0.00243605
20009	0.607771	0.546743	3.5221	1.72973	0.491109	4.03184	0.0140366	3.74043	1.87845	0.502201	0.0242042	5.86213	0.496822	0.0192923	0.00261104
20010	0.534294	0.527685	3.82549	1.70499	0.445691	3.99246	0.0142423	3.74285	1.75018	0.467606	0.022044	5.97947	0.456529	0.0187267	0.00281975
20011	0.570912	0.519567	4.02888	1.77406	0.440335	3.91997	-0.0779611	3.75333	1.91009	0.508906	0.0318326	5.60808	0.473407	0.0236666	0.00311374
20012	0.477546	0.531379	3.74549	1.79372	0.478901	3.93148	-0.110711	4.2744	1.78051	0.416552	0.0345592	5.96482	0.44567	0.0280423	0.00330486
20013	0.444547	0.4697	3.63395	1.76986	0.487035	3.77254	-0.199707	3.85094	1.88363	0.489135	0.0404591	5.53776	0.488115	0.0297651	0.0034939
20014	0.344814	0.428188	3.40267	1.71273	0.503348	3.74359	-0.280389	3.91564	1.75959	0.449376	0.0434639	5.77584	0.474471	0.0349045	0.00367654
20015	0.37579	0.385849	3.77898	1.66713	0.441159	3.69913	-0.244491	4.04328	1.83004	0.452614	0.0359751	5.52228	0.44708	0.0276325	0.00401507
20016	0.340424	0.367105	3.64068	1.75645	0.482452	3.68476	-0.260367	3.95316	1.82853	0.462549	0.035202	5.59231	0.472091	0.0267356	0.00435016
20017	0.421734	0.392715	3.88751	1.73801	0.447076	3.54719	-0.353049	3.69289	1.80851	0.489728	0.0569346	4.88423	0.467855	0.0377439	0.00458602
20018	0.285751	0.38929	4.00262	1.87069	0.467366	3.64482	-0.383778	3.68145	1.66163	0.451352	0.0529662	5.64166	0.459694	0.0406005	0.00480525
20019	0.312388	0.30358	3.56327	1.77861	0.49915	3.43716	-0.482181	3.65041	1.75394	0.480476	0.0632331	4.8821	0.489701	0.0418859	0.00501677
20020	0.296372	0.308197	3.80701	1.82553	0.479518	3.51822	-0.469263	3.88213	1.85792	0.478582	0.0582301	5.19014	0.479046	0.0394266	0.00527378
20021	0.239884	0.342246	3.77771	1.83511	0.485773	3.47071	-0.568351	3.65021	1.76334	0.48308	0.0794377	5.21911	0.48445	0.0544952	0.0055833
20022	0.282277	0.373877	3.78377	1.96515	0.519364	3.39551	-0.618345	3.93601	1.92401	0.488822	0.101577	4.8461	0.503792	0.0595465	0.00597307
20023	0.384275	0.389313	3.9163	1.87169	0.477922	3.29055	-0.680477	3.82497	1.70538	0.445855	0.135496	4.22321	0.462077	0.0740958	0.00617773
20024	0.414877	0.380147	3.85896	1.71281	0.443852	3.29039	-0.735371	3.75228	1.71133	0.456078	0.150495	4.1343	0.449879	0.083325	0.00653666
20025	0.35027	0.330513	3.70535	1.81968	0.491094	3.25468	-0.787793	3.54375	1.73551	0.489737	0.148254	4.2178	0.490431	0.080871	0.00680871
20026	0.39031	0.329087	3.67077	1.97353	0.537635	3.28857	-0.788212	3.83571	1.79656	0.468376	0.148616	4.19995	0.502244	0.076487	0.00703786
20027	0.441992	0.40722	3.71849	1.86413	0.501313	3.04311	-0.871424	3.69144	1.79527	0.486332	0.241645	3.38292	0.49385	0.100517	0.00719434
20028	0.503134	0.45685	3.87263	1.96205	0.506645	3.18525	-0.836273	3.83125	1.80543	0.471238	0.232447	3.59688	0.489037	0.0999231	0.00748446
20029	0.369324	0.44718	3.86326	1.80456	0.467108	3.05937	-0.896417	4.17904	1.84778	0.442154	0.24947	3.61818	0.454141	0.110027	0.00777839
20030	0.374304	0.436181	3.77396	1.71838	0.455325	3.04827	-0.946668	3.84945	1.85446	0.481746	0.267448	3.57504	0.468666	0.118067	0.00798416
20031	0.475524	0.397122	3.58776	1.66127	0.463038	2.92288	-1.02896	3.5919	1.67458	0.466211	0.339544	2.99476	0.464625	0.132313	0.00818563
20032	0.345445	0.402336	4.13702	1.81806	0.439461	2.96893	-1.01237	4.27156	1.91409	0.448102	0.290789	3.44133	0.443851	0.118268	0.00843104
20033	0.333604	0.349531	3.71812	1.72388	0.463642	2.91416	-1.06239	4.08971	1.95757	0.478657	0.299359	3.32965	0.471507	0.119287	0.00874831
20034	0.250483	0.343107	3.72876	1.75779	0.471415	2.9109	-1.0986	4.10892	1.83992	0.447787	0.293666	3.5389	0.459028	0.12626	0.00900805
20035	0.34882	0.35132	3.6959	1.68636	0.456278	2.89991	-1.1428	3.87322	1.89089	0.488195	0.343021	3.25402	0.47261	0.135017	0.00935817
20036	0.365696	0.314926	3.74667	1.77697	0.474278	2.85466	-1.14305	3.96061	1.88302	0.475436	0.343133	3.09747	0.474873	0.126844	0.00951178
20037	0.244388	0.229549	3.67899	1.79125	0.486885	2.65939	-1.27588	3.98599	1.85607	0.465649	0.388588	2.91611	0.475842	0.134514	0.00980727
20038	0.249967	0.295444	3.9842	1.89275	0.475062	2.77439	-1.22847	3.37582	1.78732	0.529449	0.364412	3.18636	0.500008	0.136324	0.0100673
20039	0.359309	0.36376	3.87162	1.83032	0.472754	2.7576	-1.20464	3.80146	1.76222	0.463565	0.427674	2.8759	0.468201	0.146223	0.0103477
20040	0.248692	0.328574	3.75159	1.81876	0.484797	2.6843	-1.27683	3.53112	1.60939	0.455774	0.434464	2.9661	0.470725	0.158283	0.0105351
20041	0.317611	0.366988	3.52759	1.76865	0.501375	2.61207	-1.3823	3.97386	1.65492	0.416452	0.581245	2.63227	0.456387	0.182714	0.0107383
20042	0.33614	0.357914	3.96761	1.90612	0.48042	2.5157	-1.4177	3.51669	1.78039	0.506267	0.663676	2.37525	0.492565	0.176218	0.0109801
20043	0.278714	0.363104	4.05331	1.9671	0.485308	2.47441	-1.49714	4.16558	1.8164	0.436051	0.717786	2.41053	0.460343	0.186179	0.0111512
20044	0.27584	0.291484	4.15393	1.88265	0.45322	2.49767	-1.49782	3.80555	1.78451	0.468922	0.648553	2.46827	0.460728	0.179233	0.0115457
20045	0.274373	0.241058	4.1764	1.91563	0.458678	2.44036	-1.5502	3.78607	1.67084	0.441313	0.683919	2.34575	0.450421	0.182855	0.0118055
20046	0.291991	0.25748	4.0621	2.03333	0.50056	2.49358	-1.5843	3.78596	1.72588	0.455863	0.699844	2.4235	0.478998	0.184141	0.0119908
20047	0.278458	0.269359	4.22853	1.93991	0.458768	2.34653	-1.58052	3.76889	1.64436	0.436298	0.800118	2.13846	0.448178	0.19277	0.0122475
20048	0.228314	0.251523	3.77156	1.84961	0.490409	2.30403	-1.64994	3.68103	1.61763	0.439449	0.839145	2.15431	0.465239	0.206869	0.0125027
20049	0.171133	0.188666	3.83689	1.90189	0.495686	2.38461	-1.7198	3.68737	1.75827	0.476837	0.743392	2.44975	0.486449	0.199296	0.012688
20050	0.160888	0.1744	4.04604	1.96735	0.48624	2.19822	-1.77017	3.71581	1.71437	0.461372	0.911008	2.07537	0.474335	0.204388	0.0130393
20051	0.0975779	0.174187	3.99521	1.9472	0.487384	2.3332	-1.68915	3.62734	1.81933	0.50156	0.694683	2.499	0.49413	0.187367	0.0134016
20052	0.182455	0.165069	3.77724	1.77317	0.469434	2.27737	-1.75123	3.92135	1.8609	0.474555	0.836748	2.19433	0.472042	0.201756	0.0134748
20053	0.208873	0.157771	3.74685	1.87389	0.500125	2.29239	-1.76645	3.85292	1.76401	0.457837	0.852929	2.17053	0.478686	0.202917	0.0135911
20054	0.182758	0.250686	3.5907	1.72582	0.480638	2.21093	-1.7971	4.06844	1.85538	0.456043	1.01944	2.05674	0.467573	0.226536	0.0139863
20055	0.392908	0.347182	3.67306	1.76198	0.479704	2.08259	-1.82043	3.78214	1.72325	0.455628	1.64571	1.42751	0.46749	0.252169	0.0143242
20056	0.319328	0.318158	3.85189	1.69822	0.440881	2.01548	-1.86691	3.56345	1.695	0.475663	1.65959	1.43846	0.457596	0.260325	0.0143828
20057	0.266505	0.308185	3.75872	1.76648	0.469968	2.12232	-1.85112	3.62914	1.71559	0.472725	1.35381	1.72202	0.471322	0.250894	0.0146659
20058	0.38843	0.31591	3.69225	1.80334	0.488412	2.01632	-1.87281	3.89825	1.81395	0.465323	1.80772	1.32501	0.476554	0.248826	0.0147754
20059	0.266682	0.34832	3.79309	1.82389	0.480844	2.02117	-1.90199	3.73888	1.7202	0.460085	1.64508	1.53911	0.470539	0.263291	0.0149693
20060	0.305946	0.336239	3.94457	1.93401	0.490296	2.11011	-1.94738	3.90653	1.73693	0.444624	1.60212	1.62751	0.46757	0.262171	0.0150778
20061	0.266936	0.276233	4.11249	1.98	0.48146	1.99441	-1.98428	3.75099	1.74372	0.464868	1.71235	1.49208	0.473545	0.25553	0.0152731
20062	0.23765	0.273971	4.14535	1.93181	0.466019	1.9712	-2.01248	3.82247	1.76031	0.460515	1.73961	1.5026	0.463379	0.261538	0.0153413
20063	0.13907	0.251602	3.79292	1.96991	0.519364	1.95036	-2.01162	3.71353	1.72003	0.46318	1.56128	1.64038	0.491569	0.257726	0.015318
20064	0.107195	0.235531	3.83808	1.92695	0.502062	1.91102	-2.08594	3.75128	1.83565	0.489339	1.6563	1.62689	0.495773	0.263763	0.0154807
20065	0.275566	0.247013	4.0039	1.75225	0.437635	1.96654	-2.1003	3.61281	1.70592	0.472187	1.92694	1.42969	0.454024	0.28496	0.0158345
20066	0.0838804	0.155168	3.83629	1.86722	0.486726	1.92177	-2.12483	3.70295	1.7811	0.480995	1.53896	1.68892	0.483911	0.262752	0.0161781
20067	0.0838038	0.127588	3.70023	1.80046	0.48658	1.99474	-2.0915	3.6764	1.75793	0.478165	1.34852	1.82583	0.482386	0.257136	0.0163849
20068	0.0573852	0.119883	3.76473	1.86051	0.494194	1.78008	-2.12289	3.81599	1.87683	0.491834	1.69495	1.48383	0.493006	0.251855	0.0166045
20069	0.103173	0.113844	3.66793	1.86444	0.50831	1.8546	-2.14592	3.89865	1.79793	0.461167	1.66473	1.53374	0.484019	0.258575	0.0168092
20070	0.0433653	0.0541368	3.76716	1.82862	0.48541	1.91656	-2.12969	3.99766	1.82121	0.455568	1.35916	1.75443	0.470046	0.246325	0.0169704
20071	0.0208779	0.0155646	4.13431	2.027	0.490288	1.90934	-2.15927	3.38854	1.71339	0.505643	1.32629	1.78314	0.497204	0.240292	0.0173716
20072	-0.0386491	-0.0655821	3.91108	1.98424	0.507338	1.89296	-2.13357	3.38626	1.67811	0.495565	1.14618	1.86557	0.501875	0.22605	0.0176042
20073	-0.0854414	-0.100673	3.73153	2.0056	0.537475	1.80071	-2.16183	3.63132	1.61309	0.444216	1.19418	1.77878	0.49148	0.226992	0.017837
20074	-0.0989662	-0.104742	4.00145	1.8855	0.471205	1.80366	-2.21455	3.7931	1.6565	0.436714	1.22964	1.81	0.45442	0.23916	0.017982
20075	-0.0942186	-0.128258	3.6882	1.79336	0.486244	1.70799	-2.18447	3.60083	1.64009	0.455475	1.30174	1.62398	0.471044	0.235478	0.0180212
20076	-0.102447	-0.116804	4.10009	1.94414	0.47417	1.7818	-2.21348	3.77399	1.72564	0.457247	1.23819	1.77519	0.466059	0.230547	0.018183
20077	-0.0854174	-0.125849	3.71395	1.78312	0.480113	1.86086	-2.1598	3.89731	1.76972	0.454088	1.09213	1.89399	0.466787	0.225556	0.0184103
20078	-0.130349	-0.108328	3.6443	1.69066	0.463919	1.75473	-2.26798	3.84935	1.74975	0.454557	1.31252	1.77676	0.45911	0.253223	0.0184343
20079	-0.037671	-0.0635953	3.97516	1.86676	0.469607	1.75574	-2.25258	3.70371	1.70954	0.461574	1.48979	1.60816	0.465732	0.251007	0.018541
20080	-0.229165	-0.129782	3.66883	1.72949	0.471402	1.75546	-2.29739	3.63417	1.72325	0.47418	1.1929	1.96937	0.472784	0.253939	0.0186995
20081	-0.214909	-0.166453	3.9086	1.81984	0.465598	1.69519	-2.34404	3.91285	1.81187	0.463056	1.29969	1.82423	0.464326	0.246185	0.0190333
20082	-0.141015	-0.127193	3.71579	1.81788	0.489232	1.68829	-2.33871	3.70392	1.73292	0.467862	1.46153	1.67318	0.478564	0.256238	0.0191318
20083	-0.0161829	-0.0445562	3.85512	1.79901	0.466656	1.66979	-2.33878	3.76995	1.70542	0.452373	1.85171	1.42125	0.459594	0.273084	0.0194287
20084	-0.118258	-0.107221	3.84436	1.81835	0.472992	1.59255	-2.30927	3.99009	1.79566	0.450032	1.65672	1.46344	0.461298	0.251272	0.0196317
20085	-0.192705	-0.152735	3.97344	1.8142	0.456582	1.71829	-2.28595	3.61347	1.76234	0.487715	1.24609	1.82595	0.47141	0.241415	0.0198621
20086	-0.0159083	-0.066613	3.67384	1.72174	0.46865	1.62666	-2.39153	3.93035	1.74662	0.444393	2.00341	1.34901	0.456112	0.280475	0.0200693
20087	-0.0614896	-0.0303471	3.78542	1.72532	0.455779	1.61787	-2.40812	3.69843	1.65377	0.447156	2.00473	1.41012	0.451518	0.295032	0.0202069
20088	-0.0250898	-0.039956	3.72733	1.71154	0.459186	1.66333	-2.40252	3.55234	1.56717	0.441164	1.95798	1.42537	0.450392	0.298648	0.0205766
20089	-0.0199745	-0.0113025	3.81344	1.74764	0.458283	1.60592	-2.38985	3.57023	1.61752	0.453059	2.14012	1.32177	0.455757	0.296027	0.0206227
20090	0.0794827	0.01907	3.75237	1.70964	0.455617	1.5571	-2.40446	3.59299	1.64683	0.458346	2.69013	1.09168	0.456952	0.304442	0.0208625
20091	0.0317831	0.0198378	3.6297	1.77243	0.488312	1.52283	-2.46373	4.00841	1.81578	0.452992	2.77438	1.11162	0.469776	0.300681	0.0209067
20092	0.00585062	-0.000802577	3.975	1.76666	0.444442	1.4785	-2.56581	4.09564	1.90735	0.465702	3.03374	1.08435	0.455231	0.309352	0.0211365
20093	0.0607034	0.0175805	3.70793	1.82523	0.492249	1.41898	-2.57638	3.88373	1.91434	0.492914	3.64713	0.922458	0.492589	0.31037	0.0214343
20094	-0.0468895	0.0166446	3.82583	1.72509	0.450906	1.41913	-2.5765	3.57709	1.74451	0.48769	3.12877	1.07461	0.46868	0.326493	0.0215481
20095	-0.050016	-0.0462219	3.96088	1.78919	0.451716	1.4279	-2.59899	3.47774	1.64845	0.473999	2.98348	1.09212	0.462134	0.321645	0.0217209
20096	-0.0604485	-0.126131	3.8645	1.81859	0.470587	1.42446	-2.60259	3.51529	1.67345	0.476049	2.78137	1.10248	0.473189	0.305207	0.0218784
20097	-0.0887606	-0.100073	4.22343	1.99345	0.471998	1.41959	-2.64325	3.58609	1.6602	0.462954	2.84281	1.13756	0.467845	0.306891	0.0218222
20098	-0.0510153	-0.0526617	4.00104	1.98746	0.496736	1.29521	-2.60742	3.68608	1.62203	0.44004	3.60134	0.90616	0.46955	0.311429	0.0220309
20099	-0.095207	-0.0575708	4.03872	1.82586	0.452088	1.36474	-2.61914	3.63404	1.61289	0.443829	3.07851	1.06572	0.448176	0.323078	0.0222808
20100	0.000578509	-0.0254207	3.84665	1.88106	0.489013	1.4242	-2.59005	3.5698	1.64308	0.460274	3.24532	1.01336	0.475179	0.318255	0.0226381
20101	0.105284	0.0380365	3.88058	1.98934	0.51264	1.37628	-2.63409	3.46313	1.66926	0.482008	4.42	0.807722	0.498194	0.328027	0.0228706
20102	0.0250283	0.0438191	3.84195	1.84312	0.479734	1.36338	-2.64821	4.06123	1.73178	0.426417	4.04595	0.895588	0.452336	0.336453	0.0229632
20103	-0.00558978	0.0494496	3.85417	1.91411	0.496633	1.36591	-2.63911	3.75281	1.66872	0.444658	3.84279	0.940508	0.470992	0.335384	0.0232592
20104	-0.0304532	-0.0289998	3.96418	1.92026	0.484404	1.3034	-2.62269	3.75764	1.74929	0.465531	3.78114	0.88958	0.475219	0.314385	0.0236291
20105	-0.0848123	-0.0317276	3.58702	1.70535	0.475422	1.38979	-2.65223	3.84908	1.85021	0.480688	3.15804	1.08723	0.478148	0.325728	0.0238912
20106	0.0165187	0.0232556	3.86639	1.76032	0.455288	1.38735	-2.57658	3.88139	1.74043	0.448404	3.59689	0.939584	0.451839	0.325662	0.0241208
20107	-0.0043862	0.0260394	3.53458	1.63946	0.463836	1.41907	-2.55214	3.58122	1.78115	0.497359	3.28046	1.01312	0.480707	0.327074	0.0242977
20108	0.106299	0.0689281	3.95484	1.85235	0.468375	1.42182	-2.49844	3.71097	1.80795	0.487192	3.80875	0.865292	0.477484	0.310543	0.0245138
20109	0.0319306	0.0134931	3.856	1.84991	0.479748	1.45818	-2.548	3.53811	1.72749	0.488251	3.2255	1.01709	0.483816	0.314482	0.0247779
20110	-0.114752	-0.11654	3.88734	1.93503	0.497777	1.42313	-2.58424	4.00613	1.82839	0.456399	2.57477	1.18254	0.476777	0.288117	0.0249486
20111	-0.121803	-0.138725	3.9266	1.94514	0.495375	1.35195	-2.59438	3.56093	1.71916	0.482783	2.77641	1.08598	0.489387	0.291597	0.0249604
20112	-0.182623	-0.114429	4.10215	1.89202	0.461226	1.44275	-2.59695	3.59281	1.79112	0.49853	2.33281	1.32092	0.478643	0.295044	0.0251189
20113	-0.101733	-0.0812501	3.77507	1.78304	0.472319	1.40869	-2.51998	3.93063	1.72651	0.439245	2.60692	1.14069	0.455448	0.297688	0.025375
20114	-0.0959574	-0.0911071	4.08496	1.81702	0.444806	1.51997	-2.49891	3.8277	1.81793	0.474941	2.22025	1.3056	0.459384	0.285171	0.0256345
20115	-0.134434	-0.138174	3.69968	1.73565	0.469135	1.60064	-2.45376	3.60259	1.72633	0.479192	1.78109	1.50523	0.474097	0.279224	0.0258125
20116	0.0934306	0.0798816	3.65951	1.74722	0.477447	1.74389	-2.26991	3.88569	1.79881	0.462932	2.02696	1.36201	0.469972	0.2803	0.0258332
20117	0.148118	0.130246	3.86791	1.79894	0.465093	1.81733	-2.29228	3.94917	1.80818	0.457864	2.10627	1.39314	0.461441	0.28924	0.0258396
20118	0.0347398	0.0409858	3.93829	1.92152	0.487906	1.69952	-2.35405	3.66674	1.77664	0.484528	2.06972	1.38574	0.486278	0.279523	0.0262148
20119	0.0984216	0.0978699	3.72314	1.80875	0.485812	1.54695	-2.35888	3.607	1.57276	0.436032	2.87654	1.04911	0.461316	0.30865	0.02639
20120	0.039098	0.0941746	3.87795	1.77983	0.458963	1.68385	-2.35473	3.8399	1.76962	0.460852	2.21689	1.35261	0.459903	0.297067	0.0267553
20121	0.180832	0.163494	3.87564	1.8883	0.487223	1.70718	-2.32384	3.43837	1.751	0.509255	2.6556	1.16486	0.49758	0.29835	0.0268516
20122	0.125152	0.139035	3.74675	1.87271	0.499822	1.61982	-2.37124	3.72277	1.86048	0.499757	2.82067	1.11702	0.499789	0.296865	0.0268569
20123	0.0899389	0.0778102	3.87605	1.93194	0.498429	1.6346	-2.36036	3.73265	1.83594	0.491859	2.4915	1.19299	0.495206	0.282964	0.0271769
20124	-0.0217762	0.0810914	3.66026	2.01255	0.549838	1.64169	-2.35354	3.66311	1.70972	0.466739	2.1421	1.38356	0.508273	0.284849	0.0274885
20125	0.0803111	0.0693188	3.89274	1.82734	0.469422	1.68182	-2.30405	3.74722	1.87866	0.501347	2.19619	1.28242	0.48508	0.275454	0.0278799
20126	0.0567417	0.130394	3.80565	1.87768	0.493392	1.59321	-2.34553	3.84292	1.78031	0.463269	2.59675	1.18036	0.478257	0.295363	0.0279659
20127	0.117415	0.187924	3.63885	1.74103	0.478457	1.67839	-2.33671	3.71482	1.7595	0.473644	2.61579	1.21833	0.476026	0.312917	0.0282361
20128	0.16413	0.194292	3.73615	1.89469	0.507123	1.62383	-2.29975	3.76824	1.69344	0.449398	2.91931	1.06536	0.478137	0.30246	0.0283997
20129	0.20949	0.196369	3.9731	1.86264	0.468814	1.70704	-2.29501	3.61329	1.73743	0.480845	2.76769	1.12133	0.474544	0.301309	0.0290576
20130	0.221688	0.198279	4.14878	2.01703	0.486173	1.56537	-2.29145	4.0558	1.86296	0.459331	3.43329	0.902745	0.472904	0.285513	0.0292715
20131	0.29814	0.204151	3.49123	1.74654	0.500266	1.60582	-2.41475	3.95234	1.96392	0.496899	4.01081	0.855017	0.498478	0.316167	0.0295774
20132	0.113934	0.234798	3.74278	1.80288	0.481694	1.50257	-2.42573	3.83752	1.88517	0.491246	3.67079	0.964152	0.48653	0.324352	0.0296984
20133	0.140251	0.170305	3.7373	1.76377	0.471936	1.4968	-2.47529	3.62254	1.76562	0.487398	3.80344	0.920114	0.479547	0.331564	0.0300636
20134	0.179967	0.182675	3.4705	1.66796	0.48061	1.54071	-2.45283	3.89704	1.93066	0.495417	3.75121	0.925817	0.488442	0.325591	0.0302893
20135	0.207911	0.157745	3.44013	1.67198	0.486021	1.61064	-2.47645	4.20596	1.92358	0.457345	3.52651	0.983827	0.470247	0.325559	0.0304745
20136	0.113349	0.126298	4.00285	1.84363	0.460578	1.5339	-2.43066	3.86304	1.70827	0.442209	3.23994	1.00898	0.451557	0.315261	0.0307595
20137	0.129729	0.0908305	4.12663	1.97869	0.479492	1.59066	-2.41949	3.49674	1.8558	0.530724	2.95255	1.06717	0.502992	0.291314	0.0310873
20138	0.126092	0.111116	4.03007	1.89183	0.46943	1.54447	-2.40692	3.99476	1.82203	0.456105	3.15163	1.0059	0.462796	0.299242	0.0311861
20139	0.127366	0.102701	3.79534	1.82914	0.481944	1.54417	-2.39414	4.08386	1.91583	0.469123	3.10573	1.00366	0.475299	0.293976	0.031284
20140	0.0438255	0.0795694	3.84796	1.80862	0.470021	1.55258	-2.45484	3.80155	1.89377	0.498156	2.82172	1.13817	0.484003	0.30262	0.0317341
20141	0.121832	0.0942647	3.95292	1.81603	0.459416	1.53476	-2.49315	4.19418	1.98349	0.472914	3.35344	0.998189	0.466364	0.305902	0.0318708
20142	0.246041	0.0928192	3.76499	1.75295	0.465593	1.47479	-2.48881	3.64634	1.67265	0.458719	4.41432	0.754907	0.462211	0.327342	0.0318917
20143	0.117941	0.0737231	3.59813	1.73705	0.482766	1.53864	-2.47484	3.60542	1.63166	0.452557	3.21801	1.00919	0.467646	0.325356	0.0320941
20144	0.225821	0.117699	3.85399	1.72162	0.446711	1.49878	-2.50277	3.57901	1.68401	0.470525	4.2377	0.810208	0.458177	0.335253	0.0322914
20145	0.109941	0.168158	3.97717	1.77715	0.446837	1.50073	-2.54138	3.63614	1.69528	0.466231	3.7955	0.967145	0.4561	0.345904	0.0322304
20146	0.103642	0.112643	3.87987	1.77286	0.456939	1.4796	-2.51995	3.76345	1.68852	0.448663	3.66067	0.946624	0.452864	0.333694	0.0323433
20147	0.137986	0.145138	3.48778	1.6291	0.467087	1.50567	-2.56156	3.70008	1.81894	0.491595	3.9166	0.935279	0.479703	0.347026	0.032402
20148	0.145379	0.0994728	3.88216	1.70514	0.439223	1.46233	-2.53304	3.75679	1.68994	0.449835	3.99579	0.867182	0.444442	0.337996	0.0326953
20149	-0.00686485	0.0131693	4.05142	1.91799	0.473411	1.55735	-2.54308	3.7214	1.84399	0.495509	2.67062	1.22339	0.483991	0.302872	0.0330596
20150	-0.0145295	0.0521641	3.99886	1.89894	0.474871	1.43786	-2.53575	3.89339	1.81825	0.46701	3.17492	1.05472	0.470993	0.310655	0.0331503
20151	-0.01073	0.0465561	4.10784	1.86524	0.454068	1.41551	-2.51899	4.01985	1.91101	0.475393	3.23574	1.01708	0.464615	0.303606	0.0334753
20152	0.0166166	0.0316104	3.81762	1.77203	0.464172	1.47809	-2.53453	3.8307	1.88239	0.491395	3.08303	1.06795	0.477806	0.310683	0.0333723
20153	0.0587119	0.0875679	4.1087	1.8159	0.441964	1.38554	-2.6617	3.80772	1.87588	0.492651	4.29342	0.880238	0.466344	0.338668	0.033764
20154	0.0390733	0.0412203	3.71445	1.84737	0.497348	1.40071	-2.63424	4.09159	1.88887	0.461646	3.86077	0.927027	0.478635	0.32396	0.0337553
20155	0.0104331	0.04804	3.90734	1.82443	0.466924	1.43827	-2.59196	4.06529	1.9538	0.480606	3.41861	1.01936	0.473901	0.315724	0.0341063
20156	-0.00985389	0.0386139	3.85669	1.72467	0.44719	1.41554	-2.58525	3.8098	2.1538	0.565332	3.38855	1.01587	0.505899	0.307477	0.0343432
20157	0.0149858	0.0286554	3.87777	1.89309	0.48819	1.50571	-2.54915	3.63392	1.93039	0.531214	2.99023	1.11113	0.509004	0.302994	0.0344606
20158	0.00424056	-0.0485765	3.68893	1.80868	0.490299	1.49982	-2.48553	3.81431	1.94436	0.509755	2.65507	1.11838	0.500189	0.283562	0.0349608
20159	-0.178511	-0.114748	4.01817	1.85501	0.461654	1.47349	-2.54894	3.86625	1.74465	0.45125	2.17115	1.36455	0.456552	0.291646	0.0352033
20160	-0.100692	-0.104414	3.86893	1.8364	0.474654	1.42443	-2.58241	3.67306	1.7286	0.470616	2.63993	1.163	0.472687	0.301102	0.0354163
20161	-0.189888	-0.178974	3.77292	1.86914	0.495409	1.26933	-2.68247	3.94034	1.8768	0.476304	2.94344	1.06466	0.485649	0.295028	0.0357678
20162	-0.0715181	-0.136852	3.99119	1.80621	0.45255	1.1645	-2.71399	3.91848	1.90606	0.486427	4.34733	0.763876	0.469333	0.309154	0.0356849
20163	-0.127282	-0.114893	4.14834	1.87823	0.452767	1.21972	-2.72969	3.75836	1.9044	0.506712	3.76824	0.90721	0.478409	0.311345	0.035892
20164	-0.146962	-0.0897475	3.83998	1.7126	0.445992	1.19173	-2.82574	4.21254	2.02089	0.479731	4.17706	0.896042	0.463642	0.334	0.0360452
20165	0.0570347	-0.0374548	3.52099	1.73615	0.493085	1.21382	-2.77288	4.15866	1.93361	0.46496	5.59172	0.669072	0.477855	0.337747	0.0363505
20166	-0.0248715	-0.0440292	3.58826	1.60433	0.447106	1.0933	-2.79994	3.93346	1.7788	0.452222	6.07449	0.625156	0.449781	0.359599	0.0362735
20167	-0.0827954	-0.10709	3.8021	1.74814	0.459783	1.23245	-2.78805	3.66867	1.77292	0.483259	4.15495	0.864938	0.471311	0.338004	0.0365014
20168	-0.0423325	-0.0950804	3.72871	1.81849	0.487699	1.20686	-2.78495	3.69891	1.7283	0.467247	4.63667	0.780238	0.477514	0.337859	0.0368249
20169	0.00325628	-0.0323418	3.64272	1.80724	0.496125	1.2929	-2.67908	3.73145	1.65563	0.443697	4.21193	0.831592	0.469595	0.335985	0.037078
20170	0.0643614	0.0130558	4.07781	1.79576	0.440372	1.26613	-2.70203	3.851	1.8207	0.472787	5.10415	0.722125	0.456116	0.337681	0.0372696
20171	0.0546839	0.0694454	3.66516	1.899	0.51812	1.35565	-2.66068	3.8425	1.7792	0.463032	4.40387	0.846251	0.489926	0.336367	0.0371635
20172	0.112282	0.104141	3.81295	1.90515	0.499652	1.31681	-2.68327	3.955	1.83629	0.464297	5.35507	0.725449	0.481651	0.341855	0.0372826
20173	0.108972	0.114903	3.94204	1.76267	0.447147	1.28073	-2.74344	3.89746	1.91266	0.490746	5.95046	0.686512	0.468822	0.357334	0.0377977
20174	0.243191	0.146214	3.93869	1.7703	0.449464	1.2257	-2.74805	3.8266	1.93867	0.506631	8.67774	0.482659	0.477635	0.360986	0.0378574
20175	0.197748	0.170297	4.00638	1.90622	0.475797	1.37763	-2.69816	3.58443	1.8751	0.523124	5.91038	0.696065	0.498145	0.352442	0.0379346
20176	0.117717	0.122957	3.55789	1.86824	0.525098	1.34483	-2.66358	3.79138	1.91539	0.505196	5.15654	0.752909	0.514831	0.339197	0.0382641
20177	0.0532657	0.0809453	3.96728	1.81119	0.45653	1.26239	-2.79663	4.10176	2.06904	0.504427	5.66381	0.730994	0.480878	0.348011	0.0386444
20178	-0.0161285	0.0173679	3.83678	1.93549	0.504456	1.16906	-2.83911	4.03773	1.92542	0.476856	5.80885	0.702332	0.490304	0.345808	0.0385962
20179	0.000654723	0.00341325	4.05488	1.88617	0.465161	1.16194	-2.84374	3.81225	1.90643	0.50008	6.01094	0.674294	0.482082	0.348371	0.0387696
20180	-0.0917493	0.0101323	3.49203	1.75969	0.503916	1.16838	-2.84997	3.88061	1.83596	0.473112	5.15152	0.79396	0.487702	0.362668	0.0390718
20181	-0.0183672	-0.0308382	3.84073	1.79862	0.468302	1.21032	-2.75757	3.67232	1.76407	0.480369	4.92496	0.754838	0.4742	0.342967	0.0392708
20182	0.0256858	0.01332	3.98186	1.81845	0.456683	1.18254	-2.82017	3.91781	2.02338	0.516457	5.99914	0.669153	0.486327	0.343278	0.0392678
20183	0.0693408	0.0660508	3.67026	1.70065	0.46336	1.16577	-2.83289	3.69843	2.05928	0.556798	6.99063	0.601082	0.510258	0.358587	0.0393418
20184	0.0427589	0.0342428	3.77797	1.80521	0.477825	1.2468	-2.76106	3.76032	1.88515	0.501326	5.38984	0.724856	0.489548	0.346234	0.0398553
20185	0.241986	0.15395	4.05951	1.94671	0.479543	1.29331	-2.80894	3.95828	1.90552	0.481402	7.94248	0.552644	0.48046	0.363058	0.0400044
20186	0.0932844	0.0730006	3.76254	1.80562	0.479894	1.30433	-2.7228	3.70719	1.8517	0.499489	5.32953	0.733319	0.489619	0.348352	0.0400783
20187	-0.0161213	0.0562186	3.72185	1.83414	0.492803	1.29597	-2.68411	4.00969	1.90469	0.475023	4.36188	0.860798	0.483582	0.334386	0.0398394
20188	0.0177736	-0.0166382	4.21501	1.87217	0.444168	1.33838	-2.68913	3.82661	1.76027	0.460006	4.09531	0.871998	0.451705	0.32967	0.0398114
20189	-0.190449	-0.0591788	3.91009	1.85621	0.474723	1.1876	-2.69009	3.9529	1.86956	0.472958	3.6449	0.949507	0.473836	0.317257	0.0396882
20190	0.0417243	-0.0586573	3.73248	1.894	0.507436	1.29909	-2.64075	4.28247	1.88445	0.440038	4.21715	0.790487	0.471425	0.306209	0.0399801
20191	-0.0736087	0.00493236	3.96862	1.86023	0.468733	1.29403	-2.70462	3.87171	1.71771	0.443656	3.92512	0.935214	0.456349	0.339166	0.0399818
20192	0.0196581	0.0257477	3.77596	1.8067	0.478474	1.29363	-2.70844	3.83185	1.85592	0.484339	4.60616	0.811499	0.481428	0.337982	0.0403369
20193	0.140502	0.0903982	3.78632	1.60082	0.42279	1.24777	-2.76452	3.69752	1.85369	0.501333	6.64792	0.613017	0.461596	0.371127	0.0406489
20194	0.0994673	0.118524	3.63743	1.89569	0.52116	1.26298	-2.74409	3.98553	1.95808	0.491296	6.05314	0.676885	0.505546	0.347199	0.0409364
20195	0.178372	0.099745	3.55413	1.71599	0.482815	1.273	-2.75025	3.84019	1.93085	0.502802	6.77882	0.599107	0.493195	0.357778	0.0412223
20196	0.106965	0.118252	4.47418	1.97978	0.442491	1.23722	-2.73184	3.92666	2.08936	0.532095	6.35864	0.638738	0.484373	0.333027	0.0413034
20197	0.0250435	0.100247	4.02068	2.0307	0.505064	1.23541	-2.7608	3.94928	2.00135	0.506763	5.58749	0.732492	0.505906	0.336776	0.0413496
20198	0.101913	0.085434	3.58825	1.86848	0.520722	1.06566	-2.84176	3.7246	1.77858	0.477522	9.22522	0.464404	0.498719	0.370138	0.0417275
20199	0.12937	0.0762296	3.82794	1.82018	0.475498	1.10471	-2.85108	3.77018	1.81228	0.480687	9.00795	0.475642	0.478073	0.371091	0.0418955
20200	0.0430592	0.123812	3.89131	1.76494	0.453559	1.20065	-2.79944	3.7608	1.89041	0.502662	6.37714	0.670004	0.477692	0.368981	0.0420587
20201	0.121477	0.102934	3.90753	1.74429	0.446391	1.18212	-2.7693	4.18991	1.89374	0.451976	7.33337	0.56248	0.449281	0.361917	0.0420682
20202	0.174532	0.1576	3.4249	1.71853	0.501775	1.33069	-2.63692	4.04141	1.90179	0.470577	5.84222	0.668352	0.484888	0.350455	0.0423097
20203	0.143714	0.121178	3.54358	1.80665	0.509837	1.30539	-2.66006	3.8017	1.93633	0.509332	5.73197	0.674748	0.509576	0.340766	0.042476
20204	0.107355	0.145224	3.96242	1.86895	0.47167	1.28116	-2.69537	3.66234	1.74631	0.47683	5.85636	0.688908	0.474148	0.358258	0.0426234
20205	0.106793	0.0963619	3.84204	1.89037	0.492022	1.34636	-2.72887	3.84935	1.80327	0.468462	5.19483	0.768257	0.480231	0.350868	0.042975
20206	0.0230487	0.055408	3.7534	1.85011	0.492915	1.19488	-2.71612	3.92422	1.83725	0.468181	5.59383	0.686591	0.480273	0.34256	0.0429462
20207	0.103354	0.0338286	3.56388	1.78713	0.501455	1.30243	-2.70906	3.59316	1.75574	0.488635	5.23265	0.718895	0.495019	0.346897	0.0432301
20208	0.00635335	0.0407234	4.06721	1.84998	0.454853	1.26901	-2.75293	3.62418	1.75745	0.484922	4.89527	0.79715	0.469022	0.351128	0.0435257
20209	0.102447	0.067198	3.52873	1.88502	0.534191	1.28186	-2.75	3.71369	1.68648	0.454126	5.70559	0.695513	0.493136	0.357256	0.0438352
20210	0.104582	0.0317454	3.81192	1.83897	0.482427	1.24772	-2.7498	3.66063	1.77907	0.486002	5.92075	0.653377	0.484178	0.348482	0.0445037
20211	-0.0328255	0.0293728	3.86995	1.8198	0.470238	1.18293	-2.77262	3.99385	1.92826	0.482807	5.31179	0.739032	0.476621	0.343808	0.0447514
20212	0.0908132	0.0367958	3.83113	1.82925	0.477471	1.21993	-2.79359	4.06294	1.91454	0.471221	6.28364	0.637454	0.474254	0.348629	0.0450279
20213	0.0602947	0.00138659	3.66564	1.73058	0.472109	1.0685	-2.82789	3.84916	2.05425	0.533687	7.87502	0.508239	0.50365	0.34598	0.0452905
20214	-0.0644649	-0.05927	3.60694	1.83514	0.50878	1.17316	-2.85659	3.75644	1.92742	0.513096	5.10867	0.765856	0.510982	0.342186	0.0455976
20215	0.00362103	0.0251087	3.732	1.89	0.506429	1.11626	-2.85212	3.69107	1.80378	0.488687	6.68719	0.618978	0.497607	0.359212	0.045825
20216	0.0156905	-0.0444638	4.0948	1.96688	0.480335	1.10986	-2.92103	3.57112	1.73353	0.48543	6.91168	0.598598	0.482709	0.358693	0.0461893
20217	0.0471455	-0.00134117	4.05361	1.94556	0.479958	1.06558	-2.92208	3.87441	1.79272	0.462708	8.2247	0.518602	0.471528	0.363374	0.0464645
20218	-0.120848	-0.109799	4.04319	2.04197	0.505038	1.12431	-2.84949	3.81051	1.82818	0.479772	4.84122	0.775208	0.492779	0.326646	0.0467919
20219	-0.18525	-0.168098	3.91887	1.90004	0.484844	1.15575	-2.87731	3.56506	1.85588	0.520575	4.08157	0.899143	0.501865	0.328316	0.0469968
20220	-0.0554338	-0.101016	3.83609	1.83625	0.478677	1.13834	-2.86272	3.96332	1.83242	0.462345	5.35193	0.712545	0.470378	0.342105	0.0473403
20221	-0.0426573	-0.0632365	4.17932	1.86952	0.447327	1.06023	-2.92016	3.69805	1.76426	0.477077	6.71017	0.60818	0.461293	0.35972	0.0475979
20222	-0.0360489	-0.0759523	4.10291	1.95816	0.477263	1.1544	-2.89056	3.80377	1.79687	0.472393	5.59001	0.708588	0.47492	0.345417	0.0479069
20223	-0.0644057	-0.0824371	3.86378	1.92374	0.49789	1.15848	-2.87896	4.0912	1.91151	0.467225	5.22955	0.747723	0.482119	0.337763	0.0480836
20224	-0.154264	-0.110226	4.01469	1.88682	0.469978	1.23945	-2.84111	3.66032	1.61898	0.442305	3.83936	0.971223	0.45678	0.347294	0.0479519
20225	-0.144132	-0.0982933	4.16628	1.97709	0.474546	1.20183	-2.82794	3.96367	1.80745	0.456004	4.11286	0.905811	0.465506	0.329958	0.0477121
20226	-0.0685449	-0.0993874	3.99218	1.91748	0.480309	1.13433	-2.81079	3.86954	1.74111	0.449953	5.08099	0.723452	0.465368	0.334491	0.0482608
20227	-0.0385083	-0.076182	3.81433	1.89107	0.495781	1.26962	-2.80124	3.64669	1.70842	0.468484	4.33958	0.855605	0.482439	0.340379	0.0485541
20228	0.0081963	0.00393238	3.82415	1.90093	0.497085	1.18869	-2.78519	3.77065	1.71572	0.455019	5.58222	0.696785	0.4762	0.349808	0.0484746
20229	0.025943	0.000202578	3.87203	1.7907	0.462471	1.22398	-2.81108	3.65574	1.7716	0.484607	5.5064	0.717648	0.473221	0.356883	0.0484391
20230	0.0809985	0.0477426	3.73138	1.70392	0.456647	1.1777	-2.83554	3.80789	1.89048	0.496465	6.9119	0.601376	0.476758	0.366488	0.0487724
20231	-0.00910994	0.0381562	4.00392	1.76778	0.441512	1.17287	-2.84592	3.79129	1.81498	0.478724	5.95373	0.698543	0.45961	0.367369	0.0490523
20232	0.101805	0.108807	3.76902	1.78644	0.47398	1.17829	-2.79015	3.86708	1.6769	0.433634	7.25214	0.579413	0.453548	0.3777	0.0492579
20233	0.0586745	0.138721	3.72772	1.75554	0.470941	1.16484	-2.85601	3.94339	1.76137	0.446663	7.32957	0.611797	0.458461	0.38944	0.0494562
20234	0.200474	0.210249	3.67967	1.83635	0.499054	1.02045	-2.90952	3.83097	1.81601	0.474034	14.4757	0.336183	0.486292	0.399956	0.0498622
20235	0.146994	0.174424	3.74481	1.68405	0.449703	1.13385	-2.90901	4.00857	1.83951	0.458894	9.76259	0.48694	0.454455	0.402953	0.0503245
20236	0.187341	0.196846	3.94704	1.89651	0.480489	1.06897	-2.93243	3.95597	1.82012	0.460093	12.5985	0.388633	0.47028	0.397234	0.0507403
20237	0.13634	0.165101	3.90558	1.85504	0.474971	1.02962	-3.00015	3.73347	1.64255	0.439951	12.5556	0.398977	0.457856	0.417414	0.05108
20238	0.0965765	0.143888	3.89554	1.89103	0.485435	0.914429	-3.02103	3.72045	1.67526	0.450283	14.9753	0.334441	0.468263	0.412639	0.0516747
20239	0.0664168	0.0950039	3.86505	1.84716	0.477914	1.03622	-2.9996	3.68478	1.70518	0.462763	10.1821	0.470263	0.47052	0.402735	0.051786
20240	0.0490071	0.0347425	4.25584	1.98473	0.466356	1.04938	-2.96778	4.14844	1.92579	0.46422	9.00835	0.500377	0.465301	0.365735	0.0520392
20241	0.0312892	0.0318248	3.85105	2.0071	0.521182	0.923323	-3.03971	3.88468	1.79191	0.461277	11.8563	0.397862	0.491099	0.383155	0.0520628
20242	0.11063	0.0281512	3.98008	1.93198	0.485412	0.911943	-3.08572	3.99422	1.81419	0.454205	15.1007	0.321051	0.469781	0.392982	0.0523564
20243	-0.07557	-0.00588843	3.97895	1.92452	0.483675	0.862167	-3.13906	3.99238	1.82297	0.456612	11.1637	0.439675	0.470121	0.395851	0.0526948
20244	0.018353	0.00660044	3.74457	1.7286	0.461627	0.882635	-3.12065	3.67948	1.81771	0.494012	13.0922	0.373492	0.477677	0.408204	0.0527173
20245	0.0238327	-0.0178189	4.07015	1.87681	0.461116	0.878312	-3.15688	3.79903	1.84126	0.484666	13.4958	0.365068	0.472485	0.398637	0.0528446
20246	0.0391584	0.0545424	3.84152	1.90268	0.495294	0.771694	-3.19238	3.77811	1.74267	0.461256	19.6465	0.268304	0.478416	0.419742	0.0530136
20247	0.064602	0.0912863	3.84888	1.91394	0.497272	0.796077	-3.17649	3.68916	1.81219	0.491219	19.9575	0.267528	0.49431	0.417525	0.0531002
20248	0.155139	0.112442	3.72683	1.77573	0.476471	0.913643	-3.05657	3.70705	1.78541	0.481626	17.4555	0.287664	0.479042	0.413617	0.0533364
20249	-0.0156842	0.0228027	3.734	1.66754	0.446583	1.01564	-2.97787	3.60134	1.699	0.471767	8.46542	0.531813	0.458947	0.400831	0.0536618
20250	-0.051769	0.0420717	3.82704	1.75139	0.457635	0.938009	-3.04427	4.27027	2.04108	0.477974	9.72328	0.48983	0.468361	0.385839	0.0537738
20251	0.0411972	0.0684373	4.01658	1.82481	0.454321	0.851945	-3.15288	4.18213	1.97134	0.471372	15.7869	0.328656	0.463019	0.406078	0.0542413
20252	0.0819649	0.0819953	4.23102	1.87818	0.443908	0.834873	-3.1483	3.83736	1.82366	0.475239	18.4078	0.283435	0.458809	0.413509	0.054723
20253	0.0416214	0.124673	3.88577	1.88722	0.485674	0.821771	-3.18394	4.10157	1.86628	0.455016	17.9861	0.304316	0.469931	0.421791	0.0546816
20254	0.275962	0.165841	3.63796	1.7002	0.467349	0.794537	-3.16398	3.81078	1.87043	0.490825	41.2306	0.13446	0.47936	0.43716	0.0548911
20255	0.0974487	0.116501	3.73536	1.6763	0.448766	0.853843	-3.11306	3.88647	1.84776	0.475433	18.2302	0.286066	0.462364	0.425383	0.0554384
20256	0.0748582	0.04503	3.503	1.795	0.51242	0.826457	-3.14841	3.69498	1.76668	0.478129	18.0529	0.28245	0.494817	0.417309	0.0556421
20257	0.0511368	0.0901048	3.89874	1.79944	0.461543	0.892361	-3.13519	3.58803	1.85444	0.516842	14.7	0.353829	0.488045	0.415923	0.0557834
20258	0.0173417	0.0419991	3.96874	1.84502	0.464887	0.859333	-3.11628	3.98491	1.84582	0.463202	14.0697	0.354475	0.464043	0.403334	0.0562041
20259	0.037322	0.0236408	4.05	1.85118	0.457082	0.889242	-3.09947	3.69962	1.81212	0.489812	13.4393	0.362884	0.472707	0.399752	0.0562044
20260	-0.0812711	-0.00224188	3.96358	1.70029	0.428978	1.0227	-3.02967	3.9033	1.82461	0.467454	7.52023	0.609377	0.448069	0.394074	0.0563045
20261	-0.00795062	-0.0364051	3.81237	1.7788	0.466586	1.01752	-3.04795	3.82809	1.96627	0.513642	8.62447	0.525796	0.490162	0.377229	0.0565114
20262	-0.041714	-0.0956567	3.59133	1.75042	0.487403	0.952162	-3.06417	3.8049	1.87068	0.491651	8.92099	0.493894	0.489588	0.378374	0.0565277
20263	-0.0745311	-0.0802574	3.68415	1.75671	0.476828	1.05686	-2.93412	3.68346	1.81267	0.49211	6.36267	0.640023	0.484468	0.363353	0.0565209
20264	-0.104729	-0.0948253	3.80546	1.87138	0.49176	1.0284	-2.95634	3.74942	1.72653	0.460479	6.37722	0.641994	0.476236	0.362751	0.0566822
20265	-0.0839874	-0.0856021	3.87085	1.93987	0.501147	1.0619	-2.94851	3.89209	1.85724	0.477184	6.24211	0.656529	0.489133	0.350611	0.0569212
20266	-0.0826383	-0.0987624	3.57334	1.79872	0.503371	0.999625	-2.97248	3.99519	1.78607	0.447055	7.05055	0.585647	0.473644	0.365568	0.0569624
20267	-0.0277318	-0.0758462	3.81316	1.90663	0.500013	1.00829	-2.98928	3.70952	1.84317	0.496874	7.90807	0.536671	0.498465	0.361506	0.0568544
20268	-0.0540537	-0.0921896	3.86987	1.88617	0.487397	0.986066	-2.98291	3.77827	1.88351	0.498512	7.72408	0.540925	0.492888	0.356688	0.0574094
20269	-0.120935	-0.0511421	3.84505	1.93017	0.501988	1.07357	-2.9329	3.96328	1.9354	0.488333	5.82024	0.713415	0.495057	0.34953	0.0575563
20270	-0.0187736	-0.0491064	4.07261	1.87151	0.459535	1.04782	-2.89432	3.61807	1.70585	0.471483	7.11591	0.568815	0.465156	0.361435	0.0581385
20271	-0.0407312	-0.0430387	3.62335	1.65383	0.456435	1.10234	-2.90268	3.78777	1.81888	0.480197	6.25859	0.653307	0.46858	0.370673	0.0583753
20272	-0.0284041	0.0132851	3.60225	1.70902	0.474432	1.11027	-2.87643	4.02876	1.87904	0.466406	6.44032	0.648295	0.470194	0.367934	0.0581305
20273	0.0125251	0.024199	3.64657	1.73407	0.475533	1.18093	-2.85941	3.97179	1.82587	0.459708	6.09094	0.682588	0.467283	0.368781	0.0587594
20274	0.114253	0.0254104	3.64089	1.7216	0.472851	1.23842	-2.83744	3.79882	1.90178	0.500624	6.48535	0.631877	0.487032	0.361336	0.058788
20275	0.0706881	0.0603771	3.7884	1.74809	0.461431	1.0655	-2.91471	3.89565	1.85329	0.475732	8.94376	0.494822	0.468682	0.380703	0.0591225
20276	0.0492131	0.0981983	3.88621	1.8397	0.473393	1.03517	-2.99437	4.02869	1.84704	0.45847	9.83845	0.486051	0.465797	0.393522	0.0597737
20277	0.194107	0.147833	3.9383	1.81126	0.459908	1.02469	-2.9615	3.84861	1.79841	0.467288	14.0144	0.344931	0.463555	0.40117	0.0599417
20278	0.212668	0.19086	3.72491	1.88614	0.506359	1.10685	-2.97077	3.73135	1.81147	0.485474	12.5016	0.399783	0.495908	0.403402	0.0602751
20279	0.254255	0.261726	3.89303	1.90002	0.488057	1.04294	-2.95196	4.12648	1.92058	0.465428	16.6034	0.311014	0.476413	0.403389	0.0605514
20280	0.259468	0.227104	4.05603	1.8286	0.450836	1.07677	-2.9771	3.88172	1.92459	0.495809	15.37	0.333992	0.472829	0.406253	0.060914
20281	0.308676	0.270434	3.67278	1.68685	0.459286	0.999741	-2.99863	3.91194	1.95261	0.499142	22.3774	0.238786	0.479842	0.423451	0.0611683
20282	0.316559	0.290995	3.88398	1.78153	0.458686	1.068	-2.9687	4.12079	1.90155	0.461452	18.8178	0.28233	0.46011	0.419148	0.0613481
20283	0.261078	0.24967	3.71356	1.782	0.479863	1.01657	-2.90402	3.71295	1.84076	0.495767	17.4252	0.285384	0.487815	0.40712	0.0616633
20284	0.182563	0.219311	3.87791	1.78892	0.46131	1.12168	-2.81097	3.6657	1.82311	0.497343	10.4118	0.44097	0.478819	0.388706	0.0618466
20285	0.148222	0.18817	3.79243	1.74746	0.460775	1.08826	-2.8597	3.79367	1.831	0.482647	10.5123	0.441838	0.471713	0.393687	0.0621722
20286	0.231966	0.228585	4.00181	1.88511	0.471064	1.26929	-2.79785	3.92733	1.87714	0.477969	8.51204	0.538022	0.474484	0.378472	0.062588
20287	0.23593	0.23616	3.90187	1.91603	0.491054	1.17084	-2.77924	4.22002	2.10131	0.497939	10.4027	0.437032	0.494631	0.36148	0.0630716
20288	0.298326	0.197	3.70628	1.95482	0.527435	1.22647	-2.82042	3.94447	1.80132	0.456669	10.5692	0.430723	0.490951	0.37745	0.0634752
20289	0.166584	0.134573	3.66857	1.90252	0.518601	1.27005	-2.71773	3.69523	1.77365	0.479985	6.68146	0.608823	0.499223	0.356311	0.0637303
20290	0.116679	0.131819	3.5294	1.86392	0.528112	1.20115	-2.75218	3.89705	1.78119	0.457062	7.07215	0.588044	0.490828	0.363357	0.063848
20291	0.0832989	0.0431953	4.44893	2.04436	0.459518	1.21996	-2.8016	3.89379	1.78948	0.459574	6.26382	0.646003	0.459544	0.345546	0.064423
20292	0.095599	0.0384048	3.95331	1.90418	0.481667	1.06213	-2.8335	3.85132	1.65828	0.430575	8.829	0.467089	0.456455	0.366725	0.064656
20293	-0.00206162	0.0417574	3.82831	1.78882	0.467262	1.28651	-2.76588	3.34442	1.67858	0.501906	4.74747	0.830213	0.483416	0.362503	0.0647547
20294	-0.0295698	-0.0353883	3.56813	1.77277	0.496835	1.16183	-2.82497	3.62111	1.61636	0.446373	5.48231	0.709714	0.471418	0.364801	0.0649954
20295	-0.150307	-0.0861142	3.97882	1.87111	0.470268	1.19378	-2.80622	3.62665	1.66293	0.458531	4.09557	0.903291	0.464671	0.34369	0.0652712
20296	-0.0134636	-0.104832	3.86952	1.78238	0.460621	1.25853	-2.81776	3.52219	1.6595	0.471156	4.54889	0.808984	0.465641	0.348474	0.0655721
20297	-0.0995208	-0.105696	3.71458	1.75365	0.4721	1.15821	-2.86895	3.5363	1.70531	0.48223	4.82687	0.790943	0.47704	0.35573	0.0658776
20298	-0.191863	-0.136441	3.83784	1.71135	0.445914	1.19003	-2.82022	3.79351	1.79803	0.473976	3.77177	0.954813	0.459864	0.339218	0.0662291
20299	-0.148239	-0.15746	3.94462	1.81926	0.461201	1.15484	-2.74781	3.66529	1.73375	0.47302	3.95163	0.849009	0.466894	0.320821	0.0667745
20300	-0.133222	-0.155879	4.1161	1.87419	0.455332	1.22388	-2.80451	3.83814	1.86543	0.486025	3.80908	0.920856	0.470142	0.319364	0.0665882
20301	-0.192088	-0.192978	3.73602	1.78578	0.477991	1.20823	-2.82844	3.62545	1.81764	0.501356	3.5421	0.980444	0.489498	0.325291	0.0669177
20302	-0.209157	-0.245687	3.37989	1.76899	0.523387	1.18308	-2.81508	4.05549	1.91074	0.471148	3.40591	0.969167	0.494894	0.309749	0.0671411
20303	-0.418503	-0.336423	4.02952	1.97872	0.491055	1.10826	-2.88963	3.45207	1.67218	0.4844	2.79657	1.16551	0.487984	0.308729	0.0673036
20304	-0.334084	-0.289553	3.76949	1.91792	0.508801	1.11006	-2.87836	3.60069	1.68129	0.466936	3.21349	1.04278	0.488348	0.317754	0.0674553
20305	-0.363158	-0.38169	3.88192	1.80349	0.464586	1.12593	-2.85154	3.81091	1.81835	0.477144	2.75108	1.10869	0.470807	0.296408	0.0677465
20306	-0.333095	-0.342601	3.77771	1.77066	0.468713	1.20994	-2.84834	3.86463	1.75333	0.453687	2.63709	1.19047	0.461115	0.30827	0.0680664
20307	-0.231395	-0.278539	3.96874	1.7133	0.431699	1.14249	-2.87575	3.83357	1.88627	0.492038	3.57366	0.943777	0.461346	0.319138	0.0684632
20308	-0.219234	-0.227395	3.88171	1.82737	0.470763	1.12437	-2.85232	3.52477	1.67575	0.475421	3.81673	0.902639	0.47298	0.329745	0.068764
20309	-0.244852	-0.258072	4.04713	1.85625	0.458659	1.19602	-2.86539	3.78157	1.67847	0.443856	3.27445	1.03806	0.451509	0.324803	0.0688724
20310	-0.238403	-0.259036	3.88358	1.91005	0.491827	1.07737	-2.92769	3.86156	1.87147	0.484642	4.11362	0.865624	0.488245	0.320217	0.0687062
20311	-0.350807	-0.32734	3.73262	1.67587	0.448981	1.03381	-2.89429	3.75981	1.80688	0.480578	3.43698	0.958577	0.464837	0.321217	0.069037
20312	-0.303977	-0.310001	3.72666	1.69453	0.454705	1.15752	-2.9201	3.72171	1.9593	0.526452	3.18946	1.06798	0.490555	0.318039	0.0692849
20313	-0.211348	-0.232573	3.77846	1.7024	0.450554	1.07784	-2.94087	4.0374	1.80682	0.44752	4.41328	0.831	0.448987	0.343317	0.0694921
20314	-0.292256	-0.233035	4.10129	1.86704	0.455233	1.02257	-2.92297	4.09712	1.91452	0.467284	4.18547	0.864387	0.461255	0.323683	0.0700425
20315	-0.110808	-0.173412	4.14412	1.88167	0.454058	1.10354	-2.93631	3.59029	1.75133	0.487796	5.17656	0.737326	0.469719	0.344503	0.0702616
20316	-0.145694	-0.095235	3.87301	1.92732	0.497628	0.934657	-2.98187	3.85352	1.69796	0.440626	7.13928	0.583579	0.469199	0.365043	0.070381
20317	-0.0490959	-0.0439807	3.88148	1.84736	0.475942	1.03404	-3.01412	4.27633	1.9149	0.447792	7.51945	0.586593	0.461186	0.369678	0.0708265
20318	0.066404	0.0400365	4.00999	1.90302	0.474571	0.985656	-2.97997	3.79663	1.86756	0.491899	10.7931	0.422512	0.482998	0.376952	0.0710449
20319	-0.119543	-0.00931361	4.16746	1.97379	0.473619	0.978147	-3.00405	3.77379	1.73322	0.459278	7.44316	0.602461	0.466804	0.376999	0.0711888
20320	-0.0314578	-0.00968017	4.18127	1.98684	0.475176	1.02354	-3.01511	3.66356	1.67172	0.45631	8.11535	0.556515	0.466366	0.381775	0.0713912
20321	0.00122149	-0.0242914	3.68626	1.79978	0.488239	0.980816	-3.03936	3.78478	1.78353	0.471237	9.47333	0.479802	0.479626	0.388212	0.0712337
20322	-0.0698286	-0.0630953	3.71898	1.77051	0.476075	1.04422	-3.03326	4.06157	1.84228	0.453587	7.10811	0.62055	0.464336	0.379178	0.0714418
20323	-0.134077	-0.0915038	3.89184	1.77476	0.45602	1.00803	-2.98661	3.48959	1.68212	0.482038	6.42565	0.6522	0.46832	0.377513	0.0719451
20324	-0.0218808	-0.0461952	3.7017	1.76815	0.477659	1.02906	-3.01517	3.58211	1.70566	0.47616	7.98097	0.552238	0.476922	0.388265	0.0721831
20325	-0.0785148	-0.0732345	3.64808	1.70734	0.46801	0.996154	-3.0052	3.86774	1.69088	0.437174	7.44334	0.577457	0.452142	0.387532	0.0725793
20326	0.0666435	-0.000320967	3.6171	1.71625	0.474481	1.0211	-3.02024	3.94858	1.71178	0.433518	10.0109	0.455498	0.453103	0.399556	0.073128
20327	0.0533469	0.0137809	3.76262	1.78713	0.474969	1.0798	-2.96333	3.78363	1.6181	0.427658	8.41223	0.526805	0.451247	0.394318	0.0730846
20328	-0.0469979	0.00615562	3.92478	1.91099	0.486904	1.03136	-2.9502	3.66337	1.73631	0.473964	7.51606	0.581424	0.480657	0.374756	0.073412
20329	0.0589985	-0.0137163	3.66549	1.92834	0.526079	0.996986	-2.98377	3.62495	1.83137	0.505212	10.0261	0.439911	0.515704	0.369822	0.0737425
20330	0.0671434	0.0414009	3.85119	1.80293	0.468147	0.947703	-2.98856	3.88759	1.73779	0.44701	11.8401	0.387692	0.457529	0.393405	0.0736557
20331	-0.0386652	-0.0111411	3.79362	1.79844	0.47407	0.989394	-3.02903	3.78822	1.89234	0.499533	8.61731	0.528453	0.486793	0.381658	0.0737505
20332	-0.017685	-0.0426698	3.66239	1.71825	0.469161	0.987937	-2.97918	3.91582	1.88481	0.481334	8.52695	0.505638	0.475451	0.374459	0.0737883
20333	-0.182127	-0.139531	4.11001	1.92244	0.467745	1.0035	-3.01584	3.92985	1.92181	0.489028	5.88536	0.702858	0.478148	0.349928	0.0737434
20334	-0.152262	-0.156413	3.7759	1.85807	0.492088	0.892384	-3.05262	3.61721	1.86951	0.516838	7.68637	0.545643	0.504197	0.360142	0.0739571
20335	-0.0409538	-0.0895199	3.76733	1.74382	0.462881	0.949829	-3.06527	3.66487	1.83609	0.500997	9.0206	0.490825	0.481676	0.382219	0.0737153
20336	-0.095496	-0.099104	3.62667	1.79067	0.493751	0.978117	-3.094	3.89729	1.83046	0.469674	7.7816	0.576323	0.481279	0.382545	0.0739487
20337	-0.0266	-0.0519144	3.69501	1.73975	0.470836	0.864541	-3.08381	3.83394	1.8411	0.480211	11.5754	0.397066	0.47561	0.391023	0.0742173
20338	-0.116566	-0.0394806	3.6139	1.79648	0.497104	0.83914	-3.05753	3.91495	1.86111	0.475385	9.97252	0.456687	0.48581	0.383818	0.0748153
20339	-0.232399	-0.125729	3.8694	1.90206	0.491566	0.913793	-3.04573	3.96877	1.91781	0.483224	6.49012	0.656878	0.487342	0.358279	0.0750157
20340	-0.034018	-0.05962	3.97919	1.98027	0.497657	1.04828	-3.04666	3.7383	1.89065	0.505752	7.61711	0.585683	0.501578	0.365697	0.075515
20341	-0.182905	-0.0436468	3.81078	1.86269	0.488795	0.906959	-3.03536	4.04783	1.90636	0.470957	7.5352	0.593902	0.479607	0.372636	0.0762281
20342	-0.0376489	-0.0645234	3.98398	1.9143	0.4805	0.989329	-3.03206	3.79019	1.84693	0.487293	8.34969	0.527342	0.483811	0.369334	0.076421
20343	-0.0430534	-0.0476209	3.8579	1.76641	0.457867	1.06517	-2.90707	3.6071	1.71659	0.475893	6.65747	0.614079	0.466578	0.36995	0.0766005
20344	-0.0260592	-0.0145678	3.96677	1.91622	0.483069	0.987632	-2.95315	3.88479	1.84764	0.475608	8.40358	0.513785	0.479378	0.364616	0.0768399
20345	0.0145461	0.022736	4.06933	1.94437	0.477812	1.09175	-2.90602	3.75505	1.93622	0.51563	7.39219	0.58018	0.495961	0.356032	0.0771073
20346	-0.137645	-0.0831418	3.81989	1.85082	0.484522	1.00637	-3.00358	4.34523	1.95116	0.449034	6.51683	0.654381	0.465636	0.359428	0.0773043
20347	-0.152268	-0.0987066	4.10391	1.8168	0.4427	1.01438	-2.98893	4.19547	1.94855	0.464441	6.1374	0.680532	0.453691	0.356872	0.07737
20348	-0.0478478	-0.0637102	3.73194	1.68652	0.451915	1.07709	-2.94366	3.91275	1.99227	0.509173	6.55413	0.63274	0.481221	0.360584	0.0775913
20349	-0.0928226	-0.116651	3.76258	1.744	0.463512	1.09296	-2.92359	4.12343	1.95221	0.473443	5.60349	0.703036	0.468705	0.347757	0.0776901
20350	-0.179689	-0.186518	4.10643	1.74615	0.425223	1.06971	-2.90444	4.02248	2.02656	0.503809	4.73229	0.780498	0.46411	0.328748	0.0781472
20351	-0.144213	-0.17152	3.68334	1.76747	0.479855	1.09972	-2.8884	4.00011	1.97218	0.493031	4.77028	0.77369	0.486714	0.330524	0.0784515
20352	-0.175808	-0.181352	3.70697	1.84516	0.497754	1.05494	-2.9461	4.01137	1.99724	0.497894	5.04632	0.757367	0.497827	0.332258	0.0787185
20353	-0.068022	-0.159999	3.64635	1.79631	0.492631	1.11859	-2.94884	4.09638	2.00384	0.489174	5.52373	0.704022	0.490802	0.338591	0.0787239
20354	-0.128385	-0.141772	3.76183	1.65883	0.440963	1.05799	-2.9414	3.79064	1.85924	0.490482	5.56878	0.703738	0.465817	0.357844	0.0789106
20355	-0.11124	-0.180502	3.53858	1.7994	0.508509	1.08867	-2.8929	3.85195	1.77651	0.461198	5.10982	0.719897	0.48385	0.339763	0.0789368
20356	-0.287413	-0.217939	3.8642	1.64038	0.424506	1.07635	-2.83636	3.66623	1.52654	0.41638	3.6864	0.929921	0.42055	0.351281	0.0792488
20357	-0.171493	-0.17536	3.621	1.78736	0.49361	1.27366	-2.79198	3.81015	1.7315	0.454444	3.27835	1.04423	0.473529	0.327357	0.0793739
20358	-0.184544	-0.157616	3.85713	1.80122	0.466986	1.20396	-2.76911	3.84148	1.65081	0.429734	3.53738	0.963977	0.448398	0.330724	0.0801687
20359	-0.253117	-0.234313	3.92441	1.81217	0.461769	1.15096	-2.81485	3.53574	1.72124	0.48681	3.37784	0.985719	0.473638	0.320373	0.0803892
20360	-0.179568	-0.22335	4.16059	1.93448	0.464954	1.16493	-2.76351	3.58603	1.73544	0.483946	3.56947	0.903832	0.473746	0.305443	0.0807422
20361	-0.163059	-0.252677	3.87241	1.86538	0.481711	1.11855	-2.85786	3.79861	1.84029	0.484465	4.13207	0.821255	0.483075	0.314179	0.0811032
20362	-0.288051	-0.279634	3.83854	1.93554	0.504239	1.11695	-2.87174	3.69382	1.7642	0.47761	3.40367	0.987021	0.491181	0.312358	0.0814398
20363	-0.171257	-0.223464	4.12873	1.95464	0.473424	1.1449	-2.83841	3.81748	1.92903	0.505315	3.94738	0.866134	0.488745	0.305745	0.0813168
20364	-0.115401	-0.186435	3.88704	1.72848	0.444677	1.26967	-2.74173	4.05538	1.81953	0.448671	3.40361	0.959204	0.446716	0.315215	0.0814028
20365	-0.196829	-0.201684	3.83588	1.81135	0.472212	1.28833	-2.72202	3.963	1.79938	0.454045	2.87984	1.10285	0.46298	0.305568	0.0814444
20366	-0.118738	-0.124581	4.2161	1.92193	0.455856	1.06026	-2.80722	3.84012	1.81509	0.472664	5.1773	0.695013	0.463867	0.32509	0.0815523
20367	-0.173119	-0.158032	3.97595	2.00434	0.504116	1.15305	-2.84658	3.54803	1.65324	0.465961	4.10996	0.879365	0.486123	0.330795	0.0814941
20368	-0.076601	-0.129945	4.12045	1.98986	0.482922	1.24743	-2.80374	3.53448	1.68475	0.476662	4.07814	0.876524	0.480032	0.327339	0.0814537
20369	-0.116394	-0.0726604	3.97854	1.95178	0.490577	1.18398	-2.8408	3.9101	1.94757	0.498087	4.53148	0.845484	0.494299	0.329543	0.0819306
20370	-0.0350083	-0.0553803	3.8668	1.78094	0.460574	1.18637	-2.87618	3.85285	1.8501	0.48019	5.33384	0.745888	0.470364	0.354052	0.0820133
20371	-0.0370614	-0.101736	3.85509	1.92016	0.498085	1.25308	-2.79207	3.87562	1.81258	0.467687	4.34851	0.832226	0.482846	0.326599	0.0824402
20372	-0.0666416	-0.119257	3.77831	1.82457	0.482905	1.15601	-2.81847	3.78876	1.8154	0.479155	4.87384	0.747435	0.481027	0.333622	0.0825819
20373	-0.0758078	-0.0829286	4.14294	1.92482	0.464603	1.12347	-2.80096	3.81158	1.75776	0.461164	5.13648	0.71914	0.462955	0.334123	0.0827362
20374	-0.0395217	-0.0658303	4.00314	1.86476	0.465823	1.15687	-2.81292	3.9779	1.76532	0.443783	5.27231	0.715673	0.454838	0.342097	0.083024
20375	-0.0940776	-0.104802	3.83572	1.88778	0.492157	1.1284	-2.81002	3.76698	1.89812	0.503883	4.89691	0.747228	0.497967	0.325917	0.0827822
20376	-0.180437	-0.200031	3.81465	1.85578	0.486489	1.17192	-2.81527	3.51862	1.86618	0.530374	3.73972	0.914436	0.507545	0.314894	0.0831635
20377	-0.191485	-0.178895	3.90945	1.89387	0.484435	1.17538	-2.89314	3.87065	1.90455	0.492048	3.9432	0.934158	0.488222	0.326656	0.0832955
20378	-0.0677135	-0.0795638	3.71995	1.86063	0.500175	1.15723	-2.89858	3.67189	1.8032	0.491081	5.29621	0.750241	0.495658	0.351712	0.0836128
20379	-0.117742	-0.1115	3.84401	1.7119	0.445341	1.03784	-2.90194	3.64814	1.89331	0.518981	5.83099	0.66769	0.481198	0.350744	0.084166
20380	-0.0500476	-0.0694329	3.77362	1.79197	0.474867	1.12149	-2.90579	3.58979	1.7888	0.498303	5.86148	0.686254	0.486293	0.359778	0.0844966
20381	0.0269251	-0.0610834	3.70705	1.76491	0.476097	1.12391	-2.85542	3.8435	1.89127	0.49207	6.48868	0.601689	0.484228	0.348186	0.084819
20382	-0.191861	-0.12591	3.81012	1.77742	0.4665	1.19029	-2.85291	3.86216	1.94214	0.502864	3.89279	0.955164	0.484805	0.333367	0.0852323
20383	-0.0875866	-0.0837701	3.74937	1.76935	0.471906	1.09483	-2.85647	3.78282	1.84779	0.488469	5.49874	0.699056	0.480224	0.347094	0.0854533
20384	-0.124797	-0.138905	3.80614	1.83993	0.483411	1.19856	-2.84052	4.09229	1.89277	0.462522	4.16763	0.875643	0.472588	0.328445	0.085864
20385	-0.0526692	-0.0735911	3.86169	1.9226	0.497864	1.13731	-2.80992	3.91909	1.88724	0.481551	5.28756	0.708031	0.489647	0.329567	0.0861928
20386	-0.168532	-0.0840641	3.68792	1.87721	0.509015	1.20919	-2.80345	4.09446	1.9009	0.464262	3.89601	0.949055	0.485469	0.32867	0.0860035
20387	-0.174107	-0.134357	4.18508	1.86928	0.446652	1.1812	-2.83361	4.02024	1.9575	0.486911	3.96654	0.918431	0.466377	0.322597	0.0859235
20388	-0.0801728	-0.122304	3.90806	1.89862	0.485822	1.11422	-2.8857	3.99303	1.95004	0.488361	5.35291	0.71329	0.487105	0.33168	0.0864608
20389	-0.0971906	-0.101712	4.18149	1.84528	0.441298	1.03391	-2.91637	3.82204	1.97709	0.517288	6.19223	0.639697	0.477587	0.341418	0.0863681
20390	-0.128142	-0.113799	3.93196	2.04117	0.519124	1.13068	-2.90169	3.70703	1.9239	0.518986	4.90484	0.792315	0.519057	0.328993	0.0865407
20391	-0.111072	-0.130873	4.07054	2.05784	0.505545	1.15449	-2.89049	3.98182	1.8191	0.456852	4.75479	0.80082	0.481467	0.329453	0.0868735
20392	-0.265844	-0.142715	3.68838	1.80525	0.489442	1.06135	-2.93556	3.89406	1.74743	0.448743	4.42818	0.880722	0.46854	0.354487	0.086735
20393	-0.299771	-0.224941	4.08505	1.94626	0.476434	1.13916	-2.89353	3.4654	1.6981	0.490015	3.43939	1.03526	0.482667	0.328302	0.086825
20394	-0.180644	-0.206037	3.94137	1.85261	0.470043	1.14547	-2.92672	3.70029	1.57447	0.425498	4.20911	0.879294	0.448473	0.350751	0.0868683
20395	-0.192274	-0.195702	3.85223	1.98282	0.514719	1.10405	-2.87489	3.61983	1.67218	0.461949	4.27147	0.84023	0.489155	0.329408	0.0871129
20396	-0.280996	-0.305636	3.86407	1.89412	0.490188	1.17241	-2.84142	3.724	1.64408	0.441482	3.04404	1.05619	0.466285	0.312511	0.087637
20397	-0.396196	-0.346714	3.73344	1.92187	0.514771	1.18769	-2.84053	3.94635	1.79812	0.455642	2.47903	1.25435	0.484387	0.294863	0.0878474
20398	-0.35089	-0.348173	3.68817	1.89164	0.512895	1.18214	-2.79274	3.79507	1.79902	0.47404	2.54276	1.17509	0.49319	0.288258	0.087643
20399	-0.311388	-0.313443	4.19224	2.08669	0.497749	1.14156	-2.84467	3.80742	1.9046	0.500235	3.03503	1.05553	0.498932	0.286489	0.0878894
20400	-0.351155	-0.33132	3.71984	1.90369	0.511767	1.13652	-2.84415	3.92536	1.94529	0.49557	2.85308	1.10658	0.503451	0.290949	0.0882004
20401	-0.328215	-0.345084	3.6904	1.75097	0.474466	1.16165	-2.92512	3.8396	1.71977	0.447903	2.99887	1.10985	0.460922	0.324197	0.0883533
20402	-0.293516	-0.29436	3.73016	1.9286	0.517029	1.10529	-2.93877	3.80696	1.69325	0.444776	3.57391	0.978328	0.480534	0.32566	0.0884273
20403	-0.228958	-0.205851	3.90843	1.79386	0.458973	1.05327	-2.97615	3.65359	1.74737	0.478261	4.6679	0.822059	0.468292	0.351522	0.088458
20404	-0.161736	-0.203735	3.61544	1.77683	0.491455	0.904126	-3.06219	3.43032	1.77165	0.516467	7.1922	0.56803	0.503633	0.365459	0.0889103
20405	-0.266708	-0.166914	3.94557	1.85806	0.470923	0.982849	-2.98941	3.79536	1.75175	0.46155	5.10216	0.780696	0.466327	0.35567	0.0887858
20406	-0.177956	-0.120303	3.94762	1.96994	0.49902	1.08223	-2.94097	4.05267	1.92217	0.474297	5.00995	0.794036	0.486497	0.338318	0.0892182
20407	-0.19558	-0.161661	3.97598	1.97067	0.495643	1.14609	-2.95354	3.80657	1.92252	0.505054	4.3301	0.900045	0.500246	0.333678	0.0894731
20408	-0.189775	-0.158257	3.64703	1.91606	0.525375	1.02999	-2.97687	4.10052	2.05213	0.500456	5.33967	0.743919	0.512186	0.333674	0.0898572
20409	-0.221259	-0.20887	3.97109	1.86949	0.470776	1.09958	-2.96172	3.76988	1.83834	0.487639	4.34377	0.872306	0.478988	0.33828	0.0897967
20410	-0.308208	-0.256963	4.09706	1.84207	0.449609	1.02685	-2.99618	3.81821	1.93944	0.507945	4.20969	0.891197	0.47775	0.331686	0.0901937
20411	-0.277174	-0.224147	4.08799	1.95054	0.47714	1.00051	-3.03214	3.88958	1.82418	0.468992	4.83	0.816236	0.473167	0.343174	0.0906477
20412	-0.264555	-0.276823	3.83957	1.9053	0.496228	0.94231	-3.05183	3.88084	1.75658	0.452628	5.28701	0.728261	0.474311	0.34469	0.0908563
20413	-0.195171	-0.189831	3.99581	1.87193	0.468473	0.947567	-3.03944	3.9151	1.74175	0.444879	6.21837	0.652926	0.456797	0.359817	0.0912573
20414	-0.257647	-0.2289	3.99945	1.803	0.450812	1.00169	-2.97891	3.71676	1.78944	0.481451	4.76851	0.792968	0.465571	0.344926	0.0914486
20415	-0.331513	-0.280979	3.78325	1.94913	0.515201	1.04962	-2.97473	4.39412	2.0897	0.475567	3.80403	0.953763	0.493904	0.310051	0.0919395
20416	-0.274097	-0.255363	3.84727	1.88281	0.489388	0.981869	-2.98714	4.05028	1.96633	0.48548	4.73082	0.788725	0.487384	0.326571	0.0917351
20417	-0.17892	-0.200482	3.886	1.93316	0.497468	0.925514	-3.06256	4.00576	1.90006	0.474332	6.71558	0.609887	0.485725	0.348327	0.091687
20418	-0.169223	-0.169524	4.31517	1.99597	0.462548	0.950541	-3.06928	3.96955	1.89243	0.476737	6.70608	0.626936	0.469347	0.351024	0.0918178
20419	-0.156356	-0.135764	3.88629	1.83538	0.472271	1.02515	-2.98296	4.14919	2.06213	0.496994	5.80714	0.697979	0.485037	0.34221	0.0920636
20420	-0.166849	-0.120377	4.17892	2.00854	0.480637	1.04998	-2.98054	3.83565	1.81615	0.473493	5.5249	0.740333	0.477218	0.348528	0.0922318
20421	-0.0707074	-0.0879758	3.71997	1.78396	0.479562	1.09322	-2.97241	4.02893	1.90921	0.473875	6.14142	0.677367	0.476605	0.360402	0.0926048
20422	-0.178616	-0.109542	3.81704	1.87437	0.491052	1.11606	-2.89816	3.95112	1.99414	0.504702	4.63937	0.838087	0.497995	0.334574	0.0927907
20423	0.0582748	-0.00567765	3.9249	1.94182	0.494744	1.12989	-2.89235	4.16171	1.9244	0.462407	7.25632	0.574179	0.478102	0.350267	0.092618
20424	-0.0118267	-0.0139265	3.97406	2.02957	0.510704	1.06526	-2.93552	3.92845	1.94742	0.495723	7.35771	0.580054	0.503257	0.349313	0.0926807
20425	-0.0484417	-0.00711932	4.00697	2.04675	0.510799	1.09578	-2.89087	3.95826	1.9144	0.483646	6.35181	0.65462	0.497305	0.344311	0.0928532
20426	-0.0662631	-0.0111038	3.97442	1.89157	0.475936	0.939799	-2.97671	3.66715	1.90034	0.518205	8.68915	0.50608	0.49622	0.367142	0.0931094
20427	0.0124592	0.0603742	4.02319	1.97801	0.491651	1.01738	-3.00046	3.97781	1.91451	0.481297	9.27725	0.504929	0.486503	0.375786	0.0934642
20428	0.178098	0.0790266	3.88828	2.00551	0.515784	1.07863	-2.90408	3.80855	1.7761	0.466344	10.9733	0.405481	0.49132	0.370514	0.0939879
20429	0.146155	0.103476	3.64883	2.0334	0.557275	1.02653	-2.92839	3.71103	1.79899	0.484769	11.8599	0.387532	0.520716	0.374975	0.0941342
20430	0.112005	0.100255	3.89851	1.95628	0.501803	1.03146	-2.94942	3.611	1.71148	0.473963	11.0014	0.422696	0.488416	0.3881	0.0943311
20431	0.0654949	0.0565133	4.08298	1.99513	0.488644	1.03177	-2.97287	3.54915	1.69322	0.477078	9.829	0.46684	0.483266	0.383609	0.0943623
20432	0.083573	0.0392844	4.1904	2.05094	0.489438	1.11633	-2.91355	3.99103	1.74386	0.436944	8.17497	0.533289	0.463831	0.364962	0.0945634
20433	0.049153	0.0703899	3.94185	1.97889	0.50202	1.03348	-2.94567	3.62961	1.79467	0.494454	9.38872	0.484445	0.498393	0.376153	0.0948496
20434	0.0886488	0.0380145	4.12066	1.87266	0.454457	1.08867	-2.91255	3.62613	1.61569	0.445569	8.70547	0.50002	0.450296	0.384325	0.0944816
20435	0.011429	0.0455145	3.80179	1.84143	0.484358	1.16704	-2.86585	3.74386	1.70041	0.454186	6.34704	0.667718	0.469388	0.374445	0.0945237
20436	0.0629719	0.0594469	3.87264	1.91235	0.493811	1.0615	-2.94826	3.83705	1.89454	0.493749	9.07292	0.498532	0.49378	0.372793	0.0946285
20437	0.0330085	-0.00081352	4.23878	1.81802	0.428901	0.961997	-2.96507	3.89112	1.8501	0.475467	10.1815	0.43151	0.451188	0.374674	0.0952979
20438	0.0187997	0.0140917	4.06318	1.9261	0.474038	1.05039	-2.95888	3.90166	1.87882	0.481545	8.3056	0.532086	0.477715	0.367499	0.0953499
20439	-0.0142082	-0.0102523	3.70025	1.93483	0.522891	1.06085	-2.91202	3.68324	1.92787	0.523417	7.28554	0.577874	0.523153	0.352853	0.0959065
20440	-0.0543032	-0.0840877	3.88016	1.88066	0.484685	1.00806	-2.91195	3.92146	1.89212	0.482505	7.08549	0.564307	0.483589	0.346476	0.095907
20441	-0.115083	-0.0805995	3.76014	1.87086	0.497551	1.23471	-2.87343	4.17374	2.07314	0.496709	4.2811	0.910969	0.497108	0.330953	0.0962884
20442	-0.0142722	-0.0676848	3.70907	1.81674	0.48981	1.12767	-2.88063	4.19895	2.03276	0.484112	6.06778	0.65202	0.486784	0.339555	0.0959146
20443	0.0109997	-0.0436219	3.85455	1.78989	0.464356	1.17709	-2.88856	3.85975	1.89772	0.491669	5.95228	0.679881	0.478022	0.354416	0.0963257
20444	-0.0662713	-0.0412722	3.96121	1.87068	0.472249	1.11482	-2.87923	4.16612	1.88086	0.451464	5.77359	0.697485	0.461595	0.349374	0.096744
20445	-0.00407121	-0.048878	3.93399	1.72268	0.437897	1.00219	-2.94767	4.01196	1.9402	0.483603	8.29871	0.506285	0.460975	0.3646	0.0966309
20446	0.0115317	0.0532485	3.56133	1.84984	0.519426	1.03526	-2.95796	4.14221	1.97334	0.476397	8.65193	0.524008	0.496289	0.372339	0.0965542
20447	0.0551389	-0.0244901	3.9419	1.88945	0.479325	1.04608	-2.9675	3.92233	1.89688	0.483611	8.82043	0.490979	0.481463	0.363934	0.0964063
20448	-0.078899	-0.0530309	4.00457	1.82255	0.455117	1.00652	-2.98089	3.80541	1.887	0.495872	7.27621	0.589066	0.474974	0.366291	0.0970129
20449	-0.046684	-0.0289181	3.995	1.82513	0.456852	0.873173	-3.0345	3.84612	1.73923	0.452205	10.6762	0.423069	0.454573	0.387974	0.0973688
20450	-0.091936	-0.0262844	3.88572	1.94286	0.499999	0.956791	-2.97718	3.54352	1.75243	0.494546	7.91742	0.549914	0.497398	0.370836	0.0974912
20451	-0.0971389	-0.0494806	3.82618	1.74055	0.454907	1.00844	-3.04061	3.95726	1.87288	0.473277	7.31968	0.611152	0.464247	0.382453	0.097783
20452	-0.00376226	-0.0490846	3.52477	1.69779	0.481674	0.967838	-3.02258	3.80718	1.84277	0.484025	9.36612	0.472003	0.482895	0.384474	0.0981916
20453	-0.123046	-0.0915039	3.45618	1.68451	0.487391	0.978409	-3.00759	3.7381	1.93314	0.517145	7.00918	0.606601	0.502851	0.370252	0.0986832
20454	-0.085494	-0.132326	3.93706	1.81742	0.461618	1.0049	-3.00279	3.8795	1.87409	0.483074	6.9301	0.594475	0.472267	0.35827	0.099142
20455	-0.174946	-0.132043	3.75048	1.826	0.486871	0.955639	-3.0504	4.16033	1.84658	0.443855	6.663	0.639111	0.464249	0.367106	0.099721
20456	-0.228667	-0.167564	3.88702	1.78055	0.458076	0.963808	-3.0603	3.9364	1.82931	0.464717	5.88461	0.710999	0.461417	0.367011	0.0998814
20457	-0.122419	-0.11551	3.74084	1.85897	0.496939	0.984335	-3.06973	3.57172	1.76433	0.493973	7.12497	0.612453	0.49549	0.375965	0.100451
20458	-0.139041	-0.0772271	3.66837	1.84475	0.50288	0.915657	-3.07858	4.0572	1.74596	0.430337	8.098	0.556194	0.464783	0.385559	0.100606
20459	-0.0534241	-0.112724	3.77285	1.7773	0.471076	0.957574	-3.03285	3.95923	1.80921	0.456959	8.34261	0.511058	0.463847	0.372917	0.100987
20460	-0.101482	-0.12027	3.77991	1.69061	0.447263	0.909518	-3.07881	3.63795	1.77807	0.488756	8.56352	0.51106	0.467612	0.386944	0.101306
20461	-0.0786206	-0.0760894	3.67414	1.816	0.494265	0.914735	-3.06778	3.89719	1.81989	0.466976	9.07033	0.493377	0.480219	0.381078	0.101201
20462	-0.17983	-0.0969878	3.80269	1.79366	0.471682	0.860175	-3.10108	3.8911	1.93278	0.496719	8.34363	0.540805	0.484344	0.377235	0.101679
20463	-0.0976516	-0.0835538	3.86215	1.86231	0.482194	0.900138	-3.11179	3.8647	1.94128	0.502309	9.2109	0.497792	0.492255	0.376185	0.101859
20464	-0.00776964	0.00651092	4.13071	1.84813	0.447413	0.96111	-3.0304	4.27987	1.96544	0.459229	9.82482	0.469364	0.453426	0.376912	0.102174
20465	0.101795	0.0692754	3.91435	1.75888	0.44934	1.05635	-2.96738	4.39474	2.06408	0.469671	10.1202	0.45559	0.460093	0.376295	0.102552
20466	0.121184	0.00615829	3.68813	1.81614	0.492429	1.03678	-2.95872	3.97416	2.02024	0.508343	10.4859	0.419158	0.500683	0.364322	0.102558
20467	0.0690006	0.000239844	3.83188	1.88168	0.491059	1.07621	-2.94612	3.74733	1.90779	0.509106	8.55715	0.507237	0.499982	0.364269	0.102642
20468	0.0781979	0.042141	3.57918	1.82164	0.508955	1.11783	-2.88998	3.81324	1.88307	0.493824	7.95427	0.540422	0.50115	0.36727	0.102777
20469	-0.0101016	-0.0260479	3.88398	1.74825	0.450117	1.07592	-2.94582	4.08678	2.08217	0.509488	7.22803	0.589722	0.480558	0.357609	0.102673
20470	-0.0186289	-0.0289974	3.7428	1.83978	0.491552	1.11614	-2.94778	3.80866	2.02932	0.532816	6.6159	0.64385	0.512364	0.355149	0.102936
20471	0.0519735	0.0097356	3.75662	1.78781	0.47591	1.16504	-2.89308	3.77718	1.78323	0.472105	6.80134	0.619463	0.474002	0.37115	0.103263
20472	0.1567	0.105586	3.61454	1.78687	0.494357	1.05683	-2.90239	3.68184	1.66106	0.451149	11.1671	0.405114	0.472554	0.396269	0.103301
20473	0.0406225	0.113451	3.8656	1.6918	0.437655	1.13826	-2.85862	3.80622	1.83267	0.481493	7.33159	0.602409	0.459404	0.385326	0.103499
20474	0.176241	0.169965	3.78529	1.73248	0.457687	1.18032	-2.82378	3.85572	1.91812	0.497475	8.88981	0.504091	0.477764	0.380452	0.103847
20475	0.133783	0.150098	3.75626	1.86794	0.497288	1.17484	-2.83259	3.99806	1.90978	0.477677	8.20853	0.541902	0.487177	0.370689	0.103812
20476	0.10782	0.084621	3.94857	1.88353	0.477015	1.15608	-2.82899	3.76476	1.93691	0.514485	7.72546	0.549424	0.495303	0.357238	0.104216
20477	0.0566227	0.107832	4.0407	1.82998	0.452886	1.13993	-2.83861	3.58235	1.72766	0.482271	7.39768	0.586773	0.466695	0.379023	0.104674
20478	0.0855407	0.101138	4.03756	1.80625	0.447362	1.22563	-2.81391	3.81482	1.82282	0.477825	6.53754	0.649902	0.462161	0.369353	0.105041
20479	0.0492891	0.0504799	4.00117	1.81931	0.454694	1.39846	-2.70821	3.94522	1.83478	0.465064	4.18092	0.910134	0.459842	0.342511	0.105385
20480	-0.00979971	0.0996896	4.03888	1.87397	0.463983	1.33191	-2.71445	3.68245	1.75261	0.475937	4.39921	0.900089	0.469684	0.353252	0.105634
20481	0.343963	0.334643	3.70926	1.77075	0.477385	1.45238	-2.5656	3.45018	1.6994	0.492553	6.84644	0.614292	0.484695	0.377447	0.106023
20482	0.146206	0.269922	3.86519	1.79618	0.464707	1.39179	-2.59958	3.84042	1.81564	0.472772	5.3072	0.775742	0.468726	0.363148	0.105964
20483	0.313067	0.311832	3.71386	1.79874	0.484332	1.40845	-2.61916	3.68569	1.74564	0.473627	7.15979	0.599928	0.479	0.377429	0.105877
20484	0.278498	0.283424	3.32459	1.72432	0.518657	1.26623	-2.75228	3.95534	1.70643	0.431425	9.44578	0.48781	0.471262	0.401868	0.105867
20485	0.358427	0.272643	4.03264	1.7973	0.445688	1.14662	-2.81076	4.01065	1.81678	0.452989	15.3035	0.310628	0.449328	0.396861	0.106184
20486	0.3453	0.342796	3.8883	1.76334	0.453499	1.17864	-2.83455	3.90503	1.80609	0.462503	14.5373	0.34723	0.45801	0.414328	0.106546
20487	0.302847	0.292946	3.66505	1.59188	0.434341	1.08976	-2.85946	3.81398	1.67811	0.43999	16.0483	0.309617	0.437221	0.431864	0.10717
20488	0.288152	0.278001	3.80885	1.77061	0.464866	1.05378	-2.90689	3.92464	1.80748	0.460546	17.3044	0.293091	0.462674	0.41489	0.107199
20489	0.397054	0.34615	3.55696	1.64082	0.461299	1.18886	-2.8755	3.8475	1.90153	0.494224	16.5547	0.313477	0.478408	0.422921	0.107915
20490	0.352518	0.365782	3.94092	1.68839	0.428425	1.13756	-2.87395	3.72494	1.89329	0.508274	17.0309	0.308143	0.467225	0.422958	0.108253
20491	0.298782	0.280431	3.5771	1.88095	0.525832	1.12925	-2.86862	3.8494	1.85079	0.4808	14.3784	0.344842	0.50249	0.399281	0.10819
20492	0.159642	0.245068	3.72543	1.76629	0.474116	1.15722	-2.83617	3.70764	1.94817	0.525447	9.54026	0.497577	0.49972	0.389988	0.108185
20493	0.263939	0.217922	3.75663	1.68836	0.449435	1.09191	-2.82867	3.55769	1.84791	0.519414	13.5392	0.342772	0.483473	0.39632	0.108521
20494	0.252312	0.245756	3.63079	1.86569	0.513851	1.16535	-2.86852	3.97888	1.75581	0.441283	11.6343	0.416815	0.475907	0.401146	0.108991
20495	0.208314	0.248745	3.79809	1.80497	0.475232	1.09583	-2.82714	3.73712	1.72526	0.461654	12.0112	0.393841	0.468498	0.401318	0.109365
20496	0.206543	0.229138	3.53595	1.59204	0.450243	1.15643	-2.83055	3.72875	1.89618	0.50853	10.3756	0.451138	0.48016	0.401659	0.109146
20497	0.301489	0.254285	3.39224	1.60966	0.474511	1.26372	-2.8177	3.85665	1.72069	0.446161	10.1926	0.46294	0.459428	0.414785	0.10958
20498	0.353526	0.318665	3.87035	1.91549	0.494913	1.11767	-2.86515	3.81665	1.87098	0.490216	17.3599	0.291956	0.492581	0.401056	0.109323
20499	0.277728	0.29964	3.92833	1.7604	0.44813	1.20309	-2.78492	3.78144	1.9221	0.508299	11.1113	0.428146	0.477641	0.392559	0.109435
20500	0.25486	0.271794	3.63562	1.74095	0.47886	1.23787	-2.73594	4.12588	1.88123	0.455959	9.36189	0.483153	0.466686	0.384498	0.109072
