cycle	Zbar1	Gbar1	VP1	VG1	h21	Zbar2	Gbar2	VP2	VG2	h22	h2b	h2b_denom	h2w	Qst	Fst
20000	0.231224	0.196784	3.68656	1.86872	0.5069	4.14789	0.126913	3.90997	1.9009	0.486168	0.000318245	7.67013	0.496229	0.000323827	0.000381714
20001	0.178074	0.232337	3.82813	1.84613	0.482255	4.06833	0.0871572	3.97811	1.90467	0.478787	0.0013927	7.56705	0.480488	0.00140358	0.000609194
20002	0.283379	0.277525	4.18814	1.96051	0.46811	4.02821	0.0499704	3.89103	1.77955	0.457346	0.00369237	7.01189	0.462926	0.00345102	0.000908535
20003	0.292639	0.269511	4.1806	1.9952	0.477251	3.93939	-0.0465478	3.74918	1.86872	0.498435	0.00751143	6.64941	0.487267	0.00642489	0.00114573
20004	0.230322	0.262681	3.76042	1.82512	0.48535	3.95135	-0.0477444	3.88224	1.8194	0.468646	0.00695968	6.92302	0.476865	0.00657007	0.00134703
20005	0.0790901	0.14346	3.84709	1.95611	0.508464	3.96811	-0.0929478	3.94674	1.8908	0.479078	0.00369524	7.56224	0.493583	0.00362071	0.00160593
20006	0.121182	0.149156	4.07286	1.94218	0.476859	3.84921	-0.116055	3.92487	1.8745	0.477594	0.00506086	6.94911	0.47722	0.00458837	0.0018931
20007	0.171311	0.11642	3.55387	1.77804	0.50031	3.80933	-0.163351	4.13795	2.11431	0.510956	0.00591392	6.61759	0.506037	0.00500463	0.00207202
20008	0.0368328	0.0706234	4.0256	1.84994	0.459545	3.91018	-0.1892	3.88667	2.12088	0.54568	0.0044997	7.50142	0.501856	0.00423439	0.00235135
20009	0.150676	0.0859829	3.90625	1.90339	0.487269	3.66334	-0.300609	3.94009	2.00175	0.508046	0.0121124	6.16941	0.497702	0.00948175	0.00250151
20010	0.0991057	0.075003	3.8345	1.99735	0.52089	3.68356	-0.33539	3.71974	1.80769	0.485972	0.0131085	6.42416	0.503696	0.0109501	0.0027812
20011	0.0468062	0.112919	3.98657	2.02584	0.508167	3.53522	-0.414906	3.5193	1.77069	0.503136	0.022894	6.08453	0.505808	0.018024	0.00310867
20012	0.114829	0.101479	3.95248	1.96746	0.497778	3.58026	-0.40727	3.76529	1.84754	0.490677	0.0215522	6.00462	0.494314	0.0166863	0.00335028
20013	0.0448979	0.0563268	3.7833	1.89703	0.501422	3.60326	-0.471329	4.02002	1.98994	0.495007	0.0219888	6.33096	0.498117	0.0176009	0.00352658
20014	-0.0946175	0.00157613	4.03537	1.88083	0.466086	3.38755	-0.542747	4.0364	1.88639	0.467345	0.0244351	6.06273	0.466715	0.0192925	0.00371518
20015	0.0734957	-0.00365283	4.0284	1.7274	0.428805	3.44819	-0.557679	4.21782	1.90008	0.450488	0.026952	5.69429	0.439895	0.0207261	0.00395669
20016	-0.114974	-0.0643263	3.80353	1.72311	0.45303	3.35888	-0.634811	3.79599	1.96242	0.516971	0.026969	6.03384	0.484969	0.0216101	0.00423621
20017	-0.115576	-0.115889	3.8879	1.88364	0.484489	3.26237	-0.710871	4.33931	2.18314	0.503107	0.0310244	5.70526	0.494309	0.0213089	0.00449691
20018	-0.101824	-0.0782308	3.90966	1.84934	0.473018	3.09924	-0.825359	4.06721	2.10395	0.517295	0.0544755	5.12341	0.495594	0.0341127	0.0047862
20019	-0.194024	-0.0703806	3.70121	1.80886	0.488723	3.1823	-0.872336	4.22202	2.22009	0.525837	0.0564173	5.69978	0.5085	0.0383939	0.00507669
20020	0.0138834	0.00472071	4.00615	1.94986	0.486717	3.13401	-0.895685	4.03229	2.01926	0.500773	0.0832782	4.8676	0.493768	0.048607	0.0053261
20021	0.0429113	0.00531811	3.71498	1.82732	0.491879	3.11162	-0.929976	3.82377	1.78623	0.467139	0.0928932	4.7085	0.47933	0.0570937	0.00566226
20022	0.00761003	0.0174157	3.61878	1.69721	0.469	2.98832	-1.03579	3.99086	1.82953	0.45843	0.124851	4.4423	0.463456	0.072933	0.0059434
20023	0.0299096	0.0666602	3.82839	1.83036	0.478102	3.03643	-1.06227	3.75324	1.76922	0.471384	0.140995	4.51958	0.474776	0.0813555	0.00608942
20024	0.0446528	0.00168477	3.57049	1.77896	0.49824	2.78114	-1.15205	3.64987	1.91642	0.525066	0.177755	3.74419	0.511801	0.0826499	0.00635883
20025	0.0162472	0.0264057	3.69002	1.8279	0.495361	2.8496	-1.24629	3.97278	1.92106	0.483554	0.201765	4.01395	0.48924	0.0975279	0.00657728
20026	-0.0132498	-0.0191306	3.68338	2.01467	0.546963	2.68937	-1.28232	3.94284	2.01384	0.51076	0.218458	3.65208	0.528246	0.0901413	0.00695191
20027	-0.0738952	-0.0524336	3.93181	1.97243	0.501659	2.69838	-1.32186	3.96439	1.91535	0.483138	0.209674	3.84275	0.492361	0.0939359	0.00732635
20028	-0.0839331	-0.112775	3.94994	1.98726	0.503112	2.57395	-1.39626	3.53731	1.9066	0.538997	0.23319	3.53218	0.520066	0.095692	0.00766575
20029	-0.132841	-0.153243	4.12071	1.80054	0.436949	2.52646	-1.50364	4.01808	2.03969	0.507628	0.257861	3.53594	0.471843	0.106164	0.00801245
20030	-0.117257	-0.104588	3.78046	1.81822	0.480953	2.46062	-1.53432	3.64097	1.80229	0.495001	0.307597	3.32273	0.487845	0.123744	0.00837418
20031	-0.0128132	0.0200965	3.63537	1.87826	0.516662	2.42848	-1.55198	3.88526	1.79315	0.461527	0.414672	2.97997	0.488178	0.144108	0.00853357
20032	-0.0355618	-0.0147561	3.96892	1.93427	0.487356	2.47052	-1.58618	3.75094	1.8144	0.483718	0.393183	3.14022	0.485588	0.141458	0.00881674
20033	0.0394683	-0.0419661	3.64209	1.89889	0.521374	2.48432	-1.55695	3.92837	1.84475	0.469595	0.383982	2.98865	0.494506	0.13296	0.00907353
20034	-0.0309888	-0.108071	3.99669	1.96949	0.49278	2.33094	-1.56946	3.68863	1.76737	0.479141	0.382823	2.78936	0.486234	0.125071	0.00930192
20035	-0.0528349	-0.0786773	3.98608	1.8527	0.464792	2.45952	-1.5066	3.42961	1.69335	0.493743	0.323035	3.15597	0.478181	0.125738	0.00958336
20036	0.0109732	-0.0264969	3.74846	1.88964	0.504111	2.49884	-1.52371	3.82653	1.70673	0.446027	0.36217	3.09474	0.474769	0.134877	0.00974465
20037	-0.0230514	-0.0250798	3.7469	1.88622	0.503408	2.39157	-1.57459	3.79463	1.83648	0.483969	0.411803	2.9152	0.493627	0.138911	0.00991654
20038	-0.0803977	-0.0578861	4.06118	1.95118	0.480446	2.44911	-1.55335	3.97517	1.88118	0.473232	0.349528	3.19921	0.476878	0.127372	0.0100248
20039	-0.0482435	0.0382379	3.50498	1.79565	0.512313	2.24975	-1.68325	4.03101	1.93409	0.479803	0.561189	2.64039	0.494923	0.165791	0.0103217
20040	0.096627	0.079587	3.79019	1.94699	0.513691	2.33894	-1.72773	3.98792	1.85258	0.464549	0.649648	2.51397	0.488496	0.176973	0.0107266
20041	0.0423203	0.0786892	3.78398	1.96817	0.520131	2.24012	-1.76396	3.81751	1.82367	0.477712	0.702921	2.41517	0.498828	0.182987	0.0109083
20042	0.119835	0.0656188	3.85177	1.90531	0.494658	2.09724	-1.87356	3.89563	1.79005	0.459502	0.961714	1.95507	0.47698	0.202888	0.0110567
20043	0.168223	0.0928455	3.98519	1.90764	0.478681	2.10631	-1.83767	3.55436	1.78792	0.503022	0.992202	1.87808	0.490156	0.201434	0.0113584
20044	0.118634	0.158639	4.12623	1.98533	0.481148	2.09125	-1.88701	3.6284	1.84497	0.50848	1.07541	1.94561	0.493937	0.214619	0.0115497
20045	0.107087	0.144112	4.21505	2.04031	0.484053	2.11096	-1.90213	3.6394	1.78716	0.49106	1.04274	2.00775	0.487299	0.214841	0.0118511
20046	0.0613601	0.0962035	4.12642	2.10183	0.509361	2.08264	-1.96187	3.74126	1.65145	0.441416	1.03674	2.04279	0.477051	0.220135	0.0121743
20047	0.219819	0.123286	3.98877	1.87088	0.469037	2.06313	-1.97958	3.72218	1.71106	0.459693	1.30145	1.69889	0.464526	0.235935	0.0124651
20048	0.0239397	0.129747	3.79359	1.81609	0.478726	1.96942	-1.98688	3.78928	1.73575	0.458068	1.18369	1.89245	0.468403	0.23983	0.0126586
20049	0.0854693	0.140054	3.5565	1.82712	0.513741	1.99716	-1.99006	3.61672	1.70008	0.470061	1.24156	1.82729	0.491717	0.243433	0.0127313
20050	0.110738	0.149718	3.88734	1.82998	0.470753	2.10048	-1.9484	3.70708	1.73615	0.468334	1.1119	1.97954	0.469572	0.235917	0.013003
20051	0.16167	0.144015	3.91858	1.79871	0.45902	1.95132	-2.05712	3.71264	1.77343	0.477674	1.51272	1.60143	0.468095	0.253315	0.0131874
20052	0.190398	0.199401	3.91959	1.97152	0.502992	1.89292	-2.03441	3.7664	1.72461	0.457894	1.72149	1.44929	0.480892	0.252435	0.0136219
20053	0.16306	0.178673	4.00051	1.92787	0.481905	1.98825	-2.02123	3.93713	1.79681	0.456375	1.45276	1.66565	0.469242	0.245281	0.0139281
20054	0.179019	0.180635	3.8215	1.88362	0.492901	2.04002	-2.01626	4.0264	1.94623	0.483368	1.39356	1.73165	0.48801	0.239662	0.0142
20055	0.24393	0.242046	3.86229	1.82486	0.472481	1.97046	-2.07519	4.08747	2.03026	0.496704	1.80133	1.49045	0.484936	0.258373	0.0143626
20056	0.283474	0.195996	3.96556	1.91787	0.48363	1.92397	-2.10948	3.97409	1.99969	0.503181	1.97502	1.34561	0.493416	0.253376	0.0145318
20057	0.146797	0.168891	3.7377	1.94603	0.520649	1.83211	-2.12226	3.81556	1.83535	0.481018	1.8482	1.42014	0.500629	0.257736	0.0147728
20058	0.213852	0.214105	3.85584	1.84654	0.478893	1.88621	-2.16948	3.87665	1.91062	0.492854	2.03144	1.39839	0.485892	0.274433	0.0149342
20059	0.167814	0.199203	3.90274	1.84106	0.471736	1.71204	-2.25417	3.81519	1.93409	0.506944	2.52409	1.19232	0.48914	0.285099	0.0153664
20060	0.238479	0.205826	4.03363	1.90874	0.473207	1.79317	-2.23218	3.74794	1.91222	0.510207	2.45913	1.20853	0.491027	0.280107	0.0156485
20061	0.160996	0.161742	3.78572	1.90335	0.502771	1.6818	-2.25985	3.76037	1.81495	0.482651	2.53546	1.15642	0.492745	0.282883	0.0157309
20062	0.162917	0.167357	4.13177	1.91311	0.463025	1.76328	-2.27503	4.02365	1.76481	0.438608	2.32913	1.28058	0.450978	0.288602	0.0161512
20063	0.225195	0.241136	3.63814	1.62941	0.447869	1.84503	-2.16476	3.98407	1.8707	0.469545	2.20602	1.31194	0.459199	0.292609	0.0165047
20064	0.214569	0.254307	3.56357	1.60246	0.449679	1.72797	-2.26833	4.07401	1.91288	0.469532	2.77846	1.14518	0.460269	0.31167	0.0167654
20065	0.290227	0.257224	3.77233	1.83406	0.486187	1.75402	-2.25846	3.96147	1.88966	0.47701	2.9536	1.07135	0.481487	0.298296	0.0170468
20066	0.325881	0.301766	4.08462	1.93292	0.473221	1.80065	-2.17019	4.16779	2.04018	0.489512	2.80955	1.08747	0.481448	0.277816	0.0174304
20067	0.266546	0.240382	4.02015	1.82865	0.454872	1.85244	-2.14835	3.70329	1.87914	0.507426	2.26874	1.25754	0.480071	0.277939	0.0177524
20068	0.145643	0.204202	3.91769	1.92756	0.492014	1.86624	-2.19174	3.6491	1.78765	0.489888	1.93907	1.48023	0.490989	0.278748	0.0176727
20069	0.235832	0.207469	4.25426	1.88288	0.442586	1.78218	-2.19073	3.64174	1.75156	0.480967	2.40521	1.1956	0.460288	0.283571	0.0180398
20070	0.140326	0.145796	3.85228	1.86971	0.485351	1.82256	-2.25727	3.81818	1.88366	0.49334	2.0406	1.41495	0.489328	0.277889	0.0182129
20071	0.209777	0.1177	3.7896	1.79525	0.47373	1.77117	-2.29189	3.98468	1.9172	0.481143	2.38156	1.21898	0.477529	0.281189	0.0180949
20072	0.149843	0.152929	4.17957	1.93758	0.463584	1.69198	-2.31051	3.6781	1.84952	0.502848	2.55175	1.18909	0.481963	0.286124	0.0183115
20073	-0.0281008	0.0341856	4.01624	1.78618	0.444739	1.61577	-2.33944	3.88569	1.94563	0.500716	2.08492	1.35116	0.472265	0.274114	0.0186782
20074	0.0215925	0.0527273	3.59241	1.86102	0.518041	1.70003	-2.35882	3.6592	1.85471	0.506863	2.06434	1.40857	0.512401	0.281338	0.0187913
20075	0.0992727	0.113976	3.69365	1.84166	0.498602	1.71197	-2.37858	3.90272	1.88759	0.48366	2.38885	1.30039	0.490926	0.294136	0.0190047
20076	0.111243	0.0878506	4.09069	1.9319	0.472267	1.56147	-2.45698	3.79833	1.86322	0.490538	3.07924	1.05158	0.481064	0.299143	0.0193923
20077	0.0920176	0.0751489	3.91973	1.98273	0.505834	1.51601	-2.42883	3.45091	1.92034	0.556472	3.09203	1.01388	0.529543	0.286632	0.0195249
20078	0.0682336	0.0709052	3.7663	1.82176	0.483701	1.58249	-2.43479	3.82609	1.84731	0.48282	2.73815	1.14649	0.483257	0.299726	0.0197534
20079	-0.00113329	0.0297367	3.89832	1.8375	0.471358	1.47808	-2.45944	4.28706	1.9018	0.443614	2.83172	1.09403	0.456827	0.293014	0.0200998
20080	0.0848707	0.118653	3.90328	1.89233	0.484806	1.57973	-2.42256	4.0059	1.81661	0.453483	2.88988	1.1173	0.468942	0.303379	0.0203214
20081	0.102898	0.123672	3.8906	1.89613	0.487362	1.59559	-2.44393	3.58463	1.71966	0.479732	2.95881	1.11406	0.483703	0.313208	0.0206235
20082	0.168573	0.16163	3.81584	1.92834	0.505351	1.64562	-2.39434	3.79749	1.73908	0.457954	2.99449	1.09083	0.48171	0.308228	0.0209092
20083	0.128685	0.154988	3.69231	1.86207	0.504309	1.56188	-2.48458	3.58944	1.76018	0.490378	3.39198	1.02702	0.497442	0.32483	0.0212482
20084	0.080361	0.180506	3.62555	1.84704	0.50945	1.46073	-2.51073	3.6143	1.65374	0.457555	3.80116	0.952703	0.483543	0.341014	0.0214324
20085	0.147204	0.202913	3.52571	1.67023	0.473729	1.46424	-2.54353	3.4646	1.61201	0.465281	4.34858	0.867285	0.469542	0.365004	0.0217052
20086	0.243955	0.162211	3.89622	1.93765	0.497314	1.45008	-2.54498	3.3728	1.59926	0.474162	5.03794	0.727368	0.486572	0.341364	0.0220794
20087	0.14231	0.123677	3.74421	1.92967	0.515375	1.3564	-2.54149	3.57709	1.66467	0.465369	4.81886	0.737013	0.490943	0.330789	0.0221585
20088	0.11479	0.0660993	3.96163	1.81822	0.458957	1.50963	-2.48012	3.62197	1.79236	0.494858	3.33227	0.972795	0.476104	0.309931	0.022254
20089	0.0172904	0.0618784	3.80164	1.7917	0.471297	1.54108	-2.49438	3.75325	1.82418	0.486026	2.81423	1.16097	0.478614	0.311302	0.0224147
20090	0.036835	0.0156005	4.13065	1.91778	0.46428	1.50586	-2.48624	3.69432	1.76974	0.479045	2.9004	1.07902	0.47125	0.298031	0.0225006
20091	-0.0298738	0.0219667	3.99906	1.89923	0.474918	1.42989	-2.53113	4.02011	1.92315	0.478381	3.05892	1.06545	0.476654	0.299002	0.0224464
20092	0.053546	0.0576981	3.84733	1.9102	0.496501	1.35812	-2.55324	3.94057	1.91141	0.485058	4.00546	0.850962	0.490711	0.30852	0.0227111
20093	0.0524747	0.00276336	4.10613	1.8677	0.454855	1.4837	-2.55001	3.78307	1.79076	0.473362	3.18136	1.0242	0.46373	0.308216	0.0229263
20094	0.225352	0.156725	3.72959	1.96699	0.527403	1.60681	-2.44114	3.67147	1.74544	0.475407	3.53637	0.954215	0.501609	0.312577	0.0233045
20095	0.245317	0.254763	3.77678	1.93354	0.511953	1.45969	-2.4719	3.64372	1.6685	0.457911	5.04145	0.737356	0.485416	0.340484	0.0235364
20096	0.226598	0.278447	4.07479	2.02901	0.497943	1.40868	-2.5207	3.74761	1.75476	0.468234	5.60734	0.698658	0.48371	0.341215	0.0237158
20097	0.188365	0.178276	3.84606	1.89252	0.492068	1.44824	-2.5513	3.5814	1.72108	0.480562	4.69389	0.793644	0.48652	0.340243	0.0239486
20098	0.122897	0.0791619	4.10576	2.02213	0.49251	1.39806	-2.59068	3.82087	1.68435	0.44083	4.38373	0.813015	0.467598	0.324792	0.0243491
20099	0.0740773	0.130086	3.96297	2.00447	0.5058	1.47822	-2.52959	3.77625	1.72482	0.456755	3.58783	0.985812	0.481869	0.321779	0.0246899
20100	0.175391	0.145061	4.13363	2.05102	0.496178	1.44275	-2.54706	4.12961	1.84098	0.445801	4.51222	0.803099	0.471002	0.317766	0.0248089
20101	0.152931	0.0725294	3.9601	1.87031	0.472289	1.49331	-2.50649	3.94189	1.86284	0.472575	3.70218	0.898304	0.472432	0.308269	0.0247757
20102	0.144133	0.10854	3.99786	1.8969	0.474479	1.52786	-2.52916	4.02525	1.94085	0.482168	3.63371	0.957351	0.478337	0.311983	0.0252258
20103	0.135015	0.0768155	3.93224	2.10809	0.536105	1.41407	-2.59968	3.92787	2.0131	0.512516	4.37879	0.81799	0.524317	0.303028	0.0253342
20104	0.145375	0.130579	3.89692	1.93461	0.496447	1.30494	-2.67573	3.87316	1.88314	0.486202	5.85707	0.672297	0.49134	0.340355	0.0256074
20105	0.263221	0.231178	3.92047	1.9305	0.492416	1.301	-2.67915	3.54554	1.82133	0.513696	7.86458	0.538492	0.502522	0.36089	0.0256958
20106	0.281541	0.226266	3.68011	1.86003	0.50543	1.32794	-2.70286	3.84971	1.88087	0.488575	7.83575	0.547478	0.496812	0.36454	0.0260328
20107	0.127736	0.141057	3.62624	1.98681	0.547898	1.40306	-2.69941	3.71147	1.79641	0.484014	4.96065	0.813226	0.515585	0.347867	0.0262455
20108	0.138382	0.0904865	4.07021	2.04765	0.503082	1.30557	-2.60845	3.97282	1.9106	0.480917	5.34688	0.681168	0.492134	0.315208	0.0265577
20109	0.0801848	0.0647349	3.98578	1.87383	0.470129	1.37559	-2.65817	3.83607	1.91303	0.498695	4.41827	0.839042	0.484139	0.328731	0.0266241
20110	-0.00864307	0.0258922	4.02411	2.02953	0.504342	1.33477	-2.68831	3.81395	1.96677	0.515678	4.08189	0.902385	0.509858	0.315578	0.0268182
20111	-0.0570847	0.0189529	3.94614	2.18529	0.55378	1.23116	-2.71117	4.04966	1.9177	0.473546	4.49128	0.829782	0.513144	0.312422	0.0270175
20112	0.055941	0.150964	4.08079	2.13132	0.522283	1.31372	-2.69198	4.07584	1.86961	0.458706	5.10889	0.791005	0.490513	0.335671	0.0272172
20113	0.262058	0.214064	4.00881	1.88681	0.470666	1.19285	-2.72687	3.44255	1.86866	0.542813	9.98311	0.433187	0.503998	0.365504	0.0276742
20114	0.126475	0.162645	3.82878	1.74539	0.45586	1.25119	-2.74274	3.95562	1.85869	0.469886	6.67304	0.632492	0.462987	0.369416	0.0281076
20115	0.118722	0.123043	4.02968	1.99315	0.494618	1.29327	-2.63165	3.78572	1.83178	0.483864	5.50055	0.689781	0.489409	0.331653	0.0282202
20116	0.0368682	0.0538981	4.04961	1.93469	0.477746	1.36501	-2.62728	3.89602	1.80119	0.462314	4.0753	0.881986	0.470179	0.324918	0.0285992
20117	0.00739904	0.0621861	3.74031	1.79102	0.478842	1.33557	-2.60384	3.86186	2.01941	0.522912	4.02923	0.882019	0.501229	0.318135	0.0284433
20118	0.106694	0.0417681	3.71922	1.94349	0.522551	1.42481	-2.53138	4.04324	2.11058	0.522002	3.81084	0.868718	0.522265	0.290027	0.0286161
20119	0.0486362	0.0761306	3.80595	1.94342	0.510626	1.53278	-2.54226	3.91844	2.04553	0.522025	3.11256	1.10134	0.516409	0.300651	0.0286677
20120	0.0826011	0.0793155	4.24801	1.90651	0.4488	1.33905	-2.59711	4.18759	1.99	0.475212	4.53751	0.789336	0.461912	0.314986	0.028729
20121	0.00209805	-0.0539229	3.63269	1.81379	0.499296	1.3218	-2.70131	3.74526	1.82795	0.48807	4.02426	0.870804	0.493598	0.324952	0.0289428
20122	-0.0331655	-0.0400049	3.96861	1.86636	0.470281	1.24262	-2.7364	4.04746	1.90368	0.470339	4.46701	0.813808	0.47031	0.325404	0.0292272
20123	-0.0697094	-0.070767	4.02004	1.92955	0.479983	1.21078	-2.73338	3.80975	1.98568	0.521209	4.3238	0.819827	0.500042	0.311729	0.0294155
20124	-0.0286601	-0.01832	3.8456	2.03741	0.529803	1.25567	-2.75393	4.04392	1.81424	0.448635	4.53687	0.824748	0.488199	0.327043	0.0296902
20125	0.0400637	0.00366556	4.16473	2.01077	0.48281	1.24237	-2.69632	4.04682	1.92882	0.476626	5.04301	0.722774	0.479762	0.316397	0.0296957
20126	0.00178806	-0.00612725	4.41674	2.12663	0.481493	1.19607	-2.7544	4.0923	1.92249	0.469782	5.29546	0.713157	0.475861	0.318136	0.0298775
20127	0.0436537	0.0169368	4.0122	2.04353	0.509328	1.31878	-2.72107	3.97741	2.04372	0.513832	4.61068	0.812971	0.51157	0.314492	0.0299471
20128	-0.000978559	-0.0134681	4.05494	1.97962	0.488201	1.29302	-2.70757	4.10773	2.04461	0.497745	4.33473	0.837215	0.493004	0.310883	0.0300493
20129	0.0261454	0.0368027	3.85982	1.94505	0.503922	1.41615	-2.66298	3.87121	1.94167	0.501567	3.77245	0.966057	0.502743	0.319293	0.0302265
20130	-0.00637333	-0.025964	3.95225	1.88295	0.476425	1.26463	-2.69899	4.27107	2.02048	0.473063	4.42294	0.80773	0.474679	0.314055	0.0306244
20131	0.0309072	0.0336191	3.81291	1.71976	0.451036	1.31932	-2.71338	4.08602	1.90533	0.466305	4.54574	0.830006	0.458934	0.342391	0.0308298
20132	-0.016955	0.0280457	3.97502	1.75838	0.442358	1.31214	-2.7336	3.85057	1.87992	0.488219	4.31741	0.883248	0.464924	0.343969	0.0311813
20133	0.0555857	0.0789908	3.96079	1.99188	0.502899	1.23645	-2.81155	4.11982	1.83335	0.445007	5.99185	0.697216	0.473383	0.353309	0.0316265
20134	0.15589	0.149815	4.01682	1.90706	0.474769	1.09645	-2.88211	3.69882	1.69503	0.458263	10.3912	0.442326	0.466856	0.389619	0.0316759
20135	0.0937681	0.165408	4.05022	2.03891	0.503406	1.16737	-2.89217	4.03317	1.83165	0.454145	8.1108	0.576316	0.478828	0.376613	0.0319702
20136	0.208552	0.161895	4.02952	2.07317	0.514496	1.14905	-2.86467	3.72278	1.76074	0.472962	10.3559	0.442265	0.494551	0.374065	0.0324214
20137	0.200952	0.136534	4.21425	2.04788	0.48594	1.09768	-2.86194	3.75624	1.74335	0.46412	11.181	0.40206	0.475657	0.372321	0.0329744
20138	0.0860405	0.0790466	4.0342	2.02386	0.501674	1.16418	-2.83898	3.86713	1.88969	0.488655	7.32531	0.581196	0.495302	0.352419	0.0332893
20139	0.0925232	0.0754413	3.96432	1.99698	0.503737	1.21612	-2.84658	3.72293	1.78277	0.478861	6.76312	0.631231	0.49169	0.361029	0.0334651
20140	0.0703625	0.0716681	4.06405	2.01228	0.495142	1.26817	-2.76543	3.7659	1.65292	0.438917	5.61015	0.71737	0.4681	0.354546	0.0337297
20141	0.143879	0.0580829	3.60788	1.99301	0.552404	1.19517	-2.79462	3.95129	1.81209	0.458606	7.3632	0.552605	0.503375	0.348508	0.034087
20142	-0.045832	0.0337003	3.96553	1.92008	0.484193	1.03945	-2.8954	3.78302	1.93955	0.5127	7.2842	0.58892	0.498111	0.357329	0.0342907
20143	-0.0608332	-0.00265658	3.7995	1.89811	0.499567	1.16204	-2.87694	3.90633	1.92389	0.492506	5.52449	0.747715	0.495987	0.350928	0.0344577
20144	0.0282805	-0.00406645	3.94769	1.82338	0.461886	1.0805	-2.90138	3.72027	1.86234	0.500591	7.58191	0.553582	0.480665	0.362925	0.0348191
20145	0.00281386	-0.007998	3.91577	1.90891	0.487493	1.05948	-2.91897	3.98899	1.90462	0.477469	7.58925	0.558275	0.482434	0.357238	0.0351858
20146	0.0328316	-0.0306913	4.1027	1.96431	0.478784	1.1466	-2.86043	3.83691	1.90801	0.497277	6.45506	0.620245	0.487721	0.340902	0.035611
20147	-0.11032	-0.0528718	3.79353	2.03538	0.536539	1.17338	-2.82496	4.13262	1.85879	0.449784	4.66323	0.823942	0.491306	0.330467	0.0357419
20148	-0.0609838	-0.0133831	3.84916	1.97998	0.514393	1.13691	-2.84619	3.66945	1.82758	0.498055	5.59237	0.71748	0.506419	0.345191	0.0361344
20149	0.0921516	0.00700929	3.91069	1.93727	0.495379	1.27812	-2.80508	3.63015	1.81469	0.499895	5.62227	0.703263	0.497553	0.345198	0.036414
20150	-0.0191299	0.0166432	3.74744	1.96075	0.523222	1.14154	-2.861	4.08141	1.90357	0.466401	6.14686	0.673582	0.4936	0.348955	0.0365155
20151	0.104507	0.069178	3.88629	1.81109	0.46602	1.11116	-2.84116	3.93141	1.88226	0.478776	8.35851	0.506675	0.472435	0.364523	0.0368269
20152	0.173602	0.1302	3.80463	1.80424	0.474223	1.07777	-2.83857	3.97126	1.92303	0.484238	10.7808	0.408764	0.479338	0.371642	0.0371204
20153	0.155552	0.147049	4.09185	1.93447	0.472763	1.08953	-2.88143	3.72961	1.812	0.48584	10.5142	0.436157	0.478999	0.379779	0.0369516
20154	0.210984	0.180159	3.92468	1.98991	0.507025	1.13218	-2.87187	3.75094	1.94011	0.517233	10.9767	0.424304	0.512014	0.372192	0.0372341
20155	0.0280562	0.0744013	4.16747	2.0535	0.492744	1.16394	-2.86026	3.90215	1.78695	0.45794	6.6749	0.645121	0.475914	0.359347	0.0375465
20156	0.195127	0.117657	4.00503	1.99314	0.49766	1.13165	-2.87026	3.90174	1.76003	0.451088	10.1789	0.438537	0.474678	0.373029	0.0376651
20157	0.0383658	0.0764908	4.00831	1.96128	0.489304	1.18194	-2.82284	3.8375	1.7874	0.465771	6.42781	0.653886	0.477794	0.359338	0.0379121
20158	0.0369665	0.072861	4.44734	2.01069	0.452111	1.22997	-2.79718	3.81934	1.6697	0.437171	5.78746	0.711634	0.445208	0.358895	0.0382737
20159	0.00741643	0.0233403	3.80015	2.14291	0.563903	1.26519	-2.79278	3.69726	1.7146	0.463749	5.01297	0.791	0.514513	0.339595	0.0383032
20160	0.0264394	0.00906416	3.92396	1.9711	0.502323	1.29492	-2.72815	3.87327	1.78579	0.461057	4.6564	0.804519	0.481824	0.332809	0.0382556
20161	0.125491	0.0807473	3.60648	1.88634	0.523043	1.3068	-2.68995	3.9515	1.90854	0.482991	5.50113	0.697743	0.502103	0.335982	0.0384478
20162	0.069037	0.0903931	3.87137	1.87481	0.484275	1.19776	-2.76878	3.76521	1.85265	0.492043	6.41656	0.637012	0.488105	0.354239	0.0389593
20163	0.0328133	0.0611876	3.79261	1.92066	0.506421	1.35115	-2.72298	3.77726	1.89	0.500362	4.46002	0.869008	0.503398	0.337222	0.0389757
20164	0.000590855	0.0198789	3.7834	1.89128	0.499888	1.33667	-2.66634	3.87023	1.96805	0.508509	4.04222	0.892547	0.504248	0.318642	0.039134
20165	-0.0282158	-0.0247714	3.92091	1.82663	0.46587	1.32674	-2.67535	4.04765	2.00351	0.494979	3.82676	0.917951	0.480656	0.314505	0.0392023
20166	-0.0234426	-0.0112651	4.04986	1.82742	0.45123	1.31486	-2.71049	3.86604	1.89843	0.491053	4.0679	0.895525	0.470679	0.32846	0.0395144
20167	0.0122057	-0.0137856	4.15726	1.85751	0.446812	1.28904	-2.71105	3.72331	1.91905	0.515415	4.46252	0.81515	0.479225	0.325166	0.0397155
20168	0.0534597	0.0179615	3.67262	1.90535	0.518799	1.29984	-2.70642	3.74724	1.88771	0.503761	4.77787	0.77673	0.511204	0.328608	0.0399059
20169	0.0629322	0.0443178	3.9385	2.02635	0.514496	1.3906	-2.64152	3.79849	1.91861	0.505098	4.09243	0.881347	0.509882	0.313835	0.0400773
20170	0.0381392	0.0378417	3.97778	1.85099	0.465333	1.44521	-2.60858	4.03411	1.93445	0.479522	3.53743	0.989919	0.472477	0.316362	0.0399778
20171	0.129054	0.047876	3.87701	1.87649	0.484006	1.36311	-2.62049	3.76507	1.8424	0.489341	4.67543	0.761445	0.486634	0.323816	0.0403222
20172	0.0262795	0.0484829	3.97498	1.97007	0.495617	1.29834	-2.68066	3.5715	1.81841	0.509143	4.60298	0.809064	0.502019	0.329646	0.040464
20173	0.00163969	0.0837512	3.89843	1.91372	0.490896	1.32694	-2.72621	4.13441	1.93927	0.469056	4.49546	0.878209	0.479655	0.338877	0.0406023
20174	0.152216	0.110321	3.83021	1.98334	0.517814	1.33335	-2.71372	3.78062	1.98769	0.525757	5.71665	0.697543	0.521759	0.334372	0.0406205
20175	-0.0206573	0.0345759	4.1558	2.06634	0.497219	1.23358	-2.74794	4.00838	1.94957	0.486373	4.9217	0.786554	0.491894	0.325338	0.0408737
20176	0.00233627	-0.0211516	3.8034	1.8466	0.485513	1.34131	-2.75794	3.99243	1.95888	0.490647	4.1777	0.896429	0.488142	0.329894	0.0409167
20177	0.156321	0.111725	3.63053	1.7312	0.476846	1.30235	-2.68154	3.71827	1.79233	0.482034	5.94067	0.656686	0.479471	0.356443	0.0410239
20178	0.0596453	0.0769243	3.88506	1.76027	0.453088	1.33502	-2.69252	3.99358	1.86665	0.467414	4.71528	0.813294	0.46035	0.345951	0.041412
20179	0.0934556	0.082817	3.66254	1.87784	0.512715	1.27114	-2.77336	3.68752	1.74321	0.472732	5.8818	0.693473	0.492656	0.360409	0.041673
20180	0.147365	0.0795357	4.05538	1.863	0.459389	1.2499	-2.77565	4.04326	1.81225	0.448216	6.70626	0.607796	0.453811	0.356831	0.0418561
20181	0.184804	0.143916	3.88442	1.99993	0.514859	1.17092	-2.79754	3.52197	1.77375	0.503623	8.89758	0.486209	0.509516	0.364465	0.0419283
20182	0.199047	0.156084	4.19782	1.99092	0.474274	1.20948	-2.8316	3.90337	1.96867	0.504351	8.74294	0.510484	0.488766	0.36056	0.0422153
20183	0.134819	0.13807	3.73591	1.97203	0.527859	1.10363	-2.81489	3.9205	1.95089	0.497612	9.29048	0.469297	0.512371	0.357321	0.0423245
20184	0.144448	0.167266	4.0539	1.91785	0.473088	1.28147	-2.71204	3.96368	1.93761	0.488843	6.41262	0.646413	0.480877	0.349739	0.0427605
20185	0.158354	0.167011	4.12298	1.98677	0.481876	1.22953	-2.7051	4.03144	1.97137	0.488998	7.18914	0.573712	0.485397	0.342657	0.043028
20186	0.165587	0.126697	3.99287	1.96997	0.493373	1.30959	-2.6265	3.97928	1.98096	0.49782	5.79188	0.654373	0.495592	0.32427	0.0434498
20187	0.18467	0.173846	4.22273	1.9985	0.473272	1.41558	-2.59118	3.88613	1.93583	0.498137	5.046	0.757567	0.485189	0.327077	0.0435379
20188	0.198153	0.179214	3.88191	1.91207	0.492559	1.38178	-2.60173	3.76281	1.81858	0.483304	5.52018	0.70049	0.488004	0.34146	0.0436883
20189	0.209711	0.210444	3.90128	1.85631	0.47582	1.31736	-2.63906	3.84145	1.92864	0.50206	6.61812	0.613443	0.488838	0.349205	0.0440888
20190	0.292723	0.255456	3.87959	1.91728	0.494195	1.31108	-2.65911	3.97335	1.86985	0.470599	8.19115	0.518528	0.482256	0.359401	0.0439486
20191	0.244282	0.275269	3.57425	1.72395	0.482324	1.32585	-2.59932	3.8982	1.7717	0.454492	7.06383	0.5849	0.467804	0.371569	0.0442098
20192	0.368099	0.300967	3.71399	1.88286	0.506964	1.46634	-2.55288	3.64287	1.78889	0.491066	6.75256	0.603064	0.499092	0.356836	0.0443666
20193	0.421096	0.387232	4.08017	1.8514	0.453755	1.49652	-2.45365	3.96387	1.88827	0.47637	6.97823	0.578272	0.464899	0.350565	0.044774
20194	0.357167	0.339856	4.21935	2.03433	0.482144	1.52991	-2.5103	3.76491	1.77969	0.472704	5.90654	0.687663	0.477692	0.347572	0.0449631
20195	0.342137	0.315793	3.89087	1.88482	0.484421	1.56628	-2.42671	3.92002	1.87181	0.4775	5.01917	0.749259	0.480948	0.333683	0.0454473
20196	0.317008	0.29902	3.79234	1.83031	0.482633	1.54714	-2.42224	3.7175	1.86202	0.500878	4.89365	0.756618	0.491665	0.334064	0.0457422
20197	0.351166	0.276158	3.67338	1.95804	0.533035	1.62367	-2.36235	3.8671	1.82059	0.47079	4.29934	0.809628	0.501113	0.315457	0.0458681
20198	0.281835	0.290455	3.73919	1.82764	0.488779	1.67824	-2.34425	3.92477	1.86251	0.474553	3.55993	0.974977	0.481494	0.319969	0.0459988
20199	0.355095	0.266476	3.82438	1.86354	0.487278	1.68361	-2.31282	3.84022	1.79463	0.467324	3.7694	0.882472	0.47728	0.312658	0.0462116
20200	0.409436	0.309887	4.03552	1.92294	0.476502	1.69065	-2.30469	3.84876	1.70501	0.443003	4.16446	0.820757	0.460149	0.32033	0.0467295
20201	0.268188	0.261161	3.80855	1.92842	0.506341	1.7033	-2.32427	3.66111	1.70296	0.465148	3.24559	1.02978	0.486151	0.315264	0.0469921
20202	0.271891	0.242334	3.95281	1.9417	0.49122	1.66467	-2.35627	3.70828	1.88763	0.509032	3.48109	0.969916	0.499842	0.306074	0.0472447
20203	0.199088	0.231703	3.7443	1.86708	0.498648	1.52647	-2.37309	3.72258	1.83135	0.491956	3.85084	0.880972	0.495312	0.314537	0.0477521
20204	0.299878	0.272151	3.71098	1.88943	0.509145	1.65534	-2.37091	3.90259	1.77124	0.453864	3.80223	0.918642	0.480809	0.323099	0.0478523
20205	0.178284	0.20987	4.31612	1.94346	0.45028	1.70076	-2.28618	3.91712	1.84894	0.472015	2.68784	1.15897	0.460621	0.291238	0.0480913
20206	0.242593	0.227245	3.96802	1.98815	0.501043	1.75837	-2.25222	4.08208	2.01149	0.492762	2.67577	1.14878	0.496844	0.277698	0.0484962
20207	0.289421	0.257144	3.72685	1.83866	0.493356	1.65338	-2.3137	4.02596	1.91535	0.475751	3.55261	0.930196	0.484213	0.305731	0.0486254
20208	0.166983	0.269692	3.71283	1.80627	0.486494	1.69159	-2.37424	3.62852	1.89076	0.521084	3.00737	1.16221	0.50359	0.321085	0.0488867
20209	0.264436	0.275352	3.6541	1.82199	0.498614	1.65758	-2.40441	3.73297	1.89172	0.50676	3.69996	0.970431	0.50273	0.325992	0.0488807
20210	0.291981	0.299754	3.96313	1.92745	0.486345	1.56326	-2.37444	3.92627	1.85405	0.472217	4.4249	0.808074	0.479314	0.321122	0.0488371
20211	0.340285	0.341309	3.93301	1.90214	0.483634	1.57713	-2.47684	3.71044	1.80684	0.486961	5.19157	0.764891	0.485249	0.348784	0.0486813
20212	0.356366	0.309833	4.16684	1.97011	0.472806	1.53703	-2.46069	3.79323	1.82737	0.481745	5.50644	0.696982	0.477066	0.335801	0.0488263
20213	0.295147	0.247231	3.786	1.81842	0.480302	1.39268	-2.50042	4.10472	1.84312	0.449025	6.26738	0.60229	0.464031	0.340248	0.0491849
20214	0.26435	0.231708	4.33098	1.95649	0.451744	1.46608	-2.55089	3.78482	1.81761	0.480238	5.36153	0.722073	0.465032	0.339126	0.0494126
20215	0.202504	0.161448	3.93164	1.9196	0.488243	1.55105	-2.53807	3.99125	1.82878	0.458198	4.00719	0.909288	0.473107	0.327179	0.0495907
20216	0.107202	0.110873	4.26568	1.97574	0.463172	1.54847	-2.50609	3.7387	1.83898	0.491878	3.2969	1.03863	0.47658	0.30989	0.049717
20217	0.103281	0.0707793	3.95244	1.9469	0.492582	1.45976	-2.48226	3.82981	1.9199	0.501305	3.54235	0.920014	0.496875	0.296577	0.05016
20218	0.0770226	0.0803792	4.05947	1.97358	0.486166	1.40084	-2.5388	3.79081	1.86415	0.491754	3.91451	0.876242	0.488865	0.308968	0.0504224
20219	0.164416	0.0863704	3.86452	1.99963	0.517432	1.50246	-2.56341	3.83868	1.854	0.48298	3.92174	0.895179	0.500264	0.313059	0.0509155
20220	0.167672	0.136535	3.85816	1.83506	0.475629	1.38126	-2.59047	4.04765	1.91349	0.472741	5.04929	0.736395	0.474151	0.331644	0.0509628
20221	0.215926	0.152036	3.74787	1.86247	0.496941	1.51409	-2.60536	3.79389	1.72548	0.454806	4.5117	0.842613	0.475745	0.346422	0.0511568
20222	0.0766591	0.11067	4.03168	1.9261	0.477742	1.5098	-2.51875	3.5908	1.76609	0.491839	3.36623	1.02694	0.484383	0.318974	0.0515367
20223	0.0780213	0.0867767	3.76316	1.79036	0.475758	1.51648	-2.43943	3.54962	1.67607	0.472183	3.08422	1.03458	0.474023	0.315295	0.0517803
20224	0.166593	0.0264114	3.75735	1.93066	0.513837	1.62795	-2.435	3.82068	1.70814	0.447076	2.83697	1.06779	0.480177	0.294012	0.0520031
20225	0.139441	0.0366905	3.786	1.88883	0.498898	1.60759	-2.4621	3.72881	1.72363	0.462247	2.8968	1.07773	0.480712	0.301836	0.0521742
20226	-0.102559	-0.00696898	3.86484	1.89725	0.490901	1.45213	-2.53757	3.85287	1.77069	0.459577	2.64946	1.20853	0.475263	0.303959	0.0525941
20227	0.014565	-0.00596004	3.64499	1.7843	0.489522	1.46828	-2.5318	4.09354	1.86482	0.455551	3.01895	1.05664	0.471552	0.304252	0.0527055
20228	0.0579358	-0.0534879	4.03441	1.99547	0.494613	1.55491	-2.53546	3.85568	1.8594	0.482251	2.74896	1.12046	0.488572	0.285565	0.0528514
20229	-0.0709698	-0.100347	3.90129	1.8469	0.473408	1.49	-2.52609	3.74336	1.75259	0.468185	2.41493	1.21831	0.47085	0.290222	0.0529895
20230	-0.0513536	-0.0688958	3.8642	1.89034	0.489192	1.49937	-2.53606	3.70977	1.76411	0.47553	2.53121	1.20237	0.4825	0.29409	0.053326
20231	-0.0871796	-0.0621019	4.254	1.93992	0.456022	1.45331	-2.49677	3.72548	1.89175	0.507788	2.49781	1.18656	0.480191	0.278991	0.0533164
20232	-0.0464298	-0.0524917	3.51649	1.83052	0.520553	1.4192	-2.52424	3.97627	1.97828	0.497523	2.8442	1.07403	0.508331	0.286334	0.0536192
20233	-0.0233282	-0.02857	4.11142	1.94261	0.472491	1.52092	-2.48278	4.18132	2.2293	0.533156	2.52575	1.19235	0.503079	0.265308	0.0539615
20234	-0.0610296	-0.0103833	3.83524	1.79544	0.468144	1.62253	-2.45111	4.09485	2.00834	0.490456	2.10174	1.41719	0.479665	0.281467	0.0539988
20235	-0.0663915	-0.00649963	3.68644	1.81212	0.491565	1.53015	-2.43704	3.95507	1.88283	0.476053	2.31765	1.27447	0.483536	0.285665	0.0544708
20236	0.0341519	-0.0258471	3.96611	1.95428	0.492744	1.53861	-2.46354	4.16372	1.89668	0.455526	2.62539	1.1317	0.473683	0.27848	0.0543492
20237	0.00364298	-0.0513911	3.97025	1.79961	0.453274	1.5637	-2.45235	4.08912	2.07003	0.506228	2.36859	1.21688	0.480142	0.271461	0.0548592
20238	-0.0891252	-0.0600998	3.97762	1.89225	0.475724	1.51528	-2.48716	3.92702	2.02323	0.515207	2.2884	1.28706	0.495339	0.273415	0.0552504
20239	-0.0962756	-0.102559	3.79319	1.90424	0.502017	1.4704	-2.51866	3.65506	2.00344	0.54813	2.37834	1.22724	0.524646	0.272014	0.0553369
20240	-0.196411	-0.157452	3.87887	1.88236	0.485286	1.50266	-2.52392	3.75772	1.8432	0.490511	1.93991	1.44341	0.487857	0.273247	0.0553954
20241	-0.182491	-0.213235	3.86277	1.76383	0.456625	1.50944	-2.55211	4.20007	2.06783	0.492333	1.91096	1.43131	0.475226	0.263132	0.0555279
20242	-0.303131	-0.249312	3.66518	1.71121	0.466883	1.2886	-2.66595	3.85509	1.93917	0.503015	2.30507	1.2668	0.485405	0.285799	0.0558324
20243	-0.417394	-0.384728	3.76782	1.78208	0.472975	1.37127	-2.68452	3.73143	1.84635	0.49481	1.65317	1.59966	0.483839	0.267183	0.0563825
20244	-0.454476	-0.415378	3.99593	1.96438	0.491596	1.3749	-2.64824	3.76895	1.8556	0.492338	1.48976	1.6733	0.491956	0.246109	0.0562339
20245	-0.539708	-0.480061	3.80181	1.82446	0.479893	1.33285	-2.63066	3.93426	1.86667	0.474466	1.31901	1.75324	0.477133	0.238625	0.0563164
20246	-0.483559	-0.473861	3.7232	1.84549	0.495673	1.29695	-2.67696	3.64551	1.87271	0.513702	1.53101	1.58511	0.504593	0.246141	0.0561322
20247	-0.48479	-0.449038	3.98033	1.97036	0.495023	1.38155	-2.62696	3.89256	1.90368	0.489055	1.36178	1.74161	0.492072	0.234451	0.0565285
20248	-0.49499	-0.474888	3.82194	1.90641	0.498807	1.32579	-2.64669	3.68353	1.77238	0.481164	1.42273	1.65762	0.490148	0.242822	0.0567921
20249	-0.498435	-0.496402	3.88469	1.99142	0.512632	1.31604	-2.70662	3.75705	1.82333	0.485309	1.48378	1.64616	0.499199	0.242599	0.056813
20250	-0.439153	-0.474039	3.79264	1.83681	0.484308	1.28839	-2.71897	3.86155	1.94639	0.504043	1.6887	1.4922	0.494265	0.249925	0.0567392
20251	-0.395602	-0.430095	3.79621	1.77759	0.468255	1.16254	-2.75182	4.03788	1.87987	0.465559	2.22029	1.2139	0.466865	0.269347	0.0570836
20252	-0.469562	-0.362631	3.88159	1.86872	0.481433	1.37744	-2.70106	3.97115	1.79843	0.452873	1.60293	1.70571	0.46699	0.271654	0.0573751
20253	-0.439229	-0.401685	3.88728	1.79833	0.462619	1.37011	-2.70482	3.56548	1.80272	0.505605	1.62031	1.63685	0.483184	0.269241	0.0575594
20254	-0.469337	-0.468119	3.66326	1.82048	0.496956	1.37874	-2.71809	3.93216	1.77355	0.451037	1.48222	1.7077	0.473183	0.260527	0.0578638
20255	-0.415052	-0.427153	3.9088	1.78956	0.457827	1.28269	-2.76758	3.75834	1.7067	0.454109	1.9004	1.44117	0.456005	0.281544	0.0578144
20256	-0.47431	-0.485323	3.6806	1.86975	0.508001	1.29413	-2.79549	3.6163	1.74014	0.481194	1.7065	1.5637	0.494716	0.26996	0.0581663
20257	-0.406076	-0.468665	3.83616	1.88089	0.490306	1.35358	-2.7138	3.67655	1.7817	0.484613	1.62791	1.54819	0.48752	0.256082	0.0583511
20258	-0.601413	-0.472069	3.79333	1.86825	0.492508	1.25403	-2.77211	3.71852	1.81072	0.486947	1.53666	1.72133	0.489755	0.264527	0.0585543
20259	-0.521327	-0.492272	4.11117	2.06642	0.502635	1.24379	-2.80465	3.87131	1.85997	0.480449	1.71622	1.55782	0.491875	0.254083	0.0584851
20260	-0.556245	-0.487372	4.3615	1.9686	0.45136	1.25194	-2.80012	3.46743	1.80223	0.519759	1.63596	1.63477	0.481654	0.261881	0.0585547
20261	-0.480605	-0.415697	3.7357	1.9377	0.518698	1.09912	-2.83889	3.65065	1.788	0.489777	2.35295	1.24777	0.504404	0.282747	0.0588966
20262	-0.564521	-0.463635	3.89418	1.94906	0.500506	1.10729	-2.85921	3.49111	1.71384	0.490917	2.05327	1.39748	0.495973	0.281547	0.0589678
20263	-0.446385	-0.443516	4.05431	1.87939	0.463553	1.13069	-2.84005	3.67755	1.83301	0.498433	2.3092	1.24359	0.480143	0.279001	0.0589878
20264	-0.42703	-0.40221	4.15985	1.89124	0.454641	1.1121	-2.89323	4.11809	1.86254	0.452283	2.6194	1.18447	0.453468	0.292521	0.0594504
20265	-0.421092	-0.384188	4.09777	1.87092	0.45657	1.00301	-2.98607	4.02338	1.96036	0.487243	3.33808	1.01403	0.471766	0.306502	0.0595455
20266	-0.34225	-0.376294	3.62713	1.81183	0.499522	1.0888	-2.90599	3.80152	1.87258	0.492587	3.12481	1.02396	0.495973	0.302862	0.0598135
20267	-0.394511	-0.335337	4.02985	1.85911	0.461335	1.08703	-2.91143	3.93889	1.96269	0.498286	3.02341	1.09748	0.479599	0.302807	0.0605222
20268	-0.365847	-0.288106	3.9004	1.88965	0.484475	1.08034	-2.89912	4.00091	1.77282	0.443103	3.25961	1.04573	0.463526	0.31768	0.0608698
20269	-0.196145	-0.223532	4.08729	1.75474	0.429315	1.03906	-2.9591	4.12094	1.83751	0.445896	4.90474	0.76287	0.437639	0.342564	0.0609964
20270	-0.169663	-0.251485	3.76108	1.83776	0.488625	1.07934	-2.98935	3.82053	1.91314	0.500753	4.80506	0.780001	0.494736	0.33327	0.0613855
20271	-0.248599	-0.305758	4.26025	1.86142	0.436927	0.954183	-2.99871	3.86655	1.92087	0.496792	5.01282	0.723342	0.46541	0.324131	0.0619032
20272	-0.350776	-0.33683	3.523	1.80657	0.512792	0.975591	-3.00607	4.04771	2.01352	0.497447	4.04992	0.879625	0.504588	0.318107	0.0618973
20273	-0.406789	-0.381233	3.50155	1.84171	0.525972	0.916174	-3.0528	3.95556	1.87217	0.4733	4.07789	0.875116	0.498033	0.324637	0.0622188
20274	-0.475717	-0.479407	3.68233	1.74899	0.474969	0.960126	-3.03415	3.65659	1.89864	0.519239	3.16577	1.03082	0.497026	0.309177	0.0626176
20275	-0.485963	-0.412223	3.87162	1.81515	0.468834	0.836864	-3.05091	4.07897	1.91401	0.469238	3.97895	0.874936	0.469041	0.318339	0.0627102
20276	-0.408422	-0.453317	3.98538	1.80238	0.452248	0.846429	-3.1584	4.18057	1.85738	0.444289	4.64704	0.787325	0.448173	0.333382	0.0631688
20277	-0.454087	-0.416895	4.22495	1.91221	0.4526	0.796624	-3.18936	3.72205	1.88057	0.505251	4.9138	0.782138	0.47726	0.33639	0.0634513
20278	-0.315706	-0.350491	4.01236	2.06405	0.514423	0.755505	-3.2057	3.83895	1.83789	0.478747	7.10436	0.573747	0.496979	0.34322	0.0638814
20279	-0.385597	-0.362594	3.89168	1.93768	0.497904	0.784394	-3.1957	3.86991	1.82838	0.472461	5.86355	0.684439	0.485218	0.34772	0.0640018
20280	-0.435501	-0.422516	3.40705	1.84311	0.540969	0.709966	-3.24416	3.80494	1.79455	0.471636	6.06791	0.656047	0.50439	0.353773	0.0641478
20281	-0.413027	-0.422237	3.92666	1.89233	0.481918	0.876384	-3.21874	3.79536	1.77064	0.466527	4.7038	0.83129	0.474354	0.348117	0.0642771
20282	-0.38678	-0.347082	3.55459	1.68899	0.475159	0.852152	-3.1523	3.90654	1.87546	0.480083	5.12672	0.767476	0.477737	0.355754	0.0644602
20283	-0.402482	-0.337763	3.72403	1.83549	0.492876	0.848857	-3.11979	3.81162	1.91111	0.501389	4.94281	0.782925	0.497182	0.340677	0.0647048
20284	-0.449027	-0.489729	3.98078	1.75307	0.440384	0.683169	-3.30287	3.94717	1.86155	0.471616	6.17362	0.640934	0.455934	0.353846	0.065113
20285	-0.534259	-0.532027	3.61709	1.81591	0.502036	0.568222	-3.34619	3.71622	1.81031	0.487138	6.51563	0.607733	0.494486	0.353279	0.0651658
20286	-0.501257	-0.481719	4.09415	1.91114	0.466799	0.802727	-3.20644	3.87296	1.9456	0.502356	4.36615	0.850187	0.484084	0.325	0.065674
20287	-0.458643	-0.444169	3.58671	1.75979	0.49064	0.712507	-3.21339	3.95875	1.9551	0.493866	5.59101	0.685797	0.492333	0.340513	0.0660862
20288	-0.530927	-0.506976	3.82206	1.81455	0.474756	0.759242	-3.2281	3.82921	1.84889	0.482839	4.44838	0.832269	0.478801	0.335791	0.0664966
20289	-0.500185	-0.475904	3.70401	1.77508	0.479231	0.825585	-3.18971	3.37934	1.65841	0.49075	4.19007	0.878833	0.484727	0.349175	0.0668638
20290	-0.40758	-0.448008	3.68367	1.82105	0.494356	0.852283	-3.2108	3.88669	1.8324	0.471455	4.80896	0.793626	0.482598	0.34322	0.0669569
20291	-0.405844	-0.414433	3.95704	1.92179	0.485663	0.716902	-3.22759	3.80172	1.78035	0.468301	6.27804	0.63028	0.477156	0.348398	0.0670932
20292	-0.327347	-0.327889	3.84969	1.85523	0.481916	0.824775	-3.13387	4.05609	1.78132	0.439172	5.93161	0.663693	0.459986	0.351302	0.0673276
20293	-0.339617	-0.292531	3.97819	1.96126	0.493002	0.845898	-3.15884	3.8556	1.85527	0.481188	5.84564	0.702723	0.487188	0.34999	0.067783
20294	-0.28893	-0.314176	3.87898	1.8326	0.472444	0.846885	-3.172	3.99093	1.79345	0.449381	6.33076	0.645039	0.460749	0.360357	0.0680965
20295	-0.283745	-0.274247	3.43779	1.7272	0.502416	0.915937	-3.11073	4.00638	1.70362	0.425228	5.5902	0.719619	0.460874	0.369709	0.0685035
20296	-0.281232	-0.265338	3.73674	1.76798	0.473135	0.865638	-3.09658	3.73444	1.71877	0.46025	6.09432	0.657655	0.466694	0.365091	0.0682154
20297	-0.297731	-0.268689	3.80929	1.84384	0.484039	0.886869	-3.10362	3.85223	1.85905	0.482591	5.72718	0.701639	0.483311	0.35186	0.0683423
20298	-0.262684	-0.231735	3.9214	1.95849	0.499437	0.968413	-3.02603	3.9657	1.78144	0.449211	5.1518	0.7578	0.474183	0.343056	0.0685964
20299	-0.172786	-0.147698	3.89162	1.85975	0.477887	0.989426	-2.98228	3.64979	1.79686	0.492319	5.94848	0.675369	0.484872	0.354677	0.0687381
20300	-0.198942	-0.159709	3.715	1.86818	0.502874	0.903352	-3.04115	3.65462	1.76232	0.482217	6.8332	0.607526	0.49263	0.363875	0.0690893
20301	-0.20476	-0.185614	3.71855	1.98447	0.533667	0.876375	-3.06825	3.72027	1.74172	0.46817	7.10916	0.584427	0.500911	0.358065	0.0695716
20302	-0.318986	-0.220496	3.75046	1.76835	0.471501	0.871206	-3.14709	3.4847	1.6661	0.478117	6.04631	0.708278	0.474688	0.38415	0.0699484
20303	-0.153657	-0.215196	3.94758	1.7097	0.433102	0.798767	-3.2019	3.67682	1.66937	0.454025	9.83381	0.453556	0.443192	0.3977	0.0702025
20304	-0.062749	-0.151708	3.6534	1.68426	0.461012	0.815016	-3.19919	4.04778	1.8514	0.457386	12.0538	0.385236	0.459106	0.396502	0.0704452
20305	-0.207522	-0.124911	3.83074	1.71185	0.446873	0.776116	-3.12882	3.6211	1.80641	0.498856	9.32618	0.483772	0.472133	0.390805	0.070586
20306	-0.0820361	-0.0888093	3.90747	1.81017	0.46326	1.06102	-3.00908	3.74824	1.76903	0.471961	6.52695	0.653289	0.46752	0.373418	0.0707989
20307	0.0509376	0.0140031	4.1385	1.9349	0.467535	1.17105	-2.94794	3.80201	1.71827	0.451936	6.99251	0.627322	0.460066	0.375265	0.0707164
20308	-0.0949321	-0.0398556	3.77581	1.92143	0.508878	1.05544	-2.93083	3.93088	1.78557	0.454241	6.31561	0.661675	0.48101	0.360585	0.0711445
20309	-0.0533586	-0.0485553	4.05541	1.99507	0.491952	1.03333	-3.00103	3.66359	1.83378	0.500541	7.38178	0.590449	0.496028	0.362838	0.0717641
20310	0.0639808	-0.0228646	3.85855	1.97368	0.511509	0.975505	-3.03377	3.68454	1.75411	0.476073	10.9108	0.415438	0.4942	0.378216	0.0721388
20311	-0.0157463	0.0136928	3.92313	1.84686	0.470762	1.0108	-3.06492	3.83841	1.7847	0.464957	8.99404	0.526897	0.467891	0.394963	0.0721522
20312	-0.0139525	-0.0374999	4.16988	2.04187	0.489672	1.01286	-3.03955	3.98798	1.88441	0.472523	8.54773	0.527175	0.481289	0.364729	0.0720689
20313	-0.0749801	-0.091175	3.9671	1.83209	0.461822	1.01624	-2.96252	3.79968	1.88836	0.496978	6.92376	0.595386	0.479021	0.356617	0.0719449
20314	-0.181041	-0.168294	3.77977	1.90786	0.504754	0.985472	-2.9758	3.73318	1.82312	0.488354	5.79247	0.680376	0.496605	0.345729	0.0714613
20315	-0.128787	-0.138229	4.0574	1.88259	0.46399	0.923061	-3.02841	3.86725	1.89767	0.490703	7.54996	0.553192	0.477026	0.355958	0.0713149
20316	-0.139829	-0.145597	4.37944	1.85058	0.42256	0.943692	-3.01504	3.60313	1.7474	0.484966	7.01327	0.58701	0.450728	0.364027	0.0713887
20317	-0.149404	-0.147496	3.70762	1.89556	0.511259	0.967126	-3.05564	3.85154	1.83381	0.476123	6.7841	0.62332	0.493357	0.36193	0.0716405
20318	-0.249476	-0.180338	3.92791	1.88315	0.479429	0.952591	-3.01177	3.90996	1.64265	0.420118	5.54822	0.722483	0.449842	0.362544	0.0718542
20319	-0.210298	-0.216588	4.04944	1.82068	0.449612	0.848791	-3.06337	3.82382	1.74707	0.456892	7.22507	0.560835	0.453148	0.36231	0.0720775
20320	-0.158251	-0.204909	3.75031	1.8125	0.483295	0.922947	-3.07043	4.04789	1.9191	0.474099	7.02418	0.584495	0.478522	0.355	0.0722634
20321	-0.1897	-0.181933	4.02809	1.77274	0.440095	0.964741	-3.01728	3.93522	1.8421	0.468105	6.03212	0.666367	0.453936	0.357436	0.07267
20322	-0.250393	-0.20601	3.8595	1.80741	0.468302	0.929038	-3.06015	3.74892	1.85137	0.493841	5.85604	0.695529	0.480886	0.357695	0.0732247
20323	-0.0745632	-0.114666	3.85281	1.99836	0.518676	0.791834	-3.08415	3.84114	1.81813	0.473331	11.747	0.375322	0.496038	0.366247	0.0736974
20324	-0.0969475	-0.0686735	4.1002	2.06578	0.503825	0.967093	-3.02047	4.15849	1.89032	0.454568	7.69587	0.566091	0.479023	0.355208	0.0738211
20325	0.145949	0.0389193	3.97368	1.95875	0.492931	0.934845	-2.99256	3.91298	2.04636	0.522966	14.7663	0.311178	0.507833	0.364645	0.0741321
20326	-0.014775	0.0346361	3.89018	1.83254	0.471069	0.992101	-2.95173	3.70002	1.97863	0.534764	8.79698	0.5069	0.502118	0.369207	0.0745377
20327	-0.0794519	-0.00221691	3.71457	1.87826	0.505648	1.01678	-2.96627	4.12078	1.86816	0.453351	7.31078	0.600867	0.478144	0.369706	0.0751382
20328	-0.145371	-0.00837498	3.67911	1.76297	0.479185	0.963024	-2.98085	4.06698	1.96728	0.483721	7.19197	0.61427	0.481566	0.372039	0.0753929
20329	-0.0138999	0.00282041	3.64794	1.72943	0.474084	1.07056	-2.99708	3.90663	2.0291	0.5194	7.65225	0.588022	0.497518	0.374569	0.0756073
20330	-0.0183922	0.00459403	3.86085	1.6867	0.436872	1.00624	-3.03304	3.83687	1.96767	0.512832	8.78884	0.52494	0.474733	0.387091	0.0759714
20331	-0.0102862	-0.0372528	3.8413	1.74401	0.454015	0.941188	-3.0907	3.95826	1.84837	0.466965	10.2988	0.452652	0.460587	0.393632	0.0764068
20332	-0.0202305	-0.0210043	3.55732	1.84295	0.518072	0.852119	-3.15333	3.94341	1.92419	0.48795	12.893	0.380497	0.502236	0.394471	0.0766582
20333	0.0102243	0.00644552	4.14627	1.97328	0.475918	0.857851	-3.14158	4.09704	1.97746	0.482656	13.7933	0.359235	0.479267	0.385528	0.0769854
20334	0.0846094	0.064118	4.09381	1.87743	0.4586	0.821275	-3.20525	3.50628	1.83835	0.524301	19.6964	0.271338	0.488911	0.418439	0.0770243
20335	0.0172304	0.0379547	3.85217	1.96646	0.510481	0.926809	-3.11143	4.18266	1.90101	0.454499	11.9887	0.413667	0.481339	0.390793	0.0772546
20336	0.107897	0.0792038	4.034	1.94529	0.482223	0.913501	-3.03977	3.91946	1.86573	0.476017	14.9893	0.324499	0.479165	0.389675	0.0771965
20337	0.039587	0.0823391	3.90077	1.8672	0.478676	0.98908	-3.04059	3.81275	1.79621	0.471105	10.8178	0.450768	0.474934	0.399717	0.0769279
20338	0.0908123	0.130409	3.86345	1.88794	0.488668	0.973709	-3.00399	3.79533	1.91863	0.505524	12.6035	0.389753	0.497021	0.392302	0.0774038
20339	0.0652296	0.0894121	3.84144	1.89931	0.494426	1.05274	-2.93815	3.85608	1.79426	0.465307	9.39947	0.487589	0.479839	0.382992	0.0770428
20340	0.120953	0.094609	3.75003	1.87376	0.499666	1.08983	-2.9406	4.17227	1.8906	0.453135	9.81381	0.469363	0.475161	0.379702	0.0771473
20341	0.0860892	0.132863	3.78794	1.8108	0.478043	0.970731	-3.00279	3.91722	1.85957	0.474716	12.5638	0.391296	0.476352	0.401214	0.0775667
20342	0.120068	0.117947	4.07905	1.88407	0.461888	0.948947	-3.00906	3.97751	1.76587	0.443964	14.2323	0.34352	0.453039	0.401228	0.0779174
20343	0.0178083	0.0474811	4.11236	1.79392	0.436226	0.951617	-3.07297	3.52149	1.77702	0.504621	11.1666	0.435999	0.467777	0.405484	0.0781609
20344	0.205498	0.162341	3.80234	1.67341	0.440099	0.954501	-3.07272	4.14526	1.89162	0.456332	18.6551	0.280502	0.448566	0.42339	0.0783907
20345	0.191259	0.178554	4.06708	1.74876	0.429978	0.831987	-3.0985	3.96231	1.91522	0.48336	26.1589	0.205266	0.456321	0.423004	0.0788279
20346	0.112564	0.107298	3.87932	1.82748	0.471083	0.818915	-3.13882	3.86652	1.7983	0.465095	21.1197	0.249466	0.468094	0.420933	0.0788617
20347	0.0603492	0.0779736	3.71201	1.81531	0.489038	0.806959	-3.16959	3.82633	1.81818	0.475174	18.9202	0.278713	0.482001	0.420632	0.0792982
20348	0.163732	0.135866	3.87596	1.90069	0.49038	0.75576	-3.19174	3.70559	1.7485	0.471853	31.5923	0.175248	0.481325	0.431486	0.0792961
20349	0.198974	0.178585	3.9542	1.7818	0.450609	0.797237	-3.20389	3.87348	1.9115	0.493483	31.9657	0.17896	0.471825	0.436569	0.0794833
20350	0.154247	0.151341	3.8456	1.79433	0.466592	0.824549	-3.17402	3.94774	1.9314	0.489242	24.6114	0.224653	0.478065	0.426071	0.0795672
20351	0.175867	0.169489	3.7434	1.83744	0.490848	0.951232	-3.04204	3.72525	1.87164	0.502421	17.1558	0.300595	0.49662	0.410213	0.0795172
20352	0.0865375	0.111115	3.91075	1.72412	0.440868	0.910896	-3.08568	3.83509	1.78708	0.46598	15.0383	0.339783	0.453301	0.421296	0.0797366
20353	0.0981736	0.0995922	3.94987	1.90671	0.482727	1.01879	-3.05744	4.06592	1.97774	0.48642	11.7599	0.423765	0.4846	0.390905	0.0799748
20354	0.0709567	0.072644	3.74065	1.87856	0.502203	0.923615	-3.092	4.05509	1.89463	0.467223	13.7753	0.363513	0.484008	0.399	0.0800465
20355	0.059477	0.056234	3.89206	1.79236	0.460517	0.94605	-3.07786	3.73911	1.79674	0.480525	12.4967	0.393006	0.470321	0.406365	0.0801004
20356	0.0325649	0.0377445	3.94923	1.79883	0.45549	1.01392	-3.01946	3.64946	1.84162	0.504629	9.70506	0.481527	0.47909	0.39105	0.0802407
20357	0.0276211	0.0479877	3.98623	1.82166	0.456988	1.02925	-2.9949	4.08014	2.08354	0.510655	9.22903	0.501631	0.484134	0.372269	0.0800046
20358	0.00730259	-0.0102784	3.90217	1.81278	0.464557	1.01452	-2.9688	3.96517	1.92707	0.485999	8.6278	0.507247	0.475363	0.369245	0.0800554
20359	0.0122759	-0.0121714	3.74682	1.89154	0.504838	1.01629	-2.99492	3.86077	1.8724	0.484981	8.82576	0.504024	0.494761	0.371551	0.0803213
20360	-0.0512863	-0.0770424	3.83419	1.91563	0.499619	1.01391	-2.99057	3.81052	1.70269	0.44684	7.48132	0.567322	0.473311	0.369799	0.0803875
20361	-0.149294	-0.114535	3.7559	1.91163	0.508967	1.05121	-2.96145	3.79168	1.8015	0.475119	5.6237	0.720605	0.491963	0.353156	0.0806518
20362	-0.137909	-0.120812	3.83215	1.90869	0.498072	1.04884	-2.92037	3.80001	1.94654	0.512246	5.56496	0.704184	0.505129	0.337087	0.0812396
20363	-0.113022	-0.0820273	3.79846	1.77908	0.468369	1.10504	-2.8933	3.6906	1.88483	0.51071	5.32679	0.741839	0.489235	0.350452	0.0814206
20364	-0.0449019	-0.0752199	4.01962	1.91044	0.475279	1.15521	-2.86423	4.08424	1.94676	0.476653	5.40081	0.720133	0.475971	0.335289	0.081299
20365	-0.120019	-0.100906	4.0007	1.95984	0.489875	1.10522	-2.89478	3.61713	1.85851	0.513807	5.19959	0.75061	0.501238	0.338328	0.0815915
20366	-0.070371	-0.141355	3.71289	1.95466	0.526452	1.09092	-2.93038	3.64107	1.85077	0.508305	5.76794	0.674303	0.517467	0.33831	0.0819423
20367	-0.097138	-0.101122	3.89844	2.03702	0.522523	1.04713	-2.91892	4.09904	1.99884	0.487636	6.0641	0.654669	0.504642	0.329796	0.0824716
20368	-0.0564354	-0.047657	3.84653	1.92374	0.500124	1.06893	-2.93438	4.02618	1.97524	0.490598	6.57999	0.633223	0.495253	0.348358	0.0823944
20369	-0.0598278	-0.06247	3.78533	2.01621	0.532639	1.05459	-2.94843	3.83129	1.88128	0.491032	6.70633	0.620964	0.51171	0.348325	0.0826281
20370	-0.0381972	-0.036684	3.78339	1.94684	0.514575	1.11416	-2.92518	3.61565	1.85116	0.511987	6.28302	0.663966	0.51331	0.354619	0.0826432
20371	-0.0798005	-0.077039	3.80942	1.80112	0.472807	1.18856	-2.86531	4.05165	1.98864	0.490821	4.8326	0.804373	0.482092	0.339112	0.0831609
20372	-0.205963	-0.0912471	3.98618	1.83883	0.461301	1.0544	-2.92934	3.66122	1.82617	0.498786	5.07062	0.79426	0.479247	0.35472	0.0832729
20373	-0.0848327	-0.115827	3.87699	1.94188	0.500873	0.951761	-2.92499	3.82817	1.93329	0.505017	7.34409	0.537263	0.502932	0.337466	0.0834776
20374	-0.131298	-0.107314	3.6209	1.90068	0.52492	1.08564	-2.95463	4.04778	2.00897	0.496315	5.47436	0.740472	0.509822	0.341529	0.0834719
20375	-0.105973	-0.0862666	3.97256	2.05496	0.517289	0.994092	-2.9574	4.40244	2.18442	0.496183	6.81191	0.605071	0.506195	0.327217	0.0836609
20376	-0.0808534	-0.100782	4.05526	1.90751	0.47038	1.08402	-2.90906	4.09551	1.91385	0.467305	5.81202	0.678461	0.468834	0.340458	0.0837374
20377	-0.0998143	-0.117424	3.65656	1.88242	0.514807	1.0413	-2.93787	3.87962	1.99751	0.514871	6.10908	0.651072	0.51484	0.338984	0.0837373
20378	-0.170771	-0.154356	4.21801	1.9283	0.457159	1.1589	-2.87743	4.1736	2.09664	0.502358	4.19399	0.884018	0.479639	0.315446	0.0838021
20379	-0.244213	-0.237548	3.7661	1.81001	0.480607	1.24582	-2.80467	3.63216	1.94216	0.534713	2.96825	1.1101	0.50717	0.30522	0.0844296
20380	-0.239836	-0.22013	3.95043	1.95846	0.495759	1.13429	-2.8507	3.97825	1.88033	0.472654	3.66479	0.944106	0.484166	0.310764	0.084794
20381	-0.228666	-0.216483	3.91049	1.87597	0.479726	1.12785	-2.8709	4.28864	1.93637	0.451512	3.829	0.920073	0.464968	0.316136	0.0850522
20382	-0.20383	-0.256555	4.01066	1.81476	0.452484	1.07897	-2.89358	3.82291	1.84629	0.482955	4.22579	0.822792	0.467354	0.322077	0.0855016
20383	-0.162633	-0.168754	3.53768	1.64846	0.465971	1.06779	-2.92609	3.91319	1.90933	0.487923	5.02191	0.756974	0.4775	0.348327	0.0856847
20384	-0.249661	-0.164661	3.50673	1.64928	0.47032	1.08469	-2.92668	3.60388	1.83099	0.508061	4.28465	0.890242	0.489448	0.354119	0.0859666
20385	-0.138484	-0.119038	3.65045	1.77507	0.486261	1.09814	-2.90691	3.79994	1.92268	0.505977	5.08243	0.764621	0.496317	0.344578	0.086125
20386	-0.114113	-0.152736	4.05934	1.89076	0.46578	1.15108	-2.91801	4.03233	2.06184	0.511328	4.77708	0.800355	0.488478	0.326097	0.0861226
20387	-0.129472	-0.131542	3.86935	1.88585	0.487382	1.04742	-2.94878	4.04875	1.99355	0.492387	5.73024	0.692541	0.489941	0.338506	0.0861948
20388	-0.200732	-0.178533	3.8449	1.8338	0.476944	1.11295	-2.88332	4.21435	1.95927	0.464903	4.23923	0.862876	0.470647	0.325431	0.0863326
20389	-0.20836	-0.230104	3.65063	1.74277	0.47739	1.27766	-2.80546	3.87259	1.93422	0.499463	3.00349	1.10412	0.488752	0.3109	0.0864426
20390	-0.246216	-0.185978	3.96579	1.87604	0.473057	1.2407	-2.77408	3.47949	1.83804	0.528249	3.02963	1.10546	0.49885	0.310866	0.0868329
20391	-0.141806	-0.138952	3.79407	1.89418	0.499248	1.2243	-2.82016	4.03988	1.8527	0.458603	3.85206	0.933122	0.478288	0.324278	0.0871958
20392	-0.235732	-0.158881	4.28866	1.89449	0.441744	1.16758	-2.83012	3.6924	1.85756	0.503077	3.62341	0.984638	0.470119	0.322345	0.0872259
20393	-0.0652237	-0.0577712	3.81809	1.88014	0.49243	1.14803	-2.89765	4.25742	1.79776	0.422265	5.47897	0.735987	0.455439	0.354204	0.087447
20394	0.00907826	-0.0328021	3.7701	1.85213	0.491269	1.17231	-2.84551	3.76381	1.87802	0.498968	5.84679	0.676555	0.495115	0.346617	0.0873635
20395	-0.0890022	-0.134646	3.85578	1.82502	0.473321	1.10647	-2.90737	3.87145	1.85857	0.48007	5.37943	0.714573	0.476702	0.342984	0.0880154
20396	-0.0808956	-0.109772	3.87391	1.9899	0.513667	1.07971	-2.9605	4.04049	1.95713	0.484378	6.03314	0.673502	0.498714	0.33993	0.0886942
20397	-0.120128	-0.104958	3.9637	1.86694	0.471009	0.983701	-2.98153	3.84056	1.80532	0.470067	6.79121	0.609218	0.470546	0.360452	0.0888085
20398	-0.142719	-0.181926	4.04222	1.95567	0.48381	1.00109	-2.93327	3.71523	1.74698	0.470222	5.78604	0.654154	0.477302	0.338349	0.0891659
20399	-0.27959	-0.17065	3.83605	2.06669	0.538756	1.07808	-2.95529	3.63914	1.8713	0.514214	4.20676	0.921638	0.526808	0.329991	0.0893389
20400	-0.0904144	-0.099346	4.15061	1.99669	0.481059	1.04298	-2.93591	4.08562	1.96528	0.481023	6.26356	0.642295	0.481041	0.336854	0.0896111
20401	-0.116142	-0.0888719	4.11559	1.96821	0.478234	1.00257	-2.97123	3.8364	1.85156	0.482628	6.63836	0.625758	0.480354	0.352341	0.0894674
20402	-0.0548402	-0.0969567	4.22707	2.01111	0.475769	1.04935	-2.96326	3.76785	1.88304	0.499764	6.73839	0.609617	0.487077	0.345422	0.0894114
20403	-0.0741263	-0.0829441	4.0588	2.03289	0.500859	1.06397	-2.95163	4.0829	1.86943	0.457868	6.35342	0.647633	0.479299	0.345325	0.0894455
20404	-0.06191	-0.0851989	3.94228	1.95338	0.495494	1.06081	-2.95057	3.90821	1.86047	0.47604	6.51356	0.630248	0.485809	0.35	0.0898563
20405	0.048074	0.0052311	4.04398	1.90915	0.472097	0.99163	-2.9619	3.70947	1.81879	0.490311	9.88867	0.445149	0.480811	0.371343	0.0898214
20406	-0.167756	-0.0555795	3.98066	1.92863	0.484499	1.06725	-2.87088	3.6047	1.91119	0.530194	5.19648	0.762625	0.506214	0.340497	0.0896658
20407	-0.0417199	-0.0434034	3.66275	1.89378	0.517038	1.13679	-2.85789	3.96423	1.89169	0.47719	5.70336	0.694445	0.496327	0.343574	0.0897245
20408	-0.0756619	-0.128944	3.78832	1.94104	0.512374	1.14894	-2.87972	3.9783	1.74737	0.439226	5.0457	0.749825	0.474905	0.33912	0.09005
20409	-0.0519084	-0.0754225	3.88926	1.9366	0.497935	1.20926	-2.82583	3.78217	1.75679	0.464494	4.75606	0.795272	0.481448	0.338755	0.0899827
20410	-0.0636508	-0.0380223	3.81235	1.85795	0.487351	1.08173	-2.88136	3.61888	1.77855	0.491464	6.16253	0.655947	0.489354	0.357357	0.0899237
20411	-0.0115177	-0.0427506	3.9161	1.78619	0.456115	1.11191	-2.85165	4.03407	1.85603	0.460088	6.25146	0.631044	0.458131	0.35142	0.0902311
20412	-0.0563258	-0.0126	3.76369	1.89401	0.503232	1.00644	-2.8931	4.11668	1.95701	0.475385	7.34624	0.564731	0.488685	0.350191	0.0902582
20413	-0.0135259	-0.072233	4.26673	1.93301	0.453041	1.02638	-2.92432	3.78812	1.93151	0.509887	7.52215	0.540698	0.479775	0.344902	0.0907095
20414	-0.132234	-0.110346	3.84472	1.93947	0.504451	1.09898	-2.95464	4.0029	2.04338	0.510475	5.33687	0.757939	0.507524	0.336896	0.0907368
20415	-0.00979207	-0.0737629	3.83336	1.93618	0.505087	1.03733	-2.9508	4.19094	1.85064	0.441582	7.5491	0.548235	0.471919	0.353475	0.090898
20416	-0.0338641	-0.0907818	3.89386	1.86018	0.477721	1.03857	-2.95094	3.91608	1.81165	0.462618	7.11286	0.575053	0.470148	0.357846	0.0909939
20417	-0.184678	-0.133239	3.94484	1.92762	0.488644	1.09839	-2.94074	3.66366	1.7493	0.477473	4.78785	0.823133	0.483265	0.349036	0.0915653
20418	-0.0812497	-0.0430414	3.95059	1.83422	0.464289	1.165	-2.87456	4.04948	1.99105	0.49168	5.16215	0.776567	0.478154	0.343938	0.0921813
20419	0.0380706	0.0648512	3.89726	1.77462	0.45535	1.2082	-2.78164	4.01998	1.90431	0.473712	5.91767	0.684605	0.464673	0.355205	0.0920528
20420	-0.0819182	0.037306	3.90832	1.82954	0.468114	1.19529	-2.75555	3.93621	1.79382	0.455722	4.78164	0.815626	0.461896	0.349994	0.0920041
20421	0.0310691	0.097788	3.82113	1.74991	0.457956	1.23461	-2.78775	3.73184	1.83258	0.491065	5.74822	0.724254	0.474315	0.367623	0.0922295
20422	0.118701	0.0862476	3.78126	1.86046	0.49202	1.14067	-2.7769	3.82611	1.75231	0.457987	7.849	0.522207	0.474904	0.362062	0.0920852
20423	0.0417206	0.0109922	3.64562	1.71793	0.471231	1.27618	-2.73731	3.64691	1.80456	0.494819	4.9565	0.761942	0.483027	0.3491	0.0924621
20424	0.0295035	0.0351908	4.01971	1.85322	0.461033	1.25636	-2.74691	3.8546	1.7738	0.460177	5.14229	0.752593	0.460614	0.348012	0.0925222
20425	0.10107	0.0993267	3.79537	1.65723	0.436646	1.28838	-2.747	4.13898	1.85722	0.448715	5.74703	0.704847	0.442942	0.36572	0.0930003
20426	-0.0432445	0.0282824	3.48893	1.74337	0.499686	1.1477	-2.72317	3.62348	1.72132	0.475046	5.33755	0.70917	0.487133	0.353392	0.0927741
20427	0.0158863	0.0412427	3.90869	1.85142	0.473667	1.28807	-2.74217	3.84054	1.72019	0.447904	4.7869	0.809228	0.460899	0.351727	0.0929957
20428	0.0445347	0.0423449	3.68458	1.81515	0.492633	1.25369	-2.67575	3.79806	1.63668	0.430925	5.05318	0.731029	0.461311	0.348683	0.0934595
20429	0.0205566	0.0654045	3.95519	1.87738	0.474661	1.3047	-2.66363	3.72797	1.83723	0.492823	4.51636	0.824515	0.483473	0.333995	0.0943855
20430	0.116926	0.0361493	4.04944	1.90409	0.470211	1.27367	-2.67199	3.55717	1.85729	0.522126	5.48107	0.669032	0.494488	0.327821	0.0946804
20431	-0.0297993	0.0309854	3.82823	1.79118	0.467888	1.38232	-2.664	3.98178	1.74931	0.439329	3.64225	0.997042	0.453328	0.339108	0.0947727
20432	0.193983	0.164263	3.71963	1.81242	0.487259	1.24544	-2.7179	3.71659	1.84217	0.49566	7.51379	0.552776	0.491457	0.362463	0.0952872
20433	0.298792	0.170387	3.64362	1.66383	0.456642	1.37095	-2.70775	3.641	1.72627	0.474121	7.20618	0.574763	0.465379	0.379336	0.0952014
20434	0.14847	0.237993	3.65977	1.60272	0.437929	1.37074	-2.61179	3.72969	1.76332	0.472779	5.43612	0.746976	0.455519	0.376356	0.0952845
20435	0.25387	0.196322	3.69498	1.64626	0.445539	1.34531	-2.66584	3.6801	1.74081	0.473033	6.87685	0.595617	0.459258	0.376928	0.0957301
20436	0.219945	0.197246	3.90623	1.82397	0.466939	1.38734	-2.69448	3.79143	1.80129	0.475095	6.13588	0.681406	0.470956	0.365861	0.0961536
20437	0.243666	0.192643	4.05103	1.86382	0.460085	1.28944	-2.69049	3.8122	1.7279	0.453255	7.60069	0.546822	0.456774	0.366637	0.0965383
20438	0.337112	0.293748	3.92341	1.85203	0.472045	1.38793	-2.64559	3.48965	1.61269	0.462134	7.82433	0.552104	0.467379	0.38413	0.0961478
20439	0.244436	0.328552	3.61591	1.83452	0.507346	1.31639	-2.68175	3.78507	1.86722	0.493311	7.8862	0.574541	0.500168	0.379772	0.0962708
20440	0.445744	0.434155	3.67569	1.73987	0.473345	1.21162	-2.73219	3.82831	1.95562	0.510831	17.0924	0.293282	0.492469	0.40426	0.0964305
20441	0.396369	0.46231	3.95111	1.90698	0.482643	1.18965	-2.77667	3.66825	1.85546	0.505815	16.6709	0.31465	0.493799	0.410877	0.0967289
20442	0.430226	0.484999	4.06402	1.9888	0.489369	1.21679	-2.78509	3.94159	1.76147	0.446893	17.2842	0.309342	0.468455	0.416298	0.096952
20443	0.500721	0.526937	4.10034	1.82018	0.443909	1.27382	-2.76708	3.58688	1.74614	0.486812	18.1545	0.298839	0.463928	0.432143	0.0972
20444	0.394233	0.435982	3.50063	1.68968	0.482677	1.24296	-2.79581	3.49143	1.71363	0.490809	14.4995	0.360168	0.486738	0.434266	0.0971552
20445	0.487755	0.490512	3.87719	1.80663	0.465963	1.15158	-2.76861	4.08267	1.84153	0.451061	24.1046	0.220329	0.45832	0.421382	0.0973218
20446	0.525594	0.464467	3.97999	1.80802	0.454278	1.15168	-2.81266	3.95706	1.93259	0.488389	27.3979	0.195992	0.471284	0.417971	0.0975725
20447	0.460193	0.442685	4.01254	1.94662	0.485133	1.12841	-2.86068	3.90814	1.85901	0.475676	24.4389	0.223254	0.480467	0.417658	0.097686
20448	0.515564	0.434823	3.87084	1.87678	0.484851	1.11692	-2.83124	3.91138	1.80371	0.461144	29.4976	0.180815	0.472936	0.42027	0.09759
20449	0.415802	0.405887	3.62441	1.85813	0.512671	1.07896	-2.89155	3.89925	1.81123	0.464507	24.724	0.21989	0.487709	0.425675	0.0979023
20450	0.37705	0.379538	3.74693	1.77743	0.474369	1.11445	-2.94937	3.50119	1.70438	0.4868	20.3799	0.271876	0.480374	0.443231	0.0982867
20451	0.443185	0.381329	3.85027	1.85904	0.482834	1.08814	-2.93555	3.57362	1.71502	0.47991	26.4488	0.207981	0.481427	0.435008	0.0981701
20452	0.49143	0.463514	3.92058	1.911	0.487428	1.08256	-2.89547	3.89007	1.69651	0.436114	32.2884	0.174719	0.461871	0.438923	0.0988437
20453	0.55176	0.539235	3.91846	1.84168	0.470002	1.00517	-2.93561	3.72651	1.62259	0.435419	58.7339	0.10279	0.453144	0.465754	0.0990033
20454	0.527867	0.503123	3.81096	1.73306	0.454756	0.971865	-2.93549	3.68759	1.78169	0.483158	59.9797	0.0985672	0.468724	0.45695	0.0989118
20455	0.439289	0.413043	3.68876	1.83362	0.497084	1.06714	-2.92755	3.47368	1.72376	0.496234	28.3101	0.197095	0.496672	0.439665	0.0991195
20456	0.293116	0.364927	4.09935	1.96417	0.479141	1.02658	-2.89028	3.7673	1.64034	0.435416	19.6969	0.268986	0.458202	0.423733	0.0993171
20457	0.38736	0.390095	3.85703	1.78676	0.463249	1.02118	-2.91848	4.18382	1.76825	0.422639	27.2486	0.200867	0.442119	0.435089	0.0993574
20458	0.36122	0.391569	4.37573	1.86124	0.425356	1.16117	-2.85007	3.75212	1.68525	0.449147	16.4213	0.319956	0.436339	0.425656	0.0989722
20459	0.369445	0.435471	3.83763	1.77192	0.461724	1.16119	-2.84941	3.54807	1.63935	0.462041	17.2135	0.31343	0.461876	0.441712	0.0991016
20460	0.38353	0.410218	3.59235	1.76684	0.491834	1.19253	-2.81891	3.82808	1.89156	0.494129	15.9322	0.327239	0.493018	0.4162	0.099248
20461	0.448395	0.452134	3.45266	1.67087	0.483937	1.10172	-2.87533	3.60267	1.8363	0.509705	25.9398	0.213417	0.497095	0.441227	0.0998162
20462	0.32399	0.402933	3.77613	1.80512	0.478035	1.15013	-2.86982	3.93115	1.80675	0.459598	15.6936	0.34125	0.468631	0.425861	0.100014
20463	0.39675	0.42363	3.94008	1.91221	0.485323	1.16146	-2.89696	3.66717	1.89881	0.517787	18.8554	0.292392	0.500972	0.419846	0.100517
20464	0.435493	0.471693	3.94546	1.77639	0.450238	1.12077	-2.84882	3.81511	1.80629	0.473458	23.4792	0.2348	0.461653	0.434954	0.10068
20465	0.472847	0.486093	3.78315	1.93487	0.511443	1.01027	-2.89379	3.62345	1.74868	0.4826	39.5525	0.144411	0.497332	0.436842	0.100886
20466	0.469779	0.481875	4.07687	1.97241	0.483805	1.01494	-2.93533	3.62493	1.69736	0.468246	39.2905	0.148602	0.476482	0.443177	0.100828
20467	0.454931	0.499156	3.83888	1.92447	0.50131	1.09763	-2.93089	3.69079	1.71811	0.465514	28.483	0.20653	0.483764	0.446866	0.101283
20468	0.410202	0.444394	4.11596	1.80227	0.437873	1.08629	-2.92402	3.67603	1.90928	0.519387	24.8223	0.228548	0.476329	0.433309	0.101214
20469	0.428524	0.429814	3.9003	1.77319	0.454628	1.00527	-2.92284	3.77938	1.86543	0.493582	33.7911	0.16632	0.473799	0.435881	0.101562
20470	0.373509	0.414877	3.71023	1.71098	0.461151	1.01805	-2.92231	3.79398	1.94784	0.513402	26.8078	0.207716	0.487568	0.432249	0.101655
20471	0.379508	0.433539	3.52645	1.73891	0.493104	1.05982	-2.97767	3.74403	1.92097	0.513077	25.1416	0.231416	0.503389	0.442977	0.101763
20472	0.34688	0.390604	3.92743	1.86553	0.475002	1.01382	-2.99363	4.05585	2.02675	0.49971	25.7478	0.222407	0.487555	0.42396	0.101901
20473	0.350186	0.390121	3.54423	1.64682	0.464648	1.07007	-2.91451	3.94267	1.87458	0.475459	21.0728	0.259114	0.470341	0.436838	0.101981
20474	0.521666	0.403592	3.83129	1.70897	0.446057	1.06399	-2.90139	4.07113	1.9671	0.483182	37.1378	0.147059	0.465183	0.426346	0.102059
20475	0.322627	0.363852	3.96994	1.86699	0.470281	1.00371	-2.98383	4.11769	1.9027	0.46208	24.1594	0.231938	0.466105	0.426475	0.102373
20476	0.397681	0.404131	3.88351	1.88868	0.486334	1.1395	-2.90882	3.62686	1.66524	0.459142	19.9447	0.275151	0.473202	0.435813	0.102552
20477	0.386727	0.434939	4.09704	1.89695	0.463004	1.11814	-2.8796	3.66776	1.82247	0.496889	20.536	0.267486	0.47901	0.424892	0.102889
20478	0.506207	0.456405	4.04703	1.79983	0.444728	1.10543	-2.88682	3.836	1.87496	0.48878	31.1283	0.179534	0.466164	0.432068	0.102687
20479	0.466876	0.468139	3.68096	1.85297	0.503393	0.973044	-2.9818	3.88	1.87313	0.482766	46.4551	0.128103	0.492808	0.444123	0.103121
20480	0.428528	0.443135	4.17219	1.93651	0.464146	0.983936	-3.02593	4.01217	1.91802	0.478051	39.0123	0.154239	0.470962	0.438496	0.103106
20481	0.402192	0.437395	4.24849	2.11209	0.497139	1.01975	-3.03354	3.85404	1.94324	0.504208	31.5889	0.190691	0.500501	0.426297	0.103442
20482	0.436344	0.489708	4.16691	1.89967	0.455894	1.17715	-2.94407	3.89628	1.87491	0.481206	21.4849	0.274398	0.468125	0.438621	0.103662
20483	0.479203	0.502943	3.92391	2.06625	0.526581	1.00446	-3.00075	3.84221	1.78885	0.465578	44.495	0.137946	0.4964	0.443354	0.103872
20484	0.40013	0.397576	3.96415	1.97669	0.49864	1.00373	-3.00889	3.5662	1.69424	0.475082	31.8504	0.182164	0.487484	0.441546	0.104174
20485	0.336824	0.398656	4.27037	2.04027	0.477773	1.09306	-3.00083	3.85079	1.7066	0.443181	20.2073	0.285948	0.461371	0.435495	0.103677
20486	0.313113	0.280699	3.74315	1.88387	0.503285	0.972066	-3.01651	3.81802	1.81551	0.47551	25.0371	0.21711	0.48926	0.423651	0.103462
20487	0.337037	0.309973	4.12969	1.88503	0.456458	1.05662	-2.99846	3.85214	1.8999	0.493207	21.1392	0.258896	0.474193	0.419733	0.103606
20488	0.265817	0.296233	3.8258	2.00732	0.524679	0.968364	-2.96681	3.93885	1.88636	0.478912	21.5722	0.246786	0.501462	0.406168	0.104132
20489	0.272622	0.235456	4.08068	1.89075	0.463342	0.9911	-2.99775	3.72822	1.86233	0.499524	20.2507	0.258105	0.480616	0.410615	0.104273
20490	0.151452	0.187922	4.01262	1.98196	0.493931	1.00638	-3.00873	3.91006	1.95504	0.500003	13.9809	0.365448	0.496927	0.393649	0.104797
20491	0.252391	0.189395	3.94862	1.93007	0.488795	0.990455	-3.04768	3.81693	1.7271	0.452485	19.2361	0.272369	0.470948	0.417476	0.105131
20492	0.0820991	0.0812427	3.76797	1.92597	0.511144	1.00284	-3.03569	3.55832	1.7836	0.501246	11.4598	0.423883	0.506336	0.395796	0.105658
20493	0.0808497	0.0614624	4.3485	2.01528	0.463443	1.00109	-3.02473	3.942	1.88582	0.478391	11.2471	0.423426	0.47055	0.379146	0.105493
20494	0.0963239	0.115994	4.14754	2.04181	0.492294	0.991473	-2.9916	3.88248	1.88729	0.486105	12.052	0.400646	0.489302	0.380717	0.10577
20495	0.0989564	0.0807182	3.64865	1.94317	0.532573	1.07439	-2.96023	4.11354	1.91251	0.46493	9.71908	0.475732	0.496726	0.374958	0.105751
20496	0.122291	0.0761312	3.90681	1.99258	0.510028	1.0319	-2.94557	3.85121	1.75729	0.456294	11.0356	0.413691	0.483354	0.378511	0.10588
20497	0.0769529	0.0450918	3.61748	1.80264	0.498314	1.00104	-2.94634	3.75849	1.78891	0.475965	10.4794	0.426966	0.486926	0.383936	0.10622
20498	-0.0644346	0.00670826	3.75797	1.67132	0.444741	1.06205	-2.98014	3.85414	1.70515	0.442421	7.03037	0.634482	0.443566	0.397909	0.106284
20499	0.0403027	-0.0140959	3.83662	1.84836	0.481768	1.04183	-2.92382	3.76545	1.65445	0.439378	8.44065	0.501532	0.460771	0.376779	0.106516
20500	-0.0407046	-0.0241194	3.91243	1.97424	0.504607	1.08224	-2.95688	3.57551	1.63185	0.456397	6.82076	0.630506	0.481587	0.373663	0.106642
