cycle	Zbar1	Gbar1	VP1	VG1	h21	Zbar2	Gbar2	VP2	VG2	h22	h2b	h2b_denom	h2w	Qst	Fst
20000	0.173009	0.204638	4.08041	1.84356	0.451806	-1.92025	0.136472	3.51604	1.76932	0.503214	0.00106046	2.19086	0.4756	0.00032159	0.000380579
20001	0.104599	0.160663	3.89908	1.87374	0.480561	-1.821	0.0864475	3.90928	1.75614	0.449224	0.00148547	1.85396	0.464872	0.000379398	0.000588778
20002	0.0928196	0.137945	3.94172	1.74574	0.442888	-1.79353	0.209045	3.76709	1.76127	0.46754	0.0014207	1.77915	0.454935	0.00036042	0.000843676
20003	0.220034	0.191516	3.61961	1.79411	0.495663	-1.81413	0.170911	3.88146	1.96871	0.507208	0.000102605	2.06891	0.501637	2.82209e-05	0.0011044
20004	0.202641	0.216377	3.65317	1.67416	0.458275	-1.7887	0.183418	4.10651	1.98856	0.484245	0.000273931	1.98272	0.472019	7.41746e-05	0.00144066
20005	-0.0613448	0.0359137	3.48896	1.72923	0.495629	-1.90013	0.0395784	4.06477	1.94353	0.47814	3.97205e-06	1.69056	0.486218	9.1462e-07	0.0016799
20006	0.0158402	0.0583534	3.71102	1.92522	0.518783	-1.96834	0.0230921	3.98478	2.02848	0.509057	0.000315817	1.96848	0.513747	7.86531e-05	0.00186646
20007	-0.000146411	0.0345451	4.25354	1.99758	0.469629	-1.94333	0.155582	3.9297	1.98509	0.50515	0.00387982	1.88798	0.486687	0.000919226	0.00212195
20008	0.075147	0.0638553	3.76593	1.93561	0.513979	-1.7899	0.234624	4.20423	1.90109	0.452187	0.00838377	1.7392	0.481384	0.00189755	0.00231277
20009	0.0287057	0.015696	3.82357	1.7225	0.450494	-1.71476	0.301065	3.7184	1.8565	0.499273	0.0267908	1.51984	0.474543	0.00565906	0.00256261
20010	0.0197491	0.00396683	3.63217	1.7711	0.487616	-1.71845	0.302229	3.86365	2.00779	0.519661	0.0294441	1.51067	0.504133	0.00585384	0.00281353
20011	0.095316	0.0142535	3.67962	1.91038	0.51918	-1.64077	0.373333	4.00927	2.02266	0.504496	0.04278	1.50699	0.511523	0.00813324	0.00308674
20012	-0.0192345	-0.000221071	3.67397	1.76714	0.480988	-1.64137	0.362684	3.83169	1.92465	0.502299	0.050051	1.31566	0.491867	0.00884402	0.00333634
20013	-0.0657018	-0.0642641	3.57203	1.78246	0.499003	-1.58592	0.487124	3.95849	1.87283	0.473117	0.131554	1.15553	0.485396	0.0203802	0.00351128
20014	-0.13398	-0.0676938	3.58112	1.8564	0.518386	-1.46169	0.533905	3.91969	2.01544	0.514185	0.20531	0.881402	0.516191	0.0228463	0.00373683
20015	-0.125236	-0.114811	3.68233	1.751	0.475516	-1.38506	0.549614	3.99379	1.92675	0.482437	0.278144	0.793584	0.479117	0.0291487	0.00394881
20016	-0.159837	-0.125142	3.96849	1.87523	0.472529	-1.33906	0.595921	3.9657	1.95086	0.491932	0.373897	0.695287	0.482227	0.0328726	0.0042076
20017	-0.189402	-0.143574	3.56944	1.86511	0.522522	-1.35595	0.65901	3.87188	1.89124	0.488457	0.47334	0.680422	0.504797	0.0411275	0.00446714
20018	-0.140042	-0.132309	3.87293	1.88662	0.487129	-1.27753	0.698781	3.99095	1.92071	0.481267	0.533832	0.646937	0.484154	0.0434071	0.00468138
20019	-0.167569	-0.112529	4.0082	1.8634	0.464898	-1.38649	0.695943	3.88983	1.81576	0.466796	0.439922	0.742888	0.465833	0.0425457	0.00497561
20020	-0.143605	-0.131433	3.63308	1.92055	0.52863	-1.3305	0.672922	3.81591	1.85701	0.48665	0.459273	0.704361	0.507125	0.0410793	0.00524588
20021	-0.058777	-0.0959218	3.62791	1.9697	0.54293	-1.32073	0.664547	3.78404	1.95302	0.51612	0.36314	0.796265	0.529242	0.0355636	0.00540953
20022	0.0430835	-0.0346518	3.8667	1.8801	0.48623	-1.25572	0.770032	4.10761	1.88835	0.45972	0.383853	0.843444	0.472574	0.0412069	0.00570349
20023	-0.0216545	-0.0814114	4.04482	1.92541	0.476019	-1.16116	0.784042	3.84314	1.85088	0.481607	0.576843	0.649232	0.478742	0.0472661	0.00604618
20024	-0.0528319	-0.120309	3.59276	1.75723	0.489103	-1.16968	0.895904	3.99034	1.91839	0.480758	0.827904	0.623676	0.484712	0.06566	0.00635736
20025	-0.14029	-0.119678	3.84797	1.90116	0.494069	-1.07365	0.904308	4.0595	1.96593	0.484279	1.20362	0.435579	0.489043	0.063513	0.00649077
20026	-0.13573	-0.0948788	4.13183	2.08596	0.504851	-1.15253	0.878686	3.51229	1.86805	0.531861	0.916762	0.516943	0.517261	0.0565667	0.00673989
20027	-0.113856	-0.0969161	3.75195	1.88228	0.50168	-1.13712	0.880964	4.02266	1.94728	0.484077	0.913263	0.523535	0.492572	0.0587853	0.0069578
20028	-0.070409	-0.0376662	3.94678	1.8587	0.470941	-1.15167	0.905765	3.90043	1.91724	0.491546	0.761304	0.584565	0.481183	0.0556767	0.00735582
20029	-0.112743	-0.0306097	3.70788	1.94714	0.525134	-1.02919	0.996775	3.86152	1.91281	0.495351	1.25675	0.419939	0.50994	0.064019	0.00757262
20030	-0.02093	-0.0173977	4.0606	1.95157	0.480612	-0.826707	1.09983	4.16295	2.05884	0.494562	1.92245	0.324638	0.487674	0.0722264	0.0078573
20031	-0.0369234	-0.0698883	3.799	1.91248	0.503418	-0.909612	1.07187	3.98559	1.98411	0.497821	1.71171	0.380793	0.500552	0.0772183	0.00809932
20032	-0.104937	-0.0644055	3.98921	1.92908	0.483574	-0.876215	1.0562	3.89537	2.05523	0.52761	2.11097	0.297435	0.50533	0.0730725	0.00838767
20033	-0.0370003	-0.0986654	3.76959	1.93199	0.51252	-0.871523	1.14003	4.15618	2.00524	0.482472	2.20321	0.348214	0.496763	0.0888186	0.00866953
20034	-0.170312	-0.0620902	3.85254	1.87313	0.486207	-0.804996	1.23536	3.80906	1.7987	0.472217	4.17893	0.201412	0.479252	0.102874	0.00901694
20035	0.0125601	-0.00288828	3.94953	2.04076	0.516708	-0.789259	1.2555	3.74862	1.85906	0.495933	2.46305	0.321457	0.506592	0.0921997	0.00916073
20036	0.011835	-0.0385715	3.96416	1.83612	0.46318	-0.730541	1.25454	3.92535	2.02262	0.515271	3.03405	0.275561	0.489097	0.0977891	0.00935356
20037	-0.10983	-0.0668433	4.26507	2.02186	0.47405	-0.799616	1.20478	4.39164	2.08897	0.475669	3.39851	0.237903	0.474871	0.0895757	0.00962923
20038	-0.102992	-0.0731272	3.97345	1.95281	0.491463	-0.768264	1.21415	4.00962	2.11244	0.526843	3.74411	0.221293	0.509233	0.0925238	0.00994086
20039	-0.00237298	-0.108941	4.44773	2.05976	0.463104	-0.684176	1.27609	3.73322	1.952	0.522873	4.1267	0.232428	0.490378	0.106827	0.0100993
20040	-0.0644953	-0.0827469	3.93479	2.16337	0.549806	-0.716745	1.33346	3.81519	1.85541	0.486321	4.71441	0.212715	0.518553	0.110977	0.0102552
20041	-0.0444562	-0.0194618	4.05353	2.03647	0.502394	-0.73528	1.32358	3.82211	1.86135	0.486994	3.77957	0.238619	0.49492	0.10374	0.0105344
20042	-0.119174	-0.110964	3.86356	1.88105	0.486868	-0.683086	1.32915	3.81214	1.94135	0.509255	6.52186	0.158998	0.497987	0.119494	0.0108604
20043	-0.0698549	-0.0744663	3.74213	1.87525	0.501117	-0.5891	1.42358	3.79471	1.90014	0.500733	8.32354	0.134808	0.500924	0.129435	0.0112407
20044	-0.0784669	-0.0401351	3.64338	1.8235	0.500498	-0.617826	1.40148	3.72877	1.84881	0.495823	7.14402	0.145454	0.498133	0.123999	0.01133
20045	0.101746	0.0323047	4.00229	1.86981	0.467186	-0.539183	1.41147	3.98895	1.92296	0.482071	4.63036	0.205395	0.474616	0.111459	0.0116779
20046	0.0298812	0.0618037	4.27405	2.0249	0.473767	-0.496188	1.48587	4.02413	1.9326	0.480254	7.32779	0.138375	0.476913	0.113611	0.0119568
20047	0.0274334	0.0565503	3.78088	1.87847	0.496834	-0.518825	1.51687	3.70493	1.91368	0.516522	7.14659	0.149199	0.506578	0.123313	0.0120288
20048	0.0354021	0.030857	3.94971	1.93298	0.489397	-0.495149	1.58843	3.87253	1.87949	0.485339	8.61872	0.140742	0.487388	0.13731	0.0122452
20049	0.0539544	0.0851093	3.89473	1.86846	0.47974	-0.3491	1.66423	4.0815	1.92325	0.471212	15.3497	0.0812265	0.475376	0.141258	0.0123932
20050	0.0611899	0.0666172	4.15594	1.86122	0.447845	-0.240652	1.67365	4.2238	1.92206	0.455055	28.3457	0.0455544	0.451479	0.14584	0.0126622
20051	0.0412496	0.0811381	3.65034	1.97227	0.540297	-0.349807	1.70578	3.91104	1.94276	0.496738	17.2599	0.0764626	0.517767	0.144298	0.0127091
20052	0.0871295	0.0948214	3.78478	1.98326	0.524009	-0.155954	1.78229	4.01475	1.90623	0.474807	48.1907	0.0295448	0.498683	0.154778	0.0129236
20053	0.103737	0.111812	3.72747	1.94727	0.52241	-0.142617	1.78743	4.08242	1.9703	0.48263	46.2631	0.030345	0.501616	0.152013	0.0131692
20054	0.179904	0.169178	4.1797	1.89306	0.452917	-0.11341	1.84872	3.9309	2.08607	0.530686	32.7884	0.0430164	0.490609	0.150612	0.0135594
20055	0.194569	0.170304	3.87628	1.86902	0.482169	-0.158988	1.81149	3.83964	1.9361	0.504241	21.5476	0.0625012	0.493152	0.150422	0.0138775
20056	0.211186	0.210704	3.79119	1.71841	0.453263	-0.243753	1.75235	3.53419	1.80175	0.509807	11.4832	0.103484	0.480543	0.144476	0.0141223
20057	0.204908	0.168815	3.82109	1.85194	0.484662	-0.333176	1.69133	3.76037	1.79725	0.477945	8.00619	0.144767	0.48133	0.137103	0.0143291
20058	0.1714	0.150082	3.87637	1.87308	0.483206	-0.269205	1.74718	4.02006	1.78948	0.445138	13.139	0.0970663	0.463825	0.148352	0.0145259
20059	0.0430474	0.114301	3.98668	1.89339	0.47493	-0.213275	1.77679	3.92089	1.76765	0.450828	42.0673	0.0328505	0.462979	0.158836	0.0147302
20060	0.215473	0.227571	3.63861	1.70865	0.469589	-0.155121	1.83469	3.81119	1.87917	0.493065	18.8062	0.0686701	0.481599	0.152588	0.014957
20061	0.217	0.189972	3.80447	1.73895	0.457081	-0.146412	1.83422	3.64209	1.738	0.477199	20.4707	0.0660342	0.466921	0.162821	0.0152707
20062	0.11471	0.171271	3.80482	1.75338	0.460831	-0.215282	1.82371	3.69088	1.87089	0.506895	25.0749	0.0544476	0.483513	0.158565	0.0155984
20063	0.206882	0.167443	3.81889	1.87807	0.491785	-0.091251	1.8555	3.81141	1.91184	0.501609	32.0593	0.0444416	0.496692	0.158293	0.0157724
20064	0.256057	0.200809	4.04791	1.82969	0.452009	-0.178943	1.91672	3.73346	1.90992	0.511567	15.56	0.0946125	0.480584	0.164532	0.0157601
20065	0.118313	0.114769	3.68954	1.89734	0.514248	-0.0343521	1.89739	3.79088	1.79257	0.472863	136.344	0.0116534	0.493275	0.17723	0.0159851
20066	0.034511	0.104229	3.94859	1.97174	0.499354	-0.100284	1.99733	3.54172	1.65289	0.466692	197.241	0.00908489	0.48391	0.198274	0.0162449
20067	0.102385	0.0852934	3.70146	1.73016	0.467427	-0.0395317	1.97971	3.55659	1.73418	0.487595	178.191	0.0100702	0.47731	0.20579	0.0162713
20068	0.0880141	0.0768618	4.09514	1.89944	0.463827	-0.123343	1.93842	3.81947	1.7484	0.457758	77.5748	0.0223359	0.460898	0.191995	0.0163438
20069	0.0442927	0.0647225	3.83738	1.87407	0.488371	-0.0345574	1.97835	3.6743	1.75882	0.478683	588.99	0.00310867	0.483632	0.201358	0.0165398
20070	0.0370453	0.0711591	3.93803	2.01493	0.511659	-0.0845468	1.95945	3.79973	1.76539	0.464609	241.173	0.00739231	0.488554	0.190888	0.0167765
20071	-0.0024656	0.0609492	3.93565	1.82158	0.462841	0.0116815	1.99068	3.81116	1.76813	0.463935	18606.3	0.00010007	0.463379	0.206017	0.0171876
20072	0.115465	0.107753	3.91731	1.77563	0.453278	-0.00928947	2.0004	3.92549	1.86839	0.475962	230.159	0.00778187	0.464632	0.197353	0.017183
20073	0.093969	0.130407	3.82564	1.95892	0.51205	0.021681	2.00958	3.72479	1.84328	0.494868	675.772	0.00261278	0.503574	0.188512	0.0175483
20074	0.266216	0.186036	3.78639	1.94869	0.514656	0.0533431	2.07063	3.91961	1.88099	0.479891	78.3787	0.0226574	0.496973	0.188292	0.0177134
20075	0.236025	0.170139	3.74402	1.83848	0.491043	0.03231	2.09195	3.91356	1.94583	0.497201	88.9971	0.0207499	0.49419	0.196215	0.0180432
20076	0.121677	0.166573	3.49474	1.79929	0.514855	0.102842	2.07908	3.89802	1.89228	0.485446	10310.6	0.000177375	0.499348	0.198609	0.0182009
20077	0.108442	0.190768	3.56447	1.779	0.499093	0.105986	2.09585	3.87	1.94128	0.501624	601751.0	3.01567e-06	0.500411	0.196149	0.0184713
20078	0.244863	0.156922	3.63062	1.81428	0.499715	0.0767241	2.08356	3.72423	1.85969	0.499348	131.299	0.0141354	0.49953	0.20173	0.0186853
20079	0.191608	0.153595	3.88437	1.76033	0.453183	0.0121064	2.08865	3.98498	2.01819	0.50645	116.212	0.0161104	0.480157	0.198634	0.0187588
20080	0.185233	0.18689	3.65615	1.70873	0.467357	0.177285	2.12393	4.1294	1.92073	0.465135	59398.9	3.15841e-05	0.466178	0.205453	0.018989
20081	0.154528	0.200537	3.7379	1.77457	0.474752	0.128408	2.1025	3.62873	1.80851	0.498387	5302.41	0.000341115	0.486394	0.201613	0.0192151
20082	0.247122	0.195623	3.99786	1.88053	0.470385	0.029543	2.02996	3.86355	1.82746	0.473	71.0765	0.0236703	0.47167	0.184987	0.0194442
20083	0.186762	0.142216	4.1051	1.82999	0.445784	0.134745	2.10941	3.82534	1.88758	0.49344	1430.21	0.00135289	0.468772	0.206582	0.0197543
20084	0.1456	0.0804549	3.83296	1.84411	0.48112	0.10175	2.11121	3.7976	1.90052	0.500453	2144.7	0.000961434	0.490742	0.215971	0.0201344
20085	0.143285	0.140971	4.04404	1.89512	0.468622	0.108463	2.09487	4.03191	2.01546	0.499876	3148.51	0.000606274	0.484225	0.196261	0.0202418
20086	0.140091	0.121806	3.8865	1.86623	0.480183	0.179044	2.1541	3.76127	1.88311	0.500659	2722.0	0.000758675	0.490254	0.216015	0.0204496
20087	0.258895	0.178765	3.70739	1.77457	0.478657	0.158171	2.1414	4.12408	2.00693	0.486638	379.671	0.00507272	0.48286	0.20305	0.0205236
20088	0.188793	0.199909	4.0187	1.84259	0.458505	0.288787	2.20267	3.75145	1.80835	0.48204	401.146	0.00499948	0.469868	0.215561	0.021011
20089	0.160932	0.170118	3.94358	1.84046	0.466698	0.224978	2.22128	3.73393	1.78596	0.478307	1025.69	0.00205094	0.472344	0.224918	0.0213531
20090	0.0670282	0.117235	3.73014	1.85879	0.498315	0.335342	2.23228	3.68539	1.70294	0.46208	62.1374	0.035996	0.480307	0.23905	0.0214968
20091	-0.0288807	0.0194099	3.87768	1.89615	0.488991	0.170532	2.1464	3.79657	1.66467	0.438465	113.769	0.0198827	0.463995	0.241153	0.0218303
20092	0.0899291	0.0469377	3.86042	1.97804	0.51239	0.255854	2.25468	3.51219	1.61803	0.460689	177.042	0.0137655	0.487761	0.253186	0.0219163
20093	0.0278265	0.0305597	3.77333	2.0053	0.531442	0.209387	2.31742	3.30199	1.66256	0.503504	158.649	0.0164821	0.518403	0.262882	0.0221747
20094	-0.0173332	0.0585141	3.99573	2.07208	0.518575	0.327914	2.36381	4.02601	1.90413	0.472956	44.5855	0.0595978	0.495679	0.250546	0.0225133
20095	0.168301	0.13023	4.12646	2.01734	0.488879	0.327652	2.37697	3.89984	1.90384	0.488183	198.79	0.0126964	0.488541	0.243567	0.0226604
20096	0.143943	0.158704	3.72543	1.89291	0.508106	0.377849	2.34519	3.99684	1.82914	0.457646	87.38	0.0273559	0.481989	0.243152	0.0229362
20097	0.152855	0.166832	3.74008	1.90702	0.509888	0.344448	2.36241	3.80464	1.7549	0.461252	131.323	0.0183539	0.485362	0.247705	0.0232683
20098	0.163081	0.16588	3.89902	1.7971	0.46091	0.327068	2.30081	3.79592	1.624	0.427828	169.49	0.013446	0.444591	0.249948	0.0234419
20099	0.068596	0.151303	3.58722	1.76609	0.492329	0.26713	2.31619	3.54981	1.62417	0.457537	118.905	0.0197079	0.475024	0.256935	0.0236928
20100	0.141999	0.173485	3.87847	1.92658	0.496737	0.256298	2.24304	3.501	1.61066	0.460059	327.845	0.00653216	0.479336	0.23246	0.0237708
20101	0.192758	0.256769	4.01006	1.91898	0.478543	0.301042	2.34259	3.57062	1.66034	0.465	371.041	0.00586275	0.472164	0.233144	0.0241169
20102	0.245464	0.252245	4.07352	1.90508	0.467674	0.289703	2.33759	3.63522	1.80106	0.495448	2221.97	0.000978556	0.480772	0.226897	0.0245951
20103	0.264033	0.292039	4.282	1.92117	0.448663	0.301023	2.31677	3.7654	1.79284	0.476135	2996.18	0.000684129	0.461517	0.216356	0.0246526
20104	0.276214	0.247149	3.68333	1.92804	0.523449	0.299986	2.28669	3.72953	1.72938	0.4637	7361.15	0.000282548	0.493388	0.221474	0.0246454
20105	0.279676	0.277931	3.9248	1.7823	0.454112	0.351263	2.31658	3.60782	1.60377	0.444527	810.992	0.00256235	0.449521	0.234892	0.0249755
20106	0.256367	0.270248	3.40738	1.85722	0.545058	0.308095	2.31067	3.52092	1.69244	0.480683	1555.92	0.0013379	0.512343	0.226823	0.0252153
20107	0.212029	0.231278	3.48576	1.71538	0.49211	0.355524	2.33972	3.93405	1.9001	0.482988	215.899	0.0102955	0.487274	0.235211	0.0251813
20108	0.20065	0.192951	3.78316	1.78902	0.472891	0.363721	2.30951	3.97044	1.95693	0.492875	168.462	0.0132962	0.483124	0.230252	0.0254497
20109	0.261997	0.227613	4.10767	1.74704	0.425311	0.353882	2.35922	3.93325	1.9495	0.495646	538.171	0.00422148	0.459715	0.235154	0.0258288
20110	0.304172	0.262296	3.61833	1.70342	0.470775	0.297265	2.33276	3.73521	1.84417	0.493727	89868.0	2.38507e-05	0.482434	0.232096	0.0259376
20111	0.190023	0.220655	3.76652	1.7436	0.462921	0.314264	2.32678	3.8138	1.9476	0.510671	287.369	0.0077179	0.486945	0.231112	0.0261019
20112	0.182923	0.181978	4.06289	1.76112	0.433466	0.314963	2.29657	3.89757	1.84568	0.473547	256.472	0.00871733	0.453091	0.236694	0.0262757
20113	0.271515	0.302896	3.80596	1.74227	0.457774	0.412611	2.44831	3.90076	1.80046	0.461567	231.202	0.00995408	0.459694	0.245265	0.0267253
20114	0.316308	0.234311	3.80577	1.7499	0.459802	0.399043	2.46154	3.88195	1.8404	0.474093	724.686	0.00342255	0.467018	0.256829	0.0269702
20115	0.233624	0.233923	3.68284	1.68636	0.457898	0.511753	2.48676	3.74732	1.73728	0.463606	65.6093	0.0386779	0.460777	0.270493	0.0271686
20116	0.247148	0.225672	3.67428	1.78894	0.486883	0.509209	2.47539	3.91556	1.71441	0.437845	73.6975	0.034338	0.461585	0.265436	0.0274974
20117	0.186552	0.254012	3.98078	1.71707	0.43134	0.401242	2.39089	4.17411	1.97852	0.473998	99.068	0.0230459	0.453174	0.236088	0.027805
20118	0.277525	0.268792	3.64162	1.72997	0.475054	0.369078	2.36808	3.83675	2.07423	0.540621	525.779	0.00419094	0.508693	0.224662	0.0281232
20119	0.235886	0.265589	4.08288	1.80206	0.441371	0.248616	2.32758	3.79025	1.95337	0.515367	26239.3	8.10197e-05	0.476994	0.220689	0.0284675
20120	0.16135	0.19218	3.8158	1.89563	0.496783	0.357626	2.32461	3.65343	1.89145	0.517718	118.036	0.0192621	0.507023	0.230967	0.0288058
20121	0.0631076	0.0764636	4.07476	1.81259	0.444833	0.399516	2.32638	3.7994	1.8746	0.493392	44.7299	0.0565855	0.468263	0.255618	0.0290071
20122	0.206755	0.0901147	3.46797	1.73059	0.49902	0.340996	2.3581	3.91571	1.90777	0.487209	285.44	0.00901023	0.492756	0.261239	0.0294922
20123	0.0458954	0.0666145	3.90464	1.8198	0.46606	0.374243	2.35095	3.90505	1.8834	0.482298	48.4007	0.0539062	0.47418	0.260603	0.0294897
20124	0.282212	0.263559	3.94636	1.81519	0.459965	0.532543	2.65054	3.97136	1.83366	0.461722	90.9218	0.0313329	0.460846	0.280871	0.0295818
20125	0.208029	0.253629	3.77991	1.77994	0.470895	0.635975	2.68087	3.63019	1.74364	0.480316	32.1697	0.091569	0.47551	0.294888	0.0296529
20126	0.312246	0.31776	3.73237	1.63717	0.438641	0.691281	2.7159	3.62847	1.81111	0.49914	40.0304	0.071834	0.468463	0.294364	0.0297022
20127	0.287585	0.308093	3.55928	1.59098	0.446995	0.794111	2.73027	3.81974	1.80663	0.472972	22.867	0.128284	0.460442	0.301634	0.02983
20128	0.280988	0.309506	3.58857	1.69398	0.472048	0.774794	2.73985	3.84376	1.75101	0.455546	24.2227	0.121922	0.463514	0.300136	0.0299775
20129	0.335552	0.31911	3.93156	1.68429	0.428402	0.741494	2.71125	3.74574	1.7847	0.476461	34.7253	0.0823947	0.45185	0.292086	0.0297574
20130	0.298386	0.298003	3.65512	1.67336	0.457813	0.739728	2.68059	4.0039	1.77236	0.442658	29.1437	0.0973914	0.449891	0.291821	0.0299268
20131	0.211831	0.213821	3.57408	1.92025	0.537271	0.685179	2.67526	3.37137	1.70064	0.504437	27.0407	0.112029	0.521333	0.295042	0.0301131
20132	0.149092	0.192734	3.9437	1.90683	0.483513	0.605259	2.69755	3.62113	1.67381	0.462234	30.1511	0.104044	0.473327	0.304723	0.0303471
20133	0.169038	0.181363	3.84597	1.78829	0.464978	0.625004	2.64128	4.11528	1.81403	0.440803	29.1057	0.103952	0.452482	0.295855	0.0305842
20134	0.242302	0.237242	3.83711	1.88349	0.490861	0.670981	2.67962	3.71004	1.72433	0.464773	32.4609	0.0918828	0.478037	0.292566	0.0305722
20135	0.289028	0.197247	4.02299	2.01808	0.501638	0.724049	2.73544	3.60009	1.72117	0.47809	34.0431	0.0946214	0.490517	0.301161	0.0309287
20136	0.179216	0.193937	4.16345	1.88501	0.452752	0.724063	2.73275	3.98478	1.75068	0.439342	21.7126	0.148429	0.446194	0.307209	0.0311268
20137	0.259804	0.263271	3.75154	1.90559	0.507949	0.698985	2.68954	3.91138	1.906	0.487294	30.5204	0.0964399	0.497406	0.278657	0.0315885
20138	0.214609	0.286821	3.92122	1.99338	0.508358	0.656853	2.68818	3.69823	1.76799	0.478063	29.4843	0.0977902	0.493654	0.277178	0.0317299
20139	0.277026	0.248526	4.03452	1.88018	0.466024	0.634837	2.69406	3.83192	1.71099	0.44651	46.7134	0.0640142	0.456518	0.29406	0.0318632
20140	0.0805232	0.145331	4.04931	1.9469	0.480799	0.710105	2.73744	3.74837	1.76852	0.47181	16.9512	0.198187	0.476478	0.311452	0.0318518
20141	0.15917	0.142548	3.78047	1.88586	0.498844	0.894419	2.82864	3.59966	1.78381	0.495549	13.3466	0.270295	0.497237	0.329659	0.0321734
20142	-0.0541996	0.0499401	3.88265	1.77628	0.457491	0.825549	2.86338	3.65239	1.88706	0.516664	10.2272	0.386979	0.486173	0.350839	0.0322827
20143	0.0939139	0.0239925	3.69096	1.67868	0.454807	0.899557	2.85041	3.92494	1.81221	0.461715	12.308	0.32453	0.458367	0.364027	0.0324803
20144	0.0846916	0.0846994	3.77594	1.74117	0.461122	0.751609	2.85112	3.69668	1.72257	0.465978	17.2065	0.22239	0.463524	0.355939	0.0326037
20145	0.0744914	0.0804902	3.83306	1.92733	0.502817	0.838837	2.86981	4.04222	1.80219	0.445842	13.3173	0.292112	0.473573	0.342882	0.032656
20146	-0.000701546	-0.0209017	4.15826	2.01923	0.485595	0.851338	2.88653	3.94889	1.88092	0.476317	11.644	0.362986	0.481076	0.351542	0.0327037
20147	0.0390394	0.011504	4.01131	1.95885	0.488331	0.868311	2.8324	4.26253	1.80818	0.424204	11.5712	0.343846	0.455294	0.345705	0.0325688
20148	-0.0717598	-0.0501039	3.7368	1.99564	0.534049	0.909879	2.84311	4.00084	1.976	0.493895	8.68679	0.481807	0.513287	0.345194	0.0329503
20149	-0.0186475	-0.0269789	3.93117	1.92753	0.490321	0.950479	2.86541	3.86201	2.04124	0.528544	8.90746	0.469603	0.509263	0.345228	0.0331827
20150	0.0373249	0.0323158	3.6716	1.82264	0.496414	0.834017	2.87149	3.88905	1.95607	0.50297	12.7	0.317359	0.499787	0.34793	0.0335385
20151	0.0502926	0.0413918	4.0824	1.96523	0.481391	1.04411	2.94803	3.97171	2.00097	0.503805	8.55403	0.493833	0.492444	0.347599	0.0339048
20152	0.0482211	0.129726	3.88946	1.81606	0.466918	0.958713	2.97438	3.91155	1.94726	0.497824	9.7613	0.414497	0.482415	0.349733	0.0341588
20153	0.170446	0.139344	3.99611	1.75064	0.438085	1.06857	2.98725	3.7392	1.93377	0.517161	10.0548	0.403317	0.47631	0.355091	0.0345219
20154	0.155208	0.171831	3.67082	1.7274	0.470574	0.954992	2.98792	4.03072	1.97868	0.4909	12.3979	0.319827	0.481212	0.348629	0.0346362
20155	0.118297	0.168823	3.39202	1.65378	0.487552	1.06327	2.96327	3.85591	1.80225	0.467399	8.74489	0.446486	0.476831	0.361088	0.0348008
20156	0.176015	0.192705	3.82203	1.79987	0.47092	0.913952	2.91086	3.92504	1.79682	0.457785	13.5678	0.272275	0.464265	0.339414	0.0352166
20157	0.210527	0.191465	3.9115	1.83939	0.470251	0.922098	2.96146	3.71297	1.7708	0.476921	15.1538	0.253167	0.473499	0.347088	0.0354654
20158	0.209104	0.174556	3.68515	1.80387	0.489496	1.02978	2.99717	3.94488	1.84111	0.466709	11.8294	0.336752	0.477715	0.353472	0.0354132
20159	0.215909	0.151987	3.62744	1.91267	0.527278	0.989973	2.98567	3.96137	2.00474	0.506073	13.4013	0.299588	0.516209	0.338929	0.0357077
20160	0.15823	0.123931	3.7374	1.87085	0.500576	0.898384	2.94886	4.11201	2.07789	0.505322	14.567	0.273914	0.503062	0.335765	0.0360561
20161	0.17649	0.133138	3.9024	1.8142	0.464895	0.944416	2.91049	4.01524	2.0677	0.514963	13.0805	0.294856	0.490286	0.332007	0.036351
20162	-0.00187035	0.0691312	4.23551	1.89744	0.447983	0.994577	2.96039	4.0714	2.08654	0.512488	8.41912	0.496453	0.479598	0.344187	0.0363418
20163	0.0472535	0.0805131	3.48818	1.68393	0.482752	0.998639	2.96181	4.01455	1.90786	0.475237	9.172	0.452567	0.478731	0.366337	0.0363497
20164	0.123385	0.0727888	3.9501	1.84906	0.468104	0.962547	2.94451	3.75467	2.05138	0.546356	11.711	0.352096	0.506238	0.345911	0.0367836
20165	0.15271	0.129756	3.90003	1.74865	0.448369	0.953521	2.90623	4.06154	1.96801	0.484547	12.0206	0.320649	0.466825	0.341581	0.037027
20166	0.142733	0.135157	3.504	1.765	0.50371	0.877723	2.87346	3.7936	1.89197	0.498727	13.8803	0.270105	0.50112	0.339	0.0371113
20167	0.0371178	0.0462547	3.70819	1.67281	0.451112	0.976863	2.87957	4.02181	1.86329	0.463296	9.09014	0.44156	0.457451	0.362179	0.0374516
20168	-0.047655	0.0327021	4.07352	1.84566	0.453087	0.816005	2.84395	3.9564	1.8636	0.471035	10.5953	0.372954	0.46193	0.347654	0.0378518
20169	0.0641532	0.0382545	3.71827	1.8749	0.504241	0.771989	2.82551	3.83141	2.03564	0.531302	15.5057	0.250516	0.517974	0.331956	0.0383024
20170	-0.0133947	0.0179488	4.03656	1.83107	0.453623	0.845117	2.9117	3.9036	2.00448	0.513495	11.3613	0.368521	0.483058	0.3532	0.0384411
20171	0.00728162	0.0364338	3.72555	1.90541	0.511443	1.04443	3.00307	3.76625	1.93372	0.513434	8.18177	0.537839	0.512443	0.364432	0.0384606
20172	-0.104037	-0.0384783	3.92037	1.93609	0.493852	1.02989	3.03896	3.79647	1.75179	0.461427	7.36554	0.6429	0.4779	0.391109	0.0391324
20173	-0.0526201	-0.0891892	3.76218	1.81687	0.48293	1.01877	3.02991	3.56946	1.59764	0.447586	8.47541	0.573941	0.465723	0.416116	0.0397071
20174	-0.132984	-0.100766	4.07004	1.89736	0.466176	0.961671	3.04393	3.6803	1.62166	0.440633	8.25285	0.599134	0.454047	0.412767	0.0400367
20175	-0.172533	-0.142163	3.8965	1.80229	0.462539	1.11881	3.06165	3.86424	1.75406	0.45392	6.15529	0.833787	0.458248	0.419252	0.0400771
20176	-0.161838	-0.19669	3.53372	1.73957	0.492277	1.08843	3.09371	3.69616	1.82395	0.493471	6.92613	0.781586	0.492887	0.431797	0.040447
20177	-0.274183	-0.240622	3.74213	1.7958	0.479887	1.13955	3.18898	3.85741	1.89873	0.492228	5.88512	0.999316	0.486151	0.443306	0.0408684
20178	-0.236592	-0.215123	3.69382	1.82817	0.494927	1.23131	3.25003	3.8676	1.90071	0.491444	5.57251	1.07737	0.493145	0.446113	0.0411485
20179	-0.146463	-0.209387	3.88348	1.78452	0.459516	1.25377	3.21077	3.72411	1.96015	0.526341	5.96607	0.980331	0.492228	0.438622	0.0413554
20180	-0.0422286	-0.149886	3.72615	1.79839	0.482639	1.30809	3.25132	3.96295	1.92371	0.485423	6.34446	0.911679	0.484074	0.437376	0.0417045
20181	-0.156004	-0.149671	3.88979	1.80562	0.464194	1.25183	3.20396	3.99089	1.94367	0.487027	5.67446	0.991004	0.475757	0.428671	0.042178
20182	-0.141599	-0.11704	3.97859	1.82615	0.458995	1.27673	3.27365	3.85123	2.00941	0.521758	5.71506	1.00583	0.489866	0.428483	0.0423846
20183	-0.0745341	-0.15076	3.66917	1.78581	0.486707	1.3139	3.22952	3.99309	1.87305	0.469073	5.9273	0.96387	0.477517	0.438555	0.0426275
20184	-0.0984995	-0.0803029	3.98403	1.79843	0.451409	1.19491	3.23163	3.98938	1.96256	0.491946	6.55673	0.836458	0.471691	0.421793	0.0427652
20185	-0.0455698	-0.0450001	3.86783	1.79946	0.465238	1.20359	3.2198	3.70326	1.72505	0.46582	6.83085	0.780203	0.465522	0.430664	0.043161
20186	-0.12313	-0.0972018	3.83747	1.97191	0.513856	1.2962	3.25457	3.80361	1.78716	0.469859	5.57675	1.00725	0.491955	0.427762	0.043798
20187	-0.0375046	-0.0897248	3.97248	1.90341	0.479149	1.18665	3.18795	3.5332	1.67684	0.474596	7.16899	0.74928	0.477006	0.428749	0.0440412
20188	-0.156211	-0.146176	3.85983	1.946	0.504168	1.24767	3.22692	3.85197	1.92739	0.500366	5.77292	0.985446	0.502269	0.423539	0.0439249
20189	-0.154305	-0.138036	3.88838	1.80252	0.463566	1.26483	3.26543	3.98441	1.91062	0.479523	5.75166	1.00698	0.471642	0.438296	0.0443722
20190	-0.0926642	-0.111755	3.9012	1.86084	0.476992	1.35273	3.30411	3.80497	1.79472	0.471677	5.58507	1.04458	0.474368	0.443941	0.0445752
20191	-0.1528	-0.111395	4.12229	1.9569	0.474711	1.33861	3.29945	4.02277	1.94173	0.482684	5.23032	1.11216	0.478649	0.427393	0.0448678
20192	-0.114807	-0.0658956	3.747	1.72876	0.461371	1.41344	3.34094	3.78914	1.93428	0.510479	4.96953	1.16777	0.486062	0.442131	0.0450264
20193	-0.195653	-0.149122	3.60175	1.72626	0.479284	1.32098	3.35526	4.1237	2.16383	0.524732	5.33907	1.15008	0.503543	0.441224	0.045032
20194	-0.163034	-0.145717	3.75873	1.88261	0.500865	1.40433	3.29095	3.7277	1.84185	0.494099	4.80767	1.22832	0.497496	0.44233	0.0453013
20195	-0.126415	-0.132744	3.79523	1.69282	0.446039	1.27664	3.28069	3.68573	1.8931	0.513629	5.91883	0.984278	0.479339	0.448343	0.0458128
20196	-0.0838191	-0.142454	3.55867	1.69414	0.476061	1.25878	3.31251	4.00124	1.94916	0.487139	6.62207	0.901288	0.481924	0.450398	0.046044
20197	-0.147228	-0.137703	3.79902	1.75093	0.460891	1.37438	3.35369	3.75028	1.85102	0.493569	5.26489	1.15765	0.477125	0.458429	0.0465872
20198	-0.087091	-0.127503	3.8558	1.8527	0.480497	1.25463	3.30658	3.78686	1.93497	0.510968	6.5508	0.900112	0.495595	0.437812	0.0470234
20199	-0.146675	-0.122177	3.90874	1.82425	0.46671	1.31296	3.29418	4.03037	1.83573	0.455473	5.47818	1.06527	0.461006	0.443715	0.0471529
20200	-0.104071	-0.157486	3.82087	1.9023	0.497869	1.28569	3.26473	3.82021	1.72857	0.45248	6.06367	0.965715	0.475177	0.446533	0.0473675
20201	-0.204621	-0.154867	3.8748	1.87069	0.482783	1.20627	3.2426	3.56755	1.6537	0.463538	5.79865	0.995301	0.473558	0.450305	0.0476722
20202	-0.132978	-0.160266	3.7801	1.7309	0.457899	1.19807	3.22243	3.7674	1.7498	0.464458	6.45858	0.885845	0.461173	0.451234	0.0478641
20203	-0.187865	-0.155665	3.83452	1.8869	0.492083	1.17433	3.20566	4.06273	1.90052	0.467793	6.08899	0.927784	0.479587	0.427317	0.0482739
20204	-0.0280041	-0.0384773	3.85068	2.02	0.524584	1.22448	3.23107	3.85259	1.99163	0.516959	6.81447	0.784357	0.520771	0.399946	0.0484409
20205	-0.115991	-0.152174	3.70195	1.78759	0.482877	1.14505	3.09245	4.26712	2.0185	0.473035	6.62016	0.795114	0.477607	0.408928	0.0487446
20206	-0.095149	-0.0756171	4.00528	1.79418	0.447953	1.07564	3.0748	4.24268	1.95613	0.461061	7.24068	0.685373	0.454696	0.398298	0.0489485
20207	-0.266999	-0.20115	3.6198	1.67212	0.461938	0.951204	2.97168	3.88902	1.86515	0.479593	6.78351	0.74201	0.471082	0.415834	0.0493274
20208	-0.132123	-0.119452	3.65716	1.67801	0.458829	1.08059	3.05607	3.73002	1.80426	0.483712	6.85672	0.735331	0.471393	0.420058	0.0495097
20209	-0.171793	-0.105129	3.47817	1.75941	0.505844	1.04236	3.07488	3.84882	1.82494	0.474155	6.8598	0.737083	0.489198	0.413722	0.04978
20210	-0.0924528	-0.0932429	3.72252	1.7291	0.464497	0.981357	3.00227	3.92901	1.74009	0.442884	8.31019	0.576533	0.453399	0.408587	0.0498845
20211	0.0437417	-0.0039729	3.74596	1.7222	0.459748	0.939354	2.95773	3.84456	1.7532	0.45602	10.9356	0.401061	0.45786	0.386992	0.0501736
20212	0.00644458	0.0817157	3.63291	1.7057	0.469512	0.980988	2.97874	3.38062	1.8285	0.540877	8.83696	0.474867	0.503911	0.37264	0.0501688
20213	0.137628	0.11449	3.98345	1.87562	0.470852	1.0015	2.9799	3.93542	1.79927	0.457199	11.002	0.373141	0.464067	0.358497	0.0503647
20214	0.126502	0.15705	3.7449	1.73845	0.464219	0.99476	3.00953	3.76012	1.94731	0.517885	10.7931	0.376937	0.491106	0.355742	0.0505633
20215	0.254592	0.130862	3.98558	1.7761	0.445631	1.01511	3.01806	3.60086	1.86487	0.517897	14.4121	0.289198	0.479931	0.364132	0.0506762
20216	0.0897889	0.122351	3.76689	1.7976	0.477211	0.989205	3.00742	4.12782	1.8012	0.436356	10.2894	0.404475	0.45585	0.366492	0.0508063
20217	0.151103	0.118187	3.74795	1.60635	0.428595	0.897997	2.90469	3.68995	1.76858	0.479297	13.9188	0.278925	0.453748	0.365263	0.0512815
20218	0.218091	0.195475	3.69632	1.62863	0.440609	0.859653	2.94295	3.82128	1.82562	0.477751	18.3395	0.205801	0.459489	0.35342	0.0513216
20219	0.14858	0.0943962	3.72149	1.76016	0.472972	0.864485	2.91746	3.90944	1.8789	0.480607	15.5501	0.256259	0.476883	0.353915	0.0514394
20220	0.147956	0.140212	3.78844	1.7399	0.459265	0.813097	2.8864	3.93768	1.83241	0.465352	17.0465	0.221206	0.462367	0.345569	0.0516059
20221	0.0674944	0.113749	3.60152	1.79212	0.4976	0.923038	2.85612	3.79412	1.7358	0.457496	10.2747	0.365977	0.477026	0.347771	0.0517412
20222	0.114777	0.0803522	4.23196	1.83781	0.43427	0.91563	2.9209	3.73582	1.9023	0.509205	12.5805	0.320683	0.469405	0.350483	0.0518155
20223	0.103673	0.128213	4.18224	1.90147	0.454653	0.785729	2.86611	3.80873	1.91219	0.502054	16.1137	0.2326	0.477245	0.329599	0.0517142
20224	0.171551	0.104244	3.67978	1.80543	0.490635	0.83888	2.83357	3.9146	1.90885	0.487623	16.7275	0.222664	0.489082	0.334062	0.0519804
20225	0.0609442	0.120144	4.07759	1.8647	0.457304	0.962766	2.86635	3.78782	1.77688	0.469105	9.27312	0.406641	0.462987	0.341241	0.0520052
20226	0.115811	0.111941	3.79764	1.90829	0.502492	0.793492	2.84923	3.62208	1.78904	0.493927	16.3152	0.229626	0.498311	0.336381	0.0519918
20227	0.0335372	0.0546121	3.9203	2.0286	0.517461	0.826334	2.78138	3.71092	1.77798	0.479122	11.8296	0.314264	0.498818	0.328209	0.0522568
20228	0.035662	0.0280102	3.68284	1.94932	0.529298	0.742341	2.73335	3.88549	1.80596	0.464796	14.6555	0.249698	0.496184	0.327723	0.0523633
20229	-0.0452922	-0.0507791	3.9188	1.90254	0.485492	0.794548	2.79386	3.97208	1.80286	0.453883	11.4726	0.352666	0.469581	0.353266	0.0527639
20230	-0.0465453	-0.0794868	4.1256	2.03027	0.492114	0.916137	2.8687	3.94952	1.94097	0.491444	9.37875	0.463378	0.491786	0.353775	0.0528593
20231	-0.0435031	-0.0878513	4.11316	1.94996	0.474079	0.92867	2.84547	4.0273	1.87974	0.46675	9.10402	0.47256	0.470453	0.359782	0.053498
20232	-0.104615	-0.088625	3.74422	1.84304	0.492237	0.763671	2.77998	3.53309	1.82789	0.517363	10.9148	0.376961	0.504436	0.359257	0.0540229
20233	-0.142103	-0.0900639	3.48198	1.63367	0.469178	0.71639	2.78973	3.47261	1.75312	0.504842	11.2525	0.368505	0.486986	0.379838	0.0541691
20234	-0.127034	-0.0764825	3.80377	1.77052	0.465463	0.774813	2.74501	3.78387	1.74613	0.461467	9.78797	0.406664	0.46347	0.361521	0.0543243
20235	-0.123506	-0.0563707	3.72907	1.7381	0.466094	0.788338	2.76676	3.82264	1.82553	0.477558	9.58559	0.41573	0.471897	0.358729	0.054418
20236	-0.0224942	-0.0495679	3.69977	1.73708	0.469509	0.811782	2.76625	4.05076	1.95747	0.483236	11.3917	0.348009	0.476683	0.349293	0.055029
20237	-0.0382221	-0.0012189	3.60224	1.76041	0.488698	0.801089	2.8084	3.83423	1.89351	0.493844	11.206	0.352221	0.491351	0.350806	0.0550987
20238	-0.104776	-0.0324264	4.02915	1.78569	0.443194	0.737261	2.75281	3.83911	1.85105	0.482155	10.9411	0.354513	0.462204	0.347914	0.0549955
20239	-0.0189268	-0.0223037	3.98789	1.82975	0.458826	0.570512	2.67861	3.98282	1.92688	0.483797	20.9963	0.173719	0.471304	0.326923	0.0549999
20240	0.0713298	0.00232437	3.96499	1.97595	0.498349	0.638714	2.64048	3.57715	1.77125	0.495158	21.6195	0.160963	0.496836	0.317205	0.0552766
20241	-0.0373749	0.0195332	3.88352	1.94342	0.500428	0.493058	2.62649	3.88156	1.90537	0.490877	24.1549	0.14068	0.495654	0.306361	0.0552997
20242	0.049866	0.0489298	3.87899	1.87886	0.484369	0.687153	2.69521	3.86707	1.99958	0.517079	17.2425	0.203067	0.500699	0.311113	0.0557932
20243	-0.0263731	0.00732956	3.74113	1.8456	0.493328	0.710799	2.73737	3.58047	1.82016	0.508359	13.7152	0.271711	0.500678	0.337111	0.055813
20244	-0.110651	-0.0503079	4.12874	1.81727	0.440152	0.746292	2.72171	3.73003	1.85921	0.498443	10.4638	0.367176	0.467819	0.343305	0.0561918
20245	-0.0920532	-0.0817562	3.66221	1.81087	0.494476	0.663383	2.6664	3.92793	1.87588	0.477575	13.2339	0.285342	0.48573	0.338793	0.0563006
20246	-0.107244	-0.0679291	4.03767	1.78307	0.44161	0.610288	2.61025	4.03696	1.92706	0.477355	13.9314	0.257427	0.459481	0.325944	0.0562681
20247	-0.0871317	-0.125589	3.50363	1.89255	0.54017	0.623148	2.62915	3.9641	1.92685	0.486074	15.0418	0.252249	0.511454	0.33198	0.0565565
20248	-0.174699	-0.25865	3.84791	1.97457	0.513155	0.675775	2.72141	3.91059	1.88432	0.48185	12.278	0.361653	0.497376	0.365334	0.0568606
20249	-0.171514	-0.234577	4.06107	1.96027	0.482698	0.77709	2.74167	3.81576	1.84926	0.484637	9.84396	0.449924	0.483637	0.367729	0.0572192
20250	-0.241582	-0.26773	3.70142	1.83692	0.496273	0.741214	2.75528	3.79647	1.78998	0.471487	9.4613	0.482944	0.483723	0.38659	0.0575783
20251	-0.320704	-0.224873	4.10495	1.95961	0.477377	0.690158	2.82004	3.92955	1.92967	0.491067	9.07329	0.510921	0.484073	0.373536	0.0577865
20252	-0.217342	-0.27779	4.07809	1.96324	0.481411	0.866217	2.84794	3.68876	1.85783	0.503646	8.3214	0.587051	0.491971	0.390077	0.0582127
20253	-0.208722	-0.218745	3.97002	2.03431	0.512418	0.816684	2.79794	3.73693	1.76249	0.47164	8.65504	0.525729	0.492645	0.374811	0.0584588
20254	-0.329074	-0.335563	4.17795	1.98613	0.475385	0.8935	2.84418	4.01826	1.90171	0.473266	6.76444	0.747345	0.474347	0.394114	0.0590625
20255	-0.380341	-0.413893	3.8967	1.94308	0.498646	0.747953	2.83979	4.16908	2.00437	0.480771	8.31587	0.636523	0.489407	0.401484	0.0595921
20256	-0.441996	-0.466328	3.98557	2.05042	0.514462	0.91203	2.84607	3.83495	1.94388	0.506884	5.98456	0.916692	0.510746	0.407257	0.0595821
20257	-0.397207	-0.462379	4.01274	2.09933	0.523167	0.841697	2.84276	3.97599	1.91356	0.481279	7.1171	0.767442	0.502319	0.405078	0.0600891
20258	-0.41763	-0.490824	3.9408	1.99018	0.50502	0.853923	2.88263	3.58155	1.78671	0.498864	7.03851	0.808423	0.502089	0.429762	0.0602915
20259	-0.548772	-0.484863	3.87215	2.07916	0.536951	0.869988	2.88555	3.66007	1.84444	0.503937	5.6435	1.00644	0.520909	0.42001	0.0603646
20260	-0.37167	-0.371212	4.25464	2.03854	0.479133	0.878276	2.93549	3.84321	1.86946	0.486432	6.99852	0.781183	0.482597	0.411705	0.0606769
20261	-0.409978	-0.360305	3.66548	1.95117	0.532311	0.978084	2.9402	3.92205	2.01984	0.514996	5.65383	0.963358	0.523361	0.406932	0.0608149
20262	-0.25702	-0.322145	3.49011	1.67218	0.47912	0.986611	2.96146	4.07372	2.03088	0.498532	6.97139	0.773309	0.489575	0.42139	0.0609675
20263	-0.270744	-0.322157	3.76442	1.7056	0.453085	1.02206	3.06363	4.09753	2.01711	0.492274	6.85892	0.835666	0.47351	0.435099	0.0608343
20264	-0.348314	-0.379878	3.63058	1.85838	0.511869	1.19879	3.06177	3.78527	1.89683	0.501107	4.94874	1.19677	0.506376	0.441017	0.0609362
20265	-0.392875	-0.380211	3.95308	1.95008	0.493307	1.0323	3.10328	4.04104	1.92439	0.47621	5.97433	1.01557	0.484665	0.439267	0.0609698
20266	-0.330777	-0.331838	4.04911	1.9614	0.484403	1.19457	3.136	3.80693	1.90996	0.501707	5.16868	1.16334	0.492788	0.437248	0.0611288
20267	-0.608359	-0.615906	3.95845	1.93951	0.489968	0.999598	2.96569	4.07196	1.91251	0.469678	4.96141	1.29276	0.47968	0.454433	0.0610753
20268	-0.53575	-0.575665	4.11963	1.95101	0.473588	0.962304	2.95762	3.89399	1.84439	0.473651	5.56293	1.12208	0.473619	0.451373	0.0610121
20269	-0.575585	-0.606617	3.93512	1.87821	0.477293	1.0787	3.01622	3.92486	1.77778	0.452955	4.79596	1.36833	0.46514	0.473114	0.061437
20270	-0.655986	-0.642	3.91179	1.94669	0.497647	1.06066	3.02942	3.9048	1.82501	0.467377	4.57413	1.47343	0.482526	0.471989	0.0616301
20271	-0.591658	-0.594127	3.69241	1.84011	0.498351	1.0667	3.07673	3.56219	1.80288	0.506116	4.89977	1.37508	0.502163	0.480572	0.0616272
20272	-0.625683	-0.64746	4.07288	1.95685	0.480458	1.17975	3.10645	3.82489	1.91797	0.501444	4.3232	1.62979	0.490621	0.476343	0.0618785
20273	-0.613157	-0.593131	4.1013	1.90108	0.463531	1.09433	3.01581	3.78252	1.77298	0.46873	4.46729	1.45775	0.466025	0.46997	0.0619799
20274	-0.646578	-0.609084	4.07252	1.82181	0.447343	1.10632	3.02442	3.83019	1.91439	0.499816	4.29673	1.53633	0.472775	0.469172	0.0622508
20275	-0.521714	-0.596671	3.92778	1.85787	0.473009	0.999023	2.99127	4.09468	2.00588	0.489875	5.56649	1.15632	0.481617	0.454556	0.0621586
20276	-0.590812	-0.596167	3.7498	1.9428	0.518106	0.981578	2.98957	3.78306	1.97221	0.521327	5.2004	1.2362	0.519724	0.450987	0.061991
20277	-0.609113	-0.588764	3.47812	1.88404	0.541685	0.906337	2.95644	4.0433	1.90474	0.471085	5.47266	1.14829	0.503732	0.453473	0.0622514
20278	-0.624911	-0.675813	3.86483	1.9745	0.510889	0.928374	2.92026	3.85093	1.99251	0.51741	5.35988	1.20635	0.514144	0.449146	0.0625689
20279	-0.673565	-0.724476	4.07114	1.81451	0.445701	0.929781	2.92706	4.15183	2.00566	0.483079	5.18677	1.28536	0.464573	0.466104	0.0628303
20280	-0.710325	-0.695036	3.72568	1.73381	0.465367	0.916838	2.87185	4.03655	1.97606	0.48954	4.80525	1.32383	0.477938	0.461724	0.0630766
20281	-0.63377	-0.650458	3.58636	1.6568	0.461973	0.827385	2.84905	4.03692	1.89936	0.470497	5.73616	1.06749	0.466487	0.462761	0.063545
20282	-0.656065	-0.643542	3.66053	1.69232	0.462317	0.830988	2.85862	3.85662	1.82545	0.47333	5.54651	1.10566	0.467967	0.465838	0.0640438
20283	-0.619533	-0.666822	3.44891	1.68027	0.487189	0.887481	2.8998	3.80538	1.84744	0.485482	5.60117	1.13555	0.486293	0.474221	0.0645045
20284	-0.588112	-0.624584	3.88983	1.81383	0.466301	0.932376	2.9437	3.91836	1.75116	0.446913	5.50747	1.15594	0.456571	0.471833	0.0646343
20285	-0.708349	-0.667349	4.11764	1.80414	0.438149	1.02896	2.93784	3.98083	1.88725	0.474084	4.30629	1.50912	0.455813	0.468281	0.0647412
20286	-0.659635	-0.670641	3.70285	1.83657	0.495988	1.00117	2.93376	3.84286	1.94427	0.505945	4.71007	1.37914	0.501059	0.462215	0.0651022
20287	-0.680134	-0.664924	4.04995	1.99807	0.493356	0.910226	2.87989	3.76671	1.81137	0.480891	4.96818	1.26462	0.487349	0.452072	0.06539
20288	-0.74914	-0.710635	3.80541	1.77752	0.467104	0.856024	2.90103	3.66834	1.84758	0.503656	5.06261	1.28828	0.485045	0.473689	0.0656228
20289	-0.659464	-0.707763	3.90351	1.87744	0.480963	0.904092	2.90871	3.91781	1.82863	0.466748	5.34989	1.22235	0.473843	0.468849	0.0655879
20290	-0.708228	-0.718022	4.04282	1.95091	0.482561	0.882292	2.90895	3.51146	1.88339	0.536355	5.20007	1.26488	0.507566	0.461828	0.0662044
20291	-0.684077	-0.740719	3.90145	1.90886	0.489269	0.821356	2.89442	3.92121	1.96742	0.501738	5.83068	1.13316	0.495519	0.46024	0.0665796
20292	-0.743028	-0.699191	3.781	1.7399	0.460171	0.844118	2.82365	3.64674	1.81052	0.496475	4.92665	1.25952	0.477995	0.466469	0.0669033
20293	-0.668559	-0.686005	3.63598	1.82331	0.501464	0.823119	2.77753	3.8123	1.85356	0.486204	5.39125	1.11255	0.493653	0.449356	0.0674751
20294	-0.518761	-0.599264	4.00133	1.90078	0.475038	0.777266	2.83654	4.24485	1.97386	0.465002	7.02796	0.839843	0.469872	0.432479	0.0679348
20295	-0.585002	-0.618813	4.1202	1.8841	0.457284	0.79194	2.81598	3.89611	2.09034	0.53652	6.22255	0.947986	0.495795	0.426103	0.0679625
20296	-0.590185	-0.639378	3.70683	1.65179	0.445608	0.708733	2.7547	3.90165	1.94459	0.4984	6.82779	0.843594	0.47268	0.444812	0.0685003
20297	-0.568378	-0.593782	3.62894	1.6912	0.46603	0.745601	2.79908	3.61752	1.75263	0.484484	6.66738	0.863271	0.475243	0.455362	0.0686441
20298	-0.619127	-0.624584	4.06352	1.89153	0.465491	0.817305	2.81451	3.77531	1.64997	0.437042	5.73214	1.03167	0.45179	0.455138	0.0687834
20299	-0.653708	-0.587286	3.99566	1.96596	0.492025	0.721972	2.73517	3.95608	1.88918	0.477539	5.83289	0.946248	0.484818	0.417317	0.0692063
20300	-0.549152	-0.560091	4.09389	1.9504	0.476418	0.790538	2.72258	3.89118	1.93963	0.498469	6.00407	0.897385	0.487164	0.409291	0.0692803
20301	-0.638452	-0.613998	3.80049	1.83753	0.483499	0.644218	2.68098	3.92511	1.8914	0.481871	6.59896	0.822621	0.482672	0.421379	0.069655
20302	-0.580443	-0.542999	3.75718	1.91396	0.509415	0.560135	2.62848	3.79333	1.91619	0.505147	7.73166	0.650459	0.507271	0.396444	0.0697562
20303	-0.407822	-0.542426	3.70926	1.83379	0.494383	0.652151	2.64993	4.16033	2.10548	0.506086	9.07052	0.561771	0.50057	0.392867	0.0697634
20304	-0.471792	-0.511852	3.55408	1.7703	0.498104	0.586223	2.56007	3.88033	2.17208	0.559768	8.4302	0.559697	0.530289	0.374497	0.070277
20305	-0.540822	-0.504812	3.94561	1.9497	0.494145	0.459582	2.53884	4.11811	1.96003	0.475955	9.25633	0.500404	0.484856	0.372116	0.0707374
20306	-0.40552	-0.47427	3.86288	1.95758	0.506767	0.566336	2.60444	4.14281	2.02948	0.489879	10.0354	0.472252	0.498028	0.372893	0.0712274
20307	-0.475964	-0.510729	4.07747	1.99684	0.489725	0.649592	2.59362	4.53743	2.19935	0.484713	7.60689	0.633438	0.487085	0.364853	0.0712791
20308	-0.42451	-0.428236	3.91234	1.92675	0.492479	0.614464	2.6643	4.01757	1.94065	0.483041	8.85972	0.539734	0.487698	0.382159	0.0712655
20309	-0.513836	-0.503251	4.09694	1.8049	0.440548	0.744657	2.69935	3.99266	2.01621	0.504977	6.47598	0.791902	0.472347	0.401696	0.0717079
20310	-0.393123	-0.46396	3.93139	1.83184	0.465953	0.57388	2.6472	3.75426	1.86875	0.497768	10.3512	0.467548	0.481494	0.39549	0.071705
20311	-0.466156	-0.49411	3.89782	1.84183	0.472529	0.762249	2.73784	4.24974	2.0685	0.486735	6.92222	0.754489	0.479939	0.400532	0.0718657
20312	-0.392184	-0.472559	3.68226	1.71117	0.464706	0.706238	2.76551	4.2927	2.09893	0.488952	8.69027	0.603266	0.477757	0.407697	0.07178
20313	-0.358767	-0.389618	3.84861	1.77488	0.461173	0.729792	2.73778	3.84719	1.88278	0.48939	8.25397	0.592481	0.475279	0.400781	0.0717816
20314	-0.312258	-0.374293	3.70669	1.7923	0.483531	0.685425	2.73046	3.99303	1.91868	0.480508	9.68428	0.497686	0.481963	0.393834	0.07202
20315	-0.474152	-0.411504	3.81184	1.9094	0.500914	0.649121	2.71863	3.87896	1.90054	0.489963	7.76525	0.630871	0.495391	0.391442	0.0726193
20316	-0.532642	-0.457236	4.01616	1.98484	0.494213	0.667262	2.63005	3.74256	1.86984	0.499616	6.62005	0.719884	0.496819	0.382135	0.0724882
20317	-0.349644	-0.432658	3.81173	1.79597	0.471169	0.58395	2.5945	4.12975	1.81921	0.440513	10.5137	0.435798	0.455227	0.388009	0.0723886
20318	-0.466546	-0.421524	3.72733	1.78418	0.478676	0.665878	2.6285	3.84326	1.76305	0.458738	7.25419	0.641192	0.468554	0.396119	0.072318
20319	-0.437815	-0.330367	3.8375	1.82074	0.474459	0.61517	2.57654	3.97557	1.93936	0.487819	7.6211	0.554388	0.481257	0.35984	0.0726283
20320	-0.312702	-0.277863	3.67706	1.65106	0.449017	0.518861	2.5416	4.19179	1.96397	0.468528	11.4959	0.345748	0.459411	0.354846	0.0722652
20321	-0.201744	-0.205239	3.74147	1.61423	0.431443	0.520306	2.56403	3.95486	1.93917	0.490326	14.7094	0.260678	0.461701	0.35057	0.0725168
20322	-0.0726462	-0.123855	3.5969	1.68036	0.467168	0.740686	2.75486	3.83633	1.9081	0.497376	12.5274	0.330755	0.482758	0.366136	0.0727964
20323	0.0177585	-0.072627	3.64058	1.76555	0.484965	0.732563	2.76493	4.0455	1.94329	0.480359	15.7585	0.255473	0.482541	0.351917	0.0725199
20324	-0.102028	-0.104002	3.74105	1.68258	0.449762	0.649367	2.72869	3.8951	1.95147	0.501007	14.2122	0.282297	0.475901	0.355789	0.0722486
20325	-0.0536992	-0.120543	3.59929	1.73239	0.481314	0.646876	2.70135	3.60869	1.89378	0.524782	16.2245	0.245403	0.503077	0.354537	0.0724748
20326	-0.143886	-0.126904	3.64582	1.809	0.496186	0.670071	2.6967	3.9138	1.83528	0.468925	12.0339	0.331263	0.482072	0.353675	0.0723224
20327	-0.0441627	-0.123234	3.62206	1.86118	0.513847	0.721799	2.70014	3.9796	2.09258	0.525828	13.587	0.293349	0.520119	0.335236	0.0724791
20328	-0.113312	-0.138663	4.0502	1.94172	0.479413	0.844535	2.71699	3.78121	1.93916	0.512842	8.88832	0.458735	0.495553	0.344512	0.0725488
20329	-0.0359031	-0.0349325	3.98394	1.96289	0.492699	0.87785	2.81677	4.00393	1.83037	0.457143	9.73979	0.417473	0.474877	0.349057	0.0727026
20330	-0.0244716	-0.0294091	3.94236	1.87088	0.474557	0.903598	2.89688	3.79565	1.84055	0.48491	9.94197	0.430657	0.479635	0.365925	0.0729743
20331	0.00325242	-0.000703	4.05148	1.8697	0.461485	0.917961	2.85813	3.74883	1.94309	0.51832	9.76814	0.418346	0.4888	0.349025	0.0729972
20332	-0.00751981	0.0228387	3.7827	1.85883	0.491402	0.781829	2.79458	3.81188	2.07959	0.545556	12.3302	0.311536	0.518583	0.327917	0.0732743
20333	0.159279	0.0271162	3.74616	1.79489	0.479127	0.773889	2.76503	3.88436	1.89159	0.486976	19.8444	0.188873	0.483123	0.337138	0.0732068
20334	-0.00223228	-0.0106325	4.00197	1.90255	0.475403	0.691634	2.73849	4.08797	1.89687	0.464011	15.6977	0.240725	0.469647	0.332238	0.0730632
20335	0.0265406	0.0100658	3.67725	1.82527	0.496369	0.740953	2.75194	3.97276	1.93819	0.487869	14.7298	0.255192	0.491955	0.333177	0.0730813
20336	-0.0912344	-0.0214245	3.63731	1.72088	0.473118	0.718759	2.73515	3.72025	1.79712	0.483064	11.5818	0.328045	0.478147	0.350758	0.0734657
20337	0.037606	0.049034	3.93959	1.84091	0.467283	0.670482	2.68006	3.89766	1.76129	0.451885	17.2827	0.200266	0.459625	0.324626	0.0734577
20338	0.150361	0.0932076	4.09492	1.89866	0.463663	0.563958	2.65666	3.62545	1.80712	0.498453	38.4144	0.0855314	0.48	0.307256	0.0740068
20339	0.039879	0.0545397	3.98518	1.8099	0.454158	0.602159	2.62747	3.84206	1.77867	0.462948	20.9387	0.15808	0.458473	0.315731	0.0747543
20340	0.0849553	0.08427	4.15859	1.72336	0.414409	0.641511	2.67957	3.89038	1.92211	0.494068	21.7449	0.154877	0.452911	0.316074	0.0749171
20341	0.0553774	0.0635738	3.8768	1.72614	0.445249	0.634525	2.64698	4.37345	2.0035	0.458104	19.8979	0.167706	0.452063	0.309195	0.0748944
20342	0.0103776	0.0252842	3.71238	1.83759	0.494989	0.655022	2.68136	3.84927	1.80255	0.468284	16.9762	0.207783	0.481395	0.326487	0.0750503
20343	0.0673123	0.0688518	3.85363	1.76628	0.458343	0.687696	2.68977	3.75917	1.84297	0.490259	17.8479	0.192438	0.474103	0.322514	0.0751193
20344	0.124004	0.0806334	3.92125	1.75992	0.448817	0.659265	2.69553	3.52252	1.78444	0.506582	23.8659	0.143252	0.476152	0.32548	0.0757653
20345	-0.0277907	0.0254264	3.89086	2.00046	0.514143	0.717139	2.69512	3.92134	1.73216	0.441727	12.8437	0.27746	0.477794	0.323227	0.0760058
20346	0.00867709	-0.00148617	3.85473	1.90669	0.494637	0.665453	2.76151	3.84198	1.83572	0.477807	17.6981	0.215677	0.486236	0.337849	0.076405
20347	-0.0298646	0.0128968	3.6354	1.71479	0.471693	0.807531	2.75531	3.49605	1.62081	0.463612	10.7252	0.350616	0.467731	0.360598	0.0767977
20348	-0.0160522	-0.0291286	3.87068	1.89241	0.488909	0.817134	2.82173	3.62454	1.79773	0.495989	11.7076	0.3471	0.492333	0.35521	0.0768722
20349	-0.0367512	-0.0372409	3.80082	1.79364	0.471909	0.772691	2.80127	3.68728	1.82313	0.494438	12.2973	0.327598	0.483003	0.357825	0.0769391
20350	0.153636	0.0334577	3.96196	1.91878	0.4843	0.820451	2.81093	3.92795	1.86648	0.475179	17.3495	0.222321	0.479759	0.337641	0.0769629
20351	0.00103438	0.0861447	4.07612	2.1237	0.521009	0.775831	2.82299	3.88623	1.87968	0.483676	12.4774	0.300155	0.502788	0.318794	0.0772787
20352	-0.0699895	0.00784839	3.91187	1.97537	0.504968	0.85163	2.83956	4.05991	1.98237	0.488279	9.44048	0.424691	0.496469	0.336327	0.0774484
20353	0.031334	0.000107086	4.17569	2.01852	0.483399	0.852663	2.82686	3.9988	1.91596	0.479134	11.8452	0.337291	0.481313	0.336861	0.0776797
20354	0.0742721	0.065425	4.02212	2.00215	0.497784	0.798489	2.8522	4.21035	2.06878	0.491356	14.807	0.262245	0.494497	0.323027	0.0779563
20355	0.0191528	0.0320037	3.63387	1.69096	0.465332	0.890254	2.90081	3.90676	2.03498	0.520885	10.8459	0.379409	0.494114	0.355874	0.0780338
20356	0.020586	0.00689799	3.8598	1.77693	0.460368	0.931471	2.91849	3.84302	1.8573	0.483291	10.2172	0.414856	0.471805	0.368469	0.0784678
20357	0.0881923	0.0613132	3.87506	1.89872	0.489984	0.830278	2.91202	3.76318	1.8485	0.491206	14.757	0.275345	0.490586	0.351678	0.0784391
20358	0.0901598	0.0215484	4.01918	2.03834	0.507153	0.950844	2.89967	4.14284	1.77329	0.428039	11.1823	0.370388	0.466997	0.352155	0.0787334
20359	0.105042	0.0951161	3.91045	1.75471	0.448723	1.00405	2.91331	3.67693	1.73196	0.471036	9.82686	0.404109	0.459536	0.362958	0.0788724
20360	0.0490379	0.0516442	3.7805	1.77895	0.47056	0.943992	2.97783	3.6256	1.7858	0.492554	10.6906	0.400471	0.481327	0.375313	0.0792259
20361	-0.0261204	0.0125632	3.93155	1.91889	0.488074	0.965586	2.97335	3.88607	1.8596	0.478528	8.91349	0.491741	0.483329	0.367209	0.079243
20362	0.0452783	0.0401921	4.072	1.75656	0.431377	1.0346	2.95116	4.00067	1.8817	0.470345	8.6577	0.489374	0.450689	0.36811	0.0793743
20363	0.0381089	0.0392662	3.83486	1.82311	0.475405	0.880559	2.91712	3.75021	1.85868	0.495621	11.6694	0.354861	0.4854	0.36006	0.0792213
20364	0.125841	0.0924785	3.97352	1.79379	0.451435	0.867341	2.85629	3.95435	2.00682	0.507496	13.8929	0.274912	0.479398	0.334538	0.0797696
20365	0.0312728	0.0732248	3.98412	1.95554	0.490833	0.884853	2.85752	3.8573	1.93072	0.500538	10.64	0.364299	0.495607	0.332866	0.0801397
20366	0.0548464	0.10016	3.5687	1.8982	0.531901	0.73574	2.7893	4.03158	1.86817	0.463386	15.5979	0.231808	0.495557	0.324435	0.0803333
20367	0.0335807	0.0680487	3.75005	1.81345	0.483581	0.70864	2.74918	4.01601	1.82814	0.455212	15.7744	0.227853	0.468911	0.330542	0.0805164
20368	-0.040451	0.0267789	3.71639	1.77623	0.477945	0.7557	2.75998	4.14629	1.90575	0.459629	11.7856	0.316928	0.468286	0.336642	0.0811007
20369	-0.0117685	0.00171614	3.68428	1.77181	0.48091	0.714788	2.71898	3.91567	1.84627	0.471507	13.987	0.263942	0.476065	0.33794	0.0815911
20370	0.0657089	-0.00676858	3.93133	1.78579	0.454247	0.638184	2.72763	4.18714	1.89775	0.453234	22.8144	0.163864	0.453724	0.336742	0.0815835
20371	-0.0995202	-0.0582784	3.73941	1.69755	0.453962	0.739401	2.74102	3.89364	1.85487	0.476384	11.1341	0.351894	0.4654	0.35556	0.0814866
20372	-0.127121	-0.0910886	3.75565	1.71775	0.457378	0.671429	2.72605	3.71563	1.89715	0.510586	12.4455	0.318841	0.48384	0.354477	0.0815183
20373	-0.257715	-0.126151	3.77124	1.87327	0.496724	0.730362	2.75794	4.09956	1.92655	0.46994	8.51996	0.488148	0.482773	0.353812	0.0816469
20374	-0.144828	-0.235644	3.42803	1.77987	0.519211	0.783246	2.72399	3.77173	1.81799	0.482003	10.1698	0.430661	0.499719	0.378481	0.0821192
20375	-0.213845	-0.175869	3.8115	1.81255	0.475548	0.748974	2.72336	3.71501	1.87892	0.505763	9.06726	0.46351	0.490462	0.36287	0.0825268
20376	-0.196481	-0.199274	3.89222	1.99529	0.512635	0.744831	2.75412	3.84871	1.90447	0.494832	9.8441	0.443033	0.503783	0.358749	0.0826462
20377	-0.195535	-0.17466	4.09652	2.00947	0.490532	0.703165	2.76234	4.11024	1.81296	0.441083	10.6802	0.40383	0.465766	0.360797	0.082563
20378	-0.221417	-0.193947	4.14896	2.07544	0.500231	0.653294	2.67908	3.77814	1.8433	0.487885	10.7882	0.382559	0.494347	0.345058	0.0828592
20379	-0.176384	-0.151128	3.88539	1.99882	0.514446	0.701457	2.71696	3.9814	1.80603	0.453618	10.6746	0.385302	0.483661	0.350969	0.0827359
20380	-0.16358	-0.133022	3.88486	1.96073	0.504711	0.633482	2.67873	3.8812	1.86294	0.479992	12.4443	0.317654	0.492358	0.340876	0.0832188
20381	-0.136042	-0.159917	3.68357	1.82297	0.49489	0.677304	2.73232	3.97461	1.89934	0.477869	12.645	0.330765	0.486056	0.359836	0.0832739
20382	-0.167218	-0.12806	3.64198	1.8011	0.494538	0.697899	2.74377	3.83758	1.81562	0.473115	11.0197	0.374214	0.483546	0.36321	0.0836871
20383	-0.271504	-0.19431	3.94735	1.87301	0.474499	0.744815	2.82801	4.08142	1.85665	0.454902	8.84342	0.516452	0.464537	0.379879	0.0838618
20384	-0.12921	-0.16127	3.98319	1.8647	0.468141	0.713485	2.69225	3.8874	1.82676	0.469918	11.4662	0.355068	0.469019	0.355555	0.0841383
20385	-0.0912213	-0.139407	4.194	1.94889	0.464685	0.663219	2.71023	3.66253	1.86764	0.509932	14.2669	0.28459	0.485778	0.347339	0.0843824
20386	-0.239892	-0.218123	3.9023	1.93416	0.495646	0.679473	2.68818	4.05308	1.98787	0.490459	9.99322	0.422616	0.493004	0.35009	0.0846255
20387	-0.161483	-0.126758	4.11158	2.00318	0.487206	0.697372	2.71217	3.79514	1.94745	0.513143	10.9262	0.368816	0.499656	0.337867	0.0848912
20388	-0.193165	-0.11843	3.86897	1.81429	0.468933	0.8236	2.6897	3.82582	1.90217	0.497193	7.62769	0.516905	0.482984	0.346711	0.0850428
20389	-0.12048	-0.111383	3.96882	1.81154	0.456443	0.669534	2.7343	3.90401	1.88427	0.48265	12.9749	0.312061	0.469439	0.354026	0.0854186
20390	-0.216363	-0.156832	3.45731	1.68332	0.486886	0.598687	2.68178	3.95831	1.99698	0.504503	12.1295	0.332153	0.496289	0.35385	0.0854131
20391	-0.178151	-0.165278	3.58979	1.63619	0.455789	0.737008	2.70801	4.06803	1.98231	0.487289	9.85744	0.418758	0.472523	0.36333	0.0855588
20392	-0.170524	-0.115581	3.75322	1.7991	0.479347	0.649865	2.70307	3.87349	2.03246	0.524712	11.8044	0.336519	0.502387	0.341516	0.0856678
20393	-0.164851	-0.180582	3.79958	1.93276	0.508677	0.636882	2.70941	3.93754	1.8316	0.465163	12.9938	0.321388	0.486532	0.356896	0.0857369
20394	-0.291795	-0.224253	3.9435	1.95579	0.495952	0.817865	2.76104	3.9427	1.85079	0.469421	7.23759	0.615673	0.482688	0.369322	0.0856492
20395	-0.139675	-0.180351	3.64788	1.70178	0.466512	0.718066	2.73828	3.66648	1.90408	0.519321	11.5783	0.36786	0.492984	0.371421	0.0857952
20396	-0.147576	-0.134002	3.65727	1.80328	0.493067	0.738361	2.71497	4.10098	1.99349	0.486102	10.3412	0.392442	0.489385	0.348411	0.0865223
20397	-0.223014	-0.178539	3.73041	1.91601	0.51362	0.814526	2.78204	3.96412	1.99119	0.502302	8.14222	0.538245	0.507789	0.359428	0.0868436
20398	-0.235821	-0.162535	3.90168	1.98394	0.508484	0.803222	2.78794	3.65276	1.78829	0.489572	8.06337	0.539805	0.49934	0.365974	0.0865317
20399	-0.156947	-0.199602	3.92609	1.85455	0.472365	0.86265	2.84124	3.81886	1.91618	0.501768	8.89468	0.51979	0.486863	0.380178	0.0870451
20400	-0.134144	-0.162966	3.80226	1.87079	0.492021	0.794526	2.80628	3.68596	1.83524	0.497901	10.2228	0.431214	0.494915	0.373053	0.0867957
20401	-0.172233	-0.173628	3.38019	1.64077	0.485409	0.905975	2.89193	3.87434	1.69038	0.436303	8.08377	0.581266	0.459183	0.413709	0.0868505
20402	-0.0770098	-0.154288	3.53777	1.64248	0.464269	0.928608	2.91909	3.69278	1.83055	0.49571	9.3404	0.505633	0.480327	0.404857	0.0867896
20403	-0.0743515	-0.0941726	4.01804	1.84191	0.458409	0.921896	2.93076	3.77072	1.99598	0.529336	9.21926	0.496255	0.492747	0.373568	0.0871201
20404	-0.0982996	-0.11165	3.78129	1.7769	0.469918	1.00558	2.96765	4.04141	2.16974	0.536878	7.78145	0.609276	0.504511	0.375368	0.0873733
20405	-0.0128823	-0.0285315	3.35967	1.77345	0.527865	0.874001	2.8938	3.75078	2.04532	0.545306	10.8574	0.393281	0.537065	0.358712	0.0875693
20406	-0.0207972	-0.0401987	3.89348	1.80653	0.463989	0.822433	2.86055	3.98415	1.87637	0.470959	11.8339	0.355519	0.467514	0.36365	0.0875181
20407	-0.0737463	-0.0398504	3.89675	1.6897	0.433619	0.879676	2.94538	3.94918	1.98035	0.501458	9.80359	0.454507	0.467765	0.377859	0.0876301
20408	-0.0503355	-0.0175199	4.04997	1.95997	0.483947	1.02627	2.9933	4.05301	1.90607	0.470286	7.82094	0.579537	0.477114	0.369678	0.0874691
20409	0.0757775	0.0449958	4.20102	2.01207	0.478948	0.938318	3.00308	3.70762	1.86291	0.502453	11.7615	0.371988	0.489967	0.360949	0.087516
20410	-0.0300528	-0.0299304	3.62422	1.72839	0.476901	1.04885	3.04206	3.88956	1.76542	0.453886	8.10733	0.582012	0.464987	0.403203	0.0877938
20411	-0.0874857	-0.036727	3.80607	1.74332	0.458037	1.06547	2.99516	3.62028	1.74313	0.481491	6.9152	0.664648	0.469471	0.3974	0.0884504
20412	-0.0221276	-0.0243743	3.97099	1.88363	0.474348	1.09574	3.07334	3.80502	1.75213	0.460479	7.67896	0.624812	0.467561	0.397645	0.0886332
20413	-0.112636	-0.0839917	3.81379	1.75511	0.460201	1.10618	3.08897	3.72915	1.77969	0.477237	6.77722	0.742761	0.468623	0.416024	0.0888497
20414	-0.113813	-0.125422	4.01995	1.88856	0.469798	1.12692	3.15012	3.69027	1.84914	0.501085	6.96962	0.76971	0.484773	0.417925	0.0892303
20415	-0.154899	-0.141197	4.06938	2.06916	0.50847	1.19294	3.15978	3.68533	1.78096	0.483256	5.99804	0.908333	0.496487	0.414483	0.089668
20416	-0.0803045	-0.176744	3.85713	1.92432	0.498901	1.24352	3.23698	3.81448	1.90269	0.498809	6.64964	0.876253	0.498855	0.43235	0.0901416
20417	-0.159067	-0.15191	3.79962	1.91544	0.504114	1.26334	3.2687	3.85735	1.92938	0.500183	5.78306	1.01163	0.502134	0.4322	0.0900143
20418	-0.0210188	-0.0878053	3.50022	1.60409	0.458283	1.35814	3.35136	4.13783	2.05543	0.49674	6.21839	0.951036	0.479117	0.447032	0.0903141
20419	-0.14597	-0.106879	4.03885	1.74044	0.430924	1.39905	3.38047	4.04516	2.09958	0.519035	5.09474	1.19354	0.475014	0.442015	0.0903688
20420	-0.0763649	-0.0880546	3.68635	1.67414	0.454146	1.31998	3.31879	4.13388	1.99329	0.482184	5.95277	0.974891	0.468967	0.441837	0.0907196
20421	-0.118825	-0.111393	3.90083	1.93665	0.496472	1.33614	3.35496	3.67948	1.81363	0.492903	5.67601	1.05846	0.49474	0.444871	0.090701
20422	-0.0474987	-0.00674204	3.87456	1.76381	0.45523	1.29062	3.34539	3.97804	1.93131	0.485493	6.2756	0.895275	0.470561	0.432019	0.090821
20423	0.0469572	0.0397316	4.207	1.95929	0.465721	1.30335	3.30751	3.82123	1.78412	0.466897	6.76481	0.78926	0.466281	0.4164	0.0912418
20424	0.124546	0.0532405	3.73945	2.00724	0.536774	1.29083	3.28189	3.8443	1.78715	0.464884	7.66359	0.680112	0.500332	0.407288	0.0915575
20425	0.0919889	0.0750903	3.74964	1.96134	0.523074	1.35164	3.32173	3.69036	1.82696	0.495063	6.64309	0.793358	0.50918	0.410362	0.0918249
20426	-0.00199437	0.0995997	4.1168	1.98016	0.480995	1.33538	3.30605	4.04531	1.89965	0.469594	5.74833	0.894289	0.475344	0.398612	0.0922753
20427	0.126768	0.140886	3.88801	2.02493	0.520815	1.31227	3.31364	3.98153	1.91889	0.481949	7.16258	0.702705	0.501151	0.389659	0.0925396
20428	-0.000213685	0.0596185	4.14734	2.06139	0.497039	1.35844	3.25887	3.87064	1.81651	0.469306	5.54468	0.922976	0.483651	0.397653	0.0926252
20429	0.0943401	0.108324	4.12063	2.10799	0.511569	1.27493	3.25791	3.71519	1.78014	0.479151	7.11721	0.696894	0.496199	0.389556	0.0924269
20430	0.101759	0.128817	4.31403	2.06523	0.478723	1.32604	3.29892	3.82286	1.95418	0.511182	6.70479	0.749429	0.493973	0.384758	0.0925868
20431	0.116593	0.174348	4.02424	1.93013	0.479627	1.34269	3.30714	3.95162	1.89264	0.478955	6.5285	0.751659	0.479294	0.391045	0.0926937
20432	0.035721	0.12991	3.94311	1.92962	0.489364	1.17739	3.32247	3.74356	1.84578	0.493055	7.8199	0.6517	0.491162	0.403079	0.0930774
20433	0.0360995	0.0722024	3.95432	1.91267	0.483692	1.30312	3.33268	3.61064	1.68997	0.468052	6.6221	0.802671	0.476228	0.42465	0.0930642
20434	-0.0399535	0.0723328	3.87145	1.97055	0.508995	1.40938	3.35786	3.86959	1.75066	0.452415	5.13891	1.05029	0.480712	0.420483	0.0934484
20435	0.0520683	0.0890307	4.03343	1.85458	0.459803	1.31841	3.31901	4.00463	1.86861	0.466613	6.5058	0.801806	0.463196	0.412068	0.0936574
20436	-0.00176582	0.0924665	3.91619	1.82225	0.465311	1.39047	3.35425	3.95838	1.95558	0.494035	5.48886	0.969166	0.47975	0.413287	0.0942756
20437	-0.00727208	-0.0122322	3.86507	1.87154	0.484219	1.38907	3.37371	3.90226	1.90859	0.489098	5.87998	0.974886	0.48667	0.431365	0.094758
20438	-0.00966954	-0.0371368	4.19942	1.90693	0.454094	1.35887	3.36659	3.8965	1.91703	0.491987	6.18582	0.936443	0.472332	0.431106	0.0948076
20439	-0.0861529	-0.0674812	3.98738	2.03617	0.510654	1.29972	3.30815	4.58081	1.95064	0.425829	5.93291	0.960315	0.465304	0.416874	0.0945931
20440	0.036239	-0.0458038	4.07957	2.08105	0.510116	1.29625	3.31749	3.95772	2.03777	0.514886	7.12488	0.79382	0.512464	0.407208	0.094514
20441	-0.0292934	0.00433411	4.36568	2.00225	0.458634	1.28253	3.2816	3.79997	1.96941	0.51827	6.24129	0.860439	0.486386	0.403487	0.0952283
20442	-0.0225543	0.020701	3.70141	1.87481	0.506512	1.17223	3.25929	3.72546	1.89398	0.508389	7.3474	0.713754	0.507453	0.41041	0.0952689
20443	-0.0334687	0.00423224	3.81283	1.89462	0.496908	1.30099	3.29362	4.05343	1.87438	0.462417	6.07603	0.890391	0.479135	0.417949	0.0957025
20444	-0.0481832	-0.0674488	3.75534	1.91722	0.510533	1.24535	3.29034	3.8446	1.93734	0.503911	6.7383	0.836615	0.507183	0.422508	0.0959985
20445	-0.0228199	-0.00358713	3.97473	1.81719	0.457185	1.28088	3.2909	3.93918	1.87492	0.475968	6.38584	0.849819	0.466534	0.423727	0.0963858
20446	-0.0532194	-0.0275062	3.90332	1.84274	0.472095	1.18088	3.19164	4.02225	1.93548	0.481194	6.80428	0.761501	0.476713	0.406896	0.0963551
20447	0.0294045	0.0431495	3.95937	1.88148	0.475197	1.18243	3.14518	4.15438	1.94413	0.467972	7.23797	0.664729	0.471497	0.38618	0.0967057
20448	-0.0371124	-0.0993224	4.1869	2.1371	0.510425	1.16125	3.12615	3.74692	1.98995	0.53109	7.24459	0.718032	0.520184	0.386702	0.0969364
20449	-0.138763	-0.141963	3.99433	2.17812	0.545303	1.04462	3.07482	3.96283	1.97051	0.497248	7.3891	0.7002	0.521371	0.384188	0.0975296
20450	-0.15661	-0.0992585	3.9048	2.02729	0.519179	1.04476	3.11054	3.86588	1.77531	0.459225	7.1384	0.721649	0.489352	0.403943	0.0978922
20451	-0.0057096	-0.0586102	3.91249	1.92656	0.492413	1.19021	3.14451	3.9182	2.09149	0.533789	7.17372	0.715106	0.513116	0.389755	0.0980059
20452	-0.0587796	-0.0782452	3.75994	1.88193	0.500521	1.13955	3.17997	4.07017	2.13404	0.524312	7.39274	0.717997	0.512888	0.398022	0.0981278
20453	-0.0330252	-0.0882519	4.0168	1.83179	0.456032	1.08953	3.17552	3.8201	1.95998	0.513072	8.45321	0.630069	0.483836	0.412689	0.0984564
20454	-0.0954391	-0.0726313	3.91072	1.95185	0.499101	1.2125	3.20902	3.92736	1.846	0.470036	6.2952	0.855355	0.484537	0.414952	0.0986698
20455	-0.122521	-0.121469	4.19153	1.92075	0.458245	1.24502	3.21088	3.99166	1.92803	0.483015	5.93769	0.93509	0.470327	0.419167	0.098346
20456	-0.071901	-0.0968369	4.37593	2.06744	0.472458	1.1906	3.20164	3.9323	1.7592	0.447372	6.8259	0.79696	0.460585	0.415601	0.0987048
20457	-0.175382	-0.0501805	3.79689	1.76596	0.465106	1.1718	3.22602	4.11218	1.9782	0.481058	5.91413	0.907447	0.4734	0.417604	0.0989407
20458	-0.0986986	-0.145222	3.87595	1.88486	0.486295	1.27818	3.17573	3.82139	1.8507	0.4843	5.81746	0.947898	0.485305	0.424778	0.0988066
20459	-0.197763	-0.234064	3.71247	1.85952	0.500885	1.11404	3.18338	4.06012	1.86195	0.458595	6.78681	0.860413	0.478794	0.439762	0.0988861
20460	-0.127134	-0.112142	3.87569	1.79905	0.464189	1.05723	3.19331	3.83056	1.85059	0.483113	7.78915	0.70136	0.473595	0.42818	0.099083
20461	-2.38273e-05	-0.0613856	3.65642	1.78622	0.488516	1.27406	3.16996	3.74487	1.86601	0.498285	6.43235	0.811645	0.493459	0.416942	0.0993687
20462	-0.264433	-0.138232	3.79269	1.85625	0.489428	1.08571	3.15632	3.67633	1.71448	0.466355	5.95429	0.911448	0.478071	0.431919	0.0995082
20463	-0.202732	-0.188873	3.78025	1.83359	0.485043	1.24632	3.23561	3.59158	1.76338	0.490978	5.585	1.04987	0.487935	0.449179	0.0991698
20464	-0.267446	-0.254059	4.24857	1.93555	0.455577	1.25387	3.28797	3.7097	1.76539	0.475885	5.42085	1.15719	0.465044	0.458848	0.0994116
20465	-0.24906	-0.268186	3.6272	1.88391	0.519385	1.22818	3.22953	3.57215	1.79377	0.502155	5.60614	1.09112	0.510836	0.454164	0.099762
20466	-0.240794	-0.215755	3.97607	1.84463	0.463933	1.22992	3.2897	3.47514	1.72432	0.496189	5.68113	1.08149	0.478976	0.462713	0.0999305
20467	-0.169307	-0.19626	4.13419	1.96071	0.474267	1.30289	3.22589	3.93726	1.86737	0.474282	5.40342	1.08368	0.474274	0.433492	0.10046
20468	-0.146874	-0.192512	4.08117	1.9829	0.485866	1.16457	3.19033	3.96682	1.98285	0.499859	6.65372	0.859939	0.492763	0.419199	0.101
20469	-0.113576	-0.150993	4.0978	1.96749	0.480133	1.13411	3.12317	4.01614	1.99048	0.49562	6.88636	0.778361	0.487799	0.403862	0.101086
20470	-0.118439	-0.165621	3.8071	1.72772	0.453816	1.05474	3.14792	4.28223	2.03114	0.474319	7.97739	0.688169	0.46467	0.422169	0.101303
20471	-0.109257	-0.106011	3.86413	1.81805	0.470494	1.0737	3.10283	3.95811	1.87054	0.472583	7.3579	0.699699	0.471551	0.411148	0.101751
20472	-0.20625	-0.189291	3.99624	1.84762	0.462338	1.03712	3.06494	4.03752	1.97042	0.488028	6.85008	0.772983	0.475249	0.409599	0.102163
20473	-0.323126	-0.371636	3.80607	1.87211	0.491876	0.770121	2.77934	3.87418	1.74564	0.450583	8.30717	0.597595	0.471047	0.407038	0.102394
20474	-0.470617	-0.404406	3.98576	2.0383	0.511394	0.747333	2.77687	3.82744	1.79965	0.470197	6.8225	0.7417	0.491213	0.397434	0.102427
20475	-0.393095	-0.419119	3.74773	1.83683	0.490118	0.759403	2.77093	3.7397	1.87296	0.500831	7.66151	0.664126	0.495469	0.406924	0.102818
20476	-0.383215	-0.39343	3.54471	1.90323	0.536922	0.905621	2.83738	3.67211	1.89844	0.516988	6.28389	0.830549	0.526779	0.407148	0.102862
20477	-0.353609	-0.408064	4.00649	1.95257	0.487351	0.786594	2.84597	3.75602	1.91573	0.510043	8.14482	0.650031	0.498331	0.406413	0.103037
20478	-0.373691	-0.37936	4.19737	1.9281	0.459359	0.854411	2.86448	4.00618	1.93034	0.48184	6.97671	0.754117	0.470338	0.405515	0.103727
20479	-0.40796	-0.37323	3.91825	1.93312	0.493362	0.879684	2.86986	3.89891	2.01865	0.517748	6.34344	0.829014	0.505525	0.399654	0.104018
20480	-0.307549	-0.382155	3.80636	1.95494	0.513597	0.849085	2.89452	3.95937	1.86457	0.470924	8.02552	0.668902	0.49184	0.412835	0.104729
20481	-0.322446	-0.337013	4.11405	1.9438	0.472479	0.810678	2.84489	3.91519	1.98768	0.507686	7.88529	0.641986	0.489646	0.391776	0.10483
20482	-0.299545	-0.282844	3.92921	1.92427	0.489733	0.734514	2.77615	3.83853	1.88857	0.492003	8.75118	0.534639	0.490855	0.380366	0.105043
20483	-0.241564	-0.300781	4.13232	1.98348	0.479992	0.705056	2.72213	3.79085	1.76586	0.465822	10.1977	0.448045	0.473212	0.378733	0.105312
20484	-0.395354	-0.31041	3.67746	1.83202	0.498176	0.629407	2.67708	3.79381	1.73438	0.457159	8.49902	0.525067	0.477349	0.384976	0.105356
20485	-0.327948	-0.300594	3.6501	1.81645	0.497643	0.844547	2.71975	4.12991	2.06255	0.499417	6.63575	0.687373	0.498585	0.37037	0.105504
20486	-0.377808	-0.295824	4.04022	1.91132	0.473074	0.705927	2.73648	3.72246	1.91808	0.515272	7.82887	0.587241	0.493309	0.375227	0.105766
20487	-0.244198	-0.293325	3.91618	1.77642	0.453611	0.702521	2.70175	3.92319	1.89006	0.481765	10.0086	0.448139	0.467701	0.379637	0.105842
20488	-0.256764	-0.301994	3.59181	1.74827	0.486738	0.734019	2.76628	4.09566	1.97339	0.481824	9.59028	0.490826	0.48412	0.387524	0.106057
20489	-0.296875	-0.289088	3.53925	1.8594	0.525365	0.677481	2.70276	4.13216	1.98247	0.479766	9.42853	0.474685	0.500803	0.368195	0.106166
20490	-0.22547	-0.248424	3.76534	1.81372	0.481687	0.6256	2.69794	4.07846	1.94769	0.477556	11.9851	0.36216	0.479539	0.365994	0.106275
20491	-0.139792	-0.223461	3.74487	1.74157	0.465056	0.672322	2.69167	3.93189	1.93757	0.492784	12.8849	0.329764	0.479258	0.366179	0.106485
20492	-0.199823	-0.241439	4.18469	1.84371	0.440584	0.77265	2.68523	3.82794	1.91766	0.500965	9.05715	0.472851	0.46943	0.362888	0.106541
20493	-0.338667	-0.361413	3.64387	1.84118	0.505281	0.668023	2.65159	4.33108	1.95054	0.450359	8.95795	0.506713	0.475454	0.374553	0.106584
20494	-0.430498	-0.44594	3.65979	1.73545	0.474193	0.669549	2.66739	3.88017	1.80685	0.465664	8.00991	0.605052	0.469804	0.406323	0.106687
20495	-0.469569	-0.395187	3.78725	1.77075	0.467556	0.715234	2.65716	3.9748	1.90012	0.47804	6.63707	0.70188	0.472925	0.388316	0.106538
20496	-0.466044	-0.404375	4.01036	1.94078	0.483941	0.669681	2.65211	4.02214	2.00291	0.497971	7.24267	0.644936	0.490966	0.372063	0.106792
20497	-0.382776	-0.417224	3.91914	2.01954	0.515302	0.717333	2.68852	3.98449	1.89108	0.474609	7.97005	0.60512	0.494787	0.381549	0.106687
20498	-0.433174	-0.438749	3.35444	1.77848	0.530186	0.618191	2.66031	4.05387	1.97114	0.486237	8.68864	0.552684	0.506137	0.39049	0.107253
20499	-0.369484	-0.434184	4.02139	1.94766	0.484324	0.500498	2.56929	3.95657	1.95904	0.495137	11.9186	0.378434	0.489687	0.366108	0.107601
20500	-0.401927	-0.392047	3.78589	1.81164	0.478524	0.621948	2.61259	4.15385	1.99968	0.481403	8.6117	0.52416	0.48003	0.372044	0.107898
