cycle	Zbar1	Gbar1	VP1	VG1	h21	Zbar2	Gbar2	VP2	VG2	h22	h2b	h2b_denom	h2w	Qst	Fst
20000	-0.302422	-0.264831	4.04749	1.85205	0.457579	-2.34993	-0.322685	3.69737	1.80662	0.488622	0.000798399	2.09614	0.472399	0.000228774	0.000383863
20001	-0.23908	-0.278279	3.85473	1.9348	0.501929	-2.29721	-0.256539	3.77187	1.69359	0.449005	0.000111581	2.11795	0.475755	3.25811e-05	0.000641743
20002	-0.353289	-0.285092	4.01248	2.05308	0.511674	-2.18993	-0.178428	3.78626	1.66462	0.439646	0.00337275	1.68662	0.476705	0.000764862	0.000871326
20003	-0.368903	-0.32243	3.68755	1.91313	0.518809	-2.06262	-0.110392	3.95325	1.79748	0.454683	0.0156728	1.43433	0.485631	0.00302151	0.00116098
20004	-0.335746	-0.327495	3.87504	1.94503	0.501937	-2.0304	-0.0596545	3.80658	1.73326	0.455331	0.0249798	1.43593	0.478842	0.00485458	0.00142917
20005	-0.280845	-0.305438	3.98565	1.94558	0.488148	-2.05154	0.0299148	3.82857	1.76032	0.459785	0.0358687	1.56768	0.474252	0.00753325	0.00162238
20006	-0.256147	-0.31219	4.07373	1.99067	0.48866	-1.96125	0.0824206	3.5891	1.66321	0.463406	0.0535593	1.45369	0.476831	0.0105472	0.00190413
20007	-0.346035	-0.380136	4.0743	1.94043	0.47626	-1.87104	0.109745	3.59319	1.75379	0.488087	0.103191	1.16281	0.481803	0.0159888	0.00210611
20008	-0.339158	-0.429462	3.66197	1.84638	0.504202	-1.83281	0.126472	3.77858	1.78172	0.471533	0.138532	1.11549	0.487612	0.0208626	0.002397
20009	-0.39802	-0.366248	3.53372	1.78211	0.504314	-1.88702	0.167778	3.55383	1.72916	0.486561	0.128628	1.10856	0.495413	0.0199106	0.00265276
20010	-0.445399	-0.432527	3.69406	1.91868	0.519398	-1.72829	0.21057	3.97827	1.79071	0.450123	0.251291	0.8229	0.483477	0.0271307	0.0028637
20011	-0.380411	-0.411926	3.78757	1.86705	0.492942	-1.80508	0.190511	4.10434	1.78922	0.435935	0.178812	1.01484	0.463294	0.0242265	0.00319631
20012	-0.393488	-0.356538	3.78418	1.78088	0.470613	-1.64701	0.253562	3.73294	1.79898	0.48192	0.236886	0.785657	0.476228	0.025348	0.00342913
20013	-0.308205	-0.311813	3.87391	1.84292	0.475726	-1.59742	0.349373	3.75285	1.84074	0.490492	0.263025	0.831037	0.482992	0.0288285	0.00369995
20014	-0.380042	-0.310238	3.4735	1.74666	0.502852	-1.54389	0.486832	3.88896	1.91676	0.492873	0.469026	0.677277	0.497581	0.0415741	0.00403588
20015	-0.368355	-0.312877	3.74334	1.81615	0.485167	-1.56583	0.515767	4.01926	1.9832	0.493425	0.478857	0.716968	0.489443	0.0432496	0.00423548
20016	-0.358281	-0.350241	3.93567	1.78864	0.45447	-1.45871	0.576406	3.91898	1.90286	0.485551	0.709091	0.605476	0.469978	0.0549822	0.00438383
20017	-0.313814	-0.328047	3.81593	1.92809	0.505273	-1.31944	0.62576	4.09726	1.96944	0.480673	0.899594	0.505643	0.492536	0.0551627	0.00463059
20018	-0.349195	-0.337278	3.84344	1.82914	0.475913	-1.34726	0.700903	4.36478	2.06784	0.473756	1.082	0.498067	0.474766	0.064703	0.00505079
20019	-0.243438	-0.263889	3.96747	1.89588	0.477857	-1.20547	0.764589	3.84436	1.94606	0.506211	1.1429	0.462756	0.491811	0.064428	0.00532609
20020	-0.305207	-0.293234	3.94436	1.789	0.453559	-1.18414	0.806068	4.10037	1.94175	0.473555	1.5643	0.386263	0.463751	0.0749481	0.00561612
20021	-0.304282	-0.286002	3.81311	1.72069	0.451257	-1.1936	0.811294	4.09794	1.90579	0.46506	1.52242	0.395443	0.458407	0.0766784	0.00586898
20022	-0.308966	-0.25872	3.84204	1.73681	0.452053	-1.09565	0.899659	3.81308	1.88502	0.494355	2.16818	0.309439	0.473124	0.0848091	0.00626821
20023	-0.241341	-0.302755	4.05462	1.84915	0.456061	-1.08227	0.893063	3.97027	1.82932	0.460753	2.02214	0.353582	0.458382	0.0886179	0.00661268
20024	-0.318156	-0.369956	3.69742	1.88968	0.51108	-1.25228	0.77274	4.09989	1.98588	0.484373	1.49643	0.436291	0.497037	0.0777225	0.00676601
20025	-0.409958	-0.417395	3.9315	2.01907	0.513561	-1.25747	0.748188	3.64575	1.85921	0.509967	1.89143	0.359142	0.511832	0.0805615	0.0069231
20026	-0.460242	-0.429271	4.12142	1.89675	0.460217	-1.1663	0.826132	3.90948	1.79979	0.460365	3.16142	0.249261	0.460289	0.0963655	0.00723056
20027	-0.48497	-0.479582	3.69401	1.81707	0.491897	-1.09303	0.858302	3.72507	1.86259	0.500014	4.84102	0.184871	0.495972	0.108473	0.00750795
20028	-0.479647	-0.473899	3.99087	1.90877	0.478285	-1.0072	0.966977	3.74465	1.80119	0.481005	7.45966	0.139157	0.479602	0.122785	0.00784746
20029	-0.556748	-0.512668	3.79557	1.80652	0.475957	-1.01552	1.02574	3.84805	1.76138	0.457733	11.2445	0.105238	0.466782	0.142305	0.00803645
20030	-0.445179	-0.50607	4.16632	1.84988	0.444007	-0.905743	1.09658	3.48402	1.70115	0.488272	12.1087	0.10606	0.464166	0.153201	0.00822698
20031	-0.627933	-0.555941	3.94934	1.75962	0.445547	-0.817748	1.17026	3.71722	1.77226	0.476772	82.7032	0.0180149	0.460687	0.174254	0.00838402
20032	-0.56208	-0.56226	3.82822	1.87188	0.488967	-0.797926	1.25327	4.01032	1.93392	0.482237	59.2585	0.0278117	0.485524	0.178058	0.00865541
20033	-0.523187	-0.550603	3.96504	1.96416	0.49537	-0.67192	1.29972	3.99104	1.94422	0.487145	154.768	0.0110607	0.491244	0.179727	0.00876143
20034	-0.409602	-0.46554	3.84026	1.84204	0.479667	-0.69985	1.32704	4.02631	1.88528	0.46824	38.143	0.0421222	0.473818	0.177383	0.00894283
20035	-0.56518	-0.534771	3.87629	1.80449	0.46552	-0.694496	1.3184	4.02503	1.93379	0.480442	205.366	0.00836124	0.473122	0.186847	0.00915917
20036	-0.516209	-0.551015	3.99039	1.94423	0.487228	-0.785937	1.24572	4.1226	2.02112	0.490254	44.3727	0.0363767	0.488765	0.169181	0.0093316
20037	-0.5378	-0.537405	3.77396	1.9115	0.506498	-0.760784	1.23597	3.8907	1.93037	0.496151	63.2487	0.0248611	0.501245	0.16995	0.00967951
20038	-0.543495	-0.569375	3.7816	1.81568	0.480136	-0.745174	1.25052	4.12379	2.0124	0.487999	81.4274	0.0203372	0.484237	0.177905	0.0100634
20039	-0.582673	-0.639878	3.77102	1.79252	0.475341	-0.709022	1.24578	3.80758	1.83852	0.482856	222.733	0.00798202	0.479117	0.196746	0.0102962
20040	-0.671583	-0.647701	3.93452	1.87042	0.475387	-0.610462	1.30812	3.41371	1.68169	0.492628	1023.94	0.00186789	0.483397	0.212199	0.0105371
20041	-0.626407	-0.626582	3.56311	1.87341	0.525778	-0.732725	1.33555	3.66838	1.78956	0.487833	340.599	0.00565176	0.506529	0.208168	0.0108776
20042	-0.601413	-0.585997	3.90565	1.90193	0.486968	-0.730937	1.30687	3.91953	1.78971	0.456614	213.573	0.00838813	0.471764	0.19534	0.011105
20043	-0.557037	-0.552582	3.688	1.86268	0.505064	-0.542042	1.36464	4.07308	1.85518	0.455474	16348.1	0.00011242	0.479039	0.198262	0.0114409
20044	-0.648826	-0.569341	3.58436	1.78796	0.498823	-0.656646	1.39359	3.74615	1.7978	0.479907	63008.0	3.05761e-05	0.489156	0.211836	0.0119824
20045	-0.640203	-0.536346	3.8192	2.03948	0.534006	-0.639782	1.44344	3.86981	1.90884	0.493264	2.21058e+07	8.86547e-08	0.513501	0.198913	0.0121999
20046	-0.582896	-0.604201	3.85563	1.94935	0.505587	-0.675542	1.40411	3.6841	1.90643	0.517475	469.901	0.00429166	0.511396	0.207382	0.0125643
20047	-0.625647	-0.593575	4.11856	1.94036	0.471125	-0.566302	1.47562	3.62882	1.79814	0.495515	1215.7	0.00176096	0.482549	0.222673	0.0127558
20048	-0.501625	-0.573941	3.8673	1.94303	0.502426	-0.48142	1.48701	3.61051	1.78453	0.49426	10404.2	0.000204126	0.498483	0.221799	0.0129257
20049	-0.588851	-0.648308	4.18525	1.95598	0.46735	-0.509051	1.53465	3.91399	1.87815	0.479857	748.328	0.00318397	0.473394	0.237149	0.0131345
20050	-0.613027	-0.590992	3.93222	1.94114	0.49365	-0.489882	1.56101	3.54752	1.72449	0.486111	305.387	0.00758235	0.490075	0.240124	0.0134416
20051	-0.566881	-0.580297	3.98129	1.8758	0.471154	-0.477456	1.55616	3.58033	1.82231	0.508978	570.788	0.00399838	0.489064	0.235895	0.0135862
20052	-0.598841	-0.6149	3.76114	1.84104	0.489491	-0.529348	1.532	3.83916	1.75547	0.457252	954.417	0.00241465	0.473206	0.242741	0.013918
20053	-0.554237	-0.581981	3.72035	1.79715	0.483059	-0.370505	1.53663	3.70871	1.7874	0.481947	132.963	0.0168787	0.482504	0.238502	0.0142305
20054	-0.540035	-0.562997	3.61201	1.81439	0.502322	-0.430546	1.60947	3.73	1.88179	0.504502	393.705	0.00599384	0.503429	0.242069	0.0142814
20055	-0.699544	-0.647268	4.13739	1.7578	0.424857	-0.282509	1.69347	4.11006	1.96019	0.476924	31.5037	0.0869592	0.450804	0.269327	0.0144186
20056	-0.615269	-0.627335	3.7246	1.85732	0.498661	-0.25197	1.75133	4.04425	2.00401	0.49552	42.8685	0.0659932	0.497026	0.26821	0.0146693
20057	-0.623813	-0.626668	3.77886	1.7576	0.465114	-0.256071	1.77697	3.63294	1.75545	0.483203	42.7221	0.0676171	0.473981	0.291459	0.0150675
20058	-0.592006	-0.595862	3.83545	1.79377	0.46768	-0.23055	1.7641	3.82776	1.73013	0.451995	42.6283	0.0653252	0.459845	0.283316	0.015295
20059	-0.579774	-0.552375	4.03279	1.85169	0.459158	-0.204613	1.80711	4.1503	1.88751	0.454789	39.5548	0.0703728	0.456942	0.271351	0.0155101
20060	-0.501316	-0.549126	3.9069	1.90995	0.488866	-0.160082	1.82837	3.63987	1.78847	0.491354	48.544	0.0582203	0.490066	0.276557	0.0157393
20061	-0.478282	-0.507205	4.07754	1.98303	0.48633	-0.162119	1.85189	3.87982	1.84527	0.475607	55.676	0.0499796	0.481102	0.266655	0.0160134
20062	-0.495604	-0.470856	3.88109	1.84237	0.474705	-0.154736	1.84416	3.86131	1.82856	0.473559	46.1249	0.0580954	0.474134	0.267487	0.0160768
20063	-0.494113	-0.464087	3.61828	1.77668	0.491028	-0.104221	1.91202	3.77851	1.94384	0.514447	37.1401	0.076008	0.502991	0.275134	0.0167083
20064	-0.476745	-0.464982	3.98789	1.94185	0.486938	0.0374272	2.00662	3.65386	1.54511	0.42287	23.1067	0.132187	0.456304	0.304683	0.0169949
20065	-0.533374	-0.471141	4.11256	1.8227	0.443202	-0.036901	2.01929	3.72572	1.71439	0.460149	25.1628	0.123243	0.451258	0.304876	0.0172046
20066	-0.413368	-0.390756	3.71136	1.70414	0.459169	0.08745	2.05797	3.74035	1.72404	0.46093	23.9068	0.125409	0.460053	0.304346	0.0175793
20067	-0.435573	-0.405053	4.04161	1.87005	0.462698	0.190972	2.17475	3.92624	1.83068	0.466267	16.9539	0.196279	0.464457	0.310262	0.0177483
20068	-0.479725	-0.44608	4.09617	1.90181	0.464289	0.0759319	2.13944	3.70593	1.81599	0.490024	21.6512	0.154377	0.476513	0.310224	0.0179848
20069	-0.367354	-0.395733	3.84564	1.8279	0.475318	0.153712	2.11597	3.67037	1.81697	0.495036	23.2354	0.135755	0.484947	0.302126	0.0184069
20070	-0.430127	-0.407338	4.19424	1.85383	0.441995	0.209604	2.15524	3.96606	1.69476	0.427315	16.0457	0.204628	0.43486	0.31641	0.018717
20071	-0.489315	-0.422139	3.8416	1.80878	0.470839	0.179195	2.18373	4.10138	1.74457	0.425363	15.1946	0.223453	0.447357	0.323409	0.0187441
20072	-0.430604	-0.389873	4.02147	1.94762	0.484306	0.171788	2.19129	3.86441	1.80833	0.467945	18.3599	0.181438	0.476289	0.307324	0.0189812
20073	-0.316814	-0.359401	3.57673	1.81616	0.507771	0.229657	2.23323	3.48585	1.83452	0.526277	22.5086	0.149315	0.516905	0.315321	0.0192758
20074	-0.366888	-0.403782	3.83593	1.81121	0.472171	0.224581	2.26196	3.7283	1.82604	0.489779	20.3129	0.174918	0.48085	0.328262	0.019589
20075	-0.399876	-0.392436	3.80378	1.79609	0.472185	0.292453	2.24421	3.66358	1.77624	0.484838	14.5037	0.23966	0.478393	0.327394	0.0199698
20076	-0.435739	-0.400028	3.91122	1.85558	0.474425	0.25064	2.27212	3.99459	1.84623	0.462181	15.1563	0.235558	0.468239	0.325448	0.0202537
20077	-0.319951	-0.379076	3.8633	1.84238	0.476893	0.233675	2.26561	3.5221	1.79866	0.510679	22.8199	0.153251	0.493005	0.324545	0.0208094
20078	-0.397759	-0.403918	3.69859	1.90252	0.514391	0.220275	2.23377	3.7976	1.8745	0.493601	18.2148	0.190983	0.503859	0.315416	0.0212835
20079	-0.364498	-0.401959	3.94337	1.8637	0.472616	0.267885	2.29291	3.53686	1.74446	0.493222	18.16	0.199954	0.482359	0.334859	0.0216462
20080	-0.404489	-0.421555	3.86802	1.87981	0.485987	0.272543	2.30968	3.85428	1.95341	0.506816	16.2742	0.229186	0.496383	0.327395	0.0219285
20081	-0.464582	-0.43457	3.79036	1.80686	0.476698	0.297492	2.37362	3.99765	1.95798	0.489783	13.5787	0.290378	0.483414	0.343797	0.0220439
20082	-0.513625	-0.488599	4.24528	1.76474	0.415696	0.310244	2.33324	3.78742	1.97966	0.522694	11.7314	0.33938	0.466145	0.347221	0.0224683
20083	-0.492011	-0.479536	3.72536	1.87358	0.502927	0.283608	2.29598	4.05392	1.99202	0.491381	12.8053	0.300792	0.49691	0.332647	0.0225555
20084	-0.460952	-0.399172	3.84145	1.94025	0.505083	0.376424	2.34527	4.1673	2.07697	0.498396	10.7416	0.350599	0.501603	0.319249	0.0230031
20085	-0.386966	-0.434334	3.74086	1.81	0.483846	0.495383	2.38153	4.29056	2.04481	0.476583	10.1846	0.38927	0.479966	0.339713	0.0230106
20086	-0.517254	-0.487155	3.88249	1.87201	0.482166	0.341642	2.41573	3.79331	1.92989	0.508762	11.4229	0.368852	0.49531	0.356662	0.0233668
20087	-0.510035	-0.458905	3.99781	1.85022	0.46281	0.54069	2.49042	3.77954	1.80781	0.478315	7.87895	0.552011	0.470345	0.372954	0.0238287
20088	-0.466583	-0.453537	3.75087	1.84904	0.492962	0.49589	2.49184	3.95741	1.67619	0.423557	9.36489	0.463178	0.45733	0.381009	0.0244657
20089	-0.3725	-0.405611	4.20272	1.90124	0.452383	0.446901	2.44345	3.76728	1.79302	0.475946	12.0896	0.33571	0.463521	0.354665	0.0247602
20090	-0.416535	-0.433639	3.87436	1.7347	0.447738	0.443184	2.47376	3.73988	1.78292	0.476732	11.4366	0.369558	0.461979	0.375413	0.02466
20091	-0.375831	-0.402165	3.6321	1.72342	0.474496	0.444217	2.4814	3.93358	1.78847	0.454666	12.3647	0.33624	0.464186	0.371944	0.0250609
20092	-0.47397	-0.425197	3.96669	1.82431	0.459907	0.466241	2.53962	3.59987	1.77271	0.492437	9.94364	0.441999	0.475383	0.37936	0.0252361
20093	-0.393745	-0.390925	3.81302	1.72414	0.452171	0.565243	2.59256	3.59589	1.73919	0.48366	9.67876	0.459829	0.467454	0.391302	0.025462
20094	-0.47369	-0.429661	3.64339	1.74755	0.47965	0.534982	2.50399	3.93635	1.84773	0.469401	8.45898	0.50871	0.474327	0.37451	0.0259202
20095	-0.433783	-0.428222	3.66405	1.71106	0.466985	0.569456	2.5472	3.88273	1.87846	0.4838	8.79607	0.503244	0.475636	0.381534	0.0259937
20096	-0.468544	-0.451831	3.73888	1.83669	0.491241	0.445213	2.50327	3.9844	1.83447	0.460413	10.4588	0.417476	0.475337	0.37303	0.0260895
20097	-0.45994	-0.41588	3.90885	1.84171	0.471165	0.587154	2.50657	3.60176	1.79901	0.49948	7.78974	0.548203	0.484744	0.369787	0.0265828
20098	-0.449467	-0.425198	3.914	1.8555	0.474067	0.498344	2.52975	3.65422	1.8955	0.518716	9.7198	0.449173	0.495625	0.36799	0.0266643
20099	-0.542745	-0.512472	3.9942	2.02111	0.50601	0.543738	2.56876	3.59688	1.7517	0.487004	8.04271	0.590223	0.497004	0.386285	0.0267395
20100	-0.592594	-0.595807	4.06029	1.97969	0.487575	0.563336	2.58613	3.89807	1.77632	0.455691	7.57741	0.668087	0.471958	0.402714	0.0270638
20101	-0.515339	-0.528664	4.04523	2.03543	0.503168	0.676526	2.6239	3.60545	1.69527	0.470197	6.99637	0.710271	0.48763	0.399881	0.027123
20102	-0.46966	-0.433902	3.88006	2.0566	0.530042	0.575017	2.61873	3.89214	1.77835	0.456909	8.53856	0.545675	0.493418	0.378024	0.0274585
20103	-0.404703	-0.40653	3.80057	1.88752	0.496642	0.516083	2.62425	3.87764	1.93097	0.497976	10.834	0.423924	0.497315	0.37566	0.0277974
20104	-0.425383	-0.429246	3.8497	1.86829	0.485309	0.616162	2.63678	3.8956	1.88796	0.484638	8.66557	0.542408	0.484971	0.384984	0.0280703
20105	-0.380585	-0.394883	3.65499	1.86468	0.510173	0.719996	2.68241	3.93151	1.95308	0.496776	7.81798	0.605639	0.50323	0.382877	0.0285704
20106	-0.424891	-0.376392	3.96378	1.81117	0.45693	0.555228	2.58754	3.7017	1.73626	0.469045	9.14492	0.480317	0.462781	0.382492	0.0286253
20107	-0.321525	-0.324773	3.80218	1.93011	0.507633	0.461552	2.58167	3.63403	1.82817	0.503071	13.7757	0.306605	0.505403	0.359877	0.0286691
20108	-0.348903	-0.391293	3.654	1.73285	0.474233	0.625291	2.61145	3.813	1.87375	0.491412	9.50047	0.474526	0.483005	0.384732	0.0288651
20109	-0.358025	-0.348857	3.88971	1.87529	0.482116	0.623921	2.66728	3.50629	1.7802	0.507717	9.43467	0.482109	0.494253	0.383653	0.0294304
20110	-0.379971	-0.395185	3.89448	1.91558	0.491871	0.704156	2.70225	3.87199	1.84643	0.476869	8.16287	0.587666	0.484392	0.389455	0.0297797
20111	-0.364018	-0.41574	3.80258	1.90758	0.501655	0.676228	2.66648	3.72662	1.79152	0.480737	8.77919	0.541056	0.491302	0.391125	0.0302504
20112	-0.579965	-0.49572	4.04644	1.89004	0.467086	0.662796	2.62759	3.77308	1.72565	0.457358	6.31617	0.772228	0.462392	0.402926	0.0303531
20113	-0.466502	-0.490078	3.83345	1.86149	0.485591	0.504334	2.52761	3.48076	1.78159	0.511841	9.66176	0.471261	0.498083	0.384701	0.0305995
20114	-0.381357	-0.441136	3.90081	1.86931	0.479211	0.557439	2.61334	3.7921	1.84321	0.486067	10.586	0.440669	0.48259	0.385969	0.0305797
20115	-0.404458	-0.410129	3.74959	1.74399	0.465113	0.550944	2.54424	4.18392	1.92861	0.460959	9.56218	0.456397	0.462922	0.372823	0.0308845
20116	-0.429639	-0.379629	3.88125	1.86119	0.479534	0.522813	2.52026	4.01287	1.89049	0.471107	9.26996	0.453582	0.47525	0.359243	0.0308385
20117	-0.477221	-0.447854	3.69553	1.88022	0.508783	0.481309	2.54045	3.91903	1.87267	0.47784	9.7194	0.459389	0.492857	0.373108	0.0308585
20118	-0.516909	-0.486774	4.05349	1.91602	0.472683	0.575671	2.58163	3.87396	1.8925	0.48852	7.88714	0.596866	0.480422	0.382083	0.0312662
20119	-0.527103	-0.463016	3.92164	1.96838	0.501929	0.550824	2.59569	4.02969	1.89274	0.469698	8.05188	0.580964	0.485595	0.377361	0.031566
20120	-0.455582	-0.480178	4.05173	1.95668	0.482924	0.59009	2.59056	3.83117	1.93045	0.50388	8.62372	0.546716	0.493109	0.377628	0.0319316
20121	-0.340771	-0.410631	4.13	1.87588	0.454209	0.563102	2.56368	4.07704	1.98497	0.486864	10.8283	0.408493	0.470431	0.364322	0.0321859
20122	-0.453858	-0.409603	4.02914	1.81793	0.451195	0.689905	2.62606	3.80602	1.93904	0.509467	7.04425	0.654098	0.479501	0.380236	0.0325797
20123	-0.501606	-0.411639	3.69402	1.78257	0.482555	0.652686	2.64843	4.12722	1.96119	0.475185	7.02801	0.666195	0.478666	0.384851	0.032965
20124	-0.496271	-0.470667	3.76299	1.74982	0.465008	0.588509	2.63837	4.02572	1.97557	0.490737	8.21427	0.588374	0.478307	0.393568	0.0330662
20125	-0.5458	-0.482285	3.72486	1.83596	0.492894	0.606382	2.63734	3.72519	1.79013	0.480547	7.33102	0.663761	0.48672	0.401667	0.0331912
20126	-0.438526	-0.450759	3.86735	1.84132	0.476119	0.688768	2.63169	3.81808	1.70304	0.446046	7.47682	0.635396	0.461179	0.401384	0.0335676
20127	-0.413794	-0.486659	3.85144	1.81301	0.470735	0.531248	2.63496	3.62546	1.60461	0.442596	10.9108	0.446552	0.457091	0.416287	0.0335988
20128	-0.445985	-0.467089	3.71545	1.74518	0.469709	0.610304	2.65098	3.65578	1.76462	0.482693	8.71373	0.557874	0.476149	0.409284	0.0339476
20129	-0.490529	-0.56334	3.85175	1.86374	0.483867	0.71783	2.63198	3.82706	1.72759	0.451415	6.99259	0.730065	0.467693	0.415582	0.0339741
20130	-0.574367	-0.570404	4.06751	1.86512	0.458541	0.589406	2.65509	3.7821	1.84506	0.48784	7.68166	0.677184	0.472658	0.412242	0.0345228
20131	-0.583663	-0.556172	3.80206	1.90575	0.501242	0.717047	2.67741	3.79963	1.76278	0.463934	6.18028	0.845923	0.482594	0.416198	0.0346965
20132	-0.469816	-0.510696	4.08827	1.96115	0.479703	0.721075	2.76408	3.69995	1.70872	0.461822	7.5617	0.709111	0.471208	0.422273	0.0348844
20133	-0.500195	-0.484297	3.80848	2.00709	0.527005	0.838867	2.82439	3.81209	1.87156	0.490953	6.10534	0.896543	0.508971	0.413824	0.0348945
20134	-0.541177	-0.511753	4.27038	2.00684	0.469943	0.835288	2.82093	4.05326	1.89657	0.467913	5.86217	0.947328	0.468954	0.415788	0.0350673
20135	-0.682572	-0.601842	3.91146	1.94781	0.497975	0.877261	2.81174	3.87379	2.01581	0.52037	4.78922	1.21654	0.509118	0.423743	0.0354204
20136	-0.654739	-0.618291	3.81517	1.90822	0.500167	0.936448	2.89539	3.89397	1.91319	0.49132	4.8762	1.26594	0.495699	0.446929	0.0356451
20137	-0.533586	-0.51683	4.14215	2.06602	0.498778	0.811156	2.86811	3.75097	1.94008	0.51722	6.33612	0.904165	0.507542	0.417039	0.0359802
20138	-0.475661	-0.491144	4.06085	1.9722	0.485663	0.873306	2.89546	3.83272	1.99157	0.519624	6.30271	0.909856	0.502153	0.419864	0.0361696
20139	-0.369377	-0.353027	3.84507	1.92827	0.501492	1.11088	3.05564	4.07141	2.09423	0.514375	5.3027	1.09558	0.508118	0.419444	0.0366201
20140	-0.349536	-0.313541	3.90428	2.02717	0.519218	1.11223	3.06824	4.10522	2.13129	0.519165	5.35222	1.06838	0.519191	0.407542	0.0367352
20141	-0.290613	-0.292931	4.06371	2.05434	0.505534	0.973258	3.02242	4.10313	2.07279	0.505174	6.88105	0.798686	0.505353	0.399812	0.0368189
20142	-0.145307	-0.157491	3.83746	2.07608	0.541003	1.01038	3.04581	4.1187	2.04878	0.497433	7.68265	0.667811	0.518448	0.383561	0.037173
20143	-0.237308	-0.225807	3.89558	1.86316	0.478276	1.10265	3.11308	3.78939	1.93543	0.510749	6.20894	0.897749	0.494288	0.423322	0.0373558
20144	-0.108474	-0.0966365	3.83978	1.89241	0.492844	1.19634	3.19203	4.03485	1.95357	0.484175	6.3525	0.851267	0.488402	0.412932	0.0377741
20145	-0.0947282	-0.11162	3.65043	1.80334	0.494009	1.22594	3.23298	4.2478	1.82907	0.430592	6.41356	0.872084	0.459902	0.435118	0.038353
20146	-0.129294	-0.0790236	3.96634	1.87218	0.472016	1.25125	3.23462	3.61637	1.71992	0.475594	5.76122	0.952945	0.473723	0.433292	0.0385833
20147	-0.0861179	-0.108493	4.12894	1.92812	0.466978	1.31369	3.27841	4.13106	1.80941	0.438001	5.8542	0.979732	0.452486	0.434285	0.0388576
20148	-0.099836	-0.159683	4.17269	1.88879	0.452655	1.19473	3.26016	3.71148	1.76214	0.47478	6.97855	0.837947	0.46307	0.444829	0.0391434
20149	-0.235015	-0.217745	3.82512	1.77803	0.464831	1.24854	3.25496	3.54451	1.8999	0.536011	5.47932	1.10047	0.499066	0.450593	0.0392732
20150	-0.168065	-0.163179	3.63362	1.81898	0.500598	1.27479	3.25178	4.09337	1.90436	0.465229	5.60178	1.04092	0.481861	0.439281	0.039307
20151	-0.151376	-0.1983	3.98577	1.89362	0.475096	1.31295	3.29641	3.91073	1.89104	0.483553	5.69566	1.07213	0.479284	0.446641	0.0395209
20152	-0.255149	-0.220583	3.85711	1.97657	0.512448	1.20927	3.27396	3.6461	1.84052	0.504792	5.69445	1.07226	0.508728	0.444511	0.0395497
20153	-0.23438	-0.212808	3.76455	1.81282	0.481549	1.26445	3.27487	3.72231	1.81975	0.488877	5.41465	1.12324	0.485192	0.4558	0.0398957
20154	-0.192132	-0.23427	3.48247	1.71996	0.49389	1.22684	3.26886	3.71072	1.74427	0.470063	6.09489	1.00674	0.481598	0.469794	0.0399153
20155	-0.177362	-0.16627	4.04676	1.90453	0.470631	1.32127	3.29245	3.75196	1.87165	0.498847	5.32653	1.12294	0.484206	0.442084	0.0401778
20156	-0.155117	-0.180469	3.90491	1.85032	0.473844	1.24309	3.26804	3.85288	1.90766	0.495125	6.08307	0.977486	0.484413	0.441818	0.0402964
20157	-0.216065	-0.224706	3.88589	1.96734	0.506277	1.27779	3.27856	4.15188	1.88298	0.453525	5.49959	1.1158	0.479028	0.443601	0.0404743
20158	-0.217376	-0.205221	3.65097	1.94434	0.532554	1.2667	3.31416	4.12868	1.89755	0.459602	5.62371	1.10123	0.493838	0.44641	0.0408097
20159	-0.221811	-0.195421	4.12912	1.90575	0.46154	1.37868	3.31425	3.80898	1.90659	0.500551	4.80868	1.28079	0.480259	0.446953	0.0413828
20160	-0.23281	-0.174268	4.1843	1.96668	0.470013	1.27298	3.21875	3.73312	1.89208	0.506836	5.0774	1.1337	0.487375	0.427343	0.0415688
20161	-0.114666	-0.119736	3.78741	1.9609	0.517741	1.14471	3.09819	3.84463	1.83162	0.47641	6.52895	0.793008	0.49692	0.405801	0.0416312
20162	-0.120272	-0.121165	3.89776	2.01936	0.518082	1.12555	3.11157	3.76087	1.83144	0.486973	6.73327	0.776039	0.502805	0.404339	0.0416816
20163	-0.13692	-0.0975905	3.38326	1.83241	0.541609	1.06066	3.04827	3.7771	1.81117	0.479512	6.90032	0.7171	0.508853	0.40454	0.0419732
20164	-0.109497	-0.0920088	3.6193	1.79912	0.497091	0.90862	2.9741	3.94623	1.92708	0.488335	9.06944	0.518281	0.492523	0.3869	0.0420667
20165	-0.0504366	-0.0191329	3.87843	1.8513	0.477333	0.874914	2.92423	3.77705	1.82194	0.482371	10.1176	0.428137	0.479818	0.371039	0.0420403
20166	-0.081138	-0.0451112	4.27024	1.99439	0.467045	0.878668	2.93166	4.00201	1.80362	0.450679	9.61889	0.460614	0.459127	0.368515	0.0422668
20167	-0.0290953	0.0321214	4.22586	1.90453	0.450685	0.876591	2.8898	3.64561	1.78408	0.489376	9.95569	0.410134	0.468605	0.3564	0.0426458
20168	0.0246017	0.060342	3.82844	1.93541	0.505535	0.998843	2.94968	3.95959	1.85425	0.468294	8.79554	0.474573	0.486601	0.355255	0.0430529
20169	0.113256	0.128084	4.09839	1.96873	0.480367	0.915295	2.92874	4.00912	1.95269	0.487061	12.1935	0.321633	0.483677	0.333469	0.0434907
20170	0.134705	0.150049	3.9679	1.95649	0.493079	1.01413	2.98564	3.99987	1.81286	0.45323	10.3966	0.386695	0.473075	0.34792	0.04342
20171	0.198578	0.135815	3.80359	1.95124	0.513	1.0751	3.02631	3.78654	1.81903	0.480393	10.8748	0.384144	0.496733	0.356616	0.0437452
20172	0.133748	0.0974721	3.99915	1.97517	0.493898	0.98952	3.01247	3.73826	1.81524	0.485583	11.6027	0.366173	0.489881	0.359271	0.0438647
20173	0.102821	0.087967	3.85798	1.9538	0.506431	1.08278	3.01965	3.90425	1.79751	0.460399	8.95	0.480156	0.483278	0.364301	0.0440842
20174	0.0684135	0.0909243	3.95747	1.88628	0.476636	1.16814	3.16898	3.84813	1.79912	0.46753	7.83408	0.604695	0.472147	0.391366	0.0442628
20175	-0.0653307	-0.0326532	3.82144	1.93188	0.505538	1.12898	3.10259	4.05803	1.87166	0.461223	6.89138	0.713192	0.482715	0.39262	0.0444073
20176	-0.0251465	-0.0286495	3.43625	1.79775	0.523172	1.0981	3.10727	4.21233	1.8437	0.437691	7.79433	0.630842	0.476095	0.403156	0.0444779
20177	0.0396347	-0.0273953	3.979	1.81758	0.456793	1.02188	3.12565	3.82817	1.80396	0.471233	10.3043	0.482404	0.463874	0.407103	0.0447296
20178	-0.143822	-0.0390645	3.83666	1.82787	0.476421	1.05387	3.12282	3.91065	1.78232	0.45576	6.96947	0.717235	0.465992	0.409213	0.0445933
20179	-0.0566122	-0.0504456	3.62428	1.80958	0.499293	1.15053	3.11137	4.06048	1.80964	0.445673	6.86054	0.728594	0.470961	0.408599	0.0452614
20180	-0.00831654	-0.0133591	4.15659	1.84654	0.444245	1.03949	3.09197	3.68911	1.84498	0.500116	8.78318	0.548952	0.470516	0.395179	0.0452618
20181	0.0171126	0.00971011	3.77232	1.81401	0.480873	1.1515	3.12505	4.11297	1.92011	0.466843	7.542	0.643418	0.473555	0.393976	0.045409
20182	-0.107099	-0.0971411	3.81424	1.87144	0.490645	1.05419	3.06961	3.75676	1.8261	0.486084	7.43617	0.674295	0.488382	0.404188	0.0455165
20183	-0.210438	-0.185826	3.97888	1.88038	0.47259	1.10731	3.12915	4.0572	1.97083	0.485762	6.32844	0.868231	0.47924	0.416471	0.0457858
20184	-0.325817	-0.204339	3.86859	1.86331	0.481651	1.09588	3.08851	3.62851	1.78664	0.49239	5.36449	1.01061	0.486849	0.42629	0.0463192
20185	-0.140255	-0.183871	3.75536	1.85946	0.49515	0.942412	3.04387	3.87179	1.84092	0.47547	8.88806	0.586084	0.48516	0.41322	0.046254
20186	-0.224825	-0.2217	3.87861	1.77127	0.456676	1.11142	3.04138	4.13224	1.92206	0.465137	5.96323	0.892778	0.46104	0.418976	0.0464925
20187	-0.270277	-0.230589	3.70264	1.76854	0.477644	1.17607	3.1047	3.65867	1.70788	0.466804	5.31766	1.04597	0.472256	0.44456	0.0464651
20188	-0.27996	-0.19081	4.16423	1.98562	0.476826	1.09908	3.12139	3.82057	1.7649	0.461945	5.76873	0.950875	0.469706	0.422514	0.046666
20189	-0.016724	-0.0862168	3.90756	1.8334	0.469194	1.06592	3.03348	3.7754	1.75374	0.464518	8.30337	0.586059	0.466896	0.404277	0.0466875
20190	-0.0633067	-0.0447216	4.01641	1.77259	0.441338	1.1368	3.09805	4.00192	1.81692	0.454012	6.85779	0.720131	0.447664	0.407671	0.046934
20191	-0.0501773	-0.0548292	3.63959	1.80128	0.494913	1.08192	3.11897	3.90166	1.80026	0.461408	7.85942	0.640823	0.477578	0.411614	0.0469639
20192	-0.128954	-0.111787	3.9259	1.94049	0.494279	1.0711	3.04501	3.94364	1.94585	0.493415	6.91975	0.720068	0.493846	0.390754	0.0471313
20193	-0.0976847	-0.0896358	3.81205	1.97231	0.517389	1.0863	3.08879	3.81011	1.82315	0.478503	7.2066	0.700912	0.497951	0.399673	0.0475299
20194	-0.115459	-0.0947602	3.89963	1.88937	0.4845	1.05278	3.11772	3.69203	1.73607	0.470222	7.56167	0.682392	0.477556	0.415887	0.0477922
20195	-0.0241223	-0.112704	3.74483	1.808	0.482799	1.19946	3.18715	3.92331	1.84352	0.469887	7.27317	0.748575	0.476193	0.427226	0.0480008
20196	-0.0145357	-0.0119394	3.91869	1.82629	0.466047	1.20575	3.17797	3.72016	1.74105	0.468003	6.83329	0.744553	0.467	0.416385	0.0481856
20197	-0.00254363	0.0129649	3.73337	1.88859	0.505867	1.24234	3.19971	3.56771	1.76493	0.494696	6.55294	0.774869	0.500408	0.410116	0.0486332
20198	0.0652931	0.0237314	3.8965	1.73901	0.446301	1.19649	3.19477	3.98501	1.99061	0.499523	7.85828	0.639802	0.473211	0.402759	0.0487553
20199	0.0737715	0.0591977	4.17589	1.84392	0.441563	1.21434	3.16674	3.91051	1.87335	0.479057	7.42324	0.650446	0.459695	0.393859	0.0490802
20200	0.0161635	0.0486792	3.89853	1.88931	0.484621	1.14252	3.18885	3.89694	1.75092	0.449306	7.77233	0.634345	0.466967	0.403889	0.0494144
20201	0.0207441	0.0453179	3.67101	1.80934	0.492872	1.21007	3.14352	3.99296	1.83407	0.459325	6.78606	0.70725	0.475394	0.397219	0.049812
20202	-0.0369921	-0.0284675	3.6007	1.83858	0.510619	1.20653	3.18569	4.15544	1.88188	0.452872	6.6808	0.773173	0.47968	0.409868	0.0502146
20203	-0.0658212	-0.069416	4.05092	1.86761	0.461033	1.26084	3.26827	3.95865	1.80325	0.455521	6.32954	0.880014	0.458309	0.431517	0.0505514
20204	-0.0663933	-0.0627153	3.78599	1.87498	0.495241	1.20014	3.25082	3.83704	1.83099	0.477189	6.84467	0.802049	0.486155	0.425629	0.0507365
20205	-0.0678177	-0.0797964	3.95016	1.92892	0.488315	1.24099	3.27843	3.98346	1.85447	0.465542	6.58369	0.856488	0.476881	0.427126	0.0509461
20206	-0.0691154	-0.109917	3.78873	2.04771	0.540475	1.35843	3.337	3.70388	1.79832	0.485523	5.83015	1.01895	0.51331	0.435886	0.0509415
20207	-0.169295	-0.113666	4.00779	2.08758	0.520881	1.24341	3.27397	3.67566	1.66906	0.454086	5.75026	0.997873	0.488927	0.433138	0.050882
20208	-0.190223	-0.145531	4.04874	2.03259	0.502029	1.20877	3.26687	4.02498	1.87237	0.465188	5.9496	0.978593	0.483662	0.427218	0.0509876
20209	-0.204695	-0.132729	4.02058	1.96886	0.489695	1.25993	3.20619	3.77926	1.67693	0.443719	5.19706	1.07257	0.467418	0.43338	0.0513558
20210	-0.0832349	-0.119527	4.01638	2.06352	0.513776	1.33021	3.26839	3.79278	1.80074	0.474782	5.74526	0.998906	0.494837	0.426257	0.0515549
20211	-0.0667485	-0.0972246	4.09204	2.03861	0.498189	1.32093	3.31349	3.84837	1.71141	0.44471	6.04105	0.96283	0.47227	0.436911	0.0516287
20212	-0.199729	-0.134073	3.85559	1.87921	0.487397	1.26681	3.28425	3.77763	1.97915	0.523912	5.43302	1.07536	0.505468	0.43101	0.0518816
20213	-0.162764	-0.167764	4.24177	1.92368	0.453507	1.25833	3.24578	4.03921	1.93583	0.47926	5.76985	1.00975	0.466069	0.430249	0.0520984
20214	-0.0841541	-0.112781	4.01334	1.99528	0.497163	1.15241	3.14018	3.7416	1.80504	0.482424	6.92026	0.764546	0.490052	0.410536	0.0522602
20215	-0.123101	-0.103581	3.82873	1.81767	0.474745	1.04827	3.04834	3.81035	1.82487	0.478926	7.2404	0.686055	0.47683	0.405536	0.0523364
20216	-0.136468	-0.109966	4.18024	1.91358	0.457768	1.0676	3.03207	4.04413	1.87881	0.464578	6.80961	0.724887	0.461117	0.394353	0.0526971
20217	0.00713812	-0.0728982	3.81677	1.93666	0.507409	1.0378	3.03556	3.79755	1.83693	0.483715	9.09622	0.531129	0.495592	0.390415	0.0526756
20218	-0.0698326	-0.0592798	4.00588	1.9671	0.491054	1.0429	3.02512	3.94394	1.89097	0.479463	7.68344	0.619091	0.485304	0.381485	0.0529712
20219	-0.0279268	-0.0288263	4.00683	1.90686	0.475902	1.01607	3.02931	3.9472	1.9209	0.486648	8.58055	0.544965	0.481235	0.379314	0.0534539
20220	-0.0804863	-0.0463421	4.04693	1.84641	0.45625	1.08241	3.07174	3.73584	1.91391	0.512311	7.18938	0.676167	0.48316	0.392727	0.0539009
20221	-0.0293027	-0.062252	4.17382	2.0022	0.479705	1.02504	3.02602	3.94668	1.93374	0.489967	8.5796	0.555821	0.484693	0.377372	0.0540205
20222	0.0491823	-0.0259235	3.51926	1.92097	0.545845	1.00039	3.0046	3.94663	2.05327	0.520258	10.1504	0.4524	0.532319	0.366292	0.0541251
20223	-0.0627015	-0.0516488	3.89087	1.89475	0.486974	0.956145	3.01221	4.06877	1.91327	0.470233	9.04315	0.519025	0.478416	0.381413	0.0541523
20224	-0.084135	-0.154358	3.95451	1.98387	0.501673	0.968073	2.94093	4.01501	1.88132	0.468572	8.65367	0.553571	0.484997	0.382715	0.0547
20225	-0.0795759	-0.0588861	4.03011	1.90873	0.473618	0.829548	2.91127	3.88077	1.89025	0.487081	10.6736	0.413253	0.480223	0.36742	0.0545577
20226	-0.174904	-0.126066	3.92149	1.76112	0.449093	0.820004	2.91393	3.75081	1.79748	0.479223	9.33641	0.49492	0.463823	0.39378	0.0550316
20227	-0.0843998	-0.120952	3.76003	1.77533	0.472159	0.971511	2.94984	3.62988	1.78665	0.492207	8.45757	0.557474	0.482006	0.398374	0.0557065
20228	-0.099519	-0.0943313	3.74014	1.7901	0.478618	0.972377	2.931	3.87325	1.78041	0.459668	7.966	0.57448	0.468977	0.390678	0.056077
20229	-0.0660204	-0.119603	4.03844	1.84576	0.457048	0.913398	2.95015	3.72425	1.79724	0.482579	9.82357	0.47963	0.469297	0.392835	0.0561168
20230	-0.223269	-0.183016	3.94099	1.85945	0.471825	0.923369	2.83375	3.95269	1.79617	0.454418	6.92201	0.657389	0.463109	0.383743	0.0561066
20231	-0.199629	-0.186604	3.9852	1.95329	0.490137	0.806191	2.83149	3.67501	1.70591	0.464193	9.00378	0.505838	0.47769	0.38372	0.0561319
20232	-0.320296	-0.238907	4.09892	1.93855	0.472942	0.714384	2.79433	3.73186	1.90227	0.509737	8.59412	0.535281	0.490477	0.374674	0.0561837
20233	-0.310331	-0.320097	3.81871	1.86901	0.489435	0.803163	2.8128	3.94909	1.84499	0.467193	7.91618	0.619934	0.478127	0.397956	0.0563061
20234	-0.233234	-0.212775	3.58099	1.74114	0.486218	0.928587	2.89153	3.89364	1.92809	0.495189	7.13919	0.674914	0.490891	0.396469	0.0564585
20235	-0.229736	-0.305808	3.83504	1.83659	0.478897	0.842096	2.85996	4.0061	1.83524	0.458112	8.72375	0.574412	0.468277	0.405718	0.0569186
20236	-0.234857	-0.2805	4.0468	1.85019	0.457197	0.878068	2.87602	3.74144	1.80918	0.483553	8.04423	0.619301	0.469858	0.405127	0.0570739
20237	-0.326862	-0.269065	3.95978	1.88022	0.47483	0.75282	2.77533	3.86606	1.85847	0.480714	7.95081	0.582856	0.477737	0.382743	0.0572068
20238	-0.293379	-0.263666	3.98567	1.8274	0.458493	0.693137	2.74516	3.78329	1.86557	0.493109	9.30218	0.486607	0.47535	0.380099	0.0574539
20239	-0.265955	-0.261282	3.68131	1.85477	0.503835	0.666416	2.75563	3.939	1.88947	0.479681	10.4701	0.434658	0.49135	0.378119	0.0574416
20240	-0.257741	-0.271971	3.74431	1.83571	0.490267	0.78762	2.79866	3.80653	1.90907	0.501525	8.62827	0.54639	0.495942	0.386419	0.057771
20241	-0.268992	-0.30934	3.8843	1.74692	0.449739	0.787127	2.79908	3.76519	1.95433	0.519051	8.6627	0.557694	0.483855	0.395026	0.0578691
20242	-0.347581	-0.336882	3.62975	1.68038	0.462948	0.691921	2.75595	3.83555	1.88769	0.492157	8.85243	0.540282	0.477955	0.401398	0.0581323
20243	-0.288707	-0.302437	3.7088	1.86131	0.501865	0.791906	2.79443	3.87664	1.77157	0.456985	8.21306	0.583862	0.478929	0.397705	0.0583385
20244	-0.2531	-0.204597	3.9951	1.94753	0.48748	0.719041	2.75059	3.75565	1.76658	0.470379	9.24085	0.472529	0.479193	0.370329	0.0586823
20245	-0.286195	-0.241245	3.90556	1.97381	0.505385	0.881959	2.80202	3.85627	1.77704	0.460818	6.78701	0.682292	0.483243	0.3818	0.0592732
20246	-0.145916	-0.131785	3.68899	1.88593	0.511233	0.808406	2.79889	3.95124	1.77781	0.449938	9.43077	0.455364	0.479533	0.369628	0.0595715
20247	-0.0993555	-0.0962353	3.90294	1.90745	0.488722	0.727431	2.84365	3.88112	1.74601	0.449873	12.6437	0.341788	0.469352	0.371748	0.0601897
20248	-0.116777	-0.0397473	3.814	1.80918	0.474354	1.01692	2.92695	3.62373	1.68534	0.465083	6.84783	0.642633	0.469837	0.38649	0.0602756
20249	-0.028722	-0.0359435	3.93099	1.76444	0.448853	0.926868	2.88642	3.75944	1.7535	0.466425	9.35242	0.456576	0.457443	0.377803	0.0604269
20250	-0.0576354	-0.0470555	4.01588	1.83755	0.457571	0.852517	2.86247	3.9409	1.75736	0.445927	10.2192	0.414189	0.451804	0.370673	0.0605233
20251	-0.0935915	-0.0337966	3.7283	1.97277	0.529132	0.958324	2.86862	4.15113	1.85217	0.446186	7.61303	0.553263	0.485433	0.355202	0.0606228
20252	-0.0854391	-0.0983023	4.10716	2.04085	0.496901	0.858683	2.83216	3.64466	1.84474	0.506148	9.6342	0.445683	0.501249	0.356004	0.0608779
20253	-0.0171461	-0.0695089	3.77519	1.90047	0.503409	0.913922	2.86485	3.74863	1.73455	0.462716	9.93261	0.433444	0.483134	0.372051	0.0606192
20254	-0.0528259	0.00931679	3.78805	1.93028	0.50957	0.818445	2.82472	3.76367	1.74355	0.463259	10.4418	0.379556	0.486489	0.350506	0.0610968
20255	0.00706662	0.0158673	3.80153	1.81777	0.478169	0.859481	2.87803	3.86277	1.80894	0.468302	11.2742	0.363305	0.473196	0.361013	0.0610589
20256	0.0858699	0.0835105	3.90551	1.84778	0.473121	0.973301	2.86516	3.85065	1.84753	0.479796	9.82505	0.393767	0.476435	0.343718	0.0613176
20257	0.110727	0.0872266	3.72263	1.88739	0.507004	0.776855	2.86454	3.50693	1.80997	0.516112	17.3834	0.221863	0.511422	0.342889	0.0617297
20258	0.0389183	0.0753909	4.14569	1.94413	0.468951	0.919547	2.88206	3.92209	1.76188	0.44922	10.1577	0.387753	0.459359	0.347113	0.0618907
20259	0.126821	0.102745	4.13855	2.07594	0.50161	0.769708	2.841	3.98583	1.8648	0.467858	18.1417	0.206652	0.485051	0.322453	0.0620163
20260	0.0426693	0.0791269	4.12438	1.95234	0.473366	0.839271	2.88988	3.89302	1.89139	0.485841	12.4498	0.317287	0.479424	0.339543	0.0620412
20261	0.199806	0.216522	3.92109	1.81537	0.462977	0.964416	2.95368	3.70664	1.941	0.523655	12.815	0.292314	0.492463	0.332832	0.0624935
20262	0.23685	0.241926	3.93344	1.9932	0.506731	0.895211	2.92373	4.13798	2.01967	0.48808	16.5931	0.216719	0.497169	0.30953	0.0625238
20263	0.319789	0.307261	3.91639	1.98228	0.506149	1.00727	2.96358	4.29628	1.95123	0.454167	14.9293	0.236316	0.478956	0.309718	0.0631068
20264	0.321675	0.362134	3.99451	1.8791	0.47042	0.953061	2.99143	3.92616	1.8058	0.45994	17.3416	0.199325	0.465225	0.319385	0.0633411
20265	0.352253	0.225267	3.63195	1.78566	0.491653	0.952816	2.98253	3.46019	1.57874	0.456258	21.0784	0.180338	0.474384	0.361106	0.0637126
20266	0.14631	0.183456	3.6938	1.85976	0.503481	0.835245	2.91002	3.89668	1.821	0.46732	15.6631	0.237315	0.484917	0.335631	0.0641943
20267	0.197375	0.190307	3.91583	1.95378	0.498946	0.943701	2.97799	3.85024	1.84492	0.479169	13.9517	0.278502	0.489141	0.338489	0.0641472
20268	0.190967	0.180523	3.93686	1.75964	0.446965	0.949793	2.94664	3.94369	1.87297	0.474929	13.2879	0.287909	0.460959	0.345053	0.0643632
20269	0.187821	0.180576	3.75434	1.79725	0.478713	1.09341	3.02184	3.94775	1.98011	0.50158	9.84379	0.410044	0.490434	0.348345	0.0641208
20270	0.142154	0.0966654	3.92647	2.00205	0.509885	1.02985	2.96233	3.76721	1.81803	0.482592	10.4212	0.394005	0.496521	0.349675	0.0640077
20271	-0.120698	0.00229103	3.73787	1.90242	0.508958	0.975483	2.95736	3.62339	1.87118	0.516416	7.26726	0.600806	0.512629	0.366612	0.0642197
20272	-0.0387435	0.0170674	4.13191	2.0049	0.485222	0.921394	2.97842	3.86126	1.82851	0.473551	9.51289	0.460932	0.479584	0.363951	0.0643093
20273	-0.065906	-0.0119716	4.00432	1.94849	0.486596	0.972241	3.00382	3.70629	1.6681	0.450073	8.43886	0.538874	0.469041	0.386131	0.0644821
20274	-0.0705691	0.0112578	3.98527	1.80534	0.453003	1.05045	3.03409	3.91638	1.79455	0.458217	7.27115	0.628341	0.455587	0.388337	0.0645115
20275	-0.0624091	-0.0688471	3.66819	1.78283	0.486024	1.05023	3.02959	3.81455	1.93532	0.507352	7.75493	0.618981	0.496897	0.392403	0.0649713
20276	-0.048223	-0.125448	3.9352	1.96809	0.500125	1.1088	3.05625	3.61583	1.84183	0.509379	7.56193	0.669353	0.504556	0.399254	0.0652424
20277	-0.108822	-0.0635498	3.65565	1.84053	0.503476	1.04183	3.05672	4.02311	1.88629	0.468863	7.35348	0.662006	0.485341	0.395199	0.0658007
20278	-0.112801	-0.0911872	3.76926	1.86992	0.496098	1.18679	3.13751	3.74701	1.9137	0.510727	6.17225	0.844463	0.503391	0.407981	0.0656451
20279	-0.0895334	-0.12195	4.0342	1.86228	0.461622	1.05835	3.09171	3.80359	1.87519	0.493005	7.83798	0.65882	0.476852	0.408691	0.066032
20280	-0.195164	-0.1935	3.71284	1.79884	0.484491	1.17517	3.1346	3.75696	1.85518	0.493798	5.89844	0.938914	0.489172	0.431235	0.0664963
20281	-0.088778	-0.165832	3.79908	1.88019	0.494907	1.09992	3.13706	3.71673	1.75462	0.472088	7.72045	0.706507	0.483623	0.428798	0.0664039
20282	-0.290008	-0.251828	3.93612	1.83509	0.466218	1.20096	3.19128	3.95674	1.78162	0.450275	5.33291	1.11149	0.458226	0.45051	0.0669641
20283	-0.222614	-0.237994	3.70942	1.86745	0.503435	1.13762	3.14234	3.78826	1.9035	0.502473	6.17584	0.925113	0.502949	0.431148	0.0674601
20284	-0.182376	-0.230807	3.73501	1.92083	0.514279	1.17326	3.20058	4.01795	1.90264	0.473535	6.40701	0.918869	0.493163	0.435112	0.06756
20285	-0.101244	-0.121737	3.97682	1.85944	0.467569	1.20637	3.19051	3.62234	1.7023	0.469945	6.41635	0.854922	0.468702	0.435169	0.0678106
20286	-0.062723	-0.0865102	3.72837	1.79155	0.480517	1.33211	3.27254	3.68239	1.73583	0.471386	5.79948	0.972779	0.47598	0.444472	0.0679622
20287	-0.133842	-0.0983389	4.12075	1.92821	0.467926	1.16613	3.23821	3.99157	1.95728	0.490353	6.58761	0.844961	0.478961	0.417469	0.0678714
20288	-0.10816	-0.0476898	3.90825	1.88452	0.482191	1.23723	3.21232	3.92022	1.93035	0.492409	5.8714	0.905035	0.487307	0.410659	0.0680545
20289	-0.0654354	-0.0977095	3.92639	1.96073	0.499372	1.1157	3.18155	4.02785	1.89188	0.4697	7.7082	0.69754	0.484347	0.411127	0.0686006
20290	-0.155274	-0.110977	3.52972	1.90273	0.539059	1.1235	3.1538	3.73933	1.88068	0.502945	6.51803	0.817637	0.520481	0.413374	0.0687471
20291	-0.157613	-0.061879	4.38813	2.05924	0.469275	1.14029	3.16926	4.04847	1.82547	0.450905	6.19768	0.84227	0.46046	0.401991	0.0688585
20292	-0.103133	-0.0338087	4.12668	2.08418	0.50505	1.21184	3.19666	4.01016	1.777	0.443126	6.03526	0.864579	0.474531	0.403353	0.069184
20293	-0.029377	-0.0118374	3.77433	2.07196	0.548961	1.11489	3.14806	3.53495	1.74119	0.492566	7.62587	0.654676	0.521687	0.395758	0.0693563
20294	-0.0619099	-0.0196686	3.79252	2.03995	0.537886	1.12948	3.1242	3.72463	1.75078	0.470055	6.96342	0.709701	0.504277	0.394737	0.0694758
20295	0.0127299	-0.0161655	3.7524	1.85515	0.494392	1.14484	3.14223	3.6794	1.6944	0.460511	7.78323	0.640831	0.477618	0.412779	0.07021
20296	0.0341679	0.0716471	3.32846	1.78959	0.537661	1.06966	3.04702	3.64665	1.74797	0.479337	8.25639	0.536122	0.507169	0.384974	0.0703041
20297	0.0441397	-0.00526284	3.87493	1.93809	0.500161	0.892471	2.95209	3.72016	1.69393	0.455339	12.1528	0.359833	0.478207	0.375898	0.0703337
20298	-0.123939	0.0105085	3.8795	1.85002	0.47687	0.8541	2.94892	3.80817	1.81192	0.475799	9.02635	0.47828	0.476339	0.370971	0.0704556
20299	-0.0229799	-0.050134	3.7595	1.95487	0.519982	0.942409	2.86728	4.13268	1.88289	0.455611	9.13252	0.465988	0.486275	0.356798	0.0703248
20300	-0.11108	-0.0320095	4.01203	1.9655	0.4899	0.908955	2.88557	3.83434	1.87027	0.487769	8.18116	0.520236	0.488859	0.356943	0.0703516
20301	-0.135844	-0.0556263	3.55445	1.82652	0.513867	0.921051	2.9415	4.09812	2.04447	0.498879	8.04166	0.558514	0.505841	0.367259	0.0708083
20302	-0.109418	-0.0892661	4.33259	2.06699	0.477081	0.885583	2.93306	3.86123	1.97509	0.511517	9.22646	0.495013	0.493308	0.361121	0.0711381
20303	-0.13324	-0.143055	4.1965	2.01354	0.479815	0.968102	2.94642	3.82157	1.94632	0.509298	7.86907	0.606478	0.493867	0.376131	0.0710316
20304	-0.0795739	-0.11499	3.9569	2.02176	0.510946	0.830622	2.90662	3.74215	1.84963	0.494269	11.0207	0.414228	0.50284	0.371023	0.0713573
20305	-0.0464118	-0.0785696	3.72713	1.84633	0.495376	0.911582	2.88877	4.00775	1.96427	0.490118	9.59424	0.458876	0.492651	0.366271	0.0714268
20306	0.0324091	-0.00339323	3.7868	1.69392	0.447322	0.896329	2.91089	3.79947	1.9237	0.506309	11.3794	0.373178	0.476864	0.369966	0.0716961
20307	0.0136974	0.0214578	3.7698	1.84337	0.488983	0.94844	2.92262	3.83067	1.90836	0.498181	9.63297	0.436872	0.493619	0.359442	0.0721805
20308	0.0366192	0.0744738	3.84285	1.73928	0.452601	0.812655	2.95028	3.86705	2.09363	0.541403	13.7326	0.301116	0.497141	0.35052	0.072397
20309	0.0701031	0.142661	3.76856	1.68708	0.447671	0.951719	2.94337	4.02442	2.06532	0.513196	10.092	0.388624	0.481509	0.343341	0.0727327
20310	0.129847	0.129628	3.92844	1.88899	0.480851	0.914447	2.89686	3.79921	1.90451	0.50129	12.4393	0.307799	0.4909	0.335506	0.072873
20311	-0.00678405	0.0838738	3.85607	1.85887	0.482063	0.907776	2.8886	4.08573	1.90345	0.465878	9.40491	0.41821	0.473737	0.34339	0.0733484
20312	0.0709672	0.0463833	4.04391	1.8782	0.464451	1.01397	2.95613	3.9801	1.93873	0.487106	9.52106	0.444627	0.475688	0.35684	0.073325
20313	0.0647659	0.0835932	3.6875	1.8326	0.496976	0.991077	2.97539	3.86554	1.77862	0.460122	9.74591	0.429026	0.478115	0.366774	0.0731121
20314	0.103839	0.107554	3.91612	1.8152	0.463518	1.00151	3.01035	3.76878	1.74365	0.462657	10.4569	0.402902	0.463096	0.371945	0.0731404
20315	0.168594	0.167748	3.85813	1.92907	0.500001	0.936121	3.04234	3.87945	1.86314	0.480259	14.0271	0.294549	0.490103	0.352762	0.0735344
20316	0.100971	0.121058	4.0385	1.88884	0.467709	1.10188	3.0799	4.1278	1.84919	0.447984	8.73884	0.50091	0.457738	0.369408	0.0737798
20317	0.0457854	0.0696276	3.88376	1.89467	0.487844	1.0153	3.02934	3.88613	1.77451	0.456627	9.31937	0.469982	0.472231	0.373886	0.073899
20318	0.208682	0.163845	3.73037	1.79284	0.480607	1.13551	3.0505	3.72548	1.77495	0.476434	9.70035	0.429509	0.478522	0.368759	0.0743294
20319	0.193262	0.196797	3.48314	1.74422	0.50076	1.11276	3.12782	3.84611	1.66594	0.43315	10.161	0.422738	0.465281	0.386547	0.0742385
20320	0.140244	0.105877	3.746	1.79858	0.480132	1.18376	3.17042	3.78062	1.83631	0.485716	8.62444	0.544465	0.482937	0.392557	0.0746539
20321	0.080402	0.0857386	3.68275	1.86292	0.50585	1.15081	3.21403	3.97107	1.75763	0.442609	8.54114	0.572885	0.473038	0.403369	0.0747001
20322	0.0441055	0.0744636	3.76554	1.69088	0.44904	1.10819	3.12266	3.81525	1.82941	0.479499	8.20609	0.566134	0.464369	0.397657	0.0747397
20323	-0.0342878	0.036651	3.58379	1.79483	0.500818	1.04518	3.06226	3.86018	1.82887	0.473778	7.85603	0.582628	0.486796	0.387207	0.0750303
20324	0.0355208	0.0501675	3.77852	1.83935	0.486792	1.06151	3.0551	3.91067	1.78352	0.456065	8.57803	0.526323	0.471165	0.384013	0.0750837
20325	0.00027028	-0.0454056	3.64609	1.72484	0.473065	1.14878	3.09163	3.56831	1.82719	0.512058	7.46049	0.659539	0.492352	0.409325	0.0751367
20326	-0.0176862	-0.00148367	4.02507	1.83779	0.456586	1.07732	3.13117	3.92911	1.82015	0.463247	8.18448	0.59952	0.459876	0.401569	0.0755338
20327	-0.082211	-0.0665372	3.50087	1.83546	0.524287	1.08686	3.09933	3.68667	1.8113	0.491311	7.33344	0.683358	0.507373	0.407387	0.0756764
20328	-0.0285816	-0.0669545	3.67681	1.80783	0.491684	1.09546	3.05982	3.98082	1.92397	0.483309	7.73803	0.631733	0.48733	0.395876	0.0757628
20329	-0.0903171	-0.077665	3.90688	1.87788	0.48066	1.08279	3.05013	3.69825	1.83697	0.496714	7.1089	0.688086	0.488467	0.39712	0.0760703
20330	-0.0127975	-0.0156105	4.07641	1.75515	0.430563	1.0435	2.98604	3.93857	1.85537	0.471076	8.0751	0.557881	0.450471	0.384303	0.0762307
20331	0.00820613	0.0125911	3.95525	1.76465	0.446154	0.945306	2.88284	4.11067	1.9718	0.479678	9.38136	0.439078	0.463239	0.355458	0.0764577
20332	0.0382746	-0.00233546	3.84498	1.75766	0.457132	0.878174	2.87579	4.17963	2.06843	0.494883	11.7426	0.352716	0.476794	0.351294	0.076526
20333	-0.00905381	0.0195894	3.62359	1.86137	0.513682	0.882052	2.86263	3.89133	1.85146	0.47579	10.179	0.397035	0.494061	0.352551	0.0764653
20334	-0.0491002	-0.0330085	3.98273	1.88668	0.473714	0.950797	2.92373	4.18698	1.96692	0.469771	8.74412	0.499897	0.471693	0.362016	0.0772112
20335	-0.0188507	-0.0144869	3.86133	1.94743	0.504341	0.993303	2.89256	4.0289	1.93189	0.479509	8.24917	0.512228	0.491661	0.352703	0.077801
20336	0.0133383	-0.0046681	3.86517	2.01393	0.521046	0.915718	2.84612	3.61928	1.77412	0.490186	9.98049	0.407145	0.506123	0.349224	0.0780198
20337	-0.0564298	-0.00423241	3.9723	2.04599	0.515065	0.844988	2.83699	3.76662	1.9466	0.516804	9.93478	0.406277	0.515911	0.335867	0.0779815
20338	0.0525333	0.00681917	3.8691	1.9036	0.492002	0.862807	2.86222	3.91031	1.90632	0.487512	12.4185	0.328272	0.489745	0.34865	0.0781946
20339	0.00805853	0.0584903	4.21524	2.14582	0.509063	0.887611	2.84647	3.76545	1.74108	0.462382	10.0475	0.386807	0.487038	0.333417	0.0785191
20340	0.0835914	0.0770554	3.88234	1.98336	0.510866	0.84599	2.79035	4.01112	1.69403	0.422334	12.6657	0.290626	0.465878	0.333661	0.0785752
20341	-0.0164331	0.00620535	3.97064	2.08317	0.524644	0.748956	2.76915	3.9203	1.83645	0.468446	13.0311	0.29291	0.496724	0.32757	0.078809
20342	-0.0741595	-0.0482739	4.05559	1.91232	0.471527	0.791465	2.78732	3.74166	1.81545	0.4852	10.7307	0.374653	0.478088	0.350441	0.0791828
20343	-0.0367682	-0.0966036	4.24689	1.97634	0.465361	0.839022	2.82489	4.13618	1.86486	0.450866	11.1278	0.383505	0.458209	0.357233	0.0797243
20344	-0.100363	-0.0857615	4.10806	2.01541	0.490598	0.867938	2.86896	3.95385	1.92826	0.487693	9.31135	0.468803	0.489174	0.356383	0.0800405
20345	-0.260128	-0.144225	4.1349	2.0607	0.498368	0.796853	2.82066	3.86746	1.92081	0.496659	7.8683	0.558605	0.497542	0.355768	0.0803559
20346	-0.130676	-0.151319	3.99936	1.96459	0.491226	0.860224	2.852	3.83505	1.98288	0.517042	9.18635	0.490942	0.503863	0.363679	0.0807809
20347	-0.195619	-0.159451	3.92041	1.85356	0.472797	0.907459	2.93292	3.85697	1.82684	0.473647	7.85908	0.60839	0.473219	0.393903	0.0810424
20348	-0.077786	-0.116044	4.00613	1.86542	0.46564	1.01372	2.96109	3.70272	1.69819	0.458634	7.94773	0.595691	0.462275	0.399256	0.0808227
20349	-0.233099	-0.16235	3.78578	1.90708	0.503747	1.0722	3.01742	4.08649	1.8108	0.443117	5.93429	0.851906	0.472274	0.404842	0.0806576
20350	-0.121463	-0.117968	3.85634	1.8755	0.486342	1.03164	3.05098	3.70919	1.6691	0.449991	7.55262	0.66482	0.46852	0.414737	0.0807205
20351	-0.145029	-0.132681	3.86385	1.8441	0.477269	0.956365	3.02618	3.72471	1.73484	0.465764	8.22576	0.606534	0.471622	0.410854	0.0811676
20352	-0.220838	-0.181308	3.94168	1.83356	0.465173	1.10336	3.07208	3.60442	1.7508	0.485738	6.03628	0.876744	0.474996	0.424829	0.0812855
20353	-0.325915	-0.235375	3.70173	1.68057	0.453997	1.06488	3.07224	3.80181	1.8112	0.476405	5.6559	0.96716	0.46535	0.439363	0.0817686
20354	-0.132543	-0.173675	3.90874	1.73141	0.442958	1.04406	3.04316	3.6877	1.76267	0.477988	7.47482	0.692194	0.459963	0.425541	0.0815871
20355	-0.350104	-0.27781	3.87524	1.8394	0.474654	1.07682	3.02762	3.8188	1.80457	0.47255	5.36605	1.01806	0.47361	0.428559	0.0818574
20356	-0.291866	-0.242178	3.76683	1.79789	0.477295	0.930016	2.98381	3.79535	1.78928	0.471441	6.97056	0.746498	0.474357	0.420511	0.0821177
20357	-0.126	-0.128758	4.01582	1.78179	0.443692	0.992854	3.00227	4.24794	1.80932	0.425929	7.83116	0.625918	0.434561	0.405757	0.082372
20358	-0.171779	-0.125126	4.36637	1.96165	0.449264	0.973502	3.02171	4.02449	1.92042	0.477182	7.54963	0.655834	0.462654	0.389512	0.0824092
20359	-0.065561	-0.103459	3.88927	1.99563	0.513112	0.996966	2.97975	3.91952	1.89846	0.484361	8.42025	0.564482	0.498681	0.379113	0.0826164
20360	-0.0157179	-0.0460076	3.84653	1.90306	0.494747	0.983523	2.94973	4.24295	1.98366	0.46752	8.98811	0.499241	0.480466	0.366102	0.082794
20361	-0.0211132	-0.0145267	3.99161	1.78821	0.447993	1.07987	3.01095	3.99907	2.07123	0.517928	7.55132	0.606087	0.482993	0.372343	0.0829903
20362	0.0561922	0.0329725	3.66507	1.82274	0.497328	1.04178	2.97647	3.94719	1.89772	0.480779	8.91931	0.485696	0.488747	0.368083	0.0830888
20363	0.106258	0.0532096	3.9299	1.87241	0.476453	0.988517	2.94718	3.97167	1.82968	0.460682	10.7596	0.389191	0.468526	0.361368	0.0836637
20364	0.0661954	0.0545233	3.94628	1.8399	0.466235	0.873315	2.86518	3.86603	1.80454	0.466769	12.1266	0.325721	0.466499	0.351566	0.0841596
20365	0.0661539	0.043837	4.06991	1.83511	0.450897	0.930215	2.87738	4.08544	1.8795	0.460048	10.754	0.3733	0.455481	0.350917	0.0840844
20366	0.108728	0.0806635	3.75017	1.8234	0.486217	0.704968	2.78353	3.89142	1.9814	0.509171	20.5497	0.177751	0.497906	0.324442	0.0848476
20367	0.123569	0.100461	4.03109	1.89215	0.469388	0.713292	2.77417	3.86606	1.95081	0.504601	20.5556	0.173887	0.486627	0.317539	0.0849213
20368	0.0193755	0.0817816	4.20893	1.97794	0.469939	0.747256	2.79215	4.05923	1.95822	0.482411	13.8656	0.264905	0.476062	0.31825	0.0849247
20369	0.127597	0.108692	3.93458	1.78167	0.452824	0.743062	2.70211	3.58051	1.74064	0.486142	17.7557	0.189399	0.468698	0.323232	0.0853624
20370	0.0618254	0.142746	3.61641	1.67461	0.46306	0.735384	2.75776	3.78647	1.80094	0.475624	15.0729	0.226841	0.469486	0.329818	0.0856467
20371	0.126073	0.124014	3.44546	1.72559	0.500832	0.727214	2.6982	3.78733	1.8246	0.481764	18.3369	0.180686	0.490848	0.31827	0.0857306
20372	0.229792	0.199332	4.05994	1.77826	0.438001	0.745962	2.73102	3.8489	1.85004	0.480667	24.0566	0.133216	0.458765	0.306446	0.0854934
20373	0.229948	0.175299	3.93875	1.82167	0.462499	0.754786	2.72849	3.82838	1.76864	0.461982	23.6655	0.137728	0.462244	0.31231	0.0854634
20374	0.200233	0.150427	3.78364	1.77758	0.469809	0.76475	2.74363	3.90984	1.77627	0.454307	21.1018	0.15934	0.461931	0.321249	0.0858195
20375	0.186771	0.175861	4.05115	1.87258	0.462233	0.805267	2.75022	3.69567	1.7746	0.480184	17.3247	0.191269	0.470796	0.312481	0.0861547
20376	0.0970358	0.215761	3.84178	2.00273	0.521301	0.823261	2.83082	3.52401	1.73481	0.492281	12.9665	0.263702	0.507417	0.313966	0.0861906
20377	0.335925	0.25883	3.81959	1.92105	0.502948	0.79191	2.81843	3.58024	1.73243	0.483888	31.5097	0.103961	0.493726	0.309646	0.0864616
20378	0.272353	0.264905	3.96667	1.90085	0.479206	0.735402	2.79497	3.83224	1.81146	0.47269	29.8544	0.107207	0.476005	0.301332	0.0867398
20379	0.295373	0.290395	4.0188	2.02077	0.502828	0.888439	2.80707	3.75028	1.87192	0.49914	18.0073	0.175864	0.501048	0.289253	0.0868562
20380	0.44808	0.392805	4.01124	1.88612	0.470208	0.838339	2.87291	3.76189	1.92711	0.512271	40.3866	0.0761508	0.490565	0.287478	0.0869895
20381	0.352465	0.326518	4.11552	1.84633	0.448627	0.831496	2.87405	3.98542	1.87907	0.471487	28.2821	0.114735	0.459873	0.303492	0.0870174
20382	0.329158	0.385292	3.94448	2.00985	0.509534	0.916558	2.92569	3.83028	1.90883	0.498354	18.7041	0.172519	0.504026	0.291749	0.0873841
20383	0.519347	0.42719	4.19057	1.97703	0.47178	0.771663	2.79836	3.89794	1.86113	0.477465	88.3156	0.0318316	0.47452	0.268152	0.0872755
20384	0.484705	0.42234	3.86366	1.94047	0.502235	0.78386	2.77778	3.70617	1.81987	0.491037	61.9944	0.0447467	0.496753	0.269562	0.0872604
20385	0.481939	0.444473	3.83062	1.90663	0.497735	0.800422	2.82229	3.86942	1.88945	0.488304	55.7424	0.0507157	0.492996	0.271427	0.08798
20386	0.350476	0.408148	3.95484	1.95809	0.495111	0.864973	2.86411	3.90592	1.97032	0.504444	22.7865	0.132354	0.499749	0.277481	0.0881992
20387	0.473827	0.397371	3.93934	1.92813	0.489457	0.844267	2.86482	4.24374	1.98717	0.46826	44.3671	0.0686127	0.478464	0.280028	0.0883731
20388	0.164864	0.324853	3.88642	1.92028	0.494101	0.81892	2.80604	4.06474	1.93638	0.476385	14.3909	0.213895	0.485044	0.28534	0.0886279
20389	0.346857	0.279474	3.7544	1.88147	0.501136	0.786736	2.81424	3.76297	1.81149	0.4814	33.2054	0.0967469	0.491256	0.303218	0.0886974
20390	0.314758	0.303431	4.03176	1.93905	0.480945	0.793131	2.85867	3.59308	1.72394	0.479795	28.5318	0.11442	0.480403	0.308363	0.088664
20391	0.299992	0.261123	3.72567	1.86569	0.500766	0.802869	2.85312	3.78605	1.71603	0.453252	26.5672	0.126443	0.476818	0.319346	0.0892427
20392	0.210576	0.256591	3.79933	1.94075	0.510814	0.934271	2.89003	3.56323	1.70851	0.479485	13.2415	0.261867	0.495652	0.322188	0.0892492
20393	0.284449	0.281343	3.73929	1.80838	0.483615	0.921849	2.91538	3.84084	1.72416	0.448902	17.0773	0.20314	0.466026	0.329427	0.0898222
20394	0.344017	0.318636	3.77887	1.85868	0.491862	0.860566	2.88059	3.89887	1.77878	0.456229	24.5992	0.133411	0.473767	0.310981	0.089998
20395	0.367291	0.315079	3.83188	1.8886	0.492866	0.892944	2.93985	3.69612	1.69149	0.457638	24.9335	0.138155	0.475569	0.324932	0.0907148
20396	0.326478	0.30995	3.48901	1.83729	0.526593	1.01674	2.9416	3.68039	1.79166	0.486812	14.5353	0.238234	0.506172	0.323111	0.0909826
20397	0.196924	0.256382	3.78744	2.02901	0.535721	0.761499	2.85335	3.50689	1.66022	0.473416	21.1588	0.159372	0.505767	0.313777	0.0916881
20398	0.291801	0.226055	3.7837	1.95912	0.517779	0.825691	2.89363	3.71624	1.60451	0.431758	24.9649	0.142519	0.475156	0.333091	0.0919628
20399	0.267691	0.194633	3.75001	1.91302	0.510138	0.82449	2.84114	3.8252	1.80698	0.47239	22.5917	0.155013	0.491076	0.32016	0.0921859
20400	0.101051	0.179976	3.85096	1.97615	0.513157	0.687524	2.7447	3.64036	1.70294	0.467794	19.1243	0.171975	0.491113	0.309009	0.0922972
20401	0.210447	0.188863	3.67067	1.81638	0.494837	0.74728	2.70973	3.67028	1.82669	0.497697	22.0507	0.144095	0.496267	0.303769	0.0924763
20402	0.166965	0.185396	3.84732	1.78031	0.462741	0.658484	2.72485	3.89642	1.77925	0.456636	26.6931	0.120796	0.459669	0.311839	0.0926922
20403	0.166569	0.125699	3.60345	1.72227	0.477951	0.808385	2.79029	3.75742	1.79859	0.478676	17.2361	0.205964	0.478321	0.33528	0.0926234
20404	0.0979701	0.0586053	3.84266	1.72997	0.450201	0.816631	2.78214	3.68306	1.80478	0.490023	14.3621	0.258237	0.46969	0.344213	0.0926762
20405	0.109572	0.0514768	4.01257	1.7433	0.434461	0.786751	2.79513	3.68911	1.74545	0.473136	16.4154	0.229286	0.452986	0.350519	0.092825
20406	0.165531	0.0602193	3.59732	1.68226	0.467642	0.838053	2.82352	3.7531	1.85106	0.49321	16.8827	0.226143	0.480697	0.350878	0.0931072
20407	0.21755	0.165162	3.77875	1.70793	0.451982	0.818247	2.84128	3.68613	1.94337	0.527211	19.8473	0.180418	0.48913	0.329126	0.0932787
20408	0.324616	0.160567	3.93879	1.92394	0.48846	0.939323	2.87331	4.04723	1.99811	0.493699	19.4752	0.188932	0.491115	0.31941	0.0929814
20409	0.302343	0.215877	3.93039	1.88018	0.478369	0.786103	2.86773	3.78852	1.85551	0.489773	30.0496	0.117012	0.483966	0.320122	0.0934185
20410	0.170768	0.121724	3.93184	1.78314	0.453514	0.802621	2.80707	3.84961	1.77535	0.461177	18.0621	0.199619	0.457305	0.33637	0.0934047
20411	0.200337	0.143862	3.75107	1.6927	0.451259	0.682778	2.79243	3.76915	1.7762	0.471246	30.1394	0.116374	0.461276	0.335905	0.0939192
20412	0.127405	0.100329	4.07959	1.9761	0.484386	0.860558	2.83219	3.82693	1.84867	0.483069	13.8844	0.268757	0.483749	0.327982	0.0940739
20413	0.0807651	0.0882195	4.04799	1.90761	0.471249	0.831488	2.85291	3.95934	1.96145	0.495399	13.5623	0.281792	0.48319	0.330716	0.094173
20414	0.183545	0.121097	3.67587	1.84625	0.502262	0.858742	2.80975	3.94264	1.9045	0.483053	15.8565	0.227945	0.492321	0.325267	0.0945532
20415	0.0967698	0.09114	3.69042	1.80486	0.489065	0.771243	2.77624	3.85375	2.02139	0.524527	15.8485	0.227457	0.50718	0.320332	0.0948745
20416	0.100441	0.134633	3.84685	1.91887	0.498816	0.77536	2.80179	3.97267	2.03389	0.511969	15.6168	0.227758	0.505498	0.310415	0.0953822
20417	0.054201	0.117802	3.76023	1.83007	0.486692	0.897734	2.85627	4.08622	1.90912	0.46721	10.5393	0.355774	0.476546	0.334063	0.0955901
20418	0.0759315	0.06731	3.66113	1.85449	0.506536	0.766086	2.83557	3.9744	1.95694	0.492387	16.0887	0.238157	0.499171	0.33462	0.0957814
20419	0.0890532	0.095779	3.88487	1.87702	0.483162	0.893463	2.88565	4.22148	1.81122	0.429049	12.0286	0.323538	0.454982	0.345484	0.0960141
20420	0.0332386	0.0789642	3.73743	1.9244	0.514899	0.803875	2.86292	3.94564	1.76362	0.44698	13.0504	0.29694	0.480019	0.344537	0.0960547
20421	0.275888	0.224589	3.76229	1.86417	0.495488	0.990015	2.94876	3.83546	1.72812	0.450565	14.5519	0.254988	0.47281	0.340682	0.0964809
20422	0.163037	0.175122	3.85793	1.90183	0.492967	0.959432	3.01375	3.55793	1.80656	0.507756	12.7046	0.317122	0.500062	0.352116	0.0966329
20423	0.183063	0.181562	3.5309	1.80543	0.511323	1.04475	3.0816	3.73133	1.79052	0.479862	11.3268	0.371253	0.495158	0.369082	0.0969792
20424	0.199786	0.146288	3.87497	1.86272	0.480704	1.12621	3.1191	3.9163	1.88444	0.481177	10.2972	0.429129	0.480942	0.371037	0.097237
20425	0.140014	0.110745	3.3788	1.75178	0.518463	1.11081	3.08246	3.5749	1.78985	0.50067	9.37034	0.471225	0.509316	0.384118	0.0972699
20426	0.0902869	0.088124	3.63899	1.71733	0.471925	1.12849	3.07204	3.73202	1.8487	0.495361	8.26055	0.538934	0.483791	0.384434	0.0969104
20427	0.0518717	0.109104	4.06532	1.78193	0.438325	0.994098	3.01711	4.38705	1.9269	0.439224	9.52536	0.443895	0.438791	0.363184	0.0973717
20428	0.154786	0.155577	3.60996	1.86457	0.516507	1.03374	3.06486	4.09474	1.77555	0.433617	10.9556	0.386283	0.472454	0.367722	0.0977716
20429	0.125974	0.137658	3.63869	1.68838	0.464008	0.991833	3.0692	3.66425	1.75389	0.478649	11.463	0.374856	0.471354	0.384411	0.0981275
20430	0.121952	0.119329	3.77161	1.77292	0.47007	1.07618	3.06858	3.70265	1.74396	0.471004	9.55256	0.455276	0.470533	0.38219	0.0984557
20431	0.0836783	0.0994211	3.84068	1.74609	0.45463	1.10418	3.10876	3.986	1.81179	0.454539	8.69583	0.520715	0.454584	0.388999	0.0987262
20432	0.00410688	0.101375	3.76584	1.70697	0.453277	1.11914	3.13278	3.62688	1.7351	0.478401	7.39119	0.621647	0.465603	0.400396	0.0992332
20433	0.117355	0.0824584	3.7689	1.67025	0.443166	1.0973	3.08424	3.95505	1.8454	0.466592	9.38317	0.480151	0.455161	0.390644	0.0993001
20434	0.211877	0.111811	3.57815	1.74116	0.48661	1.04893	3.04207	3.79482	1.76519	0.465157	12.2549	0.350327	0.475568	0.37985	0.0994782
20435	0.116122	0.0933883	3.66364	1.69786	0.463435	0.979651	3.02017	4.046	1.85627	0.458791	11.4876	0.372841	0.460998	0.37611	0.09998
20436	0.064434	0.085069	3.82735	1.59617	0.417043	1.02944	3.01984	3.97907	1.83627	0.461483	9.24893	0.465614	0.439695	0.385608	0.0997852
20437	-0.000421374	-0.0010849	3.65919	1.72258	0.470755	1.11011	3.05493	3.97278	1.97352	0.496761	7.57263	0.616644	0.484292	0.387259	0.0997171
20438	-0.007493	0.0378278	3.62016	1.82301	0.503572	0.984246	3.00803	3.63018	1.86354	0.513347	8.96971	0.491773	0.508466	0.374438	0.0996204
20439	0.0662084	0.0210348	4.07344	1.8667	0.458261	0.904381	2.92938	4.10729	1.91574	0.466424	12.04	0.351266	0.462359	0.358705	0.0998497
20440	-0.0236382	0.00550468	3.91312	1.72466	0.440739	0.952002	2.93029	3.9887	1.93331	0.484696	8.98686	0.475937	0.462928	0.369058	0.100617
20441	0.0679033	0.0130329	3.74063	1.74644	0.466885	0.96237	2.91524	3.82707	1.9536	0.510469	10.5276	0.400035	0.488926	0.362808	0.100795
20442	0.0032525	0.047927	3.50765	1.68741	0.481066	0.923724	2.94565	4.00773	1.85452	0.462736	9.91042	0.423634	0.471291	0.37224	0.101025
20443	0.00297081	0.0117206	3.67922	1.83638	0.499121	0.939943	2.94206	3.8668	1.91377	0.494924	9.78101	0.438958	0.49697	0.364161	0.101227
20444	0.00921967	0.0262896	3.85525	1.73925	0.451139	0.96708	2.91497	4.00293	1.9763	0.493714	9.09482	0.458748	0.472826	0.359687	0.101073
20445	-0.0374307	-0.0370082	3.52969	1.72744	0.489402	0.952613	2.93079	4.0293	2.00432	0.497437	8.98586	0.490094	0.493685	0.371209	0.101538
20446	0.099508	0.0807238	3.77198	1.91189	0.506867	0.994576	2.95599	3.83316	1.88508	0.491781	10.3192	0.400574	0.499263	0.352583	0.10174
20447	0.109707	0.0778377	4.08858	1.98746	0.4861	0.949257	2.98137	3.84109	1.88112	0.489736	11.9608	0.352422	0.487861	0.352784	0.101828
20448	0.0505034	0.0904729	4.097	1.96648	0.479981	0.927212	2.92487	4.08245	1.85773	0.455053	10.4523	0.384309	0.467539	0.344459	0.10225
20449	0.15596	0.103176	3.87658	2.00955	0.518382	0.902991	2.9369	3.91666	1.84055	0.46993	14.3893	0.279028	0.494032	0.34283	0.102448
20450	-0.0308278	-0.00300281	3.87227	1.88342	0.486385	0.968087	2.96713	4.05833	1.97235	0.486	8.84087	0.498916	0.486188	0.363976	0.102683
20451	0.0920271	0.0503576	3.84107	1.92429	0.500978	0.993019	2.96754	3.97241	1.89435	0.476877	10.483	0.405893	0.488725	0.357908	0.103168
20452	0.0273933	-0.000497647	3.7854	1.82812	0.48294	1.04196	3.06147	3.77444	1.7856	0.473077	9.10838	0.514672	0.478016	0.393549	0.103352
20453	-0.00834652	0.0375383	3.72836	1.70261	0.456664	1.04181	3.02741	3.80262	1.90621	0.501287	8.10587	0.551413	0.479195	0.382557	0.103254
20454	0.153658	0.127798	3.84107	1.79009	0.466039	1.06126	3.09876	3.95907	1.9961	0.504183	10.7153	0.411872	0.4854	0.368332	0.103475
20455	0.0931162	0.084785	3.83473	1.82443	0.475765	1.25561	3.15449	4.06694	1.85247	0.455494	6.97292	0.675693	0.465332	0.390622	0.103473
20456	0.0731253	0.0290781	4.16174	1.95262	0.469183	1.0906	3.15698	3.75142	1.71211	0.456389	9.45069	0.517623	0.463118	0.400395	0.103077
20457	-0.0581932	-0.0189683	3.67649	1.80556	0.491111	1.17582	3.15935	3.72155	1.83494	0.493059	6.63375	0.761389	0.492091	0.409699	0.103494
20458	0.0371165	0.0203264	3.79454	1.80886	0.4767	1.08354	3.1127	3.95694	1.78379	0.450801	8.73317	0.547496	0.463479	0.399678	0.103531
20459	-0.0554096	0.00113831	3.92335	1.85193	0.472029	1.02554	3.04295	3.84691	1.77565	0.461578	7.9187	0.584225	0.466855	0.38949	0.103607
20460	-0.0293782	-0.0174285	3.69327	1.88667	0.510841	1.05344	3.0451	3.7105	1.75249	0.472305	7.99931	0.586245	0.491528	0.391964	0.103716
20461	-0.0880357	-0.0328469	3.93536	1.94766	0.494913	1.02483	3.01845	3.88669	1.85609	0.477549	7.51765	0.619236	0.486285	0.37974	0.103703
20462	-0.172186	-0.124126	3.76227	1.75718	0.467054	1.16308	3.1	3.78176	1.90084	0.502634	5.83026	0.891469	0.48489	0.415471	0.103802
20463	-0.217542	-0.17395	3.84973	1.81279	0.470888	1.2422	3.14201	3.91412	1.76706	0.451459	5.16021	1.06542	0.461093	0.434473	0.10397
20464	-0.130264	-0.161952	3.63915	1.81529	0.498822	1.12799	3.11681	3.83548	1.67811	0.437522	6.79022	0.791602	0.467367	0.434937	0.10412
20465	-0.0518488	-0.126359	3.83804	1.75196	0.456472	1.08103	3.05766	3.81422	1.81701	0.476377	7.8992	0.641711	0.466394	0.415378	0.104369
20466	-0.156442	-0.149903	3.88374	1.73931	0.447844	0.922052	2.99373	3.85247	1.80573	0.468721	8.49625	0.581575	0.45824	0.410817	0.104191
20467	-0.250864	-0.19758	3.82901	1.77577	0.463768	0.951922	3.01922	3.60609	1.87514	0.519992	7.15271	0.723347	0.491037	0.414838	0.104299
20468	-0.233776	-0.189054	3.62788	1.76853	0.487482	1.00411	2.98472	3.7455	1.76934	0.47239	6.57336	0.766186	0.479816	0.415937	0.10466
20469	-0.150666	-0.12397	3.76493	1.62218	0.430867	1.00798	2.97371	3.75811	1.84033	0.489696	7.14776	0.671232	0.460255	0.409391	0.104695
20470	-0.229069	-0.20991	3.85766	1.73193	0.448957	0.979442	3.00854	3.9116	1.8042	0.461242	7.09237	0.730249	0.455142	0.422864	0.105216
20471	-0.18723	-0.221601	4.01689	1.84811	0.460084	1.0429	3.01895	3.74812	1.9209	0.512497	6.93956	0.756615	0.485383	0.410688	0.105314
20472	-0.170439	-0.154481	4.07785	1.95397	0.479167	1.0143	2.99146	3.51756	1.70257	0.48402	7.05108	0.701803	0.481415	0.403697	0.105552
20473	-0.206998	-0.168411	3.85835	1.88499	0.488547	0.959675	2.92769	3.90581	1.68741	0.432027	7.04258	0.680562	0.460115	0.401614	0.105661
20474	0.00740579	-0.0439617	3.84186	1.79967	0.468437	1.10999	3.03883	3.66701	1.76082	0.480178	7.81749	0.607841	0.474171	0.400346	0.105966
20475	-0.123017	-0.119064	3.79651	1.87026	0.492626	0.974693	2.98489	3.99204	1.8212	0.456207	7.99569	0.602484	0.47396	0.394972	0.106377
20476	-0.0524218	-0.1024	3.77984	1.80966	0.478766	0.909334	2.97634	3.77745	1.78069	0.4714	10.2475	0.462487	0.475084	0.397713	0.106808
20477	0.0707235	-0.0228177	3.65172	1.86683	0.511219	1.01017	3.0111	3.5535	1.72964	0.486744	10.4295	0.441279	0.499148	0.390304	0.10705
20478	-0.317209	-0.262568	3.97291	1.80263	0.45373	0.764682	2.75417	3.94249	1.84286	0.467437	7.77513	0.585244	0.460557	0.384395	0.107449
20479	-0.409849	-0.330316	3.8262	1.72181	0.450007	0.599522	2.58891	3.99191	1.69069	0.423528	8.36438	0.509416	0.436487	0.384474	0.107855
20480	-0.321633	-0.317753	4.11464	1.82156	0.442702	0.527692	2.59623	3.57574	1.77985	0.497758	11.7714	0.360677	0.468301	0.370966	0.107748
20481	-0.218559	-0.273207	3.6847	1.81602	0.492854	0.540944	2.55417	3.58225	1.72412	0.481295	13.8582	0.288422	0.487156	0.360946	0.108049
20482	-0.242049	-0.295736	3.91698	1.81348	0.46298	0.556716	2.58005	3.63826	1.72352	0.473721	12.9621	0.319013	0.468152	0.369021	0.108301
20483	-0.257707	-0.285282	4.07822	2.00761	0.492275	0.538328	2.60316	4.05069	1.89415	0.467612	13.1663	0.316836	0.479985	0.348467	0.108252
20484	-0.248628	-0.255905	3.75022	1.82313	0.486139	0.628081	2.62668	3.93273	1.82093	0.463019	10.8106	0.38431	0.474304	0.363196	0.108713
20485	-0.298034	-0.234342	3.82084	1.76193	0.461137	0.635882	2.61126	3.86651	1.93247	0.499797	9.28396	0.436099	0.480582	0.354101	0.109248
20486	-0.202254	-0.213594	3.49996	1.85746	0.530708	0.621408	2.58839	3.72826	1.95725	0.524979	11.5726	0.33921	0.527753	0.33984	0.109149
20487	-0.217514	-0.203433	4.1708	1.84202	0.441648	0.589324	2.65996	4.10196	1.93678	0.472158	12.5948	0.325494	0.456776	0.351789	0.109692
20488	-0.216033	-0.206137	3.5106	1.78777	0.509249	0.660546	2.65871	3.86029	1.82491	0.472739	10.6812	0.384196	0.490128	0.362342	0.109727
20489	-0.240479	-0.199795	3.79419	1.78805	0.47126	0.754531	2.69499	3.54312	1.67463	0.472643	8.46401	0.495023	0.471928	0.377066	0.109793
20490	-0.220315	-0.15609	3.68075	1.72035	0.467391	0.649	2.70291	3.68737	1.6936	0.459298	10.8162	0.377855	0.463341	0.374557	0.109895
20491	-0.011184	-0.0875836	3.2934	1.6291	0.494656	0.761908	2.72079	3.43857	1.74781	0.508297	13.1961	0.298836	0.501624	0.368758	0.110114
20492	-0.114643	-0.102233	3.73524	1.75879	0.470862	0.758235	2.7105	3.82796	2.03825	0.532464	10.3837	0.380957	0.502041	0.342606	0.110462
20493	-0.106452	-0.0716918	4.02578	1.86071	0.462199	0.677476	2.69163	3.83668	1.97308	0.514269	12.4254	0.307272	0.487608	0.332526	0.110337
20494	-0.0681721	-0.0333312	3.74707	1.86711	0.498286	0.685208	2.68465	4.08004	2.06077	0.505085	13.0156	0.283791	0.50183	0.319926	0.11114
20495	-0.0134729	-0.0323156	3.56186	1.80847	0.507733	0.711036	2.70928	3.8634	1.87493	0.485306	14.3193	0.262457	0.496064	0.337927	0.111591
20496	-0.109732	-0.0352206	3.65676	1.69048	0.462289	0.672572	2.64506	3.78833	1.89258	0.499581	11.7384	0.306	0.481264	0.333996	0.11213
20497	0.0181294	-0.0391072	3.34976	1.66995	0.49853	0.645804	2.60925	3.90438	1.7463	0.447267	17.8026	0.196988	0.470939	0.339289	0.112134
20498	-0.0974734	-0.0838446	4.1179	1.78939	0.43454	0.615873	2.61789	3.82442	1.75108	0.457869	14.3445	0.254431	0.445774	0.340231	0.112748
20499	-0.154243	-0.110587	4.29255	1.92701	0.448919	0.549071	2.60747	3.62701	1.68078	0.463406	14.9355	0.247325	0.455554	0.338709	0.112869
20500	-0.120958	-0.13315	4.00052	1.86651	0.466567	0.628812	2.5975	3.97858	1.75673	0.441546	13.264	0.281077	0.454091	0.339823	0.112802
