cycle	Zbar1	Gbar1	VP1	VG1	h21	Zbar2	Gbar2	VP2	VG2	h22	h2b	h2b_denom	h2w	Qst	Fst
20000	-0.220158	-0.157906	3.65287	1.66552	0.455949	-2.32353	-0.378721	4.04605	1.74037	0.43014	0.0110211	2.21209	0.442385	0.00356805	0.000383145
20001	-0.0629424	-0.0875399	3.93138	1.8185	0.462559	-2.25844	-0.331428	3.9397	1.78955	0.454235	0.01234	2.4101	0.458393	0.00410658	0.000603931
20002	-0.0639153	-0.0582434	3.82724	1.851	0.48364	-2.29168	-0.291658	3.77516	1.87044	0.49546	0.0109778	2.48147	0.48951	0.0036485	0.000889482
20003	-0.0304361	-0.0216218	3.958	1.89209	0.478042	-2.31104	-0.253129	3.7254	1.77072	0.475309	0.0103046	2.60057	0.476717	0.0036466	0.00115556
20004	-0.104662	-0.10029	3.95884	1.92525	0.486318	-2.21927	-0.179974	3.67232	1.87317	0.51008	0.00141998	2.23579	0.497753	0.00041794	0.00142261
20005	-0.146585	-0.169655	4.03204	1.90115	0.47151	-2.06245	-0.0801218	3.99658	1.98225	0.495987	0.00218395	1.83526	0.483694	0.000516049	0.0016934
20006	-0.312002	-0.249605	3.63863	1.90821	0.524429	-1.93945	0.0207717	4.08608	1.78127	0.435937	0.0276008	1.3243	0.47762	0.00493156	0.00189236
20007	-0.255735	-0.291097	3.97818	1.91718	0.481923	-1.93075	0.0834076	3.74367	1.84786	0.493594	0.0499895	1.40283	0.487581	0.00923155	0.00214715
20008	-0.332823	-0.300015	4.09716	2.01781	0.49249	-1.80084	0.205695	3.91728	1.87557	0.478794	0.11867	1.07754	0.485796	0.0161643	0.00233053
20009	-0.363884	-0.294085	3.88565	1.9294	0.496545	-1.80268	0.290503	3.93996	1.92751	0.489222	0.165083	1.03507	0.492858	0.0216819	0.00258434
20010	-0.308409	-0.279605	3.53029	1.81341	0.513672	-1.70408	0.343427	3.55389	1.80082	0.506718	0.199275	0.973951	0.510183	0.0261607	0.00292068
20011	-0.347164	-0.260386	4.06263	2.03221	0.50022	-1.63047	0.346899	4.02974	1.7205	0.426952	0.223936	0.823438	0.463734	0.0239912	0.00324054
20012	-0.228605	-0.190641	4.24709	1.93975	0.456724	-1.57794	0.433058	3.56329	1.69346	0.475251	0.213652	0.910358	0.465176	0.0260819	0.00344473
20013	-0.224804	-0.225286	3.83026	1.90243	0.496685	-1.49926	0.492305	3.81697	1.84761	0.48405	0.317033	0.812117	0.490379	0.0332054	0.00373488
20014	-0.187949	-0.224693	3.80971	1.88248	0.494128	-1.58313	0.513903	3.74322	1.79931	0.480684	0.280253	0.97327	0.487465	0.0357362	0.00401098
20015	-0.23808	-0.178195	3.87682	2.05981	0.531313	-1.43285	0.525641	3.92314	1.74362	0.444444	0.347037	0.713735	0.487621	0.0315503	0.00421384
20016	-0.15824	-0.123473	3.99205	2.0853	0.522363	-1.42261	0.517612	4.20165	1.94419	0.462721	0.25709	0.799312	0.491779	0.024877	0.00446232
20017	-0.117238	-0.126293	3.92191	1.8491	0.471481	-1.4901	0.604592	4.08818	1.86258	0.455601	0.283429	0.942372	0.463376	0.0347476	0.00480021
20018	-0.08626	-0.127314	3.82519	1.79427	0.469065	-1.38033	0.639544	4.20148	1.91489	0.455765	0.35117	0.837302	0.462103	0.0381437	0.00505564
20019	-0.161345	-0.149097	3.74738	1.69276	0.451718	-1.34687	0.705187	3.98057	2.00049	0.502563	0.519257	0.702735	0.477908	0.0470979	0.00534934
20020	-0.11353	-0.13021	3.9569	1.76715	0.4466	-1.22549	0.787295	4.18868	2.05899	0.49156	0.680825	0.618233	0.46972	0.0521613	0.00548176
20021	-0.104581	-0.110913	3.77318	1.79075	0.474599	-1.16233	0.80015	3.89063	1.87338	0.481511	0.741871	0.559419	0.478108	0.0536226	0.00570496
20022	-0.0576794	-0.0963321	3.66861	1.83502	0.500195	-1.17888	0.779958	4.04506	2.04116	0.504605	0.610844	0.628544	0.502508	0.0472113	0.00603595
20023	-0.122451	-0.0753919	3.87361	1.7692	0.456732	-1.19486	0.810686	3.94624	2.03782	0.516396	0.682685	0.575034	0.486841	0.0490537	0.00624772
20024	-0.016023	-0.0808329	3.62225	1.80876	0.499348	-1.18953	0.830887	3.92167	2.13081	0.543342	0.6036	0.688563	0.522218	0.0501297	0.00649729
20025	0.0265785	-0.0339888	4.10451	1.81248	0.441583	-1.03135	0.904149	4.02266	1.94626	0.483824	0.786359	0.559606	0.462491	0.0553261	0.00673937
20026	0.0135613	-0.0584093	3.61498	1.79459	0.496432	-1.01806	0.907788	4.46872	2.04855	0.458419	0.877189	0.532119	0.475418	0.0572778	0.00707928
20027	0.0104196	-0.0428821	3.63481	1.74895	0.481168	-1.00068	0.951867	4.24294	2.0738	0.488765	0.967914	0.511164	0.485259	0.0608082	0.00738216
20028	-0.0110888	-0.0475704	3.68139	1.81868	0.494021	-0.970209	0.970765	4.13621	2.00677	0.485171	1.12729	0.459955	0.489339	0.0634986	0.00769926
20029	-0.133928	-0.0915941	4.12824	1.95094	0.472585	-0.906067	1.06146	3.99469	1.97692	0.494887	2.23001	0.298099	0.483552	0.0780555	0.00780531
20030	-0.0852569	-0.160666	4.34052	1.97333	0.454631	-0.900205	1.168	3.85437	2.00471	0.520113	2.65811	0.33207	0.48543	0.0999096	0.00814054
20031	-0.22426	-0.180525	4.13629	2.00033	0.483606	-0.827082	1.18661	4.21791	2.07891	0.492877	5.14336	0.181697	0.488287	0.102821	0.00835903
20032	-0.192793	-0.182985	4.13312	2.0289	0.490887	-0.83378	1.16823	3.91407	1.90916	0.487769	4.44374	0.205432	0.48937	0.103914	0.00861073
20033	-0.100618	-0.12204	3.98123	2.00477	0.503557	-0.671939	1.33209	4.10369	2.00074	0.487547	6.47804	0.163204	0.49543	0.116638	0.00881392
20034	-0.0997692	-0.101125	3.92467	1.87634	0.478089	-0.646919	1.38151	3.77908	1.88201	0.498009	7.34271	0.149687	0.487861	0.127624	0.00890265
20035	-0.149146	-0.0594457	3.98137	1.83281	0.460347	-0.53199	1.44379	3.83648	1.83045	0.477117	15.4173	0.0732849	0.468577	0.133668	0.00929863
20036	-0.0285829	3.24334e-05	3.67342	1.71417	0.466643	-0.445663	1.50395	3.82021	1.93652	0.506915	13.002	0.0869779	0.487173	0.134172	0.00945939
20037	0.0370347	0.00500867	3.85287	1.83192	0.47547	-0.451366	1.61095	4.00317	2.01675	0.50379	10.812	0.119268	0.489901	0.143552	0.00957823
20038	0.00285307	0.0309485	4.12238	1.84238	0.446923	-0.249071	1.67484	4.16737	2.10903	0.506082	42.5804	0.0317328	0.476663	0.146074	0.00976493
20039	-0.00804844	-0.00817814	3.8602	1.8183	0.471038	-0.270217	1.72538	3.97824	2.00622	0.504299	43.7235	0.0343662	0.487919	0.164259	0.010063
20040	0.0370006	-0.00513878	3.65647	1.74408	0.476986	-0.266107	1.75237	4.00908	2.22275	0.554428	33.6202	0.0459371	0.517488	0.163014	0.0103473
20041	-0.102677	-0.085935	4.03346	1.87337	0.464457	-0.0693545	1.8904	4.26234	2.12695	0.499009	3517.69	0.000555182	0.48221	0.196285	0.0106999
20042	-0.0656658	-0.0572222	3.90827	1.85718	0.475191	-0.130967	1.90097	3.99457	2.02874	0.507875	899.223	0.00213212	0.491711	0.197957	0.0108911
20043	-0.0631855	-0.0493715	4.1148	1.99346	0.484462	-0.143229	1.92341	3.46967	1.82795	0.526837	607.443	0.00320349	0.503847	0.20302	0.0109545
20044	0.0603234	0.00033854	4.0029	1.83755	0.459055	-0.0575035	1.97403	3.76943	1.91956	0.509243	280.587	0.00694159	0.483396	0.20593	0.011247
20045	0.0616959	-0.0160894	3.96973	1.95091	0.491448	0.125242	2.04657	4.06172	2.22735	0.548376	1053.6	0.00201906	0.520238	0.202992	0.0112357
20046	0.0183115	-0.027953	4.07874	2.13002	0.522225	0.137275	2.08608	4.35228	2.08165	0.47829	315.786	0.00707621	0.499545	0.209746	0.0116012
20047	-0.0995054	-0.0505161	4.14571	2.00697	0.484107	-0.0164935	2.00262	4.21987	2.09757	0.497069	611.723	0.00344549	0.490646	0.204379	0.0119413
20048	-0.10193	-0.0786143	4.07663	1.93841	0.475493	0.0378026	2.01239	4.05887	1.99172	0.490707	223.931	0.00976265	0.483084	0.217691	0.0121863
20049	-0.176286	-0.0893063	3.8434	1.86202	0.484471	-0.0683062	1.94261	4.16194	2.05047	0.492671	354.1	0.00582984	0.488734	0.208828	0.01233
20050	-0.0771818	-0.0277344	3.79951	1.79608	0.472713	0.00184432	1.95573	3.81618	1.86822	0.489553	629.953	0.00312257	0.481151	0.211695	0.0124707
20051	0.00430488	-0.0156575	3.99186	1.95701	0.490249	-0.0321394	2.00179	3.76244	1.85927	0.494165	3064.4	0.000664092	0.492149	0.210585	0.0126136
20052	0.0258614	0.0318517	4.02886	1.96481	0.487683	-0.00195503	1.94253	3.90578	1.98178	0.507398	4718.18	0.000386876	0.497387	0.187898	0.0127652
20053	-0.0360846	-0.0162498	3.49837	1.91642	0.547803	-0.00326131	1.9127	3.91573	2.03933	0.520804	3453.66	0.000538684	0.533544	0.190462	0.0129268
20054	-0.0922674	-0.0631412	4.15019	1.98648	0.478648	0.0536329	1.95867	4.43023	2.14488	0.484146	192.03	0.0106435	0.481487	0.198386	0.0134073
20055	-0.0656925	0.0162496	3.849	1.92196	0.49934	-0.0818556	1.94165	3.94347	1.99455	0.505786	14190.4	0.000130623	0.502602	0.191433	0.0136174
20056	-0.00465984	0.0592538	3.82375	1.95323	0.510815	0.128363	2.01787	4.01809	1.96158	0.488188	216.794	0.0088475	0.499221	0.196852	0.0137656
20057	0.0274436	0.0505754	4.07393	1.98736	0.487825	0.056446	2.05801	3.78801	1.92734	0.5088	4790.91	0.000420569	0.497931	0.204759	0.0140227
20058	0.190196	0.205643	3.9513	1.92259	0.486572	0.184779	2.18268	3.72971	1.86443	0.499887	133182.0	1.46741e-05	0.493038	0.205188	0.0143123
20059	0.279363	0.262008	3.68398	1.85931	0.504701	0.30429	2.25969	4.09793	2.11521	0.516165	6422.53	0.000310681	0.510738	0.200732	0.0145048
20060	0.238623	0.28329	3.76031	1.9653	0.522643	0.364996	2.24382	4.16607	2.0981	0.503617	240.681	0.00798503	0.512643	0.191332	0.0147527
20061	0.396211	0.314012	4.01991	1.92825	0.479674	0.156987	2.20582	4.00273	1.98412	0.495692	62.538	0.028614	0.487666	0.186203	0.0151114
20062	0.327674	0.31708	4.20634	2.03197	0.483074	0.288435	2.22255	3.9261	1.89468	0.482586	2358.01	0.000769888	0.482838	0.187837	0.0153826
20063	0.303085	0.311728	3.77886	1.98124	0.524297	0.277019	2.24143	4.51409	1.95364	0.432787	5480.63	0.00033972	0.474486	0.1914	0.0155028
20064	0.276961	0.293157	3.80599	1.93464	0.508315	0.237184	2.30216	3.96634	1.96551	0.495549	2550.96	0.000791091	0.5018	0.20562	0.0157044
20065	0.316387	0.331071	4.01179	2.0091	0.5008	0.382427	2.31949	4.0077	1.92344	0.479935	906.569	0.00218065	0.490373	0.200945	0.0160825
20066	0.277167	0.267349	3.9854	2.04182	0.512326	0.335816	2.37872	3.5346	1.86821	0.52855	1296.01	0.00171985	0.519952	0.221893	0.0163838
20067	0.19047	0.315937	3.98424	1.95357	0.490324	0.421836	2.40685	3.81301	1.91393	0.501947	81.6718	0.0267652	0.496008	0.220424	0.0166085
20068	0.387185	0.326866	3.6943	1.79132	0.484888	0.456607	2.42894	3.65468	1.89475	0.518444	916.864	0.00240968	0.501576	0.230674	0.0170008
20069	0.357386	0.36677	3.95171	1.94394	0.491923	0.461932	2.44474	3.62666	1.9394	0.534763	395.058	0.00546497	0.512424	0.2176	0.0173128
20070	0.357678	0.338338	3.68149	1.89994	0.516079	0.465044	2.414	3.75358	1.8315	0.487933	373.747	0.00576377	0.50187	0.224084	0.0176513
20071	0.364352	0.355238	3.82972	1.89554	0.494954	0.384579	2.35816	4.00797	1.82177	0.454536	9805.29	0.000204569	0.474285	0.212558	0.0179845
20072	0.316264	0.335874	3.51705	1.80691	0.513756	0.327905	2.30653	4.01278	1.9402	0.483505	28657.0	6.7758e-05	0.497635	0.205863	0.0182025
20073	0.304765	0.285166	3.77485	1.77737	0.470844	0.388187	2.36942	4.13686	2.14262	0.517935	624.225	0.00347959	0.495467	0.217029	0.0184043
20074	0.309275	0.349694	3.69422	1.95112	0.528156	0.468092	2.46553	4.18618	2.11692	0.505692	177.489	0.0126114	0.516223	0.215843	0.0187429
20075	0.34721	0.320853	4.09052	1.82681	0.446596	0.484788	2.42105	4.20315	2.05278	0.488392	233.038	0.0094638	0.467778	0.221412	0.0189672
20076	0.28838	0.296167	3.8771	1.94335	0.501238	0.387035	2.37155	4.03962	2.00709	0.496852	442.547	0.0048664	0.499	0.214278	0.0191005
20077	0.274085	0.234233	3.82804	1.8116	0.473246	0.40951	2.38233	3.67685	1.85498	0.504502	251.6	0.00916996	0.488559	0.239415	0.0194213
20078	0.243113	0.227241	3.66986	1.78521	0.486452	0.519767	2.51282	4.03583	1.95855	0.485289	68.2527	0.0382687	0.485843	0.258718	0.0196482
20079	0.190857	0.238181	3.57334	2.08714	0.584087	0.618591	2.53689	3.99099	2.08554	0.522562	28.8815	0.0914781	0.551626	0.240551	0.0197729
20080	0.178877	0.185117	4.09869	2.02512	0.494091	0.550988	2.61486	4.13082	1.96126	0.474787	42.636	0.0692333	0.484401	0.270299	0.0198965
20081	0.18844	0.256789	3.96029	2.03828	0.514681	0.685519	2.65662	4.07101	1.98079	0.48656	23.3084	0.123544	0.500427	0.263851	0.020201
20082	0.288664	0.27309	3.61412	1.94386	0.537853	0.669739	2.7013	4.04097	2.05728	0.509105	40.6024	0.0726092	0.522678	0.269322	0.0203626
20083	0.255028	0.239584	3.93509	1.9211	0.488197	0.748027	2.70423	3.88708	2.09726	0.539546	24.9929	0.121524	0.513714	0.274368	0.0210682
20084	0.145042	0.166975	3.81361	1.91731	0.502756	0.742558	2.74988	4.00029	2.11737	0.529303	18.6861	0.178513	0.516347	0.292579	0.0213478
20085	0.255355	0.186355	4.0227	1.99046	0.494806	0.785978	2.78488	4.29823	2.1277	0.495017	23.9818	0.14078	0.494915	0.290839	0.0217345
20086	0.217875	0.183782	3.67801	1.82993	0.497533	0.756587	2.77346	3.94171	2.10584	0.534246	23.1088	0.145105	0.516525	0.298838	0.0219898
20087	0.0991842	0.13325	3.74478	1.87052	0.4995	0.741716	2.78052	3.94827	1.75631	0.444831	16.9749	0.206423	0.471443	0.325832	0.0221425
20088	0.121432	0.139964	3.91998	1.87207	0.477571	0.753322	2.76036	3.69127	1.76072	0.476996	17.1969	0.199642	0.477292	0.321008	0.022404
20089	0.0617042	0.100394	3.72374	1.85412	0.49792	0.763837	2.72623	3.97777	1.86323	0.468412	13.9861	0.246495	0.482679	0.31691	0.0226114
20090	0.187228	0.190993	4.26226	1.98108	0.464796	0.683941	2.69826	3.85726	1.90735	0.494482	25.4795	0.123362	0.478899	0.28794	0.0229227
20091	0.105765	0.160303	4.09595	2.07779	0.507279	0.620421	2.70504	3.56037	1.83884	0.516474	24.4485	0.132436	0.511555	0.292563	0.0231353
20092	0.101744	0.142564	3.79431	1.86274	0.490931	0.695811	2.69987	3.80278	1.9193	0.504709	18.5308	0.176458	0.497828	0.301924	0.0234004
20093	0.132813	0.0745361	3.96872	1.86777	0.470623	0.768901	2.7577	3.7569	2.03257	0.541023	17.7935	0.202304	0.504858	0.31586	0.0237645
20094	0.139597	0.0949888	4.01004	1.75037	0.436497	0.668849	2.73608	4.28434	1.99038	0.464571	24.9024	0.140054	0.450998	0.318061	0.0238802
20095	0.169553	0.0858964	3.98748	1.92337	0.482353	0.848889	2.81123	4.04186	2.12275	0.52519	16.0942	0.230748	0.503917	0.314671	0.0239304
20096	0.105547	0.133413	3.87473	1.98342	0.511886	0.733269	2.75102	4.0793	2.27709	0.558206	17.389	0.197017	0.535641	0.286864	0.0243995
20097	0.00393575	0.050939	3.86165	1.89422	0.490522	0.76311	2.77146	3.8991	2.07259	0.531557	12.8417	0.288172	0.511138	0.318188	0.0244691
20098	0.0668444	0.0888326	4.07697	1.9923	0.488673	0.755026	2.78404	4.08142	2.1863	0.535671	15.3384	0.236797	0.512185	0.303049	0.0244194
20099	0.112517	0.0326728	3.96806	2.01566	0.507971	0.728526	2.78639	4.02451	2.17958	0.541576	19.9832	0.189734	0.524892	0.311345	0.024673
20100	-0.106033	-0.09602	4.03741	1.94637	0.482085	0.668157	2.6799	3.9738	2.02932	0.510674	12.8564	0.299685	0.496266	0.326506	0.0248383
20101	-0.162896	-0.140421	3.99069	1.92415	0.48216	0.742704	2.68949	3.9931	2.01628	0.504942	9.76502	0.410055	0.493555	0.337022	0.0249086
20102	-0.188007	-0.187958	3.80842	1.91459	0.502724	0.705163	2.68838	3.85825	2.05382	0.532319	10.3708	0.398877	0.517618	0.342737	0.0251418
20103	-0.388197	-0.346137	3.45106	1.88698	0.546783	0.446298	2.47423	4.08815	2.00572	0.490617	11.4226	0.348191	0.516327	0.338237	0.0254415
20104	-0.336679	-0.359899	4.20526	2.08688	0.496255	0.424526	2.44991	3.83424	1.96884	0.513488	13.6255	0.289717	0.504474	0.327462	0.0256638
20105	-0.27358	-0.277701	3.95346	1.87232	0.473589	0.441842	2.44665	3.94568	2.05216	0.520103	14.5011	0.255914	0.496823	0.321133	0.0259869
20106	-0.353853	-0.308047	4.10074	1.90871	0.465455	0.597713	2.50329	4.17487	1.93526	0.46355	8.72866	0.452739	0.464494	0.339622	0.0264338
20107	-0.378544	-0.380351	4.08726	1.97339	0.482816	0.5308	2.565	3.55291	1.91327	0.538508	10.4911	0.413453	0.508715	0.358269	0.0266863
20108	-0.279702	-0.311784	4.14566	2.09061	0.504288	0.504625	2.557	3.81479	2.02443	0.530679	13.3783	0.307584	0.516935	0.333441	0.0267139
20109	-0.363159	-0.345457	4.07766	2.02114	0.495663	0.459142	2.51237	4.11882	2.07025	0.502632	12.0784	0.33809	0.499165	0.33302	0.0270852
20110	-0.321401	-0.330476	4.00339	1.96567	0.491	0.58503	2.59503	3.99655	1.90408	0.476431	10.4167	0.410809	0.483722	0.356165	0.0272832
20111	-0.474598	-0.350585	4.18299	2.16044	0.516482	0.587057	2.59484	3.9432	1.99329	0.5055	7.69716	0.563555	0.511153	0.343149	0.0275512
20112	-0.388134	-0.38157	3.9131	2.09198	0.53461	0.640568	2.64681	4.01231	1.95846	0.488112	8.66648	0.529114	0.51107	0.361569	0.0276069
20113	-0.465875	-0.461319	3.95718	1.94016	0.490288	0.612003	2.65937	4.06291	1.90836	0.469702	8.38228	0.580911	0.479859	0.387609	0.0279181
20114	-0.337938	-0.38776	3.90812	1.98942	0.509047	0.726941	2.65387	4.01723	1.91237	0.47604	8.15851	0.566984	0.492316	0.372281	0.0279279
20115	-0.401882	-0.366961	3.74578	2.01379	0.537616	0.679963	2.67723	3.93888	2.01046	0.510414	7.91797	0.585194	0.523673	0.365479	0.0282687
20116	-0.470421	-0.463334	3.86795	1.72029	0.444756	0.708195	2.71863	3.96051	2.03424	0.51363	7.28864	0.694567	0.4796	0.402813	0.0285032
20117	-0.536837	-0.443835	4.00451	1.82226	0.455052	0.827635	2.78901	3.98345	2.00346	0.502945	5.61358	0.930892	0.478935	0.40593	0.0285992
20118	-0.393175	-0.446198	4.05445	1.96749	0.485268	0.677881	2.76597	3.85852	1.77469	0.459942	8.99442	0.57358	0.472919	0.408162	0.0286889
20119	-0.471522	-0.534175	4.09919	2.03707	0.496944	0.764273	2.79084	3.90357	2.22516	0.570033	7.23926	0.763595	0.532595	0.393496	0.0290584
20120	-0.473551	-0.537389	4.10465	2.06115	0.502149	0.662987	2.69898	4.16442	1.95454	0.469344	8.10866	0.645859	0.485628	0.394819	0.0293192
20121	-0.596959	-0.564976	3.88122	2.07702	0.535146	0.766086	2.74588	3.74433	1.9179	0.512214	5.90012	0.928945	0.523886	0.406994	0.0296827
20122	-0.585832	-0.557785	3.82795	1.82958	0.477953	0.805996	2.73226	3.89966	1.94849	0.499657	5.5877	0.968593	0.488905	0.417462	0.0300345
20123	-0.438798	-0.465848	3.7745	1.81616	0.481166	0.690574	2.70148	4.07783	1.98211	0.486071	7.86524	0.63774	0.483713	0.397818	0.0302327
20124	-0.498512	-0.494826	3.9264	1.80063	0.458596	0.562898	2.65928	4.15822	2.07394	0.498755	8.83053	0.563296	0.479252	0.39107	0.0305083
20125	-0.534121	-0.490327	3.66762	1.84495	0.503036	0.734	2.69189	4.2152	2.01089	0.477057	6.29708	0.804065	0.489144	0.396464	0.0309992
20126	-0.486335	-0.442304	3.8456	1.70306	0.44286	0.609829	2.72152	3.75017	1.87426	0.499779	8.33055	0.600788	0.470962	0.411724	0.0313403
20127	-0.375859	-0.362857	3.85358	1.78922	0.4643	0.786334	2.75153	3.90888	1.91188	0.489112	7.18108	0.675346	0.476794	0.395953	0.0314912
20128	-0.404383	-0.393481	3.58646	1.74763	0.487287	0.84702	2.81432	3.83827	2.01157	0.524081	6.57082	0.783005	0.506308	0.406409	0.0318214
20129	-0.346794	-0.359236	3.78527	1.74332	0.460554	0.835336	2.85096	4.15937	1.93519	0.46526	7.3745	0.698715	0.463018	0.412016	0.0318633
20130	-0.439062	-0.388556	3.91011	1.93911	0.495922	0.871685	2.88003	3.91329	1.99795	0.510557	6.21846	0.859029	0.503242	0.404316	0.0320343
20131	-0.390008	-0.382019	4.12033	2.00729	0.487169	0.869306	2.90179	3.81631	1.89237	0.495863	6.79966	0.792936	0.49135	0.408861	0.0324548
20132	-0.46912	-0.476653	3.74566	1.896	0.506186	0.930297	2.93133	4.11561	1.9956	0.484885	5.93063	0.979184	0.495034	0.427423	0.0325682
20133	-0.524333	-0.438779	3.81116	1.92292	0.504549	0.910413	2.89165	3.8356	1.94056	0.505933	5.38828	1.02925	0.505243	0.417958	0.0328807
20134	-0.541605	-0.449763	4.10322	2.06573	0.503442	0.908295	2.89929	4.17591	1.92061	0.459926	5.3354	1.0511	0.481493	0.413064	0.032887
20135	-0.475098	-0.437237	3.85446	1.95037	0.506003	1.0039	3.02967	4.37304	2.06082	0.471255	5.49473	1.09373	0.487534	0.428407	0.0331977
20136	-0.398059	-0.428297	3.9771	1.94682	0.489506	1.14153	3.04882	4.3785	2.13934	0.488601	5.10072	1.18516	0.489032	0.425315	0.033331
20137	-0.482727	-0.424497	3.78174	1.85694	0.491027	1.02958	3.06986	3.89117	2.15251	0.553179	5.33896	1.14353	0.522546	0.43238	0.0337558
20138	-0.402725	-0.379974	4.15391	2.00252	0.48208	1.01137	3.04748	4.13982	2.12101	0.512344	5.87474	0.999827	0.497187	0.416085	0.0339783
20139	-0.380173	-0.386679	4.19649	2.02832	0.483338	1.08484	3.04749	3.83543	2.05601	0.536059	5.49493	1.07313	0.508513	0.41936	0.0341349
20140	-0.389654	-0.377099	3.80719	2.04532	0.537226	1.02966	3.08297	4.38051	2.10154	0.479748	5.94313	1.00722	0.506475	0.419319	0.0345426
20141	-0.449245	-0.372899	4.17898	1.92784	0.461317	1.11309	3.07651	4.27613	2.17895	0.509563	4.87461	1.22045	0.485717	0.420181	0.0347458
20142	-0.339849	-0.426408	3.90009	1.72768	0.442985	1.12177	3.1232	4.01554	1.93061	0.480783	5.89787	1.06816	0.46216	0.46279	0.0350728
20143	-0.40977	-0.382642	3.54842	1.72777	0.486913	1.03278	3.06351	4.02685	1.93324	0.480087	5.70698	1.04048	0.483284	0.447935	0.0351952
20144	-0.455631	-0.391237	3.48743	1.84722	0.529679	0.91545	2.96896	3.99215	2.06232	0.516595	6.00624	0.939932	0.522695	0.419405	0.0357337
20145	-0.475645	-0.422041	4.0025	1.87388	0.468178	0.995524	2.98038	4.27263	2.07103	0.484721	5.34875	1.08217	0.47672	0.423299	0.0357387
20146	-0.40114	-0.418008	3.54576	1.75537	0.495061	1.03226	2.97685	3.88868	2.02174	0.519904	5.60933	1.02731	0.508056	0.432851	0.0360553
20147	-0.383381	-0.449466	4.12609	1.74728	0.42347	1.05298	3.05154	4.09063	1.91403	0.467906	5.94098	1.03157	0.445593	0.455737	0.036419
20148	-0.447358	-0.415258	3.62702	1.81385	0.500092	1.10166	3.05874	3.73206	1.90531	0.510525	5.02975	1.19973	0.505383	0.448018	0.0363681
20149	-0.388623	-0.431165	3.80702	1.79314	0.471007	1.10292	3.0493	3.83852	1.81407	0.472596	5.44506	1.11235	0.471805	0.456512	0.0364964
20150	-0.373063	-0.396691	3.86176	1.83026	0.473944	1.04904	3.02109	4.08382	1.96546	0.481279	5.77603	1.01118	0.477714	0.43495	0.0363797
20151	-0.424439	-0.389411	4.00283	1.88751	0.471545	1.0466	3.02578	3.63714	1.87869	0.51653	5.38989	1.08198	0.492961	0.436496	0.036551
20152	-0.390606	-0.402476	3.9109	1.99268	0.50952	1.00381	3.0029	3.81479	1.85358	0.485892	5.96414	0.972193	0.497853	0.429918	0.036954
20153	-0.264556	-0.350077	4.01054	1.929	0.480983	1.08388	3.02718	3.75902	1.87259	0.498159	6.27286	0.909145	0.489293	0.428718	0.0370497
20154	-0.247486	-0.282425	3.91288	1.90247	0.486206	1.08045	3.03752	3.85949	2.04866	0.530812	6.25036	0.88171	0.508355	0.410984	0.0372617
20155	-0.315005	-0.292892	3.9843	2.11607	0.531101	1.11317	3.03465	3.87962	1.98646	0.512025	5.42855	1.01984	0.52169	0.403013	0.0375158
20156	-0.408996	-0.365293	4.09059	2.13957	0.523047	0.989924	3.01051	3.76531	1.84432	0.489821	5.82328	0.978489	0.507122	0.417076	0.0377254
20157	-0.44404	-0.396648	4.21898	2.27334	0.538837	1.01609	3.02275	3.93455	1.79088	0.455167	5.48425	1.06599	0.498461	0.418463	0.0378505
20158	-0.388192	-0.396883	3.78674	1.9735	0.52116	1.0209	3.07325	4.00756	1.89743	0.473461	6.06475	0.992773	0.496635	0.437602	0.0381726
20159	-0.349943	-0.381599	3.93228	1.92979	0.490755	1.01191	3.00211	3.99482	1.99685	0.499859	6.17336	0.927328	0.495343	0.42174	0.0380027
20160	-0.259872	-0.315888	4.05669	1.97976	0.488024	1.00037	2.97465	4.15562	1.962	0.472132	6.81751	0.794106	0.479982	0.407256	0.0384764
20161	-0.343698	-0.316882	4.05414	1.98948	0.490727	0.974742	2.9539	4.11701	1.99511	0.484601	6.15434	0.869142	0.487641	0.401752	0.0390694
20162	-0.383019	-0.345763	4.12408	1.88963	0.458195	0.913399	2.94437	3.93492	2.07596	0.527574	6.44074	0.840351	0.49207	0.405742	0.0394229
20163	-0.469748	-0.401157	3.98158	1.95056	0.489896	0.922116	2.91791	4.2829	2.09659	0.489526	5.68641	0.968643	0.489704	0.405056	0.0399467
20164	-0.411167	-0.392802	3.99897	1.92079	0.480323	0.955112	2.95522	4.23653	2.10834	0.497658	6.00477	0.933359	0.48924	0.410328	0.0404248
20165	-0.377193	-0.377171	3.91229	2.00001	0.511211	0.926567	2.88364	4.27246	2.1157	0.495195	6.25542	0.849895	0.502851	0.392539	0.040894
20166	-0.341376	-0.401106	3.98193	2.03087	0.510021	0.782642	2.815	3.99648	1.98249	0.49606	8.18682	0.631708	0.503028	0.39196	0.0410724
20167	-0.36867	-0.344015	3.68739	1.82847	0.495871	0.87294	2.8331	3.72489	1.90003	0.51009	6.54778	0.770798	0.503017	0.403752	0.0415924
20168	-0.294215	-0.331206	3.68777	1.9074	0.517223	1.00384	2.92389	3.69558	1.87805	0.508188	6.28841	0.842473	0.512701	0.411803	0.0419157
20169	-0.317707	-0.290509	3.95539	1.97342	0.49892	0.919453	2.85922	3.84852	1.86474	0.484536	6.48179	0.765282	0.491826	0.392657	0.0420462
20170	-0.330721	-0.314802	3.83673	1.88773	0.492016	0.97434	2.93375	3.67211	1.90404	0.518516	6.1961	0.851592	0.504975	0.410425	0.042238
20171	-0.283246	-0.274677	3.72927	1.82703	0.489917	0.911197	2.9695	3.93008	1.98834	0.505927	7.37696	0.713346	0.498132	0.408273	0.0423665
20172	-0.281821	-0.312985	3.87909	1.92174	0.49541	0.900753	2.96229	3.87305	1.92251	0.496381	7.67078	0.699241	0.495895	0.411064	0.042615
20173	-0.355656	-0.343243	3.7605	1.82447	0.485167	1.01658	2.99376	3.85284	1.98852	0.516119	5.91364	0.941516	0.500831	0.422123	0.0428776
20174	-0.230977	-0.298311	4.10946	1.88008	0.4575	1.03199	3.0459	4.15552	1.96723	0.473402	7.01136	0.797543	0.465495	0.42099	0.0429594
20175	-0.421439	-0.321557	3.73179	1.93969	0.519774	1.0132	3.06257	4.00687	2.15746	0.538441	5.56428	1.02909	0.529439	0.41147	0.0428928
20176	-0.321914	-0.305412	3.62908	1.98292	0.546397	1.06304	3.02925	3.7881	1.91799	0.50632	5.79735	0.959054	0.525929	0.416232	0.0432971
20177	-0.317129	-0.281	4.21582	1.99343	0.472846	1.04948	3.01495	3.88307	1.79256	0.461635	5.81663	0.933813	0.46747	0.417824	0.0435425
20178	-0.284455	-0.268228	4.01819	2.01678	0.501913	1.03872	3.02945	3.88297	1.84186	0.474343	6.21129	0.875394	0.488364	0.413462	0.0438724
20179	-0.328314	-0.280933	4.2077	2.01473	0.478818	1.01935	3.04628	3.58974	1.8071	0.503407	6.09533	0.9081	0.490138	0.420127	0.0443033
20180	-0.306866	-0.293632	4.11726	2.11632	0.514012	1.0415	3.01658	3.76629	1.87189	0.497011	6.02691	0.90905	0.50589	0.407307	0.0445778
20181	-0.331476	-0.315336	4.02854	2.10016	0.521321	1.02476	2.98805	4.11061	1.79869	0.437573	5.93261	0.919693	0.479025	0.411788	0.0447695
20182	-0.305045	-0.316741	3.72092	1.8688	0.50224	1.14143	3.05799	3.70756	1.80204	0.486045	5.44325	1.04614	0.494157	0.436942	0.0449024
20183	-0.219427	-0.182585	4.13359	2.02217	0.489205	1.10192	3.09263	3.94324	1.75715	0.445612	6.14392	0.872982	0.467922	0.415185	0.0450272
20184	-0.1448	-0.212168	3.63483	1.88285	0.518001	1.06456	3.09926	3.63925	1.79731	0.493869	7.4975	0.73128	0.505928	0.427027	0.0453457
20185	-0.206136	-0.20013	3.81689	1.96253	0.514171	0.996673	3.0559	4.04706	1.80734	0.446581	7.32795	0.723375	0.479387	0.412941	0.0454459
20186	-0.173639	-0.144046	4.1783	2.0037	0.47955	1.045	3.01429	4.02265	2.04212	0.507655	6.7169	0.742538	0.493336	0.381453	0.0455655
20187	-0.115564	-0.115346	3.76271	1.89416	0.503402	0.960864	2.98186	3.75221	1.98153	0.528095	8.27882	0.579349	0.515731	0.382366	0.0458732
20188	0.00447251	-0.101692	4.09783	1.85917	0.453696	0.943653	2.9342	3.92491	1.98752	0.506386	10.449	0.44103	0.479473	0.374726	0.0462844
20189	-0.0824766	-0.0952888	4.08512	1.90085	0.46531	0.921941	2.88044	4.46454	2.05123	0.459449	8.77727	0.504427	0.46225	0.35915	0.046634
20190	-0.0628876	-0.108528	3.71032	1.96552	0.529746	0.893204	2.87914	4.20706	1.96008	0.465903	9.76486	0.457056	0.495822	0.362547	0.0467556
20191	-0.205659	-0.178686	3.8546	1.79414	0.465456	0.868872	2.83884	3.78095	1.8526	0.489983	7.88614	0.577308	0.477601	0.384438	0.0471265
20192	-0.182157	-0.128416	4.2541	2.0642	0.485226	0.961378	2.88338	3.95714	1.88293	0.47583	6.93668	0.653836	0.480698	0.365004	0.0471618
20193	-0.0548993	-0.135738	3.79031	1.9378	0.51125	0.878709	2.86584	3.73365	1.95255	0.522961	10.3364	0.435812	0.517061	0.366789	0.0471757
20194	-0.173227	-0.147843	4.48243	2.04479	0.45618	1.02452	2.94604	4.03438	2.00537	0.497071	6.67235	0.717296	0.47555	0.37152	0.0473688
20195	0.0181345	-0.0563021	4.25589	2.00519	0.471156	0.969582	2.93836	3.91815	2.0404	0.520756	9.90664	0.452626	0.494931	0.356691	0.0477671
20196	-0.0455826	-0.0696294	4.01391	1.80325	0.44925	0.978782	2.95964	3.87133	1.9369	0.500319	8.74514	0.524661	0.474323	0.3803	0.0481275
20197	-0.134218	-0.125126	3.80373	1.80843	0.475435	0.938594	2.93923	4.07529	1.95352	0.479357	8.15886	0.575463	0.477464	0.384366	0.0484823
20198	-0.157389	-0.153776	3.67432	1.76426	0.48016	0.946677	2.92615	4.06715	1.9446	0.478123	7.78199	0.609481	0.47909	0.390144	0.0484703
20199	-0.147878	-0.122177	4.09252	2.01437	0.492209	0.891689	2.90355	4.01892	1.96979	0.49013	8.47138	0.54035	0.491179	0.364979	0.0487615
20200	-0.171811	-0.124996	3.94861	1.89806	0.48069	0.932469	3.00091	4.01008	1.96147	0.489134	8.01296	0.609717	0.484944	0.387724	0.0489708
20201	-0.0663695	-0.149712	3.71299	1.90269	0.51244	1.03051	3.01195	3.93585	2.07089	0.52616	8.30825	0.601578	0.5195	0.386212	0.0494304
20202	-0.185892	-0.137788	3.61029	1.93898	0.537072	1.05901	3.01068	4.33768	2.0617	0.475299	6.39629	0.774891	0.503359	0.382624	0.0498667
20203	-0.192385	-0.118566	3.87788	1.98086	0.510811	1.01984	2.99741	4.02844	1.98847	0.493608	6.60722	0.734748	0.502046	0.379585	0.0500025
20204	-0.158827	-0.156186	4.12391	1.90737	0.462516	0.849182	2.8811	3.94273	1.95003	0.494588	9.07906	0.508041	0.478192	0.374289	0.0502938
20205	-0.134312	-0.168369	4.23354	2.07378	0.489846	0.830703	2.87326	4.0871	1.92154	0.470146	9.93443	0.465627	0.48017	0.366762	0.0501945
20206	-0.211162	-0.182805	4.42344	2.08616	0.471615	0.807754	2.83261	4.23296	2.07031	0.489092	8.75824	0.519094	0.480161	0.35366	0.0503141
20207	-0.0551669	-0.10488	4.00312	2.06065	0.514761	0.783467	2.82604	3.68052	2.01406	0.547222	12.2141	0.351653	0.53031	0.345255	0.0505537
20208	-0.236942	-0.153553	3.93357	2.09429	0.532413	0.785175	2.80403	4.08587	1.9743	0.483201	8.37285	0.522362	0.50734	0.349704	0.0508151
20209	-0.0568234	-0.0766276	3.76718	2.02199	0.536738	0.743818	2.78616	3.93099	2.00085	0.508993	12.7851	0.320513	0.52257	0.337559	0.0510821
20210	-0.0547356	-0.0734254	3.97512	1.96216	0.493609	0.871081	2.85316	3.97416	2.03488	0.512029	9.9925	0.428568	0.502818	0.348947	0.0510599
20211	-0.15061	-0.127704	4.00522	2.01164	0.502255	0.779044	2.77274	4.05671	2.09586	0.51664	9.73391	0.432128	0.509494	0.338748	0.0513491
20212	-0.0371525	-0.0977715	4.04626	1.98709	0.491092	0.762777	2.72835	4.1233	2.03115	0.492604	12.4819	0.319943	0.491855	0.332073	0.0515589
20213	-0.0527008	-0.0742016	3.94004	1.90015	0.482266	0.804238	2.81999	3.72458	2.00165	0.537416	11.4066	0.367172	0.509066	0.349368	0.0513776
20214	0.0327161	-0.0608777	3.98454	1.96358	0.492799	0.842682	2.81924	4.01397	2.13586	0.532108	12.6441	0.328022	0.512526	0.336042	0.0512635
20215	0.0185225	-0.0744589	3.95566	1.8614	0.470566	0.779502	2.7858	4.0469	2.24343	0.554357	14.1274	0.289545	0.512939	0.33267	0.0514641
20216	-0.0937021	-0.101438	3.84633	1.95053	0.507115	0.851037	2.77298	4.06917	2.10264	0.516723	9.2571	0.446266	0.512054	0.337692	0.0516395
20217	-0.124971	-0.1037	3.76483	1.87959	0.49925	0.737957	2.83352	3.82645	2.07883	0.543279	11.5858	0.372322	0.521443	0.35281	0.0516182
20218	-0.112695	-0.152636	3.95111	2.01476	0.509924	0.71713	2.80628	3.91828	1.9381	0.494631	12.7142	0.344305	0.502309	0.356499	0.0517603
20219	-0.113772	-0.114783	3.9509	1.9441	0.492064	0.818039	2.77548	3.70784	1.96889	0.531008	9.62099	0.434136	0.510918	0.3481	0.0518301
20220	-0.118157	-0.0935552	3.97374	2.09317	0.52675	0.777398	2.73922	3.89929	1.91901	0.492142	10.0055	0.401009	0.50961	0.333452	0.0518259
20221	0.0113602	-0.0682975	4.27622	2.01314	0.470775	0.886491	2.84334	4.12311	2.02248	0.490524	11.0695	0.382927	0.480469	0.344451	0.0520642
20222	-0.01473	-0.0414211	4.0996	2.11581	0.516102	0.810506	2.83919	4.11244	2.10192	0.511113	12.1846	0.340507	0.513604	0.3298	0.0521715
20223	-0.021795	-0.0198257	4.06062	1.99686	0.491762	0.967904	2.93247	4.20999	2.0502	0.486986	8.89842	0.489752	0.489331	0.350095	0.0521371
20224	0.000723276	0.00143213	3.86029	1.92533	0.498754	0.854474	2.9277	4.03985	1.96941	0.487497	11.748	0.364445	0.492997	0.354808	0.0526248
20225	0.0185822	0.0217999	4.34684	2.14265	0.492921	1.01886	3.01446	3.85197	1.82911	0.474851	8.95108	0.500276	0.484432	0.36062	0.0527839
20226	-0.0136129	0.0281264	4.04262	1.96918	0.487105	0.908726	2.91868	3.97866	1.8724	0.47061	9.82158	0.425355	0.478923	0.352338	0.0529087
20227	0.0727009	0.0367382	4.11602	2.05969	0.500408	0.880998	2.90712	3.66504	1.93124	0.526936	12.6107	0.326672	0.512903	0.340531	0.0531868
20228	-0.0410638	-0.0184135	3.8858	1.97501	0.508265	0.864342	2.87935	3.77005	1.90454	0.505178	10.2433	0.40988	0.506745	0.351231	0.053287
20229	-0.0311832	-0.0623765	4.0207	1.93788	0.481975	0.911845	2.84817	4.04247	1.9274	0.476787	9.52574	0.444651	0.479374	0.354081	0.0535421
20230	-0.0338229	-0.0288801	3.6373	1.92654	0.529663	0.871654	2.88882	4.15209	2.02547	0.48782	10.3831	0.409945	0.507359	0.350138	0.0535836
20231	-0.00676974	0.00966874	3.80446	1.84098	0.483899	0.833487	2.863	3.83111	2.01634	0.526308	11.5313	0.353016	0.505177	0.345519	0.0540824
20232	0.00517171	-0.0159158	3.83841	1.77309	0.461934	0.905632	2.83852	3.81315	1.87131	0.490752	10.0487	0.405414	0.476295	0.358647	0.0540846
20233	-0.0735125	-0.0332072	3.844	1.7958	0.46717	0.812852	2.84617	3.90465	1.88912	0.483812	10.5529	0.392821	0.475556	0.360109	0.0543987
20234	0.0120338	0.028825	3.60401	1.83556	0.50931	0.666008	2.7814	3.61008	1.92423	0.533017	17.7157	0.213841	0.521173	0.335128	0.0543922
20235	0.0572432	0.0695454	3.9362	1.92613	0.489337	0.806324	2.8126	3.81905	2.00029	0.523766	13.4095	0.280561	0.506292	0.324016	0.054399
20236	0.0862091	0.08211	4.02832	1.94686	0.483294	0.922277	2.86869	3.81904	1.92517	0.504097	11.1086	0.349505	0.493418	0.334046	0.0549463
20237	0.00774066	0.0202932	3.79792	1.85618	0.488736	0.938069	2.92676	4.09037	1.79496	0.438824	9.76019	0.432756	0.462855	0.366571	0.0550833
20238	0.0185376	-0.00442265	3.78417	1.89906	0.501842	0.971228	2.91687	3.63432	1.75448	0.482752	9.40259	0.45381	0.49249	0.368785	0.0554149
20239	-0.126065	-0.0435396	4.1347	1.87979	0.454636	0.954763	2.91772	3.76399	1.88034	0.49956	7.50654	0.584095	0.476044	0.368417	0.055625
20240	-0.000919595	-0.0411299	4.46011	2.07554	0.465356	0.959203	2.93068	4.34231	1.92078	0.442339	9.58052	0.460918	0.454002	0.355987	0.0559927
20241	-0.0454646	-0.0859728	4.12205	2.02769	0.491912	0.919598	2.9361	3.70273	1.86205	0.502886	9.80612	0.465673	0.497105	0.369991	0.0562072
20242	-0.0108972	-0.0566551	4.01489	2.09295	0.521297	0.957572	2.97264	3.95786	1.82969	0.462292	9.7839	0.468966	0.492006	0.369142	0.056043
20243	-0.0645101	-0.0455877	3.86674	2.04428	0.528683	1.06864	3.01599	3.96091	1.99161	0.502816	7.29984	0.642017	0.515594	0.367452	0.0562362
20244	-0.1818	-0.112801	4.11327	2.03226	0.494073	1.06767	3.02506	3.97626	1.99493	0.50171	6.3069	0.780588	0.497827	0.379475	0.0567299
20245	-0.0207833	-0.100106	3.70678	1.77915	0.479973	1.05169	3.05702	3.78728	1.95833	0.517082	8.66582	0.575101	0.498727	0.40014	0.0569873
20246	-0.0411244	-0.0433499	3.99238	1.87486	0.469609	1.04624	3.02776	3.79834	1.80545	0.475326	7.97697	0.591185	0.472396	0.390619	0.057325
20247	-0.0433078	-0.0386697	4.00115	1.85105	0.462629	1.01296	3.0148	3.98968	2.02891	0.508539	8.35683	0.557847	0.485551	0.375413	0.0575257
20248	-0.0461346	-0.05555	3.90474	1.94078	0.497033	0.990104	2.9902	3.85913	1.93713	0.501962	8.63909	0.536895	0.499483	0.37435	0.0576267
20249	-0.0806443	-0.0708638	4.00186	1.95453	0.488407	0.998647	3.03927	3.84285	1.84905	0.481166	8.30389	0.582435	0.48486	0.388789	0.0577393
20250	-0.0787855	-0.0545704	4.27672	2.14325	0.501143	0.99025	3.03859	4.17544	1.96788	0.4713	8.37182	0.571418	0.4864	0.36793	0.0581738
20251	-0.0544075	-0.0506048	4.01393	1.92175	0.47877	1.03809	3.05012	4.14022	2.05521	0.4964	8.05533	0.596779	0.487721	0.376827	0.0585193
20252	-0.00566825	-0.00266585	3.9295	1.99773	0.508394	1.08965	3.08372	4.05837	1.94259	0.478662	7.93996	0.599861	0.493288	0.376822	0.0588777
20253	0.0720727	0.0509126	3.99603	2.06305	0.516275	1.11576	3.07983	4.02074	1.97244	0.490568	8.42234	0.544643	0.503382	0.362504	0.0589534
20254	0.120385	0.102084	3.71474	1.91037	0.514267	1.07421	3.06934	4.0955	1.93938	0.473538	9.67777	0.454887	0.49291	0.363888	0.0593792
20255	0.0566358	0.0888786	3.87132	1.88326	0.486465	1.10748	3.09503	3.72912	1.88363	0.505113	8.18369	0.552133	0.495615	0.375025	0.0593086
20256	0.103217	0.134872	3.64242	1.9084	0.523937	1.04592	3.01179	3.71607	1.81288	0.48785	9.31321	0.444349	0.505713	0.357455	0.0593795
20257	0.114996	0.169743	3.90369	1.82951	0.468662	1.03239	3.00152	3.60188	1.83406	0.509195	9.52811	0.420804	0.488113	0.353789	0.059469
20258	0.148531	0.130895	3.91846	1.88359	0.480698	0.975761	3.02122	3.6222	1.68144	0.464204	12.2079	0.342155	0.472775	0.369531	0.0599223
20259	0.239168	0.22529	4.01303	2.0456	0.509739	1.12982	3.08572	3.73005	1.86774	0.500727	10.3144	0.396632	0.505398	0.343387	0.0601325
20260	0.0996116	0.144772	4.26075	2.01776	0.473569	1.0383	3.04652	3.83793	1.83923	0.479225	9.55594	0.440572	0.476249	0.353188	0.0606263
20261	0.184841	0.183989	4.2073	2.05555	0.488567	1.00283	3.06989	3.99423	1.96035	0.490794	12.447	0.334557	0.489652	0.341554	0.0607187
20262	0.214778	0.182843	3.60383	1.75681	0.487483	1.00106	3.04997	3.54125	1.91095	0.539627	13.2966	0.309116	0.513327	0.359219	0.0611671
20263	0.17873	0.223699	3.7944	1.81873	0.479321	1.13438	3.05642	3.95097	1.93412	0.489531	8.78637	0.456635	0.484529	0.348456	0.0613362
20264	0.230429	0.200998	3.82072	1.76059	0.4608	0.992582	3.02132	4.11283	2.06049	0.500991	13.6935	0.290438	0.481636	0.342399	0.0616438
20265	0.204547	0.252167	3.95433	1.85553	0.469241	0.94289	2.94971	3.87496	1.93034	0.498158	13.3481	0.272575	0.483553	0.324671	0.0618279
20266	0.256643	0.268859	3.81379	1.96801	0.516027	0.979723	3.03301	4.36945	2.18441	0.499928	14.6134	0.261422	0.507431	0.315178	0.0619325
20267	0.311109	0.318648	4.2775	1.86256	0.435432	1.14567	3.11204	4.12877	2.18095	0.528233	11.2033	0.348247	0.481012	0.325548	0.0622379
20268	0.273375	0.305014	3.51375	1.78212	0.507184	1.11711	3.18338	3.78046	2.05875	0.544575	11.638	0.355946	0.526563	0.350453	0.0623916
20269	0.316136	0.284781	3.81213	1.88076	0.493361	1.2032	3.25173	4.1176	2.05698	0.499557	11.1868	0.393445	0.496578	0.358627	0.0626115
20270	0.211263	0.216867	3.94086	2.00764	0.509441	1.28306	3.29112	4.0903	2.06682	0.505297	8.22722	0.574375	0.507331	0.367163	0.0628053
20271	0.349197	0.312362	4.30587	1.97456	0.458574	1.24604	3.24549	4.03732	2.02888	0.502531	10.6961	0.402167	0.479845	0.349598	0.0630604
20272	0.237772	0.269877	3.81095	1.95589	0.513227	1.18467	3.27625	3.79188	1.8828	0.496535	10.0805	0.448304	0.504902	0.370644	0.0633087
20273	0.351885	0.319475	4.28775	2.02598	0.472505	1.22725	3.19667	3.7568	1.92439	0.512242	10.8034	0.383133	0.491062	0.343898	0.0633536
20274	0.45233	0.356931	3.86893	2.04818	0.529391	1.23476	3.20634	4.02062	1.91894	0.477276	13.2622	0.306099	0.502832	0.338583	0.0635591
20275	0.344612	0.357322	4.12383	2.13347	0.517351	1.2324	3.24209	4.02164	2.12897	0.529378	10.5585	0.394083	0.523289	0.32811	0.063943
20276	0.447892	0.37852	4.23616	2.19926	0.519163	1.22916	3.16764	4.35194	2.03556	0.467737	12.745	0.305186	0.493103	0.31482	0.0640444
20277	0.256191	0.335417	4.1146	1.93639	0.470615	1.24169	3.248	3.98866	1.88956	0.473733	8.73457	0.485608	0.47215	0.356745	0.0642244
20278	0.271954	0.256212	3.8444	1.93876	0.504307	1.15639	3.17387	3.98608	1.89847	0.476276	10.8827	0.391114	0.490038	0.356869	0.06433
20279	0.33722	0.288802	3.96322	1.97717	0.498879	1.26648	3.19932	4.05131	2.06074	0.50866	9.8099	0.431765	0.503823	0.34415	0.0643839
20280	0.304934	0.261554	3.98269	2.0854	0.523617	1.22555	3.21001	4.13921	2.09249	0.505529	10.2574	0.423762	0.514398	0.342306	0.0645509
20281	0.275217	0.264327	3.85112	1.98962	0.516634	1.19651	3.18432	4.04819	2.11454	0.522341	10.0455	0.424386	0.519559	0.341947	0.0648025
20282	0.303702	0.244292	3.88505	1.90209	0.489592	1.17627	3.1822	4.1967	1.99096	0.47441	11.3365	0.380684	0.481708	0.356728	0.065238
20283	0.22044	0.244397	3.76102	1.85836	0.494112	1.1786	3.19045	4.0594	2.06549	0.508817	9.45373	0.459037	0.501745	0.35619	0.0658997
20284	0.256265	0.198303	3.70059	1.83368	0.495508	1.13232	3.17187	4.23348	2.23038	0.526844	11.5211	0.383735	0.512229	0.352412	0.0661806
20285	0.218935	0.210115	3.91146	1.92944	0.493279	1.18103	3.21899	4.32103	1.9475	0.450702	9.78077	0.462814	0.470932	0.368722	0.0662551
20286	0.268436	0.248639	3.86825	2.02357	0.523122	1.18966	3.20234	3.93103	2.09839	0.533801	10.2802	0.424331	0.528505	0.346151	0.0661601
20287	0.285365	0.303537	3.58592	1.82888	0.510015	1.2172	3.2542	3.99422	2.02061	0.505882	10.0268	0.434159	0.507837	0.361313	0.0665381
20288	0.281166	0.285525	3.76362	1.84572	0.490412	1.17574	3.23388	4.04204	2.04246	0.505304	10.8623	0.400136	0.498124	0.358647	0.0666045
20289	0.264475	0.23706	3.92354	1.85848	0.473675	1.29856	3.25939	4.0135	1.95542	0.487209	8.54225	0.534665	0.480519	0.374633	0.0668321
20290	0.268626	0.263162	4.06725	1.96767	0.483783	1.33628	3.29956	3.96072	2.02878	0.512224	8.0883	0.569942	0.497815	0.365898	0.0674369
20291	0.246775	0.244822	4.32661	1.90429	0.440134	1.40109	3.38256	4.33132	2.25926	0.521609	7.38893	0.666225	0.480894	0.371647	0.0676231
20292	0.215774	0.196455	3.49103	1.83015	0.524243	1.42606	3.37482	4.02	2.10815	0.524414	6.89652	0.7324	0.524335	0.390835	0.0681563
20293	0.0944235	0.0575666	3.90588	1.84872	0.473317	1.24169	3.25661	3.90632	1.90071	0.486574	7.77517	0.658114	0.479946	0.405719	0.0683075
20294	0.0804214	0.0536314	3.79499	1.79312	0.472496	1.33187	3.30713	4.01022	1.97232	0.491825	6.75885	0.783064	0.482427	0.412849	0.0683179
20295	0.0804819	0.0761874	3.9626	1.80197	0.454746	1.26808	3.26015	4.14865	2.05146	0.494489	7.18783	0.705193	0.475073	0.396874	0.0682908
20296	0.0653957	0.11011	3.91285	1.94501	0.497083	1.19489	3.28722	3.96637	1.91117	0.481844	7.91215	0.637882	0.489412	0.395673	0.0684995
20297	0.0824765	0.102928	3.72565	1.97951	0.53132	1.29421	3.29407	4.00283	1.92139	0.480007	6.93553	0.734145	0.504743	0.395023	0.0688887
20298	0.113965	0.0749058	4.04807	1.82624	0.451137	1.25862	3.24432	4.10009	2.02868	0.49479	7.66669	0.655118	0.473103	0.394592	0.0692029
20299	0.103374	0.0840675	4.12121	1.85432	0.449946	1.27031	3.24247	4.16428	2.06787	0.496573	7.32556	0.68087	0.473381	0.388812	0.0693928
20300	-0.0257216	-0.00880626	3.96049	1.90164	0.480153	1.28353	3.27965	3.83245	1.84588	0.481644	6.30867	0.857069	0.480886	0.419201	0.0700226
20301	0.0478537	0.0118331	3.87843	1.86976	0.482091	1.35024	3.31032	3.76856	1.97784	0.524825	6.41428	0.848111	0.503151	0.414277	0.0703786
20302	0.114781	0.0343618	4.16064	1.94188	0.466727	1.30146	3.32423	4.21147	2.15506	0.511713	7.68582	0.704106	0.489357	0.397872	0.0702483
20303	0.0705106	0.0903985	3.58109	1.85276	0.517374	1.38369	3.32412	4.23877	2.13381	0.503402	6.06393	0.862224	0.509801	0.396167	0.0702002
20304	0.17211	0.0821166	4.04434	1.76375	0.436104	1.34504	3.32464	4.15342	2.12071	0.510595	7.64228	0.687881	0.473845	0.403699	0.0705856
20305	0.0410384	0.0828502	3.97649	1.89783	0.477262	1.39109	3.36569	3.92201	2.02075	0.515233	5.91285	0.911323	0.496117	0.40755	0.0709472
20306	0.0445888	0.111917	4.32054	2.01923	0.467356	1.39888	3.43772	4.26558	1.98069	0.464343	6.03073	0.917049	0.465859	0.408868	0.0713765
20307	0.157716	0.184727	3.80099	1.87533	0.493379	1.4706	3.3958	3.99301	1.90527	0.477151	5.98201	0.861835	0.485065	0.405533	0.0713723
20308	0.134978	0.17538	3.8222	1.84054	0.48154	1.43006	3.42271	3.81632	1.97684	0.517995	6.28719	0.838621	0.499753	0.408615	0.0713634
20309	0.288058	0.208778	3.72762	1.78028	0.47759	1.35831	3.35134	3.86615	1.87393	0.484701	8.62173	0.572722	0.48121	0.403333	0.0713727
20310	0.224793	0.199185	3.90804	1.75475	0.449011	1.33563	3.25986	3.64328	1.97515	0.542135	7.59163	0.616979	0.49394	0.385824	0.0713301
20311	0.100804	0.149317	3.8235	1.86625	0.4881	1.40877	3.26733	4.22659	2.01885	0.477656	5.68284	0.855384	0.482616	0.384959	0.0711705
20312	0.0923602	0.105955	4.07624	1.79937	0.441428	1.28792	3.29193	3.96645	1.99818	0.503769	7.10139	0.714679	0.472173	0.40068	0.0717585
20313	0.0759666	0.100512	3.75894	1.78495	0.474855	1.34422	3.26381	4.02028	1.96834	0.489602	6.22106	0.804238	0.482477	0.400064	0.0719416
20314	0.153699	0.129111	3.82714	1.88005	0.491243	1.32423	3.27645	4.19972	1.89143	0.45037	7.22971	0.685071	0.469857	0.396481	0.0723815
20315	0.0781081	0.0417925	4.17583	2.02304	0.484463	1.20789	3.27138	3.87184	1.83956	0.475114	8.17152	0.638205	0.479965	0.403133	0.0728069
20316	0.123508	0.082734	3.86934	1.82295	0.471127	1.24614	3.26223	3.99075	1.8869	0.472818	8.02117	0.630156	0.471986	0.405321	0.0734
20317	0.0656247	0.0848877	3.95267	1.8435	0.466393	1.28426	3.25646	3.99142	1.88799	0.473011	6.77339	0.742531	0.469718	0.40272	0.0736432
20318	0.0413517	0.0767057	3.91437	1.99865	0.510592	1.2621	3.31549	3.8584	1.95449	0.506555	7.03902	0.745113	0.508588	0.398934	0.0744842
20319	0.0558954	0.0322971	4.00066	1.80408	0.450945	1.27927	3.29608	3.62616	1.99672	0.550643	7.11748	0.748317	0.498346	0.412114	0.074822
20320	0.161751	0.152835	3.68894	1.75234	0.475025	1.30014	3.3528	3.75388	1.99035	0.530211	7.90148	0.647963	0.502859	0.406291	0.0749112
20321	0.153625	0.18932	4.01165	1.83142	0.456527	1.37552	3.33561	4.35749	2.17644	0.499471	6.63023	0.746517	0.478886	0.381874	0.0755542
20322	0.169456	0.14898	4.29168	1.86308	0.434114	1.37931	3.31276	3.88538	2.04849	0.527229	6.83825	0.731877	0.478358	0.390266	0.0755951
20323	0.273402	0.182417	3.92714	2.02496	0.515634	1.28189	3.27175	3.93858	1.85847	0.471863	9.38393	0.508529	0.493716	0.380694	0.0760074
20324	0.179146	0.210282	3.83722	1.92025	0.500426	1.24502	3.26819	3.98377	1.92875	0.484151	8.23076	0.568041	0.492136	0.377977	0.0761415
20325	0.299019	0.303702	3.89138	1.86871	0.480219	1.34977	3.31706	3.92643	1.9105	0.486574	8.22439	0.552037	0.483411	0.375381	0.07637
20326	0.28685	0.25355	3.84463	1.88534	0.490383	1.22555	3.21759	3.76474	1.98733	0.52788	9.97052	0.440576	0.508934	0.362015	0.0767779
20327	0.29086	0.29369	3.9181	1.95662	0.499379	1.3145	3.28053	4.12639	1.97968	0.479761	8.51386	0.523922	0.489316	0.36179	0.0769666
20328	0.257636	0.22077	3.98259	1.98898	0.49942	1.25069	3.25803	4.1619	1.8868	0.45335	9.35447	0.493078	0.475878	0.373173	0.0773174
20329	0.228282	0.209357	4.09644	2.03778	0.497451	1.25913	3.26213	3.77825	1.92502	0.509501	8.77001	0.531323	0.503233	0.370367	0.0777428
20330	0.278258	0.234908	3.77849	2.06034	0.545281	1.21562	3.13618	4.08831	2.06256	0.504501	9.5799	0.439326	0.524088	0.338038	0.0777931
20331	0.381694	0.349262	3.86414	2.02791	0.524802	1.25247	3.16515	4.12304	2.01422	0.488526	10.4573	0.379122	0.506077	0.329155	0.0781893
20332	0.350392	0.380407	3.90062	1.99163	0.510593	1.1781	3.15478	3.86542	1.96732	0.508953	11.2352	0.342547	0.509776	0.32719	0.0784494
20333	0.244956	0.338396	3.99433	1.94851	0.487818	1.20147	3.17711	4.02852	1.8163	0.45086	8.80762	0.457461	0.469261	0.348693	0.0789301
20334	0.355432	0.331663	4.18854	1.95682	0.467185	1.11015	3.14783	3.70422	1.82885	0.493721	13.9235	0.284799	0.479639	0.343832	0.0790503
20335	0.310437	0.29365	4.03235	1.94016	0.481148	1.17263	3.20106	4.35798	2.0928	0.480222	11.3711	0.371689	0.480667	0.343944	0.0788025
20336	0.2595	0.26676	3.65938	1.89192	0.517004	1.15627	3.12443	4.07599	1.99443	0.489312	10.1545	0.4021	0.502413	0.344512	0.0787984
20337	0.135808	0.221656	4.0621	2.01679	0.49649	1.05511	3.11346	4.2576	1.91222	0.449132	9.89503	0.422561	0.472254	0.347414	0.0792933
20338	0.162953	0.158365	4.06364	2.05202	0.504972	1.02847	3.10554	4.09632	1.92453	0.469819	11.5947	0.374561	0.487325	0.353311	0.0794771
20339	0.134872	0.17009	4.20247	2.06439	0.491232	1.15032	3.15806	4.00113	1.85955	0.464755	8.65841	0.515567	0.478318	0.362692	0.0798782
20340	0.22572	0.211502	4.04179	2.067	0.511408	1.15073	3.16531	4.16406	2.14171	0.514333	10.197	0.42782	0.512892	0.341467	0.079762
20341	0.222646	0.220267	3.97085	1.99225	0.501719	1.07791	3.09373	3.96826	1.85409	0.467231	11.2879	0.365735	0.484481	0.349353	0.0800973
20342	0.0786358	0.175057	4.18032	2.01538	0.482111	1.1416	3.15866	3.73356	1.84869	0.495156	7.87851	0.564947	0.488265	0.365574	0.0802828
20343	0.218784	0.281942	3.89433	2.02141	0.519066	1.24088	3.22243	4.00141	2.00301	0.500575	8.27673	0.522337	0.509695	0.349549	0.0802882
20344	0.270402	0.2628	3.8275	2.02824	0.529913	1.19367	3.15996	3.93403	2.06696	0.525404	9.84654	0.426216	0.527627	0.338911	0.0802452
20345	0.385265	0.317055	4.01906	2.00562	0.499028	1.22012	3.23708	3.8464	1.87053	0.486306	12.2336	0.348488	0.492806	0.354927	0.0802304
20346	0.299645	0.279474	3.82491	1.93115	0.504889	1.17061	3.22567	3.92291	2.01019	0.512423	11.4426	0.379287	0.508704	0.355194	0.0805214
20347	0.337074	0.30569	3.99829	1.93609	0.48423	1.15528	3.24351	3.83186	1.92837	0.503247	12.892	0.334734	0.493536	0.358407	0.0808165
20348	0.314484	0.298742	4.06345	1.87797	0.462162	1.39274	3.2941	4.339	1.97966	0.456248	7.71705	0.581321	0.459108	0.367788	0.0807262
20349	0.293353	0.324589	3.8596	1.90414	0.493352	1.35133	3.34231	4.12367	1.95251	0.473489	8.13592	0.559657	0.483092	0.371313	0.0811062
20350	0.235459	0.271226	3.9996	1.95506	0.488814	1.39266	3.33131	3.99236	2.07463	0.51965	6.99277	0.669558	0.504218	0.367583	0.0812902
20351	0.270414	0.285137	3.88637	1.84898	0.475761	1.29573	3.28453	4.29151	1.94512	0.45325	8.55754	0.525641	0.463948	0.372286	0.0814373
20352	0.310067	0.272768	3.73985	1.8037	0.482293	1.20132	3.24181	4.12968	2.0219	0.489602	11.0976	0.397167	0.486128	0.365625	0.0821031
20353	0.314528	0.333484	4.0851	1.87265	0.45841	1.13087	3.19158	4.18923	1.90663	0.455128	12.2576	0.33321	0.456748	0.350916	0.0822506
20354	0.241547	0.293407	3.70834	1.7416	0.469644	1.23767	3.17859	3.90341	1.83959	0.471277	8.38929	0.496125	0.470481	0.36765	0.0825696
20355	0.258915	0.240493	4.01597	1.90444	0.474216	1.25429	3.1829	3.96507	1.83587	0.463011	8.73841	0.495384	0.46865	0.366674	0.0827301
20356	0.166429	0.180748	3.67821	1.79694	0.488537	1.13178	3.18979	4.15453	1.95734	0.471135	9.716	0.465948	0.479307	0.37626	0.0828468
20357	0.175294	0.130469	3.79778	1.8599	0.489733	1.18436	3.16059	4.062	2.11627	0.520994	9.01742	0.509106	0.505889	0.366118	0.0830842
20358	0.131746	0.141388	3.73426	1.8601	0.498117	1.1653	3.15782	3.82564	1.96027	0.512403	8.51772	0.534112	0.505346	0.373322	0.0831439
20359	0.0438088	0.102572	3.88159	1.95478	0.503602	1.06301	3.07523	4.25471	2.00713	0.471743	8.50682	0.519388	0.486942	0.358103	0.0836509
20360	0.0638447	0.0319768	3.89241	1.8964	0.487204	1.0391	3.04762	3.93253	1.91724	0.487534	9.56138	0.475565	0.48737	0.373612	0.0841261
20361	0.00796261	0.0678249	3.74479	1.91495	0.511364	1.02977	3.01993	3.87446	2.07743	0.536187	8.34694	0.522044	0.523987	0.353168	0.0843579
20362	0.208506	0.143176	3.99562	1.80985	0.452958	1.07146	3.02029	3.85674	2.03802	0.52843	11.1156	0.372349	0.490027	0.349841	0.0846019
20363	0.140115	0.14033	4.12045	1.94333	0.471629	0.932487	3.03379	3.83631	2.03921	0.531554	13.3345	0.313927	0.500522	0.344613	0.0850062
20364	0.130481	0.13203	4.2914	1.85387	0.431997	1.12571	3.13991	3.94517	1.99125	0.504731	9.13433	0.495239	0.466835	0.370487	0.0850139
20365	0.0901079	0.131485	4.07484	1.90204	0.466777	1.15952	3.12976	4.05687	2.11098	0.520347	7.86057	0.571819	0.493503	0.359102	0.0849674
20366	0.220477	0.145642	3.92317	1.85356	0.472463	1.10054	3.12576	3.97398	1.98633	0.499834	11.4668	0.387255	0.486237	0.366489	0.0854732
20367	0.171422	0.205774	4.07656	1.9201	0.471011	1.14415	3.16414	3.98953	1.97653	0.495431	9.24959	0.473099	0.483089	0.359708	0.0854721
20368	0.234657	0.21629	3.94893	1.84845	0.468089	1.15605	3.15229	4.06087	1.88623	0.464488	10.1536	0.424483	0.466263	0.366013	0.0856063
20369	0.254776	0.258059	4.08996	1.93718	0.473643	1.19146	3.15064	3.9365	1.89624	0.481709	9.53642	0.438687	0.477599	0.353142	0.0859582
20370	0.292955	0.221872	3.83972	1.76816	0.460491	1.08697	3.13834	3.87312	1.86786	0.482261	13.4913	0.315231	0.471424	0.369133	0.086383
20371	0.170453	0.198254	3.97742	2.04939	0.515255	1.20592	3.11389	3.81091	1.7824	0.46771	7.92854	0.536096	0.49199	0.356875	0.0861515
20372	0.241283	0.274711	4.21661	2.1123	0.500949	1.1023	3.13574	3.6397	1.79982	0.494497	11.0413	0.370676	0.49796	0.34355	0.0863284
20373	0.328407	0.305687	4.07327	1.98328	0.4869	0.988087	3.04438	3.59453	1.73093	0.481546	17.2353	0.217589	0.48439	0.335592	0.0868582
20374	0.224902	0.289754	3.98996	2.11019	0.528875	1.14038	3.09167	3.46939	1.82678	0.526543	9.36743	0.419046	0.52779	0.33279	0.0871481
20375	0.249934	0.230729	3.88383	2.00746	0.516876	1.15477	3.04749	4.08349	1.78059	0.436046	9.69092	0.409361	0.475449	0.343786	0.0872768
20376	0.226543	0.280743	3.88188	1.78461	0.459727	1.03111	3.07574	3.95095	1.87115	0.473595	12.0682	0.323661	0.466722	0.34832	0.0871695
20377	0.327533	0.334145	3.90973	1.91832	0.490652	1.15751	3.12813	4.03278	2.08431	0.516841	11.3321	0.344435	0.503949	0.327876	0.0874887
20378	0.289741	0.354089	4.08538	1.89953	0.464957	1.1103	3.16524	4.29096	2.22808	0.51925	11.7368	0.336659	0.49277	0.323813	0.0877766
20379	0.276858	0.306492	3.94822	1.98024	0.501553	1.10852	3.14571	4.08977	2.11128	0.516235	11.6547	0.345834	0.509023	0.330118	0.0876668
20380	0.262439	0.277598	3.99317	1.94414	0.486866	1.18553	3.16006	3.90793	2.05619	0.52616	9.7507	0.426051	0.506301	0.34189	0.0877627
20381	0.307497	0.30078	3.96356	1.97274	0.497718	1.08917	3.07629	4.19557	2.01178	0.479501	12.6076	0.305508	0.488351	0.325954	0.0876918
20382	0.295263	0.347091	3.88712	2.00704	0.516332	1.01109	3.07896	3.9398	2.08015	0.527983	14.5647	0.256204	0.522197	0.313527	0.0879919
20383	0.385308	0.350215	4.01241	1.95241	0.486593	1.25158	3.19384	3.64242	2.05052	0.562954	10.7754	0.375216	0.522928	0.335668	0.08824
20384	0.265733	0.299141	4.1267	1.97668	0.478998	1.20951	3.14742	4.19482	2.13461	0.508867	9.10802	0.44536	0.494055	0.330461	0.0888134
20385	0.316975	0.301893	3.94124	1.80789	0.458711	1.13718	3.18827	3.97067	2.12024	0.533976	12.3841	0.336366	0.496483	0.346614	0.0894071
20386	0.358062	0.303467	3.9704	1.91775	0.483012	1.29861	3.27589	4.40339	2.08685	0.47392	9.98762	0.442312	0.478231	0.355606	0.0893706
20387	0.255949	0.257982	3.89972	2.0335	0.521448	1.2243	3.21002	3.81974	2.00305	0.524393	9.29349	0.46885	0.522905	0.350648	0.0898936
20388	0.174917	0.247993	3.73207	1.83922	0.492817	1.36736	3.25442	3.89557	1.87239	0.480647	6.35663	0.710957	0.486601	0.378538	0.0899483
20389	0.377384	0.359735	3.89804	1.88085	0.482513	1.26046	3.22991	3.80717	1.84665	0.485046	10.5639	0.38991	0.483764	0.355996	0.0898097
20390	0.39409	0.376635	3.66916	1.92125	0.523621	1.25798	3.22258	3.85168	1.99835	0.518825	10.8528	0.37315	0.521165	0.340741	0.0898941
20391	0.34545	0.335908	4.05593	1.94874	0.480467	1.20085	3.18996	3.5943	1.87699	0.522211	11.1322	0.365856	0.50008	0.347496	0.0903068
20392	0.221748	0.301218	3.9317	1.90857	0.485433	1.31922	3.22994	3.83781	1.88302	0.490651	7.1215	0.60222	0.48801	0.361364	0.090363
20393	0.346468	0.346893	3.73841	2.03103	0.543288	1.17733	3.13411	4.15696	2.1281	0.511938	11.2535	0.345162	0.526782	0.318426	0.0903417
20394	0.408651	0.362886	3.81052	1.96711	0.516233	0.999392	3.07236	4.25307	2.09027	0.491473	21.0366	0.174487	0.503173	0.311562	0.0905705
20395	0.396287	0.373503	3.87824	1.93703	0.49946	0.997298	3.10653	3.81291	1.97659	0.518395	20.6787	0.180607	0.508847	0.323128	0.0906794
20396	0.377848	0.363777	3.82242	1.88971	0.494376	1.16144	3.12661	4.29875	2.07905	0.48364	12.4317	0.307008	0.488693	0.324814	0.0904846
20397	0.298995	0.332688	3.8585	1.98643	0.514819	1.086	3.03306	3.78752	1.93605	0.511165	11.7733	0.309685	0.513009	0.317403	0.0909191
20398	0.232384	0.279052	3.88541	1.87765	0.483256	0.850881	2.89679	3.69167	1.93218	0.52339	17.9134	0.191269	0.50281	0.310291	0.0913409
20399	0.251423	0.304019	4.04354	1.88853	0.46705	0.839534	2.87858	3.90758	2.04451	0.523216	19.1641	0.172937	0.494652	0.296536	0.0915052
20400	0.195504	0.238797	3.88969	1.82413	0.468965	0.913298	2.89234	4.11842	1.96968	0.478262	13.6663	0.257614	0.473746	0.317047	0.0918183
20401	0.258922	0.265785	3.67959	1.9366	0.526309	0.824142	2.85321	4.00669	2.01371	0.502587	20.9557	0.159736	0.513943	0.297702	0.0919924
20402	0.206552	0.255725	3.7532	1.92626	0.51323	0.806253	2.8188	3.86352	1.9861	0.514064	18.2665	0.17982	0.513653	0.295772	0.0923234
20403	0.263929	0.190039	4.02496	1.82575	0.453607	0.919091	2.87642	4.01186	1.95078	0.486253	16.8128	0.214618	0.469903	0.323396	0.0924955
20404	0.162954	0.144723	3.72194	1.91618	0.514834	0.900837	2.8882	3.9757	1.88712	0.474664	13.8238	0.272236	0.494087	0.331101	0.0928522
20405	0.0853009	0.063547	3.81269	1.94769	0.510846	0.903645	2.86523	3.90585	1.92776	0.493558	11.721	0.334844	0.502097	0.336258	0.0929879
20406	0.128958	0.0893228	4.0274	1.93729	0.481027	0.8639	2.86535	3.63303	1.8604	0.512078	14.2672	0.27007	0.495753	0.336675	0.0934265
20407	0.102848	0.0733642	4.09815	1.89978	0.463571	0.905002	2.80823	3.91011	1.86351	0.476589	11.624	0.321726	0.469927	0.33205	0.0937618
20408	0.126439	0.113363	3.79896	1.86519	0.490974	0.750107	2.81848	4.05809	1.99095	0.490611	18.8133	0.194481	0.490787	0.321875	0.0941852
20409	0.0712028	0.111665	3.95378	1.84737	0.467241	0.837413	2.79729	4.05779	1.89874	0.467924	12.2856	0.293539	0.467587	0.325045	0.094178
20410	0.224304	0.198852	4.04274	1.95378	0.483281	0.834299	2.8429	3.85375	1.81307	0.470468	18.7883	0.186047	0.477028	0.31704	0.0940677
20411	0.250798	0.236877	3.75836	1.97492	0.525474	0.884373	2.84198	3.93687	1.9241	0.488737	16.9064	0.200709	0.50668	0.303312	0.0945686
20412	0.152236	0.209049	3.48127	1.86569	0.535922	0.848402	2.87347	3.86404	1.90342	0.492597	14.648	0.242324	0.513131	0.320242	0.0946162
20413	0.151783	0.261329	3.91079	1.78801	0.4572	0.915045	2.90568	3.91425	1.94959	0.498075	12.003	0.291285	0.477646	0.318779	0.0950656
20414	0.183282	0.262889	3.6115	1.75949	0.487191	0.952178	2.9431	3.9407	1.87537	0.475898	12.1508	0.2956	0.481299	0.330799	0.0952316
20415	0.257687	0.258457	3.71083	1.76171	0.474747	1.10789	3.01976	4.14623	1.84747	0.44558	10.5483	0.361423	0.459355	0.345728	0.0957082
20416	0.174493	0.21047	3.87532	1.88897	0.487437	1.01855	2.96059	4.40345	2.12926	0.483545	10.6159	0.356219	0.485367	0.320092	0.0963222
20417	0.110272	0.149386	4.11593	1.96564	0.477571	0.940476	2.95067	4.17562	2.15985	0.517253	11.3853	0.34462	0.497555	0.322387	0.0963319
20418	0.0468616	0.0927277	4.01341	2.08822	0.520311	1.10518	3.02457	4.15579	2.05298	0.494006	7.67441	0.560023	0.506929	0.341747	0.0964538
20419	0.159382	0.14525	4.1536	2.07504	0.499576	0.994233	2.96464	3.92733	2.07444	0.528207	11.4049	0.348488	0.51349	0.323937	0.0968548
20420	0.16364	0.0760591	4.36373	2.16898	0.497047	1.0093	3.03182	3.93656	2.11966	0.538453	12.2165	0.357572	0.516685	0.337546	0.096741
20421	0.112912	0.0678658	4.10088	1.9487	0.47519	1.06347	3.08314	3.96106	2.03572	0.513934	10.0624	0.451776	0.494226	0.363362	0.0974649
20422	-0.0400257	0.00850411	3.74983	1.84615	0.49233	1.14047	3.14336	3.67983	1.87387	0.509227	7.05184	0.696789	0.500698	0.397867	0.0981892
20423	0.01133	0.000912348	3.92364	1.9898	0.507131	1.15692	3.14504	3.97487	1.99823	0.502715	7.53249	0.656193	0.504909	0.38272	0.0979786
20424	0.0338968	-0.0434899	3.83901	1.99966	0.520878	0.970827	3.04258	4.10055	1.90043	0.463457	10.8492	0.43892	0.491222	0.379188	0.0984748
20425	-0.0302816	-0.00395021	4.08388	2.00534	0.491039	1.03136	3.06006	4.17731	1.82935	0.437927	8.32961	0.563542	0.464183	0.379791	0.0986925
20426	-0.0471007	-0.00585056	4.16953	1.92622	0.461976	1.09357	3.06941	3.9711	1.82697	0.460066	7.26853	0.65056	0.461044	0.386601	0.0989176
20427	0.0303958	-0.0172524	3.87898	1.82836	0.471351	1.00304	3.04266	3.93507	2.1035	0.534552	9.89714	0.473018	0.503178	0.373288	0.0990446
20428	0.0448246	0.00506423	3.82537	1.94708	0.508992	1.11054	3.04776	3.94392	1.87403	0.475169	8.1515	0.567872	0.491822	0.377342	0.0989606
20429	0.0701484	0.0782454	3.89076	1.87871	0.482865	1.07625	3.08638	3.80829	1.80443	0.473818	8.93953	0.506117	0.47839	0.38062	0.0988572
20430	0.0771412	0.0905784	3.70016	1.89236	0.511427	1.10068	3.11212	4.02072	2.05536	0.511193	8.71462	0.523816	0.511305	0.366468	0.0989495
20431	0.140204	0.121912	4.13719	1.99088	0.481217	1.1803	3.16609	4.33817	2.05433	0.473547	8.56625	0.540902	0.477291	0.364273	0.0988977
20432	0.0323285	0.0532879	4.0242	2.01333	0.500304	1.09656	3.14441	3.95366	1.90866	0.482759	8.43647	0.566294	0.491609	0.37864	0.0990334
20433	-0.056665	0.0261894	3.96676	2.03429	0.512834	1.18687	3.23092	3.67817	1.95298	0.530966	6.64148	0.773194	0.521558	0.391825	0.0989913
20434	0.0124219	-0.00765874	3.97394	1.9661	0.494749	1.15061	3.20924	3.67037	1.90402	0.518755	7.98814	0.647739	0.506275	0.400774	0.0993566
20435	-0.0443773	0.0414473	3.97341	1.92552	0.484602	1.14383	3.18672	3.82365	1.87536	0.490464	7.00695	0.705921	0.487477	0.39431	0.0992113
20436	0.023727	0.0348744	3.71936	1.86207	0.500642	1.15136	3.15814	3.97904	2.11781	0.532241	7.67155	0.635777	0.516974	0.380062	0.0991739
20437	0.0950742	0.0219132	3.85398	2.02125	0.524457	1.23591	3.19029	4.13726	2.14545	0.518567	7.71306	0.650756	0.521408	0.37602	0.0995117
20438	0.00319956	0.0234525	3.75263	1.97787	0.527062	1.05467	3.15289	4.08058	2.033	0.498214	8.85802	0.552796	0.512034	0.379164	0.0995131
20439	-0.0691918	-0.0203818	4.13028	1.93252	0.467892	1.20246	3.13933	4.0942	2.20096	0.53758	6.17392	0.808547	0.502583	0.376613	0.0998752
20440	-0.0291479	0.0114896	3.8583	2.10499	0.545574	1.2531	3.20036	4.32899	2.1369	0.493625	6.18483	0.822081	0.518106	0.374849	0.100106
20441	-0.0756956	-0.0618541	4.21949	2.06331	0.488996	1.26588	3.19543	4.04499	2.08685	0.51591	5.89497	0.899914	0.502169	0.390038	0.100302
20442	-0.0343347	-0.0154604	3.91134	2.09929	0.536721	1.33174	3.29031	4.15657	2.11846	0.509664	5.85596	0.933075	0.522781	0.393229	0.100917
20443	-0.0268367	-0.0616368	3.83619	1.98449	0.517308	1.21781	3.28548	3.83089	1.96918	0.514028	7.23187	0.774573	0.515669	0.41478	0.101073
20444	-0.012137	-0.0327424	4.19358	2.03639	0.485597	1.18243	3.2229	3.72471	1.83574	0.492856	7.42765	0.713498	0.489011	0.406412	0.101239
20445	0.0355998	0.0227392	3.79369	1.96923	0.51908	1.37186	3.29564	3.72971	1.89679	0.508563	5.99911	0.892789	0.513866	0.409347	0.101317
20446	0.0438233	0.0144382	4.18508	2.07565	0.495964	1.26354	3.31768	4.07104	1.8788	0.461503	7.33438	0.743855	0.478971	0.408342	0.101352
20447	-0.0144786	-0.00609247	3.83363	2.04279	0.532861	1.21606	3.27433	4.16443	2.02197	0.485534	7.10672	0.757111	0.508219	0.398383	0.101276
20448	0.000448626	0.00304293	3.91974	1.91702	0.489069	1.26654	3.2948	4.19311	2.10819	0.502776	6.75968	0.801494	0.496153	0.402388	0.101526
20449	0.0427522	0.0462884	4.10239	1.95041	0.475433	1.33613	3.33761	4.13535	2.12543	0.513966	6.47577	0.836412	0.494776	0.399322	0.101404
20450	0.0409019	0.0680599	4.03281	1.95354	0.484411	1.34135	3.35052	4.29118	2.05373	0.478594	6.37108	0.845584	0.481412	0.402102	0.101827
20451	0.0422531	-0.0192782	3.57364	1.85514	0.519118	1.28441	3.33261	3.78759	1.9567	0.516606	7.28157	0.771478	0.517826	0.424371	0.10253
20452	0.0113555	-0.0284465	3.85607	1.99631	0.517705	1.20724	3.26401	3.97182	1.89067	0.476021	7.57983	0.715072	0.496555	0.410921	0.103003
20453	-0.0460122	0.00814334	4.1389	1.94775	0.470597	1.24179	3.23757	3.96673	1.96532	0.495451	6.28856	0.829218	0.48276	0.39999	0.103386
20454	-0.104317	-0.0860529	3.83969	1.93543	0.50406	1.0812	3.17115	3.86045	1.9711	0.510587	7.54873	0.702724	0.507333	0.40451	0.103728
20455	-0.107792	-0.0762544	3.90238	2.01855	0.517262	1.10292	3.13072	3.75124	1.84107	0.490791	7.01633	0.732911	0.504288	0.399942	0.103961
20456	-0.0952777	-0.056095	3.74837	2.03169	0.542018	0.993986	3.04974	3.77363	1.87313	0.496372	8.12999	0.593248	0.519119	0.381912	0.104148
20457	0.0497573	0.0291814	4.13335	2.00866	0.485965	1.02442	2.99256	3.82458	1.81131	0.473598	9.24422	0.47498	0.480021	0.365082	0.104431
20458	-0.044939	-0.0443825	4.34953	1.98806	0.457074	0.926827	2.98665	3.48623	1.75565	0.503597	9.72878	0.472165	0.477773	0.38035	0.104529
20459	-0.128277	-0.0589592	4.0709	1.93722	0.47587	0.95511	2.95956	3.98399	1.85978	0.466814	7.76283	0.586863	0.471391	0.375082	0.10469
20460	-0.0343092	-0.00730211	4.19624	2.04144	0.486492	0.902533	2.94497	4.02262	1.85732	0.461718	9.93073	0.438836	0.474366	0.358634	0.104994
20461	0.0637213	0.0326035	3.82226	2.0407	0.533898	0.962128	2.92677	3.7172	1.9179	0.515954	10.3777	0.403567	0.525051	0.346085	0.105102
20462	0.116719	0.0176349	3.91292	2.01394	0.514689	0.83256	2.88579	3.85868	1.95435	0.506481	16.0536	0.256214	0.510614	0.341462	0.104778
20463	-0.0770117	-0.0436936	3.99251	1.89375	0.474324	1.02143	2.95809	4.15866	2.10787	0.506863	7.46793	0.603292	0.490925	0.360296	0.104729
20464	-0.0408279	-0.0569165	3.67139	1.91822	0.522477	0.894972	2.93221	4.1303	1.9589	0.474276	10.2029	0.437861	0.496959	0.36565	0.104926
20465	-0.0842826	-0.0443997	3.66582	1.79768	0.490388	0.961461	2.9314	3.99891	1.99486	0.498851	8.09763	0.546789	0.494804	0.368699	0.104641
20466	-0.0434067	-0.0231097	3.5451	1.87421	0.528675	0.947891	2.91929	3.80087	1.86073	0.489553	8.81042	0.491335	0.508433	0.367009	0.104662
20467	0.0558071	-0.0253435	3.92423	1.95825	0.499016	0.903999	2.88951	3.91523	1.89134	0.483072	11.8098	0.359715	0.491053	0.355689	0.104791
20468	-0.0516085	-0.0686283	4.06169	1.98547	0.488829	0.922309	2.90928	4.02706	1.98445	0.492779	9.34927	0.474258	0.490795	0.35845	0.104492
20469	-0.125762	-0.0847789	4.11798	1.90856	0.463471	0.842292	2.85463	3.99825	1.94475	0.486401	9.21981	0.468564	0.474767	0.359322	0.104738
20470	-0.182084	-0.159408	3.7292	1.81405	0.486445	0.963556	2.89573	3.87028	1.98402	0.512629	7.11155	0.656245	0.49978	0.380685	0.104636
20471	-0.243883	-0.25893	3.69033	2.04532	0.554236	0.776742	2.77857	4.06491	2.09372	0.515072	8.85728	0.520837	0.533708	0.357969	0.104635
20472	-0.285717	-0.25729	3.8538	1.92449	0.499374	0.789664	2.84251	3.95656	1.90044	0.480326	8.30886	0.578222	0.489724	0.385881	0.104895
20473	-0.224223	-0.263668	3.8169	1.68905	0.442518	0.928012	2.90326	3.88682	1.85532	0.477336	7.5543	0.663822	0.460085	0.414442	0.104973
20474	-0.229502	-0.244168	3.5721	1.79428	0.502303	0.908713	2.90285	4.08665	2.18619	0.53496	7.64452	0.647767	0.519729	0.383603	0.105416
20475	-0.210544	-0.21523	3.67148	1.61672	0.440345	0.902577	2.94387	4.16499	2.03496	0.488586	8.05454	0.61952	0.465985	0.406029	0.10568
20476	-0.30938	-0.285077	3.85535	1.78262	0.462376	1.03989	2.98752	4.24325	2.03328	0.479179	5.88286	0.910263	0.47118	0.412461	0.105636
20477	-0.181453	-0.266232	3.94127	1.93574	0.491145	1.02092	3.00195	4.02195	2.07473	0.515852	7.38805	0.722855	0.503623	0.399815	0.105674
20478	-0.216303	-0.200757	4.04289	1.91737	0.474257	0.965665	3.02053	4.21112	2.1176	0.502859	7.42757	0.698524	0.488849	0.391448	0.105861
20479	-0.248205	-0.211525	4.09712	1.96225	0.478934	0.945031	3.01075	4.13162	2.00053	0.4842	7.29244	0.711907	0.481578	0.395904	0.106166
20480	-0.122574	-0.15531	3.7518	1.86021	0.495817	1.04578	3.04839	4.09222	1.96957	0.481296	7.51887	0.682529	0.488242	0.401315	0.106504
20481	-0.0746708	-0.109058	4.02454	1.87629	0.466212	1.15479	3.10411	4.29046	2.09276	0.48777	6.83031	0.755782	0.477335	0.394173	0.107031
20482	-0.127042	-0.096786	4.13755	1.95519	0.472548	1.21348	3.14714	3.79371	1.9493	0.513826	5.85591	0.898497	0.492292	0.402669	0.107191
20483	-0.14069	-0.119132	4.34173	2.05878	0.474184	1.1307	3.1455	3.83888	1.88546	0.491149	6.59343	0.808217	0.482145	0.403295	0.107279
20484	-0.191714	-0.156614	3.86524	1.96032	0.507166	1.09537	3.13878	3.85799	1.91736	0.496985	6.55539	0.828295	0.50208	0.411933	0.107454
20485	-0.130535	-0.122011	3.80467	2.07354	0.544999	1.06997	3.06567	3.90528	2.03327	0.520646	7.05052	0.720607	0.532663	0.382287	0.107976
20486	-0.0869888	-0.0965386	3.92356	2.01036	0.512382	0.961417	3.04617	3.81149	1.88056	0.493392	8.98566	0.549577	0.503025	0.388346	0.10824
20487	-0.0813282	-0.130173	3.88854	1.82173	0.468488	1.08476	3.05013	4.05455	1.89384	0.467091	7.43837	0.679877	0.467775	0.405073	0.108396
20488	-6.69124e-05	-0.067718	4.15176	2.01712	0.485847	0.925494	3.01079	3.95896	1.92106	0.485244	11.0629	0.428331	0.485553	0.37575	0.108543
20489	-0.129143	-0.0335226	3.65741	1.94672	0.532267	0.941066	2.94091	4.05239	1.88633	0.465486	7.7245	0.572674	0.497166	0.366015	0.108963
20490	-0.0463325	-0.0385922	3.79037	1.98066	0.522549	0.952157	2.96478	3.69181	1.89421	0.513085	9.04755	0.49849	0.51788	0.367993	0.109077
20491	-0.182604	-0.126342	4.11286	2.04829	0.498021	1.03961	2.95432	4.05557	1.99342	0.491526	6.35316	0.746909	0.494796	0.37001	0.108967
20492	-0.131716	-0.0995465	3.88422	1.985	0.511042	1.03942	3.02814	3.84633	1.86592	0.485117	7.13235	0.685776	0.498143	0.388524	0.109021
20493	-0.113631	-0.109068	4.04316	1.92712	0.476637	1.03809	2.99944	4.01986	1.97713	0.49184	7.28473	0.663226	0.484217	0.382353	0.108996
20494	-0.0827898	-0.0896253	3.89451	1.94844	0.500304	0.997072	3.01525	3.76464	1.8085	0.480392	8.26705	0.583051	0.490516	0.390918	0.108922
20495	-0.138796	-0.148432	3.84705	1.87582	0.4876	1.0004	2.99062	4.02743	1.8767	0.465981	7.59278	0.648884	0.476543	0.396426	0.108724
20496	-0.105265	-0.0938028	4.20437	2.0589	0.489706	1.07065	3.05844	3.86278	1.87705	0.485934	7.18603	0.691386	0.4879	0.387053	0.10911
20497	-0.209251	-0.0692798	3.91729	1.90828	0.487142	1.03661	2.98908	3.8953	1.94589	0.499548	6.02611	0.776086	0.493327	0.37773	0.109174
20498	-0.148377	-0.111195	3.95794	1.9913	0.503116	0.920517	2.99787	4.00863	1.85755	0.463388	8.4604	0.571267	0.483126	0.385818	0.109417
20499	-0.0824453	-0.124854	3.81579	1.98129	0.519235	1.07918	3.05096	3.90417	1.89556	0.485521	7.47443	0.674686	0.502185	0.394201	0.109266
20500	-0.195233	-0.141574	3.90087	1.88674	0.48367	1.00397	2.98267	4.09431	1.85265	0.452493	6.78738	0.719046	0.467704	0.395003	0.109752
